2019-07-08 13:18:30,829 - DEBUG - tty.usbmodem0006822145041: Writing: 105 bytearray(b'\x00\x0ff\x84\x83f\xfa\xf8\xd0\xeb\x85\xf1O\t\xd0]90\x98H\xc5\x9bj\xe6\xe0\xf9\xc6\x14\xfa\xd6\xa9\xbc11\xd3c\xb6\x7f\xcf\xe9W$\x07~\xcf>{\xd0\xf4\xddU\xd4\xb2Q+\x8f\x83\xac-r\x1c\x82\xb83\xd2\xcf\x93%\xa28Y\xb5HXlOg\xf2\x00_,AU_\xe3oE\x9e\xeb\x8d\xee\x8b\x9dd\xe0z')
2019-07-08 13:18:30,831 - DEBUG - tty.usbmodem0006822145041: TX: 6169000f66848366faf8d0eb85f14f09d05d39309848c59b6ae6e0f9c614fad6a9bc3131d363b67fcfe95724077ecf3e7bd0f4dd55d4b2512b8f83ac2d721c82b833d2cf9325a23859b548586c4f67f2005f2c41555fe36f459eeb8dee8b9d64e07a
2019-07-08 13:18:30,848 - DEBUG - tty.usbmodem0006822145041: RX: 03845384
2019-07-08 13:18:30,850 - DEBUG - tty.usbmodem0006822145041: parsed_packet {event: CmdRsp, data: {'opcode': 83, 'status': 132, 'data': bytearray(b'')}}
2019-07-08 13:18:30,851 - ERROR - tty.usbmodem0006822145041: None: ERROR_INVALID_LENGTH
2019-07-08 13:18:30,851 - DEBUG - tty.usbmodem0006822145041: Writing: 159 bytearray(b'\x01\x00\x01\x00')
2019-07-08 13:18:30,852 - DEBUG - tty.usbmodem0006822145041: TX: 059f01000100
2019-07-08 13:18:30,852 - DEBUG - tty.usbmodem0006822145041: RX: 03840084
2019-07-08 13:18:30,852 - DEBUG - tty.usbmodem0006822145041: parsed_packet {event: CmdRsp, data: {'opcode': 0, 'status': 132, 'data': bytearray(b'')}}
2019-07-08 13:18:30,852 - ERROR - tty.usbmodem0006822145041: None: ERROR_INVALID_LENGTH
2019-07-08 13:18:30,852 - DEBUG - tty.usbmodem0006822145041: Writing: 146 bytearray(b'\x00\x00\x18\xee\xd9\xc2\xa5j\xdd\x85\x04\x9f\xfc<Y\xad\x0e\x12')
2019-07-08 13:18:30,853 - DEBUG - tty.usbmodem0006822145041: TX: 1392000018eed9c2a56add85049ffc3c59ad0e12
2019-07-08 13:18:30,853 - DEBUG - tty.usbmodem0006822145041: RX: 03840084
2019-07-08 13:18:30,860 - DEBUG - tty.usbmodem0006822145041: parsed_packet {event: CmdRsp, data: {'opcode': 0, 'status': 132, 'data': bytearray(b'')}}
2019-07-08 13:18:30,860 - ERROR - tty.usbmodem0006822145041: None: ERROR_INVALID_LENGTH
2019-07-08 13:18:30,861 - DEBUG - tty.usbmodem0006822145041: Writing: 151 bytearray(b'\x00\x00\x00\x00Oh\xad\x85\xd9\xf4\x8a\xc8X\x9d\xf6e\xb6\xb4\x9b\x8a')
2019-07-08 13:18:30,862 - DEBUG - tty.usbmodem0006822145041: TX: 1597000000004f68ad85d9f48ac8589df665b6b49b8a
2019-07-08 13:18:30,865 - DEBUG - tty.usbmodem0006822145041: RX: 03840084
2019-07-08 13:18:30,866 - DEBUG - tty.usbmodem0006822145041: parsed_packet {event: CmdRsp, data: {'opcode': 0, 'status': 132, 'data': bytearray(b'')}}
2019-07-08 13:18:30,866 - ERROR - tty.usbmodem0006822145041: None: ERROR_INVALID_LENGTH
2019-07-08 13:18:30,867 - DEBUG - tty.usbmodem0006822145041: Writing: 151 bytearray(b'\x01\x00\x00\x00*\xa2\xa6\xde\xd5\xa0y\x8c\xea\xb5x|\xa3\xae9\xfc')
2019-07-08 13:18:30,867 - DEBUG - tty.usbmodem0006822145041: TX: 1597010000002aa2a6ded5a0798ceab5787ca3ae39fc
2019-07-08 13:18:30,867 - DEBUG - tty.usbmodem0006822145041: RX: 03840084
2019-07-08 13:18:30,868 - DEBUG - tty.usbmodem0006822145041: parsed_packet {event: CmdRsp, data: {'opcode': 0, 'status': 132, 'data': bytearray(b'')}}
2019-07-08 13:18:30,868 - ERROR - tty.usbmodem0006822145041: None: ERROR_INVALID_LENGTH
2019-07-08 13:18:30,869 - DEBUG - tty.usbmodem0006822145041: RX: 03840084
2019-07-08 13:18:30,869 - DEBUG - tty.usbmodem0006822145041: parsed_packet {event: CmdRsp, data: {'opcode': 0, 'status': 132, 'data': bytearray(b'')}}
2019-07-08 13:18:30,869 - ERROR - tty.usbmodem0006822145041: None: ERROR_INVALID_LENGTH
2019-07-08 13:18:30,869 - DEBUG - tty.usbmodem0006822145041: RX: 03840084
2019-07-08 13:18:30,869 - DEBUG - tty.usbmodem0006822145041: parsed_packet {event: CmdRsp, data: {'opcode': 0, 'status': 132, 'data': bytearray(b'')}}
2019-07-08 13:18:30,878 - ERROR - tty.usbmodem0006822145041: None: ERROR_INVALID_LENGTH
2019-07-08 13:18:30,880 - DEBUG - tty.usbmodem0006822145041: RX: 03840084
2019-07-08 13:18:30,882 - DEBUG - tty.usbmodem0006822145041: parsed_packet {event: CmdRsp, data: {'opcode': 0, 'status': 132, 'data': bytearray(b'')}}
2019-07-08 13:18:30,883 - ERROR - tty.usbmodem0006822145041: None: ERROR_INVALID_LENGTH
2019-07-08 13:18:30,883 - DEBUG - tty.usbmodem0006822145041: RX: 03840084
2019-07-08 13:18:30,883 - DEBUG - tty.usbmodem0006822145041: parsed_packet {event: CmdRsp, data: {'opcode': 0, 'status': 132, 'data': bytearray(b'')}}
2019-07-08 13:18:30,884 - ERROR - tty.usbmodem0006822145041: None: ERROR_INVALID_LENGTH
2019-07-08 13:18:30,884 - DEBUG - tty.usbmodem0006822145041: RX: 03840084
2019-07-08 13:18:30,884 - DEBUG - tty.usbmodem0006822145041: parsed_packet {event: CmdRsp, data: {'opcode': 0, 'status': 132, 'data': bytearray(b'')}}
2019-07-08 13:18:30,885 - ERROR - tty.usbmodem0006822145041: None: ERROR_INVALID_LENGTH
2019-07-08 13:18:30,885 - DEBUG - tty.usbmodem0006822145041: RX: 03840084
2019-07-08 13:18:30,885 - DEBUG - tty.usbmodem0006822145041: parsed_packet {event: CmdRsp, data: {'opcode': 0, 'status': 132, 'data': bytearray(b'')}}
2019-07-08 13:18:30,885 - ERROR - tty.usbmodem0006822145041: None: ERROR_INVALID_LENGTH
2019-07-08 13:18:30,885 - DEBUG - tty.usbmodem0006822145041: RX: 03840084
2019-07-08 13:18:30,885 - DEBUG - tty.usbmodem0006822145041: parsed_packet {event: CmdRsp, data: {'opcode': 0, 'status': 132, 'data': bytearray(b'')}}
2019-07-08 13:18:30,886 - ERROR - tty.usbmodem0006822145041: None: ERROR_INVALID_LENGTH
2019-07-08 13:18:30,886 - DEBUG - tty.usbmodem0006822145041: RX: 03840084
2019-07-08 13:18:30,886 - DEBUG - tty.usbmodem0006822145041: parsed_packet {event: CmdRsp, data: {'opcode': 0, 'status': 132, 'data': bytearray(b'')}}
2019-07-08 13:18:30,886 - ERROR - tty.usbmodem0006822145041: None: ERROR_INVALID_LENGTH
2019-07-08 13:18:30,887 - DEBUG - tty.usbmodem0006822145041: RX: 03849f8e
2019-07-08 13:18:30,887 - DEBUG - tty.usbmodem0006822145041: parsed_packet {event: CmdRsp, data: {'opcode': 159, 'status': 142, 'data': bytearray(b'')}}
2019-07-08 13:18:30,887 - ERROR - tty.usbmodem0006822145041: None: ERROR_REJECTED
2019-07-08 13:18:30,887 - DEBUG - tty.usbmodem0006822145041: RX: 03849281
2019-07-08 13:18:30,887 - DEBUG - tty.usbmodem0006822145041: parsed_packet {event: CmdRsp, data: {'opcode': 146, 'status': 129, 'data': bytearray(b'')}}
2019-07-08 13:18:30,888 - ERROR - tty.usbmodem0006822145041: SubnetAdd: ERROR_INTERNAL
2019-07-08 13:18:30,888 - DEBUG - tty.usbmodem0006822145041: RX: 03849781
2019-07-08 13:18:30,888 - DEBUG - tty.usbmodem0006822145041: parsed_packet {event: CmdRsp, data: {'opcode': 151, 'status': 129, 'data': bytearray(b'')}}
2019-07-08 13:18:30,888 - ERROR - tty.usbmodem0006822145041: AppkeyAdd: ERROR_INTERNAL
2019-07-08 13:18:30,888 - DEBUG - tty.usbmodem0006822145041: RX: 03849781
2019-07-08 13:18:30,888 - DEBUG - tty.usbmodem0006822145041: parsed_packet {event: CmdRsp, data: {'opcode': 151, 'status': 129, 'data': bytearray(b'')}}
2019-07-08 13:18:30,888 - ERROR - tty.usbmodem0006822145041: AppkeyAdd: ERROR_INTERNAL
2019-07-08 13:18:34,889 - DEBUG - tty.usbmodem0006822145041: Writing: 97 bytearray(b'')
2019-07-08 13:18:34,893 - DEBUG - tty.usbmodem0006822145041: TX: 0161
2019-07-08 13:18:34,895 - DEBUG - tty.usbmodem0006822145041: RX: 03846100
2019-07-08 13:18:34,895 - DEBUG - tty.usbmodem0006822145041: parsed_packet {event: CmdRsp, data: {'opcode': 97, 'status': 0, 'data': bytearray(b'')}}
2019-07-08 13:18:34,896 - INFO - tty.usbmodem0006822145041: Success
2019-07-08 13:18:36,894 - DEBUG - tty.usbmodem0006822145041: RX: 1ac09db77a0526b8734988639509c242d107cd0001c8639509c2c2
2019-07-08 13:18:36,902 - DEBUG - tty.usbmodem0006822145041: parsed_packet {event: ProvUnprovisionedReceived, data: {'uuid': bytearray(b'\x9d\xb7z\x05&\xb8sI\x88c\x95\t\xc2B\xd1\x07'), 'rssi': -51, 'gatt_supported': 0, 'adv_addr_type': 1, 'adv_addr': bytearray(b'\xc8c\x95\t\xc2\xc2')}}
2019-07-08 13:18:36,902 - INFO - tty.usbmodem0006822145041: {event: ProvUnprovisionedReceived, data: {'uuid': bytearray(b'\x9d\xb7z\x05&\xb8sI\x88c\x95\t\xc2B\xd1\x07'), 'rssi': -51, 'gatt_supported': 0, 'adv_addr_type': 1, 'adv_addr': bytearray(b'\xc8c\x95\t\xc2\xc2')}}
2019-07-08 13:18:36,902 - INFO - tty.usbmodem0006822145041: Received UUID 9db77a0526b8734988639509c242d107 with RSSI: -51 dB
2019-07-08 13:18:38,897 - DEBUG - tty.usbmodem0006822145041: RX: 1ac09db77a0526b8734988639509c242d107d00001c8639509c2c2
2019-07-08 13:18:38,898 - DEBUG - tty.usbmodem0006822145041: parsed_packet {event: ProvUnprovisionedReceived, data: {'uuid': bytearray(b'\x9d\xb7z\x05&\xb8sI\x88c\x95\t\xc2B\xd1\x07'), 'rssi': -48, 'gatt_supported': 0, 'adv_addr_type': 1, 'adv_addr': bytearray(b'\xc8c\x95\t\xc2\xc2')}}
2019-07-08 13:18:38,898 - INFO - tty.usbmodem0006822145041: {event: ProvUnprovisionedReceived, data: {'uuid': bytearray(b'\x9d\xb7z\x05&\xb8sI\x88c\x95\t\xc2B\xd1\x07'), 'rssi': -48, 'gatt_supported': 0, 'adv_addr_type': 1, 'adv_addr': bytearray(b'\xc8c\x95\t\xc2\xc2')}}
2019-07-08 13:18:40,902 - DEBUG - tty.usbmodem0006822145041: RX: 1ac09db77a0526b8734988639509c242d107d30001c8639509c2c2
2019-07-08 13:18:40,903 - DEBUG - tty.usbmodem0006822145041: parsed_packet {event: ProvUnprovisionedReceived, data: {'uuid': bytearray(b'\x9d\xb7z\x05&\xb8sI\x88c\x95\t\xc2B\xd1\x07'), 'rssi': -45, 'gatt_supported': 0, 'adv_addr_type': 1, 'adv_addr': bytearray(b'\xc8c\x95\t\xc2\xc2')}}
2019-07-08 13:18:40,903 - INFO - tty.usbmodem0006822145041: {event: ProvUnprovisionedReceived, data: {'uuid': bytearray(b'\x9d\xb7z\x05&\xb8sI\x88c\x95\t\xc2B\xd1\x07'), 'rssi': -45, 'gatt_supported': 0, 'adv_addr_type': 1, 'adv_addr': bytearray(b'\xc8c\x95\t\xc2\xc2')}}
2019-07-08 13:18:42,193 - DEBUG - tty.usbmodem0006822145041: Writing: 98 bytearray(b'')
2019-07-08 13:18:42,197 - DEBUG - tty.usbmodem0006822145041: TX: 0162
2019-07-08 13:18:42,198 - DEBUG - tty.usbmodem0006822145041: Writing: 99 bytearray(b'\x00\x9d\xb7z\x05&\xb8sI\x88c\x95\t\xc2B\xd1\x07\x18\xee\xd9\xc2\xa5j\xdd\x85\x04\x9f\xfc<Y\xad\x0e\x12\x00\x00\x00\x00\x00\x00\x10\x00\x00\x00\x00')
2019-07-08 13:18:42,199 - DEBUG - tty.usbmodem0006822145041: TX: 2d63009db77a0526b8734988639509c242d10718eed9c2a56add85049ffc3c59ad0e120000000000001000000000
2019-07-08 13:18:42,199 - DEBUG - tty.usbmodem0006822145041: RX: 03846200
2019-07-08 13:18:42,199 - DEBUG - tty.usbmodem0006822145041: parsed_packet {event: CmdRsp, data: {'opcode': 98, 'status': 0, 'data': bytearray(b'')}}
2019-07-08 13:18:42,204 - INFO - tty.usbmodem0006822145041: Success
2019-07-08 13:18:42,205 - DEBUG - tty.usbmodem0006822145041: RX: 0484630000
2019-07-08 13:18:42,206 - DEBUG - tty.usbmodem0006822145041: parsed_packet {event: CmdRsp, data: {'opcode': 99, 'status': 0, 'data': bytearray(b'\x00')}}
2019-07-08 13:18:42,206 - INFO - tty.usbmodem0006822145041: Provision: {'context': 0}
2019-07-08 13:18:42,258 - DEBUG - tty.usbmodem0006822145041: RX: 02c100
2019-07-08 13:18:42,258 - DEBUG - tty.usbmodem0006822145041: parsed_packet {event: ProvLinkEstablished, data: {'context_id': 0}}
2019-07-08 13:18:42,259 - INFO - tty.usbmodem0006822145041: {event: ProvLinkEstablished, data: {'context_id': 0}}
2019-07-08 13:18:42,259 - INFO - tty.usbmodem0006822145041: Link established
2019-07-08 13:18:42,312 - DEBUG - tty.usbmodem0006822145041: RX: 0bc300010001000000000000
2019-07-08 13:18:42,313 - DEBUG - tty.usbmodem0006822145041: parsed_packet {event: ProvCapsReceived, data: {'context_id': 0, 'num_elements': 1, 'public_key_type': 0, 'static_oob_types': 1, 'output_oob_size': 0, 'output_oob_actions': 0, 'input_oob_size': 0, 'input_oob_actions': 0}}
2019-07-08 13:18:42,313 - INFO - tty.usbmodem0006822145041: {event: ProvCapsReceived, data: {'context_id': 0, 'num_elements': 1, 'public_key_type': 0, 'static_oob_types': 1, 'output_oob_size': 0, 'output_oob_actions': 0, 'input_oob_size': 0, 'input_oob_actions': 0}}
2019-07-08 13:18:42,313 - INFO - tty.usbmodem0006822145041: Received capabilities
2019-07-08 13:18:42,313 - INFO - tty.usbmodem0006822145041: Number of elements: 1
2019-07-08 13:18:42,313 - DEBUG - tty.usbmodem0006822145041: Writing: 102 bytearray(b'\x00\x00\x00\x00')
2019-07-08 13:18:42,313 - DEBUG - tty.usbmodem0006822145041: TX: 056600000000
2019-07-08 13:18:42,315 - DEBUG - tty.usbmodem0006822145041: RX: 0484660000
2019-07-08 13:18:42,315 - DEBUG - tty.usbmodem0006822145041: parsed_packet {event: CmdRsp, data: {'opcode': 102, 'status': 0, 'data': bytearray(b'\x00')}}
2019-07-08 13:18:42,316 - INFO - tty.usbmodem0006822145041: OobUse: {'context': 0}
2019-07-08 13:18:42,516 - DEBUG - tty.usbmodem0006822145041: RX: 62c7008a2f93f5c70b82a270551023d2717e0ba0615e2c5f6dd7e78ecd5ec8f7b5310f508a7ddf3a4e7a905f08c06dad27dbe33f00f8cdab244815ba4297a615c91be487ac6c9b3603fe6a530c6a362d656e49d388868452a2c57fc451f94646bc504c
2019-07-08 13:18:42,517 - DEBUG - tty.usbmodem0006822145041: parsed_packet {event: ProvEcdhRequest, data: {'context_id': 0, 'peer_public': bytearray(b"\x8a/\x93\xf5\xc7\x0b\x82\xa2pU\x10#\xd2q~\x0b\xa0a^,_m\xd7\xe7\x8e\xcd^\xc8\xf7\xb51\x0fP\x8a}\xdf:Nz\x90_\x08\xc0m\xad\'\xdb\xe3?\x00\xf8\xcd\xab$H\x15\xbaB\x97\xa6\x15\xc9\x1b\xe4"), 'node_private': bytearray(b'\x87\xacl\x9b6\x03\xfejS\x0cj6-enI\xd3\x88\x86\x84R\xa2\xc5\x7f\xc4Q\xf9FF\xbcPL')}}
2019-07-08 13:18:42,517 - INFO - tty.usbmodem0006822145041: {event: ProvEcdhRequest, data: {'context_id': 0, 'peer_public': bytearray(b"\x8a/\x93\xf5\xc7\x0b\x82\xa2pU\x10#\xd2q~\x0b\xa0a^,_m\xd7\xe7\x8e\xcd^\xc8\xf7\xb51\x0fP\x8a}\xdf:Nz\x90_\x08\xc0m\xad\'\xdb\xe3?\x00\xf8\xcd\xab$H\x15\xbaB\x97\xa6\x15\xc9\x1b\xe4"), 'node_private': bytearray(b'\x87\xacl\x9b6\x03\xfejS\x0cj6-enI\xd3\x88\x86\x84R\xa2\xc5\x7f\xc4Q\xf9FF\xbcPL')}}
2019-07-08 13:18:42,517 - INFO - tty.usbmodem0006822145041: ECDH request received
2019-07-08 13:18:42,518 - DEBUG - tty.usbmodem0006822145041: Writing: 104 bytearray(b"\x00\x19\x14\t\x06\xbfX\xb7\x11\'\x18%\x97\x97\'\xb8ioE\x87\xf4\xcd\xdc\x02\x9c\x9f:\xcc\x02\x80\xe5\x1d\xc6")
2019-07-08 13:18:42,518 - DEBUG - tty.usbmodem0006822145041: TX: 22680019140906bf58b711271825979727b8696f4587f4cddc029c9f3acc0280e51dc6
2019-07-08 13:18:42,523 - DEBUG - tty.usbmodem0006822145041: RX: 0484680000
2019-07-08 13:18:42,523 - DEBUG - tty.usbmodem0006822145041: parsed_packet {event: CmdRsp, data: {'opcode': 104, 'status': 0, 'data': bytearray(b'\x00')}}
2019-07-08 13:18:42,524 - INFO - tty.usbmodem0006822145041: EcdhSecret: {'context': 0}
2019-07-08 13:18:42,873 - DEBUG - tty.usbmodem0006822145041: RX: 2cc5000000000000001000000015656cbd401c1083f291b4100ce6d90118eed9c2a56add85049ffc3c59ad0e12
2019-07-08 13:18:42,874 - DEBUG - tty.usbmodem0006822145041: parsed_packet {event: ProvComplete, data: {'context_id': 0, 'iv_index': 0, 'net_key_index': 0, 'address': 16, 'iv_update_flag': 0, 'key_refresh_flag': 0, 'device_key': bytearray(b'\x15el\xbd@\x1c\x10\x83\xf2\x91\xb4\x10\x0c\xe6\xd9\x01'), 'net_key': bytearray(b'\x18\xee\xd9\xc2\xa5j\xdd\x85\x04\x9f\xfc<Y\xad\x0e\x12')}}
2019-07-08 13:18:42,874 - INFO - tty.usbmodem0006822145041: {event: ProvComplete, data: {'context_id': 0, 'iv_index': 0, 'net_key_index': 0, 'address': 16, 'iv_update_flag': 0, 'key_refresh_flag': 0, 'device_key': bytearray(b'\x15el\xbd@\x1c\x10\x83\xf2\x91\xb4\x10\x0c\xe6\xd9\x01'), 'net_key': bytearray(b'\x18\xee\xd9\xc2\xa5j\xdd\x85\x04\x9f\xfc<Y\xad\x0e\x12')}}
2019-07-08 13:18:48,879 - INFO - tty.usbmodem0006822145041: Provisioning complete
2019-07-08 13:18:48,879 - INFO - tty.usbmodem0006822145041: 	Address(es): 0x10-0x10
2019-07-08 13:18:48,880 - INFO - tty.usbmodem0006822145041: 	Device key: 15656cbd401c1083f291b4100ce6d901
2019-07-08 13:18:48,880 - INFO - tty.usbmodem0006822145041: 	Network key: 18eed9c2a56add85049ffc3c59ad0e12
2019-07-08 13:18:48,881 - INFO - tty.usbmodem0006822145041: Adding device key to subnet 0
2019-07-08 13:18:48,881 - INFO - tty.usbmodem0006822145041: Adding publication address of root element
2019-07-08 13:18:48,882 - DEBUG - tty.usbmodem0006822145041: Writing: 156 bytearray(b'\x10\x00\x00\x00\x15el\xbd@\x1c\x10\x83\xf2\x91\xb4\x10\x0c\xe6\xd9\x01')
2019-07-08 13:18:48,882 - DEBUG - tty.usbmodem0006822145041: TX: 159c1000000015656cbd401c1083f291b4100ce6d901
2019-07-08 13:18:48,884 - DEBUG - tty.usbmodem0006822145041: Writing: 164 bytearray(b'\x10\x00')
2019-07-08 13:18:48,889 - DEBUG - tty.usbmodem0006822145041: TX: 03a41000
2019-07-08 13:18:48,891 - DEBUG - tty.usbmodem0006822145041: RX: 03c20000
2019-07-08 13:18:48,891 - DEBUG - tty.usbmodem0006822145041: parsed_packet {event: ProvLinkClosed, data: {'context_id': 0, 'close_reason': 0}}
2019-07-08 13:18:48,895 - INFO - tty.usbmodem0006822145041: {event: ProvLinkClosed, data: {'context_id': 0, 'close_reason': 0}}
2019-07-08 13:18:48,896 - INFO - tty.usbmodem0006822145041: Provisioning link closed
2019-07-08 13:18:48,897 - DEBUG - tty.usbmodem0006822145041: RX: 03849c8e
2019-07-08 13:18:48,897 - DEBUG - tty.usbmodem0006822145041: parsed_packet {event: CmdRsp, data: {'opcode': 156, 'status': 142, 'data': bytearray(b'')}}
2019-07-08 13:18:48,897 - ERROR - tty.usbmodem0006822145041: DevkeyAdd: ERROR_REJECTED
2019-07-08 13:18:48,897 - DEBUG - tty.usbmodem0006822145041: RX: 0584a4000000
2019-07-08 13:18:48,897 - DEBUG - tty.usbmodem0006822145041: parsed_packet {event: CmdRsp, data: {'opcode': 164, 'status': 0, 'data': bytearray(b'\x00\x00')}}
2019-07-08 13:18:48,897 - INFO - tty.usbmodem0006822145041: AddrPublicationAdd: {'address_handle': 0}
2019-07-08 13:18:48,898 - ERROR - tty.usbmodem0006822145041: Error storing address handle: pop from empty list
2019-07-08 13:18:56,216 - DEBUG - tty.usbmodem0006822145041.ConfigurationClient: Sending opcode: 8008, data: 00
2019-07-08 13:18:56,217 - DEBUG - tty.usbmodem0006822145041.ConfigurationClient: Sending opcode: 00, data: 0000004f68ad85d9f48ac8589df665b6b49b8a
2019-07-08 13:18:56,217 - DEBUG - tty.usbmodem0006822145041: Writing: 171 bytearray(b'\x08\x00\x01\x00\x00\x00\x08\x00\x00\x00\x80\x08\x00')
2019-07-08 13:18:56,217 - INFO - tty.usbmodem0006822145041: Adding address c001
2019-07-08 13:18:56,217 - DEBUG - tty.usbmodem0006822145041: TX: 0eab08000100000008000000800800
2019-07-08 13:18:56,218 - DEBUG - tty.usbmodem0006822145041: Writing: 171 bytearray(b'\x08\x00\x01\x00\x00\x00\x08\x00\x00\x00\x00\x00\x00\x00Oh\xad\x85\xd9\xf4\x8a\xc8X\x9d\xf6e\xb6\xb4\x9b\x8a')
2019-07-08 13:18:56,218 - DEBUG - tty.usbmodem0006822145041: TX: 1fab08000100000008000000000000004f68ad85d9f48ac8589df665b6b49b8a
2019-07-08 13:18:56,221 - DEBUG - tty.usbmodem0006822145041: RX: 0784ab0004000000
2019-07-08 13:18:56,225 - DEBUG - tty.usbmodem0006822145041: parsed_packet {event: CmdRsp, data: {'opcode': 171, 'status': 0, 'data': bytearray(b'\x04\x00\x00\x00')}}
2019-07-08 13:18:56,226 - INFO - tty.usbmodem0006822145041: PacketSend: {'token': 4}
2019-07-08 13:18:56,226 - DEBUG - tty.usbmodem0006822145041: Writing: 161 bytearray(b'\x01\xc0')
2019-07-08 13:18:56,227 - DEBUG - tty.usbmodem0006822145041: TX: 03a101c0
2019-07-08 13:18:56,227 - DEBUG - tty.usbmodem0006822145041: RX: 0784ab0005000000
2019-07-08 13:18:56,227 - DEBUG - tty.usbmodem0006822145041: parsed_packet {event: CmdRsp, data: {'opcode': 171, 'status': 0, 'data': bytearray(b'\x05\x00\x00\x00')}}
2019-07-08 13:18:56,227 - INFO - tty.usbmodem0006822145041: PacketSend: {'token': 5}
2019-07-08 13:18:56,228 - DEBUG - tty.usbmodem0006822145041: RX: 05d204000000
2019-07-08 13:18:56,228 - DEBUG - tty.usbmodem0006822145041: parsed_packet {event: MeshTxComplete, data: {'token': 4}}
2019-07-08 13:18:56,229 - INFO - tty.usbmodem0006822145041: {event: MeshTxComplete, data: {'token': 4}}
2019-07-08 13:18:56,229 - DEBUG - tty.usbmodem0006822145041: RX: 0584a1000100
2019-07-08 13:18:56,229 - DEBUG - tty.usbmodem0006822145041: parsed_packet {event: CmdRsp, data: {'opcode': 161, 'status': 0, 'data': bytearray(b'\x01\x00')}}
2019-07-08 13:18:56,229 - INFO - tty.usbmodem0006822145041: AddrSubscriptionAdd: {'address_handle': 1}
2019-07-08 13:18:56,230 - INFO - tty.usbmodem0006822145041: Address handles: [{'address': c001, 'address_handle': 1, 'opcode': 161}]
2019-07-08 13:19:08,306 - INFO - tty.usbmodem0006822145041: Adding address 0010
2019-07-08 13:19:08,307 - DEBUG - tty.usbmodem0006822145041: Writing: 164 bytearray(b'\x10\x00')
2019-07-08 13:19:08,308 - DEBUG - tty.usbmodem0006822145041: TX: 03a41000
2019-07-08 13:19:08,310 - DEBUG - tty.usbmodem0006822145041: RX: 0584a4000000
2019-07-08 13:19:08,310 - DEBUG - tty.usbmodem0006822145041: parsed_packet {event: CmdRsp, data: {'opcode': 164, 'status': 0, 'data': bytearray(b'\x00\x00')}}
2019-07-08 13:19:08,310 - INFO - tty.usbmodem0006822145041: AddrPublicationAdd: {'address_handle': 0}
2019-07-08 13:19:08,310 - INFO - tty.usbmodem0006822145041: Address handles: [{'address': c001, 'address_handle': 1, 'opcode': 161}, {'address': 0010, 'address_handle': 0, 'opcode': 164}]
2019-07-08 13:27:27,823 - INFO - tty.usbmodem0006822145041: Setting pin 0
2019-07-08 13:59:25,864 - DEBUG - tty.usbmodem0006822145041: exited read event
