2019-07-08 13:04:32,569 - DEBUG - tty.usbmodem0006822145041: Writing: 105 bytearray(b"|\x11?\x90b\x95\xae\xd7\xe6\xd3@}\x90\xdf3\xa1\xb1C\xfd\x9e\x9c\x05&\x1e\xe5T\xb4\xc4\xe6\xc4d\xbf\xe9\xf4K\xeav\xf6\td\r\xf4\xad\xe6\xab\x11\xd6\x0b\x01\xc9\xc2\xbb_%\x02\xd9\xeal/\x9a,\xa2\xdf\xe8\xd4\x90\xe3Ca\xc93jIS\x13X\x95d\xb2\xa1\xf8\xb835\'\x93\xc4E&\xa2\x8e\x8c\x7f;\xeed")
2019-07-08 13:04:32,573 - DEBUG - tty.usbmodem0006822145041: TX: 61697c113f906295aed7e6d3407d90df33a1b143fd9e9c05261ee554b4c4e6c464bfe9f44bea76f609640df4ade6ab11d60b01c9c2bb5f2502d9ea6c2f9a2ca2dfe8d490e34361c9336a495313589564b2a1f8b833352793c44526a28e8c7f3bee64
2019-07-08 13:04:32,585 - DEBUG - tty.usbmodem0006822145041: RX: 03845384
2019-07-08 13:04:32,585 - DEBUG - tty.usbmodem0006822145041: parsed_packet {event: CmdRsp, data: {'opcode': 83, 'status': 132, 'data': bytearray(b'')}}
2019-07-08 13:04:32,586 - ERROR - tty.usbmodem0006822145041: None: ERROR_INVALID_LENGTH
2019-07-08 13:04:32,586 - DEBUG - tty.usbmodem0006822145041: Writing: 159 bytearray(b'\x01\x00\x01\x00')
2019-07-08 13:04:32,586 - DEBUG - tty.usbmodem0006822145041: TX: 059f01000100
2019-07-08 13:04:32,587 - DEBUG - tty.usbmodem0006822145041: RX: 03840084
2019-07-08 13:04:32,587 - DEBUG - tty.usbmodem0006822145041: parsed_packet {event: CmdRsp, data: {'opcode': 0, 'status': 132, 'data': bytearray(b'')}}
2019-07-08 13:04:32,587 - ERROR - tty.usbmodem0006822145041: None: ERROR_INVALID_LENGTH
2019-07-08 13:04:32,587 - DEBUG - tty.usbmodem0006822145041: Writing: 146 bytearray(b'\x00\x00\x18\xee\xd9\xc2\xa5j\xdd\x85\x04\x9f\xfc<Y\xad\x0e\x12')
2019-07-08 13:04:32,587 - DEBUG - tty.usbmodem0006822145041: TX: 1392000018eed9c2a56add85049ffc3c59ad0e12
2019-07-08 13:04:32,588 - DEBUG - tty.usbmodem0006822145041: RX: 03840084
2019-07-08 13:04:32,588 - DEBUG - tty.usbmodem0006822145041: parsed_packet {event: CmdRsp, data: {'opcode': 0, 'status': 132, 'data': bytearray(b'')}}
2019-07-08 13:04:32,589 - ERROR - tty.usbmodem0006822145041: None: ERROR_INVALID_LENGTH
2019-07-08 13:04:32,589 - DEBUG - tty.usbmodem0006822145041: RX: 03840084
2019-07-08 13:04:32,589 - DEBUG - tty.usbmodem0006822145041: Writing: 151 bytearray(b'\x00\x00\x00\x00Oh\xad\x85\xd9\xf4\x8a\xc8X\x9d\xf6e\xb6\xb4\x9b\x8a')
2019-07-08 13:04:32,590 - DEBUG - tty.usbmodem0006822145041: parsed_packet {event: CmdRsp, data: {'opcode': 0, 'status': 132, 'data': bytearray(b'')}}
2019-07-08 13:04:32,590 - DEBUG - tty.usbmodem0006822145041: TX: 1597000000004f68ad85d9f48ac8589df665b6b49b8a
2019-07-08 13:04:32,590 - ERROR - tty.usbmodem0006822145041: None: ERROR_INVALID_LENGTH
2019-07-08 13:04:32,590 - DEBUG - tty.usbmodem0006822145041: Writing: 151 bytearray(b'\x01\x00\x00\x00*\xa2\xa6\xde\xd5\xa0y\x8c\xea\xb5x|\xa3\xae9\xfc')
2019-07-08 13:04:32,590 - DEBUG - tty.usbmodem0006822145041: TX: 1597010000002aa2a6ded5a0798ceab5787ca3ae39fc
2019-07-08 13:04:32,591 - DEBUG - tty.usbmodem0006822145041: RX: 03840084
2019-07-08 13:04:32,591 - DEBUG - tty.usbmodem0006822145041: parsed_packet {event: CmdRsp, data: {'opcode': 0, 'status': 132, 'data': bytearray(b'')}}
2019-07-08 13:04:32,591 - ERROR - tty.usbmodem0006822145041: None: ERROR_INVALID_LENGTH
2019-07-08 13:04:32,591 - DEBUG - tty.usbmodem0006822145041: RX: 03840084
2019-07-08 13:04:32,591 - DEBUG - tty.usbmodem0006822145041: parsed_packet {event: CmdRsp, data: {'opcode': 0, 'status': 132, 'data': bytearray(b'')}}
2019-07-08 13:04:32,592 - ERROR - tty.usbmodem0006822145041: None: ERROR_INVALID_LENGTH
2019-07-08 13:04:32,592 - DEBUG - tty.usbmodem0006822145041: RX: 03840084
2019-07-08 13:04:32,592 - DEBUG - tty.usbmodem0006822145041: parsed_packet {event: CmdRsp, data: {'opcode': 0, 'status': 132, 'data': bytearray(b'')}}
2019-07-08 13:04:32,592 - ERROR - tty.usbmodem0006822145041: None: ERROR_INVALID_LENGTH
2019-07-08 13:04:32,592 - DEBUG - tty.usbmodem0006822145041: RX: 03840084
2019-07-08 13:04:32,593 - DEBUG - tty.usbmodem0006822145041: parsed_packet {event: CmdRsp, data: {'opcode': 0, 'status': 132, 'data': bytearray(b'')}}
2019-07-08 13:04:32,593 - ERROR - tty.usbmodem0006822145041: None: ERROR_INVALID_LENGTH
2019-07-08 13:04:32,593 - DEBUG - tty.usbmodem0006822145041: RX: 03840084
2019-07-08 13:04:32,593 - DEBUG - tty.usbmodem0006822145041: parsed_packet {event: CmdRsp, data: {'opcode': 0, 'status': 132, 'data': bytearray(b'')}}
2019-07-08 13:04:32,593 - ERROR - tty.usbmodem0006822145041: None: ERROR_INVALID_LENGTH
2019-07-08 13:04:32,593 - DEBUG - tty.usbmodem0006822145041: RX: 03840084
2019-07-08 13:04:32,593 - DEBUG - tty.usbmodem0006822145041: parsed_packet {event: CmdRsp, data: {'opcode': 0, 'status': 132, 'data': bytearray(b'')}}
2019-07-08 13:04:32,594 - ERROR - tty.usbmodem0006822145041: None: ERROR_INVALID_LENGTH
2019-07-08 13:04:32,594 - DEBUG - tty.usbmodem0006822145041: RX: 03840084
2019-07-08 13:04:32,606 - DEBUG - tty.usbmodem0006822145041: parsed_packet {event: CmdRsp, data: {'opcode': 0, 'status': 132, 'data': bytearray(b'')}}
2019-07-08 13:04:32,607 - ERROR - tty.usbmodem0006822145041: None: ERROR_INVALID_LENGTH
2019-07-08 13:04:32,607 - DEBUG - tty.usbmodem0006822145041: RX: 03840084
2019-07-08 13:04:32,607 - DEBUG - tty.usbmodem0006822145041: parsed_packet {event: CmdRsp, data: {'opcode': 0, 'status': 132, 'data': bytearray(b'')}}
2019-07-08 13:04:32,607 - ERROR - tty.usbmodem0006822145041: None: ERROR_INVALID_LENGTH
2019-07-08 13:04:32,608 - DEBUG - tty.usbmodem0006822145041: RX: 03840084
2019-07-08 13:04:32,609 - DEBUG - tty.usbmodem0006822145041: parsed_packet {event: CmdRsp, data: {'opcode': 0, 'status': 132, 'data': bytearray(b'')}}
2019-07-08 13:04:32,610 - ERROR - tty.usbmodem0006822145041: None: ERROR_INVALID_LENGTH
2019-07-08 13:04:32,611 - DEBUG - tty.usbmodem0006822145041: RX: 03849f00
2019-07-08 13:04:32,612 - DEBUG - tty.usbmodem0006822145041: parsed_packet {event: CmdRsp, data: {'opcode': 159, 'status': 0, 'data': bytearray(b'')}}
2019-07-08 13:04:32,613 - INFO - tty.usbmodem0006822145041: Success
2019-07-08 13:04:32,613 - DEBUG - tty.usbmodem0006822145041: RX: 058492000000
2019-07-08 13:04:32,613 - DEBUG - tty.usbmodem0006822145041: parsed_packet {event: CmdRsp, data: {'opcode': 146, 'status': 0, 'data': bytearray(b'\x00\x00')}}
2019-07-08 13:04:32,613 - INFO - tty.usbmodem0006822145041: SubnetAdd: {'subnet_handle': 0}
2019-07-08 13:04:32,614 - DEBUG - tty.usbmodem0006822145041: RX: 058497000000
2019-07-08 13:04:32,614 - DEBUG - tty.usbmodem0006822145041: parsed_packet {event: CmdRsp, data: {'opcode': 151, 'status': 0, 'data': bytearray(b'\x00\x00')}}
2019-07-08 13:04:32,628 - INFO - tty.usbmodem0006822145041: AppkeyAdd: {'appkey_handle': 0}
2019-07-08 13:04:32,630 - DEBUG - tty.usbmodem0006822145041: RX: 058497000100
2019-07-08 13:04:32,630 - DEBUG - tty.usbmodem0006822145041: parsed_packet {event: CmdRsp, data: {'opcode': 151, 'status': 0, 'data': bytearray(b'\x01\x00')}}
2019-07-08 13:04:32,630 - INFO - tty.usbmodem0006822145041: AppkeyAdd: {'appkey_handle': 1}
2019-07-08 13:04:35,939 - DEBUG - tty.usbmodem0006822145041: Writing: 97 bytearray(b'')
2019-07-08 13:04:35,944 - DEBUG - tty.usbmodem0006822145041: TX: 0161
2019-07-08 13:04:35,946 - DEBUG - tty.usbmodem0006822145041: RX: 03846100
2019-07-08 13:04:35,946 - DEBUG - tty.usbmodem0006822145041: parsed_packet {event: CmdRsp, data: {'opcode': 97, 'status': 0, 'data': bytearray(b'')}}
2019-07-08 13:04:35,946 - INFO - tty.usbmodem0006822145041: Success
2019-07-08 13:04:36,875 - DEBUG - tty.usbmodem0006822145041: RX: 1ac09db77a0526b8734988639509c242d107d20001c8639509c2c2
2019-07-08 13:04:36,876 - DEBUG - tty.usbmodem0006822145041: parsed_packet {event: ProvUnprovisionedReceived, data: {'uuid': bytearray(b'\x9d\xb7z\x05&\xb8sI\x88c\x95\t\xc2B\xd1\x07'), 'rssi': -46, 'gatt_supported': 0, 'adv_addr_type': 1, 'adv_addr': bytearray(b'\xc8c\x95\t\xc2\xc2')}}
2019-07-08 13:04:36,877 - INFO - tty.usbmodem0006822145041: {event: ProvUnprovisionedReceived, data: {'uuid': bytearray(b'\x9d\xb7z\x05&\xb8sI\x88c\x95\t\xc2B\xd1\x07'), 'rssi': -46, 'gatt_supported': 0, 'adv_addr_type': 1, 'adv_addr': bytearray(b'\xc8c\x95\t\xc2\xc2')}}
2019-07-08 13:04:36,877 - INFO - tty.usbmodem0006822145041: Received UUID 9db77a0526b8734988639509c242d107 with RSSI: -46 dB
2019-07-08 13:04:38,877 - DEBUG - tty.usbmodem0006822145041: RX: 1ac09db77a0526b8734988639509c242d107d60001c8639509c2c2
2019-07-08 13:04:38,877 - DEBUG - tty.usbmodem0006822145041: parsed_packet {event: ProvUnprovisionedReceived, data: {'uuid': bytearray(b'\x9d\xb7z\x05&\xb8sI\x88c\x95\t\xc2B\xd1\x07'), 'rssi': -42, 'gatt_supported': 0, 'adv_addr_type': 1, 'adv_addr': bytearray(b'\xc8c\x95\t\xc2\xc2')}}
2019-07-08 13:04:38,877 - INFO - tty.usbmodem0006822145041: {event: ProvUnprovisionedReceived, data: {'uuid': bytearray(b'\x9d\xb7z\x05&\xb8sI\x88c\x95\t\xc2B\xd1\x07'), 'rssi': -42, 'gatt_supported': 0, 'adv_addr_type': 1, 'adv_addr': bytearray(b'\xc8c\x95\t\xc2\xc2')}}
2019-07-08 13:04:40,003 - DEBUG - tty.usbmodem0006822145041: Writing: 98 bytearray(b'')
2019-07-08 13:04:40,014 - DEBUG - tty.usbmodem0006822145041: TX: 0162
2019-07-08 13:04:40,015 - DEBUG - tty.usbmodem0006822145041: Writing: 99 bytearray(b'\x00\x9d\xb7z\x05&\xb8sI\x88c\x95\t\xc2B\xd1\x07\x18\xee\xd9\xc2\xa5j\xdd\x85\x04\x9f\xfc<Y\xad\x0e\x12\x00\x00\x00\x00\x00\x00\x11\x00\x00\x00\x00')
2019-07-08 13:04:40,016 - DEBUG - tty.usbmodem0006822145041: TX: 2d63009db77a0526b8734988639509c242d10718eed9c2a56add85049ffc3c59ad0e120000000000001100000000
2019-07-08 13:04:40,017 - DEBUG - tty.usbmodem0006822145041: RX: 03846200
2019-07-08 13:04:40,017 - DEBUG - tty.usbmodem0006822145041: parsed_packet {event: CmdRsp, data: {'opcode': 98, 'status': 0, 'data': bytearray(b'')}}
2019-07-08 13:04:40,030 - INFO - tty.usbmodem0006822145041: Success
2019-07-08 13:04:40,032 - DEBUG - tty.usbmodem0006822145041: RX: 0484630000
2019-07-08 13:04:40,032 - DEBUG - tty.usbmodem0006822145041: parsed_packet {event: CmdRsp, data: {'opcode': 99, 'status': 0, 'data': bytearray(b'\x00')}}
2019-07-08 13:04:40,032 - INFO - tty.usbmodem0006822145041: Provision: {'context': 0}
2019-07-08 13:04:40,051 - DEBUG - tty.usbmodem0006822145041: RX: 02c100
2019-07-08 13:04:40,051 - DEBUG - tty.usbmodem0006822145041: parsed_packet {event: ProvLinkEstablished, data: {'context_id': 0}}
2019-07-08 13:04:40,051 - INFO - tty.usbmodem0006822145041: {event: ProvLinkEstablished, data: {'context_id': 0}}
2019-07-08 13:04:40,052 - INFO - tty.usbmodem0006822145041: Link established
2019-07-08 13:04:40,104 - DEBUG - tty.usbmodem0006822145041: RX: 0bc300010001000000000000
2019-07-08 13:04:40,104 - DEBUG - tty.usbmodem0006822145041: parsed_packet {event: ProvCapsReceived, data: {'context_id': 0, 'num_elements': 1, 'public_key_type': 0, 'static_oob_types': 1, 'output_oob_size': 0, 'output_oob_actions': 0, 'input_oob_size': 0, 'input_oob_actions': 0}}
2019-07-08 13:04:40,104 - INFO - tty.usbmodem0006822145041: {event: ProvCapsReceived, data: {'context_id': 0, 'num_elements': 1, 'public_key_type': 0, 'static_oob_types': 1, 'output_oob_size': 0, 'output_oob_actions': 0, 'input_oob_size': 0, 'input_oob_actions': 0}}
2019-07-08 13:04:40,105 - INFO - tty.usbmodem0006822145041: Received capabilities
2019-07-08 13:04:40,105 - INFO - tty.usbmodem0006822145041: Number of elements: 1
2019-07-08 13:04:40,105 - DEBUG - tty.usbmodem0006822145041: Writing: 102 bytearray(b'\x00\x00\x00\x00')
2019-07-08 13:04:40,105 - DEBUG - tty.usbmodem0006822145041: TX: 056600000000
2019-07-08 13:04:40,107 - DEBUG - tty.usbmodem0006822145041: RX: 0484660000
2019-07-08 13:04:40,107 - DEBUG - tty.usbmodem0006822145041: parsed_packet {event: CmdRsp, data: {'opcode': 102, 'status': 0, 'data': bytearray(b'\x00')}}
2019-07-08 13:04:40,108 - INFO - tty.usbmodem0006822145041: OobUse: {'context': 0}
2019-07-08 13:04:40,303 - DEBUG - tty.usbmodem0006822145041: RX: 62c7006af99d16a450f346312737d924b6c436f51538b65d22797ef9f7bcc5197cd6d55d4ebb9b10f7d31533867a830e7c7f56a6ae17bb5650566656716d6adcfea91cfd37b1b02807cb88f0b659459e3846c2ea52dd196893bf1090049dd88f31d2d1
2019-07-08 13:04:40,303 - DEBUG - tty.usbmodem0006822145041: parsed_packet {event: ProvEcdhRequest, data: {'context_id': 0, 'peer_public': bytearray(b'j\xf9\x9d\x16\xa4P\xf3F1\'7\xd9$\xb6\xc46\xf5\x158\xb6]"y~\xf9\xf7\xbc\xc5\x19|\xd6\xd5]N\xbb\x9b\x10\xf7\xd3\x153\x86z\x83\x0e|\x7fV\xa6\xae\x17\xbbVPVfVqmj\xdc\xfe\xa9\x1c'), 'node_private': bytearray(b'\xfd7\xb1\xb0(\x07\xcb\x88\xf0\xb6YE\x9e8F\xc2\xeaR\xdd\x19h\x93\xbf\x10\x90\x04\x9d\xd8\x8f1\xd2\xd1')}}
2019-07-08 13:04:40,303 - INFO - tty.usbmodem0006822145041: {event: ProvEcdhRequest, data: {'context_id': 0, 'peer_public': bytearray(b'j\xf9\x9d\x16\xa4P\xf3F1\'7\xd9$\xb6\xc46\xf5\x158\xb6]"y~\xf9\xf7\xbc\xc5\x19|\xd6\xd5]N\xbb\x9b\x10\xf7\xd3\x153\x86z\x83\x0e|\x7fV\xa6\xae\x17\xbbVPVfVqmj\xdc\xfe\xa9\x1c'), 'node_private': bytearray(b'\xfd7\xb1\xb0(\x07\xcb\x88\xf0\xb6YE\x9e8F\xc2\xeaR\xdd\x19h\x93\xbf\x10\x90\x04\x9d\xd8\x8f1\xd2\xd1')}}
2019-07-08 13:04:40,303 - INFO - tty.usbmodem0006822145041: ECDH request received
2019-07-08 13:04:40,304 - DEBUG - tty.usbmodem0006822145041: Writing: 104 bytearray(b'\x00m\xd0\xeas\xe8\x8e\x8fg\xc6\xd3\x01N\x9d1w\xeb\x0e\x98\x9881\xa8\x08\xe0\x04\xba \x0b\x1e\x91\xd5(')
2019-07-08 13:04:40,304 - DEBUG - tty.usbmodem0006822145041: TX: 2268006dd0ea73e88e8f67c6d3014e9d3177eb0e98983831a808e004ba200b1e91d528
2019-07-08 13:04:40,310 - DEBUG - tty.usbmodem0006822145041: RX: 0484680000
2019-07-08 13:04:40,310 - DEBUG - tty.usbmodem0006822145041: parsed_packet {event: CmdRsp, data: {'opcode': 104, 'status': 0, 'data': bytearray(b'\x00')}}
2019-07-08 13:04:40,310 - INFO - tty.usbmodem0006822145041: EcdhSecret: {'context': 0}
2019-07-08 13:04:40,672 - DEBUG - tty.usbmodem0006822145041: RX: 2cc500000000000000110000000f6abbe3690d7916c98b41007137186518eed9c2a56add85049ffc3c59ad0e12
2019-07-08 13:04:40,672 - DEBUG - tty.usbmodem0006822145041: parsed_packet {event: ProvComplete, data: {'context_id': 0, 'iv_index': 0, 'net_key_index': 0, 'address': 17, 'iv_update_flag': 0, 'key_refresh_flag': 0, 'device_key': bytearray(b'\x0fj\xbb\xe3i\ry\x16\xc9\x8bA\x00q7\x18e'), 'net_key': bytearray(b'\x18\xee\xd9\xc2\xa5j\xdd\x85\x04\x9f\xfc<Y\xad\x0e\x12')}}
2019-07-08 13:04:40,672 - INFO - tty.usbmodem0006822145041: {event: ProvComplete, data: {'context_id': 0, 'iv_index': 0, 'net_key_index': 0, 'address': 17, 'iv_update_flag': 0, 'key_refresh_flag': 0, 'device_key': bytearray(b'\x0fj\xbb\xe3i\ry\x16\xc9\x8bA\x00q7\x18e'), 'net_key': bytearray(b'\x18\xee\xd9\xc2\xa5j\xdd\x85\x04\x9f\xfc<Y\xad\x0e\x12')}}
2019-07-08 13:04:44,274 - DEBUG - tty.usbmodem0006822145041.ConfigurationClient: Sending opcode: 8008, data: 00
2019-07-08 13:04:44,275 - DEBUG - tty.usbmodem0006822145041.ConfigurationClient: Sending opcode: 00, data: 0000004f68ad85d9f48ac8589df665b6b49b8a
2019-07-08 13:04:44,275 - DEBUG - tty.usbmodem0006822145041: Writing: 171 bytearray(b'\x08\x00\x01\x00\x00\x00\x08\x00\x00\x00\x80\x08\x00')
2019-07-08 13:04:44,275 - INFO - tty.usbmodem0006822145041: Adding address c001
2019-07-08 13:04:44,276 - DEBUG - tty.usbmodem0006822145041: TX: 0eab08000100000008000000800800
2019-07-08 13:04:44,276 - DEBUG - tty.usbmodem0006822145041: Writing: 171 bytearray(b'\x08\x00\x01\x00\x00\x00\x08\x00\x00\x00\x00\x00\x00\x00Oh\xad\x85\xd9\xf4\x8a\xc8X\x9d\xf6e\xb6\xb4\x9b\x8a')
2019-07-08 13:04:44,276 - DEBUG - tty.usbmodem0006822145041: TX: 1fab08000100000008000000000000004f68ad85d9f48ac8589df665b6b49b8a
2019-07-08 13:04:46,281 - INFO - tty.usbmodem0006822145041: cmd PacketSend, timeout waiting for event
2019-07-08 13:04:46,281 - DEBUG - tty.usbmodem0006822145041: Writing: 161 bytearray(b'\x01\xc0')
2019-07-08 13:04:46,281 - DEBUG - tty.usbmodem0006822145041: TX: 03a101c0
2019-07-08 13:04:46,677 - INFO - tty.usbmodem0006822145041: Provisioning complete
2019-07-08 13:04:46,677 - INFO - tty.usbmodem0006822145041: 	Address(es): 0x11-0x11
2019-07-08 13:04:46,678 - INFO - tty.usbmodem0006822145041: 	Device key: 0f6abbe3690d7916c98b410071371865
2019-07-08 13:04:46,678 - INFO - tty.usbmodem0006822145041: 	Network key: 18eed9c2a56add85049ffc3c59ad0e12
2019-07-08 13:04:46,678 - INFO - tty.usbmodem0006822145041: Adding device key to subnet 0
2019-07-08 13:04:46,679 - INFO - tty.usbmodem0006822145041: Adding publication address of root element
2019-07-08 13:04:46,689 - DEBUG - tty.usbmodem0006822145041: RX: 03c20000
2019-07-08 13:04:46,689 - DEBUG - tty.usbmodem0006822145041: parsed_packet {event: ProvLinkClosed, data: {'context_id': 0, 'close_reason': 0}}
2019-07-08 13:04:46,690 - INFO - tty.usbmodem0006822145041: {event: ProvLinkClosed, data: {'context_id': 0, 'close_reason': 0}}
2019-07-08 13:04:46,691 - DEBUG - tty.usbmodem0006822145041: Writing: 156 bytearray(b'\x11\x00\x00\x00\x0fj\xbb\xe3i\ry\x16\xc9\x8bA\x00q7\x18e')
2019-07-08 13:04:46,691 - INFO - tty.usbmodem0006822145041: Provisioning link closed
2019-07-08 13:04:46,691 - DEBUG - tty.usbmodem0006822145041: TX: 159c110000000f6abbe3690d7916c98b410071371865
2019-07-08 13:04:46,691 - DEBUG - tty.usbmodem0006822145041: RX: 0384ab8e
2019-07-08 13:04:46,707 - DEBUG - tty.usbmodem0006822145041: parsed_packet {event: CmdRsp, data: {'opcode': 171, 'status': 142, 'data': bytearray(b'')}}
2019-07-08 13:04:46,708 - ERROR - tty.usbmodem0006822145041: PacketSend: ERROR_REJECTED
2019-07-08 13:04:46,708 - DEBUG - tty.usbmodem0006822145041: RX: 0384ab8e
2019-07-08 13:04:46,709 - DEBUG - tty.usbmodem0006822145041: parsed_packet {event: CmdRsp, data: {'opcode': 171, 'status': 142, 'data': bytearray(b'')}}
2019-07-08 13:04:46,709 - ERROR - tty.usbmodem0006822145041: PacketSend: ERROR_REJECTED
2019-07-08 13:04:46,709 - DEBUG - tty.usbmodem0006822145041: Writing: 164 bytearray(b'\x11\x00')
2019-07-08 13:04:46,710 - DEBUG - tty.usbmodem0006822145041: TX: 03a41100
2019-07-08 13:04:46,710 - DEBUG - tty.usbmodem0006822145041: RX: 0584a1000000
2019-07-08 13:04:46,710 - DEBUG - tty.usbmodem0006822145041: parsed_packet {event: CmdRsp, data: {'opcode': 161, 'status': 0, 'data': bytearray(b'\x00\x00')}}
2019-07-08 13:04:46,711 - INFO - tty.usbmodem0006822145041: AddrSubscriptionAdd: {'address_handle': 0}
2019-07-08 13:04:46,711 - INFO - tty.usbmodem0006822145041: Address handles: [{'address': c001, 'address_handle': 0, 'opcode': 161}]
2019-07-08 13:04:46,716 - DEBUG - tty.usbmodem0006822145041: RX: 05849c000800
2019-07-08 13:04:46,718 - DEBUG - tty.usbmodem0006822145041: parsed_packet {event: CmdRsp, data: {'opcode': 156, 'status': 0, 'data': bytearray(b'\x08\x00')}}
2019-07-08 13:04:46,719 - INFO - tty.usbmodem0006822145041: DevkeyAdd: {'devkey_handle': 8}
2019-07-08 13:04:46,719 - DEBUG - tty.usbmodem0006822145041: RX: 0584a4000100
2019-07-08 13:04:46,719 - DEBUG - tty.usbmodem0006822145041: parsed_packet {event: CmdRsp, data: {'opcode': 164, 'status': 0, 'data': bytearray(b'\x01\x00')}}
2019-07-08 13:04:46,719 - INFO - tty.usbmodem0006822145041: AddrPublicationAdd: {'address_handle': 1}
2019-07-08 13:04:46,719 - ERROR - tty.usbmodem0006822145041: Error storing address handle: pop from empty list
2019-07-08 13:04:56,676 - DEBUG - tty.usbmodem0006822145041.ConfigurationClient: Sending opcode: 8008, data: 00
2019-07-08 13:04:56,676 - DEBUG - tty.usbmodem0006822145041.ConfigurationClient: Sending opcode: 00, data: 0000004f68ad85d9f48ac8589df665b6b49b8a
2019-07-08 13:04:56,676 - DEBUG - tty.usbmodem0006822145041: Writing: 171 bytearray(b'\x08\x00\x01\x00\x00\x00\x08\x00\x00\x00\x80\x08\x00')
2019-07-08 13:04:56,677 - INFO - tty.usbmodem0006822145041: Adding address c001
2019-07-08 13:04:56,677 - DEBUG - tty.usbmodem0006822145041: TX: 0eab08000100000008000000800800
2019-07-08 13:04:56,677 - DEBUG - tty.usbmodem0006822145041: Writing: 171 bytearray(b'\x08\x00\x01\x00\x00\x00\x08\x00\x00\x00\x00\x00\x00\x00Oh\xad\x85\xd9\xf4\x8a\xc8X\x9d\xf6e\xb6\xb4\x9b\x8a')
2019-07-08 13:04:56,677 - DEBUG - tty.usbmodem0006822145041: TX: 1fab08000100000008000000000000004f68ad85d9f48ac8589df665b6b49b8a
2019-07-08 13:04:56,680 - DEBUG - tty.usbmodem0006822145041: RX: 0784ab0003000000
2019-07-08 13:04:56,680 - DEBUG - tty.usbmodem0006822145041: parsed_packet {event: CmdRsp, data: {'opcode': 171, 'status': 0, 'data': bytearray(b'\x03\x00\x00\x00')}}
2019-07-08 13:04:56,681 - INFO - tty.usbmodem0006822145041: PacketSend: {'token': 3}
2019-07-08 13:04:56,681 - DEBUG - tty.usbmodem0006822145041: Writing: 161 bytearray(b'\x01\xc0')
2019-07-08 13:04:56,681 - DEBUG - tty.usbmodem0006822145041: TX: 03a101c0
2019-07-08 13:04:56,684 - DEBUG - tty.usbmodem0006822145041: RX: 0784ab0004000000
2019-07-08 13:04:56,684 - DEBUG - tty.usbmodem0006822145041: parsed_packet {event: CmdRsp, data: {'opcode': 171, 'status': 0, 'data': bytearray(b'\x04\x00\x00\x00')}}
2019-07-08 13:04:56,684 - INFO - tty.usbmodem0006822145041: PacketSend: {'token': 4}
2019-07-08 13:04:56,685 - DEBUG - tty.usbmodem0006822145041: RX: 0584a1000000
2019-07-08 13:04:56,695 - DEBUG - tty.usbmodem0006822145041: parsed_packet {event: CmdRsp, data: {'opcode': 161, 'status': 0, 'data': bytearray(b'\x00\x00')}}
2019-07-08 13:04:56,696 - INFO - tty.usbmodem0006822145041: AddrSubscriptionAdd: {'address_handle': 0}
2019-07-08 13:04:56,696 - INFO - tty.usbmodem0006822145041: Address handles: [{'address': c001, 'address_handle': 0, 'opcode': 161}, {'address': c001, 'address_handle': 0, 'opcode': 161}]
2019-07-08 13:04:56,697 - DEBUG - tty.usbmodem0006822145041: RX: 05d203000000
2019-07-08 13:04:56,697 - DEBUG - tty.usbmodem0006822145041: parsed_packet {event: MeshTxComplete, data: {'token': 3}}
2019-07-08 13:04:56,698 - INFO - tty.usbmodem0006822145041: {event: MeshTxComplete, data: {'token': 3}}
2019-07-08 13:04:59,185 - DEBUG - tty.usbmodem0006822145041: RX: 05d204000000
2019-07-08 13:04:59,185 - DEBUG - tty.usbmodem0006822145041: parsed_packet {event: MeshTxComplete, data: {'token': 4}}
2019-07-08 13:04:59,186 - INFO - tty.usbmodem0006822145041: {event: MeshTxComplete, data: {'token': 4}}
2019-07-08 13:05:07,164 - DEBUG - tty.usbmodem0006822145041.ConfigurationClient: Sending opcode: 8008, data: 00
2019-07-08 13:05:07,166 - DEBUG - tty.usbmodem0006822145041.ConfigurationClient: Sending opcode: 00, data: 0000004f68ad85d9f48ac8589df665b6b49b8a
2019-07-08 13:05:07,166 - DEBUG - tty.usbmodem0006822145041: Writing: 171 bytearray(b'\x08\x00\x01\x00\x00\x00\x08\x00\x00\x00\x80\x08\x00')
2019-07-08 13:05:07,166 - INFO - tty.usbmodem0006822145041: Adding address c001
2019-07-08 13:05:07,166 - DEBUG - tty.usbmodem0006822145041: TX: 0eab08000100000008000000800800
2019-07-08 13:05:07,167 - DEBUG - tty.usbmodem0006822145041: Writing: 171 bytearray(b'\x08\x00\x01\x00\x00\x00\x08\x00\x00\x00\x00\x00\x00\x00Oh\xad\x85\xd9\xf4\x8a\xc8X\x9d\xf6e\xb6\xb4\x9b\x8a')
2019-07-08 13:05:07,167 - DEBUG - tty.usbmodem0006822145041: TX: 1fab08000100000008000000000000004f68ad85d9f48ac8589df665b6b49b8a
2019-07-08 13:05:07,169 - DEBUG - tty.usbmodem0006822145041: RX: 0784ab0005000000
2019-07-08 13:05:07,177 - DEBUG - tty.usbmodem0006822145041: parsed_packet {event: CmdRsp, data: {'opcode': 171, 'status': 0, 'data': bytearray(b'\x05\x00\x00\x00')}}
2019-07-08 13:05:07,178 - INFO - tty.usbmodem0006822145041: PacketSend: {'token': 5}
2019-07-08 13:05:07,179 - DEBUG - tty.usbmodem0006822145041: RX: 05d205000000
2019-07-08 13:05:07,180 - DEBUG - tty.usbmodem0006822145041: parsed_packet {event: MeshTxComplete, data: {'token': 5}}
2019-07-08 13:05:07,180 - INFO - tty.usbmodem0006822145041: {event: MeshTxComplete, data: {'token': 5}}
2019-07-08 13:05:07,180 - DEBUG - tty.usbmodem0006822145041: RX: 0784ab0006000000
2019-07-08 13:05:07,181 - DEBUG - tty.usbmodem0006822145041: parsed_packet {event: CmdRsp, data: {'opcode': 171, 'status': 0, 'data': bytearray(b'\x06\x00\x00\x00')}}
2019-07-08 13:05:07,181 - INFO - tty.usbmodem0006822145041: PacketSend: {'token': 6}
2019-07-08 13:05:07,181 - DEBUG - tty.usbmodem0006822145041: Writing: 161 bytearray(b'\x01\xc0')
2019-07-08 13:05:07,181 - DEBUG - tty.usbmodem0006822145041: TX: 03a101c0
2019-07-08 13:05:07,183 - DEBUG - tty.usbmodem0006822145041: RX: 0584a1000000
2019-07-08 13:05:07,184 - DEBUG - tty.usbmodem0006822145041: parsed_packet {event: CmdRsp, data: {'opcode': 161, 'status': 0, 'data': bytearray(b'\x00\x00')}}
2019-07-08 13:05:07,184 - INFO - tty.usbmodem0006822145041: AddrSubscriptionAdd: {'address_handle': 0}
2019-07-08 13:05:07,184 - INFO - tty.usbmodem0006822145041: Address handles: [{'address': c001, 'address_handle': 0, 'opcode': 161}, {'address': c001, 'address_handle': 0, 'opcode': 161}, {'address': c001, 'address_handle': 0, 'opcode': 161}]
2019-07-08 13:05:09,674 - DEBUG - tty.usbmodem0006822145041: RX: 05d206000000
2019-07-08 13:05:09,675 - DEBUG - tty.usbmodem0006822145041: parsed_packet {event: MeshTxComplete, data: {'token': 6}}
2019-07-08 13:05:09,675 - INFO - tty.usbmodem0006822145041: {event: MeshTxComplete, data: {'token': 6}}
2019-07-08 13:05:34,267 - DEBUG - tty.usbmodem0006822145041.ConfigurationClient: Sending opcode: 8008, data: 00
2019-07-08 13:05:34,268 - DEBUG - tty.usbmodem0006822145041.ConfigurationClient: Sending opcode: 00, data: 0000004f68ad85d9f48ac8589df665b6b49b8a
2019-07-08 13:05:34,268 - DEBUG - tty.usbmodem0006822145041: Writing: 171 bytearray(b'\x08\x00\x01\x00\x00\x00\x08\x00\x00\x00\x80\x08\x00')
2019-07-08 13:05:34,268 - INFO - tty.usbmodem0006822145041: Adding address c001
2019-07-08 13:05:34,268 - DEBUG - tty.usbmodem0006822145041: TX: 0eab08000100000008000000800800
2019-07-08 13:05:34,269 - DEBUG - tty.usbmodem0006822145041: Writing: 171 bytearray(b'\x08\x00\x01\x00\x00\x00\x08\x00\x00\x00\x00\x00\x00\x00Oh\xad\x85\xd9\xf4\x8a\xc8X\x9d\xf6e\xb6\xb4\x9b\x8a')
2019-07-08 13:05:34,269 - DEBUG - tty.usbmodem0006822145041: TX: 1fab08000100000008000000000000004f68ad85d9f48ac8589df665b6b49b8a
2019-07-08 13:05:34,273 - DEBUG - tty.usbmodem0006822145041: RX: 0784ab0007000000
2019-07-08 13:05:34,285 - DEBUG - tty.usbmodem0006822145041: parsed_packet {event: CmdRsp, data: {'opcode': 171, 'status': 0, 'data': bytearray(b'\x07\x00\x00\x00')}}
2019-07-08 13:05:34,286 - INFO - tty.usbmodem0006822145041: PacketSend: {'token': 7}
2019-07-08 13:05:34,287 - DEBUG - tty.usbmodem0006822145041: Writing: 161 bytearray(b'\x01\xc0')
2019-07-08 13:05:34,288 - DEBUG - tty.usbmodem0006822145041: RX: 0784ab0008000000
2019-07-08 13:05:34,291 - DEBUG - tty.usbmodem0006822145041: parsed_packet {event: CmdRsp, data: {'opcode': 171, 'status': 0, 'data': bytearray(b'\x08\x00\x00\x00')}}
2019-07-08 13:05:34,289 - DEBUG - tty.usbmodem0006822145041: TX: 03a101c0
2019-07-08 13:05:34,292 - INFO - tty.usbmodem0006822145041: PacketSend: {'token': 8}
2019-07-08 13:05:34,295 - DEBUG - tty.usbmodem0006822145041: RX: 05d207000000
2019-07-08 13:05:34,296 - DEBUG - tty.usbmodem0006822145041: parsed_packet {event: MeshTxComplete, data: {'token': 7}}
2019-07-08 13:05:34,296 - INFO - tty.usbmodem0006822145041: {event: MeshTxComplete, data: {'token': 7}}
2019-07-08 13:05:34,296 - DEBUG - tty.usbmodem0006822145041: RX: 0584a1000000
2019-07-08 13:05:34,296 - DEBUG - tty.usbmodem0006822145041: parsed_packet {event: CmdRsp, data: {'opcode': 161, 'status': 0, 'data': bytearray(b'\x00\x00')}}
2019-07-08 13:05:34,297 - INFO - tty.usbmodem0006822145041: AddrSubscriptionAdd: {'address_handle': 0}
2019-07-08 13:05:34,297 - INFO - tty.usbmodem0006822145041: Address handles: [{'address': c001, 'address_handle': 0, 'opcode': 161}, {'address': c001, 'address_handle': 0, 'opcode': 161}, {'address': c001, 'address_handle': 0, 'opcode': 161}, {'address': c001, 'address_handle': 0, 'opcode': 161}]
2019-07-08 13:05:36,777 - DEBUG - tty.usbmodem0006822145041: RX: 05d208000000
2019-07-08 13:05:36,780 - DEBUG - tty.usbmodem0006822145041: parsed_packet {event: MeshTxComplete, data: {'token': 8}}
2019-07-08 13:05:36,780 - INFO - tty.usbmodem0006822145041: {event: MeshTxComplete, data: {'token': 8}}
2019-07-08 13:05:48,149 - INFO - tty.usbmodem0006822145041: Adding address 0010
2019-07-08 13:05:48,149 - DEBUG - tty.usbmodem0006822145041: Writing: 164 bytearray(b'\x10\x00')
2019-07-08 13:05:48,149 - DEBUG - tty.usbmodem0006822145041: TX: 03a41000
2019-07-08 13:05:48,151 - DEBUG - tty.usbmodem0006822145041: RX: 0584a4000200
2019-07-08 13:05:48,152 - DEBUG - tty.usbmodem0006822145041: parsed_packet {event: CmdRsp, data: {'opcode': 164, 'status': 0, 'data': bytearray(b'\x02\x00')}}
2019-07-08 13:05:48,152 - INFO - tty.usbmodem0006822145041: AddrPublicationAdd: {'address_handle': 2}
2019-07-08 13:05:48,152 - INFO - tty.usbmodem0006822145041: Address handles: [{'address': c001, 'address_handle': 0, 'opcode': 161}, {'address': c001, 'address_handle': 0, 'opcode': 161}, {'address': c001, 'address_handle': 0, 'opcode': 161}, {'address': c001, 'address_handle': 0, 'opcode': 161}, {'address': 0010, 'address_handle': 2, 'opcode': 164}]
2019-07-08 13:05:49,151 - DEBUG - tty.usbmodem0006822145041.ConfigurationClient: Sending opcode: 803d, data: 100000000010
2019-07-08 13:05:49,151 - DEBUG - tty.usbmodem0006822145041: Writing: 171 bytearray(b'\x08\x00\x01\x00\x00\x00\x08\x00\x00\x00\x80=\x10\x00\x00\x00\x00\x10')
2019-07-08 13:05:49,151 - DEBUG - tty.usbmodem0006822145041: TX: 13ab08000100000008000000803d100000000010
2019-07-08 13:05:49,155 - DEBUG - tty.usbmodem0006822145041: RX: 0784ab0009000000
2019-07-08 13:05:49,155 - DEBUG - tty.usbmodem0006822145041: parsed_packet {event: CmdRsp, data: {'opcode': 171, 'status': 0, 'data': bytearray(b'\t\x00\x00\x00')}}
2019-07-08 13:05:49,156 - INFO - tty.usbmodem0006822145041: PacketSend: {'token': 9}
2019-07-08 13:05:49,164 - DEBUG - tty.usbmodem0006822145041: RX: 05d209000000
2019-07-08 13:05:49,165 - DEBUG - tty.usbmodem0006822145041: parsed_packet {event: MeshTxComplete, data: {'token': 9}}
2019-07-08 13:05:49,165 - INFO - tty.usbmodem0006822145041: {event: MeshTxComplete, data: {'token': 9}}
2019-07-08 13:06:03,198 - DEBUG - tty.usbmodem0006822145041: Writing: 98 bytearray(b'')
2019-07-08 13:06:03,203 - DEBUG - tty.usbmodem0006822145041: TX: 0162
2019-07-08 13:06:03,205 - DEBUG - tty.usbmodem0006822145041: Writing: 99 bytearray(b'\x00\x9d\xb7z\x05&\xb8sI\x88c\x95\t\xc2B\xd1\x07\x18\xee\xd9\xc2\xa5j\xdd\x85\x04\x9f\xfc<Y\xad\x0e\x12\x00\x00\x00\x00\x00\x00\x12\x00\x00\x00\x00')
2019-07-08 13:06:03,205 - DEBUG - tty.usbmodem0006822145041: TX: 2d63009db77a0526b8734988639509c242d10718eed9c2a56add85049ffc3c59ad0e120000000000001200000000
2019-07-08 13:06:03,206 - DEBUG - tty.usbmodem0006822145041: RX: 03846283
2019-07-08 13:06:03,206 - DEBUG - tty.usbmodem0006822145041: parsed_packet {event: CmdRsp, data: {'opcode': 98, 'status': 131, 'data': bytearray(b'')}}
2019-07-08 13:06:03,217 - ERROR - tty.usbmodem0006822145041: None: ERROR_INVALID_STATE
2019-07-08 13:06:03,218 - DEBUG - tty.usbmodem0006822145041: RX: 0484630000
2019-07-08 13:06:03,219 - DEBUG - tty.usbmodem0006822145041: parsed_packet {event: CmdRsp, data: {'opcode': 99, 'status': 0, 'data': bytearray(b'\x00')}}
2019-07-08 13:06:03,219 - INFO - tty.usbmodem0006822145041: Provision: {'context': 0}
2019-07-08 13:06:20,641 - DEBUG - tty.usbmodem0006822145041: RX: 04810200fe
2019-07-08 13:06:20,641 - DEBUG - tty.usbmodem0006822145041: parsed_packet {event: DeviceStarted, data: {'operating_mode': 2, 'hw_error': 0, 'data_credit_available': 254}}
2019-07-08 13:06:20,642 - INFO - tty.usbmodem0006822145041: Device rebooted.
2019-07-08 13:06:21,360 - DEBUG - tty.usbmodem0006822145041: RX: 04810200fe
2019-07-08 13:06:21,360 - DEBUG - tty.usbmodem0006822145041: parsed_packet {event: DeviceStarted, data: {'operating_mode': 2, 'hw_error': 0, 'data_credit_available': 254}}
2019-07-08 13:06:21,360 - INFO - tty.usbmodem0006822145041: Device rebooted.
2019-07-08 13:06:29,457 - DEBUG - tty.usbmodem0006822145041: exited read event
