2019-07-31 19:35:11,336 - DEBUG - tty.usbmodem0006822145041: Writing: 14 bytearray(b'')
2019-07-31 19:35:11,338 - DEBUG - tty.usbmodem0006822145041: TX: 010e
2019-07-31 19:35:11,758 - DEBUG - tty.usbmodem0006822145041: RX: 04810200fe
2019-07-31 19:35:11,758 - DEBUG - tty.usbmodem0006822145041: parsed_packet {event: DeviceStarted, data: {'operating_mode': 2, 'hw_error': 0, 'data_credit_available': 254}}
2019-07-31 19:35:11,759 - INFO - tty.usbmodem0006822145041: Device rebooted.
2019-07-31 19:35:11,906 - DEBUG - tty.usbmodem0006822145041: Writing: 105 bytearray(b'\x9f\xb1h\xf13(`;\xa0]\x83\xa1\xca\xcc7&\x9bW"\xfbeW\xfc\xf5\x9c\xe4\xf3\xb1\x84MI\x83\x89\xfa\xc9Jj\xdbs%\xf8\r\xdbi9\x1aD\xac\x88\xee\xc0\xc4\xa1$j\xf0o4\x898\x03\x8eb+\x9f\x8e\x1b8~qU\x8f\xf7\xa8^\x13\xa5-;\x18\x00&\xe7\xa6\xf8k\x80\xb3\x03\xdd\x14\x1e\xe7/Z\xb1')
2019-07-31 19:35:11,906 - DEBUG - tty.usbmodem0006822145041: TX: 61699fb168f13328603ba05d83a1cacc37269b5722fb6557fcf59ce4f3b1844d498389fac94a6adb7325f80ddb69391a44ac88eec0c4a1246af06f348938038e622b9f8e1b387e71558ff7a85e13a52d3b180026e7a6f86b80b303dd141ee72f5ab1
2019-07-31 19:35:11,956 - INFO - tty.usbmodem0006822145041: 

2019-07-31 19:35:11,957 - INFO - tty.usbmodem0006822145041: Sending next message
2019-07-31 19:35:11,962 - DEBUG - tty.usbmodem0006822145041: RX: 03845384
2019-07-31 19:35:11,962 - DEBUG - tty.usbmodem0006822145041: parsed_packet {event: CmdRsp, data: {'opcode': 83, 'status': 132, 'data': bytearray(b'')}}
2019-07-31 19:35:11,963 - ERROR - tty.usbmodem0006822145041: None: ERROR_INVALID_LENGTH
2019-07-31 19:35:11,963 - DEBUG - tty.usbmodem0006822145041: RX: 03840084
2019-07-31 19:35:11,963 - DEBUG - tty.usbmodem0006822145041: parsed_packet {event: CmdRsp, data: {'opcode': 0, 'status': 132, 'data': bytearray(b'')}}
2019-07-31 19:35:11,964 - ERROR - tty.usbmodem0006822145041: None: ERROR_INVALID_LENGTH
2019-07-31 19:35:11,964 - DEBUG - tty.usbmodem0006822145041: RX: 03840084
2019-07-31 19:35:11,964 - DEBUG - tty.usbmodem0006822145041: parsed_packet {event: CmdRsp, data: {'opcode': 0, 'status': 132, 'data': bytearray(b'')}}
2019-07-31 19:35:11,964 - ERROR - tty.usbmodem0006822145041: None: ERROR_INVALID_LENGTH
2019-07-31 19:35:11,964 - DEBUG - tty.usbmodem0006822145041: RX: 03840084
2019-07-31 19:35:11,965 - DEBUG - tty.usbmodem0006822145041: parsed_packet {event: CmdRsp, data: {'opcode': 0, 'status': 132, 'data': bytearray(b'')}}
2019-07-31 19:35:11,965 - ERROR - tty.usbmodem0006822145041: None: ERROR_INVALID_LENGTH
2019-07-31 19:35:11,965 - DEBUG - tty.usbmodem0006822145041: RX: 03840084
2019-07-31 19:35:11,965 - DEBUG - tty.usbmodem0006822145041: parsed_packet {event: CmdRsp, data: {'opcode': 0, 'status': 132, 'data': bytearray(b'')}}
2019-07-31 19:35:11,965 - ERROR - tty.usbmodem0006822145041: None: ERROR_INVALID_LENGTH
2019-07-31 19:35:11,966 - DEBUG - tty.usbmodem0006822145041: RX: 03840084
2019-07-31 19:35:11,966 - DEBUG - tty.usbmodem0006822145041: parsed_packet {event: CmdRsp, data: {'opcode': 0, 'status': 132, 'data': bytearray(b'')}}
2019-07-31 19:35:11,966 - ERROR - tty.usbmodem0006822145041: None: ERROR_INVALID_LENGTH
2019-07-31 19:35:11,966 - DEBUG - tty.usbmodem0006822145041: RX: 03840084
2019-07-31 19:35:11,966 - DEBUG - tty.usbmodem0006822145041: parsed_packet {event: CmdRsp, data: {'opcode': 0, 'status': 132, 'data': bytearray(b'')}}
2019-07-31 19:35:11,966 - ERROR - tty.usbmodem0006822145041: None: ERROR_INVALID_LENGTH
2019-07-31 19:35:11,966 - DEBUG - tty.usbmodem0006822145041: RX: 03840084
2019-07-31 19:35:11,966 - DEBUG - tty.usbmodem0006822145041: parsed_packet {event: CmdRsp, data: {'opcode': 0, 'status': 132, 'data': bytearray(b'')}}
2019-07-31 19:35:11,966 - ERROR - tty.usbmodem0006822145041: None: ERROR_INVALID_LENGTH
2019-07-31 19:35:11,966 - DEBUG - tty.usbmodem0006822145041: RX: 03840084
2019-07-31 19:35:11,966 - DEBUG - tty.usbmodem0006822145041: parsed_packet {event: CmdRsp, data: {'opcode': 0, 'status': 132, 'data': bytearray(b'')}}
2019-07-31 19:35:11,967 - ERROR - tty.usbmodem0006822145041: None: ERROR_INVALID_LENGTH
2019-07-31 19:35:11,967 - DEBUG - tty.usbmodem0006822145041: RX: 03840084
2019-07-31 19:35:11,967 - DEBUG - tty.usbmodem0006822145041: parsed_packet {event: CmdRsp, data: {'opcode': 0, 'status': 132, 'data': bytearray(b'')}}
2019-07-31 19:35:11,967 - ERROR - tty.usbmodem0006822145041: None: ERROR_INVALID_LENGTH
2019-07-31 19:35:11,967 - DEBUG - tty.usbmodem0006822145041: RX: 03840084
2019-07-31 19:35:11,967 - DEBUG - tty.usbmodem0006822145041: parsed_packet {event: CmdRsp, data: {'opcode': 0, 'status': 132, 'data': bytearray(b'')}}
2019-07-31 19:35:11,967 - ERROR - tty.usbmodem0006822145041: None: ERROR_INVALID_LENGTH
2019-07-31 19:35:11,967 - DEBUG - tty.usbmodem0006822145041: RX: 03840084
2019-07-31 19:35:11,967 - DEBUG - tty.usbmodem0006822145041: parsed_packet {event: CmdRsp, data: {'opcode': 0, 'status': 132, 'data': bytearray(b'')}}
2019-07-31 19:35:11,967 - ERROR - tty.usbmodem0006822145041: None: ERROR_INVALID_LENGTH
2019-07-31 19:35:11,972 - DEBUG - tty.usbmodem0006822145041: RX: 03840084
2019-07-31 19:35:11,972 - DEBUG - tty.usbmodem0006822145041: parsed_packet {event: CmdRsp, data: {'opcode': 0, 'status': 132, 'data': bytearray(b'')}}
2019-07-31 19:35:11,973 - ERROR - tty.usbmodem0006822145041: None: ERROR_INVALID_LENGTH
2019-07-31 19:35:11,986 - DEBUG - tty.usbmodem0006822145041: Writing: 159 bytearray(b'\x01\x00\x01\x00')
2019-07-31 19:35:11,986 - DEBUG - tty.usbmodem0006822145041: TX: 059f01000100
2019-07-31 19:35:11,989 - DEBUG - tty.usbmodem0006822145041: RX: 03849f00
2019-07-31 19:35:11,990 - DEBUG - tty.usbmodem0006822145041: parsed_packet {event: CmdRsp, data: {'opcode': 159, 'status': 0, 'data': bytearray(b'')}}
2019-07-31 19:35:11,991 - INFO - tty.usbmodem0006822145041: Success
2019-07-31 19:35:12,008 - DEBUG - tty.usbmodem0006822145041: Writing: 146 bytearray(b'\x00\x00\x18\xee\xd9\xc2\xa5j\xdd\x85\x04\x9f\xfc<Y\xad\x0e\x12')
2019-07-31 19:35:12,008 - DEBUG - tty.usbmodem0006822145041: TX: 1392000018eed9c2a56add85049ffc3c59ad0e12
2019-07-31 19:35:12,012 - DEBUG - tty.usbmodem0006822145041: RX: 058492000000
2019-07-31 19:35:12,013 - DEBUG - tty.usbmodem0006822145041: parsed_packet {event: CmdRsp, data: {'opcode': 146, 'status': 0, 'data': bytearray(b'\x00\x00')}}
2019-07-31 19:35:12,013 - INFO - tty.usbmodem0006822145041: SubnetAdd: {'subnet_handle': 0}
2019-07-31 19:35:12,032 - DEBUG - tty.usbmodem0006822145041: Writing: 151 bytearray(b'\x00\x00\x00\x00Oh\xad\x85\xd9\xf4\x8a\xc8X\x9d\xf6e\xb6\xb4\x9b\x8a')
2019-07-31 19:35:12,032 - DEBUG - tty.usbmodem0006822145041: TX: 1597000000004f68ad85d9f48ac8589df665b6b49b8a
2019-07-31 19:35:12,036 - DEBUG - tty.usbmodem0006822145041: RX: 058497000000
2019-07-31 19:35:12,036 - DEBUG - tty.usbmodem0006822145041: parsed_packet {event: CmdRsp, data: {'opcode': 151, 'status': 0, 'data': bytearray(b'\x00\x00')}}
2019-07-31 19:35:12,037 - INFO - tty.usbmodem0006822145041: AppkeyAdd: {'appkey_handle': 0}
2019-07-31 19:35:12,054 - DEBUG - tty.usbmodem0006822145041: Writing: 151 bytearray(b'\x01\x00\x00\x00*\xa2\xa6\xde\xd5\xa0y\x8c\xea\xb5x|\xa3\xae9\xfc')
2019-07-31 19:35:12,054 - DEBUG - tty.usbmodem0006822145041: TX: 1597010000002aa2a6ded5a0798ceab5787ca3ae39fc
2019-07-31 19:35:12,058 - DEBUG - tty.usbmodem0006822145041: RX: 058497000100
2019-07-31 19:35:12,058 - DEBUG - tty.usbmodem0006822145041: parsed_packet {event: CmdRsp, data: {'opcode': 151, 'status': 0, 'data': bytearray(b'\x01\x00')}}
2019-07-31 19:35:12,058 - INFO - tty.usbmodem0006822145041: AppkeyAdd: {'appkey_handle': 1}
2019-07-31 19:35:12,077 - DEBUG - tty.usbmodem0006822145041: Writing: 164 bytearray(b'\x10\x00')
2019-07-31 19:35:12,078 - DEBUG - tty.usbmodem0006822145041: TX: 03a41000
2019-07-31 19:35:12,080 - DEBUG - tty.usbmodem0006822145041: RX: 0584a4000000
2019-07-31 19:35:12,080 - DEBUG - tty.usbmodem0006822145041: parsed_packet {event: CmdRsp, data: {'opcode': 164, 'status': 0, 'data': bytearray(b'\x00\x00')}}
2019-07-31 19:35:12,080 - INFO - tty.usbmodem0006822145041: AddrPublicationAdd: {'address_handle': 0}
2019-07-31 19:35:12,106 - INFO - tty.usbmodem0006822145041: 

2019-07-31 19:35:12,106 - INFO - tty.usbmodem0006822145041: Sending next message
2019-07-31 19:35:12,107 - DEBUG - tty.usbmodem0006822145041: Writing: 161 bytearray(b'\x01\xc0')
2019-07-31 19:35:12,107 - DEBUG - tty.usbmodem0006822145041: TX: 03a101c0
2019-07-31 19:35:12,110 - DEBUG - tty.usbmodem0006822145041: RX: 0584a1000100
2019-07-31 19:35:12,111 - DEBUG - tty.usbmodem0006822145041: parsed_packet {event: CmdRsp, data: {'opcode': 161, 'status': 0, 'data': bytearray(b'\x01\x00')}}
2019-07-31 19:35:12,111 - INFO - tty.usbmodem0006822145041: AddrSubscriptionAdd: {'address_handle': 1}
2019-07-31 19:35:12,143 - INFO - tty.usbmodem0006822145041: 

2019-07-31 19:35:12,144 - INFO - tty.usbmodem0006822145041: Sending next message
2019-07-31 19:35:12,144 - DEBUG - tty.usbmodem0006822145041: Writing: 164 bytearray(b'\x11\x00')
2019-07-31 19:35:12,144 - DEBUG - tty.usbmodem0006822145041: TX: 03a41100
2019-07-31 19:35:12,146 - DEBUG - tty.usbmodem0006822145041: RX: 0584a4000200
2019-07-31 19:35:12,147 - DEBUG - tty.usbmodem0006822145041: parsed_packet {event: CmdRsp, data: {'opcode': 164, 'status': 0, 'data': bytearray(b'\x02\x00')}}
2019-07-31 19:35:12,147 - INFO - tty.usbmodem0006822145041: AddrPublicationAdd: {'address_handle': 2}
2019-07-31 19:35:12,179 - INFO - tty.usbmodem0006822145041: 

2019-07-31 19:35:12,180 - INFO - tty.usbmodem0006822145041: Sending next message
2019-07-31 19:35:12,180 - DEBUG - tty.usbmodem0006822145041: Writing: 164 bytearray(b'\x12\x00')
2019-07-31 19:35:12,181 - DEBUG - tty.usbmodem0006822145041: TX: 03a41200
2019-07-31 19:35:12,183 - DEBUG - tty.usbmodem0006822145041: RX: 0584a4000300
2019-07-31 19:35:12,183 - DEBUG - tty.usbmodem0006822145041: parsed_packet {event: CmdRsp, data: {'opcode': 164, 'status': 0, 'data': bytearray(b'\x03\x00')}}
2019-07-31 19:35:12,183 - INFO - tty.usbmodem0006822145041: AddrPublicationAdd: {'address_handle': 3}
2019-07-31 19:35:12,216 - INFO - tty.usbmodem0006822145041: 

2019-07-31 19:35:12,216 - INFO - tty.usbmodem0006822145041: Sending next message
2019-07-31 19:35:12,217 - DEBUG - tty.usbmodem0006822145041: Writing: 164 bytearray(b'\x13\x00')
2019-07-31 19:35:12,217 - DEBUG - tty.usbmodem0006822145041: TX: 03a41300
2019-07-31 19:35:12,220 - DEBUG - tty.usbmodem0006822145041: RX: 0584a4000400
2019-07-31 19:35:12,221 - DEBUG - tty.usbmodem0006822145041: parsed_packet {event: CmdRsp, data: {'opcode': 164, 'status': 0, 'data': bytearray(b'\x04\x00')}}
2019-07-31 19:35:12,222 - INFO - tty.usbmodem0006822145041: AddrPublicationAdd: {'address_handle': 4}
2019-07-31 19:35:12,252 - INFO - tty.usbmodem0006822145041: 

2019-07-31 19:35:12,253 - INFO - tty.usbmodem0006822145041: Sending next message
2019-07-31 19:35:12,254 - DEBUG - tty.usbmodem0006822145041: Writing: 164 bytearray(b'\x14\x00')
2019-07-31 19:35:12,255 - DEBUG - tty.usbmodem0006822145041: TX: 03a41400
2019-07-31 19:35:12,257 - DEBUG - tty.usbmodem0006822145041: RX: 0584a4000500
2019-07-31 19:35:12,257 - DEBUG - tty.usbmodem0006822145041: parsed_packet {event: CmdRsp, data: {'opcode': 164, 'status': 0, 'data': bytearray(b'\x05\x00')}}
2019-07-31 19:35:12,257 - INFO - tty.usbmodem0006822145041: AddrPublicationAdd: {'address_handle': 5}
2019-07-31 19:35:12,288 - INFO - tty.usbmodem0006822145041: 

2019-07-31 19:35:12,289 - INFO - tty.usbmodem0006822145041: Sending next message
2019-07-31 19:35:12,289 - DEBUG - tty.usbmodem0006822145041: Writing: 164 bytearray(b'\x15\x00')
2019-07-31 19:35:12,289 - DEBUG - tty.usbmodem0006822145041: TX: 03a41500
2019-07-31 19:35:12,291 - DEBUG - tty.usbmodem0006822145041: RX: 0584a4000600
2019-07-31 19:35:12,292 - DEBUG - tty.usbmodem0006822145041: parsed_packet {event: CmdRsp, data: {'opcode': 164, 'status': 0, 'data': bytearray(b'\x06\x00')}}
2019-07-31 19:35:12,292 - INFO - tty.usbmodem0006822145041: AddrPublicationAdd: {'address_handle': 6}
2019-07-31 19:35:12,325 - INFO - tty.usbmodem0006822145041: 

2019-07-31 19:35:12,325 - INFO - tty.usbmodem0006822145041: Sending next message
2019-07-31 19:35:12,326 - DEBUG - tty.usbmodem0006822145041: Writing: 164 bytearray(b'\x16\x00')
2019-07-31 19:35:12,326 - DEBUG - tty.usbmodem0006822145041: TX: 03a41600
2019-07-31 19:35:12,328 - DEBUG - tty.usbmodem0006822145041: RX: 0584a4000700
2019-07-31 19:35:12,329 - DEBUG - tty.usbmodem0006822145041: parsed_packet {event: CmdRsp, data: {'opcode': 164, 'status': 0, 'data': bytearray(b'\x07\x00')}}
2019-07-31 19:35:12,329 - INFO - tty.usbmodem0006822145041: AddrPublicationAdd: {'address_handle': 7}
2019-07-31 19:35:12,364 - INFO - tty.usbmodem0006822145041: 

2019-07-31 19:35:12,364 - INFO - tty.usbmodem0006822145041: Sending next message
2019-07-31 19:35:12,364 - DEBUG - tty.usbmodem0006822145041: Writing: 164 bytearray(b'\x17\x00')
2019-07-31 19:35:12,364 - DEBUG - tty.usbmodem0006822145041: TX: 03a41700
2019-07-31 19:35:12,366 - DEBUG - tty.usbmodem0006822145041: RX: 0584a4000800
2019-07-31 19:35:12,367 - DEBUG - tty.usbmodem0006822145041: parsed_packet {event: CmdRsp, data: {'opcode': 164, 'status': 0, 'data': bytearray(b'\x08\x00')}}
2019-07-31 19:35:12,367 - INFO - tty.usbmodem0006822145041: AddrPublicationAdd: {'address_handle': 8}
2019-07-31 19:35:12,415 - INFO - tty.usbmodem0006822145041: 

2019-07-31 19:35:12,415 - INFO - tty.usbmodem0006822145041: Sending next message
2019-07-31 19:35:12,416 - DEBUG - tty.usbmodem0006822145041: Writing: 164 bytearray(b'\x18\x00')
2019-07-31 19:35:12,416 - DEBUG - tty.usbmodem0006822145041: TX: 03a41800
2019-07-31 19:35:12,422 - DEBUG - tty.usbmodem0006822145041: RX: 0584a4000900
2019-07-31 19:35:12,422 - DEBUG - tty.usbmodem0006822145041: parsed_packet {event: CmdRsp, data: {'opcode': 164, 'status': 0, 'data': bytearray(b'\t\x00')}}
2019-07-31 19:35:12,422 - INFO - tty.usbmodem0006822145041: AddrPublicationAdd: {'address_handle': 9}
2019-07-31 19:35:12,458 - INFO - tty.usbmodem0006822145041: 

2019-07-31 19:35:12,458 - INFO - tty.usbmodem0006822145041: Sending next message
2019-07-31 19:35:12,459 - DEBUG - tty.usbmodem0006822145041: Writing: 164 bytearray(b'\x19\x00')
2019-07-31 19:35:12,459 - DEBUG - tty.usbmodem0006822145041: TX: 03a41900
2019-07-31 19:35:12,461 - DEBUG - tty.usbmodem0006822145041: RX: 0584a4000a00
2019-07-31 19:35:12,461 - DEBUG - tty.usbmodem0006822145041: parsed_packet {event: CmdRsp, data: {'opcode': 164, 'status': 0, 'data': bytearray(b'\n\x00')}}
2019-07-31 19:35:12,461 - INFO - tty.usbmodem0006822145041: AddrPublicationAdd: {'address_handle': 10}
2019-07-31 19:35:12,479 - INFO - tty.usbmodem0006822145041: 

2019-07-31 19:35:12,479 - INFO - tty.usbmodem0006822145041: Sending next message
2019-07-31 19:35:12,480 - DEBUG - tty.usbmodem0006822145041: Writing: 164 bytearray(b'\x1a\x00')
2019-07-31 19:35:12,480 - DEBUG - tty.usbmodem0006822145041: TX: 03a41a00
2019-07-31 19:35:12,482 - DEBUG - tty.usbmodem0006822145041: RX: 0584a4000b00
2019-07-31 19:35:12,482 - DEBUG - tty.usbmodem0006822145041: parsed_packet {event: CmdRsp, data: {'opcode': 164, 'status': 0, 'data': bytearray(b'\x0b\x00')}}
2019-07-31 19:35:12,482 - INFO - tty.usbmodem0006822145041: AddrPublicationAdd: {'address_handle': 11}
2019-07-31 19:35:12,507 - INFO - tty.usbmodem0006822145041: 

2019-07-31 19:35:12,508 - INFO - tty.usbmodem0006822145041: Sending next message
2019-07-31 19:35:12,508 - DEBUG - tty.usbmodem0006822145041: Writing: 164 bytearray(b'\x1b\x00')
2019-07-31 19:35:12,508 - DEBUG - tty.usbmodem0006822145041: TX: 03a41b00
2019-07-31 19:35:12,510 - DEBUG - tty.usbmodem0006822145041: RX: 0584a4000c00
2019-07-31 19:35:12,510 - DEBUG - tty.usbmodem0006822145041: parsed_packet {event: CmdRsp, data: {'opcode': 164, 'status': 0, 'data': bytearray(b'\x0c\x00')}}
2019-07-31 19:35:12,511 - INFO - tty.usbmodem0006822145041: AddrPublicationAdd: {'address_handle': 12}
2019-07-31 19:35:12,537 - INFO - tty.usbmodem0006822145041: 

2019-07-31 19:35:12,537 - INFO - tty.usbmodem0006822145041: Sending next message
2019-07-31 19:35:12,537 - DEBUG - tty.usbmodem0006822145041: Writing: 164 bytearray(b'\x1c\x00')
2019-07-31 19:35:12,538 - DEBUG - tty.usbmodem0006822145041: TX: 03a41c00
2019-07-31 19:35:12,541 - DEBUG - tty.usbmodem0006822145041: RX: 0584a4000d00
2019-07-31 19:35:12,541 - DEBUG - tty.usbmodem0006822145041: parsed_packet {event: CmdRsp, data: {'opcode': 164, 'status': 0, 'data': bytearray(b'\r\x00')}}
2019-07-31 19:35:12,541 - INFO - tty.usbmodem0006822145041: AddrPublicationAdd: {'address_handle': 13}
2019-07-31 19:35:12,573 - INFO - tty.usbmodem0006822145041: 

2019-07-31 19:35:12,574 - INFO - tty.usbmodem0006822145041: Sending next message
2019-07-31 19:35:12,575 - DEBUG - tty.usbmodem0006822145041: Writing: 164 bytearray(b'\x1d\x00')
2019-07-31 19:35:12,575 - DEBUG - tty.usbmodem0006822145041: TX: 03a41d00
2019-07-31 19:35:12,577 - DEBUG - tty.usbmodem0006822145041: RX: 0584a4000e00
2019-07-31 19:35:12,577 - DEBUG - tty.usbmodem0006822145041: parsed_packet {event: CmdRsp, data: {'opcode': 164, 'status': 0, 'data': bytearray(b'\x0e\x00')}}
2019-07-31 19:35:12,577 - INFO - tty.usbmodem0006822145041: AddrPublicationAdd: {'address_handle': 14}
2019-07-31 19:35:12,602 - INFO - tty.usbmodem0006822145041: 

2019-07-31 19:35:12,603 - INFO - tty.usbmodem0006822145041: Sending next message
2019-07-31 19:35:12,603 - DEBUG - tty.usbmodem0006822145041: Writing: 164 bytearray(b'\x1e\x00')
2019-07-31 19:35:12,603 - DEBUG - tty.usbmodem0006822145041: TX: 03a41e00
2019-07-31 19:35:12,607 - DEBUG - tty.usbmodem0006822145041: RX: 0584a4000f00
2019-07-31 19:35:12,608 - DEBUG - tty.usbmodem0006822145041: parsed_packet {event: CmdRsp, data: {'opcode': 164, 'status': 0, 'data': bytearray(b'\x0f\x00')}}
2019-07-31 19:35:12,610 - INFO - tty.usbmodem0006822145041: AddrPublicationAdd: {'address_handle': 15}
2019-07-31 19:35:12,633 - INFO - tty.usbmodem0006822145041: 

2019-07-31 19:35:12,633 - INFO - tty.usbmodem0006822145041: Sending next message
2019-07-31 19:35:12,633 - DEBUG - tty.usbmodem0006822145041: Writing: 164 bytearray(b'\x1f\x00')
2019-07-31 19:35:12,633 - DEBUG - tty.usbmodem0006822145041: TX: 03a41f00
2019-07-31 19:35:12,635 - DEBUG - tty.usbmodem0006822145041: RX: 0584a4001000
2019-07-31 19:35:12,635 - DEBUG - tty.usbmodem0006822145041: parsed_packet {event: CmdRsp, data: {'opcode': 164, 'status': 0, 'data': bytearray(b'\x10\x00')}}
2019-07-31 19:35:12,636 - INFO - tty.usbmodem0006822145041: AddrPublicationAdd: {'address_handle': 16}
2019-07-31 19:35:12,675 - INFO - tty.usbmodem0006822145041: 

2019-07-31 19:35:12,675 - INFO - tty.usbmodem0006822145041: Sending next message
2019-07-31 19:35:12,676 - DEBUG - tty.usbmodem0006822145041: Writing: 164 bytearray(b' \x00')
2019-07-31 19:35:12,676 - DEBUG - tty.usbmodem0006822145041: TX: 03a42000
2019-07-31 19:35:12,678 - DEBUG - tty.usbmodem0006822145041: RX: 0584a4001100
2019-07-31 19:35:12,678 - DEBUG - tty.usbmodem0006822145041: parsed_packet {event: CmdRsp, data: {'opcode': 164, 'status': 0, 'data': bytearray(b'\x11\x00')}}
2019-07-31 19:35:12,679 - INFO - tty.usbmodem0006822145041: AddrPublicationAdd: {'address_handle': 17}
2019-07-31 19:35:12,703 - INFO - tty.usbmodem0006822145041: 

2019-07-31 19:35:12,703 - INFO - tty.usbmodem0006822145041: Sending next message
2019-07-31 19:35:12,703 - DEBUG - tty.usbmodem0006822145041: Writing: 164 bytearray(b'!\x00')
2019-07-31 19:35:12,704 - DEBUG - tty.usbmodem0006822145041: TX: 03a42100
2019-07-31 19:35:12,706 - DEBUG - tty.usbmodem0006822145041: RX: 0584a4001200
2019-07-31 19:35:12,706 - DEBUG - tty.usbmodem0006822145041: parsed_packet {event: CmdRsp, data: {'opcode': 164, 'status': 0, 'data': bytearray(b'\x12\x00')}}
2019-07-31 19:35:12,707 - INFO - tty.usbmodem0006822145041: AddrPublicationAdd: {'address_handle': 18}
2019-07-31 19:35:12,737 - INFO - tty.usbmodem0006822145041: 

2019-07-31 19:35:12,738 - INFO - tty.usbmodem0006822145041: Sending next message
2019-07-31 19:35:12,738 - DEBUG - tty.usbmodem0006822145041: Writing: 164 bytearray(b'"\x00')
2019-07-31 19:35:12,738 - DEBUG - tty.usbmodem0006822145041: TX: 03a42200
2019-07-31 19:35:12,741 - DEBUG - tty.usbmodem0006822145041: RX: 0584a4001300
2019-07-31 19:35:12,741 - DEBUG - tty.usbmodem0006822145041: parsed_packet {event: CmdRsp, data: {'opcode': 164, 'status': 0, 'data': bytearray(b'\x13\x00')}}
2019-07-31 19:35:12,742 - INFO - tty.usbmodem0006822145041: AddrPublicationAdd: {'address_handle': 19}
2019-07-31 19:35:12,770 - INFO - tty.usbmodem0006822145041: 

2019-07-31 19:35:12,770 - INFO - tty.usbmodem0006822145041: Sending next message
2019-07-31 19:35:12,771 - DEBUG - tty.usbmodem0006822145041: Writing: 164 bytearray(b'#\x00')
2019-07-31 19:35:12,771 - DEBUG - tty.usbmodem0006822145041: TX: 03a42300
2019-07-31 19:35:12,775 - DEBUG - tty.usbmodem0006822145041: RX: 0584a4001400
2019-07-31 19:35:12,775 - DEBUG - tty.usbmodem0006822145041: parsed_packet {event: CmdRsp, data: {'opcode': 164, 'status': 0, 'data': bytearray(b'\x14\x00')}}
2019-07-31 19:35:12,775 - INFO - tty.usbmodem0006822145041: AddrPublicationAdd: {'address_handle': 20}
2019-07-31 19:35:12,798 - INFO - tty.usbmodem0006822145041: 

2019-07-31 19:35:12,798 - INFO - tty.usbmodem0006822145041: Sending next message
2019-07-31 19:35:12,798 - DEBUG - tty.usbmodem0006822145041: Writing: 164 bytearray(b'$\x00')
2019-07-31 19:35:12,798 - DEBUG - tty.usbmodem0006822145041: TX: 03a42400
2019-07-31 19:35:12,800 - DEBUG - tty.usbmodem0006822145041: RX: 0584a4001500
2019-07-31 19:35:12,800 - DEBUG - tty.usbmodem0006822145041: parsed_packet {event: CmdRsp, data: {'opcode': 164, 'status': 0, 'data': bytearray(b'\x15\x00')}}
2019-07-31 19:35:12,800 - INFO - tty.usbmodem0006822145041: AddrPublicationAdd: {'address_handle': 21}
2019-07-31 19:35:12,835 - INFO - tty.usbmodem0006822145041: 

2019-07-31 19:35:12,836 - INFO - tty.usbmodem0006822145041: Sending next message
2019-07-31 19:35:12,836 - DEBUG - tty.usbmodem0006822145041: Writing: 164 bytearray(b'%\x00')
2019-07-31 19:35:12,836 - DEBUG - tty.usbmodem0006822145041: TX: 03a42500
2019-07-31 19:35:12,838 - DEBUG - tty.usbmodem0006822145041: RX: 0584a4001600
2019-07-31 19:35:12,838 - DEBUG - tty.usbmodem0006822145041: parsed_packet {event: CmdRsp, data: {'opcode': 164, 'status': 0, 'data': bytearray(b'\x16\x00')}}
2019-07-31 19:35:12,838 - INFO - tty.usbmodem0006822145041: AddrPublicationAdd: {'address_handle': 22}
2019-07-31 19:35:12,869 - INFO - tty.usbmodem0006822145041: 

2019-07-31 19:35:12,870 - INFO - tty.usbmodem0006822145041: Sending next message
2019-07-31 19:35:12,871 - DEBUG - tty.usbmodem0006822145041: Writing: 164 bytearray(b'&\x00')
2019-07-31 19:35:12,871 - DEBUG - tty.usbmodem0006822145041: TX: 03a42600
2019-07-31 19:35:12,873 - DEBUG - tty.usbmodem0006822145041: RX: 0584a4001700
2019-07-31 19:35:12,873 - DEBUG - tty.usbmodem0006822145041: parsed_packet {event: CmdRsp, data: {'opcode': 164, 'status': 0, 'data': bytearray(b'\x17\x00')}}
2019-07-31 19:35:12,873 - INFO - tty.usbmodem0006822145041: AddrPublicationAdd: {'address_handle': 23}
2019-07-31 19:35:12,900 - INFO - tty.usbmodem0006822145041: 

2019-07-31 19:35:12,901 - INFO - tty.usbmodem0006822145041: Sending next message
2019-07-31 19:35:12,901 - DEBUG - tty.usbmodem0006822145041: Writing: 164 bytearray(b"\'\x00")
2019-07-31 19:35:12,901 - DEBUG - tty.usbmodem0006822145041: TX: 03a42700
2019-07-31 19:35:12,903 - DEBUG - tty.usbmodem0006822145041: RX: 0584a4001800
2019-07-31 19:35:12,903 - DEBUG - tty.usbmodem0006822145041: parsed_packet {event: CmdRsp, data: {'opcode': 164, 'status': 0, 'data': bytearray(b'\x18\x00')}}
2019-07-31 19:35:12,903 - INFO - tty.usbmodem0006822145041: AddrPublicationAdd: {'address_handle': 24}
2019-07-31 19:35:12,928 - INFO - tty.usbmodem0006822145041: 

2019-07-31 19:35:12,929 - INFO - tty.usbmodem0006822145041: Sending next message
2019-07-31 19:35:12,929 - DEBUG - tty.usbmodem0006822145041: Writing: 164 bytearray(b'(\x00')
2019-07-31 19:35:12,929 - DEBUG - tty.usbmodem0006822145041: TX: 03a42800
2019-07-31 19:35:12,931 - DEBUG - tty.usbmodem0006822145041: RX: 0584a4001900
2019-07-31 19:35:12,931 - DEBUG - tty.usbmodem0006822145041: parsed_packet {event: CmdRsp, data: {'opcode': 164, 'status': 0, 'data': bytearray(b'\x19\x00')}}
2019-07-31 19:35:12,931 - INFO - tty.usbmodem0006822145041: AddrPublicationAdd: {'address_handle': 25}
2019-07-31 19:35:12,948 - INFO - tty.usbmodem0006822145041: 

2019-07-31 19:35:12,948 - INFO - tty.usbmodem0006822145041: Sending next message
2019-07-31 19:35:12,950 - DEBUG - tty.usbmodem0006822145041: Writing: 164 bytearray(b')\x00')
2019-07-31 19:35:12,950 - DEBUG - tty.usbmodem0006822145041: TX: 03a42900
2019-07-31 19:35:12,953 - DEBUG - tty.usbmodem0006822145041: RX: 0584a4001a00
2019-07-31 19:35:12,953 - DEBUG - tty.usbmodem0006822145041: parsed_packet {event: CmdRsp, data: {'opcode': 164, 'status': 0, 'data': bytearray(b'\x1a\x00')}}
2019-07-31 19:35:12,953 - INFO - tty.usbmodem0006822145041: AddrPublicationAdd: {'address_handle': 26}
2019-07-31 19:35:12,975 - INFO - tty.usbmodem0006822145041: 

2019-07-31 19:35:12,975 - INFO - tty.usbmodem0006822145041: Sending next message
2019-07-31 19:35:12,975 - DEBUG - tty.usbmodem0006822145041: Writing: 164 bytearray(b'*\x00')
2019-07-31 19:35:12,975 - DEBUG - tty.usbmodem0006822145041: TX: 03a42a00
2019-07-31 19:35:12,978 - DEBUG - tty.usbmodem0006822145041: RX: 0584a4001b00
2019-07-31 19:35:12,978 - DEBUG - tty.usbmodem0006822145041: parsed_packet {event: CmdRsp, data: {'opcode': 164, 'status': 0, 'data': bytearray(b'\x1b\x00')}}
2019-07-31 19:35:12,978 - INFO - tty.usbmodem0006822145041: AddrPublicationAdd: {'address_handle': 27}
2019-07-31 19:35:12,995 - INFO - tty.usbmodem0006822145041: 

2019-07-31 19:35:12,995 - INFO - tty.usbmodem0006822145041: Sending next message
2019-07-31 19:35:12,998 - DEBUG - tty.usbmodem0006822145041: Writing: 164 bytearray(b'+\x00')
2019-07-31 19:35:12,998 - DEBUG - tty.usbmodem0006822145041: TX: 03a42b00
2019-07-31 19:35:13,000 - DEBUG - tty.usbmodem0006822145041: RX: 0584a4001c00
2019-07-31 19:35:13,000 - DEBUG - tty.usbmodem0006822145041: parsed_packet {event: CmdRsp, data: {'opcode': 164, 'status': 0, 'data': bytearray(b'\x1c\x00')}}
2019-07-31 19:35:13,000 - INFO - tty.usbmodem0006822145041: AddrPublicationAdd: {'address_handle': 28}
2019-07-31 19:35:13,024 - INFO - tty.usbmodem0006822145041: 

2019-07-31 19:35:13,025 - INFO - tty.usbmodem0006822145041: Sending next message
2019-07-31 19:35:13,025 - DEBUG - tty.usbmodem0006822145041: Writing: 164 bytearray(b',\x00')
2019-07-31 19:35:13,025 - DEBUG - tty.usbmodem0006822145041: TX: 03a42c00
2019-07-31 19:35:13,027 - DEBUG - tty.usbmodem0006822145041: RX: 0584a4001d00
2019-07-31 19:35:13,027 - DEBUG - tty.usbmodem0006822145041: parsed_packet {event: CmdRsp, data: {'opcode': 164, 'status': 0, 'data': bytearray(b'\x1d\x00')}}
2019-07-31 19:35:13,027 - INFO - tty.usbmodem0006822145041: AddrPublicationAdd: {'address_handle': 29}
2019-07-31 19:35:13,045 - INFO - tty.usbmodem0006822145041: 

2019-07-31 19:35:13,045 - INFO - tty.usbmodem0006822145041: Sending next message
2019-07-31 19:35:13,050 - DEBUG - tty.usbmodem0006822145041: Writing: 164 bytearray(b'-\x00')
2019-07-31 19:35:13,050 - DEBUG - tty.usbmodem0006822145041: TX: 03a42d00
2019-07-31 19:35:13,053 - DEBUG - tty.usbmodem0006822145041: RX: 0584a4001e00
2019-07-31 19:35:13,053 - DEBUG - tty.usbmodem0006822145041: parsed_packet {event: CmdRsp, data: {'opcode': 164, 'status': 0, 'data': bytearray(b'\x1e\x00')}}
2019-07-31 19:35:13,053 - INFO - tty.usbmodem0006822145041: AddrPublicationAdd: {'address_handle': 30}
2019-07-31 19:35:13,075 - INFO - tty.usbmodem0006822145041: 

2019-07-31 19:35:13,076 - INFO - tty.usbmodem0006822145041: Sending next message
2019-07-31 19:35:13,076 - DEBUG - tty.usbmodem0006822145041: Writing: 164 bytearray(b'.\x00')
2019-07-31 19:35:13,076 - DEBUG - tty.usbmodem0006822145041: TX: 03a42e00
2019-07-31 19:35:13,078 - DEBUG - tty.usbmodem0006822145041: RX: 0584a4001f00
2019-07-31 19:35:13,078 - DEBUG - tty.usbmodem0006822145041: parsed_packet {event: CmdRsp, data: {'opcode': 164, 'status': 0, 'data': bytearray(b'\x1f\x00')}}
2019-07-31 19:35:13,079 - INFO - tty.usbmodem0006822145041: AddrPublicationAdd: {'address_handle': 31}
2019-07-31 19:35:13,095 - INFO - tty.usbmodem0006822145041: 

2019-07-31 19:35:13,095 - INFO - tty.usbmodem0006822145041: Sending next message
2019-07-31 19:35:13,099 - DEBUG - tty.usbmodem0006822145041: Writing: 164 bytearray(b'/\x00')
2019-07-31 19:35:13,099 - DEBUG - tty.usbmodem0006822145041: TX: 03a42f00
2019-07-31 19:35:13,101 - DEBUG - tty.usbmodem0006822145041: RX: 0584a4002000
2019-07-31 19:35:13,101 - DEBUG - tty.usbmodem0006822145041: parsed_packet {event: CmdRsp, data: {'opcode': 164, 'status': 0, 'data': bytearray(b' \x00')}}
2019-07-31 19:35:13,102 - INFO - tty.usbmodem0006822145041: AddrPublicationAdd: {'address_handle': 32}
2019-07-31 19:35:13,126 - INFO - tty.usbmodem0006822145041: 

2019-07-31 19:35:13,127 - INFO - tty.usbmodem0006822145041: Sending next message
2019-07-31 19:35:13,127 - DEBUG - tty.usbmodem0006822145041: Writing: 164 bytearray(b'0\x00')
2019-07-31 19:35:13,127 - DEBUG - tty.usbmodem0006822145041: TX: 03a43000
2019-07-31 19:35:13,129 - DEBUG - tty.usbmodem0006822145041: RX: 0584a4002100
2019-07-31 19:35:13,129 - DEBUG - tty.usbmodem0006822145041: parsed_packet {event: CmdRsp, data: {'opcode': 164, 'status': 0, 'data': bytearray(b'!\x00')}}
2019-07-31 19:35:13,129 - INFO - tty.usbmodem0006822145041: AddrPublicationAdd: {'address_handle': 33}
2019-07-31 19:35:13,147 - INFO - tty.usbmodem0006822145041: 

2019-07-31 19:35:13,147 - INFO - tty.usbmodem0006822145041: Sending next message
2019-07-31 19:35:13,147 - DEBUG - tty.usbmodem0006822145041: Writing: 164 bytearray(b'1\x00')
2019-07-31 19:35:13,147 - DEBUG - tty.usbmodem0006822145041: TX: 03a43100
2019-07-31 19:35:13,149 - DEBUG - tty.usbmodem0006822145041: RX: 0584a4002200
2019-07-31 19:35:13,149 - DEBUG - tty.usbmodem0006822145041: parsed_packet {event: CmdRsp, data: {'opcode': 164, 'status': 0, 'data': bytearray(b'"\x00')}}
2019-07-31 19:35:13,149 - INFO - tty.usbmodem0006822145041: AddrPublicationAdd: {'address_handle': 34}
2019-07-31 19:35:13,172 - INFO - tty.usbmodem0006822145041: 

2019-07-31 19:35:13,173 - INFO - tty.usbmodem0006822145041: Sending next message
2019-07-31 19:35:13,175 - DEBUG - tty.usbmodem0006822145041: Writing: 164 bytearray(b'2\x00')
2019-07-31 19:35:13,175 - DEBUG - tty.usbmodem0006822145041: TX: 03a43200
2019-07-31 19:35:13,177 - DEBUG - tty.usbmodem0006822145041: RX: 0584a4002300
2019-07-31 19:35:13,177 - DEBUG - tty.usbmodem0006822145041: parsed_packet {event: CmdRsp, data: {'opcode': 164, 'status': 0, 'data': bytearray(b'#\x00')}}
2019-07-31 19:35:13,177 - INFO - tty.usbmodem0006822145041: AddrPublicationAdd: {'address_handle': 35}
2019-07-31 19:35:13,202 - INFO - tty.usbmodem0006822145041: 

2019-07-31 19:35:13,202 - INFO - tty.usbmodem0006822145041: Sending next message
2019-07-31 19:35:13,202 - DEBUG - tty.usbmodem0006822145041: Writing: 164 bytearray(b'3\x00')
2019-07-31 19:35:13,202 - DEBUG - tty.usbmodem0006822145041: TX: 03a43300
2019-07-31 19:35:13,204 - DEBUG - tty.usbmodem0006822145041: RX: 0584a4002400
2019-07-31 19:35:13,204 - DEBUG - tty.usbmodem0006822145041: parsed_packet {event: CmdRsp, data: {'opcode': 164, 'status': 0, 'data': bytearray(b'$\x00')}}
2019-07-31 19:35:13,204 - INFO - tty.usbmodem0006822145041: AddrPublicationAdd: {'address_handle': 36}
2019-07-31 19:35:13,224 - INFO - tty.usbmodem0006822145041: 

2019-07-31 19:35:13,224 - INFO - tty.usbmodem0006822145041: Sending next message
2019-07-31 19:35:13,224 - DEBUG - tty.usbmodem0006822145041: Writing: 164 bytearray(b'4\x00')
2019-07-31 19:35:13,224 - DEBUG - tty.usbmodem0006822145041: TX: 03a43400
2019-07-31 19:35:13,226 - DEBUG - tty.usbmodem0006822145041: RX: 0584a4002500
2019-07-31 19:35:13,226 - DEBUG - tty.usbmodem0006822145041: parsed_packet {event: CmdRsp, data: {'opcode': 164, 'status': 0, 'data': bytearray(b'%\x00')}}
2019-07-31 19:35:13,226 - INFO - tty.usbmodem0006822145041: AddrPublicationAdd: {'address_handle': 37}
2019-07-31 19:35:13,247 - INFO - tty.usbmodem0006822145041: 

2019-07-31 19:35:13,247 - INFO - tty.usbmodem0006822145041: Sending next message
2019-07-31 19:35:13,247 - DEBUG - tty.usbmodem0006822145041: Writing: 164 bytearray(b'5\x00')
2019-07-31 19:35:13,247 - DEBUG - tty.usbmodem0006822145041: TX: 03a43500
2019-07-31 19:35:13,249 - DEBUG - tty.usbmodem0006822145041: RX: 0584a4002600
2019-07-31 19:35:13,249 - DEBUG - tty.usbmodem0006822145041: parsed_packet {event: CmdRsp, data: {'opcode': 164, 'status': 0, 'data': bytearray(b'&\x00')}}
2019-07-31 19:35:13,251 - INFO - tty.usbmodem0006822145041: AddrPublicationAdd: {'address_handle': 38}
2019-07-31 19:35:13,277 - INFO - tty.usbmodem0006822145041: 

2019-07-31 19:35:13,278 - INFO - tty.usbmodem0006822145041: Sending next message
2019-07-31 19:35:13,278 - DEBUG - tty.usbmodem0006822145041: Writing: 164 bytearray(b'6\x00')
2019-07-31 19:35:13,278 - DEBUG - tty.usbmodem0006822145041: TX: 03a43600
2019-07-31 19:35:13,280 - DEBUG - tty.usbmodem0006822145041: RX: 0584a4002700
2019-07-31 19:35:13,280 - DEBUG - tty.usbmodem0006822145041: parsed_packet {event: CmdRsp, data: {'opcode': 164, 'status': 0, 'data': bytearray(b"\'\x00")}}
2019-07-31 19:35:13,280 - INFO - tty.usbmodem0006822145041: AddrPublicationAdd: {'address_handle': 39}
2019-07-31 19:35:13,298 - INFO - tty.usbmodem0006822145041: 

2019-07-31 19:35:13,299 - INFO - tty.usbmodem0006822145041: Sending next message
2019-07-31 19:35:13,299 - DEBUG - tty.usbmodem0006822145041: Writing: 164 bytearray(b'7\x00')
2019-07-31 19:35:13,299 - DEBUG - tty.usbmodem0006822145041: TX: 03a43700
2019-07-31 19:35:13,301 - DEBUG - tty.usbmodem0006822145041: RX: 0584a4002800
2019-07-31 19:35:13,301 - DEBUG - tty.usbmodem0006822145041: parsed_packet {event: CmdRsp, data: {'opcode': 164, 'status': 0, 'data': bytearray(b'(\x00')}}
2019-07-31 19:35:13,302 - INFO - tty.usbmodem0006822145041: AddrPublicationAdd: {'address_handle': 40}
2019-07-31 19:35:13,327 - INFO - tty.usbmodem0006822145041: 

2019-07-31 19:35:13,327 - INFO - tty.usbmodem0006822145041: Sending next message
2019-07-31 19:35:13,327 - DEBUG - tty.usbmodem0006822145041: Writing: 164 bytearray(b'8\x00')
2019-07-31 19:35:13,328 - DEBUG - tty.usbmodem0006822145041: TX: 03a43800
2019-07-31 19:35:13,330 - DEBUG - tty.usbmodem0006822145041: RX: 0584a4002900
2019-07-31 19:35:13,330 - DEBUG - tty.usbmodem0006822145041: parsed_packet {event: CmdRsp, data: {'opcode': 164, 'status': 0, 'data': bytearray(b')\x00')}}
2019-07-31 19:35:13,330 - INFO - tty.usbmodem0006822145041: AddrPublicationAdd: {'address_handle': 41}
2019-07-31 19:35:13,358 - INFO - tty.usbmodem0006822145041: 

2019-07-31 19:35:13,358 - INFO - tty.usbmodem0006822145041: Sending next message
2019-07-31 19:35:13,359 - DEBUG - tty.usbmodem0006822145041: Writing: 164 bytearray(b'9\x00')
2019-07-31 19:35:13,359 - DEBUG - tty.usbmodem0006822145041: TX: 03a43900
2019-07-31 19:35:13,361 - DEBUG - tty.usbmodem0006822145041: RX: 0584a4002a00
2019-07-31 19:35:13,361 - DEBUG - tty.usbmodem0006822145041: parsed_packet {event: CmdRsp, data: {'opcode': 164, 'status': 0, 'data': bytearray(b'*\x00')}}
2019-07-31 19:35:13,361 - INFO - tty.usbmodem0006822145041: AddrPublicationAdd: {'address_handle': 42}
2019-07-31 19:35:13,397 - INFO - tty.usbmodem0006822145041: 

2019-07-31 19:35:13,397 - INFO - tty.usbmodem0006822145041: Sending next message
2019-07-31 19:35:13,397 - DEBUG - tty.usbmodem0006822145041: Writing: 164 bytearray(b':\x00')
2019-07-31 19:35:13,397 - DEBUG - tty.usbmodem0006822145041: TX: 03a43a00
2019-07-31 19:35:13,399 - DEBUG - tty.usbmodem0006822145041: RX: 0584a4002b00
2019-07-31 19:35:13,399 - DEBUG - tty.usbmodem0006822145041: parsed_packet {event: CmdRsp, data: {'opcode': 164, 'status': 0, 'data': bytearray(b'+\x00')}}
2019-07-31 19:35:13,399 - INFO - tty.usbmodem0006822145041: AddrPublicationAdd: {'address_handle': 43}
2019-07-31 19:35:13,416 - INFO - tty.usbmodem0006822145041: 

2019-07-31 19:35:13,417 - INFO - tty.usbmodem0006822145041: Sending next message
2019-07-31 19:35:13,419 - DEBUG - tty.usbmodem0006822145041: Writing: 164 bytearray(b';\x00')
2019-07-31 19:35:13,419 - DEBUG - tty.usbmodem0006822145041: TX: 03a43b00
2019-07-31 19:35:13,421 - DEBUG - tty.usbmodem0006822145041: RX: 0584a4002c00
2019-07-31 19:35:13,421 - DEBUG - tty.usbmodem0006822145041: parsed_packet {event: CmdRsp, data: {'opcode': 164, 'status': 0, 'data': bytearray(b',\x00')}}
2019-07-31 19:35:13,421 - INFO - tty.usbmodem0006822145041: AddrPublicationAdd: {'address_handle': 44}
2019-07-31 19:35:13,447 - INFO - tty.usbmodem0006822145041: 

2019-07-31 19:35:13,447 - INFO - tty.usbmodem0006822145041: Sending next message
2019-07-31 19:35:13,447 - DEBUG - tty.usbmodem0006822145041: Writing: 164 bytearray(b'<\x00')
2019-07-31 19:35:13,447 - DEBUG - tty.usbmodem0006822145041: TX: 03a43c00
2019-07-31 19:35:13,449 - DEBUG - tty.usbmodem0006822145041: RX: 0584a4002d00
2019-07-31 19:35:13,449 - DEBUG - tty.usbmodem0006822145041: parsed_packet {event: CmdRsp, data: {'opcode': 164, 'status': 0, 'data': bytearray(b'-\x00')}}
2019-07-31 19:35:13,449 - INFO - tty.usbmodem0006822145041: AddrPublicationAdd: {'address_handle': 45}
2019-07-31 19:35:13,508 - INFO - tty.usbmodem0006822145041: 

2019-07-31 19:35:13,508 - INFO - tty.usbmodem0006822145041: Sending next message
2019-07-31 19:35:13,509 - DEBUG - tty.usbmodem0006822145041: Writing: 164 bytearray(b'=\x00')
2019-07-31 19:35:13,509 - DEBUG - tty.usbmodem0006822145041: TX: 03a43d00
2019-07-31 19:35:13,511 - DEBUG - tty.usbmodem0006822145041: RX: 0584a4002e00
2019-07-31 19:35:13,512 - DEBUG - tty.usbmodem0006822145041: parsed_packet {event: CmdRsp, data: {'opcode': 164, 'status': 0, 'data': bytearray(b'.\x00')}}
2019-07-31 19:35:13,514 - INFO - tty.usbmodem0006822145041: AddrPublicationAdd: {'address_handle': 46}
2019-07-31 19:35:13,555 - INFO - tty.usbmodem0006822145041: 

2019-07-31 19:35:13,556 - INFO - tty.usbmodem0006822145041: Sending next message
2019-07-31 19:35:13,556 - DEBUG - tty.usbmodem0006822145041: Writing: 164 bytearray(b'>\x00')
2019-07-31 19:35:13,556 - DEBUG - tty.usbmodem0006822145041: TX: 03a43e00
2019-07-31 19:35:13,558 - DEBUG - tty.usbmodem0006822145041: RX: 0584a4002f00
2019-07-31 19:35:13,558 - DEBUG - tty.usbmodem0006822145041: parsed_packet {event: CmdRsp, data: {'opcode': 164, 'status': 0, 'data': bytearray(b'/\x00')}}
2019-07-31 19:35:13,559 - INFO - tty.usbmodem0006822145041: AddrPublicationAdd: {'address_handle': 47}
2019-07-31 19:35:13,582 - INFO - tty.usbmodem0006822145041: 

2019-07-31 19:35:13,582 - INFO - tty.usbmodem0006822145041: Sending next message
2019-07-31 19:35:13,583 - DEBUG - tty.usbmodem0006822145041: Writing: 164 bytearray(b'?\x00')
2019-07-31 19:35:13,583 - DEBUG - tty.usbmodem0006822145041: TX: 03a43f00
2019-07-31 19:35:13,585 - DEBUG - tty.usbmodem0006822145041: RX: 0584a4003000
2019-07-31 19:35:13,586 - DEBUG - tty.usbmodem0006822145041: parsed_packet {event: CmdRsp, data: {'opcode': 164, 'status': 0, 'data': bytearray(b'0\x00')}}
2019-07-31 19:35:13,587 - INFO - tty.usbmodem0006822145041: AddrPublicationAdd: {'address_handle': 48}
2019-07-31 19:35:13,611 - INFO - tty.usbmodem0006822145041: 

2019-07-31 19:35:13,612 - INFO - tty.usbmodem0006822145041: Sending next message
2019-07-31 19:35:13,612 - DEBUG - tty.usbmodem0006822145041: Writing: 164 bytearray(b'@\x00')
2019-07-31 19:35:13,612 - DEBUG - tty.usbmodem0006822145041: TX: 03a44000
2019-07-31 19:35:13,614 - DEBUG - tty.usbmodem0006822145041: RX: 0584a4003100
2019-07-31 19:35:13,614 - DEBUG - tty.usbmodem0006822145041: parsed_packet {event: CmdRsp, data: {'opcode': 164, 'status': 0, 'data': bytearray(b'1\x00')}}
2019-07-31 19:35:13,614 - INFO - tty.usbmodem0006822145041: AddrPublicationAdd: {'address_handle': 49}
2019-07-31 19:35:13,643 - INFO - tty.usbmodem0006822145041: 

2019-07-31 19:35:13,643 - INFO - tty.usbmodem0006822145041: Sending next message
2019-07-31 19:35:13,644 - DEBUG - tty.usbmodem0006822145041: Writing: 164 bytearray(b'A\x00')
2019-07-31 19:35:13,644 - DEBUG - tty.usbmodem0006822145041: TX: 03a44100
2019-07-31 19:35:13,646 - DEBUG - tty.usbmodem0006822145041: RX: 0584a4003200
2019-07-31 19:35:13,646 - DEBUG - tty.usbmodem0006822145041: parsed_packet {event: CmdRsp, data: {'opcode': 164, 'status': 0, 'data': bytearray(b'2\x00')}}
2019-07-31 19:35:13,646 - INFO - tty.usbmodem0006822145041: AddrPublicationAdd: {'address_handle': 50}
2019-07-31 19:35:13,669 - INFO - tty.usbmodem0006822145041: 

2019-07-31 19:35:13,669 - INFO - tty.usbmodem0006822145041: Sending next message
2019-07-31 19:35:13,672 - DEBUG - tty.usbmodem0006822145041: Writing: 164 bytearray(b'B\x00')
2019-07-31 19:35:13,672 - DEBUG - tty.usbmodem0006822145041: TX: 03a44200
2019-07-31 19:35:13,674 - DEBUG - tty.usbmodem0006822145041: RX: 0584a4003300
2019-07-31 19:35:13,675 - DEBUG - tty.usbmodem0006822145041: parsed_packet {event: CmdRsp, data: {'opcode': 164, 'status': 0, 'data': bytearray(b'3\x00')}}
2019-07-31 19:35:13,675 - INFO - tty.usbmodem0006822145041: AddrPublicationAdd: {'address_handle': 51}
2019-07-31 19:35:13,697 - INFO - tty.usbmodem0006822145041: 

2019-07-31 19:35:13,698 - INFO - tty.usbmodem0006822145041: Sending next message
2019-07-31 19:35:13,698 - DEBUG - tty.usbmodem0006822145041: Writing: 164 bytearray(b'C\x00')
2019-07-31 19:35:13,698 - DEBUG - tty.usbmodem0006822145041: TX: 03a44300
2019-07-31 19:35:13,700 - DEBUG - tty.usbmodem0006822145041: RX: 0584a4003400
2019-07-31 19:35:13,700 - DEBUG - tty.usbmodem0006822145041: parsed_packet {event: CmdRsp, data: {'opcode': 164, 'status': 0, 'data': bytearray(b'4\x00')}}
2019-07-31 19:35:13,700 - INFO - tty.usbmodem0006822145041: AddrPublicationAdd: {'address_handle': 52}
2019-07-31 19:35:13,726 - INFO - tty.usbmodem0006822145041: 

2019-07-31 19:35:13,726 - INFO - tty.usbmodem0006822145041: Sending next message
2019-07-31 19:35:13,726 - DEBUG - tty.usbmodem0006822145041: Writing: 164 bytearray(b'D\x00')
2019-07-31 19:35:13,727 - DEBUG - tty.usbmodem0006822145041: TX: 03a44400
2019-07-31 19:35:13,729 - DEBUG - tty.usbmodem0006822145041: RX: 0584a4003500
2019-07-31 19:35:13,729 - DEBUG - tty.usbmodem0006822145041: parsed_packet {event: CmdRsp, data: {'opcode': 164, 'status': 0, 'data': bytearray(b'5\x00')}}
2019-07-31 19:35:13,729 - INFO - tty.usbmodem0006822145041: AddrPublicationAdd: {'address_handle': 53}
2019-07-31 19:35:13,752 - INFO - tty.usbmodem0006822145041: 

2019-07-31 19:35:13,752 - INFO - tty.usbmodem0006822145041: Sending next message
2019-07-31 19:35:13,752 - DEBUG - tty.usbmodem0006822145041: Writing: 164 bytearray(b'E\x00')
2019-07-31 19:35:13,752 - DEBUG - tty.usbmodem0006822145041: TX: 03a44500
2019-07-31 19:35:13,755 - DEBUG - tty.usbmodem0006822145041: RX: 0584a4003600
2019-07-31 19:35:13,755 - DEBUG - tty.usbmodem0006822145041: parsed_packet {event: CmdRsp, data: {'opcode': 164, 'status': 0, 'data': bytearray(b'6\x00')}}
2019-07-31 19:35:13,756 - INFO - tty.usbmodem0006822145041: AddrPublicationAdd: {'address_handle': 54}
2019-07-31 19:35:13,779 - INFO - tty.usbmodem0006822145041: 

2019-07-31 19:35:13,779 - INFO - tty.usbmodem0006822145041: Sending next message
2019-07-31 19:35:13,780 - DEBUG - tty.usbmodem0006822145041: Writing: 164 bytearray(b'F\x00')
2019-07-31 19:35:13,780 - DEBUG - tty.usbmodem0006822145041: TX: 03a44600
2019-07-31 19:35:13,782 - DEBUG - tty.usbmodem0006822145041: RX: 0584a4003700
2019-07-31 19:35:13,782 - DEBUG - tty.usbmodem0006822145041: parsed_packet {event: CmdRsp, data: {'opcode': 164, 'status': 0, 'data': bytearray(b'7\x00')}}
2019-07-31 19:35:13,782 - INFO - tty.usbmodem0006822145041: AddrPublicationAdd: {'address_handle': 55}
2019-07-31 19:35:13,808 - INFO - tty.usbmodem0006822145041: 

2019-07-31 19:35:13,809 - INFO - tty.usbmodem0006822145041: Sending next message
2019-07-31 19:35:13,809 - DEBUG - tty.usbmodem0006822145041: Writing: 164 bytearray(b'G\x00')
2019-07-31 19:35:13,809 - DEBUG - tty.usbmodem0006822145041: TX: 03a44700
2019-07-31 19:35:13,811 - DEBUG - tty.usbmodem0006822145041: RX: 0584a4003800
2019-07-31 19:35:13,811 - DEBUG - tty.usbmodem0006822145041: parsed_packet {event: CmdRsp, data: {'opcode': 164, 'status': 0, 'data': bytearray(b'8\x00')}}
2019-07-31 19:35:13,812 - INFO - tty.usbmodem0006822145041: AddrPublicationAdd: {'address_handle': 56}
2019-07-31 19:35:13,833 - INFO - tty.usbmodem0006822145041: 

2019-07-31 19:35:13,833 - INFO - tty.usbmodem0006822145041: Sending next message
2019-07-31 19:35:13,834 - DEBUG - tty.usbmodem0006822145041: Writing: 156 bytearray(b'\x10\x00\x00\x00\x95\x02]\x8a\xd3\xcb\xa3i^\xba\xe4\x8cp@\x0bE')
2019-07-31 19:35:13,834 - DEBUG - tty.usbmodem0006822145041: TX: 159c1000000095025d8ad3cba3695ebae48c70400b45
2019-07-31 19:35:13,838 - DEBUG - tty.usbmodem0006822145041: RX: 05849c000800
2019-07-31 19:35:13,838 - DEBUG - tty.usbmodem0006822145041: parsed_packet {event: CmdRsp, data: {'opcode': 156, 'status': 0, 'data': bytearray(b'\x08\x00')}}
2019-07-31 19:35:13,838 - INFO - tty.usbmodem0006822145041: DevkeyAdd: {'devkey_handle': 8}
2019-07-31 19:35:13,862 - INFO - tty.usbmodem0006822145041: 

2019-07-31 19:35:13,862 - INFO - tty.usbmodem0006822145041: Sending next message
2019-07-31 19:35:13,863 - DEBUG - tty.usbmodem0006822145041: Writing: 156 bytearray(b'\x10\x00\x00\x00\x95\x02]\x8a\xd3\xcb\xa3i^\xba\xe4\x8cp@\x0bE')
2019-07-31 19:35:13,863 - DEBUG - tty.usbmodem0006822145041: TX: 159c1000000095025d8ad3cba3695ebae48c70400b45
2019-07-31 19:35:13,866 - DEBUG - tty.usbmodem0006822145041: RX: 03849c8e
2019-07-31 19:35:13,866 - DEBUG - tty.usbmodem0006822145041: parsed_packet {event: CmdRsp, data: {'opcode': 156, 'status': 142, 'data': bytearray(b'')}}
2019-07-31 19:35:13,867 - ERROR - tty.usbmodem0006822145041: DevkeyAdd: ERROR_REJECTED
2019-07-31 19:35:17,864 - INFO - tty.usbmodem0006822145041: Timout handler timeout
2019-07-31 19:35:17,864 - DEBUG - tty.usbmodem0006822145041: Writing: 156 bytearray(b'\x10\x00\x00\x00\x95\x02]\x8a\xd3\xcb\xa3i^\xba\xe4\x8cp@\x0bE')
2019-07-31 19:35:17,865 - DEBUG - tty.usbmodem0006822145041: TX: 159c1000000095025d8ad3cba3695ebae48c70400b45
2019-07-31 19:35:17,868 - DEBUG - tty.usbmodem0006822145041: RX: 03849c8e
2019-07-31 19:35:17,868 - DEBUG - tty.usbmodem0006822145041: parsed_packet {event: CmdRsp, data: {'opcode': 156, 'status': 142, 'data': bytearray(b'')}}
2019-07-31 19:35:17,869 - ERROR - tty.usbmodem0006822145041: DevkeyAdd: ERROR_REJECTED
2019-07-31 19:35:18,377 - DEBUG - tty.usbmodem0006822145041: exited read event
