2019-07-10 14:52:39,060 - DEBUG - tty.usbmodem0006822145041: Writing: 105 bytearray(b'\x9a\n[\xe4^\xad}\xf00\x03\x91\xde?\xa6\x9a\xebF\xa8\x89\xb7~\xca3\xe5m\x0f\xd5\x86YF\x89\x89\xa6\x00\xfa\xe3\xcd\xac\x8c\xd4>\xfa;\x9euo\x03\xd0\xf6\x87\x84\xe2\xc2\x85\x176\xa0vJR\x9f\xf8\xa7\x19\xbc\x87\xe7kH\xa7\xa1\xc5\xb4\t\x01\xc7\xe3Y+\x90\xc8\x15\x1a\x19:`\x1a\x8a\x0f\x9c\x90\x03\xf8\xb8\xeb\x81')
2019-07-10 14:52:39,062 - DEBUG - tty.usbmodem0006822145041: TX: 61699a0a5be45ead7df0300391de3fa69aeb46a889b77eca33e56d0fd58659468989a600fae3cdac8cd43efa3b9e756f03d0f68784e2c2851736a0764a529ff8a719bc87e76b48a7a1c5b40901c7e3592b90c8151a193a601a8a0f9c9003f8b8eb81
2019-07-10 14:52:39,072 - DEBUG - tty.usbmodem0006822145041: RX: 03845384
2019-07-10 14:52:39,073 - DEBUG - tty.usbmodem0006822145041: parsed_packet {event: CmdRsp, data: {'opcode': 83, 'status': 132, 'data': bytearray(b'')}}
2019-07-10 14:52:39,073 - ERROR - tty.usbmodem0006822145041: None: ERROR_INVALID_LENGTH
2019-07-10 14:52:39,075 - DEBUG - tty.usbmodem0006822145041: RX: 03840084
2019-07-10 14:52:39,074 - DEBUG - tty.usbmodem0006822145041: Writing: 159 bytearray(b'\x01\x00\x01\x00')
2019-07-10 14:52:39,076 - DEBUG - tty.usbmodem0006822145041: parsed_packet {event: CmdRsp, data: {'opcode': 0, 'status': 132, 'data': bytearray(b'')}}
2019-07-10 14:52:39,077 - DEBUG - tty.usbmodem0006822145041: TX: 059f01000100
2019-07-10 14:52:39,077 - ERROR - tty.usbmodem0006822145041: None: ERROR_INVALID_LENGTH
2019-07-10 14:52:39,079 - DEBUG - tty.usbmodem0006822145041: Writing: 146 bytearray(b'\x00\x00\x18\xee\xd9\xc2\xa5j\xdd\x85\x04\x9f\xfc<Y\xad\x0e\x12')
2019-07-10 14:52:39,080 - DEBUG - tty.usbmodem0006822145041: RX: 03840084
2019-07-10 14:52:39,084 - DEBUG - tty.usbmodem0006822145041: TX: 1392000018eed9c2a56add85049ffc3c59ad0e12
2019-07-10 14:52:39,084 - DEBUG - tty.usbmodem0006822145041: parsed_packet {event: CmdRsp, data: {'opcode': 0, 'status': 132, 'data': bytearray(b'')}}
2019-07-10 14:52:39,085 - ERROR - tty.usbmodem0006822145041: None: ERROR_INVALID_LENGTH
2019-07-10 14:52:39,085 - DEBUG - tty.usbmodem0006822145041: Writing: 151 bytearray(b'\x00\x00\x00\x00Oh\xad\x85\xd9\xf4\x8a\xc8X\x9d\xf6e\xb6\xb4\x9b\x8a')
2019-07-10 14:52:39,085 - DEBUG - tty.usbmodem0006822145041: TX: 1597000000004f68ad85d9f48ac8589df665b6b49b8a
2019-07-10 14:52:39,085 - DEBUG - tty.usbmodem0006822145041: RX: 03840084
2019-07-10 14:52:39,086 - DEBUG - tty.usbmodem0006822145041: parsed_packet {event: CmdRsp, data: {'opcode': 0, 'status': 132, 'data': bytearray(b'')}}
2019-07-10 14:52:39,086 - ERROR - tty.usbmodem0006822145041: None: ERROR_INVALID_LENGTH
2019-07-10 14:52:39,086 - DEBUG - tty.usbmodem0006822145041: Writing: 151 bytearray(b'\x01\x00\x00\x00*\xa2\xa6\xde\xd5\xa0y\x8c\xea\xb5x|\xa3\xae9\xfc')
2019-07-10 14:52:39,086 - DEBUG - tty.usbmodem0006822145041: TX: 1597010000002aa2a6ded5a0798ceab5787ca3ae39fc
2019-07-10 14:52:39,086 - DEBUG - tty.usbmodem0006822145041: RX: 03840084
2019-07-10 14:52:39,087 - DEBUG - tty.usbmodem0006822145041: parsed_packet {event: CmdRsp, data: {'opcode': 0, 'status': 132, 'data': bytearray(b'')}}
2019-07-10 14:52:39,087 - ERROR - tty.usbmodem0006822145041: None: ERROR_INVALID_LENGTH
2019-07-10 14:52:39,087 - DEBUG - tty.usbmodem0006822145041: RX: 03840084
2019-07-10 14:52:39,087 - DEBUG - tty.usbmodem0006822145041: parsed_packet {event: CmdRsp, data: {'opcode': 0, 'status': 132, 'data': bytearray(b'')}}
2019-07-10 14:52:39,087 - ERROR - tty.usbmodem0006822145041: None: ERROR_INVALID_LENGTH
2019-07-10 14:52:39,088 - DEBUG - tty.usbmodem0006822145041: RX: 03840084
2019-07-10 14:52:39,088 - DEBUG - tty.usbmodem0006822145041: parsed_packet {event: CmdRsp, data: {'opcode': 0, 'status': 132, 'data': bytearray(b'')}}
2019-07-10 14:52:39,088 - ERROR - tty.usbmodem0006822145041: None: ERROR_INVALID_LENGTH
2019-07-10 14:52:39,088 - DEBUG - tty.usbmodem0006822145041: RX: 03840084
2019-07-10 14:52:39,088 - DEBUG - tty.usbmodem0006822145041: parsed_packet {event: CmdRsp, data: {'opcode': 0, 'status': 132, 'data': bytearray(b'')}}
2019-07-10 14:52:39,088 - ERROR - tty.usbmodem0006822145041: None: ERROR_INVALID_LENGTH
2019-07-10 14:52:39,089 - DEBUG - tty.usbmodem0006822145041: RX: 03840084
2019-07-10 14:52:39,089 - DEBUG - tty.usbmodem0006822145041: parsed_packet {event: CmdRsp, data: {'opcode': 0, 'status': 132, 'data': bytearray(b'')}}
2019-07-10 14:52:39,089 - ERROR - tty.usbmodem0006822145041: None: ERROR_INVALID_LENGTH
2019-07-10 14:52:39,089 - DEBUG - tty.usbmodem0006822145041: RX: 03840084
2019-07-10 14:52:39,089 - DEBUG - tty.usbmodem0006822145041: parsed_packet {event: CmdRsp, data: {'opcode': 0, 'status': 132, 'data': bytearray(b'')}}
2019-07-10 14:52:39,089 - ERROR - tty.usbmodem0006822145041: None: ERROR_INVALID_LENGTH
2019-07-10 14:52:39,089 - DEBUG - tty.usbmodem0006822145041: RX: 03840084
2019-07-10 14:52:39,090 - DEBUG - tty.usbmodem0006822145041: parsed_packet {event: CmdRsp, data: {'opcode': 0, 'status': 132, 'data': bytearray(b'')}}
2019-07-10 14:52:39,090 - ERROR - tty.usbmodem0006822145041: None: ERROR_INVALID_LENGTH
2019-07-10 14:52:39,090 - DEBUG - tty.usbmodem0006822145041: RX: 03840084
2019-07-10 14:52:39,090 - DEBUG - tty.usbmodem0006822145041: parsed_packet {event: CmdRsp, data: {'opcode': 0, 'status': 132, 'data': bytearray(b'')}}
2019-07-10 14:52:39,090 - ERROR - tty.usbmodem0006822145041: None: ERROR_INVALID_LENGTH
2019-07-10 14:52:39,090 - DEBUG - tty.usbmodem0006822145041: RX: 03840084
2019-07-10 14:52:39,091 - DEBUG - tty.usbmodem0006822145041: parsed_packet {event: CmdRsp, data: {'opcode': 0, 'status': 132, 'data': bytearray(b'')}}
2019-07-10 14:52:39,091 - ERROR - tty.usbmodem0006822145041: None: ERROR_INVALID_LENGTH
2019-07-10 14:52:39,107 - DEBUG - tty.usbmodem0006822145041: RX: 03849f8e
2019-07-10 14:52:39,107 - DEBUG - tty.usbmodem0006822145041: parsed_packet {event: CmdRsp, data: {'opcode': 159, 'status': 142, 'data': bytearray(b'')}}
2019-07-10 14:52:39,108 - ERROR - tty.usbmodem0006822145041: None: ERROR_REJECTED
2019-07-10 14:52:39,108 - DEBUG - tty.usbmodem0006822145041: RX: 03849281
2019-07-10 14:52:39,108 - DEBUG - tty.usbmodem0006822145041: parsed_packet {event: CmdRsp, data: {'opcode': 146, 'status': 129, 'data': bytearray(b'')}}
2019-07-10 14:52:39,108 - ERROR - tty.usbmodem0006822145041: SubnetAdd: ERROR_INTERNAL
2019-07-10 14:52:39,109 - DEBUG - tty.usbmodem0006822145041: RX: 03849781
2019-07-10 14:52:39,109 - DEBUG - tty.usbmodem0006822145041: parsed_packet {event: CmdRsp, data: {'opcode': 151, 'status': 129, 'data': bytearray(b'')}}
2019-07-10 14:52:39,109 - ERROR - tty.usbmodem0006822145041: AppkeyAdd: ERROR_INTERNAL
2019-07-10 14:52:39,110 - DEBUG - tty.usbmodem0006822145041: RX: 03849781
2019-07-10 14:52:39,110 - DEBUG - tty.usbmodem0006822145041: parsed_packet {event: CmdRsp, data: {'opcode': 151, 'status': 129, 'data': bytearray(b'')}}
2019-07-10 14:52:39,110 - ERROR - tty.usbmodem0006822145041: AppkeyAdd: ERROR_INTERNAL
2019-07-10 14:52:42,621 - DEBUG - tty.usbmodem0006822145041: Writing: 97 bytearray(b'')
2019-07-10 14:52:42,631 - DEBUG - tty.usbmodem0006822145041: TX: 0161
2019-07-10 14:52:42,638 - DEBUG - tty.usbmodem0006822145041: RX: 03846100
2019-07-10 14:52:42,638 - DEBUG - tty.usbmodem0006822145041: parsed_packet {event: CmdRsp, data: {'opcode': 97, 'status': 0, 'data': bytearray(b'')}}
2019-07-10 14:52:42,641 - INFO - tty.usbmodem0006822145041: Success
2019-07-10 14:52:44,433 - DEBUG - tty.usbmodem0006822145041: RX: 1ac09db77a0526b8734988639509c242d107d00001c8639509c2c2
2019-07-10 14:52:44,433 - DEBUG - tty.usbmodem0006822145041: parsed_packet {event: ProvUnprovisionedReceived, data: {'uuid': bytearray(b'\x9d\xb7z\x05&\xb8sI\x88c\x95\t\xc2B\xd1\x07'), 'rssi': -48, 'gatt_supported': 0, 'adv_addr_type': 1, 'adv_addr': bytearray(b'\xc8c\x95\t\xc2\xc2')}}
2019-07-10 14:52:44,434 - INFO - tty.usbmodem0006822145041: {event: ProvUnprovisionedReceived, data: {'uuid': bytearray(b'\x9d\xb7z\x05&\xb8sI\x88c\x95\t\xc2B\xd1\x07'), 'rssi': -48, 'gatt_supported': 0, 'adv_addr_type': 1, 'adv_addr': bytearray(b'\xc8c\x95\t\xc2\xc2')}}
2019-07-10 14:52:44,434 - INFO - tty.usbmodem0006822145041: Received UUID 9db77a0526b8734988639509c242d107 with RSSI: -48 dB
2019-07-10 14:52:46,441 - DEBUG - tty.usbmodem0006822145041: RX: 1ac09db77a0526b8734988639509c242d107cd0001c8639509c2c2
2019-07-10 14:52:46,442 - DEBUG - tty.usbmodem0006822145041: parsed_packet {event: ProvUnprovisionedReceived, data: {'uuid': bytearray(b'\x9d\xb7z\x05&\xb8sI\x88c\x95\t\xc2B\xd1\x07'), 'rssi': -51, 'gatt_supported': 0, 'adv_addr_type': 1, 'adv_addr': bytearray(b'\xc8c\x95\t\xc2\xc2')}}
2019-07-10 14:52:46,443 - INFO - tty.usbmodem0006822145041: {event: ProvUnprovisionedReceived, data: {'uuid': bytearray(b'\x9d\xb7z\x05&\xb8sI\x88c\x95\t\xc2B\xd1\x07'), 'rssi': -51, 'gatt_supported': 0, 'adv_addr_type': 1, 'adv_addr': bytearray(b'\xc8c\x95\t\xc2\xc2')}}
2019-07-10 14:52:47,265 - ERROR - tty.usbmodem0006822145041: uuid 9db77a0526b8734988639509c242d107 already in database
2019-07-10 14:52:47,265 - ERROR - tty.usbmodem0006822145041: Remove node 9db77a0526b8734988639509c242d107
2019-07-10 14:52:47,266 - DEBUG - tty.usbmodem0006822145041: Writing: 98 bytearray(b'')
2019-07-10 14:52:47,267 - DEBUG - tty.usbmodem0006822145041: TX: 0162
2019-07-10 14:52:47,272 - DEBUG - tty.usbmodem0006822145041: Writing: 99 bytearray(b'\x00\x9d\xb7z\x05&\xb8sI\x88c\x95\t\xc2B\xd1\x07\x18\xee\xd9\xc2\xa5j\xdd\x85\x04\x9f\xfc<Y\xad\x0e\x12\x00\x00\x00\x00\x00\x00,\x00\x00\x00\x00')
2019-07-10 14:52:47,273 - DEBUG - tty.usbmodem0006822145041: TX: 2d63009db77a0526b8734988639509c242d10718eed9c2a56add85049ffc3c59ad0e120000000000002c00000000
2019-07-10 14:52:47,273 - DEBUG - tty.usbmodem0006822145041: RX: 03846200
2019-07-10 14:52:47,280 - DEBUG - tty.usbmodem0006822145041: parsed_packet {event: CmdRsp, data: {'opcode': 98, 'status': 0, 'data': bytearray(b'')}}
2019-07-10 14:52:47,281 - INFO - tty.usbmodem0006822145041: Success
2019-07-10 14:52:47,286 - DEBUG - tty.usbmodem0006822145041: RX: 0484630000
2019-07-10 14:52:47,286 - DEBUG - tty.usbmodem0006822145041: parsed_packet {event: CmdRsp, data: {'opcode': 99, 'status': 0, 'data': bytearray(b'\x00')}}
2019-07-10 14:52:47,287 - INFO - tty.usbmodem0006822145041: Provision: {'context': 0}
2019-07-10 14:52:47,302 - DEBUG - tty.usbmodem0006822145041: RX: 02c100
2019-07-10 14:52:47,302 - DEBUG - tty.usbmodem0006822145041: parsed_packet {event: ProvLinkEstablished, data: {'context_id': 0}}
2019-07-10 14:52:47,302 - INFO - tty.usbmodem0006822145041: {event: ProvLinkEstablished, data: {'context_id': 0}}
2019-07-10 14:52:47,303 - INFO - tty.usbmodem0006822145041: Link established
2019-07-10 14:52:47,347 - DEBUG - tty.usbmodem0006822145041: RX: 0bc3000e0001000000000000
2019-07-10 14:52:47,347 - DEBUG - tty.usbmodem0006822145041: parsed_packet {event: ProvCapsReceived, data: {'context_id': 0, 'num_elements': 14, 'public_key_type': 0, 'static_oob_types': 1, 'output_oob_size': 0, 'output_oob_actions': 0, 'input_oob_size': 0, 'input_oob_actions': 0}}
2019-07-10 14:52:47,348 - INFO - tty.usbmodem0006822145041: {event: ProvCapsReceived, data: {'context_id': 0, 'num_elements': 14, 'public_key_type': 0, 'static_oob_types': 1, 'output_oob_size': 0, 'output_oob_actions': 0, 'input_oob_size': 0, 'input_oob_actions': 0}}
2019-07-10 14:52:47,348 - INFO - tty.usbmodem0006822145041: Received capabilities
2019-07-10 14:52:47,348 - INFO - tty.usbmodem0006822145041: Number of elements: 14
2019-07-10 14:52:47,348 - DEBUG - tty.usbmodem0006822145041: Writing: 102 bytearray(b'\x00\x00\x00\x00')
2019-07-10 14:52:47,348 - DEBUG - tty.usbmodem0006822145041: TX: 056600000000
2019-07-10 14:52:47,353 - DEBUG - tty.usbmodem0006822145041: RX: 0484660000
2019-07-10 14:52:47,354 - DEBUG - tty.usbmodem0006822145041: parsed_packet {event: CmdRsp, data: {'opcode': 102, 'status': 0, 'data': bytearray(b'\x00')}}
2019-07-10 14:52:47,354 - INFO - tty.usbmodem0006822145041: OobUse: {'context': 0}
2019-07-10 14:52:47,558 - DEBUG - tty.usbmodem0006822145041: RX: 62c700c81a5f9881d561ea0018f3072e89b00381d13de538b06814c2f0d7c4f8cc37e7cdf8c770d0a5bdd42179aef1769c5134075ae086cb1e11373641f9bb049cc017ccca81f41ef683fb767f39f470635f3bbc2c3986150ae9e046ecb52177b66418
2019-07-10 14:52:47,558 - DEBUG - tty.usbmodem0006822145041: parsed_packet {event: ProvEcdhRequest, data: {'context_id': 0, 'peer_public': bytearray(b'\xc8\x1a_\x98\x81\xd5a\xea\x00\x18\xf3\x07.\x89\xb0\x03\x81\xd1=\xe58\xb0h\x14\xc2\xf0\xd7\xc4\xf8\xcc7\xe7\xcd\xf8\xc7p\xd0\xa5\xbd\xd4!y\xae\xf1v\x9cQ4\x07Z\xe0\x86\xcb\x1e\x1176A\xf9\xbb\x04\x9c\xc0\x17'), 'node_private': bytearray(b'\xcc\xca\x81\xf4\x1e\xf6\x83\xfbv\x7f9\xf4pc_;\xbc,9\x86\x15\n\xe9\xe0F\xec\xb5!w\xb6d\x18')}}
2019-07-10 14:52:47,559 - INFO - tty.usbmodem0006822145041: {event: ProvEcdhRequest, data: {'context_id': 0, 'peer_public': bytearray(b'\xc8\x1a_\x98\x81\xd5a\xea\x00\x18\xf3\x07.\x89\xb0\x03\x81\xd1=\xe58\xb0h\x14\xc2\xf0\xd7\xc4\xf8\xcc7\xe7\xcd\xf8\xc7p\xd0\xa5\xbd\xd4!y\xae\xf1v\x9cQ4\x07Z\xe0\x86\xcb\x1e\x1176A\xf9\xbb\x04\x9c\xc0\x17'), 'node_private': bytearray(b'\xcc\xca\x81\xf4\x1e\xf6\x83\xfbv\x7f9\xf4pc_;\xbc,9\x86\x15\n\xe9\xe0F\xec\xb5!w\xb6d\x18')}}
2019-07-10 14:52:47,559 - INFO - tty.usbmodem0006822145041: ECDH request received
2019-07-10 14:52:47,560 - DEBUG - tty.usbmodem0006822145041: Writing: 104 bytearray(b'\x00\x17\xb1s\xdc\xe2w\x19\x1e\x053\xe3\x94\xacc\x9b+\nE\x06\xa4\xae\xf4\x8d3\x8b\x1e!\xf3\xb5d\xde\n')
2019-07-10 14:52:47,560 - DEBUG - tty.usbmodem0006822145041: TX: 22680017b173dce277191e0533e394ac639b2b0a4506a4aef48d338b1e21f3b564de0a
2019-07-10 14:52:47,566 - DEBUG - tty.usbmodem0006822145041: RX: 0484680000
2019-07-10 14:52:47,566 - DEBUG - tty.usbmodem0006822145041: parsed_packet {event: CmdRsp, data: {'opcode': 104, 'status': 0, 'data': bytearray(b'\x00')}}
2019-07-10 14:52:47,567 - INFO - tty.usbmodem0006822145041: EcdhSecret: {'context': 0}
2019-07-10 14:52:47,876 - DEBUG - tty.usbmodem0006822145041: RX: 2cc5000000000000002c000000cc05bc0d2428c1ffd0d486c336c0106418eed9c2a56add85049ffc3c59ad0e12
2019-07-10 14:52:47,877 - DEBUG - tty.usbmodem0006822145041: parsed_packet {event: ProvComplete, data: {'context_id': 0, 'iv_index': 0, 'net_key_index': 0, 'address': 44, 'iv_update_flag': 0, 'key_refresh_flag': 0, 'device_key': bytearray(b'\xcc\x05\xbc\r$(\xc1\xff\xd0\xd4\x86\xc36\xc0\x10d'), 'net_key': bytearray(b'\x18\xee\xd9\xc2\xa5j\xdd\x85\x04\x9f\xfc<Y\xad\x0e\x12')}}
2019-07-10 14:52:47,877 - INFO - tty.usbmodem0006822145041: {event: ProvComplete, data: {'context_id': 0, 'iv_index': 0, 'net_key_index': 0, 'address': 44, 'iv_update_flag': 0, 'key_refresh_flag': 0, 'device_key': bytearray(b'\xcc\x05\xbc\r$(\xc1\xff\xd0\xd4\x86\xc36\xc0\x10d'), 'net_key': bytearray(b'\x18\xee\xd9\xc2\xa5j\xdd\x85\x04\x9f\xfc<Y\xad\x0e\x12')}}
2019-07-10 14:52:47,877 - INFO - tty.usbmodem0006822145041: Provisioning complete
2019-07-10 14:52:47,877 - INFO - tty.usbmodem0006822145041: 	Address(es): 0x2c-0x39
2019-07-10 14:52:47,878 - INFO - tty.usbmodem0006822145041: 	Device key: cc05bc0d2428c1ffd0d486c336c01064
2019-07-10 14:52:47,878 - INFO - tty.usbmodem0006822145041: 	Network key: 18eed9c2a56add85049ffc3c59ad0e12
2019-07-10 14:52:47,878 - INFO - tty.usbmodem0006822145041: Adding device key to subnet 0
2019-07-10 14:52:47,878 - INFO - tty.usbmodem0006822145041: Adding publication address of root element
2019-07-10 14:52:47,879 - DEBUG - tty.usbmodem0006822145041: Writing: 156 bytearray(b',\x00\x00\x00\xcc\x05\xbc\r$(\xc1\xff\xd0\xd4\x86\xc36\xc0\x10d')
2019-07-10 14:52:47,879 - DEBUG - tty.usbmodem0006822145041: TX: 159c2c000000cc05bc0d2428c1ffd0d486c336c01064
2019-07-10 14:52:47,882 - DEBUG - tty.usbmodem0006822145041: Writing: 164 bytearray(b',\x00')
2019-07-10 14:52:47,882 - DEBUG - tty.usbmodem0006822145041: TX: 03a42c00
2019-07-10 14:52:49,885 - INFO - tty.usbmodem0006822145041: cmd AddrPublicationAdd, timeout waiting for event
2019-07-10 14:52:57,884 - ERROR - tty.usbmodem0006822145041: Exception in pkt handler <bound method Manager.__event_handler of <interactive_pyaci.Manager object at 0x10ff6c240>>
2019-07-10 14:52:57,890 - ERROR - tty.usbmodem0006822145041: traceback: Traceback (most recent call last):
  File "/Users/Tim-Mac/msc/bm-control/dev/nrf5SDKforMeshv310src/scripts/interactive_pyaci/aci/aci_uart.py", line 88, in process_packet
    fun(packet)
  File "/Users/Tim-Mac/msc/bm-control/dev/nrf5SDKforMeshv310src/scripts/interactive_pyaci/interactive_pyaci.py", line 243, in __event_handler
    self.process_stdout("ProvisionComplete", {"uuid", uuid})
  File "/Users/Tim-Mac/msc/bm-control/dev/nrf5SDKforMeshv310src/scripts/interactive_pyaci/interactive_pyaci.py", line 291, in process_stdout
    print(json.dumps(msg));
  File "/usr/local/Cellar/python/3.7.2_1/Frameworks/Python.framework/Versions/3.7/lib/python3.7/json/__init__.py", line 231, in dumps
    return _default_encoder.encode(obj)
  File "/usr/local/Cellar/python/3.7.2_1/Frameworks/Python.framework/Versions/3.7/lib/python3.7/json/encoder.py", line 199, in encode
    chunks = self.iterencode(o, _one_shot=True)
  File "/usr/local/Cellar/python/3.7.2_1/Frameworks/Python.framework/Versions/3.7/lib/python3.7/json/encoder.py", line 257, in iterencode
    return _iterencode(o, 0)
  File "/Users/Tim-Mac/msc/bm-control/dev/nrf5SDKforMeshv310src/scripts/interactive_pyaci/mesh/types.py", line 39, in _default
    return getattr(obj.__class__, "to_json", _default.default)(obj)
  File "/usr/local/Cellar/python/3.7.2_1/Frameworks/Python.framework/Versions/3.7/lib/python3.7/json/encoder.py", line 179, in default
    raise TypeError(f'Object of type {o.__class__.__name__} '
TypeError: Object of type set is not JSON serializable

2019-07-10 14:52:57,905 - DEBUG - tty.usbmodem0006822145041: RX: 05849c000900
2019-07-10 14:52:57,906 - DEBUG - tty.usbmodem0006822145041: parsed_packet {event: CmdRsp, data: {'opcode': 156, 'status': 0, 'data': bytearray(b'\t\x00')}}
2019-07-10 14:52:57,907 - INFO - tty.usbmodem0006822145041: DevkeyAdd: {'devkey_handle': 9}
2019-07-10 14:52:57,907 - DEBUG - tty.usbmodem0006822145041: RX: 0584a4000100
2019-07-10 14:52:57,910 - DEBUG - tty.usbmodem0006822145041: parsed_packet {event: CmdRsp, data: {'opcode': 164, 'status': 0, 'data': bytearray(b'\x01\x00')}}
2019-07-10 14:52:57,910 - INFO - tty.usbmodem0006822145041: AddrPublicationAdd: {'address_handle': 1}
2019-07-10 14:52:57,910 - ERROR - tty.usbmodem0006822145041: Error storing address handle: pop from empty list
2019-07-10 14:52:57,911 - DEBUG - tty.usbmodem0006822145041: RX: 03c20000
2019-07-10 14:52:57,911 - DEBUG - tty.usbmodem0006822145041: parsed_packet {event: ProvLinkClosed, data: {'context_id': 0, 'close_reason': 0}}
2019-07-10 14:52:57,911 - INFO - tty.usbmodem0006822145041: {event: ProvLinkClosed, data: {'context_id': 0, 'close_reason': 0}}
2019-07-10 14:52:57,911 - INFO - tty.usbmodem0006822145041: Provisioning link closed
2019-07-10 14:54:34,379 - DEBUG - tty.usbmodem0006822145041: exited read event
