2019-07-16 19:46:16,291 - DEBUG - tty.usbmodem0006822145041: Writing: 105 bytearray(b'\x83OV\tA\xb4\x17\xc0\xabq:\xfc\x0c\xea\x83\x18\xdc\x99Pf\xc0\xfdf\x1a\xd5\xf9q\xa6\xcb\xff(1\xa05q\xd2\x0e\x1b_\xfd\xe3\xf7c\xee%(\xa3\xc4"\x8d$\x0e\xceh\r\x0e#\xfduz\xd3\xae=\xd4\xbd7\xff\xf07\xdd\x9dy\xde\xc5\xf2\x00\x18K\xad|\xb5G#\xc2\xdd\x024Tj\xa8\xa1\x95\xf1\xd4\x1c\x0e')
2019-07-16 19:46:16,294 - DEBUG - tty.usbmodem0006822145041: TX: 6169834f560941b417c0ab713afc0cea8318dc995066c0fd661ad5f971a6cbff2831a03571d20e1b5ffde3f763ee2528a3c4228d240ece680d0e23fd757ad3ae3dd4bd37fff037dd9d79dec5f200184bad7cb54723c2dd0234546aa8a195f1d41c0e
2019-07-16 19:46:16,302 - INFO - tty.usbmodem0006822145041: 

2019-07-16 19:46:16,302 - INFO - tty.usbmodem0006822145041: Sending next message
2019-07-16 19:46:16,308 - DEBUG - tty.usbmodem0006822145041: RX: 03845384
2019-07-16 19:46:16,309 - DEBUG - tty.usbmodem0006822145041: parsed_packet {event: CmdRsp, data: {'opcode': 83, 'status': 132, 'data': bytearray(b'')}}
2019-07-16 19:46:16,309 - ERROR - tty.usbmodem0006822145041: None: ERROR_INVALID_LENGTH
2019-07-16 19:46:16,309 - DEBUG - tty.usbmodem0006822145041: Writing: 159 bytearray(b'\x01\x00\x01\x00')
2019-07-16 19:46:16,309 - DEBUG - tty.usbmodem0006822145041: TX: 059f01000100
2019-07-16 19:46:16,310 - DEBUG - tty.usbmodem0006822145041: RX: 03840084
2019-07-16 19:46:16,310 - DEBUG - tty.usbmodem0006822145041: parsed_packet {event: CmdRsp, data: {'opcode': 0, 'status': 132, 'data': bytearray(b'')}}
2019-07-16 19:46:16,312 - ERROR - tty.usbmodem0006822145041: None: ERROR_INVALID_LENGTH
2019-07-16 19:46:16,312 - DEBUG - tty.usbmodem0006822145041: Writing: 146 bytearray(b'\x00\x00\x18\xee\xd9\xc2\xa5j\xdd\x85\x04\x9f\xfc<Y\xad\x0e\x12')
2019-07-16 19:46:16,313 - DEBUG - tty.usbmodem0006822145041: TX: 1392000018eed9c2a56add85049ffc3c59ad0e12
2019-07-16 19:46:16,318 - DEBUG - tty.usbmodem0006822145041: RX: 03840084
2019-07-16 19:46:16,320 - DEBUG - tty.usbmodem0006822145041: parsed_packet {event: CmdRsp, data: {'opcode': 0, 'status': 132, 'data': bytearray(b'')}}
2019-07-16 19:46:16,320 - ERROR - tty.usbmodem0006822145041: None: ERROR_INVALID_LENGTH
2019-07-16 19:46:16,321 - DEBUG - tty.usbmodem0006822145041: Writing: 151 bytearray(b'\x00\x00\x00\x00Oh\xad\x85\xd9\xf4\x8a\xc8X\x9d\xf6e\xb6\xb4\x9b\x8a')
2019-07-16 19:46:16,321 - DEBUG - tty.usbmodem0006822145041: TX: 1597000000004f68ad85d9f48ac8589df665b6b49b8a
2019-07-16 19:46:16,321 - DEBUG - tty.usbmodem0006822145041: RX: 03840084
2019-07-16 19:46:16,321 - DEBUG - tty.usbmodem0006822145041: parsed_packet {event: CmdRsp, data: {'opcode': 0, 'status': 132, 'data': bytearray(b'')}}
2019-07-16 19:46:16,322 - ERROR - tty.usbmodem0006822145041: None: ERROR_INVALID_LENGTH
2019-07-16 19:46:16,322 - DEBUG - tty.usbmodem0006822145041: Writing: 151 bytearray(b'\x01\x00\x00\x00*\xa2\xa6\xde\xd5\xa0y\x8c\xea\xb5x|\xa3\xae9\xfc')
2019-07-16 19:46:16,322 - DEBUG - tty.usbmodem0006822145041: RX: 03840084
2019-07-16 19:46:16,330 - DEBUG - tty.usbmodem0006822145041: TX: 1597010000002aa2a6ded5a0798ceab5787ca3ae39fc
2019-07-16 19:46:16,330 - DEBUG - tty.usbmodem0006822145041: parsed_packet {event: CmdRsp, data: {'opcode': 0, 'status': 132, 'data': bytearray(b'')}}
2019-07-16 19:46:16,331 - ERROR - tty.usbmodem0006822145041: None: ERROR_INVALID_LENGTH
2019-07-16 19:46:16,331 - DEBUG - tty.usbmodem0006822145041: Writing: 164 bytearray(b'\x10\x00')
2019-07-16 19:46:16,332 - DEBUG - tty.usbmodem0006822145041: TX: 03a41000
2019-07-16 19:46:16,332 - DEBUG - tty.usbmodem0006822145041: RX: 03840084
2019-07-16 19:46:16,332 - DEBUG - tty.usbmodem0006822145041: parsed_packet {event: CmdRsp, data: {'opcode': 0, 'status': 132, 'data': bytearray(b'')}}
2019-07-16 19:46:16,332 - ERROR - tty.usbmodem0006822145041: None: ERROR_INVALID_LENGTH
2019-07-16 19:46:16,333 - DEBUG - tty.usbmodem0006822145041: RX: 03840084
2019-07-16 19:46:16,333 - DEBUG - tty.usbmodem0006822145041: parsed_packet {event: CmdRsp, data: {'opcode': 0, 'status': 132, 'data': bytearray(b'')}}
2019-07-16 19:46:16,333 - ERROR - tty.usbmodem0006822145041: None: ERROR_INVALID_LENGTH
2019-07-16 19:46:16,333 - DEBUG - tty.usbmodem0006822145041: RX: 03840084
2019-07-16 19:46:16,334 - DEBUG - tty.usbmodem0006822145041: parsed_packet {event: CmdRsp, data: {'opcode': 0, 'status': 132, 'data': bytearray(b'')}}
2019-07-16 19:46:16,334 - ERROR - tty.usbmodem0006822145041: None: ERROR_INVALID_LENGTH
2019-07-16 19:46:16,334 - DEBUG - tty.usbmodem0006822145041: RX: 03840084
2019-07-16 19:46:16,334 - DEBUG - tty.usbmodem0006822145041: parsed_packet {event: CmdRsp, data: {'opcode': 0, 'status': 132, 'data': bytearray(b'')}}
2019-07-16 19:46:16,334 - ERROR - tty.usbmodem0006822145041: None: ERROR_INVALID_LENGTH
2019-07-16 19:46:16,334 - DEBUG - tty.usbmodem0006822145041: RX: 03840084
2019-07-16 19:46:16,335 - DEBUG - tty.usbmodem0006822145041: parsed_packet {event: CmdRsp, data: {'opcode': 0, 'status': 132, 'data': bytearray(b'')}}
2019-07-16 19:46:16,335 - ERROR - tty.usbmodem0006822145041: None: ERROR_INVALID_LENGTH
2019-07-16 19:46:16,335 - DEBUG - tty.usbmodem0006822145041: RX: 03840084
2019-07-16 19:46:16,335 - DEBUG - tty.usbmodem0006822145041: parsed_packet {event: CmdRsp, data: {'opcode': 0, 'status': 132, 'data': bytearray(b'')}}
2019-07-16 19:46:16,335 - ERROR - tty.usbmodem0006822145041: None: ERROR_INVALID_LENGTH
2019-07-16 19:46:16,335 - DEBUG - tty.usbmodem0006822145041: RX: 03840084
2019-07-16 19:46:16,335 - DEBUG - tty.usbmodem0006822145041: parsed_packet {event: CmdRsp, data: {'opcode': 0, 'status': 132, 'data': bytearray(b'')}}
2019-07-16 19:46:16,335 - ERROR - tty.usbmodem0006822145041: None: ERROR_INVALID_LENGTH
2019-07-16 19:46:16,335 - DEBUG - tty.usbmodem0006822145041: RX: 03840084
2019-07-16 19:46:16,336 - DEBUG - tty.usbmodem0006822145041: parsed_packet {event: CmdRsp, data: {'opcode': 0, 'status': 132, 'data': bytearray(b'')}}
2019-07-16 19:46:16,336 - ERROR - tty.usbmodem0006822145041: None: ERROR_INVALID_LENGTH
2019-07-16 19:46:16,336 - DEBUG - tty.usbmodem0006822145041: RX: 03849f00
2019-07-16 19:46:16,336 - DEBUG - tty.usbmodem0006822145041: parsed_packet {event: CmdRsp, data: {'opcode': 159, 'status': 0, 'data': bytearray(b'')}}
2019-07-16 19:46:16,336 - INFO - tty.usbmodem0006822145041: Success
2019-07-16 19:46:16,336 - DEBUG - tty.usbmodem0006822145041: RX: 058492000000
2019-07-16 19:46:16,336 - DEBUG - tty.usbmodem0006822145041: parsed_packet {event: CmdRsp, data: {'opcode': 146, 'status': 0, 'data': bytearray(b'\x00\x00')}}
2019-07-16 19:46:16,336 - INFO - tty.usbmodem0006822145041: SubnetAdd: {'subnet_handle': 0}
2019-07-16 19:46:16,337 - DEBUG - tty.usbmodem0006822145041: RX: 058497000000
2019-07-16 19:46:16,337 - DEBUG - tty.usbmodem0006822145041: parsed_packet {event: CmdRsp, data: {'opcode': 151, 'status': 0, 'data': bytearray(b'\x00\x00')}}
2019-07-16 19:46:16,337 - INFO - tty.usbmodem0006822145041: AppkeyAdd: {'appkey_handle': 0}
2019-07-16 19:46:16,337 - DEBUG - tty.usbmodem0006822145041: RX: 058497000100
2019-07-16 19:46:16,337 - DEBUG - tty.usbmodem0006822145041: parsed_packet {event: CmdRsp, data: {'opcode': 151, 'status': 0, 'data': bytearray(b'\x01\x00')}}
2019-07-16 19:46:16,337 - INFO - tty.usbmodem0006822145041: AppkeyAdd: {'appkey_handle': 1}
2019-07-16 19:46:16,348 - DEBUG - tty.usbmodem0006822145041: RX: 0584a4000000
2019-07-16 19:46:16,349 - DEBUG - tty.usbmodem0006822145041: parsed_packet {event: CmdRsp, data: {'opcode': 164, 'status': 0, 'data': bytearray(b'\x00\x00')}}
2019-07-16 19:46:16,349 - INFO - tty.usbmodem0006822145041: AddrPublicationAdd: {'address_handle': 0}
2019-07-16 19:46:16,355 - INFO - tty.usbmodem0006822145041: 

2019-07-16 19:46:16,356 - INFO - tty.usbmodem0006822145041: Sending next message
2019-07-16 19:46:16,357 - DEBUG - tty.usbmodem0006822145041: Writing: 161 bytearray(b'\x01\xc0')
2019-07-16 19:46:16,357 - DEBUG - tty.usbmodem0006822145041: TX: 03a101c0
2019-07-16 19:46:16,359 - DEBUG - tty.usbmodem0006822145041: RX: 0584a1000100
2019-07-16 19:46:16,359 - DEBUG - tty.usbmodem0006822145041: parsed_packet {event: CmdRsp, data: {'opcode': 161, 'status': 0, 'data': bytearray(b'\x01\x00')}}
2019-07-16 19:46:16,360 - INFO - tty.usbmodem0006822145041: AddrSubscriptionAdd: {'address_handle': 1}
2019-07-16 19:46:16,364 - INFO - tty.usbmodem0006822145041: 

2019-07-16 19:46:16,364 - INFO - tty.usbmodem0006822145041: Sending next message
2019-07-16 19:46:16,364 - DEBUG - tty.usbmodem0006822145041: Writing: 164 bytearray(b'\x11\x00')
2019-07-16 19:46:16,366 - DEBUG - tty.usbmodem0006822145041: TX: 03a41100
2019-07-16 19:46:16,368 - DEBUG - tty.usbmodem0006822145041: RX: 0584a4000200
2019-07-16 19:46:16,369 - DEBUG - tty.usbmodem0006822145041: parsed_packet {event: CmdRsp, data: {'opcode': 164, 'status': 0, 'data': bytearray(b'\x02\x00')}}
2019-07-16 19:46:16,369 - INFO - tty.usbmodem0006822145041: AddrPublicationAdd: {'address_handle': 2}
2019-07-16 19:46:16,373 - INFO - tty.usbmodem0006822145041: 

2019-07-16 19:46:16,373 - INFO - tty.usbmodem0006822145041: Sending next message
2019-07-16 19:46:16,374 - DEBUG - tty.usbmodem0006822145041: Writing: 164 bytearray(b'\x12\x00')
2019-07-16 19:46:16,374 - DEBUG - tty.usbmodem0006822145041: TX: 03a41200
2019-07-16 19:46:16,375 - DEBUG - tty.usbmodem0006822145041: RX: 0584a4000300
2019-07-16 19:46:16,375 - DEBUG - tty.usbmodem0006822145041: parsed_packet {event: CmdRsp, data: {'opcode': 164, 'status': 0, 'data': bytearray(b'\x03\x00')}}
2019-07-16 19:46:16,376 - INFO - tty.usbmodem0006822145041: AddrPublicationAdd: {'address_handle': 3}
2019-07-16 19:46:16,382 - INFO - tty.usbmodem0006822145041: 

2019-07-16 19:46:16,382 - INFO - tty.usbmodem0006822145041: Sending next message
2019-07-16 19:46:16,382 - DEBUG - tty.usbmodem0006822145041: Writing: 164 bytearray(b'\x13\x00')
2019-07-16 19:46:16,382 - DEBUG - tty.usbmodem0006822145041: TX: 03a41300
2019-07-16 19:46:16,384 - DEBUG - tty.usbmodem0006822145041: RX: 0584a4000400
2019-07-16 19:46:16,385 - DEBUG - tty.usbmodem0006822145041: parsed_packet {event: CmdRsp, data: {'opcode': 164, 'status': 0, 'data': bytearray(b'\x04\x00')}}
2019-07-16 19:46:16,386 - INFO - tty.usbmodem0006822145041: AddrPublicationAdd: {'address_handle': 4}
2019-07-16 19:46:16,391 - INFO - tty.usbmodem0006822145041: 

2019-07-16 19:46:16,391 - INFO - tty.usbmodem0006822145041: Sending next message
2019-07-16 19:46:16,391 - DEBUG - tty.usbmodem0006822145041: Writing: 164 bytearray(b'\x14\x00')
2019-07-16 19:46:16,391 - DEBUG - tty.usbmodem0006822145041: TX: 03a41400
2019-07-16 19:46:16,393 - DEBUG - tty.usbmodem0006822145041: RX: 0584a4000500
2019-07-16 19:46:16,393 - DEBUG - tty.usbmodem0006822145041: parsed_packet {event: CmdRsp, data: {'opcode': 164, 'status': 0, 'data': bytearray(b'\x05\x00')}}
2019-07-16 19:46:16,394 - INFO - tty.usbmodem0006822145041: AddrPublicationAdd: {'address_handle': 5}
2019-07-16 19:46:16,401 - INFO - tty.usbmodem0006822145041: 

2019-07-16 19:46:16,402 - INFO - tty.usbmodem0006822145041: Sending next message
2019-07-16 19:46:16,402 - DEBUG - tty.usbmodem0006822145041: Writing: 164 bytearray(b'\x15\x00')
2019-07-16 19:46:16,402 - DEBUG - tty.usbmodem0006822145041: TX: 03a41500
2019-07-16 19:46:16,404 - DEBUG - tty.usbmodem0006822145041: RX: 0584a4000600
2019-07-16 19:46:16,404 - DEBUG - tty.usbmodem0006822145041: parsed_packet {event: CmdRsp, data: {'opcode': 164, 'status': 0, 'data': bytearray(b'\x06\x00')}}
2019-07-16 19:46:16,405 - INFO - tty.usbmodem0006822145041: AddrPublicationAdd: {'address_handle': 6}
2019-07-16 19:46:16,409 - INFO - tty.usbmodem0006822145041: 

2019-07-16 19:46:16,409 - INFO - tty.usbmodem0006822145041: Sending next message
2019-07-16 19:46:16,409 - DEBUG - tty.usbmodem0006822145041: Writing: 164 bytearray(b'\x16\x00')
2019-07-16 19:46:16,414 - DEBUG - tty.usbmodem0006822145041: TX: 03a41600
2019-07-16 19:46:16,417 - DEBUG - tty.usbmodem0006822145041: RX: 0584a4000700
2019-07-16 19:46:16,417 - DEBUG - tty.usbmodem0006822145041: parsed_packet {event: CmdRsp, data: {'opcode': 164, 'status': 0, 'data': bytearray(b'\x07\x00')}}
2019-07-16 19:46:16,417 - INFO - tty.usbmodem0006822145041: AddrPublicationAdd: {'address_handle': 7}
2019-07-16 19:46:16,424 - INFO - tty.usbmodem0006822145041: 

2019-07-16 19:46:16,424 - INFO - tty.usbmodem0006822145041: Sending next message
2019-07-16 19:46:16,425 - DEBUG - tty.usbmodem0006822145041: Writing: 164 bytearray(b'\x17\x00')
2019-07-16 19:46:16,425 - DEBUG - tty.usbmodem0006822145041: TX: 03a41700
2019-07-16 19:46:16,426 - DEBUG - tty.usbmodem0006822145041: RX: 0584a4000800
2019-07-16 19:46:16,426 - DEBUG - tty.usbmodem0006822145041: parsed_packet {event: CmdRsp, data: {'opcode': 164, 'status': 0, 'data': bytearray(b'\x08\x00')}}
2019-07-16 19:46:16,426 - INFO - tty.usbmodem0006822145041: AddrPublicationAdd: {'address_handle': 8}
2019-07-16 19:46:16,433 - INFO - tty.usbmodem0006822145041: 

2019-07-16 19:46:16,433 - INFO - tty.usbmodem0006822145041: Sending next message
2019-07-16 19:46:16,434 - DEBUG - tty.usbmodem0006822145041: Writing: 164 bytearray(b'\x18\x00')
2019-07-16 19:46:16,434 - DEBUG - tty.usbmodem0006822145041: TX: 03a41800
2019-07-16 19:46:16,435 - DEBUG - tty.usbmodem0006822145041: RX: 0584a4000900
2019-07-16 19:46:16,436 - DEBUG - tty.usbmodem0006822145041: parsed_packet {event: CmdRsp, data: {'opcode': 164, 'status': 0, 'data': bytearray(b'\t\x00')}}
2019-07-16 19:46:16,436 - INFO - tty.usbmodem0006822145041: AddrPublicationAdd: {'address_handle': 9}
2019-07-16 19:46:16,443 - INFO - tty.usbmodem0006822145041: 

2019-07-16 19:46:16,443 - INFO - tty.usbmodem0006822145041: Sending next message
2019-07-16 19:46:16,443 - DEBUG - tty.usbmodem0006822145041: Writing: 164 bytearray(b'\x19\x00')
2019-07-16 19:46:16,443 - DEBUG - tty.usbmodem0006822145041: TX: 03a41900
2019-07-16 19:46:16,445 - DEBUG - tty.usbmodem0006822145041: RX: 0584a4000a00
2019-07-16 19:46:16,445 - DEBUG - tty.usbmodem0006822145041: parsed_packet {event: CmdRsp, data: {'opcode': 164, 'status': 0, 'data': bytearray(b'\n\x00')}}
2019-07-16 19:46:16,446 - INFO - tty.usbmodem0006822145041: AddrPublicationAdd: {'address_handle': 10}
2019-07-16 19:46:16,452 - INFO - tty.usbmodem0006822145041: 

2019-07-16 19:46:16,452 - INFO - tty.usbmodem0006822145041: Sending next message
2019-07-16 19:46:16,452 - DEBUG - tty.usbmodem0006822145041: Writing: 164 bytearray(b'\x1a\x00')
2019-07-16 19:46:16,452 - DEBUG - tty.usbmodem0006822145041: TX: 03a41a00
2019-07-16 19:46:16,454 - DEBUG - tty.usbmodem0006822145041: RX: 0584a4000b00
2019-07-16 19:46:16,455 - DEBUG - tty.usbmodem0006822145041: parsed_packet {event: CmdRsp, data: {'opcode': 164, 'status': 0, 'data': bytearray(b'\x0b\x00')}}
2019-07-16 19:46:16,455 - INFO - tty.usbmodem0006822145041: AddrPublicationAdd: {'address_handle': 11}
2019-07-16 19:46:16,461 - INFO - tty.usbmodem0006822145041: 

2019-07-16 19:46:16,462 - INFO - tty.usbmodem0006822145041: Sending next message
2019-07-16 19:46:16,462 - DEBUG - tty.usbmodem0006822145041: Writing: 164 bytearray(b'\x1b\x00')
2019-07-16 19:46:16,462 - DEBUG - tty.usbmodem0006822145041: TX: 03a41b00
2019-07-16 19:46:16,463 - DEBUG - tty.usbmodem0006822145041: RX: 0584a4000c00
2019-07-16 19:46:16,464 - DEBUG - tty.usbmodem0006822145041: parsed_packet {event: CmdRsp, data: {'opcode': 164, 'status': 0, 'data': bytearray(b'\x0c\x00')}}
2019-07-16 19:46:16,464 - INFO - tty.usbmodem0006822145041: AddrPublicationAdd: {'address_handle': 12}
2019-07-16 19:46:16,470 - INFO - tty.usbmodem0006822145041: 

2019-07-16 19:46:16,471 - INFO - tty.usbmodem0006822145041: Sending next message
2019-07-16 19:46:16,471 - DEBUG - tty.usbmodem0006822145041: Writing: 164 bytearray(b'\x1c\x00')
2019-07-16 19:46:16,471 - DEBUG - tty.usbmodem0006822145041: TX: 03a41c00
2019-07-16 19:46:16,472 - DEBUG - tty.usbmodem0006822145041: RX: 0584a4000d00
2019-07-16 19:46:16,473 - DEBUG - tty.usbmodem0006822145041: parsed_packet {event: CmdRsp, data: {'opcode': 164, 'status': 0, 'data': bytearray(b'\r\x00')}}
2019-07-16 19:46:16,473 - INFO - tty.usbmodem0006822145041: AddrPublicationAdd: {'address_handle': 13}
2019-07-16 19:46:16,477 - INFO - tty.usbmodem0006822145041: 

2019-07-16 19:46:16,477 - INFO - tty.usbmodem0006822145041: Sending next message
2019-07-16 19:46:16,477 - DEBUG - tty.usbmodem0006822145041: Writing: 164 bytearray(b'\x1d\x00')
2019-07-16 19:46:16,479 - DEBUG - tty.usbmodem0006822145041: TX: 03a41d00
2019-07-16 19:46:16,481 - DEBUG - tty.usbmodem0006822145041: RX: 0584a4000e00
2019-07-16 19:46:16,482 - DEBUG - tty.usbmodem0006822145041: parsed_packet {event: CmdRsp, data: {'opcode': 164, 'status': 0, 'data': bytearray(b'\x0e\x00')}}
2019-07-16 19:46:16,482 - INFO - tty.usbmodem0006822145041: AddrPublicationAdd: {'address_handle': 14}
2019-07-16 19:46:16,488 - INFO - tty.usbmodem0006822145041: 

2019-07-16 19:46:16,488 - INFO - tty.usbmodem0006822145041: Sending next message
2019-07-16 19:46:16,489 - DEBUG - tty.usbmodem0006822145041: Writing: 156 bytearray(b'\x10\x00\x00\x00f\x97,Q\x9a\xaf\xecf\xe3\xfb\x8a\xe2\x03\xe4U\xa5')
2019-07-16 19:46:16,489 - DEBUG - tty.usbmodem0006822145041: TX: 159c1000000066972c519aafec66e3fb8ae203e455a5
2019-07-16 19:46:16,492 - DEBUG - tty.usbmodem0006822145041: RX: 05849c000800
2019-07-16 19:46:16,492 - DEBUG - tty.usbmodem0006822145041: parsed_packet {event: CmdRsp, data: {'opcode': 156, 'status': 0, 'data': bytearray(b'\x08\x00')}}
2019-07-16 19:46:16,492 - INFO - tty.usbmodem0006822145041: DevkeyAdd: {'devkey_handle': 8}
2019-07-16 19:46:20,491 - INFO - tty.usbmodem0006822145041: Timout handler timeout
2019-07-16 19:46:20,491 - DEBUG - tty.usbmodem0006822145041: Writing: 156 bytearray(b'\x10\x00\x00\x00f\x97,Q\x9a\xaf\xecf\xe3\xfb\x8a\xe2\x03\xe4U\xa5')
2019-07-16 19:46:20,491 - DEBUG - tty.usbmodem0006822145041: TX: 159c1000000066972c519aafec66e3fb8ae203e455a5
2019-07-16 19:46:20,495 - DEBUG - tty.usbmodem0006822145041: RX: 03849c8e
2019-07-16 19:46:20,496 - DEBUG - tty.usbmodem0006822145041: parsed_packet {event: CmdRsp, data: {'opcode': 156, 'status': 142, 'data': bytearray(b'')}}
2019-07-16 19:46:20,497 - ERROR - tty.usbmodem0006822145041: DevkeyAdd: ERROR_REJECTED
2019-07-16 19:47:05,747 - DEBUG - tty.usbmodem0006822145041: exited read event
