2019-07-30 17:25:17,340 - DEBUG - tty.usbmodem0006822145041: Writing: 14 bytearray(b'')
2019-07-30 17:25:17,340 - DEBUG - tty.usbmodem0006822145041: TX: 010e
2019-07-30 17:25:17,759 - DEBUG - tty.usbmodem0006822145041: RX: 04810200fe
2019-07-30 17:25:17,761 - DEBUG - tty.usbmodem0006822145041: parsed_packet {event: DeviceStarted, data: {'operating_mode': 2, 'hw_error': 0, 'data_credit_available': 254}}
2019-07-30 17:25:17,762 - INFO - tty.usbmodem0006822145041: Device rebooted.
2019-07-30 17:25:17,887 - DEBUG - tty.usbmodem0006822145041: Writing: 105 bytearray(b'\xf6s\\\xea\xa7WX\x81\xab\xa2<=\x87~w\xefq\xaf6\xbc)\xa6\x02\xb0\x10\xddb\xea\x97\x92\\\x1c\xc2\x98\xe0\x02\xf1"I\xbc]\xde\xb4\x1f<|\x9b\x9e\x98f\x80\x05\xf2\x88\xf3\xcf\xc4u\xc7\xc6\xbf\t\x014H\xef\x8a\x03\x8b\xdc\xa0v\x16\xf2Re\x83E\t\x9d\xba\xe5p\xd5\xc5C\xc0A\x82j\xe6\xc7\xe0\xaaV\xf2')
2019-07-30 17:25:17,892 - DEBUG - tty.usbmodem0006822145041: TX: 6169f6735ceaa7575881aba23c3d877e77ef71af36bc29a602b010dd62ea97925c1cc298e002f12249bc5ddeb41f3c7c9b9e98668005f288f3cfc475c7c6bf09013448ef8a038bdca07616f252658345099dbae570d5c543c041826ae6c7e0aa56f2
2019-07-30 17:25:17,899 - INFO - tty.usbmodem0006822145041: 

2019-07-30 17:25:17,899 - INFO - tty.usbmodem0006822145041: Sending next message
2019-07-30 17:25:17,904 - DEBUG - tty.usbmodem0006822145041: RX: 03845384
2019-07-30 17:25:17,904 - DEBUG - tty.usbmodem0006822145041: parsed_packet {event: CmdRsp, data: {'opcode': 83, 'status': 132, 'data': bytearray(b'')}}
2019-07-30 17:25:17,905 - ERROR - tty.usbmodem0006822145041: None: ERROR_INVALID_LENGTH
2019-07-30 17:25:17,909 - DEBUG - tty.usbmodem0006822145041: Writing: 159 bytearray(b'\x01\x00\x01\x00')
2019-07-30 17:25:17,910 - DEBUG - tty.usbmodem0006822145041: TX: 059f01000100
2019-07-30 17:25:17,911 - DEBUG - tty.usbmodem0006822145041: RX: 03840084
2019-07-30 17:25:17,911 - DEBUG - tty.usbmodem0006822145041: parsed_packet {event: CmdRsp, data: {'opcode': 0, 'status': 132, 'data': bytearray(b'')}}
2019-07-30 17:25:17,911 - DEBUG - tty.usbmodem0006822145041: Writing: 146 bytearray(b'\x00\x00\x18\xee\xd9\xc2\xa5j\xdd\x85\x04\x9f\xfc<Y\xad\x0e\x12')
2019-07-30 17:25:17,911 - ERROR - tty.usbmodem0006822145041: None: ERROR_INVALID_LENGTH
2019-07-30 17:25:17,911 - DEBUG - tty.usbmodem0006822145041: TX: 1392000018eed9c2a56add85049ffc3c59ad0e12
2019-07-30 17:25:17,912 - DEBUG - tty.usbmodem0006822145041: RX: 03840084
2019-07-30 17:25:17,912 - DEBUG - tty.usbmodem0006822145041: parsed_packet {event: CmdRsp, data: {'opcode': 0, 'status': 132, 'data': bytearray(b'')}}
2019-07-30 17:25:17,913 - DEBUG - tty.usbmodem0006822145041: Writing: 151 bytearray(b'\x00\x00\x00\x00Oh\xad\x85\xd9\xf4\x8a\xc8X\x9d\xf6e\xb6\xb4\x9b\x8a')
2019-07-30 17:25:17,912 - ERROR - tty.usbmodem0006822145041: None: ERROR_INVALID_LENGTH
2019-07-30 17:25:17,913 - DEBUG - tty.usbmodem0006822145041: TX: 1597000000004f68ad85d9f48ac8589df665b6b49b8a
2019-07-30 17:25:17,913 - DEBUG - tty.usbmodem0006822145041: RX: 03840084
2019-07-30 17:25:17,913 - DEBUG - tty.usbmodem0006822145041: parsed_packet {event: CmdRsp, data: {'opcode': 0, 'status': 132, 'data': bytearray(b'')}}
2019-07-30 17:25:17,913 - DEBUG - tty.usbmodem0006822145041: Writing: 151 bytearray(b'\x01\x00\x00\x00*\xa2\xa6\xde\xd5\xa0y\x8c\xea\xb5x|\xa3\xae9\xfc')
2019-07-30 17:25:17,913 - ERROR - tty.usbmodem0006822145041: None: ERROR_INVALID_LENGTH
2019-07-30 17:25:17,913 - DEBUG - tty.usbmodem0006822145041: TX: 1597010000002aa2a6ded5a0798ceab5787ca3ae39fc
2019-07-30 17:25:17,914 - DEBUG - tty.usbmodem0006822145041: RX: 03840084
2019-07-30 17:25:17,914 - DEBUG - tty.usbmodem0006822145041: parsed_packet {event: CmdRsp, data: {'opcode': 0, 'status': 132, 'data': bytearray(b'')}}
2019-07-30 17:25:17,914 - DEBUG - tty.usbmodem0006822145041: Writing: 161 bytearray(b'\x01\xc0')
2019-07-30 17:25:17,914 - DEBUG - tty.usbmodem0006822145041: TX: 03a101c0
2019-07-30 17:25:17,914 - ERROR - tty.usbmodem0006822145041: None: ERROR_INVALID_LENGTH
2019-07-30 17:25:17,915 - DEBUG - tty.usbmodem0006822145041: RX: 03840084
2019-07-30 17:25:17,915 - DEBUG - tty.usbmodem0006822145041: parsed_packet {event: CmdRsp, data: {'opcode': 0, 'status': 132, 'data': bytearray(b'')}}
2019-07-30 17:25:17,915 - ERROR - tty.usbmodem0006822145041: None: ERROR_INVALID_LENGTH
2019-07-30 17:25:17,915 - DEBUG - tty.usbmodem0006822145041: RX: 03840084
2019-07-30 17:25:17,915 - DEBUG - tty.usbmodem0006822145041: parsed_packet {event: CmdRsp, data: {'opcode': 0, 'status': 132, 'data': bytearray(b'')}}
2019-07-30 17:25:17,915 - ERROR - tty.usbmodem0006822145041: None: ERROR_INVALID_LENGTH
2019-07-30 17:25:17,916 - DEBUG - tty.usbmodem0006822145041: RX: 03840084
2019-07-30 17:25:17,916 - DEBUG - tty.usbmodem0006822145041: parsed_packet {event: CmdRsp, data: {'opcode': 0, 'status': 132, 'data': bytearray(b'')}}
2019-07-30 17:25:17,916 - ERROR - tty.usbmodem0006822145041: None: ERROR_INVALID_LENGTH
2019-07-30 17:25:17,917 - DEBUG - tty.usbmodem0006822145041: RX: 03840084
2019-07-30 17:25:17,917 - DEBUG - tty.usbmodem0006822145041: parsed_packet {event: CmdRsp, data: {'opcode': 0, 'status': 132, 'data': bytearray(b'')}}
2019-07-30 17:25:17,918 - ERROR - tty.usbmodem0006822145041: None: ERROR_INVALID_LENGTH
2019-07-30 17:25:17,918 - DEBUG - tty.usbmodem0006822145041: RX: 03840084
2019-07-30 17:25:17,918 - DEBUG - tty.usbmodem0006822145041: parsed_packet {event: CmdRsp, data: {'opcode': 0, 'status': 132, 'data': bytearray(b'')}}
2019-07-30 17:25:17,918 - ERROR - tty.usbmodem0006822145041: None: ERROR_INVALID_LENGTH
2019-07-30 17:25:17,919 - DEBUG - tty.usbmodem0006822145041: RX: 03840084
2019-07-30 17:25:17,919 - DEBUG - tty.usbmodem0006822145041: parsed_packet {event: CmdRsp, data: {'opcode': 0, 'status': 132, 'data': bytearray(b'')}}
2019-07-30 17:25:17,919 - ERROR - tty.usbmodem0006822145041: None: ERROR_INVALID_LENGTH
2019-07-30 17:25:17,919 - DEBUG - tty.usbmodem0006822145041: RX: 03840084
2019-07-30 17:25:17,920 - DEBUG - tty.usbmodem0006822145041: parsed_packet {event: CmdRsp, data: {'opcode': 0, 'status': 132, 'data': bytearray(b'')}}
2019-07-30 17:25:17,920 - ERROR - tty.usbmodem0006822145041: None: ERROR_INVALID_LENGTH
2019-07-30 17:25:17,920 - DEBUG - tty.usbmodem0006822145041: RX: 03840084
2019-07-30 17:25:17,920 - DEBUG - tty.usbmodem0006822145041: parsed_packet {event: CmdRsp, data: {'opcode': 0, 'status': 132, 'data': bytearray(b'')}}
2019-07-30 17:25:17,920 - ERROR - tty.usbmodem0006822145041: None: ERROR_INVALID_LENGTH
2019-07-30 17:25:17,920 - DEBUG - tty.usbmodem0006822145041: RX: 03849f00
2019-07-30 17:25:17,920 - DEBUG - tty.usbmodem0006822145041: parsed_packet {event: CmdRsp, data: {'opcode': 159, 'status': 0, 'data': bytearray(b'')}}
2019-07-30 17:25:17,920 - INFO - tty.usbmodem0006822145041: Success
2019-07-30 17:25:17,921 - DEBUG - tty.usbmodem0006822145041: RX: 058492000000
2019-07-30 17:25:17,921 - DEBUG - tty.usbmodem0006822145041: parsed_packet {event: CmdRsp, data: {'opcode': 146, 'status': 0, 'data': bytearray(b'\x00\x00')}}
2019-07-30 17:25:17,921 - INFO - tty.usbmodem0006822145041: SubnetAdd: {'subnet_handle': 0}
2019-07-30 17:25:17,921 - DEBUG - tty.usbmodem0006822145041: RX: 058497000000
2019-07-30 17:25:17,921 - DEBUG - tty.usbmodem0006822145041: parsed_packet {event: CmdRsp, data: {'opcode': 151, 'status': 0, 'data': bytearray(b'\x00\x00')}}
2019-07-30 17:25:17,921 - INFO - tty.usbmodem0006822145041: AppkeyAdd: {'appkey_handle': 0}
2019-07-30 17:25:17,921 - DEBUG - tty.usbmodem0006822145041: RX: 058497000100
2019-07-30 17:25:17,922 - DEBUG - tty.usbmodem0006822145041: parsed_packet {event: CmdRsp, data: {'opcode': 151, 'status': 0, 'data': bytearray(b'\x01\x00')}}
2019-07-30 17:25:17,922 - INFO - tty.usbmodem0006822145041: AppkeyAdd: {'appkey_handle': 1}
2019-07-30 17:25:17,922 - DEBUG - tty.usbmodem0006822145041: RX: 0584a1000000
2019-07-30 17:25:17,922 - DEBUG - tty.usbmodem0006822145041: parsed_packet {event: CmdRsp, data: {'opcode': 161, 'status': 0, 'data': bytearray(b'\x00\x00')}}
2019-07-30 17:25:17,922 - INFO - tty.usbmodem0006822145041: AddrSubscriptionAdd: {'address_handle': 0}
2019-07-30 17:25:17,927 - INFO - tty.usbmodem0006822145041: 

2019-07-30 17:25:17,927 - INFO - tty.usbmodem0006822145041: Sending next message
2019-07-30 17:25:17,928 - DEBUG - tty.usbmodem0006822145041: Writing: 164 bytearray(b'\x1e\x00')
2019-07-30 17:25:17,928 - DEBUG - tty.usbmodem0006822145041: TX: 03a41e00
2019-07-30 17:25:17,930 - DEBUG - tty.usbmodem0006822145041: RX: 0584a4000100
2019-07-30 17:25:17,930 - DEBUG - tty.usbmodem0006822145041: parsed_packet {event: CmdRsp, data: {'opcode': 164, 'status': 0, 'data': bytearray(b'\x01\x00')}}
2019-07-30 17:25:17,930 - INFO - tty.usbmodem0006822145041: AddrPublicationAdd: {'address_handle': 1}
2019-07-30 17:25:17,935 - INFO - tty.usbmodem0006822145041: 

2019-07-30 17:25:17,936 - INFO - tty.usbmodem0006822145041: Sending next message
2019-07-30 17:25:17,936 - DEBUG - tty.usbmodem0006822145041: Writing: 164 bytearray(b'\x1f\x00')
2019-07-30 17:25:17,936 - DEBUG - tty.usbmodem0006822145041: TX: 03a41f00
2019-07-30 17:25:17,940 - DEBUG - tty.usbmodem0006822145041: RX: 0584a4000200
2019-07-30 17:25:17,940 - DEBUG - tty.usbmodem0006822145041: parsed_packet {event: CmdRsp, data: {'opcode': 164, 'status': 0, 'data': bytearray(b'\x02\x00')}}
2019-07-30 17:25:17,940 - INFO - tty.usbmodem0006822145041: AddrPublicationAdd: {'address_handle': 2}
2019-07-30 17:25:17,946 - INFO - tty.usbmodem0006822145041: 

2019-07-30 17:25:17,947 - INFO - tty.usbmodem0006822145041: Sending next message
2019-07-30 17:25:17,947 - DEBUG - tty.usbmodem0006822145041: Writing: 164 bytearray(b' \x00')
2019-07-30 17:25:17,947 - DEBUG - tty.usbmodem0006822145041: TX: 03a42000
2019-07-30 17:25:17,949 - DEBUG - tty.usbmodem0006822145041: RX: 0584a4000300
2019-07-30 17:25:17,949 - DEBUG - tty.usbmodem0006822145041: parsed_packet {event: CmdRsp, data: {'opcode': 164, 'status': 0, 'data': bytearray(b'\x03\x00')}}
2019-07-30 17:25:17,949 - INFO - tty.usbmodem0006822145041: AddrPublicationAdd: {'address_handle': 3}
2019-07-30 17:25:17,957 - INFO - tty.usbmodem0006822145041: 

2019-07-30 17:25:17,957 - INFO - tty.usbmodem0006822145041: Sending next message
2019-07-30 17:25:17,958 - DEBUG - tty.usbmodem0006822145041: Writing: 164 bytearray(b'!\x00')
2019-07-30 17:25:17,958 - DEBUG - tty.usbmodem0006822145041: TX: 03a42100
2019-07-30 17:25:17,960 - DEBUG - tty.usbmodem0006822145041: RX: 0584a4000400
2019-07-30 17:25:17,962 - DEBUG - tty.usbmodem0006822145041: parsed_packet {event: CmdRsp, data: {'opcode': 164, 'status': 0, 'data': bytearray(b'\x04\x00')}}
2019-07-30 17:25:17,962 - INFO - tty.usbmodem0006822145041: AddrPublicationAdd: {'address_handle': 4}
2019-07-30 17:25:17,968 - INFO - tty.usbmodem0006822145041: 

2019-07-30 17:25:17,968 - INFO - tty.usbmodem0006822145041: Sending next message
2019-07-30 17:25:17,968 - DEBUG - tty.usbmodem0006822145041: Writing: 164 bytearray(b'"\x00')
2019-07-30 17:25:17,968 - DEBUG - tty.usbmodem0006822145041: TX: 03a42200
2019-07-30 17:25:17,970 - DEBUG - tty.usbmodem0006822145041: RX: 0584a4000500
2019-07-30 17:25:17,970 - DEBUG - tty.usbmodem0006822145041: parsed_packet {event: CmdRsp, data: {'opcode': 164, 'status': 0, 'data': bytearray(b'\x05\x00')}}
2019-07-30 17:25:17,970 - INFO - tty.usbmodem0006822145041: AddrPublicationAdd: {'address_handle': 5}
2019-07-30 17:25:17,976 - INFO - tty.usbmodem0006822145041: 

2019-07-30 17:25:17,976 - INFO - tty.usbmodem0006822145041: Sending next message
2019-07-30 17:25:17,976 - DEBUG - tty.usbmodem0006822145041: Writing: 164 bytearray(b'#\x00')
2019-07-30 17:25:17,976 - DEBUG - tty.usbmodem0006822145041: TX: 03a42300
2019-07-30 17:25:17,978 - DEBUG - tty.usbmodem0006822145041: RX: 0584a4000600
2019-07-30 17:25:17,978 - DEBUG - tty.usbmodem0006822145041: parsed_packet {event: CmdRsp, data: {'opcode': 164, 'status': 0, 'data': bytearray(b'\x06\x00')}}
2019-07-30 17:25:17,978 - INFO - tty.usbmodem0006822145041: AddrPublicationAdd: {'address_handle': 6}
2019-07-30 17:25:17,983 - INFO - tty.usbmodem0006822145041: 

2019-07-30 17:25:17,983 - INFO - tty.usbmodem0006822145041: Sending next message
2019-07-30 17:25:17,984 - DEBUG - tty.usbmodem0006822145041: Writing: 164 bytearray(b'$\x00')
2019-07-30 17:25:17,984 - DEBUG - tty.usbmodem0006822145041: TX: 03a42400
2019-07-30 17:25:17,986 - DEBUG - tty.usbmodem0006822145041: RX: 0584a4000700
2019-07-30 17:25:17,986 - DEBUG - tty.usbmodem0006822145041: parsed_packet {event: CmdRsp, data: {'opcode': 164, 'status': 0, 'data': bytearray(b'\x07\x00')}}
2019-07-30 17:25:17,986 - INFO - tty.usbmodem0006822145041: AddrPublicationAdd: {'address_handle': 7}
2019-07-30 17:25:17,997 - INFO - tty.usbmodem0006822145041: 

2019-07-30 17:25:17,997 - INFO - tty.usbmodem0006822145041: Sending next message
2019-07-30 17:25:17,997 - DEBUG - tty.usbmodem0006822145041: Writing: 164 bytearray(b'%\x00')
2019-07-30 17:25:17,997 - DEBUG - tty.usbmodem0006822145041: TX: 03a42500
2019-07-30 17:25:17,999 - DEBUG - tty.usbmodem0006822145041: RX: 0584a4000800
2019-07-30 17:25:17,999 - DEBUG - tty.usbmodem0006822145041: parsed_packet {event: CmdRsp, data: {'opcode': 164, 'status': 0, 'data': bytearray(b'\x08\x00')}}
2019-07-30 17:25:17,999 - INFO - tty.usbmodem0006822145041: AddrPublicationAdd: {'address_handle': 8}
2019-07-30 17:25:18,008 - INFO - tty.usbmodem0006822145041: 

2019-07-30 17:25:18,009 - INFO - tty.usbmodem0006822145041: Sending next message
2019-07-30 17:25:18,009 - DEBUG - tty.usbmodem0006822145041: Writing: 164 bytearray(b'&\x00')
2019-07-30 17:25:18,009 - DEBUG - tty.usbmodem0006822145041: TX: 03a42600
2019-07-30 17:25:18,011 - DEBUG - tty.usbmodem0006822145041: RX: 0584a4000900
2019-07-30 17:25:18,011 - DEBUG - tty.usbmodem0006822145041: parsed_packet {event: CmdRsp, data: {'opcode': 164, 'status': 0, 'data': bytearray(b'\t\x00')}}
2019-07-30 17:25:18,011 - INFO - tty.usbmodem0006822145041: AddrPublicationAdd: {'address_handle': 9}
2019-07-30 17:25:18,018 - INFO - tty.usbmodem0006822145041: 

2019-07-30 17:25:18,019 - INFO - tty.usbmodem0006822145041: Sending next message
2019-07-30 17:25:18,019 - DEBUG - tty.usbmodem0006822145041: Writing: 164 bytearray(b"\'\x00")
2019-07-30 17:25:18,019 - DEBUG - tty.usbmodem0006822145041: TX: 03a42700
2019-07-30 17:25:18,021 - DEBUG - tty.usbmodem0006822145041: RX: 0584a4000a00
2019-07-30 17:25:18,021 - DEBUG - tty.usbmodem0006822145041: parsed_packet {event: CmdRsp, data: {'opcode': 164, 'status': 0, 'data': bytearray(b'\n\x00')}}
2019-07-30 17:25:18,021 - INFO - tty.usbmodem0006822145041: AddrPublicationAdd: {'address_handle': 10}
2019-07-30 17:25:18,030 - INFO - tty.usbmodem0006822145041: 

2019-07-30 17:25:18,031 - INFO - tty.usbmodem0006822145041: Sending next message
2019-07-30 17:25:18,031 - DEBUG - tty.usbmodem0006822145041: Writing: 164 bytearray(b'(\x00')
2019-07-30 17:25:18,031 - DEBUG - tty.usbmodem0006822145041: TX: 03a42800
2019-07-30 17:25:18,033 - DEBUG - tty.usbmodem0006822145041: RX: 0584a4000b00
2019-07-30 17:25:18,034 - DEBUG - tty.usbmodem0006822145041: parsed_packet {event: CmdRsp, data: {'opcode': 164, 'status': 0, 'data': bytearray(b'\x0b\x00')}}
2019-07-30 17:25:18,034 - INFO - tty.usbmodem0006822145041: AddrPublicationAdd: {'address_handle': 11}
2019-07-30 17:25:18,040 - INFO - tty.usbmodem0006822145041: 

2019-07-30 17:25:18,040 - INFO - tty.usbmodem0006822145041: Sending next message
2019-07-30 17:25:18,041 - DEBUG - tty.usbmodem0006822145041: Writing: 164 bytearray(b')\x00')
2019-07-30 17:25:18,041 - DEBUG - tty.usbmodem0006822145041: TX: 03a42900
2019-07-30 17:25:18,043 - DEBUG - tty.usbmodem0006822145041: RX: 0584a4000c00
2019-07-30 17:25:18,044 - DEBUG - tty.usbmodem0006822145041: parsed_packet {event: CmdRsp, data: {'opcode': 164, 'status': 0, 'data': bytearray(b'\x0c\x00')}}
2019-07-30 17:25:18,044 - INFO - tty.usbmodem0006822145041: AddrPublicationAdd: {'address_handle': 12}
2019-07-30 17:25:18,053 - INFO - tty.usbmodem0006822145041: 

2019-07-30 17:25:18,053 - INFO - tty.usbmodem0006822145041: Sending next message
2019-07-30 17:25:18,054 - DEBUG - tty.usbmodem0006822145041: Writing: 164 bytearray(b'*\x00')
2019-07-30 17:25:18,054 - DEBUG - tty.usbmodem0006822145041: TX: 03a42a00
2019-07-30 17:25:18,057 - DEBUG - tty.usbmodem0006822145041: RX: 0584a4000d00
2019-07-30 17:25:18,057 - DEBUG - tty.usbmodem0006822145041: parsed_packet {event: CmdRsp, data: {'opcode': 164, 'status': 0, 'data': bytearray(b'\r\x00')}}
2019-07-30 17:25:18,057 - INFO - tty.usbmodem0006822145041: AddrPublicationAdd: {'address_handle': 13}
2019-07-30 17:25:18,066 - INFO - tty.usbmodem0006822145041: 

2019-07-30 17:25:18,067 - INFO - tty.usbmodem0006822145041: Sending next message
2019-07-30 17:25:18,067 - DEBUG - tty.usbmodem0006822145041: Writing: 164 bytearray(b'+\x00')
2019-07-30 17:25:18,067 - DEBUG - tty.usbmodem0006822145041: TX: 03a42b00
2019-07-30 17:25:18,069 - DEBUG - tty.usbmodem0006822145041: RX: 0584a4000e00
2019-07-30 17:25:18,069 - DEBUG - tty.usbmodem0006822145041: parsed_packet {event: CmdRsp, data: {'opcode': 164, 'status': 0, 'data': bytearray(b'\x0e\x00')}}
2019-07-30 17:25:18,069 - INFO - tty.usbmodem0006822145041: AddrPublicationAdd: {'address_handle': 14}
2019-07-30 17:25:18,076 - INFO - tty.usbmodem0006822145041: 

2019-07-30 17:25:18,077 - INFO - tty.usbmodem0006822145041: Sending next message
2019-07-30 17:25:18,079 - DEBUG - tty.usbmodem0006822145041: Writing: 156 bytearray(b'\x1e\x00\x00\x00\xaa\xc3\x15)\x03\xa3\x1f"\x1b\xe3\xbae\xe0\x96xk')
2019-07-30 17:25:18,079 - DEBUG - tty.usbmodem0006822145041: TX: 159c1e000000aac3152903a31f221be3ba65e096786b
2019-07-30 17:25:18,083 - DEBUG - tty.usbmodem0006822145041: RX: 05849c000800
2019-07-30 17:25:18,084 - DEBUG - tty.usbmodem0006822145041: parsed_packet {event: CmdRsp, data: {'opcode': 156, 'status': 0, 'data': bytearray(b'\x08\x00')}}
2019-07-30 17:25:18,084 - INFO - tty.usbmodem0006822145041: DevkeyAdd: {'devkey_handle': 8}
2019-07-30 17:25:18,091 - INFO - tty.usbmodem0006822145041: No Messages remaining
2019-07-30 17:25:22,085 - INFO - tty.usbmodem0006822145041: Timout handler timeout
2019-07-30 17:25:32,596 - DEBUG - tty.usbmodem0006822145041.GenericOnOffClient: Sending opcode: 8202, data: 01f1
2019-07-30 17:25:32,596 - DEBUG - tty.usbmodem0006822145041: Writing: 171 bytearray(b'\x00\x00\x01\x00\x0e\x00\x08\x00\x00\x00\x82\x02\x01\xf1')
2019-07-30 17:25:32,597 - DEBUG - tty.usbmodem0006822145041: TX: 0fab000001000e0008000000820201f1
2019-07-30 17:25:32,601 - DEBUG - tty.usbmodem0006822145041: RX: 0784ab0001000000
2019-07-30 17:25:32,601 - DEBUG - tty.usbmodem0006822145041: parsed_packet {event: CmdRsp, data: {'opcode': 171, 'status': 0, 'data': bytearray(b'\x01\x00\x00\x00')}}
2019-07-30 17:25:32,602 - INFO - tty.usbmodem0006822145041: PacketSend: {'token': 1}
2019-07-30 17:25:32,616 - DEBUG - tty.usbmodem0006822145041: RX: 05d201000000
2019-07-30 17:25:32,616 - DEBUG - tty.usbmodem0006822145041: parsed_packet {event: MeshTxComplete, data: {'token': 1}}
2019-07-30 17:25:32,616 - INFO - tty.usbmodem0006822145041: {event: MeshTxComplete, data: {'token': 1}}
2019-07-30 17:25:32,699 - INFO - tty.usbmodem0006822145041.GenericOnOffClient: Set ACK 14 Failed
2019-07-30 17:25:33,604 - DEBUG - tty.usbmodem0006822145041.GenericOnOffClient: Sending opcode: 8202, data: 01f2
2019-07-30 17:25:33,605 - DEBUG - tty.usbmodem0006822145041: Writing: 171 bytearray(b'\x00\x00\x01\x00\r\x00\x08\x00\x00\x00\x82\x02\x01\xf2')
2019-07-30 17:25:33,605 - DEBUG - tty.usbmodem0006822145041: TX: 0fab000001000d0008000000820201f2
2019-07-30 17:25:33,611 - DEBUG - tty.usbmodem0006822145041: RX: 0784ab0002000000
2019-07-30 17:25:33,612 - DEBUG - tty.usbmodem0006822145041: parsed_packet {event: CmdRsp, data: {'opcode': 171, 'status': 0, 'data': bytearray(b'\x02\x00\x00\x00')}}
2019-07-30 17:25:33,612 - INFO - tty.usbmodem0006822145041: PacketSend: {'token': 2}
2019-07-30 17:25:33,617 - DEBUG - tty.usbmodem0006822145041: RX: 05d202000000
2019-07-30 17:25:33,617 - DEBUG - tty.usbmodem0006822145041: parsed_packet {event: MeshTxComplete, data: {'token': 2}}
2019-07-30 17:25:33,618 - INFO - tty.usbmodem0006822145041: {event: MeshTxComplete, data: {'token': 2}}
2019-07-30 17:25:33,709 - INFO - tty.usbmodem0006822145041.GenericOnOffClient: Set ACK 13 Failed
2019-07-30 17:25:34,616 - DEBUG - tty.usbmodem0006822145041.GenericOnOffClient: Sending opcode: 8202, data: 01f3
2019-07-30 17:25:34,616 - DEBUG - tty.usbmodem0006822145041: Writing: 171 bytearray(b'\x00\x00\x01\x00\x0c\x00\x08\x00\x00\x00\x82\x02\x01\xf3')
2019-07-30 17:25:34,617 - DEBUG - tty.usbmodem0006822145041: TX: 0fab000001000c0008000000820201f3
2019-07-30 17:25:34,621 - DEBUG - tty.usbmodem0006822145041: RX: 0784ab0003000000
2019-07-30 17:25:34,621 - DEBUG - tty.usbmodem0006822145041: parsed_packet {event: CmdRsp, data: {'opcode': 171, 'status': 0, 'data': bytearray(b'\x03\x00\x00\x00')}}
2019-07-30 17:25:34,621 - INFO - tty.usbmodem0006822145041: PacketSend: {'token': 3}
2019-07-30 17:25:34,628 - DEBUG - tty.usbmodem0006822145041: RX: 05d203000000
2019-07-30 17:25:34,629 - DEBUG - tty.usbmodem0006822145041: parsed_packet {event: MeshTxComplete, data: {'token': 3}}
2019-07-30 17:25:34,629 - INFO - tty.usbmodem0006822145041: {event: MeshTxComplete, data: {'token': 3}}
2019-07-30 17:25:34,718 - INFO - tty.usbmodem0006822145041.GenericOnOffClient: Set ACK 12 Failed
2019-07-30 17:25:35,622 - DEBUG - tty.usbmodem0006822145041.GenericOnOffClient: Sending opcode: 8202, data: 01f4
2019-07-30 17:25:35,622 - DEBUG - tty.usbmodem0006822145041: Writing: 171 bytearray(b'\x00\x00\x01\x00\x0b\x00\x08\x00\x00\x00\x82\x02\x01\xf4')
2019-07-30 17:25:35,623 - DEBUG - tty.usbmodem0006822145041: TX: 0fab000001000b0008000000820201f4
2019-07-30 17:25:35,629 - DEBUG - tty.usbmodem0006822145041: RX: 0784ab0004000000
2019-07-30 17:25:35,629 - DEBUG - tty.usbmodem0006822145041: parsed_packet {event: CmdRsp, data: {'opcode': 171, 'status': 0, 'data': bytearray(b'\x04\x00\x00\x00')}}
2019-07-30 17:25:35,629 - INFO - tty.usbmodem0006822145041: PacketSend: {'token': 4}
2019-07-30 17:25:35,632 - DEBUG - tty.usbmodem0006822145041: RX: 05d204000000
2019-07-30 17:25:35,632 - DEBUG - tty.usbmodem0006822145041: parsed_packet {event: MeshTxComplete, data: {'token': 4}}
2019-07-30 17:25:35,632 - INFO - tty.usbmodem0006822145041: {event: MeshTxComplete, data: {'token': 4}}
2019-07-30 17:25:35,724 - INFO - tty.usbmodem0006822145041.GenericOnOffClient: Set ACK 11 Failed
2019-07-30 17:25:36,630 - DEBUG - tty.usbmodem0006822145041.GenericOnOffClient: Sending opcode: 8202, data: 00f5
2019-07-30 17:25:36,630 - DEBUG - tty.usbmodem0006822145041: Writing: 171 bytearray(b'\x00\x00\x01\x00\x0e\x00\x08\x00\x00\x00\x82\x02\x00\xf5')
2019-07-30 17:25:36,630 - DEBUG - tty.usbmodem0006822145041: TX: 0fab000001000e0008000000820200f5
2019-07-30 17:25:36,635 - DEBUG - tty.usbmodem0006822145041: RX: 0784ab0005000000
2019-07-30 17:25:36,635 - DEBUG - tty.usbmodem0006822145041: parsed_packet {event: CmdRsp, data: {'opcode': 171, 'status': 0, 'data': bytearray(b'\x05\x00\x00\x00')}}
2019-07-30 17:25:36,635 - INFO - tty.usbmodem0006822145041: PacketSend: {'token': 5}
2019-07-30 17:25:36,648 - DEBUG - tty.usbmodem0006822145041: RX: 05d205000000
2019-07-30 17:25:36,649 - DEBUG - tty.usbmodem0006822145041: parsed_packet {event: MeshTxComplete, data: {'token': 5}}
2019-07-30 17:25:36,649 - INFO - tty.usbmodem0006822145041: {event: MeshTxComplete, data: {'token': 5}}
2019-07-30 17:25:36,732 - INFO - tty.usbmodem0006822145041.GenericOnOffClient: Set ACK 14 Failed
2019-07-30 17:25:37,637 - DEBUG - tty.usbmodem0006822145041.GenericOnOffClient: Sending opcode: 8202, data: 00f6
2019-07-30 17:25:37,638 - DEBUG - tty.usbmodem0006822145041: Writing: 171 bytearray(b'\x00\x00\x01\x00\r\x00\x08\x00\x00\x00\x82\x02\x00\xf6')
2019-07-30 17:25:37,638 - DEBUG - tty.usbmodem0006822145041: TX: 0fab000001000d0008000000820200f6
2019-07-30 17:25:37,646 - DEBUG - tty.usbmodem0006822145041: RX: 0784ab0006000000
2019-07-30 17:25:37,646 - DEBUG - tty.usbmodem0006822145041: parsed_packet {event: CmdRsp, data: {'opcode': 171, 'status': 0, 'data': bytearray(b'\x06\x00\x00\x00')}}
2019-07-30 17:25:37,646 - INFO - tty.usbmodem0006822145041: PacketSend: {'token': 6}
2019-07-30 17:25:37,660 - DEBUG - tty.usbmodem0006822145041: RX: 05d206000000
2019-07-30 17:25:37,661 - DEBUG - tty.usbmodem0006822145041: parsed_packet {event: MeshTxComplete, data: {'token': 6}}
2019-07-30 17:25:37,661 - INFO - tty.usbmodem0006822145041: {event: MeshTxComplete, data: {'token': 6}}
2019-07-30 17:25:37,741 - INFO - tty.usbmodem0006822145041.GenericOnOffClient: Set ACK 13 Failed
2019-07-30 17:25:38,650 - DEBUG - tty.usbmodem0006822145041.GenericOnOffClient: Sending opcode: 8202, data: 00f7
2019-07-30 17:25:38,651 - DEBUG - tty.usbmodem0006822145041: Writing: 171 bytearray(b'\x00\x00\x01\x00\x0c\x00\x08\x00\x00\x00\x82\x02\x00\xf7')
2019-07-30 17:25:38,651 - DEBUG - tty.usbmodem0006822145041: TX: 0fab000001000c0008000000820200f7
2019-07-30 17:25:38,657 - DEBUG - tty.usbmodem0006822145041: RX: 0784ab0007000000
2019-07-30 17:25:38,658 - DEBUG - tty.usbmodem0006822145041: parsed_packet {event: CmdRsp, data: {'opcode': 171, 'status': 0, 'data': bytearray(b'\x07\x00\x00\x00')}}
2019-07-30 17:25:38,658 - INFO - tty.usbmodem0006822145041: PacketSend: {'token': 7}
2019-07-30 17:25:38,658 - DEBUG - tty.usbmodem0006822145041: RX: 05d207000000
2019-07-30 17:25:38,658 - DEBUG - tty.usbmodem0006822145041: parsed_packet {event: MeshTxComplete, data: {'token': 7}}
2019-07-30 17:25:38,658 - INFO - tty.usbmodem0006822145041: {event: MeshTxComplete, data: {'token': 7}}
2019-07-30 17:25:38,755 - INFO - tty.usbmodem0006822145041.GenericOnOffClient: Set ACK 12 Failed
2019-07-30 17:25:39,658 - DEBUG - tty.usbmodem0006822145041.GenericOnOffClient: Sending opcode: 8202, data: 00f8
2019-07-30 17:25:39,658 - DEBUG - tty.usbmodem0006822145041: Writing: 171 bytearray(b'\x00\x00\x01\x00\x0b\x00\x08\x00\x00\x00\x82\x02\x00\xf8')
2019-07-30 17:25:39,658 - DEBUG - tty.usbmodem0006822145041: TX: 0fab000001000b0008000000820200f8
2019-07-30 17:25:39,662 - DEBUG - tty.usbmodem0006822145041: RX: 0784ab0008000000
2019-07-30 17:25:39,663 - DEBUG - tty.usbmodem0006822145041: parsed_packet {event: CmdRsp, data: {'opcode': 171, 'status': 0, 'data': bytearray(b'\x08\x00\x00\x00')}}
2019-07-30 17:25:39,663 - INFO - tty.usbmodem0006822145041: PacketSend: {'token': 8}
2019-07-30 17:25:39,670 - DEBUG - tty.usbmodem0006822145041: RX: 05d208000000
2019-07-30 17:25:39,670 - DEBUG - tty.usbmodem0006822145041: parsed_packet {event: MeshTxComplete, data: {'token': 8}}
2019-07-30 17:25:39,670 - INFO - tty.usbmodem0006822145041: {event: MeshTxComplete, data: {'token': 8}}
2019-07-30 17:25:39,758 - INFO - tty.usbmodem0006822145041.GenericOnOffClient: Set ACK 11 Failed
2019-07-30 17:40:03,472 - DEBUG - tty.usbmodem0006822145041: exited read event
