2019-07-09 09:32:32,133 - DEBUG - tty.usbmodem0006822145041: Writing: 105 bytearray(b"\x113\xd52\xb3\x89kJo\xb5\x92@\x7fe\xb7\xc7\xb4\x96`\xf55\x88s\xe5\x8f\x16\xf1!\xe2\x14\x92\xea\xba\xc1}T7\n`\xfb\xd7\x06\xc2\xd4\xd9v\x85oId<\x1e\xb3.D\x04V\xd5\xe1\x83\x82\'\x9ak\xf34\xa0W\x11\xabr\x19\x98&\x0e\xd1\x1e]\xc4\xf8\xaf\xf7\x8ai\x89(\x9a\x8c\xe0#\xfdjJ\xd6\xd8\x8e")
2019-07-09 09:32:32,133 - DEBUG - tty.usbmodem0006822145041: TX: 61691133d532b3896b4a6fb592407f65b7c7b49660f5358873e58f16f121e21492eabac17d54370a60fbd706c2d4d976856f49643c1eb32e440456d5e18382279a6bf334a05711ab721998260ed11e5dc4f8aff78a6989289a8ce023fd6a4ad6d88e
2019-07-09 09:32:32,143 - DEBUG - tty.usbmodem0006822145041: RX: 03845384
2019-07-09 09:32:32,143 - DEBUG - tty.usbmodem0006822145041: parsed_packet {event: CmdRsp, data: {'opcode': 83, 'status': 132, 'data': bytearray(b'')}}
2019-07-09 09:32:32,144 - ERROR - tty.usbmodem0006822145041: None: ERROR_INVALID_LENGTH
2019-07-09 09:32:32,144 - DEBUG - tty.usbmodem0006822145041: Writing: 159 bytearray(b'\x01\x00\x01\x00')
2019-07-09 09:32:32,145 - DEBUG - tty.usbmodem0006822145041: TX: 059f01000100
2019-07-09 09:32:32,145 - DEBUG - tty.usbmodem0006822145041: RX: 03840084
2019-07-09 09:32:32,145 - DEBUG - tty.usbmodem0006822145041: parsed_packet {event: CmdRsp, data: {'opcode': 0, 'status': 132, 'data': bytearray(b'')}}
2019-07-09 09:32:32,145 - ERROR - tty.usbmodem0006822145041: None: ERROR_INVALID_LENGTH
2019-07-09 09:32:32,146 - DEBUG - tty.usbmodem0006822145041: Writing: 146 bytearray(b'\x00\x00\x18\xee\xd9\xc2\xa5j\xdd\x85\x04\x9f\xfc<Y\xad\x0e\x12')
2019-07-09 09:32:32,146 - DEBUG - tty.usbmodem0006822145041: RX: 03840084
2019-07-09 09:32:32,166 - DEBUG - tty.usbmodem0006822145041: parsed_packet {event: CmdRsp, data: {'opcode': 0, 'status': 132, 'data': bytearray(b'')}}
2019-07-09 09:32:32,166 - DEBUG - tty.usbmodem0006822145041: TX: 1392000018eed9c2a56add85049ffc3c59ad0e12
2019-07-09 09:32:32,167 - ERROR - tty.usbmodem0006822145041: None: ERROR_INVALID_LENGTH
2019-07-09 09:32:32,167 - DEBUG - tty.usbmodem0006822145041: Writing: 151 bytearray(b'\x00\x00\x00\x00Oh\xad\x85\xd9\xf4\x8a\xc8X\x9d\xf6e\xb6\xb4\x9b\x8a')
2019-07-09 09:32:32,168 - DEBUG - tty.usbmodem0006822145041: TX: 1597000000004f68ad85d9f48ac8589df665b6b49b8a
2019-07-09 09:32:32,168 - DEBUG - tty.usbmodem0006822145041: RX: 03840084
2019-07-09 09:32:32,168 - DEBUG - tty.usbmodem0006822145041: parsed_packet {event: CmdRsp, data: {'opcode': 0, 'status': 132, 'data': bytearray(b'')}}
2019-07-09 09:32:32,168 - ERROR - tty.usbmodem0006822145041: None: ERROR_INVALID_LENGTH
2019-07-09 09:32:32,169 - DEBUG - tty.usbmodem0006822145041: Writing: 151 bytearray(b'\x01\x00\x00\x00*\xa2\xa6\xde\xd5\xa0y\x8c\xea\xb5x|\xa3\xae9\xfc')
2019-07-09 09:32:32,169 - DEBUG - tty.usbmodem0006822145041: TX: 1597010000002aa2a6ded5a0798ceab5787ca3ae39fc
2019-07-09 09:32:32,169 - DEBUG - tty.usbmodem0006822145041: RX: 03840084
2019-07-09 09:32:32,169 - DEBUG - tty.usbmodem0006822145041: parsed_packet {event: CmdRsp, data: {'opcode': 0, 'status': 132, 'data': bytearray(b'')}}
2019-07-09 09:32:32,169 - ERROR - tty.usbmodem0006822145041: None: ERROR_INVALID_LENGTH
2019-07-09 09:32:32,169 - DEBUG - tty.usbmodem0006822145041: Writing: 164 bytearray(b'\x10\x00')
2019-07-09 09:32:32,170 - DEBUG - tty.usbmodem0006822145041: RX: 03840084
2019-07-09 09:32:32,172 - DEBUG - tty.usbmodem0006822145041: TX: 03a41000
2019-07-09 09:32:32,172 - DEBUG - tty.usbmodem0006822145041: parsed_packet {event: CmdRsp, data: {'opcode': 0, 'status': 132, 'data': bytearray(b'')}}
2019-07-09 09:32:32,173 - ERROR - tty.usbmodem0006822145041: None: ERROR_INVALID_LENGTH
2019-07-09 09:32:32,173 - DEBUG - tty.usbmodem0006822145041: RX: 03840084
2019-07-09 09:32:32,174 - DEBUG - tty.usbmodem0006822145041: parsed_packet {event: CmdRsp, data: {'opcode': 0, 'status': 132, 'data': bytearray(b'')}}
2019-07-09 09:32:32,174 - ERROR - tty.usbmodem0006822145041: None: ERROR_INVALID_LENGTH
2019-07-09 09:32:32,174 - DEBUG - tty.usbmodem0006822145041: RX: 03840084
2019-07-09 09:32:32,175 - DEBUG - tty.usbmodem0006822145041: parsed_packet {event: CmdRsp, data: {'opcode': 0, 'status': 132, 'data': bytearray(b'')}}
2019-07-09 09:32:32,176 - ERROR - tty.usbmodem0006822145041: None: ERROR_INVALID_LENGTH
2019-07-09 09:32:32,177 - DEBUG - tty.usbmodem0006822145041: RX: 03840084
2019-07-09 09:32:32,177 - DEBUG - tty.usbmodem0006822145041: parsed_packet {event: CmdRsp, data: {'opcode': 0, 'status': 132, 'data': bytearray(b'')}}
2019-07-09 09:32:32,183 - ERROR - tty.usbmodem0006822145041: None: ERROR_INVALID_LENGTH
2019-07-09 09:32:32,183 - DEBUG - tty.usbmodem0006822145041: RX: 03840084
2019-07-09 09:32:32,184 - DEBUG - tty.usbmodem0006822145041: parsed_packet {event: CmdRsp, data: {'opcode': 0, 'status': 132, 'data': bytearray(b'')}}
2019-07-09 09:32:32,184 - ERROR - tty.usbmodem0006822145041: None: ERROR_INVALID_LENGTH
2019-07-09 09:32:32,184 - DEBUG - tty.usbmodem0006822145041: RX: 03840084
2019-07-09 09:32:32,184 - DEBUG - tty.usbmodem0006822145041: parsed_packet {event: CmdRsp, data: {'opcode': 0, 'status': 132, 'data': bytearray(b'')}}
2019-07-09 09:32:32,184 - ERROR - tty.usbmodem0006822145041: None: ERROR_INVALID_LENGTH
2019-07-09 09:32:32,185 - DEBUG - tty.usbmodem0006822145041: RX: 03840084
2019-07-09 09:32:32,185 - DEBUG - tty.usbmodem0006822145041: parsed_packet {event: CmdRsp, data: {'opcode': 0, 'status': 132, 'data': bytearray(b'')}}
2019-07-09 09:32:32,208 - ERROR - tty.usbmodem0006822145041: None: ERROR_INVALID_LENGTH
2019-07-09 09:32:32,209 - DEBUG - tty.usbmodem0006822145041: RX: 03840084
2019-07-09 09:32:32,209 - DEBUG - tty.usbmodem0006822145041: parsed_packet {event: CmdRsp, data: {'opcode': 0, 'status': 132, 'data': bytearray(b'')}}
2019-07-09 09:32:32,209 - ERROR - tty.usbmodem0006822145041: None: ERROR_INVALID_LENGTH
2019-07-09 09:32:32,210 - DEBUG - tty.usbmodem0006822145041: RX: 03849f00
2019-07-09 09:32:32,210 - DEBUG - tty.usbmodem0006822145041: parsed_packet {event: CmdRsp, data: {'opcode': 159, 'status': 0, 'data': bytearray(b'')}}
2019-07-09 09:32:32,210 - INFO - tty.usbmodem0006822145041: Success
2019-07-09 09:32:32,210 - DEBUG - tty.usbmodem0006822145041: RX: 058492000000
2019-07-09 09:32:32,211 - DEBUG - tty.usbmodem0006822145041: parsed_packet {event: CmdRsp, data: {'opcode': 146, 'status': 0, 'data': bytearray(b'\x00\x00')}}
2019-07-09 09:32:32,212 - INFO - tty.usbmodem0006822145041: SubnetAdd: {'subnet_handle': 0}
2019-07-09 09:32:32,212 - DEBUG - tty.usbmodem0006822145041: RX: 058497000000
2019-07-09 09:32:32,212 - DEBUG - tty.usbmodem0006822145041: parsed_packet {event: CmdRsp, data: {'opcode': 151, 'status': 0, 'data': bytearray(b'\x00\x00')}}
2019-07-09 09:32:32,212 - INFO - tty.usbmodem0006822145041: AppkeyAdd: {'appkey_handle': 0}
2019-07-09 09:32:32,213 - DEBUG - tty.usbmodem0006822145041: RX: 058497000100
2019-07-09 09:32:32,213 - DEBUG - tty.usbmodem0006822145041: parsed_packet {event: CmdRsp, data: {'opcode': 151, 'status': 0, 'data': bytearray(b'\x01\x00')}}
2019-07-09 09:32:32,213 - INFO - tty.usbmodem0006822145041: AppkeyAdd: {'appkey_handle': 1}
2019-07-09 09:32:32,213 - DEBUG - tty.usbmodem0006822145041: RX: 0584a4000000
2019-07-09 09:32:32,231 - DEBUG - tty.usbmodem0006822145041: parsed_packet {event: CmdRsp, data: {'opcode': 164, 'status': 0, 'data': bytearray(b'\x00\x00')}}
2019-07-09 09:32:32,232 - INFO - tty.usbmodem0006822145041: AddrPublicationAdd: {'address_handle': 0}
2019-07-09 09:32:32,232 - ERROR - tty.usbmodem0006822145041: Error storing address handle: pop from empty list
2019-07-09 09:32:33,134 - DEBUG - tty.usbmodem0006822145041: Writing: 161 bytearray(b'\x01\xc0')
2019-07-09 09:32:33,135 - DEBUG - tty.usbmodem0006822145041: TX: 03a101c0
2019-07-09 09:32:33,137 - DEBUG - tty.usbmodem0006822145041: RX: 0584a1000100
2019-07-09 09:32:33,137 - DEBUG - tty.usbmodem0006822145041: parsed_packet {event: CmdRsp, data: {'opcode': 161, 'status': 0, 'data': bytearray(b'\x01\x00')}}
2019-07-09 09:32:33,137 - INFO - tty.usbmodem0006822145041: AddrSubscriptionAdd: {'address_handle': 1}
2019-07-09 09:32:33,138 - ERROR - tty.usbmodem0006822145041: Error storing address handle: pop from empty list
2019-07-09 09:32:41,088 - DEBUG - tty.usbmodem0006822145041.GenericOnOffClient: Sending opcode: 8202, data: 0100
2019-07-09 09:32:41,091 - DEBUG - tty.usbmodem0006822145041: Writing: 171 bytearray(b'\x00\x00\x01\x00\x00\x00\x08\x00\x00\x00\x82\x02\x01\x00')
2019-07-09 09:32:41,096 - DEBUG - tty.usbmodem0006822145041: TX: 0fab0000010000000800000082020100
2019-07-09 09:32:41,102 - DEBUG - tty.usbmodem0006822145041: RX: 0784ab0001000000
2019-07-09 09:32:41,102 - DEBUG - tty.usbmodem0006822145041: parsed_packet {event: CmdRsp, data: {'opcode': 171, 'status': 0, 'data': bytearray(b'\x01\x00\x00\x00')}}
2019-07-09 09:32:41,102 - INFO - tty.usbmodem0006822145041: PacketSend: {'token': 1}
2019-07-09 09:32:41,114 - DEBUG - tty.usbmodem0006822145041: RX: 05d201000000
2019-07-09 09:32:41,115 - DEBUG - tty.usbmodem0006822145041: parsed_packet {event: MeshTxComplete, data: {'token': 1}}
2019-07-09 09:32:41,116 - INFO - tty.usbmodem0006822145041: {event: MeshTxComplete, data: {'token': 1}}
2019-07-09 09:32:41,126 - DEBUG - tty.usbmodem0006822145041: RX: 17d010000100000000000401c8639509c2c2ca0300820401
2019-07-09 09:32:41,127 - DEBUG - tty.usbmodem0006822145041: parsed_packet {event: MeshMessageReceivedUnicast, data: {'src': 16, 'dst': 1, 'appkey_handle': 0, 'subnet_handle': 0, 'ttl': 4, 'adv_addr_type': 1, 'adv_addr': bytearray(b'\xc8c\x95\t\xc2\xc2'), 'rssi': -54, 'actual_length': 3, 'data': bytearray(b'\x82\x04\x01')}}
2019-07-09 09:32:41,127 - DEBUG - tty.usbmodem0006822145041: Message Opcode bytearray(b'\x82\x04'), Data bytearray(b'\x01') unknown for model <mesh.access.Access object at 0x105084a20>.
2019-07-09 09:32:41,127 - INFO - tty.usbmodem0006822145041.GenericOnOffClient: Present OnOff: on
2019-07-09 09:32:41,127 - INFO - tty.usbmodem0006822145041.GenericOnOffServer: Server Event bytearray(b'\x82\x04') bytearray(b'\x01')
2019-07-09 09:32:41,127 - DEBUG - tty.usbmodem0006822145041: Message Opcode bytearray(b'\x82\x04'), Data bytearray(b'\x01') unknown for model <mesh.access.Access object at 0x105084a20>.
2019-07-09 09:32:41,142 - INFO - tty.usbmodem0006822145041: {event: MeshMessageReceivedUnicast, data: {'src': 16, 'dst': 1, 'appkey_handle': 0, 'subnet_handle': 0, 'ttl': 4, 'adv_addr_type': 1, 'adv_addr': bytearray(b'\xc8c\x95\t\xc2\xc2'), 'rssi': -54, 'actual_length': 3, 'data': bytearray(b'\x82\x04\x01')}}
2019-07-09 09:32:44,482 - DEBUG - tty.usbmodem0006822145041.GenericOnOffClient: Sending opcode: 8202, data: 0001
2019-07-09 09:32:44,482 - DEBUG - tty.usbmodem0006822145041: Writing: 171 bytearray(b'\x00\x00\x01\x00\x00\x00\x08\x00\x00\x00\x82\x02\x00\x01')
2019-07-09 09:32:44,485 - DEBUG - tty.usbmodem0006822145041: TX: 0fab0000010000000800000082020001
2019-07-09 09:32:44,492 - DEBUG - tty.usbmodem0006822145041: RX: 0784ab0002000000
2019-07-09 09:32:44,492 - DEBUG - tty.usbmodem0006822145041: parsed_packet {event: CmdRsp, data: {'opcode': 171, 'status': 0, 'data': bytearray(b'\x02\x00\x00\x00')}}
2019-07-09 09:32:44,493 - INFO - tty.usbmodem0006822145041: PacketSend: {'token': 2}
2019-07-09 09:32:44,507 - DEBUG - tty.usbmodem0006822145041: RX: 05d202000000
2019-07-09 09:32:44,508 - DEBUG - tty.usbmodem0006822145041: parsed_packet {event: MeshTxComplete, data: {'token': 2}}
2019-07-09 09:32:44,508 - INFO - tty.usbmodem0006822145041: {event: MeshTxComplete, data: {'token': 2}}
2019-07-09 09:32:44,518 - DEBUG - tty.usbmodem0006822145041: RX: 17d010000100000000000401c8639509c2c2d40300820400
2019-07-09 09:32:44,519 - DEBUG - tty.usbmodem0006822145041: parsed_packet {event: MeshMessageReceivedUnicast, data: {'src': 16, 'dst': 1, 'appkey_handle': 0, 'subnet_handle': 0, 'ttl': 4, 'adv_addr_type': 1, 'adv_addr': bytearray(b'\xc8c\x95\t\xc2\xc2'), 'rssi': -44, 'actual_length': 3, 'data': bytearray(b'\x82\x04\x00')}}
2019-07-09 09:32:44,519 - DEBUG - tty.usbmodem0006822145041: Message Opcode bytearray(b'\x82\x04'), Data bytearray(b'\x00') unknown for model <mesh.access.Access object at 0x105084a20>.
2019-07-09 09:32:44,519 - INFO - tty.usbmodem0006822145041.GenericOnOffClient: off
2019-07-09 09:32:44,520 - INFO - tty.usbmodem0006822145041.GenericOnOffServer: Server Event bytearray(b'\x82\x04') bytearray(b'\x00')
2019-07-09 09:32:44,520 - DEBUG - tty.usbmodem0006822145041: Message Opcode bytearray(b'\x82\x04'), Data bytearray(b'\x00') unknown for model <mesh.access.Access object at 0x105084a20>.
2019-07-09 09:32:44,520 - INFO - tty.usbmodem0006822145041: {event: MeshMessageReceivedUnicast, data: {'src': 16, 'dst': 1, 'appkey_handle': 0, 'subnet_handle': 0, 'ttl': 4, 'adv_addr_type': 1, 'adv_addr': bytearray(b'\xc8c\x95\t\xc2\xc2'), 'rssi': -44, 'actual_length': 3, 'data': bytearray(b'\x82\x04\x00')}}
2019-07-09 09:34:01,335 - DEBUG - tty.usbmodem0006822145041: exited read event
