2019-08-22 13:59:40,554 - DEBUG - tty.usbmodem0006822145041: Writing: 105 bytearray(b'3\xc3\x16+\x953\x14\xc3\x82\xc9\xcb\xb9p\xed\x0e\xd8Kl\xc7\xb9\xe3\xb12\xbd4\xce\xde-\xde\xc9iz\x8c\xcf\xc1hZ\nJ3\xfa\x19\x1f\x0fFo[\xd2$3\xa8\x18\x9fhr\xf72\xcc\x15x\xcb#\x15,\\\x0fnF\xec\x93$\xcak\x12\xbe\xf9\x93\xf2y\xb8J\xcas\xeav=\x14\x86\x10e\xdbD\x97H7%')
2019-08-22 13:59:40,555 - DEBUG - tty.usbmodem0006822145041: TX: 616933c3162b953314c382c9cbb970ed0ed84b6cc7b9e3b132bd34cede2ddec9697a8ccfc1685a0a4a33fa191f0f466f5bd22433a8189f6872f732cc1578cb23152c5c0f6e46ec9324ca6b12bef993f279b84aca73ea763d14861065db4497483725
2019-08-22 13:59:40,564 - DEBUG - tty.usbmodem0006822145041: RX: 03845384
2019-08-22 13:59:40,565 - DEBUG - tty.usbmodem0006822145041: parsed_packet {event: CmdRsp, data: {'opcode': 83, 'status': 132, 'data': bytearray(b'')}}
2019-08-22 13:59:40,565 - ERROR - tty.usbmodem0006822145041: None: ERROR_INVALID_LENGTH
2019-08-22 13:59:40,566 - DEBUG - tty.usbmodem0006822145041: RX: 03840084
2019-08-22 13:59:40,566 - DEBUG - tty.usbmodem0006822145041: parsed_packet {event: CmdRsp, data: {'opcode': 0, 'status': 132, 'data': bytearray(b'')}}
2019-08-22 13:59:40,566 - ERROR - tty.usbmodem0006822145041: None: ERROR_INVALID_LENGTH
2019-08-22 13:59:40,567 - DEBUG - tty.usbmodem0006822145041: RX: 03840084
2019-08-22 13:59:40,567 - DEBUG - tty.usbmodem0006822145041: parsed_packet {event: CmdRsp, data: {'opcode': 0, 'status': 132, 'data': bytearray(b'')}}
2019-08-22 13:59:40,568 - ERROR - tty.usbmodem0006822145041: None: ERROR_INVALID_LENGTH
2019-08-22 13:59:40,568 - DEBUG - tty.usbmodem0006822145041: RX: 03840084
2019-08-22 13:59:40,568 - DEBUG - tty.usbmodem0006822145041: parsed_packet {event: CmdRsp, data: {'opcode': 0, 'status': 132, 'data': bytearray(b'')}}
2019-08-22 13:59:40,568 - ERROR - tty.usbmodem0006822145041: None: ERROR_INVALID_LENGTH
2019-08-22 13:59:40,569 - DEBUG - tty.usbmodem0006822145041: RX: 03840084
2019-08-22 13:59:40,569 - DEBUG - tty.usbmodem0006822145041: parsed_packet {event: CmdRsp, data: {'opcode': 0, 'status': 132, 'data': bytearray(b'')}}
2019-08-22 13:59:40,584 - ERROR - tty.usbmodem0006822145041: None: ERROR_INVALID_LENGTH
2019-08-22 13:59:40,585 - DEBUG - tty.usbmodem0006822145041: RX: 03840084
2019-08-22 13:59:40,586 - DEBUG - tty.usbmodem0006822145041: parsed_packet {event: CmdRsp, data: {'opcode': 0, 'status': 132, 'data': bytearray(b'')}}
2019-08-22 13:59:40,586 - ERROR - tty.usbmodem0006822145041: None: ERROR_INVALID_LENGTH
2019-08-22 13:59:40,587 - DEBUG - tty.usbmodem0006822145041: RX: 03840084
2019-08-22 13:59:40,587 - DEBUG - tty.usbmodem0006822145041: parsed_packet {event: CmdRsp, data: {'opcode': 0, 'status': 132, 'data': bytearray(b'')}}
2019-08-22 13:59:40,593 - DEBUG - tty.usbmodem0006822145041: Writing: 159 bytearray(b'\x01\x00\x01\x00')
2019-08-22 13:59:40,594 - ERROR - tty.usbmodem0006822145041: None: ERROR_INVALID_LENGTH
2019-08-22 13:59:40,611 - DEBUG - tty.usbmodem0006822145041: TX: 059f01000100
2019-08-22 13:59:40,616 - DEBUG - tty.usbmodem0006822145041: RX: 03840084
2019-08-22 13:59:40,616 - DEBUG - tty.usbmodem0006822145041: parsed_packet {event: CmdRsp, data: {'opcode': 0, 'status': 132, 'data': bytearray(b'')}}
2019-08-22 13:59:40,621 - ERROR - tty.usbmodem0006822145041: None: ERROR_INVALID_LENGTH
2019-08-22 13:59:40,629 - DEBUG - tty.usbmodem0006822145041: RX: 03840084
2019-08-22 13:59:40,630 - DEBUG - tty.usbmodem0006822145041: parsed_packet {event: CmdRsp, data: {'opcode': 0, 'status': 132, 'data': bytearray(b'')}}
2019-08-22 13:59:40,632 - ERROR - tty.usbmodem0006822145041: None: ERROR_INVALID_LENGTH
2019-08-22 13:59:40,638 - DEBUG - tty.usbmodem0006822145041: RX: 03840084
2019-08-22 13:59:40,639 - DEBUG - tty.usbmodem0006822145041: Writing: 146 bytearray(b'\x00\x00\x18\xee\xd9\xc2\xa5j\xdd\x85\x04\x9f\xfc<Y\xad\x0e\x12')
2019-08-22 13:59:40,639 - DEBUG - tty.usbmodem0006822145041: parsed_packet {event: CmdRsp, data: {'opcode': 0, 'status': 132, 'data': bytearray(b'')}}
2019-08-22 13:59:40,639 - DEBUG - tty.usbmodem0006822145041: TX: 1392000018eed9c2a56add85049ffc3c59ad0e12
2019-08-22 13:59:40,643 - ERROR - tty.usbmodem0006822145041: None: ERROR_INVALID_LENGTH
2019-08-22 13:59:40,645 - DEBUG - tty.usbmodem0006822145041: RX: 03840084
2019-08-22 13:59:40,645 - DEBUG - tty.usbmodem0006822145041: parsed_packet {event: CmdRsp, data: {'opcode': 0, 'status': 132, 'data': bytearray(b'')}}
2019-08-22 13:59:40,646 - ERROR - tty.usbmodem0006822145041: None: ERROR_INVALID_LENGTH
2019-08-22 13:59:40,646 - DEBUG - tty.usbmodem0006822145041: RX: 03840084
2019-08-22 13:59:40,646 - DEBUG - tty.usbmodem0006822145041: parsed_packet {event: CmdRsp, data: {'opcode': 0, 'status': 132, 'data': bytearray(b'')}}
2019-08-22 13:59:40,647 - ERROR - tty.usbmodem0006822145041: None: ERROR_INVALID_LENGTH
2019-08-22 13:59:40,647 - DEBUG - tty.usbmodem0006822145041: RX: 03840084
2019-08-22 13:59:40,647 - DEBUG - tty.usbmodem0006822145041: parsed_packet {event: CmdRsp, data: {'opcode': 0, 'status': 132, 'data': bytearray(b'')}}
2019-08-22 13:59:40,647 - ERROR - tty.usbmodem0006822145041: None: ERROR_INVALID_LENGTH
2019-08-22 13:59:40,647 - DEBUG - tty.usbmodem0006822145041: RX: 03849f00
2019-08-22 13:59:40,648 - DEBUG - tty.usbmodem0006822145041: parsed_packet {event: CmdRsp, data: {'opcode': 159, 'status': 0, 'data': bytearray(b'')}}
2019-08-22 13:59:40,648 - INFO - tty.usbmodem0006822145041: Success
2019-08-22 13:59:40,649 - DEBUG - tty.usbmodem0006822145041: RX: 058492000000
2019-08-22 13:59:40,649 - DEBUG - tty.usbmodem0006822145041: parsed_packet {event: CmdRsp, data: {'opcode': 146, 'status': 0, 'data': bytearray(b'\x00\x00')}}
2019-08-22 13:59:40,650 - INFO - tty.usbmodem0006822145041: SubnetAdd: {'subnet_handle': 0}
2019-08-22 13:59:40,674 - DEBUG - tty.usbmodem0006822145041: Writing: 151 bytearray(b'\x00\x00\x00\x00Oh\xad\x85\xd9\xf4\x8a\xc8X\x9d\xf6e\xb6\xb4\x9b\x8a')
2019-08-22 13:59:40,674 - DEBUG - tty.usbmodem0006822145041: TX: 1597000000004f68ad85d9f48ac8589df665b6b49b8a
2019-08-22 13:59:40,707 - DEBUG - tty.usbmodem0006822145041: Writing: 151 bytearray(b'\x01\x00\x00\x00*\xa2\xa6\xde\xd5\xa0y\x8c\xea\xb5x|\xa3\xae9\xfc')
2019-08-22 13:59:40,727 - DEBUG - tty.usbmodem0006822145041: TX: 1597010000002aa2a6ded5a0798ceab5787ca3ae39fc
2019-08-22 13:59:40,749 - DEBUG - tty.usbmodem0006822145041: RX: 058497000000
2019-08-22 13:59:40,750 - DEBUG - tty.usbmodem0006822145041: parsed_packet {event: CmdRsp, data: {'opcode': 151, 'status': 0, 'data': bytearray(b'\x00\x00')}}
2019-08-22 13:59:40,751 - INFO - tty.usbmodem0006822145041: AppkeyAdd: {'appkey_handle': 0}
2019-08-22 13:59:40,757 - DEBUG - tty.usbmodem0006822145041: RX: 058497000100
2019-08-22 13:59:40,760 - DEBUG - tty.usbmodem0006822145041: parsed_packet {event: CmdRsp, data: {'opcode': 151, 'status': 0, 'data': bytearray(b'\x01\x00')}}
2019-08-22 13:59:40,760 - INFO - tty.usbmodem0006822145041: AppkeyAdd: {'appkey_handle': 1}
2019-08-22 13:59:40,779 - DEBUG - tty.usbmodem0006822145041: Writing: 159 bytearray(b'\x01\x00\x01\x00')
2019-08-22 13:59:40,786 - DEBUG - tty.usbmodem0006822145041: TX: 059f01000100
2019-08-22 13:59:40,828 - DEBUG - tty.usbmodem0006822145041: Writing: 146 bytearray(b'\x00\x00\x18\xee\xd9\xc2\xa5j\xdd\x85\x04\x9f\xfc<Y\xad\x0e\x12')
2019-08-22 13:59:40,828 - DEBUG - tty.usbmodem0006822145041: RX: 03849f8e
2019-08-22 13:59:40,829 - DEBUG - tty.usbmodem0006822145041: TX: 1392000018eed9c2a56add85049ffc3c59ad0e12
2019-08-22 13:59:40,829 - DEBUG - tty.usbmodem0006822145041: parsed_packet {event: CmdRsp, data: {'opcode': 159, 'status': 142, 'data': bytearray(b'')}}
2019-08-22 13:59:40,829 - ERROR - tty.usbmodem0006822145041: None: ERROR_REJECTED
2019-08-22 13:59:40,857 - DEBUG - tty.usbmodem0006822145041: Writing: 151 bytearray(b'\x00\x00\x00\x00Oh\xad\x85\xd9\xf4\x8a\xc8X\x9d\xf6e\xb6\xb4\x9b\x8a')
2019-08-22 13:59:40,869 - DEBUG - tty.usbmodem0006822145041: TX: 1597000000004f68ad85d9f48ac8589df665b6b49b8a
2019-08-22 13:59:40,876 - DEBUG - tty.usbmodem0006822145041: RX: 03849281
2019-08-22 13:59:40,876 - DEBUG - tty.usbmodem0006822145041: parsed_packet {event: CmdRsp, data: {'opcode': 146, 'status': 129, 'data': bytearray(b'')}}
2019-08-22 13:59:40,876 - ERROR - tty.usbmodem0006822145041: SubnetAdd: ERROR_INTERNAL
2019-08-22 13:59:40,907 - DEBUG - tty.usbmodem0006822145041: Writing: 151 bytearray(b'\x01\x00\x00\x00*\xa2\xa6\xde\xd5\xa0y\x8c\xea\xb5x|\xa3\xae9\xfc')
2019-08-22 13:59:40,908 - DEBUG - tty.usbmodem0006822145041: TX: 1597010000002aa2a6ded5a0798ceab5787ca3ae39fc
2019-08-22 13:59:40,916 - DEBUG - tty.usbmodem0006822145041: RX: 03849781
2019-08-22 13:59:40,918 - DEBUG - tty.usbmodem0006822145041: parsed_packet {event: CmdRsp, data: {'opcode': 151, 'status': 129, 'data': bytearray(b'')}}
2019-08-22 13:59:40,919 - ERROR - tty.usbmodem0006822145041: AppkeyAdd: ERROR_INTERNAL
2019-08-22 13:59:40,923 - DEBUG - tty.usbmodem0006822145041: RX: 03849781
2019-08-22 13:59:40,923 - DEBUG - tty.usbmodem0006822145041: parsed_packet {event: CmdRsp, data: {'opcode': 151, 'status': 129, 'data': bytearray(b'')}}
2019-08-22 13:59:40,923 - ERROR - tty.usbmodem0006822145041: AppkeyAdd: ERROR_INTERNAL
2019-08-22 13:59:43,551 - DEBUG - tty.usbmodem0006822145041: Writing: 97 bytearray(b'')
2019-08-22 13:59:43,552 - DEBUG - tty.usbmodem0006822145041: TX: 0161
2019-08-22 13:59:43,557 - DEBUG - tty.usbmodem0006822145041: RX: 03846100
2019-08-22 13:59:43,557 - DEBUG - tty.usbmodem0006822145041: parsed_packet {event: CmdRsp, data: {'opcode': 97, 'status': 0, 'data': bytearray(b'')}}
2019-08-22 13:59:43,558 - INFO - tty.usbmodem0006822145041: Success
2019-08-22 13:59:44,125 - DEBUG - tty.usbmodem0006822145041: RX: 1ac08d875f5b77f9534d86aa7ce47836497cd20001c6aa7ce478f6
2019-08-22 13:59:44,125 - DEBUG - tty.usbmodem0006822145041: parsed_packet {event: ProvUnprovisionedReceived, data: {'uuid': bytearray(b'\x8d\x87_[w\xf9SM\x86\xaa|\xe4x6I|'), 'rssi': -46, 'gatt_supported': 0, 'adv_addr_type': 1, 'adv_addr': bytearray(b'\xc6\xaa|\xe4x\xf6')}}
2019-08-22 13:59:44,125 - INFO - tty.usbmodem0006822145041: {event: ProvUnprovisionedReceived, data: {'uuid': bytearray(b'\x8d\x87_[w\xf9SM\x86\xaa|\xe4x6I|'), 'rssi': -46, 'gatt_supported': 0, 'adv_addr_type': 1, 'adv_addr': bytearray(b'\xc6\xaa|\xe4x\xf6')}}
2019-08-22 13:59:44,125 - INFO - tty.usbmodem0006822145041: Received UUID 8d875f5b77f9534d86aa7ce47836497c with RSSI: -46 dB
2019-08-22 13:59:45,695 - DEBUG - tty.usbmodem0006822145041: Writing: 98 bytearray(b'')
2019-08-22 13:59:45,695 - DEBUG - tty.usbmodem0006822145041: TX: 0162
2019-08-22 13:59:45,700 - DEBUG - tty.usbmodem0006822145041: RX: 03846200
2019-08-22 13:59:45,700 - DEBUG - tty.usbmodem0006822145041: parsed_packet {event: CmdRsp, data: {'opcode': 98, 'status': 0, 'data': bytearray(b'')}}
2019-08-22 13:59:45,701 - INFO - tty.usbmodem0006822145041: Success
2019-08-22 13:59:45,717 - DEBUG - tty.usbmodem0006822145041: Writing: 99 bytearray(b'\x00io\xd6k\x16\xc9\x1dN\xbc\xc3J6\xf4I \xf2\x18\xee\xd9\xc2\xa5j\xdd\x85\x04\x9f\xfc<Y\xad\x0e\x12\x00\x00\x00\x00\x00\x00\x10\x00\x00\x00\x00')
2019-08-22 13:59:45,717 - DEBUG - tty.usbmodem0006822145041: TX: 2d6300696fd66b16c91d4ebcc34a36f44920f218eed9c2a56add85049ffc3c59ad0e120000000000001000000000
2019-08-22 13:59:45,723 - DEBUG - tty.usbmodem0006822145041: RX: 0484630000
2019-08-22 13:59:45,724 - DEBUG - tty.usbmodem0006822145041: parsed_packet {event: CmdRsp, data: {'opcode': 99, 'status': 0, 'data': bytearray(b'\x00')}}
2019-08-22 13:59:45,724 - INFO - tty.usbmodem0006822145041: Provision: {'context': 0}
2019-08-22 14:00:29,072 - DEBUG - tty.usbmodem0006822145041: exited read event
