2019-08-27 16:19:05,895 - DEBUG - tty.usbmodem0006822145041: Writing: 105 bytearray(b"n\x961\x91\x18\xe6\x1e\x9c\xf8\xcb\xcb\xf8e\x0fO>\x82q\xa9\xacg\x83\x8a\x9e\xb9L?\x8bw\x9e\x17\x8b\xbf( \x8a5\x15:\xff\x97q\xd6\xaa\xea\xd7\xd6\xf9\x8a\xe8\xc6\x825<}\x95\x14_\xdf\xef\xfes6\xd9$6V\x98\xd2\x82\x88\xf2\x173\x98\xe5;\xeb\x95\xab\r\x0f\xfa\xfe\x86&y\x07\x03\xb9\x02\n\x90\xa7\xb3\'")
2019-08-27 16:19:05,895 - INFO - tty.usbmodem0006822145041.MeshConfigurer: 

2019-08-27 16:19:05,896 - DEBUG - tty.usbmodem0006822145041: TX: 61696e96319118e61e9cf8cbcbf8650f4f3e8271a9ac67838a9eb94c3f8b779e178bbf28208a35153aff9771d6aaead7d6f98ae8c682353c7d95145fdfeffe7336d924365698d28288f2173398e53beb95ab0d0ffafe8626790703b9020a90a7b327
2019-08-27 16:19:05,896 - INFO - tty.usbmodem0006822145041.MeshConfigurer: Sending next message
2019-08-27 16:19:05,906 - DEBUG - tty.usbmodem0006822145041: RX: 03845384
2019-08-27 16:19:05,906 - DEBUG - tty.usbmodem0006822145041: parsed_packet {event: CmdRsp, data: {'opcode': 83, 'status': 132, 'data': bytearray(b'')}}
2019-08-27 16:19:05,906 - ERROR - tty.usbmodem0006822145041: None: ERROR_INVALID_LENGTH
2019-08-27 16:19:05,907 - DEBUG - tty.usbmodem0006822145041: RX: 03840084
2019-08-27 16:19:05,907 - DEBUG - tty.usbmodem0006822145041: parsed_packet {event: CmdRsp, data: {'opcode': 0, 'status': 132, 'data': bytearray(b'')}}
2019-08-27 16:19:05,907 - ERROR - tty.usbmodem0006822145041: None: ERROR_INVALID_LENGTH
2019-08-27 16:19:05,908 - DEBUG - tty.usbmodem0006822145041: RX: 03840084
2019-08-27 16:19:05,908 - DEBUG - tty.usbmodem0006822145041: parsed_packet {event: CmdRsp, data: {'opcode': 0, 'status': 132, 'data': bytearray(b'')}}
2019-08-27 16:19:05,908 - ERROR - tty.usbmodem0006822145041: None: ERROR_INVALID_LENGTH
2019-08-27 16:19:05,908 - DEBUG - tty.usbmodem0006822145041: RX: 03840084
2019-08-27 16:19:05,909 - DEBUG - tty.usbmodem0006822145041: parsed_packet {event: CmdRsp, data: {'opcode': 0, 'status': 132, 'data': bytearray(b'')}}
2019-08-27 16:19:05,909 - ERROR - tty.usbmodem0006822145041: None: ERROR_INVALID_LENGTH
2019-08-27 16:19:05,920 - DEBUG - tty.usbmodem0006822145041: RX: 03840084
2019-08-27 16:19:05,920 - DEBUG - tty.usbmodem0006822145041: parsed_packet {event: CmdRsp, data: {'opcode': 0, 'status': 132, 'data': bytearray(b'')}}
2019-08-27 16:19:05,920 - ERROR - tty.usbmodem0006822145041: None: ERROR_INVALID_LENGTH
2019-08-27 16:19:05,940 - DEBUG - tty.usbmodem0006822145041: Writing: 159 bytearray(b'\x01\x00\x01\x00')
2019-08-27 16:19:05,946 - DEBUG - tty.usbmodem0006822145041: TX: 059f01000100
2019-08-27 16:19:05,953 - DEBUG - tty.usbmodem0006822145041: RX: 03840084
2019-08-27 16:19:05,953 - DEBUG - tty.usbmodem0006822145041: parsed_packet {event: CmdRsp, data: {'opcode': 0, 'status': 132, 'data': bytearray(b'')}}
2019-08-27 16:19:05,955 - ERROR - tty.usbmodem0006822145041: None: ERROR_INVALID_LENGTH
2019-08-27 16:19:05,960 - DEBUG - tty.usbmodem0006822145041: RX: 03840084
2019-08-27 16:19:05,961 - DEBUG - tty.usbmodem0006822145041: parsed_packet {event: CmdRsp, data: {'opcode': 0, 'status': 132, 'data': bytearray(b'')}}
2019-08-27 16:19:05,962 - ERROR - tty.usbmodem0006822145041: None: ERROR_INVALID_LENGTH
2019-08-27 16:19:05,965 - DEBUG - tty.usbmodem0006822145041: RX: 03840084
2019-08-27 16:19:05,969 - DEBUG - tty.usbmodem0006822145041: parsed_packet {event: CmdRsp, data: {'opcode': 0, 'status': 132, 'data': bytearray(b'')}}
2019-08-27 16:19:05,970 - ERROR - tty.usbmodem0006822145041: None: ERROR_INVALID_LENGTH
2019-08-27 16:19:05,970 - DEBUG - tty.usbmodem0006822145041: Writing: 146 bytearray(b'\x00\x00\x18\xee\xd9\xc2\xa5j\xdd\x85\x04\x9f\xfc<Y\xad\x0e\x12')
2019-08-27 16:19:05,971 - DEBUG - tty.usbmodem0006822145041: TX: 1392000018eed9c2a56add85049ffc3c59ad0e12
2019-08-27 16:19:05,971 - DEBUG - tty.usbmodem0006822145041: RX: 03840084
2019-08-27 16:19:05,980 - DEBUG - tty.usbmodem0006822145041: parsed_packet {event: CmdRsp, data: {'opcode': 0, 'status': 132, 'data': bytearray(b'')}}
2019-08-27 16:19:05,980 - ERROR - tty.usbmodem0006822145041: None: ERROR_INVALID_LENGTH
2019-08-27 16:19:05,980 - DEBUG - tty.usbmodem0006822145041: RX: 03840084
2019-08-27 16:19:05,980 - DEBUG - tty.usbmodem0006822145041: parsed_packet {event: CmdRsp, data: {'opcode': 0, 'status': 132, 'data': bytearray(b'')}}
2019-08-27 16:19:05,980 - ERROR - tty.usbmodem0006822145041: None: ERROR_INVALID_LENGTH
2019-08-27 16:19:05,981 - DEBUG - tty.usbmodem0006822145041: RX: 03840084
2019-08-27 16:19:05,981 - DEBUG - tty.usbmodem0006822145041: parsed_packet {event: CmdRsp, data: {'opcode': 0, 'status': 132, 'data': bytearray(b'')}}
2019-08-27 16:19:05,981 - ERROR - tty.usbmodem0006822145041: None: ERROR_INVALID_LENGTH
2019-08-27 16:19:05,981 - DEBUG - tty.usbmodem0006822145041: RX: 03840084
2019-08-27 16:19:05,981 - DEBUG - tty.usbmodem0006822145041: parsed_packet {event: CmdRsp, data: {'opcode': 0, 'status': 132, 'data': bytearray(b'')}}
2019-08-27 16:19:05,981 - ERROR - tty.usbmodem0006822145041: None: ERROR_INVALID_LENGTH
2019-08-27 16:19:05,982 - DEBUG - tty.usbmodem0006822145041: RX: 03840084
2019-08-27 16:19:05,982 - DEBUG - tty.usbmodem0006822145041: parsed_packet {event: CmdRsp, data: {'opcode': 0, 'status': 132, 'data': bytearray(b'')}}
2019-08-27 16:19:05,982 - ERROR - tty.usbmodem0006822145041: None: ERROR_INVALID_LENGTH
2019-08-27 16:19:05,982 - DEBUG - tty.usbmodem0006822145041: RX: 03849f8e
2019-08-27 16:19:05,982 - DEBUG - tty.usbmodem0006822145041: parsed_packet {event: CmdRsp, data: {'opcode': 159, 'status': 142, 'data': bytearray(b'')}}
2019-08-27 16:19:05,982 - ERROR - tty.usbmodem0006822145041: None: ERROR_REJECTED
2019-08-27 16:19:05,983 - DEBUG - tty.usbmodem0006822145041: RX: 03849281
2019-08-27 16:19:05,983 - DEBUG - tty.usbmodem0006822145041: parsed_packet {event: CmdRsp, data: {'opcode': 146, 'status': 129, 'data': bytearray(b'')}}
2019-08-27 16:19:05,983 - ERROR - tty.usbmodem0006822145041: SubnetAdd: ERROR_INTERNAL
2019-08-27 16:19:06,002 - DEBUG - tty.usbmodem0006822145041: Writing: 151 bytearray(b'\x00\x00\x00\x00Oh\xad\x85\xd9\xf4\x8a\xc8X\x9d\xf6e\xb6\xb4\x9b\x8a')
2019-08-27 16:19:06,008 - DEBUG - tty.usbmodem0006822145041: TX: 1597000000004f68ad85d9f48ac8589df665b6b49b8a
2019-08-27 16:19:06,030 - DEBUG - tty.usbmodem0006822145041: RX: 03849781
2019-08-27 16:19:06,036 - DEBUG - tty.usbmodem0006822145041: parsed_packet {event: CmdRsp, data: {'opcode': 151, 'status': 129, 'data': bytearray(b'')}}
2019-08-27 16:19:06,036 - ERROR - tty.usbmodem0006822145041: AppkeyAdd: ERROR_INTERNAL
2019-08-27 16:19:06,042 - DEBUG - tty.usbmodem0006822145041: Writing: 151 bytearray(b'\x01\x00\x00\x00*\xa2\xa6\xde\xd5\xa0y\x8c\xea\xb5x|\xa3\xae9\xfc')
2019-08-27 16:19:06,045 - DEBUG - tty.usbmodem0006822145041: TX: 1597010000002aa2a6ded5a0798ceab5787ca3ae39fc
2019-08-27 16:19:06,060 - DEBUG - tty.usbmodem0006822145041: RX: 03849781
2019-08-27 16:19:06,060 - DEBUG - tty.usbmodem0006822145041: parsed_packet {event: CmdRsp, data: {'opcode': 151, 'status': 129, 'data': bytearray(b'')}}
2019-08-27 16:19:06,062 - ERROR - tty.usbmodem0006822145041: AppkeyAdd: ERROR_INTERNAL
2019-08-27 16:19:06,072 - DEBUG - tty.usbmodem0006822145041: Writing: 159 bytearray(b'\x01\x00\x01\x00')
2019-08-27 16:19:06,072 - DEBUG - tty.usbmodem0006822145041: TX: 059f01000100
2019-08-27 16:19:06,077 - DEBUG - tty.usbmodem0006822145041: RX: 03849f8e
2019-08-27 16:19:06,084 - DEBUG - tty.usbmodem0006822145041: parsed_packet {event: CmdRsp, data: {'opcode': 159, 'status': 142, 'data': bytearray(b'')}}
2019-08-27 16:19:06,098 - DEBUG - tty.usbmodem0006822145041: Writing: 146 bytearray(b'\x00\x00\x18\xee\xd9\xc2\xa5j\xdd\x85\x04\x9f\xfc<Y\xad\x0e\x12')
2019-08-27 16:19:06,092 - ERROR - tty.usbmodem0006822145041: None: ERROR_REJECTED
2019-08-27 16:19:06,099 - DEBUG - tty.usbmodem0006822145041: TX: 1392000018eed9c2a56add85049ffc3c59ad0e12
2019-08-27 16:19:06,149 - DEBUG - tty.usbmodem0006822145041: Writing: 151 bytearray(b'\x00\x00\x00\x00Oh\xad\x85\xd9\xf4\x8a\xc8X\x9d\xf6e\xb6\xb4\x9b\x8a')
2019-08-27 16:19:06,149 - DEBUG - tty.usbmodem0006822145041: TX: 1597000000004f68ad85d9f48ac8589df665b6b49b8a
2019-08-27 16:19:06,167 - DEBUG - tty.usbmodem0006822145041: RX: 03849281
2019-08-27 16:19:06,173 - DEBUG - tty.usbmodem0006822145041: parsed_packet {event: CmdRsp, data: {'opcode': 146, 'status': 129, 'data': bytearray(b'')}}
2019-08-27 16:19:06,179 - ERROR - tty.usbmodem0006822145041: SubnetAdd: ERROR_INTERNAL
2019-08-27 16:19:06,191 - DEBUG - tty.usbmodem0006822145041: RX: 03849781
2019-08-27 16:19:06,191 - DEBUG - tty.usbmodem0006822145041: parsed_packet {event: CmdRsp, data: {'opcode': 151, 'status': 129, 'data': bytearray(b'')}}
2019-08-27 16:19:06,193 - ERROR - tty.usbmodem0006822145041: AppkeyAdd: ERROR_INTERNAL
2019-08-27 16:19:06,206 - DEBUG - tty.usbmodem0006822145041: Writing: 151 bytearray(b'\x01\x00\x00\x00*\xa2\xa6\xde\xd5\xa0y\x8c\xea\xb5x|\xa3\xae9\xfc')
2019-08-27 16:19:06,207 - DEBUG - tty.usbmodem0006822145041: TX: 1597010000002aa2a6ded5a0798ceab5787ca3ae39fc
2019-08-27 16:19:06,221 - DEBUG - tty.usbmodem0006822145041: RX: 03849781
2019-08-27 16:19:06,221 - DEBUG - tty.usbmodem0006822145041: parsed_packet {event: CmdRsp, data: {'opcode': 151, 'status': 129, 'data': bytearray(b'')}}
2019-08-27 16:19:06,224 - ERROR - tty.usbmodem0006822145041: AppkeyAdd: ERROR_INTERNAL
2019-08-27 16:19:06,234 - DEBUG - tty.usbmodem0006822145041: Writing: 161 bytearray(b'\x01\xc0')
2019-08-27 16:19:06,240 - DEBUG - tty.usbmodem0006822145041: TX: 03a101c0
2019-08-27 16:19:06,249 - DEBUG - tty.usbmodem0006822145041: RX: 0584a1000000
2019-08-27 16:19:06,255 - DEBUG - tty.usbmodem0006822145041: parsed_packet {event: CmdRsp, data: {'opcode': 161, 'status': 0, 'data': bytearray(b'\x00\x00')}}
2019-08-27 16:19:06,262 - INFO - tty.usbmodem0006822145041: AddrSubscriptionAdd: {'address_handle': 0}
2019-08-27 16:19:06,266 - INFO - tty.usbmodem0006822145041.MeshConfigurer: 

2019-08-27 16:19:06,266 - INFO - tty.usbmodem0006822145041.MeshConfigurer: Sending next message
2019-08-27 16:19:06,269 - DEBUG - tty.usbmodem0006822145041: Writing: 164 bytearray(b'\x1e\x00')
2019-08-27 16:19:06,269 - DEBUG - tty.usbmodem0006822145041: TX: 03a41e00
2019-08-27 16:19:06,274 - DEBUG - tty.usbmodem0006822145041: RX: 0584a4000f00
2019-08-27 16:19:06,274 - DEBUG - tty.usbmodem0006822145041: parsed_packet {event: CmdRsp, data: {'opcode': 164, 'status': 0, 'data': bytearray(b'\x0f\x00')}}
2019-08-27 16:19:06,274 - INFO - tty.usbmodem0006822145041: AddrPublicationAdd: {'address_handle': 15}
2019-08-27 16:19:06,274 - INFO - tty.usbmodem0006822145041.MeshConfigurer: 

2019-08-27 16:19:06,275 - INFO - tty.usbmodem0006822145041.MeshConfigurer: Sending next message
2019-08-27 16:19:06,293 - DEBUG - tty.usbmodem0006822145041: Writing: 164 bytearray(b'\x1f\x00')
2019-08-27 16:19:06,294 - DEBUG - tty.usbmodem0006822145041: TX: 03a41f00
2019-08-27 16:19:06,296 - DEBUG - tty.usbmodem0006822145041: RX: 0584a4001000
2019-08-27 16:19:06,297 - DEBUG - tty.usbmodem0006822145041: parsed_packet {event: CmdRsp, data: {'opcode': 164, 'status': 0, 'data': bytearray(b'\x10\x00')}}
2019-08-27 16:19:06,297 - INFO - tty.usbmodem0006822145041: AddrPublicationAdd: {'address_handle': 16}
2019-08-27 16:19:06,297 - INFO - tty.usbmodem0006822145041.MeshConfigurer: 

2019-08-27 16:19:06,298 - INFO - tty.usbmodem0006822145041.MeshConfigurer: Sending next message
2019-08-27 16:19:06,318 - DEBUG - tty.usbmodem0006822145041: Writing: 164 bytearray(b' \x00')
2019-08-27 16:19:06,318 - DEBUG - tty.usbmodem0006822145041: TX: 03a42000
2019-08-27 16:19:06,320 - DEBUG - tty.usbmodem0006822145041: RX: 0584a4001100
2019-08-27 16:19:06,320 - DEBUG - tty.usbmodem0006822145041: parsed_packet {event: CmdRsp, data: {'opcode': 164, 'status': 0, 'data': bytearray(b'\x11\x00')}}
2019-08-27 16:19:06,321 - INFO - tty.usbmodem0006822145041: AddrPublicationAdd: {'address_handle': 17}
2019-08-27 16:19:06,322 - INFO - tty.usbmodem0006822145041.MeshConfigurer: 

2019-08-27 16:19:06,322 - INFO - tty.usbmodem0006822145041.MeshConfigurer: Sending next message
2019-08-27 16:19:06,339 - DEBUG - tty.usbmodem0006822145041: Writing: 164 bytearray(b'!\x00')
2019-08-27 16:19:06,340 - DEBUG - tty.usbmodem0006822145041: TX: 03a42100
2019-08-27 16:19:06,342 - DEBUG - tty.usbmodem0006822145041: RX: 0584a4001200
2019-08-27 16:19:06,342 - DEBUG - tty.usbmodem0006822145041: parsed_packet {event: CmdRsp, data: {'opcode': 164, 'status': 0, 'data': bytearray(b'\x12\x00')}}
2019-08-27 16:19:06,343 - INFO - tty.usbmodem0006822145041: AddrPublicationAdd: {'address_handle': 18}
2019-08-27 16:19:06,344 - INFO - tty.usbmodem0006822145041.MeshConfigurer: 

2019-08-27 16:19:06,344 - INFO - tty.usbmodem0006822145041.MeshConfigurer: Sending next message
2019-08-27 16:19:06,361 - DEBUG - tty.usbmodem0006822145041: Writing: 164 bytearray(b'"\x00')
2019-08-27 16:19:06,361 - DEBUG - tty.usbmodem0006822145041: TX: 03a42200
2019-08-27 16:19:06,364 - DEBUG - tty.usbmodem0006822145041: RX: 0584a4001300
2019-08-27 16:19:06,365 - DEBUG - tty.usbmodem0006822145041: parsed_packet {event: CmdRsp, data: {'opcode': 164, 'status': 0, 'data': bytearray(b'\x13\x00')}}
2019-08-27 16:19:06,366 - INFO - tty.usbmodem0006822145041: AddrPublicationAdd: {'address_handle': 19}
2019-08-27 16:19:06,368 - INFO - tty.usbmodem0006822145041.MeshConfigurer: 

2019-08-27 16:19:06,369 - INFO - tty.usbmodem0006822145041.MeshConfigurer: Sending next message
2019-08-27 16:19:06,385 - DEBUG - tty.usbmodem0006822145041: Writing: 164 bytearray(b'#\x00')
2019-08-27 16:19:06,385 - DEBUG - tty.usbmodem0006822145041: TX: 03a42300
2019-08-27 16:19:06,387 - DEBUG - tty.usbmodem0006822145041: RX: 0584a4001400
2019-08-27 16:19:06,387 - DEBUG - tty.usbmodem0006822145041: parsed_packet {event: CmdRsp, data: {'opcode': 164, 'status': 0, 'data': bytearray(b'\x14\x00')}}
2019-08-27 16:19:06,388 - INFO - tty.usbmodem0006822145041: AddrPublicationAdd: {'address_handle': 20}
2019-08-27 16:19:06,388 - INFO - tty.usbmodem0006822145041.MeshConfigurer: 

2019-08-27 16:19:06,388 - INFO - tty.usbmodem0006822145041.MeshConfigurer: Sending next message
2019-08-27 16:19:06,406 - DEBUG - tty.usbmodem0006822145041: Writing: 164 bytearray(b'$\x00')
2019-08-27 16:19:06,406 - DEBUG - tty.usbmodem0006822145041: TX: 03a42400
2019-08-27 16:19:06,408 - DEBUG - tty.usbmodem0006822145041: RX: 0584a4001500
2019-08-27 16:19:06,408 - DEBUG - tty.usbmodem0006822145041: parsed_packet {event: CmdRsp, data: {'opcode': 164, 'status': 0, 'data': bytearray(b'\x15\x00')}}
2019-08-27 16:19:06,408 - INFO - tty.usbmodem0006822145041: AddrPublicationAdd: {'address_handle': 21}
2019-08-27 16:19:06,409 - INFO - tty.usbmodem0006822145041.MeshConfigurer: 

2019-08-27 16:19:06,409 - INFO - tty.usbmodem0006822145041.MeshConfigurer: Sending next message
2019-08-27 16:19:06,426 - DEBUG - tty.usbmodem0006822145041: Writing: 164 bytearray(b'%\x00')
2019-08-27 16:19:06,427 - DEBUG - tty.usbmodem0006822145041: TX: 03a42500
2019-08-27 16:19:06,430 - DEBUG - tty.usbmodem0006822145041: RX: 0584a4001600
2019-08-27 16:19:06,431 - DEBUG - tty.usbmodem0006822145041: parsed_packet {event: CmdRsp, data: {'opcode': 164, 'status': 0, 'data': bytearray(b'\x16\x00')}}
2019-08-27 16:19:06,431 - INFO - tty.usbmodem0006822145041: AddrPublicationAdd: {'address_handle': 22}
2019-08-27 16:19:06,432 - INFO - tty.usbmodem0006822145041.MeshConfigurer: 

2019-08-27 16:19:06,433 - INFO - tty.usbmodem0006822145041.MeshConfigurer: Sending next message
2019-08-27 16:19:06,449 - DEBUG - tty.usbmodem0006822145041: Writing: 164 bytearray(b'&\x00')
2019-08-27 16:19:06,450 - DEBUG - tty.usbmodem0006822145041: TX: 03a42600
2019-08-27 16:19:06,453 - DEBUG - tty.usbmodem0006822145041: RX: 0584a4001700
2019-08-27 16:19:06,453 - DEBUG - tty.usbmodem0006822145041: parsed_packet {event: CmdRsp, data: {'opcode': 164, 'status': 0, 'data': bytearray(b'\x17\x00')}}
2019-08-27 16:19:06,454 - INFO - tty.usbmodem0006822145041: AddrPublicationAdd: {'address_handle': 23}
2019-08-27 16:19:06,454 - INFO - tty.usbmodem0006822145041.MeshConfigurer: 

2019-08-27 16:19:06,454 - INFO - tty.usbmodem0006822145041.MeshConfigurer: Sending next message
2019-08-27 16:19:06,471 - DEBUG - tty.usbmodem0006822145041: Writing: 164 bytearray(b"\'\x00")
2019-08-27 16:19:06,472 - DEBUG - tty.usbmodem0006822145041: TX: 03a42700
2019-08-27 16:19:06,474 - DEBUG - tty.usbmodem0006822145041: RX: 0584a4001800
2019-08-27 16:19:06,474 - DEBUG - tty.usbmodem0006822145041: parsed_packet {event: CmdRsp, data: {'opcode': 164, 'status': 0, 'data': bytearray(b'\x18\x00')}}
2019-08-27 16:19:06,474 - INFO - tty.usbmodem0006822145041: AddrPublicationAdd: {'address_handle': 24}
2019-08-27 16:19:06,475 - INFO - tty.usbmodem0006822145041.MeshConfigurer: 

2019-08-27 16:19:06,475 - INFO - tty.usbmodem0006822145041.MeshConfigurer: Sending next message
2019-08-27 16:19:06,493 - DEBUG - tty.usbmodem0006822145041: Writing: 164 bytearray(b'(\x00')
2019-08-27 16:19:06,493 - DEBUG - tty.usbmodem0006822145041: TX: 03a42800
2019-08-27 16:19:06,496 - DEBUG - tty.usbmodem0006822145041: RX: 0584a4001900
2019-08-27 16:19:06,496 - DEBUG - tty.usbmodem0006822145041: parsed_packet {event: CmdRsp, data: {'opcode': 164, 'status': 0, 'data': bytearray(b'\x19\x00')}}
2019-08-27 16:19:06,497 - INFO - tty.usbmodem0006822145041: AddrPublicationAdd: {'address_handle': 25}
2019-08-27 16:19:06,498 - INFO - tty.usbmodem0006822145041.MeshConfigurer: 

2019-08-27 16:19:06,499 - INFO - tty.usbmodem0006822145041.MeshConfigurer: Sending next message
2019-08-27 16:19:06,519 - DEBUG - tty.usbmodem0006822145041: Writing: 164 bytearray(b')\x00')
2019-08-27 16:19:06,520 - DEBUG - tty.usbmodem0006822145041: TX: 03a42900
2019-08-27 16:19:06,523 - DEBUG - tty.usbmodem0006822145041: RX: 0584a4001a00
2019-08-27 16:19:06,523 - DEBUG - tty.usbmodem0006822145041: parsed_packet {event: CmdRsp, data: {'opcode': 164, 'status': 0, 'data': bytearray(b'\x1a\x00')}}
2019-08-27 16:19:06,523 - INFO - tty.usbmodem0006822145041: AddrPublicationAdd: {'address_handle': 26}
2019-08-27 16:19:06,524 - INFO - tty.usbmodem0006822145041.MeshConfigurer: 

2019-08-27 16:19:06,524 - INFO - tty.usbmodem0006822145041.MeshConfigurer: Sending next message
2019-08-27 16:19:06,541 - DEBUG - tty.usbmodem0006822145041: Writing: 164 bytearray(b'*\x00')
2019-08-27 16:19:06,541 - DEBUG - tty.usbmodem0006822145041: TX: 03a42a00
2019-08-27 16:19:06,543 - DEBUG - tty.usbmodem0006822145041: RX: 0584a4001b00
2019-08-27 16:19:06,544 - DEBUG - tty.usbmodem0006822145041: parsed_packet {event: CmdRsp, data: {'opcode': 164, 'status': 0, 'data': bytearray(b'\x1b\x00')}}
2019-08-27 16:19:06,544 - INFO - tty.usbmodem0006822145041: AddrPublicationAdd: {'address_handle': 27}
2019-08-27 16:19:06,545 - INFO - tty.usbmodem0006822145041.MeshConfigurer: 

2019-08-27 16:19:06,546 - INFO - tty.usbmodem0006822145041.MeshConfigurer: Sending next message
2019-08-27 16:19:06,565 - DEBUG - tty.usbmodem0006822145041: Writing: 164 bytearray(b'+\x00')
2019-08-27 16:19:06,565 - DEBUG - tty.usbmodem0006822145041: TX: 03a42b00
2019-08-27 16:19:06,566 - DEBUG - tty.usbmodem0006822145041: RX: 0584a4001c00
2019-08-27 16:19:06,567 - DEBUG - tty.usbmodem0006822145041: parsed_packet {event: CmdRsp, data: {'opcode': 164, 'status': 0, 'data': bytearray(b'\x1c\x00')}}
2019-08-27 16:19:06,568 - INFO - tty.usbmodem0006822145041: AddrPublicationAdd: {'address_handle': 28}
2019-08-27 16:19:06,569 - INFO - tty.usbmodem0006822145041.MeshConfigurer: 

2019-08-27 16:19:06,569 - INFO - tty.usbmodem0006822145041.MeshConfigurer: Sending next message
2019-08-27 16:19:06,588 - DEBUG - tty.usbmodem0006822145041: Writing: 161 bytearray(b'\x01\xc0')
2019-08-27 16:19:06,588 - DEBUG - tty.usbmodem0006822145041: TX: 03a101c0
2019-08-27 16:19:06,590 - DEBUG - tty.usbmodem0006822145041: RX: 0584a1000000
2019-08-27 16:19:06,591 - DEBUG - tty.usbmodem0006822145041: parsed_packet {event: CmdRsp, data: {'opcode': 161, 'status': 0, 'data': bytearray(b'\x00\x00')}}
2019-08-27 16:19:06,592 - INFO - tty.usbmodem0006822145041: AddrSubscriptionAdd: {'address_handle': 0}
2019-08-27 16:19:06,594 - INFO - tty.usbmodem0006822145041.MeshConfigurer: 

2019-08-27 16:19:06,594 - INFO - tty.usbmodem0006822145041.MeshConfigurer: Sending next message
2019-08-27 16:19:06,609 - DEBUG - tty.usbmodem0006822145041: Writing: 164 bytearray(b',\x00')
2019-08-27 16:19:06,610 - DEBUG - tty.usbmodem0006822145041: TX: 03a42c00
2019-08-27 16:19:06,613 - DEBUG - tty.usbmodem0006822145041: RX: 0584a4001d00
2019-08-27 16:19:06,613 - DEBUG - tty.usbmodem0006822145041: parsed_packet {event: CmdRsp, data: {'opcode': 164, 'status': 0, 'data': bytearray(b'\x1d\x00')}}
2019-08-27 16:19:06,614 - INFO - tty.usbmodem0006822145041: AddrPublicationAdd: {'address_handle': 29}
2019-08-27 16:19:06,615 - INFO - tty.usbmodem0006822145041.MeshConfigurer: 

2019-08-27 16:19:06,616 - INFO - tty.usbmodem0006822145041.MeshConfigurer: Sending next message
2019-08-27 16:19:06,632 - DEBUG - tty.usbmodem0006822145041: Writing: 164 bytearray(b'-\x00')
2019-08-27 16:19:06,632 - DEBUG - tty.usbmodem0006822145041: TX: 03a42d00
2019-08-27 16:19:06,634 - DEBUG - tty.usbmodem0006822145041: RX: 0584a4001e00
2019-08-27 16:19:06,635 - DEBUG - tty.usbmodem0006822145041: parsed_packet {event: CmdRsp, data: {'opcode': 164, 'status': 0, 'data': bytearray(b'\x1e\x00')}}
2019-08-27 16:19:06,636 - INFO - tty.usbmodem0006822145041: AddrPublicationAdd: {'address_handle': 30}
2019-08-27 16:19:06,638 - INFO - tty.usbmodem0006822145041.MeshConfigurer: 

2019-08-27 16:19:06,638 - INFO - tty.usbmodem0006822145041.MeshConfigurer: Sending next message
2019-08-27 16:19:06,654 - DEBUG - tty.usbmodem0006822145041: Writing: 164 bytearray(b'.\x00')
2019-08-27 16:19:06,655 - DEBUG - tty.usbmodem0006822145041: TX: 03a42e00
2019-08-27 16:19:06,657 - DEBUG - tty.usbmodem0006822145041: RX: 0584a4001f00
2019-08-27 16:19:06,657 - DEBUG - tty.usbmodem0006822145041: parsed_packet {event: CmdRsp, data: {'opcode': 164, 'status': 0, 'data': bytearray(b'\x1f\x00')}}
2019-08-27 16:19:06,657 - INFO - tty.usbmodem0006822145041: AddrPublicationAdd: {'address_handle': 31}
2019-08-27 16:19:06,657 - INFO - tty.usbmodem0006822145041.MeshConfigurer: 

2019-08-27 16:19:06,658 - INFO - tty.usbmodem0006822145041.MeshConfigurer: Sending next message
2019-08-27 16:19:06,679 - DEBUG - tty.usbmodem0006822145041: Writing: 164 bytearray(b'/\x00')
2019-08-27 16:19:06,680 - DEBUG - tty.usbmodem0006822145041: TX: 03a42f00
2019-08-27 16:19:06,685 - DEBUG - tty.usbmodem0006822145041: RX: 0584a4002000
2019-08-27 16:19:06,686 - DEBUG - tty.usbmodem0006822145041: parsed_packet {event: CmdRsp, data: {'opcode': 164, 'status': 0, 'data': bytearray(b' \x00')}}
2019-08-27 16:19:06,687 - INFO - tty.usbmodem0006822145041: AddrPublicationAdd: {'address_handle': 32}
2019-08-27 16:19:06,687 - INFO - tty.usbmodem0006822145041.MeshConfigurer: 

2019-08-27 16:19:06,688 - INFO - tty.usbmodem0006822145041.MeshConfigurer: Sending next message
2019-08-27 16:19:06,703 - DEBUG - tty.usbmodem0006822145041: Writing: 164 bytearray(b'0\x00')
2019-08-27 16:19:06,703 - DEBUG - tty.usbmodem0006822145041: TX: 03a43000
2019-08-27 16:19:06,707 - DEBUG - tty.usbmodem0006822145041: RX: 0584a4002100
2019-08-27 16:19:06,707 - DEBUG - tty.usbmodem0006822145041: parsed_packet {event: CmdRsp, data: {'opcode': 164, 'status': 0, 'data': bytearray(b'!\x00')}}
2019-08-27 16:19:06,708 - INFO - tty.usbmodem0006822145041: AddrPublicationAdd: {'address_handle': 33}
2019-08-27 16:19:06,709 - INFO - tty.usbmodem0006822145041.MeshConfigurer: 

2019-08-27 16:19:06,709 - INFO - tty.usbmodem0006822145041.MeshConfigurer: Sending next message
2019-08-27 16:19:06,724 - DEBUG - tty.usbmodem0006822145041: Writing: 164 bytearray(b'1\x00')
2019-08-27 16:19:06,725 - DEBUG - tty.usbmodem0006822145041: TX: 03a43100
2019-08-27 16:19:06,726 - DEBUG - tty.usbmodem0006822145041: RX: 0584a4002200
2019-08-27 16:19:06,726 - DEBUG - tty.usbmodem0006822145041: parsed_packet {event: CmdRsp, data: {'opcode': 164, 'status': 0, 'data': bytearray(b'"\x00')}}
2019-08-27 16:19:06,727 - INFO - tty.usbmodem0006822145041: AddrPublicationAdd: {'address_handle': 34}
2019-08-27 16:19:06,727 - INFO - tty.usbmodem0006822145041.MeshConfigurer: 

2019-08-27 16:19:06,727 - INFO - tty.usbmodem0006822145041.MeshConfigurer: Sending next message
2019-08-27 16:19:06,749 - DEBUG - tty.usbmodem0006822145041: Writing: 164 bytearray(b'2\x00')
2019-08-27 16:19:06,750 - DEBUG - tty.usbmodem0006822145041: TX: 03a43200
2019-08-27 16:19:06,752 - DEBUG - tty.usbmodem0006822145041: RX: 0584a4002300
2019-08-27 16:19:06,753 - DEBUG - tty.usbmodem0006822145041: parsed_packet {event: CmdRsp, data: {'opcode': 164, 'status': 0, 'data': bytearray(b'#\x00')}}
2019-08-27 16:19:06,753 - INFO - tty.usbmodem0006822145041: AddrPublicationAdd: {'address_handle': 35}
2019-08-27 16:19:06,753 - INFO - tty.usbmodem0006822145041.MeshConfigurer: 

2019-08-27 16:19:06,754 - INFO - tty.usbmodem0006822145041.MeshConfigurer: Sending next message
2019-08-27 16:19:06,770 - DEBUG - tty.usbmodem0006822145041: Writing: 164 bytearray(b'3\x00')
2019-08-27 16:19:06,771 - DEBUG - tty.usbmodem0006822145041: TX: 03a43300
2019-08-27 16:19:06,774 - DEBUG - tty.usbmodem0006822145041: RX: 0584a4002400
2019-08-27 16:19:06,775 - DEBUG - tty.usbmodem0006822145041: parsed_packet {event: CmdRsp, data: {'opcode': 164, 'status': 0, 'data': bytearray(b'$\x00')}}
2019-08-27 16:19:06,776 - INFO - tty.usbmodem0006822145041: AddrPublicationAdd: {'address_handle': 36}
2019-08-27 16:19:06,777 - INFO - tty.usbmodem0006822145041.MeshConfigurer: 

2019-08-27 16:19:06,778 - INFO - tty.usbmodem0006822145041.MeshConfigurer: Sending next message
2019-08-27 16:19:06,791 - DEBUG - tty.usbmodem0006822145041: Writing: 164 bytearray(b'4\x00')
2019-08-27 16:19:06,791 - DEBUG - tty.usbmodem0006822145041: TX: 03a43400
2019-08-27 16:19:06,793 - DEBUG - tty.usbmodem0006822145041: RX: 0584a4002500
2019-08-27 16:19:06,794 - DEBUG - tty.usbmodem0006822145041: parsed_packet {event: CmdRsp, data: {'opcode': 164, 'status': 0, 'data': bytearray(b'%\x00')}}
2019-08-27 16:19:06,794 - INFO - tty.usbmodem0006822145041: AddrPublicationAdd: {'address_handle': 37}
2019-08-27 16:19:06,794 - INFO - tty.usbmodem0006822145041.MeshConfigurer: 

2019-08-27 16:19:06,794 - INFO - tty.usbmodem0006822145041.MeshConfigurer: Sending next message
2019-08-27 16:19:06,812 - DEBUG - tty.usbmodem0006822145041: Writing: 164 bytearray(b'5\x00')
2019-08-27 16:19:06,813 - DEBUG - tty.usbmodem0006822145041: TX: 03a43500
2019-08-27 16:19:06,816 - DEBUG - tty.usbmodem0006822145041: RX: 0584a4002600
2019-08-27 16:19:06,817 - DEBUG - tty.usbmodem0006822145041: parsed_packet {event: CmdRsp, data: {'opcode': 164, 'status': 0, 'data': bytearray(b'&\x00')}}
2019-08-27 16:19:06,817 - INFO - tty.usbmodem0006822145041: AddrPublicationAdd: {'address_handle': 38}
2019-08-27 16:19:06,819 - INFO - tty.usbmodem0006822145041.MeshConfigurer: 

2019-08-27 16:19:06,820 - INFO - tty.usbmodem0006822145041.MeshConfigurer: Sending next message
2019-08-27 16:19:06,837 - DEBUG - tty.usbmodem0006822145041: Writing: 164 bytearray(b'6\x00')
2019-08-27 16:19:06,837 - DEBUG - tty.usbmodem0006822145041: TX: 03a43600
2019-08-27 16:19:06,839 - DEBUG - tty.usbmodem0006822145041: RX: 0584a4002700
2019-08-27 16:19:06,839 - DEBUG - tty.usbmodem0006822145041: parsed_packet {event: CmdRsp, data: {'opcode': 164, 'status': 0, 'data': bytearray(b"\'\x00")}}
2019-08-27 16:19:06,840 - INFO - tty.usbmodem0006822145041: AddrPublicationAdd: {'address_handle': 39}
2019-08-27 16:19:06,840 - INFO - tty.usbmodem0006822145041.MeshConfigurer: 

2019-08-27 16:19:06,840 - INFO - tty.usbmodem0006822145041.MeshConfigurer: Sending next message
2019-08-27 16:19:06,858 - DEBUG - tty.usbmodem0006822145041: Writing: 164 bytearray(b'7\x00')
2019-08-27 16:19:06,859 - DEBUG - tty.usbmodem0006822145041: TX: 03a43700
2019-08-27 16:19:06,862 - DEBUG - tty.usbmodem0006822145041: RX: 0584a4002800
2019-08-27 16:19:06,862 - DEBUG - tty.usbmodem0006822145041: parsed_packet {event: CmdRsp, data: {'opcode': 164, 'status': 0, 'data': bytearray(b'(\x00')}}
2019-08-27 16:19:06,863 - INFO - tty.usbmodem0006822145041: AddrPublicationAdd: {'address_handle': 40}
2019-08-27 16:19:06,864 - INFO - tty.usbmodem0006822145041.MeshConfigurer: 

2019-08-27 16:19:06,865 - INFO - tty.usbmodem0006822145041.MeshConfigurer: Sending next message
2019-08-27 16:19:06,881 - DEBUG - tty.usbmodem0006822145041: Writing: 164 bytearray(b'8\x00')
2019-08-27 16:19:06,882 - DEBUG - tty.usbmodem0006822145041: TX: 03a43800
2019-08-27 16:19:06,883 - DEBUG - tty.usbmodem0006822145041: RX: 0584a4002900
2019-08-27 16:19:06,883 - DEBUG - tty.usbmodem0006822145041: parsed_packet {event: CmdRsp, data: {'opcode': 164, 'status': 0, 'data': bytearray(b')\x00')}}
2019-08-27 16:19:06,884 - INFO - tty.usbmodem0006822145041: AddrPublicationAdd: {'address_handle': 41}
2019-08-27 16:19:06,884 - INFO - tty.usbmodem0006822145041.MeshConfigurer: 

2019-08-27 16:19:06,884 - INFO - tty.usbmodem0006822145041.MeshConfigurer: Sending next message
2019-08-27 16:19:06,905 - DEBUG - tty.usbmodem0006822145041: Writing: 164 bytearray(b'9\x00')
2019-08-27 16:19:06,905 - DEBUG - tty.usbmodem0006822145041: TX: 03a43900
2019-08-27 16:19:06,907 - DEBUG - tty.usbmodem0006822145041: RX: 0584a4002a00
2019-08-27 16:19:06,908 - DEBUG - tty.usbmodem0006822145041: parsed_packet {event: CmdRsp, data: {'opcode': 164, 'status': 0, 'data': bytearray(b'*\x00')}}
2019-08-27 16:19:06,908 - INFO - tty.usbmodem0006822145041: AddrPublicationAdd: {'address_handle': 42}
2019-08-27 16:19:06,908 - INFO - tty.usbmodem0006822145041.MeshConfigurer: 

2019-08-27 16:19:06,908 - INFO - tty.usbmodem0006822145041.MeshConfigurer: Sending next message
2019-08-27 16:19:06,927 - DEBUG - tty.usbmodem0006822145041: Writing: 161 bytearray(b'\x01\xc0')
2019-08-27 16:19:06,927 - DEBUG - tty.usbmodem0006822145041: TX: 03a101c0
2019-08-27 16:19:06,930 - DEBUG - tty.usbmodem0006822145041: RX: 0584a1000000
2019-08-27 16:19:06,930 - DEBUG - tty.usbmodem0006822145041: parsed_packet {event: CmdRsp, data: {'opcode': 161, 'status': 0, 'data': bytearray(b'\x00\x00')}}
2019-08-27 16:19:06,931 - INFO - tty.usbmodem0006822145041: AddrSubscriptionAdd: {'address_handle': 0}
2019-08-27 16:19:06,932 - INFO - tty.usbmodem0006822145041.MeshConfigurer: 

2019-08-27 16:19:06,934 - INFO - tty.usbmodem0006822145041.MeshConfigurer: Sending next message
2019-08-27 16:19:06,949 - DEBUG - tty.usbmodem0006822145041: Writing: 164 bytearray(b':\x00')
2019-08-27 16:19:06,949 - DEBUG - tty.usbmodem0006822145041: TX: 03a43a00
2019-08-27 16:19:06,951 - DEBUG - tty.usbmodem0006822145041: RX: 0584a4002b00
2019-08-27 16:19:06,952 - DEBUG - tty.usbmodem0006822145041: parsed_packet {event: CmdRsp, data: {'opcode': 164, 'status': 0, 'data': bytearray(b'+\x00')}}
2019-08-27 16:19:06,952 - INFO - tty.usbmodem0006822145041: AddrPublicationAdd: {'address_handle': 43}
2019-08-27 16:19:06,952 - INFO - tty.usbmodem0006822145041.MeshConfigurer: 

2019-08-27 16:19:06,952 - INFO - tty.usbmodem0006822145041.MeshConfigurer: Sending next message
2019-08-27 16:19:06,972 - DEBUG - tty.usbmodem0006822145041: Writing: 164 bytearray(b';\x00')
2019-08-27 16:19:06,973 - DEBUG - tty.usbmodem0006822145041: TX: 03a43b00
2019-08-27 16:19:06,976 - DEBUG - tty.usbmodem0006822145041: RX: 0584a4002c00
2019-08-27 16:19:06,976 - DEBUG - tty.usbmodem0006822145041: parsed_packet {event: CmdRsp, data: {'opcode': 164, 'status': 0, 'data': bytearray(b',\x00')}}
2019-08-27 16:19:06,977 - INFO - tty.usbmodem0006822145041: AddrPublicationAdd: {'address_handle': 44}
2019-08-27 16:19:06,977 - INFO - tty.usbmodem0006822145041.MeshConfigurer: 

2019-08-27 16:19:06,977 - INFO - tty.usbmodem0006822145041.MeshConfigurer: Sending next message
2019-08-27 16:19:06,997 - DEBUG - tty.usbmodem0006822145041: Writing: 164 bytearray(b'<\x00')
2019-08-27 16:19:06,998 - DEBUG - tty.usbmodem0006822145041: TX: 03a43c00
2019-08-27 16:19:07,000 - DEBUG - tty.usbmodem0006822145041: RX: 0584a4002d00
2019-08-27 16:19:07,001 - DEBUG - tty.usbmodem0006822145041: parsed_packet {event: CmdRsp, data: {'opcode': 164, 'status': 0, 'data': bytearray(b'-\x00')}}
2019-08-27 16:19:07,001 - INFO - tty.usbmodem0006822145041: AddrPublicationAdd: {'address_handle': 45}
2019-08-27 16:19:07,002 - INFO - tty.usbmodem0006822145041.MeshConfigurer: 

2019-08-27 16:19:07,003 - INFO - tty.usbmodem0006822145041.MeshConfigurer: Sending next message
2019-08-27 16:19:07,019 - DEBUG - tty.usbmodem0006822145041: Writing: 164 bytearray(b'=\x00')
2019-08-27 16:19:07,019 - DEBUG - tty.usbmodem0006822145041: TX: 03a43d00
2019-08-27 16:19:07,021 - DEBUG - tty.usbmodem0006822145041: RX: 0584a4002e00
2019-08-27 16:19:07,021 - DEBUG - tty.usbmodem0006822145041: parsed_packet {event: CmdRsp, data: {'opcode': 164, 'status': 0, 'data': bytearray(b'.\x00')}}
2019-08-27 16:19:07,022 - INFO - tty.usbmodem0006822145041: AddrPublicationAdd: {'address_handle': 46}
2019-08-27 16:19:07,022 - INFO - tty.usbmodem0006822145041.MeshConfigurer: 

2019-08-27 16:19:07,022 - INFO - tty.usbmodem0006822145041.MeshConfigurer: Sending next message
2019-08-27 16:19:07,040 - DEBUG - tty.usbmodem0006822145041: Writing: 164 bytearray(b'>\x00')
2019-08-27 16:19:07,040 - DEBUG - tty.usbmodem0006822145041: TX: 03a43e00
2019-08-27 16:19:07,041 - DEBUG - tty.usbmodem0006822145041: RX: 0584a4002f00
2019-08-27 16:19:07,041 - DEBUG - tty.usbmodem0006822145041: parsed_packet {event: CmdRsp, data: {'opcode': 164, 'status': 0, 'data': bytearray(b'/\x00')}}
2019-08-27 16:19:07,042 - INFO - tty.usbmodem0006822145041: AddrPublicationAdd: {'address_handle': 47}
2019-08-27 16:19:07,042 - INFO - tty.usbmodem0006822145041.MeshConfigurer: 

2019-08-27 16:19:07,042 - INFO - tty.usbmodem0006822145041.MeshConfigurer: Sending next message
2019-08-27 16:19:07,064 - DEBUG - tty.usbmodem0006822145041: Writing: 164 bytearray(b'?\x00')
2019-08-27 16:19:07,067 - DEBUG - tty.usbmodem0006822145041: TX: 03a43f00
2019-08-27 16:19:07,069 - DEBUG - tty.usbmodem0006822145041: RX: 0584a4003000
2019-08-27 16:19:07,070 - DEBUG - tty.usbmodem0006822145041: parsed_packet {event: CmdRsp, data: {'opcode': 164, 'status': 0, 'data': bytearray(b'0\x00')}}
2019-08-27 16:19:07,070 - INFO - tty.usbmodem0006822145041: AddrPublicationAdd: {'address_handle': 48}
2019-08-27 16:19:07,070 - INFO - tty.usbmodem0006822145041.MeshConfigurer: 

2019-08-27 16:19:07,071 - INFO - tty.usbmodem0006822145041.MeshConfigurer: Sending next message
2019-08-27 16:19:07,089 - DEBUG - tty.usbmodem0006822145041: Writing: 164 bytearray(b'@\x00')
2019-08-27 16:19:07,089 - DEBUG - tty.usbmodem0006822145041: TX: 03a44000
2019-08-27 16:19:07,092 - DEBUG - tty.usbmodem0006822145041: RX: 0584a4003100
2019-08-27 16:19:07,093 - DEBUG - tty.usbmodem0006822145041: parsed_packet {event: CmdRsp, data: {'opcode': 164, 'status': 0, 'data': bytearray(b'1\x00')}}
2019-08-27 16:19:07,093 - INFO - tty.usbmodem0006822145041: AddrPublicationAdd: {'address_handle': 49}
2019-08-27 16:19:07,094 - INFO - tty.usbmodem0006822145041.MeshConfigurer: 

2019-08-27 16:19:07,094 - INFO - tty.usbmodem0006822145041.MeshConfigurer: Sending next message
2019-08-27 16:19:07,110 - DEBUG - tty.usbmodem0006822145041: Writing: 164 bytearray(b'A\x00')
2019-08-27 16:19:07,111 - DEBUG - tty.usbmodem0006822145041: TX: 03a44100
2019-08-27 16:19:07,113 - DEBUG - tty.usbmodem0006822145041: RX: 0584a4003200
2019-08-27 16:19:07,114 - DEBUG - tty.usbmodem0006822145041: parsed_packet {event: CmdRsp, data: {'opcode': 164, 'status': 0, 'data': bytearray(b'2\x00')}}
2019-08-27 16:19:07,114 - INFO - tty.usbmodem0006822145041: AddrPublicationAdd: {'address_handle': 50}
2019-08-27 16:19:07,115 - INFO - tty.usbmodem0006822145041.MeshConfigurer: 

2019-08-27 16:19:07,116 - INFO - tty.usbmodem0006822145041.MeshConfigurer: Sending next message
2019-08-27 16:19:07,135 - DEBUG - tty.usbmodem0006822145041: Writing: 164 bytearray(b'B\x00')
2019-08-27 16:19:07,136 - DEBUG - tty.usbmodem0006822145041: TX: 03a44200
2019-08-27 16:19:07,137 - DEBUG - tty.usbmodem0006822145041: RX: 0584a4003300
2019-08-27 16:19:07,138 - DEBUG - tty.usbmodem0006822145041: parsed_packet {event: CmdRsp, data: {'opcode': 164, 'status': 0, 'data': bytearray(b'3\x00')}}
2019-08-27 16:19:07,138 - INFO - tty.usbmodem0006822145041: AddrPublicationAdd: {'address_handle': 51}
2019-08-27 16:19:07,138 - INFO - tty.usbmodem0006822145041.MeshConfigurer: 

2019-08-27 16:19:07,138 - INFO - tty.usbmodem0006822145041.MeshConfigurer: Sending next message
2019-08-27 16:19:07,158 - DEBUG - tty.usbmodem0006822145041: Writing: 164 bytearray(b'C\x00')
2019-08-27 16:19:07,158 - DEBUG - tty.usbmodem0006822145041: TX: 03a44300
2019-08-27 16:19:07,160 - DEBUG - tty.usbmodem0006822145041: RX: 0584a4003400
2019-08-27 16:19:07,161 - DEBUG - tty.usbmodem0006822145041: parsed_packet {event: CmdRsp, data: {'opcode': 164, 'status': 0, 'data': bytearray(b'4\x00')}}
2019-08-27 16:19:07,161 - INFO - tty.usbmodem0006822145041: AddrPublicationAdd: {'address_handle': 52}
2019-08-27 16:19:07,161 - INFO - tty.usbmodem0006822145041.MeshConfigurer: 

2019-08-27 16:19:07,161 - INFO - tty.usbmodem0006822145041.MeshConfigurer: Sending next message
2019-08-27 16:19:07,180 - DEBUG - tty.usbmodem0006822145041: Writing: 164 bytearray(b'D\x00')
2019-08-27 16:19:07,180 - DEBUG - tty.usbmodem0006822145041: TX: 03a44400
2019-08-27 16:19:07,183 - DEBUG - tty.usbmodem0006822145041: RX: 0584a4003500
2019-08-27 16:19:07,183 - DEBUG - tty.usbmodem0006822145041: parsed_packet {event: CmdRsp, data: {'opcode': 164, 'status': 0, 'data': bytearray(b'5\x00')}}
2019-08-27 16:19:07,184 - INFO - tty.usbmodem0006822145041: AddrPublicationAdd: {'address_handle': 53}
2019-08-27 16:19:07,186 - INFO - tty.usbmodem0006822145041.MeshConfigurer: 

2019-08-27 16:19:07,187 - INFO - tty.usbmodem0006822145041.MeshConfigurer: Sending next message
2019-08-27 16:19:07,202 - DEBUG - tty.usbmodem0006822145041: Writing: 164 bytearray(b'E\x00')
2019-08-27 16:19:07,204 - DEBUG - tty.usbmodem0006822145041: TX: 03a44500
2019-08-27 16:19:07,206 - DEBUG - tty.usbmodem0006822145041: RX: 0584a4003600
2019-08-27 16:19:07,207 - DEBUG - tty.usbmodem0006822145041: parsed_packet {event: CmdRsp, data: {'opcode': 164, 'status': 0, 'data': bytearray(b'6\x00')}}
2019-08-27 16:19:07,207 - INFO - tty.usbmodem0006822145041: AddrPublicationAdd: {'address_handle': 54}
2019-08-27 16:19:07,207 - INFO - tty.usbmodem0006822145041.MeshConfigurer: 

2019-08-27 16:19:07,207 - INFO - tty.usbmodem0006822145041.MeshConfigurer: Sending next message
2019-08-27 16:19:07,226 - DEBUG - tty.usbmodem0006822145041: Writing: 164 bytearray(b'F\x00')
2019-08-27 16:19:07,227 - DEBUG - tty.usbmodem0006822145041: TX: 03a44600
2019-08-27 16:19:07,230 - DEBUG - tty.usbmodem0006822145041: RX: 0584a4003700
2019-08-27 16:19:07,231 - DEBUG - tty.usbmodem0006822145041: parsed_packet {event: CmdRsp, data: {'opcode': 164, 'status': 0, 'data': bytearray(b'7\x00')}}
2019-08-27 16:19:07,233 - INFO - tty.usbmodem0006822145041: AddrPublicationAdd: {'address_handle': 55}
2019-08-27 16:19:07,235 - INFO - tty.usbmodem0006822145041.MeshConfigurer: 

2019-08-27 16:19:07,237 - INFO - tty.usbmodem0006822145041.MeshConfigurer: Sending next message
2019-08-27 16:19:07,252 - DEBUG - tty.usbmodem0006822145041: Writing: 164 bytearray(b'G\x00')
2019-08-27 16:19:07,252 - DEBUG - tty.usbmodem0006822145041: TX: 03a44700
2019-08-27 16:19:07,255 - DEBUG - tty.usbmodem0006822145041: RX: 0584a4003800
2019-08-27 16:19:07,255 - DEBUG - tty.usbmodem0006822145041: parsed_packet {event: CmdRsp, data: {'opcode': 164, 'status': 0, 'data': bytearray(b'8\x00')}}
2019-08-27 16:19:07,255 - INFO - tty.usbmodem0006822145041: AddrPublicationAdd: {'address_handle': 56}
2019-08-27 16:19:07,257 - INFO - tty.usbmodem0006822145041.MeshConfigurer: 

2019-08-27 16:19:07,258 - INFO - tty.usbmodem0006822145041.MeshConfigurer: Sending next message
2019-08-27 16:19:07,274 - DEBUG - tty.usbmodem0006822145041: Writing: 156 bytearray(b'\x1e\x00\x00\x00\x07\xa0yN\xfa\x96\xb6\xaf[iB\x85\x8d\xd6Xk')
2019-08-27 16:19:07,274 - DEBUG - tty.usbmodem0006822145041: TX: 159c1e00000007a0794efa96b6af5b6942858dd6586b
2019-08-27 16:19:07,277 - DEBUG - tty.usbmodem0006822145041: RX: 03849c8e
2019-08-27 16:19:07,278 - DEBUG - tty.usbmodem0006822145041: parsed_packet {event: CmdRsp, data: {'opcode': 156, 'status': 142, 'data': bytearray(b'')}}
2019-08-27 16:19:07,278 - ERROR - tty.usbmodem0006822145041: DevkeyAdd: ERROR_REJECTED
2019-08-27 16:19:11,260 - INFO - tty.usbmodem0006822145041.MeshConfigurer: Timout handler timeout
2019-08-27 16:19:11,261 - DEBUG - tty.usbmodem0006822145041: Writing: 156 bytearray(b'\x1e\x00\x00\x00\x07\xa0yN\xfa\x96\xb6\xaf[iB\x85\x8d\xd6Xk')
2019-08-27 16:19:11,262 - DEBUG - tty.usbmodem0006822145041: TX: 159c1e00000007a0794efa96b6af5b6942858dd6586b
2019-08-27 16:19:11,265 - DEBUG - tty.usbmodem0006822145041: RX: 03849c8e
2019-08-27 16:19:11,266 - DEBUG - tty.usbmodem0006822145041: parsed_packet {event: CmdRsp, data: {'opcode': 156, 'status': 142, 'data': bytearray(b'')}}
2019-08-27 16:19:11,266 - ERROR - tty.usbmodem0006822145041: DevkeyAdd: ERROR_REJECTED
2019-08-27 16:19:15,267 - INFO - tty.usbmodem0006822145041.MeshConfigurer: Timout handler timeout
2019-08-27 16:19:15,267 - DEBUG - tty.usbmodem0006822145041: Writing: 156 bytearray(b'\x1e\x00\x00\x00\x07\xa0yN\xfa\x96\xb6\xaf[iB\x85\x8d\xd6Xk')
2019-08-27 16:19:15,268 - DEBUG - tty.usbmodem0006822145041: TX: 159c1e00000007a0794efa96b6af5b6942858dd6586b
2019-08-27 16:19:15,272 - DEBUG - tty.usbmodem0006822145041: RX: 03849c8e
2019-08-27 16:19:15,272 - DEBUG - tty.usbmodem0006822145041: parsed_packet {event: CmdRsp, data: {'opcode': 156, 'status': 142, 'data': bytearray(b'')}}
2019-08-27 16:19:15,272 - ERROR - tty.usbmodem0006822145041: DevkeyAdd: ERROR_REJECTED
2019-08-27 16:19:19,273 - INFO - tty.usbmodem0006822145041.MeshConfigurer: Timout handler timeout
2019-08-27 16:19:19,273 - DEBUG - tty.usbmodem0006822145041: Writing: 156 bytearray(b'\x1e\x00\x00\x00\x07\xa0yN\xfa\x96\xb6\xaf[iB\x85\x8d\xd6Xk')
2019-08-27 16:19:19,274 - DEBUG - tty.usbmodem0006822145041: TX: 159c1e00000007a0794efa96b6af5b6942858dd6586b
2019-08-27 16:19:19,278 - DEBUG - tty.usbmodem0006822145041: RX: 03849c8e
2019-08-27 16:19:19,278 - DEBUG - tty.usbmodem0006822145041: parsed_packet {event: CmdRsp, data: {'opcode': 156, 'status': 142, 'data': bytearray(b'')}}
2019-08-27 16:19:19,278 - ERROR - tty.usbmodem0006822145041: DevkeyAdd: ERROR_REJECTED
2019-08-27 16:19:23,275 - INFO - tty.usbmodem0006822145041.MeshConfigurer: Timout handler timeout
2019-08-27 16:19:23,296 - DEBUG - tty.usbmodem0006822145041: exited read event
