2019-07-08 16:03:52,080 - DEBUG - tty.usbmodem0006822145041: Writing: 105 bytearray(b"\xa4\xd7\xb3\xfa\x9f\r\xf9\xd8\x94\xb6\x87,a\x0cj\xc8\xa9\xa1\xde\xde\x08|\xe1\xee\xa7\x18\x0b\x18\'\xb9\xa8k^d\x01\xb2&\xc4\xc2t\xdev\x17\xea\xd2\x0f=\xd1i\x89B\x87\x9b4\xa3\\\xb7\x07\x10.\xcfTp\xd8\x9b\xb4\xe2\xfd\x0e\xfb&\'\x84[\xdb\x17l*\xe4w\x82\x10\xbd\xf6j)\t\xa5\xff\xc4\xaa\xf5\xe6\xad\xd1\xc9")
2019-07-08 16:03:52,081 - DEBUG - tty.usbmodem0006822145041: TX: 6169a4d7b3fa9f0df9d894b6872c610c6ac8a9a1dede087ce1eea7180b1827b9a86b5e6401b226c4c274de7617ead20f3dd1698942879b34a35cb707102ecf5470d89bb4e2fd0efb2627845bdb176c2ae4778210bdf66a2909a5ffc4aaf5e6add1c9
2019-07-08 16:03:52,091 - DEBUG - tty.usbmodem0006822145041: RX: 03845384
2019-07-08 16:03:52,092 - DEBUG - tty.usbmodem0006822145041: parsed_packet {event: CmdRsp, data: {'opcode': 83, 'status': 132, 'data': bytearray(b'')}}
2019-07-08 16:03:52,092 - ERROR - tty.usbmodem0006822145041: None: ERROR_INVALID_LENGTH
2019-07-08 16:03:52,093 - DEBUG - tty.usbmodem0006822145041: Writing: 159 bytearray(b'\x01\x00\x01\x00')
2019-07-08 16:03:52,094 - DEBUG - tty.usbmodem0006822145041: RX: 03840084
2019-07-08 16:03:52,095 - DEBUG - tty.usbmodem0006822145041: TX: 059f01000100
2019-07-08 16:03:52,098 - DEBUG - tty.usbmodem0006822145041: parsed_packet {event: CmdRsp, data: {'opcode': 0, 'status': 132, 'data': bytearray(b'')}}
2019-07-08 16:03:52,099 - ERROR - tty.usbmodem0006822145041: None: ERROR_INVALID_LENGTH
2019-07-08 16:03:52,099 - DEBUG - tty.usbmodem0006822145041: Writing: 146 bytearray(b'\x00\x00\x18\xee\xd9\xc2\xa5j\xdd\x85\x04\x9f\xfc<Y\xad\x0e\x12')
2019-07-08 16:03:52,100 - DEBUG - tty.usbmodem0006822145041: TX: 1392000018eed9c2a56add85049ffc3c59ad0e12
2019-07-08 16:03:52,101 - DEBUG - tty.usbmodem0006822145041: RX: 03840084
2019-07-08 16:03:52,101 - DEBUG - tty.usbmodem0006822145041: parsed_packet {event: CmdRsp, data: {'opcode': 0, 'status': 132, 'data': bytearray(b'')}}
2019-07-08 16:03:52,102 - ERROR - tty.usbmodem0006822145041: None: ERROR_INVALID_LENGTH
2019-07-08 16:03:52,102 - DEBUG - tty.usbmodem0006822145041: RX: 03840084
2019-07-08 16:03:52,103 - DEBUG - tty.usbmodem0006822145041: Writing: 151 bytearray(b'\x00\x00\x00\x00Oh\xad\x85\xd9\xf4\x8a\xc8X\x9d\xf6e\xb6\xb4\x9b\x8a')
2019-07-08 16:03:52,110 - DEBUG - tty.usbmodem0006822145041: TX: 1597000000004f68ad85d9f48ac8589df665b6b49b8a
2019-07-08 16:03:52,103 - DEBUG - tty.usbmodem0006822145041: parsed_packet {event: CmdRsp, data: {'opcode': 0, 'status': 132, 'data': bytearray(b'')}}
2019-07-08 16:03:52,111 - ERROR - tty.usbmodem0006822145041: None: ERROR_INVALID_LENGTH
2019-07-08 16:03:52,113 - DEBUG - tty.usbmodem0006822145041: RX: 03840084
2019-07-08 16:03:52,113 - DEBUG - tty.usbmodem0006822145041: parsed_packet {event: CmdRsp, data: {'opcode': 0, 'status': 132, 'data': bytearray(b'')}}
2019-07-08 16:03:52,114 - ERROR - tty.usbmodem0006822145041: None: ERROR_INVALID_LENGTH
2019-07-08 16:03:52,114 - DEBUG - tty.usbmodem0006822145041: RX: 03840084
2019-07-08 16:03:52,114 - DEBUG - tty.usbmodem0006822145041: Writing: 151 bytearray(b'\x01\x00\x00\x00*\xa2\xa6\xde\xd5\xa0y\x8c\xea\xb5x|\xa3\xae9\xfc')
2019-07-08 16:03:52,115 - DEBUG - tty.usbmodem0006822145041: TX: 1597010000002aa2a6ded5a0798ceab5787ca3ae39fc
2019-07-08 16:03:52,115 - DEBUG - tty.usbmodem0006822145041: parsed_packet {event: CmdRsp, data: {'opcode': 0, 'status': 132, 'data': bytearray(b'')}}
2019-07-08 16:03:52,116 - ERROR - tty.usbmodem0006822145041: None: ERROR_INVALID_LENGTH
2019-07-08 16:03:52,116 - DEBUG - tty.usbmodem0006822145041: RX: 03840084
2019-07-08 16:03:52,116 - DEBUG - tty.usbmodem0006822145041: parsed_packet {event: CmdRsp, data: {'opcode': 0, 'status': 132, 'data': bytearray(b'')}}
2019-07-08 16:03:52,116 - ERROR - tty.usbmodem0006822145041: None: ERROR_INVALID_LENGTH
2019-07-08 16:03:52,117 - DEBUG - tty.usbmodem0006822145041: RX: 03840084
2019-07-08 16:03:52,117 - DEBUG - tty.usbmodem0006822145041: parsed_packet {event: CmdRsp, data: {'opcode': 0, 'status': 132, 'data': bytearray(b'')}}
2019-07-08 16:03:52,117 - ERROR - tty.usbmodem0006822145041: None: ERROR_INVALID_LENGTH
2019-07-08 16:03:52,118 - DEBUG - tty.usbmodem0006822145041: RX: 03840084
2019-07-08 16:03:52,118 - DEBUG - tty.usbmodem0006822145041: parsed_packet {event: CmdRsp, data: {'opcode': 0, 'status': 132, 'data': bytearray(b'')}}
2019-07-08 16:03:52,129 - ERROR - tty.usbmodem0006822145041: None: ERROR_INVALID_LENGTH
2019-07-08 16:03:52,130 - DEBUG - tty.usbmodem0006822145041: RX: 03840084
2019-07-08 16:03:52,131 - DEBUG - tty.usbmodem0006822145041: parsed_packet {event: CmdRsp, data: {'opcode': 0, 'status': 132, 'data': bytearray(b'')}}
2019-07-08 16:03:52,131 - ERROR - tty.usbmodem0006822145041: None: ERROR_INVALID_LENGTH
2019-07-08 16:03:52,132 - DEBUG - tty.usbmodem0006822145041: RX: 03840084
2019-07-08 16:03:52,132 - DEBUG - tty.usbmodem0006822145041: parsed_packet {event: CmdRsp, data: {'opcode': 0, 'status': 132, 'data': bytearray(b'')}}
2019-07-08 16:03:52,133 - ERROR - tty.usbmodem0006822145041: None: ERROR_INVALID_LENGTH
2019-07-08 16:03:52,133 - DEBUG - tty.usbmodem0006822145041: RX: 03840084
2019-07-08 16:03:52,133 - DEBUG - tty.usbmodem0006822145041: parsed_packet {event: CmdRsp, data: {'opcode': 0, 'status': 132, 'data': bytearray(b'')}}
2019-07-08 16:03:52,134 - ERROR - tty.usbmodem0006822145041: None: ERROR_INVALID_LENGTH
2019-07-08 16:03:52,134 - DEBUG - tty.usbmodem0006822145041: RX: 03840084
2019-07-08 16:03:52,135 - DEBUG - tty.usbmodem0006822145041: parsed_packet {event: CmdRsp, data: {'opcode': 0, 'status': 132, 'data': bytearray(b'')}}
2019-07-08 16:03:52,135 - ERROR - tty.usbmodem0006822145041: None: ERROR_INVALID_LENGTH
2019-07-08 16:03:52,135 - DEBUG - tty.usbmodem0006822145041: RX: 03849f00
2019-07-08 16:03:52,135 - DEBUG - tty.usbmodem0006822145041: parsed_packet {event: CmdRsp, data: {'opcode': 159, 'status': 0, 'data': bytearray(b'')}}
2019-07-08 16:03:52,135 - INFO - tty.usbmodem0006822145041: Success
2019-07-08 16:03:52,136 - DEBUG - tty.usbmodem0006822145041: RX: 058492000000
2019-07-08 16:03:52,136 - DEBUG - tty.usbmodem0006822145041: parsed_packet {event: CmdRsp, data: {'opcode': 146, 'status': 0, 'data': bytearray(b'\x00\x00')}}
2019-07-08 16:03:52,148 - INFO - tty.usbmodem0006822145041: SubnetAdd: {'subnet_handle': 0}
2019-07-08 16:03:52,149 - DEBUG - tty.usbmodem0006822145041: RX: 058497000000
2019-07-08 16:03:52,149 - DEBUG - tty.usbmodem0006822145041: parsed_packet {event: CmdRsp, data: {'opcode': 151, 'status': 0, 'data': bytearray(b'\x00\x00')}}
2019-07-08 16:03:52,149 - INFO - tty.usbmodem0006822145041: AppkeyAdd: {'appkey_handle': 0}
2019-07-08 16:03:52,150 - DEBUG - tty.usbmodem0006822145041: RX: 058497000100
2019-07-08 16:03:52,150 - DEBUG - tty.usbmodem0006822145041: parsed_packet {event: CmdRsp, data: {'opcode': 151, 'status': 0, 'data': bytearray(b'\x01\x00')}}
2019-07-08 16:03:52,150 - INFO - tty.usbmodem0006822145041: AppkeyAdd: {'appkey_handle': 1}
2019-07-08 16:04:08,952 - DEBUG - tty.usbmodem0006822145041: Writing: 97 bytearray(b'')
2019-07-08 16:04:08,954 - DEBUG - tty.usbmodem0006822145041: TX: 0161
2019-07-08 16:04:08,969 - DEBUG - tty.usbmodem0006822145041: RX: 03846100
2019-07-08 16:04:08,969 - DEBUG - tty.usbmodem0006822145041: parsed_packet {event: CmdRsp, data: {'opcode': 97, 'status': 0, 'data': bytearray(b'')}}
2019-07-08 16:04:08,969 - INFO - tty.usbmodem0006822145041: Success
2019-07-08 16:04:09,298 - DEBUG - tty.usbmodem0006822145041: RX: 1ac09db77a0526b8734988639509c242d107cd0001c8639509c2c2
2019-07-08 16:04:09,299 - DEBUG - tty.usbmodem0006822145041: parsed_packet {event: ProvUnprovisionedReceived, data: {'uuid': bytearray(b'\x9d\xb7z\x05&\xb8sI\x88c\x95\t\xc2B\xd1\x07'), 'rssi': -51, 'gatt_supported': 0, 'adv_addr_type': 1, 'adv_addr': bytearray(b'\xc8c\x95\t\xc2\xc2')}}
2019-07-08 16:04:09,299 - INFO - tty.usbmodem0006822145041: {event: ProvUnprovisionedReceived, data: {'uuid': bytearray(b'\x9d\xb7z\x05&\xb8sI\x88c\x95\t\xc2B\xd1\x07'), 'rssi': -51, 'gatt_supported': 0, 'adv_addr_type': 1, 'adv_addr': bytearray(b'\xc8c\x95\t\xc2\xc2')}}
2019-07-08 16:04:09,299 - INFO - tty.usbmodem0006822145041: Received UUID 9db77a0526b8734988639509c242d107 with RSSI: -51 dB
2019-07-08 16:04:11,302 - DEBUG - tty.usbmodem0006822145041: RX: 1ac09db77a0526b8734988639509c242d107d30001c8639509c2c2
2019-07-08 16:04:11,302 - DEBUG - tty.usbmodem0006822145041: parsed_packet {event: ProvUnprovisionedReceived, data: {'uuid': bytearray(b'\x9d\xb7z\x05&\xb8sI\x88c\x95\t\xc2B\xd1\x07'), 'rssi': -45, 'gatt_supported': 0, 'adv_addr_type': 1, 'adv_addr': bytearray(b'\xc8c\x95\t\xc2\xc2')}}
2019-07-08 16:04:11,303 - INFO - tty.usbmodem0006822145041: {event: ProvUnprovisionedReceived, data: {'uuid': bytearray(b'\x9d\xb7z\x05&\xb8sI\x88c\x95\t\xc2B\xd1\x07'), 'rssi': -45, 'gatt_supported': 0, 'adv_addr_type': 1, 'adv_addr': bytearray(b'\xc8c\x95\t\xc2\xc2')}}
2019-07-08 16:04:13,310 - DEBUG - tty.usbmodem0006822145041: RX: 1ac09db77a0526b8734988639509c242d107cb0001c8639509c2c2
2019-07-08 16:04:13,311 - DEBUG - tty.usbmodem0006822145041: parsed_packet {event: ProvUnprovisionedReceived, data: {'uuid': bytearray(b'\x9d\xb7z\x05&\xb8sI\x88c\x95\t\xc2B\xd1\x07'), 'rssi': -53, 'gatt_supported': 0, 'adv_addr_type': 1, 'adv_addr': bytearray(b'\xc8c\x95\t\xc2\xc2')}}
2019-07-08 16:04:13,311 - INFO - tty.usbmodem0006822145041: {event: ProvUnprovisionedReceived, data: {'uuid': bytearray(b'\x9d\xb7z\x05&\xb8sI\x88c\x95\t\xc2B\xd1\x07'), 'rssi': -53, 'gatt_supported': 0, 'adv_addr_type': 1, 'adv_addr': bytearray(b'\xc8c\x95\t\xc2\xc2')}}
2019-07-08 16:04:14,619 - DEBUG - tty.usbmodem0006822145041: Writing: 98 bytearray(b'')
2019-07-08 16:04:14,627 - DEBUG - tty.usbmodem0006822145041: TX: 0162
2019-07-08 16:04:14,637 - DEBUG - tty.usbmodem0006822145041: Writing: 99 bytearray(b'\x00\x9d\xb7z\x05&\xb8sI\x88c\x95\t\xc2B\xd1\x07\x18\xee\xd9\xc2\xa5j\xdd\x85\x04\x9f\xfc<Y\xad\x0e\x12\x00\x00\x00\x00\x00\x00\x10\x00\x00\x00\x00')
2019-07-08 16:04:14,638 - DEBUG - tty.usbmodem0006822145041: TX: 2d63009db77a0526b8734988639509c242d10718eed9c2a56add85049ffc3c59ad0e120000000000001000000000
2019-07-08 16:04:14,638 - DEBUG - tty.usbmodem0006822145041: RX: 03846200
2019-07-08 16:04:14,638 - DEBUG - tty.usbmodem0006822145041: parsed_packet {event: CmdRsp, data: {'opcode': 98, 'status': 0, 'data': bytearray(b'')}}
2019-07-08 16:04:14,639 - INFO - tty.usbmodem0006822145041: Success
2019-07-08 16:04:14,649 - DEBUG - tty.usbmodem0006822145041: RX: 0484630000
2019-07-08 16:04:14,650 - DEBUG - tty.usbmodem0006822145041: parsed_packet {event: CmdRsp, data: {'opcode': 99, 'status': 0, 'data': bytearray(b'\x00')}}
2019-07-08 16:04:14,650 - INFO - tty.usbmodem0006822145041: Provision: {'context': 0}
2019-07-08 16:04:14,651 - DEBUG - tty.usbmodem0006822145041: RX: 02c100
2019-07-08 16:04:14,651 - DEBUG - tty.usbmodem0006822145041: parsed_packet {event: ProvLinkEstablished, data: {'context_id': 0}}
2019-07-08 16:04:14,652 - INFO - tty.usbmodem0006822145041: {event: ProvLinkEstablished, data: {'context_id': 0}}
2019-07-08 16:04:14,652 - INFO - tty.usbmodem0006822145041: Link established
2019-07-08 16:04:14,695 - DEBUG - tty.usbmodem0006822145041: RX: 0bc300010001000000000000
2019-07-08 16:04:14,696 - DEBUG - tty.usbmodem0006822145041: parsed_packet {event: ProvCapsReceived, data: {'context_id': 0, 'num_elements': 1, 'public_key_type': 0, 'static_oob_types': 1, 'output_oob_size': 0, 'output_oob_actions': 0, 'input_oob_size': 0, 'input_oob_actions': 0}}
2019-07-08 16:04:14,696 - INFO - tty.usbmodem0006822145041: {event: ProvCapsReceived, data: {'context_id': 0, 'num_elements': 1, 'public_key_type': 0, 'static_oob_types': 1, 'output_oob_size': 0, 'output_oob_actions': 0, 'input_oob_size': 0, 'input_oob_actions': 0}}
2019-07-08 16:04:14,697 - INFO - tty.usbmodem0006822145041: Received capabilities
2019-07-08 16:04:14,697 - INFO - tty.usbmodem0006822145041: Number of elements: 1
2019-07-08 16:04:14,697 - DEBUG - tty.usbmodem0006822145041: Writing: 102 bytearray(b'\x00\x00\x00\x00')
2019-07-08 16:04:14,697 - DEBUG - tty.usbmodem0006822145041: TX: 056600000000
2019-07-08 16:04:14,699 - DEBUG - tty.usbmodem0006822145041: RX: 0484660000
2019-07-08 16:04:14,700 - DEBUG - tty.usbmodem0006822145041: parsed_packet {event: CmdRsp, data: {'opcode': 102, 'status': 0, 'data': bytearray(b'\x00')}}
2019-07-08 16:04:14,700 - INFO - tty.usbmodem0006822145041: OobUse: {'context': 0}
2019-07-08 16:04:14,899 - DEBUG - tty.usbmodem0006822145041: RX: 62c7008d0d0e7038617d48a2ac31e2d4fa280cf0234ab8f3481c84d1db1d7f610f221a8403e9df07d76515299f86f9665c3280a43ccbb627cc74db38fc41292195140045307b056366a46f7dd6f2a7c8a0c95c6f9728d35d26e8ac1ca55766220692fd
2019-07-08 16:04:14,899 - DEBUG - tty.usbmodem0006822145041: parsed_packet {event: ProvEcdhRequest, data: {'context_id': 0, 'peer_public': bytearray(b'\x8d\r\x0ep8a}H\xa2\xac1\xe2\xd4\xfa(\x0c\xf0#J\xb8\xf3H\x1c\x84\xd1\xdb\x1d\x7fa\x0f"\x1a\x84\x03\xe9\xdf\x07\xd7e\x15)\x9f\x86\xf9f\\2\x80\xa4<\xcb\xb6\'\xcct\xdb8\xfcA)!\x95\x14\x00'), 'node_private': bytearray(b'E0{\x05cf\xa4o}\xd6\xf2\xa7\xc8\xa0\xc9\\o\x97(\xd3]&\xe8\xac\x1c\xa5Wf"\x06\x92\xfd')}}
2019-07-08 16:04:14,900 - INFO - tty.usbmodem0006822145041: {event: ProvEcdhRequest, data: {'context_id': 0, 'peer_public': bytearray(b'\x8d\r\x0ep8a}H\xa2\xac1\xe2\xd4\xfa(\x0c\xf0#J\xb8\xf3H\x1c\x84\xd1\xdb\x1d\x7fa\x0f"\x1a\x84\x03\xe9\xdf\x07\xd7e\x15)\x9f\x86\xf9f\\2\x80\xa4<\xcb\xb6\'\xcct\xdb8\xfcA)!\x95\x14\x00'), 'node_private': bytearray(b'E0{\x05cf\xa4o}\xd6\xf2\xa7\xc8\xa0\xc9\\o\x97(\xd3]&\xe8\xac\x1c\xa5Wf"\x06\x92\xfd')}}
2019-07-08 16:04:14,900 - INFO - tty.usbmodem0006822145041: ECDH request received
2019-07-08 16:04:14,904 - DEBUG - tty.usbmodem0006822145041: Writing: 104 bytearray(b'\x009\x8bi[\xb9\xbb]h\xde\xbe\x99oyR\x07\x98W\xa1\xf9\xde\xac\x0c\xda6\x9d\\\x10\x06C\xae\x8d6')
2019-07-08 16:04:14,904 - DEBUG - tty.usbmodem0006822145041: TX: 226800398b695bb9bb5d68debe996f7952079857a1f9deac0cda369d5c100643ae8d36
2019-07-08 16:04:14,909 - DEBUG - tty.usbmodem0006822145041: RX: 0484680000
2019-07-08 16:04:14,910 - DEBUG - tty.usbmodem0006822145041: parsed_packet {event: CmdRsp, data: {'opcode': 104, 'status': 0, 'data': bytearray(b'\x00')}}
2019-07-08 16:04:14,910 - INFO - tty.usbmodem0006822145041: EcdhSecret: {'context': 0}
2019-07-08 16:04:15,271 - DEBUG - tty.usbmodem0006822145041: RX: 2cc500000000000000100000001061657ecd3f750991a8a440f42fa4af18eed9c2a56add85049ffc3c59ad0e12
2019-07-08 16:04:15,272 - DEBUG - tty.usbmodem0006822145041: parsed_packet {event: ProvComplete, data: {'context_id': 0, 'iv_index': 0, 'net_key_index': 0, 'address': 16, 'iv_update_flag': 0, 'key_refresh_flag': 0, 'device_key': bytearray(b'\x10ae~\xcd?u\t\x91\xa8\xa4@\xf4/\xa4\xaf'), 'net_key': bytearray(b'\x18\xee\xd9\xc2\xa5j\xdd\x85\x04\x9f\xfc<Y\xad\x0e\x12')}}
2019-07-08 16:04:15,272 - INFO - tty.usbmodem0006822145041: {event: ProvComplete, data: {'context_id': 0, 'iv_index': 0, 'net_key_index': 0, 'address': 16, 'iv_update_flag': 0, 'key_refresh_flag': 0, 'device_key': bytearray(b'\x10ae~\xcd?u\t\x91\xa8\xa4@\xf4/\xa4\xaf'), 'net_key': bytearray(b'\x18\xee\xd9\xc2\xa5j\xdd\x85\x04\x9f\xfc<Y\xad\x0e\x12')}}
2019-07-08 16:04:20,341 - DEBUG - tty.usbmodem0006822145041.ConfigurationClient: Sending opcode: 8008, data: 00
2019-07-08 16:04:20,342 - DEBUG - tty.usbmodem0006822145041.ConfigurationClient: Sending opcode: 00, data: 0000004f68ad85d9f48ac8589df665b6b49b8a
2019-07-08 16:04:20,342 - INFO - tty.usbmodem0006822145041: Adding address c001
2019-07-08 16:04:20,343 - DEBUG - tty.usbmodem0006822145041: Writing: 171 bytearray(b'\x08\x00\x01\x00\x00\x00\x08\x00\x00\x00\x80\x08\x00')
2019-07-08 16:04:20,343 - DEBUG - tty.usbmodem0006822145041: TX: 0eab08000100000008000000800800
2019-07-08 16:04:20,344 - DEBUG - tty.usbmodem0006822145041: Writing: 171 bytearray(b'\x08\x00\x01\x00\x00\x00\x08\x00\x00\x00\x00\x00\x00\x00Oh\xad\x85\xd9\xf4\x8a\xc8X\x9d\xf6e\xb6\xb4\x9b\x8a')
2019-07-08 16:04:20,344 - DEBUG - tty.usbmodem0006822145041: TX: 1fab08000100000008000000000000004f68ad85d9f48ac8589df665b6b49b8a
2019-07-08 16:04:21,275 - INFO - tty.usbmodem0006822145041: Provisioning complete
2019-07-08 16:04:22,159 - INFO - tty.usbmodem0006822145041: 	Address(es): 0x10-0x10
2019-07-08 16:04:22,159 - INFO - tty.usbmodem0006822145041: 	Device key: 1061657ecd3f750991a8a440f42fa4af
2019-07-08 16:04:22,160 - INFO - tty.usbmodem0006822145041: 	Network key: 18eed9c2a56add85049ffc3c59ad0e12
2019-07-08 16:04:22,160 - INFO - tty.usbmodem0006822145041: Adding device key to subnet 0
2019-07-08 16:04:22,160 - INFO - tty.usbmodem0006822145041: Adding publication address of root element
2019-07-08 16:04:22,163 - DEBUG - tty.usbmodem0006822145041: RX: 03c20000
2019-07-08 16:04:22,163 - DEBUG - tty.usbmodem0006822145041: parsed_packet {event: ProvLinkClosed, data: {'context_id': 0, 'close_reason': 0}}
2019-07-08 16:04:22,167 - INFO - tty.usbmodem0006822145041: {event: ProvLinkClosed, data: {'context_id': 0, 'close_reason': 0}}
2019-07-08 16:04:22,170 - DEBUG - tty.usbmodem0006822145041: Writing: 161 bytearray(b'\x01\xc0')
2019-07-08 16:04:22,171 - INFO - tty.usbmodem0006822145041: Provisioning link closed
2019-07-08 16:04:22,172 - DEBUG - tty.usbmodem0006822145041: RX: 0384ab8e
2019-07-08 16:04:22,172 - DEBUG - tty.usbmodem0006822145041: TX: 03a101c0
2019-07-08 16:04:22,172 - DEBUG - tty.usbmodem0006822145041: parsed_packet {event: CmdRsp, data: {'opcode': 171, 'status': 142, 'data': bytearray(b'')}}
2019-07-08 16:04:22,173 - ERROR - tty.usbmodem0006822145041: PacketSend: ERROR_REJECTED
2019-07-08 16:04:22,173 - DEBUG - tty.usbmodem0006822145041: Writing: 156 bytearray(b'\x10\x00\x00\x00\x10ae~\xcd?u\t\x91\xa8\xa4@\xf4/\xa4\xaf')
2019-07-08 16:04:22,173 - DEBUG - tty.usbmodem0006822145041: TX: 159c100000001061657ecd3f750991a8a440f42fa4af
2019-07-08 16:04:22,174 - DEBUG - tty.usbmodem0006822145041: RX: 0384ab8e
2019-07-08 16:04:22,174 - DEBUG - tty.usbmodem0006822145041: parsed_packet {event: CmdRsp, data: {'opcode': 171, 'status': 142, 'data': bytearray(b'')}}
2019-07-08 16:04:22,190 - ERROR - tty.usbmodem0006822145041: PacketSend: ERROR_REJECTED
2019-07-08 16:04:22,191 - DEBUG - tty.usbmodem0006822145041: RX: 0584a1000000
2019-07-08 16:04:22,191 - DEBUG - tty.usbmodem0006822145041: parsed_packet {event: CmdRsp, data: {'opcode': 161, 'status': 0, 'data': bytearray(b'\x00\x00')}}
2019-07-08 16:04:22,192 - INFO - tty.usbmodem0006822145041: AddrSubscriptionAdd: {'address_handle': 0}
2019-07-08 16:04:22,191 - DEBUG - tty.usbmodem0006822145041: Writing: 164 bytearray(b'\x10\x00')
2019-07-08 16:04:22,192 - INFO - tty.usbmodem0006822145041: Address handles: [{'address': c001, 'address_handle': 0, 'opcode': 161}]
2019-07-08 16:04:22,192 - DEBUG - tty.usbmodem0006822145041: TX: 03a41000
2019-07-08 16:04:22,194 - DEBUG - tty.usbmodem0006822145041: RX: 05849c000800
2019-07-08 16:04:22,194 - DEBUG - tty.usbmodem0006822145041: parsed_packet {event: CmdRsp, data: {'opcode': 156, 'status': 0, 'data': bytearray(b'\x08\x00')}}
2019-07-08 16:04:22,208 - INFO - tty.usbmodem0006822145041: DevkeyAdd: {'devkey_handle': 8}
2019-07-08 16:04:22,209 - DEBUG - tty.usbmodem0006822145041: RX: 0584a4000100
2019-07-08 16:04:22,209 - DEBUG - tty.usbmodem0006822145041: parsed_packet {event: CmdRsp, data: {'opcode': 164, 'status': 0, 'data': bytearray(b'\x01\x00')}}
2019-07-08 16:04:22,210 - INFO - tty.usbmodem0006822145041: AddrPublicationAdd: {'address_handle': 1}
2019-07-08 16:04:22,210 - ERROR - tty.usbmodem0006822145041: Error storing address handle: pop from empty list
2019-07-08 16:04:27,718 - INFO - tty.usbmodem0006822145041: Adding address 0010
2019-07-08 16:04:27,721 - DEBUG - tty.usbmodem0006822145041: Writing: 164 bytearray(b'\x10\x00')
2019-07-08 16:04:27,721 - DEBUG - tty.usbmodem0006822145041: TX: 03a41000
2019-07-08 16:04:27,723 - DEBUG - tty.usbmodem0006822145041: RX: 0584a4000100
2019-07-08 16:04:27,723 - DEBUG - tty.usbmodem0006822145041: parsed_packet {event: CmdRsp, data: {'opcode': 164, 'status': 0, 'data': bytearray(b'\x01\x00')}}
2019-07-08 16:04:27,723 - INFO - tty.usbmodem0006822145041: AddrPublicationAdd: {'address_handle': 1}
2019-07-08 16:04:27,723 - INFO - tty.usbmodem0006822145041: Address handles: [{'address': c001, 'address_handle': 0, 'opcode': 161}, {'address': 0010, 'address_handle': 1, 'opcode': 164}]
2019-07-08 16:04:35,187 - DEBUG - tty.usbmodem0006822145041.ConfigurationClient: Sending opcode: 8008, data: 00
2019-07-08 16:04:35,188 - DEBUG - tty.usbmodem0006822145041.ConfigurationClient: Sending opcode: 00, data: 0000004f68ad85d9f48ac8589df665b6b49b8a
2019-07-08 16:04:35,188 - DEBUG - tty.usbmodem0006822145041: Writing: 171 bytearray(b'\x08\x00\x01\x00\x00\x00\x08\x00\x00\x00\x80\x08\x00')
2019-07-08 16:04:35,188 - INFO - tty.usbmodem0006822145041: Adding address c001
2019-07-08 16:04:35,189 - DEBUG - tty.usbmodem0006822145041: TX: 0eab08000100000008000000800800
2019-07-08 16:04:35,189 - DEBUG - tty.usbmodem0006822145041: Writing: 171 bytearray(b'\x08\x00\x01\x00\x00\x00\x08\x00\x00\x00\x00\x00\x00\x00Oh\xad\x85\xd9\xf4\x8a\xc8X\x9d\xf6e\xb6\xb4\x9b\x8a')
2019-07-08 16:04:35,189 - DEBUG - tty.usbmodem0006822145041: TX: 1fab08000100000008000000000000004f68ad85d9f48ac8589df665b6b49b8a
2019-07-08 16:04:35,192 - DEBUG - tty.usbmodem0006822145041: RX: 0784ab0003000000
2019-07-08 16:04:35,192 - DEBUG - tty.usbmodem0006822145041: parsed_packet {event: CmdRsp, data: {'opcode': 171, 'status': 0, 'data': bytearray(b'\x03\x00\x00\x00')}}
2019-07-08 16:04:35,192 - INFO - tty.usbmodem0006822145041: PacketSend: {'token': 3}
2019-07-08 16:04:35,192 - DEBUG - tty.usbmodem0006822145041: Writing: 161 bytearray(b'\x01\xc0')
2019-07-08 16:04:35,193 - DEBUG - tty.usbmodem0006822145041: TX: 03a101c0
2019-07-08 16:04:35,196 - DEBUG - tty.usbmodem0006822145041: RX: 0784ab0004000000
2019-07-08 16:04:35,196 - DEBUG - tty.usbmodem0006822145041: parsed_packet {event: CmdRsp, data: {'opcode': 171, 'status': 0, 'data': bytearray(b'\x04\x00\x00\x00')}}
2019-07-08 16:04:35,196 - INFO - tty.usbmodem0006822145041: PacketSend: {'token': 4}
2019-07-08 16:04:35,197 - DEBUG - tty.usbmodem0006822145041: RX: 0584a1000000
2019-07-08 16:04:35,197 - DEBUG - tty.usbmodem0006822145041: parsed_packet {event: CmdRsp, data: {'opcode': 161, 'status': 0, 'data': bytearray(b'\x00\x00')}}
2019-07-08 16:04:35,197 - INFO - tty.usbmodem0006822145041: AddrSubscriptionAdd: {'address_handle': 0}
2019-07-08 16:04:35,197 - INFO - tty.usbmodem0006822145041: Address handles: [{'address': c001, 'address_handle': 0, 'opcode': 161}, {'address': 0010, 'address_handle': 1, 'opcode': 164}, {'address': c001, 'address_handle': 0, 'opcode': 161}]
2019-07-08 16:04:35,198 - DEBUG - tty.usbmodem0006822145041: RX: 05d203000000
2019-07-08 16:04:35,198 - DEBUG - tty.usbmodem0006822145041: parsed_packet {event: MeshTxComplete, data: {'token': 3}}
2019-07-08 16:04:35,198 - INFO - tty.usbmodem0006822145041: {event: MeshTxComplete, data: {'token': 3}}
2019-07-08 16:04:37,697 - DEBUG - tty.usbmodem0006822145041: RX: 05d204000000
2019-07-08 16:04:37,697 - DEBUG - tty.usbmodem0006822145041: parsed_packet {event: MeshTxComplete, data: {'token': 4}}
2019-07-08 16:04:37,698 - INFO - tty.usbmodem0006822145041: {event: MeshTxComplete, data: {'token': 4}}
2019-07-08 16:04:38,616 - DEBUG - tty.usbmodem0006822145041: exited read event
