2019-07-12 13:21:53,869 - DEBUG: Writing: 105 bytearray(b"D\xdf\x80A\x97\'JIke\x8cE\xdf\x11t\xa3\x96\xaf\x1a2`\xbbP\xbc.\xba\xd7\xbd\x8e8\xb9\xd5<9#\xf0\x04\xf40\x12\xd3i/\xc8`L\x14\xaa\xe4\xb5g\xc9\xdf\x81;\xa1\x0f\xe6\xea^O\xea\xc5\xf6+\x9e\x81]v\xa1c\xfc8\xb3\x9b\xe9c\x10\xed\xb8|^_^\x18\x19/\x9e\xe6\xfd\'\xf2^+pf")
2019-07-12 13:21:53,870 - DEBUG: TX: 616944df804197274a496b658c45df1174a396af1a3260bb50bc2ebad7bd8e38b9d53c3923f004f43012d3692fc8604c14aae4b567c9df813ba10fe6ea5e4feac5f62b9e815d76a163fc38b39be96310edb87c5e5f5e18192f9ee6fd27f25e2b7066
2019-07-12 13:21:53,869 - INFO: Received from node-red: "{\"op\":\"ProvisionScanStart\",\"nodeMessageId\":0}"
2019-07-12 13:21:53,870 - INFO: Received from node-red: "{\"op\":\"GetProvisionedDevices\",\"nodeMessageId\":1}"
2019-07-12 13:21:53,880 - DEBUG: RX: 03845384
2019-07-12 13:21:53,882 - DEBUG: parsed_packet {event: CmdRsp, data: {'opcode': 83, 'status': 132, 'data': bytearray(b'')}}
2019-07-12 13:21:53,884 - DEBUG: Writing: 159 bytearray(b'\x01\x00\x01\x00')
2019-07-12 13:21:53,884 - ERROR: None: ERROR_INVALID_LENGTH
2019-07-12 13:21:53,884 - DEBUG: TX: 059f01000100
2019-07-12 13:21:53,884 - DEBUG: RX: 03840084
2019-07-12 13:21:53,885 - DEBUG: parsed_packet {event: CmdRsp, data: {'opcode': 0, 'status': 132, 'data': bytearray(b'')}}
2019-07-12 13:21:53,885 - DEBUG: Writing: 146 bytearray(b'\x00\x00\x18\xee\xd9\xc2\xa5j\xdd\x85\x04\x9f\xfc<Y\xad\x0e\x12')
2019-07-12 13:21:53,885 - ERROR: None: ERROR_INVALID_LENGTH
2019-07-12 13:21:53,885 - DEBUG: TX: 1392000018eed9c2a56add85049ffc3c59ad0e12
2019-07-12 13:21:53,885 - DEBUG: RX: 03840084
2019-07-12 13:21:53,885 - DEBUG: parsed_packet {event: CmdRsp, data: {'opcode': 0, 'status': 132, 'data': bytearray(b'')}}
2019-07-12 13:21:53,886 - DEBUG: Writing: 151 bytearray(b'\x00\x00\x00\x00Oh\xad\x85\xd9\xf4\x8a\xc8X\x9d\xf6e\xb6\xb4\x9b\x8a')
2019-07-12 13:21:53,886 - ERROR: None: ERROR_INVALID_LENGTH
2019-07-12 13:21:53,886 - DEBUG: TX: 1597000000004f68ad85d9f48ac8589df665b6b49b8a
2019-07-12 13:21:53,886 - DEBUG: RX: 03840084
2019-07-12 13:21:53,887 - DEBUG: parsed_packet {event: CmdRsp, data: {'opcode': 0, 'status': 132, 'data': bytearray(b'')}}
2019-07-12 13:21:53,887 - DEBUG: Writing: 151 bytearray(b'\x01\x00\x00\x00*\xa2\xa6\xde\xd5\xa0y\x8c\xea\xb5x|\xa3\xae9\xfc')
2019-07-12 13:21:53,887 - ERROR: None: ERROR_INVALID_LENGTH
2019-07-12 13:21:53,887 - DEBUG: TX: 1597010000002aa2a6ded5a0798ceab5787ca3ae39fc
2019-07-12 13:21:53,887 - DEBUG: RX: 03840084
2019-07-12 13:21:53,888 - DEBUG: parsed_packet {event: CmdRsp, data: {'opcode': 0, 'status': 132, 'data': bytearray(b'')}}
2019-07-12 13:21:53,888 - ERROR: None: ERROR_INVALID_LENGTH
2019-07-12 13:21:53,889 - DEBUG: RX: 03840084
2019-07-12 13:21:53,889 - DEBUG: parsed_packet {event: CmdRsp, data: {'opcode': 0, 'status': 132, 'data': bytearray(b'')}}
2019-07-12 13:21:53,890 - ERROR: None: ERROR_INVALID_LENGTH
2019-07-12 13:21:53,890 - DEBUG: RX: 03840084
2019-07-12 13:21:53,890 - DEBUG: parsed_packet {event: CmdRsp, data: {'opcode': 0, 'status': 132, 'data': bytearray(b'')}}
2019-07-12 13:21:53,890 - ERROR: None: ERROR_INVALID_LENGTH
2019-07-12 13:21:53,891 - DEBUG: Writing: 97 bytearray(b'')
2019-07-12 13:21:53,891 - DEBUG: TX: 0161
2019-07-12 13:21:53,891 - DEBUG: RX: 03840084
2019-07-12 13:21:53,891 - DEBUG: parsed_packet {event: CmdRsp, data: {'opcode': 0, 'status': 132, 'data': bytearray(b'')}}
2019-07-12 13:21:53,892 - ERROR: None: ERROR_INVALID_LENGTH
2019-07-12 13:21:53,892 - DEBUG: RX: 03840084
2019-07-12 13:21:53,892 - DEBUG: parsed_packet {event: CmdRsp, data: {'opcode': 0, 'status': 132, 'data': bytearray(b'')}}
2019-07-12 13:21:53,892 - ERROR: None: ERROR_INVALID_LENGTH
2019-07-12 13:21:53,893 - DEBUG: RX: 03840084
2019-07-12 13:21:53,893 - DEBUG: parsed_packet {event: CmdRsp, data: {'opcode': 0, 'status': 132, 'data': bytearray(b'')}}
2019-07-12 13:21:53,894 - ERROR: None: ERROR_INVALID_LENGTH
2019-07-12 13:21:53,894 - DEBUG: RX: 03840084
2019-07-12 13:21:53,895 - DEBUG: parsed_packet {event: CmdRsp, data: {'opcode': 0, 'status': 132, 'data': bytearray(b'')}}
2019-07-12 13:21:53,895 - ERROR: None: ERROR_INVALID_LENGTH
2019-07-12 13:21:53,895 - DEBUG: RX: 03840084
2019-07-12 13:21:53,895 - DEBUG: parsed_packet {event: CmdRsp, data: {'opcode': 0, 'status': 132, 'data': bytearray(b'')}}
2019-07-12 13:21:53,895 - ERROR: None: ERROR_INVALID_LENGTH
2019-07-12 13:21:53,896 - DEBUG: RX: 03840084
2019-07-12 13:21:53,896 - DEBUG: parsed_packet {event: CmdRsp, data: {'opcode': 0, 'status': 132, 'data': bytearray(b'')}}
2019-07-12 13:21:53,896 - ERROR: None: ERROR_INVALID_LENGTH
2019-07-12 13:21:53,896 - DEBUG: RX: 03849f00
2019-07-12 13:21:53,896 - DEBUG: parsed_packet {event: CmdRsp, data: {'opcode': 159, 'status': 0, 'data': bytearray(b'')}}
2019-07-12 13:21:53,897 - INFO: Success
2019-07-12 13:21:53,897 - DEBUG: RX: 058492000000
2019-07-12 13:21:53,897 - DEBUG: parsed_packet {event: CmdRsp, data: {'opcode': 146, 'status': 0, 'data': bytearray(b'\x00\x00')}}
2019-07-12 13:21:53,897 - INFO: SubnetAdd: {'subnet_handle': 0}
2019-07-12 13:21:53,898 - DEBUG: RX: 058497000000
2019-07-12 13:21:53,899 - DEBUG: parsed_packet {event: CmdRsp, data: {'opcode': 151, 'status': 0, 'data': bytearray(b'\x00\x00')}}
2019-07-12 13:21:53,899 - INFO: AppkeyAdd: {'appkey_handle': 0}
2019-07-12 13:21:53,901 - DEBUG: RX: 058497000100
2019-07-12 13:21:53,901 - DEBUG: parsed_packet {event: CmdRsp, data: {'opcode': 151, 'status': 0, 'data': bytearray(b'\x01\x00')}}
2019-07-12 13:21:53,902 - INFO: AppkeyAdd: {'appkey_handle': 1}
2019-07-12 13:21:53,902 - DEBUG: RX: 03846100
2019-07-12 13:21:53,902 - DEBUG: parsed_packet {event: CmdRsp, data: {'opcode': 97, 'status': 0, 'data': bytearray(b'')}}
2019-07-12 13:21:53,902 - INFO: Success
2019-07-12 13:21:54,900 - DEBUG: RX: 1ac09db77a0526b8734988639509c242d107cc0001c8639509c2c2
2019-07-12 13:21:54,900 - DEBUG: parsed_packet {event: ProvUnprovisionedReceived, data: {'uuid': bytearray(b'\x9d\xb7z\x05&\xb8sI\x88c\x95\t\xc2B\xd1\x07'), 'rssi': -52, 'gatt_supported': 0, 'adv_addr_type': 1, 'adv_addr': bytearray(b'\xc8c\x95\t\xc2\xc2')}}
2019-07-12 13:21:54,900 - INFO: {event: ProvUnprovisionedReceived, data: {'uuid': bytearray(b'\x9d\xb7z\x05&\xb8sI\x88c\x95\t\xc2B\xd1\x07'), 'rssi': -52, 'gatt_supported': 0, 'adv_addr_type': 1, 'adv_addr': bytearray(b'\xc8c\x95\t\xc2\xc2')}}
2019-07-12 13:21:54,901 - INFO: Received UUID 9db77a0526b8734988639509c242d107 with RSSI: -52 dB
2019-07-12 13:21:56,906 - DEBUG: RX: 1ac09db77a0526b8734988639509c242d107cc0001c8639509c2c2
2019-07-12 13:21:56,906 - DEBUG: parsed_packet {event: ProvUnprovisionedReceived, data: {'uuid': bytearray(b'\x9d\xb7z\x05&\xb8sI\x88c\x95\t\xc2B\xd1\x07'), 'rssi': -52, 'gatt_supported': 0, 'adv_addr_type': 1, 'adv_addr': bytearray(b'\xc8c\x95\t\xc2\xc2')}}
2019-07-12 13:21:56,906 - INFO: {event: ProvUnprovisionedReceived, data: {'uuid': bytearray(b'\x9d\xb7z\x05&\xb8sI\x88c\x95\t\xc2B\xd1\x07'), 'rssi': -52, 'gatt_supported': 0, 'adv_addr_type': 1, 'adv_addr': bytearray(b'\xc8c\x95\t\xc2\xc2')}}
2019-07-12 13:21:58,912 - DEBUG: RX: 1ac09db77a0526b8734988639509c242d107ce0001c8639509c2c2
2019-07-12 13:21:58,912 - DEBUG: parsed_packet {event: ProvUnprovisionedReceived, data: {'uuid': bytearray(b'\x9d\xb7z\x05&\xb8sI\x88c\x95\t\xc2B\xd1\x07'), 'rssi': -50, 'gatt_supported': 0, 'adv_addr_type': 1, 'adv_addr': bytearray(b'\xc8c\x95\t\xc2\xc2')}}
2019-07-12 13:21:58,913 - INFO: {event: ProvUnprovisionedReceived, data: {'uuid': bytearray(b'\x9d\xb7z\x05&\xb8sI\x88c\x95\t\xc2B\xd1\x07'), 'rssi': -50, 'gatt_supported': 0, 'adv_addr_type': 1, 'adv_addr': bytearray(b'\xc8c\x95\t\xc2\xc2')}}
2019-07-12 13:22:00,913 - DEBUG: RX: 1ac09db77a0526b8734988639509c242d107cf0001c8639509c2c2
2019-07-12 13:22:00,913 - DEBUG: parsed_packet {event: ProvUnprovisionedReceived, data: {'uuid': bytearray(b'\x9d\xb7z\x05&\xb8sI\x88c\x95\t\xc2B\xd1\x07'), 'rssi': -49, 'gatt_supported': 0, 'adv_addr_type': 1, 'adv_addr': bytearray(b'\xc8c\x95\t\xc2\xc2')}}
2019-07-12 13:22:00,913 - INFO: {event: ProvUnprovisionedReceived, data: {'uuid': bytearray(b'\x9d\xb7z\x05&\xb8sI\x88c\x95\t\xc2B\xd1\x07'), 'rssi': -49, 'gatt_supported': 0, 'adv_addr_type': 1, 'adv_addr': bytearray(b'\xc8c\x95\t\xc2\xc2')}}
2019-07-12 13:22:02,919 - DEBUG: RX: 1ac09db77a0526b8734988639509c242d107cd0001c8639509c2c2
2019-07-12 13:22:02,920 - DEBUG: parsed_packet {event: ProvUnprovisionedReceived, data: {'uuid': bytearray(b'\x9d\xb7z\x05&\xb8sI\x88c\x95\t\xc2B\xd1\x07'), 'rssi': -51, 'gatt_supported': 0, 'adv_addr_type': 1, 'adv_addr': bytearray(b'\xc8c\x95\t\xc2\xc2')}}
2019-07-12 13:22:02,920 - INFO: {event: ProvUnprovisionedReceived, data: {'uuid': bytearray(b'\x9d\xb7z\x05&\xb8sI\x88c\x95\t\xc2B\xd1\x07'), 'rssi': -51, 'gatt_supported': 0, 'adv_addr_type': 1, 'adv_addr': bytearray(b'\xc8c\x95\t\xc2\xc2')}}
2019-07-12 13:22:04,932 - DEBUG: RX: 1ac09db77a0526b8734988639509c242d107cd0001c8639509c2c2
2019-07-12 13:22:04,933 - DEBUG: parsed_packet {event: ProvUnprovisionedReceived, data: {'uuid': bytearray(b'\x9d\xb7z\x05&\xb8sI\x88c\x95\t\xc2B\xd1\x07'), 'rssi': -51, 'gatt_supported': 0, 'adv_addr_type': 1, 'adv_addr': bytearray(b'\xc8c\x95\t\xc2\xc2')}}
2019-07-12 13:22:04,934 - INFO: {event: ProvUnprovisionedReceived, data: {'uuid': bytearray(b'\x9d\xb7z\x05&\xb8sI\x88c\x95\t\xc2B\xd1\x07'), 'rssi': -51, 'gatt_supported': 0, 'adv_addr_type': 1, 'adv_addr': bytearray(b'\xc8c\x95\t\xc2\xc2')}}
2019-07-12 13:22:07,634 - INFO: Received from node-red: "{\"op\":\"Provision\",\"data\":{\"uuid\":\"9db77a0526b8734988639509c242d107\"},\"nodeMessageId\":2}"
2019-07-12 13:22:07,635 - DEBUG: Writing: 98 bytearray(b'')
2019-07-12 13:22:07,635 - DEBUG: TX: 0162
2019-07-12 13:22:07,636 - DEBUG: Writing: 99 bytearray(b'\x00\x9d\xb7z\x05&\xb8sI\x88c\x95\t\xc2B\xd1\x07\x18\xee\xd9\xc2\xa5j\xdd\x85\x04\x9f\xfc<Y\xad\x0e\x12\x00\x00\x00\x00\x00\x00\x10\x00\x00\x00\x00')
2019-07-12 13:22:07,636 - DEBUG: TX: 2d63009db77a0526b8734988639509c242d10718eed9c2a56add85049ffc3c59ad0e120000000000001000000000
2019-07-12 13:22:07,637 - DEBUG: RX: 03846200
2019-07-12 13:22:07,637 - DEBUG: parsed_packet {event: CmdRsp, data: {'opcode': 98, 'status': 0, 'data': bytearray(b'')}}
2019-07-12 13:22:07,637 - INFO: Success
2019-07-12 13:22:07,642 - DEBUG: RX: 0484630000
2019-07-12 13:22:07,643 - DEBUG: parsed_packet {event: CmdRsp, data: {'opcode': 99, 'status': 0, 'data': bytearray(b'\x00')}}
2019-07-12 13:22:07,643 - INFO: Provision: {'context': 0}
2019-07-12 13:22:07,658 - DEBUG: RX: 02c100
2019-07-12 13:22:07,658 - DEBUG: parsed_packet {event: ProvLinkEstablished, data: {'context_id': 0}}
2019-07-12 13:22:07,659 - INFO: {event: ProvLinkEstablished, data: {'context_id': 0}}
2019-07-12 13:22:07,659 - INFO: Link established
2019-07-12 13:22:07,713 - DEBUG: RX: 0bc3000e0001000000000000
2019-07-12 13:22:07,714 - DEBUG: parsed_packet {event: ProvCapsReceived, data: {'context_id': 0, 'num_elements': 14, 'public_key_type': 0, 'static_oob_types': 1, 'output_oob_size': 0, 'output_oob_actions': 0, 'input_oob_size': 0, 'input_oob_actions': 0}}
2019-07-12 13:22:07,714 - INFO: {event: ProvCapsReceived, data: {'context_id': 0, 'num_elements': 14, 'public_key_type': 0, 'static_oob_types': 1, 'output_oob_size': 0, 'output_oob_actions': 0, 'input_oob_size': 0, 'input_oob_actions': 0}}
2019-07-12 13:22:07,714 - INFO: Received capabilities
2019-07-12 13:22:07,714 - INFO: Number of elements: 14
2019-07-12 13:22:07,715 - DEBUG: Writing: 102 bytearray(b'\x00\x00\x00\x00')
2019-07-12 13:22:07,715 - DEBUG: TX: 056600000000
2019-07-12 13:22:07,716 - DEBUG: RX: 0484660000
2019-07-12 13:22:07,717 - DEBUG: parsed_packet {event: CmdRsp, data: {'opcode': 102, 'status': 0, 'data': bytearray(b'\x00')}}
2019-07-12 13:22:07,717 - INFO: OobUse: {'context': 0}
2019-07-12 13:22:11,972 - DEBUG: RX: 62c700d460ea374893cf9f86584c77612f0de95376a174dba7915367b586cb1ebbd4802980187c06ad2bceccee45e2950e05a12035b556b61b2d76e81b2482472bee838670528545b6ae099daf41fded47b1e11d84e573c29f73e3d1e442906655e7b1
2019-07-12 13:22:11,972 - DEBUG: parsed_packet {event: ProvEcdhRequest, data: {'context_id': 0, 'peer_public': bytearray(b'\xd4`\xea7H\x93\xcf\x9f\x86XLwa/\r\xe9Sv\xa1t\xdb\xa7\x91Sg\xb5\x86\xcb\x1e\xbb\xd4\x80)\x80\x18|\x06\xad+\xce\xcc\xeeE\xe2\x95\x0e\x05\xa1 5\xb5V\xb6\x1b-v\xe8\x1b$\x82G+\xee\x83'), 'node_private': bytearray(b'\x86pR\x85E\xb6\xae\t\x9d\xafA\xfd\xedG\xb1\xe1\x1d\x84\xe5s\xc2\x9fs\xe3\xd1\xe4B\x90fU\xe7\xb1')}}
2019-07-12 13:22:11,973 - INFO: {event: ProvEcdhRequest, data: {'context_id': 0, 'peer_public': bytearray(b'\xd4`\xea7H\x93\xcf\x9f\x86XLwa/\r\xe9Sv\xa1t\xdb\xa7\x91Sg\xb5\x86\xcb\x1e\xbb\xd4\x80)\x80\x18|\x06\xad+\xce\xcc\xeeE\xe2\x95\x0e\x05\xa1 5\xb5V\xb6\x1b-v\xe8\x1b$\x82G+\xee\x83'), 'node_private': bytearray(b'\x86pR\x85E\xb6\xae\t\x9d\xafA\xfd\xedG\xb1\xe1\x1d\x84\xe5s\xc2\x9fs\xe3\xd1\xe4B\x90fU\xe7\xb1')}}
2019-07-12 13:22:11,973 - INFO: ECDH request received
2019-07-12 13:22:11,978 - DEBUG: Writing: 104 bytearray(b'\x00\xb6\x199\xeftY\xf8{v\xb4s\x92\xf2\xce\xe4lEO\x9e\xc8\xf3\\3}-\xa8\x9b.\xc9\xa0\xb9\xee')
2019-07-12 13:22:11,978 - DEBUG: TX: 226800b61939ef7459f87b76b47392f2cee46c454f9ec8f35c337d2da89b2ec9a0b9ee
2019-07-12 13:22:11,984 - DEBUG: RX: 0484680000
2019-07-12 13:22:11,984 - DEBUG: parsed_packet {event: CmdRsp, data: {'opcode': 104, 'status': 0, 'data': bytearray(b'\x00')}}
2019-07-12 13:22:11,985 - INFO: EcdhSecret: {'context': 0}
2019-07-12 13:22:12,324 - DEBUG: RX: 2cc500000000000000100000009a780d07cd02aad48fb9fa9ad768864518eed9c2a56add85049ffc3c59ad0e12
2019-07-12 13:22:12,325 - DEBUG: parsed_packet {event: ProvComplete, data: {'context_id': 0, 'iv_index': 0, 'net_key_index': 0, 'address': 16, 'iv_update_flag': 0, 'key_refresh_flag': 0, 'device_key': bytearray(b'\x9ax\r\x07\xcd\x02\xaa\xd4\x8f\xb9\xfa\x9a\xd7h\x86E'), 'net_key': bytearray(b'\x18\xee\xd9\xc2\xa5j\xdd\x85\x04\x9f\xfc<Y\xad\x0e\x12')}}
2019-07-12 13:22:12,325 - INFO: {event: ProvComplete, data: {'context_id': 0, 'iv_index': 0, 'net_key_index': 0, 'address': 16, 'iv_update_flag': 0, 'key_refresh_flag': 0, 'device_key': bytearray(b'\x9ax\r\x07\xcd\x02\xaa\xd4\x8f\xb9\xfa\x9a\xd7h\x86E'), 'net_key': bytearray(b'\x18\xee\xd9\xc2\xa5j\xdd\x85\x04\x9f\xfc<Y\xad\x0e\x12')}}
2019-07-12 13:22:12,325 - INFO: Provisioning complete
2019-07-12 13:22:12,325 - INFO: 	Address(es): 0x10-0x1d
2019-07-12 13:22:12,325 - INFO: 	Device key: 9a780d07cd02aad48fb9fa9ad7688645
2019-07-12 13:22:12,325 - INFO: 	Network key: 18eed9c2a56add85049ffc3c59ad0e12
2019-07-12 13:22:12,325 - INFO: Adding device key to subnet 0
2019-07-12 13:22:12,326 - DEBUG: Writing: 156 bytearray(b'\x10\x00\x00\x00\x9ax\r\x07\xcd\x02\xaa\xd4\x8f\xb9\xfa\x9a\xd7h\x86E')
2019-07-12 13:22:12,326 - INFO: Adding publication address of root element
2019-07-12 13:22:12,326 - DEBUG: TX: 159c100000009a780d07cd02aad48fb9fa9ad7688645
2019-07-12 13:22:12,327 - DEBUG: Writing: 164 bytearray(b'\x10\x00')
2019-07-12 13:22:12,328 - DEBUG: TX: 03a41000
2019-07-12 13:22:14,332 - INFO: cmd AddrPublicationAdd, timeout waiting for event
2019-07-12 13:22:22,329 - DEBUG: RX: 05849c000800
2019-07-12 13:22:22,330 - DEBUG: parsed_packet {event: CmdRsp, data: {'opcode': 156, 'status': 0, 'data': bytearray(b'\x08\x00')}}
2019-07-12 13:22:22,330 - INFO: DevkeyAdd: {'devkey_handle': 8}
2019-07-12 13:22:22,332 - DEBUG: RX: 0584a4000000
2019-07-12 13:22:22,332 - DEBUG: parsed_packet {event: CmdRsp, data: {'opcode': 164, 'status': 0, 'data': bytearray(b'\x00\x00')}}
2019-07-12 13:22:22,333 - INFO: AddrPublicationAdd: {'address_handle': 0}
2019-07-12 13:22:22,335 - DEBUG: RX: 03c20000
2019-07-12 13:22:22,335 - DEBUG: parsed_packet {event: ProvLinkClosed, data: {'context_id': 0, 'close_reason': 0}}
2019-07-12 13:22:22,335 - INFO: {event: ProvLinkClosed, data: {'context_id': 0, 'close_reason': 0}}
2019-07-12 13:22:22,336 - INFO: Provisioning link closed
2019-07-12 13:22:29,428 - INFO: Received from node-red: "{\"op\":\"Configure\",\"data\":{\"uuid\":\"9db77a0526b8734988639509c242d107\"},\"nodeMessageId\":3}"
2019-07-12 13:22:29,429 - INFO: Configer 8 0
2019-07-12 13:22:29,429 - DEBUG: Sending opcode: 8008, data: 00
2019-07-12 13:22:29,430 - DEBUG: Sending opcode: 00, data: 0000004f68ad85d9f48ac8589df665b6b49b8a
2019-07-12 13:22:29,431 - DEBUG: Writing: 171 bytearray(b'\x08\x00\x01\x00\x00\x00\x08\x00\x00\x00\x80\x08\x00')
2019-07-12 13:22:29,431 - DEBUG: TX: 0eab08000100000008000000800800
2019-07-12 13:22:29,432 - DEBUG: Writing: 171 bytearray(b'\x08\x00\x01\x00\x00\x00\x08\x00\x00\x00\x00\x00\x00\x00Oh\xad\x85\xd9\xf4\x8a\xc8X\x9d\xf6e\xb6\xb4\x9b\x8a')
2019-07-12 13:22:29,432 - DEBUG: TX: 1fab08000100000008000000000000004f68ad85d9f48ac8589df665b6b49b8a
2019-07-12 13:22:29,435 - DEBUG: RX: 0784ab0001000000
2019-07-12 13:22:29,435 - DEBUG: parsed_packet {event: CmdRsp, data: {'opcode': 171, 'status': 0, 'data': bytearray(b'\x01\x00\x00\x00')}}
2019-07-12 13:22:29,435 - INFO: PacketSend: {'token': 1}
2019-07-12 13:22:29,439 - DEBUG: RX: 0784ab0002000000
2019-07-12 13:22:29,439 - DEBUG: parsed_packet {event: CmdRsp, data: {'opcode': 171, 'status': 0, 'data': bytearray(b'\x02\x00\x00\x00')}}
2019-07-12 13:22:29,440 - INFO: PacketSend: {'token': 2}
2019-07-12 13:22:29,455 - DEBUG: RX: 05d201000000
2019-07-12 13:22:29,455 - DEBUG: parsed_packet {event: MeshTxComplete, data: {'token': 1}}
2019-07-12 13:22:29,455 - INFO: {event: MeshTxComplete, data: {'token': 1}}
2019-07-12 13:22:29,656 - DEBUG: RX: 05d202000000
2019-07-12 13:22:29,656 - DEBUG: parsed_packet {event: MeshTxComplete, data: {'token': 2}}
2019-07-12 13:22:29,656 - INFO: {event: MeshTxComplete, data: {'token': 2}}
2019-07-12 13:22:29,842 - DEBUG: RX: c4d010000100080000007f01c8639509c2c2d3b0000200590000000000280003000000020000000200000002010010011059000000000002010010011059000000000002010010011059000000000002010010011059000000000002010010011059000000000002010010011059000000000002010010011059000000000002010010011059000000000002010010011059000000000002010010011059000000000002010010011059000000000002010010011059000000000002010010011059000000
2019-07-12 13:22:29,842 - DEBUG: parsed_packet {event: MeshMessageReceivedUnicast, data: {'src': 16, 'dst': 1, 'appkey_handle': 8, 'subnet_handle': 0, 'ttl': 127, 'adv_addr_type': 1, 'adv_addr': bytearray(b'\xc8c\x95\t\xc2\xc2'), 'rssi': -45, 'actual_length': 176, 'data': bytearray(b'\x02\x00Y\x00\x00\x00\x00\x00(\x00\x03\x00\x00\x00\x02\x00\x00\x00\x02\x00\x00\x00\x02\x01\x00\x10\x01\x10Y\x00\x00\x00\x00\x00\x02\x01\x00\x10\x01\x10Y\x00\x00\x00\x00\x00\x02\x01\x00\x10\x01\x10Y\x00\x00\x00\x00\x00\x02\x01\x00\x10\x01\x10Y\x00\x00\x00\x00\x00\x02\x01\x00\x10\x01\x10Y\x00\x00\x00\x00\x00\x02\x01\x00\x10\x01\x10Y\x00\x00\x00\x00\x00\x02\x01\x00\x10\x01\x10Y\x00\x00\x00\x00\x00\x02\x01\x00\x10\x01\x10Y\x00\x00\x00\x00\x00\x02\x01\x00\x10\x01\x10Y\x00\x00\x00\x00\x00\x02\x01\x00\x10\x01\x10Y\x00\x00\x00\x00\x00\x02\x01\x00\x10\x01\x10Y\x00\x00\x00\x00\x00\x02\x01\x00\x10\x01\x10Y\x00\x00\x00\x00\x00\x02\x01\x00\x10\x01\x10Y\x00\x00\x00')}}
2019-07-12 13:22:29,849 - INFO: Received composition data (page 0x00): {
  "cid": "0059",
  "pid": "0000",
  "vid": "0000",
  "crpl": 40,
  "features": {
    "relay": 0,
    "proxy": 0,
    "friend": 2,
    "low_power": 2
  },
  "elements": [
    {
      "index": 0,
      "location": "0000",
      "models": [
        {
          "modelId": "0000"
        },
        {
          "modelId": "0002"
        }
      ]
    },
    {
      "index": 1,
      "location": "0000",
      "models": [
        {
          "modelId": "1000"
        },
        {
          "modelId": "1001"
        },
        {
          "modelId": "00590000"
        }
      ]
    },
    {
      "index": 2,
      "location": "0000",
      "models": [
        {
          "modelId": "1000"
        },
        {
          "modelId": "1001"
        },
        {
          "modelId": "00590000"
        }
      ]
    },
    {
      "index": 3,
      "location": "0000",
      "models": [
        {
          "modelId": "1000"
        },
        {
          "modelId": "1001"
        },
        {
          "modelId": "00590000"
        }
      ]
    },
    {
      "index": 4,
      "location": "0000",
      "models": [
        {
          "modelId": "1000"
        },
        {
          "modelId": "1001"
        },
        {
          "modelId": "00590000"
        }
      ]
    },
    {
      "index": 5,
      "location": "0000",
      "models": [
        {
          "modelId": "1000"
        },
        {
          "modelId": "1001"
        },
        {
          "modelId": "00590000"
        }
      ]
    },
    {
      "index": 6,
      "location": "0000",
      "models": [
        {
          "modelId": "1000"
        },
        {
          "modelId": "1001"
        },
        {
          "modelId": "00590000"
        }
      ]
    },
    {
      "index": 7,
      "location": "0000",
      "models": [
        {
          "modelId": "1000"
        },
        {
          "modelId": "1001"
        },
        {
          "modelId": "00590000"
        }
      ]
    },
    {
      "index": 8,
      "location": "0000",
      "models": [
        {
          "modelId": "1000"
        },
        {
          "modelId": "1001"
        },
        {
          "modelId": "00590000"
        }
      ]
    },
    {
      "index": 9,
      "location": "0000",
      "models": [
        {
          "modelId": "1000"
        },
        {
          "modelId": "1001"
        },
        {
          "modelId": "00590000"
        }
      ]
    },
    {
      "index": 10,
      "location": "0000",
      "models": [
        {
          "modelId": "1000"
        },
        {
          "modelId": "1001"
        },
        {
          "modelId": "00590000"
        }
      ]
    },
    {
      "index": 11,
      "location": "0000",
      "models": [
        {
          "modelId": "1000"
        },
        {
          "modelId": "1001"
        },
        {
          "modelId": "00590000"
        }
      ]
    },
    {
      "index": 12,
      "location": "0000",
      "models": [
        {
          "modelId": "1000"
        },
        {
          "modelId": "1001"
        },
        {
          "modelId": "00590000"
        }
      ]
    },
    {
      "index": 13,
      "location": "0000",
      "models": [
        {
          "modelId": "1000"
        },
        {
          "modelId": "1001"
        },
        {
          "modelId": "00590000"
        }
      ]
    }
  ]
}
2019-07-12 13:22:29,849 - INFO: {event: MeshMessageReceivedUnicast, data: {'src': 16, 'dst': 1, 'appkey_handle': 8, 'subnet_handle': 0, 'ttl': 127, 'adv_addr_type': 1, 'adv_addr': bytearray(b'\xc8c\x95\t\xc2\xc2'), 'rssi': -45, 'actual_length': 176, 'data': bytearray(b'\x02\x00Y\x00\x00\x00\x00\x00(\x00\x03\x00\x00\x00\x02\x00\x00\x00\x02\x00\x00\x00\x02\x01\x00\x10\x01\x10Y\x00\x00\x00\x00\x00\x02\x01\x00\x10\x01\x10Y\x00\x00\x00\x00\x00\x02\x01\x00\x10\x01\x10Y\x00\x00\x00\x00\x00\x02\x01\x00\x10\x01\x10Y\x00\x00\x00\x00\x00\x02\x01\x00\x10\x01\x10Y\x00\x00\x00\x00\x00\x02\x01\x00\x10\x01\x10Y\x00\x00\x00\x00\x00\x02\x01\x00\x10\x01\x10Y\x00\x00\x00\x00\x00\x02\x01\x00\x10\x01\x10Y\x00\x00\x00\x00\x00\x02\x01\x00\x10\x01\x10Y\x00\x00\x00\x00\x00\x02\x01\x00\x10\x01\x10Y\x00\x00\x00\x00\x00\x02\x01\x00\x10\x01\x10Y\x00\x00\x00\x00\x00\x02\x01\x00\x10\x01\x10Y\x00\x00\x00\x00\x00\x02\x01\x00\x10\x01\x10Y\x00\x00\x00')}}
2019-07-12 13:23:23,743 - DEBUG: RX: 04810200fe
2019-07-12 13:23:23,745 - DEBUG: parsed_packet {event: DeviceStarted, data: {'operating_mode': 2, 'hw_error': 0, 'data_credit_available': 254}}
2019-07-12 13:23:23,745 - INFO: Device rebooted.
