2019-07-25 11:34:40,620 - DEBUG: Writing: 14 bytearray(b'')
2019-07-25 11:34:40,620 - DEBUG: TX: 010e
2019-07-25 11:34:41,039 - DEBUG: RX: 04810200fe
2019-07-25 11:34:41,039 - DEBUG: parsed_packet {event: DeviceStarted, data: {'operating_mode': 2, 'hw_error': 0, 'data_credit_available': 254}}
2019-07-25 11:34:41,040 - INFO: Device rebooted.
2019-07-25 11:34:41,187 - DEBUG: Writing: 105 bytearray(b'W\xed\xe9\xe6\xaa\x12\x13\xda4\xf5Nj\xbc\x0c\x0bGZ\xf5\x96>m\xfes\xef\xc2I\xb2\xd97\x16\x02;\x9c1X\xb8l\xfb\x11\xf6\x0e\x05)\xda\xad\xf7\t\xc1\xdf\xc8\x9e\x8e\x96\x04P\x8aT\xf6\xf1\xff\x8dJ\xfd\xd4j\xd0&\x87\x9a\xe0Q\xd6\xe9r\xc9?\x88m\x00\xbf\x16\xe4\xcb\x87\xf5wKl\x98;\x86M\x8a\xb6\xd3\xb6')
2019-07-25 11:34:41,192 - DEBUG: TX: 616957ede9e6aa1213da34f54e6abc0c0b475af5963e6dfe73efc249b2d93716023b9c3158b86cfb11f60e0529daadf709c1dfc89e8e9604508a54f6f1ff8d4afdd46ad026879ae051d6e972c93f886d00bf16e4cb87f5774b6c983b864d8ab6d3b6
2019-07-25 11:34:41,202 - INFO: 

2019-07-25 11:34:41,202 - INFO: Sending next message
2019-07-25 11:34:41,203 - DEBUG: RX: 03845384
2019-07-25 11:34:41,203 - DEBUG: parsed_packet {event: CmdRsp, data: {'opcode': 83, 'status': 132, 'data': bytearray(b'')}}
2019-07-25 11:34:41,204 - DEBUG: Writing: 159 bytearray(b'\x01\x00\x01\x00')
2019-07-25 11:34:41,204 - DEBUG: TX: 059f01000100
2019-07-25 11:34:41,204 - ERROR: None: ERROR_INVALID_LENGTH
2019-07-25 11:34:41,204 - DEBUG: RX: 03840084
2019-07-25 11:34:41,205 - DEBUG: parsed_packet {event: CmdRsp, data: {'opcode': 0, 'status': 132, 'data': bytearray(b'')}}
2019-07-25 11:34:41,205 - DEBUG: Writing: 146 bytearray(b'\x00\x00\x18\xee\xd9\xc2\xa5j\xdd\x85\x04\x9f\xfc<Y\xad\x0e\x12')
2019-07-25 11:34:41,205 - DEBUG: TX: 1392000018eed9c2a56add85049ffc3c59ad0e12
2019-07-25 11:34:41,205 - ERROR: None: ERROR_INVALID_LENGTH
2019-07-25 11:34:41,206 - DEBUG: RX: 03840084
2019-07-25 11:34:41,206 - DEBUG: parsed_packet {event: CmdRsp, data: {'opcode': 0, 'status': 132, 'data': bytearray(b'')}}
2019-07-25 11:34:41,207 - ERROR: None: ERROR_INVALID_LENGTH
2019-07-25 11:34:41,207 - DEBUG: Writing: 151 bytearray(b'\x00\x00\x00\x00Oh\xad\x85\xd9\xf4\x8a\xc8X\x9d\xf6e\xb6\xb4\x9b\x8a')
2019-07-25 11:34:41,207 - DEBUG: TX: 1597000000004f68ad85d9f48ac8589df665b6b49b8a
2019-07-25 11:34:41,208 - DEBUG: RX: 03840084
2019-07-25 11:34:41,208 - DEBUG: parsed_packet {event: CmdRsp, data: {'opcode': 0, 'status': 132, 'data': bytearray(b'')}}
2019-07-25 11:34:41,209 - DEBUG: Writing: 151 bytearray(b'\x01\x00\x00\x00*\xa2\xa6\xde\xd5\xa0y\x8c\xea\xb5x|\xa3\xae9\xfc')
2019-07-25 11:34:41,209 - DEBUG: TX: 1597010000002aa2a6ded5a0798ceab5787ca3ae39fc
2019-07-25 11:34:41,209 - ERROR: None: ERROR_INVALID_LENGTH
2019-07-25 11:34:41,211 - DEBUG: RX: 03840084
2019-07-25 11:34:41,211 - DEBUG: parsed_packet {event: CmdRsp, data: {'opcode': 0, 'status': 132, 'data': bytearray(b'')}}
2019-07-25 11:34:41,218 - DEBUG: Writing: 164 bytearray(b'\x10\x00')
2019-07-25 11:34:41,218 - DEBUG: TX: 03a41000
2019-07-25 11:34:41,212 - ERROR: None: ERROR_INVALID_LENGTH
2019-07-25 11:34:41,224 - DEBUG: RX: 03840084
2019-07-25 11:34:41,225 - DEBUG: parsed_packet {event: CmdRsp, data: {'opcode': 0, 'status': 132, 'data': bytearray(b'')}}
2019-07-25 11:34:41,226 - ERROR: None: ERROR_INVALID_LENGTH
2019-07-25 11:34:41,226 - DEBUG: RX: 03840084
2019-07-25 11:34:41,227 - DEBUG: parsed_packet {event: CmdRsp, data: {'opcode': 0, 'status': 132, 'data': bytearray(b'')}}
2019-07-25 11:34:41,227 - ERROR: None: ERROR_INVALID_LENGTH
2019-07-25 11:34:41,227 - DEBUG: RX: 03840084
2019-07-25 11:34:41,227 - DEBUG: parsed_packet {event: CmdRsp, data: {'opcode': 0, 'status': 132, 'data': bytearray(b'')}}
2019-07-25 11:34:41,227 - ERROR: None: ERROR_INVALID_LENGTH
2019-07-25 11:34:41,228 - DEBUG: RX: 03840084
2019-07-25 11:34:41,228 - DEBUG: parsed_packet {event: CmdRsp, data: {'opcode': 0, 'status': 132, 'data': bytearray(b'')}}
2019-07-25 11:34:41,228 - ERROR: None: ERROR_INVALID_LENGTH
2019-07-25 11:34:41,228 - DEBUG: RX: 03840084
2019-07-25 11:34:41,229 - DEBUG: parsed_packet {event: CmdRsp, data: {'opcode': 0, 'status': 132, 'data': bytearray(b'')}}
2019-07-25 11:34:41,229 - ERROR: None: ERROR_INVALID_LENGTH
2019-07-25 11:34:41,232 - DEBUG: RX: 03840084
2019-07-25 11:34:41,232 - DEBUG: parsed_packet {event: CmdRsp, data: {'opcode': 0, 'status': 132, 'data': bytearray(b'')}}
2019-07-25 11:34:41,232 - ERROR: None: ERROR_INVALID_LENGTH
2019-07-25 11:34:41,232 - DEBUG: RX: 03840084
2019-07-25 11:34:41,232 - DEBUG: parsed_packet {event: CmdRsp, data: {'opcode': 0, 'status': 132, 'data': bytearray(b'')}}
2019-07-25 11:34:41,233 - ERROR: None: ERROR_INVALID_LENGTH
2019-07-25 11:34:41,233 - DEBUG: RX: 03840084
2019-07-25 11:34:41,233 - DEBUG: parsed_packet {event: CmdRsp, data: {'opcode': 0, 'status': 132, 'data': bytearray(b'')}}
2019-07-25 11:34:41,233 - ERROR: None: ERROR_INVALID_LENGTH
2019-07-25 11:34:41,233 - DEBUG: RX: 03849f00
2019-07-25 11:34:41,233 - DEBUG: parsed_packet {event: CmdRsp, data: {'opcode': 159, 'status': 0, 'data': bytearray(b'')}}
2019-07-25 11:34:41,233 - INFO: Success
2019-07-25 11:34:41,233 - DEBUG: RX: 058492000000
2019-07-25 11:34:41,234 - DEBUG: parsed_packet {event: CmdRsp, data: {'opcode': 146, 'status': 0, 'data': bytearray(b'\x00\x00')}}
2019-07-25 11:34:41,234 - INFO: SubnetAdd: {'subnet_handle': 0}
2019-07-25 11:34:41,235 - DEBUG: RX: 058497000000
2019-07-25 11:34:41,235 - DEBUG: parsed_packet {event: CmdRsp, data: {'opcode': 151, 'status': 0, 'data': bytearray(b'\x00\x00')}}
2019-07-25 11:34:41,235 - INFO: AppkeyAdd: {'appkey_handle': 0}
2019-07-25 11:34:41,235 - DEBUG: RX: 058497000100
2019-07-25 11:34:41,235 - DEBUG: parsed_packet {event: CmdRsp, data: {'opcode': 151, 'status': 0, 'data': bytearray(b'\x01\x00')}}
2019-07-25 11:34:41,235 - INFO: AppkeyAdd: {'appkey_handle': 1}
2019-07-25 11:34:41,236 - DEBUG: RX: 0584a4000000
2019-07-25 11:34:41,236 - DEBUG: parsed_packet {event: CmdRsp, data: {'opcode': 164, 'status': 0, 'data': bytearray(b'\x00\x00')}}
2019-07-25 11:34:41,236 - INFO: AddrPublicationAdd: {'address_handle': 0}
2019-07-25 11:34:41,244 - INFO: 

2019-07-25 11:34:41,244 - INFO: Sending next message
2019-07-25 11:34:41,244 - DEBUG: Writing: 161 bytearray(b'\x01\xc0')
2019-07-25 11:34:41,244 - DEBUG: TX: 03a101c0
2019-07-25 11:34:41,248 - DEBUG: RX: 0584a1000100
2019-07-25 11:34:41,248 - DEBUG: parsed_packet {event: CmdRsp, data: {'opcode': 161, 'status': 0, 'data': bytearray(b'\x01\x00')}}
2019-07-25 11:34:41,248 - INFO: AddrSubscriptionAdd: {'address_handle': 1}
2019-07-25 11:34:41,258 - INFO: 

2019-07-25 11:34:41,259 - INFO: Sending next message
2019-07-25 11:34:41,259 - DEBUG: Writing: 164 bytearray(b'\x11\x00')
2019-07-25 11:34:41,259 - DEBUG: TX: 03a41100
2019-07-25 11:34:41,261 - DEBUG: RX: 0584a4000200
2019-07-25 11:34:41,262 - DEBUG: parsed_packet {event: CmdRsp, data: {'opcode': 164, 'status': 0, 'data': bytearray(b'\x02\x00')}}
2019-07-25 11:34:41,262 - INFO: AddrPublicationAdd: {'address_handle': 2}
2019-07-25 11:34:41,269 - INFO: 

2019-07-25 11:34:41,270 - INFO: Sending next message
2019-07-25 11:34:41,270 - DEBUG: Writing: 164 bytearray(b'\x12\x00')
2019-07-25 11:34:41,270 - DEBUG: TX: 03a41200
2019-07-25 11:34:41,272 - DEBUG: RX: 0584a4000300
2019-07-25 11:34:41,272 - DEBUG: parsed_packet {event: CmdRsp, data: {'opcode': 164, 'status': 0, 'data': bytearray(b'\x03\x00')}}
2019-07-25 11:34:41,272 - INFO: AddrPublicationAdd: {'address_handle': 3}
2019-07-25 11:34:41,279 - INFO: 

2019-07-25 11:34:41,282 - INFO: Sending next message
2019-07-25 11:34:41,282 - DEBUG: Writing: 164 bytearray(b'\x13\x00')
2019-07-25 11:34:41,282 - DEBUG: TX: 03a41300
2019-07-25 11:34:41,284 - DEBUG: RX: 0584a4000400
2019-07-25 11:34:41,284 - DEBUG: parsed_packet {event: CmdRsp, data: {'opcode': 164, 'status': 0, 'data': bytearray(b'\x04\x00')}}
2019-07-25 11:34:41,284 - INFO: AddrPublicationAdd: {'address_handle': 4}
2019-07-25 11:34:41,289 - INFO: 

2019-07-25 11:34:41,289 - INFO: Sending next message
2019-07-25 11:34:41,290 - DEBUG: Writing: 164 bytearray(b'\x14\x00')
2019-07-25 11:34:41,290 - DEBUG: TX: 03a41400
2019-07-25 11:34:41,292 - DEBUG: RX: 0584a4000500
2019-07-25 11:34:41,292 - DEBUG: parsed_packet {event: CmdRsp, data: {'opcode': 164, 'status': 0, 'data': bytearray(b'\x05\x00')}}
2019-07-25 11:34:41,292 - INFO: AddrPublicationAdd: {'address_handle': 5}
2019-07-25 11:34:41,298 - INFO: 

2019-07-25 11:34:41,298 - INFO: Sending next message
2019-07-25 11:34:41,299 - DEBUG: Writing: 164 bytearray(b'\x15\x00')
2019-07-25 11:34:41,299 - DEBUG: TX: 03a41500
2019-07-25 11:34:41,301 - DEBUG: RX: 0584a4000600
2019-07-25 11:34:41,301 - DEBUG: parsed_packet {event: CmdRsp, data: {'opcode': 164, 'status': 0, 'data': bytearray(b'\x06\x00')}}
2019-07-25 11:34:41,301 - INFO: AddrPublicationAdd: {'address_handle': 6}
2019-07-25 11:34:41,306 - INFO: 

2019-07-25 11:34:41,306 - INFO: Sending next message
2019-07-25 11:34:41,307 - DEBUG: Writing: 164 bytearray(b'\x16\x00')
2019-07-25 11:34:41,307 - DEBUG: TX: 03a41600
2019-07-25 11:34:41,309 - DEBUG: RX: 0584a4000700
2019-07-25 11:34:41,309 - DEBUG: parsed_packet {event: CmdRsp, data: {'opcode': 164, 'status': 0, 'data': bytearray(b'\x07\x00')}}
2019-07-25 11:34:41,309 - INFO: AddrPublicationAdd: {'address_handle': 7}
2019-07-25 11:34:41,316 - INFO: 

2019-07-25 11:34:41,316 - INFO: Sending next message
2019-07-25 11:34:41,316 - DEBUG: Writing: 164 bytearray(b'\x17\x00')
2019-07-25 11:34:41,316 - DEBUG: TX: 03a41700
2019-07-25 11:34:41,318 - DEBUG: RX: 0584a4000800
2019-07-25 11:34:41,318 - DEBUG: parsed_packet {event: CmdRsp, data: {'opcode': 164, 'status': 0, 'data': bytearray(b'\x08\x00')}}
2019-07-25 11:34:41,318 - INFO: AddrPublicationAdd: {'address_handle': 8}
2019-07-25 11:34:41,324 - INFO: 

2019-07-25 11:34:41,325 - INFO: Sending next message
2019-07-25 11:34:41,325 - DEBUG: Writing: 164 bytearray(b'\x18\x00')
2019-07-25 11:34:41,325 - DEBUG: TX: 03a41800
2019-07-25 11:34:41,327 - DEBUG: RX: 0584a4000900
2019-07-25 11:34:41,328 - DEBUG: parsed_packet {event: CmdRsp, data: {'opcode': 164, 'status': 0, 'data': bytearray(b'\t\x00')}}
2019-07-25 11:34:41,328 - INFO: AddrPublicationAdd: {'address_handle': 9}
2019-07-25 11:34:41,336 - DEBUG: Writing: 97 bytearray(b'')
2019-07-25 11:34:41,337 - DEBUG: TX: 0161
2019-07-25 11:34:41,340 - INFO: 

2019-07-25 11:34:41,341 - INFO: Sending next message
2019-07-25 11:34:41,341 - DEBUG: RX: 03846100
2019-07-25 11:34:41,341 - DEBUG: Writing: 164 bytearray(b'\x19\x00')
2019-07-25 11:34:41,341 - DEBUG: parsed_packet {event: CmdRsp, data: {'opcode': 97, 'status': 0, 'data': bytearray(b'')}}
2019-07-25 11:34:41,341 - DEBUG: TX: 03a41900
2019-07-25 11:34:41,342 - INFO: Success
2019-07-25 11:34:41,345 - DEBUG: RX: 0584a4000a00
2019-07-25 11:34:41,345 - DEBUG: parsed_packet {event: CmdRsp, data: {'opcode': 164, 'status': 0, 'data': bytearray(b'\n\x00')}}
2019-07-25 11:34:41,346 - INFO: AddrPublicationAdd: {'address_handle': 10}
2019-07-25 11:34:41,356 - INFO: 

2019-07-25 11:34:41,356 - INFO: Sending next message
2019-07-25 11:34:41,357 - DEBUG: Writing: 164 bytearray(b'\x1a\x00')
2019-07-25 11:34:41,357 - DEBUG: TX: 03a41a00
2019-07-25 11:34:41,359 - DEBUG: RX: 0584a4000b00
2019-07-25 11:34:41,359 - DEBUG: parsed_packet {event: CmdRsp, data: {'opcode': 164, 'status': 0, 'data': bytearray(b'\x0b\x00')}}
2019-07-25 11:34:41,359 - INFO: AddrPublicationAdd: {'address_handle': 11}
2019-07-25 11:34:41,365 - INFO: 

2019-07-25 11:34:41,365 - INFO: Sending next message
2019-07-25 11:34:41,365 - DEBUG: Writing: 164 bytearray(b'\x1b\x00')
2019-07-25 11:34:41,365 - DEBUG: TX: 03a41b00
2019-07-25 11:34:41,367 - DEBUG: RX: 0584a4000c00
2019-07-25 11:34:41,367 - DEBUG: parsed_packet {event: CmdRsp, data: {'opcode': 164, 'status': 0, 'data': bytearray(b'\x0c\x00')}}
2019-07-25 11:34:41,368 - INFO: AddrPublicationAdd: {'address_handle': 12}
2019-07-25 11:34:41,372 - INFO: 

2019-07-25 11:34:41,372 - INFO: Sending next message
2019-07-25 11:34:41,373 - DEBUG: Writing: 164 bytearray(b'\x1c\x00')
2019-07-25 11:34:41,373 - DEBUG: TX: 03a41c00
2019-07-25 11:34:41,375 - DEBUG: RX: 0584a4000d00
2019-07-25 11:34:41,375 - DEBUG: parsed_packet {event: CmdRsp, data: {'opcode': 164, 'status': 0, 'data': bytearray(b'\r\x00')}}
2019-07-25 11:34:41,375 - INFO: AddrPublicationAdd: {'address_handle': 13}
2019-07-25 11:34:41,384 - INFO: 

2019-07-25 11:34:41,384 - INFO: Sending next message
2019-07-25 11:34:41,385 - DEBUG: Writing: 164 bytearray(b'\x1d\x00')
2019-07-25 11:34:41,385 - DEBUG: TX: 03a41d00
2019-07-25 11:34:41,387 - DEBUG: RX: 0584a4000e00
2019-07-25 11:34:41,387 - DEBUG: parsed_packet {event: CmdRsp, data: {'opcode': 164, 'status': 0, 'data': bytearray(b'\x0e\x00')}}
2019-07-25 11:34:41,388 - INFO: AddrPublicationAdd: {'address_handle': 14}
2019-07-25 11:34:41,395 - INFO: 

2019-07-25 11:34:41,395 - INFO: Sending next message
2019-07-25 11:34:41,396 - DEBUG: Writing: 156 bytearray(b'\x10\x00\x00\x00>\xa1\x04,a\xa4\xeaR&\xb3\xff\x16\xcd\xda;o')
2019-07-25 11:34:41,396 - DEBUG: TX: 159c100000003ea1042c61a4ea5226b3ff16cdda3b6f
2019-07-25 11:34:41,399 - DEBUG: RX: 05849c000800
2019-07-25 11:34:41,399 - DEBUG: parsed_packet {event: CmdRsp, data: {'opcode': 156, 'status': 0, 'data': bytearray(b'\x08\x00')}}
2019-07-25 11:34:41,399 - INFO: DevkeyAdd: {'devkey_handle': 8}
2019-07-25 11:34:41,404 - INFO: No Messages remaining
2019-07-25 11:34:45,396 - INFO: Timout handler timeout
2019-07-25 11:34:52,836 - DEBUG: Sending opcode: c15900, data: 010b
2019-07-25 11:34:52,843 - DEBUG: Writing: 171 bytearray(b'\x00\x00\x01\x00\x07\x00\x08\x00\x00\x00\xc1Y\x00\x01\x0b')
2019-07-25 11:34:52,852 - DEBUG: TX: 10ab00000100070008000000c15900010b
2019-07-25 11:34:52,858 - DEBUG: RX: 0784ab0001000000
2019-07-25 11:34:52,858 - DEBUG: Sending opcode: c15900, data: 000c
2019-07-25 11:34:52,858 - DEBUG: parsed_packet {event: CmdRsp, data: {'opcode': 171, 'status': 0, 'data': bytearray(b'\x01\x00\x00\x00')}}
2019-07-25 11:34:52,859 - DEBUG: Writing: 171 bytearray(b'\x00\x00\x01\x00\t\x00\x08\x00\x00\x00\xc1Y\x00\x00\x0c')
2019-07-25 11:34:52,859 - DEBUG: TX: 10ab00000100090008000000c15900000c
2019-07-25 11:34:52,859 - INFO: PacketSend: {'token': 1}
2019-07-25 11:34:52,865 - DEBUG: RX: 0784ab0002000000
2019-07-25 11:34:52,865 - DEBUG: parsed_packet {event: CmdRsp, data: {'opcode': 171, 'status': 0, 'data': bytearray(b'\x02\x00\x00\x00')}}
2019-07-25 11:34:52,865 - INFO: PacketSend: {'token': 2}
2019-07-25 11:34:52,874 - DEBUG: RX: 05d201000000
2019-07-25 11:34:52,874 - DEBUG: parsed_packet {event: MeshTxComplete, data: {'token': 1}}
2019-07-25 11:34:52,875 - INFO: {event: MeshTxComplete, data: {'token': 1}}
2019-07-25 11:34:52,882 - DEBUG: RX: 18d016000100000000007f01c8639509c2c2d90400c4590001
2019-07-25 11:34:52,882 - DEBUG: parsed_packet {event: MeshMessageReceivedUnicast, data: {'src': 22, 'dst': 1, 'appkey_handle': 0, 'subnet_handle': 0, 'ttl': 127, 'adv_addr_type': 1, 'adv_addr': bytearray(b'\xc8c\x95\t\xc2\xc2'), 'rssi': -39, 'actual_length': 4, 'data': bytearray(b'\xc4Y\x00\x01')}}
2019-07-25 11:34:52,883 - INFO: {event: MeshMessageReceivedUnicast, data: {'src': 22, 'dst': 1, 'appkey_handle': 0, 'subnet_handle': 0, 'ttl': 127, 'adv_addr_type': 1, 'adv_addr': bytearray(b'\xc8c\x95\t\xc2\xc2'), 'rssi': -39, 'actual_length': 4, 'data': bytearray(b'\xc4\x00Y\x01')}}
2019-07-25 11:34:52,898 - DEBUG: RX: 05d202000000
2019-07-25 11:34:52,899 - DEBUG: parsed_packet {event: MeshTxComplete, data: {'token': 2}}
2019-07-25 11:34:52,899 - INFO: {event: MeshTxComplete, data: {'token': 2}}
2019-07-25 11:34:52,912 - DEBUG: RX: 18d018000100000000007f01c8639509c2c2d90400c4590000
2019-07-25 11:34:52,913 - DEBUG: parsed_packet {event: MeshMessageReceivedUnicast, data: {'src': 24, 'dst': 1, 'appkey_handle': 0, 'subnet_handle': 0, 'ttl': 127, 'adv_addr_type': 1, 'adv_addr': bytearray(b'\xc8c\x95\t\xc2\xc2'), 'rssi': -39, 'actual_length': 4, 'data': bytearray(b'\xc4Y\x00\x00')}}
2019-07-25 11:34:52,913 - INFO: {event: MeshMessageReceivedUnicast, data: {'src': 24, 'dst': 1, 'appkey_handle': 0, 'subnet_handle': 0, 'ttl': 127, 'adv_addr_type': 1, 'adv_addr': bytearray(b'\xc8c\x95\t\xc2\xc2'), 'rssi': -39, 'actual_length': 4, 'data': bytearray(b'\xc4\x00Y\x00')}}
