2019-07-22 19:13:31,348 - DEBUG - tty.usbmodem0006822145041: Writing: 14 bytearray(b'')
2019-07-22 19:13:31,354 - DEBUG - tty.usbmodem0006822145041: TX: 010e
2019-07-22 19:13:31,773 - DEBUG - tty.usbmodem0006822145041: RX: 04810200fe
2019-07-22 19:13:31,773 - DEBUG - tty.usbmodem0006822145041: parsed_packet {event: DeviceStarted, data: {'operating_mode': 2, 'hw_error': 0, 'data_credit_available': 254}}
2019-07-22 19:13:31,774 - INFO - tty.usbmodem0006822145041: Device rebooted.
2019-07-22 19:13:31,886 - DEBUG - tty.usbmodem0006822145041: Writing: 105 bytearray(b"v\xc6\x88s\xa4\xbe\xd7N\x9e\xcc#]\xcf\xe6se\x91R\x04\xe3\xe8]$\x94\x96$\xe8}% \xb6q:\xa4C\x1b\x11\xe4w\x90\xe1\xeb\xe0\xd0\x8e!\x9b\xdf\xb1\x17}\'\xf1\t\x93w\xb9\xfd\xe3#\xab\xc2\xa0\x8e\x05\xb4\x05\x17\xff\x1f%\xb0\x0cuW\xc06%\x81\xe1\xe2\x1d{QE\xce\xe2\xf5\x1c\xda\x99H;8_\xc6")
2019-07-22 19:13:31,889 - DEBUG - tty.usbmodem0006822145041: TX: 616976c68873a4bed74e9ecc235dcfe67365915204e3e85d24949624e87d2520b6713aa4431b11e47790e1ebe0d08e219bdfb1177d27f1099377b9fde323abc2a08e05b40517ff1f25b00c7557c0362581e1e21d7b5145cee2f51cda99483b385fc6
2019-07-22 19:13:31,910 - INFO - tty.usbmodem0006822145041: 

2019-07-22 19:13:31,910 - INFO - tty.usbmodem0006822145041: Sending next message
2019-07-22 19:13:31,911 - DEBUG - tty.usbmodem0006822145041: RX: 03845384
2019-07-22 19:13:31,911 - DEBUG - tty.usbmodem0006822145041: parsed_packet {event: CmdRsp, data: {'opcode': 83, 'status': 132, 'data': bytearray(b'')}}
2019-07-22 19:13:31,911 - ERROR - tty.usbmodem0006822145041: None: ERROR_INVALID_LENGTH
2019-07-22 19:13:31,911 - DEBUG - tty.usbmodem0006822145041: Writing: 159 bytearray(b'\x01\x00\x01\x00')
2019-07-22 19:13:31,911 - DEBUG - tty.usbmodem0006822145041: TX: 059f01000100
2019-07-22 19:13:31,912 - DEBUG - tty.usbmodem0006822145041: RX: 03840084
2019-07-22 19:13:31,912 - DEBUG - tty.usbmodem0006822145041: parsed_packet {event: CmdRsp, data: {'opcode': 0, 'status': 132, 'data': bytearray(b'')}}
2019-07-22 19:13:31,912 - ERROR - tty.usbmodem0006822145041: None: ERROR_INVALID_LENGTH
2019-07-22 19:13:31,912 - DEBUG - tty.usbmodem0006822145041: Writing: 146 bytearray(b'\x00\x00\x18\xee\xd9\xc2\xa5j\xdd\x85\x04\x9f\xfc<Y\xad\x0e\x12')
2019-07-22 19:13:31,913 - DEBUG - tty.usbmodem0006822145041: TX: 1392000018eed9c2a56add85049ffc3c59ad0e12
2019-07-22 19:13:31,913 - DEBUG - tty.usbmodem0006822145041: RX: 03840084
2019-07-22 19:13:31,913 - DEBUG - tty.usbmodem0006822145041: parsed_packet {event: CmdRsp, data: {'opcode': 0, 'status': 132, 'data': bytearray(b'')}}
2019-07-22 19:13:31,913 - ERROR - tty.usbmodem0006822145041: None: ERROR_INVALID_LENGTH
2019-07-22 19:13:31,914 - DEBUG - tty.usbmodem0006822145041: Writing: 151 bytearray(b'\x00\x00\x00\x00Oh\xad\x85\xd9\xf4\x8a\xc8X\x9d\xf6e\xb6\xb4\x9b\x8a')
2019-07-22 19:13:31,915 - DEBUG - tty.usbmodem0006822145041: TX: 1597000000004f68ad85d9f48ac8589df665b6b49b8a
2019-07-22 19:13:31,915 - DEBUG - tty.usbmodem0006822145041: RX: 03840084
2019-07-22 19:13:31,916 - DEBUG - tty.usbmodem0006822145041: parsed_packet {event: CmdRsp, data: {'opcode': 0, 'status': 132, 'data': bytearray(b'')}}
2019-07-22 19:13:31,916 - ERROR - tty.usbmodem0006822145041: None: ERROR_INVALID_LENGTH
2019-07-22 19:13:31,916 - DEBUG - tty.usbmodem0006822145041: Writing: 151 bytearray(b'\x01\x00\x00\x00*\xa2\xa6\xde\xd5\xa0y\x8c\xea\xb5x|\xa3\xae9\xfc')
2019-07-22 19:13:31,916 - DEBUG - tty.usbmodem0006822145041: TX: 1597010000002aa2a6ded5a0798ceab5787ca3ae39fc
2019-07-22 19:13:31,916 - DEBUG - tty.usbmodem0006822145041: RX: 03840084
2019-07-22 19:13:31,917 - DEBUG - tty.usbmodem0006822145041: parsed_packet {event: CmdRsp, data: {'opcode': 0, 'status': 132, 'data': bytearray(b'')}}
2019-07-22 19:13:31,917 - ERROR - tty.usbmodem0006822145041: None: ERROR_INVALID_LENGTH
2019-07-22 19:13:31,917 - DEBUG - tty.usbmodem0006822145041: Writing: 164 bytearray(b'\x10\x00')
2019-07-22 19:13:31,917 - DEBUG - tty.usbmodem0006822145041: RX: 03840084
2019-07-22 19:13:31,927 - DEBUG - tty.usbmodem0006822145041: TX: 03a41000
2019-07-22 19:13:31,927 - DEBUG - tty.usbmodem0006822145041: parsed_packet {event: CmdRsp, data: {'opcode': 0, 'status': 132, 'data': bytearray(b'')}}
2019-07-22 19:13:31,928 - ERROR - tty.usbmodem0006822145041: None: ERROR_INVALID_LENGTH
2019-07-22 19:13:31,928 - DEBUG - tty.usbmodem0006822145041: RX: 03840084
2019-07-22 19:13:31,928 - DEBUG - tty.usbmodem0006822145041: parsed_packet {event: CmdRsp, data: {'opcode': 0, 'status': 132, 'data': bytearray(b'')}}
2019-07-22 19:13:31,929 - ERROR - tty.usbmodem0006822145041: None: ERROR_INVALID_LENGTH
2019-07-22 19:13:31,929 - DEBUG - tty.usbmodem0006822145041: RX: 03840084
2019-07-22 19:13:31,929 - DEBUG - tty.usbmodem0006822145041: parsed_packet {event: CmdRsp, data: {'opcode': 0, 'status': 132, 'data': bytearray(b'')}}
2019-07-22 19:13:31,929 - ERROR - tty.usbmodem0006822145041: None: ERROR_INVALID_LENGTH
2019-07-22 19:13:31,929 - DEBUG - tty.usbmodem0006822145041: RX: 03840084
2019-07-22 19:13:31,929 - DEBUG - tty.usbmodem0006822145041: parsed_packet {event: CmdRsp, data: {'opcode': 0, 'status': 132, 'data': bytearray(b'')}}
2019-07-22 19:13:31,930 - ERROR - tty.usbmodem0006822145041: None: ERROR_INVALID_LENGTH
2019-07-22 19:13:31,930 - DEBUG - tty.usbmodem0006822145041: RX: 03840084
2019-07-22 19:13:31,930 - DEBUG - tty.usbmodem0006822145041: parsed_packet {event: CmdRsp, data: {'opcode': 0, 'status': 132, 'data': bytearray(b'')}}
2019-07-22 19:13:31,930 - ERROR - tty.usbmodem0006822145041: None: ERROR_INVALID_LENGTH
2019-07-22 19:13:31,931 - DEBUG - tty.usbmodem0006822145041: RX: 03840084
2019-07-22 19:13:31,931 - DEBUG - tty.usbmodem0006822145041: parsed_packet {event: CmdRsp, data: {'opcode': 0, 'status': 132, 'data': bytearray(b'')}}
2019-07-22 19:13:31,931 - ERROR - tty.usbmodem0006822145041: None: ERROR_INVALID_LENGTH
2019-07-22 19:13:31,931 - DEBUG - tty.usbmodem0006822145041: RX: 03840084
2019-07-22 19:13:31,932 - DEBUG - tty.usbmodem0006822145041: parsed_packet {event: CmdRsp, data: {'opcode': 0, 'status': 132, 'data': bytearray(b'')}}
2019-07-22 19:13:31,932 - ERROR - tty.usbmodem0006822145041: None: ERROR_INVALID_LENGTH
2019-07-22 19:13:31,932 - DEBUG - tty.usbmodem0006822145041: RX: 03840084
2019-07-22 19:13:31,932 - DEBUG - tty.usbmodem0006822145041: parsed_packet {event: CmdRsp, data: {'opcode': 0, 'status': 132, 'data': bytearray(b'')}}
2019-07-22 19:13:31,932 - ERROR - tty.usbmodem0006822145041: None: ERROR_INVALID_LENGTH
2019-07-22 19:13:31,932 - DEBUG - tty.usbmodem0006822145041: RX: 03849f00
2019-07-22 19:13:31,932 - DEBUG - tty.usbmodem0006822145041: parsed_packet {event: CmdRsp, data: {'opcode': 159, 'status': 0, 'data': bytearray(b'')}}
2019-07-22 19:13:31,932 - INFO - tty.usbmodem0006822145041: Success
2019-07-22 19:13:31,943 - DEBUG - tty.usbmodem0006822145041: RX: 058492000000
2019-07-22 19:13:31,944 - DEBUG - tty.usbmodem0006822145041: parsed_packet {event: CmdRsp, data: {'opcode': 146, 'status': 0, 'data': bytearray(b'\x00\x00')}}
2019-07-22 19:13:31,944 - INFO - tty.usbmodem0006822145041: SubnetAdd: {'subnet_handle': 0}
2019-07-22 19:13:31,944 - DEBUG - tty.usbmodem0006822145041: RX: 058497000000
2019-07-22 19:13:31,945 - DEBUG - tty.usbmodem0006822145041: parsed_packet {event: CmdRsp, data: {'opcode': 151, 'status': 0, 'data': bytearray(b'\x00\x00')}}
2019-07-22 19:13:31,945 - INFO - tty.usbmodem0006822145041: AppkeyAdd: {'appkey_handle': 0}
2019-07-22 19:13:31,945 - DEBUG - tty.usbmodem0006822145041: RX: 058497000100
2019-07-22 19:13:31,945 - DEBUG - tty.usbmodem0006822145041: parsed_packet {event: CmdRsp, data: {'opcode': 151, 'status': 0, 'data': bytearray(b'\x01\x00')}}
2019-07-22 19:13:31,945 - INFO - tty.usbmodem0006822145041: AppkeyAdd: {'appkey_handle': 1}
2019-07-22 19:13:31,946 - DEBUG - tty.usbmodem0006822145041: RX: 0584a4000000
2019-07-22 19:13:31,946 - DEBUG - tty.usbmodem0006822145041: parsed_packet {event: CmdRsp, data: {'opcode': 164, 'status': 0, 'data': bytearray(b'\x00\x00')}}
2019-07-22 19:13:31,946 - INFO - tty.usbmodem0006822145041: AddrPublicationAdd: {'address_handle': 0}
2019-07-22 19:13:31,958 - INFO - tty.usbmodem0006822145041: 

2019-07-22 19:13:31,959 - INFO - tty.usbmodem0006822145041: Sending next message
2019-07-22 19:13:31,959 - DEBUG - tty.usbmodem0006822145041: Writing: 161 bytearray(b'\x01\xc0')
2019-07-22 19:13:31,959 - DEBUG - tty.usbmodem0006822145041: TX: 03a101c0
2019-07-22 19:13:31,961 - DEBUG - tty.usbmodem0006822145041: RX: 0584a1000100
2019-07-22 19:13:31,961 - DEBUG - tty.usbmodem0006822145041: parsed_packet {event: CmdRsp, data: {'opcode': 161, 'status': 0, 'data': bytearray(b'\x01\x00')}}
2019-07-22 19:13:31,961 - INFO - tty.usbmodem0006822145041: AddrSubscriptionAdd: {'address_handle': 1}
2019-07-22 19:13:31,974 - INFO - tty.usbmodem0006822145041: 

2019-07-22 19:13:31,975 - INFO - tty.usbmodem0006822145041: Sending next message
2019-07-22 19:13:31,975 - DEBUG - tty.usbmodem0006822145041: Writing: 164 bytearray(b'\x11\x00')
2019-07-22 19:13:31,975 - DEBUG - tty.usbmodem0006822145041: TX: 03a41100
2019-07-22 19:13:31,977 - DEBUG - tty.usbmodem0006822145041: RX: 0584a4000200
2019-07-22 19:13:31,977 - DEBUG - tty.usbmodem0006822145041: parsed_packet {event: CmdRsp, data: {'opcode': 164, 'status': 0, 'data': bytearray(b'\x02\x00')}}
2019-07-22 19:13:31,977 - INFO - tty.usbmodem0006822145041: AddrPublicationAdd: {'address_handle': 2}
2019-07-22 19:13:31,990 - INFO - tty.usbmodem0006822145041: 

2019-07-22 19:13:31,990 - INFO - tty.usbmodem0006822145041: Sending next message
2019-07-22 19:13:31,990 - DEBUG - tty.usbmodem0006822145041: Writing: 164 bytearray(b'\x12\x00')
2019-07-22 19:13:31,990 - DEBUG - tty.usbmodem0006822145041: TX: 03a41200
2019-07-22 19:13:31,993 - DEBUG - tty.usbmodem0006822145041: RX: 0584a4000300
2019-07-22 19:13:31,994 - DEBUG - tty.usbmodem0006822145041: parsed_packet {event: CmdRsp, data: {'opcode': 164, 'status': 0, 'data': bytearray(b'\x03\x00')}}
2019-07-22 19:13:31,994 - INFO - tty.usbmodem0006822145041: AddrPublicationAdd: {'address_handle': 3}
2019-07-22 19:13:32,008 - INFO - tty.usbmodem0006822145041: 

2019-07-22 19:13:32,009 - INFO - tty.usbmodem0006822145041: Sending next message
2019-07-22 19:13:32,009 - DEBUG - tty.usbmodem0006822145041: Writing: 164 bytearray(b'\x13\x00')
2019-07-22 19:13:32,009 - DEBUG - tty.usbmodem0006822145041: TX: 03a41300
2019-07-22 19:13:32,011 - DEBUG - tty.usbmodem0006822145041: RX: 0584a4000400
2019-07-22 19:13:32,011 - DEBUG - tty.usbmodem0006822145041: parsed_packet {event: CmdRsp, data: {'opcode': 164, 'status': 0, 'data': bytearray(b'\x04\x00')}}
2019-07-22 19:13:32,011 - INFO - tty.usbmodem0006822145041: AddrPublicationAdd: {'address_handle': 4}
2019-07-22 19:13:32,026 - INFO - tty.usbmodem0006822145041: 

2019-07-22 19:13:32,026 - INFO - tty.usbmodem0006822145041: Sending next message
2019-07-22 19:13:32,026 - DEBUG - tty.usbmodem0006822145041: Writing: 164 bytearray(b'\x14\x00')
2019-07-22 19:13:32,026 - DEBUG - tty.usbmodem0006822145041: TX: 03a41400
2019-07-22 19:13:32,029 - DEBUG - tty.usbmodem0006822145041: RX: 0584a4000500
2019-07-22 19:13:32,029 - DEBUG - tty.usbmodem0006822145041: parsed_packet {event: CmdRsp, data: {'opcode': 164, 'status': 0, 'data': bytearray(b'\x05\x00')}}
2019-07-22 19:13:32,029 - INFO - tty.usbmodem0006822145041: AddrPublicationAdd: {'address_handle': 5}
2019-07-22 19:13:32,043 - INFO - tty.usbmodem0006822145041: 

2019-07-22 19:13:32,043 - INFO - tty.usbmodem0006822145041: Sending next message
2019-07-22 19:13:32,044 - DEBUG - tty.usbmodem0006822145041: Writing: 164 bytearray(b'\x15\x00')
2019-07-22 19:13:32,044 - DEBUG - tty.usbmodem0006822145041: TX: 03a41500
2019-07-22 19:13:32,046 - DEBUG - tty.usbmodem0006822145041: RX: 0584a4000600
2019-07-22 19:13:32,046 - DEBUG - tty.usbmodem0006822145041: parsed_packet {event: CmdRsp, data: {'opcode': 164, 'status': 0, 'data': bytearray(b'\x06\x00')}}
2019-07-22 19:13:32,046 - INFO - tty.usbmodem0006822145041: AddrPublicationAdd: {'address_handle': 6}
2019-07-22 19:13:32,059 - INFO - tty.usbmodem0006822145041: 

2019-07-22 19:13:32,060 - INFO - tty.usbmodem0006822145041: Sending next message
2019-07-22 19:13:32,060 - DEBUG - tty.usbmodem0006822145041: Writing: 164 bytearray(b'\x16\x00')
2019-07-22 19:13:32,060 - DEBUG - tty.usbmodem0006822145041: TX: 03a41600
2019-07-22 19:13:32,063 - DEBUG - tty.usbmodem0006822145041: RX: 0584a4000700
2019-07-22 19:13:32,063 - DEBUG - tty.usbmodem0006822145041: parsed_packet {event: CmdRsp, data: {'opcode': 164, 'status': 0, 'data': bytearray(b'\x07\x00')}}
2019-07-22 19:13:32,063 - INFO - tty.usbmodem0006822145041: AddrPublicationAdd: {'address_handle': 7}
2019-07-22 19:13:32,077 - INFO - tty.usbmodem0006822145041: 

2019-07-22 19:13:32,077 - INFO - tty.usbmodem0006822145041: Sending next message
2019-07-22 19:13:32,078 - DEBUG - tty.usbmodem0006822145041: Writing: 164 bytearray(b'\x17\x00')
2019-07-22 19:13:32,078 - DEBUG - tty.usbmodem0006822145041: TX: 03a41700
2019-07-22 19:13:32,080 - DEBUG - tty.usbmodem0006822145041: RX: 0584a4000800
2019-07-22 19:13:32,080 - DEBUG - tty.usbmodem0006822145041: parsed_packet {event: CmdRsp, data: {'opcode': 164, 'status': 0, 'data': bytearray(b'\x08\x00')}}
2019-07-22 19:13:32,080 - INFO - tty.usbmodem0006822145041: AddrPublicationAdd: {'address_handle': 8}
2019-07-22 19:13:32,094 - INFO - tty.usbmodem0006822145041: 

2019-07-22 19:13:32,094 - INFO - tty.usbmodem0006822145041: Sending next message
2019-07-22 19:13:32,095 - DEBUG - tty.usbmodem0006822145041: Writing: 164 bytearray(b'\x18\x00')
2019-07-22 19:13:32,095 - DEBUG - tty.usbmodem0006822145041: TX: 03a41800
2019-07-22 19:13:32,097 - DEBUG - tty.usbmodem0006822145041: RX: 0584a4000900
2019-07-22 19:13:32,097 - DEBUG - tty.usbmodem0006822145041: parsed_packet {event: CmdRsp, data: {'opcode': 164, 'status': 0, 'data': bytearray(b'\t\x00')}}
2019-07-22 19:13:32,097 - INFO - tty.usbmodem0006822145041: AddrPublicationAdd: {'address_handle': 9}
2019-07-22 19:13:32,111 - INFO - tty.usbmodem0006822145041: 

2019-07-22 19:13:32,111 - INFO - tty.usbmodem0006822145041: Sending next message
2019-07-22 19:13:32,111 - DEBUG - tty.usbmodem0006822145041: Writing: 164 bytearray(b'\x19\x00')
2019-07-22 19:13:32,112 - DEBUG - tty.usbmodem0006822145041: TX: 03a41900
2019-07-22 19:13:32,114 - DEBUG - tty.usbmodem0006822145041: RX: 0584a4000a00
2019-07-22 19:13:32,114 - DEBUG - tty.usbmodem0006822145041: parsed_packet {event: CmdRsp, data: {'opcode': 164, 'status': 0, 'data': bytearray(b'\n\x00')}}
2019-07-22 19:13:32,114 - INFO - tty.usbmodem0006822145041: AddrPublicationAdd: {'address_handle': 10}
2019-07-22 19:13:32,128 - INFO - tty.usbmodem0006822145041: 

2019-07-22 19:13:32,128 - INFO - tty.usbmodem0006822145041: Sending next message
2019-07-22 19:13:32,128 - DEBUG - tty.usbmodem0006822145041: Writing: 164 bytearray(b'\x1a\x00')
2019-07-22 19:13:32,129 - DEBUG - tty.usbmodem0006822145041: TX: 03a41a00
2019-07-22 19:13:32,131 - DEBUG - tty.usbmodem0006822145041: RX: 0584a4000b00
2019-07-22 19:13:32,131 - DEBUG - tty.usbmodem0006822145041: parsed_packet {event: CmdRsp, data: {'opcode': 164, 'status': 0, 'data': bytearray(b'\x0b\x00')}}
2019-07-22 19:13:32,131 - INFO - tty.usbmodem0006822145041: AddrPublicationAdd: {'address_handle': 11}
2019-07-22 19:13:32,145 - INFO - tty.usbmodem0006822145041: 

2019-07-22 19:13:32,145 - INFO - tty.usbmodem0006822145041: Sending next message
2019-07-22 19:13:32,145 - DEBUG - tty.usbmodem0006822145041: Writing: 164 bytearray(b'\x1b\x00')
2019-07-22 19:13:32,145 - DEBUG - tty.usbmodem0006822145041: TX: 03a41b00
2019-07-22 19:13:32,148 - DEBUG - tty.usbmodem0006822145041: RX: 0584a4000c00
2019-07-22 19:13:32,148 - DEBUG - tty.usbmodem0006822145041: parsed_packet {event: CmdRsp, data: {'opcode': 164, 'status': 0, 'data': bytearray(b'\x0c\x00')}}
2019-07-22 19:13:32,148 - INFO - tty.usbmodem0006822145041: AddrPublicationAdd: {'address_handle': 12}
2019-07-22 19:13:32,162 - INFO - tty.usbmodem0006822145041: 

2019-07-22 19:13:32,163 - INFO - tty.usbmodem0006822145041: Sending next message
2019-07-22 19:13:32,163 - DEBUG - tty.usbmodem0006822145041: Writing: 164 bytearray(b'\x1c\x00')
2019-07-22 19:13:32,163 - DEBUG - tty.usbmodem0006822145041: TX: 03a41c00
2019-07-22 19:13:32,165 - DEBUG - tty.usbmodem0006822145041: RX: 0584a4000d00
2019-07-22 19:13:32,165 - DEBUG - tty.usbmodem0006822145041: parsed_packet {event: CmdRsp, data: {'opcode': 164, 'status': 0, 'data': bytearray(b'\r\x00')}}
2019-07-22 19:13:32,165 - INFO - tty.usbmodem0006822145041: AddrPublicationAdd: {'address_handle': 13}
2019-07-22 19:13:32,178 - INFO - tty.usbmodem0006822145041: 

2019-07-22 19:13:32,178 - INFO - tty.usbmodem0006822145041: Sending next message
2019-07-22 19:13:32,178 - DEBUG - tty.usbmodem0006822145041: Writing: 164 bytearray(b'\x1d\x00')
2019-07-22 19:13:32,179 - DEBUG - tty.usbmodem0006822145041: TX: 03a41d00
2019-07-22 19:13:32,181 - DEBUG - tty.usbmodem0006822145041: RX: 0584a4000e00
2019-07-22 19:13:32,181 - DEBUG - tty.usbmodem0006822145041: parsed_packet {event: CmdRsp, data: {'opcode': 164, 'status': 0, 'data': bytearray(b'\x0e\x00')}}
2019-07-22 19:13:32,181 - INFO - tty.usbmodem0006822145041: AddrPublicationAdd: {'address_handle': 14}
2019-07-22 19:13:32,195 - INFO - tty.usbmodem0006822145041: 

2019-07-22 19:13:32,196 - INFO - tty.usbmodem0006822145041: Sending next message
2019-07-22 19:13:32,196 - DEBUG - tty.usbmodem0006822145041: Writing: 164 bytearray(b'\x1e\x00')
2019-07-22 19:13:32,196 - DEBUG - tty.usbmodem0006822145041: TX: 03a41e00
2019-07-22 19:13:32,198 - DEBUG - tty.usbmodem0006822145041: RX: 0584a4000f00
2019-07-22 19:13:32,198 - DEBUG - tty.usbmodem0006822145041: parsed_packet {event: CmdRsp, data: {'opcode': 164, 'status': 0, 'data': bytearray(b'\x0f\x00')}}
2019-07-22 19:13:32,198 - INFO - tty.usbmodem0006822145041: AddrPublicationAdd: {'address_handle': 15}
2019-07-22 19:13:32,213 - INFO - tty.usbmodem0006822145041: 

2019-07-22 19:13:32,214 - INFO - tty.usbmodem0006822145041: Sending next message
2019-07-22 19:13:32,214 - DEBUG - tty.usbmodem0006822145041: Writing: 164 bytearray(b'\x1f\x00')
2019-07-22 19:13:32,214 - DEBUG - tty.usbmodem0006822145041: TX: 03a41f00
2019-07-22 19:13:32,216 - DEBUG - tty.usbmodem0006822145041: RX: 0584a4001000
2019-07-22 19:13:32,216 - DEBUG - tty.usbmodem0006822145041: parsed_packet {event: CmdRsp, data: {'opcode': 164, 'status': 0, 'data': bytearray(b'\x10\x00')}}
2019-07-22 19:13:32,216 - INFO - tty.usbmodem0006822145041: AddrPublicationAdd: {'address_handle': 16}
2019-07-22 19:13:32,232 - INFO - tty.usbmodem0006822145041: 

2019-07-22 19:13:32,232 - INFO - tty.usbmodem0006822145041: Sending next message
2019-07-22 19:13:32,232 - DEBUG - tty.usbmodem0006822145041: Writing: 164 bytearray(b' \x00')
2019-07-22 19:13:32,232 - DEBUG - tty.usbmodem0006822145041: TX: 03a42000
2019-07-22 19:13:32,235 - DEBUG - tty.usbmodem0006822145041: RX: 0584a4001100
2019-07-22 19:13:32,235 - DEBUG - tty.usbmodem0006822145041: parsed_packet {event: CmdRsp, data: {'opcode': 164, 'status': 0, 'data': bytearray(b'\x11\x00')}}
2019-07-22 19:13:32,235 - INFO - tty.usbmodem0006822145041: AddrPublicationAdd: {'address_handle': 17}
2019-07-22 19:13:32,250 - INFO - tty.usbmodem0006822145041: 

2019-07-22 19:13:32,250 - INFO - tty.usbmodem0006822145041: Sending next message
2019-07-22 19:13:32,250 - DEBUG - tty.usbmodem0006822145041: Writing: 164 bytearray(b'!\x00')
2019-07-22 19:13:32,251 - DEBUG - tty.usbmodem0006822145041: TX: 03a42100
2019-07-22 19:13:32,253 - DEBUG - tty.usbmodem0006822145041: RX: 0584a4001200
2019-07-22 19:13:32,253 - DEBUG - tty.usbmodem0006822145041: parsed_packet {event: CmdRsp, data: {'opcode': 164, 'status': 0, 'data': bytearray(b'\x12\x00')}}
2019-07-22 19:13:32,253 - INFO - tty.usbmodem0006822145041: AddrPublicationAdd: {'address_handle': 18}
2019-07-22 19:13:32,267 - INFO - tty.usbmodem0006822145041: 

2019-07-22 19:13:32,268 - INFO - tty.usbmodem0006822145041: Sending next message
2019-07-22 19:13:32,268 - DEBUG - tty.usbmodem0006822145041: Writing: 164 bytearray(b'"\x00')
2019-07-22 19:13:32,268 - DEBUG - tty.usbmodem0006822145041: TX: 03a42200
2019-07-22 19:13:32,271 - DEBUG - tty.usbmodem0006822145041: RX: 0584a4001300
2019-07-22 19:13:32,271 - DEBUG - tty.usbmodem0006822145041: parsed_packet {event: CmdRsp, data: {'opcode': 164, 'status': 0, 'data': bytearray(b'\x13\x00')}}
2019-07-22 19:13:32,271 - INFO - tty.usbmodem0006822145041: AddrPublicationAdd: {'address_handle': 19}
2019-07-22 19:13:32,286 - INFO - tty.usbmodem0006822145041: 

2019-07-22 19:13:32,287 - INFO - tty.usbmodem0006822145041: Sending next message
2019-07-22 19:13:32,287 - DEBUG - tty.usbmodem0006822145041: Writing: 164 bytearray(b'#\x00')
2019-07-22 19:13:32,287 - DEBUG - tty.usbmodem0006822145041: TX: 03a42300
2019-07-22 19:13:32,289 - DEBUG - tty.usbmodem0006822145041: RX: 0584a4001400
2019-07-22 19:13:32,290 - DEBUG - tty.usbmodem0006822145041: parsed_packet {event: CmdRsp, data: {'opcode': 164, 'status': 0, 'data': bytearray(b'\x14\x00')}}
2019-07-22 19:13:32,290 - INFO - tty.usbmodem0006822145041: AddrPublicationAdd: {'address_handle': 20}
2019-07-22 19:13:32,306 - INFO - tty.usbmodem0006822145041: 

2019-07-22 19:13:32,306 - INFO - tty.usbmodem0006822145041: Sending next message
2019-07-22 19:13:32,306 - DEBUG - tty.usbmodem0006822145041: Writing: 164 bytearray(b'$\x00')
2019-07-22 19:13:32,306 - DEBUG - tty.usbmodem0006822145041: TX: 03a42400
2019-07-22 19:13:32,309 - DEBUG - tty.usbmodem0006822145041: RX: 0584a4001500
2019-07-22 19:13:32,309 - DEBUG - tty.usbmodem0006822145041: parsed_packet {event: CmdRsp, data: {'opcode': 164, 'status': 0, 'data': bytearray(b'\x15\x00')}}
2019-07-22 19:13:32,310 - INFO - tty.usbmodem0006822145041: AddrPublicationAdd: {'address_handle': 21}
2019-07-22 19:13:32,323 - INFO - tty.usbmodem0006822145041: 

2019-07-22 19:13:32,323 - INFO - tty.usbmodem0006822145041: Sending next message
2019-07-22 19:13:32,323 - DEBUG - tty.usbmodem0006822145041: Writing: 164 bytearray(b'%\x00')
2019-07-22 19:13:32,323 - DEBUG - tty.usbmodem0006822145041: TX: 03a42500
2019-07-22 19:13:32,326 - DEBUG - tty.usbmodem0006822145041: RX: 0584a4001600
2019-07-22 19:13:32,326 - DEBUG - tty.usbmodem0006822145041: parsed_packet {event: CmdRsp, data: {'opcode': 164, 'status': 0, 'data': bytearray(b'\x16\x00')}}
2019-07-22 19:13:32,326 - INFO - tty.usbmodem0006822145041: AddrPublicationAdd: {'address_handle': 22}
2019-07-22 19:13:32,340 - INFO - tty.usbmodem0006822145041: 

2019-07-22 19:13:32,340 - INFO - tty.usbmodem0006822145041: Sending next message
2019-07-22 19:13:32,340 - DEBUG - tty.usbmodem0006822145041: Writing: 164 bytearray(b'&\x00')
2019-07-22 19:13:32,341 - DEBUG - tty.usbmodem0006822145041: TX: 03a42600
2019-07-22 19:13:32,343 - DEBUG - tty.usbmodem0006822145041: RX: 0584a4001700
2019-07-22 19:13:32,343 - DEBUG - tty.usbmodem0006822145041: parsed_packet {event: CmdRsp, data: {'opcode': 164, 'status': 0, 'data': bytearray(b'\x17\x00')}}
2019-07-22 19:13:32,343 - INFO - tty.usbmodem0006822145041: AddrPublicationAdd: {'address_handle': 23}
2019-07-22 19:13:32,359 - INFO - tty.usbmodem0006822145041: 

2019-07-22 19:13:32,360 - INFO - tty.usbmodem0006822145041: Sending next message
2019-07-22 19:13:32,361 - DEBUG - tty.usbmodem0006822145041: Writing: 164 bytearray(b"\'\x00")
2019-07-22 19:13:32,361 - DEBUG - tty.usbmodem0006822145041: TX: 03a42700
2019-07-22 19:13:32,363 - DEBUG - tty.usbmodem0006822145041: RX: 0584a4001800
2019-07-22 19:13:32,363 - DEBUG - tty.usbmodem0006822145041: parsed_packet {event: CmdRsp, data: {'opcode': 164, 'status': 0, 'data': bytearray(b'\x18\x00')}}
2019-07-22 19:13:32,363 - INFO - tty.usbmodem0006822145041: AddrPublicationAdd: {'address_handle': 24}
2019-07-22 19:13:32,379 - INFO - tty.usbmodem0006822145041: 

2019-07-22 19:13:32,379 - INFO - tty.usbmodem0006822145041: Sending next message
2019-07-22 19:13:32,379 - DEBUG - tty.usbmodem0006822145041: Writing: 164 bytearray(b'(\x00')
2019-07-22 19:13:32,379 - DEBUG - tty.usbmodem0006822145041: TX: 03a42800
2019-07-22 19:13:32,382 - DEBUG - tty.usbmodem0006822145041: RX: 0584a4001900
2019-07-22 19:13:32,382 - DEBUG - tty.usbmodem0006822145041: parsed_packet {event: CmdRsp, data: {'opcode': 164, 'status': 0, 'data': bytearray(b'\x19\x00')}}
2019-07-22 19:13:32,382 - INFO - tty.usbmodem0006822145041: AddrPublicationAdd: {'address_handle': 25}
2019-07-22 19:13:32,397 - INFO - tty.usbmodem0006822145041: 

2019-07-22 19:13:32,397 - INFO - tty.usbmodem0006822145041: Sending next message
2019-07-22 19:13:32,397 - DEBUG - tty.usbmodem0006822145041: Writing: 164 bytearray(b')\x00')
2019-07-22 19:13:32,397 - DEBUG - tty.usbmodem0006822145041: TX: 03a42900
2019-07-22 19:13:32,399 - DEBUG - tty.usbmodem0006822145041: RX: 0584a4001a00
2019-07-22 19:13:32,399 - DEBUG - tty.usbmodem0006822145041: parsed_packet {event: CmdRsp, data: {'opcode': 164, 'status': 0, 'data': bytearray(b'\x1a\x00')}}
2019-07-22 19:13:32,399 - INFO - tty.usbmodem0006822145041: AddrPublicationAdd: {'address_handle': 26}
2019-07-22 19:13:32,414 - INFO - tty.usbmodem0006822145041: 

2019-07-22 19:13:32,415 - INFO - tty.usbmodem0006822145041: Sending next message
2019-07-22 19:13:32,415 - DEBUG - tty.usbmodem0006822145041: Writing: 164 bytearray(b'*\x00')
2019-07-22 19:13:32,415 - DEBUG - tty.usbmodem0006822145041: TX: 03a42a00
2019-07-22 19:13:32,417 - DEBUG - tty.usbmodem0006822145041: RX: 0584a4001b00
2019-07-22 19:13:32,417 - DEBUG - tty.usbmodem0006822145041: parsed_packet {event: CmdRsp, data: {'opcode': 164, 'status': 0, 'data': bytearray(b'\x1b\x00')}}
2019-07-22 19:13:32,417 - INFO - tty.usbmodem0006822145041: AddrPublicationAdd: {'address_handle': 27}
2019-07-22 19:13:32,432 - INFO - tty.usbmodem0006822145041: 

2019-07-22 19:13:32,432 - INFO - tty.usbmodem0006822145041: Sending next message
2019-07-22 19:13:32,432 - DEBUG - tty.usbmodem0006822145041: Writing: 164 bytearray(b'+\x00')
2019-07-22 19:13:32,432 - DEBUG - tty.usbmodem0006822145041: TX: 03a42b00
2019-07-22 19:13:32,434 - DEBUG - tty.usbmodem0006822145041: RX: 0584a4001c00
2019-07-22 19:13:32,435 - DEBUG - tty.usbmodem0006822145041: parsed_packet {event: CmdRsp, data: {'opcode': 164, 'status': 0, 'data': bytearray(b'\x1c\x00')}}
2019-07-22 19:13:32,435 - INFO - tty.usbmodem0006822145041: AddrPublicationAdd: {'address_handle': 28}
2019-07-22 19:13:32,450 - INFO - tty.usbmodem0006822145041: 

2019-07-22 19:13:32,450 - INFO - tty.usbmodem0006822145041: Sending next message
2019-07-22 19:13:32,450 - DEBUG - tty.usbmodem0006822145041: Writing: 164 bytearray(b',\x00')
2019-07-22 19:13:32,450 - DEBUG - tty.usbmodem0006822145041: TX: 03a42c00
2019-07-22 19:13:32,453 - DEBUG - tty.usbmodem0006822145041: RX: 0584a4001d00
2019-07-22 19:13:32,453 - DEBUG - tty.usbmodem0006822145041: parsed_packet {event: CmdRsp, data: {'opcode': 164, 'status': 0, 'data': bytearray(b'\x1d\x00')}}
2019-07-22 19:13:32,454 - INFO - tty.usbmodem0006822145041: AddrPublicationAdd: {'address_handle': 29}
2019-07-22 19:13:32,467 - INFO - tty.usbmodem0006822145041: 

2019-07-22 19:13:32,468 - INFO - tty.usbmodem0006822145041: Sending next message
2019-07-22 19:13:32,468 - DEBUG - tty.usbmodem0006822145041: Writing: 164 bytearray(b'-\x00')
2019-07-22 19:13:32,468 - DEBUG - tty.usbmodem0006822145041: TX: 03a42d00
2019-07-22 19:13:32,470 - DEBUG - tty.usbmodem0006822145041: RX: 0584a4001e00
2019-07-22 19:13:32,470 - DEBUG - tty.usbmodem0006822145041: parsed_packet {event: CmdRsp, data: {'opcode': 164, 'status': 0, 'data': bytearray(b'\x1e\x00')}}
2019-07-22 19:13:32,471 - INFO - tty.usbmodem0006822145041: AddrPublicationAdd: {'address_handle': 30}
2019-07-22 19:13:32,484 - INFO - tty.usbmodem0006822145041: 

2019-07-22 19:13:32,484 - INFO - tty.usbmodem0006822145041: Sending next message
2019-07-22 19:13:32,484 - DEBUG - tty.usbmodem0006822145041: Writing: 164 bytearray(b'.\x00')
2019-07-22 19:13:32,484 - DEBUG - tty.usbmodem0006822145041: TX: 03a42e00
2019-07-22 19:13:32,486 - DEBUG - tty.usbmodem0006822145041: RX: 0584a4001f00
2019-07-22 19:13:32,486 - DEBUG - tty.usbmodem0006822145041: parsed_packet {event: CmdRsp, data: {'opcode': 164, 'status': 0, 'data': bytearray(b'\x1f\x00')}}
2019-07-22 19:13:32,487 - INFO - tty.usbmodem0006822145041: AddrPublicationAdd: {'address_handle': 31}
2019-07-22 19:13:32,507 - INFO - tty.usbmodem0006822145041: 

2019-07-22 19:13:32,507 - INFO - tty.usbmodem0006822145041: Sending next message
2019-07-22 19:13:32,508 - DEBUG - tty.usbmodem0006822145041: Writing: 164 bytearray(b'/\x00')
2019-07-22 19:13:32,508 - DEBUG - tty.usbmodem0006822145041: TX: 03a42f00
2019-07-22 19:13:32,510 - DEBUG - tty.usbmodem0006822145041: RX: 0584a4002000
2019-07-22 19:13:32,510 - DEBUG - tty.usbmodem0006822145041: parsed_packet {event: CmdRsp, data: {'opcode': 164, 'status': 0, 'data': bytearray(b' \x00')}}
2019-07-22 19:13:32,511 - INFO - tty.usbmodem0006822145041: AddrPublicationAdd: {'address_handle': 32}
2019-07-22 19:13:32,526 - INFO - tty.usbmodem0006822145041: 

2019-07-22 19:13:32,526 - INFO - tty.usbmodem0006822145041: Sending next message
2019-07-22 19:13:32,527 - DEBUG - tty.usbmodem0006822145041: Writing: 164 bytearray(b'0\x00')
2019-07-22 19:13:32,527 - DEBUG - tty.usbmodem0006822145041: TX: 03a43000
2019-07-22 19:13:32,529 - DEBUG - tty.usbmodem0006822145041: RX: 0584a4002100
2019-07-22 19:13:32,529 - DEBUG - tty.usbmodem0006822145041: parsed_packet {event: CmdRsp, data: {'opcode': 164, 'status': 0, 'data': bytearray(b'!\x00')}}
2019-07-22 19:13:32,529 - INFO - tty.usbmodem0006822145041: AddrPublicationAdd: {'address_handle': 33}
2019-07-22 19:13:32,543 - INFO - tty.usbmodem0006822145041: 

2019-07-22 19:13:32,543 - INFO - tty.usbmodem0006822145041: Sending next message
2019-07-22 19:13:32,544 - DEBUG - tty.usbmodem0006822145041: Writing: 164 bytearray(b'1\x00')
2019-07-22 19:13:32,544 - DEBUG - tty.usbmodem0006822145041: TX: 03a43100
2019-07-22 19:13:32,546 - DEBUG - tty.usbmodem0006822145041: RX: 0584a4002200
2019-07-22 19:13:32,546 - DEBUG - tty.usbmodem0006822145041: parsed_packet {event: CmdRsp, data: {'opcode': 164, 'status': 0, 'data': bytearray(b'"\x00')}}
2019-07-22 19:13:32,546 - INFO - tty.usbmodem0006822145041: AddrPublicationAdd: {'address_handle': 34}
2019-07-22 19:13:32,562 - INFO - tty.usbmodem0006822145041: 

2019-07-22 19:13:32,562 - INFO - tty.usbmodem0006822145041: Sending next message
2019-07-22 19:13:32,562 - DEBUG - tty.usbmodem0006822145041: Writing: 164 bytearray(b'2\x00')
2019-07-22 19:13:32,563 - DEBUG - tty.usbmodem0006822145041: TX: 03a43200
2019-07-22 19:13:32,565 - DEBUG - tty.usbmodem0006822145041: RX: 0584a4002300
2019-07-22 19:13:32,565 - DEBUG - tty.usbmodem0006822145041: parsed_packet {event: CmdRsp, data: {'opcode': 164, 'status': 0, 'data': bytearray(b'#\x00')}}
2019-07-22 19:13:32,565 - INFO - tty.usbmodem0006822145041: AddrPublicationAdd: {'address_handle': 35}
2019-07-22 19:13:32,580 - INFO - tty.usbmodem0006822145041: 

2019-07-22 19:13:32,580 - INFO - tty.usbmodem0006822145041: Sending next message
2019-07-22 19:13:32,580 - DEBUG - tty.usbmodem0006822145041: Writing: 164 bytearray(b'3\x00')
2019-07-22 19:13:32,580 - DEBUG - tty.usbmodem0006822145041: TX: 03a43300
2019-07-22 19:13:32,583 - DEBUG - tty.usbmodem0006822145041: RX: 0584a4002400
2019-07-22 19:13:32,583 - DEBUG - tty.usbmodem0006822145041: parsed_packet {event: CmdRsp, data: {'opcode': 164, 'status': 0, 'data': bytearray(b'$\x00')}}
2019-07-22 19:13:32,583 - INFO - tty.usbmodem0006822145041: AddrPublicationAdd: {'address_handle': 36}
2019-07-22 19:13:32,597 - INFO - tty.usbmodem0006822145041: 

2019-07-22 19:13:32,597 - INFO - tty.usbmodem0006822145041: Sending next message
2019-07-22 19:13:32,597 - DEBUG - tty.usbmodem0006822145041: Writing: 164 bytearray(b'4\x00')
2019-07-22 19:13:32,597 - DEBUG - tty.usbmodem0006822145041: TX: 03a43400
2019-07-22 19:13:32,600 - DEBUG - tty.usbmodem0006822145041: RX: 0584a4002500
2019-07-22 19:13:32,600 - DEBUG - tty.usbmodem0006822145041: parsed_packet {event: CmdRsp, data: {'opcode': 164, 'status': 0, 'data': bytearray(b'%\x00')}}
2019-07-22 19:13:32,600 - INFO - tty.usbmodem0006822145041: AddrPublicationAdd: {'address_handle': 37}
2019-07-22 19:13:32,615 - INFO - tty.usbmodem0006822145041: 

2019-07-22 19:13:32,615 - INFO - tty.usbmodem0006822145041: Sending next message
2019-07-22 19:13:32,616 - DEBUG - tty.usbmodem0006822145041: Writing: 164 bytearray(b'5\x00')
2019-07-22 19:13:32,616 - DEBUG - tty.usbmodem0006822145041: TX: 03a43500
2019-07-22 19:13:32,618 - DEBUG - tty.usbmodem0006822145041: RX: 0584a4002600
2019-07-22 19:13:32,618 - DEBUG - tty.usbmodem0006822145041: parsed_packet {event: CmdRsp, data: {'opcode': 164, 'status': 0, 'data': bytearray(b'&\x00')}}
2019-07-22 19:13:32,618 - INFO - tty.usbmodem0006822145041: AddrPublicationAdd: {'address_handle': 38}
2019-07-22 19:13:32,632 - INFO - tty.usbmodem0006822145041: 

2019-07-22 19:13:32,633 - INFO - tty.usbmodem0006822145041: Sending next message
2019-07-22 19:13:32,633 - DEBUG - tty.usbmodem0006822145041: Writing: 164 bytearray(b'6\x00')
2019-07-22 19:13:32,633 - DEBUG - tty.usbmodem0006822145041: TX: 03a43600
2019-07-22 19:13:32,635 - DEBUG - tty.usbmodem0006822145041: RX: 0584a4002700
2019-07-22 19:13:32,635 - DEBUG - tty.usbmodem0006822145041: parsed_packet {event: CmdRsp, data: {'opcode': 164, 'status': 0, 'data': bytearray(b"\'\x00")}}
2019-07-22 19:13:32,636 - INFO - tty.usbmodem0006822145041: AddrPublicationAdd: {'address_handle': 39}
2019-07-22 19:13:32,652 - INFO - tty.usbmodem0006822145041: 

2019-07-22 19:13:32,652 - INFO - tty.usbmodem0006822145041: Sending next message
2019-07-22 19:13:32,653 - DEBUG - tty.usbmodem0006822145041: Writing: 164 bytearray(b'7\x00')
2019-07-22 19:13:32,653 - DEBUG - tty.usbmodem0006822145041: TX: 03a43700
2019-07-22 19:13:32,656 - DEBUG - tty.usbmodem0006822145041: RX: 0584a4002800
2019-07-22 19:13:32,656 - DEBUG - tty.usbmodem0006822145041: parsed_packet {event: CmdRsp, data: {'opcode': 164, 'status': 0, 'data': bytearray(b'(\x00')}}
2019-07-22 19:13:32,656 - INFO - tty.usbmodem0006822145041: AddrPublicationAdd: {'address_handle': 40}
2019-07-22 19:13:32,670 - INFO - tty.usbmodem0006822145041: 

2019-07-22 19:13:32,671 - INFO - tty.usbmodem0006822145041: Sending next message
2019-07-22 19:13:32,671 - DEBUG - tty.usbmodem0006822145041: Writing: 164 bytearray(b'8\x00')
2019-07-22 19:13:32,671 - DEBUG - tty.usbmodem0006822145041: TX: 03a43800
2019-07-22 19:13:32,674 - DEBUG - tty.usbmodem0006822145041: RX: 0584a4002900
2019-07-22 19:13:32,674 - DEBUG - tty.usbmodem0006822145041: parsed_packet {event: CmdRsp, data: {'opcode': 164, 'status': 0, 'data': bytearray(b')\x00')}}
2019-07-22 19:13:32,674 - INFO - tty.usbmodem0006822145041: AddrPublicationAdd: {'address_handle': 41}
2019-07-22 19:13:32,689 - INFO - tty.usbmodem0006822145041: 

2019-07-22 19:13:32,689 - INFO - tty.usbmodem0006822145041: Sending next message
2019-07-22 19:13:32,690 - DEBUG - tty.usbmodem0006822145041: Writing: 164 bytearray(b'9\x00')
2019-07-22 19:13:32,690 - DEBUG - tty.usbmodem0006822145041: TX: 03a43900
2019-07-22 19:13:32,693 - DEBUG - tty.usbmodem0006822145041: RX: 0584a4002a00
2019-07-22 19:13:32,693 - DEBUG - tty.usbmodem0006822145041: parsed_packet {event: CmdRsp, data: {'opcode': 164, 'status': 0, 'data': bytearray(b'*\x00')}}
2019-07-22 19:13:32,693 - INFO - tty.usbmodem0006822145041: AddrPublicationAdd: {'address_handle': 42}
2019-07-22 19:13:32,708 - INFO - tty.usbmodem0006822145041: 

2019-07-22 19:13:32,708 - INFO - tty.usbmodem0006822145041: Sending next message
2019-07-22 19:13:32,709 - DEBUG - tty.usbmodem0006822145041: Writing: 156 bytearray(b'\x10\x00\x00\x00Cl\xab\x18\xf4\x96\xa9\xf6 \x1c\x95g\x03I\x890')
2019-07-22 19:13:32,709 - DEBUG - tty.usbmodem0006822145041: TX: 159c10000000436cab18f496a9f6201c956703498930
2019-07-22 19:13:32,713 - DEBUG - tty.usbmodem0006822145041: RX: 05849c000800
2019-07-22 19:13:32,713 - DEBUG - tty.usbmodem0006822145041: parsed_packet {event: CmdRsp, data: {'opcode': 156, 'status': 0, 'data': bytearray(b'\x08\x00')}}
2019-07-22 19:13:32,713 - INFO - tty.usbmodem0006822145041: DevkeyAdd: {'devkey_handle': 8}
2019-07-22 19:13:32,728 - INFO - tty.usbmodem0006822145041: 

2019-07-22 19:13:32,728 - INFO - tty.usbmodem0006822145041: Sending next message
2019-07-22 19:13:32,728 - DEBUG - tty.usbmodem0006822145041: Writing: 156 bytearray(b'\x1e\x00\x00\x00\x91K\x01B\xca\\4\x0721.\xaa\xc6T\xa4\xce')
2019-07-22 19:13:32,729 - DEBUG - tty.usbmodem0006822145041: TX: 159c1e000000914b0142ca5c340732312eaac654a4ce
2019-07-22 19:13:32,733 - DEBUG - tty.usbmodem0006822145041: RX: 05849c000900
2019-07-22 19:13:32,733 - DEBUG - tty.usbmodem0006822145041: parsed_packet {event: CmdRsp, data: {'opcode': 156, 'status': 0, 'data': bytearray(b'\t\x00')}}
2019-07-22 19:13:32,733 - INFO - tty.usbmodem0006822145041: DevkeyAdd: {'devkey_handle': 9}
2019-07-22 19:13:32,749 - INFO - tty.usbmodem0006822145041: 

2019-07-22 19:13:32,749 - INFO - tty.usbmodem0006822145041: Sending next message
2019-07-22 19:13:32,749 - DEBUG - tty.usbmodem0006822145041: Writing: 156 bytearray(b',\x00\x00\x00\xa4\xf8\xe2\xee\x7f\xc7\x1d\x19-BD\x1a\x00\xfb6\x86')
2019-07-22 19:13:32,749 - DEBUG - tty.usbmodem0006822145041: TX: 159c2c000000a4f8e2ee7fc71d192d42441a00fb3686
2019-07-22 19:13:32,754 - DEBUG - tty.usbmodem0006822145041: RX: 05849c000a00
2019-07-22 19:13:32,754 - DEBUG - tty.usbmodem0006822145041: parsed_packet {event: CmdRsp, data: {'opcode': 156, 'status': 0, 'data': bytearray(b'\n\x00')}}
2019-07-22 19:13:32,755 - INFO - tty.usbmodem0006822145041: DevkeyAdd: {'devkey_handle': 10}
2019-07-22 19:13:32,770 - INFO - tty.usbmodem0006822145041: No Messages remaining
2019-07-22 19:13:36,754 - INFO - tty.usbmodem0006822145041: Timout handler timeout
2019-07-22 19:15:49,301 - DEBUG - tty.usbmodem0006822145041: exited read event
