2019-06-19 13:30:46,718 - DEBUG - tty.usbmodem0006822145041: TX: 6169715c4fdc418d585e0bf2e6ecfa13595715be6b3349c3d1021f9a2b2ab4a035a09171da6a73d5fe82323d060019df7b60ca2bc90465edf3fa1b67e813642c3e4ace41d4d64dfe7ed724fb899f11c83854c6707c2a9135b201e526bce88ecaee6f
2019-06-19 13:30:46,729 - DEBUG - tty.usbmodem0006822145041: RX: 03845384
2019-06-19 13:30:46,729 - DEBUG - tty.usbmodem0006822145041: parsed_packet {event: CmdRsp, data: {'opcode': 83, 'status': 132, 'data': bytearray(b'')}}
2019-06-19 13:30:46,730 - DEBUG - tty.usbmodem0006822145041: TX: 059f01000100
2019-06-19 13:30:46,729 - INFO - tty.usbmodem0006822145041: Got 132
2019-06-19 13:30:46,730 - ERROR - tty.usbmodem0006822145041: None: ERROR_INVALID_LENGTH
2019-06-19 13:30:46,731 - DEBUG - tty.usbmodem0006822145041: RX: 03840084
2019-06-19 13:30:46,731 - DEBUG - tty.usbmodem0006822145041: parsed_packet {event: CmdRsp, data: {'opcode': 0, 'status': 132, 'data': bytearray(b'')}}
2019-06-19 13:30:46,731 - INFO - tty.usbmodem0006822145041: Got 132
2019-06-19 13:30:46,731 - DEBUG - tty.usbmodem0006822145041: TX: 1392000018eed9c2a56add85049ffc3c59ad0e12
2019-06-19 13:30:46,731 - ERROR - tty.usbmodem0006822145041: None: ERROR_INVALID_LENGTH
2019-06-19 13:30:46,732 - DEBUG - tty.usbmodem0006822145041: RX: 03840084
2019-06-19 13:30:46,732 - DEBUG - tty.usbmodem0006822145041: parsed_packet {event: CmdRsp, data: {'opcode': 0, 'status': 132, 'data': bytearray(b'')}}
2019-06-19 13:30:46,732 - DEBUG - tty.usbmodem0006822145041: TX: 1597000000004f68ad85d9f48ac8589df665b6b49b8a
2019-06-19 13:30:46,732 - INFO - tty.usbmodem0006822145041: Got 132
2019-06-19 13:30:46,733 - ERROR - tty.usbmodem0006822145041: None: ERROR_INVALID_LENGTH
2019-06-19 13:30:46,733 - DEBUG - tty.usbmodem0006822145041: RX: 03840084
2019-06-19 13:30:46,733 - DEBUG - tty.usbmodem0006822145041: parsed_packet {event: CmdRsp, data: {'opcode': 0, 'status': 132, 'data': bytearray(b'')}}
2019-06-19 13:30:46,733 - DEBUG - tty.usbmodem0006822145041: TX: 1597010000002aa2a6ded5a0798ceab5787ca3ae39fc
2019-06-19 13:30:46,733 - INFO - tty.usbmodem0006822145041: Got 132
2019-06-19 13:30:46,734 - ERROR - tty.usbmodem0006822145041: None: ERROR_INVALID_LENGTH
2019-06-19 13:30:46,734 - DEBUG - tty.usbmodem0006822145041: RX: 03840084
2019-06-19 13:30:46,734 - DEBUG - tty.usbmodem0006822145041: parsed_packet {event: CmdRsp, data: {'opcode': 0, 'status': 132, 'data': bytearray(b'')}}
2019-06-19 13:30:46,734 - INFO - tty.usbmodem0006822145041: Got 132
2019-06-19 13:30:46,734 - ERROR - tty.usbmodem0006822145041: None: ERROR_INVALID_LENGTH
2019-06-19 13:30:46,735 - DEBUG - tty.usbmodem0006822145041: RX: 03840084
2019-06-19 13:30:46,735 - DEBUG - tty.usbmodem0006822145041: parsed_packet {event: CmdRsp, data: {'opcode': 0, 'status': 132, 'data': bytearray(b'')}}
2019-06-19 13:30:46,735 - INFO - tty.usbmodem0006822145041: Got 132
2019-06-19 13:30:46,735 - ERROR - tty.usbmodem0006822145041: None: ERROR_INVALID_LENGTH
2019-06-19 13:30:46,735 - DEBUG - tty.usbmodem0006822145041: RX: 03840084
2019-06-19 13:30:46,735 - DEBUG - tty.usbmodem0006822145041: parsed_packet {event: CmdRsp, data: {'opcode': 0, 'status': 132, 'data': bytearray(b'')}}
2019-06-19 13:30:46,736 - INFO - tty.usbmodem0006822145041: Got 132
2019-06-19 13:30:46,736 - ERROR - tty.usbmodem0006822145041: None: ERROR_INVALID_LENGTH
2019-06-19 13:30:46,736 - DEBUG - tty.usbmodem0006822145041: RX: 03840084
2019-06-19 13:30:46,737 - DEBUG - tty.usbmodem0006822145041: parsed_packet {event: CmdRsp, data: {'opcode': 0, 'status': 132, 'data': bytearray(b'')}}
2019-06-19 13:30:46,737 - INFO - tty.usbmodem0006822145041: Got 132
2019-06-19 13:30:46,738 - ERROR - tty.usbmodem0006822145041: None: ERROR_INVALID_LENGTH
2019-06-19 13:30:46,739 - DEBUG - tty.usbmodem0006822145041: RX: 03840084
2019-06-19 13:30:46,740 - DEBUG - tty.usbmodem0006822145041: parsed_packet {event: CmdRsp, data: {'opcode': 0, 'status': 132, 'data': bytearray(b'')}}
2019-06-19 13:30:46,740 - INFO - tty.usbmodem0006822145041: Got 132
2019-06-19 13:30:46,741 - ERROR - tty.usbmodem0006822145041: None: ERROR_INVALID_LENGTH
2019-06-19 13:30:46,742 - DEBUG - tty.usbmodem0006822145041: RX: 03840084
2019-06-19 13:30:46,743 - DEBUG - tty.usbmodem0006822145041: parsed_packet {event: CmdRsp, data: {'opcode': 0, 'status': 132, 'data': bytearray(b'')}}
2019-06-19 13:30:46,744 - INFO - tty.usbmodem0006822145041: Got 132
2019-06-19 13:30:46,745 - ERROR - tty.usbmodem0006822145041: None: ERROR_INVALID_LENGTH
2019-06-19 13:30:46,746 - DEBUG - tty.usbmodem0006822145041: RX: 03840084
2019-06-19 13:30:46,747 - DEBUG - tty.usbmodem0006822145041: parsed_packet {event: CmdRsp, data: {'opcode': 0, 'status': 132, 'data': bytearray(b'')}}
2019-06-19 13:30:46,748 - INFO - tty.usbmodem0006822145041: Got 132
2019-06-19 13:30:46,748 - ERROR - tty.usbmodem0006822145041: None: ERROR_INVALID_LENGTH
2019-06-19 13:30:46,748 - DEBUG - tty.usbmodem0006822145041: RX: 03840084
2019-06-19 13:30:46,748 - DEBUG - tty.usbmodem0006822145041: parsed_packet {event: CmdRsp, data: {'opcode': 0, 'status': 132, 'data': bytearray(b'')}}
2019-06-19 13:30:46,748 - INFO - tty.usbmodem0006822145041: Got 132
2019-06-19 13:30:46,749 - ERROR - tty.usbmodem0006822145041: None: ERROR_INVALID_LENGTH
2019-06-19 13:30:46,749 - DEBUG - tty.usbmodem0006822145041: RX: 03840084
2019-06-19 13:30:46,749 - DEBUG - tty.usbmodem0006822145041: parsed_packet {event: CmdRsp, data: {'opcode': 0, 'status': 132, 'data': bytearray(b'')}}
2019-06-19 13:30:46,749 - INFO - tty.usbmodem0006822145041: Got 132
2019-06-19 13:30:46,749 - ERROR - tty.usbmodem0006822145041: None: ERROR_INVALID_LENGTH
2019-06-19 13:30:46,749 - DEBUG - tty.usbmodem0006822145041: RX: 03849f00
2019-06-19 13:30:46,749 - DEBUG - tty.usbmodem0006822145041: parsed_packet {event: CmdRsp, data: {'opcode': 159, 'status': 0, 'data': bytearray(b'')}}
2019-06-19 13:30:46,749 - INFO - tty.usbmodem0006822145041: Got 132
2019-06-19 13:30:46,750 - INFO - tty.usbmodem0006822145041: Success
2019-06-19 13:30:46,750 - DEBUG - tty.usbmodem0006822145041: RX: 058492000000
2019-06-19 13:30:46,750 - DEBUG - tty.usbmodem0006822145041: parsed_packet {event: CmdRsp, data: {'opcode': 146, 'status': 0, 'data': bytearray(b'\x00\x00')}}
2019-06-19 13:30:46,750 - INFO - tty.usbmodem0006822145041: Got 132
2019-06-19 13:30:46,750 - INFO - tty.usbmodem0006822145041: SubnetAdd: {'subnet_handle': 0}
2019-06-19 13:30:46,750 - DEBUG - tty.usbmodem0006822145041: RX: 058497000000
2019-06-19 13:30:46,750 - DEBUG - tty.usbmodem0006822145041: parsed_packet {event: CmdRsp, data: {'opcode': 151, 'status': 0, 'data': bytearray(b'\x00\x00')}}
2019-06-19 13:30:46,751 - INFO - tty.usbmodem0006822145041: Got 132
2019-06-19 13:30:46,751 - INFO - tty.usbmodem0006822145041: AppkeyAdd: {'appkey_handle': 0}
2019-06-19 13:30:46,751 - DEBUG - tty.usbmodem0006822145041: RX: 058497000100
2019-06-19 13:30:46,751 - DEBUG - tty.usbmodem0006822145041: parsed_packet {event: CmdRsp, data: {'opcode': 151, 'status': 0, 'data': bytearray(b'\x01\x00')}}
2019-06-19 13:30:46,751 - INFO - tty.usbmodem0006822145041: Got 132
2019-06-19 13:30:46,751 - INFO - tty.usbmodem0006822145041: AppkeyAdd: {'appkey_handle': 1}
2019-06-19 13:31:19,136 - DEBUG - tty.usbmodem0006822145041: TX: 03026869
2019-06-19 13:31:19,140 - DEBUG - tty.usbmodem0006822145041: RX: 03826869
2019-06-19 13:31:19,140 - DEBUG - tty.usbmodem0006822145041: parsed_packet {event: DeviceEchoRsp, data: {'data': bytearray(b'hi')}}
2019-06-19 13:31:19,140 - INFO - tty.usbmodem0006822145041: Got 130
2019-06-19 13:31:19,141 - INFO - tty.usbmodem0006822145041: {event: DeviceEchoRsp, data: {'data': bytearray(b'hi')}}
2019-06-19 13:31:57,069 - DEBUG - tty.usbmodem0006822145041: TX: 03026869
2019-06-19 13:31:57,074 - DEBUG - tty.usbmodem0006822145041: RX: 03826869
2019-06-19 13:31:57,074 - DEBUG - tty.usbmodem0006822145041: parsed_packet {event: DeviceEchoRsp, data: {'data': bytearray(b'hi')}}
2019-06-19 13:31:57,074 - INFO - tty.usbmodem0006822145041: Got 130
2019-06-19 13:31:57,074 - INFO - tty.usbmodem0006822145041: {event: DeviceEchoRsp, data: {'data': bytearray(b'hi')}}
2019-06-19 13:32:04,256 - DEBUG - tty.usbmodem0006822145041: exited read event
