2019-06-26 13:11:02,945 - DEBUG - tty.usbmodem0006822145041: Writing: 105 bytearray(b'=\xe6s\xde%#\xea\x1b\x16\xb8\x90\x81t\xb6\x13;h@I\xb9d\xdd\x95\xf5\xf2c\\Q"W\xa1[\xf3;-\x15GsO\x91\xc67\xc6\x98y]\xfel\xcb\xba\xa1&\xeb\x84\xf6+hy\xda\xd5\xffF\xd0\xbdN\xfe\xea7,\xf2\x95\x18b\xff\xa6Y3.8\xea/\x06\xf8U\xe3\n\x9eV\xde\xeaGE(\x06O|')
2019-06-26 13:11:02,945 - DEBUG - tty.usbmodem0006822145041: TX: 61693de673de2523ea1b16b8908174b6133b684049b964dd95f5f2635c512257a15bf33b2d1547734f91c637c698795dfe6ccbbaa126eb84f62b6879dad5ff46d0bd4efeea372cf2951862ffa659332e38ea2f06f855e30a9e56deea474528064f7c
2019-06-26 13:11:02,955 - DEBUG - tty.usbmodem0006822145041: RX: 03845384
2019-06-26 13:11:02,955 - DEBUG - tty.usbmodem0006822145041: parsed_packet {event: CmdRsp, data: {'opcode': 83, 'status': 132, 'data': bytearray(b'')}}
2019-06-26 13:11:02,955 - ERROR - tty.usbmodem0006822145041: None: ERROR_INVALID_LENGTH
2019-06-26 13:11:02,955 - DEBUG - tty.usbmodem0006822145041: Writing: 159 bytearray(b'\x01\x00\x01\x00')
2019-06-26 13:11:02,956 - DEBUG - tty.usbmodem0006822145041: TX: 059f01000100
2019-06-26 13:11:02,956 - DEBUG - tty.usbmodem0006822145041: RX: 03840084
2019-06-26 13:11:02,956 - DEBUG - tty.usbmodem0006822145041: parsed_packet {event: CmdRsp, data: {'opcode': 0, 'status': 132, 'data': bytearray(b'')}}
2019-06-26 13:11:02,957 - ERROR - tty.usbmodem0006822145041: None: ERROR_INVALID_LENGTH
2019-06-26 13:11:02,957 - DEBUG - tty.usbmodem0006822145041: RX: 03840084
2019-06-26 13:11:02,957 - DEBUG - tty.usbmodem0006822145041: Writing: 146 bytearray(b'\x00\x00\x18\xee\xd9\xc2\xa5j\xdd\x85\x04\x9f\xfc<Y\xad\x0e\x12')
2019-06-26 13:11:02,957 - DEBUG - tty.usbmodem0006822145041: parsed_packet {event: CmdRsp, data: {'opcode': 0, 'status': 132, 'data': bytearray(b'')}}
2019-06-26 13:11:02,957 - DEBUG - tty.usbmodem0006822145041: TX: 1392000018eed9c2a56add85049ffc3c59ad0e12
2019-06-26 13:11:02,958 - ERROR - tty.usbmodem0006822145041: None: ERROR_INVALID_LENGTH
2019-06-26 13:11:02,958 - DEBUG - tty.usbmodem0006822145041: RX: 03840084
2019-06-26 13:11:02,958 - DEBUG - tty.usbmodem0006822145041: parsed_packet {event: CmdRsp, data: {'opcode': 0, 'status': 132, 'data': bytearray(b'')}}
2019-06-26 13:11:02,958 - ERROR - tty.usbmodem0006822145041: None: ERROR_INVALID_LENGTH
2019-06-26 13:11:02,959 - DEBUG - tty.usbmodem0006822145041: Writing: 151 bytearray(b'\x00\x00\x00\x00Oh\xad\x85\xd9\xf4\x8a\xc8X\x9d\xf6e\xb6\xb4\x9b\x8a')
2019-06-26 13:11:02,959 - DEBUG - tty.usbmodem0006822145041: TX: 1597000000004f68ad85d9f48ac8589df665b6b49b8a
2019-06-26 13:11:02,959 - DEBUG - tty.usbmodem0006822145041: RX: 03840084
2019-06-26 13:11:02,959 - DEBUG - tty.usbmodem0006822145041: parsed_packet {event: CmdRsp, data: {'opcode': 0, 'status': 132, 'data': bytearray(b'')}}
2019-06-26 13:11:02,960 - ERROR - tty.usbmodem0006822145041: None: ERROR_INVALID_LENGTH
2019-06-26 13:11:02,960 - DEBUG - tty.usbmodem0006822145041: Writing: 151 bytearray(b'\x01\x00\x00\x00*\xa2\xa6\xde\xd5\xa0y\x8c\xea\xb5x|\xa3\xae9\xfc')
2019-06-26 13:11:02,960 - DEBUG - tty.usbmodem0006822145041: TX: 1597010000002aa2a6ded5a0798ceab5787ca3ae39fc
2019-06-26 13:11:02,960 - DEBUG - tty.usbmodem0006822145041: RX: 03840084
2019-06-26 13:11:02,960 - DEBUG - tty.usbmodem0006822145041: parsed_packet {event: CmdRsp, data: {'opcode': 0, 'status': 132, 'data': bytearray(b'')}}
2019-06-26 13:11:02,961 - ERROR - tty.usbmodem0006822145041: None: ERROR_INVALID_LENGTH
2019-06-26 13:11:02,961 - DEBUG - tty.usbmodem0006822145041: RX: 03840084
2019-06-26 13:11:02,961 - DEBUG - tty.usbmodem0006822145041: parsed_packet {event: CmdRsp, data: {'opcode': 0, 'status': 132, 'data': bytearray(b'')}}
2019-06-26 13:11:02,961 - ERROR - tty.usbmodem0006822145041: None: ERROR_INVALID_LENGTH
2019-06-26 13:11:02,961 - DEBUG - tty.usbmodem0006822145041: RX: 03840084
2019-06-26 13:11:02,961 - DEBUG - tty.usbmodem0006822145041: parsed_packet {event: CmdRsp, data: {'opcode': 0, 'status': 132, 'data': bytearray(b'')}}
2019-06-26 13:11:02,962 - ERROR - tty.usbmodem0006822145041: None: ERROR_INVALID_LENGTH
2019-06-26 13:11:02,963 - DEBUG - tty.usbmodem0006822145041: RX: 03840084
2019-06-26 13:11:02,964 - DEBUG - tty.usbmodem0006822145041: parsed_packet {event: CmdRsp, data: {'opcode': 0, 'status': 132, 'data': bytearray(b'')}}
2019-06-26 13:11:02,965 - ERROR - tty.usbmodem0006822145041: None: ERROR_INVALID_LENGTH
2019-06-26 13:11:02,966 - DEBUG - tty.usbmodem0006822145041: RX: 03840084
2019-06-26 13:11:02,967 - DEBUG - tty.usbmodem0006822145041: parsed_packet {event: CmdRsp, data: {'opcode': 0, 'status': 132, 'data': bytearray(b'')}}
2019-06-26 13:11:02,967 - ERROR - tty.usbmodem0006822145041: None: ERROR_INVALID_LENGTH
2019-06-26 13:11:02,967 - DEBUG - tty.usbmodem0006822145041: RX: 03840084
2019-06-26 13:11:02,967 - DEBUG - tty.usbmodem0006822145041: parsed_packet {event: CmdRsp, data: {'opcode': 0, 'status': 132, 'data': bytearray(b'')}}
2019-06-26 13:11:02,967 - ERROR - tty.usbmodem0006822145041: None: ERROR_INVALID_LENGTH
2019-06-26 13:11:02,968 - DEBUG - tty.usbmodem0006822145041: RX: 03840084
2019-06-26 13:11:02,968 - DEBUG - tty.usbmodem0006822145041: parsed_packet {event: CmdRsp, data: {'opcode': 0, 'status': 132, 'data': bytearray(b'')}}
2019-06-26 13:11:02,968 - ERROR - tty.usbmodem0006822145041: None: ERROR_INVALID_LENGTH
2019-06-26 13:11:02,968 - DEBUG - tty.usbmodem0006822145041: RX: 03840084
2019-06-26 13:11:02,968 - DEBUG - tty.usbmodem0006822145041: parsed_packet {event: CmdRsp, data: {'opcode': 0, 'status': 132, 'data': bytearray(b'')}}
2019-06-26 13:11:02,968 - ERROR - tty.usbmodem0006822145041: None: ERROR_INVALID_LENGTH
2019-06-26 13:11:02,969 - DEBUG - tty.usbmodem0006822145041: RX: 03849f00
2019-06-26 13:11:02,969 - DEBUG - tty.usbmodem0006822145041: parsed_packet {event: CmdRsp, data: {'opcode': 159, 'status': 0, 'data': bytearray(b'')}}
2019-06-26 13:11:02,969 - INFO - tty.usbmodem0006822145041: Success
2019-06-26 13:11:02,969 - DEBUG - tty.usbmodem0006822145041: RX: 058492000000
2019-06-26 13:11:02,969 - DEBUG - tty.usbmodem0006822145041: parsed_packet {event: CmdRsp, data: {'opcode': 146, 'status': 0, 'data': bytearray(b'\x00\x00')}}
2019-06-26 13:11:02,969 - INFO - tty.usbmodem0006822145041: SubnetAdd: {'subnet_handle': 0}
2019-06-26 13:11:02,970 - DEBUG - tty.usbmodem0006822145041: RX: 058497000000
2019-06-26 13:11:02,971 - DEBUG - tty.usbmodem0006822145041: parsed_packet {event: CmdRsp, data: {'opcode': 151, 'status': 0, 'data': bytearray(b'\x00\x00')}}
2019-06-26 13:11:02,971 - INFO - tty.usbmodem0006822145041: AppkeyAdd: {'appkey_handle': 0}
2019-06-26 13:11:02,972 - DEBUG - tty.usbmodem0006822145041: RX: 058497000100
2019-06-26 13:11:02,973 - DEBUG - tty.usbmodem0006822145041: parsed_packet {event: CmdRsp, data: {'opcode': 151, 'status': 0, 'data': bytearray(b'\x01\x00')}}
2019-06-26 13:11:02,973 - INFO - tty.usbmodem0006822145041: AppkeyAdd: {'appkey_handle': 1}
2019-06-26 13:11:03,927 - DEBUG - tty.usbmodem0006822145041: Writing: 97 bytearray(b'')
2019-06-26 13:11:03,927 - DEBUG - tty.usbmodem0006822145041: TX: 0161
2019-06-26 13:11:03,928 - DEBUG - tty.usbmodem0006822145041: RX: 03846100
2019-06-26 13:11:03,929 - DEBUG - tty.usbmodem0006822145041: parsed_packet {event: CmdRsp, data: {'opcode': 97, 'status': 0, 'data': bytearray(b'')}}
2019-06-26 13:11:03,929 - INFO - tty.usbmodem0006822145041: Success
2019-06-26 13:11:04,087 - DEBUG - tty.usbmodem0006822145041: RX: 1ac09db77a0526b8734988639509c242d107cd0001c8639509c2c2
2019-06-26 13:11:04,087 - DEBUG - tty.usbmodem0006822145041: parsed_packet {event: ProvUnprovisionedReceived, data: {'uuid': bytearray(b'\x9d\xb7z\x05&\xb8sI\x88c\x95\t\xc2B\xd1\x07'), 'rssi': -51, 'gatt_supported': 0, 'adv_addr_type': 1, 'adv_addr': bytearray(b'\xc8c\x95\t\xc2\xc2')}}
2019-06-26 13:11:04,087 - INFO - tty.usbmodem0006822145041: Received UUID 9db77a0526b8734988639509c242d107 with RSSI: -51 dB
2019-06-26 13:11:06,091 - DEBUG - tty.usbmodem0006822145041: RX: 1ac09db77a0526b8734988639509c242d107c90001c8639509c2c2
2019-06-26 13:11:06,091 - DEBUG - tty.usbmodem0006822145041: parsed_packet {event: ProvUnprovisionedReceived, data: {'uuid': bytearray(b'\x9d\xb7z\x05&\xb8sI\x88c\x95\t\xc2B\xd1\x07'), 'rssi': -55, 'gatt_supported': 0, 'adv_addr_type': 1, 'adv_addr': bytearray(b'\xc8c\x95\t\xc2\xc2')}}
2019-06-26 13:11:06,937 - DEBUG - tty.usbmodem0006822145041: Writing: 98 bytearray(b'')
2019-06-26 13:11:06,943 - DEBUG - tty.usbmodem0006822145041: TX: 0162
2019-06-26 13:11:06,955 - DEBUG - tty.usbmodem0006822145041: Writing: 99 bytearray(b'\x00\x9d\xb7z\x05&\xb8sI\x88c\x95\t\xc2B\xd1\x07\x18\xee\xd9\xc2\xa5j\xdd\x85\x04\x9f\xfc<Y\xad\x0e\x12\x00\x00\x00\x00\x00\x00\x11\x00\x00\x00\x00')
2019-06-26 13:11:06,962 - DEBUG - tty.usbmodem0006822145041: RX: 03846200
2019-06-26 13:11:06,962 - DEBUG - tty.usbmodem0006822145041: TX: 2d63009db77a0526b8734988639509c242d10718eed9c2a56add85049ffc3c59ad0e120000000000001100000000
2019-06-26 13:11:06,981 - DEBUG - tty.usbmodem0006822145041: parsed_packet {event: CmdRsp, data: {'opcode': 98, 'status': 0, 'data': bytearray(b'')}}
2019-06-26 13:11:07,003 - INFO - tty.usbmodem0006822145041: Success
2019-06-26 13:11:07,039 - DEBUG - tty.usbmodem0006822145041: RX: 0484630000
2019-06-26 13:11:07,045 - DEBUG - tty.usbmodem0006822145041: parsed_packet {event: CmdRsp, data: {'opcode': 99, 'status': 0, 'data': bytearray(b'\x00')}}
2019-06-26 13:11:07,045 - INFO - tty.usbmodem0006822145041: Provision: {'context': 0}
2019-06-26 13:11:07,063 - DEBUG - tty.usbmodem0006822145041: RX: 02c100
2019-06-26 13:11:07,068 - DEBUG - tty.usbmodem0006822145041: parsed_packet {event: ProvLinkEstablished, data: {'context_id': 0}}
2019-06-26 13:11:07,075 - INFO - tty.usbmodem0006822145041: Link established
2019-06-26 13:11:07,076 - DEBUG - tty.usbmodem0006822145041.ConfigurationClient: Sending opcode: 8008, data: 00
2019-06-26 13:11:07,076 - DEBUG - tty.usbmodem0006822145041.ConfigurationClient: Sending opcode: 00, data: 0000004f68ad85d9f48ac8589df665b6b49b8a
2019-06-26 13:11:07,076 - DEBUG - tty.usbmodem0006822145041: Writing: 171 bytearray(b'\x08\x00\x01\x00\x00\x00\x08\x00\x00\x00\x80\x08\x00')
2019-06-26 13:11:07,076 - DEBUG - tty.usbmodem0006822145041: TX: 0eab08000100000008000000800800
2019-06-26 13:11:07,077 - DEBUG - tty.usbmodem0006822145041: Writing: 171 bytearray(b'\x08\x00\x01\x00\x00\x00\x08\x00\x00\x00\x00\x00\x00\x00Oh\xad\x85\xd9\xf4\x8a\xc8X\x9d\xf6e\xb6\xb4\x9b\x8a')
2019-06-26 13:11:07,077 - DEBUG - tty.usbmodem0006822145041: TX: 1fab08000100000008000000000000004f68ad85d9f48ac8589df665b6b49b8a
2019-06-26 13:11:07,079 - DEBUG - tty.usbmodem0006822145041: RX: 0384ab8e
2019-06-26 13:11:07,080 - DEBUG - tty.usbmodem0006822145041: parsed_packet {event: CmdRsp, data: {'opcode': 171, 'status': 142, 'data': bytearray(b'')}}
2019-06-26 13:11:07,080 - ERROR - tty.usbmodem0006822145041: PacketSend: ERROR_REJECTED
2019-06-26 13:11:07,082 - DEBUG - tty.usbmodem0006822145041: RX: 0bc300010001000000000000
2019-06-26 13:11:07,083 - DEBUG - tty.usbmodem0006822145041: parsed_packet {event: ProvCapsReceived, data: {'context_id': 0, 'num_elements': 1, 'public_key_type': 0, 'static_oob_types': 1, 'output_oob_size': 0, 'output_oob_actions': 0, 'input_oob_size': 0, 'input_oob_actions': 0}}
2019-06-26 13:11:07,083 - INFO - tty.usbmodem0006822145041: Received capabilities
2019-06-26 13:11:07,083 - INFO - tty.usbmodem0006822145041: Number of elements: 1
2019-06-26 13:11:07,083 - DEBUG - tty.usbmodem0006822145041: Writing: 102 bytearray(b'\x00\x00\x00\x00')
2019-06-26 13:11:07,083 - DEBUG - tty.usbmodem0006822145041: TX: 056600000000
2019-06-26 13:11:07,084 - DEBUG - tty.usbmodem0006822145041: RX: 0384ab8e
2019-06-26 13:11:07,084 - DEBUG - tty.usbmodem0006822145041: parsed_packet {event: CmdRsp, data: {'opcode': 171, 'status': 142, 'data': bytearray(b'')}}
2019-06-26 13:11:07,084 - ERROR - tty.usbmodem0006822145041: PacketSend: ERROR_REJECTED
2019-06-26 13:11:07,086 - DEBUG - tty.usbmodem0006822145041: RX: 0484660000
2019-06-26 13:11:07,086 - DEBUG - tty.usbmodem0006822145041: parsed_packet {event: CmdRsp, data: {'opcode': 102, 'status': 0, 'data': bytearray(b'\x00')}}
2019-06-26 13:11:07,086 - INFO - tty.usbmodem0006822145041: OobUse: {'context': 0}
2019-06-26 13:11:07,301 - DEBUG - tty.usbmodem0006822145041: RX: 62c700b47d53d2bd29c12047021ece06287a5827f5a3330a240fdbb9442feadbddeccccae73bcb0506c53749a0aa4dfb42f55630dff7ec97c57199b46ad2a448d967a198bb8dda3bfff2b8d44440ac47f08e65b02e297abe2a52dbefa3de84e1ed533f
2019-06-26 13:11:07,301 - DEBUG - tty.usbmodem0006822145041: parsed_packet {event: ProvEcdhRequest, data: {'context_id': 0, 'peer_public': bytearray(b"\xb4}S\xd2\xbd)\xc1 G\x02\x1e\xce\x06(zX\'\xf5\xa33\n$\x0f\xdb\xb9D/\xea\xdb\xdd\xec\xcc\xca\xe7;\xcb\x05\x06\xc57I\xa0\xaaM\xfbB\xf5V0\xdf\xf7\xec\x97\xc5q\x99\xb4j\xd2\xa4H\xd9g\xa1"), 'node_private': bytearray(b'\x98\xbb\x8d\xda;\xff\xf2\xb8\xd4D@\xacG\xf0\x8ee\xb0.)z\xbe*R\xdb\xef\xa3\xde\x84\xe1\xedS?')}}
2019-06-26 13:11:07,301 - INFO - tty.usbmodem0006822145041: ECDH request received
2019-06-26 13:11:07,302 - DEBUG - tty.usbmodem0006822145041: Writing: 104 bytearray(b'\x00A_\x92@\xc5u L\ry\xe4M\x0e\xa9\xbc\xd3\xb2\x11I\x1bk\x96\x96\x1e\xc9^\x8f\x15\xd6\xed\x15\xe2')
2019-06-26 13:11:07,302 - DEBUG - tty.usbmodem0006822145041: TX: 226800415f9240c575204c0d79e44d0ea9bcd3b211491b6b96961ec95e8f15d6ed15e2
2019-06-26 13:11:07,307 - DEBUG - tty.usbmodem0006822145041: RX: 0484680000
2019-06-26 13:11:07,307 - DEBUG - tty.usbmodem0006822145041: parsed_packet {event: CmdRsp, data: {'opcode': 104, 'status': 0, 'data': bytearray(b'\x00')}}
2019-06-26 13:11:07,307 - INFO - tty.usbmodem0006822145041: EcdhSecret: {'context': 0}
2019-06-26 13:11:07,644 - DEBUG - tty.usbmodem0006822145041: RX: 2cc50000000000000011000000b08d584a9bf7a9e326d939b4a33a522d18eed9c2a56add85049ffc3c59ad0e12
2019-06-26 13:11:07,644 - DEBUG - tty.usbmodem0006822145041: parsed_packet {event: ProvComplete, data: {'context_id': 0, 'iv_index': 0, 'net_key_index': 0, 'address': 17, 'iv_update_flag': 0, 'key_refresh_flag': 0, 'device_key': bytearray(b'\xb0\x8dXJ\x9b\xf7\xa9\xe3&\xd99\xb4\xa3:R-'), 'net_key': bytearray(b'\x18\xee\xd9\xc2\xa5j\xdd\x85\x04\x9f\xfc<Y\xad\x0e\x12')}}
2019-06-26 13:11:07,644 - INFO - tty.usbmodem0006822145041: Provisioning complete
2019-06-26 13:11:07,644 - INFO - tty.usbmodem0006822145041: 	Address(es): 0x11-0x11
2019-06-26 13:11:07,644 - INFO - tty.usbmodem0006822145041: 	Device key: b08d584a9bf7a9e326d939b4a33a522d
2019-06-26 13:11:07,644 - INFO - tty.usbmodem0006822145041: 	Network key: 18eed9c2a56add85049ffc3c59ad0e12
2019-06-26 13:11:07,644 - INFO - tty.usbmodem0006822145041: Adding device key to subnet 0
2019-06-26 13:11:07,644 - INFO - tty.usbmodem0006822145041: Adding publication address of root element
2019-06-26 13:11:07,645 - DEBUG - tty.usbmodem0006822145041: Writing: 156 bytearray(b'\x11\x00\x00\x00\xb0\x8dXJ\x9b\xf7\xa9\xe3&\xd99\xb4\xa3:R-')
2019-06-26 13:11:07,645 - DEBUG - tty.usbmodem0006822145041: TX: 159c11000000b08d584a9bf7a9e326d939b4a33a522d
2019-06-26 13:11:07,645 - DEBUG - tty.usbmodem0006822145041: Writing: 164 bytearray(b'\x11\x00')
2019-06-26 13:11:07,645 - DEBUG - tty.usbmodem0006822145041: TX: 03a41100
2019-06-26 13:11:07,649 - DEBUG - tty.usbmodem0006822145041: RX: 05849c000800
2019-06-26 13:11:07,649 - DEBUG - tty.usbmodem0006822145041: parsed_packet {event: CmdRsp, data: {'opcode': 156, 'status': 0, 'data': bytearray(b'\x08\x00')}}
2019-06-26 13:11:07,649 - INFO - tty.usbmodem0006822145041: DevkeyAdd: {'devkey_handle': 8}
2019-06-26 13:11:07,649 - DEBUG - tty.usbmodem0006822145041: RX: 0584a4000000
2019-06-26 13:11:07,649 - DEBUG - tty.usbmodem0006822145041: parsed_packet {event: CmdRsp, data: {'opcode': 164, 'status': 0, 'data': bytearray(b'\x00\x00')}}
2019-06-26 13:11:07,649 - INFO - tty.usbmodem0006822145041: AddrPublicationAdd: {'address_handle': 0}
2019-06-26 13:11:07,769 - DEBUG - tty.usbmodem0006822145041: RX: 03c20000
2019-06-26 13:11:07,769 - DEBUG - tty.usbmodem0006822145041: parsed_packet {event: ProvLinkClosed, data: {'context_id': 0, 'close_reason': 0}}
2019-06-26 13:11:07,769 - INFO - tty.usbmodem0006822145041: Provisioning link closed
2019-06-26 13:11:09,933 - DEBUG - tty.usbmodem0006822145041.ConfigurationClient: Sending opcode: 8008, data: 00
2019-06-26 13:11:09,934 - DEBUG - tty.usbmodem0006822145041.ConfigurationClient: Sending opcode: 00, data: 0000004f68ad85d9f48ac8589df665b6b49b8a
2019-06-26 13:11:09,934 - DEBUG - tty.usbmodem0006822145041: Writing: 171 bytearray(b'\x08\x00\x01\x00\x00\x00\x08\x00\x00\x00\x80\x08\x00')
2019-06-26 13:11:09,934 - DEBUG - tty.usbmodem0006822145041: TX: 0eab08000100000008000000800800
2019-06-26 13:11:09,934 - DEBUG - tty.usbmodem0006822145041: Writing: 171 bytearray(b'\x08\x00\x01\x00\x00\x00\x08\x00\x00\x00\x00\x00\x00\x00Oh\xad\x85\xd9\xf4\x8a\xc8X\x9d\xf6e\xb6\xb4\x9b\x8a')
2019-06-26 13:11:09,934 - DEBUG - tty.usbmodem0006822145041: TX: 1fab08000100000008000000000000004f68ad85d9f48ac8589df665b6b49b8a
2019-06-26 13:11:09,938 - DEBUG - tty.usbmodem0006822145041: RX: 0784ab0003000000
2019-06-26 13:11:09,938 - DEBUG - tty.usbmodem0006822145041: parsed_packet {event: CmdRsp, data: {'opcode': 171, 'status': 0, 'data': bytearray(b'\x03\x00\x00\x00')}}
2019-06-26 13:11:09,938 - INFO - tty.usbmodem0006822145041: PacketSend: {'token': 3}
2019-06-26 13:11:09,941 - DEBUG - tty.usbmodem0006822145041: RX: 0784ab0004000000
2019-06-26 13:11:09,941 - DEBUG - tty.usbmodem0006822145041: parsed_packet {event: CmdRsp, data: {'opcode': 171, 'status': 0, 'data': bytearray(b'\x04\x00\x00\x00')}}
2019-06-26 13:11:09,941 - INFO - tty.usbmodem0006822145041: PacketSend: {'token': 4}
2019-06-26 13:11:09,947 - DEBUG - tty.usbmodem0006822145041: RX: 05d203000000
2019-06-26 13:11:09,947 - DEBUG - tty.usbmodem0006822145041: parsed_packet {event: MeshTxComplete, data: {'token': 3}}
2019-06-26 13:11:09,948 - INFO - tty.usbmodem0006822145041: {event: MeshTxComplete, data: {'token': 3}}
2019-06-26 13:11:14,940 - DEBUG - tty.usbmodem0006822145041.ConfigurationClient: Sending opcode: 803d, data: 100000000010
2019-06-26 13:11:14,944 - DEBUG - tty.usbmodem0006822145041: Writing: 171 bytearray(b'\x08\x00\x01\x00\x00\x00\x08\x00\x00\x00\x80=\x10\x00\x00\x00\x00\x10')
2019-06-26 13:11:14,944 - DEBUG - tty.usbmodem0006822145041: TX: 13ab08000100000008000000803d100000000010
2019-06-26 13:11:14,948 - DEBUG - tty.usbmodem0006822145041: RX: 0784ab0005000000
2019-06-26 13:11:14,948 - DEBUG - tty.usbmodem0006822145041: parsed_packet {event: CmdRsp, data: {'opcode': 171, 'status': 0, 'data': bytearray(b'\x05\x00\x00\x00')}}
2019-06-26 13:11:14,948 - INFO - tty.usbmodem0006822145041: PacketSend: {'token': 5}
2019-06-26 13:11:14,950 - DEBUG - tty.usbmodem0006822145041: RX: 05d205000000
2019-06-26 13:11:14,950 - DEBUG - tty.usbmodem0006822145041: parsed_packet {event: MeshTxComplete, data: {'token': 5}}
2019-06-26 13:11:14,950 - INFO - tty.usbmodem0006822145041: {event: MeshTxComplete, data: {'token': 5}}
2019-06-26 13:11:15,948 - DEBUG - tty.usbmodem0006822145041: Writing: 164 bytearray(b'\x01\xc0')
2019-06-26 13:11:15,948 - DEBUG - tty.usbmodem0006822145041: TX: 03a401c0
2019-06-26 13:11:15,950 - DEBUG - tty.usbmodem0006822145041: RX: 0584a4000100
2019-06-26 13:11:15,950 - DEBUG - tty.usbmodem0006822145041: parsed_packet {event: CmdRsp, data: {'opcode': 164, 'status': 0, 'data': bytearray(b'\x01\x00')}}
2019-06-26 13:11:15,950 - INFO - tty.usbmodem0006822145041: AddrPublicationAdd: {'address_handle': 1}
2019-06-26 13:11:17,132 - DEBUG - tty.usbmodem0006822145041: RX: 2ad011000100080000000401c8639509c2c2c7160002005900000000002800030000000300000002000010
2019-06-26 13:11:17,133 - DEBUG - tty.usbmodem0006822145041: parsed_packet {event: MeshMessageReceivedUnicast, data: {'src': 17, 'dst': 1, 'appkey_handle': 8, 'subnet_handle': 0, 'ttl': 4, 'adv_addr_type': 1, 'adv_addr': bytearray(b'\xc8c\x95\t\xc2\xc2'), 'rssi': -57, 'actual_length': 22, 'data': bytearray(b'\x02\x00Y\x00\x00\x00\x00\x00(\x00\x03\x00\x00\x00\x03\x00\x00\x00\x02\x00\x00\x10')}}
2019-06-26 13:11:17,138 - INFO - tty.usbmodem0006822145041.ConfigurationClient: Received composition data (page 0x00): {
  "cid": "0059",
  "pid": "0000",
  "vid": "0000",
  "crpl": 40,
  "features": {
    "relay": 0,
    "proxy": 0,
    "friend": 2,
    "low_power": 2
  },
  "elements": [
    {
      "index": 0,
      "location": "0000",
      "models": [
        {
          "modelId": "0000"
        },
        {
          "modelId": "0002"
        },
        {
          "modelId": "1000"
        }
      ]
    }
  ]
}
2019-06-26 13:11:17,140 - INFO - tty.usbmodem0006822145041.ConfigurationClient: Received composition data (page 0x00): {
  "cid": "0059",
  "pid": "0000",
  "vid": "0000",
  "crpl": 40,
  "features": {
    "relay": 0,
    "proxy": 0,
    "friend": 2,
    "low_power": 2
  },
  "elements": [
    {
      "index": 0,
      "location": "0000",
      "models": [
        {
          "modelId": "0000"
        },
        {
          "modelId": "0002"
        },
        {
          "modelId": "1000"
        }
      ]
    }
  ]
}
2019-06-26 13:11:17,181 - DEBUG - tty.usbmodem0006822145041: RX: 1ad011000100080000000401c8639509c2c2c70600800300000000
2019-06-26 13:11:17,181 - DEBUG - tty.usbmodem0006822145041: parsed_packet {event: MeshMessageReceivedUnicast, data: {'src': 17, 'dst': 1, 'appkey_handle': 8, 'subnet_handle': 0, 'ttl': 4, 'adv_addr_type': 1, 'adv_addr': bytearray(b'\xc8c\x95\t\xc2\xc2'), 'rssi': -57, 'actual_length': 6, 'data': bytearray(b'\x80\x03\x00\x00\x00\x00')}}
2019-06-26 13:11:17,181 - INFO - tty.usbmodem0006822145041.ConfigurationClient: Appkey status: AccessStatus.SUCCESS
2019-06-26 13:11:17,184 - INFO - tty.usbmodem0006822145041.ConfigurationClient: Appkey add 0 succeded for subnet 0 at node 0011
2019-06-26 13:11:17,185 - INFO - tty.usbmodem0006822145041.ConfigurationClient: Appkey status: AccessStatus.SUCCESS
2019-06-26 13:11:17,190 - INFO - tty.usbmodem0006822145041.ConfigurationClient: Appkey bind 0 succeded for subnet 0 at node 0011
2019-06-26 13:11:17,954 - DEBUG - tty.usbmodem0006822145041.ConfigurationClient: Sending opcode: 801b, data: 100001c00010
2019-06-26 13:11:17,954 - DEBUG - tty.usbmodem0006822145041: Writing: 171 bytearray(b'\x08\x00\x01\x00\x00\x00\x08\x00\x00\x00\x80\x1b\x10\x00\x01\xc0\x00\x10')
2019-06-26 13:11:17,954 - DEBUG - tty.usbmodem0006822145041: TX: 13ab08000100000008000000801b100001c00010
2019-06-26 13:11:17,958 - DEBUG - tty.usbmodem0006822145041: RX: 0784ab0006000000
2019-06-26 13:11:17,958 - DEBUG - tty.usbmodem0006822145041: parsed_packet {event: CmdRsp, data: {'opcode': 171, 'status': 0, 'data': bytearray(b'\x06\x00\x00\x00')}}
2019-06-26 13:11:17,958 - INFO - tty.usbmodem0006822145041: PacketSend: {'token': 6}
2019-06-26 13:11:17,971 - DEBUG - tty.usbmodem0006822145041: RX: 05d206000000
2019-06-26 13:11:17,971 - DEBUG - tty.usbmodem0006822145041: parsed_packet {event: MeshTxComplete, data: {'token': 6}}
2019-06-26 13:11:17,971 - INFO - tty.usbmodem0006822145041: {event: MeshTxComplete, data: {'token': 6}}
2019-06-26 13:11:17,984 - DEBUG - tty.usbmodem0006822145041: RX: 1dd011000100080000000401c8639509c2c2c80900801f01100001c00010
2019-06-26 13:11:17,984 - DEBUG - tty.usbmodem0006822145041: parsed_packet {event: MeshMessageReceivedUnicast, data: {'src': 17, 'dst': 1, 'appkey_handle': 8, 'subnet_handle': 0, 'ttl': 4, 'adv_addr_type': 1, 'adv_addr': bytearray(b'\xc8c\x95\t\xc2\xc2'), 'rssi': -56, 'actual_length': 9, 'data': bytearray(b'\x80\x1f\x01\x10\x00\x01\xc0\x00\x10')}}
2019-06-26 13:11:17,984 - INFO - tty.usbmodem0006822145041.ConfigurationClient: Model subscription status: AccessStatus.INVALID_ADDRESS
2019-06-26 13:11:17,984 - INFO - tty.usbmodem0006822145041.ConfigurationClient: Model subscription status: AccessStatus.INVALID_ADDRESS
2019-06-26 13:11:41,021 - DEBUG - tty.usbmodem0006822145041: exited read event
