2019-07-16 17:58:47,182 - DEBUG - tty.usbmodem0006822145041: Writing: 105 bytearray(b'(:\xf8\xcf\x88\xd9\xc0\x81\x91\xff\xb9\x8d\xe3\xa3\x9c\xad|\xb5i\x9bjv\xf6\x18w\xe7\xe3\x1bDBK"\xe7\x14\xb8k\xd5\xf5"r\xa3:\xced\r\x1a\x7f\x8a\\\x8a\xe1\xb8q\xaf\x82/^Dy\\\x8c\x9cx4\x7f\x04f\x87\n_Q\x9a\xcdo\xca4\'^k\xa2\x1d\x11\xef\xc4\xf3+,\xb9w\xc5\x00|\x1f\xff\x1e\x16')
2019-07-16 17:58:47,183 - DEBUG - tty.usbmodem0006822145041: TX: 6169283af8cf88d9c08191ffb98de3a39cad7cb5699b6a76f61877e7e31b44424b22e714b86bd5f52272a33ace640d1a7f8a5c8ae1b871af822f5e44795c8c9c78347f0466870a5f519acd6fca34275e6ba21d11efc4f32b2cb977c5007c1fff1e16
2019-07-16 17:58:47,184 - INFO - tty.usbmodem0006822145041: Sending next message
2019-07-16 17:58:47,192 - DEBUG - tty.usbmodem0006822145041: RX: 03845384
2019-07-16 17:58:47,193 - DEBUG - tty.usbmodem0006822145041: parsed_packet {event: CmdRsp, data: {'opcode': 83, 'status': 132, 'data': bytearray(b'')}}
2019-07-16 17:58:47,194 - ERROR - tty.usbmodem0006822145041: None: ERROR_INVALID_LENGTH
2019-07-16 17:58:47,195 - DEBUG - tty.usbmodem0006822145041: RX: 03840084
2019-07-16 17:58:47,195 - DEBUG - tty.usbmodem0006822145041: parsed_packet {event: CmdRsp, data: {'opcode': 0, 'status': 132, 'data': bytearray(b'')}}
2019-07-16 17:58:47,195 - ERROR - tty.usbmodem0006822145041: None: ERROR_INVALID_LENGTH
2019-07-16 17:58:47,195 - DEBUG - tty.usbmodem0006822145041: Writing: 159 bytearray(b'\x01\x00\x01\x00')
2019-07-16 17:58:47,196 - DEBUG - tty.usbmodem0006822145041: TX: 059f01000100
2019-07-16 17:58:47,196 - DEBUG - tty.usbmodem0006822145041: RX: 03840084
2019-07-16 17:58:47,196 - DEBUG - tty.usbmodem0006822145041: parsed_packet {event: CmdRsp, data: {'opcode': 0, 'status': 132, 'data': bytearray(b'')}}
2019-07-16 17:58:47,197 - ERROR - tty.usbmodem0006822145041: None: ERROR_INVALID_LENGTH
2019-07-16 17:58:47,197 - DEBUG - tty.usbmodem0006822145041: Writing: 146 bytearray(b'\x00\x00\x18\xee\xd9\xc2\xa5j\xdd\x85\x04\x9f\xfc<Y\xad\x0e\x12')
2019-07-16 17:58:47,199 - DEBUG - tty.usbmodem0006822145041: TX: 1392000018eed9c2a56add85049ffc3c59ad0e12
2019-07-16 17:58:47,199 - DEBUG - tty.usbmodem0006822145041: RX: 03840084
2019-07-16 17:58:47,199 - DEBUG - tty.usbmodem0006822145041: parsed_packet {event: CmdRsp, data: {'opcode': 0, 'status': 132, 'data': bytearray(b'')}}
2019-07-16 17:58:47,202 - ERROR - tty.usbmodem0006822145041: None: ERROR_INVALID_LENGTH
2019-07-16 17:58:47,203 - DEBUG - tty.usbmodem0006822145041: Writing: 151 bytearray(b'\x00\x00\x00\x00Oh\xad\x85\xd9\xf4\x8a\xc8X\x9d\xf6e\xb6\xb4\x9b\x8a')
2019-07-16 17:58:47,203 - DEBUG - tty.usbmodem0006822145041: TX: 1597000000004f68ad85d9f48ac8589df665b6b49b8a
2019-07-16 17:58:47,204 - DEBUG - tty.usbmodem0006822145041: RX: 03840084
2019-07-16 17:58:47,204 - DEBUG - tty.usbmodem0006822145041: parsed_packet {event: CmdRsp, data: {'opcode': 0, 'status': 132, 'data': bytearray(b'')}}
2019-07-16 17:58:47,204 - ERROR - tty.usbmodem0006822145041: None: ERROR_INVALID_LENGTH
2019-07-16 17:58:47,204 - DEBUG - tty.usbmodem0006822145041: Writing: 151 bytearray(b'\x01\x00\x00\x00*\xa2\xa6\xde\xd5\xa0y\x8c\xea\xb5x|\xa3\xae9\xfc')
2019-07-16 17:58:47,204 - DEBUG - tty.usbmodem0006822145041: TX: 1597010000002aa2a6ded5a0798ceab5787ca3ae39fc
2019-07-16 17:58:47,204 - DEBUG - tty.usbmodem0006822145041: RX: 03840084
2019-07-16 17:58:47,214 - DEBUG - tty.usbmodem0006822145041: parsed_packet {event: CmdRsp, data: {'opcode': 0, 'status': 132, 'data': bytearray(b'')}}
2019-07-16 17:58:47,214 - ERROR - tty.usbmodem0006822145041: None: ERROR_INVALID_LENGTH
2019-07-16 17:58:47,215 - DEBUG - tty.usbmodem0006822145041: RX: 03840084
2019-07-16 17:58:47,215 - DEBUG - tty.usbmodem0006822145041: parsed_packet {event: CmdRsp, data: {'opcode': 0, 'status': 132, 'data': bytearray(b'')}}
2019-07-16 17:58:47,215 - ERROR - tty.usbmodem0006822145041: None: ERROR_INVALID_LENGTH
2019-07-16 17:58:47,215 - DEBUG - tty.usbmodem0006822145041: RX: 03840084
2019-07-16 17:58:47,215 - DEBUG - tty.usbmodem0006822145041: parsed_packet {event: CmdRsp, data: {'opcode': 0, 'status': 132, 'data': bytearray(b'')}}
2019-07-16 17:58:47,216 - ERROR - tty.usbmodem0006822145041: None: ERROR_INVALID_LENGTH
2019-07-16 17:58:47,216 - DEBUG - tty.usbmodem0006822145041: RX: 03840084
2019-07-16 17:58:47,216 - DEBUG - tty.usbmodem0006822145041: parsed_packet {event: CmdRsp, data: {'opcode': 0, 'status': 132, 'data': bytearray(b'')}}
2019-07-16 17:58:47,216 - ERROR - tty.usbmodem0006822145041: None: ERROR_INVALID_LENGTH
2019-07-16 17:58:47,216 - DEBUG - tty.usbmodem0006822145041: RX: 03840084
2019-07-16 17:58:47,217 - DEBUG - tty.usbmodem0006822145041: parsed_packet {event: CmdRsp, data: {'opcode': 0, 'status': 132, 'data': bytearray(b'')}}
2019-07-16 17:58:47,217 - ERROR - tty.usbmodem0006822145041: None: ERROR_INVALID_LENGTH
2019-07-16 17:58:47,217 - DEBUG - tty.usbmodem0006822145041: RX: 03840084
2019-07-16 17:58:47,218 - DEBUG - tty.usbmodem0006822145041: parsed_packet {event: CmdRsp, data: {'opcode': 0, 'status': 132, 'data': bytearray(b'')}}
2019-07-16 17:58:47,218 - ERROR - tty.usbmodem0006822145041: None: ERROR_INVALID_LENGTH
2019-07-16 17:58:47,218 - DEBUG - tty.usbmodem0006822145041: RX: 03840084
2019-07-16 17:58:47,218 - DEBUG - tty.usbmodem0006822145041: parsed_packet {event: CmdRsp, data: {'opcode': 0, 'status': 132, 'data': bytearray(b'')}}
2019-07-16 17:58:47,218 - ERROR - tty.usbmodem0006822145041: None: ERROR_INVALID_LENGTH
2019-07-16 17:58:47,218 - DEBUG - tty.usbmodem0006822145041: RX: 03840084
2019-07-16 17:58:47,219 - DEBUG - tty.usbmodem0006822145041: parsed_packet {event: CmdRsp, data: {'opcode': 0, 'status': 132, 'data': bytearray(b'')}}
2019-07-16 17:58:47,219 - ERROR - tty.usbmodem0006822145041: None: ERROR_INVALID_LENGTH
2019-07-16 17:58:47,219 - DEBUG - tty.usbmodem0006822145041: RX: 03849f00
2019-07-16 17:58:47,219 - DEBUG - tty.usbmodem0006822145041: parsed_packet {event: CmdRsp, data: {'opcode': 159, 'status': 0, 'data': bytearray(b'')}}
2019-07-16 17:58:47,219 - INFO - tty.usbmodem0006822145041: Success
2019-07-16 17:58:47,230 - DEBUG - tty.usbmodem0006822145041: RX: 058492000000
2019-07-16 17:58:47,231 - DEBUG - tty.usbmodem0006822145041: parsed_packet {event: CmdRsp, data: {'opcode': 146, 'status': 0, 'data': bytearray(b'\x00\x00')}}
2019-07-16 17:58:47,232 - INFO - tty.usbmodem0006822145041: SubnetAdd: {'subnet_handle': 0}
2019-07-16 17:58:47,232 - DEBUG - tty.usbmodem0006822145041: RX: 058497000000
2019-07-16 17:58:47,232 - DEBUG - tty.usbmodem0006822145041: parsed_packet {event: CmdRsp, data: {'opcode': 151, 'status': 0, 'data': bytearray(b'\x00\x00')}}
2019-07-16 17:58:47,232 - INFO - tty.usbmodem0006822145041: AppkeyAdd: {'appkey_handle': 0}
2019-07-16 17:58:47,232 - DEBUG - tty.usbmodem0006822145041: RX: 058497000100
2019-07-16 17:58:47,232 - DEBUG - tty.usbmodem0006822145041: parsed_packet {event: CmdRsp, data: {'opcode': 151, 'status': 0, 'data': bytearray(b'\x01\x00')}}
2019-07-16 17:58:47,233 - INFO - tty.usbmodem0006822145041: AppkeyAdd: {'appkey_handle': 1}
2019-07-16 17:58:50,629 - DEBUG - tty.usbmodem0006822145041: Writing: 97 bytearray(b'')
2019-07-16 17:58:50,634 - DEBUG - tty.usbmodem0006822145041: TX: 0161
2019-07-16 17:58:50,636 - DEBUG - tty.usbmodem0006822145041: RX: 03846100
2019-07-16 17:58:50,636 - DEBUG - tty.usbmodem0006822145041: parsed_packet {event: CmdRsp, data: {'opcode': 97, 'status': 0, 'data': bytearray(b'')}}
2019-07-16 17:58:50,637 - INFO - tty.usbmodem0006822145041: Success
2019-07-16 17:58:52,023 - DEBUG - tty.usbmodem0006822145041: RX: 1ac09db77a0526b8734988639509c242d107ec0001c8639509c2c2
2019-07-16 17:58:52,024 - DEBUG - tty.usbmodem0006822145041: parsed_packet {event: ProvUnprovisionedReceived, data: {'uuid': bytearray(b'\x9d\xb7z\x05&\xb8sI\x88c\x95\t\xc2B\xd1\x07'), 'rssi': -20, 'gatt_supported': 0, 'adv_addr_type': 1, 'adv_addr': bytearray(b'\xc8c\x95\t\xc2\xc2')}}
2019-07-16 17:58:52,024 - INFO - tty.usbmodem0006822145041: {event: ProvUnprovisionedReceived, data: {'uuid': bytearray(b'\x9d\xb7z\x05&\xb8sI\x88c\x95\t\xc2B\xd1\x07'), 'rssi': -20, 'gatt_supported': 0, 'adv_addr_type': 1, 'adv_addr': bytearray(b'\xc8c\x95\t\xc2\xc2')}}
2019-07-16 17:58:52,024 - INFO - tty.usbmodem0006822145041: Received UUID 9db77a0526b8734988639509c242d107 with RSSI: -20 dB
2019-07-16 17:58:54,029 - DEBUG - tty.usbmodem0006822145041: RX: 1ac09db77a0526b8734988639509c242d107ed0001c8639509c2c2
2019-07-16 17:58:54,030 - DEBUG - tty.usbmodem0006822145041: parsed_packet {event: ProvUnprovisionedReceived, data: {'uuid': bytearray(b'\x9d\xb7z\x05&\xb8sI\x88c\x95\t\xc2B\xd1\x07'), 'rssi': -19, 'gatt_supported': 0, 'adv_addr_type': 1, 'adv_addr': bytearray(b'\xc8c\x95\t\xc2\xc2')}}
2019-07-16 17:58:54,030 - INFO - tty.usbmodem0006822145041: {event: ProvUnprovisionedReceived, data: {'uuid': bytearray(b'\x9d\xb7z\x05&\xb8sI\x88c\x95\t\xc2B\xd1\x07'), 'rssi': -19, 'gatt_supported': 0, 'adv_addr_type': 1, 'adv_addr': bytearray(b'\xc8c\x95\t\xc2\xc2')}}
2019-07-16 17:58:54,989 - DEBUG - tty.usbmodem0006822145041: Writing: 98 bytearray(b'')
2019-07-16 17:58:54,993 - DEBUG - tty.usbmodem0006822145041: TX: 0162
2019-07-16 17:58:54,994 - DEBUG - tty.usbmodem0006822145041: Writing: 99 bytearray(b'\x00\x9d\xb7z\x05&\xb8sI\x88c\x95\t\xc2B\xd1\x07\x18\xee\xd9\xc2\xa5j\xdd\x85\x04\x9f\xfc<Y\xad\x0e\x12\x00\x00\x00\x00\x00\x00\x10\x00\x00\x00\x00')
2019-07-16 17:58:54,995 - DEBUG - tty.usbmodem0006822145041: TX: 2d63009db77a0526b8734988639509c242d10718eed9c2a56add85049ffc3c59ad0e120000000000001000000000
2019-07-16 17:58:54,995 - DEBUG - tty.usbmodem0006822145041: RX: 03846200
2019-07-16 17:58:54,995 - DEBUG - tty.usbmodem0006822145041: parsed_packet {event: CmdRsp, data: {'opcode': 98, 'status': 0, 'data': bytearray(b'')}}
2019-07-16 17:58:55,000 - INFO - tty.usbmodem0006822145041: Success
2019-07-16 17:58:55,001 - DEBUG - tty.usbmodem0006822145041: RX: 0484630000
2019-07-16 17:58:55,001 - DEBUG - tty.usbmodem0006822145041: parsed_packet {event: CmdRsp, data: {'opcode': 99, 'status': 0, 'data': bytearray(b'\x00')}}
2019-07-16 17:58:55,001 - INFO - tty.usbmodem0006822145041: Provision: {'context': 0}
2019-07-16 17:58:55,023 - DEBUG - tty.usbmodem0006822145041: RX: 02c100
2019-07-16 17:58:55,024 - DEBUG - tty.usbmodem0006822145041: parsed_packet {event: ProvLinkEstablished, data: {'context_id': 0}}
2019-07-16 17:58:55,024 - INFO - tty.usbmodem0006822145041: {event: ProvLinkEstablished, data: {'context_id': 0}}
2019-07-16 17:58:55,024 - INFO - tty.usbmodem0006822145041: Link established
2019-07-16 17:58:55,074 - DEBUG - tty.usbmodem0006822145041: RX: 0bc3000e0001000000000000
2019-07-16 17:58:55,074 - DEBUG - tty.usbmodem0006822145041: parsed_packet {event: ProvCapsReceived, data: {'context_id': 0, 'num_elements': 14, 'public_key_type': 0, 'static_oob_types': 1, 'output_oob_size': 0, 'output_oob_actions': 0, 'input_oob_size': 0, 'input_oob_actions': 0}}
2019-07-16 17:58:55,074 - INFO - tty.usbmodem0006822145041: {event: ProvCapsReceived, data: {'context_id': 0, 'num_elements': 14, 'public_key_type': 0, 'static_oob_types': 1, 'output_oob_size': 0, 'output_oob_actions': 0, 'input_oob_size': 0, 'input_oob_actions': 0}}
2019-07-16 17:58:55,074 - INFO - tty.usbmodem0006822145041: Received capabilities
2019-07-16 17:58:55,074 - INFO - tty.usbmodem0006822145041: Number of elements: 14
2019-07-16 17:58:55,074 - DEBUG - tty.usbmodem0006822145041: Writing: 102 bytearray(b'\x00\x00\x00\x00')
2019-07-16 17:58:55,075 - DEBUG - tty.usbmodem0006822145041: TX: 056600000000
2019-07-16 17:58:55,076 - DEBUG - tty.usbmodem0006822145041: RX: 0484660000
2019-07-16 17:58:55,077 - DEBUG - tty.usbmodem0006822145041: parsed_packet {event: CmdRsp, data: {'opcode': 102, 'status': 0, 'data': bytearray(b'\x00')}}
2019-07-16 17:58:55,077 - INFO - tty.usbmodem0006822145041: OobUse: {'context': 0}
2019-07-16 17:58:55,272 - DEBUG - tty.usbmodem0006822145041: RX: 62c700cb6de9f9889e7b94e5668e5199add9ecedbdab06c04c4a1049c24b008bec77f6bbd1dfa9bfcc2b1bae064132e0354d3282caff387a04269136ece8d03b0ba381a039367cec17f33774ec1e892f38eca47b83091dac33e517b44b77b5bca7371d
2019-07-16 17:58:55,272 - DEBUG - tty.usbmodem0006822145041: parsed_packet {event: ProvEcdhRequest, data: {'context_id': 0, 'peer_public': bytearray(b'\xcbm\xe9\xf9\x88\x9e{\x94\xe5f\x8eQ\x99\xad\xd9\xec\xed\xbd\xab\x06\xc0LJ\x10I\xc2K\x00\x8b\xecw\xf6\xbb\xd1\xdf\xa9\xbf\xcc+\x1b\xae\x06A2\xe05M2\x82\xca\xff8z\x04&\x916\xec\xe8\xd0;\x0b\xa3\x81'), 'node_private': bytearray(b'\xa096|\xec\x17\xf37t\xec\x1e\x89/8\xec\xa4{\x83\t\x1d\xac3\xe5\x17\xb4Kw\xb5\xbc\xa77\x1d')}}
2019-07-16 17:58:55,272 - INFO - tty.usbmodem0006822145041: {event: ProvEcdhRequest, data: {'context_id': 0, 'peer_public': bytearray(b'\xcbm\xe9\xf9\x88\x9e{\x94\xe5f\x8eQ\x99\xad\xd9\xec\xed\xbd\xab\x06\xc0LJ\x10I\xc2K\x00\x8b\xecw\xf6\xbb\xd1\xdf\xa9\xbf\xcc+\x1b\xae\x06A2\xe05M2\x82\xca\xff8z\x04&\x916\xec\xe8\xd0;\x0b\xa3\x81'), 'node_private': bytearray(b'\xa096|\xec\x17\xf37t\xec\x1e\x89/8\xec\xa4{\x83\t\x1d\xac3\xe5\x17\xb4Kw\xb5\xbc\xa77\x1d')}}
2019-07-16 17:58:55,272 - INFO - tty.usbmodem0006822145041: ECDH request received
2019-07-16 17:58:55,273 - DEBUG - tty.usbmodem0006822145041: Writing: 104 bytearray(b'\x00\x8d\xf7\xf9\xe4\xf4{\xab\xbe\xb8\xd0\xd3\x04\x04\xea\xfa\x87\xe3\xf8\xe4`\x81]\x06h.\xb5q\xa3\x100\xbcZ')
2019-07-16 17:58:55,274 - DEBUG - tty.usbmodem0006822145041: TX: 2268008df7f9e4f47babbeb8d0d30404eafa87e3f8e460815d06682eb571a31030bc5a
2019-07-16 17:58:55,279 - DEBUG - tty.usbmodem0006822145041: RX: 0484680000
2019-07-16 17:58:55,280 - DEBUG - tty.usbmodem0006822145041: parsed_packet {event: CmdRsp, data: {'opcode': 104, 'status': 0, 'data': bytearray(b'\x00')}}
2019-07-16 17:58:55,280 - INFO - tty.usbmodem0006822145041: EcdhSecret: {'context': 0}
2019-07-16 17:58:55,615 - DEBUG - tty.usbmodem0006822145041: RX: 2cc5000000000000001000000079390d9b779ffce60ee9a3d44d7d521018eed9c2a56add85049ffc3c59ad0e12
2019-07-16 17:58:55,615 - DEBUG - tty.usbmodem0006822145041: parsed_packet {event: ProvComplete, data: {'context_id': 0, 'iv_index': 0, 'net_key_index': 0, 'address': 16, 'iv_update_flag': 0, 'key_refresh_flag': 0, 'device_key': bytearray(b'y9\r\x9bw\x9f\xfc\xe6\x0e\xe9\xa3\xd4M}R\x10'), 'net_key': bytearray(b'\x18\xee\xd9\xc2\xa5j\xdd\x85\x04\x9f\xfc<Y\xad\x0e\x12')}}
2019-07-16 17:58:55,615 - INFO - tty.usbmodem0006822145041: {event: ProvComplete, data: {'context_id': 0, 'iv_index': 0, 'net_key_index': 0, 'address': 16, 'iv_update_flag': 0, 'key_refresh_flag': 0, 'device_key': bytearray(b'y9\r\x9bw\x9f\xfc\xe6\x0e\xe9\xa3\xd4M}R\x10'), 'net_key': bytearray(b'\x18\xee\xd9\xc2\xa5j\xdd\x85\x04\x9f\xfc<Y\xad\x0e\x12')}}
2019-07-16 17:58:55,615 - ERROR - tty.usbmodem0006822145041: Exception in pkt handler <bound method Manager.__event_handler of <interactive_pyaci.Manager object at 0x112df15f8>>
2019-07-16 17:58:55,617 - ERROR - tty.usbmodem0006822145041: traceback: Traceback (most recent call last):
  File "/Users/Tim-Mac/msc/bm-control/dev/nrf5SDKforMeshv310src/scripts/interactive_pyaci/aci/aci_uart.py", line 88, in process_packet
    fun(packet)
  File "/Users/Tim-Mac/msc/bm-control/dev/nrf5SDKforMeshv310src/scripts/interactive_pyaci/interactive_pyaci.py", line 244, in __event_handler
    node, element = self.src_address_to_node_element_index(address)
TypeError: cannot unpack non-iterable NoneType object

2019-07-16 17:58:55,617 - INFO - tty.usbmodem0006822145041: Provisioning complete
2019-07-16 17:58:55,617 - INFO - tty.usbmodem0006822145041: 	Address(es): 0x10-0x1d
2019-07-16 17:58:55,617 - INFO - tty.usbmodem0006822145041: 	Device key: 79390d9b779ffce60ee9a3d44d7d5210
2019-07-16 17:58:55,618 - INFO - tty.usbmodem0006822145041: 	Network key: 18eed9c2a56add85049ffc3c59ad0e12
2019-07-16 17:58:55,618 - INFO - tty.usbmodem0006822145041: Adding device key to subnet 0
2019-07-16 17:58:55,635 - INFO - tty.usbmodem0006822145041: Adding publication address of root element
2019-07-16 17:58:55,635 - DEBUG - tty.usbmodem0006822145041: Writing: 156 bytearray(b'\x10\x00\x00\x00y9\r\x9bw\x9f\xfc\xe6\x0e\xe9\xa3\xd4M}R\x10')
2019-07-16 17:58:55,636 - DEBUG - tty.usbmodem0006822145041: TX: 159c1000000079390d9b779ffce60ee9a3d44d7d5210
2019-07-16 17:58:55,638 - DEBUG - tty.usbmodem0006822145041: Writing: 164 bytearray(b'\x10\x00')
2019-07-16 17:58:55,638 - DEBUG - tty.usbmodem0006822145041: TX: 03a41000
2019-07-16 17:58:55,641 - DEBUG - tty.usbmodem0006822145041: RX: 05849c000800
2019-07-16 17:58:55,642 - DEBUG - tty.usbmodem0006822145041: parsed_packet {event: CmdRsp, data: {'opcode': 156, 'status': 0, 'data': bytearray(b'\x08\x00')}}
2019-07-16 17:58:55,642 - INFO - tty.usbmodem0006822145041: DevkeyAdd: {'devkey_handle': 8}
2019-07-16 17:58:55,646 - DEBUG - tty.usbmodem0006822145041: RX: 0584a4000000
2019-07-16 17:58:55,646 - DEBUG - tty.usbmodem0006822145041: parsed_packet {event: CmdRsp, data: {'opcode': 164, 'status': 0, 'data': bytearray(b'\x00\x00')}}
2019-07-16 17:58:55,647 - INFO - tty.usbmodem0006822145041: AddrPublicationAdd: {'address_handle': 0}
2019-07-16 17:58:55,648 - INFO - tty.usbmodem0006822145041: No Messages remaining
2019-07-16 17:58:55,715 - DEBUG - tty.usbmodem0006822145041: RX: 03c20000
2019-07-16 17:58:55,715 - DEBUG - tty.usbmodem0006822145041: parsed_packet {event: ProvLinkClosed, data: {'context_id': 0, 'close_reason': 0}}
2019-07-16 17:58:55,715 - INFO - tty.usbmodem0006822145041: {event: ProvLinkClosed, data: {'context_id': 0, 'close_reason': 0}}
2019-07-16 17:58:55,715 - INFO - tty.usbmodem0006822145041: Provisioning link closed
2019-07-16 18:00:19,905 - DEBUG - tty.usbmodem0006822145041: exited read event
