2019-06-26 12:24:05,389 - DEBUG - tty.usbmodem0006822145041: Writing: 105 bytearray(b"$d\x94\xdc\x96dw\x820\xd5\xe9\xed\xe1\xccB\x1bw~\xe81O\x8c9O\x14\xd9\x98\x7f\xc3\x11\xa8\xbdWH)\xbd|\xde\x06\xe7^\x1b\'}S&\x16\xab\xfc\xf9v\xe0-^2\xf7\xd88<\x1b\xd9\r\x8b\xfb.\xf2\xb2\x13\xf9\xb98\xe3\xf0\x9d\xa7\xd2L\x00\x9e8Zq1_\xab-\xbf\nts\t\xf0A\x1d+T")
2019-06-26 12:24:05,389 - DEBUG - tty.usbmodem0006822145041: TX: 6169246494dc9664778230d5e9ede1cc421b777ee8314f8c394f14d9987fc311a8bd574829bd7cde06e75e1b277d532616abfcf976e02d5e32f7d8383c1bd90d8bfb2ef2b213f9b938e3f09da7d24c009e385a71315fab2dbf0a747309f0411d2b54
2019-06-26 12:24:05,398 - DEBUG - tty.usbmodem0006822145041: RX: 03845384
2019-06-26 12:24:05,399 - DEBUG - tty.usbmodem0006822145041: parsed_packet {event: CmdRsp, data: {'opcode': 83, 'status': 132, 'data': bytearray(b'')}}
2019-06-26 12:24:05,400 - ERROR - tty.usbmodem0006822145041: None: ERROR_INVALID_LENGTH
2019-06-26 12:24:05,400 - DEBUG - tty.usbmodem0006822145041: Writing: 159 bytearray(b'\x01\x00\x01\x00')
2019-06-26 12:24:05,401 - DEBUG - tty.usbmodem0006822145041: TX: 059f01000100
2019-06-26 12:24:05,403 - DEBUG - tty.usbmodem0006822145041: RX: 03840084
2019-06-26 12:24:05,406 - DEBUG - tty.usbmodem0006822145041: parsed_packet {event: CmdRsp, data: {'opcode': 0, 'status': 132, 'data': bytearray(b'')}}
2019-06-26 12:24:05,406 - ERROR - tty.usbmodem0006822145041: None: ERROR_INVALID_LENGTH
2019-06-26 12:24:05,407 - DEBUG - tty.usbmodem0006822145041: RX: 03840084
2019-06-26 12:24:05,408 - DEBUG - tty.usbmodem0006822145041: parsed_packet {event: CmdRsp, data: {'opcode': 0, 'status': 132, 'data': bytearray(b'')}}
2019-06-26 12:24:05,408 - ERROR - tty.usbmodem0006822145041: None: ERROR_INVALID_LENGTH
2019-06-26 12:24:05,409 - DEBUG - tty.usbmodem0006822145041: RX: 03840084
2019-06-26 12:24:05,409 - DEBUG - tty.usbmodem0006822145041: parsed_packet {event: CmdRsp, data: {'opcode': 0, 'status': 132, 'data': bytearray(b'')}}
2019-06-26 12:24:05,409 - ERROR - tty.usbmodem0006822145041: None: ERROR_INVALID_LENGTH
2019-06-26 12:24:05,410 - DEBUG - tty.usbmodem0006822145041: RX: 03840084
2019-06-26 12:24:05,410 - DEBUG - tty.usbmodem0006822145041: parsed_packet {event: CmdRsp, data: {'opcode': 0, 'status': 132, 'data': bytearray(b'')}}
2019-06-26 12:24:05,411 - DEBUG - tty.usbmodem0006822145041: Writing: 146 bytearray(b'\x00\x00\x18\xee\xd9\xc2\xa5j\xdd\x85\x04\x9f\xfc<Y\xad\x0e\x12')
2019-06-26 12:24:05,417 - ERROR - tty.usbmodem0006822145041: None: ERROR_INVALID_LENGTH
2019-06-26 12:24:05,418 - DEBUG - tty.usbmodem0006822145041: TX: 1392000018eed9c2a56add85049ffc3c59ad0e12
2019-06-26 12:24:05,418 - DEBUG - tty.usbmodem0006822145041: RX: 03840084
2019-06-26 12:24:05,419 - DEBUG - tty.usbmodem0006822145041: Writing: 151 bytearray(b'\x00\x00\x00\x00Oh\xad\x85\xd9\xf4\x8a\xc8X\x9d\xf6e\xb6\xb4\x9b\x8a')
2019-06-26 12:24:05,419 - DEBUG - tty.usbmodem0006822145041: TX: 1597000000004f68ad85d9f48ac8589df665b6b49b8a
2019-06-26 12:24:05,419 - DEBUG - tty.usbmodem0006822145041: parsed_packet {event: CmdRsp, data: {'opcode': 0, 'status': 132, 'data': bytearray(b'')}}
2019-06-26 12:24:05,420 - ERROR - tty.usbmodem0006822145041: None: ERROR_INVALID_LENGTH
2019-06-26 12:24:05,425 - DEBUG - tty.usbmodem0006822145041: RX: 03840084
2019-06-26 12:24:05,426 - DEBUG - tty.usbmodem0006822145041: parsed_packet {event: CmdRsp, data: {'opcode': 0, 'status': 132, 'data': bytearray(b'')}}
2019-06-26 12:24:05,426 - ERROR - tty.usbmodem0006822145041: None: ERROR_INVALID_LENGTH
2019-06-26 12:24:05,436 - DEBUG - tty.usbmodem0006822145041: RX: 03840084
2019-06-26 12:24:05,436 - DEBUG - tty.usbmodem0006822145041: parsed_packet {event: CmdRsp, data: {'opcode': 0, 'status': 132, 'data': bytearray(b'')}}
2019-06-26 12:24:05,436 - ERROR - tty.usbmodem0006822145041: None: ERROR_INVALID_LENGTH
2019-06-26 12:24:05,436 - DEBUG - tty.usbmodem0006822145041: RX: 03840084
2019-06-26 12:24:05,437 - DEBUG - tty.usbmodem0006822145041: parsed_packet {event: CmdRsp, data: {'opcode': 0, 'status': 132, 'data': bytearray(b'')}}
2019-06-26 12:24:05,438 - ERROR - tty.usbmodem0006822145041: None: ERROR_INVALID_LENGTH
2019-06-26 12:24:05,423 - DEBUG - tty.usbmodem0006822145041: Writing: 151 bytearray(b'\x01\x00\x00\x00*\xa2\xa6\xde\xd5\xa0y\x8c\xea\xb5x|\xa3\xae9\xfc')
2019-06-26 12:24:05,453 - DEBUG - tty.usbmodem0006822145041: RX: 03840084
2019-06-26 12:24:05,454 - DEBUG - tty.usbmodem0006822145041: parsed_packet {event: CmdRsp, data: {'opcode': 0, 'status': 132, 'data': bytearray(b'')}}
2019-06-26 12:24:05,454 - ERROR - tty.usbmodem0006822145041: None: ERROR_INVALID_LENGTH
2019-06-26 12:24:05,455 - DEBUG - tty.usbmodem0006822145041: RX: 03840084
2019-06-26 12:24:05,455 - DEBUG - tty.usbmodem0006822145041: parsed_packet {event: CmdRsp, data: {'opcode': 0, 'status': 132, 'data': bytearray(b'')}}
2019-06-26 12:24:05,455 - ERROR - tty.usbmodem0006822145041: None: ERROR_INVALID_LENGTH
2019-06-26 12:24:05,455 - DEBUG - tty.usbmodem0006822145041: RX: 03840084
2019-06-26 12:24:05,453 - DEBUG - tty.usbmodem0006822145041: TX: 1597010000002aa2a6ded5a0798ceab5787ca3ae39fc
2019-06-26 12:24:05,457 - DEBUG - tty.usbmodem0006822145041: parsed_packet {event: CmdRsp, data: {'opcode': 0, 'status': 132, 'data': bytearray(b'')}}
2019-06-26 12:24:05,457 - ERROR - tty.usbmodem0006822145041: None: ERROR_INVALID_LENGTH
2019-06-26 12:24:05,458 - DEBUG - tty.usbmodem0006822145041: RX: 03840084
2019-06-26 12:24:05,458 - DEBUG - tty.usbmodem0006822145041: parsed_packet {event: CmdRsp, data: {'opcode': 0, 'status': 132, 'data': bytearray(b'')}}
2019-06-26 12:24:05,458 - ERROR - tty.usbmodem0006822145041: None: ERROR_INVALID_LENGTH
2019-06-26 12:24:05,458 - DEBUG - tty.usbmodem0006822145041: RX: 03849f00
2019-06-26 12:24:05,459 - DEBUG - tty.usbmodem0006822145041: parsed_packet {event: CmdRsp, data: {'opcode': 159, 'status': 0, 'data': bytearray(b'')}}
2019-06-26 12:24:05,459 - INFO - tty.usbmodem0006822145041: Success
2019-06-26 12:24:05,459 - DEBUG - tty.usbmodem0006822145041: RX: 058492000000
2019-06-26 12:24:05,459 - DEBUG - tty.usbmodem0006822145041: parsed_packet {event: CmdRsp, data: {'opcode': 146, 'status': 0, 'data': bytearray(b'\x00\x00')}}
2019-06-26 12:24:05,473 - INFO - tty.usbmodem0006822145041: SubnetAdd: {'subnet_handle': 0}
2019-06-26 12:24:05,476 - DEBUG - tty.usbmodem0006822145041: RX: 058497000000
2019-06-26 12:24:05,477 - DEBUG - tty.usbmodem0006822145041: parsed_packet {event: CmdRsp, data: {'opcode': 151, 'status': 0, 'data': bytearray(b'\x00\x00')}}
2019-06-26 12:24:05,480 - INFO - tty.usbmodem0006822145041: AppkeyAdd: {'appkey_handle': 0}
2019-06-26 12:24:05,482 - DEBUG - tty.usbmodem0006822145041: RX: 058497000100
2019-06-26 12:24:05,483 - DEBUG - tty.usbmodem0006822145041: parsed_packet {event: CmdRsp, data: {'opcode': 151, 'status': 0, 'data': bytearray(b'\x01\x00')}}
2019-06-26 12:24:05,484 - INFO - tty.usbmodem0006822145041: AppkeyAdd: {'appkey_handle': 1}
2019-06-26 12:24:07,656 - DEBUG - tty.usbmodem0006822145041: Writing: 97 bytearray(b'')
2019-06-26 12:24:07,656 - DEBUG - tty.usbmodem0006822145041: TX: 0161
2019-06-26 12:24:07,659 - DEBUG - tty.usbmodem0006822145041: RX: 03846100
2019-06-26 12:24:07,659 - DEBUG - tty.usbmodem0006822145041: parsed_packet {event: CmdRsp, data: {'opcode': 97, 'status': 0, 'data': bytearray(b'')}}
2019-06-26 12:24:07,662 - INFO - tty.usbmodem0006822145041: Success
2019-06-26 12:24:07,890 - DEBUG - tty.usbmodem0006822145041: RX: 1ac09db77a0526b8734988639509c242d107ce0001c8639509c2c2
2019-06-26 12:24:07,891 - DEBUG - tty.usbmodem0006822145041: parsed_packet {event: ProvUnprovisionedReceived, data: {'uuid': bytearray(b'\x9d\xb7z\x05&\xb8sI\x88c\x95\t\xc2B\xd1\x07'), 'rssi': -50, 'gatt_supported': 0, 'adv_addr_type': 1, 'adv_addr': bytearray(b'\xc8c\x95\t\xc2\xc2')}}
2019-06-26 12:24:07,892 - INFO - tty.usbmodem0006822145041: Received UUID 9db77a0526b8734988639509c242d107 with RSSI: -50 dB
2019-06-26 12:24:09,891 - DEBUG - tty.usbmodem0006822145041: RX: 1ac09db77a0526b8734988639509c242d107cf0001c8639509c2c2
2019-06-26 12:24:09,892 - DEBUG - tty.usbmodem0006822145041: parsed_packet {event: ProvUnprovisionedReceived, data: {'uuid': bytearray(b'\x9d\xb7z\x05&\xb8sI\x88c\x95\t\xc2B\xd1\x07'), 'rssi': -49, 'gatt_supported': 0, 'adv_addr_type': 1, 'adv_addr': bytearray(b'\xc8c\x95\t\xc2\xc2')}}
2019-06-26 12:24:11,902 - DEBUG - tty.usbmodem0006822145041: RX: 1ac09db77a0526b8734988639509c242d107d00001c8639509c2c2
2019-06-26 12:24:11,903 - DEBUG - tty.usbmodem0006822145041: parsed_packet {event: ProvUnprovisionedReceived, data: {'uuid': bytearray(b'\x9d\xb7z\x05&\xb8sI\x88c\x95\t\xc2B\xd1\x07'), 'rssi': -48, 'gatt_supported': 0, 'adv_addr_type': 1, 'adv_addr': bytearray(b'\xc8c\x95\t\xc2\xc2')}}
2019-06-26 12:24:15,905 - DEBUG - tty.usbmodem0006822145041: RX: 1ac09db77a0526b8734988639509c242d107d00001c8639509c2c2
2019-06-26 12:24:15,906 - DEBUG - tty.usbmodem0006822145041: parsed_packet {event: ProvUnprovisionedReceived, data: {'uuid': bytearray(b'\x9d\xb7z\x05&\xb8sI\x88c\x95\t\xc2B\xd1\x07'), 'rssi': -48, 'gatt_supported': 0, 'adv_addr_type': 1, 'adv_addr': bytearray(b'\xc8c\x95\t\xc2\xc2')}}
2019-06-26 12:24:16,677 - DEBUG - tty.usbmodem0006822145041: Writing: 98 bytearray(b'')
2019-06-26 12:24:16,689 - DEBUG - tty.usbmodem0006822145041: TX: 0162
2019-06-26 12:24:16,695 - DEBUG - tty.usbmodem0006822145041: Writing: 99 bytearray(b'\x00\x9d\xb7z\x05&\xb8sI\x88c\x95\t\xc2B\xd1\x07\x18\xee\xd9\xc2\xa5j\xdd\x85\x04\x9f\xfc<Y\xad\x0e\x12\x00\x00\x00\x00\x00\x00\x10\x00\x00\x00\x00')
2019-06-26 12:24:16,696 - DEBUG - tty.usbmodem0006822145041: TX: 2d63009db77a0526b8734988639509c242d10718eed9c2a56add85049ffc3c59ad0e120000000000001000000000
2019-06-26 12:24:16,736 - DEBUG - tty.usbmodem0006822145041: RX: 03846200
2019-06-26 12:24:16,749 - DEBUG - tty.usbmodem0006822145041: parsed_packet {event: CmdRsp, data: {'opcode': 98, 'status': 0, 'data': bytearray(b'')}}
2019-06-26 12:24:16,751 - INFO - tty.usbmodem0006822145041: Success
2019-06-26 12:24:16,762 - DEBUG - tty.usbmodem0006822145041: RX: 0484630000
2019-06-26 12:24:16,776 - DEBUG - tty.usbmodem0006822145041: parsed_packet {event: CmdRsp, data: {'opcode': 99, 'status': 0, 'data': bytearray(b'\x00')}}
2019-06-26 12:24:16,777 - INFO - tty.usbmodem0006822145041: Provision: {'context': 0}
2019-06-26 12:24:16,796 - DEBUG - tty.usbmodem0006822145041: RX: 02c100
2019-06-26 12:24:16,808 - DEBUG - tty.usbmodem0006822145041: parsed_packet {event: ProvLinkEstablished, data: {'context_id': 0}}
2019-06-26 12:24:16,821 - INFO - tty.usbmodem0006822145041: Link established
2019-06-26 12:24:16,834 - DEBUG - tty.usbmodem0006822145041: RX: 0bc300010001000000000000
2019-06-26 12:24:16,836 - DEBUG - tty.usbmodem0006822145041: parsed_packet {event: ProvCapsReceived, data: {'context_id': 0, 'num_elements': 1, 'public_key_type': 0, 'static_oob_types': 1, 'output_oob_size': 0, 'output_oob_actions': 0, 'input_oob_size': 0, 'input_oob_actions': 0}}
2019-06-26 12:24:16,838 - INFO - tty.usbmodem0006822145041: Received capabilities
2019-06-26 12:24:16,839 - INFO - tty.usbmodem0006822145041: Number of elements: 1
2019-06-26 12:24:16,839 - DEBUG - tty.usbmodem0006822145041: Writing: 102 bytearray(b'\x00\x00\x00\x00')
2019-06-26 12:24:16,839 - DEBUG - tty.usbmodem0006822145041: TX: 056600000000
2019-06-26 12:24:16,841 - DEBUG - tty.usbmodem0006822145041: RX: 0484660000
2019-06-26 12:24:16,842 - DEBUG - tty.usbmodem0006822145041: parsed_packet {event: CmdRsp, data: {'opcode': 102, 'status': 0, 'data': bytearray(b'\x00')}}
2019-06-26 12:24:16,845 - INFO - tty.usbmodem0006822145041: OobUse: {'context': 0}
2019-06-26 12:24:19,047 - DEBUG - tty.usbmodem0006822145041: RX: 62c700dedcc9299edddd211e108f3aa81c41d08ae13eb24823b4efbce26083e34abb7403dfb6c694cd87d4b72873b9ba6ec7a739550c94a3e08624719b23f9ddf3c93fafe5c836a7bf82e6dbcc655ae6f8f8c0e564ec739f064ba1fa88a66001671836
2019-06-26 12:24:19,047 - DEBUG - tty.usbmodem0006822145041: parsed_packet {event: ProvEcdhRequest, data: {'context_id': 0, 'peer_public': bytearray(b'\xde\xdc\xc9)\x9e\xdd\xdd!\x1e\x10\x8f:\xa8\x1cA\xd0\x8a\xe1>\xb2H#\xb4\xef\xbc\xe2`\x83\xe3J\xbbt\x03\xdf\xb6\xc6\x94\xcd\x87\xd4\xb7(s\xb9\xban\xc7\xa79U\x0c\x94\xa3\xe0\x86$q\x9b#\xf9\xdd\xf3\xc9?'), 'node_private': bytearray(b'\xaf\xe5\xc86\xa7\xbf\x82\xe6\xdb\xcceZ\xe6\xf8\xf8\xc0\xe5d\xecs\x9f\x06K\xa1\xfa\x88\xa6`\x01g\x186')}}
2019-06-26 12:24:19,048 - INFO - tty.usbmodem0006822145041: ECDH request received
2019-06-26 12:24:19,050 - DEBUG - tty.usbmodem0006822145041: Writing: 104 bytearray(b'\x00N8\xf7k\xab\x040\x98l3\r\x10\xfd\xd5\xd3ww^\x9d\x0f\xcf\r\x06\x8e\x8d\xf8O\xe3DQ\x01\x82')
2019-06-26 12:24:19,074 - DEBUG - tty.usbmodem0006822145041: TX: 2268004e38f76bab0430986c330d10fdd5d377775e9d0fcf0d068e8df84fe344510182
2019-06-26 12:24:19,080 - DEBUG - tty.usbmodem0006822145041: RX: 0484680000
2019-06-26 12:24:19,080 - DEBUG - tty.usbmodem0006822145041: parsed_packet {event: CmdRsp, data: {'opcode': 104, 'status': 0, 'data': bytearray(b'\x00')}}
2019-06-26 12:24:19,080 - INFO - tty.usbmodem0006822145041: EcdhSecret: {'context': 0}
2019-06-26 12:24:19,415 - DEBUG - tty.usbmodem0006822145041: RX: 2cc5000000000000001000000011ef19ba5b398a9c368682c854593b6718eed9c2a56add85049ffc3c59ad0e12
2019-06-26 12:24:19,415 - DEBUG - tty.usbmodem0006822145041: parsed_packet {event: ProvComplete, data: {'context_id': 0, 'iv_index': 0, 'net_key_index': 0, 'address': 16, 'iv_update_flag': 0, 'key_refresh_flag': 0, 'device_key': bytearray(b'\x11\xef\x19\xba[9\x8a\x9c6\x86\x82\xc8TY;g'), 'net_key': bytearray(b'\x18\xee\xd9\xc2\xa5j\xdd\x85\x04\x9f\xfc<Y\xad\x0e\x12')}}
2019-06-26 12:24:19,415 - INFO - tty.usbmodem0006822145041: Provisioning complete
2019-06-26 12:24:19,415 - INFO - tty.usbmodem0006822145041: 	Address(es): 0x10-0x10
2019-06-26 12:24:19,416 - INFO - tty.usbmodem0006822145041: 	Device key: 11ef19ba5b398a9c368682c854593b67
2019-06-26 12:24:19,416 - INFO - tty.usbmodem0006822145041: 	Network key: 18eed9c2a56add85049ffc3c59ad0e12
2019-06-26 12:24:19,416 - INFO - tty.usbmodem0006822145041: Adding device key to subnet 0
2019-06-26 12:24:19,416 - INFO - tty.usbmodem0006822145041: Adding publication address of root element
2019-06-26 12:24:19,416 - DEBUG - tty.usbmodem0006822145041: Writing: 156 bytearray(b'\x10\x00\x00\x00\x11\xef\x19\xba[9\x8a\x9c6\x86\x82\xc8TY;g')
2019-06-26 12:24:19,416 - DEBUG - tty.usbmodem0006822145041: TX: 159c1000000011ef19ba5b398a9c368682c854593b67
2019-06-26 12:24:19,418 - DEBUG - tty.usbmodem0006822145041: Writing: 164 bytearray(b'\x10\x00')
2019-06-26 12:24:19,418 - DEBUG - tty.usbmodem0006822145041: TX: 03a41000
2019-06-26 12:24:19,421 - DEBUG - tty.usbmodem0006822145041: RX: 05849c000800
2019-06-26 12:24:19,422 - DEBUG - tty.usbmodem0006822145041: parsed_packet {event: CmdRsp, data: {'opcode': 156, 'status': 0, 'data': bytearray(b'\x08\x00')}}
2019-06-26 12:24:19,422 - INFO - tty.usbmodem0006822145041: DevkeyAdd: {'devkey_handle': 8}
2019-06-26 12:24:19,422 - DEBUG - tty.usbmodem0006822145041: RX: 0584a4000000
2019-06-26 12:24:19,422 - DEBUG - tty.usbmodem0006822145041: parsed_packet {event: CmdRsp, data: {'opcode': 164, 'status': 0, 'data': bytearray(b'\x00\x00')}}
2019-06-26 12:24:19,426 - INFO - tty.usbmodem0006822145041: AddrPublicationAdd: {'address_handle': 0}
2019-06-26 12:24:19,519 - DEBUG - tty.usbmodem0006822145041: RX: 03c20000
2019-06-26 12:24:19,519 - DEBUG - tty.usbmodem0006822145041: parsed_packet {event: ProvLinkClosed, data: {'context_id': 0, 'close_reason': 0}}
2019-06-26 12:24:19,519 - INFO - tty.usbmodem0006822145041: Provisioning link closed
2019-06-26 12:24:40,601 - DEBUG - tty.usbmodem0006822145041.ConfigurationClient: Sending opcode: 8008, data: 00
2019-06-26 12:24:40,602 - DEBUG - tty.usbmodem0006822145041.ConfigurationClient: Sending opcode: 00, data: 0000004f68ad85d9f48ac8589df665b6b49b8a
2019-06-26 12:24:40,602 - DEBUG - tty.usbmodem0006822145041: Writing: 171 bytearray(b'\x08\x00\x01\x00\x00\x00\x08\x00\x00\x00\x80\x08\x00')
2019-06-26 12:24:40,603 - DEBUG - tty.usbmodem0006822145041: TX: 0eab08000100000008000000800800
2019-06-26 12:24:40,603 - DEBUG - tty.usbmodem0006822145041: Writing: 171 bytearray(b'\x08\x00\x01\x00\x00\x00\x08\x00\x00\x00\x00\x00\x00\x00Oh\xad\x85\xd9\xf4\x8a\xc8X\x9d\xf6e\xb6\xb4\x9b\x8a')
2019-06-26 12:24:40,603 - DEBUG - tty.usbmodem0006822145041: TX: 1fab08000100000008000000000000004f68ad85d9f48ac8589df665b6b49b8a
2019-06-26 12:24:40,607 - DEBUG - tty.usbmodem0006822145041: RX: 0784ab0001000000
2019-06-26 12:24:40,607 - DEBUG - tty.usbmodem0006822145041: parsed_packet {event: CmdRsp, data: {'opcode': 171, 'status': 0, 'data': bytearray(b'\x01\x00\x00\x00')}}
2019-06-26 12:24:40,608 - INFO - tty.usbmodem0006822145041: PacketSend: {'token': 1}
2019-06-26 12:24:40,610 - DEBUG - tty.usbmodem0006822145041: RX: 0784ab0002000000
2019-06-26 12:24:40,611 - DEBUG - tty.usbmodem0006822145041: parsed_packet {event: CmdRsp, data: {'opcode': 171, 'status': 0, 'data': bytearray(b'\x02\x00\x00\x00')}}
2019-06-26 12:24:40,612 - INFO - tty.usbmodem0006822145041: PacketSend: {'token': 2}
2019-06-26 12:24:40,627 - DEBUG - tty.usbmodem0006822145041: RX: 05d201000000
2019-06-26 12:24:40,627 - DEBUG - tty.usbmodem0006822145041: parsed_packet {event: MeshTxComplete, data: {'token': 1}}
2019-06-26 12:24:40,628 - INFO - tty.usbmodem0006822145041: {event: MeshTxComplete, data: {'token': 1}}
2019-06-26 12:24:40,695 - DEBUG - tty.usbmodem0006822145041: RX: 2ad010000100080000000401c8639509c2c2ca160002005900000000002800030000000300000002000010
2019-06-26 12:24:40,695 - DEBUG - tty.usbmodem0006822145041: parsed_packet {event: MeshMessageReceivedUnicast, data: {'src': 16, 'dst': 1, 'appkey_handle': 8, 'subnet_handle': 0, 'ttl': 4, 'adv_addr_type': 1, 'adv_addr': bytearray(b'\xc8c\x95\t\xc2\xc2'), 'rssi': -54, 'actual_length': 22, 'data': bytearray(b'\x02\x00Y\x00\x00\x00\x00\x00(\x00\x03\x00\x00\x00\x03\x00\x00\x00\x02\x00\x00\x10')}}
2019-06-26 12:24:40,697 - INFO - tty.usbmodem0006822145041.ConfigurationClient: Received composition data (page 0x00): {
  "cid": "0059",
  "pid": "0000",
  "vid": "0000",
  "crpl": 40,
  "features": {
    "relay": 0,
    "proxy": 0,
    "friend": 2,
    "low_power": 2
  },
  "elements": [
    {
      "index": 0,
      "location": "0000",
      "models": [
        {
          "modelId": "0000"
        },
        {
          "modelId": "0002"
        },
        {
          "modelId": "1000"
        }
      ]
    }
  ]
}
2019-06-26 12:24:40,714 - DEBUG - tty.usbmodem0006822145041: RX: 05d202000000
2019-06-26 12:24:40,715 - DEBUG - tty.usbmodem0006822145041: parsed_packet {event: MeshTxComplete, data: {'token': 2}}
2019-06-26 12:24:40,715 - INFO - tty.usbmodem0006822145041: {event: MeshTxComplete, data: {'token': 2}}
2019-06-26 12:24:40,738 - DEBUG - tty.usbmodem0006822145041: RX: 1ad010000100080000000401c8639509c2c2cc0600800300000000
2019-06-26 12:24:40,738 - DEBUG - tty.usbmodem0006822145041: parsed_packet {event: MeshMessageReceivedUnicast, data: {'src': 16, 'dst': 1, 'appkey_handle': 8, 'subnet_handle': 0, 'ttl': 4, 'adv_addr_type': 1, 'adv_addr': bytearray(b'\xc8c\x95\t\xc2\xc2'), 'rssi': -52, 'actual_length': 6, 'data': bytearray(b'\x80\x03\x00\x00\x00\x00')}}
2019-06-26 12:24:40,739 - INFO - tty.usbmodem0006822145041.ConfigurationClient: Appkey status: AccessStatus.SUCCESS
2019-06-26 12:24:40,742 - INFO - tty.usbmodem0006822145041.ConfigurationClient: Appkey add 0 succeded for subnet 0 at node 0010
2019-06-26 12:24:50,729 - DEBUG - tty.usbmodem0006822145041.ConfigurationClient: Sending opcode: 803d, data: 100000000010
2019-06-26 12:24:50,729 - DEBUG - tty.usbmodem0006822145041: Writing: 171 bytearray(b'\x08\x00\x01\x00\x00\x00\x08\x00\x00\x00\x80=\x10\x00\x00\x00\x00\x10')
2019-06-26 12:24:50,730 - DEBUG - tty.usbmodem0006822145041: TX: 13ab08000100000008000000803d100000000010
2019-06-26 12:24:50,733 - DEBUG - tty.usbmodem0006822145041: RX: 0784ab0003000000
2019-06-26 12:24:50,734 - DEBUG - tty.usbmodem0006822145041: parsed_packet {event: CmdRsp, data: {'opcode': 171, 'status': 0, 'data': bytearray(b'\x03\x00\x00\x00')}}
2019-06-26 12:24:50,734 - INFO - tty.usbmodem0006822145041: PacketSend: {'token': 3}
2019-06-26 12:24:50,741 - DEBUG - tty.usbmodem0006822145041: RX: 05d203000000
2019-06-26 12:24:50,742 - DEBUG - tty.usbmodem0006822145041: parsed_packet {event: MeshTxComplete, data: {'token': 3}}
2019-06-26 12:24:50,742 - INFO - tty.usbmodem0006822145041: {event: MeshTxComplete, data: {'token': 3}}
2019-06-26 12:24:50,747 - DEBUG - tty.usbmodem0006822145041: RX: 1dd010000100080000000401c8639509c2c2ce0900803e00100000000010
2019-06-26 12:24:50,747 - DEBUG - tty.usbmodem0006822145041: parsed_packet {event: MeshMessageReceivedUnicast, data: {'src': 16, 'dst': 1, 'appkey_handle': 8, 'subnet_handle': 0, 'ttl': 4, 'adv_addr_type': 1, 'adv_addr': bytearray(b'\xc8c\x95\t\xc2\xc2'), 'rssi': -50, 'actual_length': 9, 'data': bytearray(b'\x80>\x00\x10\x00\x00\x00\x00\x10')}}
2019-06-26 12:24:50,748 - INFO - tty.usbmodem0006822145041.ConfigurationClient: Model app bind status: AccessStatus.SUCCESS
2019-06-26 12:24:50,750 - INFO - tty.usbmodem0006822145041.ConfigurationClient: Appkey bind 0 to model 1000 at 0010
2019-06-26 12:25:01,354 - DEBUG - tty.usbmodem0006822145041: Writing: 164 bytearray(b'\x01\xc0')
2019-06-26 12:25:01,354 - DEBUG - tty.usbmodem0006822145041: TX: 03a401c0
2019-06-26 12:25:01,356 - DEBUG - tty.usbmodem0006822145041: RX: 0584a4000100
2019-06-26 12:25:01,356 - DEBUG - tty.usbmodem0006822145041: parsed_packet {event: CmdRsp, data: {'opcode': 164, 'status': 0, 'data': bytearray(b'\x01\x00')}}
2019-06-26 12:25:01,357 - INFO - tty.usbmodem0006822145041: AddrPublicationAdd: {'address_handle': 1}
2019-06-26 12:25:03,363 - DEBUG - tty.usbmodem0006822145041.ConfigurationClient: Sending opcode: 801b, data: 100001c00010
2019-06-26 12:25:03,364 - DEBUG - tty.usbmodem0006822145041: Writing: 171 bytearray(b'\x08\x00\x01\x00\x00\x00\x08\x00\x00\x00\x80\x1b\x10\x00\x01\xc0\x00\x10')
2019-06-26 12:25:03,364 - DEBUG - tty.usbmodem0006822145041: TX: 13ab08000100000008000000801b100001c00010
2019-06-26 12:25:03,367 - DEBUG - tty.usbmodem0006822145041: RX: 0784ab0004000000
2019-06-26 12:25:03,368 - DEBUG - tty.usbmodem0006822145041: parsed_packet {event: CmdRsp, data: {'opcode': 171, 'status': 0, 'data': bytearray(b'\x04\x00\x00\x00')}}
2019-06-26 12:25:03,368 - INFO - tty.usbmodem0006822145041: PacketSend: {'token': 4}
2019-06-26 12:25:03,373 - DEBUG - tty.usbmodem0006822145041: RX: 05d204000000
2019-06-26 12:25:03,374 - DEBUG - tty.usbmodem0006822145041: parsed_packet {event: MeshTxComplete, data: {'token': 4}}
2019-06-26 12:25:03,378 - INFO - tty.usbmodem0006822145041: {event: MeshTxComplete, data: {'token': 4}}
2019-06-26 12:25:03,381 - DEBUG - tty.usbmodem0006822145041: RX: 1dd010000100080000000401c8639509c2c2ce0900801f00100001c00010
2019-06-26 12:25:03,382 - DEBUG - tty.usbmodem0006822145041: parsed_packet {event: MeshMessageReceivedUnicast, data: {'src': 16, 'dst': 1, 'appkey_handle': 8, 'subnet_handle': 0, 'ttl': 4, 'adv_addr_type': 1, 'adv_addr': bytearray(b'\xc8c\x95\t\xc2\xc2'), 'rssi': -50, 'actual_length': 9, 'data': bytearray(b'\x80\x1f\x00\x10\x00\x01\xc0\x00\x10')}}
2019-06-26 12:25:03,382 - INFO - tty.usbmodem0006822145041.ConfigurationClient: Model subscription status: AccessStatus.SUCCESS
2019-06-26 12:25:03,385 - INFO - tty.usbmodem0006822145041.ConfigurationClient: Added subscription 'c001' to model 1000 at element 0010
