2019-07-25 11:23:34,413 - DEBUG - tty.usbmodem0006822145041: Writing: 14 bytearray(b'')
2019-07-25 11:23:34,414 - DEBUG - tty.usbmodem0006822145041: TX: 010e
2019-07-25 11:23:34,833 - DEBUG - tty.usbmodem0006822145041: RX: 04810200fe
2019-07-25 11:23:34,833 - DEBUG - tty.usbmodem0006822145041: parsed_packet {event: DeviceStarted, data: {'operating_mode': 2, 'hw_error': 0, 'data_credit_available': 254}}
2019-07-25 11:23:34,833 - INFO - tty.usbmodem0006822145041: Device rebooted.
2019-07-25 11:23:34,960 - DEBUG - tty.usbmodem0006822145041: Writing: 105 bytearray(b"f\xc2l\xa2ios>C\x89\xed\xb8\xc2n|\xc4a\xee)N:\x04!\xc6\x98\xe6\xde\xff\x95\'\x7f\x11\x18N\x85W\x91fLn\xdbu\x11\rrk:n@\xb7S\xca=\xe5w\xc9\xc2\x96|]\xbb\xcc\x80\xbd\xcdF\x1f\xcb\xe5\xbd\xbc\x9c\x81\xc1\xfce\xcf\x8c\x8e\x0b+\x8f5w\x08M?\'T\x97\xcd\x06\\,h\xf5")
2019-07-25 11:23:34,960 - DEBUG - tty.usbmodem0006822145041: TX: 616966c26ca2696f733e4389edb8c26e7cc461ee294e3a0421c698e6deff95277f11184e855791664c6edb75110d726b3a6e40b753ca3de577c9c2967c5dbbcc80bdcd461fcbe5bdbc9c81c1fc65cf8c8e0b2b8f3577084d3f275497cd065c2c68f5
2019-07-25 11:23:34,962 - INFO - tty.usbmodem0006822145041: No Messages remaining
2019-07-25 11:23:34,970 - DEBUG - tty.usbmodem0006822145041: RX: 03845384
2019-07-25 11:23:34,970 - DEBUG - tty.usbmodem0006822145041: parsed_packet {event: CmdRsp, data: {'opcode': 83, 'status': 132, 'data': bytearray(b'')}}
2019-07-25 11:23:34,970 - DEBUG - tty.usbmodem0006822145041: Writing: 159 bytearray(b'\x01\x00\x01\x00')
2019-07-25 11:23:34,970 - ERROR - tty.usbmodem0006822145041: None: ERROR_INVALID_LENGTH
2019-07-25 11:23:34,970 - DEBUG - tty.usbmodem0006822145041: TX: 059f01000100
2019-07-25 11:23:34,971 - DEBUG - tty.usbmodem0006822145041: RX: 03840084
2019-07-25 11:23:34,971 - DEBUG - tty.usbmodem0006822145041: parsed_packet {event: CmdRsp, data: {'opcode': 0, 'status': 132, 'data': bytearray(b'')}}
2019-07-25 11:23:34,971 - ERROR - tty.usbmodem0006822145041: None: ERROR_INVALID_LENGTH
2019-07-25 11:23:34,971 - DEBUG - tty.usbmodem0006822145041: RX: 03840084
2019-07-25 11:23:34,971 - DEBUG - tty.usbmodem0006822145041: parsed_packet {event: CmdRsp, data: {'opcode': 0, 'status': 132, 'data': bytearray(b'')}}
2019-07-25 11:23:34,972 - ERROR - tty.usbmodem0006822145041: None: ERROR_INVALID_LENGTH
2019-07-25 11:23:34,972 - DEBUG - tty.usbmodem0006822145041: Writing: 146 bytearray(b'\x00\x00\x18\xee\xd9\xc2\xa5j\xdd\x85\x04\x9f\xfc<Y\xad\x0e\x12')
2019-07-25 11:23:34,972 - DEBUG - tty.usbmodem0006822145041: TX: 1392000018eed9c2a56add85049ffc3c59ad0e12
2019-07-25 11:23:34,972 - DEBUG - tty.usbmodem0006822145041: RX: 03840084
2019-07-25 11:23:34,972 - DEBUG - tty.usbmodem0006822145041: parsed_packet {event: CmdRsp, data: {'opcode': 0, 'status': 132, 'data': bytearray(b'')}}
2019-07-25 11:23:34,973 - DEBUG - tty.usbmodem0006822145041: Writing: 151 bytearray(b'\x00\x00\x00\x00Oh\xad\x85\xd9\xf4\x8a\xc8X\x9d\xf6e\xb6\xb4\x9b\x8a')
2019-07-25 11:23:34,973 - ERROR - tty.usbmodem0006822145041: None: ERROR_INVALID_LENGTH
2019-07-25 11:23:34,973 - DEBUG - tty.usbmodem0006822145041: TX: 1597000000004f68ad85d9f48ac8589df665b6b49b8a
2019-07-25 11:23:34,973 - DEBUG - tty.usbmodem0006822145041: RX: 03840084
2019-07-25 11:23:34,973 - DEBUG - tty.usbmodem0006822145041: parsed_packet {event: CmdRsp, data: {'opcode': 0, 'status': 132, 'data': bytearray(b'')}}
2019-07-25 11:23:34,973 - DEBUG - tty.usbmodem0006822145041: Writing: 151 bytearray(b'\x01\x00\x00\x00*\xa2\xa6\xde\xd5\xa0y\x8c\xea\xb5x|\xa3\xae9\xfc')
2019-07-25 11:23:34,973 - ERROR - tty.usbmodem0006822145041: None: ERROR_INVALID_LENGTH
2019-07-25 11:23:34,974 - DEBUG - tty.usbmodem0006822145041: TX: 1597010000002aa2a6ded5a0798ceab5787ca3ae39fc
2019-07-25 11:23:34,974 - DEBUG - tty.usbmodem0006822145041: RX: 03840084
2019-07-25 11:23:34,974 - DEBUG - tty.usbmodem0006822145041: parsed_packet {event: CmdRsp, data: {'opcode': 0, 'status': 132, 'data': bytearray(b'')}}
2019-07-25 11:23:34,974 - ERROR - tty.usbmodem0006822145041: None: ERROR_INVALID_LENGTH
2019-07-25 11:23:34,975 - DEBUG - tty.usbmodem0006822145041: RX: 03840084
2019-07-25 11:23:34,975 - DEBUG - tty.usbmodem0006822145041: parsed_packet {event: CmdRsp, data: {'opcode': 0, 'status': 132, 'data': bytearray(b'')}}
2019-07-25 11:23:34,975 - ERROR - tty.usbmodem0006822145041: None: ERROR_INVALID_LENGTH
2019-07-25 11:23:34,975 - DEBUG - tty.usbmodem0006822145041: RX: 03840084
2019-07-25 11:23:34,975 - DEBUG - tty.usbmodem0006822145041: parsed_packet {event: CmdRsp, data: {'opcode': 0, 'status': 132, 'data': bytearray(b'')}}
2019-07-25 11:23:34,976 - ERROR - tty.usbmodem0006822145041: None: ERROR_INVALID_LENGTH
2019-07-25 11:23:34,976 - DEBUG - tty.usbmodem0006822145041: RX: 03840084
2019-07-25 11:23:34,976 - DEBUG - tty.usbmodem0006822145041: parsed_packet {event: CmdRsp, data: {'opcode': 0, 'status': 132, 'data': bytearray(b'')}}
2019-07-25 11:23:34,976 - ERROR - tty.usbmodem0006822145041: None: ERROR_INVALID_LENGTH
2019-07-25 11:23:34,976 - DEBUG - tty.usbmodem0006822145041: RX: 03840084
2019-07-25 11:23:34,976 - DEBUG - tty.usbmodem0006822145041: parsed_packet {event: CmdRsp, data: {'opcode': 0, 'status': 132, 'data': bytearray(b'')}}
2019-07-25 11:23:34,976 - ERROR - tty.usbmodem0006822145041: None: ERROR_INVALID_LENGTH
2019-07-25 11:23:34,977 - DEBUG - tty.usbmodem0006822145041: RX: 03840084
2019-07-25 11:23:34,977 - DEBUG - tty.usbmodem0006822145041: parsed_packet {event: CmdRsp, data: {'opcode': 0, 'status': 132, 'data': bytearray(b'')}}
2019-07-25 11:23:34,977 - ERROR - tty.usbmodem0006822145041: None: ERROR_INVALID_LENGTH
2019-07-25 11:23:34,981 - DEBUG - tty.usbmodem0006822145041: RX: 03840084
2019-07-25 11:23:34,981 - DEBUG - tty.usbmodem0006822145041: parsed_packet {event: CmdRsp, data: {'opcode': 0, 'status': 132, 'data': bytearray(b'')}}
2019-07-25 11:23:34,982 - ERROR - tty.usbmodem0006822145041: None: ERROR_INVALID_LENGTH
2019-07-25 11:23:34,982 - DEBUG - tty.usbmodem0006822145041: RX: 03840084
2019-07-25 11:23:34,982 - DEBUG - tty.usbmodem0006822145041: parsed_packet {event: CmdRsp, data: {'opcode': 0, 'status': 132, 'data': bytearray(b'')}}
2019-07-25 11:23:34,982 - ERROR - tty.usbmodem0006822145041: None: ERROR_INVALID_LENGTH
2019-07-25 11:23:34,982 - DEBUG - tty.usbmodem0006822145041: RX: 03849f00
2019-07-25 11:23:34,982 - DEBUG - tty.usbmodem0006822145041: parsed_packet {event: CmdRsp, data: {'opcode': 159, 'status': 0, 'data': bytearray(b'')}}
2019-07-25 11:23:34,982 - INFO - tty.usbmodem0006822145041: Success
2019-07-25 11:23:34,983 - DEBUG - tty.usbmodem0006822145041: RX: 058492000000
2019-07-25 11:23:34,983 - DEBUG - tty.usbmodem0006822145041: parsed_packet {event: CmdRsp, data: {'opcode': 146, 'status': 0, 'data': bytearray(b'\x00\x00')}}
2019-07-25 11:23:34,983 - INFO - tty.usbmodem0006822145041: SubnetAdd: {'subnet_handle': 0}
2019-07-25 11:23:34,983 - DEBUG - tty.usbmodem0006822145041: RX: 058497000000
2019-07-25 11:23:34,983 - DEBUG - tty.usbmodem0006822145041: parsed_packet {event: CmdRsp, data: {'opcode': 151, 'status': 0, 'data': bytearray(b'\x00\x00')}}
2019-07-25 11:23:34,983 - INFO - tty.usbmodem0006822145041: AppkeyAdd: {'appkey_handle': 0}
2019-07-25 11:23:34,984 - DEBUG - tty.usbmodem0006822145041: RX: 058497000100
2019-07-25 11:23:34,984 - DEBUG - tty.usbmodem0006822145041: parsed_packet {event: CmdRsp, data: {'opcode': 151, 'status': 0, 'data': bytearray(b'\x01\x00')}}
2019-07-25 11:23:34,985 - INFO - tty.usbmodem0006822145041: AppkeyAdd: {'appkey_handle': 1}
2019-07-25 11:23:39,056 - DEBUG - tty.usbmodem0006822145041: Writing: 97 bytearray(b'')
2019-07-25 11:23:39,060 - DEBUG - tty.usbmodem0006822145041: TX: 0161
2019-07-25 11:23:39,062 - DEBUG - tty.usbmodem0006822145041: RX: 03846100
2019-07-25 11:23:39,062 - DEBUG - tty.usbmodem0006822145041: parsed_packet {event: CmdRsp, data: {'opcode': 97, 'status': 0, 'data': bytearray(b'')}}
2019-07-25 11:23:39,062 - INFO - tty.usbmodem0006822145041: Success
2019-07-25 11:24:00,032 - DEBUG - tty.usbmodem0006822145041: Writing: 97 bytearray(b'')
2019-07-25 11:24:00,033 - DEBUG - tty.usbmodem0006822145041: TX: 0161
2019-07-25 11:24:00,038 - DEBUG - tty.usbmodem0006822145041: RX: 03846183
2019-07-25 11:24:00,038 - DEBUG - tty.usbmodem0006822145041: parsed_packet {event: CmdRsp, data: {'opcode': 97, 'status': 131, 'data': bytearray(b'')}}
2019-07-25 11:24:00,039 - ERROR - tty.usbmodem0006822145041: None: ERROR_INVALID_STATE
2019-07-25 11:24:11,137 - DEBUG - tty.usbmodem0006822145041: exited read event
