2019-07-31 10:35:39,860 - DEBUG - tty.usbmodem0006822145041: Writing: 14 bytearray(b'')
2019-07-31 10:35:39,863 - DEBUG - tty.usbmodem0006822145041: TX: 010e
2019-07-31 10:35:40,282 - DEBUG - tty.usbmodem0006822145041: RX: 04810200fe
2019-07-31 10:35:40,282 - DEBUG - tty.usbmodem0006822145041: parsed_packet {event: DeviceStarted, data: {'operating_mode': 2, 'hw_error': 0, 'data_credit_available': 254}}
2019-07-31 10:35:40,282 - INFO - tty.usbmodem0006822145041: Device rebooted.
2019-07-31 10:35:40,383 - DEBUG - tty.usbmodem0006822145041: Writing: 105 bytearray(b'\xae\xf2\x1e\xc97E\xe9\xb7&,\x9d\x93\xc0\xfb+yL\xf1\xc9\xa3p\x0e\xa3?\xff\x9a\x05\xc5\xfa\xb1\xedTS\x81\xfd\xf1\xee\xe5\xd2H\x82O\x84\xae\xed\xee;\xdej5dZ><y%#&"X\xf5\xf9a"\xcb\xfc\x88,e\xaf\xe5\x9b\x1f4\xa2\xa8\xe4\xdb\xb1\x1f\x9b\x8b$?\xbd\x16\x13\x1d\xceq\x1f\xe7\xbe\xeb\xc0{')
2019-07-31 10:35:40,383 - DEBUG - tty.usbmodem0006822145041: TX: 6169aef21ec93745e9b7262c9d93c0fb2b794cf1c9a3700ea33fff9a05c5fab1ed545381fdf1eee5d248824f84aeedee3bde6a35645a3e3c792523262258f5f96122cbfc882c65afe59b1f34a2a8e4dbb11f9b8b243fbd16131dce711fe7beebc07b
2019-07-31 10:35:40,398 - INFO - tty.usbmodem0006822145041: 

2019-07-31 10:35:40,398 - INFO - tty.usbmodem0006822145041: Sending next message
2019-07-31 10:35:40,398 - DEBUG - tty.usbmodem0006822145041: RX: 03845384
2019-07-31 10:35:40,399 - DEBUG - tty.usbmodem0006822145041: parsed_packet {event: CmdRsp, data: {'opcode': 83, 'status': 132, 'data': bytearray(b'')}}
2019-07-31 10:35:40,399 - ERROR - tty.usbmodem0006822145041: None: ERROR_INVALID_LENGTH
2019-07-31 10:35:40,399 - DEBUG - tty.usbmodem0006822145041: Writing: 159 bytearray(b'\x01\x00\x01\x00')
2019-07-31 10:35:40,399 - DEBUG - tty.usbmodem0006822145041: TX: 059f01000100
2019-07-31 10:35:40,399 - DEBUG - tty.usbmodem0006822145041: RX: 03840084
2019-07-31 10:35:40,399 - DEBUG - tty.usbmodem0006822145041: parsed_packet {event: CmdRsp, data: {'opcode': 0, 'status': 132, 'data': bytearray(b'')}}
2019-07-31 10:35:40,399 - ERROR - tty.usbmodem0006822145041: None: ERROR_INVALID_LENGTH
2019-07-31 10:35:40,399 - DEBUG - tty.usbmodem0006822145041: Writing: 146 bytearray(b'\x00\x00\x18\xee\xd9\xc2\xa5j\xdd\x85\x04\x9f\xfc<Y\xad\x0e\x12')
2019-07-31 10:35:40,400 - DEBUG - tty.usbmodem0006822145041: TX: 1392000018eed9c2a56add85049ffc3c59ad0e12
2019-07-31 10:35:40,400 - DEBUG - tty.usbmodem0006822145041: RX: 03840084
2019-07-31 10:35:40,400 - DEBUG - tty.usbmodem0006822145041: parsed_packet {event: CmdRsp, data: {'opcode': 0, 'status': 132, 'data': bytearray(b'')}}
2019-07-31 10:35:40,400 - DEBUG - tty.usbmodem0006822145041: Writing: 151 bytearray(b'\x00\x00\x00\x00Oh\xad\x85\xd9\xf4\x8a\xc8X\x9d\xf6e\xb6\xb4\x9b\x8a')
2019-07-31 10:35:40,400 - ERROR - tty.usbmodem0006822145041: None: ERROR_INVALID_LENGTH
2019-07-31 10:35:40,400 - DEBUG - tty.usbmodem0006822145041: TX: 1597000000004f68ad85d9f48ac8589df665b6b49b8a
2019-07-31 10:35:40,401 - DEBUG - tty.usbmodem0006822145041: RX: 03840084
2019-07-31 10:35:40,401 - DEBUG - tty.usbmodem0006822145041: parsed_packet {event: CmdRsp, data: {'opcode': 0, 'status': 132, 'data': bytearray(b'')}}
2019-07-31 10:35:40,401 - DEBUG - tty.usbmodem0006822145041: Writing: 151 bytearray(b'\x01\x00\x00\x00*\xa2\xa6\xde\xd5\xa0y\x8c\xea\xb5x|\xa3\xae9\xfc')
2019-07-31 10:35:40,401 - ERROR - tty.usbmodem0006822145041: None: ERROR_INVALID_LENGTH
2019-07-31 10:35:40,401 - DEBUG - tty.usbmodem0006822145041: TX: 1597010000002aa2a6ded5a0798ceab5787ca3ae39fc
2019-07-31 10:35:40,401 - DEBUG - tty.usbmodem0006822145041: RX: 03840084
2019-07-31 10:35:40,402 - DEBUG - tty.usbmodem0006822145041: parsed_packet {event: CmdRsp, data: {'opcode': 0, 'status': 132, 'data': bytearray(b'')}}
2019-07-31 10:35:40,402 - DEBUG - tty.usbmodem0006822145041: Writing: 161 bytearray(b'\x01\xc0')
2019-07-31 10:35:40,402 - ERROR - tty.usbmodem0006822145041: None: ERROR_INVALID_LENGTH
2019-07-31 10:35:40,402 - DEBUG - tty.usbmodem0006822145041: TX: 03a101c0
2019-07-31 10:35:40,402 - DEBUG - tty.usbmodem0006822145041: RX: 03840084
2019-07-31 10:35:40,402 - DEBUG - tty.usbmodem0006822145041: parsed_packet {event: CmdRsp, data: {'opcode': 0, 'status': 132, 'data': bytearray(b'')}}
2019-07-31 10:35:40,402 - ERROR - tty.usbmodem0006822145041: None: ERROR_INVALID_LENGTH
2019-07-31 10:35:40,402 - DEBUG - tty.usbmodem0006822145041: RX: 03840084
2019-07-31 10:35:40,403 - DEBUG - tty.usbmodem0006822145041: parsed_packet {event: CmdRsp, data: {'opcode': 0, 'status': 132, 'data': bytearray(b'')}}
2019-07-31 10:35:40,403 - ERROR - tty.usbmodem0006822145041: None: ERROR_INVALID_LENGTH
2019-07-31 10:35:40,403 - DEBUG - tty.usbmodem0006822145041: RX: 03840084
2019-07-31 10:35:40,403 - DEBUG - tty.usbmodem0006822145041: parsed_packet {event: CmdRsp, data: {'opcode': 0, 'status': 132, 'data': bytearray(b'')}}
2019-07-31 10:35:40,403 - ERROR - tty.usbmodem0006822145041: None: ERROR_INVALID_LENGTH
2019-07-31 10:35:40,403 - DEBUG - tty.usbmodem0006822145041: RX: 03840084
2019-07-31 10:35:40,403 - DEBUG - tty.usbmodem0006822145041: parsed_packet {event: CmdRsp, data: {'opcode': 0, 'status': 132, 'data': bytearray(b'')}}
2019-07-31 10:35:40,403 - ERROR - tty.usbmodem0006822145041: None: ERROR_INVALID_LENGTH
2019-07-31 10:35:40,404 - DEBUG - tty.usbmodem0006822145041: RX: 03840084
2019-07-31 10:35:40,404 - DEBUG - tty.usbmodem0006822145041: parsed_packet {event: CmdRsp, data: {'opcode': 0, 'status': 132, 'data': bytearray(b'')}}
2019-07-31 10:35:40,404 - ERROR - tty.usbmodem0006822145041: None: ERROR_INVALID_LENGTH
2019-07-31 10:35:40,404 - DEBUG - tty.usbmodem0006822145041: RX: 03840084
2019-07-31 10:35:40,404 - DEBUG - tty.usbmodem0006822145041: parsed_packet {event: CmdRsp, data: {'opcode': 0, 'status': 132, 'data': bytearray(b'')}}
2019-07-31 10:35:40,404 - ERROR - tty.usbmodem0006822145041: None: ERROR_INVALID_LENGTH
2019-07-31 10:35:40,404 - DEBUG - tty.usbmodem0006822145041: RX: 03840084
2019-07-31 10:35:40,404 - DEBUG - tty.usbmodem0006822145041: parsed_packet {event: CmdRsp, data: {'opcode': 0, 'status': 132, 'data': bytearray(b'')}}
2019-07-31 10:35:40,404 - ERROR - tty.usbmodem0006822145041: None: ERROR_INVALID_LENGTH
2019-07-31 10:35:40,404 - DEBUG - tty.usbmodem0006822145041: RX: 03840084
2019-07-31 10:35:40,404 - DEBUG - tty.usbmodem0006822145041: parsed_packet {event: CmdRsp, data: {'opcode': 0, 'status': 132, 'data': bytearray(b'')}}
2019-07-31 10:35:40,404 - ERROR - tty.usbmodem0006822145041: None: ERROR_INVALID_LENGTH
2019-07-31 10:35:40,408 - DEBUG - tty.usbmodem0006822145041: RX: 03849f00
2019-07-31 10:35:40,409 - DEBUG - tty.usbmodem0006822145041: parsed_packet {event: CmdRsp, data: {'opcode': 159, 'status': 0, 'data': bytearray(b'')}}
2019-07-31 10:35:40,409 - INFO - tty.usbmodem0006822145041: Success
2019-07-31 10:35:40,409 - DEBUG - tty.usbmodem0006822145041: RX: 058492000000
2019-07-31 10:35:40,409 - DEBUG - tty.usbmodem0006822145041: parsed_packet {event: CmdRsp, data: {'opcode': 146, 'status': 0, 'data': bytearray(b'\x00\x00')}}
2019-07-31 10:35:40,410 - INFO - tty.usbmodem0006822145041: SubnetAdd: {'subnet_handle': 0}
2019-07-31 10:35:40,410 - DEBUG - tty.usbmodem0006822145041: RX: 058497000000
2019-07-31 10:35:40,410 - DEBUG - tty.usbmodem0006822145041: parsed_packet {event: CmdRsp, data: {'opcode': 151, 'status': 0, 'data': bytearray(b'\x00\x00')}}
2019-07-31 10:35:40,410 - INFO - tty.usbmodem0006822145041: AppkeyAdd: {'appkey_handle': 0}
2019-07-31 10:35:40,410 - DEBUG - tty.usbmodem0006822145041: RX: 058497000100
2019-07-31 10:35:40,410 - DEBUG - tty.usbmodem0006822145041: parsed_packet {event: CmdRsp, data: {'opcode': 151, 'status': 0, 'data': bytearray(b'\x01\x00')}}
2019-07-31 10:35:40,410 - INFO - tty.usbmodem0006822145041: AppkeyAdd: {'appkey_handle': 1}
2019-07-31 10:35:40,411 - DEBUG - tty.usbmodem0006822145041: RX: 0584a1000000
2019-07-31 10:35:40,411 - DEBUG - tty.usbmodem0006822145041: parsed_packet {event: CmdRsp, data: {'opcode': 161, 'status': 0, 'data': bytearray(b'\x00\x00')}}
2019-07-31 10:35:40,411 - INFO - tty.usbmodem0006822145041: AddrSubscriptionAdd: {'address_handle': 0}
2019-07-31 10:35:40,419 - INFO - tty.usbmodem0006822145041: 

2019-07-31 10:35:40,419 - INFO - tty.usbmodem0006822145041: Sending next message
2019-07-31 10:35:40,419 - DEBUG - tty.usbmodem0006822145041: Writing: 164 bytearray(b'\x1e\x00')
2019-07-31 10:35:40,419 - DEBUG - tty.usbmodem0006822145041: TX: 03a41e00
2019-07-31 10:35:40,421 - DEBUG - tty.usbmodem0006822145041: RX: 0584a4000100
2019-07-31 10:35:40,421 - DEBUG - tty.usbmodem0006822145041: parsed_packet {event: CmdRsp, data: {'opcode': 164, 'status': 0, 'data': bytearray(b'\x01\x00')}}
2019-07-31 10:35:40,422 - INFO - tty.usbmodem0006822145041: AddrPublicationAdd: {'address_handle': 1}
2019-07-31 10:35:40,433 - INFO - tty.usbmodem0006822145041: 

2019-07-31 10:35:40,434 - INFO - tty.usbmodem0006822145041: Sending next message
2019-07-31 10:35:40,434 - DEBUG - tty.usbmodem0006822145041: Writing: 164 bytearray(b'\x1f\x00')
2019-07-31 10:35:40,435 - DEBUG - tty.usbmodem0006822145041: TX: 03a41f00
2019-07-31 10:35:40,437 - DEBUG - tty.usbmodem0006822145041: RX: 0584a4000200
2019-07-31 10:35:40,437 - DEBUG - tty.usbmodem0006822145041: parsed_packet {event: CmdRsp, data: {'opcode': 164, 'status': 0, 'data': bytearray(b'\x02\x00')}}
2019-07-31 10:35:40,438 - INFO - tty.usbmodem0006822145041: AddrPublicationAdd: {'address_handle': 2}
2019-07-31 10:35:40,447 - INFO - tty.usbmodem0006822145041: 

2019-07-31 10:35:40,448 - INFO - tty.usbmodem0006822145041: Sending next message
2019-07-31 10:35:40,448 - DEBUG - tty.usbmodem0006822145041: Writing: 164 bytearray(b' \x00')
2019-07-31 10:35:40,448 - DEBUG - tty.usbmodem0006822145041: TX: 03a42000
2019-07-31 10:35:40,451 - DEBUG - tty.usbmodem0006822145041: RX: 0584a4000300
2019-07-31 10:35:40,451 - DEBUG - tty.usbmodem0006822145041: parsed_packet {event: CmdRsp, data: {'opcode': 164, 'status': 0, 'data': bytearray(b'\x03\x00')}}
2019-07-31 10:35:40,451 - INFO - tty.usbmodem0006822145041: AddrPublicationAdd: {'address_handle': 3}
2019-07-31 10:35:40,461 - INFO - tty.usbmodem0006822145041: 

2019-07-31 10:35:40,462 - INFO - tty.usbmodem0006822145041: Sending next message
2019-07-31 10:35:40,462 - DEBUG - tty.usbmodem0006822145041: Writing: 164 bytearray(b'!\x00')
2019-07-31 10:35:40,462 - DEBUG - tty.usbmodem0006822145041: TX: 03a42100
2019-07-31 10:35:40,465 - DEBUG - tty.usbmodem0006822145041: RX: 0584a4000400
2019-07-31 10:35:40,466 - DEBUG - tty.usbmodem0006822145041: parsed_packet {event: CmdRsp, data: {'opcode': 164, 'status': 0, 'data': bytearray(b'\x04\x00')}}
2019-07-31 10:35:40,466 - INFO - tty.usbmodem0006822145041: AddrPublicationAdd: {'address_handle': 4}
2019-07-31 10:35:40,475 - INFO - tty.usbmodem0006822145041: 

2019-07-31 10:35:40,475 - INFO - tty.usbmodem0006822145041: Sending next message
2019-07-31 10:35:40,476 - DEBUG - tty.usbmodem0006822145041: Writing: 164 bytearray(b'"\x00')
2019-07-31 10:35:40,476 - DEBUG - tty.usbmodem0006822145041: TX: 03a42200
2019-07-31 10:35:40,478 - DEBUG - tty.usbmodem0006822145041: RX: 0584a4000500
2019-07-31 10:35:40,478 - DEBUG - tty.usbmodem0006822145041: parsed_packet {event: CmdRsp, data: {'opcode': 164, 'status': 0, 'data': bytearray(b'\x05\x00')}}
2019-07-31 10:35:40,479 - INFO - tty.usbmodem0006822145041: AddrPublicationAdd: {'address_handle': 5}
2019-07-31 10:35:40,489 - INFO - tty.usbmodem0006822145041: 

2019-07-31 10:35:40,489 - INFO - tty.usbmodem0006822145041: Sending next message
2019-07-31 10:35:40,489 - DEBUG - tty.usbmodem0006822145041: Writing: 164 bytearray(b'#\x00')
2019-07-31 10:35:40,489 - DEBUG - tty.usbmodem0006822145041: TX: 03a42300
2019-07-31 10:35:40,491 - DEBUG - tty.usbmodem0006822145041: RX: 0584a4000600
2019-07-31 10:35:40,491 - DEBUG - tty.usbmodem0006822145041: parsed_packet {event: CmdRsp, data: {'opcode': 164, 'status': 0, 'data': bytearray(b'\x06\x00')}}
2019-07-31 10:35:40,491 - INFO - tty.usbmodem0006822145041: AddrPublicationAdd: {'address_handle': 6}
2019-07-31 10:35:40,504 - INFO - tty.usbmodem0006822145041: 

2019-07-31 10:35:40,504 - INFO - tty.usbmodem0006822145041: Sending next message
2019-07-31 10:35:40,504 - DEBUG - tty.usbmodem0006822145041: Writing: 164 bytearray(b'$\x00')
2019-07-31 10:35:40,504 - DEBUG - tty.usbmodem0006822145041: TX: 03a42400
2019-07-31 10:35:40,507 - DEBUG - tty.usbmodem0006822145041: RX: 0584a4000700
2019-07-31 10:35:40,507 - DEBUG - tty.usbmodem0006822145041: parsed_packet {event: CmdRsp, data: {'opcode': 164, 'status': 0, 'data': bytearray(b'\x07\x00')}}
2019-07-31 10:35:40,508 - INFO - tty.usbmodem0006822145041: AddrPublicationAdd: {'address_handle': 7}
2019-07-31 10:35:40,518 - INFO - tty.usbmodem0006822145041: 

2019-07-31 10:35:40,518 - INFO - tty.usbmodem0006822145041: Sending next message
2019-07-31 10:35:40,518 - DEBUG - tty.usbmodem0006822145041: Writing: 164 bytearray(b'%\x00')
2019-07-31 10:35:40,518 - DEBUG - tty.usbmodem0006822145041: TX: 03a42500
2019-07-31 10:35:40,520 - DEBUG - tty.usbmodem0006822145041: RX: 0584a4000800
2019-07-31 10:35:40,520 - DEBUG - tty.usbmodem0006822145041: parsed_packet {event: CmdRsp, data: {'opcode': 164, 'status': 0, 'data': bytearray(b'\x08\x00')}}
2019-07-31 10:35:40,520 - INFO - tty.usbmodem0006822145041: AddrPublicationAdd: {'address_handle': 8}
2019-07-31 10:35:40,531 - INFO - tty.usbmodem0006822145041: 

2019-07-31 10:35:40,532 - INFO - tty.usbmodem0006822145041: Sending next message
2019-07-31 10:35:40,532 - DEBUG - tty.usbmodem0006822145041: Writing: 164 bytearray(b'&\x00')
2019-07-31 10:35:40,532 - DEBUG - tty.usbmodem0006822145041: TX: 03a42600
2019-07-31 10:35:40,534 - DEBUG - tty.usbmodem0006822145041: RX: 0584a4000900
2019-07-31 10:35:40,534 - DEBUG - tty.usbmodem0006822145041: parsed_packet {event: CmdRsp, data: {'opcode': 164, 'status': 0, 'data': bytearray(b'\t\x00')}}
2019-07-31 10:35:40,534 - INFO - tty.usbmodem0006822145041: AddrPublicationAdd: {'address_handle': 9}
2019-07-31 10:35:40,544 - INFO - tty.usbmodem0006822145041: 

2019-07-31 10:35:40,544 - INFO - tty.usbmodem0006822145041: Sending next message
2019-07-31 10:35:40,545 - DEBUG - tty.usbmodem0006822145041: Writing: 164 bytearray(b"\'\x00")
2019-07-31 10:35:40,545 - DEBUG - tty.usbmodem0006822145041: TX: 03a42700
2019-07-31 10:35:40,547 - DEBUG - tty.usbmodem0006822145041: RX: 0584a4000a00
2019-07-31 10:35:40,548 - DEBUG - tty.usbmodem0006822145041: parsed_packet {event: CmdRsp, data: {'opcode': 164, 'status': 0, 'data': bytearray(b'\n\x00')}}
2019-07-31 10:35:40,549 - INFO - tty.usbmodem0006822145041: AddrPublicationAdd: {'address_handle': 10}
2019-07-31 10:35:40,560 - INFO - tty.usbmodem0006822145041: 

2019-07-31 10:35:40,561 - INFO - tty.usbmodem0006822145041: Sending next message
2019-07-31 10:35:40,561 - DEBUG - tty.usbmodem0006822145041: Writing: 164 bytearray(b'(\x00')
2019-07-31 10:35:40,561 - DEBUG - tty.usbmodem0006822145041: TX: 03a42800
2019-07-31 10:35:40,563 - DEBUG - tty.usbmodem0006822145041: RX: 0584a4000b00
2019-07-31 10:35:40,563 - DEBUG - tty.usbmodem0006822145041: parsed_packet {event: CmdRsp, data: {'opcode': 164, 'status': 0, 'data': bytearray(b'\x0b\x00')}}
2019-07-31 10:35:40,563 - INFO - tty.usbmodem0006822145041: AddrPublicationAdd: {'address_handle': 11}
2019-07-31 10:35:40,574 - INFO - tty.usbmodem0006822145041: 

2019-07-31 10:35:40,574 - INFO - tty.usbmodem0006822145041: Sending next message
2019-07-31 10:35:40,574 - DEBUG - tty.usbmodem0006822145041: Writing: 164 bytearray(b')\x00')
2019-07-31 10:35:40,574 - DEBUG - tty.usbmodem0006822145041: TX: 03a42900
2019-07-31 10:35:40,576 - DEBUG - tty.usbmodem0006822145041: RX: 0584a4000c00
2019-07-31 10:35:40,577 - DEBUG - tty.usbmodem0006822145041: parsed_packet {event: CmdRsp, data: {'opcode': 164, 'status': 0, 'data': bytearray(b'\x0c\x00')}}
2019-07-31 10:35:40,577 - INFO - tty.usbmodem0006822145041: AddrPublicationAdd: {'address_handle': 12}
2019-07-31 10:35:40,591 - INFO - tty.usbmodem0006822145041: 

2019-07-31 10:35:40,591 - INFO - tty.usbmodem0006822145041: Sending next message
2019-07-31 10:35:40,592 - DEBUG - tty.usbmodem0006822145041: Writing: 164 bytearray(b'*\x00')
2019-07-31 10:35:40,592 - DEBUG - tty.usbmodem0006822145041: TX: 03a42a00
2019-07-31 10:35:40,594 - DEBUG - tty.usbmodem0006822145041: RX: 0584a4000d00
2019-07-31 10:35:40,594 - DEBUG - tty.usbmodem0006822145041: parsed_packet {event: CmdRsp, data: {'opcode': 164, 'status': 0, 'data': bytearray(b'\r\x00')}}
2019-07-31 10:35:40,594 - INFO - tty.usbmodem0006822145041: AddrPublicationAdd: {'address_handle': 13}
2019-07-31 10:35:40,607 - INFO - tty.usbmodem0006822145041: 

2019-07-31 10:35:40,607 - INFO - tty.usbmodem0006822145041: Sending next message
2019-07-31 10:35:40,608 - DEBUG - tty.usbmodem0006822145041: Writing: 164 bytearray(b'+\x00')
2019-07-31 10:35:40,608 - DEBUG - tty.usbmodem0006822145041: TX: 03a42b00
2019-07-31 10:35:40,609 - DEBUG - tty.usbmodem0006822145041: RX: 0584a4000e00
2019-07-31 10:35:40,609 - DEBUG - tty.usbmodem0006822145041: parsed_packet {event: CmdRsp, data: {'opcode': 164, 'status': 0, 'data': bytearray(b'\x0e\x00')}}
2019-07-31 10:35:40,609 - INFO - tty.usbmodem0006822145041: AddrPublicationAdd: {'address_handle': 14}
2019-07-31 10:35:40,619 - INFO - tty.usbmodem0006822145041: 

2019-07-31 10:35:40,619 - INFO - tty.usbmodem0006822145041: Sending next message
2019-07-31 10:35:40,619 - DEBUG - tty.usbmodem0006822145041: Writing: 164 bytearray(b',\x00')
2019-07-31 10:35:40,619 - DEBUG - tty.usbmodem0006822145041: TX: 03a42c00
2019-07-31 10:35:40,621 - DEBUG - tty.usbmodem0006822145041: RX: 0584a4000f00
2019-07-31 10:35:40,621 - DEBUG - tty.usbmodem0006822145041: parsed_packet {event: CmdRsp, data: {'opcode': 164, 'status': 0, 'data': bytearray(b'\x0f\x00')}}
2019-07-31 10:35:40,622 - INFO - tty.usbmodem0006822145041: AddrPublicationAdd: {'address_handle': 15}
2019-07-31 10:35:40,633 - INFO - tty.usbmodem0006822145041: 

2019-07-31 10:35:40,633 - INFO - tty.usbmodem0006822145041: Sending next message
2019-07-31 10:35:40,634 - DEBUG - tty.usbmodem0006822145041: Writing: 164 bytearray(b'-\x00')
2019-07-31 10:35:40,634 - DEBUG - tty.usbmodem0006822145041: TX: 03a42d00
2019-07-31 10:35:40,636 - DEBUG - tty.usbmodem0006822145041: RX: 0584a4001000
2019-07-31 10:35:40,636 - DEBUG - tty.usbmodem0006822145041: parsed_packet {event: CmdRsp, data: {'opcode': 164, 'status': 0, 'data': bytearray(b'\x10\x00')}}
2019-07-31 10:35:40,636 - INFO - tty.usbmodem0006822145041: AddrPublicationAdd: {'address_handle': 16}
2019-07-31 10:35:40,646 - INFO - tty.usbmodem0006822145041: 

2019-07-31 10:35:40,647 - INFO - tty.usbmodem0006822145041: Sending next message
2019-07-31 10:35:40,647 - DEBUG - tty.usbmodem0006822145041: Writing: 164 bytearray(b'.\x00')
2019-07-31 10:35:40,647 - DEBUG - tty.usbmodem0006822145041: TX: 03a42e00
2019-07-31 10:35:40,649 - DEBUG - tty.usbmodem0006822145041: RX: 0584a4001100
2019-07-31 10:35:40,650 - DEBUG - tty.usbmodem0006822145041: parsed_packet {event: CmdRsp, data: {'opcode': 164, 'status': 0, 'data': bytearray(b'\x11\x00')}}
2019-07-31 10:35:40,650 - INFO - tty.usbmodem0006822145041: AddrPublicationAdd: {'address_handle': 17}
2019-07-31 10:35:40,660 - INFO - tty.usbmodem0006822145041: 

2019-07-31 10:35:40,661 - INFO - tty.usbmodem0006822145041: Sending next message
2019-07-31 10:35:40,661 - DEBUG - tty.usbmodem0006822145041: Writing: 164 bytearray(b'/\x00')
2019-07-31 10:35:40,661 - DEBUG - tty.usbmodem0006822145041: TX: 03a42f00
2019-07-31 10:35:40,664 - DEBUG - tty.usbmodem0006822145041: RX: 0584a4001200
2019-07-31 10:35:40,664 - DEBUG - tty.usbmodem0006822145041: parsed_packet {event: CmdRsp, data: {'opcode': 164, 'status': 0, 'data': bytearray(b'\x12\x00')}}
2019-07-31 10:35:40,664 - INFO - tty.usbmodem0006822145041: AddrPublicationAdd: {'address_handle': 18}
2019-07-31 10:35:40,675 - INFO - tty.usbmodem0006822145041: 

2019-07-31 10:35:40,675 - INFO - tty.usbmodem0006822145041: Sending next message
2019-07-31 10:35:40,675 - DEBUG - tty.usbmodem0006822145041: Writing: 164 bytearray(b'0\x00')
2019-07-31 10:35:40,675 - DEBUG - tty.usbmodem0006822145041: TX: 03a43000
2019-07-31 10:35:40,678 - DEBUG - tty.usbmodem0006822145041: RX: 0584a4001300
2019-07-31 10:35:40,679 - DEBUG - tty.usbmodem0006822145041: parsed_packet {event: CmdRsp, data: {'opcode': 164, 'status': 0, 'data': bytearray(b'\x13\x00')}}
2019-07-31 10:35:40,679 - INFO - tty.usbmodem0006822145041: AddrPublicationAdd: {'address_handle': 19}
2019-07-31 10:35:40,692 - INFO - tty.usbmodem0006822145041: 

2019-07-31 10:35:40,692 - INFO - tty.usbmodem0006822145041: Sending next message
2019-07-31 10:35:40,692 - DEBUG - tty.usbmodem0006822145041: Writing: 164 bytearray(b'1\x00')
2019-07-31 10:35:40,692 - DEBUG - tty.usbmodem0006822145041: TX: 03a43100
2019-07-31 10:35:40,694 - DEBUG - tty.usbmodem0006822145041: RX: 0584a4001400
2019-07-31 10:35:40,694 - DEBUG - tty.usbmodem0006822145041: parsed_packet {event: CmdRsp, data: {'opcode': 164, 'status': 0, 'data': bytearray(b'\x14\x00')}}
2019-07-31 10:35:40,694 - INFO - tty.usbmodem0006822145041: AddrPublicationAdd: {'address_handle': 20}
2019-07-31 10:35:40,705 - INFO - tty.usbmodem0006822145041: 

2019-07-31 10:35:40,705 - INFO - tty.usbmodem0006822145041: Sending next message
2019-07-31 10:35:40,705 - DEBUG - tty.usbmodem0006822145041: Writing: 164 bytearray(b'2\x00')
2019-07-31 10:35:40,705 - DEBUG - tty.usbmodem0006822145041: TX: 03a43200
2019-07-31 10:35:40,708 - DEBUG - tty.usbmodem0006822145041: RX: 0584a4001500
2019-07-31 10:35:40,708 - DEBUG - tty.usbmodem0006822145041: parsed_packet {event: CmdRsp, data: {'opcode': 164, 'status': 0, 'data': bytearray(b'\x15\x00')}}
2019-07-31 10:35:40,709 - INFO - tty.usbmodem0006822145041: AddrPublicationAdd: {'address_handle': 21}
2019-07-31 10:35:40,718 - INFO - tty.usbmodem0006822145041: 

2019-07-31 10:35:40,718 - INFO - tty.usbmodem0006822145041: Sending next message
2019-07-31 10:35:40,718 - DEBUG - tty.usbmodem0006822145041: Writing: 164 bytearray(b'3\x00')
2019-07-31 10:35:40,719 - DEBUG - tty.usbmodem0006822145041: TX: 03a43300
2019-07-31 10:35:40,720 - DEBUG - tty.usbmodem0006822145041: RX: 0584a4001600
2019-07-31 10:35:40,720 - DEBUG - tty.usbmodem0006822145041: parsed_packet {event: CmdRsp, data: {'opcode': 164, 'status': 0, 'data': bytearray(b'\x16\x00')}}
2019-07-31 10:35:40,721 - INFO - tty.usbmodem0006822145041: AddrPublicationAdd: {'address_handle': 22}
2019-07-31 10:35:40,733 - INFO - tty.usbmodem0006822145041: 

2019-07-31 10:35:40,733 - INFO - tty.usbmodem0006822145041: Sending next message
2019-07-31 10:35:40,733 - DEBUG - tty.usbmodem0006822145041: Writing: 164 bytearray(b'4\x00')
2019-07-31 10:35:40,733 - DEBUG - tty.usbmodem0006822145041: TX: 03a43400
2019-07-31 10:35:40,735 - DEBUG - tty.usbmodem0006822145041: RX: 0584a4001700
2019-07-31 10:35:40,735 - DEBUG - tty.usbmodem0006822145041: parsed_packet {event: CmdRsp, data: {'opcode': 164, 'status': 0, 'data': bytearray(b'\x17\x00')}}
2019-07-31 10:35:40,735 - INFO - tty.usbmodem0006822145041: AddrPublicationAdd: {'address_handle': 23}
2019-07-31 10:35:40,745 - INFO - tty.usbmodem0006822145041: 

2019-07-31 10:35:40,745 - INFO - tty.usbmodem0006822145041: Sending next message
2019-07-31 10:35:40,746 - DEBUG - tty.usbmodem0006822145041: Writing: 164 bytearray(b'5\x00')
2019-07-31 10:35:40,746 - DEBUG - tty.usbmodem0006822145041: TX: 03a43500
2019-07-31 10:35:40,748 - DEBUG - tty.usbmodem0006822145041: RX: 0584a4001800
2019-07-31 10:35:40,749 - DEBUG - tty.usbmodem0006822145041: parsed_packet {event: CmdRsp, data: {'opcode': 164, 'status': 0, 'data': bytearray(b'\x18\x00')}}
2019-07-31 10:35:40,749 - INFO - tty.usbmodem0006822145041: AddrPublicationAdd: {'address_handle': 24}
2019-07-31 10:35:40,760 - INFO - tty.usbmodem0006822145041: 

2019-07-31 10:35:40,760 - INFO - tty.usbmodem0006822145041: Sending next message
2019-07-31 10:35:40,760 - DEBUG - tty.usbmodem0006822145041: Writing: 164 bytearray(b'6\x00')
2019-07-31 10:35:40,760 - DEBUG - tty.usbmodem0006822145041: TX: 03a43600
2019-07-31 10:35:40,762 - DEBUG - tty.usbmodem0006822145041: RX: 0584a4001900
2019-07-31 10:35:40,762 - DEBUG - tty.usbmodem0006822145041: parsed_packet {event: CmdRsp, data: {'opcode': 164, 'status': 0, 'data': bytearray(b'\x19\x00')}}
2019-07-31 10:35:40,762 - INFO - tty.usbmodem0006822145041: AddrPublicationAdd: {'address_handle': 25}
2019-07-31 10:35:40,773 - INFO - tty.usbmodem0006822145041: 

2019-07-31 10:35:40,773 - INFO - tty.usbmodem0006822145041: Sending next message
2019-07-31 10:35:40,773 - DEBUG - tty.usbmodem0006822145041: Writing: 164 bytearray(b'7\x00')
2019-07-31 10:35:40,773 - DEBUG - tty.usbmodem0006822145041: TX: 03a43700
2019-07-31 10:35:40,775 - DEBUG - tty.usbmodem0006822145041: RX: 0584a4001a00
2019-07-31 10:35:40,775 - DEBUG - tty.usbmodem0006822145041: parsed_packet {event: CmdRsp, data: {'opcode': 164, 'status': 0, 'data': bytearray(b'\x1a\x00')}}
2019-07-31 10:35:40,775 - INFO - tty.usbmodem0006822145041: AddrPublicationAdd: {'address_handle': 26}
2019-07-31 10:35:40,788 - INFO - tty.usbmodem0006822145041: 

2019-07-31 10:35:40,788 - INFO - tty.usbmodem0006822145041: Sending next message
2019-07-31 10:35:40,789 - DEBUG - tty.usbmodem0006822145041: Writing: 164 bytearray(b'8\x00')
2019-07-31 10:35:40,789 - DEBUG - tty.usbmodem0006822145041: TX: 03a43800
2019-07-31 10:35:40,791 - DEBUG - tty.usbmodem0006822145041: RX: 0584a4001b00
2019-07-31 10:35:40,792 - DEBUG - tty.usbmodem0006822145041: parsed_packet {event: CmdRsp, data: {'opcode': 164, 'status': 0, 'data': bytearray(b'\x1b\x00')}}
2019-07-31 10:35:40,792 - INFO - tty.usbmodem0006822145041: AddrPublicationAdd: {'address_handle': 27}
2019-07-31 10:35:40,802 - INFO - tty.usbmodem0006822145041: 

2019-07-31 10:35:40,802 - INFO - tty.usbmodem0006822145041: Sending next message
2019-07-31 10:35:40,803 - DEBUG - tty.usbmodem0006822145041: Writing: 164 bytearray(b'9\x00')
2019-07-31 10:35:40,803 - DEBUG - tty.usbmodem0006822145041: TX: 03a43900
2019-07-31 10:35:40,805 - DEBUG - tty.usbmodem0006822145041: RX: 0584a4001c00
2019-07-31 10:35:40,806 - DEBUG - tty.usbmodem0006822145041: parsed_packet {event: CmdRsp, data: {'opcode': 164, 'status': 0, 'data': bytearray(b'\x1c\x00')}}
2019-07-31 10:35:40,807 - INFO - tty.usbmodem0006822145041: AddrPublicationAdd: {'address_handle': 28}
2019-07-31 10:35:40,817 - INFO - tty.usbmodem0006822145041: 

2019-07-31 10:35:40,817 - INFO - tty.usbmodem0006822145041: Sending next message
2019-07-31 10:35:40,818 - DEBUG - tty.usbmodem0006822145041: Writing: 156 bytearray(b'\x1e\x00\x00\x00\xaa\xc3\x15)\x03\xa3\x1f"\x1b\xe3\xbae\xe0\x96xk')
2019-07-31 10:35:40,818 - DEBUG - tty.usbmodem0006822145041: TX: 159c1e000000aac3152903a31f221be3ba65e096786b
2019-07-31 10:35:40,821 - DEBUG - tty.usbmodem0006822145041: RX: 05849c000800
2019-07-31 10:35:40,822 - DEBUG - tty.usbmodem0006822145041: parsed_packet {event: CmdRsp, data: {'opcode': 156, 'status': 0, 'data': bytearray(b'\x08\x00')}}
2019-07-31 10:35:40,823 - INFO - tty.usbmodem0006822145041: DevkeyAdd: {'devkey_handle': 8}
2019-07-31 10:35:40,833 - INFO - tty.usbmodem0006822145041: 

2019-07-31 10:35:40,833 - INFO - tty.usbmodem0006822145041: Sending next message
2019-07-31 10:35:40,833 - DEBUG - tty.usbmodem0006822145041: Writing: 156 bytearray(b',\x00\x00\x00\x8dG&\x85}\xf2\xe4[\xeb\xc3\xff\\\xed\x87\xea\xab')
2019-07-31 10:35:40,833 - DEBUG - tty.usbmodem0006822145041: TX: 159c2c0000008d4726857df2e45bebc3ff5ced87eaab
2019-07-31 10:35:40,837 - DEBUG - tty.usbmodem0006822145041: RX: 05849c000900
2019-07-31 10:35:40,838 - DEBUG - tty.usbmodem0006822145041: parsed_packet {event: CmdRsp, data: {'opcode': 156, 'status': 0, 'data': bytearray(b'\t\x00')}}
2019-07-31 10:35:40,838 - INFO - tty.usbmodem0006822145041: DevkeyAdd: {'devkey_handle': 9}
2019-07-31 10:35:40,848 - INFO - tty.usbmodem0006822145041: No Messages remaining
2019-07-31 10:35:44,838 - INFO - tty.usbmodem0006822145041: Timout handler timeout
2019-07-31 10:35:53,006 - DEBUG - tty.usbmodem0006822145041.SimpleOnOffClient: Sending opcode: c15900, data: 001c
2019-07-31 10:35:53,008 - DEBUG - tty.usbmodem0006822145041: Writing: 171 bytearray(b'\x00\x00\x01\x00\x0e\x00\x08\x00\x00\x00\xc1Y\x00\x00\x1c')
2019-07-31 10:35:53,013 - DEBUG - tty.usbmodem0006822145041: TX: 10ab000001000e0008000000c15900001c
2019-07-31 10:35:53,022 - DEBUG - tty.usbmodem0006822145041: RX: 0784ab0001000000
2019-07-31 10:35:53,022 - DEBUG - tty.usbmodem0006822145041.SimpleOnOffClient: Sending opcode: c15900, data: 001d
2019-07-31 10:35:53,023 - DEBUG - tty.usbmodem0006822145041: parsed_packet {event: CmdRsp, data: {'opcode': 171, 'status': 0, 'data': bytearray(b'\x01\x00\x00\x00')}}
2019-07-31 10:35:53,023 - DEBUG - tty.usbmodem0006822145041: Writing: 171 bytearray(b'\x00\x00\x01\x00\r\x00\x08\x00\x00\x00\xc1Y\x00\x00\x1d')
2019-07-31 10:35:53,027 - INFO - tty.usbmodem0006822145041: PacketSend: {'token': 1}
2019-07-31 10:35:53,030 - DEBUG - tty.usbmodem0006822145041: TX: 10ab000001000d0008000000c15900001d
2019-07-31 10:35:53,037 - DEBUG - tty.usbmodem0006822145041.SimpleOnOffClient: Sending opcode: c15900, data: 001e
2019-07-31 10:35:53,038 - DEBUG - tty.usbmodem0006822145041: Writing: 171 bytearray(b'\x00\x00\x01\x00\x1c\x00\x08\x00\x00\x00\xc1Y\x00\x00\x1e')
2019-07-31 10:35:53,038 - DEBUG - tty.usbmodem0006822145041: TX: 10ab000001001c0008000000c15900001e
2019-07-31 10:35:53,046 - DEBUG - tty.usbmodem0006822145041: RX: 05d201000000
2019-07-31 10:35:53,047 - DEBUG - tty.usbmodem0006822145041: parsed_packet {event: MeshTxComplete, data: {'token': 1}}
2019-07-31 10:35:53,047 - DEBUG - tty.usbmodem0006822145041.SimpleOnOffClient: Sending opcode: c15900, data: 001f
2019-07-31 10:35:53,047 - INFO - tty.usbmodem0006822145041: {event: MeshTxComplete, data: {'token': 1}}
2019-07-31 10:35:53,057 - DEBUG - tty.usbmodem0006822145041: Writing: 171 bytearray(b'\x00\x00\x01\x00\x1b\x00\x08\x00\x00\x00\xc1Y\x00\x00\x1f')
2019-07-31 10:35:53,063 - DEBUG - tty.usbmodem0006822145041: TX: 10ab000001001b0008000000c15900001f
2019-07-31 10:35:53,064 - DEBUG - tty.usbmodem0006822145041: RX: 0784ab0002000000
2019-07-31 10:35:53,065 - DEBUG - tty.usbmodem0006822145041: parsed_packet {event: CmdRsp, data: {'opcode': 171, 'status': 0, 'data': bytearray(b'\x02\x00\x00\x00')}}
2019-07-31 10:35:53,064 - DEBUG - tty.usbmodem0006822145041.GenericOnOffClient: Sending opcode: 8202, data: 0077
2019-07-31 10:35:53,065 - INFO - tty.usbmodem0006822145041: PacketSend: {'token': 2}
2019-07-31 10:35:53,065 - DEBUG - tty.usbmodem0006822145041: Writing: 171 bytearray(b'\x00\x00\x01\x00\x0e\x00\x08\x00\x00\x00\x82\x02\x00w')
2019-07-31 10:35:53,066 - DEBUG - tty.usbmodem0006822145041: TX: 0fab000001000e000800000082020077
2019-07-31 10:35:53,076 - DEBUG - tty.usbmodem0006822145041: RX: 0784ab0003000000
2019-07-31 10:35:53,076 - DEBUG - tty.usbmodem0006822145041: parsed_packet {event: CmdRsp, data: {'opcode': 171, 'status': 0, 'data': bytearray(b'\x03\x00\x00\x00')}}
2019-07-31 10:35:53,076 - DEBUG - tty.usbmodem0006822145041.GenericOnOffClient: Sending opcode: 8202, data: 0078
2019-07-31 10:35:53,076 - INFO - tty.usbmodem0006822145041: PacketSend: {'token': 3}
2019-07-31 10:35:53,078 - DEBUG - tty.usbmodem0006822145041: RX: 18d02b000100000000007f01c8639509c2c2d90400c4590000
2019-07-31 10:35:53,078 - DEBUG - tty.usbmodem0006822145041: parsed_packet {event: MeshMessageReceivedUnicast, data: {'src': 43, 'dst': 1, 'appkey_handle': 0, 'subnet_handle': 0, 'ttl': 127, 'adv_addr_type': 1, 'adv_addr': bytearray(b'\xc8c\x95\t\xc2\xc2'), 'rssi': -39, 'actual_length': 4, 'data': bytearray(b'\xc4Y\x00\x00')}}
2019-07-31 10:35:53,078 - DEBUG - tty.usbmodem0006822145041: Writing: 171 bytearray(b'\x00\x00\x01\x00\r\x00\x08\x00\x00\x00\x82\x02\x00x')
2019-07-31 10:35:53,079 - DEBUG - tty.usbmodem0006822145041: TX: 0fab000001000d000800000082020078
2019-07-31 10:35:53,078 - INFO - tty.usbmodem0006822145041: {event: MeshMessageReceivedUnicast, data: {'src': 43, 'dst': 1, 'appkey_handle': 0, 'subnet_handle': 0, 'ttl': 127, 'adv_addr_type': 1, 'adv_addr': bytearray(b'\xc8c\x95\t\xc2\xc2'), 'rssi': -39, 'actual_length': 4, 'data': bytearray(b'\xc4\x00Y\x00')}}
2019-07-31 10:35:53,092 - DEBUG - tty.usbmodem0006822145041: RX: 05d202000000
2019-07-31 10:35:53,092 - DEBUG - tty.usbmodem0006822145041.GenericOnOffClient: Sending opcode: 8202, data: 0079
2019-07-31 10:35:53,093 - DEBUG - tty.usbmodem0006822145041: parsed_packet {event: MeshTxComplete, data: {'token': 2}}
2019-07-31 10:35:53,093 - DEBUG - tty.usbmodem0006822145041: Writing: 171 bytearray(b'\x00\x00\x01\x00\x1c\x00\x08\x00\x00\x00\x82\x02\x00y')
2019-07-31 10:35:53,093 - INFO - tty.usbmodem0006822145041: {event: MeshTxComplete, data: {'token': 2}}
2019-07-31 10:35:53,093 - DEBUG - tty.usbmodem0006822145041: TX: 0fab000001001c000800000082020079
2019-07-31 10:35:53,099 - DEBUG - tty.usbmodem0006822145041: RX: 0784ab0004000000
2019-07-31 10:35:53,099 - DEBUG - tty.usbmodem0006822145041: parsed_packet {event: CmdRsp, data: {'opcode': 171, 'status': 0, 'data': bytearray(b'\x04\x00\x00\x00')}}
2019-07-31 10:35:53,099 - INFO - tty.usbmodem0006822145041: PacketSend: {'token': 4}
2019-07-31 10:35:53,100 - DEBUG - tty.usbmodem0006822145041: RX: 0784ab0005000000
2019-07-31 10:35:53,100 - DEBUG - tty.usbmodem0006822145041: parsed_packet {event: CmdRsp, data: {'opcode': 171, 'status': 0, 'data': bytearray(b'\x05\x00\x00\x00')}}
2019-07-31 10:35:53,100 - INFO - tty.usbmodem0006822145041: PacketSend: {'token': 5}
2019-07-31 10:35:53,100 - DEBUG - tty.usbmodem0006822145041: RX: 18d02a000100000000007f01c8639509c2c2d90400c4590000
2019-07-31 10:35:53,101 - DEBUG - tty.usbmodem0006822145041: parsed_packet {event: MeshMessageReceivedUnicast, data: {'src': 42, 'dst': 1, 'appkey_handle': 0, 'subnet_handle': 0, 'ttl': 127, 'adv_addr_type': 1, 'adv_addr': bytearray(b'\xc8c\x95\t\xc2\xc2'), 'rssi': -39, 'actual_length': 4, 'data': bytearray(b'\xc4Y\x00\x00')}}
2019-07-31 10:35:53,101 - INFO - tty.usbmodem0006822145041: {event: MeshMessageReceivedUnicast, data: {'src': 42, 'dst': 1, 'appkey_handle': 0, 'subnet_handle': 0, 'ttl': 127, 'adv_addr_type': 1, 'adv_addr': bytearray(b'\xc8c\x95\t\xc2\xc2'), 'rssi': -39, 'actual_length': 4, 'data': bytearray(b'\xc4\x00Y\x00')}}
2019-07-31 10:35:53,103 - DEBUG - tty.usbmodem0006822145041: RX: 0784ab0006000000
2019-07-31 10:35:53,109 - DEBUG - tty.usbmodem0006822145041: parsed_packet {event: CmdRsp, data: {'opcode': 171, 'status': 0, 'data': bytearray(b'\x06\x00\x00\x00')}}
2019-07-31 10:35:53,112 - INFO - tty.usbmodem0006822145041: PacketSend: {'token': 6}
2019-07-31 10:35:53,113 - DEBUG - tty.usbmodem0006822145041: RX: 05d203000000
2019-07-31 10:35:53,113 - DEBUG - tty.usbmodem0006822145041.GenericOnOffClient: Sending opcode: 8202, data: 007a
2019-07-31 10:35:53,113 - DEBUG - tty.usbmodem0006822145041: parsed_packet {event: MeshTxComplete, data: {'token': 3}}
2019-07-31 10:35:53,113 - DEBUG - tty.usbmodem0006822145041: Writing: 171 bytearray(b'\x00\x00\x01\x00\x1b\x00\x08\x00\x00\x00\x82\x02\x00z')
2019-07-31 10:35:53,113 - INFO - tty.usbmodem0006822145041: {event: MeshTxComplete, data: {'token': 3}}
2019-07-31 10:35:53,114 - DEBUG - tty.usbmodem0006822145041: TX: 0fab000001001b00080000008202007a
2019-07-31 10:35:53,122 - INFO - tty.usbmodem0006822145041.GenericOnOffClient: Retrying SET
2019-07-31 10:35:53,134 - INFO - tty.usbmodem0006822145041.GenericOnOffClient: Retrying SET
2019-07-31 10:35:53,135 - DEBUG - tty.usbmodem0006822145041.GenericOnOffClient: Sending opcode: 8202, data: 007b
2019-07-31 10:35:53,136 - DEBUG - tty.usbmodem0006822145041.GenericOnOffClient: Sending opcode: 8202, data: 007c
2019-07-31 10:35:53,136 - DEBUG - tty.usbmodem0006822145041: RX: 18d039000100000000007f01cb6e5fd50bd8cf0400c4590000
2019-07-31 10:35:53,138 - DEBUG - tty.usbmodem0006822145041: parsed_packet {event: MeshMessageReceivedUnicast, data: {'src': 57, 'dst': 1, 'appkey_handle': 0, 'subnet_handle': 0, 'ttl': 127, 'adv_addr_type': 1, 'adv_addr': bytearray(b'\xcbn_\xd5\x0b\xd8'), 'rssi': -49, 'actual_length': 4, 'data': bytearray(b'\xc4Y\x00\x00')}}
2019-07-31 10:35:53,137 - DEBUG - tty.usbmodem0006822145041: Writing: 171 bytearray(b'\x00\x00\x01\x00\r\x00\x08\x00\x00\x00\x82\x02\x00{')
2019-07-31 10:35:53,140 - DEBUG - tty.usbmodem0006822145041: TX: 0fab000001000d00080000008202007b
2019-07-31 10:35:53,139 - INFO - tty.usbmodem0006822145041: {event: MeshMessageReceivedUnicast, data: {'src': 57, 'dst': 1, 'appkey_handle': 0, 'subnet_handle': 0, 'ttl': 127, 'adv_addr_type': 1, 'adv_addr': bytearray(b'\xcbn_\xd5\x0b\xd8'), 'rssi': -49, 'actual_length': 4, 'data': bytearray(b'\xc4\x00Y\x00')}}
2019-07-31 10:35:53,140 - DEBUG - tty.usbmodem0006822145041: Writing: 171 bytearray(b'\x00\x00\x01\x00\r\x00\x08\x00\x00\x00\x82\x02\x00|')
2019-07-31 10:35:53,140 - DEBUG - tty.usbmodem0006822145041: TX: 0fab000001000d00080000008202007c
2019-07-31 10:35:53,141 - DEBUG - tty.usbmodem0006822145041: RX: 0784ab0007000000
2019-07-31 10:35:53,141 - DEBUG - tty.usbmodem0006822145041: parsed_packet {event: CmdRsp, data: {'opcode': 171, 'status': 0, 'data': bytearray(b'\x07\x00\x00\x00')}}
2019-07-31 10:35:53,141 - INFO - tty.usbmodem0006822145041: PacketSend: {'token': 7}
2019-07-31 10:35:53,141 - DEBUG - tty.usbmodem0006822145041: RX: 05d204000000
2019-07-31 10:35:53,141 - DEBUG - tty.usbmodem0006822145041: parsed_packet {event: MeshTxComplete, data: {'token': 4}}
2019-07-31 10:35:53,142 - INFO - tty.usbmodem0006822145041: {event: MeshTxComplete, data: {'token': 4}}
2019-07-31 10:35:53,142 - DEBUG - tty.usbmodem0006822145041: RX: 0784ab0008000000
2019-07-31 10:35:53,142 - DEBUG - tty.usbmodem0006822145041: parsed_packet {event: CmdRsp, data: {'opcode': 171, 'status': 0, 'data': bytearray(b'\x08\x00\x00\x00')}}
2019-07-31 10:35:53,142 - INFO - tty.usbmodem0006822145041: PacketSend: {'token': 8}
2019-07-31 10:35:53,143 - DEBUG - tty.usbmodem0006822145041: RX: 05d205000000
2019-07-31 10:35:53,143 - DEBUG - tty.usbmodem0006822145041: parsed_packet {event: MeshTxComplete, data: {'token': 5}}
2019-07-31 10:35:53,143 - INFO - tty.usbmodem0006822145041: {event: MeshTxComplete, data: {'token': 5}}
2019-07-31 10:35:53,143 - DEBUG - tty.usbmodem0006822145041: RX: 0784ab0009000000
2019-07-31 10:35:53,144 - DEBUG - tty.usbmodem0006822145041: parsed_packet {event: CmdRsp, data: {'opcode': 171, 'status': 0, 'data': bytearray(b'\t\x00\x00\x00')}}
2019-07-31 10:35:53,144 - INFO - tty.usbmodem0006822145041: PacketSend: {'token': 9}
2019-07-31 10:35:53,144 - INFO - tty.usbmodem0006822145041.GenericOnOffClient: Retrying SET
2019-07-31 10:35:53,144 - DEBUG - tty.usbmodem0006822145041.GenericOnOffClient: Sending opcode: 8202, data: 007d
2019-07-31 10:35:53,144 - DEBUG - tty.usbmodem0006822145041: Writing: 171 bytearray(b'\x00\x00\x01\x00\x1c\x00\x08\x00\x00\x00\x82\x02\x00}')
2019-07-31 10:35:53,145 - DEBUG - tty.usbmodem0006822145041: TX: 0fab000001001c00080000008202007d
2019-07-31 10:35:53,145 - DEBUG - tty.usbmodem0006822145041: RX: 0784ab000a000000
2019-07-31 10:35:53,145 - DEBUG - tty.usbmodem0006822145041: parsed_packet {event: CmdRsp, data: {'opcode': 171, 'status': 0, 'data': bytearray(b'\n\x00\x00\x00')}}
2019-07-31 10:35:53,145 - INFO - tty.usbmodem0006822145041: PacketSend: {'token': 10}
2019-07-31 10:35:53,147 - DEBUG - tty.usbmodem0006822145041: RX: 0384ab8e
2019-07-31 10:35:53,147 - DEBUG - tty.usbmodem0006822145041: parsed_packet {event: CmdRsp, data: {'opcode': 171, 'status': 142, 'data': bytearray(b'')}}
2019-07-31 10:35:53,148 - ERROR - tty.usbmodem0006822145041: PacketSend: ERROR_REJECTED
2019-07-31 10:35:53,156 - DEBUG - tty.usbmodem0006822145041: RX: 17d02b000100000000007f01c8639509c2c2d90300820400
2019-07-31 10:35:53,156 - DEBUG - tty.usbmodem0006822145041: parsed_packet {event: MeshMessageReceivedUnicast, data: {'src': 43, 'dst': 1, 'appkey_handle': 0, 'subnet_handle': 0, 'ttl': 127, 'adv_addr_type': 1, 'adv_addr': bytearray(b'\xc8c\x95\t\xc2\xc2'), 'rssi': -39, 'actual_length': 3, 'data': bytearray(b'\x82\x04\x00')}}
2019-07-31 10:35:53,156 - INFO - tty.usbmodem0006822145041.GenericOnOffClient: Status Present OnOff: off
2019-07-31 10:35:53,157 - INFO - tty.usbmodem0006822145041: {event: MeshMessageReceivedUnicast, data: {'src': 43, 'dst': 1, 'appkey_handle': 0, 'subnet_handle': 0, 'ttl': 127, 'adv_addr_type': 1, 'adv_addr': bytearray(b'\xc8c\x95\t\xc2\xc2'), 'rssi': -39, 'actual_length': 3, 'data': bytearray(b'\x82\x04\x00')}}
2019-07-31 10:35:53,164 - INFO - tty.usbmodem0006822145041.GenericOnOffClient: Retrying SET
2019-07-31 10:35:53,165 - DEBUG - tty.usbmodem0006822145041.GenericOnOffClient: Sending opcode: 8202, data: 007e
2019-07-31 10:35:53,165 - DEBUG - tty.usbmodem0006822145041: Writing: 171 bytearray(b'\x00\x00\x01\x00\x1b\x00\x08\x00\x00\x00\x82\x02\x00~')
2019-07-31 10:35:53,165 - DEBUG - tty.usbmodem0006822145041: TX: 0fab000001001b00080000008202007e
2019-07-31 10:35:53,169 - DEBUG - tty.usbmodem0006822145041: RX: 0384ab8e
2019-07-31 10:35:53,169 - DEBUG - tty.usbmodem0006822145041: parsed_packet {event: CmdRsp, data: {'opcode': 171, 'status': 142, 'data': bytearray(b'')}}
2019-07-31 10:35:53,170 - ERROR - tty.usbmodem0006822145041: PacketSend: ERROR_REJECTED
2019-07-31 10:35:53,170 - DEBUG - tty.usbmodem0006822145041: RX: 05d206000000
2019-07-31 10:35:53,170 - DEBUG - tty.usbmodem0006822145041: parsed_packet {event: MeshTxComplete, data: {'token': 6}}
2019-07-31 10:35:53,170 - INFO - tty.usbmodem0006822145041: {event: MeshTxComplete, data: {'token': 6}}
2019-07-31 10:35:53,188 - INFO - tty.usbmodem0006822145041.GenericOnOffClient: Retrying SET
2019-07-31 10:35:53,189 - DEBUG - tty.usbmodem0006822145041.GenericOnOffClient: Sending opcode: 8202, data: 007f
2019-07-31 10:35:53,189 - DEBUG - tty.usbmodem0006822145041: Writing: 171 bytearray(b'\x00\x00\x01\x00\r\x00\x08\x00\x00\x00\x82\x02\x00\x7f')
2019-07-31 10:35:53,189 - DEBUG - tty.usbmodem0006822145041: TX: 0fab000001000d00080000008202007f
2019-07-31 10:35:53,190 - INFO - tty.usbmodem0006822145041.GenericOnOffClient: Set ACK 13 Failed
2019-07-31 10:35:53,191 - DEBUG - tty.usbmodem0006822145041: RX: 05d207000000
2019-07-31 10:35:53,192 - DEBUG - tty.usbmodem0006822145041: parsed_packet {event: MeshTxComplete, data: {'token': 7}}
2019-07-31 10:35:53,192 - INFO - tty.usbmodem0006822145041: {event: MeshTxComplete, data: {'token': 7}}
2019-07-31 10:35:53,192 - DEBUG - tty.usbmodem0006822145041: RX: 0784ab000d000000
2019-07-31 10:35:53,193 - DEBUG - tty.usbmodem0006822145041: parsed_packet {event: CmdRsp, data: {'opcode': 171, 'status': 0, 'data': bytearray(b'\r\x00\x00\x00')}}
2019-07-31 10:35:53,193 - INFO - tty.usbmodem0006822145041: PacketSend: {'token': 13}
2019-07-31 10:35:53,196 - INFO - tty.usbmodem0006822145041.GenericOnOffClient: Retrying SET
2019-07-31 10:35:53,197 - DEBUG - tty.usbmodem0006822145041.GenericOnOffClient: Sending opcode: 8202, data: 0080
2019-07-31 10:35:53,197 - DEBUG - tty.usbmodem0006822145041: Writing: 171 bytearray(b'\x00\x00\x01\x00\x1c\x00\x08\x00\x00\x00\x82\x02\x00\x80')
2019-07-31 10:35:53,197 - DEBUG - tty.usbmodem0006822145041: TX: 0fab000001001c000800000082020080
2019-07-31 10:35:53,201 - DEBUG - tty.usbmodem0006822145041: RX: 0784ab000e000000
2019-07-31 10:35:53,202 - DEBUG - tty.usbmodem0006822145041: parsed_packet {event: CmdRsp, data: {'opcode': 171, 'status': 0, 'data': bytearray(b'\x0e\x00\x00\x00')}}
2019-07-31 10:35:53,202 - INFO - tty.usbmodem0006822145041: PacketSend: {'token': 14}
2019-07-31 10:35:53,206 - DEBUG - tty.usbmodem0006822145041: RX: 17d039000100000000007f01cb6e5fd50bd8d00300820400
2019-07-31 10:35:53,207 - DEBUG - tty.usbmodem0006822145041: parsed_packet {event: MeshMessageReceivedUnicast, data: {'src': 57, 'dst': 1, 'appkey_handle': 0, 'subnet_handle': 0, 'ttl': 127, 'adv_addr_type': 1, 'adv_addr': bytearray(b'\xcbn_\xd5\x0b\xd8'), 'rssi': -48, 'actual_length': 3, 'data': bytearray(b'\x82\x04\x00')}}
2019-07-31 10:35:53,207 - INFO - tty.usbmodem0006822145041.GenericOnOffClient: Status Present OnOff: off
2019-07-31 10:35:53,207 - INFO - tty.usbmodem0006822145041: {event: MeshMessageReceivedUnicast, data: {'src': 57, 'dst': 1, 'appkey_handle': 0, 'subnet_handle': 0, 'ttl': 127, 'adv_addr_type': 1, 'adv_addr': bytearray(b'\xcbn_\xd5\x0b\xd8'), 'rssi': -48, 'actual_length': 3, 'data': bytearray(b'\x82\x04\x00')}}
2019-07-31 10:35:53,215 - DEBUG - tty.usbmodem0006822145041: RX: 05d208000000
2019-07-31 10:35:53,216 - DEBUG - tty.usbmodem0006822145041: parsed_packet {event: MeshTxComplete, data: {'token': 8}}
2019-07-31 10:35:53,216 - INFO - tty.usbmodem0006822145041: {event: MeshTxComplete, data: {'token': 8}}
2019-07-31 10:35:53,219 - INFO - tty.usbmodem0006822145041.GenericOnOffClient: Retrying SET
2019-07-31 10:35:53,219 - DEBUG - tty.usbmodem0006822145041.GenericOnOffClient: Sending opcode: 8202, data: 0081
2019-07-31 10:35:53,220 - DEBUG - tty.usbmodem0006822145041: Writing: 171 bytearray(b'\x00\x00\x01\x00\x1b\x00\x08\x00\x00\x00\x82\x02\x00\x81')
2019-07-31 10:35:53,220 - DEBUG - tty.usbmodem0006822145041: TX: 0fab000001001b000800000082020081
2019-07-31 10:35:53,223 - DEBUG - tty.usbmodem0006822145041: RX: 0784ab000f000000
2019-07-31 10:35:53,224 - DEBUG - tty.usbmodem0006822145041: parsed_packet {event: CmdRsp, data: {'opcode': 171, 'status': 0, 'data': bytearray(b'\x0f\x00\x00\x00')}}
2019-07-31 10:35:53,224 - INFO - tty.usbmodem0006822145041: PacketSend: {'token': 15}
2019-07-31 10:35:53,229 - DEBUG - tty.usbmodem0006822145041: RX: 17d038000100000000007f01cb6e5fd50bd8d20300820400
2019-07-31 10:35:53,230 - DEBUG - tty.usbmodem0006822145041: parsed_packet {event: MeshMessageReceivedUnicast, data: {'src': 56, 'dst': 1, 'appkey_handle': 0, 'subnet_handle': 0, 'ttl': 127, 'adv_addr_type': 1, 'adv_addr': bytearray(b'\xcbn_\xd5\x0b\xd8'), 'rssi': -46, 'actual_length': 3, 'data': bytearray(b'\x82\x04\x00')}}
2019-07-31 10:35:53,230 - INFO - tty.usbmodem0006822145041.GenericOnOffClient: Status Present OnOff: off
2019-07-31 10:35:53,231 - INFO - tty.usbmodem0006822145041: {event: MeshMessageReceivedUnicast, data: {'src': 56, 'dst': 1, 'appkey_handle': 0, 'subnet_handle': 0, 'ttl': 127, 'adv_addr_type': 1, 'adv_addr': bytearray(b'\xcbn_\xd5\x0b\xd8'), 'rssi': -46, 'actual_length': 3, 'data': bytearray(b'\x82\x04\x00')}}
2019-07-31 10:35:53,240 - INFO - tty.usbmodem0006822145041.GenericOnOffClient: Retrying SET
2019-07-31 10:35:53,240 - DEBUG - tty.usbmodem0006822145041.GenericOnOffClient: Sending opcode: 8202, data: 0082
2019-07-31 10:35:53,241 - DEBUG - tty.usbmodem0006822145041: Writing: 171 bytearray(b'\x00\x00\x01\x00\r\x00\x08\x00\x00\x00\x82\x02\x00\x82')
2019-07-31 10:35:53,241 - DEBUG - tty.usbmodem0006822145041: TX: 0fab000001000d000800000082020082
2019-07-31 10:35:53,242 - DEBUG - tty.usbmodem0006822145041: RX: 05d209000000
2019-07-31 10:35:53,242 - DEBUG - tty.usbmodem0006822145041: parsed_packet {event: MeshTxComplete, data: {'token': 9}}
2019-07-31 10:35:53,243 - INFO - tty.usbmodem0006822145041: {event: MeshTxComplete, data: {'token': 9}}
2019-07-31 10:35:53,244 - DEBUG - tty.usbmodem0006822145041: RX: 0784ab0010000000
2019-07-31 10:35:53,244 - DEBUG - tty.usbmodem0006822145041: parsed_packet {event: CmdRsp, data: {'opcode': 171, 'status': 0, 'data': bytearray(b'\x10\x00\x00\x00')}}
2019-07-31 10:35:53,245 - INFO - tty.usbmodem0006822145041: PacketSend: {'token': 16}
2019-07-31 10:35:53,260 - DEBUG - tty.usbmodem0006822145041: RX: 17d02a000100000000007f01c8639509c2c2d80300820400
2019-07-31 10:35:53,261 - DEBUG - tty.usbmodem0006822145041: parsed_packet {event: MeshMessageReceivedUnicast, data: {'src': 42, 'dst': 1, 'appkey_handle': 0, 'subnet_handle': 0, 'ttl': 127, 'adv_addr_type': 1, 'adv_addr': bytearray(b'\xc8c\x95\t\xc2\xc2'), 'rssi': -40, 'actual_length': 3, 'data': bytearray(b'\x82\x04\x00')}}
2019-07-31 10:35:53,261 - INFO - tty.usbmodem0006822145041.GenericOnOffClient: Status Present OnOff: off
2019-07-31 10:35:53,261 - INFO - tty.usbmodem0006822145041: {event: MeshMessageReceivedUnicast, data: {'src': 42, 'dst': 1, 'appkey_handle': 0, 'subnet_handle': 0, 'ttl': 127, 'adv_addr_type': 1, 'adv_addr': bytearray(b'\xc8c\x95\t\xc2\xc2'), 'rssi': -40, 'actual_length': 3, 'data': bytearray(b'\x82\x04\x00')}}
2019-07-31 10:35:53,271 - DEBUG - tty.usbmodem0006822145041: RX: 05d20a000000
2019-07-31 10:35:53,271 - DEBUG - tty.usbmodem0006822145041: parsed_packet {event: MeshTxComplete, data: {'token': 10}}
2019-07-31 10:35:53,271 - INFO - tty.usbmodem0006822145041: {event: MeshTxComplete, data: {'token': 10}}
2019-07-31 10:35:53,289 - DEBUG - tty.usbmodem0006822145041: RX: 17d02a000100000000007f01c8639509c2c2d80300820400
2019-07-31 10:35:53,290 - DEBUG - tty.usbmodem0006822145041: parsed_packet {event: MeshMessageReceivedUnicast, data: {'src': 42, 'dst': 1, 'appkey_handle': 0, 'subnet_handle': 0, 'ttl': 127, 'adv_addr_type': 1, 'adv_addr': bytearray(b'\xc8c\x95\t\xc2\xc2'), 'rssi': -40, 'actual_length': 3, 'data': bytearray(b'\x82\x04\x00')}}
2019-07-31 10:35:53,291 - INFO - tty.usbmodem0006822145041.GenericOnOffClient: Status Present OnOff: off
2019-07-31 10:35:53,291 - INFO - tty.usbmodem0006822145041: {event: MeshMessageReceivedUnicast, data: {'src': 42, 'dst': 1, 'appkey_handle': 0, 'subnet_handle': 0, 'ttl': 127, 'adv_addr_type': 1, 'adv_addr': bytearray(b'\xc8c\x95\t\xc2\xc2'), 'rssi': -40, 'actual_length': 3, 'data': bytearray(b'\x82\x04\x00')}}
2019-07-31 10:35:53,298 - DEBUG - tty.usbmodem0006822145041: RX: 05d20d000000
2019-07-31 10:35:53,299 - DEBUG - tty.usbmodem0006822145041: parsed_packet {event: MeshTxComplete, data: {'token': 13}}
2019-07-31 10:35:53,299 - INFO - tty.usbmodem0006822145041: {event: MeshTxComplete, data: {'token': 13}}
2019-07-31 10:35:53,317 - DEBUG - tty.usbmodem0006822145041: RX: 17d02a000100000000007f01c8639509c2c2d80300820400
2019-07-31 10:35:53,318 - DEBUG - tty.usbmodem0006822145041: parsed_packet {event: MeshMessageReceivedUnicast, data: {'src': 42, 'dst': 1, 'appkey_handle': 0, 'subnet_handle': 0, 'ttl': 127, 'adv_addr_type': 1, 'adv_addr': bytearray(b'\xc8c\x95\t\xc2\xc2'), 'rssi': -40, 'actual_length': 3, 'data': bytearray(b'\x82\x04\x00')}}
2019-07-31 10:35:53,319 - INFO - tty.usbmodem0006822145041.GenericOnOffClient: Status Present OnOff: off
2019-07-31 10:35:53,319 - INFO - tty.usbmodem0006822145041: {event: MeshMessageReceivedUnicast, data: {'src': 42, 'dst': 1, 'appkey_handle': 0, 'subnet_handle': 0, 'ttl': 127, 'adv_addr_type': 1, 'adv_addr': bytearray(b'\xc8c\x95\t\xc2\xc2'), 'rssi': -40, 'actual_length': 3, 'data': bytearray(b'\x82\x04\x00')}}
2019-07-31 10:35:53,321 - DEBUG - tty.usbmodem0006822145041: RX: 05d20e000000
2019-07-31 10:35:53,322 - DEBUG - tty.usbmodem0006822145041: parsed_packet {event: MeshTxComplete, data: {'token': 14}}
2019-07-31 10:35:53,322 - INFO - tty.usbmodem0006822145041: {event: MeshTxComplete, data: {'token': 14}}
2019-07-31 10:35:53,343 - DEBUG - tty.usbmodem0006822145041: RX: 17d039000100000000007f01cb6e5fd50bd8d30300820400
2019-07-31 10:35:53,344 - DEBUG - tty.usbmodem0006822145041: parsed_packet {event: MeshMessageReceivedUnicast, data: {'src': 57, 'dst': 1, 'appkey_handle': 0, 'subnet_handle': 0, 'ttl': 127, 'adv_addr_type': 1, 'adv_addr': bytearray(b'\xcbn_\xd5\x0b\xd8'), 'rssi': -45, 'actual_length': 3, 'data': bytearray(b'\x82\x04\x00')}}
2019-07-31 10:35:53,344 - INFO - tty.usbmodem0006822145041.GenericOnOffClient: Status Present OnOff: off
2019-07-31 10:35:53,344 - INFO - tty.usbmodem0006822145041: {event: MeshMessageReceivedUnicast, data: {'src': 57, 'dst': 1, 'appkey_handle': 0, 'subnet_handle': 0, 'ttl': 127, 'adv_addr_type': 1, 'adv_addr': bytearray(b'\xcbn_\xd5\x0b\xd8'), 'rssi': -45, 'actual_length': 3, 'data': bytearray(b'\x82\x04\x00')}}
2019-07-31 10:35:53,345 - DEBUG - tty.usbmodem0006822145041: RX: 05d20f000000
2019-07-31 10:35:53,346 - DEBUG - tty.usbmodem0006822145041: parsed_packet {event: MeshTxComplete, data: {'token': 15}}
2019-07-31 10:35:53,346 - INFO - tty.usbmodem0006822145041: {event: MeshTxComplete, data: {'token': 15}}
2019-07-31 10:35:53,366 - DEBUG - tty.usbmodem0006822145041: RX: 05d210000000
2019-07-31 10:35:53,370 - DEBUG - tty.usbmodem0006822145041: parsed_packet {event: MeshTxComplete, data: {'token': 16}}
2019-07-31 10:35:53,370 - INFO - tty.usbmodem0006822145041: {event: MeshTxComplete, data: {'token': 16}}
2019-07-31 10:35:53,371 - DEBUG - tty.usbmodem0006822145041: RX: 17d038000100000000007f01cb6e5fd50bd8ce0300820400
2019-07-31 10:35:53,371 - DEBUG - tty.usbmodem0006822145041: parsed_packet {event: MeshMessageReceivedUnicast, data: {'src': 56, 'dst': 1, 'appkey_handle': 0, 'subnet_handle': 0, 'ttl': 127, 'adv_addr_type': 1, 'adv_addr': bytearray(b'\xcbn_\xd5\x0b\xd8'), 'rssi': -50, 'actual_length': 3, 'data': bytearray(b'\x82\x04\x00')}}
2019-07-31 10:35:53,372 - INFO - tty.usbmodem0006822145041.GenericOnOffClient: Status Present OnOff: off
2019-07-31 10:35:53,372 - INFO - tty.usbmodem0006822145041: {event: MeshMessageReceivedUnicast, data: {'src': 56, 'dst': 1, 'appkey_handle': 0, 'subnet_handle': 0, 'ttl': 127, 'adv_addr_type': 1, 'adv_addr': bytearray(b'\xcbn_\xd5\x0b\xd8'), 'rssi': -50, 'actual_length': 3, 'data': bytearray(b'\x82\x04\x00')}}
2019-07-31 10:35:53,393 - DEBUG - tty.usbmodem0006822145041: RX: 17d02a000100000000007f01c8639509c2c2d80300820400
2019-07-31 10:35:53,395 - DEBUG - tty.usbmodem0006822145041: parsed_packet {event: MeshMessageReceivedUnicast, data: {'src': 42, 'dst': 1, 'appkey_handle': 0, 'subnet_handle': 0, 'ttl': 127, 'adv_addr_type': 1, 'adv_addr': bytearray(b'\xc8c\x95\t\xc2\xc2'), 'rssi': -40, 'actual_length': 3, 'data': bytearray(b'\x82\x04\x00')}}
2019-07-31 10:35:53,395 - INFO - tty.usbmodem0006822145041.GenericOnOffClient: Status Present OnOff: off
2019-07-31 10:35:53,396 - INFO - tty.usbmodem0006822145041: {event: MeshMessageReceivedUnicast, data: {'src': 42, 'dst': 1, 'appkey_handle': 0, 'subnet_handle': 0, 'ttl': 127, 'adv_addr_type': 1, 'adv_addr': bytearray(b'\xc8c\x95\t\xc2\xc2'), 'rssi': -40, 'actual_length': 3, 'data': bytearray(b'\x82\x04\x00')}}
2019-07-31 10:36:07,250 - DEBUG - tty.usbmodem0006822145041.GenericOnOffClient: Sending opcode: 8202, data: 0183
2019-07-31 10:36:07,251 - DEBUG - tty.usbmodem0006822145041: Writing: 171 bytearray(b'\x00\x00\x01\x00\x0e\x00\x08\x00\x00\x00\x82\x02\x01\x83')
2019-07-31 10:36:07,252 - DEBUG - tty.usbmodem0006822145041: TX: 0fab000001000e000800000082020183
2019-07-31 10:36:07,265 - DEBUG - tty.usbmodem0006822145041: RX: 0784ab0011000000
2019-07-31 10:36:07,265 - DEBUG - tty.usbmodem0006822145041: parsed_packet {event: CmdRsp, data: {'opcode': 171, 'status': 0, 'data': bytearray(b'\x11\x00\x00\x00')}}
2019-07-31 10:36:07,265 - INFO - tty.usbmodem0006822145041: PacketSend: {'token': 17}
2019-07-31 10:36:07,268 - DEBUG - tty.usbmodem0006822145041: RX: 05d211000000
2019-07-31 10:36:07,268 - DEBUG - tty.usbmodem0006822145041: parsed_packet {event: MeshTxComplete, data: {'token': 17}}
2019-07-31 10:36:07,269 - INFO - tty.usbmodem0006822145041: {event: MeshTxComplete, data: {'token': 17}}
2019-07-31 10:36:07,281 - DEBUG - tty.usbmodem0006822145041: RX: 17d02b000100000000007f01c8639509c2c2d70300820401
2019-07-31 10:36:07,281 - DEBUG - tty.usbmodem0006822145041: parsed_packet {event: MeshMessageReceivedUnicast, data: {'src': 43, 'dst': 1, 'appkey_handle': 0, 'subnet_handle': 0, 'ttl': 127, 'adv_addr_type': 1, 'adv_addr': bytearray(b'\xc8c\x95\t\xc2\xc2'), 'rssi': -41, 'actual_length': 3, 'data': bytearray(b'\x82\x04\x01')}}
2019-07-31 10:36:07,281 - INFO - tty.usbmodem0006822145041.GenericOnOffClient: Status Present OnOff: on
2019-07-31 10:36:07,282 - INFO - tty.usbmodem0006822145041: {event: MeshMessageReceivedUnicast, data: {'src': 43, 'dst': 1, 'appkey_handle': 0, 'subnet_handle': 0, 'ttl': 127, 'adv_addr_type': 1, 'adv_addr': bytearray(b'\xc8c\x95\t\xc2\xc2'), 'rssi': -41, 'actual_length': 3, 'data': bytearray(b'\x82\x04\x01')}}
2019-07-31 10:36:07,765 - DEBUG - tty.usbmodem0006822145041.GenericOnOffClient: Sending opcode: 8202, data: 0084
2019-07-31 10:36:07,765 - DEBUG - tty.usbmodem0006822145041: Writing: 171 bytearray(b'\x00\x00\x01\x00\x1c\x00\x08\x00\x00\x00\x82\x02\x00\x84')
2019-07-31 10:36:07,766 - DEBUG - tty.usbmodem0006822145041: TX: 0fab000001001c000800000082020084
2019-07-31 10:36:07,777 - DEBUG - tty.usbmodem0006822145041: RX: 0784ab0012000000
2019-07-31 10:36:07,777 - DEBUG - tty.usbmodem0006822145041: parsed_packet {event: CmdRsp, data: {'opcode': 171, 'status': 0, 'data': bytearray(b'\x12\x00\x00\x00')}}
2019-07-31 10:36:07,778 - INFO - tty.usbmodem0006822145041: PacketSend: {'token': 18}
2019-07-31 10:36:07,779 - DEBUG - tty.usbmodem0006822145041: RX: 05d212000000
2019-07-31 10:36:07,779 - DEBUG - tty.usbmodem0006822145041: parsed_packet {event: MeshTxComplete, data: {'token': 18}}
2019-07-31 10:36:07,779 - INFO - tty.usbmodem0006822145041: {event: MeshTxComplete, data: {'token': 18}}
2019-07-31 10:36:07,783 - DEBUG - tty.usbmodem0006822145041: RX: 17d039000100000000007f01cb6e5fd50bd8d30300820400
2019-07-31 10:36:07,783 - DEBUG - tty.usbmodem0006822145041: parsed_packet {event: MeshMessageReceivedUnicast, data: {'src': 57, 'dst': 1, 'appkey_handle': 0, 'subnet_handle': 0, 'ttl': 127, 'adv_addr_type': 1, 'adv_addr': bytearray(b'\xcbn_\xd5\x0b\xd8'), 'rssi': -45, 'actual_length': 3, 'data': bytearray(b'\x82\x04\x00')}}
2019-07-31 10:36:07,783 - INFO - tty.usbmodem0006822145041.GenericOnOffClient: Status Present OnOff: off
2019-07-31 10:36:07,784 - INFO - tty.usbmodem0006822145041: {event: MeshMessageReceivedUnicast, data: {'src': 57, 'dst': 1, 'appkey_handle': 0, 'subnet_handle': 0, 'ttl': 127, 'adv_addr_type': 1, 'adv_addr': bytearray(b'\xcbn_\xd5\x0b\xd8'), 'rssi': -45, 'actual_length': 3, 'data': bytearray(b'\x82\x04\x00')}}
2019-07-31 10:36:08,278 - DEBUG - tty.usbmodem0006822145041.GenericOnOffClient: Sending opcode: 8202, data: 0185
2019-07-31 10:36:08,279 - DEBUG - tty.usbmodem0006822145041: Writing: 171 bytearray(b'\x00\x00\x01\x00\r\x00\x08\x00\x00\x00\x82\x02\x01\x85')
2019-07-31 10:36:08,279 - DEBUG - tty.usbmodem0006822145041: TX: 0fab000001000d000800000082020185
2019-07-31 10:36:08,288 - DEBUG - tty.usbmodem0006822145041: RX: 0784ab0013000000
2019-07-31 10:36:08,288 - DEBUG - tty.usbmodem0006822145041: parsed_packet {event: CmdRsp, data: {'opcode': 171, 'status': 0, 'data': bytearray(b'\x13\x00\x00\x00')}}
2019-07-31 10:36:08,288 - INFO - tty.usbmodem0006822145041: PacketSend: {'token': 19}
2019-07-31 10:36:08,292 - DEBUG - tty.usbmodem0006822145041: RX: 05d213000000
2019-07-31 10:36:08,292 - DEBUG - tty.usbmodem0006822145041: parsed_packet {event: MeshTxComplete, data: {'token': 19}}
2019-07-31 10:36:08,292 - INFO - tty.usbmodem0006822145041: {event: MeshTxComplete, data: {'token': 19}}
2019-07-31 10:36:08,309 - DEBUG - tty.usbmodem0006822145041: RX: 17d02a000100000000007f01c8639509c2c2d50300820401
2019-07-31 10:36:08,309 - DEBUG - tty.usbmodem0006822145041: parsed_packet {event: MeshMessageReceivedUnicast, data: {'src': 42, 'dst': 1, 'appkey_handle': 0, 'subnet_handle': 0, 'ttl': 127, 'adv_addr_type': 1, 'adv_addr': bytearray(b'\xc8c\x95\t\xc2\xc2'), 'rssi': -43, 'actual_length': 3, 'data': bytearray(b'\x82\x04\x01')}}
2019-07-31 10:36:08,309 - INFO - tty.usbmodem0006822145041.GenericOnOffClient: Status Present OnOff: on
2019-07-31 10:36:08,309 - INFO - tty.usbmodem0006822145041: {event: MeshMessageReceivedUnicast, data: {'src': 42, 'dst': 1, 'appkey_handle': 0, 'subnet_handle': 0, 'ttl': 127, 'adv_addr_type': 1, 'adv_addr': bytearray(b'\xc8c\x95\t\xc2\xc2'), 'rssi': -43, 'actual_length': 3, 'data': bytearray(b'\x82\x04\x01')}}
2019-07-31 10:36:08,794 - DEBUG - tty.usbmodem0006822145041.GenericOnOffClient: Sending opcode: 8202, data: 0086
2019-07-31 10:36:08,794 - DEBUG - tty.usbmodem0006822145041: Writing: 171 bytearray(b'\x00\x00\x01\x00\x1b\x00\x08\x00\x00\x00\x82\x02\x00\x86')
2019-07-31 10:36:08,794 - DEBUG - tty.usbmodem0006822145041: TX: 0fab000001001b000800000082020086
2019-07-31 10:36:08,804 - DEBUG - tty.usbmodem0006822145041: RX: 0784ab0014000000
2019-07-31 10:36:08,804 - DEBUG - tty.usbmodem0006822145041: parsed_packet {event: CmdRsp, data: {'opcode': 171, 'status': 0, 'data': bytearray(b'\x14\x00\x00\x00')}}
2019-07-31 10:36:08,804 - INFO - tty.usbmodem0006822145041: PacketSend: {'token': 20}
2019-07-31 10:36:08,816 - DEBUG - tty.usbmodem0006822145041: RX: 05d214000000
2019-07-31 10:36:08,816 - DEBUG - tty.usbmodem0006822145041: parsed_packet {event: MeshTxComplete, data: {'token': 20}}
2019-07-31 10:36:08,816 - INFO - tty.usbmodem0006822145041: {event: MeshTxComplete, data: {'token': 20}}
2019-07-31 10:36:08,827 - DEBUG - tty.usbmodem0006822145041: RX: 17d038000100000000007f01cb6e5fd50bd8cd0300820400
2019-07-31 10:36:08,827 - DEBUG - tty.usbmodem0006822145041: parsed_packet {event: MeshMessageReceivedUnicast, data: {'src': 56, 'dst': 1, 'appkey_handle': 0, 'subnet_handle': 0, 'ttl': 127, 'adv_addr_type': 1, 'adv_addr': bytearray(b'\xcbn_\xd5\x0b\xd8'), 'rssi': -51, 'actual_length': 3, 'data': bytearray(b'\x82\x04\x00')}}
2019-07-31 10:36:08,827 - INFO - tty.usbmodem0006822145041.GenericOnOffClient: Status Present OnOff: off
2019-07-31 10:36:08,827 - INFO - tty.usbmodem0006822145041: {event: MeshMessageReceivedUnicast, data: {'src': 56, 'dst': 1, 'appkey_handle': 0, 'subnet_handle': 0, 'ttl': 127, 'adv_addr_type': 1, 'adv_addr': bytearray(b'\xcbn_\xd5\x0b\xd8'), 'rssi': -51, 'actual_length': 3, 'data': bytearray(b'\x82\x04\x00')}}
2019-07-31 10:36:09,307 - DEBUG - tty.usbmodem0006822145041.GenericOnOffClient: Sending opcode: 8202, data: 0187
2019-07-31 10:36:09,308 - DEBUG - tty.usbmodem0006822145041: Writing: 171 bytearray(b'\x00\x00\x01\x00\x0e\x00\x08\x00\x00\x00\x82\x02\x01\x87')
2019-07-31 10:36:09,308 - DEBUG - tty.usbmodem0006822145041: TX: 0fab000001000e000800000082020187
2019-07-31 10:36:09,318 - DEBUG - tty.usbmodem0006822145041: RX: 0784ab0015000000
2019-07-31 10:36:09,318 - DEBUG - tty.usbmodem0006822145041: parsed_packet {event: CmdRsp, data: {'opcode': 171, 'status': 0, 'data': bytearray(b'\x15\x00\x00\x00')}}
2019-07-31 10:36:09,318 - INFO - tty.usbmodem0006822145041: PacketSend: {'token': 21}
2019-07-31 10:36:09,330 - DEBUG - tty.usbmodem0006822145041: RX: 05d215000000
2019-07-31 10:36:09,330 - DEBUG - tty.usbmodem0006822145041: parsed_packet {event: MeshTxComplete, data: {'token': 21}}
2019-07-31 10:36:09,331 - INFO - tty.usbmodem0006822145041: {event: MeshTxComplete, data: {'token': 21}}
2019-07-31 10:36:09,342 - DEBUG - tty.usbmodem0006822145041: RX: 17d02b000100000000007f01c8639509c2c2d50300820401
2019-07-31 10:36:09,342 - DEBUG - tty.usbmodem0006822145041: parsed_packet {event: MeshMessageReceivedUnicast, data: {'src': 43, 'dst': 1, 'appkey_handle': 0, 'subnet_handle': 0, 'ttl': 127, 'adv_addr_type': 1, 'adv_addr': bytearray(b'\xc8c\x95\t\xc2\xc2'), 'rssi': -43, 'actual_length': 3, 'data': bytearray(b'\x82\x04\x01')}}
2019-07-31 10:36:09,342 - INFO - tty.usbmodem0006822145041.GenericOnOffClient: Status Present OnOff: on
2019-07-31 10:36:09,342 - INFO - tty.usbmodem0006822145041: {event: MeshMessageReceivedUnicast, data: {'src': 43, 'dst': 1, 'appkey_handle': 0, 'subnet_handle': 0, 'ttl': 127, 'adv_addr_type': 1, 'adv_addr': bytearray(b'\xc8c\x95\t\xc2\xc2'), 'rssi': -43, 'actual_length': 3, 'data': bytearray(b'\x82\x04\x01')}}
2019-07-31 10:36:09,823 - DEBUG - tty.usbmodem0006822145041.GenericOnOffClient: Sending opcode: 8202, data: 0088
2019-07-31 10:36:09,823 - DEBUG - tty.usbmodem0006822145041: Writing: 171 bytearray(b'\x00\x00\x01\x00\x1c\x00\x08\x00\x00\x00\x82\x02\x00\x88')
2019-07-31 10:36:09,824 - DEBUG - tty.usbmodem0006822145041: TX: 0fab000001001c000800000082020088
2019-07-31 10:36:09,833 - DEBUG - tty.usbmodem0006822145041: RX: 0784ab0016000000
2019-07-31 10:36:09,833 - DEBUG - tty.usbmodem0006822145041: parsed_packet {event: CmdRsp, data: {'opcode': 171, 'status': 0, 'data': bytearray(b'\x16\x00\x00\x00')}}
2019-07-31 10:36:09,833 - INFO - tty.usbmodem0006822145041: PacketSend: {'token': 22}
2019-07-31 10:36:09,845 - DEBUG - tty.usbmodem0006822145041: RX: 05d216000000
2019-07-31 10:36:09,845 - DEBUG - tty.usbmodem0006822145041: parsed_packet {event: MeshTxComplete, data: {'token': 22}}
2019-07-31 10:36:09,845 - INFO - tty.usbmodem0006822145041: {event: MeshTxComplete, data: {'token': 22}}
2019-07-31 10:36:09,855 - DEBUG - tty.usbmodem0006822145041: RX: 17d039000100000000007f01cb6e5fd50bd8cd0300820400
2019-07-31 10:36:09,855 - DEBUG - tty.usbmodem0006822145041: parsed_packet {event: MeshMessageReceivedUnicast, data: {'src': 57, 'dst': 1, 'appkey_handle': 0, 'subnet_handle': 0, 'ttl': 127, 'adv_addr_type': 1, 'adv_addr': bytearray(b'\xcbn_\xd5\x0b\xd8'), 'rssi': -51, 'actual_length': 3, 'data': bytearray(b'\x82\x04\x00')}}
2019-07-31 10:36:09,855 - INFO - tty.usbmodem0006822145041.GenericOnOffClient: Status Present OnOff: off
2019-07-31 10:36:09,855 - INFO - tty.usbmodem0006822145041: {event: MeshMessageReceivedUnicast, data: {'src': 57, 'dst': 1, 'appkey_handle': 0, 'subnet_handle': 0, 'ttl': 127, 'adv_addr_type': 1, 'adv_addr': bytearray(b'\xcbn_\xd5\x0b\xd8'), 'rssi': -51, 'actual_length': 3, 'data': bytearray(b'\x82\x04\x00')}}
2019-07-31 10:36:10,338 - DEBUG - tty.usbmodem0006822145041.GenericOnOffClient: Sending opcode: 8202, data: 0189
2019-07-31 10:36:10,339 - DEBUG - tty.usbmodem0006822145041: Writing: 171 bytearray(b'\x00\x00\x01\x00\r\x00\x08\x00\x00\x00\x82\x02\x01\x89')
2019-07-31 10:36:10,339 - DEBUG - tty.usbmodem0006822145041: TX: 0fab000001000d000800000082020189
2019-07-31 10:36:10,348 - DEBUG - tty.usbmodem0006822145041: RX: 0784ab0017000000
2019-07-31 10:36:10,348 - DEBUG - tty.usbmodem0006822145041: parsed_packet {event: CmdRsp, data: {'opcode': 171, 'status': 0, 'data': bytearray(b'\x17\x00\x00\x00')}}
2019-07-31 10:36:10,349 - INFO - tty.usbmodem0006822145041: PacketSend: {'token': 23}
2019-07-31 10:36:10,349 - DEBUG - tty.usbmodem0006822145041: RX: 05d217000000
2019-07-31 10:36:10,349 - DEBUG - tty.usbmodem0006822145041: parsed_packet {event: MeshTxComplete, data: {'token': 23}}
2019-07-31 10:36:10,350 - INFO - tty.usbmodem0006822145041: {event: MeshTxComplete, data: {'token': 23}}
2019-07-31 10:36:10,367 - DEBUG - tty.usbmodem0006822145041: RX: 17d02a000100000000007f01c8639509c2c2d80300820401
2019-07-31 10:36:10,367 - DEBUG - tty.usbmodem0006822145041: parsed_packet {event: MeshMessageReceivedUnicast, data: {'src': 42, 'dst': 1, 'appkey_handle': 0, 'subnet_handle': 0, 'ttl': 127, 'adv_addr_type': 1, 'adv_addr': bytearray(b'\xc8c\x95\t\xc2\xc2'), 'rssi': -40, 'actual_length': 3, 'data': bytearray(b'\x82\x04\x01')}}
2019-07-31 10:36:10,367 - INFO - tty.usbmodem0006822145041.GenericOnOffClient: Status Present OnOff: on
2019-07-31 10:36:10,367 - INFO - tty.usbmodem0006822145041: {event: MeshMessageReceivedUnicast, data: {'src': 42, 'dst': 1, 'appkey_handle': 0, 'subnet_handle': 0, 'ttl': 127, 'adv_addr_type': 1, 'adv_addr': bytearray(b'\xc8c\x95\t\xc2\xc2'), 'rssi': -40, 'actual_length': 3, 'data': bytearray(b'\x82\x04\x01')}}
2019-07-31 10:36:10,852 - DEBUG - tty.usbmodem0006822145041.GenericOnOffClient: Sending opcode: 8202, data: 008a
2019-07-31 10:36:10,852 - DEBUG - tty.usbmodem0006822145041: Writing: 171 bytearray(b'\x00\x00\x01\x00\x1b\x00\x08\x00\x00\x00\x82\x02\x00\x8a')
2019-07-31 10:36:10,852 - DEBUG - tty.usbmodem0006822145041: TX: 0fab000001001b00080000008202008a
2019-07-31 10:36:10,862 - DEBUG - tty.usbmodem0006822145041: RX: 0784ab0018000000
2019-07-31 10:36:10,862 - DEBUG - tty.usbmodem0006822145041: parsed_packet {event: CmdRsp, data: {'opcode': 171, 'status': 0, 'data': bytearray(b'\x18\x00\x00\x00')}}
2019-07-31 10:36:10,862 - INFO - tty.usbmodem0006822145041: PacketSend: {'token': 24}
2019-07-31 10:36:10,876 - DEBUG - tty.usbmodem0006822145041: RX: 05d218000000
2019-07-31 10:36:10,877 - DEBUG - tty.usbmodem0006822145041: parsed_packet {event: MeshTxComplete, data: {'token': 24}}
2019-07-31 10:36:10,877 - INFO - tty.usbmodem0006822145041: {event: MeshTxComplete, data: {'token': 24}}
2019-07-31 10:36:10,881 - DEBUG - tty.usbmodem0006822145041: RX: 17d038000100000000007f01cb6e5fd50bd8ce0300820400
2019-07-31 10:36:10,881 - DEBUG - tty.usbmodem0006822145041: parsed_packet {event: MeshMessageReceivedUnicast, data: {'src': 56, 'dst': 1, 'appkey_handle': 0, 'subnet_handle': 0, 'ttl': 127, 'adv_addr_type': 1, 'adv_addr': bytearray(b'\xcbn_\xd5\x0b\xd8'), 'rssi': -50, 'actual_length': 3, 'data': bytearray(b'\x82\x04\x00')}}
2019-07-31 10:36:10,881 - INFO - tty.usbmodem0006822145041.GenericOnOffClient: Status Present OnOff: off
2019-07-31 10:36:10,881 - INFO - tty.usbmodem0006822145041: {event: MeshMessageReceivedUnicast, data: {'src': 56, 'dst': 1, 'appkey_handle': 0, 'subnet_handle': 0, 'ttl': 127, 'adv_addr_type': 1, 'adv_addr': bytearray(b'\xcbn_\xd5\x0b\xd8'), 'rssi': -50, 'actual_length': 3, 'data': bytearray(b'\x82\x04\x00')}}
2019-07-31 10:36:11,363 - DEBUG - tty.usbmodem0006822145041.GenericOnOffClient: Sending opcode: 8202, data: 018b
2019-07-31 10:36:11,364 - DEBUG - tty.usbmodem0006822145041: Writing: 171 bytearray(b'\x00\x00\x01\x00\x0e\x00\x08\x00\x00\x00\x82\x02\x01\x8b')
2019-07-31 10:36:11,364 - DEBUG - tty.usbmodem0006822145041: TX: 0fab000001000e00080000008202018b
2019-07-31 10:36:11,373 - DEBUG - tty.usbmodem0006822145041: RX: 0784ab0019000000
2019-07-31 10:36:11,374 - DEBUG - tty.usbmodem0006822145041: parsed_packet {event: CmdRsp, data: {'opcode': 171, 'status': 0, 'data': bytearray(b'\x19\x00\x00\x00')}}
2019-07-31 10:36:11,374 - INFO - tty.usbmodem0006822145041: PacketSend: {'token': 25}
2019-07-31 10:36:11,386 - DEBUG - tty.usbmodem0006822145041: RX: 05d219000000
2019-07-31 10:36:11,386 - DEBUG - tty.usbmodem0006822145041: parsed_packet {event: MeshTxComplete, data: {'token': 25}}
2019-07-31 10:36:11,386 - INFO - tty.usbmodem0006822145041: {event: MeshTxComplete, data: {'token': 25}}
2019-07-31 10:36:11,389 - DEBUG - tty.usbmodem0006822145041: RX: 17d02b000100000000007f01c8639509c2c2d80300820401
2019-07-31 10:36:11,389 - DEBUG - tty.usbmodem0006822145041: parsed_packet {event: MeshMessageReceivedUnicast, data: {'src': 43, 'dst': 1, 'appkey_handle': 0, 'subnet_handle': 0, 'ttl': 127, 'adv_addr_type': 1, 'adv_addr': bytearray(b'\xc8c\x95\t\xc2\xc2'), 'rssi': -40, 'actual_length': 3, 'data': bytearray(b'\x82\x04\x01')}}
2019-07-31 10:36:11,389 - INFO - tty.usbmodem0006822145041.GenericOnOffClient: Status Present OnOff: on
2019-07-31 10:36:11,390 - INFO - tty.usbmodem0006822145041: {event: MeshMessageReceivedUnicast, data: {'src': 43, 'dst': 1, 'appkey_handle': 0, 'subnet_handle': 0, 'ttl': 127, 'adv_addr_type': 1, 'adv_addr': bytearray(b'\xc8c\x95\t\xc2\xc2'), 'rssi': -40, 'actual_length': 3, 'data': bytearray(b'\x82\x04\x01')}}
2019-07-31 10:36:11,875 - DEBUG - tty.usbmodem0006822145041.GenericOnOffClient: Sending opcode: 8202, data: 008c
2019-07-31 10:36:11,876 - DEBUG - tty.usbmodem0006822145041: Writing: 171 bytearray(b'\x00\x00\x01\x00\x1c\x00\x08\x00\x00\x00\x82\x02\x00\x8c')
2019-07-31 10:36:11,876 - DEBUG - tty.usbmodem0006822145041: TX: 0fab000001001c00080000008202008c
2019-07-31 10:36:11,884 - DEBUG - tty.usbmodem0006822145041: RX: 0784ab001a000000
2019-07-31 10:36:11,885 - DEBUG - tty.usbmodem0006822145041: parsed_packet {event: CmdRsp, data: {'opcode': 171, 'status': 0, 'data': bytearray(b'\x1a\x00\x00\x00')}}
2019-07-31 10:36:11,885 - INFO - tty.usbmodem0006822145041: PacketSend: {'token': 26}
2019-07-31 10:36:11,890 - DEBUG - tty.usbmodem0006822145041: RX: 05d21a000000
2019-07-31 10:36:11,890 - DEBUG - tty.usbmodem0006822145041: parsed_packet {event: MeshTxComplete, data: {'token': 26}}
2019-07-31 10:36:11,890 - INFO - tty.usbmodem0006822145041: {event: MeshTxComplete, data: {'token': 26}}
2019-07-31 10:36:11,897 - DEBUG - tty.usbmodem0006822145041: RX: 17d039000100000000007f01cb6e5fd50bd8cf0300820400
2019-07-31 10:36:11,897 - DEBUG - tty.usbmodem0006822145041: parsed_packet {event: MeshMessageReceivedUnicast, data: {'src': 57, 'dst': 1, 'appkey_handle': 0, 'subnet_handle': 0, 'ttl': 127, 'adv_addr_type': 1, 'adv_addr': bytearray(b'\xcbn_\xd5\x0b\xd8'), 'rssi': -49, 'actual_length': 3, 'data': bytearray(b'\x82\x04\x00')}}
2019-07-31 10:36:11,897 - INFO - tty.usbmodem0006822145041.GenericOnOffClient: Status Present OnOff: off
2019-07-31 10:36:11,897 - INFO - tty.usbmodem0006822145041: {event: MeshMessageReceivedUnicast, data: {'src': 57, 'dst': 1, 'appkey_handle': 0, 'subnet_handle': 0, 'ttl': 127, 'adv_addr_type': 1, 'adv_addr': bytearray(b'\xcbn_\xd5\x0b\xd8'), 'rssi': -49, 'actual_length': 3, 'data': bytearray(b'\x82\x04\x00')}}
2019-07-31 10:36:12,388 - DEBUG - tty.usbmodem0006822145041.GenericOnOffClient: Sending opcode: 8202, data: 018d
2019-07-31 10:36:12,388 - DEBUG - tty.usbmodem0006822145041: Writing: 171 bytearray(b'\x00\x00\x01\x00\r\x00\x08\x00\x00\x00\x82\x02\x01\x8d')
2019-07-31 10:36:12,388 - DEBUG - tty.usbmodem0006822145041: TX: 0fab000001000d00080000008202018d
2019-07-31 10:36:12,396 - DEBUG - tty.usbmodem0006822145041: RX: 0784ab001b000000
2019-07-31 10:36:12,396 - DEBUG - tty.usbmodem0006822145041: parsed_packet {event: CmdRsp, data: {'opcode': 171, 'status': 0, 'data': bytearray(b'\x1b\x00\x00\x00')}}
2019-07-31 10:36:12,396 - INFO - tty.usbmodem0006822145041: PacketSend: {'token': 27}
2019-07-31 10:36:12,405 - DEBUG - tty.usbmodem0006822145041: RX: 05d21b000000
2019-07-31 10:36:12,405 - DEBUG - tty.usbmodem0006822145041: parsed_packet {event: MeshTxComplete, data: {'token': 27}}
2019-07-31 10:36:12,405 - INFO - tty.usbmodem0006822145041: {event: MeshTxComplete, data: {'token': 27}}
2019-07-31 10:36:12,409 - DEBUG - tty.usbmodem0006822145041: RX: 17d02a000100000000007f01c8639509c2c2da0300820401
2019-07-31 10:36:12,409 - DEBUG - tty.usbmodem0006822145041: parsed_packet {event: MeshMessageReceivedUnicast, data: {'src': 42, 'dst': 1, 'appkey_handle': 0, 'subnet_handle': 0, 'ttl': 127, 'adv_addr_type': 1, 'adv_addr': bytearray(b'\xc8c\x95\t\xc2\xc2'), 'rssi': -38, 'actual_length': 3, 'data': bytearray(b'\x82\x04\x01')}}
2019-07-31 10:36:12,409 - INFO - tty.usbmodem0006822145041.GenericOnOffClient: Status Present OnOff: on
2019-07-31 10:36:12,409 - INFO - tty.usbmodem0006822145041: {event: MeshMessageReceivedUnicast, data: {'src': 42, 'dst': 1, 'appkey_handle': 0, 'subnet_handle': 0, 'ttl': 127, 'adv_addr_type': 1, 'adv_addr': bytearray(b'\xc8c\x95\t\xc2\xc2'), 'rssi': -38, 'actual_length': 3, 'data': bytearray(b'\x82\x04\x01')}}
2019-07-31 10:36:12,903 - DEBUG - tty.usbmodem0006822145041.GenericOnOffClient: Sending opcode: 8202, data: 008e
2019-07-31 10:36:12,904 - DEBUG - tty.usbmodem0006822145041: Writing: 171 bytearray(b'\x00\x00\x01\x00\x1b\x00\x08\x00\x00\x00\x82\x02\x00\x8e')
2019-07-31 10:36:12,904 - DEBUG - tty.usbmodem0006822145041: TX: 0fab000001001b00080000008202008e
2019-07-31 10:36:12,914 - DEBUG - tty.usbmodem0006822145041: RX: 0784ab001c000000
2019-07-31 10:36:12,914 - DEBUG - tty.usbmodem0006822145041: parsed_packet {event: CmdRsp, data: {'opcode': 171, 'status': 0, 'data': bytearray(b'\x1c\x00\x00\x00')}}
2019-07-31 10:36:12,914 - INFO - tty.usbmodem0006822145041: PacketSend: {'token': 28}
2019-07-31 10:36:12,916 - DEBUG - tty.usbmodem0006822145041: RX: 05d21c000000
2019-07-31 10:36:12,916 - DEBUG - tty.usbmodem0006822145041: parsed_packet {event: MeshTxComplete, data: {'token': 28}}
2019-07-31 10:36:12,916 - INFO - tty.usbmodem0006822145041: {event: MeshTxComplete, data: {'token': 28}}
2019-07-31 10:36:12,930 - DEBUG - tty.usbmodem0006822145041: RX: 17d038000100000000007f01cb6e5fd50bd8cf0300820400
2019-07-31 10:36:12,930 - DEBUG - tty.usbmodem0006822145041: parsed_packet {event: MeshMessageReceivedUnicast, data: {'src': 56, 'dst': 1, 'appkey_handle': 0, 'subnet_handle': 0, 'ttl': 127, 'adv_addr_type': 1, 'adv_addr': bytearray(b'\xcbn_\xd5\x0b\xd8'), 'rssi': -49, 'actual_length': 3, 'data': bytearray(b'\x82\x04\x00')}}
2019-07-31 10:36:12,931 - INFO - tty.usbmodem0006822145041.GenericOnOffClient: Status Present OnOff: off
2019-07-31 10:36:12,931 - INFO - tty.usbmodem0006822145041: {event: MeshMessageReceivedUnicast, data: {'src': 56, 'dst': 1, 'appkey_handle': 0, 'subnet_handle': 0, 'ttl': 127, 'adv_addr_type': 1, 'adv_addr': bytearray(b'\xcbn_\xd5\x0b\xd8'), 'rssi': -49, 'actual_length': 3, 'data': bytearray(b'\x82\x04\x00')}}
2019-07-31 10:36:13,414 - DEBUG - tty.usbmodem0006822145041.GenericOnOffClient: Sending opcode: 8202, data: 018f
2019-07-31 10:36:13,415 - DEBUG - tty.usbmodem0006822145041: Writing: 171 bytearray(b'\x00\x00\x01\x00\x0e\x00\x08\x00\x00\x00\x82\x02\x01\x8f')
2019-07-31 10:36:13,415 - DEBUG - tty.usbmodem0006822145041: TX: 0fab000001000e00080000008202018f
2019-07-31 10:36:13,425 - DEBUG - tty.usbmodem0006822145041: RX: 0784ab001d000000
2019-07-31 10:36:13,425 - DEBUG - tty.usbmodem0006822145041: parsed_packet {event: CmdRsp, data: {'opcode': 171, 'status': 0, 'data': bytearray(b'\x1d\x00\x00\x00')}}
2019-07-31 10:36:13,425 - INFO - tty.usbmodem0006822145041: PacketSend: {'token': 29}
2019-07-31 10:36:13,431 - DEBUG - tty.usbmodem0006822145041: RX: 05d21d000000
2019-07-31 10:36:13,431 - DEBUG - tty.usbmodem0006822145041: parsed_packet {event: MeshTxComplete, data: {'token': 29}}
2019-07-31 10:36:13,431 - INFO - tty.usbmodem0006822145041: {event: MeshTxComplete, data: {'token': 29}}
2019-07-31 10:36:13,449 - DEBUG - tty.usbmodem0006822145041: RX: 17d02b000100000000007f01c8639509c2c2dc0300820401
2019-07-31 10:36:13,449 - DEBUG - tty.usbmodem0006822145041: parsed_packet {event: MeshMessageReceivedUnicast, data: {'src': 43, 'dst': 1, 'appkey_handle': 0, 'subnet_handle': 0, 'ttl': 127, 'adv_addr_type': 1, 'adv_addr': bytearray(b'\xc8c\x95\t\xc2\xc2'), 'rssi': -36, 'actual_length': 3, 'data': bytearray(b'\x82\x04\x01')}}
2019-07-31 10:36:13,449 - INFO - tty.usbmodem0006822145041.GenericOnOffClient: Status Present OnOff: on
2019-07-31 10:36:13,449 - INFO - tty.usbmodem0006822145041: {event: MeshMessageReceivedUnicast, data: {'src': 43, 'dst': 1, 'appkey_handle': 0, 'subnet_handle': 0, 'ttl': 127, 'adv_addr_type': 1, 'adv_addr': bytearray(b'\xc8c\x95\t\xc2\xc2'), 'rssi': -36, 'actual_length': 3, 'data': bytearray(b'\x82\x04\x01')}}
2019-07-31 10:36:13,927 - DEBUG - tty.usbmodem0006822145041.GenericOnOffClient: Sending opcode: 8202, data: 0090
2019-07-31 10:36:13,927 - DEBUG - tty.usbmodem0006822145041: Writing: 171 bytearray(b'\x00\x00\x01\x00\x1c\x00\x08\x00\x00\x00\x82\x02\x00\x90')
2019-07-31 10:36:13,928 - DEBUG - tty.usbmodem0006822145041: TX: 0fab000001001c000800000082020090
2019-07-31 10:36:13,937 - DEBUG - tty.usbmodem0006822145041: RX: 0784ab001e000000
2019-07-31 10:36:13,937 - DEBUG - tty.usbmodem0006822145041: parsed_packet {event: CmdRsp, data: {'opcode': 171, 'status': 0, 'data': bytearray(b'\x1e\x00\x00\x00')}}
2019-07-31 10:36:13,937 - INFO - tty.usbmodem0006822145041: PacketSend: {'token': 30}
2019-07-31 10:36:13,947 - DEBUG - tty.usbmodem0006822145041: RX: 05d21e000000
2019-07-31 10:36:13,947 - DEBUG - tty.usbmodem0006822145041: parsed_packet {event: MeshTxComplete, data: {'token': 30}}
2019-07-31 10:36:13,947 - INFO - tty.usbmodem0006822145041: {event: MeshTxComplete, data: {'token': 30}}
2019-07-31 10:36:13,958 - DEBUG - tty.usbmodem0006822145041: RX: 17d039000100000000007f01cb6e5fd50bd8d00300820400
2019-07-31 10:36:13,958 - DEBUG - tty.usbmodem0006822145041: parsed_packet {event: MeshMessageReceivedUnicast, data: {'src': 57, 'dst': 1, 'appkey_handle': 0, 'subnet_handle': 0, 'ttl': 127, 'adv_addr_type': 1, 'adv_addr': bytearray(b'\xcbn_\xd5\x0b\xd8'), 'rssi': -48, 'actual_length': 3, 'data': bytearray(b'\x82\x04\x00')}}
2019-07-31 10:36:13,958 - INFO - tty.usbmodem0006822145041.GenericOnOffClient: Status Present OnOff: off
2019-07-31 10:36:13,958 - INFO - tty.usbmodem0006822145041: {event: MeshMessageReceivedUnicast, data: {'src': 57, 'dst': 1, 'appkey_handle': 0, 'subnet_handle': 0, 'ttl': 127, 'adv_addr_type': 1, 'adv_addr': bytearray(b'\xcbn_\xd5\x0b\xd8'), 'rssi': -48, 'actual_length': 3, 'data': bytearray(b'\x82\x04\x00')}}
2019-07-31 10:36:14,441 - DEBUG - tty.usbmodem0006822145041.GenericOnOffClient: Sending opcode: 8202, data: 0191
2019-07-31 10:36:14,442 - DEBUG - tty.usbmodem0006822145041: Writing: 171 bytearray(b'\x00\x00\x01\x00\r\x00\x08\x00\x00\x00\x82\x02\x01\x91')
2019-07-31 10:36:14,442 - DEBUG - tty.usbmodem0006822145041: TX: 0fab000001000d000800000082020191
2019-07-31 10:36:14,451 - DEBUG - tty.usbmodem0006822145041: RX: 0784ab001f000000
2019-07-31 10:36:14,452 - DEBUG - tty.usbmodem0006822145041: parsed_packet {event: CmdRsp, data: {'opcode': 171, 'status': 0, 'data': bytearray(b'\x1f\x00\x00\x00')}}
2019-07-31 10:36:14,452 - INFO - tty.usbmodem0006822145041: PacketSend: {'token': 31}
2019-07-31 10:36:14,452 - DEBUG - tty.usbmodem0006822145041: RX: 05d21f000000
2019-07-31 10:36:14,452 - DEBUG - tty.usbmodem0006822145041: parsed_packet {event: MeshTxComplete, data: {'token': 31}}
2019-07-31 10:36:14,452 - INFO - tty.usbmodem0006822145041: {event: MeshTxComplete, data: {'token': 31}}
2019-07-31 10:36:14,470 - DEBUG - tty.usbmodem0006822145041: RX: 17d02a000100000000007f01c8639509c2c2d90300820401
2019-07-31 10:36:14,470 - DEBUG - tty.usbmodem0006822145041: parsed_packet {event: MeshMessageReceivedUnicast, data: {'src': 42, 'dst': 1, 'appkey_handle': 0, 'subnet_handle': 0, 'ttl': 127, 'adv_addr_type': 1, 'adv_addr': bytearray(b'\xc8c\x95\t\xc2\xc2'), 'rssi': -39, 'actual_length': 3, 'data': bytearray(b'\x82\x04\x01')}}
2019-07-31 10:36:14,470 - INFO - tty.usbmodem0006822145041.GenericOnOffClient: Status Present OnOff: on
2019-07-31 10:36:14,470 - INFO - tty.usbmodem0006822145041: {event: MeshMessageReceivedUnicast, data: {'src': 42, 'dst': 1, 'appkey_handle': 0, 'subnet_handle': 0, 'ttl': 127, 'adv_addr_type': 1, 'adv_addr': bytearray(b'\xc8c\x95\t\xc2\xc2'), 'rssi': -39, 'actual_length': 3, 'data': bytearray(b'\x82\x04\x01')}}
2019-07-31 10:36:14,954 - DEBUG - tty.usbmodem0006822145041.GenericOnOffClient: Sending opcode: 8202, data: 0092
2019-07-31 10:36:14,955 - DEBUG - tty.usbmodem0006822145041: Writing: 171 bytearray(b'\x00\x00\x01\x00\x1b\x00\x08\x00\x00\x00\x82\x02\x00\x92')
2019-07-31 10:36:14,955 - DEBUG - tty.usbmodem0006822145041: TX: 0fab000001001b000800000082020092
2019-07-31 10:36:14,965 - DEBUG - tty.usbmodem0006822145041: RX: 0784ab0020000000
2019-07-31 10:36:14,965 - DEBUG - tty.usbmodem0006822145041: parsed_packet {event: CmdRsp, data: {'opcode': 171, 'status': 0, 'data': bytearray(b' \x00\x00\x00')}}
2019-07-31 10:36:14,965 - INFO - tty.usbmodem0006822145041: PacketSend: {'token': 32}
2019-07-31 10:36:14,974 - DEBUG - tty.usbmodem0006822145041: RX: 05d220000000
2019-07-31 10:36:14,974 - DEBUG - tty.usbmodem0006822145041: parsed_packet {event: MeshTxComplete, data: {'token': 32}}
2019-07-31 10:36:14,974 - INFO - tty.usbmodem0006822145041: {event: MeshTxComplete, data: {'token': 32}}
2019-07-31 10:36:14,977 - DEBUG - tty.usbmodem0006822145041: RX: 17d038000100000000007f01cb6e5fd50bd8d30300820400
2019-07-31 10:36:14,977 - DEBUG - tty.usbmodem0006822145041: parsed_packet {event: MeshMessageReceivedUnicast, data: {'src': 56, 'dst': 1, 'appkey_handle': 0, 'subnet_handle': 0, 'ttl': 127, 'adv_addr_type': 1, 'adv_addr': bytearray(b'\xcbn_\xd5\x0b\xd8'), 'rssi': -45, 'actual_length': 3, 'data': bytearray(b'\x82\x04\x00')}}
2019-07-31 10:36:14,977 - INFO - tty.usbmodem0006822145041.GenericOnOffClient: Status Present OnOff: off
2019-07-31 10:36:14,977 - INFO - tty.usbmodem0006822145041: {event: MeshMessageReceivedUnicast, data: {'src': 56, 'dst': 1, 'appkey_handle': 0, 'subnet_handle': 0, 'ttl': 127, 'adv_addr_type': 1, 'adv_addr': bytearray(b'\xcbn_\xd5\x0b\xd8'), 'rssi': -45, 'actual_length': 3, 'data': bytearray(b'\x82\x04\x00')}}
2019-07-31 10:36:15,466 - DEBUG - tty.usbmodem0006822145041.GenericOnOffClient: Sending opcode: 8202, data: 0193
2019-07-31 10:36:15,466 - DEBUG - tty.usbmodem0006822145041: Writing: 171 bytearray(b'\x00\x00\x01\x00\x0e\x00\x08\x00\x00\x00\x82\x02\x01\x93')
2019-07-31 10:36:15,466 - DEBUG - tty.usbmodem0006822145041: TX: 0fab000001000e000800000082020193
2019-07-31 10:36:15,476 - DEBUG - tty.usbmodem0006822145041: RX: 0784ab0021000000
2019-07-31 10:36:15,476 - DEBUG - tty.usbmodem0006822145041: parsed_packet {event: CmdRsp, data: {'opcode': 171, 'status': 0, 'data': bytearray(b'!\x00\x00\x00')}}
2019-07-31 10:36:15,476 - INFO - tty.usbmodem0006822145041: PacketSend: {'token': 33}
2019-07-31 10:36:15,483 - DEBUG - tty.usbmodem0006822145041: RX: 05d221000000
2019-07-31 10:36:15,483 - DEBUG - tty.usbmodem0006822145041: parsed_packet {event: MeshTxComplete, data: {'token': 33}}
2019-07-31 10:36:15,483 - INFO - tty.usbmodem0006822145041: {event: MeshTxComplete, data: {'token': 33}}
2019-07-31 10:36:15,489 - DEBUG - tty.usbmodem0006822145041: RX: 17d02b000100000000007f01c8639509c2c2da0300820401
2019-07-31 10:36:15,489 - DEBUG - tty.usbmodem0006822145041: parsed_packet {event: MeshMessageReceivedUnicast, data: {'src': 43, 'dst': 1, 'appkey_handle': 0, 'subnet_handle': 0, 'ttl': 127, 'adv_addr_type': 1, 'adv_addr': bytearray(b'\xc8c\x95\t\xc2\xc2'), 'rssi': -38, 'actual_length': 3, 'data': bytearray(b'\x82\x04\x01')}}
2019-07-31 10:36:15,489 - INFO - tty.usbmodem0006822145041.GenericOnOffClient: Status Present OnOff: on
2019-07-31 10:36:15,490 - INFO - tty.usbmodem0006822145041: {event: MeshMessageReceivedUnicast, data: {'src': 43, 'dst': 1, 'appkey_handle': 0, 'subnet_handle': 0, 'ttl': 127, 'adv_addr_type': 1, 'adv_addr': bytearray(b'\xc8c\x95\t\xc2\xc2'), 'rssi': -38, 'actual_length': 3, 'data': bytearray(b'\x82\x04\x01')}}
2019-07-31 10:36:15,981 - DEBUG - tty.usbmodem0006822145041.GenericOnOffClient: Sending opcode: 8202, data: 0094
2019-07-31 10:36:15,982 - DEBUG - tty.usbmodem0006822145041: Writing: 171 bytearray(b'\x00\x00\x01\x00\x1c\x00\x08\x00\x00\x00\x82\x02\x00\x94')
2019-07-31 10:36:15,982 - DEBUG - tty.usbmodem0006822145041: TX: 0fab000001001c000800000082020094
2019-07-31 10:36:15,991 - DEBUG - tty.usbmodem0006822145041: RX: 0784ab0022000000
2019-07-31 10:36:15,991 - DEBUG - tty.usbmodem0006822145041: parsed_packet {event: CmdRsp, data: {'opcode': 171, 'status': 0, 'data': bytearray(b'"\x00\x00\x00')}}
2019-07-31 10:36:15,991 - INFO - tty.usbmodem0006822145041: PacketSend: {'token': 34}
2019-07-31 10:36:15,997 - DEBUG - tty.usbmodem0006822145041: RX: 05d222000000
2019-07-31 10:36:15,997 - DEBUG - tty.usbmodem0006822145041: parsed_packet {event: MeshTxComplete, data: {'token': 34}}
2019-07-31 10:36:15,997 - INFO - tty.usbmodem0006822145041: {event: MeshTxComplete, data: {'token': 34}}
2019-07-31 10:36:16,037 - INFO - tty.usbmodem0006822145041.GenericOnOffClient: Retrying SET
2019-07-31 10:36:16,037 - DEBUG - tty.usbmodem0006822145041.GenericOnOffClient: Sending opcode: 8202, data: 0095
2019-07-31 10:36:16,038 - DEBUG - tty.usbmodem0006822145041: Writing: 171 bytearray(b'\x00\x00\x01\x00\x1c\x00\x08\x00\x00\x00\x82\x02\x00\x95')
2019-07-31 10:36:16,038 - DEBUG - tty.usbmodem0006822145041: TX: 0fab000001001c000800000082020095
2019-07-31 10:36:16,042 - DEBUG - tty.usbmodem0006822145041: RX: 0784ab0023000000
2019-07-31 10:36:16,043 - DEBUG - tty.usbmodem0006822145041: parsed_packet {event: CmdRsp, data: {'opcode': 171, 'status': 0, 'data': bytearray(b'#\x00\x00\x00')}}
2019-07-31 10:36:16,043 - INFO - tty.usbmodem0006822145041: PacketSend: {'token': 35}
2019-07-31 10:36:16,063 - DEBUG - tty.usbmodem0006822145041: RX: 05d223000000
2019-07-31 10:36:16,063 - DEBUG - tty.usbmodem0006822145041: parsed_packet {event: MeshTxComplete, data: {'token': 35}}
2019-07-31 10:36:16,064 - INFO - tty.usbmodem0006822145041: {event: MeshTxComplete, data: {'token': 35}}
2019-07-31 10:36:16,070 - DEBUG - tty.usbmodem0006822145041: RX: 17d039000100000000007f01cb6e5fd50bd8d20300820400
2019-07-31 10:36:16,070 - DEBUG - tty.usbmodem0006822145041: parsed_packet {event: MeshMessageReceivedUnicast, data: {'src': 57, 'dst': 1, 'appkey_handle': 0, 'subnet_handle': 0, 'ttl': 127, 'adv_addr_type': 1, 'adv_addr': bytearray(b'\xcbn_\xd5\x0b\xd8'), 'rssi': -46, 'actual_length': 3, 'data': bytearray(b'\x82\x04\x00')}}
2019-07-31 10:36:16,070 - INFO - tty.usbmodem0006822145041.GenericOnOffClient: Status Present OnOff: off
2019-07-31 10:36:16,070 - INFO - tty.usbmodem0006822145041: {event: MeshMessageReceivedUnicast, data: {'src': 57, 'dst': 1, 'appkey_handle': 0, 'subnet_handle': 0, 'ttl': 127, 'adv_addr_type': 1, 'adv_addr': bytearray(b'\xcbn_\xd5\x0b\xd8'), 'rssi': -46, 'actual_length': 3, 'data': bytearray(b'\x82\x04\x00')}}
2019-07-31 10:36:16,492 - DEBUG - tty.usbmodem0006822145041.GenericOnOffClient: Sending opcode: 8202, data: 0196
2019-07-31 10:36:16,493 - DEBUG - tty.usbmodem0006822145041: Writing: 171 bytearray(b'\x00\x00\x01\x00\r\x00\x08\x00\x00\x00\x82\x02\x01\x96')
2019-07-31 10:36:16,493 - DEBUG - tty.usbmodem0006822145041: TX: 0fab000001000d000800000082020196
2019-07-31 10:36:16,503 - DEBUG - tty.usbmodem0006822145041: RX: 0784ab0024000000
2019-07-31 10:36:16,503 - DEBUG - tty.usbmodem0006822145041: parsed_packet {event: CmdRsp, data: {'opcode': 171, 'status': 0, 'data': bytearray(b'$\x00\x00\x00')}}
2019-07-31 10:36:16,503 - INFO - tty.usbmodem0006822145041: PacketSend: {'token': 36}
2019-07-31 10:36:16,503 - DEBUG - tty.usbmodem0006822145041: RX: 05d224000000
2019-07-31 10:36:16,504 - DEBUG - tty.usbmodem0006822145041: parsed_packet {event: MeshTxComplete, data: {'token': 36}}
2019-07-31 10:36:16,504 - INFO - tty.usbmodem0006822145041: {event: MeshTxComplete, data: {'token': 36}}
2019-07-31 10:36:16,515 - DEBUG - tty.usbmodem0006822145041: RX: 17d02a000100000000007f01c8639509c2c2db0300820401
2019-07-31 10:36:16,515 - DEBUG - tty.usbmodem0006822145041: parsed_packet {event: MeshMessageReceivedUnicast, data: {'src': 42, 'dst': 1, 'appkey_handle': 0, 'subnet_handle': 0, 'ttl': 127, 'adv_addr_type': 1, 'adv_addr': bytearray(b'\xc8c\x95\t\xc2\xc2'), 'rssi': -37, 'actual_length': 3, 'data': bytearray(b'\x82\x04\x01')}}
2019-07-31 10:36:16,515 - INFO - tty.usbmodem0006822145041.GenericOnOffClient: Status Present OnOff: on
2019-07-31 10:36:16,515 - INFO - tty.usbmodem0006822145041: {event: MeshMessageReceivedUnicast, data: {'src': 42, 'dst': 1, 'appkey_handle': 0, 'subnet_handle': 0, 'ttl': 127, 'adv_addr_type': 1, 'adv_addr': bytearray(b'\xc8c\x95\t\xc2\xc2'), 'rssi': -37, 'actual_length': 3, 'data': bytearray(b'\x82\x04\x01')}}
2019-07-31 10:36:17,008 - DEBUG - tty.usbmodem0006822145041.GenericOnOffClient: Sending opcode: 8202, data: 0097
2019-07-31 10:36:17,009 - DEBUG - tty.usbmodem0006822145041: Writing: 171 bytearray(b'\x00\x00\x01\x00\x1b\x00\x08\x00\x00\x00\x82\x02\x00\x97')
2019-07-31 10:36:17,009 - DEBUG - tty.usbmodem0006822145041: TX: 0fab000001001b000800000082020097
2019-07-31 10:36:17,019 - DEBUG - tty.usbmodem0006822145041: RX: 0784ab0025000000
2019-07-31 10:36:17,019 - DEBUG - tty.usbmodem0006822145041: parsed_packet {event: CmdRsp, data: {'opcode': 171, 'status': 0, 'data': bytearray(b'%\x00\x00\x00')}}
2019-07-31 10:36:17,019 - INFO - tty.usbmodem0006822145041: PacketSend: {'token': 37}
2019-07-31 10:36:17,020 - DEBUG - tty.usbmodem0006822145041: RX: 05d225000000
2019-07-31 10:36:17,020 - DEBUG - tty.usbmodem0006822145041: parsed_packet {event: MeshTxComplete, data: {'token': 37}}
2019-07-31 10:36:17,020 - INFO - tty.usbmodem0006822145041: {event: MeshTxComplete, data: {'token': 37}}
2019-07-31 10:36:17,027 - DEBUG - tty.usbmodem0006822145041: RX: 17d038000100000000007f01cb6e5fd50bd8cd0300820400
2019-07-31 10:36:17,027 - DEBUG - tty.usbmodem0006822145041: parsed_packet {event: MeshMessageReceivedUnicast, data: {'src': 56, 'dst': 1, 'appkey_handle': 0, 'subnet_handle': 0, 'ttl': 127, 'adv_addr_type': 1, 'adv_addr': bytearray(b'\xcbn_\xd5\x0b\xd8'), 'rssi': -51, 'actual_length': 3, 'data': bytearray(b'\x82\x04\x00')}}
2019-07-31 10:36:17,027 - INFO - tty.usbmodem0006822145041.GenericOnOffClient: Status Present OnOff: off
2019-07-31 10:36:17,028 - INFO - tty.usbmodem0006822145041: {event: MeshMessageReceivedUnicast, data: {'src': 56, 'dst': 1, 'appkey_handle': 0, 'subnet_handle': 0, 'ttl': 127, 'adv_addr_type': 1, 'adv_addr': bytearray(b'\xcbn_\xd5\x0b\xd8'), 'rssi': -51, 'actual_length': 3, 'data': bytearray(b'\x82\x04\x00')}}
2019-07-31 10:36:17,524 - DEBUG - tty.usbmodem0006822145041.GenericOnOffClient: Sending opcode: 8202, data: 0198
2019-07-31 10:36:17,525 - DEBUG - tty.usbmodem0006822145041: Writing: 171 bytearray(b'\x00\x00\x01\x00\x0e\x00\x08\x00\x00\x00\x82\x02\x01\x98')
2019-07-31 10:36:17,525 - DEBUG - tty.usbmodem0006822145041: TX: 0fab000001000e000800000082020198
2019-07-31 10:36:17,535 - DEBUG - tty.usbmodem0006822145041: RX: 0784ab0026000000
2019-07-31 10:36:17,535 - DEBUG - tty.usbmodem0006822145041: parsed_packet {event: CmdRsp, data: {'opcode': 171, 'status': 0, 'data': bytearray(b'&\x00\x00\x00')}}
2019-07-31 10:36:17,535 - INFO - tty.usbmodem0006822145041: PacketSend: {'token': 38}
2019-07-31 10:36:17,535 - DEBUG - tty.usbmodem0006822145041: RX: 05d226000000
2019-07-31 10:36:17,535 - DEBUG - tty.usbmodem0006822145041: parsed_packet {event: MeshTxComplete, data: {'token': 38}}
2019-07-31 10:36:17,535 - INFO - tty.usbmodem0006822145041: {event: MeshTxComplete, data: {'token': 38}}
2019-07-31 10:36:17,578 - INFO - tty.usbmodem0006822145041.GenericOnOffClient: Retrying SET
2019-07-31 10:36:17,579 - DEBUG - tty.usbmodem0006822145041.GenericOnOffClient: Sending opcode: 8202, data: 0199
2019-07-31 10:36:17,579 - DEBUG - tty.usbmodem0006822145041: Writing: 171 bytearray(b'\x00\x00\x01\x00\x0e\x00\x08\x00\x00\x00\x82\x02\x01\x99')
2019-07-31 10:36:17,579 - DEBUG - tty.usbmodem0006822145041: TX: 0fab000001000e000800000082020199
2019-07-31 10:36:17,583 - DEBUG - tty.usbmodem0006822145041: RX: 0784ab0027000000
2019-07-31 10:36:17,584 - DEBUG - tty.usbmodem0006822145041: parsed_packet {event: CmdRsp, data: {'opcode': 171, 'status': 0, 'data': bytearray(b"\'\x00\x00\x00")}}
2019-07-31 10:36:17,584 - INFO - tty.usbmodem0006822145041: PacketSend: {'token': 39}
2019-07-31 10:36:17,603 - DEBUG - tty.usbmodem0006822145041: RX: 05d227000000
2019-07-31 10:36:17,603 - DEBUG - tty.usbmodem0006822145041: parsed_packet {event: MeshTxComplete, data: {'token': 39}}
2019-07-31 10:36:17,603 - INFO - tty.usbmodem0006822145041: {event: MeshTxComplete, data: {'token': 39}}
2019-07-31 10:36:17,621 - DEBUG - tty.usbmodem0006822145041: RX: 17d02b000100000000007f01c8639509c2c2dc0300820401
2019-07-31 10:36:17,621 - DEBUG - tty.usbmodem0006822145041: parsed_packet {event: MeshMessageReceivedUnicast, data: {'src': 43, 'dst': 1, 'appkey_handle': 0, 'subnet_handle': 0, 'ttl': 127, 'adv_addr_type': 1, 'adv_addr': bytearray(b'\xc8c\x95\t\xc2\xc2'), 'rssi': -36, 'actual_length': 3, 'data': bytearray(b'\x82\x04\x01')}}
2019-07-31 10:36:17,621 - INFO - tty.usbmodem0006822145041.GenericOnOffClient: Status Present OnOff: on
2019-07-31 10:36:17,622 - INFO - tty.usbmodem0006822145041: {event: MeshMessageReceivedUnicast, data: {'src': 43, 'dst': 1, 'appkey_handle': 0, 'subnet_handle': 0, 'ttl': 127, 'adv_addr_type': 1, 'adv_addr': bytearray(b'\xc8c\x95\t\xc2\xc2'), 'rssi': -36, 'actual_length': 3, 'data': bytearray(b'\x82\x04\x01')}}
2019-07-31 10:36:18,037 - DEBUG - tty.usbmodem0006822145041.GenericOnOffClient: Sending opcode: 8202, data: 009a
2019-07-31 10:36:18,038 - DEBUG - tty.usbmodem0006822145041: Writing: 171 bytearray(b'\x00\x00\x01\x00\x1c\x00\x08\x00\x00\x00\x82\x02\x00\x9a')
2019-07-31 10:36:18,038 - DEBUG - tty.usbmodem0006822145041: TX: 0fab000001001c00080000008202009a
2019-07-31 10:36:18,047 - DEBUG - tty.usbmodem0006822145041: RX: 0784ab0028000000
2019-07-31 10:36:18,047 - DEBUG - tty.usbmodem0006822145041: parsed_packet {event: CmdRsp, data: {'opcode': 171, 'status': 0, 'data': bytearray(b'(\x00\x00\x00')}}
2019-07-31 10:36:18,048 - INFO - tty.usbmodem0006822145041: PacketSend: {'token': 40}
2019-07-31 10:36:18,050 - DEBUG - tty.usbmodem0006822145041: RX: 05d228000000
2019-07-31 10:36:18,050 - DEBUG - tty.usbmodem0006822145041: parsed_packet {event: MeshTxComplete, data: {'token': 40}}
2019-07-31 10:36:18,050 - INFO - tty.usbmodem0006822145041: {event: MeshTxComplete, data: {'token': 40}}
2019-07-31 10:36:18,071 - DEBUG - tty.usbmodem0006822145041: RX: 17d039000100000000007f01cb6e5fd50bd8cd0300820400
2019-07-31 10:36:18,071 - DEBUG - tty.usbmodem0006822145041: parsed_packet {event: MeshMessageReceivedUnicast, data: {'src': 57, 'dst': 1, 'appkey_handle': 0, 'subnet_handle': 0, 'ttl': 127, 'adv_addr_type': 1, 'adv_addr': bytearray(b'\xcbn_\xd5\x0b\xd8'), 'rssi': -51, 'actual_length': 3, 'data': bytearray(b'\x82\x04\x00')}}
2019-07-31 10:36:18,071 - INFO - tty.usbmodem0006822145041.GenericOnOffClient: Status Present OnOff: off
2019-07-31 10:36:18,072 - INFO - tty.usbmodem0006822145041: {event: MeshMessageReceivedUnicast, data: {'src': 57, 'dst': 1, 'appkey_handle': 0, 'subnet_handle': 0, 'ttl': 127, 'adv_addr_type': 1, 'adv_addr': bytearray(b'\xcbn_\xd5\x0b\xd8'), 'rssi': -51, 'actual_length': 3, 'data': bytearray(b'\x82\x04\x00')}}
2019-07-31 10:36:47,444 - DEBUG - tty.usbmodem0006822145041: exited read event
