2019-07-03 10:06:54,453 - DEBUG - tty.usbmodem0006822145041: Writing: 105 bytearray(b'\xdaz\xfb\x00|\xa0\xce"\x1cs\x7f\x86\xed*L\x8a\xd3p\xd4u\xbcdk;\x19#n\xb7=\xdeH\x0c\xeby\xe7\xba\xf1Q^\x99\xa3\xc3\xb8\xc0\xe2\x89C=\xa0\x0f\x1f6\x8a\xda\xdb\x91\x1f\xafQ\x87\x13\xb2\xffa{\x1b\xcc\xac\x14\xf5\xc9\xb1\x08\xf1/\xd3S(\x86>\xe0\x07\x8f\xaeJ\x1d\x83:\x1c&Vw\xe1\xf12\x08')
2019-07-03 10:06:54,456 - DEBUG - tty.usbmodem0006822145041: TX: 6169da7afb007ca0ce221c737f86ed2a4c8ad370d475bc646b3b19236eb73dde480ceb79e7baf1515e99a3c3b8c0e289433da00f1f368adadb911faf518713b2ff617b1bccac14f5c9b108f12fd35328863ee0078fae4a1d833a1c265677e1f13208
2019-07-03 10:06:54,471 - DEBUG - tty.usbmodem0006822145041: RX: 03845384
2019-07-03 10:06:54,472 - DEBUG - tty.usbmodem0006822145041: parsed_packet {event: CmdRsp, data: {'opcode': 83, 'status': 132, 'data': bytearray(b'')}}
2019-07-03 10:06:54,474 - ERROR - tty.usbmodem0006822145041: None: ERROR_INVALID_LENGTH
2019-07-03 10:06:54,474 - DEBUG - tty.usbmodem0006822145041: Writing: 159 bytearray(b'\x01\x00\x01\x00')
2019-07-03 10:06:54,475 - DEBUG - tty.usbmodem0006822145041: TX: 059f01000100
2019-07-03 10:06:54,476 - DEBUG - tty.usbmodem0006822145041: RX: 03840084
2019-07-03 10:06:54,476 - DEBUG - tty.usbmodem0006822145041: parsed_packet {event: CmdRsp, data: {'opcode': 0, 'status': 132, 'data': bytearray(b'')}}
2019-07-03 10:06:54,477 - ERROR - tty.usbmodem0006822145041: None: ERROR_INVALID_LENGTH
2019-07-03 10:06:54,477 - DEBUG - tty.usbmodem0006822145041: Writing: 146 bytearray(b'\x00\x00\x18\xee\xd9\xc2\xa5j\xdd\x85\x04\x9f\xfc<Y\xad\x0e\x12')
2019-07-03 10:06:54,477 - DEBUG - tty.usbmodem0006822145041: TX: 1392000018eed9c2a56add85049ffc3c59ad0e12
2019-07-03 10:06:54,477 - DEBUG - tty.usbmodem0006822145041: RX: 03840084
2019-07-03 10:06:54,478 - DEBUG - tty.usbmodem0006822145041: parsed_packet {event: CmdRsp, data: {'opcode': 0, 'status': 132, 'data': bytearray(b'')}}
2019-07-03 10:06:54,478 - ERROR - tty.usbmodem0006822145041: None: ERROR_INVALID_LENGTH
2019-07-03 10:06:54,478 - DEBUG - tty.usbmodem0006822145041: Writing: 151 bytearray(b'\x00\x00\x00\x00Oh\xad\x85\xd9\xf4\x8a\xc8X\x9d\xf6e\xb6\xb4\x9b\x8a')
2019-07-03 10:06:54,478 - DEBUG - tty.usbmodem0006822145041: RX: 03840084
2019-07-03 10:06:54,492 - DEBUG - tty.usbmodem0006822145041: TX: 1597000000004f68ad85d9f48ac8589df665b6b49b8a
2019-07-03 10:06:54,492 - DEBUG - tty.usbmodem0006822145041: parsed_packet {event: CmdRsp, data: {'opcode': 0, 'status': 132, 'data': bytearray(b'')}}
2019-07-03 10:06:54,492 - ERROR - tty.usbmodem0006822145041: None: ERROR_INVALID_LENGTH
2019-07-03 10:06:54,492 - DEBUG - tty.usbmodem0006822145041: Writing: 151 bytearray(b'\x01\x00\x00\x00*\xa2\xa6\xde\xd5\xa0y\x8c\xea\xb5x|\xa3\xae9\xfc')
2019-07-03 10:06:54,493 - DEBUG - tty.usbmodem0006822145041: TX: 1597010000002aa2a6ded5a0798ceab5787ca3ae39fc
2019-07-03 10:06:54,493 - DEBUG - tty.usbmodem0006822145041: RX: 03840084
2019-07-03 10:06:54,494 - DEBUG - tty.usbmodem0006822145041: parsed_packet {event: CmdRsp, data: {'opcode': 0, 'status': 132, 'data': bytearray(b'')}}
2019-07-03 10:06:54,494 - ERROR - tty.usbmodem0006822145041: None: ERROR_INVALID_LENGTH
2019-07-03 10:06:54,495 - DEBUG - tty.usbmodem0006822145041: Writing: 97 bytearray(b'')
2019-07-03 10:06:54,495 - DEBUG - tty.usbmodem0006822145041: TX: 0161
2019-07-03 10:06:54,495 - DEBUG - tty.usbmodem0006822145041: RX: 03840084
2019-07-03 10:06:54,496 - DEBUG - tty.usbmodem0006822145041: parsed_packet {event: CmdRsp, data: {'opcode': 0, 'status': 132, 'data': bytearray(b'')}}
2019-07-03 10:06:54,496 - ERROR - tty.usbmodem0006822145041: None: ERROR_INVALID_LENGTH
2019-07-03 10:06:54,496 - DEBUG - tty.usbmodem0006822145041: RX: 03840084
2019-07-03 10:06:54,513 - DEBUG - tty.usbmodem0006822145041: parsed_packet {event: CmdRsp, data: {'opcode': 0, 'status': 132, 'data': bytearray(b'')}}
2019-07-03 10:06:54,513 - ERROR - tty.usbmodem0006822145041: None: ERROR_INVALID_LENGTH
2019-07-03 10:06:54,513 - DEBUG - tty.usbmodem0006822145041: RX: 03840084
2019-07-03 10:06:54,514 - DEBUG - tty.usbmodem0006822145041: parsed_packet {event: CmdRsp, data: {'opcode': 0, 'status': 132, 'data': bytearray(b'')}}
2019-07-03 10:06:54,514 - ERROR - tty.usbmodem0006822145041: None: ERROR_INVALID_LENGTH
2019-07-03 10:06:54,514 - DEBUG - tty.usbmodem0006822145041: RX: 03840084
2019-07-03 10:06:54,514 - DEBUG - tty.usbmodem0006822145041: parsed_packet {event: CmdRsp, data: {'opcode': 0, 'status': 132, 'data': bytearray(b'')}}
2019-07-03 10:06:54,515 - ERROR - tty.usbmodem0006822145041: None: ERROR_INVALID_LENGTH
2019-07-03 10:06:54,516 - DEBUG - tty.usbmodem0006822145041: RX: 03840084
2019-07-03 10:06:54,516 - DEBUG - tty.usbmodem0006822145041: parsed_packet {event: CmdRsp, data: {'opcode': 0, 'status': 132, 'data': bytearray(b'')}}
2019-07-03 10:06:54,517 - ERROR - tty.usbmodem0006822145041: None: ERROR_INVALID_LENGTH
2019-07-03 10:06:54,517 - DEBUG - tty.usbmodem0006822145041: RX: 03840084
2019-07-03 10:06:54,517 - DEBUG - tty.usbmodem0006822145041: parsed_packet {event: CmdRsp, data: {'opcode': 0, 'status': 132, 'data': bytearray(b'')}}
2019-07-03 10:06:54,517 - ERROR - tty.usbmodem0006822145041: None: ERROR_INVALID_LENGTH
2019-07-03 10:06:54,517 - DEBUG - tty.usbmodem0006822145041: RX: 03840084
2019-07-03 10:06:54,517 - DEBUG - tty.usbmodem0006822145041: parsed_packet {event: CmdRsp, data: {'opcode': 0, 'status': 132, 'data': bytearray(b'')}}
2019-07-03 10:06:54,517 - ERROR - tty.usbmodem0006822145041: None: ERROR_INVALID_LENGTH
2019-07-03 10:06:54,518 - DEBUG - tty.usbmodem0006822145041: RX: 03840084
2019-07-03 10:06:54,518 - DEBUG - tty.usbmodem0006822145041: parsed_packet {event: CmdRsp, data: {'opcode': 0, 'status': 132, 'data': bytearray(b'')}}
2019-07-03 10:06:54,518 - ERROR - tty.usbmodem0006822145041: None: ERROR_INVALID_LENGTH
2019-07-03 10:06:54,518 - DEBUG - tty.usbmodem0006822145041: RX: 03849f00
2019-07-03 10:06:54,518 - DEBUG - tty.usbmodem0006822145041: parsed_packet {event: CmdRsp, data: {'opcode': 159, 'status': 0, 'data': bytearray(b'')}}
2019-07-03 10:06:54,518 - INFO - tty.usbmodem0006822145041: Success
2019-07-03 10:06:54,518 - DEBUG - tty.usbmodem0006822145041: RX: 058492000000
2019-07-03 10:06:54,518 - DEBUG - tty.usbmodem0006822145041: parsed_packet {event: CmdRsp, data: {'opcode': 146, 'status': 0, 'data': bytearray(b'\x00\x00')}}
2019-07-03 10:06:54,519 - INFO - tty.usbmodem0006822145041: SubnetAdd: {'subnet_handle': 0}
2019-07-03 10:06:54,519 - DEBUG - tty.usbmodem0006822145041: RX: 058497000000
2019-07-03 10:06:54,519 - DEBUG - tty.usbmodem0006822145041: parsed_packet {event: CmdRsp, data: {'opcode': 151, 'status': 0, 'data': bytearray(b'\x00\x00')}}
2019-07-03 10:06:54,519 - INFO - tty.usbmodem0006822145041: AppkeyAdd: {'appkey_handle': 0}
2019-07-03 10:06:54,520 - DEBUG - tty.usbmodem0006822145041: RX: 058497000100
2019-07-03 10:06:54,521 - DEBUG - tty.usbmodem0006822145041: parsed_packet {event: CmdRsp, data: {'opcode': 151, 'status': 0, 'data': bytearray(b'\x01\x00')}}
2019-07-03 10:06:54,521 - INFO - tty.usbmodem0006822145041: AppkeyAdd: {'appkey_handle': 1}
2019-07-03 10:06:54,521 - DEBUG - tty.usbmodem0006822145041: RX: 03846100
2019-07-03 10:06:54,521 - DEBUG - tty.usbmodem0006822145041: parsed_packet {event: CmdRsp, data: {'opcode': 97, 'status': 0, 'data': bytearray(b'')}}
2019-07-03 10:06:54,521 - INFO - tty.usbmodem0006822145041: Success
2019-07-03 10:06:56,222 - DEBUG - tty.usbmodem0006822145041: RX: 1ac09db77a0526b8734988639509c242d107c60001c8639509c2c2
2019-07-03 10:06:56,222 - DEBUG - tty.usbmodem0006822145041: parsed_packet {event: ProvUnprovisionedReceived, data: {'uuid': bytearray(b'\x9d\xb7z\x05&\xb8sI\x88c\x95\t\xc2B\xd1\x07'), 'rssi': -58, 'gatt_supported': 0, 'adv_addr_type': 1, 'adv_addr': bytearray(b'\xc8c\x95\t\xc2\xc2')}}
2019-07-03 10:06:56,223 - INFO - tty.usbmodem0006822145041: {event: ProvUnprovisionedReceived, data: {'uuid': bytearray(b'\x9d\xb7z\x05&\xb8sI\x88c\x95\t\xc2B\xd1\x07'), 'rssi': -58, 'gatt_supported': 0, 'adv_addr_type': 1, 'adv_addr': bytearray(b'\xc8c\x95\t\xc2\xc2')}}
2019-07-03 10:06:56,223 - ERROR - tty.usbmodem0006822145041: Exception in pkt handler <bound method Manager.__event_handler of <interactive_pyaci.Manager object at 0x10cae53c8>>
2019-07-03 10:06:56,223 - DEBUG - tty.usbmodem0006822145041: Writing: 98 bytearray(b'')
2019-07-03 10:06:56,224 - DEBUG - tty.usbmodem0006822145041: TX: 0162
2019-07-03 10:06:56,232 - ERROR - tty.usbmodem0006822145041: traceback: Traceback (most recent call last):
  File "/Users/Tim-Mac/msc/bm-control/dev/nrf5SDKforMeshv310src/scripts/interactive_pyaci/aci/aci_uart.py", line 88, in process_packet
    fun(packet)
  File "/Users/Tim-Mac/msc/bm-control/dev/nrf5SDKforMeshv310src/scripts/interactive_pyaci/interactive_pyaci.py", line 229, in __event_handler
    self.provision()
  File "/Users/Tim-Mac/msc/bm-control/dev/nrf5SDKforMeshv310src/scripts/interactive_pyaci/interactive_pyaci.py", line 355, in provision
    self.p.provision(name="Server")
  File "/Users/Tim-Mac/msc/bm-control/dev/nrf5SDKforMeshv310src/scripts/interactive_pyaci/mesh/provisioning.py", line 270, in provision
    uuid = self.unprov_list.pop(0)
IndexError: pop from empty list

2019-07-03 10:06:56,242 - INFO - tty.usbmodem0006822145041: Received UUID 9db77a0526b8734988639509c242d107 with RSSI: -58 dB
2019-07-03 10:06:56,243 - DEBUG - tty.usbmodem0006822145041: RX: 03846200
2019-07-03 10:06:56,243 - DEBUG - tty.usbmodem0006822145041: parsed_packet {event: CmdRsp, data: {'opcode': 98, 'status': 0, 'data': bytearray(b'')}}
2019-07-03 10:06:56,243 - INFO - tty.usbmodem0006822145041: Success
2019-07-03 10:07:19,653 - DEBUG - tty.usbmodem0006822145041: exited read event
