2019-07-31 18:50:34,094 - DEBUG - tty.usbmodem0006822145041: Writing: 14 bytearray(b'')
2019-07-31 18:50:34,095 - DEBUG - tty.usbmodem0006822145041: TX: 010e
2019-07-31 18:50:34,514 - DEBUG - tty.usbmodem0006822145041: RX: 04810200fe
2019-07-31 18:50:34,515 - DEBUG - tty.usbmodem0006822145041: parsed_packet {event: DeviceStarted, data: {'operating_mode': 2, 'hw_error': 0, 'data_credit_available': 254}}
2019-07-31 18:50:34,515 - INFO - tty.usbmodem0006822145041: Device rebooted.
2019-07-31 18:50:34,652 - DEBUG - tty.usbmodem0006822145041: Writing: 105 bytearray(b'k\x99X\xaf%\xe1q\xbd`\r~O\xf9G\x8fQu\xcf\xcd\xcb\x99\x8e1-\xe0\x1c\xd5\xc4HK\xfa\x9c\xcc\xb6\x10\xe7y\xce\xd5/H\xa0\xca\x9d\xa3\x17.\xd1^\x01\xebN\xe8)\xb8\xfc9\xfa\xf71\x99L\xcap\x83.\xd7\xf9JP\x17\xf1o8\xe3\x8d\xa4`\xb3\xbc\xcbF\x0e\rE\xb92\x18X\xcb\x00,;"U5')
2019-07-31 18:50:34,652 - DEBUG - tty.usbmodem0006822145041: TX: 61696b9958af25e171bd600d7e4ff9478f5175cfcdcb998e312de01cd5c4484bfa9cccb610e779ced52f48a0ca9da3172ed15e01eb4ee829b8fc39faf731994cca70832ed7f94a5017f16f38e38da460b3bccb460e0d45b9321858cb002c3b225535
2019-07-31 18:50:34,654 - INFO - tty.usbmodem0006822145041: No Messages remaining
2019-07-31 18:50:34,663 - DEBUG - tty.usbmodem0006822145041: RX: 03845384
2019-07-31 18:50:34,663 - DEBUG - tty.usbmodem0006822145041: parsed_packet {event: CmdRsp, data: {'opcode': 83, 'status': 132, 'data': bytearray(b'')}}
2019-07-31 18:50:34,664 - ERROR - tty.usbmodem0006822145041: None: ERROR_INVALID_LENGTH
2019-07-31 18:50:34,664 - DEBUG - tty.usbmodem0006822145041: RX: 03840084
2019-07-31 18:50:34,664 - DEBUG - tty.usbmodem0006822145041: parsed_packet {event: CmdRsp, data: {'opcode': 0, 'status': 132, 'data': bytearray(b'')}}
2019-07-31 18:50:34,665 - ERROR - tty.usbmodem0006822145041: None: ERROR_INVALID_LENGTH
2019-07-31 18:50:34,665 - DEBUG - tty.usbmodem0006822145041: RX: 03840084
2019-07-31 18:50:34,665 - DEBUG - tty.usbmodem0006822145041: parsed_packet {event: CmdRsp, data: {'opcode': 0, 'status': 132, 'data': bytearray(b'')}}
2019-07-31 18:50:34,666 - ERROR - tty.usbmodem0006822145041: None: ERROR_INVALID_LENGTH
2019-07-31 18:50:34,666 - DEBUG - tty.usbmodem0006822145041: RX: 03840084
2019-07-31 18:50:34,666 - DEBUG - tty.usbmodem0006822145041: parsed_packet {event: CmdRsp, data: {'opcode': 0, 'status': 132, 'data': bytearray(b'')}}
2019-07-31 18:50:34,667 - ERROR - tty.usbmodem0006822145041: None: ERROR_INVALID_LENGTH
2019-07-31 18:50:34,667 - DEBUG - tty.usbmodem0006822145041: RX: 03840084
2019-07-31 18:50:34,667 - DEBUG - tty.usbmodem0006822145041: parsed_packet {event: CmdRsp, data: {'opcode': 0, 'status': 132, 'data': bytearray(b'')}}
2019-07-31 18:50:34,667 - ERROR - tty.usbmodem0006822145041: None: ERROR_INVALID_LENGTH
2019-07-31 18:50:34,667 - DEBUG - tty.usbmodem0006822145041: RX: 03840084
2019-07-31 18:50:34,668 - DEBUG - tty.usbmodem0006822145041: parsed_packet {event: CmdRsp, data: {'opcode': 0, 'status': 132, 'data': bytearray(b'')}}
2019-07-31 18:50:34,668 - ERROR - tty.usbmodem0006822145041: None: ERROR_INVALID_LENGTH
2019-07-31 18:50:34,668 - DEBUG - tty.usbmodem0006822145041: RX: 03840084
2019-07-31 18:50:34,668 - DEBUG - tty.usbmodem0006822145041: parsed_packet {event: CmdRsp, data: {'opcode': 0, 'status': 132, 'data': bytearray(b'')}}
2019-07-31 18:50:34,668 - ERROR - tty.usbmodem0006822145041: None: ERROR_INVALID_LENGTH
2019-07-31 18:50:34,669 - DEBUG - tty.usbmodem0006822145041: RX: 03840084
2019-07-31 18:50:34,669 - DEBUG - tty.usbmodem0006822145041: parsed_packet {event: CmdRsp, data: {'opcode': 0, 'status': 132, 'data': bytearray(b'')}}
2019-07-31 18:50:34,669 - ERROR - tty.usbmodem0006822145041: None: ERROR_INVALID_LENGTH
2019-07-31 18:50:34,669 - DEBUG - tty.usbmodem0006822145041: RX: 03840084
2019-07-31 18:50:34,669 - DEBUG - tty.usbmodem0006822145041: parsed_packet {event: CmdRsp, data: {'opcode': 0, 'status': 132, 'data': bytearray(b'')}}
2019-07-31 18:50:34,669 - ERROR - tty.usbmodem0006822145041: None: ERROR_INVALID_LENGTH
2019-07-31 18:50:34,669 - DEBUG - tty.usbmodem0006822145041: RX: 03840084
2019-07-31 18:50:34,669 - DEBUG - tty.usbmodem0006822145041: parsed_packet {event: CmdRsp, data: {'opcode': 0, 'status': 132, 'data': bytearray(b'')}}
2019-07-31 18:50:34,669 - ERROR - tty.usbmodem0006822145041: None: ERROR_INVALID_LENGTH
2019-07-31 18:50:34,669 - DEBUG - tty.usbmodem0006822145041: RX: 03840084
2019-07-31 18:50:34,670 - DEBUG - tty.usbmodem0006822145041: parsed_packet {event: CmdRsp, data: {'opcode': 0, 'status': 132, 'data': bytearray(b'')}}
2019-07-31 18:50:34,670 - ERROR - tty.usbmodem0006822145041: None: ERROR_INVALID_LENGTH
2019-07-31 18:50:34,670 - DEBUG - tty.usbmodem0006822145041: RX: 03840084
2019-07-31 18:50:34,670 - DEBUG - tty.usbmodem0006822145041: parsed_packet {event: CmdRsp, data: {'opcode': 0, 'status': 132, 'data': bytearray(b'')}}
2019-07-31 18:50:34,670 - ERROR - tty.usbmodem0006822145041: None: ERROR_INVALID_LENGTH
2019-07-31 18:50:34,670 - DEBUG - tty.usbmodem0006822145041: RX: 03840084
2019-07-31 18:50:34,670 - DEBUG - tty.usbmodem0006822145041: parsed_packet {event: CmdRsp, data: {'opcode': 0, 'status': 132, 'data': bytearray(b'')}}
2019-07-31 18:50:34,670 - ERROR - tty.usbmodem0006822145041: None: ERROR_INVALID_LENGTH
2019-07-31 18:50:34,688 - DEBUG - tty.usbmodem0006822145041: Writing: 159 bytearray(b'\x01\x00\x01\x00')
2019-07-31 18:50:34,688 - DEBUG - tty.usbmodem0006822145041: TX: 059f01000100
2019-07-31 18:50:34,690 - DEBUG - tty.usbmodem0006822145041: RX: 03849f00
2019-07-31 18:50:34,690 - DEBUG - tty.usbmodem0006822145041: parsed_packet {event: CmdRsp, data: {'opcode': 159, 'status': 0, 'data': bytearray(b'')}}
2019-07-31 18:50:34,690 - INFO - tty.usbmodem0006822145041: Success
2019-07-31 18:50:34,712 - DEBUG - tty.usbmodem0006822145041: Writing: 146 bytearray(b'\x00\x00\x18\xee\xd9\xc2\xa5j\xdd\x85\x04\x9f\xfc<Y\xad\x0e\x12')
2019-07-31 18:50:34,713 - DEBUG - tty.usbmodem0006822145041: TX: 1392000018eed9c2a56add85049ffc3c59ad0e12
2019-07-31 18:50:34,719 - DEBUG - tty.usbmodem0006822145041: RX: 058492000000
2019-07-31 18:50:34,719 - DEBUG - tty.usbmodem0006822145041: parsed_packet {event: CmdRsp, data: {'opcode': 146, 'status': 0, 'data': bytearray(b'\x00\x00')}}
2019-07-31 18:50:34,719 - INFO - tty.usbmodem0006822145041: SubnetAdd: {'subnet_handle': 0}
2019-07-31 18:50:34,737 - DEBUG - tty.usbmodem0006822145041: Writing: 151 bytearray(b'\x00\x00\x00\x00Oh\xad\x85\xd9\xf4\x8a\xc8X\x9d\xf6e\xb6\xb4\x9b\x8a')
2019-07-31 18:50:34,738 - DEBUG - tty.usbmodem0006822145041: TX: 1597000000004f68ad85d9f48ac8589df665b6b49b8a
2019-07-31 18:50:34,742 - DEBUG - tty.usbmodem0006822145041: RX: 058497000000
2019-07-31 18:50:34,742 - DEBUG - tty.usbmodem0006822145041: parsed_packet {event: CmdRsp, data: {'opcode': 151, 'status': 0, 'data': bytearray(b'\x00\x00')}}
2019-07-31 18:50:34,743 - INFO - tty.usbmodem0006822145041: AppkeyAdd: {'appkey_handle': 0}
2019-07-31 18:50:34,760 - DEBUG - tty.usbmodem0006822145041: Writing: 151 bytearray(b'\x01\x00\x00\x00*\xa2\xa6\xde\xd5\xa0y\x8c\xea\xb5x|\xa3\xae9\xfc')
2019-07-31 18:50:34,761 - DEBUG - tty.usbmodem0006822145041: TX: 1597010000002aa2a6ded5a0798ceab5787ca3ae39fc
2019-07-31 18:50:34,767 - DEBUG - tty.usbmodem0006822145041: RX: 058497000100
2019-07-31 18:50:34,768 - DEBUG - tty.usbmodem0006822145041: parsed_packet {event: CmdRsp, data: {'opcode': 151, 'status': 0, 'data': bytearray(b'\x01\x00')}}
2019-07-31 18:50:34,769 - INFO - tty.usbmodem0006822145041: AppkeyAdd: {'appkey_handle': 1}
2019-07-31 18:50:37,988 - DEBUG - tty.usbmodem0006822145041: Writing: 97 bytearray(b'')
2019-07-31 18:50:37,989 - DEBUG - tty.usbmodem0006822145041: TX: 0161
2019-07-31 18:50:37,995 - DEBUG - tty.usbmodem0006822145041: RX: 03846100
2019-07-31 18:50:37,995 - DEBUG - tty.usbmodem0006822145041: parsed_packet {event: CmdRsp, data: {'opcode': 97, 'status': 0, 'data': bytearray(b'')}}
2019-07-31 18:50:37,996 - INFO - tty.usbmodem0006822145041: Success
2019-07-31 18:50:39,964 - DEBUG - tty.usbmodem0006822145041: RX: 1ac09db77a0526b8734988639509c242d107d40001c8639509c2c2
2019-07-31 18:50:39,964 - DEBUG - tty.usbmodem0006822145041: parsed_packet {event: ProvUnprovisionedReceived, data: {'uuid': bytearray(b'\x9d\xb7z\x05&\xb8sI\x88c\x95\t\xc2B\xd1\x07'), 'rssi': -44, 'gatt_supported': 0, 'adv_addr_type': 1, 'adv_addr': bytearray(b'\xc8c\x95\t\xc2\xc2')}}
2019-07-31 18:50:39,965 - INFO - tty.usbmodem0006822145041: {event: ProvUnprovisionedReceived, data: {'uuid': bytearray(b'\x9d\xb7z\x05&\xb8sI\x88c\x95\t\xc2B\xd1\x07'), 'rssi': -44, 'gatt_supported': 0, 'adv_addr_type': 1, 'adv_addr': bytearray(b'\xc8c\x95\t\xc2\xc2')}}
2019-07-31 18:50:39,965 - INFO - tty.usbmodem0006822145041: Received UUID 9db77a0526b8734988639509c242d107 with RSSI: -44 dB
2019-07-31 18:50:39,965 - DEBUG - tty.usbmodem0006822145041: Writing: 98 bytearray(b'')
2019-07-31 18:50:39,965 - DEBUG - tty.usbmodem0006822145041: TX: 0162
2019-07-31 18:50:39,967 - DEBUG - tty.usbmodem0006822145041: RX: 03846200
2019-07-31 18:50:39,967 - DEBUG - tty.usbmodem0006822145041: parsed_packet {event: CmdRsp, data: {'opcode': 98, 'status': 0, 'data': bytearray(b'')}}
2019-07-31 18:50:39,968 - INFO - tty.usbmodem0006822145041: Success
2019-07-31 18:50:39,988 - DEBUG - tty.usbmodem0006822145041: Writing: 99 bytearray(b'\x00\x9d\xb7z\x05&\xb8sI\x88c\x95\t\xc2B\xd1\x07\x18\xee\xd9\xc2\xa5j\xdd\x85\x04\x9f\xfc<Y\xad\x0e\x12\x00\x00\x00\x00\x00\x00\x10\x00\x00\x00\x00')
2019-07-31 18:50:39,988 - DEBUG - tty.usbmodem0006822145041: TX: 2d63009db77a0526b8734988639509c242d10718eed9c2a56add85049ffc3c59ad0e120000000000001000000000
2019-07-31 18:50:39,994 - DEBUG - tty.usbmodem0006822145041: RX: 0484630000
2019-07-31 18:50:39,995 - DEBUG - tty.usbmodem0006822145041: parsed_packet {event: CmdRsp, data: {'opcode': 99, 'status': 0, 'data': bytearray(b'\x00')}}
2019-07-31 18:50:39,995 - INFO - tty.usbmodem0006822145041: Provision: {'context': 0}
2019-07-31 18:50:40,005 - DEBUG - tty.usbmodem0006822145041: RX: 02c100
2019-07-31 18:50:40,005 - DEBUG - tty.usbmodem0006822145041: parsed_packet {event: ProvLinkEstablished, data: {'context_id': 0}}
2019-07-31 18:50:40,005 - INFO - tty.usbmodem0006822145041: {event: ProvLinkEstablished, data: {'context_id': 0}}
2019-07-31 18:50:40,005 - INFO - tty.usbmodem0006822145041: Link established
2019-07-31 18:50:40,050 - DEBUG - tty.usbmodem0006822145041: RX: 0bc3000e0001000000000000
2019-07-31 18:50:40,050 - DEBUG - tty.usbmodem0006822145041: parsed_packet {event: ProvCapsReceived, data: {'context_id': 0, 'num_elements': 14, 'public_key_type': 0, 'static_oob_types': 1, 'output_oob_size': 0, 'output_oob_actions': 0, 'input_oob_size': 0, 'input_oob_actions': 0}}
2019-07-31 18:50:40,051 - INFO - tty.usbmodem0006822145041: {event: ProvCapsReceived, data: {'context_id': 0, 'num_elements': 14, 'public_key_type': 0, 'static_oob_types': 1, 'output_oob_size': 0, 'output_oob_actions': 0, 'input_oob_size': 0, 'input_oob_actions': 0}}
2019-07-31 18:50:40,051 - INFO - tty.usbmodem0006822145041: Received capabilities
2019-07-31 18:50:40,051 - INFO - tty.usbmodem0006822145041: Number of elements: 14
2019-07-31 18:50:40,051 - DEBUG - tty.usbmodem0006822145041: Writing: 102 bytearray(b'\x00\x00\x00\x00')
2019-07-31 18:50:40,051 - DEBUG - tty.usbmodem0006822145041: TX: 056600000000
2019-07-31 18:50:40,053 - DEBUG - tty.usbmodem0006822145041: RX: 0484660000
2019-07-31 18:50:40,053 - DEBUG - tty.usbmodem0006822145041: parsed_packet {event: CmdRsp, data: {'opcode': 102, 'status': 0, 'data': bytearray(b'\x00')}}
2019-07-31 18:50:40,054 - INFO - tty.usbmodem0006822145041: OobUse: {'context': 0}
2019-07-31 18:50:40,265 - DEBUG - tty.usbmodem0006822145041: RX: 62c700a4afcef125e676a088afe59892280ebb669c9d86a5a43d554736a1f34db64252a876e75f85a3a97ca15cf44d833343e03f34d61fd36091a003b584e0a55252cb9c4829d502c5e21e4519357dbe1a4d834576e83ed9586bee6dac311f08187cd1
2019-07-31 18:50:40,265 - DEBUG - tty.usbmodem0006822145041: parsed_packet {event: ProvEcdhRequest, data: {'context_id': 0, 'peer_public': bytearray(b'\xa4\xaf\xce\xf1%\xe6v\xa0\x88\xaf\xe5\x98\x92(\x0e\xbbf\x9c\x9d\x86\xa5\xa4=UG6\xa1\xf3M\xb6BR\xa8v\xe7_\x85\xa3\xa9|\xa1\\\xf4M\x833C\xe0?4\xd6\x1f\xd3`\x91\xa0\x03\xb5\x84\xe0\xa5RR\xcb'), 'node_private': bytearray(b'\x9cH)\xd5\x02\xc5\xe2\x1eE\x195}\xbe\x1aM\x83Ev\xe8>\xd9Xk\xeem\xac1\x1f\x08\x18|\xd1')}}
2019-07-31 18:50:40,266 - INFO - tty.usbmodem0006822145041: {event: ProvEcdhRequest, data: {'context_id': 0, 'peer_public': bytearray(b'\xa4\xaf\xce\xf1%\xe6v\xa0\x88\xaf\xe5\x98\x92(\x0e\xbbf\x9c\x9d\x86\xa5\xa4=UG6\xa1\xf3M\xb6BR\xa8v\xe7_\x85\xa3\xa9|\xa1\\\xf4M\x833C\xe0?4\xd6\x1f\xd3`\x91\xa0\x03\xb5\x84\xe0\xa5RR\xcb'), 'node_private': bytearray(b'\x9cH)\xd5\x02\xc5\xe2\x1eE\x195}\xbe\x1aM\x83Ev\xe8>\xd9Xk\xeem\xac1\x1f\x08\x18|\xd1')}}
2019-07-31 18:50:40,266 - INFO - tty.usbmodem0006822145041: ECDH request received
2019-07-31 18:50:40,267 - DEBUG - tty.usbmodem0006822145041: Writing: 104 bytearray(b'\x00\x1b\xdf$\x82\x0e\x13\xa0\xa8\x97\x9b"\x17J\x17\x1e|zF\xa90F[\x97\xfd\x9eL\x0f~\x8c\x119\x05')
2019-07-31 18:50:40,267 - DEBUG - tty.usbmodem0006822145041: TX: 2268001bdf24820e13a0a8979b22174a171e7c7a46a930465b97fd9e4c0f7e8c113905
2019-07-31 18:50:40,272 - DEBUG - tty.usbmodem0006822145041: RX: 0484680000
2019-07-31 18:50:40,272 - DEBUG - tty.usbmodem0006822145041: parsed_packet {event: CmdRsp, data: {'opcode': 104, 'status': 0, 'data': bytearray(b'\x00')}}
2019-07-31 18:50:40,273 - INFO - tty.usbmodem0006822145041: EcdhSecret: {'context': 0}
2019-07-31 18:50:40,628 - DEBUG - tty.usbmodem0006822145041: RX: 2cc500000000000000100000009e78844efe34652af24a674f4b43059518eed9c2a56add85049ffc3c59ad0e12
2019-07-31 18:50:40,629 - DEBUG - tty.usbmodem0006822145041: parsed_packet {event: ProvComplete, data: {'context_id': 0, 'iv_index': 0, 'net_key_index': 0, 'address': 16, 'iv_update_flag': 0, 'key_refresh_flag': 0, 'device_key': bytearray(b'\x9ex\x84N\xfe4e*\xf2JgOKC\x05\x95'), 'net_key': bytearray(b'\x18\xee\xd9\xc2\xa5j\xdd\x85\x04\x9f\xfc<Y\xad\x0e\x12')}}
2019-07-31 18:50:40,629 - INFO - tty.usbmodem0006822145041: {event: ProvComplete, data: {'context_id': 0, 'iv_index': 0, 'net_key_index': 0, 'address': 16, 'iv_update_flag': 0, 'key_refresh_flag': 0, 'device_key': bytearray(b'\x9ex\x84N\xfe4e*\xf2JgOKC\x05\x95'), 'net_key': bytearray(b'\x18\xee\xd9\xc2\xa5j\xdd\x85\x04\x9f\xfc<Y\xad\x0e\x12')}}
2019-07-31 18:50:40,629 - INFO - tty.usbmodem0006822145041: Provisioning complete
2019-07-31 18:50:40,629 - INFO - tty.usbmodem0006822145041: 	Address(es): 0x10-0x1d
2019-07-31 18:50:40,629 - INFO - tty.usbmodem0006822145041: 	Device key: 9e78844efe34652af24a674f4b430595
2019-07-31 18:50:40,629 - INFO - tty.usbmodem0006822145041: 	Network key: 18eed9c2a56add85049ffc3c59ad0e12
2019-07-31 18:50:40,629 - INFO - tty.usbmodem0006822145041: Adding device key to subnet 0
2019-07-31 18:50:40,630 - DEBUG - tty.usbmodem0006822145041: Writing: 156 bytearray(b'\x10\x00\x00\x00\x9ex\x84N\xfe4e*\xf2JgOKC\x05\x95')
2019-07-31 18:50:40,630 - INFO - tty.usbmodem0006822145041: Adding publication address of root element
2019-07-31 18:50:40,630 - DEBUG - tty.usbmodem0006822145041: TX: 159c100000009e78844efe34652af24a674f4b430595
2019-07-31 18:50:40,634 - DEBUG - tty.usbmodem0006822145041: RX: 05849c000800
2019-07-31 18:50:40,634 - DEBUG - tty.usbmodem0006822145041: parsed_packet {event: CmdRsp, data: {'opcode': 156, 'status': 0, 'data': bytearray(b'\x08\x00')}}
2019-07-31 18:50:40,634 - INFO - tty.usbmodem0006822145041: DevkeyAdd: {'devkey_handle': 8}
2019-07-31 18:50:40,636 - INFO - tty.usbmodem0006822145041: No Messages remaining
2019-07-31 18:50:40,656 - DEBUG - tty.usbmodem0006822145041: Writing: 164 bytearray(b'\x10\x00')
2019-07-31 18:50:40,656 - DEBUG - tty.usbmodem0006822145041: TX: 03a41000
2019-07-31 18:50:40,658 - DEBUG - tty.usbmodem0006822145041: RX: 0584a4000000
2019-07-31 18:50:40,658 - DEBUG - tty.usbmodem0006822145041: parsed_packet {event: CmdRsp, data: {'opcode': 164, 'status': 0, 'data': bytearray(b'\x00\x00')}}
2019-07-31 18:50:40,658 - INFO - tty.usbmodem0006822145041: AddrPublicationAdd: {'address_handle': 0}
2019-07-31 18:50:40,660 - INFO - tty.usbmodem0006822145041: No Messages remaining
2019-07-31 18:50:40,745 - DEBUG - tty.usbmodem0006822145041: RX: 03c20000
2019-07-31 18:50:40,745 - DEBUG - tty.usbmodem0006822145041: parsed_packet {event: ProvLinkClosed, data: {'context_id': 0, 'close_reason': 0}}
2019-07-31 18:50:40,746 - INFO - tty.usbmodem0006822145041: {event: ProvLinkClosed, data: {'context_id': 0, 'close_reason': 0}}
2019-07-31 18:50:40,746 - INFO - tty.usbmodem0006822145041: Provisioning link closed
2019-07-31 18:50:46,635 - INFO - tty.usbmodem0006822145041: Configure 8 0
2019-07-31 18:50:46,638 - DEBUG - tty.usbmodem0006822145041.ConfigurationClient: Sending opcode: 8008, data: 00
2019-07-31 18:50:46,638 - DEBUG - tty.usbmodem0006822145041.ConfigurationClient: Sending opcode: 00, data: 0000004f68ad85d9f48ac8589df665b6b49b8a
2019-07-31 18:50:46,638 - DEBUG - tty.usbmodem0006822145041: Writing: 171 bytearray(b'\x08\x00\x01\x00\x00\x00\x08\x00\x00\x00\x80\x08\x00')
2019-07-31 18:50:46,639 - DEBUG - tty.usbmodem0006822145041: TX: 0eab08000100000008000000800800
2019-07-31 18:50:46,642 - DEBUG - tty.usbmodem0006822145041: RX: 0784ab0001000000
2019-07-31 18:50:46,642 - DEBUG - tty.usbmodem0006822145041: parsed_packet {event: CmdRsp, data: {'opcode': 171, 'status': 0, 'data': bytearray(b'\x01\x00\x00\x00')}}
2019-07-31 18:50:46,642 - INFO - tty.usbmodem0006822145041: PacketSend: {'token': 1}
2019-07-31 18:50:46,659 - DEBUG - tty.usbmodem0006822145041: Writing: 171 bytearray(b'\x08\x00\x01\x00\x00\x00\x08\x00\x00\x00\x00\x00\x00\x00Oh\xad\x85\xd9\xf4\x8a\xc8X\x9d\xf6e\xb6\xb4\x9b\x8a')
2019-07-31 18:50:46,659 - DEBUG - tty.usbmodem0006822145041: TX: 1fab08000100000008000000000000004f68ad85d9f48ac8589df665b6b49b8a
2019-07-31 18:50:46,660 - DEBUG - tty.usbmodem0006822145041: RX: 05d201000000
2019-07-31 18:50:46,660 - DEBUG - tty.usbmodem0006822145041: parsed_packet {event: MeshTxComplete, data: {'token': 1}}
2019-07-31 18:50:46,660 - INFO - tty.usbmodem0006822145041: {event: MeshTxComplete, data: {'token': 1}}
2019-07-31 18:50:46,664 - DEBUG - tty.usbmodem0006822145041: RX: 0784ab0002000000
2019-07-31 18:50:46,664 - DEBUG - tty.usbmodem0006822145041: parsed_packet {event: CmdRsp, data: {'opcode': 171, 'status': 0, 'data': bytearray(b'\x02\x00\x00\x00')}}
2019-07-31 18:50:46,664 - INFO - tty.usbmodem0006822145041: PacketSend: {'token': 2}
2019-07-31 18:50:50,274 - DEBUG - tty.usbmodem0006822145041: RX: 05d202000000
2019-07-31 18:50:50,274 - DEBUG - tty.usbmodem0006822145041: parsed_packet {event: MeshTxComplete, data: {'token': 2}}
2019-07-31 18:50:50,274 - INFO - tty.usbmodem0006822145041: {event: MeshTxComplete, data: {'token': 2}}
2019-07-31 18:50:50,594 - DEBUG - tty.usbmodem0006822145041: RX: c4d010000100080000007f01c8639509c2c2d5b0000200590000000000280003000000020000000200000002010010011059000000000002010010011059000000000002010010011059000000000002010010011059000000000002010010011059000000000002010010011059000000000002010010011059000000000002010010011059000000000002010010011059000000000002010010011059000000000002010010011059000000000002010010011059000000000002010010011059000000
2019-07-31 18:50:50,595 - DEBUG - tty.usbmodem0006822145041: parsed_packet {event: MeshMessageReceivedUnicast, data: {'src': 16, 'dst': 1, 'appkey_handle': 8, 'subnet_handle': 0, 'ttl': 127, 'adv_addr_type': 1, 'adv_addr': bytearray(b'\xc8c\x95\t\xc2\xc2'), 'rssi': -43, 'actual_length': 176, 'data': bytearray(b'\x02\x00Y\x00\x00\x00\x00\x00(\x00\x03\x00\x00\x00\x02\x00\x00\x00\x02\x00\x00\x00\x02\x01\x00\x10\x01\x10Y\x00\x00\x00\x00\x00\x02\x01\x00\x10\x01\x10Y\x00\x00\x00\x00\x00\x02\x01\x00\x10\x01\x10Y\x00\x00\x00\x00\x00\x02\x01\x00\x10\x01\x10Y\x00\x00\x00\x00\x00\x02\x01\x00\x10\x01\x10Y\x00\x00\x00\x00\x00\x02\x01\x00\x10\x01\x10Y\x00\x00\x00\x00\x00\x02\x01\x00\x10\x01\x10Y\x00\x00\x00\x00\x00\x02\x01\x00\x10\x01\x10Y\x00\x00\x00\x00\x00\x02\x01\x00\x10\x01\x10Y\x00\x00\x00\x00\x00\x02\x01\x00\x10\x01\x10Y\x00\x00\x00\x00\x00\x02\x01\x00\x10\x01\x10Y\x00\x00\x00\x00\x00\x02\x01\x00\x10\x01\x10Y\x00\x00\x00\x00\x00\x02\x01\x00\x10\x01\x10Y\x00\x00\x00')}}
2019-07-31 18:50:50,600 - INFO - tty.usbmodem0006822145041.ConfigurationClient: Received composition data (page 0x00): {
  "cid": "0059",
  "pid": "0000",
  "vid": "0000",
  "crpl": 40,
  "features": {
    "relay": 0,
    "proxy": 0,
    "friend": 2,
    "low_power": 2
  },
  "elements": [
    {
      "index": 0,
      "location": "0000",
      "models": [
        {
          "modelId": "0000"
        },
        {
          "modelId": "0002"
        }
      ]
    },
    {
      "index": 1,
      "location": "0000",
      "models": [
        {
          "modelId": "1000"
        },
        {
          "modelId": "1001"
        },
        {
          "modelId": "00590000"
        }
      ]
    },
    {
      "index": 2,
      "location": "0000",
      "models": [
        {
          "modelId": "1000"
        },
        {
          "modelId": "1001"
        },
        {
          "modelId": "00590000"
        }
      ]
    },
    {
      "index": 3,
      "location": "0000",
      "models": [
        {
          "modelId": "1000"
        },
        {
          "modelId": "1001"
        },
        {
          "modelId": "00590000"
        }
      ]
    },
    {
      "index": 4,
      "location": "0000",
      "models": [
        {
          "modelId": "1000"
        },
        {
          "modelId": "1001"
        },
        {
          "modelId": "00590000"
        }
      ]
    },
    {
      "index": 5,
      "location": "0000",
      "models": [
        {
          "modelId": "1000"
        },
        {
          "modelId": "1001"
        },
        {
          "modelId": "00590000"
        }
      ]
    },
    {
      "index": 6,
      "location": "0000",
      "models": [
        {
          "modelId": "1000"
        },
        {
          "modelId": "1001"
        },
        {
          "modelId": "00590000"
        }
      ]
    },
    {
      "index": 7,
      "location": "0000",
      "models": [
        {
          "modelId": "1000"
        },
        {
          "modelId": "1001"
        },
        {
          "modelId": "00590000"
        }
      ]
    },
    {
      "index": 8,
      "location": "0000",
      "models": [
        {
          "modelId": "1000"
        },
        {
          "modelId": "1001"
        },
        {
          "modelId": "00590000"
        }
      ]
    },
    {
      "index": 9,
      "location": "0000",
      "models": [
        {
          "modelId": "1000"
        },
        {
          "modelId": "1001"
        },
        {
          "modelId": "00590000"
        }
      ]
    },
    {
      "index": 10,
      "location": "0000",
      "models": [
        {
          "modelId": "1000"
        },
        {
          "modelId": "1001"
        },
        {
          "modelId": "00590000"
        }
      ]
    },
    {
      "index": 11,
      "location": "0000",
      "models": [
        {
          "modelId": "1000"
        },
        {
          "modelId": "1001"
        },
        {
          "modelId": "00590000"
        }
      ]
    },
    {
      "index": 12,
      "location": "0000",
      "models": [
        {
          "modelId": "1000"
        },
        {
          "modelId": "1001"
        },
        {
          "modelId": "00590000"
        }
      ]
    },
    {
      "index": 13,
      "location": "0000",
      "models": [
        {
          "modelId": "1000"
        },
        {
          "modelId": "1001"
        },
        {
          "modelId": "00590000"
        }
      ]
    }
  ]
}
2019-07-31 18:50:50,601 - INFO - tty.usbmodem0006822145041: {event: MeshMessageReceivedUnicast, data: {'src': 16, 'dst': 1, 'appkey_handle': 8, 'subnet_handle': 0, 'ttl': 127, 'adv_addr_type': 1, 'adv_addr': bytearray(b'\xc8c\x95\t\xc2\xc2'), 'rssi': -43, 'actual_length': 176, 'data': bytearray(b'\x02\x00Y\x00\x00\x00\x00\x00(\x00\x03\x00\x00\x00\x02\x00\x00\x00\x02\x00\x00\x00\x02\x01\x00\x10\x01\x10Y\x00\x00\x00\x00\x00\x02\x01\x00\x10\x01\x10Y\x00\x00\x00\x00\x00\x02\x01\x00\x10\x01\x10Y\x00\x00\x00\x00\x00\x02\x01\x00\x10\x01\x10Y\x00\x00\x00\x00\x00\x02\x01\x00\x10\x01\x10Y\x00\x00\x00\x00\x00\x02\x01\x00\x10\x01\x10Y\x00\x00\x00\x00\x00\x02\x01\x00\x10\x01\x10Y\x00\x00\x00\x00\x00\x02\x01\x00\x10\x01\x10Y\x00\x00\x00\x00\x00\x02\x01\x00\x10\x01\x10Y\x00\x00\x00\x00\x00\x02\x01\x00\x10\x01\x10Y\x00\x00\x00\x00\x00\x02\x01\x00\x10\x01\x10Y\x00\x00\x00\x00\x00\x02\x01\x00\x10\x01\x10Y\x00\x00\x00\x00\x00\x02\x01\x00\x10\x01\x10Y\x00\x00\x00')}}
2019-07-31 18:51:14,455 - DEBUG - tty.usbmodem0006822145041: exited read event
