2019-06-26 11:57:12,362 - DEBUG - tty.usbmodem0006822145041: Writing: 105 bytearray(b'7\x1ew^\xab+\xd1`,N\x94\xd6\xc5\x1b\x19\xb3~\xf2\xf6\x06\x0f\x15r\x04\x80a\xcb\x11W~\xa3\xf2~\xb6\x08\x9d\x1d\xea\xa9\x83\x0f\xabO~}\x87\xdf\x0fV\x05\xd0$\xaf\xe4\x03- \xfc\xfa\xea\x19\x83\xe5/D~\x1d\xc3I2^\xaa\xde\xe8\x87\xa2\x0c;\x9a\xfa\x85\x1d\xffz\xc9s\xfe\x8a\xa1\xc6\xf6\x1b\x11\x9dO-')
2019-06-26 11:57:12,362 - DEBUG - tty.usbmodem0006822145041: TX: 6169371e775eab2bd1602c4e94d6c51b19b37ef2f6060f1572048061cb11577ea3f27eb6089d1deaa9830fab4f7e7d87df0f5605d024afe4032d20fcfaea1983e52f447e1dc349325eaadee887a20c3b9afa851dff7ac973fe8aa1c6f61b119d4f2d
2019-06-26 11:57:12,373 - DEBUG - tty.usbmodem0006822145041: RX: 03845384
2019-06-26 11:57:12,374 - DEBUG - tty.usbmodem0006822145041: parsed_packet {event: CmdRsp, data: {'opcode': 83, 'status': 132, 'data': bytearray(b'')}}
2019-06-26 11:57:12,375 - ERROR - tty.usbmodem0006822145041: None: ERROR_INVALID_LENGTH
2019-06-26 11:57:12,375 - DEBUG - tty.usbmodem0006822145041: Writing: 159 bytearray(b'\x01\x00\x01\x00')
2019-06-26 11:57:12,375 - DEBUG - tty.usbmodem0006822145041: TX: 059f01000100
2019-06-26 11:57:12,376 - DEBUG - tty.usbmodem0006822145041: RX: 03840084
2019-06-26 11:57:12,377 - DEBUG - tty.usbmodem0006822145041: parsed_packet {event: CmdRsp, data: {'opcode': 0, 'status': 132, 'data': bytearray(b'')}}
2019-06-26 11:57:12,377 - ERROR - tty.usbmodem0006822145041: None: ERROR_INVALID_LENGTH
2019-06-26 11:57:12,377 - DEBUG - tty.usbmodem0006822145041: Writing: 146 bytearray(b'\x00\x00\x18\xee\xd9\xc2\xa5j\xdd\x85\x04\x9f\xfc<Y\xad\x0e\x12')
2019-06-26 11:57:12,378 - DEBUG - tty.usbmodem0006822145041: TX: 1392000018eed9c2a56add85049ffc3c59ad0e12
2019-06-26 11:57:12,378 - DEBUG - tty.usbmodem0006822145041: RX: 03840084
2019-06-26 11:57:12,378 - DEBUG - tty.usbmodem0006822145041: parsed_packet {event: CmdRsp, data: {'opcode': 0, 'status': 132, 'data': bytearray(b'')}}
2019-06-26 11:57:12,380 - ERROR - tty.usbmodem0006822145041: None: ERROR_INVALID_LENGTH
2019-06-26 11:57:12,385 - DEBUG - tty.usbmodem0006822145041: RX: 03840084
2019-06-26 11:57:12,385 - DEBUG - tty.usbmodem0006822145041: Writing: 151 bytearray(b'\x00\x00\x00\x00Oh\xad\x85\xd9\xf4\x8a\xc8X\x9d\xf6e\xb6\xb4\x9b\x8a')
2019-06-26 11:57:12,386 - DEBUG - tty.usbmodem0006822145041: parsed_packet {event: CmdRsp, data: {'opcode': 0, 'status': 132, 'data': bytearray(b'')}}
2019-06-26 11:57:12,386 - DEBUG - tty.usbmodem0006822145041: TX: 1597000000004f68ad85d9f48ac8589df665b6b49b8a
2019-06-26 11:57:12,386 - ERROR - tty.usbmodem0006822145041: None: ERROR_INVALID_LENGTH
2019-06-26 11:57:12,387 - DEBUG - tty.usbmodem0006822145041: Writing: 151 bytearray(b'\x01\x00\x00\x00*\xa2\xa6\xde\xd5\xa0y\x8c\xea\xb5x|\xa3\xae9\xfc')
2019-06-26 11:57:12,388 - DEBUG - tty.usbmodem0006822145041: TX: 1597010000002aa2a6ded5a0798ceab5787ca3ae39fc
2019-06-26 11:57:12,388 - DEBUG - tty.usbmodem0006822145041: RX: 03840084
2019-06-26 11:57:12,389 - DEBUG - tty.usbmodem0006822145041: parsed_packet {event: CmdRsp, data: {'opcode': 0, 'status': 132, 'data': bytearray(b'')}}
2019-06-26 11:57:12,403 - ERROR - tty.usbmodem0006822145041: None: ERROR_INVALID_LENGTH
2019-06-26 11:57:12,404 - DEBUG - tty.usbmodem0006822145041: RX: 03840084
2019-06-26 11:57:12,404 - DEBUG - tty.usbmodem0006822145041: parsed_packet {event: CmdRsp, data: {'opcode': 0, 'status': 132, 'data': bytearray(b'')}}
2019-06-26 11:57:12,405 - ERROR - tty.usbmodem0006822145041: None: ERROR_INVALID_LENGTH
2019-06-26 11:57:12,405 - DEBUG - tty.usbmodem0006822145041: RX: 03840084
2019-06-26 11:57:12,405 - DEBUG - tty.usbmodem0006822145041: parsed_packet {event: CmdRsp, data: {'opcode': 0, 'status': 132, 'data': bytearray(b'')}}
2019-06-26 11:57:12,405 - ERROR - tty.usbmodem0006822145041: None: ERROR_INVALID_LENGTH
2019-06-26 11:57:12,406 - DEBUG - tty.usbmodem0006822145041: RX: 03840084
2019-06-26 11:57:12,425 - DEBUG - tty.usbmodem0006822145041: parsed_packet {event: CmdRsp, data: {'opcode': 0, 'status': 132, 'data': bytearray(b'')}}
2019-06-26 11:57:12,425 - ERROR - tty.usbmodem0006822145041: None: ERROR_INVALID_LENGTH
2019-06-26 11:57:12,425 - DEBUG - tty.usbmodem0006822145041: RX: 03840084
2019-06-26 11:57:12,425 - DEBUG - tty.usbmodem0006822145041: parsed_packet {event: CmdRsp, data: {'opcode': 0, 'status': 132, 'data': bytearray(b'')}}
2019-06-26 11:57:12,426 - ERROR - tty.usbmodem0006822145041: None: ERROR_INVALID_LENGTH
2019-06-26 11:57:12,426 - DEBUG - tty.usbmodem0006822145041: RX: 03840084
2019-06-26 11:57:12,427 - DEBUG - tty.usbmodem0006822145041: parsed_packet {event: CmdRsp, data: {'opcode': 0, 'status': 132, 'data': bytearray(b'')}}
2019-06-26 11:57:12,429 - ERROR - tty.usbmodem0006822145041: None: ERROR_INVALID_LENGTH
2019-06-26 11:57:12,430 - DEBUG - tty.usbmodem0006822145041: RX: 03840084
2019-06-26 11:57:12,433 - DEBUG - tty.usbmodem0006822145041: parsed_packet {event: CmdRsp, data: {'opcode': 0, 'status': 132, 'data': bytearray(b'')}}
2019-06-26 11:57:12,433 - ERROR - tty.usbmodem0006822145041: None: ERROR_INVALID_LENGTH
2019-06-26 11:57:12,433 - DEBUG - tty.usbmodem0006822145041: RX: 03840084
2019-06-26 11:57:12,434 - DEBUG - tty.usbmodem0006822145041: parsed_packet {event: CmdRsp, data: {'opcode': 0, 'status': 132, 'data': bytearray(b'')}}
2019-06-26 11:57:12,434 - ERROR - tty.usbmodem0006822145041: None: ERROR_INVALID_LENGTH
2019-06-26 11:57:12,434 - DEBUG - tty.usbmodem0006822145041: RX: 03840084
2019-06-26 11:57:12,434 - DEBUG - tty.usbmodem0006822145041: parsed_packet {event: CmdRsp, data: {'opcode': 0, 'status': 132, 'data': bytearray(b'')}}
2019-06-26 11:57:12,434 - ERROR - tty.usbmodem0006822145041: None: ERROR_INVALID_LENGTH
2019-06-26 11:57:12,435 - DEBUG - tty.usbmodem0006822145041: RX: 03849f8e
2019-06-26 11:57:12,435 - DEBUG - tty.usbmodem0006822145041: parsed_packet {event: CmdRsp, data: {'opcode': 159, 'status': 142, 'data': bytearray(b'')}}
2019-06-26 11:57:12,435 - ERROR - tty.usbmodem0006822145041: None: ERROR_REJECTED
2019-06-26 11:57:12,435 - DEBUG - tty.usbmodem0006822145041: RX: 03849281
2019-06-26 11:57:12,436 - DEBUG - tty.usbmodem0006822145041: parsed_packet {event: CmdRsp, data: {'opcode': 146, 'status': 129, 'data': bytearray(b'')}}
2019-06-26 11:57:12,436 - ERROR - tty.usbmodem0006822145041: SubnetAdd: ERROR_INTERNAL
2019-06-26 11:57:12,436 - DEBUG - tty.usbmodem0006822145041: RX: 03849781
2019-06-26 11:57:12,436 - DEBUG - tty.usbmodem0006822145041: parsed_packet {event: CmdRsp, data: {'opcode': 151, 'status': 129, 'data': bytearray(b'')}}
2019-06-26 11:57:12,437 - ERROR - tty.usbmodem0006822145041: AppkeyAdd: ERROR_INTERNAL
2019-06-26 11:57:12,437 - DEBUG - tty.usbmodem0006822145041: RX: 03849781
2019-06-26 11:57:12,437 - DEBUG - tty.usbmodem0006822145041: parsed_packet {event: CmdRsp, data: {'opcode': 151, 'status': 129, 'data': bytearray(b'')}}
2019-06-26 11:57:12,437 - ERROR - tty.usbmodem0006822145041: AppkeyAdd: ERROR_INTERNAL
2019-06-26 11:57:15,220 - DEBUG - tty.usbmodem0006822145041.ConfigurationClient: Sending opcode: 8008, data: 00
2019-06-26 11:57:15,221 - DEBUG - tty.usbmodem0006822145041.ConfigurationClient: Sending opcode: 00, data: 0000004f68ad85d9f48ac8589df665b6b49b8a
2019-06-26 11:57:15,221 - DEBUG - tty.usbmodem0006822145041: Writing: 171 bytearray(b'\x08\x00\x01\x00\x00\x00\x08\x00\x00\x00\x80\x08\x00')
2019-06-26 11:57:15,221 - DEBUG - tty.usbmodem0006822145041: TX: 0eab08000100000008000000800800
2019-06-26 11:57:15,221 - DEBUG - tty.usbmodem0006822145041: Writing: 171 bytearray(b'\x08\x00\x01\x00\x00\x00\x08\x00\x00\x00\x00\x00\x00\x00Oh\xad\x85\xd9\xf4\x8a\xc8X\x9d\xf6e\xb6\xb4\x9b\x8a')
2019-06-26 11:57:15,222 - DEBUG - tty.usbmodem0006822145041: TX: 1fab08000100000008000000000000004f68ad85d9f48ac8589df665b6b49b8a
2019-06-26 11:57:15,225 - DEBUG - tty.usbmodem0006822145041: RX: 0784ab000c000000
2019-06-26 11:57:15,225 - DEBUG - tty.usbmodem0006822145041: parsed_packet {event: CmdRsp, data: {'opcode': 171, 'status': 0, 'data': bytearray(b'\x0c\x00\x00\x00')}}
2019-06-26 11:57:15,226 - INFO - tty.usbmodem0006822145041: PacketSend: {'token': 12}
2019-06-26 11:57:15,228 - DEBUG - tty.usbmodem0006822145041: RX: 0784ab000d000000
2019-06-26 11:57:15,231 - DEBUG - tty.usbmodem0006822145041: parsed_packet {event: CmdRsp, data: {'opcode': 171, 'status': 0, 'data': bytearray(b'\r\x00\x00\x00')}}
2019-06-26 11:57:15,231 - INFO - tty.usbmodem0006822145041: PacketSend: {'token': 13}
2019-06-26 11:57:15,246 - DEBUG - tty.usbmodem0006822145041: RX: 05d20c000000
2019-06-26 11:57:15,247 - DEBUG - tty.usbmodem0006822145041: parsed_packet {event: MeshTxComplete, data: {'token': 12}}
2019-06-26 11:57:15,247 - INFO - tty.usbmodem0006822145041: {event: MeshTxComplete, data: {'token': 12}}
2019-06-26 11:57:15,303 - DEBUG - tty.usbmodem0006822145041: RX: 2ad010000100080000000401c8639509c2c2cd160002005900000000002800030000000300000002000010
2019-06-26 11:57:15,303 - DEBUG - tty.usbmodem0006822145041: parsed_packet {event: MeshMessageReceivedUnicast, data: {'src': 16, 'dst': 1, 'appkey_handle': 8, 'subnet_handle': 0, 'ttl': 4, 'adv_addr_type': 1, 'adv_addr': bytearray(b'\xc8c\x95\t\xc2\xc2'), 'rssi': -51, 'actual_length': 22, 'data': bytearray(b'\x02\x00Y\x00\x00\x00\x00\x00(\x00\x03\x00\x00\x00\x03\x00\x00\x00\x02\x00\x00\x10')}}
2019-06-26 11:57:15,305 - INFO - tty.usbmodem0006822145041.ConfigurationClient: Received composition data (page 0x00): {
  "cid": "0059",
  "pid": "0000",
  "vid": "0000",
  "crpl": 40,
  "features": {
    "relay": 0,
    "proxy": 0,
    "friend": 2,
    "low_power": 2
  },
  "elements": [
    {
      "index": 0,
      "location": "0000",
      "models": [
        {
          "modelId": "0000"
        },
        {
          "modelId": "0002"
        },
        {
          "modelId": "1000"
        }
      ]
    }
  ]
}
2019-06-26 11:57:15,329 - DEBUG - tty.usbmodem0006822145041: RX: 05d20d000000
2019-06-26 11:57:15,330 - DEBUG - tty.usbmodem0006822145041: parsed_packet {event: MeshTxComplete, data: {'token': 13}}
2019-06-26 11:57:15,333 - INFO - tty.usbmodem0006822145041: {event: MeshTxComplete, data: {'token': 13}}
2019-06-26 11:57:15,356 - DEBUG - tty.usbmodem0006822145041: RX: 1ad010000100080000000401c8639509c2c2cd0600800300000000
2019-06-26 11:57:15,356 - DEBUG - tty.usbmodem0006822145041: parsed_packet {event: MeshMessageReceivedUnicast, data: {'src': 16, 'dst': 1, 'appkey_handle': 8, 'subnet_handle': 0, 'ttl': 4, 'adv_addr_type': 1, 'adv_addr': bytearray(b'\xc8c\x95\t\xc2\xc2'), 'rssi': -51, 'actual_length': 6, 'data': bytearray(b'\x80\x03\x00\x00\x00\x00')}}
2019-06-26 11:57:15,357 - INFO - tty.usbmodem0006822145041.ConfigurationClient: Appkey status: AccessStatus.SUCCESS
2019-06-26 11:57:15,361 - INFO - tty.usbmodem0006822145041.ConfigurationClient: Appkey add 0 succeded for subnet 0 at node 0010
