2019-08-08 14:03:09,839 - DEBUG: Writing: 14 bytearray(b'')
2019-08-08 14:03:09,839 - DEBUG: TX: 010e
2019-08-08 14:03:10,258 - DEBUG: RX: 04810200fe
2019-08-08 14:03:10,259 - DEBUG: parsed_packet {event: DeviceStarted, data: {'operating_mode': 2, 'hw_error': 0, 'data_credit_available': 254}}
2019-08-08 14:03:10,259 - INFO: Device rebooted.
2019-08-08 14:03:10,410 - DEBUG: Writing: 105 bytearray(b'`A\xed\xa1D\xbd!\xc1\xe31AU-\xb0\xc7\xa4\xae\x00\x1dz|a\x03\xfc\xf1.\x9b\xc2~\x90\x97A]\xbe\t\x88\xf2s\x16I\xb2\xa87sPf\x1e\xeaP\x9c1\xfbr\x8ez\xbc\xe3\xa5q\xdd\xf2\x16\xa2\xf8\x9e\xfc%\xdb: d\x9a\x80N\xa2\xa0\xd1\xf7Q(\x8dU\xd0\x17\xc4\x9f\x95cF\x8a\x1e*\xfb\xba\x86\xe3')
2019-08-08 14:03:10,411 - DEBUG: TX: 61696041eda144bd21c1e33141552db0c7a4ae001d7a7c6103fcf12e9bc27e9097415dbe0988f2731649b2a8377350661eea509c31fb728e7abce3a571ddf216a2f89efc25db3a20649a804ea2a0d1f751288d55d017c49f9563468a1e2afbba86e3
2019-08-08 14:03:10,434 - INFO: 

2019-08-08 14:03:10,434 - INFO: Sending next message
2019-08-08 14:03:10,434 - DEBUG: RX: 03845384
2019-08-08 14:03:10,434 - DEBUG: parsed_packet {event: CmdRsp, data: {'opcode': 83, 'status': 132, 'data': bytearray(b'')}}
2019-08-08 14:03:10,434 - ERROR: None: ERROR_INVALID_LENGTH
2019-08-08 14:03:10,435 - DEBUG: RX: 03840084
2019-08-08 14:03:10,435 - DEBUG: parsed_packet {event: CmdRsp, data: {'opcode': 0, 'status': 132, 'data': bytearray(b'')}}
2019-08-08 14:03:10,435 - ERROR: None: ERROR_INVALID_LENGTH
2019-08-08 14:03:10,435 - DEBUG: RX: 03840084
2019-08-08 14:03:10,435 - DEBUG: parsed_packet {event: CmdRsp, data: {'opcode': 0, 'status': 132, 'data': bytearray(b'')}}
2019-08-08 14:03:10,435 - ERROR: None: ERROR_INVALID_LENGTH
2019-08-08 14:03:10,435 - DEBUG: RX: 03840084
2019-08-08 14:03:10,435 - DEBUG: parsed_packet {event: CmdRsp, data: {'opcode': 0, 'status': 132, 'data': bytearray(b'')}}
2019-08-08 14:03:10,435 - ERROR: None: ERROR_INVALID_LENGTH
2019-08-08 14:03:10,435 - DEBUG: RX: 03840084
2019-08-08 14:03:10,436 - DEBUG: parsed_packet {event: CmdRsp, data: {'opcode': 0, 'status': 132, 'data': bytearray(b'')}}
2019-08-08 14:03:10,436 - ERROR: None: ERROR_INVALID_LENGTH
2019-08-08 14:03:10,436 - DEBUG: RX: 03840084
2019-08-08 14:03:10,436 - DEBUG: parsed_packet {event: CmdRsp, data: {'opcode': 0, 'status': 132, 'data': bytearray(b'')}}
2019-08-08 14:03:10,436 - ERROR: None: ERROR_INVALID_LENGTH
2019-08-08 14:03:10,436 - DEBUG: RX: 03840084
2019-08-08 14:03:10,436 - DEBUG: parsed_packet {event: CmdRsp, data: {'opcode': 0, 'status': 132, 'data': bytearray(b'')}}
2019-08-08 14:03:10,436 - ERROR: None: ERROR_INVALID_LENGTH
2019-08-08 14:03:10,436 - DEBUG: RX: 03840084
2019-08-08 14:03:10,436 - DEBUG: parsed_packet {event: CmdRsp, data: {'opcode': 0, 'status': 132, 'data': bytearray(b'')}}
2019-08-08 14:03:10,436 - ERROR: None: ERROR_INVALID_LENGTH
2019-08-08 14:03:10,437 - DEBUG: RX: 03840084
2019-08-08 14:03:10,437 - DEBUG: parsed_packet {event: CmdRsp, data: {'opcode': 0, 'status': 132, 'data': bytearray(b'')}}
2019-08-08 14:03:10,437 - ERROR: None: ERROR_INVALID_LENGTH
2019-08-08 14:03:10,437 - DEBUG: RX: 03840084
2019-08-08 14:03:10,437 - DEBUG: parsed_packet {event: CmdRsp, data: {'opcode': 0, 'status': 132, 'data': bytearray(b'')}}
2019-08-08 14:03:10,437 - ERROR: None: ERROR_INVALID_LENGTH
2019-08-08 14:03:10,437 - DEBUG: RX: 03840084
2019-08-08 14:03:10,437 - DEBUG: parsed_packet {event: CmdRsp, data: {'opcode': 0, 'status': 132, 'data': bytearray(b'')}}
2019-08-08 14:03:10,437 - ERROR: None: ERROR_INVALID_LENGTH
2019-08-08 14:03:10,437 - DEBUG: RX: 03840084
2019-08-08 14:03:10,437 - DEBUG: parsed_packet {event: CmdRsp, data: {'opcode': 0, 'status': 132, 'data': bytearray(b'')}}
2019-08-08 14:03:10,437 - ERROR: None: ERROR_INVALID_LENGTH
2019-08-08 14:03:10,437 - DEBUG: RX: 03840084
2019-08-08 14:03:10,438 - DEBUG: parsed_packet {event: CmdRsp, data: {'opcode': 0, 'status': 132, 'data': bytearray(b'')}}
2019-08-08 14:03:10,438 - ERROR: None: ERROR_INVALID_LENGTH
2019-08-08 14:03:10,458 - DEBUG: Writing: 159 bytearray(b'\x01\x00\x01\x00')
2019-08-08 14:03:10,458 - DEBUG: TX: 059f01000100
2019-08-08 14:03:10,460 - DEBUG: RX: 03849f00
2019-08-08 14:03:10,460 - DEBUG: parsed_packet {event: CmdRsp, data: {'opcode': 159, 'status': 0, 'data': bytearray(b'')}}
2019-08-08 14:03:10,460 - INFO: Success
2019-08-08 14:03:10,483 - DEBUG: Writing: 146 bytearray(b'\x00\x00\x18\xee\xd9\xc2\xa5j\xdd\x85\x04\x9f\xfc<Y\xad\x0e\x12')
2019-08-08 14:03:10,483 - DEBUG: TX: 1392000018eed9c2a56add85049ffc3c59ad0e12
2019-08-08 14:03:10,487 - DEBUG: RX: 058492000000
2019-08-08 14:03:10,487 - DEBUG: parsed_packet {event: CmdRsp, data: {'opcode': 146, 'status': 0, 'data': bytearray(b'\x00\x00')}}
2019-08-08 14:03:10,488 - INFO: SubnetAdd: {'subnet_handle': 0}
2019-08-08 14:03:10,508 - DEBUG: Writing: 151 bytearray(b'\x00\x00\x00\x00Oh\xad\x85\xd9\xf4\x8a\xc8X\x9d\xf6e\xb6\xb4\x9b\x8a')
2019-08-08 14:03:10,508 - DEBUG: TX: 1597000000004f68ad85d9f48ac8589df665b6b49b8a
2019-08-08 14:03:10,512 - DEBUG: RX: 058497000000
2019-08-08 14:03:10,512 - DEBUG: parsed_packet {event: CmdRsp, data: {'opcode': 151, 'status': 0, 'data': bytearray(b'\x00\x00')}}
2019-08-08 14:03:10,512 - INFO: AppkeyAdd: {'appkey_handle': 0}
2019-08-08 14:03:10,531 - DEBUG: Writing: 151 bytearray(b'\x01\x00\x00\x00*\xa2\xa6\xde\xd5\xa0y\x8c\xea\xb5x|\xa3\xae9\xfc')
2019-08-08 14:03:10,531 - DEBUG: TX: 1597010000002aa2a6ded5a0798ceab5787ca3ae39fc
2019-08-08 14:03:10,534 - DEBUG: RX: 058497000100
2019-08-08 14:03:10,534 - DEBUG: parsed_packet {event: CmdRsp, data: {'opcode': 151, 'status': 0, 'data': bytearray(b'\x01\x00')}}
2019-08-08 14:03:10,535 - INFO: AppkeyAdd: {'appkey_handle': 1}
2019-08-08 14:03:10,554 - DEBUG: Writing: 164 bytearray(b'\x10\x00')
2019-08-08 14:03:10,554 - DEBUG: TX: 03a41000
2019-08-08 14:03:10,556 - DEBUG: RX: 0584a4000000
2019-08-08 14:03:10,556 - DEBUG: parsed_packet {event: CmdRsp, data: {'opcode': 164, 'status': 0, 'data': bytearray(b'\x00\x00')}}
2019-08-08 14:03:10,557 - INFO: AddrPublicationAdd: {'address_handle': 0}
2019-08-08 14:03:10,569 - INFO: 

2019-08-08 14:03:10,570 - INFO: Sending next message
2019-08-08 14:03:10,579 - DEBUG: Writing: 161 bytearray(b'\x01\xc0')
2019-08-08 14:03:10,579 - DEBUG: TX: 03a101c0
2019-08-08 14:03:10,581 - DEBUG: RX: 0584a1000100
2019-08-08 14:03:10,581 - DEBUG: parsed_packet {event: CmdRsp, data: {'opcode': 161, 'status': 0, 'data': bytearray(b'\x01\x00')}}
2019-08-08 14:03:10,582 - INFO: AddrSubscriptionAdd: {'address_handle': 1}
2019-08-08 14:03:10,595 - INFO: 

2019-08-08 14:03:10,595 - INFO: Sending next message
2019-08-08 14:03:10,604 - DEBUG: Writing: 164 bytearray(b'\x11\x00')
2019-08-08 14:03:10,604 - DEBUG: TX: 03a41100
2019-08-08 14:03:10,606 - DEBUG: RX: 0584a4000200
2019-08-08 14:03:10,606 - DEBUG: parsed_packet {event: CmdRsp, data: {'opcode': 164, 'status': 0, 'data': bytearray(b'\x02\x00')}}
2019-08-08 14:03:10,606 - INFO: AddrPublicationAdd: {'address_handle': 2}
2019-08-08 14:03:10,617 - INFO: 

2019-08-08 14:03:10,618 - INFO: Sending next message
2019-08-08 14:03:10,624 - DEBUG: Writing: 164 bytearray(b'\x12\x00')
2019-08-08 14:03:10,624 - DEBUG: TX: 03a41200
2019-08-08 14:03:10,626 - DEBUG: RX: 0584a4000300
2019-08-08 14:03:10,626 - DEBUG: parsed_packet {event: CmdRsp, data: {'opcode': 164, 'status': 0, 'data': bytearray(b'\x03\x00')}}
2019-08-08 14:03:10,627 - INFO: AddrPublicationAdd: {'address_handle': 3}
2019-08-08 14:03:10,639 - INFO: 

2019-08-08 14:03:10,640 - INFO: Sending next message
2019-08-08 14:03:10,647 - DEBUG: Writing: 164 bytearray(b'\x13\x00')
2019-08-08 14:03:10,647 - DEBUG: TX: 03a41300
2019-08-08 14:03:10,652 - DEBUG: RX: 0584a4000400
2019-08-08 14:03:10,652 - DEBUG: parsed_packet {event: CmdRsp, data: {'opcode': 164, 'status': 0, 'data': bytearray(b'\x04\x00')}}
2019-08-08 14:03:10,653 - INFO: AddrPublicationAdd: {'address_handle': 4}
2019-08-08 14:03:10,664 - INFO: 

2019-08-08 14:03:10,664 - INFO: Sending next message
2019-08-08 14:03:10,669 - DEBUG: Writing: 164 bytearray(b'\x14\x00')
2019-08-08 14:03:10,669 - DEBUG: TX: 03a41400
2019-08-08 14:03:10,671 - DEBUG: RX: 0584a4000500
2019-08-08 14:03:10,671 - DEBUG: parsed_packet {event: CmdRsp, data: {'opcode': 164, 'status': 0, 'data': bytearray(b'\x05\x00')}}
2019-08-08 14:03:10,671 - INFO: AddrPublicationAdd: {'address_handle': 5}
2019-08-08 14:03:10,683 - INFO: 

2019-08-08 14:03:10,683 - INFO: Sending next message
2019-08-08 14:03:10,694 - DEBUG: Writing: 164 bytearray(b'\x15\x00')
2019-08-08 14:03:10,694 - DEBUG: TX: 03a41500
2019-08-08 14:03:10,696 - DEBUG: RX: 0584a4000600
2019-08-08 14:03:10,696 - DEBUG: parsed_packet {event: CmdRsp, data: {'opcode': 164, 'status': 0, 'data': bytearray(b'\x06\x00')}}
2019-08-08 14:03:10,697 - INFO: AddrPublicationAdd: {'address_handle': 6}
2019-08-08 14:03:10,712 - INFO: 

2019-08-08 14:03:10,712 - INFO: Sending next message
2019-08-08 14:03:10,718 - DEBUG: Writing: 164 bytearray(b'\x16\x00')
2019-08-08 14:03:10,718 - DEBUG: TX: 03a41600
2019-08-08 14:03:10,720 - DEBUG: RX: 0584a4000700
2019-08-08 14:03:10,720 - DEBUG: parsed_packet {event: CmdRsp, data: {'opcode': 164, 'status': 0, 'data': bytearray(b'\x07\x00')}}
2019-08-08 14:03:10,720 - INFO: AddrPublicationAdd: {'address_handle': 7}
2019-08-08 14:03:10,731 - INFO: 

2019-08-08 14:03:10,732 - INFO: Sending next message
2019-08-08 14:03:10,743 - DEBUG: Writing: 164 bytearray(b'\x17\x00')
2019-08-08 14:03:10,743 - DEBUG: TX: 03a41700
2019-08-08 14:03:10,744 - DEBUG: RX: 0584a4000800
2019-08-08 14:03:10,744 - DEBUG: parsed_packet {event: CmdRsp, data: {'opcode': 164, 'status': 0, 'data': bytearray(b'\x08\x00')}}
2019-08-08 14:03:10,745 - INFO: AddrPublicationAdd: {'address_handle': 8}
2019-08-08 14:03:10,757 - INFO: 

2019-08-08 14:03:10,757 - INFO: Sending next message
2019-08-08 14:03:10,767 - DEBUG: Writing: 164 bytearray(b'\x18\x00')
2019-08-08 14:03:10,767 - DEBUG: TX: 03a41800
2019-08-08 14:03:10,769 - DEBUG: RX: 0584a4000900
2019-08-08 14:03:10,769 - DEBUG: parsed_packet {event: CmdRsp, data: {'opcode': 164, 'status': 0, 'data': bytearray(b'\t\x00')}}
2019-08-08 14:03:10,770 - INFO: AddrPublicationAdd: {'address_handle': 9}
2019-08-08 14:03:10,782 - INFO: 

2019-08-08 14:03:10,782 - INFO: Sending next message
2019-08-08 14:03:10,792 - DEBUG: Writing: 164 bytearray(b'\x19\x00')
2019-08-08 14:03:10,792 - DEBUG: TX: 03a41900
2019-08-08 14:03:10,794 - DEBUG: RX: 0584a4000a00
2019-08-08 14:03:10,794 - DEBUG: parsed_packet {event: CmdRsp, data: {'opcode': 164, 'status': 0, 'data': bytearray(b'\n\x00')}}
2019-08-08 14:03:10,794 - INFO: AddrPublicationAdd: {'address_handle': 10}
2019-08-08 14:03:10,808 - INFO: 

2019-08-08 14:03:10,808 - INFO: Sending next message
2019-08-08 14:03:10,816 - DEBUG: Writing: 164 bytearray(b'\x1a\x00')
2019-08-08 14:03:10,816 - DEBUG: TX: 03a41a00
2019-08-08 14:03:10,818 - DEBUG: RX: 0584a4000b00
2019-08-08 14:03:10,819 - DEBUG: parsed_packet {event: CmdRsp, data: {'opcode': 164, 'status': 0, 'data': bytearray(b'\x0b\x00')}}
2019-08-08 14:03:10,819 - INFO: AddrPublicationAdd: {'address_handle': 11}
2019-08-08 14:03:10,840 - INFO: 

2019-08-08 14:03:10,840 - INFO: Sending next message
2019-08-08 14:03:10,841 - DEBUG: Writing: 164 bytearray(b'\x1b\x00')
2019-08-08 14:03:10,841 - DEBUG: TX: 03a41b00
2019-08-08 14:03:10,843 - DEBUG: RX: 0584a4000c00
2019-08-08 14:03:10,843 - DEBUG: parsed_packet {event: CmdRsp, data: {'opcode': 164, 'status': 0, 'data': bytearray(b'\x0c\x00')}}
2019-08-08 14:03:10,844 - INFO: AddrPublicationAdd: {'address_handle': 12}
2019-08-08 14:03:10,903 - INFO: 

2019-08-08 14:03:10,904 - INFO: Sending next message
2019-08-08 14:03:10,904 - DEBUG: Writing: 164 bytearray(b'\x1c\x00')
2019-08-08 14:03:10,905 - DEBUG: TX: 03a41c00
2019-08-08 14:03:10,906 - DEBUG: RX: 0584a4000d00
2019-08-08 14:03:10,907 - DEBUG: parsed_packet {event: CmdRsp, data: {'opcode': 164, 'status': 0, 'data': bytearray(b'\r\x00')}}
2019-08-08 14:03:10,907 - INFO: AddrPublicationAdd: {'address_handle': 13}
2019-08-08 14:03:10,955 - INFO: 

2019-08-08 14:03:10,955 - INFO: Sending next message
2019-08-08 14:03:10,955 - DEBUG: Writing: 164 bytearray(b'\x1d\x00')
2019-08-08 14:03:10,955 - DEBUG: TX: 03a41d00
2019-08-08 14:03:10,957 - DEBUG: RX: 0584a4000e00
2019-08-08 14:03:10,957 - DEBUG: parsed_packet {event: CmdRsp, data: {'opcode': 164, 'status': 0, 'data': bytearray(b'\x0e\x00')}}
2019-08-08 14:03:10,958 - INFO: AddrPublicationAdd: {'address_handle': 14}
2019-08-08 14:03:10,977 - INFO: 

2019-08-08 14:03:10,977 - INFO: Sending next message
2019-08-08 14:03:10,979 - DEBUG: Writing: 164 bytearray(b'\x1e\x00')
2019-08-08 14:03:10,979 - DEBUG: TX: 03a41e00
2019-08-08 14:03:10,981 - DEBUG: RX: 0584a4000f00
2019-08-08 14:03:10,981 - DEBUG: parsed_packet {event: CmdRsp, data: {'opcode': 164, 'status': 0, 'data': bytearray(b'\x0f\x00')}}
2019-08-08 14:03:10,981 - INFO: AddrPublicationAdd: {'address_handle': 15}
2019-08-08 14:03:11,000 - INFO: 

2019-08-08 14:03:11,000 - INFO: Sending next message
2019-08-08 14:03:11,003 - DEBUG: Writing: 164 bytearray(b'\x1f\x00')
2019-08-08 14:03:11,003 - DEBUG: TX: 03a41f00
2019-08-08 14:03:11,005 - DEBUG: RX: 0584a4001000
2019-08-08 14:03:11,005 - DEBUG: parsed_packet {event: CmdRsp, data: {'opcode': 164, 'status': 0, 'data': bytearray(b'\x10\x00')}}
2019-08-08 14:03:11,007 - INFO: AddrPublicationAdd: {'address_handle': 16}
2019-08-08 14:03:11,025 - INFO: 

2019-08-08 14:03:11,025 - INFO: Sending next message
2019-08-08 14:03:11,027 - DEBUG: Writing: 164 bytearray(b' \x00')
2019-08-08 14:03:11,027 - DEBUG: TX: 03a42000
2019-08-08 14:03:11,029 - DEBUG: RX: 0584a4001100
2019-08-08 14:03:11,029 - DEBUG: parsed_packet {event: CmdRsp, data: {'opcode': 164, 'status': 0, 'data': bytearray(b'\x11\x00')}}
2019-08-08 14:03:11,030 - INFO: AddrPublicationAdd: {'address_handle': 17}
2019-08-08 14:03:11,047 - INFO: 

2019-08-08 14:03:11,047 - INFO: Sending next message
2019-08-08 14:03:11,051 - DEBUG: Writing: 164 bytearray(b'!\x00')
2019-08-08 14:03:11,051 - DEBUG: TX: 03a42100
2019-08-08 14:03:11,052 - DEBUG: RX: 0584a4001200
2019-08-08 14:03:11,052 - DEBUG: parsed_packet {event: CmdRsp, data: {'opcode': 164, 'status': 0, 'data': bytearray(b'\x12\x00')}}
2019-08-08 14:03:11,053 - INFO: AddrPublicationAdd: {'address_handle': 18}
2019-08-08 14:03:11,099 - INFO: 

2019-08-08 14:03:11,099 - INFO: Sending next message
2019-08-08 14:03:11,099 - DEBUG: Writing: 164 bytearray(b'"\x00')
2019-08-08 14:03:11,099 - DEBUG: TX: 03a42200
2019-08-08 14:03:11,101 - DEBUG: RX: 0584a4001300
2019-08-08 14:03:11,101 - DEBUG: parsed_packet {event: CmdRsp, data: {'opcode': 164, 'status': 0, 'data': bytearray(b'\x13\x00')}}
2019-08-08 14:03:11,101 - INFO: AddrPublicationAdd: {'address_handle': 19}
2019-08-08 14:03:11,113 - INFO: 

2019-08-08 14:03:11,113 - INFO: Sending next message
2019-08-08 14:03:11,125 - DEBUG: Writing: 164 bytearray(b'#\x00')
2019-08-08 14:03:11,125 - DEBUG: TX: 03a42300
2019-08-08 14:03:11,127 - DEBUG: RX: 0584a4001400
2019-08-08 14:03:11,127 - DEBUG: parsed_packet {event: CmdRsp, data: {'opcode': 164, 'status': 0, 'data': bytearray(b'\x14\x00')}}
2019-08-08 14:03:11,127 - INFO: AddrPublicationAdd: {'address_handle': 20}
2019-08-08 14:03:11,140 - INFO: 

2019-08-08 14:03:11,140 - INFO: Sending next message
2019-08-08 14:03:11,146 - DEBUG: Writing: 164 bytearray(b'$\x00')
2019-08-08 14:03:11,146 - DEBUG: TX: 03a42400
2019-08-08 14:03:11,148 - DEBUG: RX: 0584a4001500
2019-08-08 14:03:11,148 - DEBUG: parsed_packet {event: CmdRsp, data: {'opcode': 164, 'status': 0, 'data': bytearray(b'\x15\x00')}}
2019-08-08 14:03:11,148 - INFO: AddrPublicationAdd: {'address_handle': 21}
2019-08-08 14:03:11,160 - INFO: 

2019-08-08 14:03:11,160 - INFO: Sending next message
2019-08-08 14:03:11,171 - DEBUG: Writing: 164 bytearray(b'%\x00')
2019-08-08 14:03:11,171 - DEBUG: TX: 03a42500
2019-08-08 14:03:11,173 - DEBUG: RX: 0584a4001600
2019-08-08 14:03:11,174 - DEBUG: parsed_packet {event: CmdRsp, data: {'opcode': 164, 'status': 0, 'data': bytearray(b'\x16\x00')}}
2019-08-08 14:03:11,174 - INFO: AddrPublicationAdd: {'address_handle': 22}
2019-08-08 14:03:11,191 - INFO: 

2019-08-08 14:03:11,191 - INFO: Sending next message
2019-08-08 14:03:11,196 - DEBUG: Writing: 164 bytearray(b'&\x00')
2019-08-08 14:03:11,196 - DEBUG: TX: 03a42600
2019-08-08 14:03:11,198 - DEBUG: RX: 0584a4001700
2019-08-08 14:03:11,198 - DEBUG: parsed_packet {event: CmdRsp, data: {'opcode': 164, 'status': 0, 'data': bytearray(b'\x17\x00')}}
2019-08-08 14:03:11,198 - INFO: AddrPublicationAdd: {'address_handle': 23}
2019-08-08 14:03:11,213 - INFO: 

2019-08-08 14:03:11,213 - INFO: Sending next message
2019-08-08 14:03:11,220 - DEBUG: Writing: 164 bytearray(b"\'\x00")
2019-08-08 14:03:11,221 - DEBUG: TX: 03a42700
2019-08-08 14:03:11,227 - DEBUG: RX: 0584a4001800
2019-08-08 14:03:11,229 - DEBUG: parsed_packet {event: CmdRsp, data: {'opcode': 164, 'status': 0, 'data': bytearray(b'\x18\x00')}}
2019-08-08 14:03:11,230 - INFO: AddrPublicationAdd: {'address_handle': 24}
2019-08-08 14:03:11,250 - INFO: 

2019-08-08 14:03:11,253 - INFO: Sending next message
2019-08-08 14:03:11,255 - DEBUG: Writing: 164 bytearray(b'(\x00')
2019-08-08 14:03:11,255 - DEBUG: TX: 03a42800
2019-08-08 14:03:11,257 - DEBUG: RX: 0584a4001900
2019-08-08 14:03:11,258 - DEBUG: parsed_packet {event: CmdRsp, data: {'opcode': 164, 'status': 0, 'data': bytearray(b'\x19\x00')}}
2019-08-08 14:03:11,258 - INFO: AddrPublicationAdd: {'address_handle': 25}
2019-08-08 14:03:11,281 - INFO: 

2019-08-08 14:03:11,281 - INFO: Sending next message
2019-08-08 14:03:11,281 - DEBUG: Writing: 164 bytearray(b')\x00')
2019-08-08 14:03:11,281 - DEBUG: TX: 03a42900
2019-08-08 14:03:11,285 - DEBUG: RX: 0584a4001a00
2019-08-08 14:03:11,288 - DEBUG: parsed_packet {event: CmdRsp, data: {'opcode': 164, 'status': 0, 'data': bytearray(b'\x1a\x00')}}
2019-08-08 14:03:11,289 - INFO: AddrPublicationAdd: {'address_handle': 26}
2019-08-08 14:03:11,302 - INFO: 

2019-08-08 14:03:11,302 - INFO: Sending next message
2019-08-08 14:03:11,303 - DEBUG: Writing: 164 bytearray(b'*\x00')
2019-08-08 14:03:11,303 - DEBUG: TX: 03a42a00
2019-08-08 14:03:11,304 - DEBUG: RX: 0584a4001b00
2019-08-08 14:03:11,304 - DEBUG: parsed_packet {event: CmdRsp, data: {'opcode': 164, 'status': 0, 'data': bytearray(b'\x1b\x00')}}
2019-08-08 14:03:11,305 - INFO: AddrPublicationAdd: {'address_handle': 27}
2019-08-08 14:03:11,319 - INFO: 

2019-08-08 14:03:11,319 - INFO: Sending next message
2019-08-08 14:03:11,328 - DEBUG: Writing: 164 bytearray(b'+\x00')
2019-08-08 14:03:11,328 - DEBUG: TX: 03a42b00
2019-08-08 14:03:11,330 - DEBUG: RX: 0584a4001c00
2019-08-08 14:03:11,330 - DEBUG: parsed_packet {event: CmdRsp, data: {'opcode': 164, 'status': 0, 'data': bytearray(b'\x1c\x00')}}
2019-08-08 14:03:11,331 - INFO: AddrPublicationAdd: {'address_handle': 28}
2019-08-08 14:03:11,342 - INFO: 

2019-08-08 14:03:11,342 - INFO: Sending next message
2019-08-08 14:03:11,353 - DEBUG: Writing: 164 bytearray(b',\x00')
2019-08-08 14:03:11,353 - DEBUG: TX: 03a42c00
2019-08-08 14:03:11,355 - DEBUG: RX: 0584a4001d00
2019-08-08 14:03:11,355 - DEBUG: parsed_packet {event: CmdRsp, data: {'opcode': 164, 'status': 0, 'data': bytearray(b'\x1d\x00')}}
2019-08-08 14:03:11,355 - INFO: AddrPublicationAdd: {'address_handle': 29}
2019-08-08 14:03:11,367 - INFO: 

2019-08-08 14:03:11,367 - INFO: Sending next message
2019-08-08 14:03:11,377 - DEBUG: Writing: 164 bytearray(b'-\x00')
2019-08-08 14:03:11,377 - DEBUG: TX: 03a42d00
2019-08-08 14:03:11,379 - DEBUG: RX: 0584a4001e00
2019-08-08 14:03:11,379 - DEBUG: parsed_packet {event: CmdRsp, data: {'opcode': 164, 'status': 0, 'data': bytearray(b'\x1e\x00')}}
2019-08-08 14:03:11,379 - INFO: AddrPublicationAdd: {'address_handle': 30}
2019-08-08 14:03:11,392 - INFO: 

2019-08-08 14:03:11,392 - INFO: Sending next message
2019-08-08 14:03:11,400 - DEBUG: Writing: 164 bytearray(b'.\x00')
2019-08-08 14:03:11,400 - DEBUG: TX: 03a42e00
2019-08-08 14:03:11,402 - DEBUG: RX: 0584a4001f00
2019-08-08 14:03:11,402 - DEBUG: parsed_packet {event: CmdRsp, data: {'opcode': 164, 'status': 0, 'data': bytearray(b'\x1f\x00')}}
2019-08-08 14:03:11,402 - INFO: AddrPublicationAdd: {'address_handle': 31}
2019-08-08 14:03:11,414 - INFO: 

2019-08-08 14:03:11,414 - INFO: Sending next message
2019-08-08 14:03:11,425 - DEBUG: Writing: 164 bytearray(b'/\x00')
2019-08-08 14:03:11,425 - DEBUG: TX: 03a42f00
2019-08-08 14:03:11,427 - DEBUG: RX: 0584a4002000
2019-08-08 14:03:11,428 - DEBUG: parsed_packet {event: CmdRsp, data: {'opcode': 164, 'status': 0, 'data': bytearray(b' \x00')}}
2019-08-08 14:03:11,428 - INFO: AddrPublicationAdd: {'address_handle': 32}
2019-08-08 14:03:11,441 - INFO: 

2019-08-08 14:03:11,441 - INFO: Sending next message
2019-08-08 14:03:11,450 - DEBUG: Writing: 164 bytearray(b'0\x00')
2019-08-08 14:03:11,450 - DEBUG: TX: 03a43000
2019-08-08 14:03:11,452 - DEBUG: RX: 0584a4002100
2019-08-08 14:03:11,452 - DEBUG: parsed_packet {event: CmdRsp, data: {'opcode': 164, 'status': 0, 'data': bytearray(b'!\x00')}}
2019-08-08 14:03:11,453 - INFO: AddrPublicationAdd: {'address_handle': 33}
2019-08-08 14:03:11,465 - INFO: 

2019-08-08 14:03:11,465 - INFO: Sending next message
2019-08-08 14:03:11,475 - DEBUG: Writing: 164 bytearray(b'1\x00')
2019-08-08 14:03:11,475 - DEBUG: TX: 03a43100
2019-08-08 14:03:11,477 - DEBUG: RX: 0584a4002200
2019-08-08 14:03:11,477 - DEBUG: parsed_packet {event: CmdRsp, data: {'opcode': 164, 'status': 0, 'data': bytearray(b'"\x00')}}
2019-08-08 14:03:11,478 - INFO: AddrPublicationAdd: {'address_handle': 34}
2019-08-08 14:03:11,490 - INFO: 

2019-08-08 14:03:11,490 - INFO: Sending next message
2019-08-08 14:03:11,496 - DEBUG: Writing: 164 bytearray(b'2\x00')
2019-08-08 14:03:11,496 - DEBUG: TX: 03a43200
2019-08-08 14:03:11,498 - DEBUG: RX: 0584a4002300
2019-08-08 14:03:11,498 - DEBUG: parsed_packet {event: CmdRsp, data: {'opcode': 164, 'status': 0, 'data': bytearray(b'#\x00')}}
2019-08-08 14:03:11,498 - INFO: AddrPublicationAdd: {'address_handle': 35}
2019-08-08 14:03:11,511 - INFO: 

2019-08-08 14:03:11,511 - INFO: Sending next message
2019-08-08 14:03:11,519 - DEBUG: Writing: 164 bytearray(b'3\x00')
2019-08-08 14:03:11,519 - DEBUG: TX: 03a43300
2019-08-08 14:03:11,522 - DEBUG: RX: 0584a4002400
2019-08-08 14:03:11,522 - DEBUG: parsed_packet {event: CmdRsp, data: {'opcode': 164, 'status': 0, 'data': bytearray(b'$\x00')}}
2019-08-08 14:03:11,522 - INFO: AddrPublicationAdd: {'address_handle': 36}
2019-08-08 14:03:11,536 - INFO: 

2019-08-08 14:03:11,536 - INFO: Sending next message
2019-08-08 14:03:11,544 - DEBUG: Writing: 164 bytearray(b'4\x00')
2019-08-08 14:03:11,545 - DEBUG: TX: 03a43400
2019-08-08 14:03:11,546 - DEBUG: RX: 0584a4002500
2019-08-08 14:03:11,546 - DEBUG: parsed_packet {event: CmdRsp, data: {'opcode': 164, 'status': 0, 'data': bytearray(b'%\x00')}}
2019-08-08 14:03:11,547 - INFO: AddrPublicationAdd: {'address_handle': 37}
2019-08-08 14:03:11,562 - INFO: 

2019-08-08 14:03:11,562 - INFO: Sending next message
2019-08-08 14:03:11,568 - DEBUG: Writing: 164 bytearray(b'5\x00')
2019-08-08 14:03:11,568 - DEBUG: TX: 03a43500
2019-08-08 14:03:11,570 - DEBUG: RX: 0584a4002600
2019-08-08 14:03:11,570 - DEBUG: parsed_packet {event: CmdRsp, data: {'opcode': 164, 'status': 0, 'data': bytearray(b'&\x00')}}
2019-08-08 14:03:11,570 - INFO: AddrPublicationAdd: {'address_handle': 38}
2019-08-08 14:03:11,590 - INFO: 

2019-08-08 14:03:11,590 - INFO: Sending next message
2019-08-08 14:03:11,593 - DEBUG: Writing: 164 bytearray(b'6\x00')
2019-08-08 14:03:11,593 - DEBUG: TX: 03a43600
2019-08-08 14:03:11,594 - DEBUG: RX: 0584a4002700
2019-08-08 14:03:11,594 - DEBUG: parsed_packet {event: CmdRsp, data: {'opcode': 164, 'status': 0, 'data': bytearray(b"\'\x00")}}
2019-08-08 14:03:11,594 - INFO: AddrPublicationAdd: {'address_handle': 39}
2019-08-08 14:03:11,610 - INFO: 

2019-08-08 14:03:11,610 - INFO: Sending next message
2019-08-08 14:03:11,616 - DEBUG: Writing: 164 bytearray(b'7\x00')
2019-08-08 14:03:11,616 - DEBUG: TX: 03a43700
2019-08-08 14:03:11,618 - DEBUG: RX: 0584a4002800
2019-08-08 14:03:11,618 - DEBUG: parsed_packet {event: CmdRsp, data: {'opcode': 164, 'status': 0, 'data': bytearray(b'(\x00')}}
2019-08-08 14:03:11,619 - INFO: AddrPublicationAdd: {'address_handle': 40}
2019-08-08 14:03:11,632 - INFO: 

2019-08-08 14:03:11,633 - INFO: Sending next message
2019-08-08 14:03:11,642 - DEBUG: Writing: 164 bytearray(b'8\x00')
2019-08-08 14:03:11,642 - DEBUG: TX: 03a43800
2019-08-08 14:03:11,644 - DEBUG: RX: 0584a4002900
2019-08-08 14:03:11,644 - DEBUG: parsed_packet {event: CmdRsp, data: {'opcode': 164, 'status': 0, 'data': bytearray(b')\x00')}}
2019-08-08 14:03:11,645 - INFO: AddrPublicationAdd: {'address_handle': 41}
2019-08-08 14:03:11,656 - INFO: 

2019-08-08 14:03:11,657 - INFO: Sending next message
2019-08-08 14:03:11,667 - DEBUG: Writing: 164 bytearray(b'9\x00')
2019-08-08 14:03:11,667 - DEBUG: TX: 03a43900
2019-08-08 14:03:11,669 - DEBUG: RX: 0584a4002a00
2019-08-08 14:03:11,669 - DEBUG: parsed_packet {event: CmdRsp, data: {'opcode': 164, 'status': 0, 'data': bytearray(b'*\x00')}}
2019-08-08 14:03:11,669 - INFO: AddrPublicationAdd: {'address_handle': 42}
2019-08-08 14:03:11,682 - INFO: 

2019-08-08 14:03:11,682 - INFO: Sending next message
2019-08-08 14:03:11,692 - DEBUG: Writing: 156 bytearray(b'\x10\x00\x00\x00w\xfb\x1b\x9fWEy\xe5\xae\x1bp^8\x1b\x7f\xaf')
2019-08-08 14:03:11,692 - DEBUG: TX: 159c1000000077fb1b9f574579e5ae1b705e381b7faf
2019-08-08 14:03:11,696 - DEBUG: RX: 05849c000800
2019-08-08 14:03:11,696 - DEBUG: parsed_packet {event: CmdRsp, data: {'opcode': 156, 'status': 0, 'data': bytearray(b'\x08\x00')}}
2019-08-08 14:03:11,697 - INFO: DevkeyAdd: {'devkey_handle': 8}
2019-08-08 14:03:11,717 - INFO: 

2019-08-08 14:03:11,717 - INFO: Sending next message
2019-08-08 14:03:11,718 - DEBUG: Writing: 156 bytearray(b'\x1e\x00\x00\x00\xeb\xe6c\xb2K\xee-;\xb8\xe9\x14\xae2\x17\xf4\x87')
2019-08-08 14:03:11,718 - DEBUG: TX: 159c1e000000ebe663b24bee2d3bb8e914ae3217f487
2019-08-08 14:03:11,721 - DEBUG: RX: 05849c000900
2019-08-08 14:03:11,721 - DEBUG: parsed_packet {event: CmdRsp, data: {'opcode': 156, 'status': 0, 'data': bytearray(b'\t\x00')}}
2019-08-08 14:03:11,721 - INFO: DevkeyAdd: {'devkey_handle': 9}
2019-08-08 14:03:11,736 - INFO: 

2019-08-08 14:03:11,736 - INFO: Sending next message
2019-08-08 14:03:11,743 - DEBUG: Writing: 156 bytearray(b',\x00\x00\x00w\x91\x14\xc4\x8f\xd3vA\x08\x18\x18\r.\x87\x9aO')
2019-08-08 14:03:11,743 - DEBUG: TX: 159c2c000000779114c48fd376410818180d2e879a4f
2019-08-08 14:03:11,747 - DEBUG: RX: 05849c000a00
2019-08-08 14:03:11,747 - DEBUG: parsed_packet {event: CmdRsp, data: {'opcode': 156, 'status': 0, 'data': bytearray(b'\n\x00')}}
2019-08-08 14:03:11,747 - INFO: DevkeyAdd: {'devkey_handle': 10}
2019-08-08 14:03:11,759 - INFO: No Messages remaining
2019-08-08 14:03:15,738 - INFO: Timout handler timeout
