2019-07-08 15:54:22,760 - DEBUG - tty.usbmodem0006822145041: Writing: 105 bytearray(b'~^e\xc5u0\x0ba\xe1,s\xe6\xd5\x04\xb7\xef\rT\xf6\xd1\xa7A\xc6\xf1\xce\x07\x1c!\xb7w\xff8\x06y.i`\xc0\x06\xfc\xccW\xe6\x05\xff\x1f\x1d\xfc\x10\x04\x98\x07p\xe2\xcd\x8c\xa7\xae\xac\r6\xb1\x96\x84!\x94!\x9f5\x91&\xa3\xf6F\x0c\x95A\xce\x89\x1e\xdc\xf2>\x98\x8d\x1bIuW\x01PV2\x9e\xa8\xb8')
2019-07-08 15:54:22,761 - DEBUG - tty.usbmodem0006822145041: TX: 61697e5e65c575300b61e12c73e6d504b7ef0d54f6d1a741c6f1ce071c21b777ff3806792e6960c006fccc57e605ff1f1dfc1004980770e2cd8ca7aeac0d36b196842194219f359126a3f6460c9541ce891edcf23e988d1b497557015056329ea8b8
2019-07-08 15:54:22,771 - DEBUG - tty.usbmodem0006822145041: RX: 03845384
2019-07-08 15:54:22,772 - DEBUG - tty.usbmodem0006822145041: parsed_packet {event: CmdRsp, data: {'opcode': 83, 'status': 132, 'data': bytearray(b'')}}
2019-07-08 15:54:22,772 - ERROR - tty.usbmodem0006822145041: None: ERROR_INVALID_LENGTH
2019-07-08 15:54:22,772 - DEBUG - tty.usbmodem0006822145041: Writing: 159 bytearray(b'\x01\x00\x01\x00')
2019-07-08 15:54:22,773 - DEBUG - tty.usbmodem0006822145041: TX: 059f01000100
2019-07-08 15:54:22,773 - DEBUG - tty.usbmodem0006822145041: RX: 03840084
2019-07-08 15:54:22,773 - DEBUG - tty.usbmodem0006822145041: parsed_packet {event: CmdRsp, data: {'opcode': 0, 'status': 132, 'data': bytearray(b'')}}
2019-07-08 15:54:22,774 - ERROR - tty.usbmodem0006822145041: None: ERROR_INVALID_LENGTH
2019-07-08 15:54:22,774 - DEBUG - tty.usbmodem0006822145041: Writing: 146 bytearray(b'\x00\x00\x18\xee\xd9\xc2\xa5j\xdd\x85\x04\x9f\xfc<Y\xad\x0e\x12')
2019-07-08 15:54:22,774 - DEBUG - tty.usbmodem0006822145041: TX: 1392000018eed9c2a56add85049ffc3c59ad0e12
2019-07-08 15:54:22,774 - DEBUG - tty.usbmodem0006822145041: RX: 03840084
2019-07-08 15:54:22,775 - DEBUG - tty.usbmodem0006822145041: parsed_packet {event: CmdRsp, data: {'opcode': 0, 'status': 132, 'data': bytearray(b'')}}
2019-07-08 15:54:22,775 - ERROR - tty.usbmodem0006822145041: None: ERROR_INVALID_LENGTH
2019-07-08 15:54:22,776 - DEBUG - tty.usbmodem0006822145041: Writing: 151 bytearray(b'\x00\x00\x00\x00Oh\xad\x85\xd9\xf4\x8a\xc8X\x9d\xf6e\xb6\xb4\x9b\x8a')
2019-07-08 15:54:22,776 - DEBUG - tty.usbmodem0006822145041: TX: 1597000000004f68ad85d9f48ac8589df665b6b49b8a
2019-07-08 15:54:22,776 - DEBUG - tty.usbmodem0006822145041: RX: 03840084
2019-07-08 15:54:22,776 - DEBUG - tty.usbmodem0006822145041: parsed_packet {event: CmdRsp, data: {'opcode': 0, 'status': 132, 'data': bytearray(b'')}}
2019-07-08 15:54:22,777 - ERROR - tty.usbmodem0006822145041: None: ERROR_INVALID_LENGTH
2019-07-08 15:54:22,777 - DEBUG - tty.usbmodem0006822145041: Writing: 151 bytearray(b'\x01\x00\x00\x00*\xa2\xa6\xde\xd5\xa0y\x8c\xea\xb5x|\xa3\xae9\xfc')
2019-07-08 15:54:22,777 - DEBUG - tty.usbmodem0006822145041: TX: 1597010000002aa2a6ded5a0798ceab5787ca3ae39fc
2019-07-08 15:54:22,777 - DEBUG - tty.usbmodem0006822145041: RX: 03840084
2019-07-08 15:54:22,777 - DEBUG - tty.usbmodem0006822145041: parsed_packet {event: CmdRsp, data: {'opcode': 0, 'status': 132, 'data': bytearray(b'')}}
2019-07-08 15:54:22,778 - ERROR - tty.usbmodem0006822145041: None: ERROR_INVALID_LENGTH
2019-07-08 15:54:22,778 - DEBUG - tty.usbmodem0006822145041: Writing: 164 bytearray(b'\x10\x00')
2019-07-08 15:54:22,778 - DEBUG - tty.usbmodem0006822145041: TX: 03a41000
2019-07-08 15:54:22,778 - DEBUG - tty.usbmodem0006822145041: RX: 03840084
2019-07-08 15:54:22,778 - DEBUG - tty.usbmodem0006822145041: parsed_packet {event: CmdRsp, data: {'opcode': 0, 'status': 132, 'data': bytearray(b'')}}
2019-07-08 15:54:22,779 - ERROR - tty.usbmodem0006822145041: None: ERROR_INVALID_LENGTH
2019-07-08 15:54:22,779 - DEBUG - tty.usbmodem0006822145041: RX: 03840084
2019-07-08 15:54:22,779 - DEBUG - tty.usbmodem0006822145041: parsed_packet {event: CmdRsp, data: {'opcode': 0, 'status': 132, 'data': bytearray(b'')}}
2019-07-08 15:54:22,779 - ERROR - tty.usbmodem0006822145041: None: ERROR_INVALID_LENGTH
2019-07-08 15:54:22,779 - DEBUG - tty.usbmodem0006822145041: RX: 03840084
2019-07-08 15:54:22,779 - DEBUG - tty.usbmodem0006822145041: parsed_packet {event: CmdRsp, data: {'opcode': 0, 'status': 132, 'data': bytearray(b'')}}
2019-07-08 15:54:22,779 - ERROR - tty.usbmodem0006822145041: None: ERROR_INVALID_LENGTH
2019-07-08 15:54:22,780 - DEBUG - tty.usbmodem0006822145041: RX: 03840084
2019-07-08 15:54:22,780 - DEBUG - tty.usbmodem0006822145041: parsed_packet {event: CmdRsp, data: {'opcode': 0, 'status': 132, 'data': bytearray(b'')}}
2019-07-08 15:54:22,780 - ERROR - tty.usbmodem0006822145041: None: ERROR_INVALID_LENGTH
2019-07-08 15:54:22,780 - DEBUG - tty.usbmodem0006822145041: RX: 03840084
2019-07-08 15:54:22,780 - DEBUG - tty.usbmodem0006822145041: parsed_packet {event: CmdRsp, data: {'opcode': 0, 'status': 132, 'data': bytearray(b'')}}
2019-07-08 15:54:22,780 - ERROR - tty.usbmodem0006822145041: None: ERROR_INVALID_LENGTH
2019-07-08 15:54:22,781 - DEBUG - tty.usbmodem0006822145041: RX: 03840084
2019-07-08 15:54:22,781 - DEBUG - tty.usbmodem0006822145041: parsed_packet {event: CmdRsp, data: {'opcode': 0, 'status': 132, 'data': bytearray(b'')}}
2019-07-08 15:54:22,781 - ERROR - tty.usbmodem0006822145041: None: ERROR_INVALID_LENGTH
2019-07-08 15:54:22,781 - DEBUG - tty.usbmodem0006822145041: RX: 03840084
2019-07-08 15:54:22,781 - DEBUG - tty.usbmodem0006822145041: parsed_packet {event: CmdRsp, data: {'opcode': 0, 'status': 132, 'data': bytearray(b'')}}
2019-07-08 15:54:22,781 - ERROR - tty.usbmodem0006822145041: None: ERROR_INVALID_LENGTH
2019-07-08 15:54:22,781 - DEBUG - tty.usbmodem0006822145041: RX: 03840084
2019-07-08 15:54:22,781 - DEBUG - tty.usbmodem0006822145041: parsed_packet {event: CmdRsp, data: {'opcode': 0, 'status': 132, 'data': bytearray(b'')}}
2019-07-08 15:54:22,781 - ERROR - tty.usbmodem0006822145041: None: ERROR_INVALID_LENGTH
2019-07-08 15:54:22,782 - DEBUG - tty.usbmodem0006822145041: RX: 03849f8e
2019-07-08 15:54:22,782 - DEBUG - tty.usbmodem0006822145041: parsed_packet {event: CmdRsp, data: {'opcode': 159, 'status': 142, 'data': bytearray(b'')}}
2019-07-08 15:54:22,782 - ERROR - tty.usbmodem0006822145041: None: ERROR_REJECTED
2019-07-08 15:54:22,782 - DEBUG - tty.usbmodem0006822145041: RX: 03849281
2019-07-08 15:54:22,782 - DEBUG - tty.usbmodem0006822145041: parsed_packet {event: CmdRsp, data: {'opcode': 146, 'status': 129, 'data': bytearray(b'')}}
2019-07-08 15:54:22,782 - ERROR - tty.usbmodem0006822145041: SubnetAdd: ERROR_INTERNAL
2019-07-08 15:54:22,783 - DEBUG - tty.usbmodem0006822145041: RX: 03849781
2019-07-08 15:54:22,783 - DEBUG - tty.usbmodem0006822145041: parsed_packet {event: CmdRsp, data: {'opcode': 151, 'status': 129, 'data': bytearray(b'')}}
2019-07-08 15:54:22,783 - ERROR - tty.usbmodem0006822145041: AppkeyAdd: ERROR_INTERNAL
2019-07-08 15:54:22,783 - DEBUG - tty.usbmodem0006822145041: RX: 03849781
2019-07-08 15:54:22,783 - DEBUG - tty.usbmodem0006822145041: parsed_packet {event: CmdRsp, data: {'opcode': 151, 'status': 129, 'data': bytearray(b'')}}
2019-07-08 15:54:22,783 - ERROR - tty.usbmodem0006822145041: AppkeyAdd: ERROR_INTERNAL
2019-07-08 15:54:22,783 - DEBUG - tty.usbmodem0006822145041: RX: 0584a4000000
2019-07-08 15:54:22,783 - DEBUG - tty.usbmodem0006822145041: parsed_packet {event: CmdRsp, data: {'opcode': 164, 'status': 0, 'data': bytearray(b'\x00\x00')}}
2019-07-08 15:54:22,783 - INFO - tty.usbmodem0006822145041: AddrPublicationAdd: {'address_handle': 0}
2019-07-08 15:54:22,784 - ERROR - tty.usbmodem0006822145041: Error storing address handle: pop from empty list
2019-07-08 15:54:23,761 - DEBUG - tty.usbmodem0006822145041: Writing: 161 bytearray(b'\x01\xc0')
2019-07-08 15:54:23,764 - DEBUG - tty.usbmodem0006822145041: TX: 03a101c0
2019-07-08 15:54:23,766 - DEBUG - tty.usbmodem0006822145041: RX: 0584a1000100
2019-07-08 15:54:23,766 - DEBUG - tty.usbmodem0006822145041: parsed_packet {event: CmdRsp, data: {'opcode': 161, 'status': 0, 'data': bytearray(b'\x01\x00')}}
2019-07-08 15:54:23,767 - INFO - tty.usbmodem0006822145041: AddrSubscriptionAdd: {'address_handle': 1}
2019-07-08 15:54:23,767 - ERROR - tty.usbmodem0006822145041: Error storing address handle: pop from empty list
2019-07-08 15:54:32,994 - DEBUG - tty.usbmodem0006822145041: exited read event
2019-07-08 15:54:57,113 - DEBUG - tty.usbmodem0006822145041: Writing: 105 bytearray(b'1\xed\x7fT\xb3\xe3\x7f\x81\xc7\xf7*\x00\xd5#g\\c!\xfdLL\\h\xdc\xd3\x1e\x8b|\x9e.\xa3\xae\xa9\xda\x18\x8f\xc4`\xee!<\x02\xb0\xe7\xec\xb6\x98\xa54]\xadxc\xa4\x10.F\xf9RR9\xbcM\x9ap;\xe2-\xe1\xb4\xea^P\x86S\xc8@\xa3k\xda4\xbc\xe97\xd9\xf5*\xa7fI\xda\xad\xae\x92-N')
2019-07-08 15:54:57,113 - DEBUG - tty.usbmodem0006822145041: TX: 616931ed7f54b3e37f81c7f72a00d523675c6321fd4c4c5c68dcd31e8b7c9e2ea3aea9da188fc460ee213c02b0e7ecb698a5345dad7863a4102e46f9525239bc4d9a703be22de1b4ea5e508653c840a36bda34bce937d9f52aa76649daadae922d4e
2019-07-08 15:54:57,123 - DEBUG - tty.usbmodem0006822145041: RX: 03845384
2019-07-08 15:54:57,123 - DEBUG - tty.usbmodem0006822145041: parsed_packet {event: CmdRsp, data: {'opcode': 83, 'status': 132, 'data': bytearray(b'')}}
2019-07-08 15:54:57,123 - ERROR - tty.usbmodem0006822145041: None: ERROR_INVALID_LENGTH
2019-07-08 15:54:57,124 - DEBUG - tty.usbmodem0006822145041: Writing: 159 bytearray(b'\x01\x00\x01\x00')
2019-07-08 15:54:57,124 - DEBUG - tty.usbmodem0006822145041: TX: 059f01000100
2019-07-08 15:54:57,124 - DEBUG - tty.usbmodem0006822145041: RX: 03840084
2019-07-08 15:54:57,125 - DEBUG - tty.usbmodem0006822145041: parsed_packet {event: CmdRsp, data: {'opcode': 0, 'status': 132, 'data': bytearray(b'')}}
2019-07-08 15:54:57,125 - ERROR - tty.usbmodem0006822145041: None: ERROR_INVALID_LENGTH
2019-07-08 15:54:57,125 - DEBUG - tty.usbmodem0006822145041: Writing: 146 bytearray(b'\x00\x00\x18\xee\xd9\xc2\xa5j\xdd\x85\x04\x9f\xfc<Y\xad\x0e\x12')
2019-07-08 15:54:57,126 - DEBUG - tty.usbmodem0006822145041: RX: 03840084
2019-07-08 15:54:57,126 - DEBUG - tty.usbmodem0006822145041: TX: 1392000018eed9c2a56add85049ffc3c59ad0e12
2019-07-08 15:54:57,126 - DEBUG - tty.usbmodem0006822145041: parsed_packet {event: CmdRsp, data: {'opcode': 0, 'status': 132, 'data': bytearray(b'')}}
2019-07-08 15:54:57,126 - ERROR - tty.usbmodem0006822145041: None: ERROR_INVALID_LENGTH
2019-07-08 15:54:57,126 - DEBUG - tty.usbmodem0006822145041: Writing: 151 bytearray(b'\x00\x00\x00\x00Oh\xad\x85\xd9\xf4\x8a\xc8X\x9d\xf6e\xb6\xb4\x9b\x8a')
2019-07-08 15:54:57,127 - DEBUG - tty.usbmodem0006822145041: TX: 1597000000004f68ad85d9f48ac8589df665b6b49b8a
2019-07-08 15:54:57,127 - DEBUG - tty.usbmodem0006822145041: RX: 03840084
2019-07-08 15:54:57,127 - DEBUG - tty.usbmodem0006822145041: parsed_packet {event: CmdRsp, data: {'opcode': 0, 'status': 132, 'data': bytearray(b'')}}
2019-07-08 15:54:57,127 - ERROR - tty.usbmodem0006822145041: None: ERROR_INVALID_LENGTH
2019-07-08 15:54:57,128 - DEBUG - tty.usbmodem0006822145041: Writing: 151 bytearray(b'\x01\x00\x00\x00*\xa2\xa6\xde\xd5\xa0y\x8c\xea\xb5x|\xa3\xae9\xfc')
2019-07-08 15:54:57,128 - DEBUG - tty.usbmodem0006822145041: TX: 1597010000002aa2a6ded5a0798ceab5787ca3ae39fc
2019-07-08 15:54:57,128 - DEBUG - tty.usbmodem0006822145041: RX: 03840084
2019-07-08 15:54:57,128 - DEBUG - tty.usbmodem0006822145041: parsed_packet {event: CmdRsp, data: {'opcode': 0, 'status': 132, 'data': bytearray(b'')}}
2019-07-08 15:54:57,128 - ERROR - tty.usbmodem0006822145041: None: ERROR_INVALID_LENGTH
2019-07-08 15:54:57,128 - DEBUG - tty.usbmodem0006822145041: Writing: 164 bytearray(b'\x10\x00')
2019-07-08 15:54:57,129 - DEBUG - tty.usbmodem0006822145041: TX: 03a41000
2019-07-08 15:54:57,129 - DEBUG - tty.usbmodem0006822145041: RX: 03840084
2019-07-08 15:54:57,129 - DEBUG - tty.usbmodem0006822145041: parsed_packet {event: CmdRsp, data: {'opcode': 0, 'status': 132, 'data': bytearray(b'')}}
2019-07-08 15:54:57,129 - ERROR - tty.usbmodem0006822145041: None: ERROR_INVALID_LENGTH
2019-07-08 15:54:57,130 - DEBUG - tty.usbmodem0006822145041: RX: 03840084
2019-07-08 15:54:57,130 - DEBUG - tty.usbmodem0006822145041: parsed_packet {event: CmdRsp, data: {'opcode': 0, 'status': 132, 'data': bytearray(b'')}}
2019-07-08 15:54:57,130 - ERROR - tty.usbmodem0006822145041: None: ERROR_INVALID_LENGTH
2019-07-08 15:54:57,130 - DEBUG - tty.usbmodem0006822145041: RX: 03840084
2019-07-08 15:54:57,139 - DEBUG - tty.usbmodem0006822145041: parsed_packet {event: CmdRsp, data: {'opcode': 0, 'status': 132, 'data': bytearray(b'')}}
2019-07-08 15:54:57,140 - ERROR - tty.usbmodem0006822145041: None: ERROR_INVALID_LENGTH
2019-07-08 15:54:57,140 - DEBUG - tty.usbmodem0006822145041: RX: 03840084
2019-07-08 15:54:57,140 - DEBUG - tty.usbmodem0006822145041: parsed_packet {event: CmdRsp, data: {'opcode': 0, 'status': 132, 'data': bytearray(b'')}}
2019-07-08 15:54:57,141 - ERROR - tty.usbmodem0006822145041: None: ERROR_INVALID_LENGTH
2019-07-08 15:54:57,141 - DEBUG - tty.usbmodem0006822145041: RX: 03840084
2019-07-08 15:54:57,141 - DEBUG - tty.usbmodem0006822145041: parsed_packet {event: CmdRsp, data: {'opcode': 0, 'status': 132, 'data': bytearray(b'')}}
2019-07-08 15:54:57,141 - ERROR - tty.usbmodem0006822145041: None: ERROR_INVALID_LENGTH
2019-07-08 15:54:57,143 - DEBUG - tty.usbmodem0006822145041: RX: 03840084
2019-07-08 15:54:57,143 - DEBUG - tty.usbmodem0006822145041: parsed_packet {event: CmdRsp, data: {'opcode': 0, 'status': 132, 'data': bytearray(b'')}}
2019-07-08 15:54:57,143 - ERROR - tty.usbmodem0006822145041: None: ERROR_INVALID_LENGTH
2019-07-08 15:54:57,143 - DEBUG - tty.usbmodem0006822145041: RX: 03840084
2019-07-08 15:54:57,143 - DEBUG - tty.usbmodem0006822145041: parsed_packet {event: CmdRsp, data: {'opcode': 0, 'status': 132, 'data': bytearray(b'')}}
2019-07-08 15:54:57,143 - ERROR - tty.usbmodem0006822145041: None: ERROR_INVALID_LENGTH
2019-07-08 15:54:57,144 - DEBUG - tty.usbmodem0006822145041: RX: 03840084
2019-07-08 15:54:57,144 - DEBUG - tty.usbmodem0006822145041: parsed_packet {event: CmdRsp, data: {'opcode': 0, 'status': 132, 'data': bytearray(b'')}}
2019-07-08 15:54:57,144 - ERROR - tty.usbmodem0006822145041: None: ERROR_INVALID_LENGTH
2019-07-08 15:54:57,144 - DEBUG - tty.usbmodem0006822145041: RX: 03849f00
2019-07-08 15:54:57,144 - DEBUG - tty.usbmodem0006822145041: parsed_packet {event: CmdRsp, data: {'opcode': 159, 'status': 0, 'data': bytearray(b'')}}
2019-07-08 15:54:57,145 - INFO - tty.usbmodem0006822145041: Success
2019-07-08 15:54:57,145 - DEBUG - tty.usbmodem0006822145041: RX: 058492000000
2019-07-08 15:54:57,146 - DEBUG - tty.usbmodem0006822145041: parsed_packet {event: CmdRsp, data: {'opcode': 146, 'status': 0, 'data': bytearray(b'\x00\x00')}}
2019-07-08 15:54:57,146 - INFO - tty.usbmodem0006822145041: SubnetAdd: {'subnet_handle': 0}
2019-07-08 15:54:57,148 - DEBUG - tty.usbmodem0006822145041: RX: 058497000000
2019-07-08 15:54:57,148 - DEBUG - tty.usbmodem0006822145041: parsed_packet {event: CmdRsp, data: {'opcode': 151, 'status': 0, 'data': bytearray(b'\x00\x00')}}
2019-07-08 15:54:57,148 - INFO - tty.usbmodem0006822145041: AppkeyAdd: {'appkey_handle': 0}
2019-07-08 15:54:57,148 - DEBUG - tty.usbmodem0006822145041: RX: 058497000100
2019-07-08 15:54:57,148 - DEBUG - tty.usbmodem0006822145041: parsed_packet {event: CmdRsp, data: {'opcode': 151, 'status': 0, 'data': bytearray(b'\x01\x00')}}
2019-07-08 15:54:57,149 - INFO - tty.usbmodem0006822145041: AppkeyAdd: {'appkey_handle': 1}
2019-07-08 15:54:57,156 - DEBUG - tty.usbmodem0006822145041: RX: 0584a4000000
2019-07-08 15:54:57,157 - DEBUG - tty.usbmodem0006822145041: parsed_packet {event: CmdRsp, data: {'opcode': 164, 'status': 0, 'data': bytearray(b'\x00\x00')}}
2019-07-08 15:54:57,157 - INFO - tty.usbmodem0006822145041: AddrPublicationAdd: {'address_handle': 0}
2019-07-08 15:54:57,157 - ERROR - tty.usbmodem0006822145041: Error storing address handle: pop from empty list
2019-07-08 15:54:58,116 - DEBUG - tty.usbmodem0006822145041: Writing: 161 bytearray(b'\x01\xc0')
2019-07-08 15:54:58,117 - DEBUG - tty.usbmodem0006822145041: TX: 03a101c0
2019-07-08 15:54:58,119 - DEBUG - tty.usbmodem0006822145041: RX: 0584a1000100
2019-07-08 15:54:58,119 - DEBUG - tty.usbmodem0006822145041: parsed_packet {event: CmdRsp, data: {'opcode': 161, 'status': 0, 'data': bytearray(b'\x01\x00')}}
2019-07-08 15:54:58,119 - INFO - tty.usbmodem0006822145041: AddrSubscriptionAdd: {'address_handle': 1}
2019-07-08 15:54:58,120 - ERROR - tty.usbmodem0006822145041: Error storing address handle: pop from empty list
2019-07-08 15:55:01,890 - DEBUG - tty.usbmodem0006822145041: Writing: 97 bytearray(b'')
2019-07-08 15:55:01,891 - DEBUG - tty.usbmodem0006822145041: TX: 0161
2019-07-08 15:55:01,897 - DEBUG - tty.usbmodem0006822145041: RX: 03846100
2019-07-08 15:55:01,897 - DEBUG - tty.usbmodem0006822145041: parsed_packet {event: CmdRsp, data: {'opcode': 97, 'status': 0, 'data': bytearray(b'')}}
2019-07-08 15:55:01,897 - INFO - tty.usbmodem0006822145041: Success
2019-07-08 15:55:03,080 - DEBUG - tty.usbmodem0006822145041: RX: 1ac09db77a0526b8734988639509c242d107c90001c8639509c2c2
2019-07-08 15:55:03,081 - DEBUG - tty.usbmodem0006822145041: parsed_packet {event: ProvUnprovisionedReceived, data: {'uuid': bytearray(b'\x9d\xb7z\x05&\xb8sI\x88c\x95\t\xc2B\xd1\x07'), 'rssi': -55, 'gatt_supported': 0, 'adv_addr_type': 1, 'adv_addr': bytearray(b'\xc8c\x95\t\xc2\xc2')}}
2019-07-08 15:55:03,082 - INFO - tty.usbmodem0006822145041: {event: ProvUnprovisionedReceived, data: {'uuid': bytearray(b'\x9d\xb7z\x05&\xb8sI\x88c\x95\t\xc2B\xd1\x07'), 'rssi': -55, 'gatt_supported': 0, 'adv_addr_type': 1, 'adv_addr': bytearray(b'\xc8c\x95\t\xc2\xc2')}}
2019-07-08 15:55:03,083 - INFO - tty.usbmodem0006822145041: Received UUID 9db77a0526b8734988639509c242d107 with RSSI: -55 dB
2019-07-08 15:55:05,075 - DEBUG - tty.usbmodem0006822145041: RX: 1ac09db77a0526b8734988639509c242d107cc0001c8639509c2c2
2019-07-08 15:55:05,075 - DEBUG - tty.usbmodem0006822145041: parsed_packet {event: ProvUnprovisionedReceived, data: {'uuid': bytearray(b'\x9d\xb7z\x05&\xb8sI\x88c\x95\t\xc2B\xd1\x07'), 'rssi': -52, 'gatt_supported': 0, 'adv_addr_type': 1, 'adv_addr': bytearray(b'\xc8c\x95\t\xc2\xc2')}}
2019-07-08 15:55:05,075 - INFO - tty.usbmodem0006822145041: {event: ProvUnprovisionedReceived, data: {'uuid': bytearray(b'\x9d\xb7z\x05&\xb8sI\x88c\x95\t\xc2B\xd1\x07'), 'rssi': -52, 'gatt_supported': 0, 'adv_addr_type': 1, 'adv_addr': bytearray(b'\xc8c\x95\t\xc2\xc2')}}
2019-07-08 15:55:05,970 - DEBUG - tty.usbmodem0006822145041: Writing: 98 bytearray(b'')
2019-07-08 15:55:05,975 - DEBUG - tty.usbmodem0006822145041: TX: 0162
2019-07-08 15:55:05,976 - DEBUG - tty.usbmodem0006822145041: Writing: 99 bytearray(b'\x00\x9d\xb7z\x05&\xb8sI\x88c\x95\t\xc2B\xd1\x07\x18\xee\xd9\xc2\xa5j\xdd\x85\x04\x9f\xfc<Y\xad\x0e\x12\x00\x00\x00\x00\x00\x00\x11\x00\x00\x00\x00')
2019-07-08 15:55:05,976 - DEBUG - tty.usbmodem0006822145041: TX: 2d63009db77a0526b8734988639509c242d10718eed9c2a56add85049ffc3c59ad0e120000000000001100000000
2019-07-08 15:55:05,977 - DEBUG - tty.usbmodem0006822145041: RX: 03846200
2019-07-08 15:55:05,977 - DEBUG - tty.usbmodem0006822145041: parsed_packet {event: CmdRsp, data: {'opcode': 98, 'status': 0, 'data': bytearray(b'')}}
2019-07-08 15:55:05,980 - INFO - tty.usbmodem0006822145041: Success
2019-07-08 15:55:05,984 - DEBUG - tty.usbmodem0006822145041: RX: 0484630000
2019-07-08 15:55:05,987 - DEBUG - tty.usbmodem0006822145041: parsed_packet {event: CmdRsp, data: {'opcode': 99, 'status': 0, 'data': bytearray(b'\x00')}}
2019-07-08 15:55:05,987 - INFO - tty.usbmodem0006822145041: Provision: {'context': 0}
2019-07-08 15:55:05,993 - DEBUG - tty.usbmodem0006822145041: RX: 02c100
2019-07-08 15:55:05,993 - DEBUG - tty.usbmodem0006822145041: parsed_packet {event: ProvLinkEstablished, data: {'context_id': 0}}
2019-07-08 15:55:05,993 - INFO - tty.usbmodem0006822145041: {event: ProvLinkEstablished, data: {'context_id': 0}}
2019-07-08 15:55:05,993 - INFO - tty.usbmodem0006822145041: Link established
2019-07-08 15:55:06,037 - DEBUG - tty.usbmodem0006822145041: RX: 0bc300010001000000000000
2019-07-08 15:55:06,037 - DEBUG - tty.usbmodem0006822145041: parsed_packet {event: ProvCapsReceived, data: {'context_id': 0, 'num_elements': 1, 'public_key_type': 0, 'static_oob_types': 1, 'output_oob_size': 0, 'output_oob_actions': 0, 'input_oob_size': 0, 'input_oob_actions': 0}}
2019-07-08 15:55:06,037 - INFO - tty.usbmodem0006822145041: {event: ProvCapsReceived, data: {'context_id': 0, 'num_elements': 1, 'public_key_type': 0, 'static_oob_types': 1, 'output_oob_size': 0, 'output_oob_actions': 0, 'input_oob_size': 0, 'input_oob_actions': 0}}
2019-07-08 15:55:06,038 - INFO - tty.usbmodem0006822145041: Received capabilities
2019-07-08 15:55:06,038 - INFO - tty.usbmodem0006822145041: Number of elements: 1
2019-07-08 15:55:06,038 - DEBUG - tty.usbmodem0006822145041: Writing: 102 bytearray(b'\x00\x00\x00\x00')
2019-07-08 15:55:06,038 - DEBUG - tty.usbmodem0006822145041: TX: 056600000000
2019-07-08 15:55:06,040 - DEBUG - tty.usbmodem0006822145041: RX: 0484660000
2019-07-08 15:55:06,040 - DEBUG - tty.usbmodem0006822145041: parsed_packet {event: CmdRsp, data: {'opcode': 102, 'status': 0, 'data': bytearray(b'\x00')}}
2019-07-08 15:55:06,040 - INFO - tty.usbmodem0006822145041: OobUse: {'context': 0}
2019-07-08 15:55:06,219 - DEBUG - tty.usbmodem0006822145041: RX: 62c700ebf0b539a4916fa1cacb3914f58e5d9c4139082cbb04c10dee5d63692c856749e59062318402cd462ee5c52326008dee04c791ea9fff0bed7634965f350ba51bc55dd2bc4e3904e16ee3acc906024fbeafbaa361baf499c88b35776570c4cbc9
2019-07-08 15:55:06,219 - DEBUG - tty.usbmodem0006822145041: parsed_packet {event: ProvEcdhRequest, data: {'context_id': 0, 'peer_public': bytearray(b'\xeb\xf0\xb59\xa4\x91o\xa1\xca\xcb9\x14\xf5\x8e]\x9cA9\x08,\xbb\x04\xc1\r\xee]ci,\x85gI\xe5\x90b1\x84\x02\xcdF.\xe5\xc5#&\x00\x8d\xee\x04\xc7\x91\xea\x9f\xff\x0b\xedv4\x96_5\x0b\xa5\x1b'), 'node_private': bytearray(b'\xc5]\xd2\xbcN9\x04\xe1n\xe3\xac\xc9\x06\x02O\xbe\xaf\xba\xa3a\xba\xf4\x99\xc8\x8b5wep\xc4\xcb\xc9')}}
2019-07-08 15:55:06,219 - INFO - tty.usbmodem0006822145041: {event: ProvEcdhRequest, data: {'context_id': 0, 'peer_public': bytearray(b'\xeb\xf0\xb59\xa4\x91o\xa1\xca\xcb9\x14\xf5\x8e]\x9cA9\x08,\xbb\x04\xc1\r\xee]ci,\x85gI\xe5\x90b1\x84\x02\xcdF.\xe5\xc5#&\x00\x8d\xee\x04\xc7\x91\xea\x9f\xff\x0b\xedv4\x96_5\x0b\xa5\x1b'), 'node_private': bytearray(b'\xc5]\xd2\xbcN9\x04\xe1n\xe3\xac\xc9\x06\x02O\xbe\xaf\xba\xa3a\xba\xf4\x99\xc8\x8b5wep\xc4\xcb\xc9')}}
2019-07-08 15:55:06,220 - INFO - tty.usbmodem0006822145041: ECDH request received
2019-07-08 15:55:06,220 - DEBUG - tty.usbmodem0006822145041: Writing: 104 bytearray(b'\x00\xee\xa7Q\x96N\x03\x82\x19\x81\xc0\x88\x82{\xffJ\xba&\x03V\xc2&\xd2\xc2w\xcb\xf2\x16r\xdc\xa4\x90\xe1')
2019-07-08 15:55:06,221 - DEBUG - tty.usbmodem0006822145041: TX: 226800eea751964e03821981c088827bff4aba260356c226d2c277cbf21672dca490e1
2019-07-08 15:55:06,226 - DEBUG - tty.usbmodem0006822145041: RX: 0484680000
2019-07-08 15:55:06,226 - DEBUG - tty.usbmodem0006822145041: parsed_packet {event: CmdRsp, data: {'opcode': 104, 'status': 0, 'data': bytearray(b'\x00')}}
2019-07-08 15:55:06,226 - INFO - tty.usbmodem0006822145041: EcdhSecret: {'context': 0}
2019-07-08 15:55:08,576 - DEBUG - tty.usbmodem0006822145041: RX: 2cc500000000000000110000005fa26f49dab0ef4538a0ff88c078582d18eed9c2a56add85049ffc3c59ad0e12
2019-07-08 15:55:08,577 - DEBUG - tty.usbmodem0006822145041: parsed_packet {event: ProvComplete, data: {'context_id': 0, 'iv_index': 0, 'net_key_index': 0, 'address': 17, 'iv_update_flag': 0, 'key_refresh_flag': 0, 'device_key': bytearray(b'_\xa2oI\xda\xb0\xefE8\xa0\xff\x88\xc0xX-'), 'net_key': bytearray(b'\x18\xee\xd9\xc2\xa5j\xdd\x85\x04\x9f\xfc<Y\xad\x0e\x12')}}
2019-07-08 15:55:08,577 - INFO - tty.usbmodem0006822145041: {event: ProvComplete, data: {'context_id': 0, 'iv_index': 0, 'net_key_index': 0, 'address': 17, 'iv_update_flag': 0, 'key_refresh_flag': 0, 'device_key': bytearray(b'_\xa2oI\xda\xb0\xefE8\xa0\xff\x88\xc0xX-'), 'net_key': bytearray(b'\x18\xee\xd9\xc2\xa5j\xdd\x85\x04\x9f\xfc<Y\xad\x0e\x12')}}
2019-07-08 15:55:14,579 - INFO - tty.usbmodem0006822145041: Provisioning complete
2019-07-08 15:55:14,580 - INFO - tty.usbmodem0006822145041: 	Address(es): 0x11-0x11
2019-07-08 15:55:14,580 - INFO - tty.usbmodem0006822145041: 	Device key: 5fa26f49dab0ef4538a0ff88c078582d
2019-07-08 15:55:14,580 - INFO - tty.usbmodem0006822145041: 	Network key: 18eed9c2a56add85049ffc3c59ad0e12
2019-07-08 15:55:14,581 - INFO - tty.usbmodem0006822145041: Adding device key to subnet 0
2019-07-08 15:55:14,581 - INFO - tty.usbmodem0006822145041: Adding publication address of root element
2019-07-08 15:55:14,582 - DEBUG - tty.usbmodem0006822145041: Writing: 156 bytearray(b'\x11\x00\x00\x00_\xa2oI\xda\xb0\xefE8\xa0\xff\x88\xc0xX-')
2019-07-08 15:55:14,582 - DEBUG - tty.usbmodem0006822145041: TX: 159c110000005fa26f49dab0ef4538a0ff88c078582d
2019-07-08 15:55:14,585 - DEBUG - tty.usbmodem0006822145041: Writing: 164 bytearray(b'\x11\x00')
2019-07-08 15:55:14,585 - DEBUG - tty.usbmodem0006822145041: TX: 03a41100
2019-07-08 15:55:14,585 - DEBUG - tty.usbmodem0006822145041: RX: 03c20000
2019-07-08 15:55:14,590 - DEBUG - tty.usbmodem0006822145041: parsed_packet {event: ProvLinkClosed, data: {'context_id': 0, 'close_reason': 0}}
2019-07-08 15:55:14,595 - INFO - tty.usbmodem0006822145041: {event: ProvLinkClosed, data: {'context_id': 0, 'close_reason': 0}}
2019-07-08 15:55:14,595 - INFO - tty.usbmodem0006822145041: Provisioning link closed
2019-07-08 15:55:14,596 - DEBUG - tty.usbmodem0006822145041: RX: 05849c000800
2019-07-08 15:55:14,597 - DEBUG - tty.usbmodem0006822145041: parsed_packet {event: CmdRsp, data: {'opcode': 156, 'status': 0, 'data': bytearray(b'\x08\x00')}}
2019-07-08 15:55:14,598 - INFO - tty.usbmodem0006822145041: DevkeyAdd: {'devkey_handle': 8}
2019-07-08 15:55:14,600 - DEBUG - tty.usbmodem0006822145041: RX: 0584a4000200
2019-07-08 15:55:14,604 - DEBUG - tty.usbmodem0006822145041: parsed_packet {event: CmdRsp, data: {'opcode': 164, 'status': 0, 'data': bytearray(b'\x02\x00')}}
2019-07-08 15:55:14,606 - INFO - tty.usbmodem0006822145041: AddrPublicationAdd: {'address_handle': 2}
2019-07-08 15:55:14,606 - ERROR - tty.usbmodem0006822145041: Error storing address handle: pop from empty list
2019-07-08 15:55:32,587 - DEBUG - tty.usbmodem0006822145041.ConfigurationClient: Sending opcode: 8008, data: 00
2019-07-08 15:55:32,588 - DEBUG - tty.usbmodem0006822145041.ConfigurationClient: Sending opcode: 00, data: 0000004f68ad85d9f48ac8589df665b6b49b8a
2019-07-08 15:55:32,588 - DEBUG - tty.usbmodem0006822145041: Writing: 171 bytearray(b'\x08\x00\x01\x00\x00\x00\x08\x00\x00\x00\x80\x08\x00')
2019-07-08 15:55:32,588 - INFO - tty.usbmodem0006822145041: Adding address c001
2019-07-08 15:55:32,588 - DEBUG - tty.usbmodem0006822145041: TX: 0eab08000100000008000000800800
2019-07-08 15:55:32,589 - DEBUG - tty.usbmodem0006822145041: Writing: 171 bytearray(b'\x08\x00\x01\x00\x00\x00\x08\x00\x00\x00\x00\x00\x00\x00Oh\xad\x85\xd9\xf4\x8a\xc8X\x9d\xf6e\xb6\xb4\x9b\x8a')
2019-07-08 15:55:32,589 - DEBUG - tty.usbmodem0006822145041: TX: 1fab08000100000008000000000000004f68ad85d9f48ac8589df665b6b49b8a
2019-07-08 15:55:32,592 - DEBUG - tty.usbmodem0006822145041: RX: 0784ab0001000000
2019-07-08 15:55:32,595 - DEBUG - tty.usbmodem0006822145041: parsed_packet {event: CmdRsp, data: {'opcode': 171, 'status': 0, 'data': bytearray(b'\x01\x00\x00\x00')}}
2019-07-08 15:55:32,595 - INFO - tty.usbmodem0006822145041: PacketSend: {'token': 1}
2019-07-08 15:55:32,596 - DEBUG - tty.usbmodem0006822145041: Writing: 161 bytearray(b'\x01\xc0')
2019-07-08 15:55:32,596 - DEBUG - tty.usbmodem0006822145041: TX: 03a101c0
2019-07-08 15:55:32,596 - DEBUG - tty.usbmodem0006822145041: RX: 0784ab0002000000
2019-07-08 15:55:32,597 - DEBUG - tty.usbmodem0006822145041: parsed_packet {event: CmdRsp, data: {'opcode': 171, 'status': 0, 'data': bytearray(b'\x02\x00\x00\x00')}}
2019-07-08 15:55:32,597 - INFO - tty.usbmodem0006822145041: PacketSend: {'token': 2}
2019-07-08 15:55:32,599 - DEBUG - tty.usbmodem0006822145041: RX: 0584a1000100
2019-07-08 15:55:32,599 - DEBUG - tty.usbmodem0006822145041: parsed_packet {event: CmdRsp, data: {'opcode': 161, 'status': 0, 'data': bytearray(b'\x01\x00')}}
2019-07-08 15:55:32,599 - INFO - tty.usbmodem0006822145041: AddrSubscriptionAdd: {'address_handle': 1}
2019-07-08 15:55:32,600 - INFO - tty.usbmodem0006822145041: Address handles: [{'address': 49153, 'address_handle': 1, 'opcode': 161}, {'address': 16, 'address_handle': 0, 'opcode': 164}, {'address': c001, 'address_handle': 1, 'opcode': 161}]
2019-07-08 15:55:32,607 - DEBUG - tty.usbmodem0006822145041: RX: 05d201000000
2019-07-08 15:55:32,608 - DEBUG - tty.usbmodem0006822145041: parsed_packet {event: MeshTxComplete, data: {'token': 1}}
2019-07-08 15:55:32,608 - INFO - tty.usbmodem0006822145041: {event: MeshTxComplete, data: {'token': 1}}
2019-07-08 15:55:39,067 - DEBUG - tty.usbmodem0006822145041.ConfigurationClient: Sending opcode: 8008, data: 00
2019-07-08 15:55:39,070 - DEBUG - tty.usbmodem0006822145041.ConfigurationClient: Sending opcode: 00, data: 0000004f68ad85d9f48ac8589df665b6b49b8a
2019-07-08 15:55:39,070 - DEBUG - tty.usbmodem0006822145041: Writing: 171 bytearray(b'\x08\x00\x01\x00\x00\x00\x08\x00\x00\x00\x80\x08\x00')
2019-07-08 15:55:39,070 - INFO - tty.usbmodem0006822145041: Adding address c001
2019-07-08 15:55:39,071 - DEBUG - tty.usbmodem0006822145041: TX: 0eab08000100000008000000800800
2019-07-08 15:55:39,071 - DEBUG - tty.usbmodem0006822145041: Writing: 171 bytearray(b'\x08\x00\x01\x00\x00\x00\x08\x00\x00\x00\x00\x00\x00\x00Oh\xad\x85\xd9\xf4\x8a\xc8X\x9d\xf6e\xb6\xb4\x9b\x8a')
2019-07-08 15:55:39,071 - DEBUG - tty.usbmodem0006822145041: TX: 1fab08000100000008000000000000004f68ad85d9f48ac8589df665b6b49b8a
2019-07-08 15:55:39,074 - DEBUG - tty.usbmodem0006822145041: RX: 0784ab0003000000
2019-07-08 15:55:39,076 - DEBUG - tty.usbmodem0006822145041: parsed_packet {event: CmdRsp, data: {'opcode': 171, 'status': 0, 'data': bytearray(b'\x03\x00\x00\x00')}}
2019-07-08 15:55:39,077 - INFO - tty.usbmodem0006822145041: PacketSend: {'token': 3}
2019-07-08 15:55:39,077 - DEBUG - tty.usbmodem0006822145041: Writing: 161 bytearray(b'\x01\xc0')
2019-07-08 15:55:39,078 - DEBUG - tty.usbmodem0006822145041: RX: 0784ab0004000000
2019-07-08 15:55:39,078 - DEBUG - tty.usbmodem0006822145041: TX: 03a101c0
2019-07-08 15:55:39,078 - DEBUG - tty.usbmodem0006822145041: parsed_packet {event: CmdRsp, data: {'opcode': 171, 'status': 0, 'data': bytearray(b'\x04\x00\x00\x00')}}
2019-07-08 15:55:39,079 - INFO - tty.usbmodem0006822145041: PacketSend: {'token': 4}
2019-07-08 15:55:39,081 - DEBUG - tty.usbmodem0006822145041: RX: 0584a1000100
2019-07-08 15:55:39,081 - DEBUG - tty.usbmodem0006822145041: parsed_packet {event: CmdRsp, data: {'opcode': 161, 'status': 0, 'data': bytearray(b'\x01\x00')}}
2019-07-08 15:55:39,081 - INFO - tty.usbmodem0006822145041: AddrSubscriptionAdd: {'address_handle': 1}
2019-07-08 15:55:39,081 - INFO - tty.usbmodem0006822145041: Address handles: [{'address': 49153, 'address_handle': 1, 'opcode': 161}, {'address': 16, 'address_handle': 0, 'opcode': 164}, {'address': c001, 'address_handle': 1, 'opcode': 161}, {'address': c001, 'address_handle': 1, 'opcode': 161}]
2019-07-08 15:55:39,089 - DEBUG - tty.usbmodem0006822145041: RX: 05d203000000
2019-07-08 15:55:39,089 - DEBUG - tty.usbmodem0006822145041: parsed_packet {event: MeshTxComplete, data: {'token': 3}}
2019-07-08 15:55:39,089 - INFO - tty.usbmodem0006822145041: {event: MeshTxComplete, data: {'token': 3}}
2019-07-08 15:55:44,819 - DEBUG - tty.usbmodem0006822145041: exited read event
