2019-08-09 21:09:48,648 - INFO - tty.usbmodem0006822145041.MeshConfigurer: 

2019-08-09 21:09:48,648 - DEBUG - tty.usbmodem0006822145041: Writing: 105 bytearray(b"\xd4Y\xfcI\x95\xfa\x14+r\x9c`>\xb8.\x8e\xbc\'\xc8pZ\x1d\xd0\x18(\xee\xf0Z\xf8\x82\xc4\xb2\x12[tR/\xdc\x12\x0b\xf4h\xeao1\x88{\xda\xf7\xa5\x91\x85\x81\x0cr\xf5f(|#\x99\xa5L$o\xbc\xbb\x0e\xbf\x1a\xdcS\xe8)\x0b\x8aQ\x8bbws\x9e\xb0\xad\xc3\x8bt\xd4<bI1=\x05\x92\x89\xd4")
2019-08-09 21:09:48,648 - INFO - tty.usbmodem0006822145041.MeshConfigurer: Sending next message
2019-08-09 21:09:48,648 - DEBUG - tty.usbmodem0006822145041: TX: 6169d459fc4995fa142b729c603eb82e8ebc27c8705a1dd01828eef05af882c4b2125b74522fdc120bf468ea6f31887bdaf7a59185810c72f566287c2399a54c246fbcbb0ebf1adc53e8290b8a518b6277739eb0adc38b74d43c6249313d059289d4
2019-08-09 21:09:48,649 - DEBUG - tty.usbmodem0006822145041.GenericOnOffClient: Sending opcode: 8201, data: 
2019-08-09 21:09:48,658 - DEBUG - tty.usbmodem0006822145041: RX: 03845384
2019-08-09 21:09:48,658 - DEBUG - tty.usbmodem0006822145041: parsed_packet {event: CmdRsp, data: {'opcode': 83, 'status': 132, 'data': bytearray(b'')}}
2019-08-09 21:09:48,659 - ERROR - tty.usbmodem0006822145041: None: ERROR_INVALID_LENGTH
2019-08-09 21:09:48,670 - DEBUG - tty.usbmodem0006822145041: RX: 03840084
2019-08-09 21:09:48,672 - DEBUG - tty.usbmodem0006822145041: parsed_packet {event: CmdRsp, data: {'opcode': 0, 'status': 132, 'data': bytearray(b'')}}
2019-08-09 21:09:48,672 - ERROR - tty.usbmodem0006822145041: None: ERROR_INVALID_LENGTH
2019-08-09 21:09:48,672 - DEBUG - tty.usbmodem0006822145041: RX: 03840084
2019-08-09 21:09:48,672 - DEBUG - tty.usbmodem0006822145041: parsed_packet {event: CmdRsp, data: {'opcode': 0, 'status': 132, 'data': bytearray(b'')}}
2019-08-09 21:09:48,673 - ERROR - tty.usbmodem0006822145041: None: ERROR_INVALID_LENGTH
2019-08-09 21:09:48,684 - DEBUG - tty.usbmodem0006822145041: Writing: 159 bytearray(b'\x01\x00\x01\x00')
2019-08-09 21:09:48,688 - DEBUG - tty.usbmodem0006822145041: TX: 059f01000100
2019-08-09 21:09:48,688 - DEBUG - tty.usbmodem0006822145041: RX: 03840084
2019-08-09 21:09:48,689 - DEBUG - tty.usbmodem0006822145041: parsed_packet {event: CmdRsp, data: {'opcode': 0, 'status': 132, 'data': bytearray(b'')}}
2019-08-09 21:09:48,689 - ERROR - tty.usbmodem0006822145041: None: ERROR_INVALID_LENGTH
2019-08-09 21:09:48,690 - DEBUG - tty.usbmodem0006822145041: RX: 03840084
2019-08-09 21:09:48,690 - DEBUG - tty.usbmodem0006822145041: parsed_packet {event: CmdRsp, data: {'opcode': 0, 'status': 132, 'data': bytearray(b'')}}
2019-08-09 21:09:48,691 - ERROR - tty.usbmodem0006822145041: None: ERROR_INVALID_LENGTH
2019-08-09 21:09:48,692 - DEBUG - tty.usbmodem0006822145041: RX: 03840084
2019-08-09 21:09:48,692 - DEBUG - tty.usbmodem0006822145041: parsed_packet {event: CmdRsp, data: {'opcode': 0, 'status': 132, 'data': bytearray(b'')}}
2019-08-09 21:09:48,693 - ERROR - tty.usbmodem0006822145041: None: ERROR_INVALID_LENGTH
2019-08-09 21:09:48,697 - DEBUG - tty.usbmodem0006822145041: RX: 03840084
2019-08-09 21:09:48,700 - DEBUG - tty.usbmodem0006822145041: parsed_packet {event: CmdRsp, data: {'opcode': 0, 'status': 132, 'data': bytearray(b'')}}
2019-08-09 21:09:48,700 - ERROR - tty.usbmodem0006822145041: None: ERROR_INVALID_LENGTH
2019-08-09 21:09:48,706 - DEBUG - tty.usbmodem0006822145041: RX: 03840084
2019-08-09 21:09:48,706 - DEBUG - tty.usbmodem0006822145041: parsed_packet {event: CmdRsp, data: {'opcode': 0, 'status': 132, 'data': bytearray(b'')}}
2019-08-09 21:09:48,707 - ERROR - tty.usbmodem0006822145041: None: ERROR_INVALID_LENGTH
2019-08-09 21:09:48,707 - DEBUG - tty.usbmodem0006822145041: RX: 03840084
2019-08-09 21:09:48,707 - DEBUG - tty.usbmodem0006822145041: parsed_packet {event: CmdRsp, data: {'opcode': 0, 'status': 132, 'data': bytearray(b'')}}
2019-08-09 21:09:48,707 - ERROR - tty.usbmodem0006822145041: None: ERROR_INVALID_LENGTH
2019-08-09 21:09:48,714 - DEBUG - tty.usbmodem0006822145041: Writing: 146 bytearray(b'\x00\x00\x18\xee\xd9\xc2\xa5j\xdd\x85\x04\x9f\xfc<Y\xad\x0e\x12')
2019-08-09 21:09:48,728 - DEBUG - tty.usbmodem0006822145041: TX: 1392000018eed9c2a56add85049ffc3c59ad0e12
2019-08-09 21:09:48,755 - DEBUG - tty.usbmodem0006822145041: RX: 03840084
2019-08-09 21:09:48,761 - DEBUG - tty.usbmodem0006822145041: parsed_packet {event: CmdRsp, data: {'opcode': 0, 'status': 132, 'data': bytearray(b'')}}
2019-08-09 21:09:48,767 - DEBUG - tty.usbmodem0006822145041: Writing: 151 bytearray(b'\x00\x00\x00\x00Oh\xad\x85\xd9\xf4\x8a\xc8X\x9d\xf6e\xb6\xb4\x9b\x8a')
2019-08-09 21:09:48,770 - ERROR - tty.usbmodem0006822145041: None: ERROR_INVALID_LENGTH
2019-08-09 21:09:48,770 - DEBUG - tty.usbmodem0006822145041: TX: 1597000000004f68ad85d9f48ac8589df665b6b49b8a
2019-08-09 21:09:48,770 - DEBUG - tty.usbmodem0006822145041: RX: 03840084
2019-08-09 21:09:48,771 - DEBUG - tty.usbmodem0006822145041: parsed_packet {event: CmdRsp, data: {'opcode': 0, 'status': 132, 'data': bytearray(b'')}}
2019-08-09 21:09:48,771 - ERROR - tty.usbmodem0006822145041: None: ERROR_INVALID_LENGTH
2019-08-09 21:09:48,777 - DEBUG - tty.usbmodem0006822145041: RX: 03840084
2019-08-09 21:09:48,777 - DEBUG - tty.usbmodem0006822145041: parsed_packet {event: CmdRsp, data: {'opcode': 0, 'status': 132, 'data': bytearray(b'')}}
2019-08-09 21:09:48,784 - ERROR - tty.usbmodem0006822145041: None: ERROR_INVALID_LENGTH
2019-08-09 21:09:48,784 - DEBUG - tty.usbmodem0006822145041: RX: 03840084
2019-08-09 21:09:48,785 - DEBUG - tty.usbmodem0006822145041: parsed_packet {event: CmdRsp, data: {'opcode': 0, 'status': 132, 'data': bytearray(b'')}}
2019-08-09 21:09:48,785 - ERROR - tty.usbmodem0006822145041: None: ERROR_INVALID_LENGTH
2019-08-09 21:09:48,787 - DEBUG - tty.usbmodem0006822145041: RX: 03849f8e
2019-08-09 21:09:48,787 - DEBUG - tty.usbmodem0006822145041: parsed_packet {event: CmdRsp, data: {'opcode': 159, 'status': 142, 'data': bytearray(b'')}}
2019-08-09 21:09:48,788 - ERROR - tty.usbmodem0006822145041: None: ERROR_REJECTED
2019-08-09 21:09:48,788 - DEBUG - tty.usbmodem0006822145041: RX: 03849281
2019-08-09 21:09:48,788 - DEBUG - tty.usbmodem0006822145041: parsed_packet {event: CmdRsp, data: {'opcode': 146, 'status': 129, 'data': bytearray(b'')}}
2019-08-09 21:09:48,788 - ERROR - tty.usbmodem0006822145041: SubnetAdd: ERROR_INTERNAL
2019-08-09 21:09:48,789 - DEBUG - tty.usbmodem0006822145041: RX: 03849781
2019-08-09 21:09:48,790 - DEBUG - tty.usbmodem0006822145041: parsed_packet {event: CmdRsp, data: {'opcode': 151, 'status': 129, 'data': bytearray(b'')}}
2019-08-09 21:09:48,790 - ERROR - tty.usbmodem0006822145041: AppkeyAdd: ERROR_INTERNAL
2019-08-09 21:09:48,800 - DEBUG - tty.usbmodem0006822145041: Writing: 151 bytearray(b'\x01\x00\x00\x00*\xa2\xa6\xde\xd5\xa0y\x8c\xea\xb5x|\xa3\xae9\xfc')
2019-08-09 21:09:48,811 - DEBUG - tty.usbmodem0006822145041: TX: 1597010000002aa2a6ded5a0798ceab5787ca3ae39fc
2019-08-09 21:09:48,830 - DEBUG - tty.usbmodem0006822145041: RX: 03849781
2019-08-09 21:09:48,831 - DEBUG - tty.usbmodem0006822145041: parsed_packet {event: CmdRsp, data: {'opcode': 151, 'status': 129, 'data': bytearray(b'')}}
2019-08-09 21:09:48,831 - ERROR - tty.usbmodem0006822145041: AppkeyAdd: ERROR_INTERNAL
2019-08-09 21:09:48,857 - DEBUG - tty.usbmodem0006822145041: Writing: 159 bytearray(b'\x01\x00\x01\x00')
2019-08-09 21:09:48,863 - DEBUG - tty.usbmodem0006822145041: TX: 059f01000100
2019-08-09 21:09:48,881 - DEBUG - tty.usbmodem0006822145041: RX: 03849f8e
2019-08-09 21:09:48,882 - DEBUG - tty.usbmodem0006822145041: parsed_packet {event: CmdRsp, data: {'opcode': 159, 'status': 142, 'data': bytearray(b'')}}
2019-08-09 21:09:48,883 - ERROR - tty.usbmodem0006822145041: None: ERROR_REJECTED
2019-08-09 21:09:48,921 - DEBUG - tty.usbmodem0006822145041: Writing: 146 bytearray(b'\x00\x00\x18\xee\xd9\xc2\xa5j\xdd\x85\x04\x9f\xfc<Y\xad\x0e\x12')
2019-08-09 21:09:48,927 - DEBUG - tty.usbmodem0006822145041: TX: 1392000018eed9c2a56add85049ffc3c59ad0e12
2019-08-09 21:09:48,944 - DEBUG - tty.usbmodem0006822145041: RX: 03849281
2019-08-09 21:09:48,951 - DEBUG - tty.usbmodem0006822145041: parsed_packet {event: CmdRsp, data: {'opcode': 146, 'status': 129, 'data': bytearray(b'')}}
2019-08-09 21:09:48,952 - ERROR - tty.usbmodem0006822145041: SubnetAdd: ERROR_INTERNAL
2019-08-09 21:09:48,980 - DEBUG - tty.usbmodem0006822145041: Writing: 151 bytearray(b'\x00\x00\x00\x00Oh\xad\x85\xd9\xf4\x8a\xc8X\x9d\xf6e\xb6\xb4\x9b\x8a')
2019-08-09 21:09:48,987 - DEBUG - tty.usbmodem0006822145041: TX: 1597000000004f68ad85d9f48ac8589df665b6b49b8a
2019-08-09 21:09:48,991 - DEBUG - tty.usbmodem0006822145041: RX: 03849781
2019-08-09 21:09:48,992 - DEBUG - tty.usbmodem0006822145041: parsed_packet {event: CmdRsp, data: {'opcode': 151, 'status': 129, 'data': bytearray(b'')}}
2019-08-09 21:09:48,992 - ERROR - tty.usbmodem0006822145041: AppkeyAdd: ERROR_INTERNAL
2019-08-09 21:09:49,014 - DEBUG - tty.usbmodem0006822145041: Writing: 151 bytearray(b'\x01\x00\x00\x00*\xa2\xa6\xde\xd5\xa0y\x8c\xea\xb5x|\xa3\xae9\xfc')
2019-08-09 21:09:49,015 - DEBUG - tty.usbmodem0006822145041: TX: 1597010000002aa2a6ded5a0798ceab5787ca3ae39fc
2019-08-09 21:09:49,019 - DEBUG - tty.usbmodem0006822145041: RX: 03849781
2019-08-09 21:09:49,020 - DEBUG - tty.usbmodem0006822145041: parsed_packet {event: CmdRsp, data: {'opcode': 151, 'status': 129, 'data': bytearray(b'')}}
2019-08-09 21:09:49,020 - ERROR - tty.usbmodem0006822145041: AppkeyAdd: ERROR_INTERNAL
2019-08-09 21:09:49,045 - DEBUG - tty.usbmodem0006822145041: Writing: 161 bytearray(b'\x01\xc0')
2019-08-09 21:09:49,045 - DEBUG - tty.usbmodem0006822145041: TX: 03a101c0
2019-08-09 21:09:49,047 - DEBUG - tty.usbmodem0006822145041: RX: 0584a1000000
2019-08-09 21:09:49,047 - DEBUG - tty.usbmodem0006822145041: parsed_packet {event: CmdRsp, data: {'opcode': 161, 'status': 0, 'data': bytearray(b'\x00\x00')}}
2019-08-09 21:09:49,049 - INFO - tty.usbmodem0006822145041: AddrSubscriptionAdd: {'address_handle': 0}
2019-08-09 21:09:49,050 - INFO - tty.usbmodem0006822145041.MeshConfigurer: 

2019-08-09 21:09:49,051 - INFO - tty.usbmodem0006822145041.MeshConfigurer: Sending next message
2019-08-09 21:09:49,074 - DEBUG - tty.usbmodem0006822145041: Writing: 171 bytearray(b'\x00\x00\x01\x00\x03\x00\x08\x00\x00\x00\x82\x01')
2019-08-09 21:09:49,074 - DEBUG - tty.usbmodem0006822145041: TX: 0dab000001000300080000008201
2019-08-09 21:09:49,077 - DEBUG - tty.usbmodem0006822145041: RX: 0784ab0057020000
2019-08-09 21:09:49,077 - DEBUG - tty.usbmodem0006822145041: parsed_packet {event: CmdRsp, data: {'opcode': 171, 'status': 0, 'data': bytearray(b'W\x02\x00\x00')}}
2019-08-09 21:09:49,077 - INFO - tty.usbmodem0006822145041: PacketSend: {'token': 599}
2019-08-09 21:09:49,094 - DEBUG - tty.usbmodem0006822145041: RX: 05d257020000
2019-08-09 21:09:49,094 - DEBUG - tty.usbmodem0006822145041: parsed_packet {event: MeshTxComplete, data: {'token': 599}}
2019-08-09 21:09:49,094 - INFO - tty.usbmodem0006822145041: {event: MeshTxComplete, data: {'token': 599}}
2019-08-09 21:09:49,098 - DEBUG - tty.usbmodem0006822145041: Writing: 164 bytearray(b',\x00')
2019-08-09 21:09:49,100 - DEBUG - tty.usbmodem0006822145041: TX: 03a42c00
2019-08-09 21:09:49,103 - DEBUG - tty.usbmodem0006822145041: RX: 0584a4000300
2019-08-09 21:09:49,103 - DEBUG - tty.usbmodem0006822145041: parsed_packet {event: CmdRsp, data: {'opcode': 164, 'status': 0, 'data': bytearray(b'\x03\x00')}}
2019-08-09 21:09:49,103 - INFO - tty.usbmodem0006822145041: AddrPublicationAdd: {'address_handle': 3}
2019-08-09 21:09:49,103 - INFO - tty.usbmodem0006822145041.MeshConfigurer: 

2019-08-09 21:09:49,103 - INFO - tty.usbmodem0006822145041.MeshConfigurer: Sending next message
2019-08-09 21:09:49,121 - DEBUG - tty.usbmodem0006822145041: Writing: 164 bytearray(b'-\x00')
2019-08-09 21:09:49,121 - DEBUG - tty.usbmodem0006822145041: TX: 03a42d00
2019-08-09 21:09:49,124 - DEBUG - tty.usbmodem0006822145041: RX: 0584a4000400
2019-08-09 21:09:49,124 - DEBUG - tty.usbmodem0006822145041: parsed_packet {event: CmdRsp, data: {'opcode': 164, 'status': 0, 'data': bytearray(b'\x04\x00')}}
2019-08-09 21:09:49,124 - INFO - tty.usbmodem0006822145041: AddrPublicationAdd: {'address_handle': 4}
2019-08-09 21:09:49,125 - INFO - tty.usbmodem0006822145041.MeshConfigurer: 

2019-08-09 21:09:49,125 - INFO - tty.usbmodem0006822145041.MeshConfigurer: Sending next message
2019-08-09 21:09:49,145 - DEBUG - tty.usbmodem0006822145041: Writing: 164 bytearray(b'.\x00')
2019-08-09 21:09:49,146 - DEBUG - tty.usbmodem0006822145041: TX: 03a42e00
2019-08-09 21:09:49,149 - DEBUG - tty.usbmodem0006822145041: RX: 0584a4000500
2019-08-09 21:09:49,150 - DEBUG - tty.usbmodem0006822145041: parsed_packet {event: CmdRsp, data: {'opcode': 164, 'status': 0, 'data': bytearray(b'\x05\x00')}}
2019-08-09 21:09:49,150 - INFO - tty.usbmodem0006822145041: AddrPublicationAdd: {'address_handle': 5}
2019-08-09 21:09:49,151 - INFO - tty.usbmodem0006822145041.MeshConfigurer: 

2019-08-09 21:09:49,151 - INFO - tty.usbmodem0006822145041.MeshConfigurer: Sending next message
2019-08-09 21:09:49,168 - DEBUG - tty.usbmodem0006822145041: Writing: 164 bytearray(b'/\x00')
2019-08-09 21:09:49,168 - DEBUG - tty.usbmodem0006822145041: TX: 03a42f00
2019-08-09 21:09:49,171 - DEBUG - tty.usbmodem0006822145041: RX: 0584a4000600
2019-08-09 21:09:49,171 - DEBUG - tty.usbmodem0006822145041: parsed_packet {event: CmdRsp, data: {'opcode': 164, 'status': 0, 'data': bytearray(b'\x06\x00')}}
2019-08-09 21:09:49,171 - INFO - tty.usbmodem0006822145041: AddrPublicationAdd: {'address_handle': 6}
2019-08-09 21:09:49,171 - INFO - tty.usbmodem0006822145041.MeshConfigurer: 

2019-08-09 21:09:49,172 - INFO - tty.usbmodem0006822145041.MeshConfigurer: Sending next message
2019-08-09 21:09:49,192 - DEBUG - tty.usbmodem0006822145041: Writing: 164 bytearray(b'0\x00')
2019-08-09 21:09:49,192 - DEBUG - tty.usbmodem0006822145041: TX: 03a43000
2019-08-09 21:09:49,194 - DEBUG - tty.usbmodem0006822145041: RX: 0584a4000700
2019-08-09 21:09:49,195 - DEBUG - tty.usbmodem0006822145041: parsed_packet {event: CmdRsp, data: {'opcode': 164, 'status': 0, 'data': bytearray(b'\x07\x00')}}
2019-08-09 21:09:49,195 - INFO - tty.usbmodem0006822145041: AddrPublicationAdd: {'address_handle': 7}
2019-08-09 21:09:49,196 - INFO - tty.usbmodem0006822145041.MeshConfigurer: 

2019-08-09 21:09:49,196 - INFO - tty.usbmodem0006822145041.MeshConfigurer: Sending next message
2019-08-09 21:09:49,213 - DEBUG - tty.usbmodem0006822145041: Writing: 164 bytearray(b'1\x00')
2019-08-09 21:09:49,213 - DEBUG - tty.usbmodem0006822145041: TX: 03a43100
2019-08-09 21:09:49,216 - DEBUG - tty.usbmodem0006822145041: RX: 0584a4000800
2019-08-09 21:09:49,216 - DEBUG - tty.usbmodem0006822145041: parsed_packet {event: CmdRsp, data: {'opcode': 164, 'status': 0, 'data': bytearray(b'\x08\x00')}}
2019-08-09 21:09:49,217 - INFO - tty.usbmodem0006822145041: AddrPublicationAdd: {'address_handle': 8}
2019-08-09 21:09:49,219 - INFO - tty.usbmodem0006822145041.MeshConfigurer: 

2019-08-09 21:09:49,219 - INFO - tty.usbmodem0006822145041.MeshConfigurer: Sending next message
2019-08-09 21:09:49,235 - DEBUG - tty.usbmodem0006822145041: Writing: 164 bytearray(b'2\x00')
2019-08-09 21:09:49,236 - DEBUG - tty.usbmodem0006822145041: TX: 03a43200
2019-08-09 21:09:49,239 - DEBUG - tty.usbmodem0006822145041: RX: 0584a4000900
2019-08-09 21:09:49,239 - DEBUG - tty.usbmodem0006822145041: parsed_packet {event: CmdRsp, data: {'opcode': 164, 'status': 0, 'data': bytearray(b'\t\x00')}}
2019-08-09 21:09:49,240 - INFO - tty.usbmodem0006822145041: AddrPublicationAdd: {'address_handle': 9}
2019-08-09 21:09:49,240 - INFO - tty.usbmodem0006822145041.MeshConfigurer: 

2019-08-09 21:09:49,241 - INFO - tty.usbmodem0006822145041.MeshConfigurer: Sending next message
2019-08-09 21:09:49,260 - DEBUG - tty.usbmodem0006822145041: Writing: 164 bytearray(b'3\x00')
2019-08-09 21:09:49,260 - DEBUG - tty.usbmodem0006822145041: TX: 03a43300
2019-08-09 21:09:49,262 - DEBUG - tty.usbmodem0006822145041: RX: 0584a4000a00
2019-08-09 21:09:49,263 - DEBUG - tty.usbmodem0006822145041: parsed_packet {event: CmdRsp, data: {'opcode': 164, 'status': 0, 'data': bytearray(b'\n\x00')}}
2019-08-09 21:09:49,264 - INFO - tty.usbmodem0006822145041: AddrPublicationAdd: {'address_handle': 10}
2019-08-09 21:09:49,265 - INFO - tty.usbmodem0006822145041.MeshConfigurer: 

2019-08-09 21:09:49,265 - INFO - tty.usbmodem0006822145041.MeshConfigurer: Sending next message
2019-08-09 21:09:49,282 - DEBUG - tty.usbmodem0006822145041: Writing: 164 bytearray(b'4\x00')
2019-08-09 21:09:49,283 - DEBUG - tty.usbmodem0006822145041: TX: 03a43400
2019-08-09 21:09:49,285 - DEBUG - tty.usbmodem0006822145041: RX: 0584a4000b00
2019-08-09 21:09:49,285 - DEBUG - tty.usbmodem0006822145041: parsed_packet {event: CmdRsp, data: {'opcode': 164, 'status': 0, 'data': bytearray(b'\x0b\x00')}}
2019-08-09 21:09:49,285 - INFO - tty.usbmodem0006822145041: AddrPublicationAdd: {'address_handle': 11}
2019-08-09 21:09:49,285 - INFO - tty.usbmodem0006822145041.MeshConfigurer: 

2019-08-09 21:09:49,285 - INFO - tty.usbmodem0006822145041.MeshConfigurer: Sending next message
2019-08-09 21:09:49,304 - DEBUG - tty.usbmodem0006822145041: Writing: 164 bytearray(b'5\x00')
2019-08-09 21:09:49,305 - DEBUG - tty.usbmodem0006822145041: TX: 03a43500
2019-08-09 21:09:49,307 - DEBUG - tty.usbmodem0006822145041: RX: 0584a4000c00
2019-08-09 21:09:49,307 - DEBUG - tty.usbmodem0006822145041: parsed_packet {event: CmdRsp, data: {'opcode': 164, 'status': 0, 'data': bytearray(b'\x0c\x00')}}
2019-08-09 21:09:49,307 - INFO - tty.usbmodem0006822145041: AddrPublicationAdd: {'address_handle': 12}
2019-08-09 21:09:49,307 - INFO - tty.usbmodem0006822145041.MeshConfigurer: 

2019-08-09 21:09:49,308 - INFO - tty.usbmodem0006822145041.MeshConfigurer: Sending next message
2019-08-09 21:09:49,327 - DEBUG - tty.usbmodem0006822145041: Writing: 164 bytearray(b'6\x00')
2019-08-09 21:09:49,327 - DEBUG - tty.usbmodem0006822145041: TX: 03a43600
2019-08-09 21:09:49,330 - DEBUG - tty.usbmodem0006822145041: RX: 0584a4000d00
2019-08-09 21:09:49,331 - DEBUG - tty.usbmodem0006822145041: parsed_packet {event: CmdRsp, data: {'opcode': 164, 'status': 0, 'data': bytearray(b'\r\x00')}}
2019-08-09 21:09:49,332 - INFO - tty.usbmodem0006822145041: AddrPublicationAdd: {'address_handle': 13}
2019-08-09 21:09:49,332 - INFO - tty.usbmodem0006822145041.MeshConfigurer: 

2019-08-09 21:09:49,332 - INFO - tty.usbmodem0006822145041.MeshConfigurer: Sending next message
2019-08-09 21:09:49,348 - DEBUG - tty.usbmodem0006822145041: Writing: 164 bytearray(b'7\x00')
2019-08-09 21:09:49,349 - DEBUG - tty.usbmodem0006822145041: TX: 03a43700
2019-08-09 21:09:49,352 - DEBUG - tty.usbmodem0006822145041: RX: 0584a4000e00
2019-08-09 21:09:49,352 - DEBUG - tty.usbmodem0006822145041: parsed_packet {event: CmdRsp, data: {'opcode': 164, 'status': 0, 'data': bytearray(b'\x0e\x00')}}
2019-08-09 21:09:49,352 - INFO - tty.usbmodem0006822145041: AddrPublicationAdd: {'address_handle': 14}
2019-08-09 21:09:49,352 - INFO - tty.usbmodem0006822145041.MeshConfigurer: 

2019-08-09 21:09:49,352 - INFO - tty.usbmodem0006822145041.MeshConfigurer: Sending next message
2019-08-09 21:09:49,370 - DEBUG - tty.usbmodem0006822145041: Writing: 164 bytearray(b'8\x00')
2019-08-09 21:09:49,371 - DEBUG - tty.usbmodem0006822145041: TX: 03a43800
2019-08-09 21:09:49,373 - DEBUG - tty.usbmodem0006822145041: RX: 0584a4000f00
2019-08-09 21:09:49,374 - DEBUG - tty.usbmodem0006822145041: parsed_packet {event: CmdRsp, data: {'opcode': 164, 'status': 0, 'data': bytearray(b'\x0f\x00')}}
2019-08-09 21:09:49,374 - INFO - tty.usbmodem0006822145041: AddrPublicationAdd: {'address_handle': 15}
2019-08-09 21:09:49,375 - INFO - tty.usbmodem0006822145041.MeshConfigurer: 

2019-08-09 21:09:49,375 - INFO - tty.usbmodem0006822145041.MeshConfigurer: Sending next message
2019-08-09 21:09:49,396 - DEBUG - tty.usbmodem0006822145041: Writing: 164 bytearray(b'9\x00')
2019-08-09 21:09:49,397 - DEBUG - tty.usbmodem0006822145041: TX: 03a43900
2019-08-09 21:09:49,399 - DEBUG - tty.usbmodem0006822145041: RX: 0584a4001000
2019-08-09 21:09:49,400 - DEBUG - tty.usbmodem0006822145041: parsed_packet {event: CmdRsp, data: {'opcode': 164, 'status': 0, 'data': bytearray(b'\x10\x00')}}
2019-08-09 21:09:49,401 - INFO - tty.usbmodem0006822145041: AddrPublicationAdd: {'address_handle': 16}
2019-08-09 21:09:49,402 - INFO - tty.usbmodem0006822145041.MeshConfigurer: 

2019-08-09 21:09:49,403 - INFO - tty.usbmodem0006822145041.MeshConfigurer: Sending next message
2019-08-09 21:09:49,419 - DEBUG - tty.usbmodem0006822145041: Writing: 156 bytearray(b',\x00\x00\x00\x16\xca\xf8;\xeb\x90\x00X\xfa\xd7\x15\xdc&:\xbc\xbd')
2019-08-09 21:09:49,419 - DEBUG - tty.usbmodem0006822145041: TX: 159c2c00000016caf83beb900058fad715dc263abcbd
2019-08-09 21:09:49,422 - DEBUG - tty.usbmodem0006822145041: RX: 03849c8e
2019-08-09 21:09:49,422 - DEBUG - tty.usbmodem0006822145041: parsed_packet {event: CmdRsp, data: {'opcode': 156, 'status': 142, 'data': bytearray(b'')}}
2019-08-09 21:09:49,422 - ERROR - tty.usbmodem0006822145041: DevkeyAdd: ERROR_REJECTED
2019-08-09 21:09:53,406 - INFO - tty.usbmodem0006822145041.MeshConfigurer: Timout handler timeout
2019-08-09 21:10:01,861 - DEBUG - tty.usbmodem0006822145041: RX: 04810200fe
2019-08-09 21:10:01,862 - DEBUG - tty.usbmodem0006822145041: parsed_packet {event: DeviceStarted, data: {'operating_mode': 2, 'hw_error': 0, 'data_credit_available': 254}}
2019-08-09 21:10:01,862 - INFO - tty.usbmodem0006822145041: Device rebooted.
2019-08-09 21:10:01,863 - INFO - tty.usbmodem0006822145041.MeshConfigurer: 

2019-08-09 21:10:01,863 - DEBUG - tty.usbmodem0006822145041: Writing: 159 bytearray(b'\x01\x00\x01\x00')
2019-08-09 21:10:01,863 - INFO - tty.usbmodem0006822145041.MeshConfigurer: Sending next message
2019-08-09 21:10:01,863 - DEBUG - tty.usbmodem0006822145041: TX: 059f01000100
2019-08-09 21:10:01,864 - DEBUG - tty.usbmodem0006822145041.GenericOnOffClient: Sending opcode: 8201, data: 
2019-08-09 21:10:01,866 - DEBUG - tty.usbmodem0006822145041: RX: 03849f00
2019-08-09 21:10:01,866 - DEBUG - tty.usbmodem0006822145041: parsed_packet {event: CmdRsp, data: {'opcode': 159, 'status': 0, 'data': bytearray(b'')}}
2019-08-09 21:10:01,866 - INFO - tty.usbmodem0006822145041: Success
2019-08-09 21:10:01,888 - DEBUG - tty.usbmodem0006822145041: Writing: 146 bytearray(b'\x00\x00\x18\xee\xd9\xc2\xa5j\xdd\x85\x04\x9f\xfc<Y\xad\x0e\x12')
2019-08-09 21:10:01,890 - DEBUG - tty.usbmodem0006822145041: TX: 1392000018eed9c2a56add85049ffc3c59ad0e12
2019-08-09 21:10:01,894 - DEBUG - tty.usbmodem0006822145041: RX: 058492000000
2019-08-09 21:10:01,894 - DEBUG - tty.usbmodem0006822145041: parsed_packet {event: CmdRsp, data: {'opcode': 146, 'status': 0, 'data': bytearray(b'\x00\x00')}}
2019-08-09 21:10:01,895 - INFO - tty.usbmodem0006822145041: SubnetAdd: {'subnet_handle': 0}
2019-08-09 21:10:01,914 - DEBUG - tty.usbmodem0006822145041: Writing: 151 bytearray(b'\x00\x00\x00\x00Oh\xad\x85\xd9\xf4\x8a\xc8X\x9d\xf6e\xb6\xb4\x9b\x8a')
2019-08-09 21:10:01,915 - DEBUG - tty.usbmodem0006822145041: TX: 1597000000004f68ad85d9f48ac8589df665b6b49b8a
2019-08-09 21:10:01,919 - DEBUG - tty.usbmodem0006822145041: RX: 058497000000
2019-08-09 21:10:01,919 - DEBUG - tty.usbmodem0006822145041: parsed_packet {event: CmdRsp, data: {'opcode': 151, 'status': 0, 'data': bytearray(b'\x00\x00')}}
2019-08-09 21:10:01,919 - INFO - tty.usbmodem0006822145041: AppkeyAdd: {'appkey_handle': 0}
2019-08-09 21:10:01,941 - DEBUG - tty.usbmodem0006822145041: Writing: 151 bytearray(b'\x01\x00\x00\x00*\xa2\xa6\xde\xd5\xa0y\x8c\xea\xb5x|\xa3\xae9\xfc')
2019-08-09 21:10:01,941 - DEBUG - tty.usbmodem0006822145041: TX: 1597010000002aa2a6ded5a0798ceab5787ca3ae39fc
2019-08-09 21:10:01,944 - DEBUG - tty.usbmodem0006822145041: RX: 058497000100
2019-08-09 21:10:01,944 - DEBUG - tty.usbmodem0006822145041: parsed_packet {event: CmdRsp, data: {'opcode': 151, 'status': 0, 'data': bytearray(b'\x01\x00')}}
2019-08-09 21:10:01,945 - INFO - tty.usbmodem0006822145041: AppkeyAdd: {'appkey_handle': 1}
2019-08-09 21:10:01,963 - DEBUG - tty.usbmodem0006822145041: Writing: 161 bytearray(b'\x01\xc0')
2019-08-09 21:10:01,964 - DEBUG - tty.usbmodem0006822145041: TX: 03a101c0
2019-08-09 21:10:01,966 - DEBUG - tty.usbmodem0006822145041: RX: 0584a1000000
2019-08-09 21:10:01,966 - DEBUG - tty.usbmodem0006822145041: parsed_packet {event: CmdRsp, data: {'opcode': 161, 'status': 0, 'data': bytearray(b'\x00\x00')}}
2019-08-09 21:10:01,966 - INFO - tty.usbmodem0006822145041: AddrSubscriptionAdd: {'address_handle': 0}
2019-08-09 21:10:01,966 - INFO - tty.usbmodem0006822145041.MeshConfigurer: 

2019-08-09 21:10:01,967 - INFO - tty.usbmodem0006822145041.MeshConfigurer: Sending next message
2019-08-09 21:10:01,989 - DEBUG - tty.usbmodem0006822145041: Writing: 171 bytearray(b'\x00\x00\x01\x00\x03\x00\x08\x00\x00\x00\x82\x01')
2019-08-09 21:10:01,989 - DEBUG - tty.usbmodem0006822145041: TX: 0dab000001000300080000008201
2019-08-09 21:10:01,992 - DEBUG - tty.usbmodem0006822145041: RX: 0384ab8e
2019-08-09 21:10:01,992 - DEBUG - tty.usbmodem0006822145041: parsed_packet {event: CmdRsp, data: {'opcode': 171, 'status': 142, 'data': bytearray(b'')}}
2019-08-09 21:10:01,993 - ERROR - tty.usbmodem0006822145041: PacketSend: ERROR_REJECTED
2019-08-09 21:10:02,016 - DEBUG - tty.usbmodem0006822145041: Writing: 164 bytearray(b',\x00')
2019-08-09 21:10:02,017 - DEBUG - tty.usbmodem0006822145041: TX: 03a42c00
2019-08-09 21:10:02,020 - DEBUG - tty.usbmodem0006822145041: RX: 0584a4000100
2019-08-09 21:10:02,020 - DEBUG - tty.usbmodem0006822145041: parsed_packet {event: CmdRsp, data: {'opcode': 164, 'status': 0, 'data': bytearray(b'\x01\x00')}}
2019-08-09 21:10:02,020 - INFO - tty.usbmodem0006822145041: AddrPublicationAdd: {'address_handle': 1}
2019-08-09 21:10:02,020 - INFO - tty.usbmodem0006822145041.MeshConfigurer: 

2019-08-09 21:10:02,020 - INFO - tty.usbmodem0006822145041.MeshConfigurer: Sending next message
2019-08-09 21:10:02,041 - DEBUG - tty.usbmodem0006822145041: Writing: 164 bytearray(b'-\x00')
2019-08-09 21:10:02,041 - DEBUG - tty.usbmodem0006822145041: TX: 03a42d00
2019-08-09 21:10:02,043 - DEBUG - tty.usbmodem0006822145041: RX: 0584a4000200
2019-08-09 21:10:02,043 - DEBUG - tty.usbmodem0006822145041: parsed_packet {event: CmdRsp, data: {'opcode': 164, 'status': 0, 'data': bytearray(b'\x02\x00')}}
2019-08-09 21:10:02,043 - INFO - tty.usbmodem0006822145041: AddrPublicationAdd: {'address_handle': 2}
2019-08-09 21:10:02,044 - INFO - tty.usbmodem0006822145041.MeshConfigurer: 

2019-08-09 21:10:02,044 - INFO - tty.usbmodem0006822145041.MeshConfigurer: Sending next message
2019-08-09 21:10:02,062 - DEBUG - tty.usbmodem0006822145041: Writing: 164 bytearray(b'.\x00')
2019-08-09 21:10:02,062 - DEBUG - tty.usbmodem0006822145041: TX: 03a42e00
2019-08-09 21:10:02,064 - DEBUG - tty.usbmodem0006822145041: RX: 0584a4000300
2019-08-09 21:10:02,065 - DEBUG - tty.usbmodem0006822145041: parsed_packet {event: CmdRsp, data: {'opcode': 164, 'status': 0, 'data': bytearray(b'\x03\x00')}}
2019-08-09 21:10:02,067 - INFO - tty.usbmodem0006822145041: AddrPublicationAdd: {'address_handle': 3}
2019-08-09 21:10:02,067 - INFO - tty.usbmodem0006822145041.MeshConfigurer: 

2019-08-09 21:10:02,067 - INFO - tty.usbmodem0006822145041.MeshConfigurer: Sending next message
2019-08-09 21:10:02,087 - DEBUG - tty.usbmodem0006822145041: Writing: 164 bytearray(b'/\x00')
2019-08-09 21:10:02,088 - DEBUG - tty.usbmodem0006822145041: TX: 03a42f00
2019-08-09 21:10:02,090 - DEBUG - tty.usbmodem0006822145041: RX: 0584a4000400
2019-08-09 21:10:02,090 - DEBUG - tty.usbmodem0006822145041: parsed_packet {event: CmdRsp, data: {'opcode': 164, 'status': 0, 'data': bytearray(b'\x04\x00')}}
2019-08-09 21:10:02,090 - INFO - tty.usbmodem0006822145041: AddrPublicationAdd: {'address_handle': 4}
2019-08-09 21:10:02,091 - INFO - tty.usbmodem0006822145041.MeshConfigurer: 

2019-08-09 21:10:02,091 - INFO - tty.usbmodem0006822145041.MeshConfigurer: Sending next message
2019-08-09 21:10:02,111 - DEBUG - tty.usbmodem0006822145041: Writing: 164 bytearray(b'0\x00')
2019-08-09 21:10:02,111 - DEBUG - tty.usbmodem0006822145041: TX: 03a43000
2019-08-09 21:10:02,114 - DEBUG - tty.usbmodem0006822145041: RX: 0584a4000500
2019-08-09 21:10:02,115 - DEBUG - tty.usbmodem0006822145041: parsed_packet {event: CmdRsp, data: {'opcode': 164, 'status': 0, 'data': bytearray(b'\x05\x00')}}
2019-08-09 21:10:02,116 - INFO - tty.usbmodem0006822145041: AddrPublicationAdd: {'address_handle': 5}
2019-08-09 21:10:02,116 - INFO - tty.usbmodem0006822145041.MeshConfigurer: 

2019-08-09 21:10:02,117 - INFO - tty.usbmodem0006822145041.MeshConfigurer: Sending next message
2019-08-09 21:10:02,132 - DEBUG - tty.usbmodem0006822145041: Writing: 164 bytearray(b'1\x00')
2019-08-09 21:10:02,133 - DEBUG - tty.usbmodem0006822145041: TX: 03a43100
2019-08-09 21:10:02,135 - DEBUG - tty.usbmodem0006822145041: RX: 0584a4000600
2019-08-09 21:10:02,135 - DEBUG - tty.usbmodem0006822145041: parsed_packet {event: CmdRsp, data: {'opcode': 164, 'status': 0, 'data': bytearray(b'\x06\x00')}}
2019-08-09 21:10:02,136 - INFO - tty.usbmodem0006822145041: AddrPublicationAdd: {'address_handle': 6}
2019-08-09 21:10:02,136 - INFO - tty.usbmodem0006822145041.MeshConfigurer: 

2019-08-09 21:10:02,136 - INFO - tty.usbmodem0006822145041.MeshConfigurer: Sending next message
2019-08-09 21:10:02,154 - DEBUG - tty.usbmodem0006822145041: Writing: 164 bytearray(b'2\x00')
2019-08-09 21:10:02,154 - DEBUG - tty.usbmodem0006822145041: TX: 03a43200
2019-08-09 21:10:02,156 - DEBUG - tty.usbmodem0006822145041: RX: 0584a4000700
2019-08-09 21:10:02,157 - DEBUG - tty.usbmodem0006822145041: parsed_packet {event: CmdRsp, data: {'opcode': 164, 'status': 0, 'data': bytearray(b'\x07\x00')}}
2019-08-09 21:10:02,157 - INFO - tty.usbmodem0006822145041: AddrPublicationAdd: {'address_handle': 7}
2019-08-09 21:10:02,157 - INFO - tty.usbmodem0006822145041.MeshConfigurer: 

2019-08-09 21:10:02,157 - INFO - tty.usbmodem0006822145041.MeshConfigurer: Sending next message
2019-08-09 21:10:02,178 - DEBUG - tty.usbmodem0006822145041: Writing: 164 bytearray(b'3\x00')
2019-08-09 21:10:02,179 - DEBUG - tty.usbmodem0006822145041: TX: 03a43300
2019-08-09 21:10:02,183 - DEBUG - tty.usbmodem0006822145041: RX: 0584a4000800
2019-08-09 21:10:02,184 - DEBUG - tty.usbmodem0006822145041: parsed_packet {event: CmdRsp, data: {'opcode': 164, 'status': 0, 'data': bytearray(b'\x08\x00')}}
2019-08-09 21:10:02,185 - INFO - tty.usbmodem0006822145041: AddrPublicationAdd: {'address_handle': 8}
2019-08-09 21:10:02,186 - INFO - tty.usbmodem0006822145041.MeshConfigurer: 

2019-08-09 21:10:02,187 - INFO - tty.usbmodem0006822145041.MeshConfigurer: Sending next message
2019-08-09 21:10:02,202 - DEBUG - tty.usbmodem0006822145041: Writing: 164 bytearray(b'4\x00')
2019-08-09 21:10:02,202 - DEBUG - tty.usbmodem0006822145041: TX: 03a43400
2019-08-09 21:10:02,204 - DEBUG - tty.usbmodem0006822145041: RX: 0584a4000900
2019-08-09 21:10:02,204 - DEBUG - tty.usbmodem0006822145041: parsed_packet {event: CmdRsp, data: {'opcode': 164, 'status': 0, 'data': bytearray(b'\t\x00')}}
2019-08-09 21:10:02,204 - INFO - tty.usbmodem0006822145041: AddrPublicationAdd: {'address_handle': 9}
2019-08-09 21:10:02,205 - INFO - tty.usbmodem0006822145041.MeshConfigurer: 

2019-08-09 21:10:02,205 - INFO - tty.usbmodem0006822145041.MeshConfigurer: Sending next message
2019-08-09 21:10:02,223 - DEBUG - tty.usbmodem0006822145041: Writing: 164 bytearray(b'5\x00')
2019-08-09 21:10:02,223 - DEBUG - tty.usbmodem0006822145041: TX: 03a43500
2019-08-09 21:10:02,225 - DEBUG - tty.usbmodem0006822145041: RX: 0584a4000a00
2019-08-09 21:10:02,225 - DEBUG - tty.usbmodem0006822145041: parsed_packet {event: CmdRsp, data: {'opcode': 164, 'status': 0, 'data': bytearray(b'\n\x00')}}
2019-08-09 21:10:02,226 - INFO - tty.usbmodem0006822145041: AddrPublicationAdd: {'address_handle': 10}
2019-08-09 21:10:02,226 - INFO - tty.usbmodem0006822145041.MeshConfigurer: 

2019-08-09 21:10:02,226 - INFO - tty.usbmodem0006822145041.MeshConfigurer: Sending next message
2019-08-09 21:10:02,247 - DEBUG - tty.usbmodem0006822145041: Writing: 164 bytearray(b'6\x00')
2019-08-09 21:10:02,249 - DEBUG - tty.usbmodem0006822145041: TX: 03a43600
2019-08-09 21:10:02,252 - DEBUG - tty.usbmodem0006822145041: RX: 0584a4000b00
2019-08-09 21:10:02,252 - DEBUG - tty.usbmodem0006822145041: parsed_packet {event: CmdRsp, data: {'opcode': 164, 'status': 0, 'data': bytearray(b'\x0b\x00')}}
2019-08-09 21:10:02,253 - INFO - tty.usbmodem0006822145041: AddrPublicationAdd: {'address_handle': 11}
2019-08-09 21:10:02,253 - INFO - tty.usbmodem0006822145041.MeshConfigurer: 

2019-08-09 21:10:02,253 - INFO - tty.usbmodem0006822145041.MeshConfigurer: Sending next message
2019-08-09 21:10:02,270 - DEBUG - tty.usbmodem0006822145041: Writing: 164 bytearray(b'7\x00')
2019-08-09 21:10:02,270 - DEBUG - tty.usbmodem0006822145041: TX: 03a43700
2019-08-09 21:10:02,272 - DEBUG - tty.usbmodem0006822145041: RX: 0584a4000c00
2019-08-09 21:10:02,272 - DEBUG - tty.usbmodem0006822145041: parsed_packet {event: CmdRsp, data: {'opcode': 164, 'status': 0, 'data': bytearray(b'\x0c\x00')}}
2019-08-09 21:10:02,272 - INFO - tty.usbmodem0006822145041: AddrPublicationAdd: {'address_handle': 12}
2019-08-09 21:10:02,273 - INFO - tty.usbmodem0006822145041.MeshConfigurer: 

2019-08-09 21:10:02,273 - INFO - tty.usbmodem0006822145041.MeshConfigurer: Sending next message
2019-08-09 21:10:02,294 - DEBUG - tty.usbmodem0006822145041: Writing: 164 bytearray(b'8\x00')
2019-08-09 21:10:02,295 - DEBUG - tty.usbmodem0006822145041: TX: 03a43800
2019-08-09 21:10:02,297 - DEBUG - tty.usbmodem0006822145041: RX: 0584a4000d00
2019-08-09 21:10:02,298 - DEBUG - tty.usbmodem0006822145041: parsed_packet {event: CmdRsp, data: {'opcode': 164, 'status': 0, 'data': bytearray(b'\r\x00')}}
2019-08-09 21:10:02,298 - INFO - tty.usbmodem0006822145041: AddrPublicationAdd: {'address_handle': 13}
2019-08-09 21:10:02,299 - INFO - tty.usbmodem0006822145041.MeshConfigurer: 

2019-08-09 21:10:02,300 - INFO - tty.usbmodem0006822145041.MeshConfigurer: Sending next message
2019-08-09 21:10:02,319 - DEBUG - tty.usbmodem0006822145041: Writing: 164 bytearray(b'9\x00')
2019-08-09 21:10:02,319 - DEBUG - tty.usbmodem0006822145041: TX: 03a43900
2019-08-09 21:10:02,321 - DEBUG - tty.usbmodem0006822145041: RX: 0584a4000e00
2019-08-09 21:10:02,322 - DEBUG - tty.usbmodem0006822145041: parsed_packet {event: CmdRsp, data: {'opcode': 164, 'status': 0, 'data': bytearray(b'\x0e\x00')}}
2019-08-09 21:10:02,322 - INFO - tty.usbmodem0006822145041: AddrPublicationAdd: {'address_handle': 14}
2019-08-09 21:10:02,322 - INFO - tty.usbmodem0006822145041.MeshConfigurer: 

2019-08-09 21:10:02,322 - INFO - tty.usbmodem0006822145041.MeshConfigurer: Sending next message
2019-08-09 21:10:02,341 - DEBUG - tty.usbmodem0006822145041: Writing: 156 bytearray(b',\x00\x00\x00\x16\xca\xf8;\xeb\x90\x00X\xfa\xd7\x15\xdc&:\xbc\xbd')
2019-08-09 21:10:02,342 - DEBUG - tty.usbmodem0006822145041: TX: 159c2c00000016caf83beb900058fad715dc263abcbd
2019-08-09 21:10:02,345 - DEBUG - tty.usbmodem0006822145041: RX: 05849c000800
2019-08-09 21:10:02,345 - DEBUG - tty.usbmodem0006822145041: parsed_packet {event: CmdRsp, data: {'opcode': 156, 'status': 0, 'data': bytearray(b'\x08\x00')}}
2019-08-09 21:10:02,346 - INFO - tty.usbmodem0006822145041: DevkeyAdd: {'devkey_handle': 8}
2019-08-09 21:10:02,346 - INFO - tty.usbmodem0006822145041.MeshConfigurer: No Messages remaining
2019-08-09 21:10:20,320 - DEBUG - tty.usbmodem0006822145041: exited read event
