2019-07-03 10:10:45,076 - DEBUG - tty.usbmodem0006822145041: Writing: 105 bytearray(b'cy\x9a\x14{\x9e\xa7h5\xaa\xe8\x98w\xa7\xafm\xfd\x14\x14\x1f\xfe\x98 b`\xae\xf6\'b-P\x89\x8c\x1fAX\x84\xd3Hs\x1c\x17u\x8c; \xb6)I6\x00\xf1-\xeeN\xdb\xa7{i\x17\x1b\xf62\t\x13k\x19\x1c\x1fV"FA]\xff\x9e\xed\x05\x8f\xf8\xb8\xac\xe5\x82\x87\x90?\xde\xcd_\xb3Yu\xff\xc9\xc8')
2019-07-03 10:10:45,082 - DEBUG - tty.usbmodem0006822145041: TX: 616963799a147b9ea76835aae89877a7af6dfd14141ffe98206260aef627622d50898c1f415884d348731c17758c3b20b629493600f12dee4edba77b69171bf63209136b191c1f562246415dff9eed058ff8b8ace58287903fdecd5fb35975ffc9c8
2019-07-03 10:10:45,091 - DEBUG - tty.usbmodem0006822145041: RX: 03845384
2019-07-03 10:10:45,092 - DEBUG - tty.usbmodem0006822145041: parsed_packet {event: CmdRsp, data: {'opcode': 83, 'status': 132, 'data': bytearray(b'')}}
2019-07-03 10:10:45,092 - ERROR - tty.usbmodem0006822145041: None: ERROR_INVALID_LENGTH
2019-07-03 10:10:45,092 - DEBUG - tty.usbmodem0006822145041: Writing: 159 bytearray(b'\x01\x00\x01\x00')
2019-07-03 10:10:45,092 - DEBUG - tty.usbmodem0006822145041: TX: 059f01000100
2019-07-03 10:10:45,093 - DEBUG - tty.usbmodem0006822145041: RX: 03840084
2019-07-03 10:10:45,093 - DEBUG - tty.usbmodem0006822145041: parsed_packet {event: CmdRsp, data: {'opcode': 0, 'status': 132, 'data': bytearray(b'')}}
2019-07-03 10:10:45,093 - ERROR - tty.usbmodem0006822145041: None: ERROR_INVALID_LENGTH
2019-07-03 10:10:45,093 - DEBUG - tty.usbmodem0006822145041: Writing: 146 bytearray(b'\x00\x00\x18\xee\xd9\xc2\xa5j\xdd\x85\x04\x9f\xfc<Y\xad\x0e\x12')
2019-07-03 10:10:45,094 - DEBUG - tty.usbmodem0006822145041: TX: 1392000018eed9c2a56add85049ffc3c59ad0e12
2019-07-03 10:10:45,094 - DEBUG - tty.usbmodem0006822145041: RX: 03840084
2019-07-03 10:10:45,095 - DEBUG - tty.usbmodem0006822145041: parsed_packet {event: CmdRsp, data: {'opcode': 0, 'status': 132, 'data': bytearray(b'')}}
2019-07-03 10:10:45,096 - ERROR - tty.usbmodem0006822145041: None: ERROR_INVALID_LENGTH
2019-07-03 10:10:45,097 - DEBUG - tty.usbmodem0006822145041: RX: 03840084
2019-07-03 10:10:45,097 - DEBUG - tty.usbmodem0006822145041: parsed_packet {event: CmdRsp, data: {'opcode': 0, 'status': 132, 'data': bytearray(b'')}}
2019-07-03 10:10:45,097 - ERROR - tty.usbmodem0006822145041: None: ERROR_INVALID_LENGTH
2019-07-03 10:10:45,098 - DEBUG - tty.usbmodem0006822145041: Writing: 151 bytearray(b'\x00\x00\x00\x00Oh\xad\x85\xd9\xf4\x8a\xc8X\x9d\xf6e\xb6\xb4\x9b\x8a')
2019-07-03 10:10:45,098 - DEBUG - tty.usbmodem0006822145041: TX: 1597000000004f68ad85d9f48ac8589df665b6b49b8a
2019-07-03 10:10:45,098 - DEBUG - tty.usbmodem0006822145041: RX: 03840084
2019-07-03 10:10:45,098 - DEBUG - tty.usbmodem0006822145041: parsed_packet {event: CmdRsp, data: {'opcode': 0, 'status': 132, 'data': bytearray(b'')}}
2019-07-03 10:10:45,098 - ERROR - tty.usbmodem0006822145041: None: ERROR_INVALID_LENGTH
2019-07-03 10:10:45,099 - DEBUG - tty.usbmodem0006822145041: Writing: 151 bytearray(b'\x01\x00\x00\x00*\xa2\xa6\xde\xd5\xa0y\x8c\xea\xb5x|\xa3\xae9\xfc')
2019-07-03 10:10:45,099 - DEBUG - tty.usbmodem0006822145041: TX: 1597010000002aa2a6ded5a0798ceab5787ca3ae39fc
2019-07-03 10:10:45,099 - DEBUG - tty.usbmodem0006822145041: RX: 03840084
2019-07-03 10:10:45,109 - DEBUG - tty.usbmodem0006822145041: parsed_packet {event: CmdRsp, data: {'opcode': 0, 'status': 132, 'data': bytearray(b'')}}
2019-07-03 10:10:45,109 - ERROR - tty.usbmodem0006822145041: None: ERROR_INVALID_LENGTH
2019-07-03 10:10:45,109 - DEBUG - tty.usbmodem0006822145041: Writing: 97 bytearray(b'')
2019-07-03 10:10:45,109 - DEBUG - tty.usbmodem0006822145041: TX: 0161
2019-07-03 10:10:45,110 - DEBUG - tty.usbmodem0006822145041: RX: 03840084
2019-07-03 10:10:45,111 - DEBUG - tty.usbmodem0006822145041: parsed_packet {event: CmdRsp, data: {'opcode': 0, 'status': 132, 'data': bytearray(b'')}}
2019-07-03 10:10:45,111 - ERROR - tty.usbmodem0006822145041: None: ERROR_INVALID_LENGTH
2019-07-03 10:10:45,113 - DEBUG - tty.usbmodem0006822145041: RX: 03840084
2019-07-03 10:10:45,113 - DEBUG - tty.usbmodem0006822145041: parsed_packet {event: CmdRsp, data: {'opcode': 0, 'status': 132, 'data': bytearray(b'')}}
2019-07-03 10:10:45,113 - ERROR - tty.usbmodem0006822145041: None: ERROR_INVALID_LENGTH
2019-07-03 10:10:45,113 - DEBUG - tty.usbmodem0006822145041: RX: 03840084
2019-07-03 10:10:45,113 - DEBUG - tty.usbmodem0006822145041: parsed_packet {event: CmdRsp, data: {'opcode': 0, 'status': 132, 'data': bytearray(b'')}}
2019-07-03 10:10:45,114 - ERROR - tty.usbmodem0006822145041: None: ERROR_INVALID_LENGTH
2019-07-03 10:10:45,114 - DEBUG - tty.usbmodem0006822145041: RX: 03840084
2019-07-03 10:10:45,114 - DEBUG - tty.usbmodem0006822145041: parsed_packet {event: CmdRsp, data: {'opcode': 0, 'status': 132, 'data': bytearray(b'')}}
2019-07-03 10:10:45,114 - ERROR - tty.usbmodem0006822145041: None: ERROR_INVALID_LENGTH
2019-07-03 10:10:45,114 - DEBUG - tty.usbmodem0006822145041: RX: 03840084
2019-07-03 10:10:45,114 - DEBUG - tty.usbmodem0006822145041: parsed_packet {event: CmdRsp, data: {'opcode': 0, 'status': 132, 'data': bytearray(b'')}}
2019-07-03 10:10:45,125 - ERROR - tty.usbmodem0006822145041: None: ERROR_INVALID_LENGTH
2019-07-03 10:10:45,125 - DEBUG - tty.usbmodem0006822145041: RX: 03840084
2019-07-03 10:10:45,126 - DEBUG - tty.usbmodem0006822145041: parsed_packet {event: CmdRsp, data: {'opcode': 0, 'status': 132, 'data': bytearray(b'')}}
2019-07-03 10:10:45,126 - ERROR - tty.usbmodem0006822145041: None: ERROR_INVALID_LENGTH
2019-07-03 10:10:45,126 - DEBUG - tty.usbmodem0006822145041: RX: 03840084
2019-07-03 10:10:45,126 - DEBUG - tty.usbmodem0006822145041: parsed_packet {event: CmdRsp, data: {'opcode': 0, 'status': 132, 'data': bytearray(b'')}}
2019-07-03 10:10:45,127 - ERROR - tty.usbmodem0006822145041: None: ERROR_INVALID_LENGTH
2019-07-03 10:10:45,127 - DEBUG - tty.usbmodem0006822145041: RX: 03849f00
2019-07-03 10:10:45,129 - DEBUG - tty.usbmodem0006822145041: parsed_packet {event: CmdRsp, data: {'opcode': 159, 'status': 0, 'data': bytearray(b'')}}
2019-07-03 10:10:45,129 - INFO - tty.usbmodem0006822145041: Success
2019-07-03 10:10:45,130 - DEBUG - tty.usbmodem0006822145041: RX: 058492000000
2019-07-03 10:10:45,130 - DEBUG - tty.usbmodem0006822145041: parsed_packet {event: CmdRsp, data: {'opcode': 146, 'status': 0, 'data': bytearray(b'\x00\x00')}}
2019-07-03 10:10:45,131 - INFO - tty.usbmodem0006822145041: SubnetAdd: {'subnet_handle': 0}
2019-07-03 10:10:45,132 - DEBUG - tty.usbmodem0006822145041: RX: 058497000000
2019-07-03 10:10:45,132 - DEBUG - tty.usbmodem0006822145041: parsed_packet {event: CmdRsp, data: {'opcode': 151, 'status': 0, 'data': bytearray(b'\x00\x00')}}
2019-07-03 10:10:45,133 - INFO - tty.usbmodem0006822145041: AppkeyAdd: {'appkey_handle': 0}
2019-07-03 10:10:45,133 - DEBUG - tty.usbmodem0006822145041: RX: 058497000100
2019-07-03 10:10:45,133 - DEBUG - tty.usbmodem0006822145041: parsed_packet {event: CmdRsp, data: {'opcode': 151, 'status': 0, 'data': bytearray(b'\x01\x00')}}
2019-07-03 10:10:45,133 - INFO - tty.usbmodem0006822145041: AppkeyAdd: {'appkey_handle': 1}
2019-07-03 10:10:45,133 - DEBUG - tty.usbmodem0006822145041: RX: 03846100
2019-07-03 10:10:45,133 - DEBUG - tty.usbmodem0006822145041: parsed_packet {event: CmdRsp, data: {'opcode': 97, 'status': 0, 'data': bytearray(b'')}}
2019-07-03 10:10:45,144 - INFO - tty.usbmodem0006822145041: Success
2019-07-03 10:10:45,383 - DEBUG - tty.usbmodem0006822145041: RX: 1ac09db77a0526b8734988639509c242d107d00001c8639509c2c2
2019-07-03 10:10:45,384 - DEBUG - tty.usbmodem0006822145041: parsed_packet {event: ProvUnprovisionedReceived, data: {'uuid': bytearray(b'\x9d\xb7z\x05&\xb8sI\x88c\x95\t\xc2B\xd1\x07'), 'rssi': -48, 'gatt_supported': 0, 'adv_addr_type': 1, 'adv_addr': bytearray(b'\xc8c\x95\t\xc2\xc2')}}
2019-07-03 10:10:45,384 - INFO - tty.usbmodem0006822145041: {event: ProvUnprovisionedReceived, data: {'uuid': bytearray(b'\x9d\xb7z\x05&\xb8sI\x88c\x95\t\xc2B\xd1\x07'), 'rssi': -48, 'gatt_supported': 0, 'adv_addr_type': 1, 'adv_addr': bytearray(b'\xc8c\x95\t\xc2\xc2')}}
2019-07-03 10:10:45,384 - INFO - tty.usbmodem0006822145041: Received UUID 9db77a0526b8734988639509c242d107 with RSSI: -48 dB
2019-07-03 10:10:47,389 - DEBUG - tty.usbmodem0006822145041: RX: 1ac09db77a0526b8734988639509c242d107c90001c8639509c2c2
2019-07-03 10:10:47,389 - DEBUG - tty.usbmodem0006822145041: parsed_packet {event: ProvUnprovisionedReceived, data: {'uuid': bytearray(b'\x9d\xb7z\x05&\xb8sI\x88c\x95\t\xc2B\xd1\x07'), 'rssi': -55, 'gatt_supported': 0, 'adv_addr_type': 1, 'adv_addr': bytearray(b'\xc8c\x95\t\xc2\xc2')}}
2019-07-03 10:10:47,390 - INFO - tty.usbmodem0006822145041: {event: ProvUnprovisionedReceived, data: {'uuid': bytearray(b'\x9d\xb7z\x05&\xb8sI\x88c\x95\t\xc2B\xd1\x07'), 'rssi': -55, 'gatt_supported': 0, 'adv_addr_type': 1, 'adv_addr': bytearray(b'\xc8c\x95\t\xc2\xc2')}}
2019-07-03 10:10:49,398 - DEBUG - tty.usbmodem0006822145041: RX: 1ac09db77a0526b8734988639509c242d107c90001c8639509c2c2
2019-07-03 10:10:49,399 - DEBUG - tty.usbmodem0006822145041: parsed_packet {event: ProvUnprovisionedReceived, data: {'uuid': bytearray(b'\x9d\xb7z\x05&\xb8sI\x88c\x95\t\xc2B\xd1\x07'), 'rssi': -55, 'gatt_supported': 0, 'adv_addr_type': 1, 'adv_addr': bytearray(b'\xc8c\x95\t\xc2\xc2')}}
2019-07-03 10:10:49,399 - INFO - tty.usbmodem0006822145041: {event: ProvUnprovisionedReceived, data: {'uuid': bytearray(b'\x9d\xb7z\x05&\xb8sI\x88c\x95\t\xc2B\xd1\x07'), 'rssi': -55, 'gatt_supported': 0, 'adv_addr_type': 1, 'adv_addr': bytearray(b'\xc8c\x95\t\xc2\xc2')}}
2019-07-03 10:10:51,403 - DEBUG - tty.usbmodem0006822145041: RX: 1ac09db77a0526b8734988639509c242d107ce0001c8639509c2c2
2019-07-03 10:10:51,404 - DEBUG - tty.usbmodem0006822145041: parsed_packet {event: ProvUnprovisionedReceived, data: {'uuid': bytearray(b'\x9d\xb7z\x05&\xb8sI\x88c\x95\t\xc2B\xd1\x07'), 'rssi': -50, 'gatt_supported': 0, 'adv_addr_type': 1, 'adv_addr': bytearray(b'\xc8c\x95\t\xc2\xc2')}}
2019-07-03 10:10:51,404 - INFO - tty.usbmodem0006822145041: {event: ProvUnprovisionedReceived, data: {'uuid': bytearray(b'\x9d\xb7z\x05&\xb8sI\x88c\x95\t\xc2B\xd1\x07'), 'rssi': -50, 'gatt_supported': 0, 'adv_addr_type': 1, 'adv_addr': bytearray(b'\xc8c\x95\t\xc2\xc2')}}
2019-07-03 10:10:53,407 - DEBUG - tty.usbmodem0006822145041: RX: 1ac09db77a0526b8734988639509c242d107c70001c8639509c2c2
2019-07-03 10:10:53,407 - DEBUG - tty.usbmodem0006822145041: parsed_packet {event: ProvUnprovisionedReceived, data: {'uuid': bytearray(b'\x9d\xb7z\x05&\xb8sI\x88c\x95\t\xc2B\xd1\x07'), 'rssi': -57, 'gatt_supported': 0, 'adv_addr_type': 1, 'adv_addr': bytearray(b'\xc8c\x95\t\xc2\xc2')}}
2019-07-03 10:10:53,408 - INFO - tty.usbmodem0006822145041: {event: ProvUnprovisionedReceived, data: {'uuid': bytearray(b'\x9d\xb7z\x05&\xb8sI\x88c\x95\t\xc2B\xd1\x07'), 'rssi': -57, 'gatt_supported': 0, 'adv_addr_type': 1, 'adv_addr': bytearray(b'\xc8c\x95\t\xc2\xc2')}}
2019-07-03 10:10:54,526 - DEBUG - tty.usbmodem0006822145041: Writing: 98 bytearray(b'')
2019-07-03 10:10:54,559 - DEBUG - tty.usbmodem0006822145041: TX: 0162
2019-07-03 10:10:54,578 - DEBUG - tty.usbmodem0006822145041: Writing: 99 bytearray(b'\x00\x9d\xb7z\x05&\xb8sI\x88c\x95\t\xc2B\xd1\x07\x18\xee\xd9\xc2\xa5j\xdd\x85\x04\x9f\xfc<Y\xad\x0e\x12\x00\x00\x00\x00\x00\x00\x10\x00\x00\x00\x00')
2019-07-03 10:10:54,601 - DEBUG - tty.usbmodem0006822145041: TX: 2d63009db77a0526b8734988639509c242d10718eed9c2a56add85049ffc3c59ad0e120000000000001000000000
2019-07-03 10:10:54,607 - DEBUG - tty.usbmodem0006822145041: RX: 03846200
2019-07-03 10:10:54,625 - DEBUG - tty.usbmodem0006822145041: parsed_packet {event: CmdRsp, data: {'opcode': 98, 'status': 0, 'data': bytearray(b'')}}
2019-07-03 10:10:54,637 - INFO - tty.usbmodem0006822145041: Success
2019-07-03 10:10:54,683 - DEBUG - tty.usbmodem0006822145041: RX: 0484630000
2019-07-03 10:10:54,688 - DEBUG - tty.usbmodem0006822145041: parsed_packet {event: CmdRsp, data: {'opcode': 99, 'status': 0, 'data': bytearray(b'\x00')}}
2019-07-03 10:10:54,695 - INFO - tty.usbmodem0006822145041: Provision: {'context': 0}
2019-07-03 10:10:54,724 - DEBUG - tty.usbmodem0006822145041: RX: 02c100
2019-07-03 10:10:54,739 - DEBUG - tty.usbmodem0006822145041: parsed_packet {event: ProvLinkEstablished, data: {'context_id': 0}}
2019-07-03 10:10:54,745 - INFO - tty.usbmodem0006822145041: {event: ProvLinkEstablished, data: {'context_id': 0}}
2019-07-03 10:10:54,760 - INFO - tty.usbmodem0006822145041: Link established
2019-07-03 10:10:54,777 - DEBUG - tty.usbmodem0006822145041: RX: 0bc3000e0001000000000000
2019-07-03 10:10:54,778 - DEBUG - tty.usbmodem0006822145041: parsed_packet {event: ProvCapsReceived, data: {'context_id': 0, 'num_elements': 14, 'public_key_type': 0, 'static_oob_types': 1, 'output_oob_size': 0, 'output_oob_actions': 0, 'input_oob_size': 0, 'input_oob_actions': 0}}
2019-07-03 10:10:54,779 - INFO - tty.usbmodem0006822145041: {event: ProvCapsReceived, data: {'context_id': 0, 'num_elements': 14, 'public_key_type': 0, 'static_oob_types': 1, 'output_oob_size': 0, 'output_oob_actions': 0, 'input_oob_size': 0, 'input_oob_actions': 0}}
2019-07-03 10:10:54,779 - INFO - tty.usbmodem0006822145041: Received capabilities
2019-07-03 10:10:54,785 - INFO - tty.usbmodem0006822145041: Number of elements: 14
2019-07-03 10:10:54,786 - DEBUG - tty.usbmodem0006822145041: Writing: 102 bytearray(b'\x00\x00\x00\x00')
2019-07-03 10:10:54,786 - DEBUG - tty.usbmodem0006822145041: TX: 056600000000
2019-07-03 10:10:54,788 - DEBUG - tty.usbmodem0006822145041: RX: 0484660000
2019-07-03 10:10:54,788 - DEBUG - tty.usbmodem0006822145041: parsed_packet {event: CmdRsp, data: {'opcode': 102, 'status': 0, 'data': bytearray(b'\x00')}}
2019-07-03 10:10:54,788 - INFO - tty.usbmodem0006822145041: OobUse: {'context': 0}
2019-07-03 10:10:54,971 - DEBUG - tty.usbmodem0006822145041: RX: 62c700e5a96b3ed5cfdee105e41061c381148da0959ab092dd47c413f94a18dd129a717bd50d5b4063f1f785d0e33f44ad2952f961f794f5937b5440aaba37cc5a15e52ac5da183a4008dfe317285d4c902343eb3998785ef28e4b8c24a3ba92be23a6
2019-07-03 10:10:54,972 - DEBUG - tty.usbmodem0006822145041: parsed_packet {event: ProvEcdhRequest, data: {'context_id': 0, 'peer_public': bytearray(b'\xe5\xa9k>\xd5\xcf\xde\xe1\x05\xe4\x10a\xc3\x81\x14\x8d\xa0\x95\x9a\xb0\x92\xddG\xc4\x13\xf9J\x18\xdd\x12\x9aq{\xd5\r[@c\xf1\xf7\x85\xd0\xe3?D\xad)R\xf9a\xf7\x94\xf5\x93{T@\xaa\xba7\xccZ\x15\xe5'), 'node_private': bytearray(b'*\xc5\xda\x18:@\x08\xdf\xe3\x17(]L\x90#C\xeb9\x98x^\xf2\x8eK\x8c$\xa3\xba\x92\xbe#\xa6')}}
2019-07-03 10:10:54,972 - INFO - tty.usbmodem0006822145041: {event: ProvEcdhRequest, data: {'context_id': 0, 'peer_public': bytearray(b'\xe5\xa9k>\xd5\xcf\xde\xe1\x05\xe4\x10a\xc3\x81\x14\x8d\xa0\x95\x9a\xb0\x92\xddG\xc4\x13\xf9J\x18\xdd\x12\x9aq{\xd5\r[@c\xf1\xf7\x85\xd0\xe3?D\xad)R\xf9a\xf7\x94\xf5\x93{T@\xaa\xba7\xccZ\x15\xe5'), 'node_private': bytearray(b'*\xc5\xda\x18:@\x08\xdf\xe3\x17(]L\x90#C\xeb9\x98x^\xf2\x8eK\x8c$\xa3\xba\x92\xbe#\xa6')}}
2019-07-03 10:10:54,972 - INFO - tty.usbmodem0006822145041: ECDH request received
2019-07-03 10:10:54,976 - DEBUG - tty.usbmodem0006822145041: Writing: 104 bytearray(b"\x00mN\xca\xb29\x99n2$\xbd\'\xe9l\xd3\xc2\xa4\xae\x95\x06\x91\xbf\xfa\x16\\\x9bL\x96\x93\xce\xcf\xd0\xf8")
2019-07-03 10:10:54,976 - DEBUG - tty.usbmodem0006822145041: TX: 2268006d4ecab239996e3224bd27e96cd3c2a4ae950691bffa165c9b4c9693cecfd0f8
2019-07-03 10:10:54,981 - DEBUG - tty.usbmodem0006822145041: RX: 0484680000
2019-07-03 10:10:54,981 - DEBUG - tty.usbmodem0006822145041: parsed_packet {event: CmdRsp, data: {'opcode': 104, 'status': 0, 'data': bytearray(b'\x00')}}
2019-07-03 10:10:54,982 - INFO - tty.usbmodem0006822145041: EcdhSecret: {'context': 0}
2019-07-03 10:10:55,338 - DEBUG - tty.usbmodem0006822145041: RX: 2cc5000000000000001000000016d6208a7047d318ab0a2246841088fc18eed9c2a56add85049ffc3c59ad0e12
2019-07-03 10:10:55,338 - DEBUG - tty.usbmodem0006822145041: parsed_packet {event: ProvComplete, data: {'context_id': 0, 'iv_index': 0, 'net_key_index': 0, 'address': 16, 'iv_update_flag': 0, 'key_refresh_flag': 0, 'device_key': bytearray(b'\x16\xd6 \x8apG\xd3\x18\xab\n"F\x84\x10\x88\xfc'), 'net_key': bytearray(b'\x18\xee\xd9\xc2\xa5j\xdd\x85\x04\x9f\xfc<Y\xad\x0e\x12')}}
2019-07-03 10:10:55,339 - INFO - tty.usbmodem0006822145041: {event: ProvComplete, data: {'context_id': 0, 'iv_index': 0, 'net_key_index': 0, 'address': 16, 'iv_update_flag': 0, 'key_refresh_flag': 0, 'device_key': bytearray(b'\x16\xd6 \x8apG\xd3\x18\xab\n"F\x84\x10\x88\xfc'), 'net_key': bytearray(b'\x18\xee\xd9\xc2\xa5j\xdd\x85\x04\x9f\xfc<Y\xad\x0e\x12')}}
2019-07-03 10:10:59,340 - DEBUG - tty.usbmodem0006822145041.ConfigurationClient: Sending opcode: 8008, data: 00
2019-07-03 10:10:59,341 - DEBUG - tty.usbmodem0006822145041.ConfigurationClient: Sending opcode: 00, data: 0000004f68ad85d9f48ac8589df665b6b49b8a
2019-07-03 10:10:59,341 - DEBUG - tty.usbmodem0006822145041: Writing: 171 bytearray(b'\x08\x00\x01\x00\x00\x00\x08\x00\x00\x00\x80\x08\x00')
2019-07-03 10:10:59,341 - DEBUG - tty.usbmodem0006822145041: TX: 0eab08000100000008000000800800
2019-07-03 10:10:59,341 - DEBUG - tty.usbmodem0006822145041: Writing: 171 bytearray(b'\x08\x00\x01\x00\x00\x00\x08\x00\x00\x00\x00\x00\x00\x00Oh\xad\x85\xd9\xf4\x8a\xc8X\x9d\xf6e\xb6\xb4\x9b\x8a')
2019-07-03 10:10:59,342 - DEBUG - tty.usbmodem0006822145041: TX: 1fab08000100000008000000000000004f68ad85d9f48ac8589df665b6b49b8a
2019-07-03 10:11:00,345 - INFO - tty.usbmodem0006822145041: Adding group address c001
2019-07-03 10:11:00,345 - INFO - tty.usbmodem0006822145041: Provisioning complete
2019-07-03 10:11:00,345 - INFO - tty.usbmodem0006822145041: 	Address(es): 0x10-0x1d
2019-07-03 10:11:00,345 - INFO - tty.usbmodem0006822145041: 	Device key: 16d6208a7047d318ab0a2246841088fc
2019-07-03 10:11:00,345 - INFO - tty.usbmodem0006822145041: 	Network key: 18eed9c2a56add85049ffc3c59ad0e12
2019-07-03 10:11:00,345 - INFO - tty.usbmodem0006822145041: Adding device key to subnet 0
2019-07-03 10:11:00,346 - INFO - tty.usbmodem0006822145041: Adding publication address of root element
2019-07-03 10:11:00,348 - DEBUG - tty.usbmodem0006822145041: RX: 03c20000
2019-07-03 10:11:00,348 - DEBUG - tty.usbmodem0006822145041: parsed_packet {event: ProvLinkClosed, data: {'context_id': 0, 'close_reason': 0}}
2019-07-03 10:11:00,348 - INFO - tty.usbmodem0006822145041: {event: ProvLinkClosed, data: {'context_id': 0, 'close_reason': 0}}
2019-07-03 10:11:00,348 - DEBUG - tty.usbmodem0006822145041: Writing: 161 bytearray(b'\x01\xc0')
2019-07-03 10:11:00,348 - INFO - tty.usbmodem0006822145041: Provisioning link closed
2019-07-03 10:11:00,348 - DEBUG - tty.usbmodem0006822145041: TX: 03a101c0
2019-07-03 10:11:00,349 - DEBUG - tty.usbmodem0006822145041: RX: 0384ab8e
2019-07-03 10:11:00,349 - DEBUG - tty.usbmodem0006822145041: parsed_packet {event: CmdRsp, data: {'opcode': 171, 'status': 142, 'data': bytearray(b'')}}
2019-07-03 10:11:00,350 - ERROR - tty.usbmodem0006822145041: PacketSend: ERROR_REJECTED
2019-07-03 10:11:00,350 - DEBUG - tty.usbmodem0006822145041: Writing: 156 bytearray(b'\x10\x00\x00\x00\x16\xd6 \x8apG\xd3\x18\xab\n"F\x84\x10\x88\xfc')
2019-07-03 10:11:00,364 - DEBUG - tty.usbmodem0006822145041: TX: 159c1000000016d6208a7047d318ab0a2246841088fc
2019-07-03 10:11:00,364 - DEBUG - tty.usbmodem0006822145041: RX: 0384ab8e
2019-07-03 10:11:00,364 - DEBUG - tty.usbmodem0006822145041: parsed_packet {event: CmdRsp, data: {'opcode': 171, 'status': 142, 'data': bytearray(b'')}}
2019-07-03 10:11:00,364 - ERROR - tty.usbmodem0006822145041: PacketSend: ERROR_REJECTED
2019-07-03 10:11:00,365 - DEBUG - tty.usbmodem0006822145041: Writing: 164 bytearray(b'\x10\x00')
2019-07-03 10:11:00,365 - DEBUG - tty.usbmodem0006822145041: TX: 03a41000
2019-07-03 10:11:00,367 - DEBUG - tty.usbmodem0006822145041: RX: 0584a1000000
2019-07-03 10:11:00,368 - DEBUG - tty.usbmodem0006822145041: parsed_packet {event: CmdRsp, data: {'opcode': 161, 'status': 0, 'data': bytearray(b'\x00\x00')}}
2019-07-03 10:11:00,370 - INFO - tty.usbmodem0006822145041: AddrSubscriptionAdd: {'address_handle': 0}
2019-07-03 10:11:00,370 - INFO - tty.usbmodem0006822145041: Got this {'opcode': 161, 'status': 0, 'data': bytearray(b'\x00\x00')}
2019-07-03 10:11:00,371 - DEBUG - tty.usbmodem0006822145041: RX: 05849c000800
2019-07-03 10:11:00,371 - DEBUG - tty.usbmodem0006822145041: parsed_packet {event: CmdRsp, data: {'opcode': 156, 'status': 0, 'data': bytearray(b'\x08\x00')}}
2019-07-03 10:11:00,371 - INFO - tty.usbmodem0006822145041: DevkeyAdd: {'devkey_handle': 8}
2019-07-03 10:11:00,372 - DEBUG - tty.usbmodem0006822145041: RX: 0584a4000100
2019-07-03 10:11:00,372 - DEBUG - tty.usbmodem0006822145041: parsed_packet {event: CmdRsp, data: {'opcode': 164, 'status': 0, 'data': bytearray(b'\x01\x00')}}
2019-07-03 10:11:00,372 - INFO - tty.usbmodem0006822145041: AddrPublicationAdd: {'address_handle': 1}
2019-07-03 10:11:00,372 - INFO - tty.usbmodem0006822145041: Got this {'opcode': 164, 'status': 0, 'data': bytearray(b'\x01\x00')}
2019-07-03 10:11:34,058 - DEBUG - tty.usbmodem0006822145041: exited read event
