2019-06-26 13:13:25,764 - DEBUG - tty.usbmodem0006822145041: Writing: 105 bytearray(b's\x18\xdc%m\xe0\xbeA~2\xe8\x04\xe6\x06\x83\x05\xc6H\x17`\xf7\xfe\xa0\xbd\xd2\xd8\xef\x8e\xb0\xa5lX\x93\x8d\xdcwt\xf0\xbcf\xfe\xc6w9\x12s_`\x00\xecVO\xb5\xd5\xf7\xb1VE\x84]/8\xa0\xda\x18\n\x85Eg\xdb\xa5"\xcd\xdaP\x03\x88\xde\xd4g\xe1<FE\xbf:L\xdd\x8c8\xfd\x11\x0e\xadzb')
2019-06-26 13:13:25,764 - DEBUG - tty.usbmodem0006822145041: TX: 61697318dc256de0be417e32e804e6068305c6481760f7fea0bdd2d8ef8eb0a56c58938ddc7774f0bc66fec6773912735f6000ec564fb5d5f7b15645845d2f38a0da180a854567dba522cdda500388ded467e13c4645bf3a4cdd8c38fd110ead7a62
2019-06-26 13:13:25,774 - DEBUG - tty.usbmodem0006822145041: RX: 03845384
2019-06-26 13:13:25,774 - DEBUG - tty.usbmodem0006822145041: parsed_packet {event: CmdRsp, data: {'opcode': 83, 'status': 132, 'data': bytearray(b'')}}
2019-06-26 13:13:25,774 - ERROR - tty.usbmodem0006822145041: None: ERROR_INVALID_LENGTH
2019-06-26 13:13:25,775 - DEBUG - tty.usbmodem0006822145041: RX: 03840084
2019-06-26 13:13:25,775 - DEBUG - tty.usbmodem0006822145041: Writing: 159 bytearray(b'\x01\x00\x01\x00')
2019-06-26 13:13:25,775 - DEBUG - tty.usbmodem0006822145041: parsed_packet {event: CmdRsp, data: {'opcode': 0, 'status': 132, 'data': bytearray(b'')}}
2019-06-26 13:13:25,776 - DEBUG - tty.usbmodem0006822145041: TX: 059f01000100
2019-06-26 13:13:25,776 - ERROR - tty.usbmodem0006822145041: None: ERROR_INVALID_LENGTH
2019-06-26 13:13:25,776 - DEBUG - tty.usbmodem0006822145041: Writing: 146 bytearray(b'\x00\x00\x18\xee\xd9\xc2\xa5j\xdd\x85\x04\x9f\xfc<Y\xad\x0e\x12')
2019-06-26 13:13:25,777 - DEBUG - tty.usbmodem0006822145041: TX: 1392000018eed9c2a56add85049ffc3c59ad0e12
2019-06-26 13:13:25,777 - DEBUG - tty.usbmodem0006822145041: RX: 03840084
2019-06-26 13:13:25,777 - DEBUG - tty.usbmodem0006822145041: parsed_packet {event: CmdRsp, data: {'opcode': 0, 'status': 132, 'data': bytearray(b'')}}
2019-06-26 13:13:25,778 - ERROR - tty.usbmodem0006822145041: None: ERROR_INVALID_LENGTH
2019-06-26 13:13:25,778 - DEBUG - tty.usbmodem0006822145041: Writing: 151 bytearray(b'\x00\x00\x00\x00Oh\xad\x85\xd9\xf4\x8a\xc8X\x9d\xf6e\xb6\xb4\x9b\x8a')
2019-06-26 13:13:25,778 - DEBUG - tty.usbmodem0006822145041: TX: 1597000000004f68ad85d9f48ac8589df665b6b49b8a
2019-06-26 13:13:25,780 - DEBUG - tty.usbmodem0006822145041: RX: 03840084
2019-06-26 13:13:25,781 - DEBUG - tty.usbmodem0006822145041: parsed_packet {event: CmdRsp, data: {'opcode': 0, 'status': 132, 'data': bytearray(b'')}}
2019-06-26 13:13:25,781 - ERROR - tty.usbmodem0006822145041: None: ERROR_INVALID_LENGTH
2019-06-26 13:13:25,782 - DEBUG - tty.usbmodem0006822145041: Writing: 151 bytearray(b'\x01\x00\x00\x00*\xa2\xa6\xde\xd5\xa0y\x8c\xea\xb5x|\xa3\xae9\xfc')
2019-06-26 13:13:25,782 - DEBUG - tty.usbmodem0006822145041: TX: 1597010000002aa2a6ded5a0798ceab5787ca3ae39fc
2019-06-26 13:13:25,782 - DEBUG - tty.usbmodem0006822145041: RX: 03840084
2019-06-26 13:13:25,782 - DEBUG - tty.usbmodem0006822145041: parsed_packet {event: CmdRsp, data: {'opcode': 0, 'status': 132, 'data': bytearray(b'')}}
2019-06-26 13:13:25,782 - ERROR - tty.usbmodem0006822145041: None: ERROR_INVALID_LENGTH
2019-06-26 13:13:25,783 - DEBUG - tty.usbmodem0006822145041: RX: 03840084
2019-06-26 13:13:25,783 - DEBUG - tty.usbmodem0006822145041: parsed_packet {event: CmdRsp, data: {'opcode': 0, 'status': 132, 'data': bytearray(b'')}}
2019-06-26 13:13:25,783 - ERROR - tty.usbmodem0006822145041: None: ERROR_INVALID_LENGTH
2019-06-26 13:13:25,783 - DEBUG - tty.usbmodem0006822145041: RX: 03840084
2019-06-26 13:13:25,783 - DEBUG - tty.usbmodem0006822145041: parsed_packet {event: CmdRsp, data: {'opcode': 0, 'status': 132, 'data': bytearray(b'')}}
2019-06-26 13:13:25,783 - ERROR - tty.usbmodem0006822145041: None: ERROR_INVALID_LENGTH
2019-06-26 13:13:25,783 - DEBUG - tty.usbmodem0006822145041: RX: 03840084
2019-06-26 13:13:25,783 - DEBUG - tty.usbmodem0006822145041: parsed_packet {event: CmdRsp, data: {'opcode': 0, 'status': 132, 'data': bytearray(b'')}}
2019-06-26 13:13:25,783 - ERROR - tty.usbmodem0006822145041: None: ERROR_INVALID_LENGTH
2019-06-26 13:13:25,783 - DEBUG - tty.usbmodem0006822145041: RX: 03840084
2019-06-26 13:13:25,783 - DEBUG - tty.usbmodem0006822145041: parsed_packet {event: CmdRsp, data: {'opcode': 0, 'status': 132, 'data': bytearray(b'')}}
2019-06-26 13:13:25,784 - ERROR - tty.usbmodem0006822145041: None: ERROR_INVALID_LENGTH
2019-06-26 13:13:25,784 - DEBUG - tty.usbmodem0006822145041: RX: 03840084
2019-06-26 13:13:25,784 - DEBUG - tty.usbmodem0006822145041: parsed_packet {event: CmdRsp, data: {'opcode': 0, 'status': 132, 'data': bytearray(b'')}}
2019-06-26 13:13:25,784 - ERROR - tty.usbmodem0006822145041: None: ERROR_INVALID_LENGTH
2019-06-26 13:13:25,784 - DEBUG - tty.usbmodem0006822145041: RX: 03840084
2019-06-26 13:13:25,784 - DEBUG - tty.usbmodem0006822145041: parsed_packet {event: CmdRsp, data: {'opcode': 0, 'status': 132, 'data': bytearray(b'')}}
2019-06-26 13:13:25,784 - ERROR - tty.usbmodem0006822145041: None: ERROR_INVALID_LENGTH
2019-06-26 13:13:25,784 - DEBUG - tty.usbmodem0006822145041: RX: 03840084
2019-06-26 13:13:25,784 - DEBUG - tty.usbmodem0006822145041: parsed_packet {event: CmdRsp, data: {'opcode': 0, 'status': 132, 'data': bytearray(b'')}}
2019-06-26 13:13:25,784 - ERROR - tty.usbmodem0006822145041: None: ERROR_INVALID_LENGTH
2019-06-26 13:13:25,784 - DEBUG - tty.usbmodem0006822145041: RX: 03840084
2019-06-26 13:13:25,784 - DEBUG - tty.usbmodem0006822145041: parsed_packet {event: CmdRsp, data: {'opcode': 0, 'status': 132, 'data': bytearray(b'')}}
2019-06-26 13:13:25,784 - ERROR - tty.usbmodem0006822145041: None: ERROR_INVALID_LENGTH
2019-06-26 13:13:25,785 - DEBUG - tty.usbmodem0006822145041: RX: 03849f00
2019-06-26 13:13:25,785 - DEBUG - tty.usbmodem0006822145041: parsed_packet {event: CmdRsp, data: {'opcode': 159, 'status': 0, 'data': bytearray(b'')}}
2019-06-26 13:13:25,785 - INFO - tty.usbmodem0006822145041: Success
2019-06-26 13:13:25,785 - DEBUG - tty.usbmodem0006822145041: RX: 058492000000
2019-06-26 13:13:25,785 - DEBUG - tty.usbmodem0006822145041: parsed_packet {event: CmdRsp, data: {'opcode': 146, 'status': 0, 'data': bytearray(b'\x00\x00')}}
2019-06-26 13:13:25,785 - INFO - tty.usbmodem0006822145041: SubnetAdd: {'subnet_handle': 0}
2019-06-26 13:13:25,785 - DEBUG - tty.usbmodem0006822145041: RX: 058497000000
2019-06-26 13:13:25,785 - DEBUG - tty.usbmodem0006822145041: parsed_packet {event: CmdRsp, data: {'opcode': 151, 'status': 0, 'data': bytearray(b'\x00\x00')}}
2019-06-26 13:13:25,785 - INFO - tty.usbmodem0006822145041: AppkeyAdd: {'appkey_handle': 0}
2019-06-26 13:13:25,786 - DEBUG - tty.usbmodem0006822145041: RX: 058497000100
2019-06-26 13:13:25,786 - DEBUG - tty.usbmodem0006822145041: parsed_packet {event: CmdRsp, data: {'opcode': 151, 'status': 0, 'data': bytearray(b'\x01\x00')}}
2019-06-26 13:13:25,786 - INFO - tty.usbmodem0006822145041: AppkeyAdd: {'appkey_handle': 1}
2019-06-26 13:13:26,764 - DEBUG - tty.usbmodem0006822145041: Writing: 97 bytearray(b'')
2019-06-26 13:13:26,765 - DEBUG - tty.usbmodem0006822145041: TX: 0161
2019-06-26 13:13:26,766 - DEBUG - tty.usbmodem0006822145041: RX: 03846100
2019-06-26 13:13:26,766 - DEBUG - tty.usbmodem0006822145041: parsed_packet {event: CmdRsp, data: {'opcode': 97, 'status': 0, 'data': bytearray(b'')}}
2019-06-26 13:13:26,766 - INFO - tty.usbmodem0006822145041: Success
2019-06-26 13:13:28,583 - DEBUG - tty.usbmodem0006822145041: RX: 1ac09db77a0526b8734988639509c242d107ce0001c8639509c2c2
2019-06-26 13:13:28,583 - DEBUG - tty.usbmodem0006822145041: parsed_packet {event: ProvUnprovisionedReceived, data: {'uuid': bytearray(b'\x9d\xb7z\x05&\xb8sI\x88c\x95\t\xc2B\xd1\x07'), 'rssi': -50, 'gatt_supported': 0, 'adv_addr_type': 1, 'adv_addr': bytearray(b'\xc8c\x95\t\xc2\xc2')}}
2019-06-26 13:13:28,583 - INFO - tty.usbmodem0006822145041: Received UUID 9db77a0526b8734988639509c242d107 with RSSI: -50 dB
2019-06-26 13:13:30,585 - DEBUG - tty.usbmodem0006822145041: RX: 1ac09db77a0526b8734988639509c242d107cf0001c8639509c2c2
2019-06-26 13:13:30,585 - DEBUG - tty.usbmodem0006822145041: parsed_packet {event: ProvUnprovisionedReceived, data: {'uuid': bytearray(b'\x9d\xb7z\x05&\xb8sI\x88c\x95\t\xc2B\xd1\x07'), 'rssi': -49, 'gatt_supported': 0, 'adv_addr_type': 1, 'adv_addr': bytearray(b'\xc8c\x95\t\xc2\xc2')}}
2019-06-26 13:13:31,771 - DEBUG - tty.usbmodem0006822145041: Writing: 98 bytearray(b'')
2019-06-26 13:13:31,777 - DEBUG - tty.usbmodem0006822145041: TX: 0162
2019-06-26 13:13:31,777 - DEBUG - tty.usbmodem0006822145041: Writing: 99 bytearray(b'\x00\x9d\xb7z\x05&\xb8sI\x88c\x95\t\xc2B\xd1\x07\x18\xee\xd9\xc2\xa5j\xdd\x85\x04\x9f\xfc<Y\xad\x0e\x12\x00\x00\x00\x00\x00\x00\x12\x00\x00\x00\x00')
2019-06-26 13:13:31,778 - DEBUG - tty.usbmodem0006822145041: TX: 2d63009db77a0526b8734988639509c242d10718eed9c2a56add85049ffc3c59ad0e120000000000001200000000
2019-06-26 13:13:31,831 - DEBUG - tty.usbmodem0006822145041: RX: 03846200
2019-06-26 13:13:31,837 - DEBUG - tty.usbmodem0006822145041: parsed_packet {event: CmdRsp, data: {'opcode': 98, 'status': 0, 'data': bytearray(b'')}}
2019-06-26 13:13:31,837 - INFO - tty.usbmodem0006822145041: Success
2019-06-26 13:13:31,848 - DEBUG - tty.usbmodem0006822145041: RX: 0484630000
2019-06-26 13:13:31,855 - DEBUG - tty.usbmodem0006822145041: parsed_packet {event: CmdRsp, data: {'opcode': 99, 'status': 0, 'data': bytearray(b'\x00')}}
2019-06-26 13:13:31,855 - INFO - tty.usbmodem0006822145041: Provision: {'context': 0}
2019-06-26 13:13:31,867 - DEBUG - tty.usbmodem0006822145041: RX: 02c100
2019-06-26 13:13:31,872 - DEBUG - tty.usbmodem0006822145041: parsed_packet {event: ProvLinkEstablished, data: {'context_id': 0}}
2019-06-26 13:13:31,878 - INFO - tty.usbmodem0006822145041: Link established
2019-06-26 13:13:31,886 - DEBUG - tty.usbmodem0006822145041.ConfigurationClient: Sending opcode: 8008, data: 00
2019-06-26 13:13:31,886 - DEBUG - tty.usbmodem0006822145041.ConfigurationClient: Sending opcode: 00, data: 0000004f68ad85d9f48ac8589df665b6b49b8a
2019-06-26 13:13:31,886 - DEBUG - tty.usbmodem0006822145041: Writing: 171 bytearray(b'\x08\x00\x01\x00\x00\x00\x08\x00\x00\x00\x80\x08\x00')
2019-06-26 13:13:31,886 - DEBUG - tty.usbmodem0006822145041: TX: 0eab08000100000008000000800800
2019-06-26 13:13:31,886 - DEBUG - tty.usbmodem0006822145041: Writing: 171 bytearray(b'\x08\x00\x01\x00\x00\x00\x08\x00\x00\x00\x00\x00\x00\x00Oh\xad\x85\xd9\xf4\x8a\xc8X\x9d\xf6e\xb6\xb4\x9b\x8a')
2019-06-26 13:13:31,886 - DEBUG - tty.usbmodem0006822145041: TX: 1fab08000100000008000000000000004f68ad85d9f48ac8589df665b6b49b8a
2019-06-26 13:13:31,889 - DEBUG - tty.usbmodem0006822145041: RX: 0384ab8e
2019-06-26 13:13:31,889 - DEBUG - tty.usbmodem0006822145041: parsed_packet {event: CmdRsp, data: {'opcode': 171, 'status': 142, 'data': bytearray(b'')}}
2019-06-26 13:13:31,889 - ERROR - tty.usbmodem0006822145041: PacketSend: ERROR_REJECTED
2019-06-26 13:13:31,892 - DEBUG - tty.usbmodem0006822145041: RX: 0384ab8e
2019-06-26 13:13:31,892 - DEBUG - tty.usbmodem0006822145041: parsed_packet {event: CmdRsp, data: {'opcode': 171, 'status': 142, 'data': bytearray(b'')}}
2019-06-26 13:13:31,892 - ERROR - tty.usbmodem0006822145041: PacketSend: ERROR_REJECTED
2019-06-26 13:13:31,896 - DEBUG - tty.usbmodem0006822145041: RX: 0bc300010001000000000000
2019-06-26 13:13:31,896 - DEBUG - tty.usbmodem0006822145041: parsed_packet {event: ProvCapsReceived, data: {'context_id': 0, 'num_elements': 1, 'public_key_type': 0, 'static_oob_types': 1, 'output_oob_size': 0, 'output_oob_actions': 0, 'input_oob_size': 0, 'input_oob_actions': 0}}
2019-06-26 13:13:31,896 - INFO - tty.usbmodem0006822145041: Received capabilities
2019-06-26 13:13:31,896 - INFO - tty.usbmodem0006822145041: Number of elements: 1
2019-06-26 13:13:31,896 - DEBUG - tty.usbmodem0006822145041: Writing: 102 bytearray(b'\x00\x00\x00\x00')
2019-06-26 13:13:31,897 - DEBUG - tty.usbmodem0006822145041: TX: 056600000000
2019-06-26 13:13:31,899 - DEBUG - tty.usbmodem0006822145041: RX: 0484660000
2019-06-26 13:13:31,899 - DEBUG - tty.usbmodem0006822145041: parsed_packet {event: CmdRsp, data: {'opcode': 102, 'status': 0, 'data': bytearray(b'\x00')}}
2019-06-26 13:13:31,899 - INFO - tty.usbmodem0006822145041: OobUse: {'context': 0}
2019-06-26 13:13:32,086 - DEBUG - tty.usbmodem0006822145041: RX: 62c700245267015f15844644e15bd9261515d8f69890f878c782497e2e1d2057b86b50a086ed02ee8bb7bb85ca16c155db09c49b2b9d4542e1948166e75d179c883cce1022f617c640a078f20d8c0f68d0aee2cd2c84e7044e2c1db2d40b3ae94efecc
2019-06-26 13:13:32,086 - DEBUG - tty.usbmodem0006822145041: parsed_packet {event: ProvEcdhRequest, data: {'context_id': 0, 'peer_public': bytearray(b'$Rg\x01_\x15\x84FD\xe1[\xd9&\x15\x15\xd8\xf6\x98\x90\xf8x\xc7\x82I~.\x1d W\xb8kP\xa0\x86\xed\x02\xee\x8b\xb7\xbb\x85\xca\x16\xc1U\xdb\t\xc4\x9b+\x9dEB\xe1\x94\x81f\xe7]\x17\x9c\x88<\xce'), 'node_private': bytearray(b'\x10"\xf6\x17\xc6@\xa0x\xf2\r\x8c\x0fh\xd0\xae\xe2\xcd,\x84\xe7\x04N,\x1d\xb2\xd4\x0b:\xe9N\xfe\xcc')}}
2019-06-26 13:13:32,086 - INFO - tty.usbmodem0006822145041: ECDH request received
2019-06-26 13:13:32,087 - DEBUG - tty.usbmodem0006822145041: Writing: 104 bytearray(b'\x00\xa7J\xfe\x1d\x80\x08\x80\x814\xe9\x87\x1a\x8d\xfa\x14|r\xad\x8bZ\xf3\xbf\xe7\x1b~\x89\x9d\xec(2\xe6t')
2019-06-26 13:13:32,087 - DEBUG - tty.usbmodem0006822145041: TX: 226800a74afe1d8008808134e9871a8dfa147c72ad8b5af3bfe71b7e899dec2832e674
2019-06-26 13:13:32,093 - DEBUG - tty.usbmodem0006822145041: RX: 0484680000
2019-06-26 13:13:32,093 - DEBUG - tty.usbmodem0006822145041: parsed_packet {event: CmdRsp, data: {'opcode': 104, 'status': 0, 'data': bytearray(b'\x00')}}
2019-06-26 13:13:32,093 - INFO - tty.usbmodem0006822145041: EcdhSecret: {'context': 0}
2019-06-26 13:13:32,422 - DEBUG - tty.usbmodem0006822145041: RX: 2cc50000000000000012000000abba2040c0a662dbacbdc6f4d206e99718eed9c2a56add85049ffc3c59ad0e12
2019-06-26 13:13:32,422 - DEBUG - tty.usbmodem0006822145041: parsed_packet {event: ProvComplete, data: {'context_id': 0, 'iv_index': 0, 'net_key_index': 0, 'address': 18, 'iv_update_flag': 0, 'key_refresh_flag': 0, 'device_key': bytearray(b'\xab\xba @\xc0\xa6b\xdb\xac\xbd\xc6\xf4\xd2\x06\xe9\x97'), 'net_key': bytearray(b'\x18\xee\xd9\xc2\xa5j\xdd\x85\x04\x9f\xfc<Y\xad\x0e\x12')}}
2019-06-26 13:13:32,422 - INFO - tty.usbmodem0006822145041: Provisioning complete
2019-06-26 13:13:32,423 - INFO - tty.usbmodem0006822145041: 	Address(es): 0x12-0x12
2019-06-26 13:13:32,423 - INFO - tty.usbmodem0006822145041: 	Device key: abba2040c0a662dbacbdc6f4d206e997
2019-06-26 13:13:32,423 - INFO - tty.usbmodem0006822145041: 	Network key: 18eed9c2a56add85049ffc3c59ad0e12
2019-06-26 13:13:32,423 - INFO - tty.usbmodem0006822145041: Adding device key to subnet 0
2019-06-26 13:13:32,423 - INFO - tty.usbmodem0006822145041: Adding publication address of root element
2019-06-26 13:13:32,423 - DEBUG - tty.usbmodem0006822145041: Writing: 156 bytearray(b'\x12\x00\x00\x00\xab\xba @\xc0\xa6b\xdb\xac\xbd\xc6\xf4\xd2\x06\xe9\x97')
2019-06-26 13:13:32,423 - DEBUG - tty.usbmodem0006822145041: TX: 159c12000000abba2040c0a662dbacbdc6f4d206e997
2019-06-26 13:13:32,425 - DEBUG - tty.usbmodem0006822145041: Writing: 164 bytearray(b'\x12\x00')
2019-06-26 13:13:32,426 - DEBUG - tty.usbmodem0006822145041: TX: 03a41200
2019-06-26 13:13:32,427 - DEBUG - tty.usbmodem0006822145041: RX: 05849c000800
2019-06-26 13:13:32,427 - DEBUG - tty.usbmodem0006822145041: parsed_packet {event: CmdRsp, data: {'opcode': 156, 'status': 0, 'data': bytearray(b'\x08\x00')}}
2019-06-26 13:13:32,427 - INFO - tty.usbmodem0006822145041: DevkeyAdd: {'devkey_handle': 8}
2019-06-26 13:13:32,428 - DEBUG - tty.usbmodem0006822145041: RX: 0584a4000000
2019-06-26 13:13:32,428 - DEBUG - tty.usbmodem0006822145041: parsed_packet {event: CmdRsp, data: {'opcode': 164, 'status': 0, 'data': bytearray(b'\x00\x00')}}
2019-06-26 13:13:32,428 - INFO - tty.usbmodem0006822145041: AddrPublicationAdd: {'address_handle': 0}
2019-06-26 13:13:32,521 - DEBUG - tty.usbmodem0006822145041: RX: 03c20000
2019-06-26 13:13:32,521 - DEBUG - tty.usbmodem0006822145041: parsed_packet {event: ProvLinkClosed, data: {'context_id': 0, 'close_reason': 0}}
2019-06-26 13:13:32,521 - INFO - tty.usbmodem0006822145041: Provisioning link closed
2019-06-26 13:13:36,768 - DEBUG - tty.usbmodem0006822145041.ConfigurationClient: Sending opcode: 8008, data: 00
2019-06-26 13:13:36,768 - DEBUG - tty.usbmodem0006822145041.ConfigurationClient: Sending opcode: 00, data: 0000004f68ad85d9f48ac8589df665b6b49b8a
2019-06-26 13:13:36,768 - DEBUG - tty.usbmodem0006822145041: Writing: 171 bytearray(b'\x08\x00\x01\x00\x00\x00\x08\x00\x00\x00\x80\x08\x00')
2019-06-26 13:13:36,769 - DEBUG - tty.usbmodem0006822145041: TX: 0eab08000100000008000000800800
2019-06-26 13:13:36,769 - DEBUG - tty.usbmodem0006822145041: Writing: 171 bytearray(b'\x08\x00\x01\x00\x00\x00\x08\x00\x00\x00\x00\x00\x00\x00Oh\xad\x85\xd9\xf4\x8a\xc8X\x9d\xf6e\xb6\xb4\x9b\x8a')
2019-06-26 13:13:36,769 - DEBUG - tty.usbmodem0006822145041: TX: 1fab08000100000008000000000000004f68ad85d9f48ac8589df665b6b49b8a
2019-06-26 13:13:36,772 - DEBUG - tty.usbmodem0006822145041: RX: 0784ab0003000000
2019-06-26 13:13:36,772 - DEBUG - tty.usbmodem0006822145041: parsed_packet {event: CmdRsp, data: {'opcode': 171, 'status': 0, 'data': bytearray(b'\x03\x00\x00\x00')}}
2019-06-26 13:13:36,772 - INFO - tty.usbmodem0006822145041: PacketSend: {'token': 3}
2019-06-26 13:13:36,776 - DEBUG - tty.usbmodem0006822145041: RX: 0784ab0004000000
2019-06-26 13:13:36,776 - DEBUG - tty.usbmodem0006822145041: parsed_packet {event: CmdRsp, data: {'opcode': 171, 'status': 0, 'data': bytearray(b'\x04\x00\x00\x00')}}
2019-06-26 13:13:36,776 - INFO - tty.usbmodem0006822145041: PacketSend: {'token': 4}
2019-06-26 13:13:36,786 - DEBUG - tty.usbmodem0006822145041: RX: 05d203000000
2019-06-26 13:13:36,786 - DEBUG - tty.usbmodem0006822145041: parsed_packet {event: MeshTxComplete, data: {'token': 3}}
2019-06-26 13:13:36,787 - INFO - tty.usbmodem0006822145041: {event: MeshTxComplete, data: {'token': 3}}
2019-06-26 13:13:42,086 - DEBUG - tty.usbmodem0006822145041: RX: 2ad012000100080000000401c8639509c2c2cf160002005900000000002800030000000300000002000010
2019-06-26 13:13:42,087 - DEBUG - tty.usbmodem0006822145041: parsed_packet {event: MeshMessageReceivedUnicast, data: {'src': 18, 'dst': 1, 'appkey_handle': 8, 'subnet_handle': 0, 'ttl': 4, 'adv_addr_type': 1, 'adv_addr': bytearray(b'\xc8c\x95\t\xc2\xc2'), 'rssi': -49, 'actual_length': 22, 'data': bytearray(b'\x02\x00Y\x00\x00\x00\x00\x00(\x00\x03\x00\x00\x00\x03\x00\x00\x00\x02\x00\x00\x10')}}
2019-06-26 13:13:42,090 - INFO - tty.usbmodem0006822145041.ConfigurationClient: Received composition data (page 0x00): {
  "cid": "0059",
  "pid": "0000",
  "vid": "0000",
  "crpl": 40,
  "features": {
    "relay": 0,
    "proxy": 0,
    "friend": 2,
    "low_power": 2
  },
  "elements": [
    {
      "index": 0,
      "location": "0000",
      "models": [
        {
          "modelId": "0000"
        },
        {
          "modelId": "0002"
        },
        {
          "modelId": "1000"
        }
      ]
    }
  ]
}
2019-06-26 13:13:42,091 - INFO - tty.usbmodem0006822145041.ConfigurationClient: Received composition data (page 0x00): {
  "cid": "0059",
  "pid": "0000",
  "vid": "0000",
  "crpl": 40,
  "features": {
    "relay": 0,
    "proxy": 0,
    "friend": 2,
    "low_power": 2
  },
  "elements": [
    {
      "index": 0,
      "location": "0000",
      "models": [
        {
          "modelId": "0000"
        },
        {
          "modelId": "0002"
        },
        {
          "modelId": "1000"
        }
      ]
    }
  ]
}
2019-06-26 13:13:42,142 - DEBUG - tty.usbmodem0006822145041: RX: 1ad012000100080000000401c8639509c2c2cd0600800300000000
2019-06-26 13:13:42,143 - DEBUG - tty.usbmodem0006822145041: parsed_packet {event: MeshMessageReceivedUnicast, data: {'src': 18, 'dst': 1, 'appkey_handle': 8, 'subnet_handle': 0, 'ttl': 4, 'adv_addr_type': 1, 'adv_addr': bytearray(b'\xc8c\x95\t\xc2\xc2'), 'rssi': -51, 'actual_length': 6, 'data': bytearray(b'\x80\x03\x00\x00\x00\x00')}}
2019-06-26 13:13:42,144 - INFO - tty.usbmodem0006822145041.ConfigurationClient: Appkey status: AccessStatus.SUCCESS
2019-06-26 13:13:42,149 - INFO - tty.usbmodem0006822145041.ConfigurationClient: Appkey add 0 succeded for subnet 0 at node 0012
2019-06-26 13:13:42,150 - INFO - tty.usbmodem0006822145041.ConfigurationClient: Appkey status: AccessStatus.SUCCESS
2019-06-26 13:13:42,151 - INFO - tty.usbmodem0006822145041.ConfigurationClient: Appkey add 0 succeded for subnet 0 at node 0012
2019-06-26 13:13:43,775 - DEBUG - tty.usbmodem0006822145041.ConfigurationClient: Sending opcode: 803d, data: 100000000010
2019-06-26 13:13:43,775 - DEBUG - tty.usbmodem0006822145041: Writing: 171 bytearray(b'\x08\x00\x01\x00\x00\x00\x08\x00\x00\x00\x80=\x10\x00\x00\x00\x00\x10')
2019-06-26 13:13:43,775 - DEBUG - tty.usbmodem0006822145041: TX: 13ab08000100000008000000803d100000000010
2019-06-26 13:13:43,779 - DEBUG - tty.usbmodem0006822145041: RX: 0784ab0005000000
2019-06-26 13:13:43,779 - DEBUG - tty.usbmodem0006822145041: parsed_packet {event: CmdRsp, data: {'opcode': 171, 'status': 0, 'data': bytearray(b'\x05\x00\x00\x00')}}
2019-06-26 13:13:43,779 - INFO - tty.usbmodem0006822145041: PacketSend: {'token': 5}
2019-06-26 13:13:43,791 - DEBUG - tty.usbmodem0006822145041: RX: 05d205000000
2019-06-26 13:13:43,792 - DEBUG - tty.usbmodem0006822145041: parsed_packet {event: MeshTxComplete, data: {'token': 5}}
2019-06-26 13:13:43,792 - INFO - tty.usbmodem0006822145041: {event: MeshTxComplete, data: {'token': 5}}
2019-06-26 13:13:43,803 - DEBUG - tty.usbmodem0006822145041: RX: 1dd012000100080000000401c8639509c2c2c60900803e01100000000010
2019-06-26 13:13:43,803 - DEBUG - tty.usbmodem0006822145041: parsed_packet {event: MeshMessageReceivedUnicast, data: {'src': 18, 'dst': 1, 'appkey_handle': 8, 'subnet_handle': 0, 'ttl': 4, 'adv_addr_type': 1, 'adv_addr': bytearray(b'\xc8c\x95\t\xc2\xc2'), 'rssi': -58, 'actual_length': 9, 'data': bytearray(b'\x80>\x01\x10\x00\x00\x00\x00\x10')}}
2019-06-26 13:13:43,803 - INFO - tty.usbmodem0006822145041.ConfigurationClient: Model app bind status: AccessStatus.INVALID_ADDRESS
2019-06-26 13:13:43,803 - INFO - tty.usbmodem0006822145041.ConfigurationClient: Model app bind status: AccessStatus.INVALID_ADDRESS
2019-06-26 13:13:46,776 - DEBUG - tty.usbmodem0006822145041: Writing: 164 bytearray(b'\x01\xc0')
2019-06-26 13:13:46,776 - DEBUG - tty.usbmodem0006822145041: TX: 03a401c0
2019-06-26 13:13:46,778 - DEBUG - tty.usbmodem0006822145041: RX: 0584a4000100
2019-06-26 13:13:46,778 - DEBUG - tty.usbmodem0006822145041: parsed_packet {event: CmdRsp, data: {'opcode': 164, 'status': 0, 'data': bytearray(b'\x01\x00')}}
2019-06-26 13:13:46,779 - INFO - tty.usbmodem0006822145041: AddrPublicationAdd: {'address_handle': 1}
2019-06-26 13:13:48,785 - DEBUG - tty.usbmodem0006822145041.ConfigurationClient: Sending opcode: 801b, data: 100001c00010
2019-06-26 13:13:48,785 - DEBUG - tty.usbmodem0006822145041: Writing: 171 bytearray(b'\x08\x00\x01\x00\x00\x00\x08\x00\x00\x00\x80\x1b\x10\x00\x01\xc0\x00\x10')
2019-06-26 13:13:48,785 - DEBUG - tty.usbmodem0006822145041: TX: 13ab08000100000008000000801b100001c00010
2019-06-26 13:13:48,789 - DEBUG - tty.usbmodem0006822145041: RX: 0784ab0006000000
2019-06-26 13:13:48,789 - DEBUG - tty.usbmodem0006822145041: parsed_packet {event: CmdRsp, data: {'opcode': 171, 'status': 0, 'data': bytearray(b'\x06\x00\x00\x00')}}
2019-06-26 13:13:48,790 - INFO - tty.usbmodem0006822145041: PacketSend: {'token': 6}
2019-06-26 13:13:48,794 - DEBUG - tty.usbmodem0006822145041: RX: 05d206000000
2019-06-26 13:13:48,794 - DEBUG - tty.usbmodem0006822145041: parsed_packet {event: MeshTxComplete, data: {'token': 6}}
2019-06-26 13:13:48,795 - INFO - tty.usbmodem0006822145041: {event: MeshTxComplete, data: {'token': 6}}
2019-06-26 13:13:51,875 - DEBUG - tty.usbmodem0006822145041: exited read event
