2019-06-26 10:56:35,772 - DEBUG - tty.usbmodem0006822145041: Writing: 105 bytearray(b'\x97\x89< w9U\x84\xadu^\x94\xc92\xb8GY\xcf 93\xdec0\xa4\x0e\xe5\xbc\xc6H\xe3z\x0e\x87\xe9SYR\x12\x82rC\xc6\xe1"\x188\xb3m\xd4Q\x86U\xc7\x8aD\xbe\x06\xe0\xa2\x93\x99\x92U\xef\x0f\xcb\xf8\x00\x13\xd7\xaf\\\x90G\xdb\xf3hrj\xc2a\xe3@b\xf7\xef\xc3\r\xf17\xb7\x10\xfb6\xeb')
2019-06-26 10:56:35,772 - DEBUG - tty.usbmodem0006822145041: TX: 616997893c2077395584ad755e94c932b84759cf203933de6330a40ee5bcc648e37a0e87e953595212827243c6e1221838b36dd4518655c78a44be06e0a293999255ef0fcbf80013d7af5c9047dbf368726ac261e34062f7efc30df137b710fb36eb
2019-06-26 10:56:35,783 - DEBUG - tty.usbmodem0006822145041: RX: 03845384
2019-06-26 10:56:35,784 - DEBUG - tty.usbmodem0006822145041: parsed_packet {event: CmdRsp, data: {'opcode': 83, 'status': 132, 'data': bytearray(b'')}}
2019-06-26 10:56:35,785 - ERROR - tty.usbmodem0006822145041: None: ERROR_INVALID_LENGTH
2019-06-26 10:56:35,785 - DEBUG - tty.usbmodem0006822145041: Writing: 159 bytearray(b'\x01\x00\x01\x00')
2019-06-26 10:56:35,787 - DEBUG - tty.usbmodem0006822145041: TX: 059f01000100
2019-06-26 10:56:35,788 - DEBUG - tty.usbmodem0006822145041: RX: 03840084
2019-06-26 10:56:35,788 - DEBUG - tty.usbmodem0006822145041: parsed_packet {event: CmdRsp, data: {'opcode': 0, 'status': 132, 'data': bytearray(b'')}}
2019-06-26 10:56:35,788 - ERROR - tty.usbmodem0006822145041: None: ERROR_INVALID_LENGTH
2019-06-26 10:56:35,789 - DEBUG - tty.usbmodem0006822145041: Writing: 146 bytearray(b'\x00\x00\x18\xee\xd9\xc2\xa5j\xdd\x85\x04\x9f\xfc<Y\xad\x0e\x12')
2019-06-26 10:56:35,789 - DEBUG - tty.usbmodem0006822145041: RX: 03840084
2019-06-26 10:56:35,789 - DEBUG - tty.usbmodem0006822145041: TX: 1392000018eed9c2a56add85049ffc3c59ad0e12
2019-06-26 10:56:35,790 - DEBUG - tty.usbmodem0006822145041: parsed_packet {event: CmdRsp, data: {'opcode': 0, 'status': 132, 'data': bytearray(b'')}}
2019-06-26 10:56:35,790 - ERROR - tty.usbmodem0006822145041: None: ERROR_INVALID_LENGTH
2019-06-26 10:56:35,790 - DEBUG - tty.usbmodem0006822145041: Writing: 151 bytearray(b'\x00\x00\x00\x00Oh\xad\x85\xd9\xf4\x8a\xc8X\x9d\xf6e\xb6\xb4\x9b\x8a')
2019-06-26 10:56:35,791 - DEBUG - tty.usbmodem0006822145041: TX: 1597000000004f68ad85d9f48ac8589df665b6b49b8a
2019-06-26 10:56:35,791 - DEBUG - tty.usbmodem0006822145041: RX: 03840084
2019-06-26 10:56:35,791 - DEBUG - tty.usbmodem0006822145041: parsed_packet {event: CmdRsp, data: {'opcode': 0, 'status': 132, 'data': bytearray(b'')}}
2019-06-26 10:56:35,791 - ERROR - tty.usbmodem0006822145041: None: ERROR_INVALID_LENGTH
2019-06-26 10:56:35,792 - DEBUG - tty.usbmodem0006822145041: Writing: 151 bytearray(b'\x01\x00\x00\x00*\xa2\xa6\xde\xd5\xa0y\x8c\xea\xb5x|\xa3\xae9\xfc')
2019-06-26 10:56:35,792 - DEBUG - tty.usbmodem0006822145041: TX: 1597010000002aa2a6ded5a0798ceab5787ca3ae39fc
2019-06-26 10:56:35,792 - DEBUG - tty.usbmodem0006822145041: RX: 03840084
2019-06-26 10:56:35,792 - DEBUG - tty.usbmodem0006822145041: parsed_packet {event: CmdRsp, data: {'opcode': 0, 'status': 132, 'data': bytearray(b'')}}
2019-06-26 10:56:35,792 - ERROR - tty.usbmodem0006822145041: None: ERROR_INVALID_LENGTH
2019-06-26 10:56:35,793 - DEBUG - tty.usbmodem0006822145041: RX: 03840084
2019-06-26 10:56:35,793 - DEBUG - tty.usbmodem0006822145041: parsed_packet {event: CmdRsp, data: {'opcode': 0, 'status': 132, 'data': bytearray(b'')}}
2019-06-26 10:56:35,793 - ERROR - tty.usbmodem0006822145041: None: ERROR_INVALID_LENGTH
2019-06-26 10:56:35,793 - DEBUG - tty.usbmodem0006822145041: RX: 03840084
2019-06-26 10:56:35,793 - DEBUG - tty.usbmodem0006822145041: parsed_packet {event: CmdRsp, data: {'opcode': 0, 'status': 132, 'data': bytearray(b'')}}
2019-06-26 10:56:35,793 - ERROR - tty.usbmodem0006822145041: None: ERROR_INVALID_LENGTH
2019-06-26 10:56:35,794 - DEBUG - tty.usbmodem0006822145041: RX: 03840084
2019-06-26 10:56:35,794 - DEBUG - tty.usbmodem0006822145041: parsed_packet {event: CmdRsp, data: {'opcode': 0, 'status': 132, 'data': bytearray(b'')}}
2019-06-26 10:56:35,794 - ERROR - tty.usbmodem0006822145041: None: ERROR_INVALID_LENGTH
2019-06-26 10:56:35,794 - DEBUG - tty.usbmodem0006822145041: RX: 03840084
2019-06-26 10:56:35,812 - DEBUG - tty.usbmodem0006822145041: parsed_packet {event: CmdRsp, data: {'opcode': 0, 'status': 132, 'data': bytearray(b'')}}
2019-06-26 10:56:35,812 - ERROR - tty.usbmodem0006822145041: None: ERROR_INVALID_LENGTH
2019-06-26 10:56:35,813 - DEBUG - tty.usbmodem0006822145041: RX: 03840084
2019-06-26 10:56:35,813 - DEBUG - tty.usbmodem0006822145041: parsed_packet {event: CmdRsp, data: {'opcode': 0, 'status': 132, 'data': bytearray(b'')}}
2019-06-26 10:56:35,813 - ERROR - tty.usbmodem0006822145041: None: ERROR_INVALID_LENGTH
2019-06-26 10:56:35,813 - DEBUG - tty.usbmodem0006822145041: RX: 03840084
2019-06-26 10:56:35,815 - DEBUG - tty.usbmodem0006822145041: parsed_packet {event: CmdRsp, data: {'opcode': 0, 'status': 132, 'data': bytearray(b'')}}
2019-06-26 10:56:35,817 - ERROR - tty.usbmodem0006822145041: None: ERROR_INVALID_LENGTH
2019-06-26 10:56:35,818 - DEBUG - tty.usbmodem0006822145041: RX: 03840084
2019-06-26 10:56:35,819 - DEBUG - tty.usbmodem0006822145041: parsed_packet {event: CmdRsp, data: {'opcode': 0, 'status': 132, 'data': bytearray(b'')}}
2019-06-26 10:56:35,819 - ERROR - tty.usbmodem0006822145041: None: ERROR_INVALID_LENGTH
2019-06-26 10:56:35,819 - DEBUG - tty.usbmodem0006822145041: RX: 03840084
2019-06-26 10:56:35,820 - DEBUG - tty.usbmodem0006822145041: parsed_packet {event: CmdRsp, data: {'opcode': 0, 'status': 132, 'data': bytearray(b'')}}
2019-06-26 10:56:35,820 - ERROR - tty.usbmodem0006822145041: None: ERROR_INVALID_LENGTH
2019-06-26 10:56:35,820 - DEBUG - tty.usbmodem0006822145041: RX: 03849f00
2019-06-26 10:56:35,820 - DEBUG - tty.usbmodem0006822145041: parsed_packet {event: CmdRsp, data: {'opcode': 159, 'status': 0, 'data': bytearray(b'')}}
2019-06-26 10:56:35,820 - INFO - tty.usbmodem0006822145041: Success
2019-06-26 10:56:35,820 - DEBUG - tty.usbmodem0006822145041: RX: 058492000000
2019-06-26 10:56:35,820 - DEBUG - tty.usbmodem0006822145041: parsed_packet {event: CmdRsp, data: {'opcode': 146, 'status': 0, 'data': bytearray(b'\x00\x00')}}
2019-06-26 10:56:35,821 - INFO - tty.usbmodem0006822145041: SubnetAdd: {'subnet_handle': 0}
2019-06-26 10:56:35,821 - DEBUG - tty.usbmodem0006822145041: RX: 058497000000
2019-06-26 10:56:35,821 - DEBUG - tty.usbmodem0006822145041: parsed_packet {event: CmdRsp, data: {'opcode': 151, 'status': 0, 'data': bytearray(b'\x00\x00')}}
2019-06-26 10:56:35,821 - INFO - tty.usbmodem0006822145041: AppkeyAdd: {'appkey_handle': 0}
2019-06-26 10:56:35,821 - DEBUG - tty.usbmodem0006822145041: RX: 058497000100
2019-06-26 10:56:35,821 - DEBUG - tty.usbmodem0006822145041: parsed_packet {event: CmdRsp, data: {'opcode': 151, 'status': 0, 'data': bytearray(b'\x01\x00')}}
2019-06-26 10:56:35,821 - INFO - tty.usbmodem0006822145041: AppkeyAdd: {'appkey_handle': 1}
2019-06-26 10:56:39,653 - DEBUG - tty.usbmodem0006822145041: Writing: 97 bytearray(b'')
2019-06-26 10:56:39,653 - DEBUG - tty.usbmodem0006822145041: TX: 0161
2019-06-26 10:56:39,655 - DEBUG - tty.usbmodem0006822145041: RX: 03846100
2019-06-26 10:56:39,655 - DEBUG - tty.usbmodem0006822145041: parsed_packet {event: CmdRsp, data: {'opcode': 97, 'status': 0, 'data': bytearray(b'')}}
2019-06-26 10:56:39,655 - INFO - tty.usbmodem0006822145041: Success
2019-06-26 10:56:39,719 - DEBUG - tty.usbmodem0006822145041: RX: 1ac09db77a0526b8734988639509c242d107b70001c8639509c2c2
2019-06-26 10:56:39,719 - DEBUG - tty.usbmodem0006822145041: parsed_packet {event: ProvUnprovisionedReceived, data: {'uuid': bytearray(b'\x9d\xb7z\x05&\xb8sI\x88c\x95\t\xc2B\xd1\x07'), 'rssi': -73, 'gatt_supported': 0, 'adv_addr_type': 1, 'adv_addr': bytearray(b'\xc8c\x95\t\xc2\xc2')}}
2019-06-26 10:56:39,720 - INFO - tty.usbmodem0006822145041: Received UUID 9db77a0526b8734988639509c242d107 with RSSI: -73 dB
2019-06-26 10:56:41,726 - DEBUG - tty.usbmodem0006822145041: RX: 1ac09db77a0526b8734988639509c242d107be0001c8639509c2c2
2019-06-26 10:56:41,730 - DEBUG - tty.usbmodem0006822145041: parsed_packet {event: ProvUnprovisionedReceived, data: {'uuid': bytearray(b'\x9d\xb7z\x05&\xb8sI\x88c\x95\t\xc2B\xd1\x07'), 'rssi': -66, 'gatt_supported': 0, 'adv_addr_type': 1, 'adv_addr': bytearray(b'\xc8c\x95\t\xc2\xc2')}}
2019-06-26 10:56:43,727 - DEBUG - tty.usbmodem0006822145041: RX: 1ac09db77a0526b8734988639509c242d107bf0001c8639509c2c2
2019-06-26 10:56:43,728 - DEBUG - tty.usbmodem0006822145041: parsed_packet {event: ProvUnprovisionedReceived, data: {'uuid': bytearray(b'\x9d\xb7z\x05&\xb8sI\x88c\x95\t\xc2B\xd1\x07'), 'rssi': -65, 'gatt_supported': 0, 'adv_addr_type': 1, 'adv_addr': bytearray(b'\xc8c\x95\t\xc2\xc2')}}
2019-06-26 10:56:44,875 - DEBUG - tty.usbmodem0006822145041: Writing: 98 bytearray(b'')
2019-06-26 10:56:44,888 - DEBUG - tty.usbmodem0006822145041: TX: 0162
2019-06-26 10:56:44,907 - DEBUG - tty.usbmodem0006822145041: Writing: 99 bytearray(b'\x00\x9d\xb7z\x05&\xb8sI\x88c\x95\t\xc2B\xd1\x07\x18\xee\xd9\xc2\xa5j\xdd\x85\x04\x9f\xfc<Y\xad\x0e\x12\x00\x00\x00\x00\x00\x00\x10\x00\x00\x00\x00')
2019-06-26 10:56:44,925 - DEBUG - tty.usbmodem0006822145041: TX: 2d63009db77a0526b8734988639509c242d10718eed9c2a56add85049ffc3c59ad0e120000000000001000000000
2019-06-26 10:56:44,942 - DEBUG - tty.usbmodem0006822145041: RX: 03846200
2019-06-26 10:56:44,963 - DEBUG - tty.usbmodem0006822145041: parsed_packet {event: CmdRsp, data: {'opcode': 98, 'status': 0, 'data': bytearray(b'')}}
2019-06-26 10:56:44,968 - INFO - tty.usbmodem0006822145041: Success
2019-06-26 10:56:45,005 - DEBUG - tty.usbmodem0006822145041: RX: 0484630000
2019-06-26 10:56:45,019 - DEBUG - tty.usbmodem0006822145041: parsed_packet {event: CmdRsp, data: {'opcode': 99, 'status': 0, 'data': bytearray(b'\x00')}}
2019-06-26 10:56:45,031 - INFO - tty.usbmodem0006822145041: Provision: {'context': 0}
2019-06-26 10:56:45,062 - DEBUG - tty.usbmodem0006822145041: RX: 02c100
2019-06-26 10:56:45,071 - DEBUG - tty.usbmodem0006822145041: parsed_packet {event: ProvLinkEstablished, data: {'context_id': 0}}
2019-06-26 10:56:45,084 - INFO - tty.usbmodem0006822145041: Link established
2019-06-26 10:56:45,096 - DEBUG - tty.usbmodem0006822145041: RX: 0bc300010001000000000000
2019-06-26 10:56:45,097 - DEBUG - tty.usbmodem0006822145041: parsed_packet {event: ProvCapsReceived, data: {'context_id': 0, 'num_elements': 1, 'public_key_type': 0, 'static_oob_types': 1, 'output_oob_size': 0, 'output_oob_actions': 0, 'input_oob_size': 0, 'input_oob_actions': 0}}
2019-06-26 10:56:45,098 - INFO - tty.usbmodem0006822145041: Received capabilities
2019-06-26 10:56:45,100 - INFO - tty.usbmodem0006822145041: Number of elements: 1
2019-06-26 10:56:45,101 - DEBUG - tty.usbmodem0006822145041: Writing: 102 bytearray(b'\x00\x00\x00\x00')
2019-06-26 10:56:45,102 - DEBUG - tty.usbmodem0006822145041: TX: 056600000000
2019-06-26 10:56:45,104 - DEBUG - tty.usbmodem0006822145041: RX: 0484660000
2019-06-26 10:56:45,104 - DEBUG - tty.usbmodem0006822145041: parsed_packet {event: CmdRsp, data: {'opcode': 102, 'status': 0, 'data': bytearray(b'\x00')}}
2019-06-26 10:56:45,105 - INFO - tty.usbmodem0006822145041: OobUse: {'context': 0}
2019-06-26 10:56:45,278 - DEBUG - tty.usbmodem0006822145041: RX: 62c70060f8d70d6e5caff0e84331a95badd06ebd1d38ee81bbf067aab38df444ae9898a9424bed39707e575cb1c376ce8c6d0f732ff839f1a52863f273f753a4074a7e6f71bf718ef5c080bc0b2ec6b17d0c6ba464cdabb0bec94dfeb517285dc75f9b
2019-06-26 10:56:45,278 - DEBUG - tty.usbmodem0006822145041: parsed_packet {event: ProvEcdhRequest, data: {'context_id': 0, 'peer_public': bytearray(b'`\xf8\xd7\rn\\\xaf\xf0\xe8C1\xa9[\xad\xd0n\xbd\x1d8\xee\x81\xbb\xf0g\xaa\xb3\x8d\xf4D\xae\x98\x98\xa9BK\xed9p~W\\\xb1\xc3v\xce\x8cm\x0fs/\xf89\xf1\xa5(c\xf2s\xf7S\xa4\x07J~'), 'node_private': bytearray(b'oq\xbfq\x8e\xf5\xc0\x80\xbc\x0b.\xc6\xb1}\x0ck\xa4d\xcd\xab\xb0\xbe\xc9M\xfe\xb5\x17(]\xc7_\x9b')}}
2019-06-26 10:56:45,279 - INFO - tty.usbmodem0006822145041: ECDH request received
2019-06-26 10:56:45,280 - DEBUG - tty.usbmodem0006822145041: Writing: 104 bytearray(b'\x00a\xc3\x17iGA\xf3\xc09\xdd\x15s\xa3\xd8\xed\x17\x94\xbeK\xd2\x1d;\xf9\\\xb9[1\x88JM*\x92')
2019-06-26 10:56:45,280 - DEBUG - tty.usbmodem0006822145041: TX: 22680061c317694741f3c039dd1573a3d8ed1794be4bd21d3bf95cb95b31884a4d2a92
2019-06-26 10:56:45,286 - DEBUG - tty.usbmodem0006822145041: RX: 0484680000
2019-06-26 10:56:45,287 - DEBUG - tty.usbmodem0006822145041: parsed_packet {event: CmdRsp, data: {'opcode': 104, 'status': 0, 'data': bytearray(b'\x00')}}
2019-06-26 10:56:45,287 - INFO - tty.usbmodem0006822145041: EcdhSecret: {'context': 0}
2019-06-26 10:56:45,639 - DEBUG - tty.usbmodem0006822145041: RX: 2cc50000000000000010000000ceec5e13da2582d6c20b7fa7a97e94a518eed9c2a56add85049ffc3c59ad0e12
2019-06-26 10:56:45,639 - DEBUG - tty.usbmodem0006822145041: parsed_packet {event: ProvComplete, data: {'context_id': 0, 'iv_index': 0, 'net_key_index': 0, 'address': 16, 'iv_update_flag': 0, 'key_refresh_flag': 0, 'device_key': bytearray(b'\xce\xec^\x13\xda%\x82\xd6\xc2\x0b\x7f\xa7\xa9~\x94\xa5'), 'net_key': bytearray(b'\x18\xee\xd9\xc2\xa5j\xdd\x85\x04\x9f\xfc<Y\xad\x0e\x12')}}
2019-06-26 10:56:45,640 - INFO - tty.usbmodem0006822145041: Provisioning complete
2019-06-26 10:56:45,640 - INFO - tty.usbmodem0006822145041: 	Address(es): 0x10-0x10
2019-06-26 10:56:45,640 - INFO - tty.usbmodem0006822145041: 	Device key: ceec5e13da2582d6c20b7fa7a97e94a5
2019-06-26 10:56:45,640 - INFO - tty.usbmodem0006822145041: 	Network key: 18eed9c2a56add85049ffc3c59ad0e12
2019-06-26 10:56:45,640 - INFO - tty.usbmodem0006822145041: Adding device key to subnet 0
2019-06-26 10:56:45,640 - INFO - tty.usbmodem0006822145041: Adding publication address of root element
2019-06-26 10:56:45,640 - DEBUG - tty.usbmodem0006822145041: Writing: 156 bytearray(b'\x10\x00\x00\x00\xce\xec^\x13\xda%\x82\xd6\xc2\x0b\x7f\xa7\xa9~\x94\xa5')
2019-06-26 10:56:45,641 - DEBUG - tty.usbmodem0006822145041: TX: 159c10000000ceec5e13da2582d6c20b7fa7a97e94a5
2019-06-26 10:56:45,642 - DEBUG - tty.usbmodem0006822145041: Writing: 164 bytearray(b'\x10\x00')
2019-06-26 10:56:45,643 - DEBUG - tty.usbmodem0006822145041: TX: 03a41000
2019-06-26 10:56:45,646 - DEBUG - tty.usbmodem0006822145041: RX: 05849c000800
2019-06-26 10:56:45,646 - DEBUG - tty.usbmodem0006822145041: parsed_packet {event: CmdRsp, data: {'opcode': 156, 'status': 0, 'data': bytearray(b'\x08\x00')}}
2019-06-26 10:56:45,646 - INFO - tty.usbmodem0006822145041: DevkeyAdd: {'devkey_handle': 8}
2019-06-26 10:56:45,646 - DEBUG - tty.usbmodem0006822145041: RX: 0584a4000000
2019-06-26 10:56:45,646 - DEBUG - tty.usbmodem0006822145041: parsed_packet {event: CmdRsp, data: {'opcode': 164, 'status': 0, 'data': bytearray(b'\x00\x00')}}
2019-06-26 10:56:45,651 - INFO - tty.usbmodem0006822145041: AddrPublicationAdd: {'address_handle': 0}
2019-06-26 10:56:45,744 - DEBUG - tty.usbmodem0006822145041: RX: 03c20000
2019-06-26 10:56:45,744 - DEBUG - tty.usbmodem0006822145041: parsed_packet {event: ProvLinkClosed, data: {'context_id': 0, 'close_reason': 0}}
2019-06-26 10:56:45,745 - INFO - tty.usbmodem0006822145041: Provisioning link closed
2019-06-26 10:56:58,717 - DEBUG - tty.usbmodem0006822145041.ConfigurationClient: Sending opcode: 8008, data: 00
2019-06-26 10:56:58,718 - DEBUG - tty.usbmodem0006822145041: Writing: 171 bytearray(b'\x08\x00\x01\x00\x00\x00\x08\x00\x00\x00\x80\x08\x00')
2019-06-26 10:56:58,718 - DEBUG - tty.usbmodem0006822145041: TX: 0eab08000100000008000000800800
2019-06-26 10:56:58,721 - DEBUG - tty.usbmodem0006822145041: RX: 0784ab0001000000
2019-06-26 10:56:58,722 - DEBUG - tty.usbmodem0006822145041: parsed_packet {event: CmdRsp, data: {'opcode': 171, 'status': 0, 'data': bytearray(b'\x01\x00\x00\x00')}}
2019-06-26 10:56:58,722 - INFO - tty.usbmodem0006822145041: PacketSend: {'token': 1}
2019-06-26 10:56:58,728 - DEBUG - tty.usbmodem0006822145041: RX: 05d201000000
2019-06-26 10:56:58,729 - DEBUG - tty.usbmodem0006822145041: parsed_packet {event: MeshTxComplete, data: {'token': 1}}
2019-06-26 10:56:58,732 - INFO - tty.usbmodem0006822145041: {event: MeshTxComplete, data: {'token': 1}}
2019-06-26 10:56:58,801 - DEBUG - tty.usbmodem0006822145041: RX: 2ad010000100080000000401c8639509c2c2ce160002005900000000002800030000000300000002000010
2019-06-26 10:56:58,802 - DEBUG - tty.usbmodem0006822145041: parsed_packet {event: MeshMessageReceivedUnicast, data: {'src': 16, 'dst': 1, 'appkey_handle': 8, 'subnet_handle': 0, 'ttl': 4, 'adv_addr_type': 1, 'adv_addr': bytearray(b'\xc8c\x95\t\xc2\xc2'), 'rssi': -50, 'actual_length': 22, 'data': bytearray(b'\x02\x00Y\x00\x00\x00\x00\x00(\x00\x03\x00\x00\x00\x03\x00\x00\x00\x02\x00\x00\x10')}}
2019-06-26 10:56:58,803 - INFO - tty.usbmodem0006822145041.ConfigurationClient: Received composition data (page 0x00): {
  "cid": "0059",
  "pid": "0000",
  "vid": "0000",
  "crpl": 40,
  "features": {
    "relay": 0,
    "proxy": 0,
    "friend": 2,
    "low_power": 2
  },
  "elements": [
    {
      "index": 0,
      "location": "0000",
      "models": [
        {
          "modelId": "0000"
        },
        {
          "modelId": "0002"
        },
        {
          "modelId": "1000"
        }
      ]
    }
  ]
}
2019-06-26 10:57:03,917 - DEBUG - tty.usbmodem0006822145041.ConfigurationClient: Sending opcode: 00, data: 0000004f68ad85d9f48ac8589df665b6b49b8a
2019-06-26 10:57:03,918 - DEBUG - tty.usbmodem0006822145041: Writing: 171 bytearray(b'\x08\x00\x01\x00\x00\x00\x08\x00\x00\x00\x00\x00\x00\x00Oh\xad\x85\xd9\xf4\x8a\xc8X\x9d\xf6e\xb6\xb4\x9b\x8a')
2019-06-26 10:57:03,918 - DEBUG - tty.usbmodem0006822145041: TX: 1fab08000100000008000000000000004f68ad85d9f48ac8589df665b6b49b8a
2019-06-26 10:57:03,923 - DEBUG - tty.usbmodem0006822145041: RX: 0784ab0002000000
2019-06-26 10:57:03,923 - DEBUG - tty.usbmodem0006822145041: parsed_packet {event: CmdRsp, data: {'opcode': 171, 'status': 0, 'data': bytearray(b'\x02\x00\x00\x00')}}
2019-06-26 10:57:03,924 - INFO - tty.usbmodem0006822145041: PacketSend: {'token': 2}
2019-06-26 10:57:03,963 - DEBUG - tty.usbmodem0006822145041: RX: 05d202000000
2019-06-26 10:57:03,964 - DEBUG - tty.usbmodem0006822145041: parsed_packet {event: MeshTxComplete, data: {'token': 2}}
2019-06-26 10:57:03,964 - INFO - tty.usbmodem0006822145041: {event: MeshTxComplete, data: {'token': 2}}
2019-06-26 10:57:03,992 - DEBUG - tty.usbmodem0006822145041: RX: 1ad010000100080000000401c8639509c2c2d10600800300000000
2019-06-26 10:57:03,994 - DEBUG - tty.usbmodem0006822145041: parsed_packet {event: MeshMessageReceivedUnicast, data: {'src': 16, 'dst': 1, 'appkey_handle': 8, 'subnet_handle': 0, 'ttl': 4, 'adv_addr_type': 1, 'adv_addr': bytearray(b'\xc8c\x95\t\xc2\xc2'), 'rssi': -47, 'actual_length': 6, 'data': bytearray(b'\x80\x03\x00\x00\x00\x00')}}
2019-06-26 10:57:03,995 - INFO - tty.usbmodem0006822145041.ConfigurationClient: Appkey status: AccessStatus.SUCCESS
2019-06-26 10:57:03,997 - INFO - tty.usbmodem0006822145041.ConfigurationClient: Appkey add 0 succeded for subnet 0 at node 0010
