2019-07-10 19:34:57,602 - DEBUG - tty.usbmodem0006822145041: Writing: 105 bytearray(b'2\xd6\n\x82\x0e\x0b\xbe\x8d\xf0N#.\xfc@\xd4}\xc3\x08>BVY\xf7>y\x19\xbfz3\x7f=\x1a\xee\xe6\x0c\x01]\x1d]\x91\xdeWT?\x07\x99\xde\xd9\x86^\x1a\x85\x83\x9f\xe8\x92a\xb2\x17\xc9\x0e\xd4`V[\xc2z5\xfd\xb4\xe3\x08\xcd\rH"\x12\xcf\xad\x8em\xed\xd2\xda=\xe0\xe5S7\xb1.\x8c0Z\xde0')
2019-07-10 19:34:57,603 - DEBUG - tty.usbmodem0006822145041: TX: 616932d60a820e0bbe8df04e232efc40d47dc3083e425659f73e7919bf7a337f3d1aeee60c015d1d5d91de57543f0799ded9865e1a85839fe89261b217c90ed460565bc27a35fdb4e308cd0d482212cfad8e6dedd2da3de0e55337b12e8c305ade30
2019-07-10 19:34:57,614 - DEBUG - tty.usbmodem0006822145041: RX: 03845384
2019-07-10 19:34:57,615 - DEBUG - tty.usbmodem0006822145041: parsed_packet {event: CmdRsp, data: {'opcode': 83, 'status': 132, 'data': bytearray(b'')}}
2019-07-10 19:34:57,615 - ERROR - tty.usbmodem0006822145041: None: ERROR_INVALID_LENGTH
2019-07-10 19:34:57,615 - DEBUG - tty.usbmodem0006822145041: Writing: 159 bytearray(b'\x01\x00\x01\x00')
2019-07-10 19:34:57,615 - DEBUG - tty.usbmodem0006822145041: RX: 03840084
2019-07-10 19:34:57,616 - DEBUG - tty.usbmodem0006822145041: TX: 059f01000100
2019-07-10 19:34:57,616 - DEBUG - tty.usbmodem0006822145041: parsed_packet {event: CmdRsp, data: {'opcode': 0, 'status': 132, 'data': bytearray(b'')}}
2019-07-10 19:34:57,616 - ERROR - tty.usbmodem0006822145041: None: ERROR_INVALID_LENGTH
2019-07-10 19:34:57,616 - DEBUG - tty.usbmodem0006822145041: Writing: 146 bytearray(b'\x00\x00\x18\xee\xd9\xc2\xa5j\xdd\x85\x04\x9f\xfc<Y\xad\x0e\x12')
2019-07-10 19:34:57,616 - DEBUG - tty.usbmodem0006822145041: RX: 03840084
2019-07-10 19:34:57,624 - DEBUG - tty.usbmodem0006822145041: TX: 1392000018eed9c2a56add85049ffc3c59ad0e12
2019-07-10 19:34:57,624 - DEBUG - tty.usbmodem0006822145041: parsed_packet {event: CmdRsp, data: {'opcode': 0, 'status': 132, 'data': bytearray(b'')}}
2019-07-10 19:34:57,625 - ERROR - tty.usbmodem0006822145041: None: ERROR_INVALID_LENGTH
2019-07-10 19:34:57,625 - DEBUG - tty.usbmodem0006822145041: Writing: 151 bytearray(b'\x00\x00\x00\x00Oh\xad\x85\xd9\xf4\x8a\xc8X\x9d\xf6e\xb6\xb4\x9b\x8a')
2019-07-10 19:34:57,625 - DEBUG - tty.usbmodem0006822145041: TX: 1597000000004f68ad85d9f48ac8589df665b6b49b8a
2019-07-10 19:34:57,626 - DEBUG - tty.usbmodem0006822145041: RX: 03840084
2019-07-10 19:34:57,626 - DEBUG - tty.usbmodem0006822145041: parsed_packet {event: CmdRsp, data: {'opcode': 0, 'status': 132, 'data': bytearray(b'')}}
2019-07-10 19:34:57,626 - ERROR - tty.usbmodem0006822145041: None: ERROR_INVALID_LENGTH
2019-07-10 19:34:57,626 - DEBUG - tty.usbmodem0006822145041: Writing: 151 bytearray(b'\x01\x00\x00\x00*\xa2\xa6\xde\xd5\xa0y\x8c\xea\xb5x|\xa3\xae9\xfc')
2019-07-10 19:34:57,627 - DEBUG - tty.usbmodem0006822145041: RX: 03840084
2019-07-10 19:34:57,627 - DEBUG - tty.usbmodem0006822145041: parsed_packet {event: CmdRsp, data: {'opcode': 0, 'status': 132, 'data': bytearray(b'')}}
2019-07-10 19:34:57,627 - DEBUG - tty.usbmodem0006822145041: TX: 1597010000002aa2a6ded5a0798ceab5787ca3ae39fc
2019-07-10 19:34:57,627 - ERROR - tty.usbmodem0006822145041: None: ERROR_INVALID_LENGTH
2019-07-10 19:34:57,628 - DEBUG - tty.usbmodem0006822145041: RX: 03840084
2019-07-10 19:34:57,628 - DEBUG - tty.usbmodem0006822145041: Writing: 164 bytearray(b'\xc6\x00')
2019-07-10 19:34:57,628 - DEBUG - tty.usbmodem0006822145041: parsed_packet {event: CmdRsp, data: {'opcode': 0, 'status': 132, 'data': bytearray(b'')}}
2019-07-10 19:34:57,629 - DEBUG - tty.usbmodem0006822145041: TX: 03a4c600
2019-07-10 19:34:57,629 - ERROR - tty.usbmodem0006822145041: None: ERROR_INVALID_LENGTH
2019-07-10 19:34:57,629 - DEBUG - tty.usbmodem0006822145041: RX: 03840084
2019-07-10 19:34:57,629 - DEBUG - tty.usbmodem0006822145041: parsed_packet {event: CmdRsp, data: {'opcode': 0, 'status': 132, 'data': bytearray(b'')}}
2019-07-10 19:34:57,629 - ERROR - tty.usbmodem0006822145041: None: ERROR_INVALID_LENGTH
2019-07-10 19:34:57,630 - DEBUG - tty.usbmodem0006822145041: RX: 03840084
2019-07-10 19:34:57,630 - DEBUG - tty.usbmodem0006822145041: parsed_packet {event: CmdRsp, data: {'opcode': 0, 'status': 132, 'data': bytearray(b'')}}
2019-07-10 19:34:57,630 - ERROR - tty.usbmodem0006822145041: None: ERROR_INVALID_LENGTH
2019-07-10 19:34:57,630 - DEBUG - tty.usbmodem0006822145041: RX: 03840084
2019-07-10 19:34:57,630 - DEBUG - tty.usbmodem0006822145041: parsed_packet {event: CmdRsp, data: {'opcode': 0, 'status': 132, 'data': bytearray(b'')}}
2019-07-10 19:34:57,630 - ERROR - tty.usbmodem0006822145041: None: ERROR_INVALID_LENGTH
2019-07-10 19:34:57,631 - DEBUG - tty.usbmodem0006822145041: RX: 03840084
2019-07-10 19:34:57,631 - DEBUG - tty.usbmodem0006822145041: parsed_packet {event: CmdRsp, data: {'opcode': 0, 'status': 132, 'data': bytearray(b'')}}
2019-07-10 19:34:57,631 - ERROR - tty.usbmodem0006822145041: None: ERROR_INVALID_LENGTH
2019-07-10 19:34:57,631 - DEBUG - tty.usbmodem0006822145041: RX: 03840084
2019-07-10 19:34:57,631 - DEBUG - tty.usbmodem0006822145041: parsed_packet {event: CmdRsp, data: {'opcode': 0, 'status': 132, 'data': bytearray(b'')}}
2019-07-10 19:34:57,641 - ERROR - tty.usbmodem0006822145041: None: ERROR_INVALID_LENGTH
2019-07-10 19:34:57,642 - DEBUG - tty.usbmodem0006822145041: RX: 03840084
2019-07-10 19:34:57,642 - DEBUG - tty.usbmodem0006822145041: parsed_packet {event: CmdRsp, data: {'opcode': 0, 'status': 132, 'data': bytearray(b'')}}
2019-07-10 19:34:57,642 - ERROR - tty.usbmodem0006822145041: None: ERROR_INVALID_LENGTH
2019-07-10 19:34:57,642 - DEBUG - tty.usbmodem0006822145041: RX: 03840084
2019-07-10 19:34:57,643 - DEBUG - tty.usbmodem0006822145041: parsed_packet {event: CmdRsp, data: {'opcode': 0, 'status': 132, 'data': bytearray(b'')}}
2019-07-10 19:34:57,643 - ERROR - tty.usbmodem0006822145041: None: ERROR_INVALID_LENGTH
2019-07-10 19:34:57,643 - DEBUG - tty.usbmodem0006822145041: RX: 03849f8e
2019-07-10 19:34:57,643 - DEBUG - tty.usbmodem0006822145041: parsed_packet {event: CmdRsp, data: {'opcode': 159, 'status': 142, 'data': bytearray(b'')}}
2019-07-10 19:34:57,650 - ERROR - tty.usbmodem0006822145041: None: ERROR_REJECTED
2019-07-10 19:34:57,650 - DEBUG - tty.usbmodem0006822145041: RX: 03849281
2019-07-10 19:34:57,650 - DEBUG - tty.usbmodem0006822145041: parsed_packet {event: CmdRsp, data: {'opcode': 146, 'status': 129, 'data': bytearray(b'')}}
2019-07-10 19:34:57,650 - ERROR - tty.usbmodem0006822145041: SubnetAdd: ERROR_INTERNAL
2019-07-10 19:34:57,650 - DEBUG - tty.usbmodem0006822145041: RX: 03849781
2019-07-10 19:34:57,651 - DEBUG - tty.usbmodem0006822145041: parsed_packet {event: CmdRsp, data: {'opcode': 151, 'status': 129, 'data': bytearray(b'')}}
2019-07-10 19:34:57,651 - ERROR - tty.usbmodem0006822145041: AppkeyAdd: ERROR_INTERNAL
2019-07-10 19:34:57,651 - DEBUG - tty.usbmodem0006822145041: RX: 03849781
2019-07-10 19:34:57,651 - DEBUG - tty.usbmodem0006822145041: parsed_packet {event: CmdRsp, data: {'opcode': 151, 'status': 129, 'data': bytearray(b'')}}
2019-07-10 19:34:57,661 - ERROR - tty.usbmodem0006822145041: AppkeyAdd: ERROR_INTERNAL
2019-07-10 19:34:57,661 - DEBUG - tty.usbmodem0006822145041: RX: 0584a4000000
2019-07-10 19:34:57,662 - DEBUG - tty.usbmodem0006822145041: parsed_packet {event: CmdRsp, data: {'opcode': 164, 'status': 0, 'data': bytearray(b'\x00\x00')}}
2019-07-10 19:34:57,662 - INFO - tty.usbmodem0006822145041: AddrPublicationAdd: {'address_handle': 0}
2019-07-10 19:34:58,603 - DEBUG - tty.usbmodem0006822145041: Writing: 161 bytearray(b'\x01\xc0')
2019-07-10 19:34:58,603 - DEBUG - tty.usbmodem0006822145041: TX: 03a101c0
2019-07-10 19:34:58,605 - DEBUG - tty.usbmodem0006822145041: RX: 0584a1000100
2019-07-10 19:34:58,605 - DEBUG - tty.usbmodem0006822145041: parsed_packet {event: CmdRsp, data: {'opcode': 161, 'status': 0, 'data': bytearray(b'\x01\x00')}}
2019-07-10 19:34:58,605 - INFO - tty.usbmodem0006822145041: AddrSubscriptionAdd: {'address_handle': 1}
2019-07-10 19:34:59,603 - DEBUG - tty.usbmodem0006822145041: Writing: 164 bytearray(b'\xc7\x00')
2019-07-10 19:34:59,604 - DEBUG - tty.usbmodem0006822145041: TX: 03a4c700
2019-07-10 19:34:59,606 - DEBUG - tty.usbmodem0006822145041: RX: 0584a4000200
2019-07-10 19:34:59,606 - DEBUG - tty.usbmodem0006822145041: parsed_packet {event: CmdRsp, data: {'opcode': 164, 'status': 0, 'data': bytearray(b'\x02\x00')}}
2019-07-10 19:34:59,606 - INFO - tty.usbmodem0006822145041: AddrPublicationAdd: {'address_handle': 2}
2019-07-10 19:35:00,607 - DEBUG - tty.usbmodem0006822145041: Writing: 164 bytearray(b'\xc8\x00')
2019-07-10 19:35:00,607 - DEBUG - tty.usbmodem0006822145041: TX: 03a4c800
2019-07-10 19:35:00,609 - DEBUG - tty.usbmodem0006822145041: RX: 0584a4000300
2019-07-10 19:35:00,609 - DEBUG - tty.usbmodem0006822145041: parsed_packet {event: CmdRsp, data: {'opcode': 164, 'status': 0, 'data': bytearray(b'\x03\x00')}}
2019-07-10 19:35:00,610 - INFO - tty.usbmodem0006822145041: AddrPublicationAdd: {'address_handle': 3}
2019-07-10 19:35:01,609 - DEBUG - tty.usbmodem0006822145041: Writing: 164 bytearray(b'\xc9\x00')
2019-07-10 19:35:01,610 - DEBUG - tty.usbmodem0006822145041: TX: 03a4c900
2019-07-10 19:35:01,612 - DEBUG - tty.usbmodem0006822145041: RX: 0584a4000400
2019-07-10 19:35:01,613 - DEBUG - tty.usbmodem0006822145041: parsed_packet {event: CmdRsp, data: {'opcode': 164, 'status': 0, 'data': bytearray(b'\x04\x00')}}
2019-07-10 19:35:01,615 - INFO - tty.usbmodem0006822145041: AddrPublicationAdd: {'address_handle': 4}
2019-07-10 19:35:02,611 - DEBUG - tty.usbmodem0006822145041: Writing: 164 bytearray(b'\xca\x00')
2019-07-10 19:35:02,612 - DEBUG - tty.usbmodem0006822145041: TX: 03a4ca00
2019-07-10 19:35:02,615 - DEBUG - tty.usbmodem0006822145041: RX: 0584a4000500
2019-07-10 19:35:02,615 - DEBUG - tty.usbmodem0006822145041: parsed_packet {event: CmdRsp, data: {'opcode': 164, 'status': 0, 'data': bytearray(b'\x05\x00')}}
2019-07-10 19:35:02,615 - INFO - tty.usbmodem0006822145041: AddrPublicationAdd: {'address_handle': 5}
2019-07-10 19:35:03,612 - DEBUG - tty.usbmodem0006822145041: Writing: 164 bytearray(b'\xcb\x00')
2019-07-10 19:35:03,613 - DEBUG - tty.usbmodem0006822145041: TX: 03a4cb00
2019-07-10 19:35:03,615 - DEBUG - tty.usbmodem0006822145041: RX: 0584a4000600
2019-07-10 19:35:03,615 - DEBUG - tty.usbmodem0006822145041: parsed_packet {event: CmdRsp, data: {'opcode': 164, 'status': 0, 'data': bytearray(b'\x06\x00')}}
2019-07-10 19:35:03,615 - INFO - tty.usbmodem0006822145041: AddrPublicationAdd: {'address_handle': 6}
2019-07-10 19:35:04,614 - DEBUG - tty.usbmodem0006822145041: Writing: 164 bytearray(b'\xcc\x00')
2019-07-10 19:35:04,615 - DEBUG - tty.usbmodem0006822145041: TX: 03a4cc00
2019-07-10 19:35:04,618 - DEBUG - tty.usbmodem0006822145041: RX: 0584a4000700
2019-07-10 19:35:04,618 - DEBUG - tty.usbmodem0006822145041: parsed_packet {event: CmdRsp, data: {'opcode': 164, 'status': 0, 'data': bytearray(b'\x07\x00')}}
2019-07-10 19:35:04,618 - INFO - tty.usbmodem0006822145041: AddrPublicationAdd: {'address_handle': 7}
2019-07-10 19:35:05,619 - DEBUG - tty.usbmodem0006822145041: Writing: 164 bytearray(b'\xcd\x00')
2019-07-10 19:35:05,619 - DEBUG - tty.usbmodem0006822145041: TX: 03a4cd00
2019-07-10 19:35:05,621 - DEBUG - tty.usbmodem0006822145041: RX: 0584a4000800
2019-07-10 19:35:05,621 - DEBUG - tty.usbmodem0006822145041: parsed_packet {event: CmdRsp, data: {'opcode': 164, 'status': 0, 'data': bytearray(b'\x08\x00')}}
2019-07-10 19:35:05,622 - INFO - tty.usbmodem0006822145041: AddrPublicationAdd: {'address_handle': 8}
2019-07-10 19:35:06,621 - DEBUG - tty.usbmodem0006822145041: Writing: 164 bytearray(b'\xce\x00')
2019-07-10 19:35:06,621 - DEBUG - tty.usbmodem0006822145041: TX: 03a4ce00
2019-07-10 19:35:06,623 - DEBUG - tty.usbmodem0006822145041: RX: 0584a4000900
2019-07-10 19:35:06,623 - DEBUG - tty.usbmodem0006822145041: parsed_packet {event: CmdRsp, data: {'opcode': 164, 'status': 0, 'data': bytearray(b'\t\x00')}}
2019-07-10 19:35:06,623 - INFO - tty.usbmodem0006822145041: AddrPublicationAdd: {'address_handle': 9}
2019-07-10 19:35:07,623 - DEBUG - tty.usbmodem0006822145041: Writing: 164 bytearray(b'\xcf\x00')
2019-07-10 19:35:07,623 - DEBUG - tty.usbmodem0006822145041: TX: 03a4cf00
2019-07-10 19:35:07,625 - DEBUG - tty.usbmodem0006822145041: RX: 0584a4000a00
2019-07-10 19:35:07,625 - DEBUG - tty.usbmodem0006822145041: parsed_packet {event: CmdRsp, data: {'opcode': 164, 'status': 0, 'data': bytearray(b'\n\x00')}}
2019-07-10 19:35:07,625 - INFO - tty.usbmodem0006822145041: AddrPublicationAdd: {'address_handle': 10}
2019-07-10 19:35:08,624 - DEBUG - tty.usbmodem0006822145041: Writing: 164 bytearray(b'\xd0\x00')
2019-07-10 19:35:08,625 - DEBUG - tty.usbmodem0006822145041: TX: 03a4d000
2019-07-10 19:35:08,627 - DEBUG - tty.usbmodem0006822145041: RX: 0584a4000b00
2019-07-10 19:35:08,627 - DEBUG - tty.usbmodem0006822145041: parsed_packet {event: CmdRsp, data: {'opcode': 164, 'status': 0, 'data': bytearray(b'\x0b\x00')}}
2019-07-10 19:35:08,627 - INFO - tty.usbmodem0006822145041: AddrPublicationAdd: {'address_handle': 11}
2019-07-10 19:35:09,628 - DEBUG - tty.usbmodem0006822145041: Writing: 164 bytearray(b'\xd1\x00')
2019-07-10 19:35:09,628 - DEBUG - tty.usbmodem0006822145041: TX: 03a4d100
2019-07-10 19:35:09,630 - DEBUG - tty.usbmodem0006822145041: RX: 0584a4000c00
2019-07-10 19:35:09,632 - DEBUG - tty.usbmodem0006822145041: parsed_packet {event: CmdRsp, data: {'opcode': 164, 'status': 0, 'data': bytearray(b'\x0c\x00')}}
2019-07-10 19:35:09,632 - INFO - tty.usbmodem0006822145041: AddrPublicationAdd: {'address_handle': 12}
2019-07-10 19:35:10,632 - DEBUG - tty.usbmodem0006822145041: Writing: 164 bytearray(b'\xd2\x00')
2019-07-10 19:35:10,633 - DEBUG - tty.usbmodem0006822145041: TX: 03a4d200
2019-07-10 19:35:10,635 - DEBUG - tty.usbmodem0006822145041: RX: 0584a4000d00
2019-07-10 19:35:10,636 - DEBUG - tty.usbmodem0006822145041: parsed_packet {event: CmdRsp, data: {'opcode': 164, 'status': 0, 'data': bytearray(b'\r\x00')}}
2019-07-10 19:35:10,636 - INFO - tty.usbmodem0006822145041: AddrPublicationAdd: {'address_handle': 13}
2019-07-10 19:35:11,636 - DEBUG - tty.usbmodem0006822145041: Writing: 164 bytearray(b'\xd3\x00')
2019-07-10 19:35:11,637 - DEBUG - tty.usbmodem0006822145041: TX: 03a4d300
2019-07-10 19:35:11,639 - DEBUG - tty.usbmodem0006822145041: RX: 0584a4000e00
2019-07-10 19:35:11,640 - DEBUG - tty.usbmodem0006822145041: parsed_packet {event: CmdRsp, data: {'opcode': 164, 'status': 0, 'data': bytearray(b'\x0e\x00')}}
2019-07-10 19:35:11,640 - INFO - tty.usbmodem0006822145041: AddrPublicationAdd: {'address_handle': 14}
2019-07-10 19:35:12,640 - DEBUG - tty.usbmodem0006822145041: Writing: 164 bytearray(b'\xc6\x00')
2019-07-10 19:35:12,640 - DEBUG - tty.usbmodem0006822145041: TX: 03a4c600
2019-07-10 19:35:12,642 - DEBUG - tty.usbmodem0006822145041: RX: 0584a4000000
2019-07-10 19:35:12,642 - DEBUG - tty.usbmodem0006822145041: parsed_packet {event: CmdRsp, data: {'opcode': 164, 'status': 0, 'data': bytearray(b'\x00\x00')}}
2019-07-10 19:35:12,643 - INFO - tty.usbmodem0006822145041: AddrPublicationAdd: {'address_handle': 0}
2019-07-10 19:35:13,641 - DEBUG - tty.usbmodem0006822145041: Writing: 164 bytearray(b'\x01\xc0')
2019-07-10 19:35:13,641 - DEBUG - tty.usbmodem0006822145041: TX: 03a401c0
2019-07-10 19:35:13,643 - DEBUG - tty.usbmodem0006822145041: RX: 0584a4000100
2019-07-10 19:35:13,643 - DEBUG - tty.usbmodem0006822145041: parsed_packet {event: CmdRsp, data: {'opcode': 164, 'status': 0, 'data': bytearray(b'\x01\x00')}}
2019-07-10 19:35:13,644 - INFO - tty.usbmodem0006822145041: AddrPublicationAdd: {'address_handle': 1}
2019-07-10 19:35:16,210 - DEBUG - tty.usbmodem0006822145041: Writing: 97 bytearray(b'')
2019-07-10 19:35:16,212 - DEBUG - tty.usbmodem0006822145041: TX: 0161
2019-07-10 19:35:16,220 - DEBUG - tty.usbmodem0006822145041: RX: 03846100
2019-07-10 19:35:16,220 - DEBUG - tty.usbmodem0006822145041: parsed_packet {event: CmdRsp, data: {'opcode': 97, 'status': 0, 'data': bytearray(b'')}}
2019-07-10 19:35:16,221 - INFO - tty.usbmodem0006822145041: Success
2019-07-10 19:35:16,295 - DEBUG - tty.usbmodem0006822145041: RX: 1ac09db77a0526b8734988639509c242d107c90001c8639509c2c2
2019-07-10 19:35:16,295 - DEBUG - tty.usbmodem0006822145041: parsed_packet {event: ProvUnprovisionedReceived, data: {'uuid': bytearray(b'\x9d\xb7z\x05&\xb8sI\x88c\x95\t\xc2B\xd1\x07'), 'rssi': -55, 'gatt_supported': 0, 'adv_addr_type': 1, 'adv_addr': bytearray(b'\xc8c\x95\t\xc2\xc2')}}
2019-07-10 19:35:16,296 - INFO - tty.usbmodem0006822145041: {event: ProvUnprovisionedReceived, data: {'uuid': bytearray(b'\x9d\xb7z\x05&\xb8sI\x88c\x95\t\xc2B\xd1\x07'), 'rssi': -55, 'gatt_supported': 0, 'adv_addr_type': 1, 'adv_addr': bytearray(b'\xc8c\x95\t\xc2\xc2')}}
2019-07-10 19:35:16,297 - INFO - tty.usbmodem0006822145041: Received UUID 9db77a0526b8734988639509c242d107 with RSSI: -55 dB
2019-07-10 19:35:18,294 - DEBUG - tty.usbmodem0006822145041: RX: 1ac09db77a0526b8734988639509c242d107d00001c8639509c2c2
2019-07-10 19:35:18,294 - DEBUG - tty.usbmodem0006822145041: parsed_packet {event: ProvUnprovisionedReceived, data: {'uuid': bytearray(b'\x9d\xb7z\x05&\xb8sI\x88c\x95\t\xc2B\xd1\x07'), 'rssi': -48, 'gatt_supported': 0, 'adv_addr_type': 1, 'adv_addr': bytearray(b'\xc8c\x95\t\xc2\xc2')}}
2019-07-10 19:35:18,295 - INFO - tty.usbmodem0006822145041: {event: ProvUnprovisionedReceived, data: {'uuid': bytearray(b'\x9d\xb7z\x05&\xb8sI\x88c\x95\t\xc2B\xd1\x07'), 'rssi': -48, 'gatt_supported': 0, 'adv_addr_type': 1, 'adv_addr': bytearray(b'\xc8c\x95\t\xc2\xc2')}}
2019-07-10 19:35:20,298 - DEBUG - tty.usbmodem0006822145041: RX: 1ac09db77a0526b8734988639509c242d107ce0001c8639509c2c2
2019-07-10 19:35:20,299 - DEBUG - tty.usbmodem0006822145041: parsed_packet {event: ProvUnprovisionedReceived, data: {'uuid': bytearray(b'\x9d\xb7z\x05&\xb8sI\x88c\x95\t\xc2B\xd1\x07'), 'rssi': -50, 'gatt_supported': 0, 'adv_addr_type': 1, 'adv_addr': bytearray(b'\xc8c\x95\t\xc2\xc2')}}
2019-07-10 19:35:20,299 - INFO - tty.usbmodem0006822145041: {event: ProvUnprovisionedReceived, data: {'uuid': bytearray(b'\x9d\xb7z\x05&\xb8sI\x88c\x95\t\xc2B\xd1\x07'), 'rssi': -50, 'gatt_supported': 0, 'adv_addr_type': 1, 'adv_addr': bytearray(b'\xc8c\x95\t\xc2\xc2')}}
2019-07-10 19:35:22,317 - DEBUG - tty.usbmodem0006822145041: RX: 1ac09db77a0526b8734988639509c242d107c90001c8639509c2c2
2019-07-10 19:35:22,317 - DEBUG - tty.usbmodem0006822145041: parsed_packet {event: ProvUnprovisionedReceived, data: {'uuid': bytearray(b'\x9d\xb7z\x05&\xb8sI\x88c\x95\t\xc2B\xd1\x07'), 'rssi': -55, 'gatt_supported': 0, 'adv_addr_type': 1, 'adv_addr': bytearray(b'\xc8c\x95\t\xc2\xc2')}}
2019-07-10 19:35:22,319 - INFO - tty.usbmodem0006822145041: {event: ProvUnprovisionedReceived, data: {'uuid': bytearray(b'\x9d\xb7z\x05&\xb8sI\x88c\x95\t\xc2B\xd1\x07'), 'rssi': -55, 'gatt_supported': 0, 'adv_addr_type': 1, 'adv_addr': bytearray(b'\xc8c\x95\t\xc2\xc2')}}
2019-07-10 19:35:22,419 - ERROR - tty.usbmodem0006822145041: uuid 9db77a0526b8734988639509c242d107 already in database
2019-07-10 19:35:22,420 - ERROR - tty.usbmodem0006822145041: Remove node 9db77a0526b8734988639509c242d107 from database
2019-07-10 19:35:22,420 - DEBUG - tty.usbmodem0006822145041: Writing: 98 bytearray(b'')
2019-07-10 19:35:22,422 - DEBUG - tty.usbmodem0006822145041: TX: 0162
2019-07-10 19:35:22,428 - DEBUG - tty.usbmodem0006822145041: Writing: 99 bytearray(b'\x00\x9d\xb7z\x05&\xb8sI\x88c\x95\t\xc2B\xd1\x07\x18\xee\xd9\xc2\xa5j\xdd\x85\x04\x9f\xfc<Y\xad\x0e\x12\x00\x00\x00\x00\x00\x00\x8a\x01\x00\x00\x00')
2019-07-10 19:35:22,429 - DEBUG - tty.usbmodem0006822145041: TX: 2d63009db77a0526b8734988639509c242d10718eed9c2a56add85049ffc3c59ad0e120000000000008a01000000
2019-07-10 19:35:22,429 - DEBUG - tty.usbmodem0006822145041: RX: 03846200
2019-07-10 19:35:22,430 - DEBUG - tty.usbmodem0006822145041: parsed_packet {event: CmdRsp, data: {'opcode': 98, 'status': 0, 'data': bytearray(b'')}}
2019-07-10 19:35:22,431 - INFO - tty.usbmodem0006822145041: Success
2019-07-10 19:35:22,435 - DEBUG - tty.usbmodem0006822145041: RX: 0484630000
2019-07-10 19:35:22,435 - DEBUG - tty.usbmodem0006822145041: parsed_packet {event: CmdRsp, data: {'opcode': 99, 'status': 0, 'data': bytearray(b'\x00')}}
2019-07-10 19:35:22,436 - INFO - tty.usbmodem0006822145041: Provision: {'context': 0}
2019-07-10 19:35:22,443 - DEBUG - tty.usbmodem0006822145041: RX: 02c100
2019-07-10 19:35:22,443 - DEBUG - tty.usbmodem0006822145041: parsed_packet {event: ProvLinkEstablished, data: {'context_id': 0}}
2019-07-10 19:35:22,444 - INFO - tty.usbmodem0006822145041: {event: ProvLinkEstablished, data: {'context_id': 0}}
2019-07-10 19:35:22,444 - INFO - tty.usbmodem0006822145041: Link established
2019-07-10 19:35:22,486 - DEBUG - tty.usbmodem0006822145041: RX: 0bc3000e0001000000000000
2019-07-10 19:35:22,487 - DEBUG - tty.usbmodem0006822145041: parsed_packet {event: ProvCapsReceived, data: {'context_id': 0, 'num_elements': 14, 'public_key_type': 0, 'static_oob_types': 1, 'output_oob_size': 0, 'output_oob_actions': 0, 'input_oob_size': 0, 'input_oob_actions': 0}}
2019-07-10 19:35:22,488 - INFO - tty.usbmodem0006822145041: {event: ProvCapsReceived, data: {'context_id': 0, 'num_elements': 14, 'public_key_type': 0, 'static_oob_types': 1, 'output_oob_size': 0, 'output_oob_actions': 0, 'input_oob_size': 0, 'input_oob_actions': 0}}
2019-07-10 19:35:22,488 - INFO - tty.usbmodem0006822145041: Received capabilities
2019-07-10 19:35:22,488 - INFO - tty.usbmodem0006822145041: Number of elements: 14
2019-07-10 19:35:22,489 - DEBUG - tty.usbmodem0006822145041: Writing: 102 bytearray(b'\x00\x00\x00\x00')
2019-07-10 19:35:22,489 - DEBUG - tty.usbmodem0006822145041: TX: 056600000000
2019-07-10 19:35:22,491 - DEBUG - tty.usbmodem0006822145041: RX: 0484660000
2019-07-10 19:35:22,493 - DEBUG - tty.usbmodem0006822145041: parsed_packet {event: CmdRsp, data: {'opcode': 102, 'status': 0, 'data': bytearray(b'\x00')}}
2019-07-10 19:35:22,494 - INFO - tty.usbmodem0006822145041: OobUse: {'context': 0}
2019-07-10 19:35:22,669 - DEBUG - tty.usbmodem0006822145041: RX: 62c700c28196a9f34d5ca80953146522315b01b627b4de69ab77c1ebce9389cd32d4a4bb8da1adb929f76f08df4d0ad74b9d317f2364bcce2dcfe5b0ecbbe23bbbae47f950cf2e96623f8a33cf0de5ae688732efc9a178e1d7f33b401c3b7140996672
2019-07-10 19:35:22,670 - DEBUG - tty.usbmodem0006822145041: parsed_packet {event: ProvEcdhRequest, data: {'context_id': 0, 'peer_public': bytearray(b'\xc2\x81\x96\xa9\xf3M\\\xa8\tS\x14e"1[\x01\xb6\'\xb4\xdei\xabw\xc1\xeb\xce\x93\x89\xcd2\xd4\xa4\xbb\x8d\xa1\xad\xb9)\xf7o\x08\xdfM\n\xd7K\x9d1\x7f#d\xbc\xce-\xcf\xe5\xb0\xec\xbb\xe2;\xbb\xaeG'), 'node_private': bytearray(b'\xf9P\xcf.\x96b?\x8a3\xcf\r\xe5\xaeh\x872\xef\xc9\xa1x\xe1\xd7\xf3;@\x1c;q@\x99fr')}}
2019-07-10 19:35:22,670 - INFO - tty.usbmodem0006822145041: {event: ProvEcdhRequest, data: {'context_id': 0, 'peer_public': bytearray(b'\xc2\x81\x96\xa9\xf3M\\\xa8\tS\x14e"1[\x01\xb6\'\xb4\xdei\xabw\xc1\xeb\xce\x93\x89\xcd2\xd4\xa4\xbb\x8d\xa1\xad\xb9)\xf7o\x08\xdfM\n\xd7K\x9d1\x7f#d\xbc\xce-\xcf\xe5\xb0\xec\xbb\xe2;\xbb\xaeG'), 'node_private': bytearray(b'\xf9P\xcf.\x96b?\x8a3\xcf\r\xe5\xaeh\x872\xef\xc9\xa1x\xe1\xd7\xf3;@\x1c;q@\x99fr')}}
2019-07-10 19:35:22,670 - INFO - tty.usbmodem0006822145041: ECDH request received
2019-07-10 19:35:22,671 - DEBUG - tty.usbmodem0006822145041: Writing: 104 bytearray(b'\x00\x14k].(=E\xcf\xec\xe1\xc7]\xf0\xb2\xe8\xeb\x8fvR#b\x03\x16\xe7\xab\x8c\x131\x9fm\xad\x95')
2019-07-10 19:35:22,671 - DEBUG - tty.usbmodem0006822145041: TX: 226800146b5d2e283d45cfece1c75df0b2e8eb8f765223620316e7ab8c13319f6dad95
2019-07-10 19:35:22,676 - DEBUG - tty.usbmodem0006822145041: RX: 0484680000
2019-07-10 19:35:22,676 - DEBUG - tty.usbmodem0006822145041: parsed_packet {event: CmdRsp, data: {'opcode': 104, 'status': 0, 'data': bytearray(b'\x00')}}
2019-07-10 19:35:22,677 - INFO - tty.usbmodem0006822145041: EcdhSecret: {'context': 0}
2019-07-10 19:35:23,016 - DEBUG - tty.usbmodem0006822145041: RX: 2cc5000000000000008a010000aae79a891878749a0b6db03be86acbee18eed9c2a56add85049ffc3c59ad0e12
2019-07-10 19:35:23,016 - DEBUG - tty.usbmodem0006822145041: parsed_packet {event: ProvComplete, data: {'context_id': 0, 'iv_index': 0, 'net_key_index': 0, 'address': 394, 'iv_update_flag': 0, 'key_refresh_flag': 0, 'device_key': bytearray(b'\xaa\xe7\x9a\x89\x18xt\x9a\x0bm\xb0;\xe8j\xcb\xee'), 'net_key': bytearray(b'\x18\xee\xd9\xc2\xa5j\xdd\x85\x04\x9f\xfc<Y\xad\x0e\x12')}}
2019-07-10 19:35:23,017 - INFO - tty.usbmodem0006822145041: {event: ProvComplete, data: {'context_id': 0, 'iv_index': 0, 'net_key_index': 0, 'address': 394, 'iv_update_flag': 0, 'key_refresh_flag': 0, 'device_key': bytearray(b'\xaa\xe7\x9a\x89\x18xt\x9a\x0bm\xb0;\xe8j\xcb\xee'), 'net_key': bytearray(b'\x18\xee\xd9\xc2\xa5j\xdd\x85\x04\x9f\xfc<Y\xad\x0e\x12')}}
2019-07-10 19:35:23,017 - INFO - tty.usbmodem0006822145041: Provisioning complete
2019-07-10 19:35:23,017 - INFO - tty.usbmodem0006822145041: 	Address(es): 0x18a-0x197
2019-07-10 19:35:23,017 - INFO - tty.usbmodem0006822145041: 	Device key: aae79a891878749a0b6db03be86acbee
2019-07-10 19:35:23,017 - INFO - tty.usbmodem0006822145041: 	Network key: 18eed9c2a56add85049ffc3c59ad0e12
2019-07-10 19:35:23,017 - INFO - tty.usbmodem0006822145041: Adding device key to subnet 0
2019-07-10 19:35:23,018 - INFO - tty.usbmodem0006822145041: Adding publication address of root element
2019-07-10 19:35:23,018 - DEBUG - tty.usbmodem0006822145041: Writing: 156 bytearray(b'\x8a\x01\x00\x00\xaa\xe7\x9a\x89\x18xt\x9a\x0bm\xb0;\xe8j\xcb\xee')
2019-07-10 19:35:23,018 - DEBUG - tty.usbmodem0006822145041: TX: 159c8a010000aae79a891878749a0b6db03be86acbee
2019-07-10 19:35:23,020 - INFO - tty.usbmodem0006822145041: Adding device key bytearray(b'\x8a\x01\x00\x00\xaa\xe7\x9a\x89\x18xt\x9a\x0bm\xb0;\xe8j\xcb\xee')
2019-07-10 19:35:23,020 - DEBUG - tty.usbmodem0006822145041: Writing: 164 bytearray(b'\x8a\x01')
2019-07-10 19:35:23,020 - DEBUG - tty.usbmodem0006822145041: TX: 03a48a01
2019-07-10 19:35:25,023 - INFO - tty.usbmodem0006822145041: cmd AddrPublicationAdd, timeout waiting for event
2019-07-10 19:35:33,027 - DEBUG - tty.usbmodem0006822145041: RX: 05849c000a00
2019-07-10 19:35:33,028 - DEBUG - tty.usbmodem0006822145041: parsed_packet {event: CmdRsp, data: {'opcode': 156, 'status': 0, 'data': bytearray(b'\n\x00')}}
2019-07-10 19:35:33,028 - INFO - tty.usbmodem0006822145041: DevkeyAdd: {'devkey_handle': 10}
2019-07-10 19:35:33,037 - DEBUG - tty.usbmodem0006822145041: RX: 0584a4001100
2019-07-10 19:35:33,037 - DEBUG - tty.usbmodem0006822145041: parsed_packet {event: CmdRsp, data: {'opcode': 164, 'status': 0, 'data': bytearray(b'\x11\x00')}}
2019-07-10 19:35:33,038 - INFO - tty.usbmodem0006822145041: AddrPublicationAdd: {'address_handle': 17}
2019-07-10 19:35:33,041 - DEBUG - tty.usbmodem0006822145041: RX: 03c20000
2019-07-10 19:35:33,042 - DEBUG - tty.usbmodem0006822145041: parsed_packet {event: ProvLinkClosed, data: {'context_id': 0, 'close_reason': 0}}
2019-07-10 19:35:33,042 - INFO - tty.usbmodem0006822145041: {event: ProvLinkClosed, data: {'context_id': 0, 'close_reason': 0}}
2019-07-10 19:35:33,047 - INFO - tty.usbmodem0006822145041: Provisioning link closed
2019-07-10 19:38:53,066 - DEBUG - tty.usbmodem0006822145041: exited read event
