2019-06-25 18:04:25,507 - DEBUG - tty.usbmodem0006822145041: Writing: 105 bytearray(b'lP\xaewS@\xe1\x03\xf7\xba\x86\x0e\xe8\xda\x10\x0b\x96\x96\x8f\xb8\x80&\x9e\xf2\xd1\xc2\x94j\xbap\xb2\x02\xc4\xc1\xab\xfc-\xbc\xb4m\xee\xbe\xceK\xcazs\xde\xd5\xfb\x0fv\xd7\xec+\xdfK\xaf5\x83\xfeS\x01\x9aIA`\x05\xb4\x9e8\xb5\x18V\x0e\xa1`\x137\x92\xb8G\x88:\x17\xa6;`\xcd\xcc\xe6\xdc3\xd7R\xd1')
2019-06-25 18:04:25,507 - DEBUG - tty.usbmodem0006822145041: TX: 61696c50ae775340e103f7ba860ee8da100b96968fb880269ef2d1c2946aba70b202c4c1abfc2dbcb46deebece4bca7a73ded5fb0f76d7ec2bdf4baf3583fe53019a49416005b49e38b518560ea160133792b847883a17a63b60cdcce6dc33d752d1
2019-06-25 18:04:25,517 - DEBUG - tty.usbmodem0006822145041: RX: 03845384
2019-06-25 18:04:25,518 - DEBUG - tty.usbmodem0006822145041: parsed_packet {event: CmdRsp, data: {'opcode': 83, 'status': 132, 'data': bytearray(b'')}}
2019-06-25 18:04:25,519 - ERROR - tty.usbmodem0006822145041: None: ERROR_INVALID_LENGTH
2019-06-25 18:04:25,519 - DEBUG - tty.usbmodem0006822145041: Writing: 159 bytearray(b'\x01\x00\x01\x00')
2019-06-25 18:04:25,520 - DEBUG - tty.usbmodem0006822145041: TX: 059f01000100
2019-06-25 18:04:25,520 - DEBUG - tty.usbmodem0006822145041: RX: 03840084
2019-06-25 18:04:25,520 - DEBUG - tty.usbmodem0006822145041: parsed_packet {event: CmdRsp, data: {'opcode': 0, 'status': 132, 'data': bytearray(b'')}}
2019-06-25 18:04:25,520 - ERROR - tty.usbmodem0006822145041: None: ERROR_INVALID_LENGTH
2019-06-25 18:04:25,521 - DEBUG - tty.usbmodem0006822145041: Writing: 146 bytearray(b'\x00\x00\x18\xee\xd9\xc2\xa5j\xdd\x85\x04\x9f\xfc<Y\xad\x0e\x12')
2019-06-25 18:04:25,521 - DEBUG - tty.usbmodem0006822145041: TX: 1392000018eed9c2a56add85049ffc3c59ad0e12
2019-06-25 18:04:25,521 - DEBUG - tty.usbmodem0006822145041: RX: 03840084
2019-06-25 18:04:25,522 - DEBUG - tty.usbmodem0006822145041: parsed_packet {event: CmdRsp, data: {'opcode': 0, 'status': 132, 'data': bytearray(b'')}}
2019-06-25 18:04:25,522 - ERROR - tty.usbmodem0006822145041: None: ERROR_INVALID_LENGTH
2019-06-25 18:04:25,522 - DEBUG - tty.usbmodem0006822145041: Writing: 151 bytearray(b'\x00\x00\x00\x00Oh\xad\x85\xd9\xf4\x8a\xc8X\x9d\xf6e\xb6\xb4\x9b\x8a')
2019-06-25 18:04:25,522 - DEBUG - tty.usbmodem0006822145041: TX: 1597000000004f68ad85d9f48ac8589df665b6b49b8a
2019-06-25 18:04:25,522 - DEBUG - tty.usbmodem0006822145041: RX: 03840084
2019-06-25 18:04:25,522 - DEBUG - tty.usbmodem0006822145041: parsed_packet {event: CmdRsp, data: {'opcode': 0, 'status': 132, 'data': bytearray(b'')}}
2019-06-25 18:04:25,523 - ERROR - tty.usbmodem0006822145041: None: ERROR_INVALID_LENGTH
2019-06-25 18:04:25,523 - DEBUG - tty.usbmodem0006822145041: Writing: 151 bytearray(b'\x01\x00\x00\x00*\xa2\xa6\xde\xd5\xa0y\x8c\xea\xb5x|\xa3\xae9\xfc')
2019-06-25 18:04:25,523 - DEBUG - tty.usbmodem0006822145041: TX: 1597010000002aa2a6ded5a0798ceab5787ca3ae39fc
2019-06-25 18:04:25,523 - DEBUG - tty.usbmodem0006822145041: RX: 03840084
2019-06-25 18:04:25,523 - DEBUG - tty.usbmodem0006822145041: parsed_packet {event: CmdRsp, data: {'opcode': 0, 'status': 132, 'data': bytearray(b'')}}
2019-06-25 18:04:25,523 - ERROR - tty.usbmodem0006822145041: None: ERROR_INVALID_LENGTH
2019-06-25 18:04:25,524 - DEBUG - tty.usbmodem0006822145041: RX: 03840084
2019-06-25 18:04:25,524 - DEBUG - tty.usbmodem0006822145041: parsed_packet {event: CmdRsp, data: {'opcode': 0, 'status': 132, 'data': bytearray(b'')}}
2019-06-25 18:04:25,524 - ERROR - tty.usbmodem0006822145041: None: ERROR_INVALID_LENGTH
2019-06-25 18:04:25,524 - DEBUG - tty.usbmodem0006822145041: RX: 03840084
2019-06-25 18:04:25,524 - DEBUG - tty.usbmodem0006822145041: parsed_packet {event: CmdRsp, data: {'opcode': 0, 'status': 132, 'data': bytearray(b'')}}
2019-06-25 18:04:25,524 - ERROR - tty.usbmodem0006822145041: None: ERROR_INVALID_LENGTH
2019-06-25 18:04:25,524 - DEBUG - tty.usbmodem0006822145041: RX: 03840084
2019-06-25 18:04:25,524 - DEBUG - tty.usbmodem0006822145041: parsed_packet {event: CmdRsp, data: {'opcode': 0, 'status': 132, 'data': bytearray(b'')}}
2019-06-25 18:04:25,524 - ERROR - tty.usbmodem0006822145041: None: ERROR_INVALID_LENGTH
2019-06-25 18:04:25,525 - DEBUG - tty.usbmodem0006822145041: RX: 03840084
2019-06-25 18:04:25,525 - DEBUG - tty.usbmodem0006822145041: parsed_packet {event: CmdRsp, data: {'opcode': 0, 'status': 132, 'data': bytearray(b'')}}
2019-06-25 18:04:25,525 - ERROR - tty.usbmodem0006822145041: None: ERROR_INVALID_LENGTH
2019-06-25 18:04:25,525 - DEBUG - tty.usbmodem0006822145041: RX: 03840084
2019-06-25 18:04:25,526 - DEBUG - tty.usbmodem0006822145041: parsed_packet {event: CmdRsp, data: {'opcode': 0, 'status': 132, 'data': bytearray(b'')}}
2019-06-25 18:04:25,526 - ERROR - tty.usbmodem0006822145041: None: ERROR_INVALID_LENGTH
2019-06-25 18:04:25,526 - DEBUG - tty.usbmodem0006822145041: RX: 03840084
2019-06-25 18:04:25,526 - DEBUG - tty.usbmodem0006822145041: parsed_packet {event: CmdRsp, data: {'opcode': 0, 'status': 132, 'data': bytearray(b'')}}
2019-06-25 18:04:25,527 - ERROR - tty.usbmodem0006822145041: None: ERROR_INVALID_LENGTH
2019-06-25 18:04:25,527 - DEBUG - tty.usbmodem0006822145041: RX: 03840084
2019-06-25 18:04:25,528 - DEBUG - tty.usbmodem0006822145041: parsed_packet {event: CmdRsp, data: {'opcode': 0, 'status': 132, 'data': bytearray(b'')}}
2019-06-25 18:04:25,528 - ERROR - tty.usbmodem0006822145041: None: ERROR_INVALID_LENGTH
2019-06-25 18:04:25,530 - DEBUG - tty.usbmodem0006822145041: RX: 03840084
2019-06-25 18:04:25,531 - DEBUG - tty.usbmodem0006822145041: parsed_packet {event: CmdRsp, data: {'opcode': 0, 'status': 132, 'data': bytearray(b'')}}
2019-06-25 18:04:25,532 - ERROR - tty.usbmodem0006822145041: None: ERROR_INVALID_LENGTH
2019-06-25 18:04:25,533 - DEBUG - tty.usbmodem0006822145041: RX: 03849f00
2019-06-25 18:04:25,533 - DEBUG - tty.usbmodem0006822145041: parsed_packet {event: CmdRsp, data: {'opcode': 159, 'status': 0, 'data': bytearray(b'')}}
2019-06-25 18:04:25,533 - INFO - tty.usbmodem0006822145041: Success
2019-06-25 18:04:25,533 - DEBUG - tty.usbmodem0006822145041: RX: 058492000000
2019-06-25 18:04:25,534 - DEBUG - tty.usbmodem0006822145041: parsed_packet {event: CmdRsp, data: {'opcode': 146, 'status': 0, 'data': bytearray(b'\x00\x00')}}
2019-06-25 18:04:25,534 - INFO - tty.usbmodem0006822145041: SubnetAdd: {'subnet_handle': 0}
2019-06-25 18:04:25,534 - DEBUG - tty.usbmodem0006822145041: RX: 058497000000
2019-06-25 18:04:25,534 - DEBUG - tty.usbmodem0006822145041: parsed_packet {event: CmdRsp, data: {'opcode': 151, 'status': 0, 'data': bytearray(b'\x00\x00')}}
2019-06-25 18:04:25,534 - INFO - tty.usbmodem0006822145041: AppkeyAdd: {'appkey_handle': 0}
2019-06-25 18:04:25,534 - DEBUG - tty.usbmodem0006822145041: RX: 058497000100
2019-06-25 18:04:25,534 - DEBUG - tty.usbmodem0006822145041: parsed_packet {event: CmdRsp, data: {'opcode': 151, 'status': 0, 'data': bytearray(b'\x01\x00')}}
2019-06-25 18:04:25,534 - INFO - tty.usbmodem0006822145041: AppkeyAdd: {'appkey_handle': 1}
2019-06-25 18:04:26,530 - DEBUG - tty.usbmodem0006822145041: Writing: 97 bytearray(b'')
2019-06-25 18:04:26,530 - DEBUG - tty.usbmodem0006822145041: TX: 0161
2019-06-25 18:04:26,532 - DEBUG - tty.usbmodem0006822145041: RX: 03846100
2019-06-25 18:04:26,532 - DEBUG - tty.usbmodem0006822145041: parsed_packet {event: CmdRsp, data: {'opcode': 97, 'status': 0, 'data': bytearray(b'')}}
2019-06-25 18:04:26,533 - INFO - tty.usbmodem0006822145041: Success
2019-06-25 18:04:27,572 - DEBUG - tty.usbmodem0006822145041: RX: 1ac09db77a0526b8734988639509c242d107dd0001c8639509c2c2
2019-06-25 18:04:27,572 - DEBUG - tty.usbmodem0006822145041: parsed_packet {event: ProvUnprovisionedReceived, data: {'uuid': bytearray(b'\x9d\xb7z\x05&\xb8sI\x88c\x95\t\xc2B\xd1\x07'), 'rssi': -35, 'gatt_supported': 0, 'adv_addr_type': 1, 'adv_addr': bytearray(b'\xc8c\x95\t\xc2\xc2')}}
2019-06-25 18:04:27,573 - INFO - tty.usbmodem0006822145041: Received UUID 9db77a0526b8734988639509c242d107 with RSSI: -35 dB
2019-06-25 18:04:29,541 - DEBUG - tty.usbmodem0006822145041: Writing: 98 bytearray(b'')
2019-06-25 18:04:29,547 - DEBUG - tty.usbmodem0006822145041: TX: 0162
2019-06-25 18:04:29,565 - DEBUG - tty.usbmodem0006822145041: Writing: 99 bytearray(b'\x00\x9d\xb7z\x05&\xb8sI\x88c\x95\t\xc2B\xd1\x07\x18\xee\xd9\xc2\xa5j\xdd\x85\x04\x9f\xfc<Y\xad\x0e\x12\x00\x00\x00\x00\x00\x00$\x00\x00\x00\x00')
2019-06-25 18:04:29,572 - DEBUG - tty.usbmodem0006822145041: TX: 2d63009db77a0526b8734988639509c242d10718eed9c2a56add85049ffc3c59ad0e120000000000002400000000
2019-06-25 18:04:29,594 - DEBUG - tty.usbmodem0006822145041: RX: 03846200
2019-06-25 18:04:29,600 - DEBUG - tty.usbmodem0006822145041: parsed_packet {event: CmdRsp, data: {'opcode': 98, 'status': 0, 'data': bytearray(b'')}}
2019-06-25 18:04:29,600 - INFO - tty.usbmodem0006822145041: Success
2019-06-25 18:04:29,622 - DEBUG - tty.usbmodem0006822145041: RX: 0484630000
2019-06-25 18:04:29,627 - DEBUG - tty.usbmodem0006822145041: parsed_packet {event: CmdRsp, data: {'opcode': 99, 'status': 0, 'data': bytearray(b'\x00')}}
2019-06-25 18:04:29,633 - INFO - tty.usbmodem0006822145041: Provision: {'context': 0}
2019-06-25 18:04:29,658 - DEBUG - tty.usbmodem0006822145041: RX: 02c100
2019-06-25 18:04:29,665 - DEBUG - tty.usbmodem0006822145041: parsed_packet {event: ProvLinkEstablished, data: {'context_id': 0}}
2019-06-25 18:04:29,670 - INFO - tty.usbmodem0006822145041: Link established
2019-06-25 18:04:29,679 - DEBUG - tty.usbmodem0006822145041.ConfigurationClient: Sending opcode: 8008, data: 00
2019-06-25 18:04:29,679 - DEBUG - tty.usbmodem0006822145041: Writing: 171 bytearray(b'\x08\x00\x01\x00\x00\x00\x08\x00\x00\x00\x80\x08\x00')
2019-06-25 18:04:29,679 - DEBUG - tty.usbmodem0006822145041: TX: 0eab08000100000008000000800800
2019-06-25 18:04:29,683 - DEBUG - tty.usbmodem0006822145041: RX: 0384ab8e
2019-06-25 18:04:29,684 - DEBUG - tty.usbmodem0006822145041: parsed_packet {event: CmdRsp, data: {'opcode': 171, 'status': 142, 'data': bytearray(b'')}}
2019-06-25 18:04:29,684 - ERROR - tty.usbmodem0006822145041: PacketSend: ERROR_REJECTED
2019-06-25 18:04:29,684 - DEBUG - tty.usbmodem0006822145041: RX: 0bc300010001000000000000
2019-06-25 18:04:29,685 - DEBUG - tty.usbmodem0006822145041: parsed_packet {event: ProvCapsReceived, data: {'context_id': 0, 'num_elements': 1, 'public_key_type': 0, 'static_oob_types': 1, 'output_oob_size': 0, 'output_oob_actions': 0, 'input_oob_size': 0, 'input_oob_actions': 0}}
2019-06-25 18:04:29,685 - INFO - tty.usbmodem0006822145041: Received capabilities
2019-06-25 18:04:29,685 - INFO - tty.usbmodem0006822145041: Number of elements: 1
2019-06-25 18:04:29,685 - DEBUG - tty.usbmodem0006822145041: Writing: 102 bytearray(b'\x00\x00\x00\x00')
2019-06-25 18:04:29,685 - DEBUG - tty.usbmodem0006822145041: TX: 056600000000
2019-06-25 18:04:29,687 - DEBUG - tty.usbmodem0006822145041: RX: 0484660000
2019-06-25 18:04:29,687 - DEBUG - tty.usbmodem0006822145041: parsed_packet {event: CmdRsp, data: {'opcode': 102, 'status': 0, 'data': bytearray(b'\x00')}}
2019-06-25 18:04:29,687 - INFO - tty.usbmodem0006822145041: OobUse: {'context': 0}
2019-06-25 18:04:31,888 - DEBUG - tty.usbmodem0006822145041: RX: 62c7002fb4b49c0204251db88fc8466b877a8e6ee7e297a587b6b3a01fe5523edc1830d9be4abbcd563e194e02104d4fbe19a96536d139a48c48f7309989a347ae8fc70e9374efe50b30d42ad8808e8b905abac3fd614208e771b891e0bdc4547c69a7
2019-06-25 18:04:31,890 - DEBUG - tty.usbmodem0006822145041: parsed_packet {event: ProvEcdhRequest, data: {'context_id': 0, 'peer_public': bytearray(b'/\xb4\xb4\x9c\x02\x04%\x1d\xb8\x8f\xc8Fk\x87z\x8en\xe7\xe2\x97\xa5\x87\xb6\xb3\xa0\x1f\xe5R>\xdc\x180\xd9\xbeJ\xbb\xcdV>\x19N\x02\x10MO\xbe\x19\xa9e6\xd19\xa4\x8cH\xf70\x99\x89\xa3G\xae\x8f\xc7'), 'node_private': bytearray(b'\x0e\x93t\xef\xe5\x0b0\xd4*\xd8\x80\x8e\x8b\x90Z\xba\xc3\xfdaB\x08\xe7q\xb8\x91\xe0\xbd\xc4T|i\xa7')}}
2019-06-25 18:04:31,891 - INFO - tty.usbmodem0006822145041: ECDH request received
2019-06-25 18:04:31,891 - DEBUG - tty.usbmodem0006822145041: Writing: 104 bytearray(b'\x00\x97\xc5\x88(\x04\xd7;\x97\xd6\xa3\xa2\xa7K\xc6\xdek-,\x80\x8a\xff\x99\xf9\xa5\xbe4\x1e~\xb4\x15\xe9D')
2019-06-25 18:04:31,891 - DEBUG - tty.usbmodem0006822145041: TX: 22680097c5882804d73b97d6a3a2a74bc6de6b2d2c808aff99f9a5be341e7eb415e944
2019-06-25 18:04:31,897 - DEBUG - tty.usbmodem0006822145041: RX: 0484680000
2019-06-25 18:04:31,897 - DEBUG - tty.usbmodem0006822145041: parsed_packet {event: CmdRsp, data: {'opcode': 104, 'status': 0, 'data': bytearray(b'\x00')}}
2019-06-25 18:04:31,898 - INFO - tty.usbmodem0006822145041: EcdhSecret: {'context': 0}
2019-06-25 18:04:36,261 - DEBUG - tty.usbmodem0006822145041: RX: 2cc50000000000000024000000ee2f0d33021c546fdeef534012e4dc5b18eed9c2a56add85049ffc3c59ad0e12
2019-06-25 18:04:36,262 - DEBUG - tty.usbmodem0006822145041: parsed_packet {event: ProvComplete, data: {'context_id': 0, 'iv_index': 0, 'net_key_index': 0, 'address': 36, 'iv_update_flag': 0, 'key_refresh_flag': 0, 'device_key': bytearray(b'\xee/\r3\x02\x1cTo\xde\xefS@\x12\xe4\xdc['), 'net_key': bytearray(b'\x18\xee\xd9\xc2\xa5j\xdd\x85\x04\x9f\xfc<Y\xad\x0e\x12')}}
2019-06-25 18:04:36,263 - INFO - tty.usbmodem0006822145041: Provisioning complete
2019-06-25 18:04:36,264 - INFO - tty.usbmodem0006822145041: 	Address(es): 0x24-0x24
2019-06-25 18:04:36,265 - INFO - tty.usbmodem0006822145041: 	Device key: ee2f0d33021c546fdeef534012e4dc5b
2019-06-25 18:04:36,266 - INFO - tty.usbmodem0006822145041: 	Network key: 18eed9c2a56add85049ffc3c59ad0e12
2019-06-25 18:04:36,266 - INFO - tty.usbmodem0006822145041: Adding device key to subnet 0
2019-06-25 18:04:36,267 - INFO - tty.usbmodem0006822145041: Adding publication address of root element
2019-06-25 18:04:36,268 - DEBUG - tty.usbmodem0006822145041: Writing: 156 bytearray(b'$\x00\x00\x00\xee/\r3\x02\x1cTo\xde\xefS@\x12\xe4\xdc[')
2019-06-25 18:04:36,269 - DEBUG - tty.usbmodem0006822145041: TX: 159c24000000ee2f0d33021c546fdeef534012e4dc5b
2019-06-25 18:04:36,283 - DEBUG - tty.usbmodem0006822145041: Writing: 164 bytearray(b'$\x00')
2019-06-25 18:04:36,284 - DEBUG - tty.usbmodem0006822145041: TX: 03a42400
2019-06-25 18:04:36,300 - DEBUG - tty.usbmodem0006822145041: RX: 05849c000800
2019-06-25 18:04:36,300 - DEBUG - tty.usbmodem0006822145041: parsed_packet {event: CmdRsp, data: {'opcode': 156, 'status': 0, 'data': bytearray(b'\x08\x00')}}
2019-06-25 18:04:36,300 - INFO - tty.usbmodem0006822145041: DevkeyAdd: {'devkey_handle': 8}
2019-06-25 18:04:36,300 - DEBUG - tty.usbmodem0006822145041: RX: 0584a4000000
2019-06-25 18:04:36,301 - DEBUG - tty.usbmodem0006822145041: parsed_packet {event: CmdRsp, data: {'opcode': 164, 'status': 0, 'data': bytearray(b'\x00\x00')}}
2019-06-25 18:04:36,301 - INFO - tty.usbmodem0006822145041: AddrPublicationAdd: {'address_handle': 0}
2019-06-25 18:04:36,363 - DEBUG - tty.usbmodem0006822145041: RX: 03c20000
2019-06-25 18:04:36,364 - DEBUG - tty.usbmodem0006822145041: parsed_packet {event: ProvLinkClosed, data: {'context_id': 0, 'close_reason': 0}}
2019-06-25 18:04:36,364 - INFO - tty.usbmodem0006822145041: Provisioning link closed
