2019-07-24 14:00:54,744 - DEBUG - tty.usbmodem0006822145041: Writing: 14 bytearray(b'')
2019-07-24 14:00:54,745 - DEBUG - tty.usbmodem0006822145041: TX: 010e
2019-07-24 14:00:55,164 - DEBUG - tty.usbmodem0006822145041: RX: 04810200fe
2019-07-24 14:00:55,165 - DEBUG - tty.usbmodem0006822145041: parsed_packet {event: DeviceStarted, data: {'operating_mode': 2, 'hw_error': 0, 'data_credit_available': 254}}
2019-07-24 14:00:55,165 - INFO - tty.usbmodem0006822145041: Device rebooted.
2019-07-24 14:00:55,296 - DEBUG - tty.usbmodem0006822145041: Writing: 105 bytearray(b"\xd8c\x9eA\x02\x1c\xe3f\x10\xcf\x88K\x0b\x00O\x12\x18\xe4\x10T 9\xf8>\x07cWw\x80#c`\'^\xa7\xa5\xa7`\xd9\x1e9\xfb\xad\x94!EJ\x1a;\x95r\x9b\xac\xff\xfb\xeb+D\x90\x93O\x92G\xc6\x7f\xde\xe4\x0b-\xf1C\xbc\x81\xd8*\xdbp\x8b\xd0r\x7f\x0b\x10u=\xaf$\xc6\xdf\xdf\x16\xbe\xe9~\xb4\xa8")
2019-07-24 14:00:55,297 - DEBUG - tty.usbmodem0006822145041: TX: 6169d8639e41021ce36610cf884b0b004f1218e410542039f83e0763577780236360275ea7a5a760d91e39fbad9421454a1a3b95729bacfffbeb2b4490934f9247c67fdee40b2df143bc81d82adb708bd0727f0b10753daf24c6dfdf16bee97eb4a8
2019-07-24 14:00:55,309 - INFO - tty.usbmodem0006822145041: 

2019-07-24 14:00:55,309 - INFO - tty.usbmodem0006822145041: Sending next message
2019-07-24 14:00:55,310 - DEBUG - tty.usbmodem0006822145041: RX: 03845384
2019-07-24 14:00:55,310 - DEBUG - tty.usbmodem0006822145041: parsed_packet {event: CmdRsp, data: {'opcode': 83, 'status': 132, 'data': bytearray(b'')}}
2019-07-24 14:00:55,311 - ERROR - tty.usbmodem0006822145041: None: ERROR_INVALID_LENGTH
2019-07-24 14:00:55,311 - DEBUG - tty.usbmodem0006822145041: Writing: 159 bytearray(b'\x01\x00\x01\x00')
2019-07-24 14:00:55,311 - DEBUG - tty.usbmodem0006822145041: TX: 059f01000100
2019-07-24 14:00:55,311 - DEBUG - tty.usbmodem0006822145041: RX: 03840084
2019-07-24 14:00:55,311 - DEBUG - tty.usbmodem0006822145041: parsed_packet {event: CmdRsp, data: {'opcode': 0, 'status': 132, 'data': bytearray(b'')}}
2019-07-24 14:00:55,312 - ERROR - tty.usbmodem0006822145041: None: ERROR_INVALID_LENGTH
2019-07-24 14:00:55,312 - DEBUG - tty.usbmodem0006822145041: Writing: 146 bytearray(b'\x00\x00\x18\xee\xd9\xc2\xa5j\xdd\x85\x04\x9f\xfc<Y\xad\x0e\x12')
2019-07-24 14:00:55,312 - DEBUG - tty.usbmodem0006822145041: TX: 1392000018eed9c2a56add85049ffc3c59ad0e12
2019-07-24 14:00:55,312 - DEBUG - tty.usbmodem0006822145041: RX: 03840084
2019-07-24 14:00:55,313 - DEBUG - tty.usbmodem0006822145041: parsed_packet {event: CmdRsp, data: {'opcode': 0, 'status': 132, 'data': bytearray(b'')}}
2019-07-24 14:00:55,313 - ERROR - tty.usbmodem0006822145041: None: ERROR_INVALID_LENGTH
2019-07-24 14:00:55,313 - DEBUG - tty.usbmodem0006822145041: Writing: 151 bytearray(b'\x00\x00\x00\x00Oh\xad\x85\xd9\xf4\x8a\xc8X\x9d\xf6e\xb6\xb4\x9b\x8a')
2019-07-24 14:00:55,313 - DEBUG - tty.usbmodem0006822145041: TX: 1597000000004f68ad85d9f48ac8589df665b6b49b8a
2019-07-24 14:00:55,314 - DEBUG - tty.usbmodem0006822145041: RX: 03840084
2019-07-24 14:00:55,314 - DEBUG - tty.usbmodem0006822145041: parsed_packet {event: CmdRsp, data: {'opcode': 0, 'status': 132, 'data': bytearray(b'')}}
2019-07-24 14:00:55,315 - ERROR - tty.usbmodem0006822145041: None: ERROR_INVALID_LENGTH
2019-07-24 14:00:55,315 - DEBUG - tty.usbmodem0006822145041: Writing: 151 bytearray(b'\x01\x00\x00\x00*\xa2\xa6\xde\xd5\xa0y\x8c\xea\xb5x|\xa3\xae9\xfc')
2019-07-24 14:00:55,316 - DEBUG - tty.usbmodem0006822145041: TX: 1597010000002aa2a6ded5a0798ceab5787ca3ae39fc
2019-07-24 14:00:55,316 - DEBUG - tty.usbmodem0006822145041: RX: 03840084
2019-07-24 14:00:55,322 - DEBUG - tty.usbmodem0006822145041: parsed_packet {event: CmdRsp, data: {'opcode': 0, 'status': 132, 'data': bytearray(b'')}}
2019-07-24 14:00:55,322 - ERROR - tty.usbmodem0006822145041: None: ERROR_INVALID_LENGTH
2019-07-24 14:00:55,322 - DEBUG - tty.usbmodem0006822145041: Writing: 164 bytearray(b'\x10\x00')
2019-07-24 14:00:55,323 - DEBUG - tty.usbmodem0006822145041: TX: 03a41000
2019-07-24 14:00:55,323 - DEBUG - tty.usbmodem0006822145041: RX: 03840084
2019-07-24 14:00:55,323 - DEBUG - tty.usbmodem0006822145041: parsed_packet {event: CmdRsp, data: {'opcode': 0, 'status': 132, 'data': bytearray(b'')}}
2019-07-24 14:00:55,324 - ERROR - tty.usbmodem0006822145041: None: ERROR_INVALID_LENGTH
2019-07-24 14:00:55,324 - DEBUG - tty.usbmodem0006822145041: RX: 03840084
2019-07-24 14:00:55,324 - DEBUG - tty.usbmodem0006822145041: parsed_packet {event: CmdRsp, data: {'opcode': 0, 'status': 132, 'data': bytearray(b'')}}
2019-07-24 14:00:55,324 - ERROR - tty.usbmodem0006822145041: None: ERROR_INVALID_LENGTH
2019-07-24 14:00:55,324 - DEBUG - tty.usbmodem0006822145041: RX: 03840084
2019-07-24 14:00:55,325 - DEBUG - tty.usbmodem0006822145041: parsed_packet {event: CmdRsp, data: {'opcode': 0, 'status': 132, 'data': bytearray(b'')}}
2019-07-24 14:00:55,325 - ERROR - tty.usbmodem0006822145041: None: ERROR_INVALID_LENGTH
2019-07-24 14:00:55,325 - DEBUG - tty.usbmodem0006822145041: RX: 03840084
2019-07-24 14:00:55,325 - DEBUG - tty.usbmodem0006822145041: parsed_packet {event: CmdRsp, data: {'opcode': 0, 'status': 132, 'data': bytearray(b'')}}
2019-07-24 14:00:55,325 - ERROR - tty.usbmodem0006822145041: None: ERROR_INVALID_LENGTH
2019-07-24 14:00:55,326 - DEBUG - tty.usbmodem0006822145041: RX: 03840084
2019-07-24 14:00:55,326 - DEBUG - tty.usbmodem0006822145041: parsed_packet {event: CmdRsp, data: {'opcode': 0, 'status': 132, 'data': bytearray(b'')}}
2019-07-24 14:00:55,326 - ERROR - tty.usbmodem0006822145041: None: ERROR_INVALID_LENGTH
2019-07-24 14:00:55,326 - DEBUG - tty.usbmodem0006822145041: RX: 03840084
2019-07-24 14:00:55,327 - DEBUG - tty.usbmodem0006822145041: parsed_packet {event: CmdRsp, data: {'opcode': 0, 'status': 132, 'data': bytearray(b'')}}
2019-07-24 14:00:55,327 - ERROR - tty.usbmodem0006822145041: None: ERROR_INVALID_LENGTH
2019-07-24 14:00:55,327 - DEBUG - tty.usbmodem0006822145041: RX: 03840084
2019-07-24 14:00:55,327 - DEBUG - tty.usbmodem0006822145041: parsed_packet {event: CmdRsp, data: {'opcode': 0, 'status': 132, 'data': bytearray(b'')}}
2019-07-24 14:00:55,327 - ERROR - tty.usbmodem0006822145041: None: ERROR_INVALID_LENGTH
2019-07-24 14:00:55,327 - DEBUG - tty.usbmodem0006822145041: RX: 03840084
2019-07-24 14:00:55,328 - DEBUG - tty.usbmodem0006822145041: parsed_packet {event: CmdRsp, data: {'opcode': 0, 'status': 132, 'data': bytearray(b'')}}
2019-07-24 14:00:55,328 - ERROR - tty.usbmodem0006822145041: None: ERROR_INVALID_LENGTH
2019-07-24 14:00:55,328 - DEBUG - tty.usbmodem0006822145041: RX: 03849f00
2019-07-24 14:00:55,328 - DEBUG - tty.usbmodem0006822145041: parsed_packet {event: CmdRsp, data: {'opcode': 159, 'status': 0, 'data': bytearray(b'')}}
2019-07-24 14:00:55,328 - INFO - tty.usbmodem0006822145041: Success
2019-07-24 14:00:55,329 - DEBUG - tty.usbmodem0006822145041: RX: 058492000000
2019-07-24 14:00:55,329 - DEBUG - tty.usbmodem0006822145041: parsed_packet {event: CmdRsp, data: {'opcode': 146, 'status': 0, 'data': bytearray(b'\x00\x00')}}
2019-07-24 14:00:55,330 - INFO - tty.usbmodem0006822145041: SubnetAdd: {'subnet_handle': 0}
2019-07-24 14:00:55,330 - DEBUG - tty.usbmodem0006822145041: RX: 058497000000
2019-07-24 14:00:55,330 - DEBUG - tty.usbmodem0006822145041: parsed_packet {event: CmdRsp, data: {'opcode': 151, 'status': 0, 'data': bytearray(b'\x00\x00')}}
2019-07-24 14:00:55,330 - INFO - tty.usbmodem0006822145041: AppkeyAdd: {'appkey_handle': 0}
2019-07-24 14:00:55,331 - DEBUG - tty.usbmodem0006822145041: RX: 058497000100
2019-07-24 14:00:55,331 - DEBUG - tty.usbmodem0006822145041: parsed_packet {event: CmdRsp, data: {'opcode': 151, 'status': 0, 'data': bytearray(b'\x01\x00')}}
2019-07-24 14:00:55,331 - INFO - tty.usbmodem0006822145041: AppkeyAdd: {'appkey_handle': 1}
2019-07-24 14:00:55,332 - DEBUG - tty.usbmodem0006822145041: RX: 0584a4000000
2019-07-24 14:00:55,333 - DEBUG - tty.usbmodem0006822145041: parsed_packet {event: CmdRsp, data: {'opcode': 164, 'status': 0, 'data': bytearray(b'\x00\x00')}}
2019-07-24 14:00:55,333 - INFO - tty.usbmodem0006822145041: AddrPublicationAdd: {'address_handle': 0}
2019-07-24 14:00:55,345 - INFO - tty.usbmodem0006822145041: 

2019-07-24 14:00:55,346 - INFO - tty.usbmodem0006822145041: Sending next message
2019-07-24 14:00:55,346 - DEBUG - tty.usbmodem0006822145041: Writing: 161 bytearray(b'\x01\xc0')
2019-07-24 14:00:55,346 - DEBUG - tty.usbmodem0006822145041: TX: 03a101c0
2019-07-24 14:00:55,348 - DEBUG - tty.usbmodem0006822145041: RX: 0584a1000100
2019-07-24 14:00:55,348 - DEBUG - tty.usbmodem0006822145041: parsed_packet {event: CmdRsp, data: {'opcode': 161, 'status': 0, 'data': bytearray(b'\x01\x00')}}
2019-07-24 14:00:55,349 - INFO - tty.usbmodem0006822145041: AddrSubscriptionAdd: {'address_handle': 1}
2019-07-24 14:00:55,354 - INFO - tty.usbmodem0006822145041: 

2019-07-24 14:00:55,354 - INFO - tty.usbmodem0006822145041: Sending next message
2019-07-24 14:00:55,355 - DEBUG - tty.usbmodem0006822145041: Writing: 164 bytearray(b'\x11\x00')
2019-07-24 14:00:55,355 - DEBUG - tty.usbmodem0006822145041: TX: 03a41100
2019-07-24 14:00:55,357 - DEBUG - tty.usbmodem0006822145041: RX: 0584a4000200
2019-07-24 14:00:55,358 - DEBUG - tty.usbmodem0006822145041: parsed_packet {event: CmdRsp, data: {'opcode': 164, 'status': 0, 'data': bytearray(b'\x02\x00')}}
2019-07-24 14:00:55,358 - INFO - tty.usbmodem0006822145041: AddrPublicationAdd: {'address_handle': 2}
2019-07-24 14:00:55,365 - INFO - tty.usbmodem0006822145041: 

2019-07-24 14:00:55,365 - INFO - tty.usbmodem0006822145041: Sending next message
2019-07-24 14:00:55,365 - DEBUG - tty.usbmodem0006822145041: Writing: 164 bytearray(b'\x12\x00')
2019-07-24 14:00:55,365 - DEBUG - tty.usbmodem0006822145041: TX: 03a41200
2019-07-24 14:00:55,367 - DEBUG - tty.usbmodem0006822145041: RX: 0584a4000300
2019-07-24 14:00:55,367 - DEBUG - tty.usbmodem0006822145041: parsed_packet {event: CmdRsp, data: {'opcode': 164, 'status': 0, 'data': bytearray(b'\x03\x00')}}
2019-07-24 14:00:55,368 - INFO - tty.usbmodem0006822145041: AddrPublicationAdd: {'address_handle': 3}
2019-07-24 14:00:55,374 - INFO - tty.usbmodem0006822145041: 

2019-07-24 14:00:55,374 - INFO - tty.usbmodem0006822145041: Sending next message
2019-07-24 14:00:55,375 - DEBUG - tty.usbmodem0006822145041: Writing: 164 bytearray(b'\x13\x00')
2019-07-24 14:00:55,375 - DEBUG - tty.usbmodem0006822145041: TX: 03a41300
2019-07-24 14:00:55,376 - DEBUG - tty.usbmodem0006822145041: RX: 0584a4000400
2019-07-24 14:00:55,377 - DEBUG - tty.usbmodem0006822145041: parsed_packet {event: CmdRsp, data: {'opcode': 164, 'status': 0, 'data': bytearray(b'\x04\x00')}}
2019-07-24 14:00:55,377 - INFO - tty.usbmodem0006822145041: AddrPublicationAdd: {'address_handle': 4}
2019-07-24 14:00:55,383 - INFO - tty.usbmodem0006822145041: 

2019-07-24 14:00:55,384 - INFO - tty.usbmodem0006822145041: Sending next message
2019-07-24 14:00:55,384 - DEBUG - tty.usbmodem0006822145041: Writing: 164 bytearray(b'\x14\x00')
2019-07-24 14:00:55,384 - DEBUG - tty.usbmodem0006822145041: TX: 03a41400
2019-07-24 14:00:55,385 - DEBUG - tty.usbmodem0006822145041: RX: 0584a4000500
2019-07-24 14:00:55,385 - DEBUG - tty.usbmodem0006822145041: parsed_packet {event: CmdRsp, data: {'opcode': 164, 'status': 0, 'data': bytearray(b'\x05\x00')}}
2019-07-24 14:00:55,386 - INFO - tty.usbmodem0006822145041: AddrPublicationAdd: {'address_handle': 5}
2019-07-24 14:00:55,393 - INFO - tty.usbmodem0006822145041: 

2019-07-24 14:00:55,394 - INFO - tty.usbmodem0006822145041: Sending next message
2019-07-24 14:00:55,394 - DEBUG - tty.usbmodem0006822145041: Writing: 164 bytearray(b'\x15\x00')
2019-07-24 14:00:55,394 - DEBUG - tty.usbmodem0006822145041: TX: 03a41500
2019-07-24 14:00:55,396 - DEBUG - tty.usbmodem0006822145041: RX: 0584a4000600
2019-07-24 14:00:55,397 - DEBUG - tty.usbmodem0006822145041: parsed_packet {event: CmdRsp, data: {'opcode': 164, 'status': 0, 'data': bytearray(b'\x06\x00')}}
2019-07-24 14:00:55,397 - INFO - tty.usbmodem0006822145041: AddrPublicationAdd: {'address_handle': 6}
2019-07-24 14:00:55,406 - INFO - tty.usbmodem0006822145041: 

2019-07-24 14:00:55,407 - INFO - tty.usbmodem0006822145041: Sending next message
2019-07-24 14:00:55,407 - DEBUG - tty.usbmodem0006822145041: Writing: 164 bytearray(b'\x16\x00')
2019-07-24 14:00:55,407 - DEBUG - tty.usbmodem0006822145041: TX: 03a41600
2019-07-24 14:00:55,409 - DEBUG - tty.usbmodem0006822145041: RX: 0584a4000700
2019-07-24 14:00:55,410 - DEBUG - tty.usbmodem0006822145041: parsed_packet {event: CmdRsp, data: {'opcode': 164, 'status': 0, 'data': bytearray(b'\x07\x00')}}
2019-07-24 14:00:55,410 - INFO - tty.usbmodem0006822145041: AddrPublicationAdd: {'address_handle': 7}
2019-07-24 14:00:55,416 - INFO - tty.usbmodem0006822145041: 

2019-07-24 14:00:55,416 - INFO - tty.usbmodem0006822145041: Sending next message
2019-07-24 14:00:55,416 - DEBUG - tty.usbmodem0006822145041: Writing: 164 bytearray(b'\x17\x00')
2019-07-24 14:00:55,416 - DEBUG - tty.usbmodem0006822145041: TX: 03a41700
2019-07-24 14:00:55,418 - DEBUG - tty.usbmodem0006822145041: RX: 0584a4000800
2019-07-24 14:00:55,419 - DEBUG - tty.usbmodem0006822145041: parsed_packet {event: CmdRsp, data: {'opcode': 164, 'status': 0, 'data': bytearray(b'\x08\x00')}}
2019-07-24 14:00:55,419 - INFO - tty.usbmodem0006822145041: AddrPublicationAdd: {'address_handle': 8}
2019-07-24 14:00:55,426 - INFO - tty.usbmodem0006822145041: 

2019-07-24 14:00:55,427 - INFO - tty.usbmodem0006822145041: Sending next message
2019-07-24 14:00:55,428 - DEBUG - tty.usbmodem0006822145041: Writing: 164 bytearray(b'\x18\x00')
2019-07-24 14:00:55,429 - DEBUG - tty.usbmodem0006822145041: TX: 03a41800
2019-07-24 14:00:55,430 - DEBUG - tty.usbmodem0006822145041: RX: 0584a4000900
2019-07-24 14:00:55,431 - DEBUG - tty.usbmodem0006822145041: parsed_packet {event: CmdRsp, data: {'opcode': 164, 'status': 0, 'data': bytearray(b'\t\x00')}}
2019-07-24 14:00:55,431 - INFO - tty.usbmodem0006822145041: AddrPublicationAdd: {'address_handle': 9}
2019-07-24 14:00:55,436 - INFO - tty.usbmodem0006822145041: 

2019-07-24 14:00:55,436 - INFO - tty.usbmodem0006822145041: Sending next message
2019-07-24 14:00:55,437 - DEBUG - tty.usbmodem0006822145041: Writing: 164 bytearray(b'\x19\x00')
2019-07-24 14:00:55,437 - DEBUG - tty.usbmodem0006822145041: TX: 03a41900
2019-07-24 14:00:55,439 - DEBUG - tty.usbmodem0006822145041: RX: 0584a4000a00
2019-07-24 14:00:55,440 - DEBUG - tty.usbmodem0006822145041: parsed_packet {event: CmdRsp, data: {'opcode': 164, 'status': 0, 'data': bytearray(b'\n\x00')}}
2019-07-24 14:00:55,440 - INFO - tty.usbmodem0006822145041: AddrPublicationAdd: {'address_handle': 10}
2019-07-24 14:00:55,448 - INFO - tty.usbmodem0006822145041: 

2019-07-24 14:00:55,448 - INFO - tty.usbmodem0006822145041: Sending next message
2019-07-24 14:00:55,448 - DEBUG - tty.usbmodem0006822145041: Writing: 164 bytearray(b'\x1a\x00')
2019-07-24 14:00:55,448 - DEBUG - tty.usbmodem0006822145041: TX: 03a41a00
2019-07-24 14:00:55,450 - DEBUG - tty.usbmodem0006822145041: RX: 0584a4000b00
2019-07-24 14:00:55,450 - DEBUG - tty.usbmodem0006822145041: parsed_packet {event: CmdRsp, data: {'opcode': 164, 'status': 0, 'data': bytearray(b'\x0b\x00')}}
2019-07-24 14:00:55,451 - INFO - tty.usbmodem0006822145041: AddrPublicationAdd: {'address_handle': 11}
2019-07-24 14:00:55,457 - INFO - tty.usbmodem0006822145041: 

2019-07-24 14:00:55,457 - INFO - tty.usbmodem0006822145041: Sending next message
2019-07-24 14:00:55,458 - DEBUG - tty.usbmodem0006822145041: Writing: 164 bytearray(b'\x1b\x00')
2019-07-24 14:00:55,458 - DEBUG - tty.usbmodem0006822145041: TX: 03a41b00
2019-07-24 14:00:55,461 - DEBUG - tty.usbmodem0006822145041: RX: 0584a4000c00
2019-07-24 14:00:55,462 - DEBUG - tty.usbmodem0006822145041: parsed_packet {event: CmdRsp, data: {'opcode': 164, 'status': 0, 'data': bytearray(b'\x0c\x00')}}
2019-07-24 14:00:55,462 - INFO - tty.usbmodem0006822145041: AddrPublicationAdd: {'address_handle': 12}
2019-07-24 14:00:55,468 - INFO - tty.usbmodem0006822145041: 

2019-07-24 14:00:55,468 - INFO - tty.usbmodem0006822145041: Sending next message
2019-07-24 14:00:55,468 - DEBUG - tty.usbmodem0006822145041: Writing: 164 bytearray(b'\x1c\x00')
2019-07-24 14:00:55,468 - DEBUG - tty.usbmodem0006822145041: TX: 03a41c00
2019-07-24 14:00:55,471 - DEBUG - tty.usbmodem0006822145041: RX: 0584a4000d00
2019-07-24 14:00:55,471 - DEBUG - tty.usbmodem0006822145041: parsed_packet {event: CmdRsp, data: {'opcode': 164, 'status': 0, 'data': bytearray(b'\r\x00')}}
2019-07-24 14:00:55,472 - INFO - tty.usbmodem0006822145041: AddrPublicationAdd: {'address_handle': 13}
2019-07-24 14:00:55,481 - INFO - tty.usbmodem0006822145041: 

2019-07-24 14:00:55,481 - INFO - tty.usbmodem0006822145041: Sending next message
2019-07-24 14:00:55,481 - DEBUG - tty.usbmodem0006822145041: Writing: 164 bytearray(b'\x1d\x00')
2019-07-24 14:00:55,482 - DEBUG - tty.usbmodem0006822145041: TX: 03a41d00
2019-07-24 14:00:55,483 - DEBUG - tty.usbmodem0006822145041: RX: 0584a4000e00
2019-07-24 14:00:55,483 - DEBUG - tty.usbmodem0006822145041: parsed_packet {event: CmdRsp, data: {'opcode': 164, 'status': 0, 'data': bytearray(b'\x0e\x00')}}
2019-07-24 14:00:55,484 - INFO - tty.usbmodem0006822145041: AddrPublicationAdd: {'address_handle': 14}
2019-07-24 14:00:55,490 - INFO - tty.usbmodem0006822145041: 

2019-07-24 14:00:55,491 - INFO - tty.usbmodem0006822145041: Sending next message
2019-07-24 14:00:55,491 - DEBUG - tty.usbmodem0006822145041: Writing: 156 bytearray(b'\x10\x00\x00\x00\xdb\x8a\xfb\xc9\xdc\xd9K\x8b\xba-\xe9\xa0\xa3\xbf\xb6\x98')
2019-07-24 14:00:55,491 - DEBUG - tty.usbmodem0006822145041: TX: 159c10000000db8afbc9dcd94b8bba2de9a0a3bfb698
2019-07-24 14:00:55,495 - DEBUG - tty.usbmodem0006822145041: RX: 05849c000800
2019-07-24 14:00:55,495 - DEBUG - tty.usbmodem0006822145041: parsed_packet {event: CmdRsp, data: {'opcode': 156, 'status': 0, 'data': bytearray(b'\x08\x00')}}
2019-07-24 14:00:55,495 - INFO - tty.usbmodem0006822145041: DevkeyAdd: {'devkey_handle': 8}
2019-07-24 14:00:55,501 - INFO - tty.usbmodem0006822145041: No Messages remaining
2019-07-24 14:00:59,491 - INFO - tty.usbmodem0006822145041: Timout handler timeout
2019-07-24 14:01:06,443 - DEBUG - tty.usbmodem0006822145041.SimpleOnOffClient: Sending opcode: c15900, data: 000f
2019-07-24 14:01:06,445 - DEBUG - tty.usbmodem0006822145041: Writing: 171 bytearray(b'\x00\x00\x01\x00\x08\x00\x08\x00\x00\x00\xc1Y\x00\x00\x0f')
2019-07-24 14:01:06,450 - DEBUG - tty.usbmodem0006822145041: TX: 10ab00000100080008000000c15900000f
2019-07-24 14:01:06,460 - DEBUG - tty.usbmodem0006822145041: RX: 0784ab0001000000
2019-07-24 14:01:06,461 - DEBUG - tty.usbmodem0006822145041: parsed_packet {event: CmdRsp, data: {'opcode': 171, 'status': 0, 'data': bytearray(b'\x01\x00\x00\x00')}}
2019-07-24 14:01:06,462 - INFO - tty.usbmodem0006822145041: PacketSend: {'token': 1}
2019-07-24 14:01:06,466 - DEBUG - tty.usbmodem0006822145041: RX: 05d201000000
2019-07-24 14:01:06,466 - DEBUG - tty.usbmodem0006822145041: parsed_packet {event: MeshTxComplete, data: {'token': 1}}
2019-07-24 14:01:06,466 - INFO - tty.usbmodem0006822145041: {event: MeshTxComplete, data: {'token': 1}}
2019-07-24 14:01:11,060 - DEBUG - tty.usbmodem0006822145041: Writing: 97 bytearray(b'')
2019-07-24 14:01:11,064 - DEBUG - tty.usbmodem0006822145041: TX: 0161
2019-07-24 14:01:11,069 - DEBUG - tty.usbmodem0006822145041: RX: 03846100
2019-07-24 14:01:11,070 - DEBUG - tty.usbmodem0006822145041: parsed_packet {event: CmdRsp, data: {'opcode': 97, 'status': 0, 'data': bytearray(b'')}}
2019-07-24 14:01:11,070 - INFO - tty.usbmodem0006822145041: Success
2019-07-24 14:01:12,515 - DEBUG - tty.usbmodem0006822145041: RX: 1ac0e07f87c0e83ff2418b6e5fd50b58c2cdc70001cb6e5fd50bd8
2019-07-24 14:01:12,515 - DEBUG - tty.usbmodem0006822145041: parsed_packet {event: ProvUnprovisionedReceived, data: {'uuid': bytearray(b'\xe0\x7f\x87\xc0\xe8?\xf2A\x8bn_\xd5\x0bX\xc2\xcd'), 'rssi': -57, 'gatt_supported': 0, 'adv_addr_type': 1, 'adv_addr': bytearray(b'\xcbn_\xd5\x0b\xd8')}}
2019-07-24 14:01:12,515 - INFO - tty.usbmodem0006822145041: {event: ProvUnprovisionedReceived, data: {'uuid': bytearray(b'\xe0\x7f\x87\xc0\xe8?\xf2A\x8bn_\xd5\x0bX\xc2\xcd'), 'rssi': -57, 'gatt_supported': 0, 'adv_addr_type': 1, 'adv_addr': bytearray(b'\xcbn_\xd5\x0b\xd8')}}
2019-07-24 14:01:12,515 - INFO - tty.usbmodem0006822145041: Received UUID e07f87c0e83ff2418b6e5fd50b58c2cd with RSSI: -57 dB
2019-07-24 14:01:14,524 - DEBUG - tty.usbmodem0006822145041: RX: 1ac0e07f87c0e83ff2418b6e5fd50b58c2cdcb0001cb6e5fd50bd8
2019-07-24 14:01:14,524 - DEBUG - tty.usbmodem0006822145041: parsed_packet {event: ProvUnprovisionedReceived, data: {'uuid': bytearray(b'\xe0\x7f\x87\xc0\xe8?\xf2A\x8bn_\xd5\x0bX\xc2\xcd'), 'rssi': -53, 'gatt_supported': 0, 'adv_addr_type': 1, 'adv_addr': bytearray(b'\xcbn_\xd5\x0b\xd8')}}
2019-07-24 14:01:14,524 - INFO - tty.usbmodem0006822145041: {event: ProvUnprovisionedReceived, data: {'uuid': bytearray(b'\xe0\x7f\x87\xc0\xe8?\xf2A\x8bn_\xd5\x0bX\xc2\xcd'), 'rssi': -53, 'gatt_supported': 0, 'adv_addr_type': 1, 'adv_addr': bytearray(b'\xcbn_\xd5\x0b\xd8')}}
2019-07-24 14:01:15,450 - DEBUG - tty.usbmodem0006822145041: exited read event
