2019-07-10 20:45:12,424 - DEBUG - tty.usbmodem0006822145041: Writing: 105 bytearray(b')89\xe2q\x14\xa8\x9f\x1b\xcb\x0eGQ\xb6\x8d\x018\xd4\xd3\xd6\xcf_\xf0\xd0q\xb6W&e\t\x15\xf9\xa0~\xab\x8bL\xb2\x88\xc8\x81Q\x14\xb0G\xfd69\xa2&\xcd\xc6\x12\xbb\xaf&[\x0e\xd9i\x10\x1b\x0f\x99\xd7\xbe\x9e\r\x19\xfd!d\x0e\xdd\x8c\xe8\xe3\xe6\xc5xz\x14\xfdd\xe1(\xc7\xcd\xb2(\xf6\x0bL\xa9\xb2 ')
2019-07-10 20:45:12,424 - DEBUG - tty.usbmodem0006822145041: TX: 6169293839e27114a89f1bcb0e4751b68d0138d4d3d6cf5ff0d071b65726650915f9a07eab8b4cb288c8815114b047fd3639a226cdc612bbaf265b0ed969101b0f99d7be9e0d19fd21640edd8ce8e3e6c5787a14fd64e128c7cdb228f60b4ca9b220
2019-07-10 20:45:12,440 - DEBUG - tty.usbmodem0006822145041: RX: 03845384
2019-07-10 20:45:12,440 - DEBUG - tty.usbmodem0006822145041: parsed_packet {event: CmdRsp, data: {'opcode': 83, 'status': 132, 'data': bytearray(b'')}}
2019-07-10 20:45:12,441 - ERROR - tty.usbmodem0006822145041: None: ERROR_INVALID_LENGTH
2019-07-10 20:45:12,441 - DEBUG - tty.usbmodem0006822145041: Writing: 159 bytearray(b'\x01\x00\x01\x00')
2019-07-10 20:45:12,441 - DEBUG - tty.usbmodem0006822145041: TX: 059f01000100
2019-07-10 20:45:12,441 - DEBUG - tty.usbmodem0006822145041: RX: 03840084
2019-07-10 20:45:12,441 - DEBUG - tty.usbmodem0006822145041: parsed_packet {event: CmdRsp, data: {'opcode': 0, 'status': 132, 'data': bytearray(b'')}}
2019-07-10 20:45:12,442 - ERROR - tty.usbmodem0006822145041: None: ERROR_INVALID_LENGTH
2019-07-10 20:45:12,442 - DEBUG - tty.usbmodem0006822145041: Writing: 146 bytearray(b'\x00\x00\x18\xee\xd9\xc2\xa5j\xdd\x85\x04\x9f\xfc<Y\xad\x0e\x12')
2019-07-10 20:45:12,442 - DEBUG - tty.usbmodem0006822145041: RX: 03840084
2019-07-10 20:45:12,449 - DEBUG - tty.usbmodem0006822145041: TX: 1392000018eed9c2a56add85049ffc3c59ad0e12
2019-07-10 20:45:12,449 - DEBUG - tty.usbmodem0006822145041: parsed_packet {event: CmdRsp, data: {'opcode': 0, 'status': 132, 'data': bytearray(b'')}}
2019-07-10 20:45:12,450 - ERROR - tty.usbmodem0006822145041: None: ERROR_INVALID_LENGTH
2019-07-10 20:45:12,451 - DEBUG - tty.usbmodem0006822145041: RX: 03840084
2019-07-10 20:45:12,451 - DEBUG - tty.usbmodem0006822145041: Writing: 151 bytearray(b'\x00\x00\x00\x00Oh\xad\x85\xd9\xf4\x8a\xc8X\x9d\xf6e\xb6\xb4\x9b\x8a')
2019-07-10 20:45:12,451 - DEBUG - tty.usbmodem0006822145041: TX: 1597000000004f68ad85d9f48ac8589df665b6b49b8a
2019-07-10 20:45:12,451 - DEBUG - tty.usbmodem0006822145041: parsed_packet {event: CmdRsp, data: {'opcode': 0, 'status': 132, 'data': bytearray(b'')}}
2019-07-10 20:45:12,452 - ERROR - tty.usbmodem0006822145041: None: ERROR_INVALID_LENGTH
2019-07-10 20:45:12,452 - DEBUG - tty.usbmodem0006822145041: Writing: 151 bytearray(b'\x01\x00\x00\x00*\xa2\xa6\xde\xd5\xa0y\x8c\xea\xb5x|\xa3\xae9\xfc')
2019-07-10 20:45:12,452 - DEBUG - tty.usbmodem0006822145041: TX: 1597010000002aa2a6ded5a0798ceab5787ca3ae39fc
2019-07-10 20:45:12,453 - DEBUG - tty.usbmodem0006822145041: RX: 03840084
2019-07-10 20:45:12,453 - DEBUG - tty.usbmodem0006822145041: parsed_packet {event: CmdRsp, data: {'opcode': 0, 'status': 132, 'data': bytearray(b'')}}
2019-07-10 20:45:12,453 - ERROR - tty.usbmodem0006822145041: None: ERROR_INVALID_LENGTH
2019-07-10 20:45:12,453 - DEBUG - tty.usbmodem0006822145041: RX: 03840084
2019-07-10 20:45:12,454 - DEBUG - tty.usbmodem0006822145041: parsed_packet {event: CmdRsp, data: {'opcode': 0, 'status': 132, 'data': bytearray(b'')}}
2019-07-10 20:45:12,454 - ERROR - tty.usbmodem0006822145041: None: ERROR_INVALID_LENGTH
2019-07-10 20:45:12,454 - DEBUG - tty.usbmodem0006822145041: RX: 03840084
2019-07-10 20:45:12,454 - DEBUG - tty.usbmodem0006822145041: parsed_packet {event: CmdRsp, data: {'opcode': 0, 'status': 132, 'data': bytearray(b'')}}
2019-07-10 20:45:12,455 - ERROR - tty.usbmodem0006822145041: None: ERROR_INVALID_LENGTH
2019-07-10 20:45:12,455 - DEBUG - tty.usbmodem0006822145041: RX: 03840084
2019-07-10 20:45:12,455 - DEBUG - tty.usbmodem0006822145041: parsed_packet {event: CmdRsp, data: {'opcode': 0, 'status': 132, 'data': bytearray(b'')}}
2019-07-10 20:45:12,456 - ERROR - tty.usbmodem0006822145041: None: ERROR_INVALID_LENGTH
2019-07-10 20:45:12,457 - DEBUG - tty.usbmodem0006822145041: RX: 03840084
2019-07-10 20:45:12,457 - DEBUG - tty.usbmodem0006822145041: parsed_packet {event: CmdRsp, data: {'opcode': 0, 'status': 132, 'data': bytearray(b'')}}
2019-07-10 20:45:12,457 - ERROR - tty.usbmodem0006822145041: None: ERROR_INVALID_LENGTH
2019-07-10 20:45:12,457 - DEBUG - tty.usbmodem0006822145041: RX: 03840084
2019-07-10 20:45:12,458 - DEBUG - tty.usbmodem0006822145041: parsed_packet {event: CmdRsp, data: {'opcode': 0, 'status': 132, 'data': bytearray(b'')}}
2019-07-10 20:45:12,458 - ERROR - tty.usbmodem0006822145041: None: ERROR_INVALID_LENGTH
2019-07-10 20:45:12,458 - DEBUG - tty.usbmodem0006822145041: RX: 03840084
2019-07-10 20:45:12,458 - DEBUG - tty.usbmodem0006822145041: parsed_packet {event: CmdRsp, data: {'opcode': 0, 'status': 132, 'data': bytearray(b'')}}
2019-07-10 20:45:12,458 - ERROR - tty.usbmodem0006822145041: None: ERROR_INVALID_LENGTH
2019-07-10 20:45:12,469 - DEBUG - tty.usbmodem0006822145041: RX: 03840084
2019-07-10 20:45:12,470 - DEBUG - tty.usbmodem0006822145041: parsed_packet {event: CmdRsp, data: {'opcode': 0, 'status': 132, 'data': bytearray(b'')}}
2019-07-10 20:45:12,471 - ERROR - tty.usbmodem0006822145041: None: ERROR_INVALID_LENGTH
2019-07-10 20:45:12,472 - DEBUG - tty.usbmodem0006822145041: RX: 03840084
2019-07-10 20:45:12,472 - DEBUG - tty.usbmodem0006822145041: parsed_packet {event: CmdRsp, data: {'opcode': 0, 'status': 132, 'data': bytearray(b'')}}
2019-07-10 20:45:12,472 - ERROR - tty.usbmodem0006822145041: None: ERROR_INVALID_LENGTH
2019-07-10 20:45:12,473 - DEBUG - tty.usbmodem0006822145041: RX: 03849f00
2019-07-10 20:45:12,473 - DEBUG - tty.usbmodem0006822145041: parsed_packet {event: CmdRsp, data: {'opcode': 159, 'status': 0, 'data': bytearray(b'')}}
2019-07-10 20:45:12,473 - INFO - tty.usbmodem0006822145041: Success
2019-07-10 20:45:12,475 - DEBUG - tty.usbmodem0006822145041: RX: 058492000000
2019-07-10 20:45:12,475 - DEBUG - tty.usbmodem0006822145041: parsed_packet {event: CmdRsp, data: {'opcode': 146, 'status': 0, 'data': bytearray(b'\x00\x00')}}
2019-07-10 20:45:12,475 - INFO - tty.usbmodem0006822145041: SubnetAdd: {'subnet_handle': 0}
2019-07-10 20:45:12,475 - DEBUG - tty.usbmodem0006822145041: RX: 058497000000
2019-07-10 20:45:12,476 - DEBUG - tty.usbmodem0006822145041: parsed_packet {event: CmdRsp, data: {'opcode': 151, 'status': 0, 'data': bytearray(b'\x00\x00')}}
2019-07-10 20:45:12,476 - INFO - tty.usbmodem0006822145041: AppkeyAdd: {'appkey_handle': 0}
2019-07-10 20:45:12,476 - DEBUG - tty.usbmodem0006822145041: RX: 058497000100
2019-07-10 20:45:12,476 - DEBUG - tty.usbmodem0006822145041: parsed_packet {event: CmdRsp, data: {'opcode': 151, 'status': 0, 'data': bytearray(b'\x01\x00')}}
2019-07-10 20:45:12,485 - INFO - tty.usbmodem0006822145041: AppkeyAdd: {'appkey_handle': 1}
2019-07-10 20:45:19,819 - DEBUG - tty.usbmodem0006822145041: Writing: 97 bytearray(b'')
2019-07-10 20:45:19,822 - DEBUG - tty.usbmodem0006822145041: TX: 0161
2019-07-10 20:45:19,828 - DEBUG - tty.usbmodem0006822145041: RX: 03846100
2019-07-10 20:45:19,828 - DEBUG - tty.usbmodem0006822145041: parsed_packet {event: CmdRsp, data: {'opcode': 97, 'status': 0, 'data': bytearray(b'')}}
2019-07-10 20:45:19,828 - INFO - tty.usbmodem0006822145041: Success
2019-07-10 20:45:20,466 - DEBUG - tty.usbmodem0006822145041: RX: 1ac09db77a0526b8734988639509c242d107cb0001c8639509c2c2
2019-07-10 20:45:20,466 - DEBUG - tty.usbmodem0006822145041: parsed_packet {event: ProvUnprovisionedReceived, data: {'uuid': bytearray(b'\x9d\xb7z\x05&\xb8sI\x88c\x95\t\xc2B\xd1\x07'), 'rssi': -53, 'gatt_supported': 0, 'adv_addr_type': 1, 'adv_addr': bytearray(b'\xc8c\x95\t\xc2\xc2')}}
2019-07-10 20:45:20,466 - INFO - tty.usbmodem0006822145041: {event: ProvUnprovisionedReceived, data: {'uuid': bytearray(b'\x9d\xb7z\x05&\xb8sI\x88c\x95\t\xc2B\xd1\x07'), 'rssi': -53, 'gatt_supported': 0, 'adv_addr_type': 1, 'adv_addr': bytearray(b'\xc8c\x95\t\xc2\xc2')}}
2019-07-10 20:45:20,467 - INFO - tty.usbmodem0006822145041: Received UUID 9db77a0526b8734988639509c242d107 with RSSI: -53 dB
2019-07-10 20:45:22,472 - DEBUG - tty.usbmodem0006822145041: RX: 1ac09db77a0526b8734988639509c242d107cb0001c8639509c2c2
2019-07-10 20:45:22,473 - DEBUG - tty.usbmodem0006822145041: parsed_packet {event: ProvUnprovisionedReceived, data: {'uuid': bytearray(b'\x9d\xb7z\x05&\xb8sI\x88c\x95\t\xc2B\xd1\x07'), 'rssi': -53, 'gatt_supported': 0, 'adv_addr_type': 1, 'adv_addr': bytearray(b'\xc8c\x95\t\xc2\xc2')}}
2019-07-10 20:45:22,474 - INFO - tty.usbmodem0006822145041: {event: ProvUnprovisionedReceived, data: {'uuid': bytearray(b'\x9d\xb7z\x05&\xb8sI\x88c\x95\t\xc2B\xd1\x07'), 'rssi': -53, 'gatt_supported': 0, 'adv_addr_type': 1, 'adv_addr': bytearray(b'\xc8c\x95\t\xc2\xc2')}}
2019-07-10 20:45:24,475 - DEBUG - tty.usbmodem0006822145041: RX: 1ac09db77a0526b8734988639509c242d107c70001c8639509c2c2
2019-07-10 20:45:24,475 - DEBUG - tty.usbmodem0006822145041: parsed_packet {event: ProvUnprovisionedReceived, data: {'uuid': bytearray(b'\x9d\xb7z\x05&\xb8sI\x88c\x95\t\xc2B\xd1\x07'), 'rssi': -57, 'gatt_supported': 0, 'adv_addr_type': 1, 'adv_addr': bytearray(b'\xc8c\x95\t\xc2\xc2')}}
2019-07-10 20:45:24,476 - INFO - tty.usbmodem0006822145041: {event: ProvUnprovisionedReceived, data: {'uuid': bytearray(b'\x9d\xb7z\x05&\xb8sI\x88c\x95\t\xc2B\xd1\x07'), 'rssi': -57, 'gatt_supported': 0, 'adv_addr_type': 1, 'adv_addr': bytearray(b'\xc8c\x95\t\xc2\xc2')}}
2019-07-10 20:45:26,487 - DEBUG - tty.usbmodem0006822145041: RX: 1ac09db77a0526b8734988639509c242d107cc0001c8639509c2c2
2019-07-10 20:45:26,498 - DEBUG - tty.usbmodem0006822145041: parsed_packet {event: ProvUnprovisionedReceived, data: {'uuid': bytearray(b'\x9d\xb7z\x05&\xb8sI\x88c\x95\t\xc2B\xd1\x07'), 'rssi': -52, 'gatt_supported': 0, 'adv_addr_type': 1, 'adv_addr': bytearray(b'\xc8c\x95\t\xc2\xc2')}}
2019-07-10 20:45:26,498 - INFO - tty.usbmodem0006822145041: {event: ProvUnprovisionedReceived, data: {'uuid': bytearray(b'\x9d\xb7z\x05&\xb8sI\x88c\x95\t\xc2B\xd1\x07'), 'rssi': -52, 'gatt_supported': 0, 'adv_addr_type': 1, 'adv_addr': bytearray(b'\xc8c\x95\t\xc2\xc2')}}
2019-07-10 20:45:27,164 - DEBUG - tty.usbmodem0006822145041: Writing: 98 bytearray(b'')
2019-07-10 20:45:27,166 - DEBUG - tty.usbmodem0006822145041: TX: 0162
2019-07-10 20:45:27,175 - DEBUG - tty.usbmodem0006822145041: Writing: 99 bytearray(b'\x00\x9d\xb7z\x05&\xb8sI\x88c\x95\t\xc2B\xd1\x07\x18\xee\xd9\xc2\xa5j\xdd\x85\x04\x9f\xfc<Y\xad\x0e\x12\x00\x00\x00\x00\x00\x00\x10\x00\x00\x00\x00')
2019-07-10 20:45:27,175 - DEBUG - tty.usbmodem0006822145041: TX: 2d63009db77a0526b8734988639509c242d10718eed9c2a56add85049ffc3c59ad0e120000000000001000000000
2019-07-10 20:45:27,176 - DEBUG - tty.usbmodem0006822145041: RX: 03846200
2019-07-10 20:45:27,176 - DEBUG - tty.usbmodem0006822145041: parsed_packet {event: CmdRsp, data: {'opcode': 98, 'status': 0, 'data': bytearray(b'')}}
2019-07-10 20:45:27,177 - INFO - tty.usbmodem0006822145041: Success
2019-07-10 20:45:27,184 - DEBUG - tty.usbmodem0006822145041: RX: 0484630000
2019-07-10 20:45:27,184 - DEBUG - tty.usbmodem0006822145041: parsed_packet {event: CmdRsp, data: {'opcode': 99, 'status': 0, 'data': bytearray(b'\x00')}}
2019-07-10 20:45:27,185 - INFO - tty.usbmodem0006822145041: Provision: {'context': 0}
2019-07-10 20:45:27,220 - DEBUG - tty.usbmodem0006822145041: RX: 02c100
2019-07-10 20:45:27,221 - DEBUG - tty.usbmodem0006822145041: parsed_packet {event: ProvLinkEstablished, data: {'context_id': 0}}
2019-07-10 20:45:27,221 - INFO - tty.usbmodem0006822145041: {event: ProvLinkEstablished, data: {'context_id': 0}}
2019-07-10 20:45:27,222 - INFO - tty.usbmodem0006822145041: Link established
2019-07-10 20:45:27,269 - DEBUG - tty.usbmodem0006822145041: RX: 0bc3000e0001000000000000
2019-07-10 20:45:27,269 - DEBUG - tty.usbmodem0006822145041: parsed_packet {event: ProvCapsReceived, data: {'context_id': 0, 'num_elements': 14, 'public_key_type': 0, 'static_oob_types': 1, 'output_oob_size': 0, 'output_oob_actions': 0, 'input_oob_size': 0, 'input_oob_actions': 0}}
2019-07-10 20:45:27,270 - INFO - tty.usbmodem0006822145041: {event: ProvCapsReceived, data: {'context_id': 0, 'num_elements': 14, 'public_key_type': 0, 'static_oob_types': 1, 'output_oob_size': 0, 'output_oob_actions': 0, 'input_oob_size': 0, 'input_oob_actions': 0}}
2019-07-10 20:45:27,270 - INFO - tty.usbmodem0006822145041: Received capabilities
2019-07-10 20:45:27,270 - INFO - tty.usbmodem0006822145041: Number of elements: 14
2019-07-10 20:45:27,271 - DEBUG - tty.usbmodem0006822145041: Writing: 102 bytearray(b'\x00\x00\x00\x00')
2019-07-10 20:45:27,272 - DEBUG - tty.usbmodem0006822145041: TX: 056600000000
2019-07-10 20:45:27,278 - DEBUG - tty.usbmodem0006822145041: RX: 0484660000
2019-07-10 20:45:27,279 - DEBUG - tty.usbmodem0006822145041: parsed_packet {event: CmdRsp, data: {'opcode': 102, 'status': 0, 'data': bytearray(b'\x00')}}
2019-07-10 20:45:27,279 - INFO - tty.usbmodem0006822145041: OobUse: {'context': 0}
2019-07-10 20:45:27,461 - DEBUG - tty.usbmodem0006822145041: RX: 62c700a2664dcbffb43ff962836ae91241d305c1eb7a39dcee5ea47872f20ca0f20c842ea5b01dcae5d7da6738a26ae5e97b004fab9e5b27a09a0c02c80f844ba2c003be70bebb901e471d11ffbae81f18e7e6728fc5cf615f4c0fc292f7b0746a6295
2019-07-10 20:45:27,462 - DEBUG - tty.usbmodem0006822145041: parsed_packet {event: ProvEcdhRequest, data: {'context_id': 0, 'peer_public': bytearray(b"\xa2fM\xcb\xff\xb4?\xf9b\x83j\xe9\x12A\xd3\x05\xc1\xebz9\xdc\xee^\xa4xr\xf2\x0c\xa0\xf2\x0c\x84.\xa5\xb0\x1d\xca\xe5\xd7\xdag8\xa2j\xe5\xe9{\x00O\xab\x9e[\'\xa0\x9a\x0c\x02\xc8\x0f\x84K\xa2\xc0\x03"), 'node_private': bytearray(b'\xbep\xbe\xbb\x90\x1eG\x1d\x11\xff\xba\xe8\x1f\x18\xe7\xe6r\x8f\xc5\xcfa_L\x0f\xc2\x92\xf7\xb0tjb\x95')}}
2019-07-10 20:45:27,462 - INFO - tty.usbmodem0006822145041: {event: ProvEcdhRequest, data: {'context_id': 0, 'peer_public': bytearray(b"\xa2fM\xcb\xff\xb4?\xf9b\x83j\xe9\x12A\xd3\x05\xc1\xebz9\xdc\xee^\xa4xr\xf2\x0c\xa0\xf2\x0c\x84.\xa5\xb0\x1d\xca\xe5\xd7\xdag8\xa2j\xe5\xe9{\x00O\xab\x9e[\'\xa0\x9a\x0c\x02\xc8\x0f\x84K\xa2\xc0\x03"), 'node_private': bytearray(b'\xbep\xbe\xbb\x90\x1eG\x1d\x11\xff\xba\xe8\x1f\x18\xe7\xe6r\x8f\xc5\xcfa_L\x0f\xc2\x92\xf7\xb0tjb\x95')}}
2019-07-10 20:45:27,462 - INFO - tty.usbmodem0006822145041: ECDH request received
2019-07-10 20:45:27,463 - DEBUG - tty.usbmodem0006822145041: Writing: 104 bytearray(b'\x00\xce\x9b1\x86\x92\xec\xa1\xef\x1d\xe3\x928\xf9\xf7\xb2\x02\xe3\xba\x93\x91\xa2K\x80\x92\xe9\x83\xbe\xd2\x89V\xeaW')
2019-07-10 20:45:27,463 - DEBUG - tty.usbmodem0006822145041: TX: 226800ce9b318692eca1ef1de39238f9f7b202e3ba9391a24b8092e983bed28956ea57
2019-07-10 20:45:27,469 - DEBUG - tty.usbmodem0006822145041: RX: 0484680000
2019-07-10 20:45:27,469 - DEBUG - tty.usbmodem0006822145041: parsed_packet {event: CmdRsp, data: {'opcode': 104, 'status': 0, 'data': bytearray(b'\x00')}}
2019-07-10 20:45:27,470 - INFO - tty.usbmodem0006822145041: EcdhSecret: {'context': 0}
2019-07-10 20:45:27,773 - DEBUG - tty.usbmodem0006822145041: RX: 2cc5000000000000001000000079ea97bca6b63738878940495719d4c518eed9c2a56add85049ffc3c59ad0e12
2019-07-10 20:45:27,774 - DEBUG - tty.usbmodem0006822145041: parsed_packet {event: ProvComplete, data: {'context_id': 0, 'iv_index': 0, 'net_key_index': 0, 'address': 16, 'iv_update_flag': 0, 'key_refresh_flag': 0, 'device_key': bytearray(b'y\xea\x97\xbc\xa6\xb678\x87\x89@IW\x19\xd4\xc5'), 'net_key': bytearray(b'\x18\xee\xd9\xc2\xa5j\xdd\x85\x04\x9f\xfc<Y\xad\x0e\x12')}}
2019-07-10 20:45:27,774 - INFO - tty.usbmodem0006822145041: {event: ProvComplete, data: {'context_id': 0, 'iv_index': 0, 'net_key_index': 0, 'address': 16, 'iv_update_flag': 0, 'key_refresh_flag': 0, 'device_key': bytearray(b'y\xea\x97\xbc\xa6\xb678\x87\x89@IW\x19\xd4\xc5'), 'net_key': bytearray(b'\x18\xee\xd9\xc2\xa5j\xdd\x85\x04\x9f\xfc<Y\xad\x0e\x12')}}
2019-07-10 20:45:27,774 - INFO - tty.usbmodem0006822145041: Provisioning complete
2019-07-10 20:45:27,789 - INFO - tty.usbmodem0006822145041: 	Address(es): 0x10-0x1d
2019-07-10 20:45:27,789 - INFO - tty.usbmodem0006822145041: 	Device key: 79ea97bca6b63738878940495719d4c5
2019-07-10 20:45:27,789 - INFO - tty.usbmodem0006822145041: 	Network key: 18eed9c2a56add85049ffc3c59ad0e12
2019-07-10 20:45:27,789 - INFO - tty.usbmodem0006822145041: Adding device key to subnet 0
2019-07-10 20:45:27,790 - INFO - tty.usbmodem0006822145041: Adding publication address of root element
2019-07-10 20:45:27,796 - DEBUG - tty.usbmodem0006822145041: Writing: 156 bytearray(b'\x10\x00\x00\x00y\xea\x97\xbc\xa6\xb678\x87\x89@IW\x19\xd4\xc5')
2019-07-10 20:45:27,796 - DEBUG - tty.usbmodem0006822145041: TX: 159c1000000079ea97bca6b63738878940495719d4c5
2019-07-10 20:45:27,797 - INFO - tty.usbmodem0006822145041: CMD Handler 1000000079ea97bca6b63738878940495719d4c5
2019-07-10 20:45:27,797 - INFO - tty.usbmodem0006822145041: Adding device key bytearray(b'\x10\x00\x00\x00y\xea\x97\xbc\xa6\xb678\x87\x89@IW\x19\xd4\xc5')
2019-07-10 20:45:27,821 - DEBUG - tty.usbmodem0006822145041: Writing: 164 bytearray(b'\x10\x00')
2019-07-10 20:45:27,821 - DEBUG - tty.usbmodem0006822145041: TX: 03a41000
2019-07-10 20:45:27,822 - INFO - tty.usbmodem0006822145041: CMD Handler 1000
2019-07-10 20:45:29,823 - INFO - tty.usbmodem0006822145041: cmd AddrPublicationAdd, timeout waiting for event
2019-07-10 20:45:37,799 - DEBUG - tty.usbmodem0006822145041: RX: 05849c000800
2019-07-10 20:45:37,800 - DEBUG - tty.usbmodem0006822145041: parsed_packet {event: CmdRsp, data: {'opcode': 156, 'status': 0, 'data': bytearray(b'\x08\x00')}}
2019-07-10 20:45:37,800 - INFO - tty.usbmodem0006822145041: DevkeyAdd: {'devkey_handle': 8}
2019-07-10 20:45:37,801 - DEBUG - tty.usbmodem0006822145041: RX: 0584a4000000
2019-07-10 20:45:37,801 - DEBUG - tty.usbmodem0006822145041: parsed_packet {event: CmdRsp, data: {'opcode': 164, 'status': 0, 'data': bytearray(b'\x00\x00')}}
2019-07-10 20:45:37,802 - INFO - tty.usbmodem0006822145041: AddrPublicationAdd: {'address_handle': 0}
2019-07-10 20:45:37,802 - ERROR - tty.usbmodem0006822145041: Error storing address handle: local variable 'opcode' referenced before assignment
2019-07-10 20:45:37,811 - DEBUG - tty.usbmodem0006822145041: RX: 03c20000
2019-07-10 20:45:37,812 - DEBUG - tty.usbmodem0006822145041: parsed_packet {event: ProvLinkClosed, data: {'context_id': 0, 'close_reason': 0}}
2019-07-10 20:45:37,812 - INFO - tty.usbmodem0006822145041: {event: ProvLinkClosed, data: {'context_id': 0, 'close_reason': 0}}
2019-07-10 20:45:37,812 - INFO - tty.usbmodem0006822145041: Provisioning link closed
2019-07-10 20:50:23,510 - DEBUG - tty.usbmodem0006822145041: exited read event
