2019-07-29 15:42:56,818 - DEBUG - tty.usbmodem0006822145041: Writing: 14 bytearray(b'')
2019-07-29 15:42:56,818 - DEBUG - tty.usbmodem0006822145041: TX: 010e
2019-07-29 15:42:57,237 - DEBUG - tty.usbmodem0006822145041: RX: 04810200fe
2019-07-29 15:42:57,237 - DEBUG - tty.usbmodem0006822145041: parsed_packet {event: DeviceStarted, data: {'operating_mode': 2, 'hw_error': 0, 'data_credit_available': 254}}
2019-07-29 15:42:57,237 - INFO - tty.usbmodem0006822145041: Device rebooted.
2019-07-29 15:42:57,356 - DEBUG - tty.usbmodem0006822145041: Writing: 105 bytearray(b'\xb9\x08i\xd3\xe2\xd1u\xb4\xd7\xb8,]\x1c\xdfPG\xc3}<\xbd\xc4F\xd4^\xd9\xe1\x00 G=$\x99E\xca\xc67\x04,}Go\x93\xe8\x8dA\xe2R\xae\xd6\xdb>"\xd9\xe0M5?\xcb\xbc\xc9\x194\xe1N\xdb\xee\xbb\x90\xaaV\x0f\xd9\xd0=\xfc_\xfe~9\xe2+AkW\xea\xdc^\xe2\xc9,ttn3\x8e\xb1')
2019-07-29 15:42:57,357 - DEBUG - tty.usbmodem0006822145041: TX: 6169b90869d3e2d175b4d7b82c5d1cdf5047c37d3cbdc446d45ed9e10020473d249945cac637042c7d476f93e88d41e252aed6db3e22d9e04d353fcbbcc91934e14edbeebb90aa560fd9d03dfc5ffe7e39e22b416b57eadc5ee2c92c74746e338eb1
2019-07-29 15:42:57,370 - INFO - tty.usbmodem0006822145041: 

2019-07-29 15:42:57,370 - INFO - tty.usbmodem0006822145041: Sending next message
2019-07-29 15:42:57,371 - DEBUG - tty.usbmodem0006822145041: RX: 03845384
2019-07-29 15:42:57,371 - DEBUG - tty.usbmodem0006822145041: parsed_packet {event: CmdRsp, data: {'opcode': 83, 'status': 132, 'data': bytearray(b'')}}
2019-07-29 15:42:57,371 - DEBUG - tty.usbmodem0006822145041: Writing: 159 bytearray(b'\x01\x00\x01\x00')
2019-07-29 15:42:57,371 - ERROR - tty.usbmodem0006822145041: None: ERROR_INVALID_LENGTH
2019-07-29 15:42:57,371 - DEBUG - tty.usbmodem0006822145041: TX: 059f01000100
2019-07-29 15:42:57,371 - DEBUG - tty.usbmodem0006822145041: RX: 03840084
2019-07-29 15:42:57,372 - DEBUG - tty.usbmodem0006822145041: parsed_packet {event: CmdRsp, data: {'opcode': 0, 'status': 132, 'data': bytearray(b'')}}
2019-07-29 15:42:57,372 - DEBUG - tty.usbmodem0006822145041: Writing: 146 bytearray(b'\x00\x00\x18\xee\xd9\xc2\xa5j\xdd\x85\x04\x9f\xfc<Y\xad\x0e\x12')
2019-07-29 15:42:57,372 - ERROR - tty.usbmodem0006822145041: None: ERROR_INVALID_LENGTH
2019-07-29 15:42:57,372 - DEBUG - tty.usbmodem0006822145041: TX: 1392000018eed9c2a56add85049ffc3c59ad0e12
2019-07-29 15:42:57,372 - DEBUG - tty.usbmodem0006822145041: RX: 03840084
2019-07-29 15:42:57,372 - DEBUG - tty.usbmodem0006822145041: parsed_packet {event: CmdRsp, data: {'opcode': 0, 'status': 132, 'data': bytearray(b'')}}
2019-07-29 15:42:57,373 - DEBUG - tty.usbmodem0006822145041: Writing: 151 bytearray(b'\x00\x00\x00\x00Oh\xad\x85\xd9\xf4\x8a\xc8X\x9d\xf6e\xb6\xb4\x9b\x8a')
2019-07-29 15:42:57,372 - ERROR - tty.usbmodem0006822145041: None: ERROR_INVALID_LENGTH
2019-07-29 15:42:57,373 - DEBUG - tty.usbmodem0006822145041: TX: 1597000000004f68ad85d9f48ac8589df665b6b49b8a
2019-07-29 15:42:57,373 - DEBUG - tty.usbmodem0006822145041: RX: 03840084
2019-07-29 15:42:57,373 - DEBUG - tty.usbmodem0006822145041: parsed_packet {event: CmdRsp, data: {'opcode': 0, 'status': 132, 'data': bytearray(b'')}}
2019-07-29 15:42:57,373 - DEBUG - tty.usbmodem0006822145041: Writing: 151 bytearray(b'\x01\x00\x00\x00*\xa2\xa6\xde\xd5\xa0y\x8c\xea\xb5x|\xa3\xae9\xfc')
2019-07-29 15:42:57,373 - ERROR - tty.usbmodem0006822145041: None: ERROR_INVALID_LENGTH
2019-07-29 15:42:57,374 - DEBUG - tty.usbmodem0006822145041: TX: 1597010000002aa2a6ded5a0798ceab5787ca3ae39fc
2019-07-29 15:42:57,374 - DEBUG - tty.usbmodem0006822145041: RX: 03840084
2019-07-29 15:42:57,374 - DEBUG - tty.usbmodem0006822145041: parsed_packet {event: CmdRsp, data: {'opcode': 0, 'status': 132, 'data': bytearray(b'')}}
2019-07-29 15:42:57,374 - DEBUG - tty.usbmodem0006822145041: Writing: 161 bytearray(b'\x01\xc0')
2019-07-29 15:42:57,374 - ERROR - tty.usbmodem0006822145041: None: ERROR_INVALID_LENGTH
2019-07-29 15:42:57,375 - DEBUG - tty.usbmodem0006822145041: TX: 03a101c0
2019-07-29 15:42:57,375 - DEBUG - tty.usbmodem0006822145041: RX: 03840084
2019-07-29 15:42:57,376 - DEBUG - tty.usbmodem0006822145041: parsed_packet {event: CmdRsp, data: {'opcode': 0, 'status': 132, 'data': bytearray(b'')}}
2019-07-29 15:42:57,377 - ERROR - tty.usbmodem0006822145041: None: ERROR_INVALID_LENGTH
2019-07-29 15:42:57,378 - DEBUG - tty.usbmodem0006822145041: RX: 03840084
2019-07-29 15:42:57,378 - DEBUG - tty.usbmodem0006822145041: parsed_packet {event: CmdRsp, data: {'opcode': 0, 'status': 132, 'data': bytearray(b'')}}
2019-07-29 15:42:57,378 - ERROR - tty.usbmodem0006822145041: None: ERROR_INVALID_LENGTH
2019-07-29 15:42:57,378 - DEBUG - tty.usbmodem0006822145041: RX: 03840084
2019-07-29 15:42:57,378 - DEBUG - tty.usbmodem0006822145041: parsed_packet {event: CmdRsp, data: {'opcode': 0, 'status': 132, 'data': bytearray(b'')}}
2019-07-29 15:42:57,378 - ERROR - tty.usbmodem0006822145041: None: ERROR_INVALID_LENGTH
2019-07-29 15:42:57,378 - DEBUG - tty.usbmodem0006822145041: RX: 03840084
2019-07-29 15:42:57,378 - DEBUG - tty.usbmodem0006822145041: parsed_packet {event: CmdRsp, data: {'opcode': 0, 'status': 132, 'data': bytearray(b'')}}
2019-07-29 15:42:57,378 - ERROR - tty.usbmodem0006822145041: None: ERROR_INVALID_LENGTH
2019-07-29 15:42:57,379 - DEBUG - tty.usbmodem0006822145041: RX: 03840084
2019-07-29 15:42:57,379 - DEBUG - tty.usbmodem0006822145041: parsed_packet {event: CmdRsp, data: {'opcode': 0, 'status': 132, 'data': bytearray(b'')}}
2019-07-29 15:42:57,379 - ERROR - tty.usbmodem0006822145041: None: ERROR_INVALID_LENGTH
2019-07-29 15:42:57,379 - DEBUG - tty.usbmodem0006822145041: RX: 03840084
2019-07-29 15:42:57,379 - DEBUG - tty.usbmodem0006822145041: parsed_packet {event: CmdRsp, data: {'opcode': 0, 'status': 132, 'data': bytearray(b'')}}
2019-07-29 15:42:57,379 - ERROR - tty.usbmodem0006822145041: None: ERROR_INVALID_LENGTH
2019-07-29 15:42:57,379 - DEBUG - tty.usbmodem0006822145041: RX: 03840084
2019-07-29 15:42:57,379 - DEBUG - tty.usbmodem0006822145041: parsed_packet {event: CmdRsp, data: {'opcode': 0, 'status': 132, 'data': bytearray(b'')}}
2019-07-29 15:42:57,379 - ERROR - tty.usbmodem0006822145041: None: ERROR_INVALID_LENGTH
2019-07-29 15:42:57,379 - DEBUG - tty.usbmodem0006822145041: RX: 03840084
2019-07-29 15:42:57,379 - DEBUG - tty.usbmodem0006822145041: parsed_packet {event: CmdRsp, data: {'opcode': 0, 'status': 132, 'data': bytearray(b'')}}
2019-07-29 15:42:57,379 - ERROR - tty.usbmodem0006822145041: None: ERROR_INVALID_LENGTH
2019-07-29 15:42:57,380 - DEBUG - tty.usbmodem0006822145041: RX: 03849f00
2019-07-29 15:42:57,380 - DEBUG - tty.usbmodem0006822145041: parsed_packet {event: CmdRsp, data: {'opcode': 159, 'status': 0, 'data': bytearray(b'')}}
2019-07-29 15:42:57,380 - INFO - tty.usbmodem0006822145041: Success
2019-07-29 15:42:57,380 - DEBUG - tty.usbmodem0006822145041: RX: 058492000000
2019-07-29 15:42:57,380 - DEBUG - tty.usbmodem0006822145041: parsed_packet {event: CmdRsp, data: {'opcode': 146, 'status': 0, 'data': bytearray(b'\x00\x00')}}
2019-07-29 15:42:57,380 - INFO - tty.usbmodem0006822145041: SubnetAdd: {'subnet_handle': 0}
2019-07-29 15:42:57,384 - DEBUG - tty.usbmodem0006822145041: RX: 058497000000
2019-07-29 15:42:57,385 - DEBUG - tty.usbmodem0006822145041: parsed_packet {event: CmdRsp, data: {'opcode': 151, 'status': 0, 'data': bytearray(b'\x00\x00')}}
2019-07-29 15:42:57,385 - INFO - tty.usbmodem0006822145041: AppkeyAdd: {'appkey_handle': 0}
2019-07-29 15:42:57,385 - DEBUG - tty.usbmodem0006822145041: RX: 058497000100
2019-07-29 15:42:57,385 - DEBUG - tty.usbmodem0006822145041: parsed_packet {event: CmdRsp, data: {'opcode': 151, 'status': 0, 'data': bytearray(b'\x01\x00')}}
2019-07-29 15:42:57,385 - INFO - tty.usbmodem0006822145041: AppkeyAdd: {'appkey_handle': 1}
2019-07-29 15:42:57,386 - DEBUG - tty.usbmodem0006822145041: RX: 0584a1000000
2019-07-29 15:42:57,386 - DEBUG - tty.usbmodem0006822145041: parsed_packet {event: CmdRsp, data: {'opcode': 161, 'status': 0, 'data': bytearray(b'\x00\x00')}}
2019-07-29 15:42:57,386 - INFO - tty.usbmodem0006822145041: AddrSubscriptionAdd: {'address_handle': 0}
2019-07-29 15:42:57,391 - INFO - tty.usbmodem0006822145041: 

2019-07-29 15:42:57,391 - INFO - tty.usbmodem0006822145041: Sending next message
2019-07-29 15:42:57,391 - DEBUG - tty.usbmodem0006822145041: Writing: 164 bytearray(b'\x1e\x00')
2019-07-29 15:42:57,391 - DEBUG - tty.usbmodem0006822145041: TX: 03a41e00
2019-07-29 15:42:57,394 - DEBUG - tty.usbmodem0006822145041: RX: 0584a4000100
2019-07-29 15:42:57,394 - DEBUG - tty.usbmodem0006822145041: parsed_packet {event: CmdRsp, data: {'opcode': 164, 'status': 0, 'data': bytearray(b'\x01\x00')}}
2019-07-29 15:42:57,394 - INFO - tty.usbmodem0006822145041: AddrPublicationAdd: {'address_handle': 1}
2019-07-29 15:42:57,401 - INFO - tty.usbmodem0006822145041: 

2019-07-29 15:42:57,401 - INFO - tty.usbmodem0006822145041: Sending next message
2019-07-29 15:42:57,401 - DEBUG - tty.usbmodem0006822145041: Writing: 164 bytearray(b'\x1f\x00')
2019-07-29 15:42:57,402 - DEBUG - tty.usbmodem0006822145041: TX: 03a41f00
2019-07-29 15:42:57,404 - DEBUG - tty.usbmodem0006822145041: RX: 0584a4000200
2019-07-29 15:42:57,405 - DEBUG - tty.usbmodem0006822145041: parsed_packet {event: CmdRsp, data: {'opcode': 164, 'status': 0, 'data': bytearray(b'\x02\x00')}}
2019-07-29 15:42:57,405 - INFO - tty.usbmodem0006822145041: AddrPublicationAdd: {'address_handle': 2}
2019-07-29 15:42:57,411 - INFO - tty.usbmodem0006822145041: 

2019-07-29 15:42:57,411 - INFO - tty.usbmodem0006822145041: Sending next message
2019-07-29 15:42:57,411 - DEBUG - tty.usbmodem0006822145041: Writing: 164 bytearray(b' \x00')
2019-07-29 15:42:57,411 - DEBUG - tty.usbmodem0006822145041: TX: 03a42000
2019-07-29 15:42:57,413 - DEBUG - tty.usbmodem0006822145041: RX: 0584a4000300
2019-07-29 15:42:57,413 - DEBUG - tty.usbmodem0006822145041: parsed_packet {event: CmdRsp, data: {'opcode': 164, 'status': 0, 'data': bytearray(b'\x03\x00')}}
2019-07-29 15:42:57,413 - INFO - tty.usbmodem0006822145041: AddrPublicationAdd: {'address_handle': 3}
2019-07-29 15:42:57,423 - INFO - tty.usbmodem0006822145041: 

2019-07-29 15:42:57,423 - INFO - tty.usbmodem0006822145041: Sending next message
2019-07-29 15:42:57,423 - DEBUG - tty.usbmodem0006822145041: Writing: 164 bytearray(b'!\x00')
2019-07-29 15:42:57,423 - DEBUG - tty.usbmodem0006822145041: TX: 03a42100
2019-07-29 15:42:57,425 - DEBUG - tty.usbmodem0006822145041: RX: 0584a4000400
2019-07-29 15:42:57,425 - DEBUG - tty.usbmodem0006822145041: parsed_packet {event: CmdRsp, data: {'opcode': 164, 'status': 0, 'data': bytearray(b'\x04\x00')}}
2019-07-29 15:42:57,425 - INFO - tty.usbmodem0006822145041: AddrPublicationAdd: {'address_handle': 4}
2019-07-29 15:42:57,430 - INFO - tty.usbmodem0006822145041: 

2019-07-29 15:42:57,430 - INFO - tty.usbmodem0006822145041: Sending next message
2019-07-29 15:42:57,430 - DEBUG - tty.usbmodem0006822145041: Writing: 164 bytearray(b'"\x00')
2019-07-29 15:42:57,430 - DEBUG - tty.usbmodem0006822145041: TX: 03a42200
2019-07-29 15:42:57,432 - DEBUG - tty.usbmodem0006822145041: RX: 0584a4000500
2019-07-29 15:42:57,433 - DEBUG - tty.usbmodem0006822145041: parsed_packet {event: CmdRsp, data: {'opcode': 164, 'status': 0, 'data': bytearray(b'\x05\x00')}}
2019-07-29 15:42:57,433 - INFO - tty.usbmodem0006822145041: AddrPublicationAdd: {'address_handle': 5}
2019-07-29 15:42:57,441 - INFO - tty.usbmodem0006822145041: 

2019-07-29 15:42:57,442 - INFO - tty.usbmodem0006822145041: Sending next message
2019-07-29 15:42:57,442 - DEBUG - tty.usbmodem0006822145041: Writing: 164 bytearray(b'#\x00')
2019-07-29 15:42:57,442 - DEBUG - tty.usbmodem0006822145041: TX: 03a42300
2019-07-29 15:42:57,444 - DEBUG - tty.usbmodem0006822145041: RX: 0584a4000600
2019-07-29 15:42:57,444 - DEBUG - tty.usbmodem0006822145041: parsed_packet {event: CmdRsp, data: {'opcode': 164, 'status': 0, 'data': bytearray(b'\x06\x00')}}
2019-07-29 15:42:57,444 - INFO - tty.usbmodem0006822145041: AddrPublicationAdd: {'address_handle': 6}
2019-07-29 15:42:57,448 - INFO - tty.usbmodem0006822145041: 

2019-07-29 15:42:57,449 - INFO - tty.usbmodem0006822145041: Sending next message
2019-07-29 15:42:57,450 - DEBUG - tty.usbmodem0006822145041: Writing: 164 bytearray(b'$\x00')
2019-07-29 15:42:57,450 - DEBUG - tty.usbmodem0006822145041: TX: 03a42400
2019-07-29 15:42:57,454 - DEBUG - tty.usbmodem0006822145041: RX: 0584a4000700
2019-07-29 15:42:57,455 - DEBUG - tty.usbmodem0006822145041: parsed_packet {event: CmdRsp, data: {'opcode': 164, 'status': 0, 'data': bytearray(b'\x07\x00')}}
2019-07-29 15:42:57,455 - INFO - tty.usbmodem0006822145041: AddrPublicationAdd: {'address_handle': 7}
2019-07-29 15:42:57,460 - INFO - tty.usbmodem0006822145041: 

2019-07-29 15:42:57,461 - INFO - tty.usbmodem0006822145041: Sending next message
2019-07-29 15:42:57,461 - DEBUG - tty.usbmodem0006822145041: Writing: 164 bytearray(b'%\x00')
2019-07-29 15:42:57,461 - DEBUG - tty.usbmodem0006822145041: TX: 03a42500
2019-07-29 15:42:57,463 - DEBUG - tty.usbmodem0006822145041: RX: 0584a4000800
2019-07-29 15:42:57,463 - DEBUG - tty.usbmodem0006822145041: parsed_packet {event: CmdRsp, data: {'opcode': 164, 'status': 0, 'data': bytearray(b'\x08\x00')}}
2019-07-29 15:42:57,463 - INFO - tty.usbmodem0006822145041: AddrPublicationAdd: {'address_handle': 8}
2019-07-29 15:42:57,473 - INFO - tty.usbmodem0006822145041: 

2019-07-29 15:42:57,473 - INFO - tty.usbmodem0006822145041: Sending next message
2019-07-29 15:42:57,474 - DEBUG - tty.usbmodem0006822145041: Writing: 164 bytearray(b'&\x00')
2019-07-29 15:42:57,474 - DEBUG - tty.usbmodem0006822145041: TX: 03a42600
2019-07-29 15:42:57,476 - DEBUG - tty.usbmodem0006822145041: RX: 0584a4000900
2019-07-29 15:42:57,476 - DEBUG - tty.usbmodem0006822145041: parsed_packet {event: CmdRsp, data: {'opcode': 164, 'status': 0, 'data': bytearray(b'\t\x00')}}
2019-07-29 15:42:57,476 - INFO - tty.usbmodem0006822145041: AddrPublicationAdd: {'address_handle': 9}
2019-07-29 15:42:57,482 - INFO - tty.usbmodem0006822145041: 

2019-07-29 15:42:57,482 - INFO - tty.usbmodem0006822145041: Sending next message
2019-07-29 15:42:57,483 - DEBUG - tty.usbmodem0006822145041: Writing: 164 bytearray(b"\'\x00")
2019-07-29 15:42:57,485 - DEBUG - tty.usbmodem0006822145041: TX: 03a42700
2019-07-29 15:42:57,488 - DEBUG - tty.usbmodem0006822145041: RX: 0584a4000a00
2019-07-29 15:42:57,488 - DEBUG - tty.usbmodem0006822145041: parsed_packet {event: CmdRsp, data: {'opcode': 164, 'status': 0, 'data': bytearray(b'\n\x00')}}
2019-07-29 15:42:57,488 - INFO - tty.usbmodem0006822145041: AddrPublicationAdd: {'address_handle': 10}
2019-07-29 15:42:57,494 - INFO - tty.usbmodem0006822145041: 

2019-07-29 15:42:57,494 - INFO - tty.usbmodem0006822145041: Sending next message
2019-07-29 15:42:57,494 - DEBUG - tty.usbmodem0006822145041: Writing: 164 bytearray(b'(\x00')
2019-07-29 15:42:57,495 - DEBUG - tty.usbmodem0006822145041: TX: 03a42800
2019-07-29 15:42:57,497 - DEBUG - tty.usbmodem0006822145041: RX: 0584a4000b00
2019-07-29 15:42:57,497 - DEBUG - tty.usbmodem0006822145041: parsed_packet {event: CmdRsp, data: {'opcode': 164, 'status': 0, 'data': bytearray(b'\x0b\x00')}}
2019-07-29 15:42:57,497 - INFO - tty.usbmodem0006822145041: AddrPublicationAdd: {'address_handle': 11}
2019-07-29 15:42:57,507 - INFO - tty.usbmodem0006822145041: 

2019-07-29 15:42:57,507 - INFO - tty.usbmodem0006822145041: Sending next message
2019-07-29 15:42:57,507 - DEBUG - tty.usbmodem0006822145041: Writing: 164 bytearray(b')\x00')
2019-07-29 15:42:57,507 - DEBUG - tty.usbmodem0006822145041: TX: 03a42900
2019-07-29 15:42:57,509 - DEBUG - tty.usbmodem0006822145041: RX: 0584a4000c00
2019-07-29 15:42:57,509 - DEBUG - tty.usbmodem0006822145041: parsed_packet {event: CmdRsp, data: {'opcode': 164, 'status': 0, 'data': bytearray(b'\x0c\x00')}}
2019-07-29 15:42:57,509 - INFO - tty.usbmodem0006822145041: AddrPublicationAdd: {'address_handle': 12}
2019-07-29 15:42:57,513 - INFO - tty.usbmodem0006822145041: 

2019-07-29 15:42:57,513 - INFO - tty.usbmodem0006822145041: Sending next message
2019-07-29 15:42:57,514 - DEBUG - tty.usbmodem0006822145041: Writing: 164 bytearray(b'*\x00')
2019-07-29 15:42:57,514 - DEBUG - tty.usbmodem0006822145041: TX: 03a42a00
2019-07-29 15:42:57,517 - DEBUG - tty.usbmodem0006822145041: RX: 0584a4000d00
2019-07-29 15:42:57,517 - DEBUG - tty.usbmodem0006822145041: parsed_packet {event: CmdRsp, data: {'opcode': 164, 'status': 0, 'data': bytearray(b'\r\x00')}}
2019-07-29 15:42:57,519 - INFO - tty.usbmodem0006822145041: AddrPublicationAdd: {'address_handle': 13}
2019-07-29 15:42:57,526 - INFO - tty.usbmodem0006822145041: 

2019-07-29 15:42:57,526 - INFO - tty.usbmodem0006822145041: Sending next message
2019-07-29 15:42:57,526 - DEBUG - tty.usbmodem0006822145041: Writing: 164 bytearray(b'+\x00')
2019-07-29 15:42:57,526 - DEBUG - tty.usbmodem0006822145041: TX: 03a42b00
2019-07-29 15:42:57,528 - DEBUG - tty.usbmodem0006822145041: RX: 0584a4000e00
2019-07-29 15:42:57,528 - DEBUG - tty.usbmodem0006822145041: parsed_packet {event: CmdRsp, data: {'opcode': 164, 'status': 0, 'data': bytearray(b'\x0e\x00')}}
2019-07-29 15:42:57,528 - INFO - tty.usbmodem0006822145041: AddrPublicationAdd: {'address_handle': 14}
2019-07-29 15:42:57,538 - INFO - tty.usbmodem0006822145041: 

2019-07-29 15:42:57,538 - INFO - tty.usbmodem0006822145041: Sending next message
2019-07-29 15:42:57,538 - DEBUG - tty.usbmodem0006822145041: Writing: 156 bytearray(b'\x1e\x00\x00\x00\xaa\xc3\x15)\x03\xa3\x1f"\x1b\xe3\xbae\xe0\x96xk')
2019-07-29 15:42:57,538 - DEBUG - tty.usbmodem0006822145041: TX: 159c1e000000aac3152903a31f221be3ba65e096786b
2019-07-29 15:42:57,542 - DEBUG - tty.usbmodem0006822145041: RX: 05849c000800
2019-07-29 15:42:57,542 - DEBUG - tty.usbmodem0006822145041: parsed_packet {event: CmdRsp, data: {'opcode': 156, 'status': 0, 'data': bytearray(b'\x08\x00')}}
2019-07-29 15:42:57,542 - INFO - tty.usbmodem0006822145041: DevkeyAdd: {'devkey_handle': 8}
2019-07-29 15:42:57,547 - INFO - tty.usbmodem0006822145041: No Messages remaining
2019-07-29 15:43:01,539 - INFO - tty.usbmodem0006822145041: Timout handler timeout
2019-07-29 15:43:03,343 - DEBUG - tty.usbmodem0006822145041.SimpleOnOffClient: Sending opcode: c15900, data: 00bc
2019-07-29 15:43:03,344 - DEBUG - tty.usbmodem0006822145041: Writing: 171 bytearray(b'\x00\x00\x01\x00\x0e\x00\x08\x00\x00\x00\xc1Y\x00\x00\xbc')
2019-07-29 15:43:03,344 - DEBUG - tty.usbmodem0006822145041: TX: 10ab000001000e0008000000c1590000bc
2019-07-29 15:43:03,351 - DEBUG - tty.usbmodem0006822145041.GenericOnOffClient: Sending opcode: 8202, data: 00c8
2019-07-29 15:43:03,352 - DEBUG - tty.usbmodem0006822145041: Writing: 171 bytearray(b'\x00\x00\x01\x00\x0e\x00\x08\x00\x00\x00\x82\x02\x00\xc8')
2019-07-29 15:43:03,352 - DEBUG - tty.usbmodem0006822145041: TX: 0fab000001000e0008000000820200c8
2019-07-29 15:43:03,352 - DEBUG - tty.usbmodem0006822145041: RX: 0784ab0001000000
2019-07-29 15:43:03,358 - DEBUG - tty.usbmodem0006822145041: parsed_packet {event: CmdRsp, data: {'opcode': 171, 'status': 0, 'data': bytearray(b'\x01\x00\x00\x00')}}
2019-07-29 15:43:03,359 - INFO - tty.usbmodem0006822145041: PacketSend: {'token': 1}
2019-07-29 15:43:03,360 - DEBUG - tty.usbmodem0006822145041: RX: 0784ab0002000000
2019-07-29 15:43:03,360 - DEBUG - tty.usbmodem0006822145041: parsed_packet {event: CmdRsp, data: {'opcode': 171, 'status': 0, 'data': bytearray(b'\x02\x00\x00\x00')}}
2019-07-29 15:43:03,360 - INFO - tty.usbmodem0006822145041: PacketSend: {'token': 2}
2019-07-29 15:43:03,367 - DEBUG - tty.usbmodem0006822145041: RX: 05d201000000
2019-07-29 15:43:03,367 - DEBUG - tty.usbmodem0006822145041: parsed_packet {event: MeshTxComplete, data: {'token': 1}}
2019-07-29 15:43:03,367 - INFO - tty.usbmodem0006822145041: {event: MeshTxComplete, data: {'token': 1}}
2019-07-29 15:43:03,388 - DEBUG - tty.usbmodem0006822145041: RX: 05d202000000
2019-07-29 15:43:03,388 - DEBUG - tty.usbmodem0006822145041: parsed_packet {event: MeshTxComplete, data: {'token': 2}}
2019-07-29 15:43:03,388 - INFO - tty.usbmodem0006822145041: {event: MeshTxComplete, data: {'token': 2}}
2019-07-29 15:43:03,455 - INFO - tty.usbmodem0006822145041.GenericOnOffClient: Set ACK 14 Failed
2019-07-29 15:43:08,491 - DEBUG - tty.usbmodem0006822145041.GenericOnOffClient: Sending opcode: 8202, data: 01c9
2019-07-29 15:43:08,492 - DEBUG - tty.usbmodem0006822145041: Writing: 171 bytearray(b'\x00\x00\x01\x00\x0e\x00\x08\x00\x00\x00\x82\x02\x01\xc9')
2019-07-29 15:43:08,492 - DEBUG - tty.usbmodem0006822145041: TX: 0fab000001000e0008000000820201c9
2019-07-29 15:43:08,498 - DEBUG - tty.usbmodem0006822145041: RX: 0784ab0003000000
2019-07-29 15:43:08,498 - DEBUG - tty.usbmodem0006822145041: parsed_packet {event: CmdRsp, data: {'opcode': 171, 'status': 0, 'data': bytearray(b'\x03\x00\x00\x00')}}
2019-07-29 15:43:08,499 - INFO - tty.usbmodem0006822145041: PacketSend: {'token': 3}
2019-07-29 15:43:08,514 - DEBUG - tty.usbmodem0006822145041: RX: 05d203000000
2019-07-29 15:43:08,514 - DEBUG - tty.usbmodem0006822145041: parsed_packet {event: MeshTxComplete, data: {'token': 3}}
2019-07-29 15:43:08,514 - INFO - tty.usbmodem0006822145041: {event: MeshTxComplete, data: {'token': 3}}
2019-07-29 15:43:08,592 - INFO - tty.usbmodem0006822145041.GenericOnOffClient: Set ACK 14 Failed
2019-07-29 15:43:09,501 - DEBUG - tty.usbmodem0006822145041.GenericOnOffClient: Sending opcode: 8202, data: 00ca
2019-07-29 15:43:09,502 - DEBUG - tty.usbmodem0006822145041: Writing: 171 bytearray(b'\x00\x00\x01\x00\x0e\x00\x08\x00\x00\x00\x82\x02\x00\xca')
2019-07-29 15:43:09,502 - DEBUG - tty.usbmodem0006822145041: TX: 0fab000001000e0008000000820200ca
2019-07-29 15:43:09,506 - DEBUG - tty.usbmodem0006822145041: RX: 0784ab0004000000
2019-07-29 15:43:09,507 - DEBUG - tty.usbmodem0006822145041: parsed_packet {event: CmdRsp, data: {'opcode': 171, 'status': 0, 'data': bytearray(b'\x04\x00\x00\x00')}}
2019-07-29 15:43:09,507 - INFO - tty.usbmodem0006822145041: PacketSend: {'token': 4}
2019-07-29 15:43:09,518 - DEBUG - tty.usbmodem0006822145041: RX: 05d204000000
2019-07-29 15:43:09,519 - DEBUG - tty.usbmodem0006822145041: parsed_packet {event: MeshTxComplete, data: {'token': 4}}
2019-07-29 15:43:09,519 - INFO - tty.usbmodem0006822145041: {event: MeshTxComplete, data: {'token': 4}}
2019-07-29 15:43:09,607 - INFO - tty.usbmodem0006822145041.GenericOnOffClient: Set ACK 14 Failed
2019-07-29 15:43:10,511 - DEBUG - tty.usbmodem0006822145041.GenericOnOffClient: Sending opcode: 8202, data: 01cb
2019-07-29 15:43:10,512 - DEBUG - tty.usbmodem0006822145041: Writing: 171 bytearray(b'\x00\x00\x01\x00\x0e\x00\x08\x00\x00\x00\x82\x02\x01\xcb')
2019-07-29 15:43:10,512 - DEBUG - tty.usbmodem0006822145041: TX: 0fab000001000e0008000000820201cb
2019-07-29 15:43:10,518 - DEBUG - tty.usbmodem0006822145041: RX: 0784ab0005000000
2019-07-29 15:43:10,518 - DEBUG - tty.usbmodem0006822145041: parsed_packet {event: CmdRsp, data: {'opcode': 171, 'status': 0, 'data': bytearray(b'\x05\x00\x00\x00')}}
2019-07-29 15:43:10,519 - INFO - tty.usbmodem0006822145041: PacketSend: {'token': 5}
2019-07-29 15:43:10,535 - DEBUG - tty.usbmodem0006822145041: RX: 05d205000000
2019-07-29 15:43:10,535 - DEBUG - tty.usbmodem0006822145041: parsed_packet {event: MeshTxComplete, data: {'token': 5}}
2019-07-29 15:43:10,536 - INFO - tty.usbmodem0006822145041: {event: MeshTxComplete, data: {'token': 5}}
2019-07-29 15:43:10,613 - INFO - tty.usbmodem0006822145041.GenericOnOffClient: Set ACK 14 Failed
2019-07-29 15:43:11,520 - DEBUG - tty.usbmodem0006822145041.GenericOnOffClient: Sending opcode: 8202, data: 00cc
2019-07-29 15:43:11,520 - DEBUG - tty.usbmodem0006822145041: Writing: 171 bytearray(b'\x00\x00\x01\x00\x0e\x00\x08\x00\x00\x00\x82\x02\x00\xcc')
2019-07-29 15:43:11,521 - DEBUG - tty.usbmodem0006822145041: TX: 0fab000001000e0008000000820200cc
2019-07-29 15:43:11,527 - DEBUG - tty.usbmodem0006822145041: RX: 0784ab0006000000
2019-07-29 15:43:11,527 - DEBUG - tty.usbmodem0006822145041: parsed_packet {event: CmdRsp, data: {'opcode': 171, 'status': 0, 'data': bytearray(b'\x06\x00\x00\x00')}}
2019-07-29 15:43:11,527 - INFO - tty.usbmodem0006822145041: PacketSend: {'token': 6}
2019-07-29 15:43:11,542 - DEBUG - tty.usbmodem0006822145041: RX: 05d206000000
2019-07-29 15:43:11,542 - DEBUG - tty.usbmodem0006822145041: parsed_packet {event: MeshTxComplete, data: {'token': 6}}
2019-07-29 15:43:11,542 - INFO - tty.usbmodem0006822145041: {event: MeshTxComplete, data: {'token': 6}}
2019-07-29 15:43:11,622 - INFO - tty.usbmodem0006822145041.GenericOnOffClient: Set ACK 14 Failed
2019-07-29 15:43:12,529 - DEBUG - tty.usbmodem0006822145041.GenericOnOffClient: Sending opcode: 8202, data: 01cd
2019-07-29 15:43:12,530 - DEBUG - tty.usbmodem0006822145041: Writing: 171 bytearray(b'\x00\x00\x01\x00\x0e\x00\x08\x00\x00\x00\x82\x02\x01\xcd')
2019-07-29 15:43:12,530 - DEBUG - tty.usbmodem0006822145041: TX: 0fab000001000e0008000000820201cd
2019-07-29 15:43:12,536 - DEBUG - tty.usbmodem0006822145041: RX: 0784ab0007000000
2019-07-29 15:43:12,536 - DEBUG - tty.usbmodem0006822145041: parsed_packet {event: CmdRsp, data: {'opcode': 171, 'status': 0, 'data': bytearray(b'\x07\x00\x00\x00')}}
2019-07-29 15:43:12,536 - INFO - tty.usbmodem0006822145041: PacketSend: {'token': 7}
2019-07-29 15:43:12,548 - DEBUG - tty.usbmodem0006822145041: RX: 05d207000000
2019-07-29 15:43:12,548 - DEBUG - tty.usbmodem0006822145041: parsed_packet {event: MeshTxComplete, data: {'token': 7}}
2019-07-29 15:43:12,549 - INFO - tty.usbmodem0006822145041: {event: MeshTxComplete, data: {'token': 7}}
2019-07-29 15:43:12,632 - INFO - tty.usbmodem0006822145041.GenericOnOffClient: Set ACK 14 Failed
2019-07-29 15:51:54,059 - DEBUG - tty.usbmodem0006822145041: exited read event
