2019-07-30 10:39:13,532 - DEBUG - tty.usbmodem0006822145041: Writing: 14 bytearray(b'')
2019-07-30 10:39:13,533 - DEBUG - tty.usbmodem0006822145041: TX: 010e
2019-07-30 10:39:13,951 - DEBUG - tty.usbmodem0006822145041: RX: 04810200fe
2019-07-30 10:39:13,952 - DEBUG - tty.usbmodem0006822145041: parsed_packet {event: DeviceStarted, data: {'operating_mode': 2, 'hw_error': 0, 'data_credit_available': 254}}
2019-07-30 10:39:13,952 - INFO - tty.usbmodem0006822145041: Device rebooted.
2019-07-30 10:39:14,119 - DEBUG - tty.usbmodem0006822145041: Writing: 105 bytearray(b"\xd1Mjro\xd4\x8a\xd1\'gB\xce+RM\xa1+W\xa9Kf6&\x05<p\xb1\xa1\xf9\xed\x88\xf6BL\xcf%\xde\xf1\xcb\xc93p\xecNC\xd0Cg\x80\x03\x81\xca(r\xf5\xa4o\tdc\x81n\xe6\xa4\xc3\x9b\xd2J%5w~\x8e\xa5\xcd[.N\xa8\x0c\x88\x9c\x0c\x1d\x85J\x86N\xf1]\xdcN\xb5\x93\x95\xd3")
2019-07-30 10:39:14,123 - DEBUG - tty.usbmodem0006822145041: TX: 6169d14d6a726fd48ad1276742ce2b524da12b57a94b663626053c70b1a1f9ed88f6424ccf25def1cbc93370ec4e43d04367800381ca2872f5a46f096463816ee6a4c39bd24a2535777e8ea5cd5b2e4ea80c889c0c1d854a864ef15ddc4eb59395d3
2019-07-30 10:39:14,130 - INFO - tty.usbmodem0006822145041: 

2019-07-30 10:39:14,130 - INFO - tty.usbmodem0006822145041: Sending next message
2019-07-30 10:39:14,134 - DEBUG - tty.usbmodem0006822145041: RX: 03845384
2019-07-30 10:39:14,134 - DEBUG - tty.usbmodem0006822145041: parsed_packet {event: CmdRsp, data: {'opcode': 83, 'status': 132, 'data': bytearray(b'')}}
2019-07-30 10:39:14,134 - ERROR - tty.usbmodem0006822145041: None: ERROR_INVALID_LENGTH
2019-07-30 10:39:14,135 - DEBUG - tty.usbmodem0006822145041: Writing: 159 bytearray(b'\x01\x00\x01\x00')
2019-07-30 10:39:14,135 - DEBUG - tty.usbmodem0006822145041: TX: 059f01000100
2019-07-30 10:39:14,135 - DEBUG - tty.usbmodem0006822145041: RX: 03840084
2019-07-30 10:39:14,135 - DEBUG - tty.usbmodem0006822145041: parsed_packet {event: CmdRsp, data: {'opcode': 0, 'status': 132, 'data': bytearray(b'')}}
2019-07-30 10:39:14,135 - ERROR - tty.usbmodem0006822145041: None: ERROR_INVALID_LENGTH
2019-07-30 10:39:14,136 - DEBUG - tty.usbmodem0006822145041: Writing: 146 bytearray(b'\x00\x00\x18\xee\xd9\xc2\xa5j\xdd\x85\x04\x9f\xfc<Y\xad\x0e\x12')
2019-07-30 10:39:14,136 - DEBUG - tty.usbmodem0006822145041: TX: 1392000018eed9c2a56add85049ffc3c59ad0e12
2019-07-30 10:39:14,136 - DEBUG - tty.usbmodem0006822145041: RX: 03840084
2019-07-30 10:39:14,136 - DEBUG - tty.usbmodem0006822145041: parsed_packet {event: CmdRsp, data: {'opcode': 0, 'status': 132, 'data': bytearray(b'')}}
2019-07-30 10:39:14,136 - DEBUG - tty.usbmodem0006822145041: Writing: 151 bytearray(b'\x00\x00\x00\x00Oh\xad\x85\xd9\xf4\x8a\xc8X\x9d\xf6e\xb6\xb4\x9b\x8a')
2019-07-30 10:39:14,136 - ERROR - tty.usbmodem0006822145041: None: ERROR_INVALID_LENGTH
2019-07-30 10:39:14,137 - DEBUG - tty.usbmodem0006822145041: TX: 1597000000004f68ad85d9f48ac8589df665b6b49b8a
2019-07-30 10:39:14,137 - DEBUG - tty.usbmodem0006822145041: RX: 03840084
2019-07-30 10:39:14,137 - DEBUG - tty.usbmodem0006822145041: parsed_packet {event: CmdRsp, data: {'opcode': 0, 'status': 132, 'data': bytearray(b'')}}
2019-07-30 10:39:14,137 - DEBUG - tty.usbmodem0006822145041: Writing: 151 bytearray(b'\x01\x00\x00\x00*\xa2\xa6\xde\xd5\xa0y\x8c\xea\xb5x|\xa3\xae9\xfc')
2019-07-30 10:39:14,137 - ERROR - tty.usbmodem0006822145041: None: ERROR_INVALID_LENGTH
2019-07-30 10:39:14,137 - DEBUG - tty.usbmodem0006822145041: TX: 1597010000002aa2a6ded5a0798ceab5787ca3ae39fc
2019-07-30 10:39:14,138 - DEBUG - tty.usbmodem0006822145041: RX: 03840084
2019-07-30 10:39:14,138 - DEBUG - tty.usbmodem0006822145041: parsed_packet {event: CmdRsp, data: {'opcode': 0, 'status': 132, 'data': bytearray(b'')}}
2019-07-30 10:39:14,138 - DEBUG - tty.usbmodem0006822145041: Writing: 161 bytearray(b'\x01\xc0')
2019-07-30 10:39:14,138 - ERROR - tty.usbmodem0006822145041: None: ERROR_INVALID_LENGTH
2019-07-30 10:39:14,138 - DEBUG - tty.usbmodem0006822145041: TX: 03a101c0
2019-07-30 10:39:14,139 - DEBUG - tty.usbmodem0006822145041: RX: 03840084
2019-07-30 10:39:14,139 - DEBUG - tty.usbmodem0006822145041: parsed_packet {event: CmdRsp, data: {'opcode': 0, 'status': 132, 'data': bytearray(b'')}}
2019-07-30 10:39:14,139 - ERROR - tty.usbmodem0006822145041: None: ERROR_INVALID_LENGTH
2019-07-30 10:39:14,139 - DEBUG - tty.usbmodem0006822145041: RX: 03840084
2019-07-30 10:39:14,139 - DEBUG - tty.usbmodem0006822145041: parsed_packet {event: CmdRsp, data: {'opcode': 0, 'status': 132, 'data': bytearray(b'')}}
2019-07-30 10:39:14,139 - ERROR - tty.usbmodem0006822145041: None: ERROR_INVALID_LENGTH
2019-07-30 10:39:14,140 - DEBUG - tty.usbmodem0006822145041: RX: 03840084
2019-07-30 10:39:14,140 - DEBUG - tty.usbmodem0006822145041: parsed_packet {event: CmdRsp, data: {'opcode': 0, 'status': 132, 'data': bytearray(b'')}}
2019-07-30 10:39:14,140 - ERROR - tty.usbmodem0006822145041: None: ERROR_INVALID_LENGTH
2019-07-30 10:39:14,140 - DEBUG - tty.usbmodem0006822145041: RX: 03840084
2019-07-30 10:39:14,140 - DEBUG - tty.usbmodem0006822145041: parsed_packet {event: CmdRsp, data: {'opcode': 0, 'status': 132, 'data': bytearray(b'')}}
2019-07-30 10:39:14,140 - ERROR - tty.usbmodem0006822145041: None: ERROR_INVALID_LENGTH
2019-07-30 10:39:14,140 - DEBUG - tty.usbmodem0006822145041: RX: 03840084
2019-07-30 10:39:14,141 - DEBUG - tty.usbmodem0006822145041: parsed_packet {event: CmdRsp, data: {'opcode': 0, 'status': 132, 'data': bytearray(b'')}}
2019-07-30 10:39:14,141 - ERROR - tty.usbmodem0006822145041: None: ERROR_INVALID_LENGTH
2019-07-30 10:39:14,141 - DEBUG - tty.usbmodem0006822145041: RX: 03840084
2019-07-30 10:39:14,141 - DEBUG - tty.usbmodem0006822145041: parsed_packet {event: CmdRsp, data: {'opcode': 0, 'status': 132, 'data': bytearray(b'')}}
2019-07-30 10:39:14,141 - ERROR - tty.usbmodem0006822145041: None: ERROR_INVALID_LENGTH
2019-07-30 10:39:14,141 - DEBUG - tty.usbmodem0006822145041: RX: 03840084
2019-07-30 10:39:14,141 - DEBUG - tty.usbmodem0006822145041: parsed_packet {event: CmdRsp, data: {'opcode': 0, 'status': 132, 'data': bytearray(b'')}}
2019-07-30 10:39:14,141 - ERROR - tty.usbmodem0006822145041: None: ERROR_INVALID_LENGTH
2019-07-30 10:39:14,142 - DEBUG - tty.usbmodem0006822145041: RX: 03840084
2019-07-30 10:39:14,142 - DEBUG - tty.usbmodem0006822145041: parsed_packet {event: CmdRsp, data: {'opcode': 0, 'status': 132, 'data': bytearray(b'')}}
2019-07-30 10:39:14,142 - ERROR - tty.usbmodem0006822145041: None: ERROR_INVALID_LENGTH
2019-07-30 10:39:14,142 - DEBUG - tty.usbmodem0006822145041: RX: 03849f00
2019-07-30 10:39:14,142 - DEBUG - tty.usbmodem0006822145041: parsed_packet {event: CmdRsp, data: {'opcode': 159, 'status': 0, 'data': bytearray(b'')}}
2019-07-30 10:39:14,142 - INFO - tty.usbmodem0006822145041: Success
2019-07-30 10:39:14,142 - DEBUG - tty.usbmodem0006822145041: RX: 058492000000
2019-07-30 10:39:14,142 - DEBUG - tty.usbmodem0006822145041: parsed_packet {event: CmdRsp, data: {'opcode': 146, 'status': 0, 'data': bytearray(b'\x00\x00')}}
2019-07-30 10:39:14,142 - INFO - tty.usbmodem0006822145041: SubnetAdd: {'subnet_handle': 0}
2019-07-30 10:39:14,143 - DEBUG - tty.usbmodem0006822145041: RX: 058497000000
2019-07-30 10:39:14,143 - DEBUG - tty.usbmodem0006822145041: parsed_packet {event: CmdRsp, data: {'opcode': 151, 'status': 0, 'data': bytearray(b'\x00\x00')}}
2019-07-30 10:39:14,143 - INFO - tty.usbmodem0006822145041: AppkeyAdd: {'appkey_handle': 0}
2019-07-30 10:39:14,144 - DEBUG - tty.usbmodem0006822145041: RX: 058497000100
2019-07-30 10:39:14,144 - DEBUG - tty.usbmodem0006822145041: parsed_packet {event: CmdRsp, data: {'opcode': 151, 'status': 0, 'data': bytearray(b'\x01\x00')}}
2019-07-30 10:39:14,145 - INFO - tty.usbmodem0006822145041: AppkeyAdd: {'appkey_handle': 1}
2019-07-30 10:39:14,145 - DEBUG - tty.usbmodem0006822145041: RX: 0584a1000000
2019-07-30 10:39:14,145 - DEBUG - tty.usbmodem0006822145041: parsed_packet {event: CmdRsp, data: {'opcode': 161, 'status': 0, 'data': bytearray(b'\x00\x00')}}
2019-07-30 10:39:14,146 - INFO - tty.usbmodem0006822145041: AddrSubscriptionAdd: {'address_handle': 0}
2019-07-30 10:39:14,150 - INFO - tty.usbmodem0006822145041: 

2019-07-30 10:39:14,150 - INFO - tty.usbmodem0006822145041: Sending next message
2019-07-30 10:39:14,150 - DEBUG - tty.usbmodem0006822145041: Writing: 164 bytearray(b'\x1e\x00')
2019-07-30 10:39:14,150 - DEBUG - tty.usbmodem0006822145041: TX: 03a41e00
2019-07-30 10:39:14,152 - DEBUG - tty.usbmodem0006822145041: RX: 0584a4000100
2019-07-30 10:39:14,152 - DEBUG - tty.usbmodem0006822145041: parsed_packet {event: CmdRsp, data: {'opcode': 164, 'status': 0, 'data': bytearray(b'\x01\x00')}}
2019-07-30 10:39:14,152 - INFO - tty.usbmodem0006822145041: AddrPublicationAdd: {'address_handle': 1}
2019-07-30 10:39:14,157 - INFO - tty.usbmodem0006822145041: 

2019-07-30 10:39:14,157 - INFO - tty.usbmodem0006822145041: Sending next message
2019-07-30 10:39:14,158 - DEBUG - tty.usbmodem0006822145041: Writing: 164 bytearray(b'\x1f\x00')
2019-07-30 10:39:14,158 - DEBUG - tty.usbmodem0006822145041: TX: 03a41f00
2019-07-30 10:39:14,160 - DEBUG - tty.usbmodem0006822145041: RX: 0584a4000200
2019-07-30 10:39:14,160 - DEBUG - tty.usbmodem0006822145041: parsed_packet {event: CmdRsp, data: {'opcode': 164, 'status': 0, 'data': bytearray(b'\x02\x00')}}
2019-07-30 10:39:14,160 - INFO - tty.usbmodem0006822145041: AddrPublicationAdd: {'address_handle': 2}
2019-07-30 10:39:14,166 - INFO - tty.usbmodem0006822145041: 

2019-07-30 10:39:14,166 - INFO - tty.usbmodem0006822145041: Sending next message
2019-07-30 10:39:14,167 - DEBUG - tty.usbmodem0006822145041: Writing: 164 bytearray(b' \x00')
2019-07-30 10:39:14,167 - DEBUG - tty.usbmodem0006822145041: TX: 03a42000
2019-07-30 10:39:14,170 - DEBUG - tty.usbmodem0006822145041: RX: 0584a4000300
2019-07-30 10:39:14,170 - DEBUG - tty.usbmodem0006822145041: parsed_packet {event: CmdRsp, data: {'opcode': 164, 'status': 0, 'data': bytearray(b'\x03\x00')}}
2019-07-30 10:39:14,170 - INFO - tty.usbmodem0006822145041: AddrPublicationAdd: {'address_handle': 3}
2019-07-30 10:39:14,176 - INFO - tty.usbmodem0006822145041: 

2019-07-30 10:39:14,176 - INFO - tty.usbmodem0006822145041: Sending next message
2019-07-30 10:39:14,176 - DEBUG - tty.usbmodem0006822145041: Writing: 164 bytearray(b'!\x00')
2019-07-30 10:39:14,176 - DEBUG - tty.usbmodem0006822145041: TX: 03a42100
2019-07-30 10:39:14,178 - DEBUG - tty.usbmodem0006822145041: RX: 0584a4000400
2019-07-30 10:39:14,178 - DEBUG - tty.usbmodem0006822145041: parsed_packet {event: CmdRsp, data: {'opcode': 164, 'status': 0, 'data': bytearray(b'\x04\x00')}}
2019-07-30 10:39:14,179 - INFO - tty.usbmodem0006822145041: AddrPublicationAdd: {'address_handle': 4}
2019-07-30 10:39:14,186 - INFO - tty.usbmodem0006822145041: 

2019-07-30 10:39:14,186 - INFO - tty.usbmodem0006822145041: Sending next message
2019-07-30 10:39:14,186 - DEBUG - tty.usbmodem0006822145041: Writing: 164 bytearray(b'"\x00')
2019-07-30 10:39:14,186 - DEBUG - tty.usbmodem0006822145041: TX: 03a42200
2019-07-30 10:39:14,188 - DEBUG - tty.usbmodem0006822145041: RX: 0584a4000500
2019-07-30 10:39:14,188 - DEBUG - tty.usbmodem0006822145041: parsed_packet {event: CmdRsp, data: {'opcode': 164, 'status': 0, 'data': bytearray(b'\x05\x00')}}
2019-07-30 10:39:14,188 - INFO - tty.usbmodem0006822145041: AddrPublicationAdd: {'address_handle': 5}
2019-07-30 10:39:14,193 - INFO - tty.usbmodem0006822145041: 

2019-07-30 10:39:14,193 - INFO - tty.usbmodem0006822145041: Sending next message
2019-07-30 10:39:14,193 - DEBUG - tty.usbmodem0006822145041: Writing: 164 bytearray(b'#\x00')
2019-07-30 10:39:14,193 - DEBUG - tty.usbmodem0006822145041: TX: 03a42300
2019-07-30 10:39:14,195 - DEBUG - tty.usbmodem0006822145041: RX: 0584a4000600
2019-07-30 10:39:14,195 - DEBUG - tty.usbmodem0006822145041: parsed_packet {event: CmdRsp, data: {'opcode': 164, 'status': 0, 'data': bytearray(b'\x06\x00')}}
2019-07-30 10:39:14,196 - INFO - tty.usbmodem0006822145041: AddrPublicationAdd: {'address_handle': 6}
2019-07-30 10:39:14,203 - INFO - tty.usbmodem0006822145041: 

2019-07-30 10:39:14,204 - INFO - tty.usbmodem0006822145041: Sending next message
2019-07-30 10:39:14,204 - DEBUG - tty.usbmodem0006822145041: Writing: 164 bytearray(b'$\x00')
2019-07-30 10:39:14,204 - DEBUG - tty.usbmodem0006822145041: TX: 03a42400
2019-07-30 10:39:14,206 - DEBUG - tty.usbmodem0006822145041: RX: 0584a4000700
2019-07-30 10:39:14,206 - DEBUG - tty.usbmodem0006822145041: parsed_packet {event: CmdRsp, data: {'opcode': 164, 'status': 0, 'data': bytearray(b'\x07\x00')}}
2019-07-30 10:39:14,207 - INFO - tty.usbmodem0006822145041: AddrPublicationAdd: {'address_handle': 7}
2019-07-30 10:39:14,211 - INFO - tty.usbmodem0006822145041: 

2019-07-30 10:39:14,211 - INFO - tty.usbmodem0006822145041: Sending next message
2019-07-30 10:39:14,212 - DEBUG - tty.usbmodem0006822145041: Writing: 164 bytearray(b'%\x00')
2019-07-30 10:39:14,212 - DEBUG - tty.usbmodem0006822145041: TX: 03a42500
2019-07-30 10:39:14,215 - DEBUG - tty.usbmodem0006822145041: RX: 0584a4000800
2019-07-30 10:39:14,216 - DEBUG - tty.usbmodem0006822145041: parsed_packet {event: CmdRsp, data: {'opcode': 164, 'status': 0, 'data': bytearray(b'\x08\x00')}}
2019-07-30 10:39:14,216 - INFO - tty.usbmodem0006822145041: AddrPublicationAdd: {'address_handle': 8}
2019-07-30 10:39:14,220 - INFO - tty.usbmodem0006822145041: 

2019-07-30 10:39:14,221 - INFO - tty.usbmodem0006822145041: Sending next message
2019-07-30 10:39:14,221 - DEBUG - tty.usbmodem0006822145041: Writing: 164 bytearray(b'&\x00')
2019-07-30 10:39:14,221 - DEBUG - tty.usbmodem0006822145041: TX: 03a42600
2019-07-30 10:39:14,223 - DEBUG - tty.usbmodem0006822145041: RX: 0584a4000900
2019-07-30 10:39:14,223 - DEBUG - tty.usbmodem0006822145041: parsed_packet {event: CmdRsp, data: {'opcode': 164, 'status': 0, 'data': bytearray(b'\t\x00')}}
2019-07-30 10:39:14,223 - INFO - tty.usbmodem0006822145041: AddrPublicationAdd: {'address_handle': 9}
2019-07-30 10:39:14,228 - INFO - tty.usbmodem0006822145041: 

2019-07-30 10:39:14,228 - INFO - tty.usbmodem0006822145041: Sending next message
2019-07-30 10:39:14,230 - DEBUG - tty.usbmodem0006822145041: Writing: 164 bytearray(b"\'\x00")
2019-07-30 10:39:14,230 - DEBUG - tty.usbmodem0006822145041: TX: 03a42700
2019-07-30 10:39:14,232 - DEBUG - tty.usbmodem0006822145041: RX: 0584a4000a00
2019-07-30 10:39:14,232 - DEBUG - tty.usbmodem0006822145041: parsed_packet {event: CmdRsp, data: {'opcode': 164, 'status': 0, 'data': bytearray(b'\n\x00')}}
2019-07-30 10:39:14,233 - INFO - tty.usbmodem0006822145041: AddrPublicationAdd: {'address_handle': 10}
2019-07-30 10:39:14,242 - INFO - tty.usbmodem0006822145041: 

2019-07-30 10:39:14,242 - INFO - tty.usbmodem0006822145041: Sending next message
2019-07-30 10:39:14,243 - DEBUG - tty.usbmodem0006822145041: Writing: 164 bytearray(b'(\x00')
2019-07-30 10:39:14,243 - DEBUG - tty.usbmodem0006822145041: TX: 03a42800
2019-07-30 10:39:14,245 - DEBUG - tty.usbmodem0006822145041: RX: 0584a4000b00
2019-07-30 10:39:14,245 - DEBUG - tty.usbmodem0006822145041: parsed_packet {event: CmdRsp, data: {'opcode': 164, 'status': 0, 'data': bytearray(b'\x0b\x00')}}
2019-07-30 10:39:14,245 - INFO - tty.usbmodem0006822145041: AddrPublicationAdd: {'address_handle': 11}
2019-07-30 10:39:14,255 - INFO - tty.usbmodem0006822145041: 

2019-07-30 10:39:14,255 - INFO - tty.usbmodem0006822145041: Sending next message
2019-07-30 10:39:14,255 - DEBUG - tty.usbmodem0006822145041: Writing: 164 bytearray(b')\x00')
2019-07-30 10:39:14,255 - DEBUG - tty.usbmodem0006822145041: TX: 03a42900
2019-07-30 10:39:14,257 - DEBUG - tty.usbmodem0006822145041: RX: 0584a4000c00
2019-07-30 10:39:14,257 - DEBUG - tty.usbmodem0006822145041: parsed_packet {event: CmdRsp, data: {'opcode': 164, 'status': 0, 'data': bytearray(b'\x0c\x00')}}
2019-07-30 10:39:14,257 - INFO - tty.usbmodem0006822145041: AddrPublicationAdd: {'address_handle': 12}
2019-07-30 10:39:14,262 - INFO - tty.usbmodem0006822145041: 

2019-07-30 10:39:14,263 - INFO - tty.usbmodem0006822145041: Sending next message
2019-07-30 10:39:14,263 - DEBUG - tty.usbmodem0006822145041: Writing: 164 bytearray(b'*\x00')
2019-07-30 10:39:14,264 - DEBUG - tty.usbmodem0006822145041: TX: 03a42a00
2019-07-30 10:39:14,266 - DEBUG - tty.usbmodem0006822145041: RX: 0584a4000d00
2019-07-30 10:39:14,266 - DEBUG - tty.usbmodem0006822145041: parsed_packet {event: CmdRsp, data: {'opcode': 164, 'status': 0, 'data': bytearray(b'\r\x00')}}
2019-07-30 10:39:14,267 - INFO - tty.usbmodem0006822145041: AddrPublicationAdd: {'address_handle': 13}
2019-07-30 10:39:14,272 - INFO - tty.usbmodem0006822145041: 

2019-07-30 10:39:14,272 - INFO - tty.usbmodem0006822145041: Sending next message
2019-07-30 10:39:14,272 - DEBUG - tty.usbmodem0006822145041: Writing: 164 bytearray(b'+\x00')
2019-07-30 10:39:14,272 - DEBUG - tty.usbmodem0006822145041: TX: 03a42b00
2019-07-30 10:39:14,274 - DEBUG - tty.usbmodem0006822145041: RX: 0584a4000e00
2019-07-30 10:39:14,274 - DEBUG - tty.usbmodem0006822145041: parsed_packet {event: CmdRsp, data: {'opcode': 164, 'status': 0, 'data': bytearray(b'\x0e\x00')}}
2019-07-30 10:39:14,274 - INFO - tty.usbmodem0006822145041: AddrPublicationAdd: {'address_handle': 14}
2019-07-30 10:39:14,280 - INFO - tty.usbmodem0006822145041: 

2019-07-30 10:39:14,280 - INFO - tty.usbmodem0006822145041: Sending next message
2019-07-30 10:39:14,280 - DEBUG - tty.usbmodem0006822145041: Writing: 156 bytearray(b'\x1e\x00\x00\x00\xaa\xc3\x15)\x03\xa3\x1f"\x1b\xe3\xbae\xe0\x96xk')
2019-07-30 10:39:14,280 - DEBUG - tty.usbmodem0006822145041: TX: 159c1e000000aac3152903a31f221be3ba65e096786b
2019-07-30 10:39:14,284 - DEBUG - tty.usbmodem0006822145041: RX: 05849c000800
2019-07-30 10:39:14,284 - DEBUG - tty.usbmodem0006822145041: parsed_packet {event: CmdRsp, data: {'opcode': 156, 'status': 0, 'data': bytearray(b'\x08\x00')}}
2019-07-30 10:39:14,286 - INFO - tty.usbmodem0006822145041: DevkeyAdd: {'devkey_handle': 8}
2019-07-30 10:39:14,294 - INFO - tty.usbmodem0006822145041: No Messages remaining
2019-07-30 10:39:18,285 - INFO - tty.usbmodem0006822145041: Timout handler timeout
2019-07-30 10:40:34,474 - DEBUG - tty.usbmodem0006822145041.SimpleOnOffClient: Sending opcode: c15900, data: 00e3
2019-07-30 10:40:34,474 - DEBUG - tty.usbmodem0006822145041: Writing: 171 bytearray(b'\x00\x00\x01\x00\x0e\x00\x08\x00\x00\x00\xc1Y\x00\x00\xe3')
2019-07-30 10:40:34,475 - DEBUG - tty.usbmodem0006822145041: TX: 10ab000001000e0008000000c1590000e3
2019-07-30 10:40:34,480 - DEBUG - tty.usbmodem0006822145041.SimpleOnOffClient: Sending opcode: c15900, data: 00e4
2019-07-30 10:40:34,480 - DEBUG - tty.usbmodem0006822145041: Writing: 171 bytearray(b'\x00\x00\x01\x00\r\x00\x08\x00\x00\x00\xc1Y\x00\x00\xe4')
2019-07-30 10:40:34,482 - DEBUG - tty.usbmodem0006822145041: TX: 10ab000001000d0008000000c1590000e4
2019-07-30 10:40:34,484 - DEBUG - tty.usbmodem0006822145041: RX: 0784ab0001000000
2019-07-30 10:40:34,485 - DEBUG - tty.usbmodem0006822145041: parsed_packet {event: CmdRsp, data: {'opcode': 171, 'status': 0, 'data': bytearray(b'\x01\x00\x00\x00')}}
2019-07-30 10:40:34,485 - DEBUG - tty.usbmodem0006822145041.GenericOnOffClient: Sending opcode: 8202, data: 0051
2019-07-30 10:40:34,485 - INFO - tty.usbmodem0006822145041: PacketSend: {'token': 1}
2019-07-30 10:40:34,486 - DEBUG - tty.usbmodem0006822145041: Writing: 171 bytearray(b'\x00\x00\x01\x00\r\x00\x08\x00\x00\x00\x82\x02\x00Q')
2019-07-30 10:40:34,486 - DEBUG - tty.usbmodem0006822145041: TX: 0fab000001000d000800000082020051
2019-07-30 10:40:34,493 - DEBUG - tty.usbmodem0006822145041: RX: 05d201000000
2019-07-30 10:40:34,494 - DEBUG - tty.usbmodem0006822145041: parsed_packet {event: MeshTxComplete, data: {'token': 1}}
2019-07-30 10:40:34,495 - INFO - tty.usbmodem0006822145041: {event: MeshTxComplete, data: {'token': 1}}
2019-07-30 10:40:34,495 - DEBUG - tty.usbmodem0006822145041: RX: 0784ab0002000000
2019-07-30 10:40:34,495 - DEBUG - tty.usbmodem0006822145041: parsed_packet {event: CmdRsp, data: {'opcode': 171, 'status': 0, 'data': bytearray(b'\x02\x00\x00\x00')}}
2019-07-30 10:40:34,496 - INFO - tty.usbmodem0006822145041: PacketSend: {'token': 2}
2019-07-30 10:40:34,496 - DEBUG - tty.usbmodem0006822145041: RX: 18d02b000100000000007f01c8639509c2c2d40400c4590000
2019-07-30 10:40:34,496 - DEBUG - tty.usbmodem0006822145041: parsed_packet {event: MeshMessageReceivedUnicast, data: {'src': 43, 'dst': 1, 'appkey_handle': 0, 'subnet_handle': 0, 'ttl': 127, 'adv_addr_type': 1, 'adv_addr': bytearray(b'\xc8c\x95\t\xc2\xc2'), 'rssi': -44, 'actual_length': 4, 'data': bytearray(b'\xc4Y\x00\x00')}}
2019-07-30 10:40:34,497 - INFO - tty.usbmodem0006822145041: {event: MeshMessageReceivedUnicast, data: {'src': 43, 'dst': 1, 'appkey_handle': 0, 'subnet_handle': 0, 'ttl': 127, 'adv_addr_type': 1, 'adv_addr': bytearray(b'\xc8c\x95\t\xc2\xc2'), 'rssi': -44, 'actual_length': 4, 'data': bytearray(b'\xc4\x00Y\x00')}}
2019-07-30 10:40:34,497 - DEBUG - tty.usbmodem0006822145041: RX: 0784ab0003000000
2019-07-30 10:40:34,497 - DEBUG - tty.usbmodem0006822145041: parsed_packet {event: CmdRsp, data: {'opcode': 171, 'status': 0, 'data': bytearray(b'\x03\x00\x00\x00')}}
2019-07-30 10:40:34,497 - INFO - tty.usbmodem0006822145041: PacketSend: {'token': 3}
2019-07-30 10:40:34,505 - DEBUG - tty.usbmodem0006822145041: RX: 05d202000000
2019-07-30 10:40:34,505 - DEBUG - tty.usbmodem0006822145041: parsed_packet {event: MeshTxComplete, data: {'token': 2}}
2019-07-30 10:40:34,505 - INFO - tty.usbmodem0006822145041: {event: MeshTxComplete, data: {'token': 2}}
2019-07-30 10:40:34,517 - DEBUG - tty.usbmodem0006822145041: RX: 18d02a000100000000007f01c8639509c2c2d30400c4590000
2019-07-30 10:40:34,517 - DEBUG - tty.usbmodem0006822145041: parsed_packet {event: MeshMessageReceivedUnicast, data: {'src': 42, 'dst': 1, 'appkey_handle': 0, 'subnet_handle': 0, 'ttl': 127, 'adv_addr_type': 1, 'adv_addr': bytearray(b'\xc8c\x95\t\xc2\xc2'), 'rssi': -45, 'actual_length': 4, 'data': bytearray(b'\xc4Y\x00\x00')}}
2019-07-30 10:40:34,517 - INFO - tty.usbmodem0006822145041: {event: MeshMessageReceivedUnicast, data: {'src': 42, 'dst': 1, 'appkey_handle': 0, 'subnet_handle': 0, 'ttl': 127, 'adv_addr_type': 1, 'adv_addr': bytearray(b'\xc8c\x95\t\xc2\xc2'), 'rssi': -45, 'actual_length': 4, 'data': bytearray(b'\xc4\x00Y\x00')}}
2019-07-30 10:40:34,533 - DEBUG - tty.usbmodem0006822145041: RX: 05d203000000
2019-07-30 10:40:34,533 - DEBUG - tty.usbmodem0006822145041: parsed_packet {event: MeshTxComplete, data: {'token': 3}}
2019-07-30 10:40:34,533 - INFO - tty.usbmodem0006822145041: {event: MeshTxComplete, data: {'token': 3}}
2019-07-30 10:40:34,546 - DEBUG - tty.usbmodem0006822145041: RX: 17d02a000100000000007f01c8639509c2c2d30300820400
2019-07-30 10:40:34,546 - DEBUG - tty.usbmodem0006822145041: parsed_packet {event: MeshMessageReceivedUnicast, data: {'src': 42, 'dst': 1, 'appkey_handle': 0, 'subnet_handle': 0, 'ttl': 127, 'adv_addr_type': 1, 'adv_addr': bytearray(b'\xc8c\x95\t\xc2\xc2'), 'rssi': -45, 'actual_length': 3, 'data': bytearray(b'\x82\x04\x00')}}
2019-07-30 10:40:34,546 - INFO - tty.usbmodem0006822145041.GenericOnOffClient: Status Present OnOff: off
2019-07-30 10:40:34,546 - INFO - tty.usbmodem0006822145041: {event: MeshMessageReceivedUnicast, data: {'src': 42, 'dst': 1, 'appkey_handle': 0, 'subnet_handle': 0, 'ttl': 127, 'adv_addr_type': 1, 'adv_addr': bytearray(b'\xc8c\x95\t\xc2\xc2'), 'rssi': -45, 'actual_length': 3, 'data': bytearray(b'\x82\x04\x00')}}
2019-07-30 10:41:13,795 - DEBUG - tty.usbmodem0006822145041: exited read event
