2019-06-26 10:15:09,304 - DEBUG - tty.usbmodem0006822145041: Writing: 105 bytearray(b"D\x8e\x9f\x85\x9a\xbbed\x8c\x9b\x1c\'j\xdb\xae\xe5\xfe+O\xd5\xe6}3\x94\x15>~\xff`>,\x0eX\xf9\r\xc9ffRD\x99\x82\xce\xda\xef`\xa7\xe3H4\xe9\x10\xee\xbf\xc3bD\x8f\x87\xf7\xf6jF\xd9\x1f\x00\x12l\xda\xbc\x10e\x8e\xee\x99\xfd!\xa9\x17\xffanB\xbci\xf1\xcf\xa6\xa0j\xbf\xd8\xb2\x82\xf5;")
2019-06-26 10:15:09,305 - DEBUG - tty.usbmodem0006822145041: TX: 6169448e9f859abb65648c9b1c276adbaee5fe2b4fd5e67d3394153e7eff603e2c0e58f90dc9666652449982cedaef60a7e34834e910eebfc362448f87f7f66a46d91f00126cdabc10658eee99fd21a917ff616e42bc69f1cfa6a06abfd8b282f53b
2019-06-26 10:15:09,314 - DEBUG - tty.usbmodem0006822145041: RX: 03845384
2019-06-26 10:15:09,315 - DEBUG - tty.usbmodem0006822145041: parsed_packet {event: CmdRsp, data: {'opcode': 83, 'status': 132, 'data': bytearray(b'')}}
2019-06-26 10:15:09,315 - ERROR - tty.usbmodem0006822145041: None: ERROR_INVALID_LENGTH
2019-06-26 10:15:09,315 - DEBUG - tty.usbmodem0006822145041: Writing: 159 bytearray(b'\x01\x00\x01\x00')
2019-06-26 10:15:09,316 - DEBUG - tty.usbmodem0006822145041: RX: 03840084
2019-06-26 10:15:09,316 - DEBUG - tty.usbmodem0006822145041: TX: 059f01000100
2019-06-26 10:15:09,316 - DEBUG - tty.usbmodem0006822145041: parsed_packet {event: CmdRsp, data: {'opcode': 0, 'status': 132, 'data': bytearray(b'')}}
2019-06-26 10:15:09,317 - ERROR - tty.usbmodem0006822145041: None: ERROR_INVALID_LENGTH
2019-06-26 10:15:09,317 - DEBUG - tty.usbmodem0006822145041: Writing: 146 bytearray(b'\x00\x00\x18\xee\xd9\xc2\xa5j\xdd\x85\x04\x9f\xfc<Y\xad\x0e\x12')
2019-06-26 10:15:09,318 - DEBUG - tty.usbmodem0006822145041: TX: 1392000018eed9c2a56add85049ffc3c59ad0e12
2019-06-26 10:15:09,318 - DEBUG - tty.usbmodem0006822145041: RX: 03840084
2019-06-26 10:15:09,318 - DEBUG - tty.usbmodem0006822145041: parsed_packet {event: CmdRsp, data: {'opcode': 0, 'status': 132, 'data': bytearray(b'')}}
2019-06-26 10:15:09,318 - ERROR - tty.usbmodem0006822145041: None: ERROR_INVALID_LENGTH
2019-06-26 10:15:09,318 - DEBUG - tty.usbmodem0006822145041: Writing: 151 bytearray(b'\x00\x00\x00\x00Oh\xad\x85\xd9\xf4\x8a\xc8X\x9d\xf6e\xb6\xb4\x9b\x8a')
2019-06-26 10:15:09,319 - DEBUG - tty.usbmodem0006822145041: RX: 03840084
2019-06-26 10:15:09,319 - DEBUG - tty.usbmodem0006822145041: TX: 1597000000004f68ad85d9f48ac8589df665b6b49b8a
2019-06-26 10:15:09,319 - DEBUG - tty.usbmodem0006822145041: parsed_packet {event: CmdRsp, data: {'opcode': 0, 'status': 132, 'data': bytearray(b'')}}
2019-06-26 10:15:09,327 - ERROR - tty.usbmodem0006822145041: None: ERROR_INVALID_LENGTH
2019-06-26 10:15:09,327 - DEBUG - tty.usbmodem0006822145041: Writing: 151 bytearray(b'\x01\x00\x00\x00*\xa2\xa6\xde\xd5\xa0y\x8c\xea\xb5x|\xa3\xae9\xfc')
2019-06-26 10:15:09,328 - DEBUG - tty.usbmodem0006822145041: TX: 1597010000002aa2a6ded5a0798ceab5787ca3ae39fc
2019-06-26 10:15:09,328 - DEBUG - tty.usbmodem0006822145041: RX: 03840084
2019-06-26 10:15:09,328 - DEBUG - tty.usbmodem0006822145041: parsed_packet {event: CmdRsp, data: {'opcode': 0, 'status': 132, 'data': bytearray(b'')}}
2019-06-26 10:15:09,329 - ERROR - tty.usbmodem0006822145041: None: ERROR_INVALID_LENGTH
2019-06-26 10:15:09,330 - DEBUG - tty.usbmodem0006822145041: RX: 03840084
2019-06-26 10:15:09,330 - DEBUG - tty.usbmodem0006822145041: parsed_packet {event: CmdRsp, data: {'opcode': 0, 'status': 132, 'data': bytearray(b'')}}
2019-06-26 10:15:09,333 - ERROR - tty.usbmodem0006822145041: None: ERROR_INVALID_LENGTH
2019-06-26 10:15:09,335 - DEBUG - tty.usbmodem0006822145041: RX: 03840084
2019-06-26 10:15:09,336 - DEBUG - tty.usbmodem0006822145041: parsed_packet {event: CmdRsp, data: {'opcode': 0, 'status': 132, 'data': bytearray(b'')}}
2019-06-26 10:15:09,336 - ERROR - tty.usbmodem0006822145041: None: ERROR_INVALID_LENGTH
2019-06-26 10:15:09,336 - DEBUG - tty.usbmodem0006822145041: RX: 03840084
2019-06-26 10:15:09,337 - DEBUG - tty.usbmodem0006822145041: parsed_packet {event: CmdRsp, data: {'opcode': 0, 'status': 132, 'data': bytearray(b'')}}
2019-06-26 10:15:09,337 - ERROR - tty.usbmodem0006822145041: None: ERROR_INVALID_LENGTH
2019-06-26 10:15:09,337 - DEBUG - tty.usbmodem0006822145041: RX: 03840084
2019-06-26 10:15:09,337 - DEBUG - tty.usbmodem0006822145041: parsed_packet {event: CmdRsp, data: {'opcode': 0, 'status': 132, 'data': bytearray(b'')}}
2019-06-26 10:15:09,338 - ERROR - tty.usbmodem0006822145041: None: ERROR_INVALID_LENGTH
2019-06-26 10:15:09,338 - DEBUG - tty.usbmodem0006822145041: RX: 03840084
2019-06-26 10:15:09,339 - DEBUG - tty.usbmodem0006822145041: parsed_packet {event: CmdRsp, data: {'opcode': 0, 'status': 132, 'data': bytearray(b'')}}
2019-06-26 10:15:09,341 - ERROR - tty.usbmodem0006822145041: None: ERROR_INVALID_LENGTH
2019-06-26 10:15:09,342 - DEBUG - tty.usbmodem0006822145041: RX: 03840084
2019-06-26 10:15:09,342 - DEBUG - tty.usbmodem0006822145041: parsed_packet {event: CmdRsp, data: {'opcode': 0, 'status': 132, 'data': bytearray(b'')}}
2019-06-26 10:15:09,343 - ERROR - tty.usbmodem0006822145041: None: ERROR_INVALID_LENGTH
2019-06-26 10:15:09,345 - DEBUG - tty.usbmodem0006822145041: RX: 03840084
2019-06-26 10:15:09,345 - DEBUG - tty.usbmodem0006822145041: parsed_packet {event: CmdRsp, data: {'opcode': 0, 'status': 132, 'data': bytearray(b'')}}
2019-06-26 10:15:09,362 - ERROR - tty.usbmodem0006822145041: None: ERROR_INVALID_LENGTH
2019-06-26 10:15:09,365 - DEBUG - tty.usbmodem0006822145041: RX: 03840084
2019-06-26 10:15:09,367 - DEBUG - tty.usbmodem0006822145041: parsed_packet {event: CmdRsp, data: {'opcode': 0, 'status': 132, 'data': bytearray(b'')}}
2019-06-26 10:15:09,367 - ERROR - tty.usbmodem0006822145041: None: ERROR_INVALID_LENGTH
2019-06-26 10:15:09,368 - DEBUG - tty.usbmodem0006822145041: RX: 03849f00
2019-06-26 10:15:09,368 - DEBUG - tty.usbmodem0006822145041: parsed_packet {event: CmdRsp, data: {'opcode': 159, 'status': 0, 'data': bytearray(b'')}}
2019-06-26 10:15:09,368 - INFO - tty.usbmodem0006822145041: Success
2019-06-26 10:15:09,369 - DEBUG - tty.usbmodem0006822145041: RX: 058492000000
2019-06-26 10:15:09,369 - DEBUG - tty.usbmodem0006822145041: parsed_packet {event: CmdRsp, data: {'opcode': 146, 'status': 0, 'data': bytearray(b'\x00\x00')}}
2019-06-26 10:15:09,377 - INFO - tty.usbmodem0006822145041: SubnetAdd: {'subnet_handle': 0}
2019-06-26 10:15:09,378 - DEBUG - tty.usbmodem0006822145041: RX: 058497000000
2019-06-26 10:15:09,378 - DEBUG - tty.usbmodem0006822145041: parsed_packet {event: CmdRsp, data: {'opcode': 151, 'status': 0, 'data': bytearray(b'\x00\x00')}}
2019-06-26 10:15:09,378 - INFO - tty.usbmodem0006822145041: AppkeyAdd: {'appkey_handle': 0}
2019-06-26 10:15:09,378 - DEBUG - tty.usbmodem0006822145041: RX: 058497000100
2019-06-26 10:15:09,379 - DEBUG - tty.usbmodem0006822145041: parsed_packet {event: CmdRsp, data: {'opcode': 151, 'status': 0, 'data': bytearray(b'\x01\x00')}}
2019-06-26 10:15:09,381 - INFO - tty.usbmodem0006822145041: AppkeyAdd: {'appkey_handle': 1}
2019-06-26 10:15:12,107 - DEBUG - tty.usbmodem0006822145041: Writing: 97 bytearray(b'')
2019-06-26 10:15:12,108 - DEBUG - tty.usbmodem0006822145041: TX: 0161
2019-06-26 10:15:12,110 - DEBUG - tty.usbmodem0006822145041: RX: 03846100
2019-06-26 10:15:12,111 - DEBUG - tty.usbmodem0006822145041: parsed_packet {event: CmdRsp, data: {'opcode': 97, 'status': 0, 'data': bytearray(b'')}}
2019-06-26 10:15:12,112 - INFO - tty.usbmodem0006822145041: Success
2019-06-26 10:15:12,680 - DEBUG - tty.usbmodem0006822145041: RX: 1ac09db77a0526b8734988639509c242d107c10001c8639509c2c2
2019-06-26 10:15:12,681 - DEBUG - tty.usbmodem0006822145041: parsed_packet {event: ProvUnprovisionedReceived, data: {'uuid': bytearray(b'\x9d\xb7z\x05&\xb8sI\x88c\x95\t\xc2B\xd1\x07'), 'rssi': -63, 'gatt_supported': 0, 'adv_addr_type': 1, 'adv_addr': bytearray(b'\xc8c\x95\t\xc2\xc2')}}
2019-06-26 10:15:12,681 - INFO - tty.usbmodem0006822145041: Received UUID 9db77a0526b8734988639509c242d107 with RSSI: -63 dB
2019-06-26 10:15:14,676 - DEBUG - tty.usbmodem0006822145041: RX: 1ac09db77a0526b8734988639509c242d107c10001c8639509c2c2
2019-06-26 10:15:14,676 - DEBUG - tty.usbmodem0006822145041: parsed_packet {event: ProvUnprovisionedReceived, data: {'uuid': bytearray(b'\x9d\xb7z\x05&\xb8sI\x88c\x95\t\xc2B\xd1\x07'), 'rssi': -63, 'gatt_supported': 0, 'adv_addr_type': 1, 'adv_addr': bytearray(b'\xc8c\x95\t\xc2\xc2')}}
2019-06-26 10:15:16,678 - DEBUG - tty.usbmodem0006822145041: RX: 1ac09db77a0526b8734988639509c242d107c60001c8639509c2c2
2019-06-26 10:15:16,678 - DEBUG - tty.usbmodem0006822145041: parsed_packet {event: ProvUnprovisionedReceived, data: {'uuid': bytearray(b'\x9d\xb7z\x05&\xb8sI\x88c\x95\t\xc2B\xd1\x07'), 'rssi': -58, 'gatt_supported': 0, 'adv_addr_type': 1, 'adv_addr': bytearray(b'\xc8c\x95\t\xc2\xc2')}}
2019-06-26 10:15:17,335 - DEBUG - tty.usbmodem0006822145041: Writing: 98 bytearray(b'')
2019-06-26 10:15:17,347 - DEBUG - tty.usbmodem0006822145041: TX: 0162
2019-06-26 10:15:17,354 - DEBUG - tty.usbmodem0006822145041: Writing: 99 bytearray(b'\x00\x9d\xb7z\x05&\xb8sI\x88c\x95\t\xc2B\xd1\x07\x18\xee\xd9\xc2\xa5j\xdd\x85\x04\x9f\xfc<Y\xad\x0e\x12\x00\x00\x00\x00\x00\x000\x00\x00\x00\x00')
2019-06-26 10:15:17,355 - DEBUG - tty.usbmodem0006822145041: TX: 2d63009db77a0526b8734988639509c242d10718eed9c2a56add85049ffc3c59ad0e120000000000003000000000
2019-06-26 10:15:17,409 - DEBUG - tty.usbmodem0006822145041: RX: 03846200
2019-06-26 10:15:17,421 - DEBUG - tty.usbmodem0006822145041: parsed_packet {event: CmdRsp, data: {'opcode': 98, 'status': 0, 'data': bytearray(b'')}}
2019-06-26 10:15:17,422 - INFO - tty.usbmodem0006822145041: Success
2019-06-26 10:15:17,476 - DEBUG - tty.usbmodem0006822145041: RX: 0484630000
2019-06-26 10:15:17,488 - DEBUG - tty.usbmodem0006822145041: parsed_packet {event: CmdRsp, data: {'opcode': 99, 'status': 0, 'data': bytearray(b'\x00')}}
2019-06-26 10:15:17,499 - INFO - tty.usbmodem0006822145041: Provision: {'context': 0}
2019-06-26 10:15:17,519 - DEBUG - tty.usbmodem0006822145041: RX: 02c100
2019-06-26 10:15:17,526 - DEBUG - tty.usbmodem0006822145041: parsed_packet {event: ProvLinkEstablished, data: {'context_id': 0}}
2019-06-26 10:15:17,538 - INFO - tty.usbmodem0006822145041: Link established
2019-06-26 10:15:17,551 - DEBUG - tty.usbmodem0006822145041: RX: 0bc300010001000000000000
2019-06-26 10:15:17,551 - DEBUG - tty.usbmodem0006822145041: parsed_packet {event: ProvCapsReceived, data: {'context_id': 0, 'num_elements': 1, 'public_key_type': 0, 'static_oob_types': 1, 'output_oob_size': 0, 'output_oob_actions': 0, 'input_oob_size': 0, 'input_oob_actions': 0}}
2019-06-26 10:15:17,551 - INFO - tty.usbmodem0006822145041: Received capabilities
2019-06-26 10:15:17,551 - INFO - tty.usbmodem0006822145041: Number of elements: 1
2019-06-26 10:15:17,552 - DEBUG - tty.usbmodem0006822145041: Writing: 102 bytearray(b'\x00\x00\x00\x00')
2019-06-26 10:15:17,552 - DEBUG - tty.usbmodem0006822145041: TX: 056600000000
2019-06-26 10:15:17,555 - DEBUG - tty.usbmodem0006822145041: RX: 0484660000
2019-06-26 10:15:17,556 - DEBUG - tty.usbmodem0006822145041: parsed_packet {event: CmdRsp, data: {'opcode': 102, 'status': 0, 'data': bytearray(b'\x00')}}
2019-06-26 10:15:17,557 - INFO - tty.usbmodem0006822145041: OobUse: {'context': 0}
2019-06-26 10:15:17,735 - DEBUG - tty.usbmodem0006822145041: RX: 62c70056f077b2e4f750f613b30a5571b742cdff99d4c50076a24f9c0346caa5e82f652dbc8800fde5b0b41a481619806ea5ba914bb1738c8311bc08681f89c7f5ab4511f86604268d9363039262811c12f70b8471798c1e878bce1c14d571baa9584c
2019-06-26 10:15:17,735 - DEBUG - tty.usbmodem0006822145041: parsed_packet {event: ProvEcdhRequest, data: {'context_id': 0, 'peer_public': bytearray(b'V\xf0w\xb2\xe4\xf7P\xf6\x13\xb3\nUq\xb7B\xcd\xff\x99\xd4\xc5\x00v\xa2O\x9c\x03F\xca\xa5\xe8/e-\xbc\x88\x00\xfd\xe5\xb0\xb4\x1aH\x16\x19\x80n\xa5\xba\x91K\xb1s\x8c\x83\x11\xbc\x08h\x1f\x89\xc7\xf5\xabE'), 'node_private': bytearray(b'\x11\xf8f\x04&\x8d\x93c\x03\x92b\x81\x1c\x12\xf7\x0b\x84qy\x8c\x1e\x87\x8b\xce\x1c\x14\xd5q\xba\xa9XL')}}
2019-06-26 10:15:17,735 - INFO - tty.usbmodem0006822145041: ECDH request received
2019-06-26 10:15:17,736 - DEBUG - tty.usbmodem0006822145041: Writing: 104 bytearray(b"\x00\xfe\xf4\xacs\x8d#\xb2]\x11k6f\x8f\xa1\xeb\xff\xd4\n\xcc\xc1x\xf3\x05\xbdH\x19\'\x86\xa3Dh\xa2")
2019-06-26 10:15:17,736 - DEBUG - tty.usbmodem0006822145041: TX: 226800fef4ac738d23b25d116b36668fa1ebffd40accc178f305bd48192786a34468a2
2019-06-26 10:15:17,741 - DEBUG - tty.usbmodem0006822145041: RX: 0484680000
2019-06-26 10:15:17,742 - DEBUG - tty.usbmodem0006822145041: parsed_packet {event: CmdRsp, data: {'opcode': 104, 'status': 0, 'data': bytearray(b'\x00')}}
2019-06-26 10:15:17,742 - INFO - tty.usbmodem0006822145041: EcdhSecret: {'context': 0}
2019-06-26 10:15:18,084 - DEBUG - tty.usbmodem0006822145041: RX: 2cc5000000000000003000000024356df5a37c10dc828ea3710104c09618eed9c2a56add85049ffc3c59ad0e12
2019-06-26 10:15:18,088 - DEBUG - tty.usbmodem0006822145041: parsed_packet {event: ProvComplete, data: {'context_id': 0, 'iv_index': 0, 'net_key_index': 0, 'address': 48, 'iv_update_flag': 0, 'key_refresh_flag': 0, 'device_key': bytearray(b'$5m\xf5\xa3|\x10\xdc\x82\x8e\xa3q\x01\x04\xc0\x96'), 'net_key': bytearray(b'\x18\xee\xd9\xc2\xa5j\xdd\x85\x04\x9f\xfc<Y\xad\x0e\x12')}}
2019-06-26 10:15:18,089 - INFO - tty.usbmodem0006822145041: Provisioning complete
2019-06-26 10:15:18,090 - INFO - tty.usbmodem0006822145041: 	Address(es): 0x30-0x30
2019-06-26 10:15:18,090 - INFO - tty.usbmodem0006822145041: 	Device key: 24356df5a37c10dc828ea3710104c096
2019-06-26 10:15:18,090 - INFO - tty.usbmodem0006822145041: 	Network key: 18eed9c2a56add85049ffc3c59ad0e12
2019-06-26 10:15:18,090 - INFO - tty.usbmodem0006822145041: Adding device key to subnet 0
2019-06-26 10:15:18,090 - INFO - tty.usbmodem0006822145041: Adding publication address of root element
2019-06-26 10:15:18,090 - DEBUG - tty.usbmodem0006822145041: Writing: 156 bytearray(b'0\x00\x00\x00$5m\xf5\xa3|\x10\xdc\x82\x8e\xa3q\x01\x04\xc0\x96')
2019-06-26 10:15:18,091 - DEBUG - tty.usbmodem0006822145041: TX: 159c3000000024356df5a37c10dc828ea3710104c096
2019-06-26 10:15:18,094 - DEBUG - tty.usbmodem0006822145041: Writing: 164 bytearray(b'0\x00')
2019-06-26 10:15:18,097 - DEBUG - tty.usbmodem0006822145041: RX: 05849c000800
2019-06-26 10:15:18,099 - DEBUG - tty.usbmodem0006822145041: TX: 03a43000
2019-06-26 10:15:18,099 - DEBUG - tty.usbmodem0006822145041: parsed_packet {event: CmdRsp, data: {'opcode': 156, 'status': 0, 'data': bytearray(b'\x08\x00')}}
2019-06-26 10:15:18,100 - INFO - tty.usbmodem0006822145041: DevkeyAdd: {'devkey_handle': 8}
2019-06-26 10:15:18,103 - DEBUG - tty.usbmodem0006822145041: RX: 0584a4000000
2019-06-26 10:15:18,105 - DEBUG - tty.usbmodem0006822145041: parsed_packet {event: CmdRsp, data: {'opcode': 164, 'status': 0, 'data': bytearray(b'\x00\x00')}}
2019-06-26 10:15:18,106 - INFO - tty.usbmodem0006822145041: AddrPublicationAdd: {'address_handle': 0}
2019-06-26 10:15:18,183 - DEBUG - tty.usbmodem0006822145041: RX: 03c20000
2019-06-26 10:15:18,183 - DEBUG - tty.usbmodem0006822145041: parsed_packet {event: ProvLinkClosed, data: {'context_id': 0, 'close_reason': 0}}
2019-06-26 10:15:18,183 - INFO - tty.usbmodem0006822145041: Provisioning link closed
2019-06-26 10:16:00,476 - DEBUG - tty.usbmodem0006822145041.ConfigurationClient: Sending opcode: 8008, data: 00
2019-06-26 10:16:00,476 - DEBUG - tty.usbmodem0006822145041: Writing: 171 bytearray(b'\x08\x00\x01\x00\x00\x00\x08\x00\x00\x00\x80\x08\x00')
2019-06-26 10:16:00,476 - DEBUG - tty.usbmodem0006822145041: TX: 0eab08000100000008000000800800
2019-06-26 10:16:00,480 - DEBUG - tty.usbmodem0006822145041: RX: 0784ab0001000000
2019-06-26 10:16:00,480 - DEBUG - tty.usbmodem0006822145041: parsed_packet {event: CmdRsp, data: {'opcode': 171, 'status': 0, 'data': bytearray(b'\x01\x00\x00\x00')}}
2019-06-26 10:16:00,480 - INFO - tty.usbmodem0006822145041: PacketSend: {'token': 1}
2019-06-26 10:16:00,495 - DEBUG - tty.usbmodem0006822145041: RX: 05d201000000
2019-06-26 10:16:00,495 - DEBUG - tty.usbmodem0006822145041: parsed_packet {event: MeshTxComplete, data: {'token': 1}}
2019-06-26 10:16:00,495 - INFO - tty.usbmodem0006822145041: {event: MeshTxComplete, data: {'token': 1}}
2019-06-26 10:16:11,436 - DEBUG - tty.usbmodem0006822145041.ConfigurationClient: Sending opcode: 8008, data: 00
2019-06-26 10:16:11,438 - DEBUG - tty.usbmodem0006822145041: Writing: 171 bytearray(b'\x08\x00\x01\x00\x00\x00\x08\x00\x00\x00\x80\x08\x00')
2019-06-26 10:16:11,439 - DEBUG - tty.usbmodem0006822145041: TX: 0eab08000100000008000000800800
2019-06-26 10:16:11,442 - DEBUG - tty.usbmodem0006822145041: RX: 0784ab0002000000
2019-06-26 10:16:11,442 - DEBUG - tty.usbmodem0006822145041: parsed_packet {event: CmdRsp, data: {'opcode': 171, 'status': 0, 'data': bytearray(b'\x02\x00\x00\x00')}}
2019-06-26 10:16:11,442 - INFO - tty.usbmodem0006822145041: PacketSend: {'token': 2}
2019-06-26 10:16:11,457 - DEBUG - tty.usbmodem0006822145041: RX: 05d202000000
2019-06-26 10:16:11,457 - DEBUG - tty.usbmodem0006822145041: parsed_packet {event: MeshTxComplete, data: {'token': 2}}
2019-06-26 10:16:11,457 - INFO - tty.usbmodem0006822145041: {event: MeshTxComplete, data: {'token': 2}}
2019-06-26 10:16:11,522 - DEBUG - tty.usbmodem0006822145041: RX: 2ad030000100080000000401c8639509c2c2c7160002005900000000002800030000000300000002000010
2019-06-26 10:16:11,523 - DEBUG - tty.usbmodem0006822145041: parsed_packet {event: MeshMessageReceivedUnicast, data: {'src': 48, 'dst': 1, 'appkey_handle': 8, 'subnet_handle': 0, 'ttl': 4, 'adv_addr_type': 1, 'adv_addr': bytearray(b'\xc8c\x95\t\xc2\xc2'), 'rssi': -57, 'actual_length': 22, 'data': bytearray(b'\x02\x00Y\x00\x00\x00\x00\x00(\x00\x03\x00\x00\x00\x03\x00\x00\x00\x02\x00\x00\x10')}}
2019-06-26 10:16:11,542 - INFO - tty.usbmodem0006822145041.ConfigurationClient: Received composition data (page 0x00): {
  "cid": "0059",
  "pid": "0000",
  "vid": "0000",
  "crpl": 40,
  "features": {
    "relay": 0,
    "proxy": 0,
    "friend": 2,
    "low_power": 2
  },
  "elements": [
    {
      "index": 0,
      "location": "0000",
      "models": [
        {
          "modelId": "0000"
        },
        {
          "modelId": "0002"
        },
        {
          "modelId": "1000"
        }
      ]
    }
  ]
}
2019-06-26 10:16:11,556 - INFO - tty.usbmodem0006822145041.ConfigurationClient: Received composition data (page 0x00): {
  "cid": "0059",
  "pid": "0000",
  "vid": "0000",
  "crpl": 40,
  "features": {
    "relay": 0,
    "proxy": 0,
    "friend": 2,
    "low_power": 2
  },
  "elements": [
    {
      "index": 0,
      "location": "0000",
      "models": [
        {
          "modelId": "0000"
        },
        {
          "modelId": "0002"
        },
        {
          "modelId": "1000"
        }
      ]
    }
  ]
}
2019-06-26 10:19:26,832 - DEBUG - tty.usbmodem0006822145041: exited read event
