2019-07-16 15:46:32,312 - DEBUG - tty.usbmodem0006822145041: Writing: 105 bytearray(b'\x7f\x0f\xec\x8d\xd4\xfa\xf3\xbd\xdaH\xbeh\xf3\x1a?\x95\xee\x1a\xbd5\x17\xa8\x08\x8eFt\xfc\x08v\xf6\xd6l\x8a\xbf\x88\x90\xf3\x17?\xe0\xd2y\xc3N\xee\xfc&\x1f\x1f\x98\x83\x95\xaf\xe6\xc1\xc6\x0b\xb2\xee\xfe\xf6\x9f\xf7\x0b`\xf7!\xfe\x01\xa0\r":\x86}\x8d\x0b\xa4K_\x18\x88M\x10\xd9>\x03\xb9\xc1\xb3\x9b>_D\xb6;')
2019-07-16 15:46:32,313 - DEBUG - tty.usbmodem0006822145041: TX: 61697f0fec8dd4faf3bdda48be68f31a3f95ee1abd3517a8088e4674fc0876f6d66c8abf8890f3173fe0d279c34eeefc261f1f988395afe6c1c60bb2eefef69ff70b60f721fe01a00d223a867d8d0ba44b5f18884d10d93e03b9c1b39b3e5f44b63b
2019-07-16 15:46:32,331 - DEBUG - tty.usbmodem0006822145041: RX: 03845384
2019-07-16 15:46:32,331 - DEBUG - tty.usbmodem0006822145041: parsed_packet {event: CmdRsp, data: {'opcode': 83, 'status': 132, 'data': bytearray(b'')}}
2019-07-16 15:46:32,333 - ERROR - tty.usbmodem0006822145041: None: ERROR_INVALID_LENGTH
2019-07-16 15:46:32,334 - DEBUG - tty.usbmodem0006822145041: RX: 03840084
2019-07-16 15:46:32,334 - DEBUG - tty.usbmodem0006822145041: parsed_packet {event: CmdRsp, data: {'opcode': 0, 'status': 132, 'data': bytearray(b'')}}
2019-07-16 15:46:32,334 - ERROR - tty.usbmodem0006822145041: None: ERROR_INVALID_LENGTH
2019-07-16 15:46:32,334 - DEBUG - tty.usbmodem0006822145041: RX: 03840084
2019-07-16 15:46:32,334 - DEBUG - tty.usbmodem0006822145041: parsed_packet {event: CmdRsp, data: {'opcode': 0, 'status': 132, 'data': bytearray(b'')}}
2019-07-16 15:46:32,334 - ERROR - tty.usbmodem0006822145041: None: ERROR_INVALID_LENGTH
2019-07-16 15:46:32,335 - DEBUG - tty.usbmodem0006822145041: RX: 03840084
2019-07-16 15:46:32,336 - DEBUG - tty.usbmodem0006822145041: Writing: 159 bytearray(b'\x01\x00\x01\x00')
2019-07-16 15:46:32,341 - DEBUG - tty.usbmodem0006822145041: parsed_packet {event: CmdRsp, data: {'opcode': 0, 'status': 132, 'data': bytearray(b'')}}
2019-07-16 15:46:32,341 - DEBUG - tty.usbmodem0006822145041: TX: 059f01000100
2019-07-16 15:46:32,345 - ERROR - tty.usbmodem0006822145041: None: ERROR_INVALID_LENGTH
2019-07-16 15:46:32,346 - DEBUG - tty.usbmodem0006822145041: Writing: 146 bytearray(b'\x00\x00\x18\xee\xd9\xc2\xa5j\xdd\x85\x04\x9f\xfc<Y\xad\x0e\x12')
2019-07-16 15:46:32,346 - DEBUG - tty.usbmodem0006822145041: TX: 1392000018eed9c2a56add85049ffc3c59ad0e12
2019-07-16 15:46:32,347 - DEBUG - tty.usbmodem0006822145041: RX: 03840084
2019-07-16 15:46:32,347 - DEBUG - tty.usbmodem0006822145041: parsed_packet {event: CmdRsp, data: {'opcode': 0, 'status': 132, 'data': bytearray(b'')}}
2019-07-16 15:46:32,364 - ERROR - tty.usbmodem0006822145041: None: ERROR_INVALID_LENGTH
2019-07-16 15:46:32,365 - DEBUG - tty.usbmodem0006822145041: RX: 03840084
2019-07-16 15:46:32,366 - DEBUG - tty.usbmodem0006822145041: Writing: 151 bytearray(b'\x00\x00\x00\x00Oh\xad\x85\xd9\xf4\x8a\xc8X\x9d\xf6e\xb6\xb4\x9b\x8a')
2019-07-16 15:46:32,366 - DEBUG - tty.usbmodem0006822145041: parsed_packet {event: CmdRsp, data: {'opcode': 0, 'status': 132, 'data': bytearray(b'')}}
2019-07-16 15:46:32,366 - DEBUG - tty.usbmodem0006822145041: TX: 1597000000004f68ad85d9f48ac8589df665b6b49b8a
2019-07-16 15:46:32,367 - ERROR - tty.usbmodem0006822145041: None: ERROR_INVALID_LENGTH
2019-07-16 15:46:32,367 - DEBUG - tty.usbmodem0006822145041: RX: 03840084
2019-07-16 15:46:32,368 - DEBUG - tty.usbmodem0006822145041: parsed_packet {event: CmdRsp, data: {'opcode': 0, 'status': 132, 'data': bytearray(b'')}}
2019-07-16 15:46:32,368 - ERROR - tty.usbmodem0006822145041: None: ERROR_INVALID_LENGTH
2019-07-16 15:46:32,368 - DEBUG - tty.usbmodem0006822145041: Writing: 151 bytearray(b'\x01\x00\x00\x00*\xa2\xa6\xde\xd5\xa0y\x8c\xea\xb5x|\xa3\xae9\xfc')
2019-07-16 15:46:32,369 - DEBUG - tty.usbmodem0006822145041: TX: 1597010000002aa2a6ded5a0798ceab5787ca3ae39fc
2019-07-16 15:46:32,370 - DEBUG - tty.usbmodem0006822145041: RX: 03840084
2019-07-16 15:46:32,370 - DEBUG - tty.usbmodem0006822145041: parsed_packet {event: CmdRsp, data: {'opcode': 0, 'status': 132, 'data': bytearray(b'')}}
2019-07-16 15:46:32,371 - ERROR - tty.usbmodem0006822145041: None: ERROR_INVALID_LENGTH
2019-07-16 15:46:32,372 - DEBUG - tty.usbmodem0006822145041: RX: 03840084
2019-07-16 15:46:32,372 - DEBUG - tty.usbmodem0006822145041: parsed_packet {event: CmdRsp, data: {'opcode': 0, 'status': 132, 'data': bytearray(b'')}}
2019-07-16 15:46:32,372 - ERROR - tty.usbmodem0006822145041: None: ERROR_INVALID_LENGTH
2019-07-16 15:46:32,373 - DEBUG - tty.usbmodem0006822145041: RX: 03840084
2019-07-16 15:46:32,373 - DEBUG - tty.usbmodem0006822145041: parsed_packet {event: CmdRsp, data: {'opcode': 0, 'status': 132, 'data': bytearray(b'')}}
2019-07-16 15:46:32,373 - ERROR - tty.usbmodem0006822145041: None: ERROR_INVALID_LENGTH
2019-07-16 15:46:32,374 - DEBUG - tty.usbmodem0006822145041: RX: 03840084
2019-07-16 15:46:32,374 - DEBUG - tty.usbmodem0006822145041: parsed_packet {event: CmdRsp, data: {'opcode': 0, 'status': 132, 'data': bytearray(b'')}}
2019-07-16 15:46:32,374 - ERROR - tty.usbmodem0006822145041: None: ERROR_INVALID_LENGTH
2019-07-16 15:46:32,375 - DEBUG - tty.usbmodem0006822145041: RX: 03840084
2019-07-16 15:46:32,375 - DEBUG - tty.usbmodem0006822145041: parsed_packet {event: CmdRsp, data: {'opcode': 0, 'status': 132, 'data': bytearray(b'')}}
2019-07-16 15:46:32,375 - ERROR - tty.usbmodem0006822145041: None: ERROR_INVALID_LENGTH
2019-07-16 15:46:32,375 - DEBUG - tty.usbmodem0006822145041: RX: 03840084
2019-07-16 15:46:32,376 - DEBUG - tty.usbmodem0006822145041: parsed_packet {event: CmdRsp, data: {'opcode': 0, 'status': 132, 'data': bytearray(b'')}}
2019-07-16 15:46:32,376 - ERROR - tty.usbmodem0006822145041: None: ERROR_INVALID_LENGTH
2019-07-16 15:46:32,376 - DEBUG - tty.usbmodem0006822145041: RX: 03849f00
2019-07-16 15:46:32,399 - DEBUG - tty.usbmodem0006822145041: parsed_packet {event: CmdRsp, data: {'opcode': 159, 'status': 0, 'data': bytearray(b'')}}
2019-07-16 15:46:32,401 - INFO - tty.usbmodem0006822145041: Success
2019-07-16 15:46:32,401 - DEBUG - tty.usbmodem0006822145041: RX: 058492000000
2019-07-16 15:46:32,402 - DEBUG - tty.usbmodem0006822145041: parsed_packet {event: CmdRsp, data: {'opcode': 146, 'status': 0, 'data': bytearray(b'\x00\x00')}}
2019-07-16 15:46:32,402 - INFO - tty.usbmodem0006822145041: SubnetAdd: {'subnet_handle': 0}
2019-07-16 15:46:32,403 - DEBUG - tty.usbmodem0006822145041: RX: 058497000000
2019-07-16 15:46:32,403 - DEBUG - tty.usbmodem0006822145041: parsed_packet {event: CmdRsp, data: {'opcode': 151, 'status': 0, 'data': bytearray(b'\x00\x00')}}
2019-07-16 15:46:32,403 - INFO - tty.usbmodem0006822145041: AppkeyAdd: {'appkey_handle': 0}
2019-07-16 15:46:32,405 - DEBUG - tty.usbmodem0006822145041: RX: 058497000100
2019-07-16 15:46:32,406 - DEBUG - tty.usbmodem0006822145041: parsed_packet {event: CmdRsp, data: {'opcode': 151, 'status': 0, 'data': bytearray(b'\x01\x00')}}
2019-07-16 15:46:32,406 - INFO - tty.usbmodem0006822145041: AppkeyAdd: {'appkey_handle': 1}
2019-07-16 15:46:38,171 - DEBUG - tty.usbmodem0006822145041: Writing: 97 bytearray(b'')
2019-07-16 15:46:38,179 - DEBUG - tty.usbmodem0006822145041: TX: 0161
2019-07-16 15:46:38,181 - DEBUG - tty.usbmodem0006822145041: RX: 03846100
2019-07-16 15:46:38,182 - DEBUG - tty.usbmodem0006822145041: parsed_packet {event: CmdRsp, data: {'opcode': 97, 'status': 0, 'data': bytearray(b'')}}
2019-07-16 15:46:38,182 - INFO - tty.usbmodem0006822145041: Success
2019-07-16 15:46:38,663 - DEBUG - tty.usbmodem0006822145041: RX: 1ac09db77a0526b8734988639509c242d107ec0001c8639509c2c2
2019-07-16 15:46:38,664 - DEBUG - tty.usbmodem0006822145041: parsed_packet {event: ProvUnprovisionedReceived, data: {'uuid': bytearray(b'\x9d\xb7z\x05&\xb8sI\x88c\x95\t\xc2B\xd1\x07'), 'rssi': -20, 'gatt_supported': 0, 'adv_addr_type': 1, 'adv_addr': bytearray(b'\xc8c\x95\t\xc2\xc2')}}
2019-07-16 15:46:38,664 - INFO - tty.usbmodem0006822145041: {event: ProvUnprovisionedReceived, data: {'uuid': bytearray(b'\x9d\xb7z\x05&\xb8sI\x88c\x95\t\xc2B\xd1\x07'), 'rssi': -20, 'gatt_supported': 0, 'adv_addr_type': 1, 'adv_addr': bytearray(b'\xc8c\x95\t\xc2\xc2')}}
2019-07-16 15:46:38,664 - INFO - tty.usbmodem0006822145041: Received UUID 9db77a0526b8734988639509c242d107 with RSSI: -20 dB
2019-07-16 15:46:40,666 - DEBUG - tty.usbmodem0006822145041: RX: 1ac09db77a0526b8734988639509c242d107ea0001c8639509c2c2
2019-07-16 15:46:40,666 - DEBUG - tty.usbmodem0006822145041: parsed_packet {event: ProvUnprovisionedReceived, data: {'uuid': bytearray(b'\x9d\xb7z\x05&\xb8sI\x88c\x95\t\xc2B\xd1\x07'), 'rssi': -22, 'gatt_supported': 0, 'adv_addr_type': 1, 'adv_addr': bytearray(b'\xc8c\x95\t\xc2\xc2')}}
2019-07-16 15:46:40,666 - INFO - tty.usbmodem0006822145041: {event: ProvUnprovisionedReceived, data: {'uuid': bytearray(b'\x9d\xb7z\x05&\xb8sI\x88c\x95\t\xc2B\xd1\x07'), 'rssi': -22, 'gatt_supported': 0, 'adv_addr_type': 1, 'adv_addr': bytearray(b'\xc8c\x95\t\xc2\xc2')}}
2019-07-16 15:46:42,672 - DEBUG - tty.usbmodem0006822145041: RX: 1ac09db77a0526b8734988639509c242d107ea0001c8639509c2c2
2019-07-16 15:46:42,673 - DEBUG - tty.usbmodem0006822145041: parsed_packet {event: ProvUnprovisionedReceived, data: {'uuid': bytearray(b'\x9d\xb7z\x05&\xb8sI\x88c\x95\t\xc2B\xd1\x07'), 'rssi': -22, 'gatt_supported': 0, 'adv_addr_type': 1, 'adv_addr': bytearray(b'\xc8c\x95\t\xc2\xc2')}}
2019-07-16 15:46:42,674 - INFO - tty.usbmodem0006822145041: {event: ProvUnprovisionedReceived, data: {'uuid': bytearray(b'\x9d\xb7z\x05&\xb8sI\x88c\x95\t\xc2B\xd1\x07'), 'rssi': -22, 'gatt_supported': 0, 'adv_addr_type': 1, 'adv_addr': bytearray(b'\xc8c\x95\t\xc2\xc2')}}
2019-07-16 15:46:44,679 - DEBUG - tty.usbmodem0006822145041: RX: 1ac09db77a0526b8734988639509c242d107ec0001c8639509c2c2
2019-07-16 15:46:44,680 - DEBUG - tty.usbmodem0006822145041: parsed_packet {event: ProvUnprovisionedReceived, data: {'uuid': bytearray(b'\x9d\xb7z\x05&\xb8sI\x88c\x95\t\xc2B\xd1\x07'), 'rssi': -20, 'gatt_supported': 0, 'adv_addr_type': 1, 'adv_addr': bytearray(b'\xc8c\x95\t\xc2\xc2')}}
2019-07-16 15:46:44,680 - INFO - tty.usbmodem0006822145041: {event: ProvUnprovisionedReceived, data: {'uuid': bytearray(b'\x9d\xb7z\x05&\xb8sI\x88c\x95\t\xc2B\xd1\x07'), 'rssi': -20, 'gatt_supported': 0, 'adv_addr_type': 1, 'adv_addr': bytearray(b'\xc8c\x95\t\xc2\xc2')}}
2019-07-16 15:46:46,688 - DEBUG - tty.usbmodem0006822145041: RX: 1ac09db77a0526b8734988639509c242d107ea0001c8639509c2c2
2019-07-16 15:46:46,688 - DEBUG - tty.usbmodem0006822145041: parsed_packet {event: ProvUnprovisionedReceived, data: {'uuid': bytearray(b'\x9d\xb7z\x05&\xb8sI\x88c\x95\t\xc2B\xd1\x07'), 'rssi': -22, 'gatt_supported': 0, 'adv_addr_type': 1, 'adv_addr': bytearray(b'\xc8c\x95\t\xc2\xc2')}}
2019-07-16 15:46:46,688 - INFO - tty.usbmodem0006822145041: {event: ProvUnprovisionedReceived, data: {'uuid': bytearray(b'\x9d\xb7z\x05&\xb8sI\x88c\x95\t\xc2B\xd1\x07'), 'rssi': -22, 'gatt_supported': 0, 'adv_addr_type': 1, 'adv_addr': bytearray(b'\xc8c\x95\t\xc2\xc2')}}
2019-07-16 15:46:48,690 - DEBUG - tty.usbmodem0006822145041: RX: 1ac09db77a0526b8734988639509c242d107ea0001c8639509c2c2
2019-07-16 15:46:48,690 - DEBUG - tty.usbmodem0006822145041: parsed_packet {event: ProvUnprovisionedReceived, data: {'uuid': bytearray(b'\x9d\xb7z\x05&\xb8sI\x88c\x95\t\xc2B\xd1\x07'), 'rssi': -22, 'gatt_supported': 0, 'adv_addr_type': 1, 'adv_addr': bytearray(b'\xc8c\x95\t\xc2\xc2')}}
2019-07-16 15:46:48,690 - INFO - tty.usbmodem0006822145041: {event: ProvUnprovisionedReceived, data: {'uuid': bytearray(b'\x9d\xb7z\x05&\xb8sI\x88c\x95\t\xc2B\xd1\x07'), 'rssi': -22, 'gatt_supported': 0, 'adv_addr_type': 1, 'adv_addr': bytearray(b'\xc8c\x95\t\xc2\xc2')}}
2019-07-16 15:46:49,588 - DEBUG - tty.usbmodem0006822145041: Writing: 98 bytearray(b'')
2019-07-16 15:46:49,589 - DEBUG - tty.usbmodem0006822145041: TX: 0162
2019-07-16 15:46:49,590 - DEBUG - tty.usbmodem0006822145041: Writing: 99 bytearray(b'\x00\x9d\xb7z\x05&\xb8sI\x88c\x95\t\xc2B\xd1\x07\x18\xee\xd9\xc2\xa5j\xdd\x85\x04\x9f\xfc<Y\xad\x0e\x12\x00\x00\x00\x00\x00\x00\x10\x00\x00\x00\x00')
2019-07-16 15:46:49,591 - DEBUG - tty.usbmodem0006822145041: TX: 2d63009db77a0526b8734988639509c242d10718eed9c2a56add85049ffc3c59ad0e120000000000001000000000
2019-07-16 15:46:49,591 - DEBUG - tty.usbmodem0006822145041: RX: 03846200
2019-07-16 15:46:49,591 - DEBUG - tty.usbmodem0006822145041: parsed_packet {event: CmdRsp, data: {'opcode': 98, 'status': 0, 'data': bytearray(b'')}}
2019-07-16 15:46:49,600 - INFO - tty.usbmodem0006822145041: Success
2019-07-16 15:46:49,601 - DEBUG - tty.usbmodem0006822145041: RX: 0484630000
2019-07-16 15:46:49,601 - DEBUG - tty.usbmodem0006822145041: parsed_packet {event: CmdRsp, data: {'opcode': 99, 'status': 0, 'data': bytearray(b'\x00')}}
2019-07-16 15:46:49,601 - INFO - tty.usbmodem0006822145041: Provision: {'context': 0}
2019-07-16 15:46:49,637 - DEBUG - tty.usbmodem0006822145041: RX: 02c100
2019-07-16 15:46:49,637 - DEBUG - tty.usbmodem0006822145041: parsed_packet {event: ProvLinkEstablished, data: {'context_id': 0}}
2019-07-16 15:46:49,637 - INFO - tty.usbmodem0006822145041: {event: ProvLinkEstablished, data: {'context_id': 0}}
2019-07-16 15:46:49,637 - INFO - tty.usbmodem0006822145041: Link established
2019-07-16 15:46:49,683 - DEBUG - tty.usbmodem0006822145041: RX: 0bc3000e0001000000000000
2019-07-16 15:46:49,683 - DEBUG - tty.usbmodem0006822145041: parsed_packet {event: ProvCapsReceived, data: {'context_id': 0, 'num_elements': 14, 'public_key_type': 0, 'static_oob_types': 1, 'output_oob_size': 0, 'output_oob_actions': 0, 'input_oob_size': 0, 'input_oob_actions': 0}}
2019-07-16 15:46:49,683 - INFO - tty.usbmodem0006822145041: {event: ProvCapsReceived, data: {'context_id': 0, 'num_elements': 14, 'public_key_type': 0, 'static_oob_types': 1, 'output_oob_size': 0, 'output_oob_actions': 0, 'input_oob_size': 0, 'input_oob_actions': 0}}
2019-07-16 15:46:49,683 - INFO - tty.usbmodem0006822145041: Received capabilities
2019-07-16 15:46:49,683 - INFO - tty.usbmodem0006822145041: Number of elements: 14
2019-07-16 15:46:49,684 - DEBUG - tty.usbmodem0006822145041: Writing: 102 bytearray(b'\x00\x00\x00\x00')
2019-07-16 15:46:49,684 - DEBUG - tty.usbmodem0006822145041: TX: 056600000000
2019-07-16 15:46:49,686 - DEBUG - tty.usbmodem0006822145041: RX: 0484660000
2019-07-16 15:46:49,686 - DEBUG - tty.usbmodem0006822145041: parsed_packet {event: CmdRsp, data: {'opcode': 102, 'status': 0, 'data': bytearray(b'\x00')}}
2019-07-16 15:46:49,686 - INFO - tty.usbmodem0006822145041: OobUse: {'context': 0}
2019-07-16 15:46:49,861 - DEBUG - tty.usbmodem0006822145041: RX: 62c7002e69f2875d1ca3ea3509010362c5f4140532bc5e6b997c3731a77e453179091546a9bc2360a214016a95623e4aab8b074430fa9b3aaee4a4ed1df4d6dd0651d84e6160b46b22d1787fabfa5b17141b5af6aba17a9d32de1934b2d8cdbbffb3b7
2019-07-16 15:46:49,861 - DEBUG - tty.usbmodem0006822145041: parsed_packet {event: ProvEcdhRequest, data: {'context_id': 0, 'peer_public': bytearray(b'.i\xf2\x87]\x1c\xa3\xea5\t\x01\x03b\xc5\xf4\x14\x052\xbc^k\x99|71\xa7~E1y\t\x15F\xa9\xbc#`\xa2\x14\x01j\x95b>J\xab\x8b\x07D0\xfa\x9b:\xae\xe4\xa4\xed\x1d\xf4\xd6\xdd\x06Q\xd8'), 'node_private': bytearray(b'Na`\xb4k"\xd1x\x7f\xab\xfa[\x17\x14\x1bZ\xf6\xab\xa1z\x9d2\xde\x194\xb2\xd8\xcd\xbb\xff\xb3\xb7')}}
2019-07-16 15:46:49,861 - INFO - tty.usbmodem0006822145041: {event: ProvEcdhRequest, data: {'context_id': 0, 'peer_public': bytearray(b'.i\xf2\x87]\x1c\xa3\xea5\t\x01\x03b\xc5\xf4\x14\x052\xbc^k\x99|71\xa7~E1y\t\x15F\xa9\xbc#`\xa2\x14\x01j\x95b>J\xab\x8b\x07D0\xfa\x9b:\xae\xe4\xa4\xed\x1d\xf4\xd6\xdd\x06Q\xd8'), 'node_private': bytearray(b'Na`\xb4k"\xd1x\x7f\xab\xfa[\x17\x14\x1bZ\xf6\xab\xa1z\x9d2\xde\x194\xb2\xd8\xcd\xbb\xff\xb3\xb7')}}
2019-07-16 15:46:49,861 - INFO - tty.usbmodem0006822145041: ECDH request received
2019-07-16 15:46:49,862 - DEBUG - tty.usbmodem0006822145041: Writing: 104 bytearray(b'\x00\xa8s\xc8KE6\x1f\xb3:\xbf=\x01$\x88f4\xcb\xaec\xdeg\x0c\x06|\xc0\xe2\xc1\x9bX\x12*K')
2019-07-16 15:46:49,862 - DEBUG - tty.usbmodem0006822145041: TX: 226800a873c84b45361fb33abf3d0124886634cbae63de670c067cc0e2c19b58122a4b
2019-07-16 15:46:49,868 - DEBUG - tty.usbmodem0006822145041: RX: 0484680000
2019-07-16 15:46:49,868 - DEBUG - tty.usbmodem0006822145041: parsed_packet {event: CmdRsp, data: {'opcode': 104, 'status': 0, 'data': bytearray(b'\x00')}}
2019-07-16 15:46:49,868 - INFO - tty.usbmodem0006822145041: EcdhSecret: {'context': 0}
2019-07-16 15:46:50,215 - DEBUG - tty.usbmodem0006822145041: RX: 2cc50000000000000010000000371629fc2a979c066b090df915c9fc6618eed9c2a56add85049ffc3c59ad0e12
2019-07-16 15:46:50,215 - DEBUG - tty.usbmodem0006822145041: parsed_packet {event: ProvComplete, data: {'context_id': 0, 'iv_index': 0, 'net_key_index': 0, 'address': 16, 'iv_update_flag': 0, 'key_refresh_flag': 0, 'device_key': bytearray(b'7\x16)\xfc*\x97\x9c\x06k\t\r\xf9\x15\xc9\xfcf'), 'net_key': bytearray(b'\x18\xee\xd9\xc2\xa5j\xdd\x85\x04\x9f\xfc<Y\xad\x0e\x12')}}
2019-07-16 15:46:50,215 - INFO - tty.usbmodem0006822145041: {event: ProvComplete, data: {'context_id': 0, 'iv_index': 0, 'net_key_index': 0, 'address': 16, 'iv_update_flag': 0, 'key_refresh_flag': 0, 'device_key': bytearray(b'7\x16)\xfc*\x97\x9c\x06k\t\r\xf9\x15\xc9\xfcf'), 'net_key': bytearray(b'\x18\xee\xd9\xc2\xa5j\xdd\x85\x04\x9f\xfc<Y\xad\x0e\x12')}}
2019-07-16 15:46:50,215 - INFO - tty.usbmodem0006822145041: Provisioning complete
2019-07-16 15:46:50,216 - INFO - tty.usbmodem0006822145041: 	Address(es): 0x10-0x1d
2019-07-16 15:46:50,216 - INFO - tty.usbmodem0006822145041: 	Device key: 371629fc2a979c066b090df915c9fc66
2019-07-16 15:46:50,216 - INFO - tty.usbmodem0006822145041: 	Network key: 18eed9c2a56add85049ffc3c59ad0e12
2019-07-16 15:46:50,216 - INFO - tty.usbmodem0006822145041: Adding device key to subnet 0
2019-07-16 15:46:50,216 - INFO - tty.usbmodem0006822145041: Adding publication address of root element
2019-07-16 15:46:50,216 - DEBUG - tty.usbmodem0006822145041: Writing: 156 bytearray(b'\x10\x00\x00\x007\x16)\xfc*\x97\x9c\x06k\t\r\xf9\x15\xc9\xfcf')
2019-07-16 15:46:50,217 - DEBUG - tty.usbmodem0006822145041: TX: 159c10000000371629fc2a979c066b090df915c9fc66
2019-07-16 15:46:50,219 - DEBUG - tty.usbmodem0006822145041: Writing: 164 bytearray(b'\x10\x00')
2019-07-16 15:46:50,219 - DEBUG - tty.usbmodem0006822145041: TX: 03a41000
2019-07-16 15:46:52,219 - INFO - tty.usbmodem0006822145041: cmd AddrPublicationAdd, timeout waiting for event
2019-07-16 15:47:00,224 - DEBUG - tty.usbmodem0006822145041: RX: 05849c000800
2019-07-16 15:47:00,225 - DEBUG - tty.usbmodem0006822145041: parsed_packet {event: CmdRsp, data: {'opcode': 156, 'status': 0, 'data': bytearray(b'\x08\x00')}}
2019-07-16 15:47:00,225 - INFO - tty.usbmodem0006822145041: DevkeyAdd: {'devkey_handle': 8}
2019-07-16 15:47:00,231 - DEBUG - tty.usbmodem0006822145041: RX: 0584a4000000
2019-07-16 15:47:00,232 - DEBUG - tty.usbmodem0006822145041: parsed_packet {event: CmdRsp, data: {'opcode': 164, 'status': 0, 'data': bytearray(b'\x00\x00')}}
2019-07-16 15:47:00,235 - INFO - tty.usbmodem0006822145041: AddrPublicationAdd: {'address_handle': 0}
2019-07-16 15:47:00,245 - DEBUG - tty.usbmodem0006822145041: RX: 03c20000
2019-07-16 15:47:00,245 - DEBUG - tty.usbmodem0006822145041: parsed_packet {event: ProvLinkClosed, data: {'context_id': 0, 'close_reason': 0}}
2019-07-16 15:47:00,259 - INFO - tty.usbmodem0006822145041: {event: ProvLinkClosed, data: {'context_id': 0, 'close_reason': 0}}
2019-07-16 15:47:00,259 - INFO - tty.usbmodem0006822145041: Provisioning link closed
2019-07-16 15:47:23,135 - DEBUG - tty.usbmodem0006822145041: exited read event
