2019-08-19 12:16:07,293 - INFO: 

2019-08-19 12:16:07,293 - DEBUG: Writing: 105 bytearray(b'\x88.\xf3:<:W\xd8Rl!\xf8p\x92\xa5\xa5q\xea\xa6\xbd%c\x18\t\x9e\xb8\xc3\x1e\xe7\xe4f\xc5\x80\xf7\xf1\xe4\x99\x08oX\xce\rwr\x95\x80\x97>\x9b\xa0\x15\xe5?\xeb<\xb1\xc0,\xf2\x05\x06\x08\xbd\xa3\n\x17\xec@|p\x98\x1ejS =\xab\xe0H2\x8a\xcf\x93\xa2\x12\xfdH+\x87\x15\xd5\x0c-\xc4J\x8b')
2019-08-19 12:16:07,293 - INFO: Sending next message
2019-08-19 12:16:07,294 - DEBUG: TX: 6169882ef33a3c3a57d8526c21f87092a5a571eaa6bd256318099eb8c31ee7e466c580f7f1e499086f58ce0d77729580973e9ba015e53feb3cb1c02cf2050608bda30a17ec407c70981e6a53203dabe048328acf93a212fd482b8715d50c2dc44a8b
2019-08-19 12:16:07,304 - DEBUG: RX: 03845384
2019-08-19 12:16:07,304 - DEBUG: parsed_packet {event: CmdRsp, data: {'opcode': 83, 'status': 132, 'data': bytearray(b'')}}
2019-08-19 12:16:07,305 - ERROR: None: ERROR_INVALID_LENGTH
2019-08-19 12:16:07,305 - DEBUG: RX: 03840084
2019-08-19 12:16:07,305 - DEBUG: parsed_packet {event: CmdRsp, data: {'opcode': 0, 'status': 132, 'data': bytearray(b'')}}
2019-08-19 12:16:07,306 - ERROR: None: ERROR_INVALID_LENGTH
2019-08-19 12:16:07,306 - DEBUG: RX: 03840084
2019-08-19 12:16:07,306 - DEBUG: parsed_packet {event: CmdRsp, data: {'opcode': 0, 'status': 132, 'data': bytearray(b'')}}
2019-08-19 12:16:07,306 - ERROR: None: ERROR_INVALID_LENGTH
2019-08-19 12:16:07,306 - DEBUG: RX: 03840084
2019-08-19 12:16:07,307 - DEBUG: parsed_packet {event: CmdRsp, data: {'opcode': 0, 'status': 132, 'data': bytearray(b'')}}
2019-08-19 12:16:07,307 - ERROR: None: ERROR_INVALID_LENGTH
2019-08-19 12:16:07,307 - DEBUG: RX: 03840084
2019-08-19 12:16:07,307 - DEBUG: parsed_packet {event: CmdRsp, data: {'opcode': 0, 'status': 132, 'data': bytearray(b'')}}
2019-08-19 12:16:07,307 - ERROR: None: ERROR_INVALID_LENGTH
2019-08-19 12:16:07,307 - DEBUG: RX: 03840084
2019-08-19 12:16:07,307 - DEBUG: parsed_packet {event: CmdRsp, data: {'opcode': 0, 'status': 132, 'data': bytearray(b'')}}
2019-08-19 12:16:07,308 - ERROR: None: ERROR_INVALID_LENGTH
2019-08-19 12:16:07,308 - DEBUG: RX: 03840084
2019-08-19 12:16:07,308 - DEBUG: parsed_packet {event: CmdRsp, data: {'opcode': 0, 'status': 132, 'data': bytearray(b'')}}
2019-08-19 12:16:07,308 - ERROR: None: ERROR_INVALID_LENGTH
2019-08-19 12:16:07,309 - DEBUG: RX: 03840084
2019-08-19 12:16:07,309 - DEBUG: parsed_packet {event: CmdRsp, data: {'opcode': 0, 'status': 132, 'data': bytearray(b'')}}
2019-08-19 12:16:07,309 - ERROR: None: ERROR_INVALID_LENGTH
2019-08-19 12:16:07,310 - DEBUG: RX: 03840084
2019-08-19 12:16:07,312 - DEBUG: parsed_packet {event: CmdRsp, data: {'opcode': 0, 'status': 132, 'data': bytearray(b'')}}
2019-08-19 12:16:07,313 - ERROR: None: ERROR_INVALID_LENGTH
2019-08-19 12:16:07,314 - DEBUG: RX: 03840084
2019-08-19 12:16:07,314 - DEBUG: parsed_packet {event: CmdRsp, data: {'opcode': 0, 'status': 132, 'data': bytearray(b'')}}
2019-08-19 12:16:07,315 - ERROR: None: ERROR_INVALID_LENGTH
2019-08-19 12:16:07,316 - DEBUG: RX: 03840084
2019-08-19 12:16:07,316 - DEBUG: parsed_packet {event: CmdRsp, data: {'opcode': 0, 'status': 132, 'data': bytearray(b'')}}
2019-08-19 12:16:07,316 - ERROR: None: ERROR_INVALID_LENGTH
2019-08-19 12:16:07,317 - DEBUG: RX: 03840084
2019-08-19 12:16:07,317 - DEBUG: parsed_packet {event: CmdRsp, data: {'opcode': 0, 'status': 132, 'data': bytearray(b'')}}
2019-08-19 12:16:07,317 - ERROR: None: ERROR_INVALID_LENGTH
2019-08-19 12:16:07,317 - DEBUG: RX: 03840084
2019-08-19 12:16:07,317 - DEBUG: parsed_packet {event: CmdRsp, data: {'opcode': 0, 'status': 132, 'data': bytearray(b'')}}
2019-08-19 12:16:07,318 - ERROR: None: ERROR_INVALID_LENGTH
2019-08-19 12:16:07,329 - DEBUG: Writing: 159 bytearray(b'\x01\x00\x01\x00')
2019-08-19 12:16:07,329 - DEBUG: TX: 059f01000100
2019-08-19 12:16:07,331 - DEBUG: RX: 03849f8e
2019-08-19 12:16:07,332 - DEBUG: parsed_packet {event: CmdRsp, data: {'opcode': 159, 'status': 142, 'data': bytearray(b'')}}
2019-08-19 12:16:07,332 - ERROR: None: ERROR_REJECTED
2019-08-19 12:16:07,353 - DEBUG: Writing: 146 bytearray(b'\x00\x00\x18\xee\xd9\xc2\xa5j\xdd\x85\x04\x9f\xfc<Y\xad\x0e\x12')
2019-08-19 12:16:07,353 - DEBUG: TX: 1392000018eed9c2a56add85049ffc3c59ad0e12
2019-08-19 12:16:07,356 - DEBUG: RX: 03849281
2019-08-19 12:16:07,356 - DEBUG: parsed_packet {event: CmdRsp, data: {'opcode': 146, 'status': 129, 'data': bytearray(b'')}}
2019-08-19 12:16:07,356 - ERROR: SubnetAdd: ERROR_INTERNAL
2019-08-19 12:16:07,374 - DEBUG: Writing: 151 bytearray(b'\x00\x00\x00\x00Oh\xad\x85\xd9\xf4\x8a\xc8X\x9d\xf6e\xb6\xb4\x9b\x8a')
2019-08-19 12:16:07,374 - DEBUG: TX: 1597000000004f68ad85d9f48ac8589df665b6b49b8a
2019-08-19 12:16:07,377 - DEBUG: RX: 03849781
2019-08-19 12:16:07,377 - DEBUG: parsed_packet {event: CmdRsp, data: {'opcode': 151, 'status': 129, 'data': bytearray(b'')}}
2019-08-19 12:16:07,377 - ERROR: AppkeyAdd: ERROR_INTERNAL
2019-08-19 12:16:07,395 - DEBUG: Writing: 151 bytearray(b'\x01\x00\x00\x00*\xa2\xa6\xde\xd5\xa0y\x8c\xea\xb5x|\xa3\xae9\xfc')
2019-08-19 12:16:07,396 - DEBUG: TX: 1597010000002aa2a6ded5a0798ceab5787ca3ae39fc
2019-08-19 12:16:07,400 - DEBUG: RX: 03849781
2019-08-19 12:16:07,400 - DEBUG: parsed_packet {event: CmdRsp, data: {'opcode': 151, 'status': 129, 'data': bytearray(b'')}}
2019-08-19 12:16:07,400 - ERROR: AppkeyAdd: ERROR_INTERNAL
2019-08-19 12:16:07,422 - DEBUG: Writing: 159 bytearray(b'\x01\x00\x01\x00')
2019-08-19 12:16:07,423 - DEBUG: TX: 059f01000100
2019-08-19 12:16:07,429 - DEBUG: RX: 03849f8e
2019-08-19 12:16:07,434 - DEBUG: parsed_packet {event: CmdRsp, data: {'opcode': 159, 'status': 142, 'data': bytearray(b'')}}
2019-08-19 12:16:07,435 - ERROR: None: ERROR_REJECTED
2019-08-19 12:16:07,453 - DEBUG: Writing: 146 bytearray(b'\x00\x00\x18\xee\xd9\xc2\xa5j\xdd\x85\x04\x9f\xfc<Y\xad\x0e\x12')
2019-08-19 12:16:07,455 - DEBUG: TX: 1392000018eed9c2a56add85049ffc3c59ad0e12
2019-08-19 12:16:07,459 - DEBUG: RX: 03849281
2019-08-19 12:16:07,461 - DEBUG: parsed_packet {event: CmdRsp, data: {'opcode': 146, 'status': 129, 'data': bytearray(b'')}}
2019-08-19 12:16:07,461 - ERROR: SubnetAdd: ERROR_INTERNAL
2019-08-19 12:16:07,478 - DEBUG: Writing: 151 bytearray(b'\x00\x00\x00\x00Oh\xad\x85\xd9\xf4\x8a\xc8X\x9d\xf6e\xb6\xb4\x9b\x8a')
2019-08-19 12:16:07,479 - DEBUG: TX: 1597000000004f68ad85d9f48ac8589df665b6b49b8a
2019-08-19 12:16:07,482 - DEBUG: RX: 03849781
2019-08-19 12:16:07,482 - DEBUG: parsed_packet {event: CmdRsp, data: {'opcode': 151, 'status': 129, 'data': bytearray(b'')}}
2019-08-19 12:16:07,482 - ERROR: AppkeyAdd: ERROR_INTERNAL
2019-08-19 12:16:07,500 - DEBUG: Writing: 151 bytearray(b'\x01\x00\x00\x00*\xa2\xa6\xde\xd5\xa0y\x8c\xea\xb5x|\xa3\xae9\xfc')
2019-08-19 12:16:07,501 - DEBUG: TX: 1597010000002aa2a6ded5a0798ceab5787ca3ae39fc
2019-08-19 12:16:07,504 - DEBUG: RX: 03849781
2019-08-19 12:16:07,505 - DEBUG: parsed_packet {event: CmdRsp, data: {'opcode': 151, 'status': 129, 'data': bytearray(b'')}}
2019-08-19 12:16:07,505 - ERROR: AppkeyAdd: ERROR_INTERNAL
2019-08-19 12:16:07,523 - DEBUG: Writing: 161 bytearray(b'\x01\xc0')
2019-08-19 12:16:07,524 - DEBUG: TX: 03a101c0
2019-08-19 12:16:07,528 - DEBUG: RX: 0584a1000100
2019-08-19 12:16:07,529 - DEBUG: parsed_packet {event: CmdRsp, data: {'opcode': 161, 'status': 0, 'data': bytearray(b'\x01\x00')}}
2019-08-19 12:16:07,531 - INFO: AddrSubscriptionAdd: {'address_handle': 1}
2019-08-19 12:16:07,532 - INFO: 

2019-08-19 12:16:07,532 - INFO: Sending next message
2019-08-19 12:16:07,547 - DEBUG: Writing: 164 bytearray(b'\x10\x00')
2019-08-19 12:16:07,549 - DEBUG: TX: 03a41000
2019-08-19 12:16:07,558 - DEBUG: RX: 0584a4000000
2019-08-19 12:16:07,562 - DEBUG: parsed_packet {event: CmdRsp, data: {'opcode': 164, 'status': 0, 'data': bytearray(b'\x00\x00')}}
2019-08-19 12:16:07,564 - INFO: AddrPublicationAdd: {'address_handle': 0}
2019-08-19 12:16:07,566 - INFO: 

2019-08-19 12:16:07,567 - INFO: Sending next message
2019-08-19 12:16:07,579 - DEBUG: Writing: 164 bytearray(b'\x11\x00')
2019-08-19 12:16:07,580 - DEBUG: TX: 03a41100
2019-08-19 12:16:07,584 - DEBUG: RX: 0584a4000200
2019-08-19 12:16:07,584 - DEBUG: parsed_packet {event: CmdRsp, data: {'opcode': 164, 'status': 0, 'data': bytearray(b'\x02\x00')}}
2019-08-19 12:16:07,585 - INFO: AddrPublicationAdd: {'address_handle': 2}
2019-08-19 12:16:07,585 - INFO: 

2019-08-19 12:16:07,585 - INFO: Sending next message
2019-08-19 12:16:07,603 - DEBUG: Writing: 164 bytearray(b'\x12\x00')
2019-08-19 12:16:07,605 - DEBUG: TX: 03a41200
2019-08-19 12:16:07,611 - DEBUG: RX: 0584a4000300
2019-08-19 12:16:07,612 - DEBUG: parsed_packet {event: CmdRsp, data: {'opcode': 164, 'status': 0, 'data': bytearray(b'\x03\x00')}}
2019-08-19 12:16:07,613 - INFO: AddrPublicationAdd: {'address_handle': 3}
2019-08-19 12:16:07,613 - INFO: 

2019-08-19 12:16:07,613 - INFO: Sending next message
2019-08-19 12:16:07,629 - DEBUG: Writing: 164 bytearray(b'\x13\x00')
2019-08-19 12:16:07,629 - DEBUG: TX: 03a41300
2019-08-19 12:16:07,634 - DEBUG: RX: 0584a4000400
2019-08-19 12:16:07,640 - DEBUG: parsed_packet {event: CmdRsp, data: {'opcode': 164, 'status': 0, 'data': bytearray(b'\x04\x00')}}
2019-08-19 12:16:07,644 - INFO: AddrPublicationAdd: {'address_handle': 4}
2019-08-19 12:16:07,646 - INFO: 

2019-08-19 12:16:07,647 - INFO: Sending next message
2019-08-19 12:16:07,651 - DEBUG: Writing: 164 bytearray(b'\x14\x00')
2019-08-19 12:16:07,651 - DEBUG: TX: 03a41400
2019-08-19 12:16:07,653 - DEBUG: RX: 0584a4000500
2019-08-19 12:16:07,653 - DEBUG: parsed_packet {event: CmdRsp, data: {'opcode': 164, 'status': 0, 'data': bytearray(b'\x05\x00')}}
2019-08-19 12:16:07,654 - INFO: AddrPublicationAdd: {'address_handle': 5}
2019-08-19 12:16:07,654 - INFO: 

2019-08-19 12:16:07,654 - INFO: Sending next message
2019-08-19 12:16:07,675 - DEBUG: Writing: 164 bytearray(b'\x15\x00')
2019-08-19 12:16:07,675 - DEBUG: TX: 03a41500
2019-08-19 12:16:07,678 - DEBUG: RX: 0584a4000600
2019-08-19 12:16:07,678 - DEBUG: parsed_packet {event: CmdRsp, data: {'opcode': 164, 'status': 0, 'data': bytearray(b'\x06\x00')}}
2019-08-19 12:16:07,678 - INFO: AddrPublicationAdd: {'address_handle': 6}
2019-08-19 12:16:07,679 - INFO: 

2019-08-19 12:16:07,679 - INFO: Sending next message
2019-08-19 12:16:07,697 - DEBUG: Writing: 164 bytearray(b'\x16\x00')
2019-08-19 12:16:07,698 - DEBUG: TX: 03a41600
2019-08-19 12:16:07,701 - DEBUG: RX: 0584a4000700
2019-08-19 12:16:07,702 - DEBUG: parsed_packet {event: CmdRsp, data: {'opcode': 164, 'status': 0, 'data': bytearray(b'\x07\x00')}}
2019-08-19 12:16:07,703 - INFO: AddrPublicationAdd: {'address_handle': 7}
2019-08-19 12:16:07,706 - INFO: 

2019-08-19 12:16:07,707 - INFO: Sending next message
2019-08-19 12:16:07,720 - DEBUG: Writing: 164 bytearray(b'\x17\x00')
2019-08-19 12:16:07,720 - DEBUG: TX: 03a41700
2019-08-19 12:16:07,723 - DEBUG: RX: 0584a4000800
2019-08-19 12:16:07,724 - DEBUG: parsed_packet {event: CmdRsp, data: {'opcode': 164, 'status': 0, 'data': bytearray(b'\x08\x00')}}
2019-08-19 12:16:07,724 - INFO: AddrPublicationAdd: {'address_handle': 8}
2019-08-19 12:16:07,724 - INFO: 

2019-08-19 12:16:07,724 - INFO: Sending next message
2019-08-19 12:16:07,741 - DEBUG: Writing: 164 bytearray(b'\x18\x00')
2019-08-19 12:16:07,741 - DEBUG: TX: 03a41800
2019-08-19 12:16:07,743 - DEBUG: RX: 0584a4000900
2019-08-19 12:16:07,744 - DEBUG: parsed_packet {event: CmdRsp, data: {'opcode': 164, 'status': 0, 'data': bytearray(b'\t\x00')}}
2019-08-19 12:16:07,744 - INFO: AddrPublicationAdd: {'address_handle': 9}
2019-08-19 12:16:07,744 - INFO: 

2019-08-19 12:16:07,744 - INFO: Sending next message
2019-08-19 12:16:07,763 - DEBUG: Writing: 164 bytearray(b'\x19\x00')
2019-08-19 12:16:07,763 - DEBUG: TX: 03a41900
2019-08-19 12:16:07,766 - DEBUG: RX: 0584a4000a00
2019-08-19 12:16:07,767 - DEBUG: parsed_packet {event: CmdRsp, data: {'opcode': 164, 'status': 0, 'data': bytearray(b'\n\x00')}}
2019-08-19 12:16:07,771 - INFO: AddrPublicationAdd: {'address_handle': 10}
2019-08-19 12:16:07,772 - INFO: 

2019-08-19 12:16:07,772 - INFO: Sending next message
2019-08-19 12:16:07,787 - DEBUG: Writing: 164 bytearray(b'\x1a\x00')
2019-08-19 12:16:07,797 - DEBUG: TX: 03a41a00
2019-08-19 12:16:07,805 - DEBUG: RX: 0584a4000b00
2019-08-19 12:16:07,805 - DEBUG: parsed_packet {event: CmdRsp, data: {'opcode': 164, 'status': 0, 'data': bytearray(b'\x0b\x00')}}
2019-08-19 12:16:07,806 - INFO: AddrPublicationAdd: {'address_handle': 11}
2019-08-19 12:16:07,806 - INFO: 

2019-08-19 12:16:07,806 - INFO: Sending next message
2019-08-19 12:16:07,821 - DEBUG: Writing: 164 bytearray(b'\x1b\x00')
2019-08-19 12:16:07,823 - DEBUG: TX: 03a41b00
2019-08-19 12:16:07,829 - DEBUG: RX: 0584a4000c00
2019-08-19 12:16:07,831 - DEBUG: parsed_packet {event: CmdRsp, data: {'opcode': 164, 'status': 0, 'data': bytearray(b'\x0c\x00')}}
2019-08-19 12:16:07,834 - INFO: AddrPublicationAdd: {'address_handle': 12}
2019-08-19 12:16:07,835 - INFO: 

2019-08-19 12:16:07,836 - INFO: Sending next message
2019-08-19 12:16:07,848 - DEBUG: Writing: 164 bytearray(b'\x1c\x00')
2019-08-19 12:16:07,850 - DEBUG: TX: 03a41c00
2019-08-19 12:16:07,855 - DEBUG: RX: 0584a4000d00
2019-08-19 12:16:07,856 - DEBUG: parsed_packet {event: CmdRsp, data: {'opcode': 164, 'status': 0, 'data': bytearray(b'\r\x00')}}
2019-08-19 12:16:07,858 - INFO: AddrPublicationAdd: {'address_handle': 13}
2019-08-19 12:16:07,859 - INFO: 

2019-08-19 12:16:07,859 - INFO: Sending next message
2019-08-19 12:16:07,875 - DEBUG: Writing: 164 bytearray(b'\x1d\x00')
2019-08-19 12:16:07,875 - DEBUG: TX: 03a41d00
2019-08-19 12:16:07,877 - DEBUG: RX: 0584a4000e00
2019-08-19 12:16:07,878 - DEBUG: parsed_packet {event: CmdRsp, data: {'opcode': 164, 'status': 0, 'data': bytearray(b'\x0e\x00')}}
2019-08-19 12:16:07,878 - INFO: AddrPublicationAdd: {'address_handle': 14}
2019-08-19 12:16:07,878 - INFO: 

2019-08-19 12:16:07,879 - INFO: Sending next message
2019-08-19 12:16:07,896 - DEBUG: Writing: 156 bytearray(b'\x10\x00\x00\x005N.!\xee\xea\xb5\x7f\xd8^\xe4\xd3paI\x01')
2019-08-19 12:16:07,898 - DEBUG: TX: 159c10000000354e2e21eeeab57fd85ee4d370614901
2019-08-19 12:16:07,905 - DEBUG: RX: 03849c8e
2019-08-19 12:16:07,907 - DEBUG: parsed_packet {event: CmdRsp, data: {'opcode': 156, 'status': 142, 'data': bytearray(b'')}}
2019-08-19 12:16:07,910 - ERROR: DevkeyAdd: ERROR_REJECTED
2019-08-19 12:16:11,802 - DEBUG: RX: 04810200fe
2019-08-19 12:16:11,802 - DEBUG: parsed_packet {event: DeviceStarted, data: {'operating_mode': 2, 'hw_error': 0, 'data_credit_available': 254}}
2019-08-19 12:16:11,803 - INFO: Device rebooted.
2019-08-19 12:16:11,806 - INFO: 

2019-08-19 12:16:11,807 - INFO: Sending next message
2019-08-19 12:16:11,810 - DEBUG: Writing: 159 bytearray(b'\x01\x00\x01\x00')
2019-08-19 12:16:11,811 - DEBUG: TX: 059f01000100
2019-08-19 12:16:11,812 - DEBUG: RX: 03849f00
2019-08-19 12:16:11,812 - DEBUG: parsed_packet {event: CmdRsp, data: {'opcode': 159, 'status': 0, 'data': bytearray(b'')}}
2019-08-19 12:16:11,813 - INFO: Success
2019-08-19 12:16:11,834 - DEBUG: Writing: 146 bytearray(b'\x00\x00\x18\xee\xd9\xc2\xa5j\xdd\x85\x04\x9f\xfc<Y\xad\x0e\x12')
2019-08-19 12:16:11,834 - DEBUG: TX: 1392000018eed9c2a56add85049ffc3c59ad0e12
2019-08-19 12:16:11,838 - DEBUG: RX: 058492000000
2019-08-19 12:16:11,839 - DEBUG: parsed_packet {event: CmdRsp, data: {'opcode': 146, 'status': 0, 'data': bytearray(b'\x00\x00')}}
2019-08-19 12:16:11,839 - INFO: SubnetAdd: {'subnet_handle': 0}
2019-08-19 12:16:11,859 - DEBUG: Writing: 151 bytearray(b'\x00\x00\x00\x00Oh\xad\x85\xd9\xf4\x8a\xc8X\x9d\xf6e\xb6\xb4\x9b\x8a')
2019-08-19 12:16:11,860 - DEBUG: TX: 1597000000004f68ad85d9f48ac8589df665b6b49b8a
2019-08-19 12:16:11,864 - DEBUG: RX: 058497000000
2019-08-19 12:16:11,864 - DEBUG: parsed_packet {event: CmdRsp, data: {'opcode': 151, 'status': 0, 'data': bytearray(b'\x00\x00')}}
2019-08-19 12:16:11,865 - INFO: AppkeyAdd: {'appkey_handle': 0}
2019-08-19 12:16:11,885 - DEBUG: Writing: 151 bytearray(b'\x01\x00\x00\x00*\xa2\xa6\xde\xd5\xa0y\x8c\xea\xb5x|\xa3\xae9\xfc')
2019-08-19 12:16:11,885 - DEBUG: TX: 1597010000002aa2a6ded5a0798ceab5787ca3ae39fc
2019-08-19 12:16:11,889 - DEBUG: RX: 058497000100
2019-08-19 12:16:11,890 - DEBUG: parsed_packet {event: CmdRsp, data: {'opcode': 151, 'status': 0, 'data': bytearray(b'\x01\x00')}}
2019-08-19 12:16:11,891 - INFO: AppkeyAdd: {'appkey_handle': 1}
2019-08-19 12:16:11,910 - DEBUG: Writing: 161 bytearray(b'\x01\xc0')
2019-08-19 12:16:11,911 - DEBUG: TX: 03a101c0
2019-08-19 12:16:11,915 - DEBUG: RX: 0584a1000000
2019-08-19 12:16:11,917 - DEBUG: parsed_packet {event: CmdRsp, data: {'opcode': 161, 'status': 0, 'data': bytearray(b'\x00\x00')}}
2019-08-19 12:16:11,918 - INFO: AddrSubscriptionAdd: {'address_handle': 0}
2019-08-19 12:16:11,918 - INFO: 

2019-08-19 12:16:11,919 - INFO: Sending next message
2019-08-19 12:16:11,935 - DEBUG: Writing: 164 bytearray(b'\x10\x00')
2019-08-19 12:16:11,937 - DEBUG: TX: 03a41000
2019-08-19 12:16:11,941 - DEBUG: RX: 0584a4000100
2019-08-19 12:16:11,943 - DEBUG: parsed_packet {event: CmdRsp, data: {'opcode': 164, 'status': 0, 'data': bytearray(b'\x01\x00')}}
2019-08-19 12:16:11,943 - INFO: AddrPublicationAdd: {'address_handle': 1}
2019-08-19 12:16:11,944 - INFO: 

2019-08-19 12:16:11,944 - INFO: Sending next message
2019-08-19 12:16:11,959 - DEBUG: Writing: 164 bytearray(b'\x11\x00')
2019-08-19 12:16:11,960 - DEBUG: TX: 03a41100
2019-08-19 12:16:11,963 - DEBUG: RX: 0584a4000200
2019-08-19 12:16:11,966 - DEBUG: parsed_packet {event: CmdRsp, data: {'opcode': 164, 'status': 0, 'data': bytearray(b'\x02\x00')}}
2019-08-19 12:16:11,969 - INFO: AddrPublicationAdd: {'address_handle': 2}
2019-08-19 12:16:11,972 - INFO: 

2019-08-19 12:16:11,974 - INFO: Sending next message
2019-08-19 12:16:11,982 - DEBUG: Writing: 164 bytearray(b'\x12\x00')
2019-08-19 12:16:11,983 - DEBUG: TX: 03a41200
2019-08-19 12:16:11,985 - DEBUG: RX: 0584a4000300
2019-08-19 12:16:11,986 - DEBUG: parsed_packet {event: CmdRsp, data: {'opcode': 164, 'status': 0, 'data': bytearray(b'\x03\x00')}}
2019-08-19 12:16:11,986 - INFO: AddrPublicationAdd: {'address_handle': 3}
2019-08-19 12:16:11,986 - INFO: 

2019-08-19 12:16:11,987 - INFO: Sending next message
2019-08-19 12:16:12,005 - DEBUG: Writing: 164 bytearray(b'\x13\x00')
2019-08-19 12:16:12,005 - DEBUG: TX: 03a41300
2019-08-19 12:16:12,007 - DEBUG: RX: 0584a4000400
2019-08-19 12:16:12,008 - DEBUG: parsed_packet {event: CmdRsp, data: {'opcode': 164, 'status': 0, 'data': bytearray(b'\x04\x00')}}
2019-08-19 12:16:12,009 - INFO: AddrPublicationAdd: {'address_handle': 4}
2019-08-19 12:16:12,010 - INFO: 

2019-08-19 12:16:12,011 - INFO: Sending next message
2019-08-19 12:16:12,030 - DEBUG: Writing: 164 bytearray(b'\x14\x00')
2019-08-19 12:16:12,031 - DEBUG: TX: 03a41400
2019-08-19 12:16:12,035 - DEBUG: RX: 0584a4000500
2019-08-19 12:16:12,036 - DEBUG: parsed_packet {event: CmdRsp, data: {'opcode': 164, 'status': 0, 'data': bytearray(b'\x05\x00')}}
2019-08-19 12:16:12,037 - INFO: AddrPublicationAdd: {'address_handle': 5}
2019-08-19 12:16:12,038 - INFO: 

2019-08-19 12:16:12,042 - INFO: Sending next message
2019-08-19 12:16:12,053 - DEBUG: Writing: 164 bytearray(b'\x15\x00')
2019-08-19 12:16:12,053 - DEBUG: TX: 03a41500
2019-08-19 12:16:12,056 - DEBUG: RX: 0584a4000600
2019-08-19 12:16:12,057 - DEBUG: parsed_packet {event: CmdRsp, data: {'opcode': 164, 'status': 0, 'data': bytearray(b'\x06\x00')}}
2019-08-19 12:16:12,057 - INFO: AddrPublicationAdd: {'address_handle': 6}
2019-08-19 12:16:12,058 - INFO: 

2019-08-19 12:16:12,058 - INFO: Sending next message
2019-08-19 12:16:12,078 - DEBUG: Writing: 164 bytearray(b'\x16\x00')
2019-08-19 12:16:12,078 - DEBUG: TX: 03a41600
2019-08-19 12:16:12,080 - DEBUG: RX: 0584a4000700
2019-08-19 12:16:12,081 - DEBUG: parsed_packet {event: CmdRsp, data: {'opcode': 164, 'status': 0, 'data': bytearray(b'\x07\x00')}}
2019-08-19 12:16:12,081 - INFO: AddrPublicationAdd: {'address_handle': 7}
2019-08-19 12:16:12,081 - INFO: 

2019-08-19 12:16:12,082 - INFO: Sending next message
2019-08-19 12:16:12,101 - DEBUG: Writing: 164 bytearray(b'\x17\x00')
2019-08-19 12:16:12,102 - DEBUG: TX: 03a41700
2019-08-19 12:16:12,105 - DEBUG: RX: 0584a4000800
2019-08-19 12:16:12,106 - DEBUG: parsed_packet {event: CmdRsp, data: {'opcode': 164, 'status': 0, 'data': bytearray(b'\x08\x00')}}
2019-08-19 12:16:12,107 - INFO: AddrPublicationAdd: {'address_handle': 8}
2019-08-19 12:16:12,107 - INFO: 

2019-08-19 12:16:12,107 - INFO: Sending next message
2019-08-19 12:16:12,129 - DEBUG: Writing: 164 bytearray(b'\x18\x00')
2019-08-19 12:16:12,130 - DEBUG: TX: 03a41800
2019-08-19 12:16:12,133 - DEBUG: RX: 0584a4000900
2019-08-19 12:16:12,134 - DEBUG: parsed_packet {event: CmdRsp, data: {'opcode': 164, 'status': 0, 'data': bytearray(b'\t\x00')}}
2019-08-19 12:16:12,134 - INFO: AddrPublicationAdd: {'address_handle': 9}
2019-08-19 12:16:12,135 - INFO: 

2019-08-19 12:16:12,135 - INFO: Sending next message
2019-08-19 12:16:12,154 - DEBUG: Writing: 164 bytearray(b'\x19\x00')
2019-08-19 12:16:12,156 - DEBUG: TX: 03a41900
2019-08-19 12:16:12,160 - DEBUG: RX: 0584a4000a00
2019-08-19 12:16:12,173 - DEBUG: parsed_packet {event: CmdRsp, data: {'opcode': 164, 'status': 0, 'data': bytearray(b'\n\x00')}}
2019-08-19 12:16:12,174 - INFO: AddrPublicationAdd: {'address_handle': 10}
2019-08-19 12:16:12,177 - INFO: 

2019-08-19 12:16:12,179 - INFO: Sending next message
2019-08-19 12:16:12,182 - DEBUG: Writing: 164 bytearray(b'\x1a\x00')
2019-08-19 12:16:12,183 - DEBUG: TX: 03a41a00
2019-08-19 12:16:12,186 - DEBUG: RX: 0584a4000b00
2019-08-19 12:16:12,186 - DEBUG: parsed_packet {event: CmdRsp, data: {'opcode': 164, 'status': 0, 'data': bytearray(b'\x0b\x00')}}
2019-08-19 12:16:12,186 - INFO: AddrPublicationAdd: {'address_handle': 11}
2019-08-19 12:16:12,187 - INFO: 

2019-08-19 12:16:12,188 - INFO: Sending next message
2019-08-19 12:16:12,206 - DEBUG: Writing: 164 bytearray(b'\x1b\x00')
2019-08-19 12:16:12,208 - DEBUG: TX: 03a41b00
2019-08-19 12:16:12,215 - DEBUG: RX: 0584a4000c00
2019-08-19 12:16:12,215 - DEBUG: parsed_packet {event: CmdRsp, data: {'opcode': 164, 'status': 0, 'data': bytearray(b'\x0c\x00')}}
2019-08-19 12:16:12,215 - INFO: AddrPublicationAdd: {'address_handle': 12}
2019-08-19 12:16:12,216 - INFO: 

2019-08-19 12:16:12,216 - INFO: Sending next message
2019-08-19 12:16:12,234 - DEBUG: Writing: 164 bytearray(b'\x1c\x00')
2019-08-19 12:16:12,235 - DEBUG: TX: 03a41c00
2019-08-19 12:16:12,240 - DEBUG: RX: 0584a4000d00
2019-08-19 12:16:12,244 - DEBUG: parsed_packet {event: CmdRsp, data: {'opcode': 164, 'status': 0, 'data': bytearray(b'\r\x00')}}
2019-08-19 12:16:12,245 - INFO: AddrPublicationAdd: {'address_handle': 13}
2019-08-19 12:16:12,246 - INFO: 

2019-08-19 12:16:12,247 - INFO: Sending next message
2019-08-19 12:16:12,259 - DEBUG: Writing: 164 bytearray(b'\x1d\x00')
2019-08-19 12:16:12,259 - DEBUG: TX: 03a41d00
2019-08-19 12:16:12,261 - DEBUG: RX: 0584a4000e00
2019-08-19 12:16:12,261 - DEBUG: parsed_packet {event: CmdRsp, data: {'opcode': 164, 'status': 0, 'data': bytearray(b'\x0e\x00')}}
2019-08-19 12:16:12,262 - INFO: AddrPublicationAdd: {'address_handle': 14}
2019-08-19 12:16:12,262 - INFO: 

2019-08-19 12:16:12,262 - INFO: Sending next message
2019-08-19 12:16:12,282 - DEBUG: Writing: 156 bytearray(b'\x10\x00\x00\x005N.!\xee\xea\xb5\x7f\xd8^\xe4\xd3paI\x01')
2019-08-19 12:16:12,284 - DEBUG: TX: 159c10000000354e2e21eeeab57fd85ee4d370614901
2019-08-19 12:16:12,290 - DEBUG: RX: 05849c000800
2019-08-19 12:16:12,291 - DEBUG: parsed_packet {event: CmdRsp, data: {'opcode': 156, 'status': 0, 'data': bytearray(b'\x08\x00')}}
2019-08-19 12:16:12,295 - INFO: DevkeyAdd: {'devkey_handle': 8}
2019-08-19 12:16:12,298 - INFO: No Messages remaining
