2019-07-08 14:36:19,330 - DEBUG - tty.usbmodem0006822145041: Writing: 105 bytearray(b'hG\xb0t9i\t\x94r\xb4\x14\xf0\xb3\xac\xff\x1d\xfb#r\xf7\xf6\x06(\n-\x1e\xdb\x1e\xed0sk\x13\x11\xb6\xcd\x9f0\xce\'\x02\x17\xd7\xd1\x9e]\x19>t1\xf6G\x8f\xf6xW\x0c\xb2g\xfc\x8ed5\xfdm\x12\xe1\xc3\x7f\xa0\xe5"\xc5\x95\x13\xa0@\x04\x8a\x9eO:\xd5\xad\x19\x82\xd5q\xbc"\xc9HP\x9e\xabc')
2019-07-08 14:36:19,331 - DEBUG - tty.usbmodem0006822145041: TX: 61696847b0743969099472b414f0b3acff1dfb2372f7f606280a2d1edb1eed30736b1311b6cd9f30ce270217d7d19e5d193e7431f6478ff678570cb267fc8e6435fd6d12e1c37fa0e522c59513a040048a9e4f3ad5ad1982d571bc22c948509eab63
2019-07-08 14:36:19,340 - DEBUG - tty.usbmodem0006822145041: RX: 03845384
2019-07-08 14:36:19,340 - DEBUG - tty.usbmodem0006822145041: parsed_packet {event: CmdRsp, data: {'opcode': 83, 'status': 132, 'data': bytearray(b'')}}
2019-07-08 14:36:19,341 - ERROR - tty.usbmodem0006822145041: None: ERROR_INVALID_LENGTH
2019-07-08 14:36:19,341 - DEBUG - tty.usbmodem0006822145041: Writing: 159 bytearray(b'\x01\x00\x01\x00')
2019-07-08 14:36:19,341 - DEBUG - tty.usbmodem0006822145041: TX: 059f01000100
2019-07-08 14:36:19,342 - DEBUG - tty.usbmodem0006822145041: RX: 03840084
2019-07-08 14:36:19,342 - DEBUG - tty.usbmodem0006822145041: parsed_packet {event: CmdRsp, data: {'opcode': 0, 'status': 132, 'data': bytearray(b'')}}
2019-07-08 14:36:19,342 - ERROR - tty.usbmodem0006822145041: None: ERROR_INVALID_LENGTH
2019-07-08 14:36:19,342 - DEBUG - tty.usbmodem0006822145041: Writing: 146 bytearray(b'\x00\x00\x18\xee\xd9\xc2\xa5j\xdd\x85\x04\x9f\xfc<Y\xad\x0e\x12')
2019-07-08 14:36:19,342 - DEBUG - tty.usbmodem0006822145041: TX: 1392000018eed9c2a56add85049ffc3c59ad0e12
2019-07-08 14:36:19,343 - DEBUG - tty.usbmodem0006822145041: RX: 03840084
2019-07-08 14:36:19,343 - DEBUG - tty.usbmodem0006822145041: parsed_packet {event: CmdRsp, data: {'opcode': 0, 'status': 132, 'data': bytearray(b'')}}
2019-07-08 14:36:19,343 - ERROR - tty.usbmodem0006822145041: None: ERROR_INVALID_LENGTH
2019-07-08 14:36:19,344 - DEBUG - tty.usbmodem0006822145041: Writing: 151 bytearray(b'\x00\x00\x00\x00Oh\xad\x85\xd9\xf4\x8a\xc8X\x9d\xf6e\xb6\xb4\x9b\x8a')
2019-07-08 14:36:19,344 - DEBUG - tty.usbmodem0006822145041: TX: 1597000000004f68ad85d9f48ac8589df665b6b49b8a
2019-07-08 14:36:19,344 - DEBUG - tty.usbmodem0006822145041: RX: 03840084
2019-07-08 14:36:19,344 - DEBUG - tty.usbmodem0006822145041: parsed_packet {event: CmdRsp, data: {'opcode': 0, 'status': 132, 'data': bytearray(b'')}}
2019-07-08 14:36:19,345 - ERROR - tty.usbmodem0006822145041: None: ERROR_INVALID_LENGTH
2019-07-08 14:36:19,345 - DEBUG - tty.usbmodem0006822145041: Writing: 151 bytearray(b'\x01\x00\x00\x00*\xa2\xa6\xde\xd5\xa0y\x8c\xea\xb5x|\xa3\xae9\xfc')
2019-07-08 14:36:19,345 - DEBUG - tty.usbmodem0006822145041: RX: 03840084
2019-07-08 14:36:19,356 - DEBUG - tty.usbmodem0006822145041: TX: 1597010000002aa2a6ded5a0798ceab5787ca3ae39fc
2019-07-08 14:36:19,356 - DEBUG - tty.usbmodem0006822145041: parsed_packet {event: CmdRsp, data: {'opcode': 0, 'status': 132, 'data': bytearray(b'')}}
2019-07-08 14:36:19,357 - ERROR - tty.usbmodem0006822145041: None: ERROR_INVALID_LENGTH
2019-07-08 14:36:19,357 - DEBUG - tty.usbmodem0006822145041: RX: 03840084
2019-07-08 14:36:19,357 - DEBUG - tty.usbmodem0006822145041: parsed_packet {event: CmdRsp, data: {'opcode': 0, 'status': 132, 'data': bytearray(b'')}}
2019-07-08 14:36:19,358 - ERROR - tty.usbmodem0006822145041: None: ERROR_INVALID_LENGTH
2019-07-08 14:36:19,358 - DEBUG - tty.usbmodem0006822145041: RX: 03840084
2019-07-08 14:36:19,360 - DEBUG - tty.usbmodem0006822145041: parsed_packet {event: CmdRsp, data: {'opcode': 0, 'status': 132, 'data': bytearray(b'')}}
2019-07-08 14:36:19,361 - ERROR - tty.usbmodem0006822145041: None: ERROR_INVALID_LENGTH
2019-07-08 14:36:19,361 - DEBUG - tty.usbmodem0006822145041: RX: 03840084
2019-07-08 14:36:19,361 - DEBUG - tty.usbmodem0006822145041: parsed_packet {event: CmdRsp, data: {'opcode': 0, 'status': 132, 'data': bytearray(b'')}}
2019-07-08 14:36:19,362 - ERROR - tty.usbmodem0006822145041: None: ERROR_INVALID_LENGTH
2019-07-08 14:36:19,362 - DEBUG - tty.usbmodem0006822145041: RX: 03840084
2019-07-08 14:36:19,362 - DEBUG - tty.usbmodem0006822145041: parsed_packet {event: CmdRsp, data: {'opcode': 0, 'status': 132, 'data': bytearray(b'')}}
2019-07-08 14:36:19,362 - ERROR - tty.usbmodem0006822145041: None: ERROR_INVALID_LENGTH
2019-07-08 14:36:19,363 - DEBUG - tty.usbmodem0006822145041: RX: 03840084
2019-07-08 14:36:19,381 - DEBUG - tty.usbmodem0006822145041: parsed_packet {event: CmdRsp, data: {'opcode': 0, 'status': 132, 'data': bytearray(b'')}}
2019-07-08 14:36:19,381 - ERROR - tty.usbmodem0006822145041: None: ERROR_INVALID_LENGTH
2019-07-08 14:36:19,382 - DEBUG - tty.usbmodem0006822145041: RX: 03840084
2019-07-08 14:36:19,382 - DEBUG - tty.usbmodem0006822145041: parsed_packet {event: CmdRsp, data: {'opcode': 0, 'status': 132, 'data': bytearray(b'')}}
2019-07-08 14:36:19,383 - ERROR - tty.usbmodem0006822145041: None: ERROR_INVALID_LENGTH
2019-07-08 14:36:19,383 - DEBUG - tty.usbmodem0006822145041: RX: 03840084
2019-07-08 14:36:19,384 - DEBUG - tty.usbmodem0006822145041: parsed_packet {event: CmdRsp, data: {'opcode': 0, 'status': 132, 'data': bytearray(b'')}}
2019-07-08 14:36:19,384 - ERROR - tty.usbmodem0006822145041: None: ERROR_INVALID_LENGTH
2019-07-08 14:36:19,385 - DEBUG - tty.usbmodem0006822145041: RX: 03840084
2019-07-08 14:36:19,385 - DEBUG - tty.usbmodem0006822145041: parsed_packet {event: CmdRsp, data: {'opcode': 0, 'status': 132, 'data': bytearray(b'')}}
2019-07-08 14:36:19,386 - ERROR - tty.usbmodem0006822145041: None: ERROR_INVALID_LENGTH
2019-07-08 14:36:19,386 - DEBUG - tty.usbmodem0006822145041: RX: 03849f8e
2019-07-08 14:36:19,386 - DEBUG - tty.usbmodem0006822145041: parsed_packet {event: CmdRsp, data: {'opcode': 159, 'status': 142, 'data': bytearray(b'')}}
2019-07-08 14:36:19,386 - ERROR - tty.usbmodem0006822145041: None: ERROR_REJECTED
2019-07-08 14:36:19,387 - DEBUG - tty.usbmodem0006822145041: RX: 03849281
2019-07-08 14:36:19,387 - DEBUG - tty.usbmodem0006822145041: parsed_packet {event: CmdRsp, data: {'opcode': 146, 'status': 129, 'data': bytearray(b'')}}
2019-07-08 14:36:19,387 - ERROR - tty.usbmodem0006822145041: SubnetAdd: ERROR_INTERNAL
2019-07-08 14:36:19,388 - DEBUG - tty.usbmodem0006822145041: RX: 03849781
2019-07-08 14:36:19,388 - DEBUG - tty.usbmodem0006822145041: parsed_packet {event: CmdRsp, data: {'opcode': 151, 'status': 129, 'data': bytearray(b'')}}
2019-07-08 14:36:19,390 - ERROR - tty.usbmodem0006822145041: AppkeyAdd: ERROR_INTERNAL
2019-07-08 14:36:19,392 - DEBUG - tty.usbmodem0006822145041: RX: 03849781
2019-07-08 14:36:19,392 - DEBUG - tty.usbmodem0006822145041: parsed_packet {event: CmdRsp, data: {'opcode': 151, 'status': 129, 'data': bytearray(b'')}}
2019-07-08 14:36:19,393 - ERROR - tty.usbmodem0006822145041: AppkeyAdd: ERROR_INTERNAL
2019-07-08 14:50:38,297 - DEBUG - tty.usbmodem0006822145041: exited read event
