2019-08-08 14:17:31,572 - DEBUG - tty.usbmodem0006822145041: Writing: 14 bytearray(b'')
2019-08-08 14:17:31,576 - DEBUG - tty.usbmodem0006822145041: TX: 010e
2019-08-08 14:17:31,995 - DEBUG - tty.usbmodem0006822145041: RX: 04810200fe
2019-08-08 14:17:31,995 - DEBUG - tty.usbmodem0006822145041: parsed_packet {event: DeviceStarted, data: {'operating_mode': 2, 'hw_error': 0, 'data_credit_available': 254}}
2019-08-08 14:17:31,995 - INFO - tty.usbmodem0006822145041: Device rebooted.
2019-08-08 14:17:32,137 - DEBUG - tty.usbmodem0006822145041: Writing: 105 bytearray(b"\xf5\xffZ\xf6\xfa\xf8\x08*k\x9c\x8cWo<c\x11w\xe6!\xc5\xd9\xd2j\x1c\xf3C\xab>O\x08\x8b\xcb<\x8d\xf1!\x88\xae\xb8E\xf2\xaa\xde\'\xaf{\xd8\xa9\x8c\xc7\x9f\x9e}8\xf9\xd1P\xc6J\xc9\x07\xdc\xc3\xa7r\x17\xfa\xf7\xae\xf9X\xca\xd6\xc8\xdd\xb7\xd7\xc8\xa2\xa5^\xe0\x89\x10\xd3\x90\xbcT >\xa4\xa4\xf7\x93u\xeb")
2019-08-08 14:17:32,138 - DEBUG - tty.usbmodem0006822145041: TX: 6169f5ff5af6faf8082a6b9c8c576f3c631177e621c5d9d26a1cf343ab3e4f088bcb3c8df12188aeb845f2aade27af7bd8a98cc79f9e7d38f9d150c64ac907dcc3a77217faf7aef958cad6c8ddb7d7c8a2a55ee08910d390bc54203ea4a4f79375eb
2019-08-08 14:17:32,159 - INFO - tty.usbmodem0006822145041: 

2019-08-08 14:17:32,160 - INFO - tty.usbmodem0006822145041: Sending next message
2019-08-08 14:17:32,160 - DEBUG - tty.usbmodem0006822145041: RX: 03845384
2019-08-08 14:17:32,160 - DEBUG - tty.usbmodem0006822145041: parsed_packet {event: CmdRsp, data: {'opcode': 83, 'status': 132, 'data': bytearray(b'')}}
2019-08-08 14:17:32,160 - ERROR - tty.usbmodem0006822145041: None: ERROR_INVALID_LENGTH
2019-08-08 14:17:32,160 - DEBUG - tty.usbmodem0006822145041: RX: 03840084
2019-08-08 14:17:32,160 - DEBUG - tty.usbmodem0006822145041: parsed_packet {event: CmdRsp, data: {'opcode': 0, 'status': 132, 'data': bytearray(b'')}}
2019-08-08 14:17:32,161 - ERROR - tty.usbmodem0006822145041: None: ERROR_INVALID_LENGTH
2019-08-08 14:17:32,161 - DEBUG - tty.usbmodem0006822145041: RX: 03840084
2019-08-08 14:17:32,161 - DEBUG - tty.usbmodem0006822145041: parsed_packet {event: CmdRsp, data: {'opcode': 0, 'status': 132, 'data': bytearray(b'')}}
2019-08-08 14:17:32,161 - ERROR - tty.usbmodem0006822145041: None: ERROR_INVALID_LENGTH
2019-08-08 14:17:32,161 - DEBUG - tty.usbmodem0006822145041: RX: 03840084
2019-08-08 14:17:32,161 - DEBUG - tty.usbmodem0006822145041: parsed_packet {event: CmdRsp, data: {'opcode': 0, 'status': 132, 'data': bytearray(b'')}}
2019-08-08 14:17:32,161 - ERROR - tty.usbmodem0006822145041: None: ERROR_INVALID_LENGTH
2019-08-08 14:17:32,162 - DEBUG - tty.usbmodem0006822145041: RX: 03840084
2019-08-08 14:17:32,162 - DEBUG - tty.usbmodem0006822145041: parsed_packet {event: CmdRsp, data: {'opcode': 0, 'status': 132, 'data': bytearray(b'')}}
2019-08-08 14:17:32,162 - ERROR - tty.usbmodem0006822145041: None: ERROR_INVALID_LENGTH
2019-08-08 14:17:32,162 - DEBUG - tty.usbmodem0006822145041: RX: 03840084
2019-08-08 14:17:32,162 - DEBUG - tty.usbmodem0006822145041: parsed_packet {event: CmdRsp, data: {'opcode': 0, 'status': 132, 'data': bytearray(b'')}}
2019-08-08 14:17:32,162 - ERROR - tty.usbmodem0006822145041: None: ERROR_INVALID_LENGTH
2019-08-08 14:17:32,162 - DEBUG - tty.usbmodem0006822145041: RX: 03840084
2019-08-08 14:17:32,162 - DEBUG - tty.usbmodem0006822145041: parsed_packet {event: CmdRsp, data: {'opcode': 0, 'status': 132, 'data': bytearray(b'')}}
2019-08-08 14:17:32,162 - ERROR - tty.usbmodem0006822145041: None: ERROR_INVALID_LENGTH
2019-08-08 14:17:32,162 - DEBUG - tty.usbmodem0006822145041: RX: 03840084
2019-08-08 14:17:32,163 - DEBUG - tty.usbmodem0006822145041: parsed_packet {event: CmdRsp, data: {'opcode': 0, 'status': 132, 'data': bytearray(b'')}}
2019-08-08 14:17:32,163 - ERROR - tty.usbmodem0006822145041: None: ERROR_INVALID_LENGTH
2019-08-08 14:17:32,163 - DEBUG - tty.usbmodem0006822145041: RX: 03840084
2019-08-08 14:17:32,163 - DEBUG - tty.usbmodem0006822145041: parsed_packet {event: CmdRsp, data: {'opcode': 0, 'status': 132, 'data': bytearray(b'')}}
2019-08-08 14:17:32,163 - ERROR - tty.usbmodem0006822145041: None: ERROR_INVALID_LENGTH
2019-08-08 14:17:32,163 - DEBUG - tty.usbmodem0006822145041: RX: 03840084
2019-08-08 14:17:32,163 - DEBUG - tty.usbmodem0006822145041: parsed_packet {event: CmdRsp, data: {'opcode': 0, 'status': 132, 'data': bytearray(b'')}}
2019-08-08 14:17:32,163 - ERROR - tty.usbmodem0006822145041: None: ERROR_INVALID_LENGTH
2019-08-08 14:17:32,163 - DEBUG - tty.usbmodem0006822145041: RX: 03840084
2019-08-08 14:17:32,164 - DEBUG - tty.usbmodem0006822145041: parsed_packet {event: CmdRsp, data: {'opcode': 0, 'status': 132, 'data': bytearray(b'')}}
2019-08-08 14:17:32,164 - ERROR - tty.usbmodem0006822145041: None: ERROR_INVALID_LENGTH
2019-08-08 14:17:32,164 - DEBUG - tty.usbmodem0006822145041: RX: 03840084
2019-08-08 14:17:32,164 - DEBUG - tty.usbmodem0006822145041: parsed_packet {event: CmdRsp, data: {'opcode': 0, 'status': 132, 'data': bytearray(b'')}}
2019-08-08 14:17:32,164 - ERROR - tty.usbmodem0006822145041: None: ERROR_INVALID_LENGTH
2019-08-08 14:17:32,164 - DEBUG - tty.usbmodem0006822145041: RX: 03840084
2019-08-08 14:17:32,164 - DEBUG - tty.usbmodem0006822145041: parsed_packet {event: CmdRsp, data: {'opcode': 0, 'status': 132, 'data': bytearray(b'')}}
2019-08-08 14:17:32,164 - ERROR - tty.usbmodem0006822145041: None: ERROR_INVALID_LENGTH
2019-08-08 14:17:32,185 - DEBUG - tty.usbmodem0006822145041: Writing: 159 bytearray(b'\x01\x00\x01\x00')
2019-08-08 14:17:32,186 - DEBUG - tty.usbmodem0006822145041: TX: 059f01000100
2019-08-08 14:17:32,189 - DEBUG - tty.usbmodem0006822145041: RX: 03849f00
2019-08-08 14:17:32,190 - DEBUG - tty.usbmodem0006822145041: parsed_packet {event: CmdRsp, data: {'opcode': 159, 'status': 0, 'data': bytearray(b'')}}
2019-08-08 14:17:32,191 - INFO - tty.usbmodem0006822145041: Success
2019-08-08 14:17:32,212 - DEBUG - tty.usbmodem0006822145041: Writing: 146 bytearray(b'\x00\x00\x18\xee\xd9\xc2\xa5j\xdd\x85\x04\x9f\xfc<Y\xad\x0e\x12')
2019-08-08 14:17:32,212 - DEBUG - tty.usbmodem0006822145041: TX: 1392000018eed9c2a56add85049ffc3c59ad0e12
2019-08-08 14:17:32,216 - DEBUG - tty.usbmodem0006822145041: RX: 058492000000
2019-08-08 14:17:32,216 - DEBUG - tty.usbmodem0006822145041: parsed_packet {event: CmdRsp, data: {'opcode': 146, 'status': 0, 'data': bytearray(b'\x00\x00')}}
2019-08-08 14:17:32,217 - INFO - tty.usbmodem0006822145041: SubnetAdd: {'subnet_handle': 0}
2019-08-08 14:17:32,236 - DEBUG - tty.usbmodem0006822145041: Writing: 151 bytearray(b'\x00\x00\x00\x00Oh\xad\x85\xd9\xf4\x8a\xc8X\x9d\xf6e\xb6\xb4\x9b\x8a')
2019-08-08 14:17:32,236 - DEBUG - tty.usbmodem0006822145041: TX: 1597000000004f68ad85d9f48ac8589df665b6b49b8a
2019-08-08 14:17:32,240 - DEBUG - tty.usbmodem0006822145041: RX: 058497000000
2019-08-08 14:17:32,240 - DEBUG - tty.usbmodem0006822145041: parsed_packet {event: CmdRsp, data: {'opcode': 151, 'status': 0, 'data': bytearray(b'\x00\x00')}}
2019-08-08 14:17:32,240 - INFO - tty.usbmodem0006822145041: AppkeyAdd: {'appkey_handle': 0}
2019-08-08 14:17:32,258 - DEBUG - tty.usbmodem0006822145041: Writing: 151 bytearray(b'\x01\x00\x00\x00*\xa2\xa6\xde\xd5\xa0y\x8c\xea\xb5x|\xa3\xae9\xfc')
2019-08-08 14:17:32,258 - DEBUG - tty.usbmodem0006822145041: TX: 1597010000002aa2a6ded5a0798ceab5787ca3ae39fc
2019-08-08 14:17:32,263 - DEBUG - tty.usbmodem0006822145041: RX: 058497000100
2019-08-08 14:17:32,263 - DEBUG - tty.usbmodem0006822145041: parsed_packet {event: CmdRsp, data: {'opcode': 151, 'status': 0, 'data': bytearray(b'\x01\x00')}}
2019-08-08 14:17:32,263 - INFO - tty.usbmodem0006822145041: AppkeyAdd: {'appkey_handle': 1}
2019-08-08 14:17:32,281 - DEBUG - tty.usbmodem0006822145041: Writing: 164 bytearray(b'\x10\x00')
2019-08-08 14:17:32,281 - DEBUG - tty.usbmodem0006822145041: TX: 03a41000
2019-08-08 14:17:32,283 - DEBUG - tty.usbmodem0006822145041: RX: 0584a4000000
2019-08-08 14:17:32,283 - DEBUG - tty.usbmodem0006822145041: parsed_packet {event: CmdRsp, data: {'opcode': 164, 'status': 0, 'data': bytearray(b'\x00\x00')}}
2019-08-08 14:17:32,284 - INFO - tty.usbmodem0006822145041: AddrPublicationAdd: {'address_handle': 0}
2019-08-08 14:17:32,304 - INFO - tty.usbmodem0006822145041: 

2019-08-08 14:17:32,304 - INFO - tty.usbmodem0006822145041: Sending next message
2019-08-08 14:17:32,305 - DEBUG - tty.usbmodem0006822145041: Writing: 161 bytearray(b'\x01\xc0')
2019-08-08 14:17:32,305 - DEBUG - tty.usbmodem0006822145041: TX: 03a101c0
2019-08-08 14:17:32,307 - DEBUG - tty.usbmodem0006822145041: RX: 0584a1000100
2019-08-08 14:17:32,307 - DEBUG - tty.usbmodem0006822145041: parsed_packet {event: CmdRsp, data: {'opcode': 161, 'status': 0, 'data': bytearray(b'\x01\x00')}}
2019-08-08 14:17:32,307 - INFO - tty.usbmodem0006822145041: AddrSubscriptionAdd: {'address_handle': 1}
2019-08-08 14:17:32,325 - INFO - tty.usbmodem0006822145041: 

2019-08-08 14:17:32,325 - INFO - tty.usbmodem0006822145041: Sending next message
2019-08-08 14:17:32,331 - DEBUG - tty.usbmodem0006822145041: Writing: 164 bytearray(b'\x11\x00')
2019-08-08 14:17:32,331 - DEBUG - tty.usbmodem0006822145041: TX: 03a41100
2019-08-08 14:17:32,333 - DEBUG - tty.usbmodem0006822145041: RX: 0584a4000200
2019-08-08 14:17:32,333 - DEBUG - tty.usbmodem0006822145041: parsed_packet {event: CmdRsp, data: {'opcode': 164, 'status': 0, 'data': bytearray(b'\x02\x00')}}
2019-08-08 14:17:32,333 - INFO - tty.usbmodem0006822145041: AddrPublicationAdd: {'address_handle': 2}
2019-08-08 14:17:32,344 - INFO - tty.usbmodem0006822145041: 

2019-08-08 14:17:32,344 - INFO - tty.usbmodem0006822145041: Sending next message
2019-08-08 14:17:32,356 - DEBUG - tty.usbmodem0006822145041: Writing: 164 bytearray(b'\x12\x00')
2019-08-08 14:17:32,356 - DEBUG - tty.usbmodem0006822145041: TX: 03a41200
2019-08-08 14:17:32,358 - DEBUG - tty.usbmodem0006822145041: RX: 0584a4000300
2019-08-08 14:17:32,358 - DEBUG - tty.usbmodem0006822145041: parsed_packet {event: CmdRsp, data: {'opcode': 164, 'status': 0, 'data': bytearray(b'\x03\x00')}}
2019-08-08 14:17:32,358 - INFO - tty.usbmodem0006822145041: AddrPublicationAdd: {'address_handle': 3}
2019-08-08 14:17:32,376 - INFO - tty.usbmodem0006822145041: 

2019-08-08 14:17:32,376 - INFO - tty.usbmodem0006822145041: Sending next message
2019-08-08 14:17:32,380 - DEBUG - tty.usbmodem0006822145041: Writing: 164 bytearray(b'\x13\x00')
2019-08-08 14:17:32,380 - DEBUG - tty.usbmodem0006822145041: TX: 03a41300
2019-08-08 14:17:32,383 - DEBUG - tty.usbmodem0006822145041: RX: 0584a4000400
2019-08-08 14:17:32,385 - DEBUG - tty.usbmodem0006822145041: parsed_packet {event: CmdRsp, data: {'opcode': 164, 'status': 0, 'data': bytearray(b'\x04\x00')}}
2019-08-08 14:17:32,386 - INFO - tty.usbmodem0006822145041: AddrPublicationAdd: {'address_handle': 4}
2019-08-08 14:17:32,415 - INFO - tty.usbmodem0006822145041: 

2019-08-08 14:17:32,415 - INFO - tty.usbmodem0006822145041: Sending next message
2019-08-08 14:17:32,416 - DEBUG - tty.usbmodem0006822145041: Writing: 164 bytearray(b'\x14\x00')
2019-08-08 14:17:32,416 - DEBUG - tty.usbmodem0006822145041: TX: 03a41400
2019-08-08 14:17:32,418 - DEBUG - tty.usbmodem0006822145041: RX: 0584a4000500
2019-08-08 14:17:32,418 - DEBUG - tty.usbmodem0006822145041: parsed_packet {event: CmdRsp, data: {'opcode': 164, 'status': 0, 'data': bytearray(b'\x05\x00')}}
2019-08-08 14:17:32,418 - INFO - tty.usbmodem0006822145041: AddrPublicationAdd: {'address_handle': 5}
2019-08-08 14:17:32,449 - INFO - tty.usbmodem0006822145041: 

2019-08-08 14:17:32,449 - INFO - tty.usbmodem0006822145041: Sending next message
2019-08-08 14:17:32,452 - DEBUG - tty.usbmodem0006822145041: Writing: 164 bytearray(b'\x15\x00')
2019-08-08 14:17:32,453 - DEBUG - tty.usbmodem0006822145041: TX: 03a41500
2019-08-08 14:17:32,457 - DEBUG - tty.usbmodem0006822145041: RX: 0584a4000600
2019-08-08 14:17:32,457 - DEBUG - tty.usbmodem0006822145041: parsed_packet {event: CmdRsp, data: {'opcode': 164, 'status': 0, 'data': bytearray(b'\x06\x00')}}
2019-08-08 14:17:32,459 - INFO - tty.usbmodem0006822145041: AddrPublicationAdd: {'address_handle': 6}
2019-08-08 14:17:32,486 - INFO - tty.usbmodem0006822145041: 

2019-08-08 14:17:32,487 - INFO - tty.usbmodem0006822145041: Sending next message
2019-08-08 14:17:32,488 - DEBUG - tty.usbmodem0006822145041: Writing: 164 bytearray(b'\x16\x00')
2019-08-08 14:17:32,488 - DEBUG - tty.usbmodem0006822145041: TX: 03a41600
2019-08-08 14:17:32,491 - DEBUG - tty.usbmodem0006822145041: RX: 0584a4000700
2019-08-08 14:17:32,492 - DEBUG - tty.usbmodem0006822145041: parsed_packet {event: CmdRsp, data: {'opcode': 164, 'status': 0, 'data': bytearray(b'\x07\x00')}}
2019-08-08 14:17:32,493 - INFO - tty.usbmodem0006822145041: AddrPublicationAdd: {'address_handle': 7}
2019-08-08 14:17:32,506 - INFO - tty.usbmodem0006822145041: 

2019-08-08 14:17:32,506 - INFO - tty.usbmodem0006822145041: Sending next message
2019-08-08 14:17:32,513 - DEBUG - tty.usbmodem0006822145041: Writing: 164 bytearray(b'\x17\x00')
2019-08-08 14:17:32,513 - DEBUG - tty.usbmodem0006822145041: TX: 03a41700
2019-08-08 14:17:32,516 - DEBUG - tty.usbmodem0006822145041: RX: 0584a4000800
2019-08-08 14:17:32,516 - DEBUG - tty.usbmodem0006822145041: parsed_packet {event: CmdRsp, data: {'opcode': 164, 'status': 0, 'data': bytearray(b'\x08\x00')}}
2019-08-08 14:17:32,516 - INFO - tty.usbmodem0006822145041: AddrPublicationAdd: {'address_handle': 8}
2019-08-08 14:17:32,532 - INFO - tty.usbmodem0006822145041: 

2019-08-08 14:17:32,532 - INFO - tty.usbmodem0006822145041: Sending next message
2019-08-08 14:17:32,537 - DEBUG - tty.usbmodem0006822145041: Writing: 164 bytearray(b'\x18\x00')
2019-08-08 14:17:32,537 - DEBUG - tty.usbmodem0006822145041: TX: 03a41800
2019-08-08 14:17:32,539 - DEBUG - tty.usbmodem0006822145041: RX: 0584a4000900
2019-08-08 14:17:32,539 - DEBUG - tty.usbmodem0006822145041: parsed_packet {event: CmdRsp, data: {'opcode': 164, 'status': 0, 'data': bytearray(b'\t\x00')}}
2019-08-08 14:17:32,539 - INFO - tty.usbmodem0006822145041: AddrPublicationAdd: {'address_handle': 9}
2019-08-08 14:17:32,562 - INFO - tty.usbmodem0006822145041: 

2019-08-08 14:17:32,563 - INFO - tty.usbmodem0006822145041: Sending next message
2019-08-08 14:17:32,563 - DEBUG - tty.usbmodem0006822145041: Writing: 164 bytearray(b'\x19\x00')
2019-08-08 14:17:32,563 - DEBUG - tty.usbmodem0006822145041: TX: 03a41900
2019-08-08 14:17:32,565 - DEBUG - tty.usbmodem0006822145041: RX: 0584a4000a00
2019-08-08 14:17:32,565 - DEBUG - tty.usbmodem0006822145041: parsed_packet {event: CmdRsp, data: {'opcode': 164, 'status': 0, 'data': bytearray(b'\n\x00')}}
2019-08-08 14:17:32,565 - INFO - tty.usbmodem0006822145041: AddrPublicationAdd: {'address_handle': 10}
2019-08-08 14:17:32,591 - INFO - tty.usbmodem0006822145041: 

2019-08-08 14:17:32,591 - INFO - tty.usbmodem0006822145041: Sending next message
2019-08-08 14:17:32,591 - DEBUG - tty.usbmodem0006822145041: Writing: 164 bytearray(b'\x1a\x00')
2019-08-08 14:17:32,591 - DEBUG - tty.usbmodem0006822145041: TX: 03a41a00
2019-08-08 14:17:32,594 - DEBUG - tty.usbmodem0006822145041: RX: 0584a4000b00
2019-08-08 14:17:32,594 - DEBUG - tty.usbmodem0006822145041: parsed_packet {event: CmdRsp, data: {'opcode': 164, 'status': 0, 'data': bytearray(b'\x0b\x00')}}
2019-08-08 14:17:32,594 - INFO - tty.usbmodem0006822145041: AddrPublicationAdd: {'address_handle': 11}
2019-08-08 14:17:32,616 - INFO - tty.usbmodem0006822145041: 

2019-08-08 14:17:32,616 - INFO - tty.usbmodem0006822145041: Sending next message
2019-08-08 14:17:32,616 - DEBUG - tty.usbmodem0006822145041: Writing: 164 bytearray(b'\x1b\x00')
2019-08-08 14:17:32,616 - DEBUG - tty.usbmodem0006822145041: TX: 03a41b00
2019-08-08 14:17:32,620 - DEBUG - tty.usbmodem0006822145041: RX: 0584a4000c00
2019-08-08 14:17:32,621 - DEBUG - tty.usbmodem0006822145041: parsed_packet {event: CmdRsp, data: {'opcode': 164, 'status': 0, 'data': bytearray(b'\x0c\x00')}}
2019-08-08 14:17:32,622 - INFO - tty.usbmodem0006822145041: AddrPublicationAdd: {'address_handle': 12}
2019-08-08 14:17:32,644 - INFO - tty.usbmodem0006822145041: 

2019-08-08 14:17:32,644 - INFO - tty.usbmodem0006822145041: Sending next message
2019-08-08 14:17:32,644 - DEBUG - tty.usbmodem0006822145041: Writing: 164 bytearray(b'\x1c\x00')
2019-08-08 14:17:32,644 - DEBUG - tty.usbmodem0006822145041: TX: 03a41c00
2019-08-08 14:17:32,647 - DEBUG - tty.usbmodem0006822145041: RX: 0584a4000d00
2019-08-08 14:17:32,647 - DEBUG - tty.usbmodem0006822145041: parsed_packet {event: CmdRsp, data: {'opcode': 164, 'status': 0, 'data': bytearray(b'\r\x00')}}
2019-08-08 14:17:32,647 - INFO - tty.usbmodem0006822145041: AddrPublicationAdd: {'address_handle': 13}
2019-08-08 14:17:32,662 - INFO - tty.usbmodem0006822145041: 

2019-08-08 14:17:32,662 - INFO - tty.usbmodem0006822145041: Sending next message
2019-08-08 14:17:32,666 - DEBUG - tty.usbmodem0006822145041: Writing: 164 bytearray(b'\x1d\x00')
2019-08-08 14:17:32,667 - DEBUG - tty.usbmodem0006822145041: TX: 03a41d00
2019-08-08 14:17:32,669 - DEBUG - tty.usbmodem0006822145041: RX: 0584a4000e00
2019-08-08 14:17:32,669 - DEBUG - tty.usbmodem0006822145041: parsed_packet {event: CmdRsp, data: {'opcode': 164, 'status': 0, 'data': bytearray(b'\x0e\x00')}}
2019-08-08 14:17:32,669 - INFO - tty.usbmodem0006822145041: AddrPublicationAdd: {'address_handle': 14}
2019-08-08 14:17:32,686 - INFO - tty.usbmodem0006822145041: 

2019-08-08 14:17:32,686 - INFO - tty.usbmodem0006822145041: Sending next message
2019-08-08 14:17:32,697 - DEBUG - tty.usbmodem0006822145041: Writing: 164 bytearray(b'\x1e\x00')
2019-08-08 14:17:32,698 - DEBUG - tty.usbmodem0006822145041: TX: 03a41e00
2019-08-08 14:17:32,700 - DEBUG - tty.usbmodem0006822145041: RX: 0584a4000f00
2019-08-08 14:17:32,700 - DEBUG - tty.usbmodem0006822145041: parsed_packet {event: CmdRsp, data: {'opcode': 164, 'status': 0, 'data': bytearray(b'\x0f\x00')}}
2019-08-08 14:17:32,700 - INFO - tty.usbmodem0006822145041: AddrPublicationAdd: {'address_handle': 15}
2019-08-08 14:17:32,721 - INFO - tty.usbmodem0006822145041: 

2019-08-08 14:17:32,722 - INFO - tty.usbmodem0006822145041: Sending next message
2019-08-08 14:17:32,728 - DEBUG - tty.usbmodem0006822145041: Writing: 164 bytearray(b'\x1f\x00')
2019-08-08 14:17:32,730 - DEBUG - tty.usbmodem0006822145041: TX: 03a41f00
2019-08-08 14:17:32,734 - DEBUG - tty.usbmodem0006822145041: RX: 0584a4001000
2019-08-08 14:17:32,734 - DEBUG - tty.usbmodem0006822145041: parsed_packet {event: CmdRsp, data: {'opcode': 164, 'status': 0, 'data': bytearray(b'\x10\x00')}}
2019-08-08 14:17:32,735 - INFO - tty.usbmodem0006822145041: AddrPublicationAdd: {'address_handle': 16}
2019-08-08 14:17:32,756 - INFO - tty.usbmodem0006822145041: 

2019-08-08 14:17:32,757 - INFO - tty.usbmodem0006822145041: Sending next message
2019-08-08 14:17:32,758 - DEBUG - tty.usbmodem0006822145041: Writing: 164 bytearray(b' \x00')
2019-08-08 14:17:32,758 - DEBUG - tty.usbmodem0006822145041: TX: 03a42000
2019-08-08 14:17:32,761 - DEBUG - tty.usbmodem0006822145041: RX: 0584a4001100
2019-08-08 14:17:32,761 - DEBUG - tty.usbmodem0006822145041: parsed_packet {event: CmdRsp, data: {'opcode': 164, 'status': 0, 'data': bytearray(b'\x11\x00')}}
2019-08-08 14:17:32,761 - INFO - tty.usbmodem0006822145041: AddrPublicationAdd: {'address_handle': 17}
2019-08-08 14:17:32,775 - INFO - tty.usbmodem0006822145041: 

2019-08-08 14:17:32,775 - INFO - tty.usbmodem0006822145041: Sending next message
2019-08-08 14:17:32,783 - DEBUG - tty.usbmodem0006822145041: Writing: 164 bytearray(b'!\x00')
2019-08-08 14:17:32,783 - DEBUG - tty.usbmodem0006822145041: TX: 03a42100
2019-08-08 14:17:32,786 - DEBUG - tty.usbmodem0006822145041: RX: 0584a4001200
2019-08-08 14:17:32,787 - DEBUG - tty.usbmodem0006822145041: parsed_packet {event: CmdRsp, data: {'opcode': 164, 'status': 0, 'data': bytearray(b'\x12\x00')}}
2019-08-08 14:17:32,787 - INFO - tty.usbmodem0006822145041: AddrPublicationAdd: {'address_handle': 18}
2019-08-08 14:17:32,803 - INFO - tty.usbmodem0006822145041: 

2019-08-08 14:17:32,804 - INFO - tty.usbmodem0006822145041: Sending next message
2019-08-08 14:17:32,808 - DEBUG - tty.usbmodem0006822145041: Writing: 164 bytearray(b'"\x00')
2019-08-08 14:17:32,808 - DEBUG - tty.usbmodem0006822145041: TX: 03a42200
2019-08-08 14:17:32,810 - DEBUG - tty.usbmodem0006822145041: RX: 0584a4001300
2019-08-08 14:17:32,810 - DEBUG - tty.usbmodem0006822145041: parsed_packet {event: CmdRsp, data: {'opcode': 164, 'status': 0, 'data': bytearray(b'\x13\x00')}}
2019-08-08 14:17:32,810 - INFO - tty.usbmodem0006822145041: AddrPublicationAdd: {'address_handle': 19}
2019-08-08 14:17:32,833 - INFO - tty.usbmodem0006822145041: 

2019-08-08 14:17:32,833 - INFO - tty.usbmodem0006822145041: Sending next message
2019-08-08 14:17:32,833 - DEBUG - tty.usbmodem0006822145041: Writing: 164 bytearray(b'#\x00')
2019-08-08 14:17:32,833 - DEBUG - tty.usbmodem0006822145041: TX: 03a42300
2019-08-08 14:17:32,836 - DEBUG - tty.usbmodem0006822145041: RX: 0584a4001400
2019-08-08 14:17:32,836 - DEBUG - tty.usbmodem0006822145041: parsed_packet {event: CmdRsp, data: {'opcode': 164, 'status': 0, 'data': bytearray(b'\x14\x00')}}
2019-08-08 14:17:32,836 - INFO - tty.usbmodem0006822145041: AddrPublicationAdd: {'address_handle': 20}
2019-08-08 14:17:32,847 - INFO - tty.usbmodem0006822145041: 

2019-08-08 14:17:32,847 - INFO - tty.usbmodem0006822145041: Sending next message
2019-08-08 14:17:32,854 - DEBUG - tty.usbmodem0006822145041: Writing: 164 bytearray(b'$\x00')
2019-08-08 14:17:32,855 - DEBUG - tty.usbmodem0006822145041: TX: 03a42400
2019-08-08 14:17:32,858 - DEBUG - tty.usbmodem0006822145041: RX: 0584a4001500
2019-08-08 14:17:32,858 - DEBUG - tty.usbmodem0006822145041: parsed_packet {event: CmdRsp, data: {'opcode': 164, 'status': 0, 'data': bytearray(b'\x15\x00')}}
2019-08-08 14:17:32,858 - INFO - tty.usbmodem0006822145041: AddrPublicationAdd: {'address_handle': 21}
2019-08-08 14:17:32,869 - INFO - tty.usbmodem0006822145041: 

2019-08-08 14:17:32,869 - INFO - tty.usbmodem0006822145041: Sending next message
2019-08-08 14:17:32,880 - DEBUG - tty.usbmodem0006822145041: Writing: 164 bytearray(b'%\x00')
2019-08-08 14:17:32,880 - DEBUG - tty.usbmodem0006822145041: TX: 03a42500
2019-08-08 14:17:32,882 - DEBUG - tty.usbmodem0006822145041: RX: 0584a4001600
2019-08-08 14:17:32,882 - DEBUG - tty.usbmodem0006822145041: parsed_packet {event: CmdRsp, data: {'opcode': 164, 'status': 0, 'data': bytearray(b'\x16\x00')}}
2019-08-08 14:17:32,882 - INFO - tty.usbmodem0006822145041: AddrPublicationAdd: {'address_handle': 22}
2019-08-08 14:17:32,909 - INFO - tty.usbmodem0006822145041: 

2019-08-08 14:17:32,909 - INFO - tty.usbmodem0006822145041: Sending next message
2019-08-08 14:17:32,909 - DEBUG - tty.usbmodem0006822145041: Writing: 164 bytearray(b'&\x00')
2019-08-08 14:17:32,909 - DEBUG - tty.usbmodem0006822145041: TX: 03a42600
2019-08-08 14:17:32,911 - DEBUG - tty.usbmodem0006822145041: RX: 0584a4001700
2019-08-08 14:17:32,911 - DEBUG - tty.usbmodem0006822145041: parsed_packet {event: CmdRsp, data: {'opcode': 164, 'status': 0, 'data': bytearray(b'\x17\x00')}}
2019-08-08 14:17:32,911 - INFO - tty.usbmodem0006822145041: AddrPublicationAdd: {'address_handle': 23}
2019-08-08 14:17:32,923 - INFO - tty.usbmodem0006822145041: 

2019-08-08 14:17:32,923 - INFO - tty.usbmodem0006822145041: Sending next message
2019-08-08 14:17:32,930 - DEBUG - tty.usbmodem0006822145041: Writing: 164 bytearray(b"\'\x00")
2019-08-08 14:17:32,930 - DEBUG - tty.usbmodem0006822145041: TX: 03a42700
2019-08-08 14:17:32,932 - DEBUG - tty.usbmodem0006822145041: RX: 0584a4001800
2019-08-08 14:17:32,932 - DEBUG - tty.usbmodem0006822145041: parsed_packet {event: CmdRsp, data: {'opcode': 164, 'status': 0, 'data': bytearray(b'\x18\x00')}}
2019-08-08 14:17:32,932 - INFO - tty.usbmodem0006822145041: AddrPublicationAdd: {'address_handle': 24}
2019-08-08 14:17:32,946 - INFO - tty.usbmodem0006822145041: 

2019-08-08 14:17:32,946 - INFO - tty.usbmodem0006822145041: Sending next message
2019-08-08 14:17:32,953 - DEBUG - tty.usbmodem0006822145041: Writing: 164 bytearray(b'(\x00')
2019-08-08 14:17:32,954 - DEBUG - tty.usbmodem0006822145041: TX: 03a42800
2019-08-08 14:17:32,957 - DEBUG - tty.usbmodem0006822145041: RX: 0584a4001900
2019-08-08 14:17:32,958 - DEBUG - tty.usbmodem0006822145041: parsed_packet {event: CmdRsp, data: {'opcode': 164, 'status': 0, 'data': bytearray(b'\x19\x00')}}
2019-08-08 14:17:32,958 - INFO - tty.usbmodem0006822145041: AddrPublicationAdd: {'address_handle': 25}
2019-08-08 14:17:32,979 - INFO - tty.usbmodem0006822145041: 

2019-08-08 14:17:32,979 - INFO - tty.usbmodem0006822145041: Sending next message
2019-08-08 14:17:32,979 - DEBUG - tty.usbmodem0006822145041: Writing: 164 bytearray(b')\x00')
2019-08-08 14:17:32,979 - DEBUG - tty.usbmodem0006822145041: TX: 03a42900
2019-08-08 14:17:32,981 - DEBUG - tty.usbmodem0006822145041: RX: 0584a4001a00
2019-08-08 14:17:32,982 - DEBUG - tty.usbmodem0006822145041: parsed_packet {event: CmdRsp, data: {'opcode': 164, 'status': 0, 'data': bytearray(b'\x1a\x00')}}
2019-08-08 14:17:32,982 - INFO - tty.usbmodem0006822145041: AddrPublicationAdd: {'address_handle': 26}
2019-08-08 14:17:32,993 - INFO - tty.usbmodem0006822145041: 

2019-08-08 14:17:32,993 - INFO - tty.usbmodem0006822145041: Sending next message
2019-08-08 14:17:33,004 - DEBUG - tty.usbmodem0006822145041: Writing: 164 bytearray(b'*\x00')
2019-08-08 14:17:33,004 - DEBUG - tty.usbmodem0006822145041: TX: 03a42a00
2019-08-08 14:17:33,006 - DEBUG - tty.usbmodem0006822145041: RX: 0584a4001b00
2019-08-08 14:17:33,006 - DEBUG - tty.usbmodem0006822145041: parsed_packet {event: CmdRsp, data: {'opcode': 164, 'status': 0, 'data': bytearray(b'\x1b\x00')}}
2019-08-08 14:17:33,006 - INFO - tty.usbmodem0006822145041: AddrPublicationAdd: {'address_handle': 27}
2019-08-08 14:17:33,021 - INFO - tty.usbmodem0006822145041: 

2019-08-08 14:17:33,021 - INFO - tty.usbmodem0006822145041: Sending next message
2019-08-08 14:17:33,029 - DEBUG - tty.usbmodem0006822145041: Writing: 164 bytearray(b'+\x00')
2019-08-08 14:17:33,030 - DEBUG - tty.usbmodem0006822145041: TX: 03a42b00
2019-08-08 14:17:33,033 - DEBUG - tty.usbmodem0006822145041: RX: 0584a4001c00
2019-08-08 14:17:33,033 - DEBUG - tty.usbmodem0006822145041: parsed_packet {event: CmdRsp, data: {'opcode': 164, 'status': 0, 'data': bytearray(b'\x1c\x00')}}
2019-08-08 14:17:33,033 - INFO - tty.usbmodem0006822145041: AddrPublicationAdd: {'address_handle': 28}
2019-08-08 14:17:33,060 - INFO - tty.usbmodem0006822145041: 

2019-08-08 14:17:33,060 - INFO - tty.usbmodem0006822145041: Sending next message
2019-08-08 14:17:33,060 - DEBUG - tty.usbmodem0006822145041: Writing: 164 bytearray(b',\x00')
2019-08-08 14:17:33,060 - DEBUG - tty.usbmodem0006822145041: TX: 03a42c00
2019-08-08 14:17:33,062 - DEBUG - tty.usbmodem0006822145041: RX: 0584a4001d00
2019-08-08 14:17:33,062 - DEBUG - tty.usbmodem0006822145041: parsed_packet {event: CmdRsp, data: {'opcode': 164, 'status': 0, 'data': bytearray(b'\x1d\x00')}}
2019-08-08 14:17:33,062 - INFO - tty.usbmodem0006822145041: AddrPublicationAdd: {'address_handle': 29}
2019-08-08 14:17:33,074 - INFO - tty.usbmodem0006822145041: 

2019-08-08 14:17:33,075 - INFO - tty.usbmodem0006822145041: Sending next message
2019-08-08 14:17:33,086 - DEBUG - tty.usbmodem0006822145041: Writing: 164 bytearray(b'-\x00')
2019-08-08 14:17:33,086 - DEBUG - tty.usbmodem0006822145041: TX: 03a42d00
2019-08-08 14:17:33,090 - DEBUG - tty.usbmodem0006822145041: RX: 0584a4001e00
2019-08-08 14:17:33,090 - DEBUG - tty.usbmodem0006822145041: parsed_packet {event: CmdRsp, data: {'opcode': 164, 'status': 0, 'data': bytearray(b'\x1e\x00')}}
2019-08-08 14:17:33,090 - INFO - tty.usbmodem0006822145041: AddrPublicationAdd: {'address_handle': 30}
2019-08-08 14:17:33,112 - INFO - tty.usbmodem0006822145041: 

2019-08-08 14:17:33,116 - INFO - tty.usbmodem0006822145041: Sending next message
2019-08-08 14:17:33,117 - DEBUG - tty.usbmodem0006822145041: Writing: 164 bytearray(b'.\x00')
2019-08-08 14:17:33,117 - DEBUG - tty.usbmodem0006822145041: TX: 03a42e00
2019-08-08 14:17:33,120 - DEBUG - tty.usbmodem0006822145041: RX: 0584a4001f00
2019-08-08 14:17:33,120 - DEBUG - tty.usbmodem0006822145041: parsed_packet {event: CmdRsp, data: {'opcode': 164, 'status': 0, 'data': bytearray(b'\x1f\x00')}}
2019-08-08 14:17:33,120 - INFO - tty.usbmodem0006822145041: AddrPublicationAdd: {'address_handle': 31}
2019-08-08 14:17:33,144 - INFO - tty.usbmodem0006822145041: 

2019-08-08 14:17:33,144 - INFO - tty.usbmodem0006822145041: Sending next message
2019-08-08 14:17:33,144 - DEBUG - tty.usbmodem0006822145041: Writing: 164 bytearray(b'/\x00')
2019-08-08 14:17:33,144 - DEBUG - tty.usbmodem0006822145041: TX: 03a42f00
2019-08-08 14:17:33,146 - DEBUG - tty.usbmodem0006822145041: RX: 0584a4002000
2019-08-08 14:17:33,146 - DEBUG - tty.usbmodem0006822145041: parsed_packet {event: CmdRsp, data: {'opcode': 164, 'status': 0, 'data': bytearray(b' \x00')}}
2019-08-08 14:17:33,146 - INFO - tty.usbmodem0006822145041: AddrPublicationAdd: {'address_handle': 32}
2019-08-08 14:17:33,167 - INFO - tty.usbmodem0006822145041: 

2019-08-08 14:17:33,167 - INFO - tty.usbmodem0006822145041: Sending next message
2019-08-08 14:17:33,168 - DEBUG - tty.usbmodem0006822145041: Writing: 164 bytearray(b'0\x00')
2019-08-08 14:17:33,168 - DEBUG - tty.usbmodem0006822145041: TX: 03a43000
2019-08-08 14:17:33,171 - DEBUG - tty.usbmodem0006822145041: RX: 0584a4002100
2019-08-08 14:17:33,171 - DEBUG - tty.usbmodem0006822145041: parsed_packet {event: CmdRsp, data: {'opcode': 164, 'status': 0, 'data': bytearray(b'!\x00')}}
2019-08-08 14:17:33,171 - INFO - tty.usbmodem0006822145041: AddrPublicationAdd: {'address_handle': 33}
2019-08-08 14:17:33,182 - INFO - tty.usbmodem0006822145041: 

2019-08-08 14:17:33,182 - INFO - tty.usbmodem0006822145041: Sending next message
2019-08-08 14:17:33,193 - DEBUG - tty.usbmodem0006822145041: Writing: 164 bytearray(b'1\x00')
2019-08-08 14:17:33,193 - DEBUG - tty.usbmodem0006822145041: TX: 03a43100
2019-08-08 14:17:33,195 - DEBUG - tty.usbmodem0006822145041: RX: 0584a4002200
2019-08-08 14:17:33,195 - DEBUG - tty.usbmodem0006822145041: parsed_packet {event: CmdRsp, data: {'opcode': 164, 'status': 0, 'data': bytearray(b'"\x00')}}
2019-08-08 14:17:33,195 - INFO - tty.usbmodem0006822145041: AddrPublicationAdd: {'address_handle': 34}
2019-08-08 14:17:33,214 - INFO - tty.usbmodem0006822145041: 

2019-08-08 14:17:33,214 - INFO - tty.usbmodem0006822145041: Sending next message
2019-08-08 14:17:33,215 - DEBUG - tty.usbmodem0006822145041: Writing: 164 bytearray(b'2\x00')
2019-08-08 14:17:33,215 - DEBUG - tty.usbmodem0006822145041: TX: 03a43200
2019-08-08 14:17:33,218 - DEBUG - tty.usbmodem0006822145041: RX: 0584a4002300
2019-08-08 14:17:33,219 - DEBUG - tty.usbmodem0006822145041: parsed_packet {event: CmdRsp, data: {'opcode': 164, 'status': 0, 'data': bytearray(b'#\x00')}}
2019-08-08 14:17:33,219 - INFO - tty.usbmodem0006822145041: AddrPublicationAdd: {'address_handle': 35}
2019-08-08 14:17:33,235 - INFO - tty.usbmodem0006822145041: 

2019-08-08 14:17:33,235 - INFO - tty.usbmodem0006822145041: Sending next message
2019-08-08 14:17:33,240 - DEBUG - tty.usbmodem0006822145041: Writing: 164 bytearray(b'3\x00')
2019-08-08 14:17:33,240 - DEBUG - tty.usbmodem0006822145041: TX: 03a43300
2019-08-08 14:17:33,242 - DEBUG - tty.usbmodem0006822145041: RX: 0584a4002400
2019-08-08 14:17:33,242 - DEBUG - tty.usbmodem0006822145041: parsed_packet {event: CmdRsp, data: {'opcode': 164, 'status': 0, 'data': bytearray(b'$\x00')}}
2019-08-08 14:17:33,242 - INFO - tty.usbmodem0006822145041: AddrPublicationAdd: {'address_handle': 36}
2019-08-08 14:17:33,255 - INFO - tty.usbmodem0006822145041: 

2019-08-08 14:17:33,255 - INFO - tty.usbmodem0006822145041: Sending next message
2019-08-08 14:17:33,265 - DEBUG - tty.usbmodem0006822145041: Writing: 164 bytearray(b'4\x00')
2019-08-08 14:17:33,265 - DEBUG - tty.usbmodem0006822145041: TX: 03a43400
2019-08-08 14:17:33,267 - DEBUG - tty.usbmodem0006822145041: RX: 0584a4002500
2019-08-08 14:17:33,268 - DEBUG - tty.usbmodem0006822145041: parsed_packet {event: CmdRsp, data: {'opcode': 164, 'status': 0, 'data': bytearray(b'%\x00')}}
2019-08-08 14:17:33,268 - INFO - tty.usbmodem0006822145041: AddrPublicationAdd: {'address_handle': 37}
2019-08-08 14:17:33,283 - INFO - tty.usbmodem0006822145041: 

2019-08-08 14:17:33,283 - INFO - tty.usbmodem0006822145041: Sending next message
2019-08-08 14:17:33,290 - DEBUG - tty.usbmodem0006822145041: Writing: 164 bytearray(b'5\x00')
2019-08-08 14:17:33,291 - DEBUG - tty.usbmodem0006822145041: TX: 03a43500
2019-08-08 14:17:33,295 - DEBUG - tty.usbmodem0006822145041: RX: 0584a4002600
2019-08-08 14:17:33,298 - DEBUG - tty.usbmodem0006822145041: parsed_packet {event: CmdRsp, data: {'opcode': 164, 'status': 0, 'data': bytearray(b'&\x00')}}
2019-08-08 14:17:33,298 - INFO - tty.usbmodem0006822145041: AddrPublicationAdd: {'address_handle': 38}
2019-08-08 14:17:33,321 - INFO - tty.usbmodem0006822145041: 

2019-08-08 14:17:33,321 - INFO - tty.usbmodem0006822145041: Sending next message
2019-08-08 14:17:33,323 - DEBUG - tty.usbmodem0006822145041: Writing: 164 bytearray(b'6\x00')
2019-08-08 14:17:33,323 - DEBUG - tty.usbmodem0006822145041: TX: 03a43600
2019-08-08 14:17:33,326 - DEBUG - tty.usbmodem0006822145041: RX: 0584a4002700
2019-08-08 14:17:33,326 - DEBUG - tty.usbmodem0006822145041: parsed_packet {event: CmdRsp, data: {'opcode': 164, 'status': 0, 'data': bytearray(b"\'\x00")}}
2019-08-08 14:17:33,326 - INFO - tty.usbmodem0006822145041: AddrPublicationAdd: {'address_handle': 39}
2019-08-08 14:17:33,354 - INFO - tty.usbmodem0006822145041: 

2019-08-08 14:17:33,354 - INFO - tty.usbmodem0006822145041: Sending next message
2019-08-08 14:17:33,355 - DEBUG - tty.usbmodem0006822145041: Writing: 164 bytearray(b'7\x00')
2019-08-08 14:17:33,355 - DEBUG - tty.usbmodem0006822145041: TX: 03a43700
2019-08-08 14:17:33,357 - DEBUG - tty.usbmodem0006822145041: RX: 0584a4002800
2019-08-08 14:17:33,357 - DEBUG - tty.usbmodem0006822145041: parsed_packet {event: CmdRsp, data: {'opcode': 164, 'status': 0, 'data': bytearray(b'(\x00')}}
2019-08-08 14:17:33,357 - INFO - tty.usbmodem0006822145041: AddrPublicationAdd: {'address_handle': 40}
2019-08-08 14:17:33,378 - INFO - tty.usbmodem0006822145041: 

2019-08-08 14:17:33,380 - INFO - tty.usbmodem0006822145041: Sending next message
2019-08-08 14:17:33,391 - DEBUG - tty.usbmodem0006822145041: Writing: 164 bytearray(b'8\x00')
2019-08-08 14:17:33,392 - DEBUG - tty.usbmodem0006822145041: TX: 03a43800
2019-08-08 14:17:33,395 - DEBUG - tty.usbmodem0006822145041: RX: 0584a4002900
2019-08-08 14:17:33,395 - DEBUG - tty.usbmodem0006822145041: parsed_packet {event: CmdRsp, data: {'opcode': 164, 'status': 0, 'data': bytearray(b')\x00')}}
2019-08-08 14:17:33,395 - INFO - tty.usbmodem0006822145041: AddrPublicationAdd: {'address_handle': 41}
2019-08-08 14:17:33,429 - INFO - tty.usbmodem0006822145041: 

2019-08-08 14:17:33,429 - INFO - tty.usbmodem0006822145041: Sending next message
2019-08-08 14:17:33,430 - DEBUG - tty.usbmodem0006822145041: Writing: 164 bytearray(b'9\x00')
2019-08-08 14:17:33,431 - DEBUG - tty.usbmodem0006822145041: TX: 03a43900
2019-08-08 14:17:33,433 - DEBUG - tty.usbmodem0006822145041: RX: 0584a4002a00
2019-08-08 14:17:33,434 - DEBUG - tty.usbmodem0006822145041: parsed_packet {event: CmdRsp, data: {'opcode': 164, 'status': 0, 'data': bytearray(b'*\x00')}}
2019-08-08 14:17:33,435 - INFO - tty.usbmodem0006822145041: AddrPublicationAdd: {'address_handle': 42}
2019-08-08 14:17:33,472 - INFO - tty.usbmodem0006822145041: 

2019-08-08 14:17:33,473 - INFO - tty.usbmodem0006822145041: Sending next message
2019-08-08 14:17:33,473 - DEBUG - tty.usbmodem0006822145041: Writing: 156 bytearray(b'\x10\x00\x00\x00w\xfb\x1b\x9fWEy\xe5\xae\x1bp^8\x1b\x7f\xaf')
2019-08-08 14:17:33,473 - DEBUG - tty.usbmodem0006822145041: TX: 159c1000000077fb1b9f574579e5ae1b705e381b7faf
2019-08-08 14:17:33,477 - DEBUG - tty.usbmodem0006822145041: RX: 05849c000800
2019-08-08 14:17:33,477 - DEBUG - tty.usbmodem0006822145041: parsed_packet {event: CmdRsp, data: {'opcode': 156, 'status': 0, 'data': bytearray(b'\x08\x00')}}
2019-08-08 14:17:33,477 - INFO - tty.usbmodem0006822145041: DevkeyAdd: {'devkey_handle': 8}
2019-08-08 14:17:33,507 - INFO - tty.usbmodem0006822145041: 

2019-08-08 14:17:33,508 - INFO - tty.usbmodem0006822145041: Sending next message
2019-08-08 14:17:33,508 - DEBUG - tty.usbmodem0006822145041: Writing: 156 bytearray(b'\x1e\x00\x00\x00\xeb\xe6c\xb2K\xee-;\xb8\xe9\x14\xae2\x17\xf4\x87')
2019-08-08 14:17:33,508 - DEBUG - tty.usbmodem0006822145041: TX: 159c1e000000ebe663b24bee2d3bb8e914ae3217f487
2019-08-08 14:17:33,512 - DEBUG - tty.usbmodem0006822145041: RX: 05849c000900
2019-08-08 14:17:33,512 - DEBUG - tty.usbmodem0006822145041: parsed_packet {event: CmdRsp, data: {'opcode': 156, 'status': 0, 'data': bytearray(b'\t\x00')}}
2019-08-08 14:17:33,512 - INFO - tty.usbmodem0006822145041: DevkeyAdd: {'devkey_handle': 9}
2019-08-08 14:17:33,541 - INFO - tty.usbmodem0006822145041: 

2019-08-08 14:17:33,541 - INFO - tty.usbmodem0006822145041: Sending next message
2019-08-08 14:17:33,542 - DEBUG - tty.usbmodem0006822145041: Writing: 156 bytearray(b',\x00\x00\x00w\x91\x14\xc4\x8f\xd3vA\x08\x18\x18\r.\x87\x9aO')
2019-08-08 14:17:33,542 - DEBUG - tty.usbmodem0006822145041: TX: 159c2c000000779114c48fd376410818180d2e879a4f
2019-08-08 14:17:33,551 - DEBUG - tty.usbmodem0006822145041: RX: 05849c000a00
2019-08-08 14:17:33,559 - DEBUG - tty.usbmodem0006822145041: parsed_packet {event: CmdRsp, data: {'opcode': 156, 'status': 0, 'data': bytearray(b'\n\x00')}}
2019-08-08 14:17:33,560 - INFO - tty.usbmodem0006822145041: DevkeyAdd: {'devkey_handle': 10}
2019-08-08 14:17:33,592 - INFO - tty.usbmodem0006822145041: No Messages remaining
2019-08-08 14:17:37,542 - INFO - tty.usbmodem0006822145041: Timout handler timeout
2019-08-08 14:19:06,186 - ERROR - tty.usbmodem0006822145041: Address handle not valid
2019-08-08 14:19:32,707 - ERROR - tty.usbmodem0006822145041: Address handle not valid
2019-08-08 14:19:50,987 - ERROR - tty.usbmodem0006822145041: Address handle not valid
2019-08-08 14:26:13,111 - DEBUG - tty.usbmodem0006822145041: RX: 04810200fe
2019-08-08 14:26:13,113 - DEBUG - tty.usbmodem0006822145041: parsed_packet {event: DeviceStarted, data: {'operating_mode': 2, 'hw_error': 0, 'data_credit_available': 254}}
2019-08-08 14:26:13,114 - INFO - tty.usbmodem0006822145041: Device rebooted.
2019-08-08 14:26:13,118 - DEBUG - tty.usbmodem0006822145041: Writing: 105 bytearray(b'+y\xf0\t\xb5\xcf\x83\xfa\x139\x99\xf9\x820u\xe7l-\x12\x10\xcb2\x95\'}\xfa\xf3WY\xdc:\xf7^\xf8\xcd"\x1b\x01\xd7\xf26\xc7h\xbe\xe6\xc7\xe8g~\xd1\xb3\xa2\x8f\xa9\\\xf2\x16}0\xce\x1c\x07~\x0f\xd3\xb6\x00\x02\xe6\xbd^\x9d$u\xf0\xd8fK\xa5?\xd5L\x99\x82\xba\xc8\x8b\x99~\x88y\xd2!\xbb\x91\x8c')
2019-08-08 14:26:13,124 - DEBUG - tty.usbmodem0006822145041: TX: 61692b79f009b5cf83fa133999f9823075e76c2d1210cb3295277dfaf35759dc3af75ef8cd221b01d7f236c768bee6c7e8677ed1b3a28fa95cf2167d30ce1c077e0fd3b60002e6bd5e9d2475f0d8664ba53fd54c9982bac88b997e8879d221bb918c
2019-08-08 14:26:13,153 - ERROR - tty.usbmodem0006822145041: Exception in pkt handler <bound method Mesh.deviceStarted of <interactive_pyaci.Mesh object at 0x105335320>>
2019-08-08 14:26:13,155 - DEBUG - tty.usbmodem0006822145041: Writing: 159 bytearray(b'\x01\x00\x01\x00')
2019-08-08 14:26:13,156 - DEBUG - tty.usbmodem0006822145041: TX: 059f01000100
2019-08-08 14:26:13,156 - ERROR - tty.usbmodem0006822145041: traceback: Traceback (most recent call last):
  File "/Users/Tim-Mac/msc/bm-control/dev/nrf5SDKforMeshv310src/scripts/interactive_pyaci/aci/aci_uart.py", line 90, in process_packet
    fun(packet)
  File "/Users/Tim-Mac/msc/bm-control/dev/nrf5SDKforMeshv310src/scripts/interactive_pyaci/interactive_pyaci.py", line 270, in deviceStarted
    self.setup()
  File "/Users/Tim-Mac/msc/bm-control/dev/nrf5SDKforMeshv310src/scripts/interactive_pyaci/interactive_pyaci.py", line 189, in setup
    self.load_models()
  File "/Users/Tim-Mac/msc/bm-control/dev/nrf5SDKforMeshv310src/scripts/interactive_pyaci/interactive_pyaci.py", line 234, in load_models
    tid = model["tid"]
TypeError: 'GenericOnOffClient' object is not subscriptable

2019-08-08 14:26:13,156 - DEBUG - tty.usbmodem0006822145041: RX: 03845384
2019-08-08 14:26:13,156 - DEBUG - tty.usbmodem0006822145041: parsed_packet {event: CmdRsp, data: {'opcode': 83, 'status': 132, 'data': bytearray(b'')}}
2019-08-08 14:26:13,157 - ERROR - tty.usbmodem0006822145041: None: ERROR_INVALID_LENGTH
2019-08-08 14:26:13,157 - DEBUG - tty.usbmodem0006822145041: RX: 03840084
2019-08-08 14:26:13,157 - DEBUG - tty.usbmodem0006822145041: parsed_packet {event: CmdRsp, data: {'opcode': 0, 'status': 132, 'data': bytearray(b'')}}
2019-08-08 14:26:13,157 - ERROR - tty.usbmodem0006822145041: None: ERROR_INVALID_LENGTH
2019-08-08 14:26:13,157 - DEBUG - tty.usbmodem0006822145041: RX: 03840084
2019-08-08 14:26:13,157 - DEBUG - tty.usbmodem0006822145041: parsed_packet {event: CmdRsp, data: {'opcode': 0, 'status': 132, 'data': bytearray(b'')}}
2019-08-08 14:26:13,157 - ERROR - tty.usbmodem0006822145041: None: ERROR_INVALID_LENGTH
2019-08-08 14:26:13,162 - DEBUG - tty.usbmodem0006822145041: RX: 03840084
2019-08-08 14:26:13,163 - DEBUG - tty.usbmodem0006822145041: parsed_packet {event: CmdRsp, data: {'opcode': 0, 'status': 132, 'data': bytearray(b'')}}
2019-08-08 14:26:13,163 - ERROR - tty.usbmodem0006822145041: None: ERROR_INVALID_LENGTH
2019-08-08 14:26:13,164 - DEBUG - tty.usbmodem0006822145041: RX: 03840084
2019-08-08 14:26:13,164 - DEBUG - tty.usbmodem0006822145041: parsed_packet {event: CmdRsp, data: {'opcode': 0, 'status': 132, 'data': bytearray(b'')}}
2019-08-08 14:26:13,165 - ERROR - tty.usbmodem0006822145041: None: ERROR_INVALID_LENGTH
2019-08-08 14:26:13,165 - DEBUG - tty.usbmodem0006822145041: RX: 03840084
2019-08-08 14:26:13,165 - DEBUG - tty.usbmodem0006822145041: parsed_packet {event: CmdRsp, data: {'opcode': 0, 'status': 132, 'data': bytearray(b'')}}
2019-08-08 14:26:13,166 - ERROR - tty.usbmodem0006822145041: None: ERROR_INVALID_LENGTH
2019-08-08 14:26:13,166 - DEBUG - tty.usbmodem0006822145041: RX: 03840084
2019-08-08 14:26:13,166 - DEBUG - tty.usbmodem0006822145041: parsed_packet {event: CmdRsp, data: {'opcode': 0, 'status': 132, 'data': bytearray(b'')}}
2019-08-08 14:26:13,166 - ERROR - tty.usbmodem0006822145041: None: ERROR_INVALID_LENGTH
2019-08-08 14:26:13,166 - DEBUG - tty.usbmodem0006822145041: RX: 03840084
2019-08-08 14:26:13,166 - DEBUG - tty.usbmodem0006822145041: parsed_packet {event: CmdRsp, data: {'opcode': 0, 'status': 132, 'data': bytearray(b'')}}
2019-08-08 14:26:13,167 - ERROR - tty.usbmodem0006822145041: None: ERROR_INVALID_LENGTH
2019-08-08 14:26:13,167 - DEBUG - tty.usbmodem0006822145041: RX: 03840084
2019-08-08 14:26:13,167 - DEBUG - tty.usbmodem0006822145041: parsed_packet {event: CmdRsp, data: {'opcode': 0, 'status': 132, 'data': bytearray(b'')}}
2019-08-08 14:26:13,167 - ERROR - tty.usbmodem0006822145041: None: ERROR_INVALID_LENGTH
2019-08-08 14:26:13,167 - DEBUG - tty.usbmodem0006822145041: RX: 03840084
2019-08-08 14:26:13,167 - DEBUG - tty.usbmodem0006822145041: parsed_packet {event: CmdRsp, data: {'opcode': 0, 'status': 132, 'data': bytearray(b'')}}
2019-08-08 14:26:13,167 - ERROR - tty.usbmodem0006822145041: None: ERROR_INVALID_LENGTH
2019-08-08 14:26:13,168 - DEBUG - tty.usbmodem0006822145041: RX: 03840084
2019-08-08 14:26:13,168 - DEBUG - tty.usbmodem0006822145041: parsed_packet {event: CmdRsp, data: {'opcode': 0, 'status': 132, 'data': bytearray(b'')}}
2019-08-08 14:26:13,168 - ERROR - tty.usbmodem0006822145041: None: ERROR_INVALID_LENGTH
2019-08-08 14:26:13,168 - DEBUG - tty.usbmodem0006822145041: RX: 03840084
2019-08-08 14:26:13,168 - DEBUG - tty.usbmodem0006822145041: parsed_packet {event: CmdRsp, data: {'opcode': 0, 'status': 132, 'data': bytearray(b'')}}
2019-08-08 14:26:13,168 - ERROR - tty.usbmodem0006822145041: None: ERROR_INVALID_LENGTH
2019-08-08 14:26:13,168 - DEBUG - tty.usbmodem0006822145041: RX: 03840084
2019-08-08 14:26:13,169 - DEBUG - tty.usbmodem0006822145041: parsed_packet {event: CmdRsp, data: {'opcode': 0, 'status': 132, 'data': bytearray(b'')}}
2019-08-08 14:26:13,169 - ERROR - tty.usbmodem0006822145041: None: ERROR_INVALID_LENGTH
2019-08-08 14:26:13,169 - DEBUG - tty.usbmodem0006822145041: RX: 03849f00
2019-08-08 14:26:13,169 - DEBUG - tty.usbmodem0006822145041: parsed_packet {event: CmdRsp, data: {'opcode': 159, 'status': 0, 'data': bytearray(b'')}}
2019-08-08 14:26:13,169 - INFO - tty.usbmodem0006822145041: Success
2019-08-08 14:26:13,181 - DEBUG - tty.usbmodem0006822145041: Writing: 146 bytearray(b'\x00\x00\x18\xee\xd9\xc2\xa5j\xdd\x85\x04\x9f\xfc<Y\xad\x0e\x12')
2019-08-08 14:26:13,182 - DEBUG - tty.usbmodem0006822145041: TX: 1392000018eed9c2a56add85049ffc3c59ad0e12
2019-08-08 14:26:13,188 - DEBUG - tty.usbmodem0006822145041: RX: 058492000000
2019-08-08 14:26:13,188 - DEBUG - tty.usbmodem0006822145041: parsed_packet {event: CmdRsp, data: {'opcode': 146, 'status': 0, 'data': bytearray(b'\x00\x00')}}
2019-08-08 14:26:13,188 - INFO - tty.usbmodem0006822145041: SubnetAdd: {'subnet_handle': 0}
2019-08-08 14:26:13,208 - DEBUG - tty.usbmodem0006822145041: Writing: 151 bytearray(b'\x00\x00\x00\x00Oh\xad\x85\xd9\xf4\x8a\xc8X\x9d\xf6e\xb6\xb4\x9b\x8a')
2019-08-08 14:26:13,209 - DEBUG - tty.usbmodem0006822145041: TX: 1597000000004f68ad85d9f48ac8589df665b6b49b8a
2019-08-08 14:26:13,214 - DEBUG - tty.usbmodem0006822145041: RX: 058497000000
2019-08-08 14:26:13,214 - DEBUG - tty.usbmodem0006822145041: parsed_packet {event: CmdRsp, data: {'opcode': 151, 'status': 0, 'data': bytearray(b'\x00\x00')}}
2019-08-08 14:26:13,215 - INFO - tty.usbmodem0006822145041: AppkeyAdd: {'appkey_handle': 0}
2019-08-08 14:26:13,232 - DEBUG - tty.usbmodem0006822145041: Writing: 151 bytearray(b'\x01\x00\x00\x00*\xa2\xa6\xde\xd5\xa0y\x8c\xea\xb5x|\xa3\xae9\xfc')
2019-08-08 14:26:13,233 - DEBUG - tty.usbmodem0006822145041: TX: 1597010000002aa2a6ded5a0798ceab5787ca3ae39fc
2019-08-08 14:26:13,238 - DEBUG - tty.usbmodem0006822145041: RX: 058497000100
2019-08-08 14:26:13,239 - DEBUG - tty.usbmodem0006822145041: parsed_packet {event: CmdRsp, data: {'opcode': 151, 'status': 0, 'data': bytearray(b'\x01\x00')}}
2019-08-08 14:26:13,240 - INFO - tty.usbmodem0006822145041: AppkeyAdd: {'appkey_handle': 1}
2019-08-08 14:26:17,397 - DEBUG - tty.usbmodem0006822145041: exited read event
