2019-07-25 11:48:41,999 - DEBUG: Writing: 14 bytearray(b'')
2019-07-25 11:48:41,999 - DEBUG: TX: 010e
2019-07-25 11:48:42,418 - DEBUG: RX: 04810200fe
2019-07-25 11:48:42,418 - DEBUG: parsed_packet {event: DeviceStarted, data: {'operating_mode': 2, 'hw_error': 0, 'data_credit_available': 254}}
2019-07-25 11:48:42,418 - INFO: Device rebooted.
2019-07-25 11:48:42,598 - DEBUG: Writing: 105 bytearray(b'\xcb\xe2s\xe5\xaa\x9c\xe4\xfe\x06z\xd6\x8b\x12\xca_\x91\xec;\xcc>\x9c\xde\xbb\x12\x0e\xa8KT\xb5\x99\x14\xe4mg\x14T-\xbbD4\xe9U\x12\x1a\xa5W\x9c\xee9\xac\x81\x8e\xe2$\xeb?\\\x0e\xdd\x1e\x96\xa8\xe0@\x97\xcc\xd0\x0e\xb6sC#\x1a}\xd3^\x98\xbeI@\xadqi\x92g\x92/\xe0\xe9\xfd~p\xc4\x93\xbaf')
2019-07-25 11:48:42,598 - DEBUG: TX: 6169cbe273e5aa9ce4fe067ad68b12ca5f91ec3bcc3e9cdebb120ea84b54b59914e46d6714542dbb4434e955121aa5579cee39ac818ee224eb3f5c0edd1e96a8e04097ccd00eb67343231a7dd35e98be4940ad71699267922fe0e9fd7e70c493ba66
2019-07-25 11:48:42,621 - INFO: 

2019-07-25 11:48:42,621 - INFO: Sending next message
2019-07-25 11:48:42,621 - DEBUG: RX: 03845384
2019-07-25 11:48:42,622 - DEBUG: parsed_packet {event: CmdRsp, data: {'opcode': 83, 'status': 132, 'data': bytearray(b'')}}
2019-07-25 11:48:42,622 - DEBUG: Writing: 159 bytearray(b'\x01\x00\x01\x00')
2019-07-25 11:48:42,622 - DEBUG: TX: 059f01000100
2019-07-25 11:48:42,622 - ERROR: None: ERROR_INVALID_LENGTH
2019-07-25 11:48:42,623 - DEBUG: RX: 03840084
2019-07-25 11:48:42,623 - DEBUG: parsed_packet {event: CmdRsp, data: {'opcode': 0, 'status': 132, 'data': bytearray(b'')}}
2019-07-25 11:48:42,623 - DEBUG: Writing: 146 bytearray(b'\x00\x00\x18\xee\xd9\xc2\xa5j\xdd\x85\x04\x9f\xfc<Y\xad\x0e\x12')
2019-07-25 11:48:42,623 - DEBUG: TX: 1392000018eed9c2a56add85049ffc3c59ad0e12
2019-07-25 11:48:42,623 - ERROR: None: ERROR_INVALID_LENGTH
2019-07-25 11:48:42,623 - DEBUG: RX: 03840084
2019-07-25 11:48:42,624 - DEBUG: parsed_packet {event: CmdRsp, data: {'opcode': 0, 'status': 132, 'data': bytearray(b'')}}
2019-07-25 11:48:42,624 - DEBUG: Writing: 151 bytearray(b'\x00\x00\x00\x00Oh\xad\x85\xd9\xf4\x8a\xc8X\x9d\xf6e\xb6\xb4\x9b\x8a')
2019-07-25 11:48:42,624 - ERROR: None: ERROR_INVALID_LENGTH
2019-07-25 11:48:42,624 - DEBUG: TX: 1597000000004f68ad85d9f48ac8589df665b6b49b8a
2019-07-25 11:48:42,625 - DEBUG: RX: 03840084
2019-07-25 11:48:42,625 - DEBUG: parsed_packet {event: CmdRsp, data: {'opcode': 0, 'status': 132, 'data': bytearray(b'')}}
2019-07-25 11:48:42,625 - DEBUG: Writing: 151 bytearray(b'\x01\x00\x00\x00*\xa2\xa6\xde\xd5\xa0y\x8c\xea\xb5x|\xa3\xae9\xfc')
2019-07-25 11:48:42,625 - DEBUG: TX: 1597010000002aa2a6ded5a0798ceab5787ca3ae39fc
2019-07-25 11:48:42,625 - ERROR: None: ERROR_INVALID_LENGTH
2019-07-25 11:48:42,626 - DEBUG: RX: 03840084
2019-07-25 11:48:42,626 - DEBUG: parsed_packet {event: CmdRsp, data: {'opcode': 0, 'status': 132, 'data': bytearray(b'')}}
2019-07-25 11:48:42,626 - DEBUG: Writing: 164 bytearray(b'\x10\x00')
2019-07-25 11:48:42,626 - DEBUG: TX: 03a41000
2019-07-25 11:48:42,626 - ERROR: None: ERROR_INVALID_LENGTH
2019-07-25 11:48:42,626 - DEBUG: RX: 03840084
2019-07-25 11:48:42,627 - DEBUG: parsed_packet {event: CmdRsp, data: {'opcode': 0, 'status': 132, 'data': bytearray(b'')}}
2019-07-25 11:48:42,627 - ERROR: None: ERROR_INVALID_LENGTH
2019-07-25 11:48:42,627 - DEBUG: RX: 03840084
2019-07-25 11:48:42,628 - DEBUG: parsed_packet {event: CmdRsp, data: {'opcode': 0, 'status': 132, 'data': bytearray(b'')}}
2019-07-25 11:48:42,628 - ERROR: None: ERROR_INVALID_LENGTH
2019-07-25 11:48:42,628 - DEBUG: RX: 03840084
2019-07-25 11:48:42,628 - DEBUG: parsed_packet {event: CmdRsp, data: {'opcode': 0, 'status': 132, 'data': bytearray(b'')}}
2019-07-25 11:48:42,628 - ERROR: None: ERROR_INVALID_LENGTH
2019-07-25 11:48:42,629 - DEBUG: RX: 03840084
2019-07-25 11:48:42,629 - DEBUG: parsed_packet {event: CmdRsp, data: {'opcode': 0, 'status': 132, 'data': bytearray(b'')}}
2019-07-25 11:48:42,629 - ERROR: None: ERROR_INVALID_LENGTH
2019-07-25 11:48:42,629 - DEBUG: RX: 03840084
2019-07-25 11:48:42,629 - DEBUG: parsed_packet {event: CmdRsp, data: {'opcode': 0, 'status': 132, 'data': bytearray(b'')}}
2019-07-25 11:48:42,630 - ERROR: None: ERROR_INVALID_LENGTH
2019-07-25 11:48:42,630 - DEBUG: RX: 03840084
2019-07-25 11:48:42,630 - DEBUG: parsed_packet {event: CmdRsp, data: {'opcode': 0, 'status': 132, 'data': bytearray(b'')}}
2019-07-25 11:48:42,630 - ERROR: None: ERROR_INVALID_LENGTH
2019-07-25 11:48:42,630 - DEBUG: RX: 03840084
2019-07-25 11:48:42,631 - DEBUG: parsed_packet {event: CmdRsp, data: {'opcode': 0, 'status': 132, 'data': bytearray(b'')}}
2019-07-25 11:48:42,631 - ERROR: None: ERROR_INVALID_LENGTH
2019-07-25 11:48:42,631 - DEBUG: RX: 03840084
2019-07-25 11:48:42,631 - DEBUG: parsed_packet {event: CmdRsp, data: {'opcode': 0, 'status': 132, 'data': bytearray(b'')}}
2019-07-25 11:48:42,631 - ERROR: None: ERROR_INVALID_LENGTH
2019-07-25 11:48:42,632 - DEBUG: RX: 03849f00
2019-07-25 11:48:42,632 - DEBUG: parsed_packet {event: CmdRsp, data: {'opcode': 159, 'status': 0, 'data': bytearray(b'')}}
2019-07-25 11:48:42,632 - INFO: Success
2019-07-25 11:48:42,632 - DEBUG: RX: 058492000000
2019-07-25 11:48:42,632 - DEBUG: parsed_packet {event: CmdRsp, data: {'opcode': 146, 'status': 0, 'data': bytearray(b'\x00\x00')}}
2019-07-25 11:48:42,633 - INFO: SubnetAdd: {'subnet_handle': 0}
2019-07-25 11:48:42,633 - DEBUG: RX: 058497000000
2019-07-25 11:48:42,633 - DEBUG: parsed_packet {event: CmdRsp, data: {'opcode': 151, 'status': 0, 'data': bytearray(b'\x00\x00')}}
2019-07-25 11:48:42,633 - INFO: AppkeyAdd: {'appkey_handle': 0}
2019-07-25 11:48:42,633 - DEBUG: RX: 058497000100
2019-07-25 11:48:42,634 - DEBUG: parsed_packet {event: CmdRsp, data: {'opcode': 151, 'status': 0, 'data': bytearray(b'\x01\x00')}}
2019-07-25 11:48:42,634 - INFO: AppkeyAdd: {'appkey_handle': 1}
2019-07-25 11:48:42,634 - DEBUG: RX: 0584a4000000
2019-07-25 11:48:42,634 - DEBUG: parsed_packet {event: CmdRsp, data: {'opcode': 164, 'status': 0, 'data': bytearray(b'\x00\x00')}}
2019-07-25 11:48:42,634 - INFO: AddrPublicationAdd: {'address_handle': 0}
2019-07-25 11:48:42,641 - INFO: 

2019-07-25 11:48:42,642 - INFO: Sending next message
2019-07-25 11:48:42,642 - DEBUG: Writing: 161 bytearray(b'\x01\xc0')
2019-07-25 11:48:42,642 - DEBUG: TX: 03a101c0
2019-07-25 11:48:42,644 - DEBUG: RX: 0584a1000100
2019-07-25 11:48:42,644 - DEBUG: parsed_packet {event: CmdRsp, data: {'opcode': 161, 'status': 0, 'data': bytearray(b'\x01\x00')}}
2019-07-25 11:48:42,646 - INFO: AddrSubscriptionAdd: {'address_handle': 1}
2019-07-25 11:48:42,655 - INFO: 

2019-07-25 11:48:42,655 - INFO: Sending next message
2019-07-25 11:48:42,656 - DEBUG: Writing: 164 bytearray(b'\x11\x00')
2019-07-25 11:48:42,656 - DEBUG: TX: 03a41100
2019-07-25 11:48:42,658 - DEBUG: RX: 0584a4000200
2019-07-25 11:48:42,658 - DEBUG: parsed_packet {event: CmdRsp, data: {'opcode': 164, 'status': 0, 'data': bytearray(b'\x02\x00')}}
2019-07-25 11:48:42,658 - INFO: AddrPublicationAdd: {'address_handle': 2}
2019-07-25 11:48:42,663 - INFO: 

2019-07-25 11:48:42,664 - INFO: Sending next message
2019-07-25 11:48:42,664 - DEBUG: Writing: 164 bytearray(b'\x12\x00')
2019-07-25 11:48:42,664 - DEBUG: TX: 03a41200
2019-07-25 11:48:42,666 - DEBUG: RX: 0584a4000300
2019-07-25 11:48:42,666 - DEBUG: parsed_packet {event: CmdRsp, data: {'opcode': 164, 'status': 0, 'data': bytearray(b'\x03\x00')}}
2019-07-25 11:48:42,667 - INFO: AddrPublicationAdd: {'address_handle': 3}
2019-07-25 11:48:42,674 - INFO: 

2019-07-25 11:48:42,675 - INFO: Sending next message
2019-07-25 11:48:42,677 - DEBUG: Writing: 164 bytearray(b'\x13\x00')
2019-07-25 11:48:42,678 - DEBUG: TX: 03a41300
2019-07-25 11:48:42,679 - DEBUG: RX: 0584a4000400
2019-07-25 11:48:42,679 - DEBUG: parsed_packet {event: CmdRsp, data: {'opcode': 164, 'status': 0, 'data': bytearray(b'\x04\x00')}}
2019-07-25 11:48:42,679 - INFO: AddrPublicationAdd: {'address_handle': 4}
2019-07-25 11:48:42,685 - INFO: 

2019-07-25 11:48:42,685 - INFO: Sending next message
2019-07-25 11:48:42,685 - DEBUG: Writing: 164 bytearray(b'\x14\x00')
2019-07-25 11:48:42,685 - DEBUG: TX: 03a41400
2019-07-25 11:48:42,687 - DEBUG: RX: 0584a4000500
2019-07-25 11:48:42,687 - DEBUG: parsed_packet {event: CmdRsp, data: {'opcode': 164, 'status': 0, 'data': bytearray(b'\x05\x00')}}
2019-07-25 11:48:42,687 - INFO: AddrPublicationAdd: {'address_handle': 5}
2019-07-25 11:48:42,702 - INFO: 

2019-07-25 11:48:42,702 - INFO: Sending next message
2019-07-25 11:48:42,702 - DEBUG: Writing: 164 bytearray(b'\x15\x00')
2019-07-25 11:48:42,703 - DEBUG: TX: 03a41500
2019-07-25 11:48:42,704 - DEBUG: RX: 0584a4000600
2019-07-25 11:48:42,704 - DEBUG: parsed_packet {event: CmdRsp, data: {'opcode': 164, 'status': 0, 'data': bytearray(b'\x06\x00')}}
2019-07-25 11:48:42,704 - INFO: AddrPublicationAdd: {'address_handle': 6}
2019-07-25 11:48:42,713 - INFO: 

2019-07-25 11:48:42,714 - INFO: Sending next message
2019-07-25 11:48:42,715 - DEBUG: Writing: 164 bytearray(b'\x16\x00')
2019-07-25 11:48:42,715 - DEBUG: TX: 03a41600
2019-07-25 11:48:42,717 - DEBUG: RX: 0584a4000700
2019-07-25 11:48:42,717 - DEBUG: parsed_packet {event: CmdRsp, data: {'opcode': 164, 'status': 0, 'data': bytearray(b'\x07\x00')}}
2019-07-25 11:48:42,717 - INFO: AddrPublicationAdd: {'address_handle': 7}
2019-07-25 11:48:42,722 - INFO: 

2019-07-25 11:48:42,722 - INFO: Sending next message
2019-07-25 11:48:42,723 - DEBUG: Writing: 164 bytearray(b'\x17\x00')
2019-07-25 11:48:42,723 - DEBUG: TX: 03a41700
2019-07-25 11:48:42,725 - DEBUG: RX: 0584a4000800
2019-07-25 11:48:42,725 - DEBUG: parsed_packet {event: CmdRsp, data: {'opcode': 164, 'status': 0, 'data': bytearray(b'\x08\x00')}}
2019-07-25 11:48:42,725 - INFO: AddrPublicationAdd: {'address_handle': 8}
2019-07-25 11:48:42,733 - INFO: 

2019-07-25 11:48:42,733 - INFO: Sending next message
2019-07-25 11:48:42,734 - DEBUG: Writing: 164 bytearray(b'\x18\x00')
2019-07-25 11:48:42,734 - DEBUG: TX: 03a41800
2019-07-25 11:48:42,736 - DEBUG: RX: 0584a4000900
2019-07-25 11:48:42,736 - DEBUG: parsed_packet {event: CmdRsp, data: {'opcode': 164, 'status': 0, 'data': bytearray(b'\t\x00')}}
2019-07-25 11:48:42,736 - INFO: AddrPublicationAdd: {'address_handle': 9}
2019-07-25 11:48:42,743 - INFO: 

2019-07-25 11:48:42,743 - INFO: Sending next message
2019-07-25 11:48:42,744 - DEBUG: Writing: 164 bytearray(b'\x19\x00')
2019-07-25 11:48:42,744 - DEBUG: TX: 03a41900
2019-07-25 11:48:42,746 - DEBUG: RX: 0584a4000a00
2019-07-25 11:48:42,746 - DEBUG: parsed_packet {event: CmdRsp, data: {'opcode': 164, 'status': 0, 'data': bytearray(b'\n\x00')}}
2019-07-25 11:48:42,746 - INFO: AddrPublicationAdd: {'address_handle': 10}
2019-07-25 11:48:42,753 - INFO: 

2019-07-25 11:48:42,753 - INFO: Sending next message
2019-07-25 11:48:42,754 - DEBUG: Writing: 164 bytearray(b'\x1a\x00')
2019-07-25 11:48:42,754 - DEBUG: TX: 03a41a00
2019-07-25 11:48:42,757 - DEBUG: RX: 0584a4000b00
2019-07-25 11:48:42,757 - DEBUG: parsed_packet {event: CmdRsp, data: {'opcode': 164, 'status': 0, 'data': bytearray(b'\x0b\x00')}}
2019-07-25 11:48:42,757 - INFO: AddrPublicationAdd: {'address_handle': 11}
2019-07-25 11:48:42,764 - INFO: 

2019-07-25 11:48:42,764 - INFO: Sending next message
2019-07-25 11:48:42,764 - DEBUG: Writing: 164 bytearray(b'\x1b\x00')
2019-07-25 11:48:42,764 - DEBUG: TX: 03a41b00
2019-07-25 11:48:42,766 - DEBUG: RX: 0584a4000c00
2019-07-25 11:48:42,766 - DEBUG: parsed_packet {event: CmdRsp, data: {'opcode': 164, 'status': 0, 'data': bytearray(b'\x0c\x00')}}
2019-07-25 11:48:42,766 - INFO: AddrPublicationAdd: {'address_handle': 12}
2019-07-25 11:48:42,772 - INFO: 

2019-07-25 11:48:42,773 - INFO: Sending next message
2019-07-25 11:48:42,773 - DEBUG: Writing: 164 bytearray(b'\x1c\x00')
2019-07-25 11:48:42,773 - DEBUG: TX: 03a41c00
2019-07-25 11:48:42,775 - DEBUG: RX: 0584a4000d00
2019-07-25 11:48:42,775 - DEBUG: parsed_packet {event: CmdRsp, data: {'opcode': 164, 'status': 0, 'data': bytearray(b'\r\x00')}}
2019-07-25 11:48:42,775 - INFO: AddrPublicationAdd: {'address_handle': 13}
2019-07-25 11:48:42,784 - INFO: 

2019-07-25 11:48:42,784 - INFO: Sending next message
2019-07-25 11:48:42,785 - DEBUG: Writing: 164 bytearray(b'\x1d\x00')
2019-07-25 11:48:42,785 - DEBUG: TX: 03a41d00
2019-07-25 11:48:42,787 - DEBUG: RX: 0584a4000e00
2019-07-25 11:48:42,787 - DEBUG: parsed_packet {event: CmdRsp, data: {'opcode': 164, 'status': 0, 'data': bytearray(b'\x0e\x00')}}
2019-07-25 11:48:42,788 - INFO: AddrPublicationAdd: {'address_handle': 14}
2019-07-25 11:48:42,800 - INFO: 

2019-07-25 11:48:42,800 - INFO: Sending next message
2019-07-25 11:48:42,801 - DEBUG: Writing: 156 bytearray(b'\x10\x00\x00\x00>\xa1\x04,a\xa4\xeaR&\xb3\xff\x16\xcd\xda;o')
2019-07-25 11:48:42,801 - DEBUG: TX: 159c100000003ea1042c61a4ea5226b3ff16cdda3b6f
2019-07-25 11:48:42,805 - DEBUG: RX: 05849c000800
2019-07-25 11:48:42,806 - DEBUG: parsed_packet {event: CmdRsp, data: {'opcode': 156, 'status': 0, 'data': bytearray(b'\x08\x00')}}
2019-07-25 11:48:42,806 - INFO: DevkeyAdd: {'devkey_handle': 8}
2019-07-25 11:48:42,815 - INFO: No Messages remaining
2019-07-25 11:48:46,802 - INFO: Timout handler timeout
2019-07-25 11:48:51,056 - DEBUG: Sending opcode: c15900, data: 0117
2019-07-25 11:48:51,058 - DEBUG: Writing: 171 bytearray(b'\x00\x00\x01\x00\x07\x00\x08\x00\x00\x00\xc1Y\x00\x01\x17')
2019-07-25 11:48:51,058 - DEBUG: TX: 10ab00000100070008000000c159000117
2019-07-25 11:48:51,069 - DEBUG: Sending opcode: c15900, data: 0018
2019-07-25 11:48:51,070 - DEBUG: Writing: 171 bytearray(b'\x00\x00\x01\x00\t\x00\x08\x00\x00\x00\xc1Y\x00\x00\x18')
2019-07-25 11:48:51,071 - DEBUG: TX: 10ab00000100090008000000c159000018
2019-07-25 11:48:51,073 - DEBUG: RX: 0784ab0001000000
2019-07-25 11:48:51,074 - DEBUG: parsed_packet {event: CmdRsp, data: {'opcode': 171, 'status': 0, 'data': bytearray(b'\x01\x00\x00\x00')}}
2019-07-25 11:48:51,074 - INFO: PacketSend: {'token': 1}
2019-07-25 11:48:51,085 - DEBUG: RX: 0784ab0002000000
2019-07-25 11:48:51,086 - DEBUG: parsed_packet {event: CmdRsp, data: {'opcode': 171, 'status': 0, 'data': bytearray(b'\x02\x00\x00\x00')}}
2019-07-25 11:48:51,086 - INFO: PacketSend: {'token': 2}
2019-07-25 11:48:51,087 - DEBUG: RX: 05d201000000
2019-07-25 11:48:51,087 - DEBUG: parsed_packet {event: MeshTxComplete, data: {'token': 1}}
2019-07-25 11:48:51,087 - INFO: {event: MeshTxComplete, data: {'token': 1}}
2019-07-25 11:48:51,103 - DEBUG: RX: 05d202000000
2019-07-25 11:48:51,103 - DEBUG: parsed_packet {event: MeshTxComplete, data: {'token': 2}}
2019-07-25 11:48:51,104 - INFO: {event: MeshTxComplete, data: {'token': 2}}
2019-07-25 11:49:14,423 - DEBUG: Sending opcode: c15900, data: 0119
2019-07-25 11:49:14,432 - DEBUG: Writing: 171 bytearray(b'\x00\x00\x01\x00\x07\x00\x08\x00\x00\x00\xc1Y\x00\x01\x19')
2019-07-25 11:49:14,433 - DEBUG: TX: 10ab00000100070008000000c159000119
2019-07-25 11:49:14,441 - DEBUG: RX: 0784ab0003000000
2019-07-25 11:49:14,441 - DEBUG: parsed_packet {event: CmdRsp, data: {'opcode': 171, 'status': 0, 'data': bytearray(b'\x03\x00\x00\x00')}}
2019-07-25 11:49:14,442 - INFO: PacketSend: {'token': 3}
2019-07-25 11:49:14,441 - DEBUG: Sending opcode: c15900, data: 001a
2019-07-25 11:49:14,447 - DEBUG: Writing: 171 bytearray(b'\x00\x00\x01\x00\t\x00\x08\x00\x00\x00\xc1Y\x00\x00\x1a')
2019-07-25 11:49:14,450 - DEBUG: TX: 10ab00000100090008000000c15900001a
2019-07-25 11:49:14,454 - DEBUG: RX: 0784ab0004000000
2019-07-25 11:49:14,454 - DEBUG: parsed_packet {event: CmdRsp, data: {'opcode': 171, 'status': 0, 'data': bytearray(b'\x04\x00\x00\x00')}}
2019-07-25 11:49:14,454 - INFO: PacketSend: {'token': 4}
2019-07-25 11:49:14,457 - DEBUG: RX: 05d203000000
2019-07-25 11:49:14,457 - DEBUG: parsed_packet {event: MeshTxComplete, data: {'token': 3}}
2019-07-25 11:49:14,457 - INFO: {event: MeshTxComplete, data: {'token': 3}}
2019-07-25 11:49:14,463 - DEBUG: RX: 18d016000100000000007f01c8639509c2c2d80400c4590001
2019-07-25 11:49:14,463 - DEBUG: parsed_packet {event: MeshMessageReceivedUnicast, data: {'src': 22, 'dst': 1, 'appkey_handle': 0, 'subnet_handle': 0, 'ttl': 127, 'adv_addr_type': 1, 'adv_addr': bytearray(b'\xc8c\x95\t\xc2\xc2'), 'rssi': -40, 'actual_length': 4, 'data': bytearray(b'\xc4Y\x00\x01')}}
2019-07-25 11:49:14,463 - INFO: {event: MeshMessageReceivedUnicast, data: {'src': 22, 'dst': 1, 'appkey_handle': 0, 'subnet_handle': 0, 'ttl': 127, 'adv_addr_type': 1, 'adv_addr': bytearray(b'\xc8c\x95\t\xc2\xc2'), 'rssi': -40, 'actual_length': 4, 'data': bytearray(b'\xc4\x00Y\x01')}}
2019-07-25 11:49:14,478 - DEBUG: RX: 05d204000000
2019-07-25 11:49:14,478 - DEBUG: parsed_packet {event: MeshTxComplete, data: {'token': 4}}
2019-07-25 11:49:14,480 - INFO: {event: MeshTxComplete, data: {'token': 4}}
2019-07-25 11:49:14,483 - DEBUG: RX: 18d018000100000000007f01c8639509c2c2d80400c4590000
2019-07-25 11:49:14,483 - DEBUG: parsed_packet {event: MeshMessageReceivedUnicast, data: {'src': 24, 'dst': 1, 'appkey_handle': 0, 'subnet_handle': 0, 'ttl': 127, 'adv_addr_type': 1, 'adv_addr': bytearray(b'\xc8c\x95\t\xc2\xc2'), 'rssi': -40, 'actual_length': 4, 'data': bytearray(b'\xc4Y\x00\x00')}}
2019-07-25 11:49:14,484 - INFO: {event: MeshMessageReceivedUnicast, data: {'src': 24, 'dst': 1, 'appkey_handle': 0, 'subnet_handle': 0, 'ttl': 127, 'adv_addr_type': 1, 'adv_addr': bytearray(b'\xc8c\x95\t\xc2\xc2'), 'rssi': -40, 'actual_length': 4, 'data': bytearray(b'\xc4\x00Y\x00')}}
