2019-07-16 17:55:38,565 - DEBUG - tty.usbmodem0006822145041: Writing: 105 bytearray(b'\xa0\xd2K5pU6\x01}\xd7\xaf\xfc\xc1<\x9c.g\x08\xfd\xe5O\xff\xe7\x0f\xa2\x04N8\xf8\xc8\xa2s\xb5\xf3XzH\x07\x9f#\x93\xb6\xc37>\xb6\xe3\xe4t\xb69\x9f\x0b(1b7y\x93bM\'!Z>\xd0\xa7\xaa\x1dx&\xd0h\x8a%\x1e\xd0JVN\x8c\xe9\x9f\xec\xa2}W\x9d\xb1,"\xb5\xb9\x8d\x92\xf7')
2019-07-16 17:55:38,566 - DEBUG - tty.usbmodem0006822145041: TX: 6169a0d24b35705536017dd7affcc13c9c2e6708fde54fffe70fa2044e38f8c8a273b5f3587a48079f2393b6c3373eb6e3e474b6399f0b283162377993624d27215a3ed0a7aa1d7826d0688a251ed04a564e8ce99feca27d579db12c22b5b98d92f7
2019-07-16 17:55:38,567 - INFO - tty.usbmodem0006822145041: Sending next message
2019-07-16 17:55:38,576 - DEBUG - tty.usbmodem0006822145041: RX: 03845384
2019-07-16 17:55:38,577 - DEBUG - tty.usbmodem0006822145041: parsed_packet {event: CmdRsp, data: {'opcode': 83, 'status': 132, 'data': bytearray(b'')}}
2019-07-16 17:55:38,577 - ERROR - tty.usbmodem0006822145041: None: ERROR_INVALID_LENGTH
2019-07-16 17:55:38,577 - DEBUG - tty.usbmodem0006822145041: Writing: 159 bytearray(b'\x01\x00\x01\x00')
2019-07-16 17:55:38,578 - DEBUG - tty.usbmodem0006822145041: RX: 03840084
2019-07-16 17:55:38,579 - DEBUG - tty.usbmodem0006822145041: TX: 059f01000100
2019-07-16 17:55:38,579 - DEBUG - tty.usbmodem0006822145041: parsed_packet {event: CmdRsp, data: {'opcode': 0, 'status': 132, 'data': bytearray(b'')}}
2019-07-16 17:55:38,580 - ERROR - tty.usbmodem0006822145041: None: ERROR_INVALID_LENGTH
2019-07-16 17:55:38,580 - DEBUG - tty.usbmodem0006822145041: Writing: 146 bytearray(b'\x00\x00\x18\xee\xd9\xc2\xa5j\xdd\x85\x04\x9f\xfc<Y\xad\x0e\x12')
2019-07-16 17:55:38,580 - DEBUG - tty.usbmodem0006822145041: RX: 03840084
2019-07-16 17:55:38,581 - DEBUG - tty.usbmodem0006822145041: TX: 1392000018eed9c2a56add85049ffc3c59ad0e12
2019-07-16 17:55:38,581 - DEBUG - tty.usbmodem0006822145041: parsed_packet {event: CmdRsp, data: {'opcode': 0, 'status': 132, 'data': bytearray(b'')}}
2019-07-16 17:55:38,584 - ERROR - tty.usbmodem0006822145041: None: ERROR_INVALID_LENGTH
2019-07-16 17:55:38,584 - DEBUG - tty.usbmodem0006822145041: Writing: 151 bytearray(b'\x00\x00\x00\x00Oh\xad\x85\xd9\xf4\x8a\xc8X\x9d\xf6e\xb6\xb4\x9b\x8a')
2019-07-16 17:55:38,584 - DEBUG - tty.usbmodem0006822145041: TX: 1597000000004f68ad85d9f48ac8589df665b6b49b8a
2019-07-16 17:55:38,585 - DEBUG - tty.usbmodem0006822145041: RX: 03840084
2019-07-16 17:55:38,585 - DEBUG - tty.usbmodem0006822145041: parsed_packet {event: CmdRsp, data: {'opcode': 0, 'status': 132, 'data': bytearray(b'')}}
2019-07-16 17:55:38,585 - ERROR - tty.usbmodem0006822145041: None: ERROR_INVALID_LENGTH
2019-07-16 17:55:38,585 - DEBUG - tty.usbmodem0006822145041: Writing: 151 bytearray(b'\x01\x00\x00\x00*\xa2\xa6\xde\xd5\xa0y\x8c\xea\xb5x|\xa3\xae9\xfc')
2019-07-16 17:55:38,590 - DEBUG - tty.usbmodem0006822145041: TX: 1597010000002aa2a6ded5a0798ceab5787ca3ae39fc
2019-07-16 17:55:38,591 - DEBUG - tty.usbmodem0006822145041: RX: 03840084
2019-07-16 17:55:38,591 - DEBUG - tty.usbmodem0006822145041: parsed_packet {event: CmdRsp, data: {'opcode': 0, 'status': 132, 'data': bytearray(b'')}}
2019-07-16 17:55:38,591 - ERROR - tty.usbmodem0006822145041: None: ERROR_INVALID_LENGTH
2019-07-16 17:55:38,591 - DEBUG - tty.usbmodem0006822145041: RX: 03840084
2019-07-16 17:55:38,592 - DEBUG - tty.usbmodem0006822145041: parsed_packet {event: CmdRsp, data: {'opcode': 0, 'status': 132, 'data': bytearray(b'')}}
2019-07-16 17:55:38,592 - ERROR - tty.usbmodem0006822145041: None: ERROR_INVALID_LENGTH
2019-07-16 17:55:38,592 - DEBUG - tty.usbmodem0006822145041: RX: 03840084
2019-07-16 17:55:38,592 - DEBUG - tty.usbmodem0006822145041: parsed_packet {event: CmdRsp, data: {'opcode': 0, 'status': 132, 'data': bytearray(b'')}}
2019-07-16 17:55:38,592 - ERROR - tty.usbmodem0006822145041: None: ERROR_INVALID_LENGTH
2019-07-16 17:55:38,593 - DEBUG - tty.usbmodem0006822145041: RX: 03840084
2019-07-16 17:55:38,593 - DEBUG - tty.usbmodem0006822145041: parsed_packet {event: CmdRsp, data: {'opcode': 0, 'status': 132, 'data': bytearray(b'')}}
2019-07-16 17:55:38,593 - ERROR - tty.usbmodem0006822145041: None: ERROR_INVALID_LENGTH
2019-07-16 17:55:38,593 - DEBUG - tty.usbmodem0006822145041: RX: 03840084
2019-07-16 17:55:38,594 - DEBUG - tty.usbmodem0006822145041: parsed_packet {event: CmdRsp, data: {'opcode': 0, 'status': 132, 'data': bytearray(b'')}}
2019-07-16 17:55:38,594 - ERROR - tty.usbmodem0006822145041: None: ERROR_INVALID_LENGTH
2019-07-16 17:55:38,594 - DEBUG - tty.usbmodem0006822145041: RX: 03840084
2019-07-16 17:55:38,594 - DEBUG - tty.usbmodem0006822145041: parsed_packet {event: CmdRsp, data: {'opcode': 0, 'status': 132, 'data': bytearray(b'')}}
2019-07-16 17:55:38,595 - ERROR - tty.usbmodem0006822145041: None: ERROR_INVALID_LENGTH
2019-07-16 17:55:38,595 - DEBUG - tty.usbmodem0006822145041: RX: 03840084
2019-07-16 17:55:38,596 - DEBUG - tty.usbmodem0006822145041: parsed_packet {event: CmdRsp, data: {'opcode': 0, 'status': 132, 'data': bytearray(b'')}}
2019-07-16 17:55:38,596 - ERROR - tty.usbmodem0006822145041: None: ERROR_INVALID_LENGTH
2019-07-16 17:55:38,596 - DEBUG - tty.usbmodem0006822145041: RX: 03840084
2019-07-16 17:55:38,597 - DEBUG - tty.usbmodem0006822145041: parsed_packet {event: CmdRsp, data: {'opcode': 0, 'status': 132, 'data': bytearray(b'')}}
2019-07-16 17:55:38,597 - ERROR - tty.usbmodem0006822145041: None: ERROR_INVALID_LENGTH
2019-07-16 17:55:38,597 - DEBUG - tty.usbmodem0006822145041: RX: 03840084
2019-07-16 17:55:38,597 - DEBUG - tty.usbmodem0006822145041: parsed_packet {event: CmdRsp, data: {'opcode': 0, 'status': 132, 'data': bytearray(b'')}}
2019-07-16 17:55:38,598 - ERROR - tty.usbmodem0006822145041: None: ERROR_INVALID_LENGTH
2019-07-16 17:55:38,598 - DEBUG - tty.usbmodem0006822145041: RX: 03849f00
2019-07-16 17:55:38,598 - DEBUG - tty.usbmodem0006822145041: parsed_packet {event: CmdRsp, data: {'opcode': 159, 'status': 0, 'data': bytearray(b'')}}
2019-07-16 17:55:38,598 - INFO - tty.usbmodem0006822145041: Success
2019-07-16 17:55:38,598 - DEBUG - tty.usbmodem0006822145041: RX: 058492000000
2019-07-16 17:55:38,598 - DEBUG - tty.usbmodem0006822145041: parsed_packet {event: CmdRsp, data: {'opcode': 146, 'status': 0, 'data': bytearray(b'\x00\x00')}}
2019-07-16 17:55:38,598 - INFO - tty.usbmodem0006822145041: SubnetAdd: {'subnet_handle': 0}
2019-07-16 17:55:38,598 - DEBUG - tty.usbmodem0006822145041: RX: 058497000000
2019-07-16 17:55:38,599 - DEBUG - tty.usbmodem0006822145041: parsed_packet {event: CmdRsp, data: {'opcode': 151, 'status': 0, 'data': bytearray(b'\x00\x00')}}
2019-07-16 17:55:38,599 - INFO - tty.usbmodem0006822145041: AppkeyAdd: {'appkey_handle': 0}
2019-07-16 17:55:38,599 - DEBUG - tty.usbmodem0006822145041: RX: 058497000100
2019-07-16 17:55:38,599 - DEBUG - tty.usbmodem0006822145041: parsed_packet {event: CmdRsp, data: {'opcode': 151, 'status': 0, 'data': bytearray(b'\x01\x00')}}
2019-07-16 17:55:38,599 - INFO - tty.usbmodem0006822145041: AppkeyAdd: {'appkey_handle': 1}
2019-07-16 17:55:42,192 - DEBUG - tty.usbmodem0006822145041: Writing: 97 bytearray(b'')
2019-07-16 17:55:42,197 - DEBUG - tty.usbmodem0006822145041: TX: 0161
2019-07-16 17:55:42,199 - DEBUG - tty.usbmodem0006822145041: RX: 03846100
2019-07-16 17:55:42,199 - DEBUG - tty.usbmodem0006822145041: parsed_packet {event: CmdRsp, data: {'opcode': 97, 'status': 0, 'data': bytearray(b'')}}
2019-07-16 17:55:42,199 - INFO - tty.usbmodem0006822145041: Success
2019-07-16 17:55:43,958 - DEBUG - tty.usbmodem0006822145041: RX: 1ac09db77a0526b8734988639509c242d107eb0001c8639509c2c2
2019-07-16 17:55:43,958 - DEBUG - tty.usbmodem0006822145041: parsed_packet {event: ProvUnprovisionedReceived, data: {'uuid': bytearray(b'\x9d\xb7z\x05&\xb8sI\x88c\x95\t\xc2B\xd1\x07'), 'rssi': -21, 'gatt_supported': 0, 'adv_addr_type': 1, 'adv_addr': bytearray(b'\xc8c\x95\t\xc2\xc2')}}
2019-07-16 17:55:43,959 - INFO - tty.usbmodem0006822145041: {event: ProvUnprovisionedReceived, data: {'uuid': bytearray(b'\x9d\xb7z\x05&\xb8sI\x88c\x95\t\xc2B\xd1\x07'), 'rssi': -21, 'gatt_supported': 0, 'adv_addr_type': 1, 'adv_addr': bytearray(b'\xc8c\x95\t\xc2\xc2')}}
2019-07-16 17:55:43,959 - INFO - tty.usbmodem0006822145041: Received UUID 9db77a0526b8734988639509c242d107 with RSSI: -21 dB
2019-07-16 17:55:45,962 - DEBUG - tty.usbmodem0006822145041: RX: 1ac09db77a0526b8734988639509c242d107e90001c8639509c2c2
2019-07-16 17:55:45,963 - DEBUG - tty.usbmodem0006822145041: parsed_packet {event: ProvUnprovisionedReceived, data: {'uuid': bytearray(b'\x9d\xb7z\x05&\xb8sI\x88c\x95\t\xc2B\xd1\x07'), 'rssi': -23, 'gatt_supported': 0, 'adv_addr_type': 1, 'adv_addr': bytearray(b'\xc8c\x95\t\xc2\xc2')}}
2019-07-16 17:55:45,963 - INFO - tty.usbmodem0006822145041: {event: ProvUnprovisionedReceived, data: {'uuid': bytearray(b'\x9d\xb7z\x05&\xb8sI\x88c\x95\t\xc2B\xd1\x07'), 'rssi': -23, 'gatt_supported': 0, 'adv_addr_type': 1, 'adv_addr': bytearray(b'\xc8c\x95\t\xc2\xc2')}}
2019-07-16 17:55:47,505 - DEBUG - tty.usbmodem0006822145041: Writing: 98 bytearray(b'')
2019-07-16 17:55:47,509 - DEBUG - tty.usbmodem0006822145041: TX: 0162
2019-07-16 17:55:47,510 - DEBUG - tty.usbmodem0006822145041: Writing: 99 bytearray(b'\x00\x9d\xb7z\x05&\xb8sI\x88c\x95\t\xc2B\xd1\x07\x18\xee\xd9\xc2\xa5j\xdd\x85\x04\x9f\xfc<Y\xad\x0e\x12\x00\x00\x00\x00\x00\x00\x10\x00\x00\x00\x00')
2019-07-16 17:55:47,510 - DEBUG - tty.usbmodem0006822145041: TX: 2d63009db77a0526b8734988639509c242d10718eed9c2a56add85049ffc3c59ad0e120000000000001000000000
2019-07-16 17:55:47,511 - DEBUG - tty.usbmodem0006822145041: RX: 03846200
2019-07-16 17:55:47,511 - DEBUG - tty.usbmodem0006822145041: parsed_packet {event: CmdRsp, data: {'opcode': 98, 'status': 0, 'data': bytearray(b'')}}
2019-07-16 17:55:47,515 - INFO - tty.usbmodem0006822145041: Success
2019-07-16 17:55:47,516 - DEBUG - tty.usbmodem0006822145041: RX: 0484630000
2019-07-16 17:55:47,517 - DEBUG - tty.usbmodem0006822145041: parsed_packet {event: CmdRsp, data: {'opcode': 99, 'status': 0, 'data': bytearray(b'\x00')}}
2019-07-16 17:55:47,517 - INFO - tty.usbmodem0006822145041: Provision: {'context': 0}
2019-07-16 17:55:47,575 - DEBUG - tty.usbmodem0006822145041: RX: 02c100
2019-07-16 17:55:47,576 - DEBUG - tty.usbmodem0006822145041: parsed_packet {event: ProvLinkEstablished, data: {'context_id': 0}}
2019-07-16 17:55:47,576 - INFO - tty.usbmodem0006822145041: {event: ProvLinkEstablished, data: {'context_id': 0}}
2019-07-16 17:55:47,576 - INFO - tty.usbmodem0006822145041: Link established
2019-07-16 17:55:47,628 - DEBUG - tty.usbmodem0006822145041: RX: 0bc3000e0001000000000000
2019-07-16 17:55:47,629 - DEBUG - tty.usbmodem0006822145041: parsed_packet {event: ProvCapsReceived, data: {'context_id': 0, 'num_elements': 14, 'public_key_type': 0, 'static_oob_types': 1, 'output_oob_size': 0, 'output_oob_actions': 0, 'input_oob_size': 0, 'input_oob_actions': 0}}
2019-07-16 17:55:47,629 - INFO - tty.usbmodem0006822145041: {event: ProvCapsReceived, data: {'context_id': 0, 'num_elements': 14, 'public_key_type': 0, 'static_oob_types': 1, 'output_oob_size': 0, 'output_oob_actions': 0, 'input_oob_size': 0, 'input_oob_actions': 0}}
2019-07-16 17:55:47,629 - INFO - tty.usbmodem0006822145041: Received capabilities
2019-07-16 17:55:47,629 - INFO - tty.usbmodem0006822145041: Number of elements: 14
2019-07-16 17:55:47,630 - DEBUG - tty.usbmodem0006822145041: Writing: 102 bytearray(b'\x00\x00\x00\x00')
2019-07-16 17:55:47,630 - DEBUG - tty.usbmodem0006822145041: TX: 056600000000
2019-07-16 17:55:47,632 - DEBUG - tty.usbmodem0006822145041: RX: 0484660000
2019-07-16 17:55:47,633 - DEBUG - tty.usbmodem0006822145041: parsed_packet {event: CmdRsp, data: {'opcode': 102, 'status': 0, 'data': bytearray(b'\x00')}}
2019-07-16 17:55:47,633 - INFO - tty.usbmodem0006822145041: OobUse: {'context': 0}
2019-07-16 17:55:47,846 - DEBUG - tty.usbmodem0006822145041: RX: 62c7008d2a0453a19acb3bc76e3ad6fec4868456a64b611bc0d71142b433f0729c544dedf379bc68bff5cce192a42bb0f80e2dd204e623579151b2cf399f8b011dc7a0b8a0909992b9cd36c5b13582b7b812ad09cc7c98ea2eb8f772130c3507162bfe
2019-07-16 17:55:47,847 - DEBUG - tty.usbmodem0006822145041: parsed_packet {event: ProvEcdhRequest, data: {'context_id': 0, 'peer_public': bytearray(b'\x8d*\x04S\xa1\x9a\xcb;\xc7n:\xd6\xfe\xc4\x86\x84V\xa6Ka\x1b\xc0\xd7\x11B\xb43\xf0r\x9cTM\xed\xf3y\xbch\xbf\xf5\xcc\xe1\x92\xa4+\xb0\xf8\x0e-\xd2\x04\xe6#W\x91Q\xb2\xcf9\x9f\x8b\x01\x1d\xc7\xa0'), 'node_private': bytearray(b'\xb8\xa0\x90\x99\x92\xb9\xcd6\xc5\xb15\x82\xb7\xb8\x12\xad\t\xcc|\x98\xea.\xb8\xf7r\x13\x0c5\x07\x16+\xfe')}}
2019-07-16 17:55:47,847 - INFO - tty.usbmodem0006822145041: {event: ProvEcdhRequest, data: {'context_id': 0, 'peer_public': bytearray(b'\x8d*\x04S\xa1\x9a\xcb;\xc7n:\xd6\xfe\xc4\x86\x84V\xa6Ka\x1b\xc0\xd7\x11B\xb43\xf0r\x9cTM\xed\xf3y\xbch\xbf\xf5\xcc\xe1\x92\xa4+\xb0\xf8\x0e-\xd2\x04\xe6#W\x91Q\xb2\xcf9\x9f\x8b\x01\x1d\xc7\xa0'), 'node_private': bytearray(b'\xb8\xa0\x90\x99\x92\xb9\xcd6\xc5\xb15\x82\xb7\xb8\x12\xad\t\xcc|\x98\xea.\xb8\xf7r\x13\x0c5\x07\x16+\xfe')}}
2019-07-16 17:55:47,847 - INFO - tty.usbmodem0006822145041: ECDH request received
2019-07-16 17:55:47,848 - DEBUG - tty.usbmodem0006822145041: Writing: 104 bytearray(b'\x00\xa0G\x07\x0fF\xfe\xca+\xe9L\x97\xb0\xa6\\\x9cq B>\xf0\xef*\x98\x98{\x8c\xf5|\x07U\xfe\xa0')
2019-07-16 17:55:47,848 - DEBUG - tty.usbmodem0006822145041: TX: 226800a047070f46feca2be94c97b0a65c9c7120423ef0ef2a98987b8cf57c0755fea0
2019-07-16 17:55:47,854 - DEBUG - tty.usbmodem0006822145041: RX: 0484680000
2019-07-16 17:55:47,854 - DEBUG - tty.usbmodem0006822145041: parsed_packet {event: CmdRsp, data: {'opcode': 104, 'status': 0, 'data': bytearray(b'\x00')}}
2019-07-16 17:55:47,855 - INFO - tty.usbmodem0006822145041: EcdhSecret: {'context': 0}
2019-07-16 17:55:50,167 - DEBUG - tty.usbmodem0006822145041: RX: 2cc5000000000000001000000070dfd615c6e85a94b1402c6de44d07ed18eed9c2a56add85049ffc3c59ad0e12
2019-07-16 17:55:50,170 - DEBUG - tty.usbmodem0006822145041: parsed_packet {event: ProvComplete, data: {'context_id': 0, 'iv_index': 0, 'net_key_index': 0, 'address': 16, 'iv_update_flag': 0, 'key_refresh_flag': 0, 'device_key': bytearray(b'p\xdf\xd6\x15\xc6\xe8Z\x94\xb1@,m\xe4M\x07\xed'), 'net_key': bytearray(b'\x18\xee\xd9\xc2\xa5j\xdd\x85\x04\x9f\xfc<Y\xad\x0e\x12')}}
2019-07-16 17:55:50,170 - INFO - tty.usbmodem0006822145041: {event: ProvComplete, data: {'context_id': 0, 'iv_index': 0, 'net_key_index': 0, 'address': 16, 'iv_update_flag': 0, 'key_refresh_flag': 0, 'device_key': bytearray(b'p\xdf\xd6\x15\xc6\xe8Z\x94\xb1@,m\xe4M\x07\xed'), 'net_key': bytearray(b'\x18\xee\xd9\xc2\xa5j\xdd\x85\x04\x9f\xfc<Y\xad\x0e\x12')}}
2019-07-16 17:55:50,170 - ERROR - tty.usbmodem0006822145041: Exception in pkt handler <bound method Manager.__event_handler of <interactive_pyaci.Manager object at 0x1042572b0>>
2019-07-16 17:55:50,172 - ERROR - tty.usbmodem0006822145041: traceback: Traceback (most recent call last):
  File "/Users/Tim-Mac/msc/bm-control/dev/nrf5SDKforMeshv310src/scripts/interactive_pyaci/aci/aci_uart.py", line 88, in process_packet
    fun(packet)
  File "/Users/Tim-Mac/msc/bm-control/dev/nrf5SDKforMeshv310src/scripts/interactive_pyaci/interactive_pyaci.py", line 244, in __event_handler
    node, element = self.src_address_to_node_element_index(address)
TypeError: cannot unpack non-iterable NoneType object

2019-07-16 17:55:50,172 - INFO - tty.usbmodem0006822145041: Provisioning complete
2019-07-16 17:55:50,172 - INFO - tty.usbmodem0006822145041: 	Address(es): 0x10-0x1d
2019-07-16 17:55:50,172 - INFO - tty.usbmodem0006822145041: 	Device key: 70dfd615c6e85a94b1402c6de44d07ed
2019-07-16 17:55:50,173 - INFO - tty.usbmodem0006822145041: 	Network key: 18eed9c2a56add85049ffc3c59ad0e12
2019-07-16 17:55:50,173 - INFO - tty.usbmodem0006822145041: Adding device key to subnet 0
2019-07-16 17:55:50,173 - INFO - tty.usbmodem0006822145041: Adding publication address of root element
2019-07-16 17:55:50,173 - DEBUG - tty.usbmodem0006822145041: Writing: 156 bytearray(b'\x10\x00\x00\x00p\xdf\xd6\x15\xc6\xe8Z\x94\xb1@,m\xe4M\x07\xed')
2019-07-16 17:55:50,174 - DEBUG - tty.usbmodem0006822145041: TX: 159c1000000070dfd615c6e85a94b1402c6de44d07ed
2019-07-16 17:55:50,176 - DEBUG - tty.usbmodem0006822145041: Writing: 164 bytearray(b'\x10\x00')
2019-07-16 17:55:50,176 - DEBUG - tty.usbmodem0006822145041: TX: 03a41000
2019-07-16 17:55:50,184 - DEBUG - tty.usbmodem0006822145041: RX: 05849c000800
2019-07-16 17:55:50,185 - DEBUG - tty.usbmodem0006822145041: parsed_packet {event: CmdRsp, data: {'opcode': 156, 'status': 0, 'data': bytearray(b'\x08\x00')}}
2019-07-16 17:55:50,188 - INFO - tty.usbmodem0006822145041: DevkeyAdd: {'devkey_handle': 8}
2019-07-16 17:55:50,190 - DEBUG - tty.usbmodem0006822145041: RX: 0584a4000000
2019-07-16 17:55:50,190 - DEBUG - tty.usbmodem0006822145041: parsed_packet {event: CmdRsp, data: {'opcode': 164, 'status': 0, 'data': bytearray(b'\x00\x00')}}
2019-07-16 17:55:50,191 - INFO - tty.usbmodem0006822145041: AddrPublicationAdd: {'address_handle': 0}
2019-07-16 17:55:50,201 - INFO - tty.usbmodem0006822145041: No Messages remaining
2019-07-16 17:55:50,270 - DEBUG - tty.usbmodem0006822145041: RX: 03c20000
2019-07-16 17:55:50,271 - DEBUG - tty.usbmodem0006822145041: parsed_packet {event: ProvLinkClosed, data: {'context_id': 0, 'close_reason': 0}}
2019-07-16 17:55:50,271 - INFO - tty.usbmodem0006822145041: {event: ProvLinkClosed, data: {'context_id': 0, 'close_reason': 0}}
2019-07-16 17:55:50,271 - INFO - tty.usbmodem0006822145041: Provisioning link closed
2019-07-16 17:55:54,848 - INFO - tty.usbmodem0006822145041: Configure 8 0
2019-07-16 17:55:54,848 - DEBUG - tty.usbmodem0006822145041.ConfigurationClient: Sending opcode: 8008, data: 00
2019-07-16 17:55:54,849 - DEBUG - tty.usbmodem0006822145041.ConfigurationClient: Sending opcode: 00, data: 0000004f68ad85d9f48ac8589df665b6b49b8a
2019-07-16 17:55:54,849 - DEBUG - tty.usbmodem0006822145041: Writing: 171 bytearray(b'\x08\x00\x01\x00\x00\x00\x08\x00\x00\x00\x80\x08\x00')
2019-07-16 17:55:54,850 - DEBUG - tty.usbmodem0006822145041: TX: 0eab08000100000008000000800800
2019-07-16 17:55:54,854 - DEBUG - tty.usbmodem0006822145041: Writing: 171 bytearray(b'\x08\x00\x01\x00\x00\x00\x08\x00\x00\x00\x00\x00\x00\x00Oh\xad\x85\xd9\xf4\x8a\xc8X\x9d\xf6e\xb6\xb4\x9b\x8a')
2019-07-16 17:55:54,856 - DEBUG - tty.usbmodem0006822145041: RX: 0784ab0001000000
2019-07-16 17:55:54,859 - DEBUG - tty.usbmodem0006822145041: TX: 1fab08000100000008000000000000004f68ad85d9f48ac8589df665b6b49b8a
2019-07-16 17:55:54,860 - DEBUG - tty.usbmodem0006822145041: parsed_packet {event: CmdRsp, data: {'opcode': 171, 'status': 0, 'data': bytearray(b'\x01\x00\x00\x00')}}
2019-07-16 17:55:54,862 - INFO - tty.usbmodem0006822145041: PacketSend: {'token': 1}
2019-07-16 17:55:54,866 - DEBUG - tty.usbmodem0006822145041: RX: 0784ab0002000000
2019-07-16 17:55:54,867 - DEBUG - tty.usbmodem0006822145041: parsed_packet {event: CmdRsp, data: {'opcode': 171, 'status': 0, 'data': bytearray(b'\x02\x00\x00\x00')}}
2019-07-16 17:55:54,867 - INFO - tty.usbmodem0006822145041: PacketSend: {'token': 2}
2019-07-16 17:55:54,870 - DEBUG - tty.usbmodem0006822145041: RX: 05d201000000
2019-07-16 17:55:54,871 - DEBUG - tty.usbmodem0006822145041: parsed_packet {event: MeshTxComplete, data: {'token': 1}}
2019-07-16 17:55:54,872 - INFO - tty.usbmodem0006822145041: {event: MeshTxComplete, data: {'token': 1}}
2019-07-16 17:55:57,811 - DEBUG - tty.usbmodem0006822145041: RX: 05d202000000
2019-07-16 17:55:57,811 - DEBUG - tty.usbmodem0006822145041: parsed_packet {event: MeshTxComplete, data: {'token': 2}}
2019-07-16 17:55:57,811 - INFO - tty.usbmodem0006822145041: {event: MeshTxComplete, data: {'token': 2}}
2019-07-16 17:55:58,111 - DEBUG - tty.usbmodem0006822145041: RX: c4d010000100080000007f01c8639509c2c2ebb0000200590000000000280003000000020000000200000002010010011059000000000002010010011059000000000002010010011059000000000002010010011059000000000002010010011059000000000002010010011059000000000002010010011059000000000002010010011059000000000002010010011059000000000002010010011059000000000002010010011059000000000002010010011059000000000002010010011059000000
2019-07-16 17:55:58,111 - DEBUG - tty.usbmodem0006822145041: parsed_packet {event: MeshMessageReceivedUnicast, data: {'src': 16, 'dst': 1, 'appkey_handle': 8, 'subnet_handle': 0, 'ttl': 127, 'adv_addr_type': 1, 'adv_addr': bytearray(b'\xc8c\x95\t\xc2\xc2'), 'rssi': -21, 'actual_length': 176, 'data': bytearray(b'\x02\x00Y\x00\x00\x00\x00\x00(\x00\x03\x00\x00\x00\x02\x00\x00\x00\x02\x00\x00\x00\x02\x01\x00\x10\x01\x10Y\x00\x00\x00\x00\x00\x02\x01\x00\x10\x01\x10Y\x00\x00\x00\x00\x00\x02\x01\x00\x10\x01\x10Y\x00\x00\x00\x00\x00\x02\x01\x00\x10\x01\x10Y\x00\x00\x00\x00\x00\x02\x01\x00\x10\x01\x10Y\x00\x00\x00\x00\x00\x02\x01\x00\x10\x01\x10Y\x00\x00\x00\x00\x00\x02\x01\x00\x10\x01\x10Y\x00\x00\x00\x00\x00\x02\x01\x00\x10\x01\x10Y\x00\x00\x00\x00\x00\x02\x01\x00\x10\x01\x10Y\x00\x00\x00\x00\x00\x02\x01\x00\x10\x01\x10Y\x00\x00\x00\x00\x00\x02\x01\x00\x10\x01\x10Y\x00\x00\x00\x00\x00\x02\x01\x00\x10\x01\x10Y\x00\x00\x00\x00\x00\x02\x01\x00\x10\x01\x10Y\x00\x00\x00')}}
2019-07-16 17:55:58,118 - INFO - tty.usbmodem0006822145041.ConfigurationClient: Received composition data (page 0x00): {
  "cid": "0059",
  "pid": "0000",
  "vid": "0000",
  "crpl": 40,
  "features": {
    "relay": 0,
    "proxy": 0,
    "friend": 2,
    "low_power": 2
  },
  "elements": [
    {
      "index": 0,
      "location": "0000",
      "models": [
        {
          "modelId": "0000"
        },
        {
          "modelId": "0002"
        }
      ]
    },
    {
      "index": 1,
      "location": "0000",
      "models": [
        {
          "modelId": "1000"
        },
        {
          "modelId": "1001"
        },
        {
          "modelId": "00590000"
        }
      ]
    },
    {
      "index": 2,
      "location": "0000",
      "models": [
        {
          "modelId": "1000"
        },
        {
          "modelId": "1001"
        },
        {
          "modelId": "00590000"
        }
      ]
    },
    {
      "index": 3,
      "location": "0000",
      "models": [
        {
          "modelId": "1000"
        },
        {
          "modelId": "1001"
        },
        {
          "modelId": "00590000"
        }
      ]
    },
    {
      "index": 4,
      "location": "0000",
      "models": [
        {
          "modelId": "1000"
        },
        {
          "modelId": "1001"
        },
        {
          "modelId": "00590000"
        }
      ]
    },
    {
      "index": 5,
      "location": "0000",
      "models": [
        {
          "modelId": "1000"
        },
        {
          "modelId": "1001"
        },
        {
          "modelId": "00590000"
        }
      ]
    },
    {
      "index": 6,
      "location": "0000",
      "models": [
        {
          "modelId": "1000"
        },
        {
          "modelId": "1001"
        },
        {
          "modelId": "00590000"
        }
      ]
    },
    {
      "index": 7,
      "location": "0000",
      "models": [
        {
          "modelId": "1000"
        },
        {
          "modelId": "1001"
        },
        {
          "modelId": "00590000"
        }
      ]
    },
    {
      "index": 8,
      "location": "0000",
      "models": [
        {
          "modelId": "1000"
        },
        {
          "modelId": "1001"
        },
        {
          "modelId": "00590000"
        }
      ]
    },
    {
      "index": 9,
      "location": "0000",
      "models": [
        {
          "modelId": "1000"
        },
        {
          "modelId": "1001"
        },
        {
          "modelId": "00590000"
        }
      ]
    },
    {
      "index": 10,
      "location": "0000",
      "models": [
        {
          "modelId": "1000"
        },
        {
          "modelId": "1001"
        },
        {
          "modelId": "00590000"
        }
      ]
    },
    {
      "index": 11,
      "location": "0000",
      "models": [
        {
          "modelId": "1000"
        },
        {
          "modelId": "1001"
        },
        {
          "modelId": "00590000"
        }
      ]
    },
    {
      "index": 12,
      "location": "0000",
      "models": [
        {
          "modelId": "1000"
        },
        {
          "modelId": "1001"
        },
        {
          "modelId": "00590000"
        }
      ]
    },
    {
      "index": 13,
      "location": "0000",
      "models": [
        {
          "modelId": "1000"
        },
        {
          "modelId": "1001"
        },
        {
          "modelId": "00590000"
        }
      ]
    }
  ]
}
2019-07-16 17:55:58,138 - INFO - tty.usbmodem0006822145041: {event: MeshMessageReceivedUnicast, data: {'src': 16, 'dst': 1, 'appkey_handle': 8, 'subnet_handle': 0, 'ttl': 127, 'adv_addr_type': 1, 'adv_addr': bytearray(b'\xc8c\x95\t\xc2\xc2'), 'rssi': -21, 'actual_length': 176, 'data': bytearray(b'\x02\x00Y\x00\x00\x00\x00\x00(\x00\x03\x00\x00\x00\x02\x00\x00\x00\x02\x00\x00\x00\x02\x01\x00\x10\x01\x10Y\x00\x00\x00\x00\x00\x02\x01\x00\x10\x01\x10Y\x00\x00\x00\x00\x00\x02\x01\x00\x10\x01\x10Y\x00\x00\x00\x00\x00\x02\x01\x00\x10\x01\x10Y\x00\x00\x00\x00\x00\x02\x01\x00\x10\x01\x10Y\x00\x00\x00\x00\x00\x02\x01\x00\x10\x01\x10Y\x00\x00\x00\x00\x00\x02\x01\x00\x10\x01\x10Y\x00\x00\x00\x00\x00\x02\x01\x00\x10\x01\x10Y\x00\x00\x00\x00\x00\x02\x01\x00\x10\x01\x10Y\x00\x00\x00\x00\x00\x02\x01\x00\x10\x01\x10Y\x00\x00\x00\x00\x00\x02\x01\x00\x10\x01\x10Y\x00\x00\x00\x00\x00\x02\x01\x00\x10\x01\x10Y\x00\x00\x00\x00\x00\x02\x01\x00\x10\x01\x10Y\x00\x00\x00')}}
2019-07-16 17:56:09,488 - INFO - tty.usbmodem0006822145041: Sending next message
2019-07-16 17:56:52,514 - DEBUG - tty.usbmodem0006822145041: exited read event
