2019-08-21 15:05:32,577 - INFO - tty.usbmodem0006822145041.MeshConfigurer: 

2019-08-21 15:05:32,577 - DEBUG - tty.usbmodem0006822145041: Writing: 105 bytearray(b'\x04\x1aQhi\xe0\xc7w\xe1\xbd\x9c,\x94\xc8\x82\x98\xe4\x08\x10\x1aj\xc7\x10\xb4S\x8aw\n\xef\x8f~\xe7>vW?\x80\xb6\x97\xf8\xce\xdb!\xe1\x06\x1d\xcd\xc9\xd6\xcax}\x00\x82f8?\xe7`\xa6tr\x1d\x065\x10\x81F\xc1\xab\xc4\xd9Z\xf6\x95\x8c_\xc5\xc0\x98\x04\x1eY\xc3\xa3J\xd1\xd6\xca\xed\x92\x87\x1f\xdc_m')
2019-08-21 15:05:32,577 - INFO - tty.usbmodem0006822145041.MeshConfigurer: Sending next message
2019-08-21 15:05:32,577 - DEBUG - tty.usbmodem0006822145041: TX: 6169041a516869e0c777e1bd9c2c94c88298e408101a6ac710b4538a770aef8f7ee73e76573f80b697f8cedb21e1061dcdc9d6ca787d008266383fe760a674721d0635108146c1abc4d95af6958c5fc5c098041e59c3a34ad1d6caed92871fdc5f6d
2019-08-21 15:05:32,598 - DEBUG - tty.usbmodem0006822145041: RX: 03845384
2019-08-21 15:05:32,598 - DEBUG - tty.usbmodem0006822145041: parsed_packet {event: CmdRsp, data: {'opcode': 83, 'status': 132, 'data': bytearray(b'')}}
2019-08-21 15:05:32,600 - ERROR - tty.usbmodem0006822145041: None: ERROR_INVALID_LENGTH
2019-08-21 15:05:32,600 - DEBUG - tty.usbmodem0006822145041: RX: 03840084
2019-08-21 15:05:32,600 - DEBUG - tty.usbmodem0006822145041: parsed_packet {event: CmdRsp, data: {'opcode': 0, 'status': 132, 'data': bytearray(b'')}}
2019-08-21 15:05:32,601 - ERROR - tty.usbmodem0006822145041: None: ERROR_INVALID_LENGTH
2019-08-21 15:05:32,613 - DEBUG - tty.usbmodem0006822145041: RX: 03840084
2019-08-21 15:05:32,613 - DEBUG - tty.usbmodem0006822145041: parsed_packet {event: CmdRsp, data: {'opcode': 0, 'status': 132, 'data': bytearray(b'')}}
2019-08-21 15:05:32,614 - ERROR - tty.usbmodem0006822145041: None: ERROR_INVALID_LENGTH
2019-08-21 15:05:32,614 - DEBUG - tty.usbmodem0006822145041: RX: 03840084
2019-08-21 15:05:32,614 - DEBUG - tty.usbmodem0006822145041: parsed_packet {event: CmdRsp, data: {'opcode': 0, 'status': 132, 'data': bytearray(b'')}}
2019-08-21 15:05:32,616 - ERROR - tty.usbmodem0006822145041: None: ERROR_INVALID_LENGTH
2019-08-21 15:05:32,619 - DEBUG - tty.usbmodem0006822145041: RX: 03840084
2019-08-21 15:05:32,620 - DEBUG - tty.usbmodem0006822145041: parsed_packet {event: CmdRsp, data: {'opcode': 0, 'status': 132, 'data': bytearray(b'')}}
2019-08-21 15:05:32,620 - ERROR - tty.usbmodem0006822145041: None: ERROR_INVALID_LENGTH
2019-08-21 15:05:32,620 - DEBUG - tty.usbmodem0006822145041: Writing: 159 bytearray(b'\x01\x00\x01\x00')
2019-08-21 15:05:32,620 - DEBUG - tty.usbmodem0006822145041: TX: 059f01000100
2019-08-21 15:05:32,622 - DEBUG - tty.usbmodem0006822145041: RX: 03840084
2019-08-21 15:05:32,622 - DEBUG - tty.usbmodem0006822145041: parsed_packet {event: CmdRsp, data: {'opcode': 0, 'status': 132, 'data': bytearray(b'')}}
2019-08-21 15:05:32,622 - ERROR - tty.usbmodem0006822145041: None: ERROR_INVALID_LENGTH
2019-08-21 15:05:32,625 - DEBUG - tty.usbmodem0006822145041: RX: 03840084
2019-08-21 15:05:32,639 - DEBUG - tty.usbmodem0006822145041: parsed_packet {event: CmdRsp, data: {'opcode': 0, 'status': 132, 'data': bytearray(b'')}}
2019-08-21 15:05:32,640 - ERROR - tty.usbmodem0006822145041: None: ERROR_INVALID_LENGTH
2019-08-21 15:05:32,640 - DEBUG - tty.usbmodem0006822145041: RX: 03840084
2019-08-21 15:05:32,640 - DEBUG - tty.usbmodem0006822145041: parsed_packet {event: CmdRsp, data: {'opcode': 0, 'status': 132, 'data': bytearray(b'')}}
2019-08-21 15:05:32,640 - ERROR - tty.usbmodem0006822145041: None: ERROR_INVALID_LENGTH
2019-08-21 15:05:32,647 - DEBUG - tty.usbmodem0006822145041: Writing: 146 bytearray(b'\x00\x00\x18\xee\xd9\xc2\xa5j\xdd\x85\x04\x9f\xfc<Y\xad\x0e\x12')
2019-08-21 15:05:32,652 - DEBUG - tty.usbmodem0006822145041: RX: 03840084
2019-08-21 15:05:32,669 - DEBUG - tty.usbmodem0006822145041: TX: 1392000018eed9c2a56add85049ffc3c59ad0e12
2019-08-21 15:05:32,683 - DEBUG - tty.usbmodem0006822145041: parsed_packet {event: CmdRsp, data: {'opcode': 0, 'status': 132, 'data': bytearray(b'')}}
2019-08-21 15:05:32,684 - ERROR - tty.usbmodem0006822145041: None: ERROR_INVALID_LENGTH
2019-08-21 15:05:32,684 - DEBUG - tty.usbmodem0006822145041: RX: 03840084
2019-08-21 15:05:32,684 - DEBUG - tty.usbmodem0006822145041: parsed_packet {event: CmdRsp, data: {'opcode': 0, 'status': 132, 'data': bytearray(b'')}}
2019-08-21 15:05:32,685 - ERROR - tty.usbmodem0006822145041: None: ERROR_INVALID_LENGTH
2019-08-21 15:05:32,690 - DEBUG - tty.usbmodem0006822145041: RX: 03840084
2019-08-21 15:05:32,690 - DEBUG - tty.usbmodem0006822145041: parsed_packet {event: CmdRsp, data: {'opcode': 0, 'status': 132, 'data': bytearray(b'')}}
2019-08-21 15:05:32,691 - ERROR - tty.usbmodem0006822145041: None: ERROR_INVALID_LENGTH
2019-08-21 15:05:32,711 - DEBUG - tty.usbmodem0006822145041: Writing: 151 bytearray(b'\x00\x00\x00\x00Oh\xad\x85\xd9\xf4\x8a\xc8X\x9d\xf6e\xb6\xb4\x9b\x8a')
2019-08-21 15:05:32,723 - DEBUG - tty.usbmodem0006822145041: TX: 1597000000004f68ad85d9f48ac8589df665b6b49b8a
2019-08-21 15:05:32,738 - DEBUG - tty.usbmodem0006822145041: RX: 03840084
2019-08-21 15:05:32,738 - DEBUG - tty.usbmodem0006822145041: parsed_packet {event: CmdRsp, data: {'opcode': 0, 'status': 132, 'data': bytearray(b'')}}
2019-08-21 15:05:32,739 - ERROR - tty.usbmodem0006822145041: None: ERROR_INVALID_LENGTH
2019-08-21 15:05:32,752 - DEBUG - tty.usbmodem0006822145041: RX: 03840084
2019-08-21 15:05:32,764 - DEBUG - tty.usbmodem0006822145041: Writing: 151 bytearray(b'\x01\x00\x00\x00*\xa2\xa6\xde\xd5\xa0y\x8c\xea\xb5x|\xa3\xae9\xfc')
2019-08-21 15:05:32,764 - DEBUG - tty.usbmodem0006822145041: parsed_packet {event: CmdRsp, data: {'opcode': 0, 'status': 132, 'data': bytearray(b'')}}
2019-08-21 15:05:32,776 - DEBUG - tty.usbmodem0006822145041: TX: 1597010000002aa2a6ded5a0798ceab5787ca3ae39fc
2019-08-21 15:05:32,788 - ERROR - tty.usbmodem0006822145041: None: ERROR_INVALID_LENGTH
2019-08-21 15:05:32,802 - DEBUG - tty.usbmodem0006822145041: RX: 03849f00
2019-08-21 15:05:32,803 - DEBUG - tty.usbmodem0006822145041: parsed_packet {event: CmdRsp, data: {'opcode': 159, 'status': 0, 'data': bytearray(b'')}}
2019-08-21 15:05:32,803 - INFO - tty.usbmodem0006822145041: Success
2019-08-21 15:05:32,806 - DEBUG - tty.usbmodem0006822145041: RX: 058492000000
2019-08-21 15:05:32,806 - DEBUG - tty.usbmodem0006822145041: parsed_packet {event: CmdRsp, data: {'opcode': 146, 'status': 0, 'data': bytearray(b'\x00\x00')}}
2019-08-21 15:05:32,806 - INFO - tty.usbmodem0006822145041: SubnetAdd: {'subnet_handle': 0}
2019-08-21 15:05:32,807 - DEBUG - tty.usbmodem0006822145041: RX: 058497000000
2019-08-21 15:05:32,807 - DEBUG - tty.usbmodem0006822145041: parsed_packet {event: CmdRsp, data: {'opcode': 151, 'status': 0, 'data': bytearray(b'\x00\x00')}}
2019-08-21 15:05:32,807 - INFO - tty.usbmodem0006822145041: AppkeyAdd: {'appkey_handle': 0}
2019-08-21 15:05:32,820 - DEBUG - tty.usbmodem0006822145041: RX: 058497000100
2019-08-21 15:05:32,820 - DEBUG - tty.usbmodem0006822145041: parsed_packet {event: CmdRsp, data: {'opcode': 151, 'status': 0, 'data': bytearray(b'\x01\x00')}}
2019-08-21 15:05:32,821 - INFO - tty.usbmodem0006822145041: AppkeyAdd: {'appkey_handle': 1}
2019-08-21 15:05:32,827 - DEBUG - tty.usbmodem0006822145041: Writing: 159 bytearray(b'\x01\x00\x01\x00')
2019-08-21 15:05:32,836 - DEBUG - tty.usbmodem0006822145041: TX: 059f01000100
2019-08-21 15:05:32,851 - DEBUG - tty.usbmodem0006822145041: RX: 03849f8e
2019-08-21 15:05:32,852 - DEBUG - tty.usbmodem0006822145041: parsed_packet {event: CmdRsp, data: {'opcode': 159, 'status': 142, 'data': bytearray(b'')}}
2019-08-21 15:05:32,852 - ERROR - tty.usbmodem0006822145041: None: ERROR_REJECTED
2019-08-21 15:05:32,865 - DEBUG - tty.usbmodem0006822145041: Writing: 146 bytearray(b'\x00\x00\x18\xee\xd9\xc2\xa5j\xdd\x85\x04\x9f\xfc<Y\xad\x0e\x12')
2019-08-21 15:05:32,865 - DEBUG - tty.usbmodem0006822145041: TX: 1392000018eed9c2a56add85049ffc3c59ad0e12
2019-08-21 15:05:32,875 - DEBUG - tty.usbmodem0006822145041: RX: 03849281
2019-08-21 15:05:32,876 - DEBUG - tty.usbmodem0006822145041: parsed_packet {event: CmdRsp, data: {'opcode': 146, 'status': 129, 'data': bytearray(b'')}}
2019-08-21 15:05:32,877 - ERROR - tty.usbmodem0006822145041: SubnetAdd: ERROR_INTERNAL
2019-08-21 15:05:32,895 - DEBUG - tty.usbmodem0006822145041: Writing: 151 bytearray(b'\x00\x00\x00\x00Oh\xad\x85\xd9\xf4\x8a\xc8X\x9d\xf6e\xb6\xb4\x9b\x8a')
2019-08-21 15:05:32,895 - DEBUG - tty.usbmodem0006822145041: TX: 1597000000004f68ad85d9f48ac8589df665b6b49b8a
2019-08-21 15:05:32,900 - DEBUG - tty.usbmodem0006822145041: RX: 03849781
2019-08-21 15:05:32,901 - DEBUG - tty.usbmodem0006822145041: parsed_packet {event: CmdRsp, data: {'opcode': 151, 'status': 129, 'data': bytearray(b'')}}
2019-08-21 15:05:32,902 - ERROR - tty.usbmodem0006822145041: AppkeyAdd: ERROR_INTERNAL
2019-08-21 15:05:32,918 - DEBUG - tty.usbmodem0006822145041: Writing: 151 bytearray(b'\x01\x00\x00\x00*\xa2\xa6\xde\xd5\xa0y\x8c\xea\xb5x|\xa3\xae9\xfc')
2019-08-21 15:05:32,918 - DEBUG - tty.usbmodem0006822145041: TX: 1597010000002aa2a6ded5a0798ceab5787ca3ae39fc
2019-08-21 15:05:32,923 - DEBUG - tty.usbmodem0006822145041: RX: 03849781
2019-08-21 15:05:32,924 - DEBUG - tty.usbmodem0006822145041: parsed_packet {event: CmdRsp, data: {'opcode': 151, 'status': 129, 'data': bytearray(b'')}}
2019-08-21 15:05:32,924 - ERROR - tty.usbmodem0006822145041: AppkeyAdd: ERROR_INTERNAL
2019-08-21 15:05:32,941 - DEBUG - tty.usbmodem0006822145041: Writing: 161 bytearray(b'\x01\xc0')
2019-08-21 15:05:32,941 - DEBUG - tty.usbmodem0006822145041: TX: 03a101c0
2019-08-21 15:05:32,943 - DEBUG - tty.usbmodem0006822145041: RX: 0584a1000000
2019-08-21 15:05:32,943 - DEBUG - tty.usbmodem0006822145041: parsed_packet {event: CmdRsp, data: {'opcode': 161, 'status': 0, 'data': bytearray(b'\x00\x00')}}
2019-08-21 15:05:32,944 - INFO - tty.usbmodem0006822145041: AddrSubscriptionAdd: {'address_handle': 0}
2019-08-21 15:05:32,944 - INFO - tty.usbmodem0006822145041.MeshConfigurer: 

2019-08-21 15:05:32,944 - INFO - tty.usbmodem0006822145041.MeshConfigurer: Sending next message
2019-08-21 15:05:32,965 - DEBUG - tty.usbmodem0006822145041: Writing: 164 bytearray(b'\x1e\x00')
2019-08-21 15:05:32,967 - DEBUG - tty.usbmodem0006822145041: TX: 03a41e00
2019-08-21 15:05:32,969 - DEBUG - tty.usbmodem0006822145041: RX: 0584a4000100
2019-08-21 15:05:32,969 - DEBUG - tty.usbmodem0006822145041: parsed_packet {event: CmdRsp, data: {'opcode': 164, 'status': 0, 'data': bytearray(b'\x01\x00')}}
2019-08-21 15:05:32,970 - INFO - tty.usbmodem0006822145041: AddrPublicationAdd: {'address_handle': 1}
2019-08-21 15:05:32,970 - INFO - tty.usbmodem0006822145041.MeshConfigurer: 

2019-08-21 15:05:32,970 - INFO - tty.usbmodem0006822145041.MeshConfigurer: Sending next message
2019-08-21 15:05:32,988 - DEBUG - tty.usbmodem0006822145041: Writing: 164 bytearray(b'\x1f\x00')
2019-08-21 15:05:32,989 - DEBUG - tty.usbmodem0006822145041: TX: 03a41f00
2019-08-21 15:05:32,991 - DEBUG - tty.usbmodem0006822145041: RX: 0584a4000200
2019-08-21 15:05:32,991 - DEBUG - tty.usbmodem0006822145041: parsed_packet {event: CmdRsp, data: {'opcode': 164, 'status': 0, 'data': bytearray(b'\x02\x00')}}
2019-08-21 15:05:32,992 - INFO - tty.usbmodem0006822145041: AddrPublicationAdd: {'address_handle': 2}
2019-08-21 15:05:32,993 - INFO - tty.usbmodem0006822145041.MeshConfigurer: 

2019-08-21 15:05:32,993 - INFO - tty.usbmodem0006822145041.MeshConfigurer: Sending next message
2019-08-21 15:05:33,013 - DEBUG - tty.usbmodem0006822145041: Writing: 164 bytearray(b' \x00')
2019-08-21 15:05:33,013 - DEBUG - tty.usbmodem0006822145041: TX: 03a42000
2019-08-21 15:05:33,017 - DEBUG - tty.usbmodem0006822145041: RX: 0584a4000300
2019-08-21 15:05:33,018 - DEBUG - tty.usbmodem0006822145041: parsed_packet {event: CmdRsp, data: {'opcode': 164, 'status': 0, 'data': bytearray(b'\x03\x00')}}
2019-08-21 15:05:33,019 - INFO - tty.usbmodem0006822145041: AddrPublicationAdd: {'address_handle': 3}
2019-08-21 15:05:33,019 - INFO - tty.usbmodem0006822145041.MeshConfigurer: 

2019-08-21 15:05:33,020 - INFO - tty.usbmodem0006822145041.MeshConfigurer: Sending next message
2019-08-21 15:05:33,034 - DEBUG - tty.usbmodem0006822145041: Writing: 164 bytearray(b'!\x00')
2019-08-21 15:05:33,035 - DEBUG - tty.usbmodem0006822145041: TX: 03a42100
2019-08-21 15:05:33,037 - DEBUG - tty.usbmodem0006822145041: RX: 0584a4000400
2019-08-21 15:05:33,038 - DEBUG - tty.usbmodem0006822145041: parsed_packet {event: CmdRsp, data: {'opcode': 164, 'status': 0, 'data': bytearray(b'\x04\x00')}}
2019-08-21 15:05:33,038 - INFO - tty.usbmodem0006822145041: AddrPublicationAdd: {'address_handle': 4}
2019-08-21 15:05:33,038 - INFO - tty.usbmodem0006822145041.MeshConfigurer: 

2019-08-21 15:05:33,038 - INFO - tty.usbmodem0006822145041.MeshConfigurer: Sending next message
2019-08-21 15:05:33,060 - DEBUG - tty.usbmodem0006822145041: Writing: 164 bytearray(b'"\x00')
2019-08-21 15:05:33,060 - DEBUG - tty.usbmodem0006822145041: TX: 03a42200
2019-08-21 15:05:33,062 - DEBUG - tty.usbmodem0006822145041: RX: 0584a4000500
2019-08-21 15:05:33,062 - DEBUG - tty.usbmodem0006822145041: parsed_packet {event: CmdRsp, data: {'opcode': 164, 'status': 0, 'data': bytearray(b'\x05\x00')}}
2019-08-21 15:05:33,062 - INFO - tty.usbmodem0006822145041: AddrPublicationAdd: {'address_handle': 5}
2019-08-21 15:05:33,063 - INFO - tty.usbmodem0006822145041.MeshConfigurer: 

2019-08-21 15:05:33,063 - INFO - tty.usbmodem0006822145041.MeshConfigurer: Sending next message
2019-08-21 15:05:33,083 - DEBUG - tty.usbmodem0006822145041: Writing: 164 bytearray(b'#\x00')
2019-08-21 15:05:33,084 - DEBUG - tty.usbmodem0006822145041: TX: 03a42300
2019-08-21 15:05:33,087 - DEBUG - tty.usbmodem0006822145041: RX: 0584a4000600
2019-08-21 15:05:33,088 - DEBUG - tty.usbmodem0006822145041: parsed_packet {event: CmdRsp, data: {'opcode': 164, 'status': 0, 'data': bytearray(b'\x06\x00')}}
2019-08-21 15:05:33,088 - INFO - tty.usbmodem0006822145041: AddrPublicationAdd: {'address_handle': 6}
2019-08-21 15:05:33,090 - INFO - tty.usbmodem0006822145041.MeshConfigurer: 

2019-08-21 15:05:33,090 - INFO - tty.usbmodem0006822145041.MeshConfigurer: Sending next message
2019-08-21 15:05:33,110 - DEBUG - tty.usbmodem0006822145041: Writing: 164 bytearray(b'$\x00')
2019-08-21 15:05:33,110 - DEBUG - tty.usbmodem0006822145041: TX: 03a42400
2019-08-21 15:05:33,112 - DEBUG - tty.usbmodem0006822145041: RX: 0584a4000700
2019-08-21 15:05:33,112 - DEBUG - tty.usbmodem0006822145041: parsed_packet {event: CmdRsp, data: {'opcode': 164, 'status': 0, 'data': bytearray(b'\x07\x00')}}
2019-08-21 15:05:33,112 - INFO - tty.usbmodem0006822145041: AddrPublicationAdd: {'address_handle': 7}
2019-08-21 15:05:33,113 - INFO - tty.usbmodem0006822145041.MeshConfigurer: 

2019-08-21 15:05:33,113 - INFO - tty.usbmodem0006822145041.MeshConfigurer: Sending next message
2019-08-21 15:05:33,132 - DEBUG - tty.usbmodem0006822145041: Writing: 164 bytearray(b'%\x00')
2019-08-21 15:05:33,132 - DEBUG - tty.usbmodem0006822145041: TX: 03a42500
2019-08-21 15:05:33,135 - DEBUG - tty.usbmodem0006822145041: RX: 0584a4000800
2019-08-21 15:05:33,135 - DEBUG - tty.usbmodem0006822145041: parsed_packet {event: CmdRsp, data: {'opcode': 164, 'status': 0, 'data': bytearray(b'\x08\x00')}}
2019-08-21 15:05:33,135 - INFO - tty.usbmodem0006822145041: AddrPublicationAdd: {'address_handle': 8}
2019-08-21 15:05:33,136 - INFO - tty.usbmodem0006822145041.MeshConfigurer: 

2019-08-21 15:05:33,136 - INFO - tty.usbmodem0006822145041.MeshConfigurer: Sending next message
2019-08-21 15:05:33,155 - DEBUG - tty.usbmodem0006822145041: Writing: 164 bytearray(b'&\x00')
2019-08-21 15:05:33,155 - DEBUG - tty.usbmodem0006822145041: TX: 03a42600
2019-08-21 15:05:33,157 - DEBUG - tty.usbmodem0006822145041: RX: 0584a4000900
2019-08-21 15:05:33,158 - DEBUG - tty.usbmodem0006822145041: parsed_packet {event: CmdRsp, data: {'opcode': 164, 'status': 0, 'data': bytearray(b'\t\x00')}}
2019-08-21 15:05:33,158 - INFO - tty.usbmodem0006822145041: AddrPublicationAdd: {'address_handle': 9}
2019-08-21 15:05:33,158 - INFO - tty.usbmodem0006822145041.MeshConfigurer: 

2019-08-21 15:05:33,158 - INFO - tty.usbmodem0006822145041.MeshConfigurer: Sending next message
2019-08-21 15:05:33,176 - DEBUG - tty.usbmodem0006822145041: Writing: 164 bytearray(b"\'\x00")
2019-08-21 15:05:33,177 - DEBUG - tty.usbmodem0006822145041: TX: 03a42700
2019-08-21 15:05:33,179 - DEBUG - tty.usbmodem0006822145041: RX: 0584a4000a00
2019-08-21 15:05:33,180 - DEBUG - tty.usbmodem0006822145041: parsed_packet {event: CmdRsp, data: {'opcode': 164, 'status': 0, 'data': bytearray(b'\n\x00')}}
2019-08-21 15:05:33,181 - INFO - tty.usbmodem0006822145041: AddrPublicationAdd: {'address_handle': 10}
2019-08-21 15:05:33,181 - INFO - tty.usbmodem0006822145041.MeshConfigurer: 

2019-08-21 15:05:33,181 - INFO - tty.usbmodem0006822145041.MeshConfigurer: Sending next message
2019-08-21 15:05:33,200 - DEBUG - tty.usbmodem0006822145041: Writing: 164 bytearray(b'(\x00')
2019-08-21 15:05:33,201 - DEBUG - tty.usbmodem0006822145041: TX: 03a42800
2019-08-21 15:05:33,203 - DEBUG - tty.usbmodem0006822145041: RX: 0584a4000b00
2019-08-21 15:05:33,203 - DEBUG - tty.usbmodem0006822145041: parsed_packet {event: CmdRsp, data: {'opcode': 164, 'status': 0, 'data': bytearray(b'\x0b\x00')}}
2019-08-21 15:05:33,204 - INFO - tty.usbmodem0006822145041: AddrPublicationAdd: {'address_handle': 11}
2019-08-21 15:05:33,204 - INFO - tty.usbmodem0006822145041.MeshConfigurer: 

2019-08-21 15:05:33,204 - INFO - tty.usbmodem0006822145041.MeshConfigurer: Sending next message
2019-08-21 15:05:33,221 - DEBUG - tty.usbmodem0006822145041: Writing: 164 bytearray(b')\x00')
2019-08-21 15:05:33,222 - DEBUG - tty.usbmodem0006822145041: TX: 03a42900
2019-08-21 15:05:33,224 - DEBUG - tty.usbmodem0006822145041: RX: 0584a4000c00
2019-08-21 15:05:33,225 - DEBUG - tty.usbmodem0006822145041: parsed_packet {event: CmdRsp, data: {'opcode': 164, 'status': 0, 'data': bytearray(b'\x0c\x00')}}
2019-08-21 15:05:33,226 - INFO - tty.usbmodem0006822145041: AddrPublicationAdd: {'address_handle': 12}
2019-08-21 15:05:33,226 - INFO - tty.usbmodem0006822145041.MeshConfigurer: 

2019-08-21 15:05:33,226 - INFO - tty.usbmodem0006822145041.MeshConfigurer: Sending next message
2019-08-21 15:05:33,245 - DEBUG - tty.usbmodem0006822145041: Writing: 164 bytearray(b'*\x00')
2019-08-21 15:05:33,246 - DEBUG - tty.usbmodem0006822145041: TX: 03a42a00
2019-08-21 15:05:33,248 - DEBUG - tty.usbmodem0006822145041: RX: 0584a4000d00
2019-08-21 15:05:33,248 - DEBUG - tty.usbmodem0006822145041: parsed_packet {event: CmdRsp, data: {'opcode': 164, 'status': 0, 'data': bytearray(b'\r\x00')}}
2019-08-21 15:05:33,249 - INFO - tty.usbmodem0006822145041: AddrPublicationAdd: {'address_handle': 13}
2019-08-21 15:05:33,251 - INFO - tty.usbmodem0006822145041.MeshConfigurer: 

2019-08-21 15:05:33,251 - INFO - tty.usbmodem0006822145041.MeshConfigurer: Sending next message
2019-08-21 15:05:33,268 - DEBUG - tty.usbmodem0006822145041: Writing: 164 bytearray(b'+\x00')
2019-08-21 15:05:33,268 - DEBUG - tty.usbmodem0006822145041: TX: 03a42b00
2019-08-21 15:05:33,271 - DEBUG - tty.usbmodem0006822145041: RX: 0584a4000e00
2019-08-21 15:05:33,272 - DEBUG - tty.usbmodem0006822145041: parsed_packet {event: CmdRsp, data: {'opcode': 164, 'status': 0, 'data': bytearray(b'\x0e\x00')}}
2019-08-21 15:05:33,273 - INFO - tty.usbmodem0006822145041: AddrPublicationAdd: {'address_handle': 14}
2019-08-21 15:05:33,274 - INFO - tty.usbmodem0006822145041.MeshConfigurer: 

2019-08-21 15:05:33,274 - INFO - tty.usbmodem0006822145041.MeshConfigurer: Sending next message
2019-08-21 15:05:33,293 - DEBUG - tty.usbmodem0006822145041: Writing: 161 bytearray(b'\x01\xc0')
2019-08-21 15:05:33,294 - DEBUG - tty.usbmodem0006822145041: TX: 03a101c0
2019-08-21 15:05:33,296 - DEBUG - tty.usbmodem0006822145041: RX: 0584a1000000
2019-08-21 15:05:33,296 - DEBUG - tty.usbmodem0006822145041: parsed_packet {event: CmdRsp, data: {'opcode': 161, 'status': 0, 'data': bytearray(b'\x00\x00')}}
2019-08-21 15:05:33,297 - INFO - tty.usbmodem0006822145041: AddrSubscriptionAdd: {'address_handle': 0}
2019-08-21 15:05:33,297 - INFO - tty.usbmodem0006822145041.MeshConfigurer: 

2019-08-21 15:05:33,297 - INFO - tty.usbmodem0006822145041.MeshConfigurer: Sending next message
2019-08-21 15:05:33,317 - DEBUG - tty.usbmodem0006822145041: Writing: 164 bytearray(b',\x00')
2019-08-21 15:05:33,317 - DEBUG - tty.usbmodem0006822145041: TX: 03a42c00
2019-08-21 15:05:33,319 - DEBUG - tty.usbmodem0006822145041: RX: 0584a4000f00
2019-08-21 15:05:33,320 - DEBUG - tty.usbmodem0006822145041: parsed_packet {event: CmdRsp, data: {'opcode': 164, 'status': 0, 'data': bytearray(b'\x0f\x00')}}
2019-08-21 15:05:33,320 - INFO - tty.usbmodem0006822145041: AddrPublicationAdd: {'address_handle': 15}
2019-08-21 15:05:33,320 - INFO - tty.usbmodem0006822145041.MeshConfigurer: 

2019-08-21 15:05:33,320 - INFO - tty.usbmodem0006822145041.MeshConfigurer: Sending next message
2019-08-21 15:05:33,340 - DEBUG - tty.usbmodem0006822145041: Writing: 164 bytearray(b'-\x00')
2019-08-21 15:05:33,341 - DEBUG - tty.usbmodem0006822145041: TX: 03a42d00
2019-08-21 15:05:33,343 - DEBUG - tty.usbmodem0006822145041: RX: 0584a4001000
2019-08-21 15:05:33,343 - DEBUG - tty.usbmodem0006822145041: parsed_packet {event: CmdRsp, data: {'opcode': 164, 'status': 0, 'data': bytearray(b'\x10\x00')}}
2019-08-21 15:05:33,344 - INFO - tty.usbmodem0006822145041: AddrPublicationAdd: {'address_handle': 16}
2019-08-21 15:05:33,344 - INFO - tty.usbmodem0006822145041.MeshConfigurer: 

2019-08-21 15:05:33,344 - INFO - tty.usbmodem0006822145041.MeshConfigurer: Sending next message
2019-08-21 15:05:33,366 - DEBUG - tty.usbmodem0006822145041: Writing: 164 bytearray(b'.\x00')
2019-08-21 15:05:33,368 - DEBUG - tty.usbmodem0006822145041: TX: 03a42e00
2019-08-21 15:05:33,371 - DEBUG - tty.usbmodem0006822145041: RX: 0584a4001100
2019-08-21 15:05:33,372 - DEBUG - tty.usbmodem0006822145041: parsed_packet {event: CmdRsp, data: {'opcode': 164, 'status': 0, 'data': bytearray(b'\x11\x00')}}
2019-08-21 15:05:33,372 - INFO - tty.usbmodem0006822145041: AddrPublicationAdd: {'address_handle': 17}
2019-08-21 15:05:33,372 - INFO - tty.usbmodem0006822145041.MeshConfigurer: 

2019-08-21 15:05:33,373 - INFO - tty.usbmodem0006822145041.MeshConfigurer: Sending next message
2019-08-21 15:05:33,394 - DEBUG - tty.usbmodem0006822145041: Writing: 164 bytearray(b'/\x00')
2019-08-21 15:05:33,394 - DEBUG - tty.usbmodem0006822145041: TX: 03a42f00
2019-08-21 15:05:33,396 - DEBUG - tty.usbmodem0006822145041: RX: 0584a4001200
2019-08-21 15:05:33,396 - DEBUG - tty.usbmodem0006822145041: parsed_packet {event: CmdRsp, data: {'opcode': 164, 'status': 0, 'data': bytearray(b'\x12\x00')}}
2019-08-21 15:05:33,397 - INFO - tty.usbmodem0006822145041: AddrPublicationAdd: {'address_handle': 18}
2019-08-21 15:05:33,397 - INFO - tty.usbmodem0006822145041.MeshConfigurer: 

2019-08-21 15:05:33,397 - INFO - tty.usbmodem0006822145041.MeshConfigurer: Sending next message
2019-08-21 15:05:33,416 - DEBUG - tty.usbmodem0006822145041: Writing: 164 bytearray(b'0\x00')
2019-08-21 15:05:33,417 - DEBUG - tty.usbmodem0006822145041: TX: 03a43000
2019-08-21 15:05:33,419 - DEBUG - tty.usbmodem0006822145041: RX: 0584a4001300
2019-08-21 15:05:33,419 - DEBUG - tty.usbmodem0006822145041: parsed_packet {event: CmdRsp, data: {'opcode': 164, 'status': 0, 'data': bytearray(b'\x13\x00')}}
2019-08-21 15:05:33,420 - INFO - tty.usbmodem0006822145041: AddrPublicationAdd: {'address_handle': 19}
2019-08-21 15:05:33,420 - INFO - tty.usbmodem0006822145041.MeshConfigurer: 

2019-08-21 15:05:33,420 - INFO - tty.usbmodem0006822145041.MeshConfigurer: Sending next message
2019-08-21 15:05:33,439 - DEBUG - tty.usbmodem0006822145041: Writing: 164 bytearray(b'1\x00')
2019-08-21 15:05:33,439 - DEBUG - tty.usbmodem0006822145041: TX: 03a43100
2019-08-21 15:05:33,441 - DEBUG - tty.usbmodem0006822145041: RX: 0584a4001400
2019-08-21 15:05:33,441 - DEBUG - tty.usbmodem0006822145041: parsed_packet {event: CmdRsp, data: {'opcode': 164, 'status': 0, 'data': bytearray(b'\x14\x00')}}
2019-08-21 15:05:33,442 - INFO - tty.usbmodem0006822145041: AddrPublicationAdd: {'address_handle': 20}
2019-08-21 15:05:33,442 - INFO - tty.usbmodem0006822145041.MeshConfigurer: 

2019-08-21 15:05:33,442 - INFO - tty.usbmodem0006822145041.MeshConfigurer: Sending next message
2019-08-21 15:05:33,461 - DEBUG - tty.usbmodem0006822145041: Writing: 164 bytearray(b'2\x00')
2019-08-21 15:05:33,461 - DEBUG - tty.usbmodem0006822145041: TX: 03a43200
2019-08-21 15:05:33,463 - DEBUG - tty.usbmodem0006822145041: RX: 0584a4001500
2019-08-21 15:05:33,464 - DEBUG - tty.usbmodem0006822145041: parsed_packet {event: CmdRsp, data: {'opcode': 164, 'status': 0, 'data': bytearray(b'\x15\x00')}}
2019-08-21 15:05:33,464 - INFO - tty.usbmodem0006822145041: AddrPublicationAdd: {'address_handle': 21}
2019-08-21 15:05:33,465 - INFO - tty.usbmodem0006822145041.MeshConfigurer: 

2019-08-21 15:05:33,466 - INFO - tty.usbmodem0006822145041.MeshConfigurer: Sending next message
2019-08-21 15:05:33,483 - DEBUG - tty.usbmodem0006822145041: Writing: 164 bytearray(b'3\x00')
2019-08-21 15:05:33,484 - DEBUG - tty.usbmodem0006822145041: TX: 03a43300
2019-08-21 15:05:33,486 - DEBUG - tty.usbmodem0006822145041: RX: 0584a4001600
2019-08-21 15:05:33,487 - DEBUG - tty.usbmodem0006822145041: parsed_packet {event: CmdRsp, data: {'opcode': 164, 'status': 0, 'data': bytearray(b'\x16\x00')}}
2019-08-21 15:05:33,487 - INFO - tty.usbmodem0006822145041: AddrPublicationAdd: {'address_handle': 22}
2019-08-21 15:05:33,487 - INFO - tty.usbmodem0006822145041.MeshConfigurer: 

2019-08-21 15:05:33,487 - INFO - tty.usbmodem0006822145041.MeshConfigurer: Sending next message
2019-08-21 15:05:33,505 - DEBUG - tty.usbmodem0006822145041: Writing: 164 bytearray(b'4\x00')
2019-08-21 15:05:33,505 - DEBUG - tty.usbmodem0006822145041: TX: 03a43400
2019-08-21 15:05:33,507 - DEBUG - tty.usbmodem0006822145041: RX: 0584a4001700
2019-08-21 15:05:33,508 - DEBUG - tty.usbmodem0006822145041: parsed_packet {event: CmdRsp, data: {'opcode': 164, 'status': 0, 'data': bytearray(b'\x17\x00')}}
2019-08-21 15:05:33,509 - INFO - tty.usbmodem0006822145041: AddrPublicationAdd: {'address_handle': 23}
2019-08-21 15:05:33,509 - INFO - tty.usbmodem0006822145041.MeshConfigurer: 

2019-08-21 15:05:33,509 - INFO - tty.usbmodem0006822145041.MeshConfigurer: Sending next message
2019-08-21 15:05:33,529 - DEBUG - tty.usbmodem0006822145041: Writing: 164 bytearray(b'5\x00')
2019-08-21 15:05:33,529 - DEBUG - tty.usbmodem0006822145041: TX: 03a43500
2019-08-21 15:05:33,531 - DEBUG - tty.usbmodem0006822145041: RX: 0584a4001800
2019-08-21 15:05:33,531 - DEBUG - tty.usbmodem0006822145041: parsed_packet {event: CmdRsp, data: {'opcode': 164, 'status': 0, 'data': bytearray(b'\x18\x00')}}
2019-08-21 15:05:33,532 - INFO - tty.usbmodem0006822145041: AddrPublicationAdd: {'address_handle': 24}
2019-08-21 15:05:33,533 - INFO - tty.usbmodem0006822145041.MeshConfigurer: 

2019-08-21 15:05:33,534 - INFO - tty.usbmodem0006822145041.MeshConfigurer: Sending next message
2019-08-21 15:05:33,550 - DEBUG - tty.usbmodem0006822145041: Writing: 164 bytearray(b'6\x00')
2019-08-21 15:05:33,550 - DEBUG - tty.usbmodem0006822145041: TX: 03a43600
2019-08-21 15:05:33,552 - DEBUG - tty.usbmodem0006822145041: RX: 0584a4001900
2019-08-21 15:05:33,552 - DEBUG - tty.usbmodem0006822145041: parsed_packet {event: CmdRsp, data: {'opcode': 164, 'status': 0, 'data': bytearray(b'\x19\x00')}}
2019-08-21 15:05:33,553 - INFO - tty.usbmodem0006822145041: AddrPublicationAdd: {'address_handle': 25}
2019-08-21 15:05:33,553 - INFO - tty.usbmodem0006822145041.MeshConfigurer: 

2019-08-21 15:05:33,553 - INFO - tty.usbmodem0006822145041.MeshConfigurer: Sending next message
2019-08-21 15:05:33,570 - DEBUG - tty.usbmodem0006822145041: Writing: 164 bytearray(b'7\x00')
2019-08-21 15:05:33,571 - DEBUG - tty.usbmodem0006822145041: TX: 03a43700
2019-08-21 15:05:33,574 - DEBUG - tty.usbmodem0006822145041: RX: 0584a4001a00
2019-08-21 15:05:33,574 - DEBUG - tty.usbmodem0006822145041: parsed_packet {event: CmdRsp, data: {'opcode': 164, 'status': 0, 'data': bytearray(b'\x1a\x00')}}
2019-08-21 15:05:33,575 - INFO - tty.usbmodem0006822145041: AddrPublicationAdd: {'address_handle': 26}
2019-08-21 15:05:33,575 - INFO - tty.usbmodem0006822145041.MeshConfigurer: 

2019-08-21 15:05:33,575 - INFO - tty.usbmodem0006822145041.MeshConfigurer: Sending next message
2019-08-21 15:05:33,594 - DEBUG - tty.usbmodem0006822145041: Writing: 164 bytearray(b'8\x00')
2019-08-21 15:05:33,595 - DEBUG - tty.usbmodem0006822145041: TX: 03a43800
2019-08-21 15:05:33,597 - DEBUG - tty.usbmodem0006822145041: RX: 0584a4001b00
2019-08-21 15:05:33,598 - DEBUG - tty.usbmodem0006822145041: parsed_packet {event: CmdRsp, data: {'opcode': 164, 'status': 0, 'data': bytearray(b'\x1b\x00')}}
2019-08-21 15:05:33,598 - INFO - tty.usbmodem0006822145041: AddrPublicationAdd: {'address_handle': 27}
2019-08-21 15:05:33,598 - INFO - tty.usbmodem0006822145041.MeshConfigurer: 

2019-08-21 15:05:33,599 - INFO - tty.usbmodem0006822145041.MeshConfigurer: Sending next message
2019-08-21 15:05:33,616 - DEBUG - tty.usbmodem0006822145041: Writing: 164 bytearray(b'9\x00')
2019-08-21 15:05:33,617 - DEBUG - tty.usbmodem0006822145041: TX: 03a43900
2019-08-21 15:05:33,619 - DEBUG - tty.usbmodem0006822145041: RX: 0584a4001c00
2019-08-21 15:05:33,619 - DEBUG - tty.usbmodem0006822145041: parsed_packet {event: CmdRsp, data: {'opcode': 164, 'status': 0, 'data': bytearray(b'\x1c\x00')}}
2019-08-21 15:05:33,620 - INFO - tty.usbmodem0006822145041: AddrPublicationAdd: {'address_handle': 28}
2019-08-21 15:05:33,620 - INFO - tty.usbmodem0006822145041.MeshConfigurer: 

2019-08-21 15:05:33,620 - INFO - tty.usbmodem0006822145041.MeshConfigurer: Sending next message
2019-08-21 15:05:33,639 - DEBUG - tty.usbmodem0006822145041: Writing: 161 bytearray(b'\x01\xc0')
2019-08-21 15:05:33,639 - DEBUG - tty.usbmodem0006822145041: TX: 03a101c0
2019-08-21 15:05:33,641 - DEBUG - tty.usbmodem0006822145041: RX: 0584a1000000
2019-08-21 15:05:33,642 - DEBUG - tty.usbmodem0006822145041: parsed_packet {event: CmdRsp, data: {'opcode': 161, 'status': 0, 'data': bytearray(b'\x00\x00')}}
2019-08-21 15:05:33,642 - INFO - tty.usbmodem0006822145041: AddrSubscriptionAdd: {'address_handle': 0}
2019-08-21 15:05:33,642 - INFO - tty.usbmodem0006822145041.MeshConfigurer: 

2019-08-21 15:05:33,642 - INFO - tty.usbmodem0006822145041.MeshConfigurer: Sending next message
2019-08-21 15:05:33,662 - DEBUG - tty.usbmodem0006822145041: Writing: 164 bytearray(b':\x00')
2019-08-21 15:05:33,662 - DEBUG - tty.usbmodem0006822145041: TX: 03a43a00
2019-08-21 15:05:33,664 - DEBUG - tty.usbmodem0006822145041: RX: 0584a4001d00
2019-08-21 15:05:33,665 - DEBUG - tty.usbmodem0006822145041: parsed_packet {event: CmdRsp, data: {'opcode': 164, 'status': 0, 'data': bytearray(b'\x1d\x00')}}
2019-08-21 15:05:33,665 - INFO - tty.usbmodem0006822145041: AddrPublicationAdd: {'address_handle': 29}
2019-08-21 15:05:33,665 - INFO - tty.usbmodem0006822145041.MeshConfigurer: 

2019-08-21 15:05:33,666 - INFO - tty.usbmodem0006822145041.MeshConfigurer: Sending next message
2019-08-21 15:05:33,682 - DEBUG - tty.usbmodem0006822145041: Writing: 164 bytearray(b';\x00')
2019-08-21 15:05:33,684 - DEBUG - tty.usbmodem0006822145041: TX: 03a43b00
2019-08-21 15:05:33,686 - DEBUG - tty.usbmodem0006822145041: RX: 0584a4001e00
2019-08-21 15:05:33,687 - DEBUG - tty.usbmodem0006822145041: parsed_packet {event: CmdRsp, data: {'opcode': 164, 'status': 0, 'data': bytearray(b'\x1e\x00')}}
2019-08-21 15:05:33,687 - INFO - tty.usbmodem0006822145041: AddrPublicationAdd: {'address_handle': 30}
2019-08-21 15:05:33,687 - INFO - tty.usbmodem0006822145041.MeshConfigurer: 

2019-08-21 15:05:33,687 - INFO - tty.usbmodem0006822145041.MeshConfigurer: Sending next message
2019-08-21 15:05:33,705 - DEBUG - tty.usbmodem0006822145041: Writing: 164 bytearray(b'<\x00')
2019-08-21 15:05:33,706 - DEBUG - tty.usbmodem0006822145041: TX: 03a43c00
2019-08-21 15:05:33,708 - DEBUG - tty.usbmodem0006822145041: RX: 0584a4001f00
2019-08-21 15:05:33,708 - DEBUG - tty.usbmodem0006822145041: parsed_packet {event: CmdRsp, data: {'opcode': 164, 'status': 0, 'data': bytearray(b'\x1f\x00')}}
2019-08-21 15:05:33,709 - INFO - tty.usbmodem0006822145041: AddrPublicationAdd: {'address_handle': 31}
2019-08-21 15:05:33,710 - INFO - tty.usbmodem0006822145041.MeshConfigurer: 

2019-08-21 15:05:33,710 - INFO - tty.usbmodem0006822145041.MeshConfigurer: Sending next message
2019-08-21 15:05:33,727 - DEBUG - tty.usbmodem0006822145041: Writing: 164 bytearray(b'=\x00')
2019-08-21 15:05:33,727 - DEBUG - tty.usbmodem0006822145041: TX: 03a43d00
2019-08-21 15:05:33,730 - DEBUG - tty.usbmodem0006822145041: RX: 0584a4002000
2019-08-21 15:05:33,730 - DEBUG - tty.usbmodem0006822145041: parsed_packet {event: CmdRsp, data: {'opcode': 164, 'status': 0, 'data': bytearray(b' \x00')}}
2019-08-21 15:05:33,731 - INFO - tty.usbmodem0006822145041: AddrPublicationAdd: {'address_handle': 32}
2019-08-21 15:05:33,731 - INFO - tty.usbmodem0006822145041.MeshConfigurer: 

2019-08-21 15:05:33,731 - INFO - tty.usbmodem0006822145041.MeshConfigurer: Sending next message
2019-08-21 15:05:33,752 - DEBUG - tty.usbmodem0006822145041: Writing: 164 bytearray(b'>\x00')
2019-08-21 15:05:33,753 - DEBUG - tty.usbmodem0006822145041: TX: 03a43e00
2019-08-21 15:05:33,755 - DEBUG - tty.usbmodem0006822145041: RX: 0584a4002100
2019-08-21 15:05:33,755 - DEBUG - tty.usbmodem0006822145041: parsed_packet {event: CmdRsp, data: {'opcode': 164, 'status': 0, 'data': bytearray(b'!\x00')}}
2019-08-21 15:05:33,755 - INFO - tty.usbmodem0006822145041: AddrPublicationAdd: {'address_handle': 33}
2019-08-21 15:05:33,756 - INFO - tty.usbmodem0006822145041.MeshConfigurer: 

2019-08-21 15:05:33,756 - INFO - tty.usbmodem0006822145041.MeshConfigurer: Sending next message
2019-08-21 15:05:33,773 - DEBUG - tty.usbmodem0006822145041: Writing: 164 bytearray(b'?\x00')
2019-08-21 15:05:33,774 - DEBUG - tty.usbmodem0006822145041: TX: 03a43f00
2019-08-21 15:05:33,776 - DEBUG - tty.usbmodem0006822145041: RX: 0584a4002200
2019-08-21 15:05:33,776 - DEBUG - tty.usbmodem0006822145041: parsed_packet {event: CmdRsp, data: {'opcode': 164, 'status': 0, 'data': bytearray(b'"\x00')}}
2019-08-21 15:05:33,777 - INFO - tty.usbmodem0006822145041: AddrPublicationAdd: {'address_handle': 34}
2019-08-21 15:05:33,777 - INFO - tty.usbmodem0006822145041.MeshConfigurer: 

2019-08-21 15:05:33,777 - INFO - tty.usbmodem0006822145041.MeshConfigurer: Sending next message
2019-08-21 15:05:33,800 - DEBUG - tty.usbmodem0006822145041: Writing: 164 bytearray(b'@\x00')
2019-08-21 15:05:33,801 - DEBUG - tty.usbmodem0006822145041: TX: 03a44000
2019-08-21 15:05:33,804 - DEBUG - tty.usbmodem0006822145041: RX: 0584a4002300
2019-08-21 15:05:33,805 - DEBUG - tty.usbmodem0006822145041: parsed_packet {event: CmdRsp, data: {'opcode': 164, 'status': 0, 'data': bytearray(b'#\x00')}}
2019-08-21 15:05:33,806 - INFO - tty.usbmodem0006822145041: AddrPublicationAdd: {'address_handle': 35}
2019-08-21 15:05:33,806 - INFO - tty.usbmodem0006822145041.MeshConfigurer: 

2019-08-21 15:05:33,806 - INFO - tty.usbmodem0006822145041.MeshConfigurer: Sending next message
2019-08-21 15:05:33,825 - DEBUG - tty.usbmodem0006822145041: Writing: 164 bytearray(b'A\x00')
2019-08-21 15:05:33,825 - DEBUG - tty.usbmodem0006822145041: TX: 03a44100
2019-08-21 15:05:33,826 - DEBUG - tty.usbmodem0006822145041: RX: 0584a4002400
2019-08-21 15:05:33,826 - DEBUG - tty.usbmodem0006822145041: parsed_packet {event: CmdRsp, data: {'opcode': 164, 'status': 0, 'data': bytearray(b'$\x00')}}
2019-08-21 15:05:33,827 - INFO - tty.usbmodem0006822145041: AddrPublicationAdd: {'address_handle': 36}
2019-08-21 15:05:33,827 - INFO - tty.usbmodem0006822145041.MeshConfigurer: 

2019-08-21 15:05:33,827 - INFO - tty.usbmodem0006822145041.MeshConfigurer: Sending next message
2019-08-21 15:05:33,849 - DEBUG - tty.usbmodem0006822145041: Writing: 164 bytearray(b'B\x00')
2019-08-21 15:05:33,850 - DEBUG - tty.usbmodem0006822145041: TX: 03a44200
2019-08-21 15:05:33,852 - DEBUG - tty.usbmodem0006822145041: RX: 0584a4002500
2019-08-21 15:05:33,852 - DEBUG - tty.usbmodem0006822145041: parsed_packet {event: CmdRsp, data: {'opcode': 164, 'status': 0, 'data': bytearray(b'%\x00')}}
2019-08-21 15:05:33,853 - INFO - tty.usbmodem0006822145041: AddrPublicationAdd: {'address_handle': 37}
2019-08-21 15:05:33,853 - INFO - tty.usbmodem0006822145041.MeshConfigurer: 

2019-08-21 15:05:33,853 - INFO - tty.usbmodem0006822145041.MeshConfigurer: Sending next message
2019-08-21 15:05:33,870 - DEBUG - tty.usbmodem0006822145041: Writing: 164 bytearray(b'C\x00')
2019-08-21 15:05:33,871 - DEBUG - tty.usbmodem0006822145041: TX: 03a44300
2019-08-21 15:05:33,875 - DEBUG - tty.usbmodem0006822145041: RX: 0584a4002600
2019-08-21 15:05:33,876 - DEBUG - tty.usbmodem0006822145041: parsed_packet {event: CmdRsp, data: {'opcode': 164, 'status': 0, 'data': bytearray(b'&\x00')}}
2019-08-21 15:05:33,876 - INFO - tty.usbmodem0006822145041: AddrPublicationAdd: {'address_handle': 38}
2019-08-21 15:05:33,877 - INFO - tty.usbmodem0006822145041.MeshConfigurer: 

2019-08-21 15:05:33,877 - INFO - tty.usbmodem0006822145041.MeshConfigurer: Sending next message
2019-08-21 15:05:33,893 - DEBUG - tty.usbmodem0006822145041: Writing: 164 bytearray(b'D\x00')
2019-08-21 15:05:33,893 - DEBUG - tty.usbmodem0006822145041: TX: 03a44400
2019-08-21 15:05:33,896 - DEBUG - tty.usbmodem0006822145041: RX: 0584a4002700
2019-08-21 15:05:33,898 - DEBUG - tty.usbmodem0006822145041: parsed_packet {event: CmdRsp, data: {'opcode': 164, 'status': 0, 'data': bytearray(b"\'\x00")}}
2019-08-21 15:05:33,898 - INFO - tty.usbmodem0006822145041: AddrPublicationAdd: {'address_handle': 39}
2019-08-21 15:05:33,898 - INFO - tty.usbmodem0006822145041.MeshConfigurer: 

2019-08-21 15:05:33,899 - INFO - tty.usbmodem0006822145041.MeshConfigurer: Sending next message
2019-08-21 15:05:33,917 - DEBUG - tty.usbmodem0006822145041: Writing: 164 bytearray(b'E\x00')
2019-08-21 15:05:33,917 - DEBUG - tty.usbmodem0006822145041: TX: 03a44500
2019-08-21 15:05:33,920 - DEBUG - tty.usbmodem0006822145041: RX: 0584a4002800
2019-08-21 15:05:33,921 - DEBUG - tty.usbmodem0006822145041: parsed_packet {event: CmdRsp, data: {'opcode': 164, 'status': 0, 'data': bytearray(b'(\x00')}}
2019-08-21 15:05:33,921 - INFO - tty.usbmodem0006822145041: AddrPublicationAdd: {'address_handle': 40}
2019-08-21 15:05:33,922 - INFO - tty.usbmodem0006822145041.MeshConfigurer: 

2019-08-21 15:05:33,923 - INFO - tty.usbmodem0006822145041.MeshConfigurer: Sending next message
2019-08-21 15:05:33,938 - DEBUG - tty.usbmodem0006822145041: Writing: 164 bytearray(b'F\x00')
2019-08-21 15:05:33,939 - DEBUG - tty.usbmodem0006822145041: TX: 03a44600
2019-08-21 15:05:33,940 - DEBUG - tty.usbmodem0006822145041: RX: 0584a4002900
2019-08-21 15:05:33,949 - DEBUG - tty.usbmodem0006822145041: parsed_packet {event: CmdRsp, data: {'opcode': 164, 'status': 0, 'data': bytearray(b')\x00')}}
2019-08-21 15:05:33,949 - INFO - tty.usbmodem0006822145041: AddrPublicationAdd: {'address_handle': 41}
2019-08-21 15:05:33,950 - INFO - tty.usbmodem0006822145041.MeshConfigurer: 

2019-08-21 15:05:33,950 - INFO - tty.usbmodem0006822145041.MeshConfigurer: Sending next message
2019-08-21 15:05:33,960 - DEBUG - tty.usbmodem0006822145041: Writing: 164 bytearray(b'G\x00')
2019-08-21 15:05:33,960 - DEBUG - tty.usbmodem0006822145041: TX: 03a44700
2019-08-21 15:05:33,963 - DEBUG - tty.usbmodem0006822145041: RX: 0584a4002a00
2019-08-21 15:05:33,963 - DEBUG - tty.usbmodem0006822145041: parsed_packet {event: CmdRsp, data: {'opcode': 164, 'status': 0, 'data': bytearray(b'*\x00')}}
2019-08-21 15:05:33,964 - INFO - tty.usbmodem0006822145041: AddrPublicationAdd: {'address_handle': 42}
2019-08-21 15:05:33,964 - INFO - tty.usbmodem0006822145041.MeshConfigurer: 

2019-08-21 15:05:33,965 - INFO - tty.usbmodem0006822145041.MeshConfigurer: Sending next message
2019-08-21 15:05:33,983 - DEBUG - tty.usbmodem0006822145041: Writing: 161 bytearray(b'\x01\xc0')
2019-08-21 15:05:33,983 - DEBUG - tty.usbmodem0006822145041: TX: 03a101c0
2019-08-21 15:05:33,985 - DEBUG - tty.usbmodem0006822145041: RX: 0584a1000000
2019-08-21 15:05:33,985 - DEBUG - tty.usbmodem0006822145041: parsed_packet {event: CmdRsp, data: {'opcode': 161, 'status': 0, 'data': bytearray(b'\x00\x00')}}
2019-08-21 15:05:33,985 - INFO - tty.usbmodem0006822145041: AddrSubscriptionAdd: {'address_handle': 0}
2019-08-21 15:05:33,986 - INFO - tty.usbmodem0006822145041.MeshConfigurer: 

2019-08-21 15:05:33,986 - INFO - tty.usbmodem0006822145041.MeshConfigurer: Sending next message
2019-08-21 15:05:34,004 - DEBUG - tty.usbmodem0006822145041: Writing: 164 bytearray(b'H\x00')
2019-08-21 15:05:34,005 - DEBUG - tty.usbmodem0006822145041: TX: 03a44800
2019-08-21 15:05:34,006 - DEBUG - tty.usbmodem0006822145041: RX: 0584a4002b00
2019-08-21 15:05:34,006 - DEBUG - tty.usbmodem0006822145041: parsed_packet {event: CmdRsp, data: {'opcode': 164, 'status': 0, 'data': bytearray(b'+\x00')}}
2019-08-21 15:05:34,006 - INFO - tty.usbmodem0006822145041: AddrPublicationAdd: {'address_handle': 43}
2019-08-21 15:05:34,007 - INFO - tty.usbmodem0006822145041.MeshConfigurer: 

2019-08-21 15:05:34,007 - INFO - tty.usbmodem0006822145041.MeshConfigurer: Sending next message
2019-08-21 15:05:34,029 - DEBUG - tty.usbmodem0006822145041: Writing: 164 bytearray(b'I\x00')
2019-08-21 15:05:34,029 - DEBUG - tty.usbmodem0006822145041: TX: 03a44900
2019-08-21 15:05:34,031 - DEBUG - tty.usbmodem0006822145041: RX: 0584a4002c00
2019-08-21 15:05:34,031 - DEBUG - tty.usbmodem0006822145041: parsed_packet {event: CmdRsp, data: {'opcode': 164, 'status': 0, 'data': bytearray(b',\x00')}}
2019-08-21 15:05:34,032 - INFO - tty.usbmodem0006822145041: AddrPublicationAdd: {'address_handle': 44}
2019-08-21 15:05:34,032 - INFO - tty.usbmodem0006822145041.MeshConfigurer: 

2019-08-21 15:05:34,032 - INFO - tty.usbmodem0006822145041.MeshConfigurer: Sending next message
2019-08-21 15:05:34,053 - DEBUG - tty.usbmodem0006822145041: Writing: 164 bytearray(b'J\x00')
2019-08-21 15:05:34,053 - DEBUG - tty.usbmodem0006822145041: TX: 03a44a00
2019-08-21 15:05:34,055 - DEBUG - tty.usbmodem0006822145041: RX: 0584a4002d00
2019-08-21 15:05:34,056 - DEBUG - tty.usbmodem0006822145041: parsed_packet {event: CmdRsp, data: {'opcode': 164, 'status': 0, 'data': bytearray(b'-\x00')}}
2019-08-21 15:05:34,056 - INFO - tty.usbmodem0006822145041: AddrPublicationAdd: {'address_handle': 45}
2019-08-21 15:05:34,056 - INFO - tty.usbmodem0006822145041.MeshConfigurer: 

2019-08-21 15:05:34,057 - INFO - tty.usbmodem0006822145041.MeshConfigurer: Sending next message
2019-08-21 15:05:34,079 - DEBUG - tty.usbmodem0006822145041: Writing: 164 bytearray(b'K\x00')
2019-08-21 15:05:34,079 - DEBUG - tty.usbmodem0006822145041: TX: 03a44b00
2019-08-21 15:05:34,082 - DEBUG - tty.usbmodem0006822145041: RX: 0584a4002e00
2019-08-21 15:05:34,082 - DEBUG - tty.usbmodem0006822145041: parsed_packet {event: CmdRsp, data: {'opcode': 164, 'status': 0, 'data': bytearray(b'.\x00')}}
2019-08-21 15:05:34,084 - INFO - tty.usbmodem0006822145041: AddrPublicationAdd: {'address_handle': 46}
2019-08-21 15:05:34,086 - INFO - tty.usbmodem0006822145041.MeshConfigurer: 

2019-08-21 15:05:34,087 - INFO - tty.usbmodem0006822145041.MeshConfigurer: Sending next message
2019-08-21 15:05:34,102 - DEBUG - tty.usbmodem0006822145041: Writing: 164 bytearray(b'L\x00')
2019-08-21 15:05:34,103 - DEBUG - tty.usbmodem0006822145041: TX: 03a44c00
2019-08-21 15:05:34,104 - DEBUG - tty.usbmodem0006822145041: RX: 0584a4002f00
2019-08-21 15:05:34,104 - DEBUG - tty.usbmodem0006822145041: parsed_packet {event: CmdRsp, data: {'opcode': 164, 'status': 0, 'data': bytearray(b'/\x00')}}
2019-08-21 15:05:34,105 - INFO - tty.usbmodem0006822145041: AddrPublicationAdd: {'address_handle': 47}
2019-08-21 15:05:34,105 - INFO - tty.usbmodem0006822145041.MeshConfigurer: 

2019-08-21 15:05:34,105 - INFO - tty.usbmodem0006822145041.MeshConfigurer: Sending next message
2019-08-21 15:05:34,124 - DEBUG - tty.usbmodem0006822145041: Writing: 164 bytearray(b'M\x00')
2019-08-21 15:05:34,125 - DEBUG - tty.usbmodem0006822145041: TX: 03a44d00
2019-08-21 15:05:34,127 - DEBUG - tty.usbmodem0006822145041: RX: 0584a4003000
2019-08-21 15:05:34,127 - DEBUG - tty.usbmodem0006822145041: parsed_packet {event: CmdRsp, data: {'opcode': 164, 'status': 0, 'data': bytearray(b'0\x00')}}
2019-08-21 15:05:34,128 - INFO - tty.usbmodem0006822145041: AddrPublicationAdd: {'address_handle': 48}
2019-08-21 15:05:34,128 - INFO - tty.usbmodem0006822145041.MeshConfigurer: 

2019-08-21 15:05:34,128 - INFO - tty.usbmodem0006822145041.MeshConfigurer: Sending next message
2019-08-21 15:05:34,146 - DEBUG - tty.usbmodem0006822145041: Writing: 164 bytearray(b'N\x00')
2019-08-21 15:05:34,146 - DEBUG - tty.usbmodem0006822145041: TX: 03a44e00
2019-08-21 15:05:34,149 - DEBUG - tty.usbmodem0006822145041: RX: 0584a4003100
2019-08-21 15:05:34,149 - DEBUG - tty.usbmodem0006822145041: parsed_packet {event: CmdRsp, data: {'opcode': 164, 'status': 0, 'data': bytearray(b'1\x00')}}
2019-08-21 15:05:34,150 - INFO - tty.usbmodem0006822145041: AddrPublicationAdd: {'address_handle': 49}
2019-08-21 15:05:34,152 - INFO - tty.usbmodem0006822145041.MeshConfigurer: 

2019-08-21 15:05:34,155 - INFO - tty.usbmodem0006822145041.MeshConfigurer: Sending next message
2019-08-21 15:05:34,167 - DEBUG - tty.usbmodem0006822145041: Writing: 164 bytearray(b'O\x00')
2019-08-21 15:05:34,168 - DEBUG - tty.usbmodem0006822145041: TX: 03a44f00
2019-08-21 15:05:34,170 - DEBUG - tty.usbmodem0006822145041: RX: 0584a4003200
2019-08-21 15:05:34,170 - DEBUG - tty.usbmodem0006822145041: parsed_packet {event: CmdRsp, data: {'opcode': 164, 'status': 0, 'data': bytearray(b'2\x00')}}
2019-08-21 15:05:34,171 - INFO - tty.usbmodem0006822145041: AddrPublicationAdd: {'address_handle': 50}
2019-08-21 15:05:34,171 - INFO - tty.usbmodem0006822145041.MeshConfigurer: 

2019-08-21 15:05:34,171 - INFO - tty.usbmodem0006822145041.MeshConfigurer: Sending next message
2019-08-21 15:05:34,193 - DEBUG - tty.usbmodem0006822145041: Writing: 164 bytearray(b'P\x00')
2019-08-21 15:05:34,193 - DEBUG - tty.usbmodem0006822145041: TX: 03a45000
2019-08-21 15:05:34,195 - DEBUG - tty.usbmodem0006822145041: RX: 0584a4003300
2019-08-21 15:05:34,196 - DEBUG - tty.usbmodem0006822145041: parsed_packet {event: CmdRsp, data: {'opcode': 164, 'status': 0, 'data': bytearray(b'3\x00')}}
2019-08-21 15:05:34,196 - INFO - tty.usbmodem0006822145041: AddrPublicationAdd: {'address_handle': 51}
2019-08-21 15:05:34,196 - INFO - tty.usbmodem0006822145041.MeshConfigurer: 

2019-08-21 15:05:34,196 - INFO - tty.usbmodem0006822145041.MeshConfigurer: Sending next message
2019-08-21 15:05:34,216 - DEBUG - tty.usbmodem0006822145041: Writing: 164 bytearray(b'Q\x00')
2019-08-21 15:05:34,217 - DEBUG - tty.usbmodem0006822145041: TX: 03a45100
2019-08-21 15:05:34,220 - DEBUG - tty.usbmodem0006822145041: RX: 0584a4003400
2019-08-21 15:05:34,221 - DEBUG - tty.usbmodem0006822145041: parsed_packet {event: CmdRsp, data: {'opcode': 164, 'status': 0, 'data': bytearray(b'4\x00')}}
2019-08-21 15:05:34,222 - INFO - tty.usbmodem0006822145041: AddrPublicationAdd: {'address_handle': 52}
2019-08-21 15:05:34,222 - INFO - tty.usbmodem0006822145041.MeshConfigurer: 

2019-08-21 15:05:34,222 - INFO - tty.usbmodem0006822145041.MeshConfigurer: Sending next message
2019-08-21 15:05:34,238 - DEBUG - tty.usbmodem0006822145041: Writing: 164 bytearray(b'R\x00')
2019-08-21 15:05:34,238 - DEBUG - tty.usbmodem0006822145041: TX: 03a45200
2019-08-21 15:05:34,240 - DEBUG - tty.usbmodem0006822145041: RX: 0584a4003500
2019-08-21 15:05:34,240 - DEBUG - tty.usbmodem0006822145041: parsed_packet {event: CmdRsp, data: {'opcode': 164, 'status': 0, 'data': bytearray(b'5\x00')}}
2019-08-21 15:05:34,241 - INFO - tty.usbmodem0006822145041: AddrPublicationAdd: {'address_handle': 53}
2019-08-21 15:05:34,241 - INFO - tty.usbmodem0006822145041.MeshConfigurer: 

2019-08-21 15:05:34,241 - INFO - tty.usbmodem0006822145041.MeshConfigurer: Sending next message
2019-08-21 15:05:34,260 - DEBUG - tty.usbmodem0006822145041: Writing: 164 bytearray(b'S\x00')
2019-08-21 15:05:34,260 - DEBUG - tty.usbmodem0006822145041: TX: 03a45300
2019-08-21 15:05:34,262 - DEBUG - tty.usbmodem0006822145041: RX: 0584a4003600
2019-08-21 15:05:34,262 - DEBUG - tty.usbmodem0006822145041: parsed_packet {event: CmdRsp, data: {'opcode': 164, 'status': 0, 'data': bytearray(b'6\x00')}}
2019-08-21 15:05:34,263 - INFO - tty.usbmodem0006822145041: AddrPublicationAdd: {'address_handle': 54}
2019-08-21 15:05:34,263 - INFO - tty.usbmodem0006822145041.MeshConfigurer: 

2019-08-21 15:05:34,263 - INFO - tty.usbmodem0006822145041.MeshConfigurer: Sending next message
2019-08-21 15:05:34,284 - DEBUG - tty.usbmodem0006822145041: Writing: 164 bytearray(b'T\x00')
2019-08-21 15:05:34,285 - DEBUG - tty.usbmodem0006822145041: TX: 03a45400
2019-08-21 15:05:34,287 - DEBUG - tty.usbmodem0006822145041: RX: 0584a4003700
2019-08-21 15:05:34,288 - DEBUG - tty.usbmodem0006822145041: parsed_packet {event: CmdRsp, data: {'opcode': 164, 'status': 0, 'data': bytearray(b'7\x00')}}
2019-08-21 15:05:34,288 - INFO - tty.usbmodem0006822145041: AddrPublicationAdd: {'address_handle': 55}
2019-08-21 15:05:34,289 - INFO - tty.usbmodem0006822145041.MeshConfigurer: 

2019-08-21 15:05:34,289 - INFO - tty.usbmodem0006822145041.MeshConfigurer: Sending next message
2019-08-21 15:05:34,310 - DEBUG - tty.usbmodem0006822145041: Writing: 164 bytearray(b'U\x00')
2019-08-21 15:05:34,310 - DEBUG - tty.usbmodem0006822145041: TX: 03a45500
2019-08-21 15:05:34,312 - DEBUG - tty.usbmodem0006822145041: RX: 0584a4003800
2019-08-21 15:05:34,312 - DEBUG - tty.usbmodem0006822145041: parsed_packet {event: CmdRsp, data: {'opcode': 164, 'status': 0, 'data': bytearray(b'8\x00')}}
2019-08-21 15:05:34,312 - INFO - tty.usbmodem0006822145041: AddrPublicationAdd: {'address_handle': 56}
2019-08-21 15:05:34,313 - INFO - tty.usbmodem0006822145041.MeshConfigurer: 

2019-08-21 15:05:34,313 - INFO - tty.usbmodem0006822145041.MeshConfigurer: Sending next message
2019-08-21 15:05:34,334 - DEBUG - tty.usbmodem0006822145041: Writing: 156 bytearray(b'\x1e\x00\x00\x00\xed\x14\x84.X*5a\xab\x96\xfb\xb3`\xbe\xf1\x9e')
2019-08-21 15:05:34,334 - DEBUG - tty.usbmodem0006822145041: TX: 159c1e000000ed14842e582a3561ab96fbb360bef19e
2019-08-21 15:05:34,338 - DEBUG - tty.usbmodem0006822145041: RX: 05849c000800
2019-08-21 15:05:34,339 - DEBUG - tty.usbmodem0006822145041: parsed_packet {event: CmdRsp, data: {'opcode': 156, 'status': 0, 'data': bytearray(b'\x08\x00')}}
2019-08-21 15:05:34,339 - INFO - tty.usbmodem0006822145041: DevkeyAdd: {'devkey_handle': 8}
2019-08-21 15:05:34,339 - INFO - tty.usbmodem0006822145041.MeshConfigurer: 

2019-08-21 15:05:34,339 - INFO - tty.usbmodem0006822145041.MeshConfigurer: Sending next message
2019-08-21 15:05:34,360 - DEBUG - tty.usbmodem0006822145041: Writing: 156 bytearray(b",\x00\x00\x00\xeb\xc7\xf7\x00^\xe5]x,\x87\x16iZ\xc9\'\xab")
2019-08-21 15:05:34,360 - DEBUG - tty.usbmodem0006822145041: TX: 159c2c000000ebc7f7005ee55d782c8716695ac927ab
2019-08-21 15:05:34,364 - DEBUG - tty.usbmodem0006822145041: RX: 05849c000900
2019-08-21 15:05:34,364 - DEBUG - tty.usbmodem0006822145041: parsed_packet {event: CmdRsp, data: {'opcode': 156, 'status': 0, 'data': bytearray(b'\t\x00')}}
2019-08-21 15:05:34,365 - INFO - tty.usbmodem0006822145041: DevkeyAdd: {'devkey_handle': 9}
2019-08-21 15:05:34,365 - INFO - tty.usbmodem0006822145041.MeshConfigurer: 

2019-08-21 15:05:34,365 - INFO - tty.usbmodem0006822145041.MeshConfigurer: Sending next message
2019-08-21 15:05:34,384 - DEBUG - tty.usbmodem0006822145041: Writing: 156 bytearray(b':\x00\x00\x00\xc4\xba\r\xeb[R\xed\xd4lu\xf8\x08\xd3\xb8\x9a\xe0')
2019-08-21 15:05:34,385 - DEBUG - tty.usbmodem0006822145041: TX: 159c3a000000c4ba0deb5b52edd46c75f808d3b89ae0
2019-08-21 15:05:34,389 - DEBUG - tty.usbmodem0006822145041: RX: 05849c000a00
2019-08-21 15:05:34,389 - DEBUG - tty.usbmodem0006822145041: parsed_packet {event: CmdRsp, data: {'opcode': 156, 'status': 0, 'data': bytearray(b'\n\x00')}}
2019-08-21 15:05:34,390 - INFO - tty.usbmodem0006822145041: DevkeyAdd: {'devkey_handle': 10}
2019-08-21 15:05:34,390 - INFO - tty.usbmodem0006822145041.MeshConfigurer: 

2019-08-21 15:05:34,390 - INFO - tty.usbmodem0006822145041.MeshConfigurer: Sending next message
2019-08-21 15:05:34,410 - DEBUG - tty.usbmodem0006822145041: Writing: 156 bytearray(b'H\x00\x00\x005S\xe0|\x8d\x14\xb9\x06\x0f\t*\xd3B\\v5')
2019-08-21 15:05:34,410 - DEBUG - tty.usbmodem0006822145041: TX: 159c480000003553e07c8d14b9060f092ad3425c7635
2019-08-21 15:05:34,413 - DEBUG - tty.usbmodem0006822145041: RX: 05849c000b00
2019-08-21 15:05:34,413 - DEBUG - tty.usbmodem0006822145041: parsed_packet {event: CmdRsp, data: {'opcode': 156, 'status': 0, 'data': bytearray(b'\x0b\x00')}}
2019-08-21 15:05:34,414 - INFO - tty.usbmodem0006822145041: DevkeyAdd: {'devkey_handle': 11}
2019-08-21 15:05:34,414 - INFO - tty.usbmodem0006822145041.MeshConfigurer: No Messages remaining
2019-08-21 15:06:28,057 - DEBUG - tty.usbmodem0006822145041: exited read event
