2019-06-26 12:03:16,609 - DEBUG - tty.usbmodem0006822145041: Writing: 105 bytearray(b'\x02\xa41\xd3h\xc6\xe1\x95\xd8q\x99~\xd9\xd8\xc9\x85\xc9\x08\xf6\x00\xf2\'@3\x00\x17Z\x04\xd1\x87L\xbb\xc7\xc9\x97\xe9\xa8\xd1\xca\x8cGy\xc1\x12=\xdf@"&(B\xa0\x8b\x06=\x8d\xd0\x8bz\x19\x96\x16\x19\xe3wf\xdb\x85\x0c&\\2\x8e?\xba *d\xe9d\xb3$\xab\xe4\xb7\xfch\xad)\x1c\xec\x8a\xf6A>n')
2019-06-26 12:03:16,610 - DEBUG - tty.usbmodem0006822145041: TX: 616902a431d368c6e195d871997ed9d8c985c908f600f227403300175a04d1874cbbc7c997e9a8d1ca8c4779c1123ddf4022262842a08b063d8dd08b7a19961619e37766db850c265c328e3fba202a64e964b324abe4b7fc68ad291cec8af6413e6e
2019-06-26 12:03:16,619 - DEBUG - tty.usbmodem0006822145041: RX: 03845384
2019-06-26 12:03:16,620 - DEBUG - tty.usbmodem0006822145041: parsed_packet {event: CmdRsp, data: {'opcode': 83, 'status': 132, 'data': bytearray(b'')}}
2019-06-26 12:03:16,622 - ERROR - tty.usbmodem0006822145041: None: ERROR_INVALID_LENGTH
2019-06-26 12:03:16,622 - DEBUG - tty.usbmodem0006822145041: RX: 03840084
2019-06-26 12:03:16,623 - DEBUG - tty.usbmodem0006822145041: parsed_packet {event: CmdRsp, data: {'opcode': 0, 'status': 132, 'data': bytearray(b'')}}
2019-06-26 12:03:16,623 - ERROR - tty.usbmodem0006822145041: None: ERROR_INVALID_LENGTH
2019-06-26 12:03:16,623 - DEBUG - tty.usbmodem0006822145041: RX: 03840084
2019-06-26 12:03:16,624 - DEBUG - tty.usbmodem0006822145041: parsed_packet {event: CmdRsp, data: {'opcode': 0, 'status': 132, 'data': bytearray(b'')}}
2019-06-26 12:03:16,624 - ERROR - tty.usbmodem0006822145041: None: ERROR_INVALID_LENGTH
2019-06-26 12:03:16,624 - DEBUG - tty.usbmodem0006822145041: RX: 03840084
2019-06-26 12:03:16,623 - DEBUG - tty.usbmodem0006822145041: Writing: 159 bytearray(b'\x01\x00\x01\x00')
2019-06-26 12:03:16,625 - DEBUG - tty.usbmodem0006822145041: parsed_packet {event: CmdRsp, data: {'opcode': 0, 'status': 132, 'data': bytearray(b'')}}
2019-06-26 12:03:16,625 - DEBUG - tty.usbmodem0006822145041: TX: 059f01000100
2019-06-26 12:03:16,632 - ERROR - tty.usbmodem0006822145041: None: ERROR_INVALID_LENGTH
2019-06-26 12:03:16,632 - DEBUG - tty.usbmodem0006822145041: Writing: 146 bytearray(b'\x00\x00\x18\xee\xd9\xc2\xa5j\xdd\x85\x04\x9f\xfc<Y\xad\x0e\x12')
2019-06-26 12:03:16,632 - DEBUG - tty.usbmodem0006822145041: RX: 03840084
2019-06-26 12:03:16,633 - DEBUG - tty.usbmodem0006822145041: TX: 1392000018eed9c2a56add85049ffc3c59ad0e12
2019-06-26 12:03:16,633 - DEBUG - tty.usbmodem0006822145041: parsed_packet {event: CmdRsp, data: {'opcode': 0, 'status': 132, 'data': bytearray(b'')}}
2019-06-26 12:03:16,633 - ERROR - tty.usbmodem0006822145041: None: ERROR_INVALID_LENGTH
2019-06-26 12:03:16,634 - DEBUG - tty.usbmodem0006822145041: Writing: 151 bytearray(b'\x00\x00\x00\x00Oh\xad\x85\xd9\xf4\x8a\xc8X\x9d\xf6e\xb6\xb4\x9b\x8a')
2019-06-26 12:03:16,636 - DEBUG - tty.usbmodem0006822145041: RX: 03840084
2019-06-26 12:03:16,636 - DEBUG - tty.usbmodem0006822145041: TX: 1597000000004f68ad85d9f48ac8589df665b6b49b8a
2019-06-26 12:03:16,637 - DEBUG - tty.usbmodem0006822145041: parsed_packet {event: CmdRsp, data: {'opcode': 0, 'status': 132, 'data': bytearray(b'')}}
2019-06-26 12:03:16,653 - ERROR - tty.usbmodem0006822145041: None: ERROR_INVALID_LENGTH
2019-06-26 12:03:16,654 - DEBUG - tty.usbmodem0006822145041: RX: 03840084
2019-06-26 12:03:16,654 - DEBUG - tty.usbmodem0006822145041: Writing: 151 bytearray(b'\x01\x00\x00\x00*\xa2\xa6\xde\xd5\xa0y\x8c\xea\xb5x|\xa3\xae9\xfc')
2019-06-26 12:03:16,655 - DEBUG - tty.usbmodem0006822145041: TX: 1597010000002aa2a6ded5a0798ceab5787ca3ae39fc
2019-06-26 12:03:16,654 - DEBUG - tty.usbmodem0006822145041: parsed_packet {event: CmdRsp, data: {'opcode': 0, 'status': 132, 'data': bytearray(b'')}}
2019-06-26 12:03:16,655 - ERROR - tty.usbmodem0006822145041: None: ERROR_INVALID_LENGTH
2019-06-26 12:03:16,656 - DEBUG - tty.usbmodem0006822145041: RX: 03840084
2019-06-26 12:03:16,656 - DEBUG - tty.usbmodem0006822145041: parsed_packet {event: CmdRsp, data: {'opcode': 0, 'status': 132, 'data': bytearray(b'')}}
2019-06-26 12:03:16,657 - ERROR - tty.usbmodem0006822145041: None: ERROR_INVALID_LENGTH
2019-06-26 12:03:16,659 - DEBUG - tty.usbmodem0006822145041: RX: 03840084
2019-06-26 12:03:16,660 - DEBUG - tty.usbmodem0006822145041: parsed_packet {event: CmdRsp, data: {'opcode': 0, 'status': 132, 'data': bytearray(b'')}}
2019-06-26 12:03:16,666 - ERROR - tty.usbmodem0006822145041: None: ERROR_INVALID_LENGTH
2019-06-26 12:03:16,667 - DEBUG - tty.usbmodem0006822145041: RX: 03840084
2019-06-26 12:03:16,667 - DEBUG - tty.usbmodem0006822145041: parsed_packet {event: CmdRsp, data: {'opcode': 0, 'status': 132, 'data': bytearray(b'')}}
2019-06-26 12:03:16,667 - ERROR - tty.usbmodem0006822145041: None: ERROR_INVALID_LENGTH
2019-06-26 12:03:16,667 - DEBUG - tty.usbmodem0006822145041: RX: 03840084
2019-06-26 12:03:16,667 - DEBUG - tty.usbmodem0006822145041: parsed_packet {event: CmdRsp, data: {'opcode': 0, 'status': 132, 'data': bytearray(b'')}}
2019-06-26 12:03:16,668 - ERROR - tty.usbmodem0006822145041: None: ERROR_INVALID_LENGTH
2019-06-26 12:03:16,668 - DEBUG - tty.usbmodem0006822145041: RX: 03840084
2019-06-26 12:03:16,668 - DEBUG - tty.usbmodem0006822145041: parsed_packet {event: CmdRsp, data: {'opcode': 0, 'status': 132, 'data': bytearray(b'')}}
2019-06-26 12:03:16,668 - ERROR - tty.usbmodem0006822145041: None: ERROR_INVALID_LENGTH
2019-06-26 12:03:16,668 - DEBUG - tty.usbmodem0006822145041: RX: 03840084
2019-06-26 12:03:16,668 - DEBUG - tty.usbmodem0006822145041: parsed_packet {event: CmdRsp, data: {'opcode': 0, 'status': 132, 'data': bytearray(b'')}}
2019-06-26 12:03:16,668 - ERROR - tty.usbmodem0006822145041: None: ERROR_INVALID_LENGTH
2019-06-26 12:03:16,668 - DEBUG - tty.usbmodem0006822145041: RX: 03849f00
2019-06-26 12:03:16,668 - DEBUG - tty.usbmodem0006822145041: parsed_packet {event: CmdRsp, data: {'opcode': 159, 'status': 0, 'data': bytearray(b'')}}
2019-06-26 12:03:16,669 - INFO - tty.usbmodem0006822145041: Success
2019-06-26 12:03:16,669 - DEBUG - tty.usbmodem0006822145041: RX: 058492000000
2019-06-26 12:03:16,669 - DEBUG - tty.usbmodem0006822145041: parsed_packet {event: CmdRsp, data: {'opcode': 146, 'status': 0, 'data': bytearray(b'\x00\x00')}}
2019-06-26 12:03:16,669 - INFO - tty.usbmodem0006822145041: SubnetAdd: {'subnet_handle': 0}
2019-06-26 12:03:16,669 - DEBUG - tty.usbmodem0006822145041: RX: 058497000000
2019-06-26 12:03:16,669 - DEBUG - tty.usbmodem0006822145041: parsed_packet {event: CmdRsp, data: {'opcode': 151, 'status': 0, 'data': bytearray(b'\x00\x00')}}
2019-06-26 12:03:16,669 - INFO - tty.usbmodem0006822145041: AppkeyAdd: {'appkey_handle': 0}
2019-06-26 12:03:16,670 - DEBUG - tty.usbmodem0006822145041: RX: 058497000100
2019-06-26 12:03:16,670 - DEBUG - tty.usbmodem0006822145041: parsed_packet {event: CmdRsp, data: {'opcode': 151, 'status': 0, 'data': bytearray(b'\x01\x00')}}
2019-06-26 12:03:16,670 - INFO - tty.usbmodem0006822145041: AppkeyAdd: {'appkey_handle': 1}
2019-06-26 12:03:20,571 - DEBUG - tty.usbmodem0006822145041: Writing: 97 bytearray(b'')
2019-06-26 12:03:20,572 - DEBUG - tty.usbmodem0006822145041: TX: 0161
2019-06-26 12:03:20,573 - DEBUG - tty.usbmodem0006822145041: RX: 03846100
2019-06-26 12:03:20,573 - DEBUG - tty.usbmodem0006822145041: parsed_packet {event: CmdRsp, data: {'opcode': 97, 'status': 0, 'data': bytearray(b'')}}
2019-06-26 12:03:20,573 - INFO - tty.usbmodem0006822145041: Success
2019-06-26 12:03:20,814 - DEBUG - tty.usbmodem0006822145041: RX: 1ac09db77a0526b8734988639509c242d107b60001c8639509c2c2
2019-06-26 12:03:20,814 - DEBUG - tty.usbmodem0006822145041: parsed_packet {event: ProvUnprovisionedReceived, data: {'uuid': bytearray(b'\x9d\xb7z\x05&\xb8sI\x88c\x95\t\xc2B\xd1\x07'), 'rssi': -74, 'gatt_supported': 0, 'adv_addr_type': 1, 'adv_addr': bytearray(b'\xc8c\x95\t\xc2\xc2')}}
2019-06-26 12:03:20,815 - INFO - tty.usbmodem0006822145041: Received UUID 9db77a0526b8734988639509c242d107 with RSSI: -74 dB
2019-06-26 12:03:22,818 - DEBUG - tty.usbmodem0006822145041: RX: 1ac09db77a0526b8734988639509c242d107c90001c8639509c2c2
2019-06-26 12:03:22,819 - DEBUG - tty.usbmodem0006822145041: parsed_packet {event: ProvUnprovisionedReceived, data: {'uuid': bytearray(b'\x9d\xb7z\x05&\xb8sI\x88c\x95\t\xc2B\xd1\x07'), 'rssi': -55, 'gatt_supported': 0, 'adv_addr_type': 1, 'adv_addr': bytearray(b'\xc8c\x95\t\xc2\xc2')}}
2019-06-26 12:03:24,823 - DEBUG - tty.usbmodem0006822145041: RX: 1ac09db77a0526b8734988639509c242d107c80001c8639509c2c2
2019-06-26 12:03:24,823 - DEBUG - tty.usbmodem0006822145041: parsed_packet {event: ProvUnprovisionedReceived, data: {'uuid': bytearray(b'\x9d\xb7z\x05&\xb8sI\x88c\x95\t\xc2B\xd1\x07'), 'rssi': -56, 'gatt_supported': 0, 'adv_addr_type': 1, 'adv_addr': bytearray(b'\xc8c\x95\t\xc2\xc2')}}
2019-06-26 12:03:25,613 - DEBUG - tty.usbmodem0006822145041: Writing: 98 bytearray(b'')
2019-06-26 12:03:25,614 - DEBUG - tty.usbmodem0006822145041: TX: 0162
2019-06-26 12:03:25,614 - DEBUG - tty.usbmodem0006822145041: Writing: 99 bytearray(b'\x00\x9d\xb7z\x05&\xb8sI\x88c\x95\t\xc2B\xd1\x07\x18\xee\xd9\xc2\xa5j\xdd\x85\x04\x9f\xfc<Y\xad\x0e\x12\x00\x00\x00\x00\x00\x00\x11\x00\x00\x00\x00')
2019-06-26 12:03:25,615 - DEBUG - tty.usbmodem0006822145041: TX: 2d63009db77a0526b8734988639509c242d10718eed9c2a56add85049ffc3c59ad0e120000000000001100000000
2019-06-26 12:03:25,628 - DEBUG - tty.usbmodem0006822145041: RX: 03846200
2019-06-26 12:03:25,628 - DEBUG - tty.usbmodem0006822145041: parsed_packet {event: CmdRsp, data: {'opcode': 98, 'status': 0, 'data': bytearray(b'')}}
2019-06-26 12:03:25,630 - INFO - tty.usbmodem0006822145041: Success
2019-06-26 12:03:25,631 - DEBUG - tty.usbmodem0006822145041: RX: 0484630000
2019-06-26 12:03:25,632 - DEBUG - tty.usbmodem0006822145041: parsed_packet {event: CmdRsp, data: {'opcode': 99, 'status': 0, 'data': bytearray(b'\x00')}}
2019-06-26 12:03:25,634 - INFO - tty.usbmodem0006822145041: Provision: {'context': 0}
2019-06-26 12:03:25,649 - DEBUG - tty.usbmodem0006822145041: RX: 02c100
2019-06-26 12:03:25,649 - DEBUG - tty.usbmodem0006822145041: parsed_packet {event: ProvLinkEstablished, data: {'context_id': 0}}
2019-06-26 12:03:25,649 - INFO - tty.usbmodem0006822145041: Link established
2019-06-26 12:03:25,689 - DEBUG - tty.usbmodem0006822145041: RX: 0bc300010001000000000000
2019-06-26 12:03:25,689 - DEBUG - tty.usbmodem0006822145041: parsed_packet {event: ProvCapsReceived, data: {'context_id': 0, 'num_elements': 1, 'public_key_type': 0, 'static_oob_types': 1, 'output_oob_size': 0, 'output_oob_actions': 0, 'input_oob_size': 0, 'input_oob_actions': 0}}
2019-06-26 12:03:25,690 - INFO - tty.usbmodem0006822145041: Received capabilities
2019-06-26 12:03:25,690 - INFO - tty.usbmodem0006822145041: Number of elements: 1
2019-06-26 12:03:25,690 - DEBUG - tty.usbmodem0006822145041: Writing: 102 bytearray(b'\x00\x00\x00\x00')
2019-06-26 12:03:25,690 - DEBUG - tty.usbmodem0006822145041: TX: 056600000000
2019-06-26 12:03:25,692 - DEBUG - tty.usbmodem0006822145041: RX: 0484660000
2019-06-26 12:03:25,692 - DEBUG - tty.usbmodem0006822145041: parsed_packet {event: CmdRsp, data: {'opcode': 102, 'status': 0, 'data': bytearray(b'\x00')}}
2019-06-26 12:03:25,693 - INFO - tty.usbmodem0006822145041: OobUse: {'context': 0}
2019-06-26 12:03:27,890 - DEBUG - tty.usbmodem0006822145041: RX: 62c7006927bb5765a97f7a146f67d6caf1715809b182ff2acf80be752e4a5536cd920311543833b5e2571d2941def8afe5837463014d46cbb5def2deba8077ca960188d1fb86da530f6da8b91a1c4c699479b7a7eb3dffa65b51c5ef5b4bf33c4a6d5e
2019-06-26 12:03:27,891 - DEBUG - tty.usbmodem0006822145041: parsed_packet {event: ProvEcdhRequest, data: {'context_id': 0, 'peer_public': bytearray(b"i\'\xbbWe\xa9\x7fz\x14og\xd6\xca\xf1qX\t\xb1\x82\xff*\xcf\x80\xbeu.JU6\xcd\x92\x03\x11T83\xb5\xe2W\x1d)A\xde\xf8\xaf\xe5\x83tc\x01MF\xcb\xb5\xde\xf2\xde\xba\x80w\xca\x96\x01\x88"), 'node_private': bytearray(b'\xd1\xfb\x86\xdaS\x0fm\xa8\xb9\x1a\x1cLi\x94y\xb7\xa7\xeb=\xff\xa6[Q\xc5\xef[K\xf3<Jm^')}}
2019-06-26 12:03:27,893 - INFO - tty.usbmodem0006822145041: ECDH request received
2019-06-26 12:03:27,898 - DEBUG - tty.usbmodem0006822145041: Writing: 104 bytearray(b'\x00"\xfb\xea\x04>o\xf8\xc8\x07\xe8E\xb5t\x19\xf3\xf5\xc9\x06J\xd4-\xf9(9\x0b\xdc\xa0[t\xf3\xbdG')
2019-06-26 12:03:27,914 - DEBUG - tty.usbmodem0006822145041: TX: 22680022fbea043e6ff8c807e845b57419f3f5c9064ad42df928390bdca05b74f3bd47
2019-06-26 12:03:27,921 - DEBUG - tty.usbmodem0006822145041: RX: 0484680000
2019-06-26 12:03:27,923 - DEBUG - tty.usbmodem0006822145041: parsed_packet {event: CmdRsp, data: {'opcode': 104, 'status': 0, 'data': bytearray(b'\x00')}}
2019-06-26 12:03:27,924 - INFO - tty.usbmodem0006822145041: EcdhSecret: {'context': 0}
2019-06-26 12:03:28,253 - DEBUG - tty.usbmodem0006822145041: RX: 2cc500000000000000110000009c9c2138343d151298c7c0df78c059e418eed9c2a56add85049ffc3c59ad0e12
2019-06-26 12:03:28,254 - DEBUG - tty.usbmodem0006822145041: parsed_packet {event: ProvComplete, data: {'context_id': 0, 'iv_index': 0, 'net_key_index': 0, 'address': 17, 'iv_update_flag': 0, 'key_refresh_flag': 0, 'device_key': bytearray(b'\x9c\x9c!84=\x15\x12\x98\xc7\xc0\xdfx\xc0Y\xe4'), 'net_key': bytearray(b'\x18\xee\xd9\xc2\xa5j\xdd\x85\x04\x9f\xfc<Y\xad\x0e\x12')}}
2019-06-26 12:03:28,255 - INFO - tty.usbmodem0006822145041: Provisioning complete
2019-06-26 12:03:28,255 - INFO - tty.usbmodem0006822145041: 	Address(es): 0x11-0x11
2019-06-26 12:03:28,255 - INFO - tty.usbmodem0006822145041: 	Device key: 9c9c2138343d151298c7c0df78c059e4
2019-06-26 12:03:28,255 - INFO - tty.usbmodem0006822145041: 	Network key: 18eed9c2a56add85049ffc3c59ad0e12
2019-06-26 12:03:28,255 - INFO - tty.usbmodem0006822145041: Adding device key to subnet 0
2019-06-26 12:03:28,260 - INFO - tty.usbmodem0006822145041: Adding publication address of root element
2019-06-26 12:03:28,261 - DEBUG - tty.usbmodem0006822145041: Writing: 156 bytearray(b'\x11\x00\x00\x00\x9c\x9c!84=\x15\x12\x98\xc7\xc0\xdfx\xc0Y\xe4')
2019-06-26 12:03:28,261 - DEBUG - tty.usbmodem0006822145041: TX: 159c110000009c9c2138343d151298c7c0df78c059e4
2019-06-26 12:03:28,261 - DEBUG - tty.usbmodem0006822145041: Writing: 164 bytearray(b'\x11\x00')
2019-06-26 12:03:28,262 - DEBUG - tty.usbmodem0006822145041: TX: 03a41100
2019-06-26 12:03:28,268 - DEBUG - tty.usbmodem0006822145041: RX: 05849c000800
2019-06-26 12:03:28,270 - DEBUG - tty.usbmodem0006822145041: parsed_packet {event: CmdRsp, data: {'opcode': 156, 'status': 0, 'data': bytearray(b'\x08\x00')}}
2019-06-26 12:03:28,274 - INFO - tty.usbmodem0006822145041: DevkeyAdd: {'devkey_handle': 8}
2019-06-26 12:03:28,293 - DEBUG - tty.usbmodem0006822145041: RX: 0584a4000000
2019-06-26 12:03:28,293 - DEBUG - tty.usbmodem0006822145041: parsed_packet {event: CmdRsp, data: {'opcode': 164, 'status': 0, 'data': bytearray(b'\x00\x00')}}
2019-06-26 12:03:28,293 - INFO - tty.usbmodem0006822145041: AddrPublicationAdd: {'address_handle': 0}
2019-06-26 12:03:28,366 - DEBUG - tty.usbmodem0006822145041: RX: 03c20000
2019-06-26 12:03:28,367 - DEBUG - tty.usbmodem0006822145041: parsed_packet {event: ProvLinkClosed, data: {'context_id': 0, 'close_reason': 0}}
2019-06-26 12:03:28,367 - INFO - tty.usbmodem0006822145041: Provisioning link closed
2019-06-26 12:03:31,599 - DEBUG - tty.usbmodem0006822145041.ConfigurationClient: Sending opcode: 8008, data: 00
2019-06-26 12:03:31,599 - DEBUG - tty.usbmodem0006822145041.ConfigurationClient: Sending opcode: 00, data: 0000004f68ad85d9f48ac8589df665b6b49b8a
2019-06-26 12:03:31,599 - DEBUG - tty.usbmodem0006822145041: Writing: 171 bytearray(b'\x08\x00\x01\x00\x00\x00\x08\x00\x00\x00\x80\x08\x00')
2019-06-26 12:03:31,599 - DEBUG - tty.usbmodem0006822145041: TX: 0eab08000100000008000000800800
2019-06-26 12:03:31,600 - DEBUG - tty.usbmodem0006822145041: Writing: 171 bytearray(b'\x08\x00\x01\x00\x00\x00\x08\x00\x00\x00\x00\x00\x00\x00Oh\xad\x85\xd9\xf4\x8a\xc8X\x9d\xf6e\xb6\xb4\x9b\x8a')
2019-06-26 12:03:31,600 - DEBUG - tty.usbmodem0006822145041: TX: 1fab08000100000008000000000000004f68ad85d9f48ac8589df665b6b49b8a
2019-06-26 12:03:31,603 - DEBUG - tty.usbmodem0006822145041: RX: 0784ab0001000000
2019-06-26 12:03:31,603 - DEBUG - tty.usbmodem0006822145041: parsed_packet {event: CmdRsp, data: {'opcode': 171, 'status': 0, 'data': bytearray(b'\x01\x00\x00\x00')}}
2019-06-26 12:03:31,603 - INFO - tty.usbmodem0006822145041: PacketSend: {'token': 1}
2019-06-26 12:03:31,606 - DEBUG - tty.usbmodem0006822145041: RX: 0784ab0002000000
2019-06-26 12:03:31,607 - DEBUG - tty.usbmodem0006822145041: parsed_packet {event: CmdRsp, data: {'opcode': 171, 'status': 0, 'data': bytearray(b'\x02\x00\x00\x00')}}
2019-06-26 12:03:31,607 - INFO - tty.usbmodem0006822145041: PacketSend: {'token': 2}
2019-06-26 12:03:31,623 - DEBUG - tty.usbmodem0006822145041: RX: 05d201000000
2019-06-26 12:03:31,625 - DEBUG - tty.usbmodem0006822145041: parsed_packet {event: MeshTxComplete, data: {'token': 1}}
2019-06-26 12:03:31,627 - INFO - tty.usbmodem0006822145041: {event: MeshTxComplete, data: {'token': 1}}
2019-06-26 12:03:35,837 - DEBUG - tty.usbmodem0006822145041: RX: 2ad011000100080000000401c8639509c2c2c7160002005900000000002800030000000300000002000010
2019-06-26 12:03:35,837 - DEBUG - tty.usbmodem0006822145041: parsed_packet {event: MeshMessageReceivedUnicast, data: {'src': 17, 'dst': 1, 'appkey_handle': 8, 'subnet_handle': 0, 'ttl': 4, 'adv_addr_type': 1, 'adv_addr': bytearray(b'\xc8c\x95\t\xc2\xc2'), 'rssi': -57, 'actual_length': 22, 'data': bytearray(b'\x02\x00Y\x00\x00\x00\x00\x00(\x00\x03\x00\x00\x00\x03\x00\x00\x00\x02\x00\x00\x10')}}
2019-06-26 12:03:35,840 - INFO - tty.usbmodem0006822145041.ConfigurationClient: Received composition data (page 0x00): {
  "cid": "0059",
  "pid": "0000",
  "vid": "0000",
  "crpl": 40,
  "features": {
    "relay": 0,
    "proxy": 0,
    "friend": 2,
    "low_power": 2
  },
  "elements": [
    {
      "index": 0,
      "location": "0000",
      "models": [
        {
          "modelId": "0000"
        },
        {
          "modelId": "0002"
        },
        {
          "modelId": "1000"
        }
      ]
    }
  ]
}
2019-06-26 12:03:35,858 - DEBUG - tty.usbmodem0006822145041: RX: 05d202000000
2019-06-26 12:03:35,859 - DEBUG - tty.usbmodem0006822145041: parsed_packet {event: MeshTxComplete, data: {'token': 2}}
2019-06-26 12:03:35,859 - INFO - tty.usbmodem0006822145041: {event: MeshTxComplete, data: {'token': 2}}
2019-06-26 12:03:35,889 - DEBUG - tty.usbmodem0006822145041: RX: 1ad011000100080000000401c8639509c2c2c70600800300000000
2019-06-26 12:03:35,890 - DEBUG - tty.usbmodem0006822145041: parsed_packet {event: MeshMessageReceivedUnicast, data: {'src': 17, 'dst': 1, 'appkey_handle': 8, 'subnet_handle': 0, 'ttl': 4, 'adv_addr_type': 1, 'adv_addr': bytearray(b'\xc8c\x95\t\xc2\xc2'), 'rssi': -57, 'actual_length': 6, 'data': bytearray(b'\x80\x03\x00\x00\x00\x00')}}
2019-06-26 12:03:35,893 - INFO - tty.usbmodem0006822145041.ConfigurationClient: Appkey status: AccessStatus.SUCCESS
2019-06-26 12:03:35,899 - INFO - tty.usbmodem0006822145041.ConfigurationClient: Appkey add 0 succeded for subnet 0 at node 0011
2019-06-26 12:03:42,303 - DEBUG - tty.usbmodem0006822145041.ConfigurationClient: Sending opcode: 803d, data: 100000000010
2019-06-26 12:03:42,303 - DEBUG - tty.usbmodem0006822145041: Writing: 171 bytearray(b'\x08\x00\x01\x00\x00\x00\x08\x00\x00\x00\x80=\x10\x00\x00\x00\x00\x10')
2019-06-26 12:03:42,303 - DEBUG - tty.usbmodem0006822145041: TX: 13ab08000100000008000000803d100000000010
2019-06-26 12:03:42,308 - DEBUG - tty.usbmodem0006822145041: RX: 0784ab0003000000
2019-06-26 12:03:42,308 - DEBUG - tty.usbmodem0006822145041: parsed_packet {event: CmdRsp, data: {'opcode': 171, 'status': 0, 'data': bytearray(b'\x03\x00\x00\x00')}}
2019-06-26 12:03:42,313 - INFO - tty.usbmodem0006822145041: PacketSend: {'token': 3}
2019-06-26 12:03:42,315 - DEBUG - tty.usbmodem0006822145041: RX: 05d203000000
2019-06-26 12:03:42,316 - DEBUG - tty.usbmodem0006822145041: parsed_packet {event: MeshTxComplete, data: {'token': 3}}
2019-06-26 12:03:42,394 - INFO - tty.usbmodem0006822145041: {event: MeshTxComplete, data: {'token': 3}}
2019-06-26 12:03:42,395 - DEBUG - tty.usbmodem0006822145041: RX: 1dd011000100080000000401c8639509c2c2c70900803e01100000000010
2019-06-26 12:03:42,396 - DEBUG - tty.usbmodem0006822145041: parsed_packet {event: MeshMessageReceivedUnicast, data: {'src': 17, 'dst': 1, 'appkey_handle': 8, 'subnet_handle': 0, 'ttl': 4, 'adv_addr_type': 1, 'adv_addr': bytearray(b'\xc8c\x95\t\xc2\xc2'), 'rssi': -57, 'actual_length': 9, 'data': bytearray(b'\x80>\x01\x10\x00\x00\x00\x00\x10')}}
2019-06-26 12:03:42,397 - INFO - tty.usbmodem0006822145041.ConfigurationClient: Model app bind status: AccessStatus.INVALID_ADDRESS
2019-06-26 12:03:56,929 - DEBUG - tty.usbmodem0006822145041.ConfigurationClient: Sending opcode: 803d, data: 100000000010
2019-06-26 12:03:56,929 - DEBUG - tty.usbmodem0006822145041: Writing: 171 bytearray(b'\x08\x00\x01\x00\x00\x00\x08\x00\x00\x00\x80=\x10\x00\x00\x00\x00\x10')
2019-06-26 12:03:56,930 - DEBUG - tty.usbmodem0006822145041: TX: 13ab08000100000008000000803d100000000010
2019-06-26 12:03:56,934 - DEBUG - tty.usbmodem0006822145041: RX: 0784ab0004000000
2019-06-26 12:03:56,934 - DEBUG - tty.usbmodem0006822145041: parsed_packet {event: CmdRsp, data: {'opcode': 171, 'status': 0, 'data': bytearray(b'\x04\x00\x00\x00')}}
2019-06-26 12:03:56,934 - INFO - tty.usbmodem0006822145041: PacketSend: {'token': 4}
2019-06-26 12:03:56,935 - DEBUG - tty.usbmodem0006822145041: RX: 05d204000000
2019-06-26 12:03:56,935 - DEBUG - tty.usbmodem0006822145041: parsed_packet {event: MeshTxComplete, data: {'token': 4}}
2019-06-26 12:03:56,936 - INFO - tty.usbmodem0006822145041: {event: MeshTxComplete, data: {'token': 4}}
2019-06-26 12:03:56,958 - DEBUG - tty.usbmodem0006822145041: RX: 1dd011000100080000000401c8639509c2c2c00900803e01100000000010
2019-06-26 12:03:56,959 - DEBUG - tty.usbmodem0006822145041: parsed_packet {event: MeshMessageReceivedUnicast, data: {'src': 17, 'dst': 1, 'appkey_handle': 8, 'subnet_handle': 0, 'ttl': 4, 'adv_addr_type': 1, 'adv_addr': bytearray(b'\xc8c\x95\t\xc2\xc2'), 'rssi': -64, 'actual_length': 9, 'data': bytearray(b'\x80>\x01\x10\x00\x00\x00\x00\x10')}}
2019-06-26 12:03:56,960 - INFO - tty.usbmodem0006822145041.ConfigurationClient: Model app bind status: AccessStatus.INVALID_ADDRESS
