2019-08-19 12:18:09,076 - INFO: 

2019-08-19 12:18:09,077 - DEBUG: Writing: 105 bytearray(b'?\x1a\xbd\xf6\r\x93\xde\xec\xfaT\xa5p\xa1\x02Om\xad\xb8\xc9\xd3\x0e{\xac%|pC\xf0\x89\xad\x8aw\xc0\x82y~\xbf`\x8bi\xd6\x03s\xc1\xd6\x0bi\xbb\xa8\xaa\xad\xba\xd1R=m\x115m\xaa8;\xa7\xc7~\xa8\xfd\xfa%\xec\xc1\x14a\xf0z\xb5\xea\xbaB2w\xf3\xb0\xbe\x11\n\x17\xa2\xbd_\x88\x85K|\x12\x18')
2019-08-19 12:18:09,077 - INFO: Sending next message
2019-08-19 12:18:09,077 - DEBUG: TX: 61693f1abdf60d93deecfa54a570a1024f6dadb8c9d30e7bac257c7043f089ad8a77c082797ebf608b69d60373c1d60b69bba8aaadbad1523d6d11356daa383ba7c77ea8fdfa25ecc11461f07ab5eaba423277f3b0be110a17a2bd5f88854b7c1218
2019-08-19 12:18:09,087 - DEBUG: RX: 03845384
2019-08-19 12:18:09,087 - DEBUG: parsed_packet {event: CmdRsp, data: {'opcode': 83, 'status': 132, 'data': bytearray(b'')}}
2019-08-19 12:18:09,088 - ERROR: None: ERROR_INVALID_LENGTH
2019-08-19 12:18:09,088 - DEBUG: RX: 03840084
2019-08-19 12:18:09,088 - DEBUG: parsed_packet {event: CmdRsp, data: {'opcode': 0, 'status': 132, 'data': bytearray(b'')}}
2019-08-19 12:18:09,088 - ERROR: None: ERROR_INVALID_LENGTH
2019-08-19 12:18:09,088 - DEBUG: RX: 03840084
2019-08-19 12:18:09,089 - DEBUG: parsed_packet {event: CmdRsp, data: {'opcode': 0, 'status': 132, 'data': bytearray(b'')}}
2019-08-19 12:18:09,089 - ERROR: None: ERROR_INVALID_LENGTH
2019-08-19 12:18:09,089 - DEBUG: RX: 03840084
2019-08-19 12:18:09,089 - DEBUG: parsed_packet {event: CmdRsp, data: {'opcode': 0, 'status': 132, 'data': bytearray(b'')}}
2019-08-19 12:18:09,089 - ERROR: None: ERROR_INVALID_LENGTH
2019-08-19 12:18:09,089 - DEBUG: RX: 03840084
2019-08-19 12:18:09,090 - DEBUG: parsed_packet {event: CmdRsp, data: {'opcode': 0, 'status': 132, 'data': bytearray(b'')}}
2019-08-19 12:18:09,090 - ERROR: None: ERROR_INVALID_LENGTH
2019-08-19 12:18:09,090 - DEBUG: RX: 03840084
2019-08-19 12:18:09,090 - DEBUG: parsed_packet {event: CmdRsp, data: {'opcode': 0, 'status': 132, 'data': bytearray(b'')}}
2019-08-19 12:18:09,090 - ERROR: None: ERROR_INVALID_LENGTH
2019-08-19 12:18:09,090 - DEBUG: RX: 03840084
2019-08-19 12:18:09,091 - DEBUG: parsed_packet {event: CmdRsp, data: {'opcode': 0, 'status': 132, 'data': bytearray(b'')}}
2019-08-19 12:18:09,091 - ERROR: None: ERROR_INVALID_LENGTH
2019-08-19 12:18:09,091 - DEBUG: RX: 03840084
2019-08-19 12:18:09,091 - DEBUG: parsed_packet {event: CmdRsp, data: {'opcode': 0, 'status': 132, 'data': bytearray(b'')}}
2019-08-19 12:18:09,091 - ERROR: None: ERROR_INVALID_LENGTH
2019-08-19 12:18:09,091 - DEBUG: RX: 03840084
2019-08-19 12:18:09,092 - DEBUG: parsed_packet {event: CmdRsp, data: {'opcode': 0, 'status': 132, 'data': bytearray(b'')}}
2019-08-19 12:18:09,092 - ERROR: None: ERROR_INVALID_LENGTH
2019-08-19 12:18:09,092 - DEBUG: RX: 03840084
2019-08-19 12:18:09,092 - DEBUG: parsed_packet {event: CmdRsp, data: {'opcode': 0, 'status': 132, 'data': bytearray(b'')}}
2019-08-19 12:18:09,092 - ERROR: None: ERROR_INVALID_LENGTH
2019-08-19 12:18:09,093 - DEBUG: RX: 03840084
2019-08-19 12:18:09,093 - DEBUG: parsed_packet {event: CmdRsp, data: {'opcode': 0, 'status': 132, 'data': bytearray(b'')}}
2019-08-19 12:18:09,093 - ERROR: None: ERROR_INVALID_LENGTH
2019-08-19 12:18:09,093 - DEBUG: RX: 03840084
2019-08-19 12:18:09,093 - DEBUG: parsed_packet {event: CmdRsp, data: {'opcode': 0, 'status': 132, 'data': bytearray(b'')}}
2019-08-19 12:18:09,103 - ERROR: None: ERROR_INVALID_LENGTH
2019-08-19 12:18:09,103 - DEBUG: RX: 03840084
2019-08-19 12:18:09,103 - DEBUG: parsed_packet {event: CmdRsp, data: {'opcode': 0, 'status': 132, 'data': bytearray(b'')}}
2019-08-19 12:18:09,103 - ERROR: None: ERROR_INVALID_LENGTH
2019-08-19 12:18:09,109 - DEBUG: Writing: 159 bytearray(b'\x01\x00\x01\x00')
2019-08-19 12:18:09,110 - DEBUG: TX: 059f01000100
2019-08-19 12:18:09,112 - DEBUG: RX: 03849f00
2019-08-19 12:18:09,112 - DEBUG: parsed_packet {event: CmdRsp, data: {'opcode': 159, 'status': 0, 'data': bytearray(b'')}}
2019-08-19 12:18:09,112 - INFO: Success
2019-08-19 12:18:09,130 - DEBUG: Writing: 146 bytearray(b'\x00\x00\x18\xee\xd9\xc2\xa5j\xdd\x85\x04\x9f\xfc<Y\xad\x0e\x12')
2019-08-19 12:18:09,131 - DEBUG: TX: 1392000018eed9c2a56add85049ffc3c59ad0e12
2019-08-19 12:18:09,135 - DEBUG: RX: 058492000000
2019-08-19 12:18:09,135 - DEBUG: parsed_packet {event: CmdRsp, data: {'opcode': 146, 'status': 0, 'data': bytearray(b'\x00\x00')}}
2019-08-19 12:18:09,135 - INFO: SubnetAdd: {'subnet_handle': 0}
2019-08-19 12:18:09,156 - DEBUG: Writing: 151 bytearray(b'\x00\x00\x00\x00Oh\xad\x85\xd9\xf4\x8a\xc8X\x9d\xf6e\xb6\xb4\x9b\x8a')
2019-08-19 12:18:09,158 - DEBUG: TX: 1597000000004f68ad85d9f48ac8589df665b6b49b8a
2019-08-19 12:18:09,162 - DEBUG: RX: 058497000000
2019-08-19 12:18:09,163 - DEBUG: parsed_packet {event: CmdRsp, data: {'opcode': 151, 'status': 0, 'data': bytearray(b'\x00\x00')}}
2019-08-19 12:18:09,163 - INFO: AppkeyAdd: {'appkey_handle': 0}
2019-08-19 12:18:09,184 - DEBUG: Writing: 151 bytearray(b'\x01\x00\x00\x00*\xa2\xa6\xde\xd5\xa0y\x8c\xea\xb5x|\xa3\xae9\xfc')
2019-08-19 12:18:09,184 - DEBUG: TX: 1597010000002aa2a6ded5a0798ceab5787ca3ae39fc
2019-08-19 12:18:09,188 - DEBUG: RX: 058497000100
2019-08-19 12:18:09,190 - DEBUG: parsed_packet {event: CmdRsp, data: {'opcode': 151, 'status': 0, 'data': bytearray(b'\x01\x00')}}
2019-08-19 12:18:09,191 - INFO: AppkeyAdd: {'appkey_handle': 1}
2019-08-19 12:18:09,208 - DEBUG: Writing: 159 bytearray(b'\x01\x00\x01\x00')
2019-08-19 12:18:09,210 - DEBUG: TX: 059f01000100
2019-08-19 12:18:09,218 - DEBUG: RX: 03849f8e
2019-08-19 12:18:09,218 - DEBUG: parsed_packet {event: CmdRsp, data: {'opcode': 159, 'status': 142, 'data': bytearray(b'')}}
2019-08-19 12:18:09,218 - ERROR: None: ERROR_REJECTED
2019-08-19 12:18:09,235 - DEBUG: Writing: 146 bytearray(b'\x00\x00\x18\xee\xd9\xc2\xa5j\xdd\x85\x04\x9f\xfc<Y\xad\x0e\x12')
2019-08-19 12:18:09,235 - DEBUG: TX: 1392000018eed9c2a56add85049ffc3c59ad0e12
2019-08-19 12:18:09,239 - DEBUG: RX: 03849281
2019-08-19 12:18:09,239 - DEBUG: parsed_packet {event: CmdRsp, data: {'opcode': 146, 'status': 129, 'data': bytearray(b'')}}
2019-08-19 12:18:09,240 - ERROR: SubnetAdd: ERROR_INTERNAL
2019-08-19 12:18:09,260 - DEBUG: Writing: 151 bytearray(b'\x00\x00\x00\x00Oh\xad\x85\xd9\xf4\x8a\xc8X\x9d\xf6e\xb6\xb4\x9b\x8a')
2019-08-19 12:18:09,260 - DEBUG: TX: 1597000000004f68ad85d9f48ac8589df665b6b49b8a
2019-08-19 12:18:09,264 - DEBUG: RX: 03849781
2019-08-19 12:18:09,264 - DEBUG: parsed_packet {event: CmdRsp, data: {'opcode': 151, 'status': 129, 'data': bytearray(b'')}}
2019-08-19 12:18:09,264 - ERROR: AppkeyAdd: ERROR_INTERNAL
2019-08-19 12:18:09,284 - DEBUG: Writing: 151 bytearray(b'\x01\x00\x00\x00*\xa2\xa6\xde\xd5\xa0y\x8c\xea\xb5x|\xa3\xae9\xfc')
2019-08-19 12:18:09,288 - DEBUG: TX: 1597010000002aa2a6ded5a0798ceab5787ca3ae39fc
2019-08-19 12:18:09,294 - DEBUG: RX: 03849781
2019-08-19 12:18:09,295 - DEBUG: parsed_packet {event: CmdRsp, data: {'opcode': 151, 'status': 129, 'data': bytearray(b'')}}
2019-08-19 12:18:09,295 - ERROR: AppkeyAdd: ERROR_INTERNAL
2019-08-19 12:18:09,312 - DEBUG: Writing: 161 bytearray(b'\x01\xc0')
2019-08-19 12:18:09,313 - DEBUG: TX: 03a101c0
2019-08-19 12:18:09,317 - DEBUG: RX: 0584a1000000
2019-08-19 12:18:09,319 - DEBUG: parsed_packet {event: CmdRsp, data: {'opcode': 161, 'status': 0, 'data': bytearray(b'\x00\x00')}}
2019-08-19 12:18:09,320 - INFO: AddrSubscriptionAdd: {'address_handle': 0}
2019-08-19 12:18:09,321 - INFO: 

2019-08-19 12:18:09,322 - INFO: Sending next message
2019-08-19 12:18:09,335 - DEBUG: Writing: 164 bytearray(b'\x10\x00')
2019-08-19 12:18:09,335 - DEBUG: TX: 03a41000
2019-08-19 12:18:09,338 - DEBUG: RX: 0584a4000100
2019-08-19 12:18:09,338 - DEBUG: parsed_packet {event: CmdRsp, data: {'opcode': 164, 'status': 0, 'data': bytearray(b'\x01\x00')}}
2019-08-19 12:18:09,338 - INFO: AddrPublicationAdd: {'address_handle': 1}
2019-08-19 12:18:09,339 - INFO: 

2019-08-19 12:18:09,339 - INFO: Sending next message
2019-08-19 12:18:09,360 - DEBUG: Writing: 164 bytearray(b'\x11\x00')
2019-08-19 12:18:09,361 - DEBUG: TX: 03a41100
2019-08-19 12:18:09,363 - DEBUG: RX: 0584a4000200
2019-08-19 12:18:09,363 - DEBUG: parsed_packet {event: CmdRsp, data: {'opcode': 164, 'status': 0, 'data': bytearray(b'\x02\x00')}}
2019-08-19 12:18:09,363 - INFO: AddrPublicationAdd: {'address_handle': 2}
2019-08-19 12:18:09,363 - INFO: 

2019-08-19 12:18:09,364 - INFO: Sending next message
2019-08-19 12:18:09,385 - DEBUG: Writing: 164 bytearray(b'\x12\x00')
2019-08-19 12:18:09,386 - DEBUG: TX: 03a41200
2019-08-19 12:18:09,390 - DEBUG: RX: 0584a4000300
2019-08-19 12:18:09,392 - DEBUG: parsed_packet {event: CmdRsp, data: {'opcode': 164, 'status': 0, 'data': bytearray(b'\x03\x00')}}
2019-08-19 12:18:09,394 - INFO: AddrPublicationAdd: {'address_handle': 3}
2019-08-19 12:18:09,395 - INFO: 

2019-08-19 12:18:09,395 - INFO: Sending next message
2019-08-19 12:18:09,409 - DEBUG: Writing: 164 bytearray(b'\x13\x00')
2019-08-19 12:18:09,411 - DEBUG: TX: 03a41300
2019-08-19 12:18:09,415 - DEBUG: RX: 0584a4000400
2019-08-19 12:18:09,417 - DEBUG: parsed_packet {event: CmdRsp, data: {'opcode': 164, 'status': 0, 'data': bytearray(b'\x04\x00')}}
2019-08-19 12:18:09,419 - INFO: AddrPublicationAdd: {'address_handle': 4}
2019-08-19 12:18:09,429 - INFO: 

2019-08-19 12:18:09,430 - INFO: Sending next message
2019-08-19 12:18:09,436 - DEBUG: Writing: 164 bytearray(b'\x14\x00')
2019-08-19 12:18:09,437 - DEBUG: TX: 03a41400
2019-08-19 12:18:09,439 - DEBUG: RX: 0584a4000500
2019-08-19 12:18:09,439 - DEBUG: parsed_packet {event: CmdRsp, data: {'opcode': 164, 'status': 0, 'data': bytearray(b'\x05\x00')}}
2019-08-19 12:18:09,440 - INFO: AddrPublicationAdd: {'address_handle': 5}
2019-08-19 12:18:09,440 - INFO: 

2019-08-19 12:18:09,440 - INFO: Sending next message
2019-08-19 12:18:09,462 - DEBUG: Writing: 164 bytearray(b'\x15\x00')
2019-08-19 12:18:09,463 - DEBUG: TX: 03a41500
2019-08-19 12:18:09,465 - DEBUG: RX: 0584a4000600
2019-08-19 12:18:09,465 - DEBUG: parsed_packet {event: CmdRsp, data: {'opcode': 164, 'status': 0, 'data': bytearray(b'\x06\x00')}}
2019-08-19 12:18:09,465 - INFO: AddrPublicationAdd: {'address_handle': 6}
2019-08-19 12:18:09,466 - INFO: 

2019-08-19 12:18:09,466 - INFO: Sending next message
2019-08-19 12:18:09,485 - DEBUG: Writing: 164 bytearray(b'\x16\x00')
2019-08-19 12:18:09,486 - DEBUG: TX: 03a41600
2019-08-19 12:18:09,492 - DEBUG: RX: 0584a4000700
2019-08-19 12:18:09,493 - DEBUG: parsed_packet {event: CmdRsp, data: {'opcode': 164, 'status': 0, 'data': bytearray(b'\x07\x00')}}
2019-08-19 12:18:09,496 - INFO: AddrPublicationAdd: {'address_handle': 7}
2019-08-19 12:18:09,499 - INFO: 

2019-08-19 12:18:09,500 - INFO: Sending next message
2019-08-19 12:18:09,507 - DEBUG: Writing: 164 bytearray(b'\x17\x00')
2019-08-19 12:18:09,507 - DEBUG: TX: 03a41700
2019-08-19 12:18:09,510 - DEBUG: RX: 0584a4000800
2019-08-19 12:18:09,510 - DEBUG: parsed_packet {event: CmdRsp, data: {'opcode': 164, 'status': 0, 'data': bytearray(b'\x08\x00')}}
2019-08-19 12:18:09,510 - INFO: AddrPublicationAdd: {'address_handle': 8}
2019-08-19 12:18:09,510 - INFO: 

2019-08-19 12:18:09,511 - INFO: Sending next message
2019-08-19 12:18:09,532 - DEBUG: Writing: 164 bytearray(b'\x18\x00')
2019-08-19 12:18:09,533 - DEBUG: TX: 03a41800
2019-08-19 12:18:09,535 - DEBUG: RX: 0584a4000900
2019-08-19 12:18:09,536 - DEBUG: parsed_packet {event: CmdRsp, data: {'opcode': 164, 'status': 0, 'data': bytearray(b'\t\x00')}}
2019-08-19 12:18:09,536 - INFO: AddrPublicationAdd: {'address_handle': 9}
2019-08-19 12:18:09,536 - INFO: 

2019-08-19 12:18:09,536 - INFO: Sending next message
2019-08-19 12:18:09,560 - DEBUG: Writing: 164 bytearray(b'\x19\x00')
2019-08-19 12:18:09,561 - DEBUG: TX: 03a41900
2019-08-19 12:18:09,563 - DEBUG: RX: 0584a4000a00
2019-08-19 12:18:09,563 - DEBUG: parsed_packet {event: CmdRsp, data: {'opcode': 164, 'status': 0, 'data': bytearray(b'\n\x00')}}
2019-08-19 12:18:09,564 - INFO: AddrPublicationAdd: {'address_handle': 10}
2019-08-19 12:18:09,564 - INFO: 

2019-08-19 12:18:09,565 - INFO: Sending next message
2019-08-19 12:18:09,586 - DEBUG: Writing: 164 bytearray(b'\x1a\x00')
2019-08-19 12:18:09,587 - DEBUG: TX: 03a41a00
2019-08-19 12:18:09,590 - DEBUG: RX: 0584a4000b00
2019-08-19 12:18:09,591 - DEBUG: parsed_packet {event: CmdRsp, data: {'opcode': 164, 'status': 0, 'data': bytearray(b'\x0b\x00')}}
2019-08-19 12:18:09,591 - INFO: AddrPublicationAdd: {'address_handle': 11}
2019-08-19 12:18:09,595 - INFO: 

2019-08-19 12:18:09,597 - INFO: Sending next message
2019-08-19 12:18:09,612 - DEBUG: Writing: 164 bytearray(b'\x1b\x00')
2019-08-19 12:18:09,613 - DEBUG: TX: 03a41b00
2019-08-19 12:18:09,616 - DEBUG: RX: 0584a4000c00
2019-08-19 12:18:09,616 - DEBUG: parsed_packet {event: CmdRsp, data: {'opcode': 164, 'status': 0, 'data': bytearray(b'\x0c\x00')}}
2019-08-19 12:18:09,617 - INFO: AddrPublicationAdd: {'address_handle': 12}
2019-08-19 12:18:09,618 - INFO: 

2019-08-19 12:18:09,632 - INFO: Sending next message
2019-08-19 12:18:09,641 - DEBUG: Writing: 164 bytearray(b'\x1c\x00')
2019-08-19 12:18:09,642 - DEBUG: TX: 03a41c00
2019-08-19 12:18:09,648 - DEBUG: RX: 0584a4000d00
2019-08-19 12:18:09,650 - DEBUG: parsed_packet {event: CmdRsp, data: {'opcode': 164, 'status': 0, 'data': bytearray(b'\r\x00')}}
2019-08-19 12:18:09,654 - INFO: AddrPublicationAdd: {'address_handle': 13}
2019-08-19 12:18:09,658 - INFO: 

2019-08-19 12:18:09,660 - INFO: Sending next message
2019-08-19 12:18:09,665 - DEBUG: Writing: 164 bytearray(b'\x1d\x00')
2019-08-19 12:18:09,667 - DEBUG: TX: 03a41d00
2019-08-19 12:18:09,715 - DEBUG: RX: 0584a4000e00
2019-08-19 12:18:09,717 - DEBUG: parsed_packet {event: CmdRsp, data: {'opcode': 164, 'status': 0, 'data': bytearray(b'\x0e\x00')}}
2019-08-19 12:18:09,718 - INFO: AddrPublicationAdd: {'address_handle': 14}
2019-08-19 12:18:09,718 - INFO: 

2019-08-19 12:18:09,718 - INFO: Sending next message
2019-08-19 12:18:09,719 - DEBUG: Writing: 156 bytearray(b'\x10\x00\x00\x005N.!\xee\xea\xb5\x7f\xd8^\xe4\xd3paI\x01')
2019-08-19 12:18:09,719 - DEBUG: TX: 159c10000000354e2e21eeeab57fd85ee4d370614901
2019-08-19 12:18:09,723 - DEBUG: RX: 05849c000800
2019-08-19 12:18:09,724 - DEBUG: parsed_packet {event: CmdRsp, data: {'opcode': 156, 'status': 0, 'data': bytearray(b'\x08\x00')}}
2019-08-19 12:18:09,724 - INFO: DevkeyAdd: {'devkey_handle': 8}
2019-08-19 12:18:09,724 - INFO: No Messages remaining
2019-08-19 12:18:19,741 - DEBUG: Sending opcode: c15900, data: 0100
2019-08-19 12:18:19,785 - DEBUG: Writing: 171 bytearray(b'\x00\x00\x01\x00\x04\x00\x08\x00\x00\x00\xc1Y\x00\x01\x00')
2019-08-19 12:18:19,786 - DEBUG: TX: 10ab00000100040008000000c159000100
2019-08-19 12:18:19,792 - DEBUG: RX: 0784ab0001000000
2019-08-19 12:18:19,792 - DEBUG: parsed_packet {event: CmdRsp, data: {'opcode': 171, 'status': 0, 'data': bytearray(b'\x01\x00\x00\x00')}}
2019-08-19 12:18:19,792 - INFO: PacketSend: {'token': 1}
2019-08-19 12:18:19,809 - DEBUG: RX: 05d201000000
2019-08-19 12:18:19,809 - DEBUG: parsed_packet {event: MeshTxComplete, data: {'token': 1}}
2019-08-19 12:18:19,810 - INFO: {event: MeshTxComplete, data: {'token': 1}}
2019-08-19 12:18:19,812 - DEBUG: RX: 18d013000100000000007f01cb6e5fd50bd8d60400c4590001
2019-08-19 12:18:19,813 - DEBUG: parsed_packet {event: MeshMessageReceivedUnicast, data: {'src': 19, 'dst': 1, 'appkey_handle': 0, 'subnet_handle': 0, 'ttl': 127, 'adv_addr_type': 1, 'adv_addr': bytearray(b'\xcbn_\xd5\x0b\xd8'), 'rssi': -42, 'actual_length': 4, 'data': bytearray(b'\xc4Y\x00\x01')}}
2019-08-19 12:18:19,814 - INFO: {event: MeshMessageReceivedUnicast, data: {'src': 19, 'dst': 1, 'appkey_handle': 0, 'subnet_handle': 0, 'ttl': 127, 'adv_addr_type': 1, 'adv_addr': bytearray(b'\xcbn_\xd5\x0b\xd8'), 'rssi': -42, 'actual_length': 4, 'data': bytearray(b'\xc4\x00Y\x01')}}
2019-08-19 12:18:20,742 - DEBUG: Sending opcode: 8201, data: 
2019-08-19 12:18:20,743 - DEBUG: Writing: 171 bytearray(b'\x00\x00\x01\x00\x04\x00\x08\x00\x00\x00\x82\x01')
2019-08-19 12:18:20,743 - DEBUG: TX: 0dab000001000400080000008201
2019-08-19 12:18:20,747 - DEBUG: RX: 0784ab0002000000
2019-08-19 12:18:20,748 - DEBUG: parsed_packet {event: CmdRsp, data: {'opcode': 171, 'status': 0, 'data': bytearray(b'\x02\x00\x00\x00')}}
2019-08-19 12:18:20,748 - INFO: PacketSend: {'token': 2}
2019-08-19 12:18:20,760 - DEBUG: RX: 05d202000000
2019-08-19 12:18:20,760 - DEBUG: parsed_packet {event: MeshTxComplete, data: {'token': 2}}
2019-08-19 12:18:20,761 - INFO: {event: MeshTxComplete, data: {'token': 2}}
2019-08-19 12:18:20,771 - DEBUG: RX: 17d013000100000000007f01cb6e5fd50bd8d80300820401
2019-08-19 12:18:20,772 - DEBUG: parsed_packet {event: MeshMessageReceivedUnicast, data: {'src': 19, 'dst': 1, 'appkey_handle': 0, 'subnet_handle': 0, 'ttl': 127, 'adv_addr_type': 1, 'adv_addr': bytearray(b'\xcbn_\xd5\x0b\xd8'), 'rssi': -40, 'actual_length': 3, 'data': bytearray(b'\x82\x04\x01')}}
2019-08-19 12:18:20,772 - INFO: Status Present OnOff: on
2019-08-19 12:18:20,773 - INFO: {event: MeshMessageReceivedUnicast, data: {'src': 19, 'dst': 1, 'appkey_handle': 0, 'subnet_handle': 0, 'ttl': 127, 'adv_addr_type': 1, 'adv_addr': bytearray(b'\xcbn_\xd5\x0b\xd8'), 'rssi': -40, 'actual_length': 3, 'data': bytearray(b'\x82\x04\x01')}}
2019-08-19 12:19:11,084 - DEBUG: Sending opcode: c15900, data: 0101
2019-08-19 12:19:11,124 - DEBUG: Writing: 171 bytearray(b'\x00\x00\x01\x00\x04\x00\x08\x00\x00\x00\xc1Y\x00\x01\x01')
2019-08-19 12:19:11,124 - DEBUG: TX: 10ab00000100040008000000c159000101
2019-08-19 12:19:11,132 - DEBUG: RX: 0784ab0003000000
2019-08-19 12:19:11,133 - DEBUG: parsed_packet {event: CmdRsp, data: {'opcode': 171, 'status': 0, 'data': bytearray(b'\x03\x00\x00\x00')}}
2019-08-19 12:19:11,133 - INFO: PacketSend: {'token': 3}
2019-08-19 12:19:11,140 - DEBUG: RX: 05d203000000
2019-08-19 12:19:11,141 - DEBUG: parsed_packet {event: MeshTxComplete, data: {'token': 3}}
2019-08-19 12:19:11,141 - INFO: {event: MeshTxComplete, data: {'token': 3}}
2019-08-19 12:19:11,152 - DEBUG: RX: 18d013000100000000007f01cb6e5fd50bd8d20400c4590001
2019-08-19 12:19:11,152 - DEBUG: parsed_packet {event: MeshMessageReceivedUnicast, data: {'src': 19, 'dst': 1, 'appkey_handle': 0, 'subnet_handle': 0, 'ttl': 127, 'adv_addr_type': 1, 'adv_addr': bytearray(b'\xcbn_\xd5\x0b\xd8'), 'rssi': -46, 'actual_length': 4, 'data': bytearray(b'\xc4Y\x00\x01')}}
2019-08-19 12:19:11,153 - INFO: {event: MeshMessageReceivedUnicast, data: {'src': 19, 'dst': 1, 'appkey_handle': 0, 'subnet_handle': 0, 'ttl': 127, 'adv_addr_type': 1, 'adv_addr': bytearray(b'\xcbn_\xd5\x0b\xd8'), 'rssi': -46, 'actual_length': 4, 'data': bytearray(b'\xc4\x00Y\x01')}}
2019-08-19 12:19:12,087 - DEBUG: Sending opcode: 8201, data: 
2019-08-19 12:19:12,087 - DEBUG: Writing: 171 bytearray(b'\x00\x00\x01\x00\x04\x00\x08\x00\x00\x00\x82\x01')
2019-08-19 12:19:12,088 - DEBUG: TX: 0dab000001000400080000008201
2019-08-19 12:19:12,092 - DEBUG: RX: 0784ab0004000000
2019-08-19 12:19:12,093 - DEBUG: parsed_packet {event: CmdRsp, data: {'opcode': 171, 'status': 0, 'data': bytearray(b'\x04\x00\x00\x00')}}
2019-08-19 12:19:12,093 - INFO: PacketSend: {'token': 4}
2019-08-19 12:19:12,106 - DEBUG: RX: 05d204000000
2019-08-19 12:19:12,107 - DEBUG: parsed_packet {event: MeshTxComplete, data: {'token': 4}}
2019-08-19 12:19:12,107 - INFO: {event: MeshTxComplete, data: {'token': 4}}
2019-08-19 12:19:12,125 - DEBUG: RX: 17d013000100000000007f01cb6e5fd50bd8d20300820401
2019-08-19 12:19:12,126 - DEBUG: parsed_packet {event: MeshMessageReceivedUnicast, data: {'src': 19, 'dst': 1, 'appkey_handle': 0, 'subnet_handle': 0, 'ttl': 127, 'adv_addr_type': 1, 'adv_addr': bytearray(b'\xcbn_\xd5\x0b\xd8'), 'rssi': -46, 'actual_length': 3, 'data': bytearray(b'\x82\x04\x01')}}
2019-08-19 12:19:12,126 - INFO: Status Present OnOff: on
2019-08-19 12:19:12,126 - INFO: {event: MeshMessageReceivedUnicast, data: {'src': 19, 'dst': 1, 'appkey_handle': 0, 'subnet_handle': 0, 'ttl': 127, 'adv_addr_type': 1, 'adv_addr': bytearray(b'\xcbn_\xd5\x0b\xd8'), 'rssi': -46, 'actual_length': 3, 'data': bytearray(b'\x82\x04\x01')}}
2019-08-19 12:19:29,714 - DEBUG: Sending opcode: c15900, data: 0102
2019-08-19 12:19:29,755 - DEBUG: Writing: 171 bytearray(b'\x00\x00\x01\x00\x04\x00\x08\x00\x00\x00\xc1Y\x00\x01\x02')
2019-08-19 12:19:29,755 - DEBUG: TX: 10ab00000100040008000000c159000102
2019-08-19 12:19:29,764 - DEBUG: RX: 0784ab0005000000
2019-08-19 12:19:29,766 - DEBUG: parsed_packet {event: CmdRsp, data: {'opcode': 171, 'status': 0, 'data': bytearray(b'\x05\x00\x00\x00')}}
2019-08-19 12:19:29,766 - INFO: PacketSend: {'token': 5}
2019-08-19 12:19:29,782 - DEBUG: RX: 05d205000000
2019-08-19 12:19:29,783 - DEBUG: parsed_packet {event: MeshTxComplete, data: {'token': 5}}
2019-08-19 12:19:29,784 - INFO: {event: MeshTxComplete, data: {'token': 5}}
2019-08-19 12:19:29,787 - DEBUG: RX: 18d013000100000000007f01cb6e5fd50bd8d20400c4590001
2019-08-19 12:19:29,787 - DEBUG: parsed_packet {event: MeshMessageReceivedUnicast, data: {'src': 19, 'dst': 1, 'appkey_handle': 0, 'subnet_handle': 0, 'ttl': 127, 'adv_addr_type': 1, 'adv_addr': bytearray(b'\xcbn_\xd5\x0b\xd8'), 'rssi': -46, 'actual_length': 4, 'data': bytearray(b'\xc4Y\x00\x01')}}
2019-08-19 12:19:29,789 - INFO: {event: MeshMessageReceivedUnicast, data: {'src': 19, 'dst': 1, 'appkey_handle': 0, 'subnet_handle': 0, 'ttl': 127, 'adv_addr_type': 1, 'adv_addr': bytearray(b'\xcbn_\xd5\x0b\xd8'), 'rssi': -46, 'actual_length': 4, 'data': bytearray(b'\xc4\x00Y\x01')}}
2019-08-19 12:19:30,715 - DEBUG: Sending opcode: 8201, data: 
2019-08-19 12:19:30,718 - DEBUG: Writing: 171 bytearray(b'\x00\x00\x01\x00\x04\x00\x08\x00\x00\x00\x82\x01')
2019-08-19 12:19:30,718 - DEBUG: TX: 0dab000001000400080000008201
2019-08-19 12:19:30,722 - DEBUG: RX: 0784ab0006000000
2019-08-19 12:19:30,722 - DEBUG: parsed_packet {event: CmdRsp, data: {'opcode': 171, 'status': 0, 'data': bytearray(b'\x06\x00\x00\x00')}}
2019-08-19 12:19:30,723 - INFO: PacketSend: {'token': 6}
2019-08-19 12:19:30,725 - DEBUG: RX: 05d206000000
2019-08-19 12:19:30,725 - DEBUG: parsed_packet {event: MeshTxComplete, data: {'token': 6}}
2019-08-19 12:19:30,725 - INFO: {event: MeshTxComplete, data: {'token': 6}}
2019-08-19 12:19:30,738 - DEBUG: RX: 17d013000100000000007f01cb6e5fd50bd8cf0300820401
2019-08-19 12:19:30,738 - DEBUG: parsed_packet {event: MeshMessageReceivedUnicast, data: {'src': 19, 'dst': 1, 'appkey_handle': 0, 'subnet_handle': 0, 'ttl': 127, 'adv_addr_type': 1, 'adv_addr': bytearray(b'\xcbn_\xd5\x0b\xd8'), 'rssi': -49, 'actual_length': 3, 'data': bytearray(b'\x82\x04\x01')}}
2019-08-19 12:19:30,738 - INFO: Status Present OnOff: on
2019-08-19 12:19:30,738 - INFO: {event: MeshMessageReceivedUnicast, data: {'src': 19, 'dst': 1, 'appkey_handle': 0, 'subnet_handle': 0, 'ttl': 127, 'adv_addr_type': 1, 'adv_addr': bytearray(b'\xcbn_\xd5\x0b\xd8'), 'rssi': -49, 'actual_length': 3, 'data': bytearray(b'\x82\x04\x01')}}
2019-08-19 12:20:16,173 - DEBUG: Sending opcode: c15900, data: 0103
2019-08-19 12:20:16,183 - DEBUG: Writing: 171 bytearray(b'\x00\x00\x01\x00\x04\x00\x08\x00\x00\x00\xc1Y\x00\x01\x03')
2019-08-19 12:20:16,183 - DEBUG: TX: 10ab00000100040008000000c159000103
2019-08-19 12:20:16,189 - DEBUG: RX: 0784ab0007000000
2019-08-19 12:20:16,190 - DEBUG: parsed_packet {event: CmdRsp, data: {'opcode': 171, 'status': 0, 'data': bytearray(b'\x07\x00\x00\x00')}}
2019-08-19 12:20:16,190 - INFO: PacketSend: {'token': 7}
2019-08-19 12:20:16,207 - DEBUG: RX: 05d207000000
2019-08-19 12:20:16,208 - DEBUG: parsed_packet {event: MeshTxComplete, data: {'token': 7}}
2019-08-19 12:20:16,210 - INFO: {event: MeshTxComplete, data: {'token': 7}}
2019-08-19 12:20:16,211 - DEBUG: RX: 18d013000100000000007f01cb6e5fd50bd8d30400c4590001
2019-08-19 12:20:16,212 - DEBUG: parsed_packet {event: MeshMessageReceivedUnicast, data: {'src': 19, 'dst': 1, 'appkey_handle': 0, 'subnet_handle': 0, 'ttl': 127, 'adv_addr_type': 1, 'adv_addr': bytearray(b'\xcbn_\xd5\x0b\xd8'), 'rssi': -45, 'actual_length': 4, 'data': bytearray(b'\xc4Y\x00\x01')}}
2019-08-19 12:20:16,213 - INFO: {event: MeshMessageReceivedUnicast, data: {'src': 19, 'dst': 1, 'appkey_handle': 0, 'subnet_handle': 0, 'ttl': 127, 'adv_addr_type': 1, 'adv_addr': bytearray(b'\xcbn_\xd5\x0b\xd8'), 'rssi': -45, 'actual_length': 4, 'data': bytearray(b'\xc4\x00Y\x01')}}
2019-08-19 12:20:17,175 - DEBUG: Sending opcode: 8201, data: 
2019-08-19 12:20:17,176 - DEBUG: Writing: 171 bytearray(b'\x00\x00\x01\x00\x04\x00\x08\x00\x00\x00\x82\x01')
2019-08-19 12:20:17,176 - DEBUG: TX: 0dab000001000400080000008201
2019-08-19 12:20:17,180 - DEBUG: RX: 0784ab0008000000
2019-08-19 12:20:17,182 - DEBUG: parsed_packet {event: CmdRsp, data: {'opcode': 171, 'status': 0, 'data': bytearray(b'\x08\x00\x00\x00')}}
2019-08-19 12:20:17,182 - INFO: PacketSend: {'token': 8}
2019-08-19 12:20:17,196 - DEBUG: RX: 05d208000000
2019-08-19 12:20:17,196 - DEBUG: parsed_packet {event: MeshTxComplete, data: {'token': 8}}
2019-08-19 12:20:17,196 - INFO: {event: MeshTxComplete, data: {'token': 8}}
2019-08-19 12:20:17,201 - DEBUG: RX: 17d013000100000000007f01cb6e5fd50bd8d60300820401
2019-08-19 12:20:17,201 - DEBUG: parsed_packet {event: MeshMessageReceivedUnicast, data: {'src': 19, 'dst': 1, 'appkey_handle': 0, 'subnet_handle': 0, 'ttl': 127, 'adv_addr_type': 1, 'adv_addr': bytearray(b'\xcbn_\xd5\x0b\xd8'), 'rssi': -42, 'actual_length': 3, 'data': bytearray(b'\x82\x04\x01')}}
2019-08-19 12:20:17,201 - INFO: Status Present OnOff: on
2019-08-19 12:20:17,202 - INFO: {event: MeshMessageReceivedUnicast, data: {'src': 19, 'dst': 1, 'appkey_handle': 0, 'subnet_handle': 0, 'ttl': 127, 'adv_addr_type': 1, 'adv_addr': bytearray(b'\xcbn_\xd5\x0b\xd8'), 'rssi': -42, 'actual_length': 3, 'data': bytearray(b'\x82\x04\x01')}}
2019-08-19 12:20:17,634 - DEBUG: Sending opcode: 8201, data: 
2019-08-19 12:20:17,634 - DEBUG: Writing: 171 bytearray(b'\x00\x00\x01\x00\x04\x00\x08\x00\x00\x00\x82\x01')
2019-08-19 12:20:17,634 - DEBUG: TX: 0dab000001000400080000008201
2019-08-19 12:20:17,638 - DEBUG: RX: 0784ab0009000000
2019-08-19 12:20:17,638 - DEBUG: parsed_packet {event: CmdRsp, data: {'opcode': 171, 'status': 0, 'data': bytearray(b'\t\x00\x00\x00')}}
2019-08-19 12:20:17,638 - INFO: PacketSend: {'token': 9}
2019-08-19 12:20:17,641 - DEBUG: RX: 05d209000000
2019-08-19 12:20:17,641 - DEBUG: parsed_packet {event: MeshTxComplete, data: {'token': 9}}
2019-08-19 12:20:17,641 - INFO: {event: MeshTxComplete, data: {'token': 9}}
2019-08-19 12:20:17,661 - DEBUG: RX: 17d013000100000000007f01cb6e5fd50bd8d30300820401
2019-08-19 12:20:17,661 - DEBUG: parsed_packet {event: MeshMessageReceivedUnicast, data: {'src': 19, 'dst': 1, 'appkey_handle': 0, 'subnet_handle': 0, 'ttl': 127, 'adv_addr_type': 1, 'adv_addr': bytearray(b'\xcbn_\xd5\x0b\xd8'), 'rssi': -45, 'actual_length': 3, 'data': bytearray(b'\x82\x04\x01')}}
2019-08-19 12:20:17,661 - INFO: Status Present OnOff: on
2019-08-19 12:20:17,662 - INFO: {event: MeshMessageReceivedUnicast, data: {'src': 19, 'dst': 1, 'appkey_handle': 0, 'subnet_handle': 0, 'ttl': 127, 'adv_addr_type': 1, 'adv_addr': bytearray(b'\xcbn_\xd5\x0b\xd8'), 'rssi': -45, 'actual_length': 3, 'data': bytearray(b'\x82\x04\x01')}}
2019-08-19 12:20:18,442 - DEBUG: Sending opcode: 8201, data: 
2019-08-19 12:20:18,443 - DEBUG: Writing: 171 bytearray(b'\x00\x00\x01\x00\x04\x00\x08\x00\x00\x00\x82\x01')
2019-08-19 12:20:18,443 - DEBUG: TX: 0dab000001000400080000008201
2019-08-19 12:20:18,448 - DEBUG: RX: 0784ab000a000000
2019-08-19 12:20:18,449 - DEBUG: parsed_packet {event: CmdRsp, data: {'opcode': 171, 'status': 0, 'data': bytearray(b'\n\x00\x00\x00')}}
2019-08-19 12:20:18,449 - INFO: PacketSend: {'token': 10}
2019-08-19 12:20:18,456 - DEBUG: RX: 05d20a000000
2019-08-19 12:20:18,456 - DEBUG: parsed_packet {event: MeshTxComplete, data: {'token': 10}}
2019-08-19 12:20:18,456 - INFO: {event: MeshTxComplete, data: {'token': 10}}
2019-08-19 12:20:18,479 - DEBUG: RX: 17d013000100000000007f01cb6e5fd50bd8d20300820401
2019-08-19 12:20:18,479 - DEBUG: parsed_packet {event: MeshMessageReceivedUnicast, data: {'src': 19, 'dst': 1, 'appkey_handle': 0, 'subnet_handle': 0, 'ttl': 127, 'adv_addr_type': 1, 'adv_addr': bytearray(b'\xcbn_\xd5\x0b\xd8'), 'rssi': -46, 'actual_length': 3, 'data': bytearray(b'\x82\x04\x01')}}
2019-08-19 12:20:18,479 - INFO: Status Present OnOff: on
2019-08-19 12:20:18,480 - INFO: {event: MeshMessageReceivedUnicast, data: {'src': 19, 'dst': 1, 'appkey_handle': 0, 'subnet_handle': 0, 'ttl': 127, 'adv_addr_type': 1, 'adv_addr': bytearray(b'\xcbn_\xd5\x0b\xd8'), 'rssi': -46, 'actual_length': 3, 'data': bytearray(b'\x82\x04\x01')}}
2019-08-19 12:20:19,995 - DEBUG: Sending opcode: 8201, data: 
2019-08-19 12:20:19,998 - DEBUG: Writing: 171 bytearray(b'\x00\x00\x01\x00\x04\x00\x08\x00\x00\x00\x82\x01')
2019-08-19 12:20:19,998 - DEBUG: TX: 0dab000001000400080000008201
2019-08-19 12:20:20,002 - DEBUG: RX: 0784ab000b000000
2019-08-19 12:20:20,003 - DEBUG: parsed_packet {event: CmdRsp, data: {'opcode': 171, 'status': 0, 'data': bytearray(b'\x0b\x00\x00\x00')}}
2019-08-19 12:20:20,004 - INFO: PacketSend: {'token': 11}
2019-08-19 12:20:20,007 - DEBUG: RX: 05d20b000000
2019-08-19 12:20:20,007 - DEBUG: parsed_packet {event: MeshTxComplete, data: {'token': 11}}
2019-08-19 12:20:20,008 - INFO: {event: MeshTxComplete, data: {'token': 11}}
2019-08-19 12:20:20,012 - DEBUG: RX: 17d013000100000000007f01cb6e5fd50bd8d70300820401
2019-08-19 12:20:20,012 - DEBUG: parsed_packet {event: MeshMessageReceivedUnicast, data: {'src': 19, 'dst': 1, 'appkey_handle': 0, 'subnet_handle': 0, 'ttl': 127, 'adv_addr_type': 1, 'adv_addr': bytearray(b'\xcbn_\xd5\x0b\xd8'), 'rssi': -41, 'actual_length': 3, 'data': bytearray(b'\x82\x04\x01')}}
2019-08-19 12:20:20,013 - INFO: Status Present OnOff: on
2019-08-19 12:20:20,013 - INFO: {event: MeshMessageReceivedUnicast, data: {'src': 19, 'dst': 1, 'appkey_handle': 0, 'subnet_handle': 0, 'ttl': 127, 'adv_addr_type': 1, 'adv_addr': bytearray(b'\xcbn_\xd5\x0b\xd8'), 'rssi': -41, 'actual_length': 3, 'data': bytearray(b'\x82\x04\x01')}}
2019-08-19 12:20:21,509 - DEBUG: Sending opcode: 8201, data: 
2019-08-19 12:20:21,509 - DEBUG: Writing: 171 bytearray(b'\x00\x00\x01\x00\x04\x00\x08\x00\x00\x00\x82\x01')
2019-08-19 12:20:21,511 - DEBUG: TX: 0dab000001000400080000008201
2019-08-19 12:20:21,517 - DEBUG: RX: 0784ab000c000000
2019-08-19 12:20:21,518 - DEBUG: parsed_packet {event: CmdRsp, data: {'opcode': 171, 'status': 0, 'data': bytearray(b'\x0c\x00\x00\x00')}}
2019-08-19 12:20:21,518 - INFO: PacketSend: {'token': 12}
2019-08-19 12:20:21,520 - DEBUG: RX: 05d20c000000
2019-08-19 12:20:21,520 - DEBUG: parsed_packet {event: MeshTxComplete, data: {'token': 12}}
2019-08-19 12:20:21,521 - INFO: {event: MeshTxComplete, data: {'token': 12}}
2019-08-19 12:20:21,523 - DEBUG: RX: 17d013000100000000007f01cb6e5fd50bd8d60300820401
2019-08-19 12:20:21,523 - DEBUG: parsed_packet {event: MeshMessageReceivedUnicast, data: {'src': 19, 'dst': 1, 'appkey_handle': 0, 'subnet_handle': 0, 'ttl': 127, 'adv_addr_type': 1, 'adv_addr': bytearray(b'\xcbn_\xd5\x0b\xd8'), 'rssi': -42, 'actual_length': 3, 'data': bytearray(b'\x82\x04\x01')}}
2019-08-19 12:20:21,524 - INFO: Status Present OnOff: on
2019-08-19 12:20:21,524 - INFO: {event: MeshMessageReceivedUnicast, data: {'src': 19, 'dst': 1, 'appkey_handle': 0, 'subnet_handle': 0, 'ttl': 127, 'adv_addr_type': 1, 'adv_addr': bytearray(b'\xcbn_\xd5\x0b\xd8'), 'rssi': -42, 'actual_length': 3, 'data': bytearray(b'\x82\x04\x01')}}
2019-08-19 12:20:22,768 - DEBUG: Sending opcode: 8201, data: 
2019-08-19 12:20:22,770 - DEBUG: Writing: 171 bytearray(b'\x00\x00\x01\x00\x04\x00\x08\x00\x00\x00\x82\x01')
2019-08-19 12:20:22,770 - DEBUG: TX: 0dab000001000400080000008201
2019-08-19 12:20:22,775 - DEBUG: RX: 0784ab000d000000
2019-08-19 12:20:22,776 - DEBUG: parsed_packet {event: CmdRsp, data: {'opcode': 171, 'status': 0, 'data': bytearray(b'\r\x00\x00\x00')}}
2019-08-19 12:20:22,776 - INFO: PacketSend: {'token': 13}
2019-08-19 12:20:22,787 - DEBUG: RX: 05d20d000000
2019-08-19 12:20:22,787 - DEBUG: parsed_packet {event: MeshTxComplete, data: {'token': 13}}
2019-08-19 12:20:22,788 - INFO: {event: MeshTxComplete, data: {'token': 13}}
2019-08-19 12:20:22,807 - DEBUG: RX: 17d013000100000000007f01cb6e5fd50bd8d70300820401
2019-08-19 12:20:22,808 - DEBUG: parsed_packet {event: MeshMessageReceivedUnicast, data: {'src': 19, 'dst': 1, 'appkey_handle': 0, 'subnet_handle': 0, 'ttl': 127, 'adv_addr_type': 1, 'adv_addr': bytearray(b'\xcbn_\xd5\x0b\xd8'), 'rssi': -41, 'actual_length': 3, 'data': bytearray(b'\x82\x04\x01')}}
2019-08-19 12:20:22,809 - INFO: Status Present OnOff: on
2019-08-19 12:20:22,810 - INFO: {event: MeshMessageReceivedUnicast, data: {'src': 19, 'dst': 1, 'appkey_handle': 0, 'subnet_handle': 0, 'ttl': 127, 'adv_addr_type': 1, 'adv_addr': bytearray(b'\xcbn_\xd5\x0b\xd8'), 'rssi': -41, 'actual_length': 3, 'data': bytearray(b'\x82\x04\x01')}}
2019-08-19 12:20:22,962 - DEBUG: Sending opcode: 8201, data: 
2019-08-19 12:20:22,963 - DEBUG: Writing: 171 bytearray(b'\x00\x00\x01\x00\x04\x00\x08\x00\x00\x00\x82\x01')
2019-08-19 12:20:22,963 - DEBUG: TX: 0dab000001000400080000008201
2019-08-19 12:20:22,966 - DEBUG: RX: 0784ab000e000000
2019-08-19 12:20:22,966 - DEBUG: parsed_packet {event: CmdRsp, data: {'opcode': 171, 'status': 0, 'data': bytearray(b'\x0e\x00\x00\x00')}}
2019-08-19 12:20:22,967 - INFO: PacketSend: {'token': 14}
2019-08-19 12:20:22,984 - DEBUG: RX: 05d20e000000
2019-08-19 12:20:22,984 - DEBUG: parsed_packet {event: MeshTxComplete, data: {'token': 14}}
2019-08-19 12:20:22,985 - INFO: {event: MeshTxComplete, data: {'token': 14}}
2019-08-19 12:20:23,004 - DEBUG: RX: 17d013000100000000007f01cb6e5fd50bd8d60300820401
2019-08-19 12:20:23,004 - DEBUG: parsed_packet {event: MeshMessageReceivedUnicast, data: {'src': 19, 'dst': 1, 'appkey_handle': 0, 'subnet_handle': 0, 'ttl': 127, 'adv_addr_type': 1, 'adv_addr': bytearray(b'\xcbn_\xd5\x0b\xd8'), 'rssi': -42, 'actual_length': 3, 'data': bytearray(b'\x82\x04\x01')}}
2019-08-19 12:20:23,005 - INFO: Status Present OnOff: on
2019-08-19 12:20:23,007 - INFO: {event: MeshMessageReceivedUnicast, data: {'src': 19, 'dst': 1, 'appkey_handle': 0, 'subnet_handle': 0, 'ttl': 127, 'adv_addr_type': 1, 'adv_addr': bytearray(b'\xcbn_\xd5\x0b\xd8'), 'rssi': -42, 'actual_length': 3, 'data': bytearray(b'\x82\x04\x01')}}
2019-08-19 12:20:41,106 - DEBUG: Sending opcode: c15900, data: 0104
2019-08-19 12:20:41,135 - DEBUG: Sending opcode: c15900, data: 0005
2019-08-19 12:20:41,143 - DEBUG: Writing: 171 bytearray(b'\x00\x00\x01\x00\x04\x00\x08\x00\x00\x00\xc1Y\x00\x01\x04')
2019-08-19 12:20:41,147 - DEBUG: TX: 10ab00000100040008000000c159000104
2019-08-19 12:20:41,150 - DEBUG: RX: 0784ab000f000000
2019-08-19 12:20:41,151 - DEBUG: parsed_packet {event: CmdRsp, data: {'opcode': 171, 'status': 0, 'data': bytearray(b'\x0f\x00\x00\x00')}}
2019-08-19 12:20:41,151 - INFO: PacketSend: {'token': 15}
2019-08-19 12:20:41,165 - DEBUG: RX: 05d20f000000
2019-08-19 12:20:41,166 - DEBUG: parsed_packet {event: MeshTxComplete, data: {'token': 15}}
2019-08-19 12:20:41,167 - INFO: {event: MeshTxComplete, data: {'token': 15}}
2019-08-19 12:20:41,172 - DEBUG: RX: 18d013000100000000007f01cb6e5fd50bd8d60400c4590001
2019-08-19 12:20:41,173 - DEBUG: Writing: 171 bytearray(b'\x00\x00\x01\x00\x05\x00\x08\x00\x00\x00\xc1Y\x00\x00\x05')
2019-08-19 12:20:41,174 - DEBUG: parsed_packet {event: MeshMessageReceivedUnicast, data: {'src': 19, 'dst': 1, 'appkey_handle': 0, 'subnet_handle': 0, 'ttl': 127, 'adv_addr_type': 1, 'adv_addr': bytearray(b'\xcbn_\xd5\x0b\xd8'), 'rssi': -42, 'actual_length': 4, 'data': bytearray(b'\xc4Y\x00\x01')}}
2019-08-19 12:20:41,174 - DEBUG: TX: 10ab00000100050008000000c159000005
2019-08-19 12:20:41,175 - INFO: {event: MeshMessageReceivedUnicast, data: {'src': 19, 'dst': 1, 'appkey_handle': 0, 'subnet_handle': 0, 'ttl': 127, 'adv_addr_type': 1, 'adv_addr': bytearray(b'\xcbn_\xd5\x0b\xd8'), 'rssi': -42, 'actual_length': 4, 'data': bytearray(b'\xc4\x00Y\x01')}}
2019-08-19 12:20:41,179 - DEBUG: RX: 0784ab0010000000
2019-08-19 12:20:41,179 - DEBUG: parsed_packet {event: CmdRsp, data: {'opcode': 171, 'status': 0, 'data': bytearray(b'\x10\x00\x00\x00')}}
2019-08-19 12:20:41,180 - INFO: PacketSend: {'token': 16}
2019-08-19 12:20:41,191 - DEBUG: RX: 05d210000000
2019-08-19 12:20:41,191 - DEBUG: parsed_packet {event: MeshTxComplete, data: {'token': 16}}
2019-08-19 12:20:41,192 - INFO: {event: MeshTxComplete, data: {'token': 16}}
2019-08-19 12:20:41,197 - DEBUG: RX: 18d014000100000000007f01cb6e5fd50bd8d60400c4590000
2019-08-19 12:20:41,197 - DEBUG: parsed_packet {event: MeshMessageReceivedUnicast, data: {'src': 20, 'dst': 1, 'appkey_handle': 0, 'subnet_handle': 0, 'ttl': 127, 'adv_addr_type': 1, 'adv_addr': bytearray(b'\xcbn_\xd5\x0b\xd8'), 'rssi': -42, 'actual_length': 4, 'data': bytearray(b'\xc4Y\x00\x00')}}
2019-08-19 12:20:41,198 - INFO: {event: MeshMessageReceivedUnicast, data: {'src': 20, 'dst': 1, 'appkey_handle': 0, 'subnet_handle': 0, 'ttl': 127, 'adv_addr_type': 1, 'adv_addr': bytearray(b'\xcbn_\xd5\x0b\xd8'), 'rssi': -42, 'actual_length': 4, 'data': bytearray(b'\xc4\x00Y\x00')}}
2019-08-19 12:20:42,148 - DEBUG: Sending opcode: 8201, data: 
2019-08-19 12:20:42,149 - DEBUG: Writing: 171 bytearray(b'\x00\x00\x01\x00\x04\x00\x08\x00\x00\x00\x82\x01')
2019-08-19 12:20:42,149 - DEBUG: TX: 0dab000001000400080000008201
2019-08-19 12:20:42,156 - DEBUG: RX: 0784ab0011000000
2019-08-19 12:20:42,157 - DEBUG: parsed_packet {event: CmdRsp, data: {'opcode': 171, 'status': 0, 'data': bytearray(b'\x11\x00\x00\x00')}}
2019-08-19 12:20:42,158 - INFO: PacketSend: {'token': 17}
2019-08-19 12:20:42,174 - DEBUG: RX: 05d211000000
2019-08-19 12:20:42,175 - DEBUG: parsed_packet {event: MeshTxComplete, data: {'token': 17}}
2019-08-19 12:20:42,175 - INFO: {event: MeshTxComplete, data: {'token': 17}}
2019-08-19 12:20:42,192 - DEBUG: RX: 17d013000100000000007f01cb6e5fd50bd8d30300820401
2019-08-19 12:20:42,193 - DEBUG: parsed_packet {event: MeshMessageReceivedUnicast, data: {'src': 19, 'dst': 1, 'appkey_handle': 0, 'subnet_handle': 0, 'ttl': 127, 'adv_addr_type': 1, 'adv_addr': bytearray(b'\xcbn_\xd5\x0b\xd8'), 'rssi': -45, 'actual_length': 3, 'data': bytearray(b'\x82\x04\x01')}}
2019-08-19 12:20:42,193 - INFO: Status Present OnOff: on
2019-08-19 12:20:42,193 - INFO: {event: MeshMessageReceivedUnicast, data: {'src': 19, 'dst': 1, 'appkey_handle': 0, 'subnet_handle': 0, 'ttl': 127, 'adv_addr_type': 1, 'adv_addr': bytearray(b'\xcbn_\xd5\x0b\xd8'), 'rssi': -45, 'actual_length': 3, 'data': bytearray(b'\x82\x04\x01')}}
2019-08-19 12:20:46,293 - DEBUG: Sending opcode: 8201, data: 
2019-08-19 12:20:46,295 - DEBUG: Sending opcode: 8202, data: 0100
2019-08-19 12:20:46,313 - DEBUG: Writing: 171 bytearray(b'\x00\x00\x01\x00\x04\x00\x08\x00\x00\x00\x82\x01')
2019-08-19 12:20:46,313 - DEBUG: TX: 0dab000001000400080000008201
2019-08-19 12:20:46,316 - DEBUG: RX: 0784ab0012000000
2019-08-19 12:20:46,317 - DEBUG: parsed_packet {event: CmdRsp, data: {'opcode': 171, 'status': 0, 'data': bytearray(b'\x12\x00\x00\x00')}}
2019-08-19 12:20:46,317 - INFO: PacketSend: {'token': 18}
2019-08-19 12:20:46,326 - DEBUG: RX: 05d212000000
2019-08-19 12:20:46,326 - DEBUG: parsed_packet {event: MeshTxComplete, data: {'token': 18}}
2019-08-19 12:20:46,326 - INFO: {event: MeshTxComplete, data: {'token': 18}}
2019-08-19 12:20:46,330 - DEBUG: RX: 17d013000100000000007f01cb6e5fd50bd8d50300820401
2019-08-19 12:20:46,330 - DEBUG: parsed_packet {event: MeshMessageReceivedUnicast, data: {'src': 19, 'dst': 1, 'appkey_handle': 0, 'subnet_handle': 0, 'ttl': 127, 'adv_addr_type': 1, 'adv_addr': bytearray(b'\xcbn_\xd5\x0b\xd8'), 'rssi': -43, 'actual_length': 3, 'data': bytearray(b'\x82\x04\x01')}}
2019-08-19 12:20:46,330 - INFO: Status Present OnOff: on
2019-08-19 12:20:46,331 - INFO: {event: MeshMessageReceivedUnicast, data: {'src': 19, 'dst': 1, 'appkey_handle': 0, 'subnet_handle': 0, 'ttl': 127, 'adv_addr_type': 1, 'adv_addr': bytearray(b'\xcbn_\xd5\x0b\xd8'), 'rssi': -43, 'actual_length': 3, 'data': bytearray(b'\x82\x04\x01')}}
2019-08-19 12:20:46,340 - DEBUG: Writing: 171 bytearray(b'\x00\x00\x01\x00\x05\x00\x08\x00\x00\x00\x82\x02\x01\x00')
2019-08-19 12:20:46,341 - DEBUG: TX: 0fab0000010005000800000082020100
2019-08-19 12:20:46,345 - DEBUG: RX: 0784ab0013000000
2019-08-19 12:20:46,352 - DEBUG: parsed_packet {event: CmdRsp, data: {'opcode': 171, 'status': 0, 'data': bytearray(b'\x13\x00\x00\x00')}}
2019-08-19 12:20:46,352 - INFO: PacketSend: {'token': 19}
2019-08-19 12:20:46,365 - DEBUG: RX: 05d213000000
2019-08-19 12:20:46,366 - DEBUG: parsed_packet {event: MeshTxComplete, data: {'token': 19}}
2019-08-19 12:20:46,366 - INFO: {event: MeshTxComplete, data: {'token': 19}}
2019-08-19 12:20:46,372 - DEBUG: RX: 17d014000100000000007f01cb6e5fd50bd8d50300820401
2019-08-19 12:20:46,373 - DEBUG: parsed_packet {event: MeshMessageReceivedUnicast, data: {'src': 20, 'dst': 1, 'appkey_handle': 0, 'subnet_handle': 0, 'ttl': 127, 'adv_addr_type': 1, 'adv_addr': bytearray(b'\xcbn_\xd5\x0b\xd8'), 'rssi': -43, 'actual_length': 3, 'data': bytearray(b'\x82\x04\x01')}}
2019-08-19 12:20:46,374 - INFO: Status Present OnOff: on
2019-08-19 12:20:46,374 - INFO: Got status from src: 20 - canceling timer
2019-08-19 12:20:46,376 - INFO: {event: MeshMessageReceivedUnicast, data: {'src': 20, 'dst': 1, 'appkey_handle': 0, 'subnet_handle': 0, 'ttl': 127, 'adv_addr_type': 1, 'adv_addr': bytearray(b'\xcbn_\xd5\x0b\xd8'), 'rssi': -43, 'actual_length': 3, 'data': bytearray(b'\x82\x04\x01')}}
2019-08-19 12:21:03,269 - DEBUG: Sending opcode: 8201, data: 
2019-08-19 12:21:03,271 - DEBUG: Sending opcode: 8202, data: 0101
2019-08-19 12:21:03,279 - DEBUG: Writing: 171 bytearray(b'\x00\x00\x01\x00\x04\x00\x08\x00\x00\x00\x82\x01')
2019-08-19 12:21:03,280 - DEBUG: TX: 0dab000001000400080000008201
2019-08-19 12:21:03,298 - DEBUG: RX: 0784ab0014000000
2019-08-19 12:21:03,299 - DEBUG: parsed_packet {event: CmdRsp, data: {'opcode': 171, 'status': 0, 'data': bytearray(b'\x14\x00\x00\x00')}}
2019-08-19 12:21:03,299 - INFO: PacketSend: {'token': 20}
2019-08-19 12:21:03,300 - DEBUG: RX: 05d214000000
2019-08-19 12:21:03,301 - DEBUG: parsed_packet {event: MeshTxComplete, data: {'token': 20}}
2019-08-19 12:21:03,301 - INFO: {event: MeshTxComplete, data: {'token': 20}}
2019-08-19 12:21:03,302 - DEBUG: RX: 17d013000100000000007f01cb6e5fd50bd8d20300820401
2019-08-19 12:21:03,303 - DEBUG: parsed_packet {event: MeshMessageReceivedUnicast, data: {'src': 19, 'dst': 1, 'appkey_handle': 0, 'subnet_handle': 0, 'ttl': 127, 'adv_addr_type': 1, 'adv_addr': bytearray(b'\xcbn_\xd5\x0b\xd8'), 'rssi': -46, 'actual_length': 3, 'data': bytearray(b'\x82\x04\x01')}}
2019-08-19 12:21:03,303 - INFO: Status Present OnOff: on
2019-08-19 12:21:03,304 - INFO: {event: MeshMessageReceivedUnicast, data: {'src': 19, 'dst': 1, 'appkey_handle': 0, 'subnet_handle': 0, 'ttl': 127, 'adv_addr_type': 1, 'adv_addr': bytearray(b'\xcbn_\xd5\x0b\xd8'), 'rssi': -46, 'actual_length': 3, 'data': bytearray(b'\x82\x04\x01')}}
2019-08-19 12:21:03,306 - DEBUG: Writing: 171 bytearray(b'\x00\x00\x01\x00\x05\x00\x08\x00\x00\x00\x82\x02\x01\x01')
2019-08-19 12:21:03,306 - DEBUG: TX: 0fab0000010005000800000082020101
2019-08-19 12:21:03,311 - DEBUG: RX: 0784ab0015000000
2019-08-19 12:21:03,311 - DEBUG: parsed_packet {event: CmdRsp, data: {'opcode': 171, 'status': 0, 'data': bytearray(b'\x15\x00\x00\x00')}}
2019-08-19 12:21:03,311 - INFO: PacketSend: {'token': 21}
2019-08-19 12:21:03,318 - DEBUG: RX: 05d215000000
2019-08-19 12:21:03,318 - DEBUG: parsed_packet {event: MeshTxComplete, data: {'token': 21}}
2019-08-19 12:21:03,318 - INFO: {event: MeshTxComplete, data: {'token': 21}}
2019-08-19 12:21:03,325 - DEBUG: RX: 17d014000100000000007f01cb6e5fd50bd8d20300820401
2019-08-19 12:21:03,326 - DEBUG: parsed_packet {event: MeshMessageReceivedUnicast, data: {'src': 20, 'dst': 1, 'appkey_handle': 0, 'subnet_handle': 0, 'ttl': 127, 'adv_addr_type': 1, 'adv_addr': bytearray(b'\xcbn_\xd5\x0b\xd8'), 'rssi': -46, 'actual_length': 3, 'data': bytearray(b'\x82\x04\x01')}}
2019-08-19 12:21:03,326 - INFO: Status Present OnOff: on
2019-08-19 12:21:03,327 - INFO: Got status from src: 20 - canceling timer
2019-08-19 12:21:03,328 - INFO: {event: MeshMessageReceivedUnicast, data: {'src': 20, 'dst': 1, 'appkey_handle': 0, 'subnet_handle': 0, 'ttl': 127, 'adv_addr_type': 1, 'adv_addr': bytearray(b'\xcbn_\xd5\x0b\xd8'), 'rssi': -46, 'actual_length': 3, 'data': bytearray(b'\x82\x04\x01')}}
