2019-08-22 14:04:47,169 - DEBUG - tty.usbmodem0006822145041: Writing: 105 bytearray(b"$\x14\x16\xec`\x1e\x96\x8d\xeb9l\x08.K\xa9u\xb3\xe4\x15\xa0\x84\xf7\x1e\xa9\xbd\xcf\xe1bv_R\xf7\xc5\xd7-)\x9d;\rh\xfb\xf6\xb0\x97#q\x11O\x11\x1e\x07\x8b\xcf\x94\xac]\xd5\xd5\x84\xf0A\xcei\x81~\x1fzR-\x170\nZ\xf5\x14\x04\xac\xd5\x02\xb9j\xc0S\xe3&\'W8\x94\x06\xcb\xf0\xd9i\xf1\xfa")
2019-08-22 14:04:47,169 - DEBUG - tty.usbmodem0006822145041: TX: 6169241416ec601e968deb396c082e4ba975b3e415a084f71ea9bdcfe162765f52f7c5d72d299d3b0d68fbf6b0972371114f111e078bcf94ac5dd5d584f041ce69817e1f7a522d17300a5af51404acd502b96ac053e3262757389406cbf0d969f1fa
2019-08-22 14:04:47,179 - DEBUG - tty.usbmodem0006822145041: RX: 03845384
2019-08-22 14:04:47,179 - DEBUG - tty.usbmodem0006822145041: parsed_packet {event: CmdRsp, data: {'opcode': 83, 'status': 132, 'data': bytearray(b'')}}
2019-08-22 14:04:47,180 - ERROR - tty.usbmodem0006822145041: None: ERROR_INVALID_LENGTH
2019-08-22 14:04:47,180 - DEBUG - tty.usbmodem0006822145041: RX: 03840084
2019-08-22 14:04:47,181 - DEBUG - tty.usbmodem0006822145041: parsed_packet {event: CmdRsp, data: {'opcode': 0, 'status': 132, 'data': bytearray(b'')}}
2019-08-22 14:04:47,181 - ERROR - tty.usbmodem0006822145041: None: ERROR_INVALID_LENGTH
2019-08-22 14:04:47,181 - DEBUG - tty.usbmodem0006822145041: RX: 03840084
2019-08-22 14:04:47,181 - DEBUG - tty.usbmodem0006822145041: parsed_packet {event: CmdRsp, data: {'opcode': 0, 'status': 132, 'data': bytearray(b'')}}
2019-08-22 14:04:47,182 - ERROR - tty.usbmodem0006822145041: None: ERROR_INVALID_LENGTH
2019-08-22 14:04:47,182 - DEBUG - tty.usbmodem0006822145041: RX: 03840084
2019-08-22 14:04:47,183 - DEBUG - tty.usbmodem0006822145041: parsed_packet {event: CmdRsp, data: {'opcode': 0, 'status': 132, 'data': bytearray(b'')}}
2019-08-22 14:04:47,183 - ERROR - tty.usbmodem0006822145041: None: ERROR_INVALID_LENGTH
2019-08-22 14:04:47,190 - DEBUG - tty.usbmodem0006822145041: RX: 03840084
2019-08-22 14:04:47,191 - DEBUG - tty.usbmodem0006822145041: parsed_packet {event: CmdRsp, data: {'opcode': 0, 'status': 132, 'data': bytearray(b'')}}
2019-08-22 14:04:47,192 - ERROR - tty.usbmodem0006822145041: None: ERROR_INVALID_LENGTH
2019-08-22 14:04:47,209 - DEBUG - tty.usbmodem0006822145041: Writing: 159 bytearray(b'\x01\x00\x01\x00')
2019-08-22 14:04:47,212 - DEBUG - tty.usbmodem0006822145041: TX: 059f01000100
2019-08-22 14:04:47,212 - DEBUG - tty.usbmodem0006822145041: RX: 03840084
2019-08-22 14:04:47,212 - DEBUG - tty.usbmodem0006822145041: parsed_packet {event: CmdRsp, data: {'opcode': 0, 'status': 132, 'data': bytearray(b'')}}
2019-08-22 14:04:47,213 - ERROR - tty.usbmodem0006822145041: None: ERROR_INVALID_LENGTH
2019-08-22 14:04:47,215 - DEBUG - tty.usbmodem0006822145041: RX: 03840084
2019-08-22 14:04:47,217 - DEBUG - tty.usbmodem0006822145041: parsed_packet {event: CmdRsp, data: {'opcode': 0, 'status': 132, 'data': bytearray(b'')}}
2019-08-22 14:04:47,218 - ERROR - tty.usbmodem0006822145041: None: ERROR_INVALID_LENGTH
2019-08-22 14:04:47,230 - DEBUG - tty.usbmodem0006822145041: RX: 03840084
2019-08-22 14:04:47,235 - DEBUG - tty.usbmodem0006822145041: parsed_packet {event: CmdRsp, data: {'opcode': 0, 'status': 132, 'data': bytearray(b'')}}
2019-08-22 14:04:47,237 - ERROR - tty.usbmodem0006822145041: None: ERROR_INVALID_LENGTH
2019-08-22 14:04:47,237 - DEBUG - tty.usbmodem0006822145041: RX: 03840084
2019-08-22 14:04:47,237 - DEBUG - tty.usbmodem0006822145041: parsed_packet {event: CmdRsp, data: {'opcode': 0, 'status': 132, 'data': bytearray(b'')}}
2019-08-22 14:04:47,237 - ERROR - tty.usbmodem0006822145041: None: ERROR_INVALID_LENGTH
2019-08-22 14:04:47,238 - DEBUG - tty.usbmodem0006822145041: RX: 03840084
2019-08-22 14:04:47,238 - DEBUG - tty.usbmodem0006822145041: parsed_packet {event: CmdRsp, data: {'opcode': 0, 'status': 132, 'data': bytearray(b'')}}
2019-08-22 14:04:47,238 - ERROR - tty.usbmodem0006822145041: None: ERROR_INVALID_LENGTH
2019-08-22 14:04:47,239 - DEBUG - tty.usbmodem0006822145041: RX: 03840084
2019-08-22 14:04:47,239 - DEBUG - tty.usbmodem0006822145041: parsed_packet {event: CmdRsp, data: {'opcode': 0, 'status': 132, 'data': bytearray(b'')}}
2019-08-22 14:04:47,240 - ERROR - tty.usbmodem0006822145041: None: ERROR_INVALID_LENGTH
2019-08-22 14:04:47,240 - DEBUG - tty.usbmodem0006822145041: RX: 03840084
2019-08-22 14:04:47,241 - DEBUG - tty.usbmodem0006822145041: parsed_packet {event: CmdRsp, data: {'opcode': 0, 'status': 132, 'data': bytearray(b'')}}
2019-08-22 14:04:47,241 - ERROR - tty.usbmodem0006822145041: None: ERROR_INVALID_LENGTH
2019-08-22 14:04:47,242 - DEBUG - tty.usbmodem0006822145041: RX: 03840084
2019-08-22 14:04:47,242 - DEBUG - tty.usbmodem0006822145041: parsed_packet {event: CmdRsp, data: {'opcode': 0, 'status': 132, 'data': bytearray(b'')}}
2019-08-22 14:04:47,242 - DEBUG - tty.usbmodem0006822145041: Writing: 146 bytearray(b'\x00\x00\x18\xee\xd9\xc2\xa5j\xdd\x85\x04\x9f\xfc<Y\xad\x0e\x12')
2019-08-22 14:04:47,271 - ERROR - tty.usbmodem0006822145041: None: ERROR_INVALID_LENGTH
2019-08-22 14:04:47,290 - DEBUG - tty.usbmodem0006822145041: TX: 1392000018eed9c2a56add85049ffc3c59ad0e12
2019-08-22 14:04:47,333 - DEBUG - tty.usbmodem0006822145041: RX: 03849f00
2019-08-22 14:04:47,333 - DEBUG - tty.usbmodem0006822145041: parsed_packet {event: CmdRsp, data: {'opcode': 159, 'status': 0, 'data': bytearray(b'')}}
2019-08-22 14:04:47,334 - INFO - tty.usbmodem0006822145041: Success
2019-08-22 14:04:47,334 - DEBUG - tty.usbmodem0006822145041: RX: 058492000000
2019-08-22 14:04:47,334 - DEBUG - tty.usbmodem0006822145041: parsed_packet {event: CmdRsp, data: {'opcode': 146, 'status': 0, 'data': bytearray(b'\x00\x00')}}
2019-08-22 14:04:47,334 - INFO - tty.usbmodem0006822145041: SubnetAdd: {'subnet_handle': 0}
2019-08-22 14:04:47,357 - DEBUG - tty.usbmodem0006822145041: Writing: 151 bytearray(b'\x00\x00\x00\x00Oh\xad\x85\xd9\xf4\x8a\xc8X\x9d\xf6e\xb6\xb4\x9b\x8a')
2019-08-22 14:04:47,359 - DEBUG - tty.usbmodem0006822145041: TX: 1597000000004f68ad85d9f48ac8589df665b6b49b8a
2019-08-22 14:04:47,399 - DEBUG - tty.usbmodem0006822145041: Writing: 151 bytearray(b'\x01\x00\x00\x00*\xa2\xa6\xde\xd5\xa0y\x8c\xea\xb5x|\xa3\xae9\xfc')
2019-08-22 14:04:47,400 - DEBUG - tty.usbmodem0006822145041: TX: 1597010000002aa2a6ded5a0798ceab5787ca3ae39fc
2019-08-22 14:04:47,401 - DEBUG - tty.usbmodem0006822145041: RX: 058497000000
2019-08-22 14:04:47,401 - DEBUG - tty.usbmodem0006822145041: parsed_packet {event: CmdRsp, data: {'opcode': 151, 'status': 0, 'data': bytearray(b'\x00\x00')}}
2019-08-22 14:04:47,406 - INFO - tty.usbmodem0006822145041: AppkeyAdd: {'appkey_handle': 0}
2019-08-22 14:04:47,429 - DEBUG - tty.usbmodem0006822145041: RX: 058497000100
2019-08-22 14:04:47,437 - DEBUG - tty.usbmodem0006822145041: parsed_packet {event: CmdRsp, data: {'opcode': 151, 'status': 0, 'data': bytearray(b'\x01\x00')}}
2019-08-22 14:04:47,437 - INFO - tty.usbmodem0006822145041: AppkeyAdd: {'appkey_handle': 1}
2019-08-22 14:04:47,443 - DEBUG - tty.usbmodem0006822145041: Writing: 159 bytearray(b'\x01\x00\x01\x00')
2019-08-22 14:04:47,456 - DEBUG - tty.usbmodem0006822145041: TX: 059f01000100
2019-08-22 14:04:47,489 - DEBUG - tty.usbmodem0006822145041: RX: 03849f8e
2019-08-22 14:04:47,490 - DEBUG - tty.usbmodem0006822145041: parsed_packet {event: CmdRsp, data: {'opcode': 159, 'status': 142, 'data': bytearray(b'')}}
2019-08-22 14:04:47,490 - ERROR - tty.usbmodem0006822145041: None: ERROR_REJECTED
2019-08-22 14:04:47,495 - DEBUG - tty.usbmodem0006822145041: Writing: 146 bytearray(b'\x00\x00\x18\xee\xd9\xc2\xa5j\xdd\x85\x04\x9f\xfc<Y\xad\x0e\x12')
2019-08-22 14:04:47,495 - DEBUG - tty.usbmodem0006822145041: TX: 1392000018eed9c2a56add85049ffc3c59ad0e12
2019-08-22 14:04:47,499 - DEBUG - tty.usbmodem0006822145041: RX: 03849281
2019-08-22 14:04:47,500 - DEBUG - tty.usbmodem0006822145041: parsed_packet {event: CmdRsp, data: {'opcode': 146, 'status': 129, 'data': bytearray(b'')}}
2019-08-22 14:04:47,500 - ERROR - tty.usbmodem0006822145041: SubnetAdd: ERROR_INTERNAL
2019-08-22 14:04:47,527 - DEBUG - tty.usbmodem0006822145041: Writing: 151 bytearray(b'\x00\x00\x00\x00Oh\xad\x85\xd9\xf4\x8a\xc8X\x9d\xf6e\xb6\xb4\x9b\x8a')
2019-08-22 14:04:47,534 - DEBUG - tty.usbmodem0006822145041: TX: 1597000000004f68ad85d9f48ac8589df665b6b49b8a
2019-08-22 14:04:47,553 - DEBUG - tty.usbmodem0006822145041: RX: 03849781
2019-08-22 14:04:47,553 - DEBUG - tty.usbmodem0006822145041: parsed_packet {event: CmdRsp, data: {'opcode': 151, 'status': 129, 'data': bytearray(b'')}}
2019-08-22 14:04:47,554 - ERROR - tty.usbmodem0006822145041: AppkeyAdd: ERROR_INTERNAL
2019-08-22 14:04:47,560 - DEBUG - tty.usbmodem0006822145041: Writing: 151 bytearray(b'\x01\x00\x00\x00*\xa2\xa6\xde\xd5\xa0y\x8c\xea\xb5x|\xa3\xae9\xfc')
2019-08-22 14:04:47,560 - DEBUG - tty.usbmodem0006822145041: TX: 1597010000002aa2a6ded5a0798ceab5787ca3ae39fc
2019-08-22 14:04:47,564 - DEBUG - tty.usbmodem0006822145041: RX: 03849781
2019-08-22 14:04:47,566 - DEBUG - tty.usbmodem0006822145041: parsed_packet {event: CmdRsp, data: {'opcode': 151, 'status': 129, 'data': bytearray(b'')}}
2019-08-22 14:04:47,567 - ERROR - tty.usbmodem0006822145041: AppkeyAdd: ERROR_INTERNAL
2019-08-22 14:04:50,151 - DEBUG - tty.usbmodem0006822145041: RX: 04810200fe
2019-08-22 14:04:50,151 - DEBUG - tty.usbmodem0006822145041: parsed_packet {event: DeviceStarted, data: {'operating_mode': 2, 'hw_error': 0, 'data_credit_available': 254}}
2019-08-22 14:04:50,151 - INFO - tty.usbmodem0006822145041: Device rebooted.
2019-08-22 14:04:50,152 - DEBUG - tty.usbmodem0006822145041: Writing: 159 bytearray(b'\x01\x00\x01\x00')
2019-08-22 14:04:50,152 - DEBUG - tty.usbmodem0006822145041: TX: 059f01000100
2019-08-22 14:04:50,154 - DEBUG - tty.usbmodem0006822145041: RX: 03849f00
2019-08-22 14:04:50,154 - DEBUG - tty.usbmodem0006822145041: parsed_packet {event: CmdRsp, data: {'opcode': 159, 'status': 0, 'data': bytearray(b'')}}
2019-08-22 14:04:50,154 - INFO - tty.usbmodem0006822145041: Success
2019-08-22 14:04:50,174 - DEBUG - tty.usbmodem0006822145041: Writing: 146 bytearray(b'\x00\x00\x18\xee\xd9\xc2\xa5j\xdd\x85\x04\x9f\xfc<Y\xad\x0e\x12')
2019-08-22 14:04:50,174 - DEBUG - tty.usbmodem0006822145041: TX: 1392000018eed9c2a56add85049ffc3c59ad0e12
2019-08-22 14:04:50,178 - DEBUG - tty.usbmodem0006822145041: RX: 058492000000
2019-08-22 14:04:50,179 - DEBUG - tty.usbmodem0006822145041: parsed_packet {event: CmdRsp, data: {'opcode': 146, 'status': 0, 'data': bytearray(b'\x00\x00')}}
2019-08-22 14:04:50,179 - INFO - tty.usbmodem0006822145041: SubnetAdd: {'subnet_handle': 0}
2019-08-22 14:04:50,198 - DEBUG - tty.usbmodem0006822145041: Writing: 151 bytearray(b'\x00\x00\x00\x00Oh\xad\x85\xd9\xf4\x8a\xc8X\x9d\xf6e\xb6\xb4\x9b\x8a')
2019-08-22 14:04:50,199 - DEBUG - tty.usbmodem0006822145041: TX: 1597000000004f68ad85d9f48ac8589df665b6b49b8a
2019-08-22 14:04:50,203 - DEBUG - tty.usbmodem0006822145041: RX: 058497000000
2019-08-22 14:04:50,203 - DEBUG - tty.usbmodem0006822145041: parsed_packet {event: CmdRsp, data: {'opcode': 151, 'status': 0, 'data': bytearray(b'\x00\x00')}}
2019-08-22 14:04:50,203 - INFO - tty.usbmodem0006822145041: AppkeyAdd: {'appkey_handle': 0}
2019-08-22 14:04:50,222 - DEBUG - tty.usbmodem0006822145041: Writing: 151 bytearray(b'\x01\x00\x00\x00*\xa2\xa6\xde\xd5\xa0y\x8c\xea\xb5x|\xa3\xae9\xfc')
2019-08-22 14:04:50,222 - DEBUG - tty.usbmodem0006822145041: TX: 1597010000002aa2a6ded5a0798ceab5787ca3ae39fc
2019-08-22 14:04:50,226 - DEBUG - tty.usbmodem0006822145041: RX: 058497000100
2019-08-22 14:04:50,226 - DEBUG - tty.usbmodem0006822145041: parsed_packet {event: CmdRsp, data: {'opcode': 151, 'status': 0, 'data': bytearray(b'\x01\x00')}}
2019-08-22 14:04:50,226 - INFO - tty.usbmodem0006822145041: AppkeyAdd: {'appkey_handle': 1}
2019-08-22 14:04:54,627 - DEBUG - tty.usbmodem0006822145041: Writing: 97 bytearray(b'')
2019-08-22 14:04:54,631 - DEBUG - tty.usbmodem0006822145041: TX: 0161
2019-08-22 14:04:54,634 - DEBUG - tty.usbmodem0006822145041: RX: 03846100
2019-08-22 14:04:54,634 - DEBUG - tty.usbmodem0006822145041: parsed_packet {event: CmdRsp, data: {'opcode': 97, 'status': 0, 'data': bytearray(b'')}}
2019-08-22 14:04:54,634 - INFO - tty.usbmodem0006822145041: Success
2019-08-22 14:04:54,994 - DEBUG - tty.usbmodem0006822145041: RX: 1ac08d875f5b77f9534d86aa7ce47836497cd20001c6aa7ce478f6
2019-08-22 14:04:54,994 - DEBUG - tty.usbmodem0006822145041: parsed_packet {event: ProvUnprovisionedReceived, data: {'uuid': bytearray(b'\x8d\x87_[w\xf9SM\x86\xaa|\xe4x6I|'), 'rssi': -46, 'gatt_supported': 0, 'adv_addr_type': 1, 'adv_addr': bytearray(b'\xc6\xaa|\xe4x\xf6')}}
2019-08-22 14:04:54,994 - INFO - tty.usbmodem0006822145041: {event: ProvUnprovisionedReceived, data: {'uuid': bytearray(b'\x8d\x87_[w\xf9SM\x86\xaa|\xe4x6I|'), 'rssi': -46, 'gatt_supported': 0, 'adv_addr_type': 1, 'adv_addr': bytearray(b'\xc6\xaa|\xe4x\xf6')}}
2019-08-22 14:04:54,995 - INFO - tty.usbmodem0006822145041: Received UUID 8d875f5b77f9534d86aa7ce47836497c with RSSI: -46 dB
2019-08-22 14:04:57,004 - DEBUG - tty.usbmodem0006822145041: RX: 1ac08d875f5b77f9534d86aa7ce47836497cd30001c6aa7ce478f6
2019-08-22 14:04:57,004 - DEBUG - tty.usbmodem0006822145041: parsed_packet {event: ProvUnprovisionedReceived, data: {'uuid': bytearray(b'\x8d\x87_[w\xf9SM\x86\xaa|\xe4x6I|'), 'rssi': -45, 'gatt_supported': 0, 'adv_addr_type': 1, 'adv_addr': bytearray(b'\xc6\xaa|\xe4x\xf6')}}
2019-08-22 14:04:57,004 - INFO - tty.usbmodem0006822145041: {event: ProvUnprovisionedReceived, data: {'uuid': bytearray(b'\x8d\x87_[w\xf9SM\x86\xaa|\xe4x6I|'), 'rssi': -45, 'gatt_supported': 0, 'adv_addr_type': 1, 'adv_addr': bytearray(b'\xc6\xaa|\xe4x\xf6')}}
2019-08-22 14:04:59,010 - DEBUG - tty.usbmodem0006822145041: RX: 1ac08d875f5b77f9534d86aa7ce47836497cd30001c6aa7ce478f6
2019-08-22 14:04:59,010 - DEBUG - tty.usbmodem0006822145041: parsed_packet {event: ProvUnprovisionedReceived, data: {'uuid': bytearray(b'\x8d\x87_[w\xf9SM\x86\xaa|\xe4x6I|'), 'rssi': -45, 'gatt_supported': 0, 'adv_addr_type': 1, 'adv_addr': bytearray(b'\xc6\xaa|\xe4x\xf6')}}
2019-08-22 14:04:59,011 - INFO - tty.usbmodem0006822145041: {event: ProvUnprovisionedReceived, data: {'uuid': bytearray(b'\x8d\x87_[w\xf9SM\x86\xaa|\xe4x6I|'), 'rssi': -45, 'gatt_supported': 0, 'adv_addr_type': 1, 'adv_addr': bytearray(b'\xc6\xaa|\xe4x\xf6')}}
2019-08-22 14:05:00,003 - DEBUG - tty.usbmodem0006822145041: Writing: 98 bytearray(b'')
2019-08-22 14:05:00,004 - DEBUG - tty.usbmodem0006822145041: TX: 0162
2019-08-22 14:05:00,006 - DEBUG - tty.usbmodem0006822145041: RX: 03846200
2019-08-22 14:05:00,006 - DEBUG - tty.usbmodem0006822145041: parsed_packet {event: CmdRsp, data: {'opcode': 98, 'status': 0, 'data': bytearray(b'')}}
2019-08-22 14:05:00,007 - INFO - tty.usbmodem0006822145041: Success
2019-08-22 14:05:04,827 - DEBUG - tty.usbmodem0006822145041: Writing: 98 bytearray(b'')
2019-08-22 14:05:04,828 - DEBUG - tty.usbmodem0006822145041: TX: 0162
2019-08-22 14:05:04,833 - DEBUG - tty.usbmodem0006822145041: RX: 03846283
2019-08-22 14:05:04,833 - DEBUG - tty.usbmodem0006822145041: parsed_packet {event: CmdRsp, data: {'opcode': 98, 'status': 131, 'data': bytearray(b'')}}
2019-08-22 14:05:04,833 - ERROR - tty.usbmodem0006822145041: None: ERROR_INVALID_STATE
2019-08-22 14:05:04,857 - DEBUG - tty.usbmodem0006822145041: Writing: 99 bytearray(b'\x00io\xd6k\x16\xc9\x1dN\xbc\xc3J6\xf4I \xf2\x18\xee\xd9\xc2\xa5j\xdd\x85\x04\x9f\xfc<Y\xad\x0e\x12\x00\x00\x00\x00\x00\x00\x10\x00\x00\x00\x00')
2019-08-22 14:05:04,857 - DEBUG - tty.usbmodem0006822145041: TX: 2d6300696fd66b16c91d4ebcc34a36f44920f218eed9c2a56add85049ffc3c59ad0e120000000000001000000000
2019-08-22 14:05:04,863 - DEBUG - tty.usbmodem0006822145041: RX: 0484630000
2019-08-22 14:05:04,864 - DEBUG - tty.usbmodem0006822145041: parsed_packet {event: CmdRsp, data: {'opcode': 99, 'status': 0, 'data': bytearray(b'\x00')}}
2019-08-22 14:05:04,864 - INFO - tty.usbmodem0006822145041: Provision: {'context': 0}
2019-08-22 14:05:25,612 - DEBUG - tty.usbmodem0006822145041: Writing: 98 bytearray(b'')
2019-08-22 14:05:25,613 - DEBUG - tty.usbmodem0006822145041: TX: 0162
2019-08-22 14:05:25,618 - DEBUG - tty.usbmodem0006822145041: RX: 03846283
2019-08-22 14:05:25,619 - DEBUG - tty.usbmodem0006822145041: parsed_packet {event: CmdRsp, data: {'opcode': 98, 'status': 131, 'data': bytearray(b'')}}
2019-08-22 14:05:25,619 - ERROR - tty.usbmodem0006822145041: None: ERROR_INVALID_STATE
2019-08-22 14:05:25,639 - DEBUG - tty.usbmodem0006822145041: Writing: 99 bytearray(b'\x00\x8d\x87_[w\xf9SM\x86\xaa|\xe4x6I|\x18\xee\xd9\xc2\xa5j\xdd\x85\x04\x9f\xfc<Y\xad\x0e\x12\x00\x00\x00\x00\x00\x00\x10\x00\x00\x00\x00')
2019-08-22 14:05:25,639 - DEBUG - tty.usbmodem0006822145041: TX: 2d63008d875f5b77f9534d86aa7ce47836497c18eed9c2a56add85049ffc3c59ad0e120000000000001000000000
2019-08-22 14:05:25,645 - DEBUG - tty.usbmodem0006822145041: RX: 03846383
2019-08-22 14:05:25,645 - DEBUG - tty.usbmodem0006822145041: parsed_packet {event: CmdRsp, data: {'opcode': 99, 'status': 131, 'data': bytearray(b'')}}
2019-08-22 14:05:25,645 - ERROR - tty.usbmodem0006822145041: Provision: ERROR_INVALID_STATE
2019-08-22 14:05:29,827 - DEBUG - tty.usbmodem0006822145041: exited read event
