2019-07-10 17:39:08,364 - DEBUG - tty.usbmodem0006822145041: Writing: 105 bytearray(b'\xc0q\xc3\xe1\x82\xa6\x84vd\x00\xdd\x15\xd0B\xeb\xc0\xf5\xf0\xe9\xfe\x8c\x87\xd0\x94y\x0c\xd4W\xecl\xf7\xe6\xf0\x86\x7fJ\rO\x9b!e:*<0"\xc6/+\x18\t\x86\xff\x89_G\xc2M\xb0u\xff\xa3\x81\\I\xc5X\xe2\xc7c\xcbd\xa2\xcc\xb1\xa1e\x97,\x17\xe6\xc8b\xec\xfc\xb2\xf7\xb9Z\\%\x8cO\xfb\xb5o')
2019-07-10 17:39:08,365 - DEBUG - tty.usbmodem0006822145041: TX: 6169c071c3e182a684766400dd15d042ebc0f5f0e9fe8c87d094790cd457ec6cf7e6f0867f4a0d4f9b21653a2a3c3022c62f2b180986ff895f47c24db075ffa3815c49c558e2c763cb64a2ccb1a165972c17e6c862ecfcb2f7b95a5c258c4ffbb56f
2019-07-10 17:39:08,375 - DEBUG - tty.usbmodem0006822145041: RX: 03845384
2019-07-10 17:39:08,376 - DEBUG - tty.usbmodem0006822145041: parsed_packet {event: CmdRsp, data: {'opcode': 83, 'status': 132, 'data': bytearray(b'')}}
2019-07-10 17:39:08,377 - ERROR - tty.usbmodem0006822145041: None: ERROR_INVALID_LENGTH
2019-07-10 17:39:08,377 - DEBUG - tty.usbmodem0006822145041: Writing: 159 bytearray(b'\x01\x00\x01\x00')
2019-07-10 17:39:08,378 - DEBUG - tty.usbmodem0006822145041: TX: 059f01000100
2019-07-10 17:39:08,378 - DEBUG - tty.usbmodem0006822145041: RX: 03840084
2019-07-10 17:39:08,379 - DEBUG - tty.usbmodem0006822145041: parsed_packet {event: CmdRsp, data: {'opcode': 0, 'status': 132, 'data': bytearray(b'')}}
2019-07-10 17:39:08,379 - ERROR - tty.usbmodem0006822145041: None: ERROR_INVALID_LENGTH
2019-07-10 17:39:08,379 - DEBUG - tty.usbmodem0006822145041: RX: 03840084
2019-07-10 17:39:08,380 - DEBUG - tty.usbmodem0006822145041: parsed_packet {event: CmdRsp, data: {'opcode': 0, 'status': 132, 'data': bytearray(b'')}}
2019-07-10 17:39:08,380 - DEBUG - tty.usbmodem0006822145041: Writing: 146 bytearray(b'\x00\x00\x18\xee\xd9\xc2\xa5j\xdd\x85\x04\x9f\xfc<Y\xad\x0e\x12')
2019-07-10 17:39:08,380 - ERROR - tty.usbmodem0006822145041: None: ERROR_INVALID_LENGTH
2019-07-10 17:39:08,380 - DEBUG - tty.usbmodem0006822145041: TX: 1392000018eed9c2a56add85049ffc3c59ad0e12
2019-07-10 17:39:08,380 - DEBUG - tty.usbmodem0006822145041: Writing: 151 bytearray(b'\x00\x00\x00\x00Oh\xad\x85\xd9\xf4\x8a\xc8X\x9d\xf6e\xb6\xb4\x9b\x8a')
2019-07-10 17:39:08,380 - DEBUG - tty.usbmodem0006822145041: RX: 03840084
2019-07-10 17:39:08,381 - DEBUG - tty.usbmodem0006822145041: TX: 1597000000004f68ad85d9f48ac8589df665b6b49b8a
2019-07-10 17:39:08,381 - DEBUG - tty.usbmodem0006822145041: parsed_packet {event: CmdRsp, data: {'opcode': 0, 'status': 132, 'data': bytearray(b'')}}
2019-07-10 17:39:08,381 - ERROR - tty.usbmodem0006822145041: None: ERROR_INVALID_LENGTH
2019-07-10 17:39:08,381 - DEBUG - tty.usbmodem0006822145041: Writing: 151 bytearray(b'\x01\x00\x00\x00*\xa2\xa6\xde\xd5\xa0y\x8c\xea\xb5x|\xa3\xae9\xfc')
2019-07-10 17:39:08,381 - DEBUG - tty.usbmodem0006822145041: TX: 1597010000002aa2a6ded5a0798ceab5787ca3ae39fc
2019-07-10 17:39:08,382 - DEBUG - tty.usbmodem0006822145041: RX: 03840084
2019-07-10 17:39:08,382 - DEBUG - tty.usbmodem0006822145041: parsed_packet {event: CmdRsp, data: {'opcode': 0, 'status': 132, 'data': bytearray(b'')}}
2019-07-10 17:39:08,382 - ERROR - tty.usbmodem0006822145041: None: ERROR_INVALID_LENGTH
2019-07-10 17:39:08,382 - DEBUG - tty.usbmodem0006822145041: Writing: 164 bytearray(b'\xc6\x00')
2019-07-10 17:39:08,382 - DEBUG - tty.usbmodem0006822145041: TX: 03a4c600
2019-07-10 17:39:08,383 - DEBUG - tty.usbmodem0006822145041: RX: 03840084
2019-07-10 17:39:08,383 - DEBUG - tty.usbmodem0006822145041: parsed_packet {event: CmdRsp, data: {'opcode': 0, 'status': 132, 'data': bytearray(b'')}}
2019-07-10 17:39:08,383 - ERROR - tty.usbmodem0006822145041: Exception in pkt handler <bound method Manager.cmd_handler of <interactive_pyaci.Manager object at 0x10de30860>>
2019-07-10 17:39:08,383 - ERROR - tty.usbmodem0006822145041: None: ERROR_INVALID_LENGTH
2019-07-10 17:39:08,384 - DEBUG - tty.usbmodem0006822145041: RX: 03840084
2019-07-10 17:39:08,384 - DEBUG - tty.usbmodem0006822145041: parsed_packet {event: CmdRsp, data: {'opcode': 0, 'status': 132, 'data': bytearray(b'')}}
2019-07-10 17:39:08,384 - ERROR - tty.usbmodem0006822145041: None: ERROR_INVALID_LENGTH
2019-07-10 17:39:08,385 - DEBUG - tty.usbmodem0006822145041: RX: 03840084
2019-07-10 17:39:08,385 - DEBUG - tty.usbmodem0006822145041: parsed_packet {event: CmdRsp, data: {'opcode': 0, 'status': 132, 'data': bytearray(b'')}}
2019-07-10 17:39:08,385 - ERROR - tty.usbmodem0006822145041: traceback: Traceback (most recent call last):
  File "/Users/Tim-Mac/msc/bm-control/dev/nrf5SDKforMeshv310src/scripts/interactive_pyaci/aci/aci_uart.py", line 96, in process_command
    fun(command)
  File "/Users/Tim-Mac/msc/bm-control/dev/nrf5SDKforMeshv310src/scripts/interactive_pyaci/interactive_pyaci.py", line 291, in cmd_handler
    self.logger.info("CMD PUB: {}".format(address_bytearray_to_int(cmd._data)))
NameError: name 'address_bytearray_to_int' is not defined

2019-07-10 17:39:08,399 - ERROR - tty.usbmodem0006822145041: None: ERROR_INVALID_LENGTH
2019-07-10 17:39:08,400 - DEBUG - tty.usbmodem0006822145041: RX: 03840084
2019-07-10 17:39:08,400 - DEBUG - tty.usbmodem0006822145041: parsed_packet {event: CmdRsp, data: {'opcode': 0, 'status': 132, 'data': bytearray(b'')}}
2019-07-10 17:39:08,400 - ERROR - tty.usbmodem0006822145041: None: ERROR_INVALID_LENGTH
2019-07-10 17:39:08,404 - DEBUG - tty.usbmodem0006822145041: RX: 03840084
2019-07-10 17:39:08,404 - DEBUG - tty.usbmodem0006822145041: parsed_packet {event: CmdRsp, data: {'opcode': 0, 'status': 132, 'data': bytearray(b'')}}
2019-07-10 17:39:08,404 - ERROR - tty.usbmodem0006822145041: None: ERROR_INVALID_LENGTH
2019-07-10 17:39:08,405 - DEBUG - tty.usbmodem0006822145041: RX: 03840084
2019-07-10 17:39:08,405 - DEBUG - tty.usbmodem0006822145041: parsed_packet {event: CmdRsp, data: {'opcode': 0, 'status': 132, 'data': bytearray(b'')}}
2019-07-10 17:39:08,405 - ERROR - tty.usbmodem0006822145041: None: ERROR_INVALID_LENGTH
2019-07-10 17:39:08,405 - DEBUG - tty.usbmodem0006822145041: RX: 03840084
2019-07-10 17:39:08,405 - DEBUG - tty.usbmodem0006822145041: parsed_packet {event: CmdRsp, data: {'opcode': 0, 'status': 132, 'data': bytearray(b'')}}
2019-07-10 17:39:08,406 - ERROR - tty.usbmodem0006822145041: None: ERROR_INVALID_LENGTH
2019-07-10 17:39:08,406 - DEBUG - tty.usbmodem0006822145041: RX: 03840084
2019-07-10 17:39:08,406 - DEBUG - tty.usbmodem0006822145041: parsed_packet {event: CmdRsp, data: {'opcode': 0, 'status': 132, 'data': bytearray(b'')}}
2019-07-10 17:39:08,406 - ERROR - tty.usbmodem0006822145041: None: ERROR_INVALID_LENGTH
2019-07-10 17:39:08,408 - DEBUG - tty.usbmodem0006822145041: RX: 03849f00
2019-07-10 17:39:08,408 - DEBUG - tty.usbmodem0006822145041: parsed_packet {event: CmdRsp, data: {'opcode': 159, 'status': 0, 'data': bytearray(b'')}}
2019-07-10 17:39:08,409 - INFO - tty.usbmodem0006822145041: Success
2019-07-10 17:39:08,409 - DEBUG - tty.usbmodem0006822145041: RX: 058492000000
2019-07-10 17:39:08,409 - DEBUG - tty.usbmodem0006822145041: parsed_packet {event: CmdRsp, data: {'opcode': 146, 'status': 0, 'data': bytearray(b'\x00\x00')}}
2019-07-10 17:39:08,409 - INFO - tty.usbmodem0006822145041: SubnetAdd: {'subnet_handle': 0}
2019-07-10 17:39:08,410 - DEBUG - tty.usbmodem0006822145041: RX: 058497000000
2019-07-10 17:39:08,410 - DEBUG - tty.usbmodem0006822145041: parsed_packet {event: CmdRsp, data: {'opcode': 151, 'status': 0, 'data': bytearray(b'\x00\x00')}}
2019-07-10 17:39:08,410 - INFO - tty.usbmodem0006822145041: AppkeyAdd: {'appkey_handle': 0}
2019-07-10 17:39:08,410 - DEBUG - tty.usbmodem0006822145041: RX: 058497000100
2019-07-10 17:39:08,410 - DEBUG - tty.usbmodem0006822145041: parsed_packet {event: CmdRsp, data: {'opcode': 151, 'status': 0, 'data': bytearray(b'\x01\x00')}}
2019-07-10 17:39:08,410 - INFO - tty.usbmodem0006822145041: AppkeyAdd: {'appkey_handle': 1}
2019-07-10 17:39:08,410 - DEBUG - tty.usbmodem0006822145041: RX: 0584a4000000
2019-07-10 17:39:08,410 - DEBUG - tty.usbmodem0006822145041: parsed_packet {event: CmdRsp, data: {'opcode': 164, 'status': 0, 'data': bytearray(b'\x00\x00')}}
2019-07-10 17:39:08,411 - INFO - tty.usbmodem0006822145041: AddrPublicationAdd: {'address_handle': 0}
2019-07-10 17:39:09,369 - DEBUG - tty.usbmodem0006822145041: Writing: 161 bytearray(b'\x01\xc0')
2019-07-10 17:39:09,370 - DEBUG - tty.usbmodem0006822145041: TX: 03a101c0
2019-07-10 17:39:09,370 - ERROR - tty.usbmodem0006822145041: Exception in pkt handler <bound method Manager.cmd_handler of <interactive_pyaci.Manager object at 0x10de30860>>
2019-07-10 17:39:09,370 - ERROR - tty.usbmodem0006822145041: traceback: Traceback (most recent call last):
  File "/Users/Tim-Mac/msc/bm-control/dev/nrf5SDKforMeshv310src/scripts/interactive_pyaci/aci/aci_uart.py", line 96, in process_command
    fun(command)
  File "/Users/Tim-Mac/msc/bm-control/dev/nrf5SDKforMeshv310src/scripts/interactive_pyaci/interactive_pyaci.py", line 288, in cmd_handler
    self.logger.info("CMD SUB: {}".format(address_bytearray_to_int(cmd._data)))
NameError: name 'address_bytearray_to_int' is not defined

2019-07-10 17:39:09,371 - DEBUG - tty.usbmodem0006822145041: RX: 0584a1000100
2019-07-10 17:39:09,372 - DEBUG - tty.usbmodem0006822145041: parsed_packet {event: CmdRsp, data: {'opcode': 161, 'status': 0, 'data': bytearray(b'\x01\x00')}}
2019-07-10 17:39:09,372 - INFO - tty.usbmodem0006822145041: AddrSubscriptionAdd: {'address_handle': 1}
2019-07-10 17:39:10,374 - DEBUG - tty.usbmodem0006822145041: Writing: 164 bytearray(b'\xc7\x00')
2019-07-10 17:39:10,375 - DEBUG - tty.usbmodem0006822145041: TX: 03a4c700
2019-07-10 17:39:10,375 - ERROR - tty.usbmodem0006822145041: Exception in pkt handler <bound method Manager.cmd_handler of <interactive_pyaci.Manager object at 0x10de30860>>
2019-07-10 17:39:10,375 - ERROR - tty.usbmodem0006822145041: traceback: Traceback (most recent call last):
  File "/Users/Tim-Mac/msc/bm-control/dev/nrf5SDKforMeshv310src/scripts/interactive_pyaci/aci/aci_uart.py", line 96, in process_command
    fun(command)
  File "/Users/Tim-Mac/msc/bm-control/dev/nrf5SDKforMeshv310src/scripts/interactive_pyaci/interactive_pyaci.py", line 291, in cmd_handler
    self.logger.info("CMD PUB: {}".format(address_bytearray_to_int(cmd._data)))
NameError: name 'address_bytearray_to_int' is not defined

2019-07-10 17:39:10,377 - DEBUG - tty.usbmodem0006822145041: RX: 0584a4000200
2019-07-10 17:39:10,378 - DEBUG - tty.usbmodem0006822145041: parsed_packet {event: CmdRsp, data: {'opcode': 164, 'status': 0, 'data': bytearray(b'\x02\x00')}}
2019-07-10 17:39:10,378 - INFO - tty.usbmodem0006822145041: AddrPublicationAdd: {'address_handle': 2}
2019-07-10 17:39:11,378 - DEBUG - tty.usbmodem0006822145041: Writing: 164 bytearray(b'\xc8\x00')
2019-07-10 17:39:11,378 - DEBUG - tty.usbmodem0006822145041: TX: 03a4c800
2019-07-10 17:39:11,378 - ERROR - tty.usbmodem0006822145041: Exception in pkt handler <bound method Manager.cmd_handler of <interactive_pyaci.Manager object at 0x10de30860>>
2019-07-10 17:39:11,379 - ERROR - tty.usbmodem0006822145041: traceback: Traceback (most recent call last):
  File "/Users/Tim-Mac/msc/bm-control/dev/nrf5SDKforMeshv310src/scripts/interactive_pyaci/aci/aci_uart.py", line 96, in process_command
    fun(command)
  File "/Users/Tim-Mac/msc/bm-control/dev/nrf5SDKforMeshv310src/scripts/interactive_pyaci/interactive_pyaci.py", line 291, in cmd_handler
    self.logger.info("CMD PUB: {}".format(address_bytearray_to_int(cmd._data)))
NameError: name 'address_bytearray_to_int' is not defined

2019-07-10 17:39:11,380 - DEBUG - tty.usbmodem0006822145041: RX: 0584a4000300
2019-07-10 17:39:11,381 - DEBUG - tty.usbmodem0006822145041: parsed_packet {event: CmdRsp, data: {'opcode': 164, 'status': 0, 'data': bytearray(b'\x03\x00')}}
2019-07-10 17:39:11,381 - INFO - tty.usbmodem0006822145041: AddrPublicationAdd: {'address_handle': 3}
2019-07-10 17:39:12,382 - DEBUG - tty.usbmodem0006822145041: Writing: 164 bytearray(b'\xc9\x00')
2019-07-10 17:39:12,383 - DEBUG - tty.usbmodem0006822145041: TX: 03a4c900
2019-07-10 17:39:12,383 - ERROR - tty.usbmodem0006822145041: Exception in pkt handler <bound method Manager.cmd_handler of <interactive_pyaci.Manager object at 0x10de30860>>
2019-07-10 17:39:12,383 - ERROR - tty.usbmodem0006822145041: traceback: Traceback (most recent call last):
  File "/Users/Tim-Mac/msc/bm-control/dev/nrf5SDKforMeshv310src/scripts/interactive_pyaci/aci/aci_uart.py", line 96, in process_command
    fun(command)
  File "/Users/Tim-Mac/msc/bm-control/dev/nrf5SDKforMeshv310src/scripts/interactive_pyaci/interactive_pyaci.py", line 291, in cmd_handler
    self.logger.info("CMD PUB: {}".format(address_bytearray_to_int(cmd._data)))
NameError: name 'address_bytearray_to_int' is not defined

2019-07-10 17:39:12,384 - DEBUG - tty.usbmodem0006822145041: RX: 0584a4000400
2019-07-10 17:39:12,390 - DEBUG - tty.usbmodem0006822145041: parsed_packet {event: CmdRsp, data: {'opcode': 164, 'status': 0, 'data': bytearray(b'\x04\x00')}}
2019-07-10 17:39:12,391 - INFO - tty.usbmodem0006822145041: AddrPublicationAdd: {'address_handle': 4}
2019-07-10 17:39:13,385 - DEBUG - tty.usbmodem0006822145041: Writing: 164 bytearray(b'\xca\x00')
2019-07-10 17:39:13,385 - DEBUG - tty.usbmodem0006822145041: TX: 03a4ca00
2019-07-10 17:39:13,386 - ERROR - tty.usbmodem0006822145041: Exception in pkt handler <bound method Manager.cmd_handler of <interactive_pyaci.Manager object at 0x10de30860>>
2019-07-10 17:39:13,386 - ERROR - tty.usbmodem0006822145041: traceback: Traceback (most recent call last):
  File "/Users/Tim-Mac/msc/bm-control/dev/nrf5SDKforMeshv310src/scripts/interactive_pyaci/aci/aci_uart.py", line 96, in process_command
    fun(command)
  File "/Users/Tim-Mac/msc/bm-control/dev/nrf5SDKforMeshv310src/scripts/interactive_pyaci/interactive_pyaci.py", line 291, in cmd_handler
    self.logger.info("CMD PUB: {}".format(address_bytearray_to_int(cmd._data)))
NameError: name 'address_bytearray_to_int' is not defined

2019-07-10 17:39:13,387 - DEBUG - tty.usbmodem0006822145041: RX: 0584a4000500
2019-07-10 17:39:13,387 - DEBUG - tty.usbmodem0006822145041: parsed_packet {event: CmdRsp, data: {'opcode': 164, 'status': 0, 'data': bytearray(b'\x05\x00')}}
2019-07-10 17:39:13,388 - INFO - tty.usbmodem0006822145041: AddrPublicationAdd: {'address_handle': 5}
2019-07-10 17:39:14,390 - DEBUG - tty.usbmodem0006822145041: Writing: 164 bytearray(b'\xcb\x00')
2019-07-10 17:39:14,390 - DEBUG - tty.usbmodem0006822145041: TX: 03a4cb00
2019-07-10 17:39:14,390 - ERROR - tty.usbmodem0006822145041: Exception in pkt handler <bound method Manager.cmd_handler of <interactive_pyaci.Manager object at 0x10de30860>>
2019-07-10 17:39:14,391 - ERROR - tty.usbmodem0006822145041: traceback: Traceback (most recent call last):
  File "/Users/Tim-Mac/msc/bm-control/dev/nrf5SDKforMeshv310src/scripts/interactive_pyaci/aci/aci_uart.py", line 96, in process_command
    fun(command)
  File "/Users/Tim-Mac/msc/bm-control/dev/nrf5SDKforMeshv310src/scripts/interactive_pyaci/interactive_pyaci.py", line 291, in cmd_handler
    self.logger.info("CMD PUB: {}".format(address_bytearray_to_int(cmd._data)))
NameError: name 'address_bytearray_to_int' is not defined

2019-07-10 17:39:14,392 - DEBUG - tty.usbmodem0006822145041: RX: 0584a4000600
2019-07-10 17:39:14,393 - DEBUG - tty.usbmodem0006822145041: parsed_packet {event: CmdRsp, data: {'opcode': 164, 'status': 0, 'data': bytearray(b'\x06\x00')}}
2019-07-10 17:39:14,393 - INFO - tty.usbmodem0006822145041: AddrPublicationAdd: {'address_handle': 6}
2019-07-10 17:39:15,395 - DEBUG - tty.usbmodem0006822145041: Writing: 164 bytearray(b'\xcc\x00')
2019-07-10 17:39:15,395 - DEBUG - tty.usbmodem0006822145041: TX: 03a4cc00
2019-07-10 17:39:15,395 - ERROR - tty.usbmodem0006822145041: Exception in pkt handler <bound method Manager.cmd_handler of <interactive_pyaci.Manager object at 0x10de30860>>
2019-07-10 17:39:15,396 - ERROR - tty.usbmodem0006822145041: traceback: Traceback (most recent call last):
  File "/Users/Tim-Mac/msc/bm-control/dev/nrf5SDKforMeshv310src/scripts/interactive_pyaci/aci/aci_uart.py", line 96, in process_command
    fun(command)
  File "/Users/Tim-Mac/msc/bm-control/dev/nrf5SDKforMeshv310src/scripts/interactive_pyaci/interactive_pyaci.py", line 291, in cmd_handler
    self.logger.info("CMD PUB: {}".format(address_bytearray_to_int(cmd._data)))
NameError: name 'address_bytearray_to_int' is not defined

2019-07-10 17:39:15,398 - DEBUG - tty.usbmodem0006822145041: RX: 0584a4000700
2019-07-10 17:39:15,399 - DEBUG - tty.usbmodem0006822145041: parsed_packet {event: CmdRsp, data: {'opcode': 164, 'status': 0, 'data': bytearray(b'\x07\x00')}}
2019-07-10 17:39:15,399 - INFO - tty.usbmodem0006822145041: AddrPublicationAdd: {'address_handle': 7}
2019-07-10 17:39:16,399 - DEBUG - tty.usbmodem0006822145041: Writing: 164 bytearray(b'\xcd\x00')
2019-07-10 17:39:16,400 - DEBUG - tty.usbmodem0006822145041: TX: 03a4cd00
2019-07-10 17:39:16,400 - ERROR - tty.usbmodem0006822145041: Exception in pkt handler <bound method Manager.cmd_handler of <interactive_pyaci.Manager object at 0x10de30860>>
2019-07-10 17:39:16,400 - ERROR - tty.usbmodem0006822145041: traceback: Traceback (most recent call last):
  File "/Users/Tim-Mac/msc/bm-control/dev/nrf5SDKforMeshv310src/scripts/interactive_pyaci/aci/aci_uart.py", line 96, in process_command
    fun(command)
  File "/Users/Tim-Mac/msc/bm-control/dev/nrf5SDKforMeshv310src/scripts/interactive_pyaci/interactive_pyaci.py", line 291, in cmd_handler
    self.logger.info("CMD PUB: {}".format(address_bytearray_to_int(cmd._data)))
NameError: name 'address_bytearray_to_int' is not defined

2019-07-10 17:39:16,402 - DEBUG - tty.usbmodem0006822145041: RX: 0584a4000800
2019-07-10 17:39:16,402 - DEBUG - tty.usbmodem0006822145041: parsed_packet {event: CmdRsp, data: {'opcode': 164, 'status': 0, 'data': bytearray(b'\x08\x00')}}
2019-07-10 17:39:16,402 - INFO - tty.usbmodem0006822145041: AddrPublicationAdd: {'address_handle': 8}
2019-07-10 17:39:19,083 - DEBUG - tty.usbmodem0006822145041: exited read event
2019-07-10 17:39:22,632 - DEBUG - tty.usbmodem0006822145041: Writing: 105 bytearray(b'\x1eri\x92\x95\xe9\xb8\xe1\xbc\xc4\x8df\xca\\\xd2\xa9x\x18\xe0\xab\xfd\x18\xbd\xf2s\xd6#\xa1k\x12\x97F\x015\x14o\xee\x05\x14\x9fCu\xff_\xf4\\\xc9\xee\x0cX\xb4\xcc\x1a\xacv\x1bko\x82\x19\xd5\xb8\xae\xc9\xa9K\x1f\xeb\xde\xd5\xba\xc2\x99zK&\xe9\nMo\t\xf7\xc2\x03\xe6L\xaf)0\x9biz\\\xffNf')
2019-07-10 17:39:22,632 - DEBUG - tty.usbmodem0006822145041: TX: 61691e72699295e9b8e1bcc48d66ca5cd2a97818e0abfd18bdf273d623a16b1297460135146fee05149f4375ff5ff45cc9ee0c58b4cc1aac761b6b6f8219d5b8aec9a94b1febded5bac2997a4b26e90a4d6f09f7c203e64caf29309b697a5cff4e66
2019-07-10 17:39:22,643 - DEBUG - tty.usbmodem0006822145041: RX: 03845384
2019-07-10 17:39:22,644 - DEBUG - tty.usbmodem0006822145041: parsed_packet {event: CmdRsp, data: {'opcode': 83, 'status': 132, 'data': bytearray(b'')}}
2019-07-10 17:39:22,644 - ERROR - tty.usbmodem0006822145041: None: ERROR_INVALID_LENGTH
2019-07-10 17:39:22,645 - DEBUG - tty.usbmodem0006822145041: Writing: 159 bytearray(b'\x01\x00\x01\x00')
2019-07-10 17:39:22,645 - DEBUG - tty.usbmodem0006822145041: TX: 059f01000100
2019-07-10 17:39:22,645 - DEBUG - tty.usbmodem0006822145041: RX: 03840084
2019-07-10 17:39:22,646 - DEBUG - tty.usbmodem0006822145041: parsed_packet {event: CmdRsp, data: {'opcode': 0, 'status': 132, 'data': bytearray(b'')}}
2019-07-10 17:39:22,646 - ERROR - tty.usbmodem0006822145041: None: ERROR_INVALID_LENGTH
2019-07-10 17:39:22,646 - DEBUG - tty.usbmodem0006822145041: Writing: 146 bytearray(b'\x00\x00\x18\xee\xd9\xc2\xa5j\xdd\x85\x04\x9f\xfc<Y\xad\x0e\x12')
2019-07-10 17:39:22,646 - DEBUG - tty.usbmodem0006822145041: TX: 1392000018eed9c2a56add85049ffc3c59ad0e12
2019-07-10 17:39:22,647 - DEBUG - tty.usbmodem0006822145041: RX: 03840084
2019-07-10 17:39:22,647 - DEBUG - tty.usbmodem0006822145041: parsed_packet {event: CmdRsp, data: {'opcode': 0, 'status': 132, 'data': bytearray(b'')}}
2019-07-10 17:39:22,647 - ERROR - tty.usbmodem0006822145041: None: ERROR_INVALID_LENGTH
2019-07-10 17:39:22,648 - DEBUG - tty.usbmodem0006822145041: Writing: 151 bytearray(b'\x00\x00\x00\x00Oh\xad\x85\xd9\xf4\x8a\xc8X\x9d\xf6e\xb6\xb4\x9b\x8a')
2019-07-10 17:39:22,648 - DEBUG - tty.usbmodem0006822145041: TX: 1597000000004f68ad85d9f48ac8589df665b6b49b8a
2019-07-10 17:39:22,648 - DEBUG - tty.usbmodem0006822145041: RX: 03840084
2019-07-10 17:39:22,648 - DEBUG - tty.usbmodem0006822145041: parsed_packet {event: CmdRsp, data: {'opcode': 0, 'status': 132, 'data': bytearray(b'')}}
2019-07-10 17:39:22,649 - ERROR - tty.usbmodem0006822145041: None: ERROR_INVALID_LENGTH
2019-07-10 17:39:22,649 - DEBUG - tty.usbmodem0006822145041: Writing: 151 bytearray(b'\x01\x00\x00\x00*\xa2\xa6\xde\xd5\xa0y\x8c\xea\xb5x|\xa3\xae9\xfc')
2019-07-10 17:39:22,649 - DEBUG - tty.usbmodem0006822145041: RX: 03840084
2019-07-10 17:39:22,649 - DEBUG - tty.usbmodem0006822145041: TX: 1597010000002aa2a6ded5a0798ceab5787ca3ae39fc
2019-07-10 17:39:22,649 - DEBUG - tty.usbmodem0006822145041: parsed_packet {event: CmdRsp, data: {'opcode': 0, 'status': 132, 'data': bytearray(b'')}}
2019-07-10 17:39:22,650 - ERROR - tty.usbmodem0006822145041: None: ERROR_INVALID_LENGTH
2019-07-10 17:39:22,650 - DEBUG - tty.usbmodem0006822145041: Writing: 164 bytearray(b'\xc6\x00')
2019-07-10 17:39:22,650 - DEBUG - tty.usbmodem0006822145041: TX: 03a4c600
2019-07-10 17:39:22,650 - DEBUG - tty.usbmodem0006822145041: RX: 03840084
2019-07-10 17:39:22,650 - DEBUG - tty.usbmodem0006822145041: parsed_packet {event: CmdRsp, data: {'opcode': 0, 'status': 132, 'data': bytearray(b'')}}
2019-07-10 17:39:22,651 - INFO - tty.usbmodem0006822145041: CMD PUB: 198
2019-07-10 17:39:22,651 - ERROR - tty.usbmodem0006822145041: None: ERROR_INVALID_LENGTH
2019-07-10 17:39:22,651 - DEBUG - tty.usbmodem0006822145041: RX: 03840084
2019-07-10 17:39:22,651 - DEBUG - tty.usbmodem0006822145041: parsed_packet {event: CmdRsp, data: {'opcode': 0, 'status': 132, 'data': bytearray(b'')}}
2019-07-10 17:39:22,651 - ERROR - tty.usbmodem0006822145041: None: ERROR_INVALID_LENGTH
2019-07-10 17:39:22,651 - DEBUG - tty.usbmodem0006822145041: RX: 03840084
2019-07-10 17:39:22,651 - DEBUG - tty.usbmodem0006822145041: parsed_packet {event: CmdRsp, data: {'opcode': 0, 'status': 132, 'data': bytearray(b'')}}
2019-07-10 17:39:22,652 - ERROR - tty.usbmodem0006822145041: None: ERROR_INVALID_LENGTH
2019-07-10 17:39:22,652 - DEBUG - tty.usbmodem0006822145041: RX: 03840084
2019-07-10 17:39:22,652 - DEBUG - tty.usbmodem0006822145041: parsed_packet {event: CmdRsp, data: {'opcode': 0, 'status': 132, 'data': bytearray(b'')}}
2019-07-10 17:39:22,652 - ERROR - tty.usbmodem0006822145041: None: ERROR_INVALID_LENGTH
2019-07-10 17:39:22,652 - DEBUG - tty.usbmodem0006822145041: RX: 03840084
2019-07-10 17:39:22,652 - DEBUG - tty.usbmodem0006822145041: parsed_packet {event: CmdRsp, data: {'opcode': 0, 'status': 132, 'data': bytearray(b'')}}
2019-07-10 17:39:22,652 - ERROR - tty.usbmodem0006822145041: None: ERROR_INVALID_LENGTH
2019-07-10 17:39:22,652 - DEBUG - tty.usbmodem0006822145041: RX: 03840084
2019-07-10 17:39:22,653 - DEBUG - tty.usbmodem0006822145041: parsed_packet {event: CmdRsp, data: {'opcode': 0, 'status': 132, 'data': bytearray(b'')}}
2019-07-10 17:39:22,653 - ERROR - tty.usbmodem0006822145041: None: ERROR_INVALID_LENGTH
2019-07-10 17:39:22,653 - DEBUG - tty.usbmodem0006822145041: RX: 03840084
2019-07-10 17:39:22,653 - DEBUG - tty.usbmodem0006822145041: parsed_packet {event: CmdRsp, data: {'opcode': 0, 'status': 132, 'data': bytearray(b'')}}
2019-07-10 17:39:22,653 - ERROR - tty.usbmodem0006822145041: None: ERROR_INVALID_LENGTH
2019-07-10 17:39:22,653 - DEBUG - tty.usbmodem0006822145041: RX: 03840084
2019-07-10 17:39:22,654 - DEBUG - tty.usbmodem0006822145041: parsed_packet {event: CmdRsp, data: {'opcode': 0, 'status': 132, 'data': bytearray(b'')}}
2019-07-10 17:39:22,654 - ERROR - tty.usbmodem0006822145041: None: ERROR_INVALID_LENGTH
2019-07-10 17:39:22,654 - DEBUG - tty.usbmodem0006822145041: RX: 03849f8e
2019-07-10 17:39:22,654 - DEBUG - tty.usbmodem0006822145041: parsed_packet {event: CmdRsp, data: {'opcode': 159, 'status': 142, 'data': bytearray(b'')}}
2019-07-10 17:39:22,654 - ERROR - tty.usbmodem0006822145041: None: ERROR_REJECTED
2019-07-10 17:39:22,655 - DEBUG - tty.usbmodem0006822145041: RX: 03849281
2019-07-10 17:39:22,655 - DEBUG - tty.usbmodem0006822145041: parsed_packet {event: CmdRsp, data: {'opcode': 146, 'status': 129, 'data': bytearray(b'')}}
2019-07-10 17:39:22,655 - ERROR - tty.usbmodem0006822145041: SubnetAdd: ERROR_INTERNAL
2019-07-10 17:39:22,655 - DEBUG - tty.usbmodem0006822145041: RX: 03849781
2019-07-10 17:39:22,655 - DEBUG - tty.usbmodem0006822145041: parsed_packet {event: CmdRsp, data: {'opcode': 151, 'status': 129, 'data': bytearray(b'')}}
2019-07-10 17:39:22,657 - ERROR - tty.usbmodem0006822145041: AppkeyAdd: ERROR_INTERNAL
2019-07-10 17:39:22,658 - DEBUG - tty.usbmodem0006822145041: RX: 03849781
2019-07-10 17:39:22,658 - DEBUG - tty.usbmodem0006822145041: parsed_packet {event: CmdRsp, data: {'opcode': 151, 'status': 129, 'data': bytearray(b'')}}
2019-07-10 17:39:22,659 - ERROR - tty.usbmodem0006822145041: AppkeyAdd: ERROR_INTERNAL
2019-07-10 17:39:22,660 - DEBUG - tty.usbmodem0006822145041: RX: 0584a4000000
2019-07-10 17:39:22,660 - DEBUG - tty.usbmodem0006822145041: parsed_packet {event: CmdRsp, data: {'opcode': 164, 'status': 0, 'data': bytearray(b'\x00\x00')}}
2019-07-10 17:39:22,660 - INFO - tty.usbmodem0006822145041: AddrPublicationAdd: {'address_handle': 0}
2019-07-10 17:39:23,633 - DEBUG - tty.usbmodem0006822145041: Writing: 161 bytearray(b'\x01\xc0')
2019-07-10 17:39:23,633 - DEBUG - tty.usbmodem0006822145041: TX: 03a101c0
2019-07-10 17:39:23,633 - INFO - tty.usbmodem0006822145041: CMD SUB: 49153
2019-07-10 17:39:23,635 - DEBUG - tty.usbmodem0006822145041: RX: 0584a1000100
2019-07-10 17:39:23,635 - DEBUG - tty.usbmodem0006822145041: parsed_packet {event: CmdRsp, data: {'opcode': 161, 'status': 0, 'data': bytearray(b'\x01\x00')}}
2019-07-10 17:39:23,635 - INFO - tty.usbmodem0006822145041: AddrSubscriptionAdd: {'address_handle': 1}
2019-07-10 17:39:24,633 - DEBUG - tty.usbmodem0006822145041: Writing: 164 bytearray(b'\xc7\x00')
2019-07-10 17:39:24,634 - DEBUG - tty.usbmodem0006822145041: TX: 03a4c700
2019-07-10 17:39:24,636 - INFO - tty.usbmodem0006822145041: CMD PUB: 199
2019-07-10 17:39:24,637 - DEBUG - tty.usbmodem0006822145041: RX: 0584a4000200
2019-07-10 17:39:24,637 - DEBUG - tty.usbmodem0006822145041: parsed_packet {event: CmdRsp, data: {'opcode': 164, 'status': 0, 'data': bytearray(b'\x02\x00')}}
2019-07-10 17:39:24,637 - INFO - tty.usbmodem0006822145041: AddrPublicationAdd: {'address_handle': 2}
2019-07-10 17:39:25,636 - DEBUG - tty.usbmodem0006822145041: Writing: 164 bytearray(b'\xc8\x00')
2019-07-10 17:39:25,639 - DEBUG - tty.usbmodem0006822145041: TX: 03a4c800
2019-07-10 17:39:25,639 - INFO - tty.usbmodem0006822145041: CMD PUB: 200
2019-07-10 17:39:25,641 - DEBUG - tty.usbmodem0006822145041: RX: 0584a4000300
2019-07-10 17:39:25,641 - DEBUG - tty.usbmodem0006822145041: parsed_packet {event: CmdRsp, data: {'opcode': 164, 'status': 0, 'data': bytearray(b'\x03\x00')}}
2019-07-10 17:39:25,641 - INFO - tty.usbmodem0006822145041: AddrPublicationAdd: {'address_handle': 3}
2019-07-10 17:39:26,638 - DEBUG - tty.usbmodem0006822145041: Writing: 164 bytearray(b'\xc9\x00')
2019-07-10 17:39:26,638 - DEBUG - tty.usbmodem0006822145041: TX: 03a4c900
2019-07-10 17:39:26,638 - INFO - tty.usbmodem0006822145041: CMD PUB: 201
2019-07-10 17:39:26,640 - DEBUG - tty.usbmodem0006822145041: RX: 0584a4000400
2019-07-10 17:39:26,640 - DEBUG - tty.usbmodem0006822145041: parsed_packet {event: CmdRsp, data: {'opcode': 164, 'status': 0, 'data': bytearray(b'\x04\x00')}}
2019-07-10 17:39:26,640 - INFO - tty.usbmodem0006822145041: AddrPublicationAdd: {'address_handle': 4}
2019-07-10 17:39:27,641 - DEBUG - tty.usbmodem0006822145041: Writing: 164 bytearray(b'\xca\x00')
2019-07-10 17:39:27,641 - DEBUG - tty.usbmodem0006822145041: TX: 03a4ca00
2019-07-10 17:39:27,642 - INFO - tty.usbmodem0006822145041: CMD PUB: 202
2019-07-10 17:39:27,644 - DEBUG - tty.usbmodem0006822145041: RX: 0584a4000500
2019-07-10 17:39:27,644 - DEBUG - tty.usbmodem0006822145041: parsed_packet {event: CmdRsp, data: {'opcode': 164, 'status': 0, 'data': bytearray(b'\x05\x00')}}
2019-07-10 17:39:27,644 - INFO - tty.usbmodem0006822145041: AddrPublicationAdd: {'address_handle': 5}
2019-07-10 17:39:28,643 - DEBUG - tty.usbmodem0006822145041: Writing: 164 bytearray(b'\xcb\x00')
2019-07-10 17:39:28,643 - DEBUG - tty.usbmodem0006822145041: TX: 03a4cb00
2019-07-10 17:39:28,644 - INFO - tty.usbmodem0006822145041: CMD PUB: 203
2019-07-10 17:39:28,646 - DEBUG - tty.usbmodem0006822145041: RX: 0584a4000600
2019-07-10 17:39:28,646 - DEBUG - tty.usbmodem0006822145041: parsed_packet {event: CmdRsp, data: {'opcode': 164, 'status': 0, 'data': bytearray(b'\x06\x00')}}
2019-07-10 17:39:28,646 - INFO - tty.usbmodem0006822145041: AddrPublicationAdd: {'address_handle': 6}
2019-07-10 17:39:29,646 - DEBUG - tty.usbmodem0006822145041: Writing: 164 bytearray(b'\xcc\x00')
2019-07-10 17:39:29,646 - DEBUG - tty.usbmodem0006822145041: TX: 03a4cc00
2019-07-10 17:39:29,646 - INFO - tty.usbmodem0006822145041: CMD PUB: 204
2019-07-10 17:39:29,649 - DEBUG - tty.usbmodem0006822145041: RX: 0584a4000700
2019-07-10 17:39:29,649 - DEBUG - tty.usbmodem0006822145041: parsed_packet {event: CmdRsp, data: {'opcode': 164, 'status': 0, 'data': bytearray(b'\x07\x00')}}
2019-07-10 17:39:29,649 - INFO - tty.usbmodem0006822145041: AddrPublicationAdd: {'address_handle': 7}
2019-07-10 17:39:30,651 - DEBUG - tty.usbmodem0006822145041: Writing: 164 bytearray(b'\xcd\x00')
2019-07-10 17:39:30,651 - DEBUG - tty.usbmodem0006822145041: TX: 03a4cd00
2019-07-10 17:39:30,652 - INFO - tty.usbmodem0006822145041: CMD PUB: 205
2019-07-10 17:39:30,654 - DEBUG - tty.usbmodem0006822145041: RX: 0584a4000800
2019-07-10 17:39:30,654 - DEBUG - tty.usbmodem0006822145041: parsed_packet {event: CmdRsp, data: {'opcode': 164, 'status': 0, 'data': bytearray(b'\x08\x00')}}
2019-07-10 17:39:30,654 - INFO - tty.usbmodem0006822145041: AddrPublicationAdd: {'address_handle': 8}
2019-07-10 17:39:31,652 - DEBUG - tty.usbmodem0006822145041: Writing: 164 bytearray(b'\xce\x00')
2019-07-10 17:39:31,652 - DEBUG - tty.usbmodem0006822145041: TX: 03a4ce00
2019-07-10 17:39:31,653 - INFO - tty.usbmodem0006822145041: CMD PUB: 206
2019-07-10 17:39:31,655 - DEBUG - tty.usbmodem0006822145041: RX: 0584a4000900
2019-07-10 17:39:31,655 - DEBUG - tty.usbmodem0006822145041: parsed_packet {event: CmdRsp, data: {'opcode': 164, 'status': 0, 'data': bytearray(b'\t\x00')}}
2019-07-10 17:39:31,655 - INFO - tty.usbmodem0006822145041: AddrPublicationAdd: {'address_handle': 9}
2019-07-10 17:39:32,652 - DEBUG - tty.usbmodem0006822145041: Writing: 164 bytearray(b'\xcf\x00')
2019-07-10 17:39:32,653 - DEBUG - tty.usbmodem0006822145041: TX: 03a4cf00
2019-07-10 17:39:32,653 - INFO - tty.usbmodem0006822145041: CMD PUB: 207
2019-07-10 17:39:32,655 - DEBUG - tty.usbmodem0006822145041: RX: 0584a4000a00
2019-07-10 17:39:32,655 - DEBUG - tty.usbmodem0006822145041: parsed_packet {event: CmdRsp, data: {'opcode': 164, 'status': 0, 'data': bytearray(b'\n\x00')}}
2019-07-10 17:39:32,655 - INFO - tty.usbmodem0006822145041: AddrPublicationAdd: {'address_handle': 10}
2019-07-10 17:39:33,653 - DEBUG - tty.usbmodem0006822145041: Writing: 164 bytearray(b'\xd0\x00')
2019-07-10 17:39:33,655 - DEBUG - tty.usbmodem0006822145041: TX: 03a4d000
2019-07-10 17:39:33,655 - INFO - tty.usbmodem0006822145041: CMD PUB: 208
2019-07-10 17:39:33,657 - DEBUG - tty.usbmodem0006822145041: RX: 0584a4000b00
2019-07-10 17:39:33,657 - DEBUG - tty.usbmodem0006822145041: parsed_packet {event: CmdRsp, data: {'opcode': 164, 'status': 0, 'data': bytearray(b'\x0b\x00')}}
2019-07-10 17:39:33,657 - INFO - tty.usbmodem0006822145041: AddrPublicationAdd: {'address_handle': 11}
2019-07-10 17:39:34,657 - DEBUG - tty.usbmodem0006822145041: Writing: 164 bytearray(b'\xd1\x00')
2019-07-10 17:39:34,659 - DEBUG - tty.usbmodem0006822145041: TX: 03a4d100
2019-07-10 17:39:34,659 - INFO - tty.usbmodem0006822145041: CMD PUB: 209
2019-07-10 17:39:34,661 - DEBUG - tty.usbmodem0006822145041: RX: 0584a4000c00
2019-07-10 17:39:34,661 - DEBUG - tty.usbmodem0006822145041: parsed_packet {event: CmdRsp, data: {'opcode': 164, 'status': 0, 'data': bytearray(b'\x0c\x00')}}
2019-07-10 17:39:34,661 - INFO - tty.usbmodem0006822145041: AddrPublicationAdd: {'address_handle': 12}
2019-07-10 17:39:35,657 - DEBUG - tty.usbmodem0006822145041: Writing: 164 bytearray(b'\xd2\x00')
2019-07-10 17:39:35,657 - DEBUG - tty.usbmodem0006822145041: TX: 03a4d200
2019-07-10 17:39:35,657 - INFO - tty.usbmodem0006822145041: CMD PUB: 210
2019-07-10 17:39:35,659 - DEBUG - tty.usbmodem0006822145041: RX: 0584a4000d00
2019-07-10 17:39:35,660 - DEBUG - tty.usbmodem0006822145041: parsed_packet {event: CmdRsp, data: {'opcode': 164, 'status': 0, 'data': bytearray(b'\r\x00')}}
2019-07-10 17:39:35,660 - INFO - tty.usbmodem0006822145041: AddrPublicationAdd: {'address_handle': 13}
2019-07-10 17:39:36,658 - DEBUG - tty.usbmodem0006822145041: Writing: 164 bytearray(b'\xd3\x00')
2019-07-10 17:39:36,658 - DEBUG - tty.usbmodem0006822145041: TX: 03a4d300
2019-07-10 17:39:36,658 - INFO - tty.usbmodem0006822145041: CMD PUB: 211
2019-07-10 17:39:36,660 - DEBUG - tty.usbmodem0006822145041: RX: 0584a4000e00
2019-07-10 17:39:36,660 - DEBUG - tty.usbmodem0006822145041: parsed_packet {event: CmdRsp, data: {'opcode': 164, 'status': 0, 'data': bytearray(b'\x0e\x00')}}
2019-07-10 17:39:36,660 - INFO - tty.usbmodem0006822145041: AddrPublicationAdd: {'address_handle': 14}
2019-07-10 17:46:52,902 - DEBUG - tty.usbmodem0006822145041: exited read event
