2019-08-27 19:20:01,348 - DEBUG: Writing: 105 bytearray(b"\x82\xcf\xa5\xbf\xf3Y\xa1(\xbc\x8a\n\xbd\x85C\xf2I\xd3\x17\xce\xb4\x1cU7W\x8e\xc36\xe3\xc32\xdc\x88\x14\x0e\tN\x0e@\xf5\xffPyB\xce\x10?)\xd6\xd6V\xb9\xe5D\xd5\t\xc7\xc9\x1a\x0cY\x04\x8c\xa2\x85\xda\x13\\\xd6\xf1\x8b\xa3\xdee*iGO\xc1\x00\xfd\xa2\'\x86\x00~\xa6\x99\xed[\xe8\x81^\xffWL\xe7")
2019-08-27 19:20:01,348 - DEBUG: TX: 616982cfa5bff359a128bc8a0abd8543f249d317ceb41c5537578ec336e3c332dc88140e094e0e40f5ff507942ce103f29d6d656b9e544d509c7c91a0c59048ca285da135cd6f18ba3de652a69474fc100fda22786007ea699ed5be8815eff574ce7
2019-08-27 19:20:01,358 - DEBUG: RX: 03845384
2019-08-27 19:20:01,358 - DEBUG: parsed_packet {event: CmdRsp, data: {'opcode': 83, 'status': 132, 'data': bytearray(b'')}}
2019-08-27 19:20:01,359 - ERROR: None: ERROR_INVALID_LENGTH
2019-08-27 19:20:01,359 - DEBUG: RX: 03840084
2019-08-27 19:20:01,359 - DEBUG: parsed_packet {event: CmdRsp, data: {'opcode': 0, 'status': 132, 'data': bytearray(b'')}}
2019-08-27 19:20:01,359 - ERROR: None: ERROR_INVALID_LENGTH
2019-08-27 19:20:01,359 - DEBUG: RX: 03840084
2019-08-27 19:20:01,359 - DEBUG: parsed_packet {event: CmdRsp, data: {'opcode': 0, 'status': 132, 'data': bytearray(b'')}}
2019-08-27 19:20:01,360 - ERROR: None: ERROR_INVALID_LENGTH
2019-08-27 19:20:01,360 - DEBUG: RX: 03840084
2019-08-27 19:20:01,360 - DEBUG: parsed_packet {event: CmdRsp, data: {'opcode': 0, 'status': 132, 'data': bytearray(b'')}}
2019-08-27 19:20:01,360 - ERROR: None: ERROR_INVALID_LENGTH
2019-08-27 19:20:01,360 - DEBUG: RX: 03840084
2019-08-27 19:20:01,360 - DEBUG: parsed_packet {event: CmdRsp, data: {'opcode': 0, 'status': 132, 'data': bytearray(b'')}}
2019-08-27 19:20:01,360 - ERROR: None: ERROR_INVALID_LENGTH
2019-08-27 19:20:01,360 - DEBUG: RX: 03840084
2019-08-27 19:20:01,360 - DEBUG: parsed_packet {event: CmdRsp, data: {'opcode': 0, 'status': 132, 'data': bytearray(b'')}}
2019-08-27 19:20:01,360 - ERROR: None: ERROR_INVALID_LENGTH
2019-08-27 19:20:01,360 - DEBUG: RX: 03840084
2019-08-27 19:20:01,361 - DEBUG: parsed_packet {event: CmdRsp, data: {'opcode': 0, 'status': 132, 'data': bytearray(b'')}}
2019-08-27 19:20:01,361 - ERROR: None: ERROR_INVALID_LENGTH
2019-08-27 19:20:01,361 - DEBUG: RX: 03840084
2019-08-27 19:20:01,361 - DEBUG: parsed_packet {event: CmdRsp, data: {'opcode': 0, 'status': 132, 'data': bytearray(b'')}}
2019-08-27 19:20:01,361 - ERROR: None: ERROR_INVALID_LENGTH
2019-08-27 19:20:01,361 - DEBUG: RX: 03840084
2019-08-27 19:20:01,361 - DEBUG: parsed_packet {event: CmdRsp, data: {'opcode': 0, 'status': 132, 'data': bytearray(b'')}}
2019-08-27 19:20:01,361 - ERROR: None: ERROR_INVALID_LENGTH
2019-08-27 19:20:01,361 - DEBUG: RX: 03840084
2019-08-27 19:20:01,361 - DEBUG: parsed_packet {event: CmdRsp, data: {'opcode': 0, 'status': 132, 'data': bytearray(b'')}}
2019-08-27 19:20:01,361 - ERROR: None: ERROR_INVALID_LENGTH
2019-08-27 19:20:01,362 - DEBUG: RX: 03840084
2019-08-27 19:20:01,362 - DEBUG: parsed_packet {event: CmdRsp, data: {'opcode': 0, 'status': 132, 'data': bytearray(b'')}}
2019-08-27 19:20:01,362 - ERROR: None: ERROR_INVALID_LENGTH
2019-08-27 19:20:01,362 - DEBUG: RX: 03840084
2019-08-27 19:20:01,362 - DEBUG: parsed_packet {event: CmdRsp, data: {'opcode': 0, 'status': 132, 'data': bytearray(b'')}}
2019-08-27 19:20:01,362 - ERROR: None: ERROR_INVALID_LENGTH
2019-08-27 19:20:01,362 - DEBUG: RX: 03840084
2019-08-27 19:20:01,362 - DEBUG: parsed_packet {event: CmdRsp, data: {'opcode': 0, 'status': 132, 'data': bytearray(b'')}}
2019-08-27 19:20:01,362 - ERROR: None: ERROR_INVALID_LENGTH
2019-08-27 19:20:01,379 - DEBUG: Writing: 159 bytearray(b'\x01\x00\x01\x00')
2019-08-27 19:20:01,380 - DEBUG: TX: 059f01000100
2019-08-27 19:20:01,382 - DEBUG: RX: 03849f8e
2019-08-27 19:20:01,382 - DEBUG: parsed_packet {event: CmdRsp, data: {'opcode': 159, 'status': 142, 'data': bytearray(b'')}}
2019-08-27 19:20:01,382 - ERROR: None: ERROR_REJECTED
2019-08-27 19:20:01,401 - DEBUG: Writing: 146 bytearray(b'\x00\x00\x18\xee\xd9\xc2\xa5j\xdd\x85\x04\x9f\xfc<Y\xad\x0e\x12')
2019-08-27 19:20:01,402 - DEBUG: TX: 1392000018eed9c2a56add85049ffc3c59ad0e12
2019-08-27 19:20:01,405 - DEBUG: RX: 03849281
2019-08-27 19:20:01,405 - DEBUG: parsed_packet {event: CmdRsp, data: {'opcode': 146, 'status': 129, 'data': bytearray(b'')}}
2019-08-27 19:20:01,405 - ERROR: SubnetAdd: ERROR_INTERNAL
2019-08-27 19:20:01,423 - DEBUG: Writing: 151 bytearray(b'\x00\x00\x00\x00Oh\xad\x85\xd9\xf4\x8a\xc8X\x9d\xf6e\xb6\xb4\x9b\x8a')
2019-08-27 19:20:01,424 - DEBUG: TX: 1597000000004f68ad85d9f48ac8589df665b6b49b8a
2019-08-27 19:20:01,427 - DEBUG: RX: 03849781
2019-08-27 19:20:01,427 - DEBUG: parsed_packet {event: CmdRsp, data: {'opcode': 151, 'status': 129, 'data': bytearray(b'')}}
2019-08-27 19:20:01,427 - ERROR: AppkeyAdd: ERROR_INTERNAL
2019-08-27 19:20:01,445 - DEBUG: Writing: 151 bytearray(b'\x01\x00\x00\x00*\xa2\xa6\xde\xd5\xa0y\x8c\xea\xb5x|\xa3\xae9\xfc')
2019-08-27 19:20:01,445 - DEBUG: TX: 1597010000002aa2a6ded5a0798ceab5787ca3ae39fc
2019-08-27 19:20:01,448 - DEBUG: RX: 03849781
2019-08-27 19:20:01,448 - DEBUG: parsed_packet {event: CmdRsp, data: {'opcode': 151, 'status': 129, 'data': bytearray(b'')}}
2019-08-27 19:20:01,448 - ERROR: AppkeyAdd: ERROR_INTERNAL
2019-08-27 19:20:01,466 - DEBUG: Writing: 14 bytearray(b'')
2019-08-27 19:20:01,466 - DEBUG: TX: 010e
2019-08-27 19:20:01,885 - DEBUG: RX: 04810200fe
2019-08-27 19:20:01,885 - DEBUG: parsed_packet {event: DeviceStarted, data: {'operating_mode': 2, 'hw_error': 0, 'data_credit_available': 254}}
2019-08-27 19:20:01,885 - INFO: Device rebooted.
2019-08-27 19:20:01,886 - DEBUG: Writing: 159 bytearray(b'\x01\x00\x01\x00')
2019-08-27 19:20:01,886 - DEBUG: TX: 059f01000100
2019-08-27 19:20:01,888 - DEBUG: RX: 03849f00
2019-08-27 19:20:01,888 - DEBUG: parsed_packet {event: CmdRsp, data: {'opcode': 159, 'status': 0, 'data': bytearray(b'')}}
2019-08-27 19:20:01,888 - INFO: Success
2019-08-27 19:20:01,909 - DEBUG: Writing: 146 bytearray(b'\x00\x00\x18\xee\xd9\xc2\xa5j\xdd\x85\x04\x9f\xfc<Y\xad\x0e\x12')
2019-08-27 19:20:01,910 - DEBUG: TX: 1392000018eed9c2a56add85049ffc3c59ad0e12
2019-08-27 19:20:01,913 - DEBUG: RX: 058492000000
2019-08-27 19:20:01,914 - DEBUG: parsed_packet {event: CmdRsp, data: {'opcode': 146, 'status': 0, 'data': bytearray(b'\x00\x00')}}
2019-08-27 19:20:01,914 - INFO: SubnetAdd: {'subnet_handle': 0}
2019-08-27 19:20:01,935 - DEBUG: Writing: 151 bytearray(b'\x00\x00\x00\x00Oh\xad\x85\xd9\xf4\x8a\xc8X\x9d\xf6e\xb6\xb4\x9b\x8a')
2019-08-27 19:20:01,935 - DEBUG: TX: 1597000000004f68ad85d9f48ac8589df665b6b49b8a
2019-08-27 19:20:01,939 - DEBUG: RX: 058497000000
2019-08-27 19:20:01,939 - DEBUG: parsed_packet {event: CmdRsp, data: {'opcode': 151, 'status': 0, 'data': bytearray(b'\x00\x00')}}
2019-08-27 19:20:01,939 - INFO: AppkeyAdd: {'appkey_handle': 0}
2019-08-27 19:20:01,956 - DEBUG: Writing: 151 bytearray(b'\x01\x00\x00\x00*\xa2\xa6\xde\xd5\xa0y\x8c\xea\xb5x|\xa3\xae9\xfc')
2019-08-27 19:20:01,956 - DEBUG: TX: 1597010000002aa2a6ded5a0798ceab5787ca3ae39fc
2019-08-27 19:20:01,960 - DEBUG: RX: 058497000100
2019-08-27 19:20:01,960 - DEBUG: parsed_packet {event: CmdRsp, data: {'opcode': 151, 'status': 0, 'data': bytearray(b'\x01\x00')}}
2019-08-27 19:20:01,960 - INFO: AppkeyAdd: {'appkey_handle': 1}
2019-08-27 19:20:02,066 - DEBUG: Writing: 97 bytearray(b'')
2019-08-27 19:20:02,067 - DEBUG: TX: 0161
2019-08-27 19:20:02,068 - DEBUG: RX: 03846100
2019-08-27 19:20:02,068 - DEBUG: parsed_packet {event: CmdRsp, data: {'opcode': 97, 'status': 0, 'data': bytearray(b'')}}
2019-08-27 19:20:02,068 - INFO: Success
