2019-08-09 13:36:54,153 - DEBUG - tty.usbmodem0006822145041: Writing: 14 bytearray(b'')
2019-08-09 13:36:54,155 - DEBUG - tty.usbmodem0006822145041: TX: 010e
2019-08-09 13:36:54,573 - DEBUG - tty.usbmodem0006822145041: RX: 04810200fe
2019-08-09 13:36:54,573 - DEBUG - tty.usbmodem0006822145041: parsed_packet {event: DeviceStarted, data: {'operating_mode': 2, 'hw_error': 0, 'data_credit_available': 254}}
2019-08-09 13:36:54,574 - INFO - tty.usbmodem0006822145041: Device rebooted.
2019-08-09 13:36:54,682 - DEBUG - tty.usbmodem0006822145041: Writing: 105 bytearray(b'~\xc7\xfb\x9e\x89\xf0}w\xa9gh\xab\xc6`L\xb5\x1c\xaaK&\xc7\x9bi\xf2\xbf\x90\xf1\x9b\x15&\x1e\x1e-\xd0\x06M\xa43\xd0\xa7\x89\x12G*\xf6\xb8"c\x8cE:\x8b\x14\x86\xf2\x9f\x14\xeb}e\xdd1\x8f^\xd0\xee\x8a\xf1,6\xfc1\xea\xdf\xaa\x94\xcb\x89\x8b,\x15a\x9b\xa5\xdb\xc0U\xeb\xa8\xb38riW\x14+')
2019-08-09 13:36:54,682 - DEBUG - tty.usbmodem0006822145041: TX: 61697ec7fb9e89f07d77a96768abc6604cb51caa4b26c79b69f2bf90f19b15261e1e2dd0064da433d0a78912472af6b822638c453a8b1486f29f14eb7d65dd318f5ed0ee8af12c36fc31eadfaa94cb898b2c15619ba5dbc055eba8b338726957142b
2019-08-09 13:36:54,692 - DEBUG - tty.usbmodem0006822145041: RX: 03845384
2019-08-09 13:36:54,692 - DEBUG - tty.usbmodem0006822145041: parsed_packet {event: CmdRsp, data: {'opcode': 83, 'status': 132, 'data': bytearray(b'')}}
2019-08-09 13:36:54,692 - ERROR - tty.usbmodem0006822145041: None: ERROR_INVALID_LENGTH
2019-08-09 13:36:54,693 - DEBUG - tty.usbmodem0006822145041: RX: 03840084
2019-08-09 13:36:54,693 - DEBUG - tty.usbmodem0006822145041: parsed_packet {event: CmdRsp, data: {'opcode': 0, 'status': 132, 'data': bytearray(b'')}}
2019-08-09 13:36:54,693 - ERROR - tty.usbmodem0006822145041: None: ERROR_INVALID_LENGTH
2019-08-09 13:36:54,693 - DEBUG - tty.usbmodem0006822145041: RX: 03840084
2019-08-09 13:36:54,693 - DEBUG - tty.usbmodem0006822145041: parsed_packet {event: CmdRsp, data: {'opcode': 0, 'status': 132, 'data': bytearray(b'')}}
2019-08-09 13:36:54,693 - ERROR - tty.usbmodem0006822145041: None: ERROR_INVALID_LENGTH
2019-08-09 13:36:54,693 - DEBUG - tty.usbmodem0006822145041: RX: 03840084
2019-08-09 13:36:54,693 - DEBUG - tty.usbmodem0006822145041: parsed_packet {event: CmdRsp, data: {'opcode': 0, 'status': 132, 'data': bytearray(b'')}}
2019-08-09 13:36:54,693 - ERROR - tty.usbmodem0006822145041: None: ERROR_INVALID_LENGTH
2019-08-09 13:36:54,694 - DEBUG - tty.usbmodem0006822145041: RX: 03840084
2019-08-09 13:36:54,694 - DEBUG - tty.usbmodem0006822145041: parsed_packet {event: CmdRsp, data: {'opcode': 0, 'status': 132, 'data': bytearray(b'')}}
2019-08-09 13:36:54,694 - ERROR - tty.usbmodem0006822145041: None: ERROR_INVALID_LENGTH
2019-08-09 13:36:54,694 - DEBUG - tty.usbmodem0006822145041: RX: 03840084
2019-08-09 13:36:54,694 - DEBUG - tty.usbmodem0006822145041: parsed_packet {event: CmdRsp, data: {'opcode': 0, 'status': 132, 'data': bytearray(b'')}}
2019-08-09 13:36:54,694 - ERROR - tty.usbmodem0006822145041: None: ERROR_INVALID_LENGTH
2019-08-09 13:36:54,695 - DEBUG - tty.usbmodem0006822145041: RX: 03840084
2019-08-09 13:36:54,695 - DEBUG - tty.usbmodem0006822145041: parsed_packet {event: CmdRsp, data: {'opcode': 0, 'status': 132, 'data': bytearray(b'')}}
2019-08-09 13:36:54,695 - ERROR - tty.usbmodem0006822145041: None: ERROR_INVALID_LENGTH
2019-08-09 13:36:54,695 - DEBUG - tty.usbmodem0006822145041: RX: 03840084
2019-08-09 13:36:54,695 - DEBUG - tty.usbmodem0006822145041: parsed_packet {event: CmdRsp, data: {'opcode': 0, 'status': 132, 'data': bytearray(b'')}}
2019-08-09 13:36:54,695 - ERROR - tty.usbmodem0006822145041: None: ERROR_INVALID_LENGTH
2019-08-09 13:36:54,696 - DEBUG - tty.usbmodem0006822145041: RX: 03840084
2019-08-09 13:36:54,696 - DEBUG - tty.usbmodem0006822145041: parsed_packet {event: CmdRsp, data: {'opcode': 0, 'status': 132, 'data': bytearray(b'')}}
2019-08-09 13:36:54,696 - ERROR - tty.usbmodem0006822145041: None: ERROR_INVALID_LENGTH
2019-08-09 13:36:54,696 - DEBUG - tty.usbmodem0006822145041: RX: 03840084
2019-08-09 13:36:54,696 - DEBUG - tty.usbmodem0006822145041: parsed_packet {event: CmdRsp, data: {'opcode': 0, 'status': 132, 'data': bytearray(b'')}}
2019-08-09 13:36:54,696 - ERROR - tty.usbmodem0006822145041: None: ERROR_INVALID_LENGTH
2019-08-09 13:36:54,696 - DEBUG - tty.usbmodem0006822145041: RX: 03840084
2019-08-09 13:36:54,696 - DEBUG - tty.usbmodem0006822145041: parsed_packet {event: CmdRsp, data: {'opcode': 0, 'status': 132, 'data': bytearray(b'')}}
2019-08-09 13:36:54,696 - ERROR - tty.usbmodem0006822145041: None: ERROR_INVALID_LENGTH
2019-08-09 13:36:54,696 - DEBUG - tty.usbmodem0006822145041: RX: 03840084
2019-08-09 13:36:54,696 - DEBUG - tty.usbmodem0006822145041: parsed_packet {event: CmdRsp, data: {'opcode': 0, 'status': 132, 'data': bytearray(b'')}}
2019-08-09 13:36:54,697 - ERROR - tty.usbmodem0006822145041: None: ERROR_INVALID_LENGTH
2019-08-09 13:36:54,697 - DEBUG - tty.usbmodem0006822145041: RX: 03840084
2019-08-09 13:36:54,697 - DEBUG - tty.usbmodem0006822145041: parsed_packet {event: CmdRsp, data: {'opcode': 0, 'status': 132, 'data': bytearray(b'')}}
2019-08-09 13:36:54,697 - ERROR - tty.usbmodem0006822145041: None: ERROR_INVALID_LENGTH
2019-08-09 13:36:54,716 - DEBUG - tty.usbmodem0006822145041: Writing: 159 bytearray(b'\x01\x00\x01\x00')
2019-08-09 13:36:54,716 - DEBUG - tty.usbmodem0006822145041: TX: 059f01000100
2019-08-09 13:36:54,718 - DEBUG - tty.usbmodem0006822145041: RX: 03849f00
2019-08-09 13:36:54,718 - DEBUG - tty.usbmodem0006822145041: parsed_packet {event: CmdRsp, data: {'opcode': 159, 'status': 0, 'data': bytearray(b'')}}
2019-08-09 13:36:54,718 - INFO - tty.usbmodem0006822145041: Success
2019-08-09 13:36:54,742 - DEBUG - tty.usbmodem0006822145041: Writing: 146 bytearray(b'\x00\x00\x18\xee\xd9\xc2\xa5j\xdd\x85\x04\x9f\xfc<Y\xad\x0e\x12')
2019-08-09 13:36:54,742 - DEBUG - tty.usbmodem0006822145041: TX: 1392000018eed9c2a56add85049ffc3c59ad0e12
2019-08-09 13:36:54,746 - DEBUG - tty.usbmodem0006822145041: RX: 058492000000
2019-08-09 13:36:54,746 - DEBUG - tty.usbmodem0006822145041: parsed_packet {event: CmdRsp, data: {'opcode': 146, 'status': 0, 'data': bytearray(b'\x00\x00')}}
2019-08-09 13:36:54,746 - INFO - tty.usbmodem0006822145041: SubnetAdd: {'subnet_handle': 0}
2019-08-09 13:36:54,767 - DEBUG - tty.usbmodem0006822145041: Writing: 151 bytearray(b'\x00\x00\x00\x00Oh\xad\x85\xd9\xf4\x8a\xc8X\x9d\xf6e\xb6\xb4\x9b\x8a')
2019-08-09 13:36:54,767 - DEBUG - tty.usbmodem0006822145041: TX: 1597000000004f68ad85d9f48ac8589df665b6b49b8a
2019-08-09 13:36:54,771 - DEBUG - tty.usbmodem0006822145041: RX: 058497000000
2019-08-09 13:36:54,771 - DEBUG - tty.usbmodem0006822145041: parsed_packet {event: CmdRsp, data: {'opcode': 151, 'status': 0, 'data': bytearray(b'\x00\x00')}}
2019-08-09 13:36:54,771 - INFO - tty.usbmodem0006822145041: AppkeyAdd: {'appkey_handle': 0}
2019-08-09 13:36:54,792 - DEBUG - tty.usbmodem0006822145041: Writing: 151 bytearray(b'\x01\x00\x00\x00*\xa2\xa6\xde\xd5\xa0y\x8c\xea\xb5x|\xa3\xae9\xfc')
2019-08-09 13:36:54,792 - DEBUG - tty.usbmodem0006822145041: TX: 1597010000002aa2a6ded5a0798ceab5787ca3ae39fc
2019-08-09 13:36:54,796 - DEBUG - tty.usbmodem0006822145041: RX: 058497000100
2019-08-09 13:36:54,797 - DEBUG - tty.usbmodem0006822145041: parsed_packet {event: CmdRsp, data: {'opcode': 151, 'status': 0, 'data': bytearray(b'\x01\x00')}}
2019-08-09 13:36:54,797 - INFO - tty.usbmodem0006822145041: AppkeyAdd: {'appkey_handle': 1}
2019-08-09 13:36:57,482 - DEBUG - tty.usbmodem0006822145041: Writing: 97 bytearray(b'')
2019-08-09 13:36:57,482 - DEBUG - tty.usbmodem0006822145041: TX: 0161
2019-08-09 13:36:57,487 - DEBUG - tty.usbmodem0006822145041: RX: 03846100
2019-08-09 13:36:57,487 - DEBUG - tty.usbmodem0006822145041: parsed_packet {event: CmdRsp, data: {'opcode': 97, 'status': 0, 'data': bytearray(b'')}}
2019-08-09 13:36:57,487 - INFO - tty.usbmodem0006822145041: Success
2019-08-09 13:36:58,224 - DEBUG - tty.usbmodem0006822145041: RX: 1ac0e07f87c0e83ff2418b6e5fd50b58c2cdd40001cb6e5fd50bd8
2019-08-09 13:36:58,224 - DEBUG - tty.usbmodem0006822145041: parsed_packet {event: ProvUnprovisionedReceived, data: {'uuid': bytearray(b'\xe0\x7f\x87\xc0\xe8?\xf2A\x8bn_\xd5\x0bX\xc2\xcd'), 'rssi': -44, 'gatt_supported': 0, 'adv_addr_type': 1, 'adv_addr': bytearray(b'\xcbn_\xd5\x0b\xd8')}}
2019-08-09 13:36:58,224 - INFO - tty.usbmodem0006822145041: {event: ProvUnprovisionedReceived, data: {'uuid': bytearray(b'\xe0\x7f\x87\xc0\xe8?\xf2A\x8bn_\xd5\x0bX\xc2\xcd'), 'rssi': -44, 'gatt_supported': 0, 'adv_addr_type': 1, 'adv_addr': bytearray(b'\xcbn_\xd5\x0b\xd8')}}
2019-08-09 13:36:58,224 - INFO - tty.usbmodem0006822145041: Received UUID e07f87c0e83ff2418b6e5fd50b58c2cd with RSSI: -44 dB
2019-08-09 13:36:58,225 - DEBUG - tty.usbmodem0006822145041: Writing: 98 bytearray(b'')
2019-08-09 13:36:58,225 - DEBUG - tty.usbmodem0006822145041: TX: 0162
2019-08-09 13:36:58,226 - DEBUG - tty.usbmodem0006822145041: RX: 03846200
2019-08-09 13:36:58,226 - DEBUG - tty.usbmodem0006822145041: parsed_packet {event: CmdRsp, data: {'opcode': 98, 'status': 0, 'data': bytearray(b'')}}
2019-08-09 13:36:58,226 - INFO - tty.usbmodem0006822145041: Success
2019-08-09 13:36:58,248 - DEBUG - tty.usbmodem0006822145041: Writing: 99 bytearray(b'\x00\xe0\x7f\x87\xc0\xe8?\xf2A\x8bn_\xd5\x0bX\xc2\xcd\x18\xee\xd9\xc2\xa5j\xdd\x85\x04\x9f\xfc<Y\xad\x0e\x12\x00\x00\x00\x00\x00\x00\x10\x00\x00\x00\x00')
2019-08-09 13:36:58,248 - DEBUG - tty.usbmodem0006822145041: TX: 2d6300e07f87c0e83ff2418b6e5fd50b58c2cd18eed9c2a56add85049ffc3c59ad0e120000000000001000000000
2019-08-09 13:36:58,254 - DEBUG - tty.usbmodem0006822145041: RX: 0484630000
2019-08-09 13:36:58,254 - DEBUG - tty.usbmodem0006822145041: parsed_packet {event: CmdRsp, data: {'opcode': 99, 'status': 0, 'data': bytearray(b'\x00')}}
2019-08-09 13:36:58,254 - INFO - tty.usbmodem0006822145041: Provision: {'context': 0}
2019-08-09 13:36:58,273 - DEBUG - tty.usbmodem0006822145041: RX: 02c100
2019-08-09 13:36:58,273 - DEBUG - tty.usbmodem0006822145041: parsed_packet {event: ProvLinkEstablished, data: {'context_id': 0}}
2019-08-09 13:36:58,274 - INFO - tty.usbmodem0006822145041: {event: ProvLinkEstablished, data: {'context_id': 0}}
2019-08-09 13:36:58,274 - INFO - tty.usbmodem0006822145041: Link established
2019-08-09 13:36:58,322 - DEBUG - tty.usbmodem0006822145041: RX: 0bc3000e0001000000000000
2019-08-09 13:36:58,322 - DEBUG - tty.usbmodem0006822145041: parsed_packet {event: ProvCapsReceived, data: {'context_id': 0, 'num_elements': 14, 'public_key_type': 0, 'static_oob_types': 1, 'output_oob_size': 0, 'output_oob_actions': 0, 'input_oob_size': 0, 'input_oob_actions': 0}}
2019-08-09 13:36:58,322 - INFO - tty.usbmodem0006822145041: {event: ProvCapsReceived, data: {'context_id': 0, 'num_elements': 14, 'public_key_type': 0, 'static_oob_types': 1, 'output_oob_size': 0, 'output_oob_actions': 0, 'input_oob_size': 0, 'input_oob_actions': 0}}
2019-08-09 13:36:58,322 - INFO - tty.usbmodem0006822145041: Received capabilities
2019-08-09 13:36:58,323 - INFO - tty.usbmodem0006822145041: Number of elements: 14
2019-08-09 13:36:58,323 - DEBUG - tty.usbmodem0006822145041: Writing: 102 bytearray(b'\x00\x00\x00\x00')
2019-08-09 13:36:58,323 - DEBUG - tty.usbmodem0006822145041: TX: 056600000000
2019-08-09 13:36:58,325 - DEBUG - tty.usbmodem0006822145041: RX: 0484660000
2019-08-09 13:36:58,325 - DEBUG - tty.usbmodem0006822145041: parsed_packet {event: CmdRsp, data: {'opcode': 102, 'status': 0, 'data': bytearray(b'\x00')}}
2019-08-09 13:36:58,325 - INFO - tty.usbmodem0006822145041: OobUse: {'context': 0}
2019-08-09 13:36:58,518 - DEBUG - tty.usbmodem0006822145041: RX: 62c700ea883d67cf50e38eba4a704fb7c0b57b3934ecb93cc48a78f0f63f163379085efe9e5922007c67a950f461f780ff77d814cb1ea1e3fb9a6c3cbb786ffa83a39a8d2aa74694d7ffff5c8fdadcd6505392618434db2925962a69912195c41f580a
2019-08-09 13:36:58,518 - DEBUG - tty.usbmodem0006822145041: parsed_packet {event: ProvEcdhRequest, data: {'context_id': 0, 'peer_public': bytearray(b'\xea\x88=g\xcfP\xe3\x8e\xbaJpO\xb7\xc0\xb5{94\xec\xb9<\xc4\x8ax\xf0\xf6?\x163y\x08^\xfe\x9eY"\x00|g\xa9P\xf4a\xf7\x80\xffw\xd8\x14\xcb\x1e\xa1\xe3\xfb\x9al<\xbbxo\xfa\x83\xa3\x9a'), 'node_private': bytearray(b'\x8d*\xa7F\x94\xd7\xff\xff\\\x8f\xda\xdc\xd6PS\x92a\x844\xdb)%\x96*i\x91!\x95\xc4\x1fX\n')}}
2019-08-09 13:36:58,518 - INFO - tty.usbmodem0006822145041: {event: ProvEcdhRequest, data: {'context_id': 0, 'peer_public': bytearray(b'\xea\x88=g\xcfP\xe3\x8e\xbaJpO\xb7\xc0\xb5{94\xec\xb9<\xc4\x8ax\xf0\xf6?\x163y\x08^\xfe\x9eY"\x00|g\xa9P\xf4a\xf7\x80\xffw\xd8\x14\xcb\x1e\xa1\xe3\xfb\x9al<\xbbxo\xfa\x83\xa3\x9a'), 'node_private': bytearray(b'\x8d*\xa7F\x94\xd7\xff\xff\\\x8f\xda\xdc\xd6PS\x92a\x844\xdb)%\x96*i\x91!\x95\xc4\x1fX\n')}}
2019-08-09 13:36:58,519 - INFO - tty.usbmodem0006822145041: ECDH request received
2019-08-09 13:36:58,519 - DEBUG - tty.usbmodem0006822145041: Writing: 104 bytearray(b'\x00{k&\xd7\x99\xf9\xc3!l\xb9[\xe4k\xc1A\xaf\xfbw\x93\x1d?M\x98\xa1;\xac\x8a\xc1^\xe8\xdf\n')
2019-08-09 13:36:58,520 - DEBUG - tty.usbmodem0006822145041: TX: 2268007b6b26d799f9c3216cb95be46bc141affb77931d3f4d98a13bac8ac15ee8df0a
2019-08-09 13:36:58,525 - DEBUG - tty.usbmodem0006822145041: RX: 0484680000
2019-08-09 13:36:58,525 - DEBUG - tty.usbmodem0006822145041: parsed_packet {event: CmdRsp, data: {'opcode': 104, 'status': 0, 'data': bytearray(b'\x00')}}
2019-08-09 13:36:58,525 - INFO - tty.usbmodem0006822145041: EcdhSecret: {'context': 0}
2019-08-09 13:37:00,857 - DEBUG - tty.usbmodem0006822145041: RX: 2cc50000000000000010000000eed221ee393fbe8a27c7c4a4b8ad14ef18eed9c2a56add85049ffc3c59ad0e12
2019-08-09 13:37:00,858 - DEBUG - tty.usbmodem0006822145041: parsed_packet {event: ProvComplete, data: {'context_id': 0, 'iv_index': 0, 'net_key_index': 0, 'address': 16, 'iv_update_flag': 0, 'key_refresh_flag': 0, 'device_key': bytearray(b"\xee\xd2!\xee9?\xbe\x8a\'\xc7\xc4\xa4\xb8\xad\x14\xef"), 'net_key': bytearray(b'\x18\xee\xd9\xc2\xa5j\xdd\x85\x04\x9f\xfc<Y\xad\x0e\x12')}}
2019-08-09 13:37:00,858 - INFO - tty.usbmodem0006822145041: {event: ProvComplete, data: {'context_id': 0, 'iv_index': 0, 'net_key_index': 0, 'address': 16, 'iv_update_flag': 0, 'key_refresh_flag': 0, 'device_key': bytearray(b"\xee\xd2!\xee9?\xbe\x8a\'\xc7\xc4\xa4\xb8\xad\x14\xef"), 'net_key': bytearray(b'\x18\xee\xd9\xc2\xa5j\xdd\x85\x04\x9f\xfc<Y\xad\x0e\x12')}}
2019-08-09 13:37:00,859 - INFO - tty.usbmodem0006822145041: Provisioning complete
2019-08-09 13:37:00,859 - INFO - tty.usbmodem0006822145041: 	Address(es): 0x10-0x1d
2019-08-09 13:37:00,859 - INFO - tty.usbmodem0006822145041: 	Device key: eed221ee393fbe8a27c7c4a4b8ad14ef
2019-08-09 13:37:00,859 - INFO - tty.usbmodem0006822145041: 	Network key: 18eed9c2a56add85049ffc3c59ad0e12
2019-08-09 13:37:00,860 - INFO - tty.usbmodem0006822145041: Adding device key to subnet 0
2019-08-09 13:37:00,860 - DEBUG - tty.usbmodem0006822145041: Writing: 156 bytearray(b"\x10\x00\x00\x00\xee\xd2!\xee9?\xbe\x8a\'\xc7\xc4\xa4\xb8\xad\x14\xef")
2019-08-09 13:37:00,860 - INFO - tty.usbmodem0006822145041: Adding publication address of root element
2019-08-09 13:37:00,860 - DEBUG - tty.usbmodem0006822145041: TX: 159c10000000eed221ee393fbe8a27c7c4a4b8ad14ef
2019-08-09 13:37:00,864 - DEBUG - tty.usbmodem0006822145041: RX: 05849c000800
2019-08-09 13:37:00,864 - DEBUG - tty.usbmodem0006822145041: parsed_packet {event: CmdRsp, data: {'opcode': 156, 'status': 0, 'data': bytearray(b'\x08\x00')}}
2019-08-09 13:37:00,864 - INFO - tty.usbmodem0006822145041: DevkeyAdd: {'devkey_handle': 8}
2019-08-09 13:37:00,866 - INFO - tty.usbmodem0006822145041.MeshConfigurer: No Messages remaining
2019-08-09 13:37:00,886 - DEBUG - tty.usbmodem0006822145041: Writing: 164 bytearray(b'\x10\x00')
2019-08-09 13:37:00,886 - DEBUG - tty.usbmodem0006822145041: TX: 03a41000
2019-08-09 13:37:00,888 - DEBUG - tty.usbmodem0006822145041: RX: 0584a4000000
2019-08-09 13:37:00,888 - DEBUG - tty.usbmodem0006822145041: parsed_packet {event: CmdRsp, data: {'opcode': 164, 'status': 0, 'data': bytearray(b'\x00\x00')}}
2019-08-09 13:37:00,888 - INFO - tty.usbmodem0006822145041: AddrPublicationAdd: {'address_handle': 0}
2019-08-09 13:37:00,890 - INFO - tty.usbmodem0006822145041.MeshConfigurer: No Messages remaining
2019-08-09 13:37:00,969 - DEBUG - tty.usbmodem0006822145041: RX: 03c20000
2019-08-09 13:37:00,969 - DEBUG - tty.usbmodem0006822145041: parsed_packet {event: ProvLinkClosed, data: {'context_id': 0, 'close_reason': 0}}
2019-08-09 13:37:00,970 - INFO - tty.usbmodem0006822145041: {event: ProvLinkClosed, data: {'context_id': 0, 'close_reason': 0}}
2019-08-09 13:37:00,970 - INFO - tty.usbmodem0006822145041: Provisioning link closed
2019-08-09 13:37:10,972 - INFO - tty.usbmodem0006822145041.MeshConfigurer: Configure 8 0
2019-08-09 13:37:10,972 - INFO - tty.usbmodem0006822145041.MeshConfigurer: que command <bound method ConfigurationClient.composition_data_get of <interactive_pyaci.MeshConfigurer object at 0x10e57ae48>> ()
2019-08-09 13:37:10,972 - INFO - tty.usbmodem0006822145041.MeshConfigurer: que command <bound method ConfigurationClient.appkey_add of <interactive_pyaci.MeshConfigurer object at 0x10e57ae48>> (0,)
2019-08-09 13:37:10,973 - INFO - tty.usbmodem0006822145041.MeshConfigurer: 

2019-08-09 13:37:10,973 - INFO - tty.usbmodem0006822145041.MeshConfigurer: Sending next message
2019-08-09 13:37:10,973 - ERROR - tty.usbmodem0006822145041.MeshConfigurer: Error trying next message function: 'tuple' object cannot be interpreted as an integer
2019-08-09 13:38:19,514 - DEBUG - tty.usbmodem0006822145041: RX: 04810200fe
2019-08-09 13:38:19,514 - DEBUG - tty.usbmodem0006822145041: parsed_packet {event: DeviceStarted, data: {'operating_mode': 2, 'hw_error': 0, 'data_credit_available': 254}}
2019-08-09 13:38:19,514 - INFO - tty.usbmodem0006822145041: Device rebooted.
2019-08-09 13:38:19,515 - DEBUG - tty.usbmodem0006822145041: Writing: 105 bytearray(b"\x0cHe#\xdc\xd5\x02\xb2\xe7\'\xc6\xa5S\xa0\xee\xee\xc7\xf7\xd0N\xd3\xd4ht\x1d\xaaMww\x1a(v\\B\xfa\x17\x1a\xe1\x1e\xdf\xc5\xec\x04\x86\xec\xb8X\x87\xfba#\x07\xb7\xe8\x01v\xcd\\\xb7\x19z\x95\x91\r*\xae\xd4\xf2:ju\xc9~\xc1,]\xbc\x1fi\xa4&\x19\xaa\'\xb0\x1e\x97\xc9m\x01\xce\x04/\x11\x91\x91")
2019-08-09 13:38:19,516 - DEBUG - tty.usbmodem0006822145041: TX: 61690c486523dcd502b2e727c6a553a0eeeec7f7d04ed3d468741daa4d77771a28765c42fa171ae11edfc5ec0486ecb85887fb612307b7e80176cd5cb7197a95910d2aaed4f23a6a75c97ec12c5dbc1f69a42619aa27b01e97c96d01ce042f119191
2019-08-09 13:38:19,525 - DEBUG - tty.usbmodem0006822145041: RX: 03845384
2019-08-09 13:38:19,526 - DEBUG - tty.usbmodem0006822145041: parsed_packet {event: CmdRsp, data: {'opcode': 83, 'status': 132, 'data': bytearray(b'')}}
2019-08-09 13:38:19,527 - ERROR - tty.usbmodem0006822145041: None: ERROR_INVALID_LENGTH
2019-08-09 13:38:19,528 - DEBUG - tty.usbmodem0006822145041: RX: 03840084
2019-08-09 13:38:19,528 - DEBUG - tty.usbmodem0006822145041: parsed_packet {event: CmdRsp, data: {'opcode': 0, 'status': 132, 'data': bytearray(b'')}}
2019-08-09 13:38:19,528 - ERROR - tty.usbmodem0006822145041: None: ERROR_INVALID_LENGTH
2019-08-09 13:38:19,528 - DEBUG - tty.usbmodem0006822145041: RX: 03840084
2019-08-09 13:38:19,528 - DEBUG - tty.usbmodem0006822145041: parsed_packet {event: CmdRsp, data: {'opcode': 0, 'status': 132, 'data': bytearray(b'')}}
2019-08-09 13:38:19,528 - ERROR - tty.usbmodem0006822145041: None: ERROR_INVALID_LENGTH
2019-08-09 13:38:19,529 - DEBUG - tty.usbmodem0006822145041: RX: 03840084
2019-08-09 13:38:19,529 - DEBUG - tty.usbmodem0006822145041: parsed_packet {event: CmdRsp, data: {'opcode': 0, 'status': 132, 'data': bytearray(b'')}}
2019-08-09 13:38:19,529 - ERROR - tty.usbmodem0006822145041: None: ERROR_INVALID_LENGTH
2019-08-09 13:38:19,529 - DEBUG - tty.usbmodem0006822145041: RX: 03840084
2019-08-09 13:38:19,529 - DEBUG - tty.usbmodem0006822145041: parsed_packet {event: CmdRsp, data: {'opcode': 0, 'status': 132, 'data': bytearray(b'')}}
2019-08-09 13:38:19,529 - ERROR - tty.usbmodem0006822145041: None: ERROR_INVALID_LENGTH
2019-08-09 13:38:19,530 - DEBUG - tty.usbmodem0006822145041: RX: 03840084
2019-08-09 13:38:19,530 - DEBUG - tty.usbmodem0006822145041: parsed_packet {event: CmdRsp, data: {'opcode': 0, 'status': 132, 'data': bytearray(b'')}}
2019-08-09 13:38:19,530 - ERROR - tty.usbmodem0006822145041: None: ERROR_INVALID_LENGTH
2019-08-09 13:38:19,530 - DEBUG - tty.usbmodem0006822145041: RX: 03840084
2019-08-09 13:38:19,530 - DEBUG - tty.usbmodem0006822145041: parsed_packet {event: CmdRsp, data: {'opcode': 0, 'status': 132, 'data': bytearray(b'')}}
2019-08-09 13:38:19,530 - ERROR - tty.usbmodem0006822145041: None: ERROR_INVALID_LENGTH
2019-08-09 13:38:19,531 - DEBUG - tty.usbmodem0006822145041: RX: 03840084
2019-08-09 13:38:19,531 - DEBUG - tty.usbmodem0006822145041: parsed_packet {event: CmdRsp, data: {'opcode': 0, 'status': 132, 'data': bytearray(b'')}}
2019-08-09 13:38:19,531 - ERROR - tty.usbmodem0006822145041: None: ERROR_INVALID_LENGTH
2019-08-09 13:38:19,531 - DEBUG - tty.usbmodem0006822145041: RX: 03840084
2019-08-09 13:38:19,531 - DEBUG - tty.usbmodem0006822145041: parsed_packet {event: CmdRsp, data: {'opcode': 0, 'status': 132, 'data': bytearray(b'')}}
2019-08-09 13:38:19,531 - ERROR - tty.usbmodem0006822145041: None: ERROR_INVALID_LENGTH
2019-08-09 13:38:19,532 - DEBUG - tty.usbmodem0006822145041: RX: 03840084
2019-08-09 13:38:19,532 - DEBUG - tty.usbmodem0006822145041: parsed_packet {event: CmdRsp, data: {'opcode': 0, 'status': 132, 'data': bytearray(b'')}}
2019-08-09 13:38:19,532 - ERROR - tty.usbmodem0006822145041: None: ERROR_INVALID_LENGTH
2019-08-09 13:38:19,532 - DEBUG - tty.usbmodem0006822145041: RX: 03840084
2019-08-09 13:38:19,532 - DEBUG - tty.usbmodem0006822145041: parsed_packet {event: CmdRsp, data: {'opcode': 0, 'status': 132, 'data': bytearray(b'')}}
2019-08-09 13:38:19,532 - ERROR - tty.usbmodem0006822145041: None: ERROR_INVALID_LENGTH
2019-08-09 13:38:19,533 - DEBUG - tty.usbmodem0006822145041: RX: 03840084
2019-08-09 13:38:19,533 - DEBUG - tty.usbmodem0006822145041: parsed_packet {event: CmdRsp, data: {'opcode': 0, 'status': 132, 'data': bytearray(b'')}}
2019-08-09 13:38:19,533 - ERROR - tty.usbmodem0006822145041: None: ERROR_INVALID_LENGTH
2019-08-09 13:38:19,533 - DEBUG - tty.usbmodem0006822145041: RX: 03840084
2019-08-09 13:38:19,533 - DEBUG - tty.usbmodem0006822145041: parsed_packet {event: CmdRsp, data: {'opcode': 0, 'status': 132, 'data': bytearray(b'')}}
2019-08-09 13:38:19,533 - ERROR - tty.usbmodem0006822145041: None: ERROR_INVALID_LENGTH
2019-08-09 13:38:19,536 - DEBUG - tty.usbmodem0006822145041: Writing: 159 bytearray(b'\x01\x00\x01\x00')
2019-08-09 13:38:19,536 - DEBUG - tty.usbmodem0006822145041: TX: 059f01000100
2019-08-09 13:38:19,538 - DEBUG - tty.usbmodem0006822145041: RX: 03849f00
2019-08-09 13:38:19,538 - DEBUG - tty.usbmodem0006822145041: parsed_packet {event: CmdRsp, data: {'opcode': 159, 'status': 0, 'data': bytearray(b'')}}
2019-08-09 13:38:19,538 - INFO - tty.usbmodem0006822145041: Success
2019-08-09 13:38:19,561 - DEBUG - tty.usbmodem0006822145041: Writing: 146 bytearray(b'\x00\x00\x18\xee\xd9\xc2\xa5j\xdd\x85\x04\x9f\xfc<Y\xad\x0e\x12')
2019-08-09 13:38:19,562 - DEBUG - tty.usbmodem0006822145041: TX: 1392000018eed9c2a56add85049ffc3c59ad0e12
2019-08-09 13:38:19,566 - DEBUG - tty.usbmodem0006822145041: RX: 058492000000
2019-08-09 13:38:19,567 - DEBUG - tty.usbmodem0006822145041: parsed_packet {event: CmdRsp, data: {'opcode': 146, 'status': 0, 'data': bytearray(b'\x00\x00')}}
2019-08-09 13:38:19,567 - INFO - tty.usbmodem0006822145041: SubnetAdd: {'subnet_handle': 0}
2019-08-09 13:38:19,586 - DEBUG - tty.usbmodem0006822145041: Writing: 151 bytearray(b'\x00\x00\x00\x00Oh\xad\x85\xd9\xf4\x8a\xc8X\x9d\xf6e\xb6\xb4\x9b\x8a')
2019-08-09 13:38:19,586 - DEBUG - tty.usbmodem0006822145041: TX: 1597000000004f68ad85d9f48ac8589df665b6b49b8a
2019-08-09 13:38:19,590 - DEBUG - tty.usbmodem0006822145041: RX: 058497000000
2019-08-09 13:38:19,590 - DEBUG - tty.usbmodem0006822145041: parsed_packet {event: CmdRsp, data: {'opcode': 151, 'status': 0, 'data': bytearray(b'\x00\x00')}}
2019-08-09 13:38:19,590 - INFO - tty.usbmodem0006822145041: AppkeyAdd: {'appkey_handle': 0}
2019-08-09 13:38:19,611 - DEBUG - tty.usbmodem0006822145041: Writing: 151 bytearray(b'\x01\x00\x00\x00*\xa2\xa6\xde\xd5\xa0y\x8c\xea\xb5x|\xa3\xae9\xfc')
2019-08-09 13:38:19,611 - DEBUG - tty.usbmodem0006822145041: TX: 1597010000002aa2a6ded5a0798ceab5787ca3ae39fc
2019-08-09 13:38:19,615 - DEBUG - tty.usbmodem0006822145041: RX: 058497000100
2019-08-09 13:38:19,616 - DEBUG - tty.usbmodem0006822145041: parsed_packet {event: CmdRsp, data: {'opcode': 151, 'status': 0, 'data': bytearray(b'\x01\x00')}}
2019-08-09 13:38:19,617 - INFO - tty.usbmodem0006822145041: AppkeyAdd: {'appkey_handle': 1}
2019-08-09 13:38:22,810 - DEBUG - tty.usbmodem0006822145041: exited read event
