2019-07-24 20:01:34,783 - DEBUG - tty.usbmodem0006822145041: Writing: 14 bytearray(b'')
2019-07-24 20:01:34,788 - DEBUG - tty.usbmodem0006822145041: TX: 010e
2019-07-24 20:01:35,206 - DEBUG - tty.usbmodem0006822145041: RX: 04810200fe
2019-07-24 20:01:35,206 - DEBUG - tty.usbmodem0006822145041: parsed_packet {event: DeviceStarted, data: {'operating_mode': 2, 'hw_error': 0, 'data_credit_available': 254}}
2019-07-24 20:01:35,206 - INFO - tty.usbmodem0006822145041: Device rebooted.
2019-07-24 20:01:35,394 - DEBUG - tty.usbmodem0006822145041: Writing: 105 bytearray(b'\xd3\xc0\x8bd\xb3v\xc5\xdft\xd6\xa8\xaf\xe8\xc65\xea\xa7\xd6\xe3\x82=lIC\xf7\xa5f\x07526\x1f\xbc\xe6\x8b\x9e\x97z\xe8\xff\xe65*\xa3\x9d\x88\xa9F\xcc\xae\xec\x83\x94g@\xb5|\xf4_\xe54:\x0b\xc0y]\x1c\x1e3\xcf%\xe1N\xe1\xdd\x9c\xfe\x9c\x01\x8641\x94x\xb22\x0fq\xd7\x87\xa7[\xc0\xd8\xd0\xbe')
2019-07-24 20:01:35,394 - DEBUG - tty.usbmodem0006822145041: TX: 6169d3c08b64b376c5df74d6a8afe8c635eaa7d6e3823d6c4943f7a566073532361fbce68b9e977ae8ffe6352aa39d88a946ccaeec83946740b57cf45fe5343a0bc0795d1c1e33cf25e14ee1dd9cfe9c018634319478b2320f71d787a75bc0d8d0be
2019-07-24 20:01:35,430 - INFO - tty.usbmodem0006822145041: 

2019-07-24 20:01:35,430 - INFO - tty.usbmodem0006822145041: Sending next message
2019-07-24 20:01:35,432 - DEBUG - tty.usbmodem0006822145041: RX: 03845384
2019-07-24 20:01:35,432 - DEBUG - tty.usbmodem0006822145041: parsed_packet {event: CmdRsp, data: {'opcode': 83, 'status': 132, 'data': bytearray(b'')}}
2019-07-24 20:01:35,433 - DEBUG - tty.usbmodem0006822145041: Writing: 159 bytearray(b'\x01\x00\x01\x00')
2019-07-24 20:01:35,433 - ERROR - tty.usbmodem0006822145041: None: ERROR_INVALID_LENGTH
2019-07-24 20:01:35,433 - DEBUG - tty.usbmodem0006822145041: TX: 059f01000100
2019-07-24 20:01:35,433 - DEBUG - tty.usbmodem0006822145041: RX: 03840084
2019-07-24 20:01:35,433 - DEBUG - tty.usbmodem0006822145041: parsed_packet {event: CmdRsp, data: {'opcode': 0, 'status': 132, 'data': bytearray(b'')}}
2019-07-24 20:01:35,434 - DEBUG - tty.usbmodem0006822145041: Writing: 146 bytearray(b'\x00\x00\x18\xee\xd9\xc2\xa5j\xdd\x85\x04\x9f\xfc<Y\xad\x0e\x12')
2019-07-24 20:01:35,433 - ERROR - tty.usbmodem0006822145041: None: ERROR_INVALID_LENGTH
2019-07-24 20:01:35,434 - DEBUG - tty.usbmodem0006822145041: TX: 1392000018eed9c2a56add85049ffc3c59ad0e12
2019-07-24 20:01:35,434 - DEBUG - tty.usbmodem0006822145041: RX: 03840084
2019-07-24 20:01:35,434 - DEBUG - tty.usbmodem0006822145041: parsed_packet {event: CmdRsp, data: {'opcode': 0, 'status': 132, 'data': bytearray(b'')}}
2019-07-24 20:01:35,434 - DEBUG - tty.usbmodem0006822145041: Writing: 151 bytearray(b'\x00\x00\x00\x00Oh\xad\x85\xd9\xf4\x8a\xc8X\x9d\xf6e\xb6\xb4\x9b\x8a')
2019-07-24 20:01:35,434 - ERROR - tty.usbmodem0006822145041: None: ERROR_INVALID_LENGTH
2019-07-24 20:01:35,435 - DEBUG - tty.usbmodem0006822145041: TX: 1597000000004f68ad85d9f48ac8589df665b6b49b8a
2019-07-24 20:01:35,435 - DEBUG - tty.usbmodem0006822145041: RX: 03840084
2019-07-24 20:01:35,435 - DEBUG - tty.usbmodem0006822145041: parsed_packet {event: CmdRsp, data: {'opcode': 0, 'status': 132, 'data': bytearray(b'')}}
2019-07-24 20:01:35,435 - DEBUG - tty.usbmodem0006822145041: Writing: 151 bytearray(b'\x01\x00\x00\x00*\xa2\xa6\xde\xd5\xa0y\x8c\xea\xb5x|\xa3\xae9\xfc')
2019-07-24 20:01:35,435 - ERROR - tty.usbmodem0006822145041: None: ERROR_INVALID_LENGTH
2019-07-24 20:01:35,435 - DEBUG - tty.usbmodem0006822145041: TX: 1597010000002aa2a6ded5a0798ceab5787ca3ae39fc
2019-07-24 20:01:35,436 - DEBUG - tty.usbmodem0006822145041: RX: 03840084
2019-07-24 20:01:35,436 - DEBUG - tty.usbmodem0006822145041: parsed_packet {event: CmdRsp, data: {'opcode': 0, 'status': 132, 'data': bytearray(b'')}}
2019-07-24 20:01:35,436 - DEBUG - tty.usbmodem0006822145041: Writing: 164 bytearray(b'\x10\x00')
2019-07-24 20:01:35,436 - ERROR - tty.usbmodem0006822145041: None: ERROR_INVALID_LENGTH
2019-07-24 20:01:35,436 - DEBUG - tty.usbmodem0006822145041: TX: 03a41000
2019-07-24 20:01:35,437 - DEBUG - tty.usbmodem0006822145041: RX: 03840084
2019-07-24 20:01:35,437 - DEBUG - tty.usbmodem0006822145041: parsed_packet {event: CmdRsp, data: {'opcode': 0, 'status': 132, 'data': bytearray(b'')}}
2019-07-24 20:01:35,437 - ERROR - tty.usbmodem0006822145041: None: ERROR_INVALID_LENGTH
2019-07-24 20:01:35,437 - DEBUG - tty.usbmodem0006822145041: RX: 03840084
2019-07-24 20:01:35,437 - DEBUG - tty.usbmodem0006822145041: parsed_packet {event: CmdRsp, data: {'opcode': 0, 'status': 132, 'data': bytearray(b'')}}
2019-07-24 20:01:35,437 - ERROR - tty.usbmodem0006822145041: None: ERROR_INVALID_LENGTH
2019-07-24 20:01:35,437 - DEBUG - tty.usbmodem0006822145041: RX: 03840084
2019-07-24 20:01:35,437 - DEBUG - tty.usbmodem0006822145041: parsed_packet {event: CmdRsp, data: {'opcode': 0, 'status': 132, 'data': bytearray(b'')}}
2019-07-24 20:01:35,438 - ERROR - tty.usbmodem0006822145041: None: ERROR_INVALID_LENGTH
2019-07-24 20:01:35,438 - DEBUG - tty.usbmodem0006822145041: RX: 03840084
2019-07-24 20:01:35,438 - DEBUG - tty.usbmodem0006822145041: parsed_packet {event: CmdRsp, data: {'opcode': 0, 'status': 132, 'data': bytearray(b'')}}
2019-07-24 20:01:35,438 - ERROR - tty.usbmodem0006822145041: None: ERROR_INVALID_LENGTH
2019-07-24 20:01:35,438 - DEBUG - tty.usbmodem0006822145041: RX: 03840084
2019-07-24 20:01:35,439 - DEBUG - tty.usbmodem0006822145041: parsed_packet {event: CmdRsp, data: {'opcode': 0, 'status': 132, 'data': bytearray(b'')}}
2019-07-24 20:01:35,439 - ERROR - tty.usbmodem0006822145041: None: ERROR_INVALID_LENGTH
2019-07-24 20:01:35,439 - DEBUG - tty.usbmodem0006822145041: RX: 03840084
2019-07-24 20:01:35,440 - DEBUG - tty.usbmodem0006822145041: parsed_packet {event: CmdRsp, data: {'opcode': 0, 'status': 132, 'data': bytearray(b'')}}
2019-07-24 20:01:35,440 - ERROR - tty.usbmodem0006822145041: None: ERROR_INVALID_LENGTH
2019-07-24 20:01:35,440 - DEBUG - tty.usbmodem0006822145041: RX: 03840084
2019-07-24 20:01:35,440 - DEBUG - tty.usbmodem0006822145041: parsed_packet {event: CmdRsp, data: {'opcode': 0, 'status': 132, 'data': bytearray(b'')}}
2019-07-24 20:01:35,440 - ERROR - tty.usbmodem0006822145041: None: ERROR_INVALID_LENGTH
2019-07-24 20:01:35,440 - DEBUG - tty.usbmodem0006822145041: RX: 03840084
2019-07-24 20:01:35,440 - DEBUG - tty.usbmodem0006822145041: parsed_packet {event: CmdRsp, data: {'opcode': 0, 'status': 132, 'data': bytearray(b'')}}
2019-07-24 20:01:35,441 - ERROR - tty.usbmodem0006822145041: None: ERROR_INVALID_LENGTH
2019-07-24 20:01:35,441 - DEBUG - tty.usbmodem0006822145041: RX: 03849f00
2019-07-24 20:01:35,441 - DEBUG - tty.usbmodem0006822145041: parsed_packet {event: CmdRsp, data: {'opcode': 159, 'status': 0, 'data': bytearray(b'')}}
2019-07-24 20:01:35,441 - INFO - tty.usbmodem0006822145041: Success
2019-07-24 20:01:35,441 - DEBUG - tty.usbmodem0006822145041: RX: 058492000000
2019-07-24 20:01:35,441 - DEBUG - tty.usbmodem0006822145041: parsed_packet {event: CmdRsp, data: {'opcode': 146, 'status': 0, 'data': bytearray(b'\x00\x00')}}
2019-07-24 20:01:35,441 - INFO - tty.usbmodem0006822145041: SubnetAdd: {'subnet_handle': 0}
2019-07-24 20:01:35,442 - DEBUG - tty.usbmodem0006822145041: RX: 058497000000
2019-07-24 20:01:35,442 - DEBUG - tty.usbmodem0006822145041: parsed_packet {event: CmdRsp, data: {'opcode': 151, 'status': 0, 'data': bytearray(b'\x00\x00')}}
2019-07-24 20:01:35,442 - INFO - tty.usbmodem0006822145041: AppkeyAdd: {'appkey_handle': 0}
2019-07-24 20:01:35,442 - DEBUG - tty.usbmodem0006822145041: RX: 058497000100
2019-07-24 20:01:35,442 - DEBUG - tty.usbmodem0006822145041: parsed_packet {event: CmdRsp, data: {'opcode': 151, 'status': 0, 'data': bytearray(b'\x01\x00')}}
2019-07-24 20:01:35,443 - INFO - tty.usbmodem0006822145041: AppkeyAdd: {'appkey_handle': 1}
2019-07-24 20:01:35,443 - DEBUG - tty.usbmodem0006822145041: RX: 0584a4000000
2019-07-24 20:01:35,443 - DEBUG - tty.usbmodem0006822145041: parsed_packet {event: CmdRsp, data: {'opcode': 164, 'status': 0, 'data': bytearray(b'\x00\x00')}}
2019-07-24 20:01:35,443 - INFO - tty.usbmodem0006822145041: AddrPublicationAdd: {'address_handle': 0}
2019-07-24 20:01:35,466 - INFO - tty.usbmodem0006822145041: 

2019-07-24 20:01:35,466 - INFO - tty.usbmodem0006822145041: Sending next message
2019-07-24 20:01:35,467 - DEBUG - tty.usbmodem0006822145041: Writing: 161 bytearray(b'\x01\xc0')
2019-07-24 20:01:35,467 - DEBUG - tty.usbmodem0006822145041: TX: 03a101c0
2019-07-24 20:01:35,469 - DEBUG - tty.usbmodem0006822145041: RX: 0584a1000100
2019-07-24 20:01:35,469 - DEBUG - tty.usbmodem0006822145041: parsed_packet {event: CmdRsp, data: {'opcode': 161, 'status': 0, 'data': bytearray(b'\x01\x00')}}
2019-07-24 20:01:35,469 - INFO - tty.usbmodem0006822145041: AddrSubscriptionAdd: {'address_handle': 1}
2019-07-24 20:01:35,485 - INFO - tty.usbmodem0006822145041: 

2019-07-24 20:01:35,485 - INFO - tty.usbmodem0006822145041: Sending next message
2019-07-24 20:01:35,486 - DEBUG - tty.usbmodem0006822145041: Writing: 164 bytearray(b'\x11\x00')
2019-07-24 20:01:35,486 - DEBUG - tty.usbmodem0006822145041: TX: 03a41100
2019-07-24 20:01:35,488 - DEBUG - tty.usbmodem0006822145041: RX: 0584a4000200
2019-07-24 20:01:35,488 - DEBUG - tty.usbmodem0006822145041: parsed_packet {event: CmdRsp, data: {'opcode': 164, 'status': 0, 'data': bytearray(b'\x02\x00')}}
2019-07-24 20:01:35,488 - INFO - tty.usbmodem0006822145041: AddrPublicationAdd: {'address_handle': 2}
2019-07-24 20:01:35,504 - INFO - tty.usbmodem0006822145041: 

2019-07-24 20:01:35,504 - INFO - tty.usbmodem0006822145041: Sending next message
2019-07-24 20:01:35,504 - DEBUG - tty.usbmodem0006822145041: Writing: 164 bytearray(b'\x12\x00')
2019-07-24 20:01:35,504 - DEBUG - tty.usbmodem0006822145041: TX: 03a41200
2019-07-24 20:01:35,507 - DEBUG - tty.usbmodem0006822145041: RX: 0584a4000300
2019-07-24 20:01:35,507 - DEBUG - tty.usbmodem0006822145041: parsed_packet {event: CmdRsp, data: {'opcode': 164, 'status': 0, 'data': bytearray(b'\x03\x00')}}
2019-07-24 20:01:35,507 - INFO - tty.usbmodem0006822145041: AddrPublicationAdd: {'address_handle': 3}
2019-07-24 20:01:35,531 - INFO - tty.usbmodem0006822145041: 

2019-07-24 20:01:35,531 - INFO - tty.usbmodem0006822145041: Sending next message
2019-07-24 20:01:35,531 - DEBUG - tty.usbmodem0006822145041: Writing: 164 bytearray(b'\x13\x00')
2019-07-24 20:01:35,532 - DEBUG - tty.usbmodem0006822145041: TX: 03a41300
2019-07-24 20:01:35,534 - DEBUG - tty.usbmodem0006822145041: RX: 0584a4000400
2019-07-24 20:01:35,534 - DEBUG - tty.usbmodem0006822145041: parsed_packet {event: CmdRsp, data: {'opcode': 164, 'status': 0, 'data': bytearray(b'\x04\x00')}}
2019-07-24 20:01:35,534 - INFO - tty.usbmodem0006822145041: AddrPublicationAdd: {'address_handle': 4}
2019-07-24 20:01:35,544 - INFO - tty.usbmodem0006822145041: 

2019-07-24 20:01:35,544 - INFO - tty.usbmodem0006822145041: Sending next message
2019-07-24 20:01:35,545 - DEBUG - tty.usbmodem0006822145041: Writing: 164 bytearray(b'\x14\x00')
2019-07-24 20:01:35,545 - DEBUG - tty.usbmodem0006822145041: TX: 03a41400
2019-07-24 20:01:35,552 - DEBUG - tty.usbmodem0006822145041: RX: 0584a4000500
2019-07-24 20:01:35,552 - DEBUG - tty.usbmodem0006822145041: parsed_packet {event: CmdRsp, data: {'opcode': 164, 'status': 0, 'data': bytearray(b'\x05\x00')}}
2019-07-24 20:01:35,552 - INFO - tty.usbmodem0006822145041: AddrPublicationAdd: {'address_handle': 5}
2019-07-24 20:01:35,569 - INFO - tty.usbmodem0006822145041: 

2019-07-24 20:01:35,569 - INFO - tty.usbmodem0006822145041: Sending next message
2019-07-24 20:01:35,570 - DEBUG - tty.usbmodem0006822145041: Writing: 164 bytearray(b'\x15\x00')
2019-07-24 20:01:35,570 - DEBUG - tty.usbmodem0006822145041: TX: 03a41500
2019-07-24 20:01:35,572 - DEBUG - tty.usbmodem0006822145041: RX: 0584a4000600
2019-07-24 20:01:35,572 - DEBUG - tty.usbmodem0006822145041: parsed_packet {event: CmdRsp, data: {'opcode': 164, 'status': 0, 'data': bytearray(b'\x06\x00')}}
2019-07-24 20:01:35,572 - INFO - tty.usbmodem0006822145041: AddrPublicationAdd: {'address_handle': 6}
2019-07-24 20:01:35,588 - INFO - tty.usbmodem0006822145041: 

2019-07-24 20:01:35,588 - INFO - tty.usbmodem0006822145041: Sending next message
2019-07-24 20:01:35,588 - DEBUG - tty.usbmodem0006822145041: Writing: 164 bytearray(b'\x16\x00')
2019-07-24 20:01:35,589 - DEBUG - tty.usbmodem0006822145041: TX: 03a41600
2019-07-24 20:01:35,593 - DEBUG - tty.usbmodem0006822145041: RX: 0584a4000700
2019-07-24 20:01:35,593 - DEBUG - tty.usbmodem0006822145041: parsed_packet {event: CmdRsp, data: {'opcode': 164, 'status': 0, 'data': bytearray(b'\x07\x00')}}
2019-07-24 20:01:35,594 - INFO - tty.usbmodem0006822145041: AddrPublicationAdd: {'address_handle': 7}
2019-07-24 20:01:35,610 - INFO - tty.usbmodem0006822145041: 

2019-07-24 20:01:35,611 - INFO - tty.usbmodem0006822145041: Sending next message
2019-07-24 20:01:35,611 - DEBUG - tty.usbmodem0006822145041: Writing: 164 bytearray(b'\x17\x00')
2019-07-24 20:01:35,611 - DEBUG - tty.usbmodem0006822145041: TX: 03a41700
2019-07-24 20:01:35,614 - DEBUG - tty.usbmodem0006822145041: RX: 0584a4000800
2019-07-24 20:01:35,615 - DEBUG - tty.usbmodem0006822145041: parsed_packet {event: CmdRsp, data: {'opcode': 164, 'status': 0, 'data': bytearray(b'\x08\x00')}}
2019-07-24 20:01:35,617 - INFO - tty.usbmodem0006822145041: AddrPublicationAdd: {'address_handle': 8}
2019-07-24 20:01:35,642 - INFO - tty.usbmodem0006822145041: 

2019-07-24 20:01:35,643 - INFO - tty.usbmodem0006822145041: Sending next message
2019-07-24 20:01:35,643 - DEBUG - tty.usbmodem0006822145041: Writing: 164 bytearray(b'\x18\x00')
2019-07-24 20:01:35,643 - DEBUG - tty.usbmodem0006822145041: TX: 03a41800
2019-07-24 20:01:35,645 - DEBUG - tty.usbmodem0006822145041: RX: 0584a4000900
2019-07-24 20:01:35,645 - DEBUG - tty.usbmodem0006822145041: parsed_packet {event: CmdRsp, data: {'opcode': 164, 'status': 0, 'data': bytearray(b'\t\x00')}}
2019-07-24 20:01:35,645 - INFO - tty.usbmodem0006822145041: AddrPublicationAdd: {'address_handle': 9}
2019-07-24 20:01:35,674 - INFO - tty.usbmodem0006822145041: 

2019-07-24 20:01:35,674 - INFO - tty.usbmodem0006822145041: Sending next message
2019-07-24 20:01:35,675 - DEBUG - tty.usbmodem0006822145041: Writing: 164 bytearray(b'\x19\x00')
2019-07-24 20:01:35,675 - DEBUG - tty.usbmodem0006822145041: TX: 03a41900
2019-07-24 20:01:35,677 - DEBUG - tty.usbmodem0006822145041: RX: 0584a4000a00
2019-07-24 20:01:35,677 - DEBUG - tty.usbmodem0006822145041: parsed_packet {event: CmdRsp, data: {'opcode': 164, 'status': 0, 'data': bytearray(b'\n\x00')}}
2019-07-24 20:01:35,677 - INFO - tty.usbmodem0006822145041: AddrPublicationAdd: {'address_handle': 10}
2019-07-24 20:01:35,693 - INFO - tty.usbmodem0006822145041: 

2019-07-24 20:01:35,694 - INFO - tty.usbmodem0006822145041: Sending next message
2019-07-24 20:01:35,694 - DEBUG - tty.usbmodem0006822145041: Writing: 164 bytearray(b'\x1a\x00')
2019-07-24 20:01:35,694 - DEBUG - tty.usbmodem0006822145041: TX: 03a41a00
2019-07-24 20:01:35,696 - DEBUG - tty.usbmodem0006822145041: RX: 0584a4000b00
2019-07-24 20:01:35,696 - DEBUG - tty.usbmodem0006822145041: parsed_packet {event: CmdRsp, data: {'opcode': 164, 'status': 0, 'data': bytearray(b'\x0b\x00')}}
2019-07-24 20:01:35,696 - INFO - tty.usbmodem0006822145041: AddrPublicationAdd: {'address_handle': 11}
2019-07-24 20:01:35,713 - INFO - tty.usbmodem0006822145041: 

2019-07-24 20:01:35,713 - INFO - tty.usbmodem0006822145041: Sending next message
2019-07-24 20:01:35,714 - DEBUG - tty.usbmodem0006822145041: Writing: 164 bytearray(b'\x1b\x00')
2019-07-24 20:01:35,714 - DEBUG - tty.usbmodem0006822145041: TX: 03a41b00
2019-07-24 20:01:35,716 - DEBUG - tty.usbmodem0006822145041: RX: 0584a4000c00
2019-07-24 20:01:35,716 - DEBUG - tty.usbmodem0006822145041: parsed_packet {event: CmdRsp, data: {'opcode': 164, 'status': 0, 'data': bytearray(b'\x0c\x00')}}
2019-07-24 20:01:35,716 - INFO - tty.usbmodem0006822145041: AddrPublicationAdd: {'address_handle': 12}
2019-07-24 20:01:35,738 - INFO - tty.usbmodem0006822145041: 

2019-07-24 20:01:35,738 - INFO - tty.usbmodem0006822145041: Sending next message
2019-07-24 20:01:35,738 - DEBUG - tty.usbmodem0006822145041: Writing: 164 bytearray(b'\x1c\x00')
2019-07-24 20:01:35,739 - DEBUG - tty.usbmodem0006822145041: TX: 03a41c00
2019-07-24 20:01:35,744 - DEBUG - tty.usbmodem0006822145041: RX: 0584a4000d00
2019-07-24 20:01:35,744 - DEBUG - tty.usbmodem0006822145041: parsed_packet {event: CmdRsp, data: {'opcode': 164, 'status': 0, 'data': bytearray(b'\r\x00')}}
2019-07-24 20:01:35,744 - INFO - tty.usbmodem0006822145041: AddrPublicationAdd: {'address_handle': 13}
2019-07-24 20:01:35,771 - INFO - tty.usbmodem0006822145041: 

2019-07-24 20:01:35,771 - INFO - tty.usbmodem0006822145041: Sending next message
2019-07-24 20:01:35,772 - DEBUG - tty.usbmodem0006822145041: Writing: 164 bytearray(b'\x1d\x00')
2019-07-24 20:01:35,772 - DEBUG - tty.usbmodem0006822145041: TX: 03a41d00
2019-07-24 20:01:35,774 - DEBUG - tty.usbmodem0006822145041: RX: 0584a4000e00
2019-07-24 20:01:35,774 - DEBUG - tty.usbmodem0006822145041: parsed_packet {event: CmdRsp, data: {'opcode': 164, 'status': 0, 'data': bytearray(b'\x0e\x00')}}
2019-07-24 20:01:35,778 - INFO - tty.usbmodem0006822145041: AddrPublicationAdd: {'address_handle': 14}
2019-07-24 20:01:35,818 - INFO - tty.usbmodem0006822145041: 

2019-07-24 20:01:35,818 - INFO - tty.usbmodem0006822145041: Sending next message
2019-07-24 20:01:35,818 - DEBUG - tty.usbmodem0006822145041: Writing: 164 bytearray(b'\x1e\x00')
2019-07-24 20:01:35,818 - DEBUG - tty.usbmodem0006822145041: TX: 03a41e00
2019-07-24 20:01:35,823 - DEBUG - tty.usbmodem0006822145041: RX: 0584a4000f00
2019-07-24 20:01:35,823 - DEBUG - tty.usbmodem0006822145041: parsed_packet {event: CmdRsp, data: {'opcode': 164, 'status': 0, 'data': bytearray(b'\x0f\x00')}}
2019-07-24 20:01:35,824 - INFO - tty.usbmodem0006822145041: AddrPublicationAdd: {'address_handle': 15}
2019-07-24 20:01:35,847 - INFO - tty.usbmodem0006822145041: 

2019-07-24 20:01:35,847 - INFO - tty.usbmodem0006822145041: Sending next message
2019-07-24 20:01:35,848 - DEBUG - tty.usbmodem0006822145041: Writing: 164 bytearray(b'\x1f\x00')
2019-07-24 20:01:35,848 - DEBUG - tty.usbmodem0006822145041: TX: 03a41f00
2019-07-24 20:01:35,850 - DEBUG - tty.usbmodem0006822145041: RX: 0584a4001000
2019-07-24 20:01:35,850 - DEBUG - tty.usbmodem0006822145041: parsed_packet {event: CmdRsp, data: {'opcode': 164, 'status': 0, 'data': bytearray(b'\x10\x00')}}
2019-07-24 20:01:35,850 - INFO - tty.usbmodem0006822145041: AddrPublicationAdd: {'address_handle': 16}
2019-07-24 20:01:35,874 - INFO - tty.usbmodem0006822145041: 

2019-07-24 20:01:35,878 - INFO - tty.usbmodem0006822145041: Sending next message
2019-07-24 20:01:35,879 - DEBUG - tty.usbmodem0006822145041: Writing: 164 bytearray(b' \x00')
2019-07-24 20:01:35,880 - DEBUG - tty.usbmodem0006822145041: TX: 03a42000
2019-07-24 20:01:35,889 - DEBUG - tty.usbmodem0006822145041: RX: 0584a4001100
2019-07-24 20:01:35,889 - DEBUG - tty.usbmodem0006822145041: parsed_packet {event: CmdRsp, data: {'opcode': 164, 'status': 0, 'data': bytearray(b'\x11\x00')}}
2019-07-24 20:01:35,890 - INFO - tty.usbmodem0006822145041: AddrPublicationAdd: {'address_handle': 17}
2019-07-24 20:01:35,917 - INFO - tty.usbmodem0006822145041: 

2019-07-24 20:01:35,918 - INFO - tty.usbmodem0006822145041: Sending next message
2019-07-24 20:01:35,922 - DEBUG - tty.usbmodem0006822145041: Writing: 164 bytearray(b'!\x00')
2019-07-24 20:01:35,922 - DEBUG - tty.usbmodem0006822145041: TX: 03a42100
2019-07-24 20:01:35,925 - DEBUG - tty.usbmodem0006822145041: RX: 0584a4001200
2019-07-24 20:01:35,925 - DEBUG - tty.usbmodem0006822145041: parsed_packet {event: CmdRsp, data: {'opcode': 164, 'status': 0, 'data': bytearray(b'\x12\x00')}}
2019-07-24 20:01:35,925 - INFO - tty.usbmodem0006822145041: AddrPublicationAdd: {'address_handle': 18}
2019-07-24 20:01:35,946 - INFO - tty.usbmodem0006822145041: 

2019-07-24 20:01:35,946 - INFO - tty.usbmodem0006822145041: Sending next message
2019-07-24 20:01:35,946 - DEBUG - tty.usbmodem0006822145041: Writing: 164 bytearray(b'"\x00')
2019-07-24 20:01:35,947 - DEBUG - tty.usbmodem0006822145041: TX: 03a42200
2019-07-24 20:01:35,950 - DEBUG - tty.usbmodem0006822145041: RX: 0584a4001300
2019-07-24 20:01:35,951 - DEBUG - tty.usbmodem0006822145041: parsed_packet {event: CmdRsp, data: {'opcode': 164, 'status': 0, 'data': bytearray(b'\x13\x00')}}
2019-07-24 20:01:35,958 - INFO - tty.usbmodem0006822145041: AddrPublicationAdd: {'address_handle': 19}
2019-07-24 20:01:35,974 - INFO - tty.usbmodem0006822145041: 

2019-07-24 20:01:35,975 - INFO - tty.usbmodem0006822145041: Sending next message
2019-07-24 20:01:35,975 - DEBUG - tty.usbmodem0006822145041: Writing: 164 bytearray(b'#\x00')
2019-07-24 20:01:35,975 - DEBUG - tty.usbmodem0006822145041: TX: 03a42300
2019-07-24 20:01:35,977 - DEBUG - tty.usbmodem0006822145041: RX: 0584a4001400
2019-07-24 20:01:35,977 - DEBUG - tty.usbmodem0006822145041: parsed_packet {event: CmdRsp, data: {'opcode': 164, 'status': 0, 'data': bytearray(b'\x14\x00')}}
2019-07-24 20:01:35,977 - INFO - tty.usbmodem0006822145041: AddrPublicationAdd: {'address_handle': 20}
2019-07-24 20:01:36,000 - INFO - tty.usbmodem0006822145041: 

2019-07-24 20:01:36,000 - INFO - tty.usbmodem0006822145041: Sending next message
2019-07-24 20:01:36,000 - DEBUG - tty.usbmodem0006822145041: Writing: 164 bytearray(b'$\x00')
2019-07-24 20:01:36,000 - DEBUG - tty.usbmodem0006822145041: TX: 03a42400
2019-07-24 20:01:36,003 - DEBUG - tty.usbmodem0006822145041: RX: 0584a4001500
2019-07-24 20:01:36,004 - DEBUG - tty.usbmodem0006822145041: parsed_packet {event: CmdRsp, data: {'opcode': 164, 'status': 0, 'data': bytearray(b'\x15\x00')}}
2019-07-24 20:01:36,005 - INFO - tty.usbmodem0006822145041: AddrPublicationAdd: {'address_handle': 21}
2019-07-24 20:01:36,028 - INFO - tty.usbmodem0006822145041: 

2019-07-24 20:01:36,029 - INFO - tty.usbmodem0006822145041: Sending next message
2019-07-24 20:01:36,029 - DEBUG - tty.usbmodem0006822145041: Writing: 164 bytearray(b'%\x00')
2019-07-24 20:01:36,029 - DEBUG - tty.usbmodem0006822145041: TX: 03a42500
2019-07-24 20:01:36,032 - DEBUG - tty.usbmodem0006822145041: RX: 0584a4001600
2019-07-24 20:01:36,032 - DEBUG - tty.usbmodem0006822145041: parsed_packet {event: CmdRsp, data: {'opcode': 164, 'status': 0, 'data': bytearray(b'\x16\x00')}}
2019-07-24 20:01:36,032 - INFO - tty.usbmodem0006822145041: AddrPublicationAdd: {'address_handle': 22}
2019-07-24 20:01:36,043 - INFO - tty.usbmodem0006822145041: 

2019-07-24 20:01:36,043 - INFO - tty.usbmodem0006822145041: Sending next message
2019-07-24 20:01:36,043 - DEBUG - tty.usbmodem0006822145041: Writing: 164 bytearray(b'&\x00')
2019-07-24 20:01:36,043 - DEBUG - tty.usbmodem0006822145041: TX: 03a42600
2019-07-24 20:01:36,045 - DEBUG - tty.usbmodem0006822145041: RX: 0584a4001700
2019-07-24 20:01:36,045 - DEBUG - tty.usbmodem0006822145041: parsed_packet {event: CmdRsp, data: {'opcode': 164, 'status': 0, 'data': bytearray(b'\x17\x00')}}
2019-07-24 20:01:36,045 - INFO - tty.usbmodem0006822145041: AddrPublicationAdd: {'address_handle': 23}
2019-07-24 20:01:36,073 - INFO - tty.usbmodem0006822145041: 

2019-07-24 20:01:36,074 - INFO - tty.usbmodem0006822145041: Sending next message
2019-07-24 20:01:36,074 - DEBUG - tty.usbmodem0006822145041: Writing: 164 bytearray(b"\'\x00")
2019-07-24 20:01:36,074 - DEBUG - tty.usbmodem0006822145041: TX: 03a42700
2019-07-24 20:01:36,076 - DEBUG - tty.usbmodem0006822145041: RX: 0584a4001800
2019-07-24 20:01:36,076 - DEBUG - tty.usbmodem0006822145041: parsed_packet {event: CmdRsp, data: {'opcode': 164, 'status': 0, 'data': bytearray(b'\x18\x00')}}
2019-07-24 20:01:36,076 - INFO - tty.usbmodem0006822145041: AddrPublicationAdd: {'address_handle': 24}
2019-07-24 20:01:36,100 - INFO - tty.usbmodem0006822145041: 

2019-07-24 20:01:36,101 - INFO - tty.usbmodem0006822145041: Sending next message
2019-07-24 20:01:36,101 - DEBUG - tty.usbmodem0006822145041: Writing: 164 bytearray(b'(\x00')
2019-07-24 20:01:36,101 - DEBUG - tty.usbmodem0006822145041: TX: 03a42800
2019-07-24 20:01:36,104 - DEBUG - tty.usbmodem0006822145041: RX: 0584a4001900
2019-07-24 20:01:36,104 - DEBUG - tty.usbmodem0006822145041: parsed_packet {event: CmdRsp, data: {'opcode': 164, 'status': 0, 'data': bytearray(b'\x19\x00')}}
2019-07-24 20:01:36,104 - INFO - tty.usbmodem0006822145041: AddrPublicationAdd: {'address_handle': 25}
2019-07-24 20:01:36,124 - INFO - tty.usbmodem0006822145041: 

2019-07-24 20:01:36,124 - INFO - tty.usbmodem0006822145041: Sending next message
2019-07-24 20:01:36,126 - DEBUG - tty.usbmodem0006822145041: Writing: 164 bytearray(b')\x00')
2019-07-24 20:01:36,127 - DEBUG - tty.usbmodem0006822145041: TX: 03a42900
2019-07-24 20:01:36,130 - DEBUG - tty.usbmodem0006822145041: RX: 0584a4001a00
2019-07-24 20:01:36,130 - DEBUG - tty.usbmodem0006822145041: parsed_packet {event: CmdRsp, data: {'opcode': 164, 'status': 0, 'data': bytearray(b'\x1a\x00')}}
2019-07-24 20:01:36,130 - INFO - tty.usbmodem0006822145041: AddrPublicationAdd: {'address_handle': 26}
2019-07-24 20:01:36,142 - INFO - tty.usbmodem0006822145041: 

2019-07-24 20:01:36,143 - INFO - tty.usbmodem0006822145041: Sending next message
2019-07-24 20:01:36,143 - DEBUG - tty.usbmodem0006822145041: Writing: 164 bytearray(b'*\x00')
2019-07-24 20:01:36,143 - DEBUG - tty.usbmodem0006822145041: TX: 03a42a00
2019-07-24 20:01:36,147 - DEBUG - tty.usbmodem0006822145041: RX: 0584a4001b00
2019-07-24 20:01:36,149 - DEBUG - tty.usbmodem0006822145041: parsed_packet {event: CmdRsp, data: {'opcode': 164, 'status': 0, 'data': bytearray(b'\x1b\x00')}}
2019-07-24 20:01:36,152 - INFO - tty.usbmodem0006822145041: AddrPublicationAdd: {'address_handle': 27}
2019-07-24 20:01:36,169 - INFO - tty.usbmodem0006822145041: 

2019-07-24 20:01:36,170 - INFO - tty.usbmodem0006822145041: Sending next message
2019-07-24 20:01:36,170 - DEBUG - tty.usbmodem0006822145041: Writing: 164 bytearray(b'+\x00')
2019-07-24 20:01:36,170 - DEBUG - tty.usbmodem0006822145041: TX: 03a42b00
2019-07-24 20:01:36,174 - DEBUG - tty.usbmodem0006822145041: RX: 0584a4001c00
2019-07-24 20:01:36,175 - DEBUG - tty.usbmodem0006822145041: parsed_packet {event: CmdRsp, data: {'opcode': 164, 'status': 0, 'data': bytearray(b'\x1c\x00')}}
2019-07-24 20:01:36,176 - INFO - tty.usbmodem0006822145041: AddrPublicationAdd: {'address_handle': 28}
2019-07-24 20:01:36,207 - INFO - tty.usbmodem0006822145041: 

2019-07-24 20:01:36,207 - INFO - tty.usbmodem0006822145041: Sending next message
2019-07-24 20:01:36,207 - DEBUG - tty.usbmodem0006822145041: Writing: 156 bytearray(b"\x10\x00\x00\x00\xd8\xa9\x91\x05\n\x0c\xf2\xfcq\x8d\x18\'\x1b8\xb8\x9b")
2019-07-24 20:01:36,207 - DEBUG - tty.usbmodem0006822145041: TX: 159c10000000d8a991050a0cf2fc718d18271b38b89b
2019-07-24 20:01:36,212 - DEBUG - tty.usbmodem0006822145041: RX: 05849c000800
2019-07-24 20:01:36,212 - DEBUG - tty.usbmodem0006822145041: parsed_packet {event: CmdRsp, data: {'opcode': 156, 'status': 0, 'data': bytearray(b'\x08\x00')}}
2019-07-24 20:01:36,213 - INFO - tty.usbmodem0006822145041: DevkeyAdd: {'devkey_handle': 8}
2019-07-24 20:01:36,233 - INFO - tty.usbmodem0006822145041: 

2019-07-24 20:01:36,233 - INFO - tty.usbmodem0006822145041: Sending next message
2019-07-24 20:01:36,233 - DEBUG - tty.usbmodem0006822145041: Writing: 156 bytearray(b'\x1e\x00\x00\x00\x069>M4Y\xfc\xc1\xaa B&M{\x14s')
2019-07-24 20:01:36,233 - DEBUG - tty.usbmodem0006822145041: TX: 159c1e00000006393e4d3459fcc1aa2042264d7b1473
2019-07-24 20:01:36,237 - DEBUG - tty.usbmodem0006822145041: RX: 05849c000900
2019-07-24 20:01:36,237 - DEBUG - tty.usbmodem0006822145041: parsed_packet {event: CmdRsp, data: {'opcode': 156, 'status': 0, 'data': bytearray(b'\t\x00')}}
2019-07-24 20:01:36,237 - INFO - tty.usbmodem0006822145041: DevkeyAdd: {'devkey_handle': 9}
2019-07-24 20:01:36,266 - INFO - tty.usbmodem0006822145041: No Messages remaining
2019-07-24 20:01:40,235 - INFO - tty.usbmodem0006822145041: Timout handler timeout
2019-07-24 20:01:43,589 - DEBUG - tty.usbmodem0006822145041.SimpleOnOffClient: Sending opcode: c15900, data: 002b
2019-07-24 20:01:43,589 - DEBUG - tty.usbmodem0006822145041: Writing: 171 bytearray(b'\x00\x00\x01\x00\x16\x00\x08\x00\x00\x00\xc1Y\x00\x00+')
2019-07-24 20:01:43,589 - DEBUG - tty.usbmodem0006822145041: TX: 10ab00000100160008000000c15900002b
2019-07-24 20:01:43,603 - DEBUG - tty.usbmodem0006822145041: RX: 0784ab0001000000
2019-07-24 20:01:43,603 - DEBUG - tty.usbmodem0006822145041: parsed_packet {event: CmdRsp, data: {'opcode': 171, 'status': 0, 'data': bytearray(b'\x01\x00\x00\x00')}}
2019-07-24 20:01:43,608 - INFO - tty.usbmodem0006822145041: PacketSend: {'token': 1}
2019-07-24 20:01:43,611 - DEBUG - tty.usbmodem0006822145041: RX: 05d201000000
2019-07-24 20:01:43,613 - DEBUG - tty.usbmodem0006822145041: parsed_packet {event: MeshTxComplete, data: {'token': 1}}
2019-07-24 20:01:43,614 - INFO - tty.usbmodem0006822145041: {event: MeshTxComplete, data: {'token': 1}}
2019-07-24 20:01:49,884 - DEBUG - tty.usbmodem0006822145041.GenericOnOffClient: Sending opcode: 8202, data: 0122
2019-07-24 20:01:49,885 - DEBUG - tty.usbmodem0006822145041: Writing: 171 bytearray(b'\x00\x00\x01\x00\x16\x00\x08\x00\x00\x00\x82\x02\x01"')
2019-07-24 20:01:49,885 - DEBUG - tty.usbmodem0006822145041: TX: 0fab0000010016000800000082020122
2019-07-24 20:01:49,897 - DEBUG - tty.usbmodem0006822145041: RX: 0784ab0002000000
2019-07-24 20:01:49,898 - DEBUG - tty.usbmodem0006822145041: parsed_packet {event: CmdRsp, data: {'opcode': 171, 'status': 0, 'data': bytearray(b'\x02\x00\x00\x00')}}
2019-07-24 20:01:49,898 - INFO - tty.usbmodem0006822145041: PacketSend: {'token': 2}
2019-07-24 20:01:49,900 - DEBUG - tty.usbmodem0006822145041: RX: 05d202000000
2019-07-24 20:01:49,900 - DEBUG - tty.usbmodem0006822145041: parsed_packet {event: MeshTxComplete, data: {'token': 2}}
2019-07-24 20:01:49,901 - INFO - tty.usbmodem0006822145041: {event: MeshTxComplete, data: {'token': 2}}
2019-07-24 20:01:49,903 - DEBUG - tty.usbmodem0006822145041: RX: 17d025000100000000007f01c8639509c2c2d10300820401
2019-07-24 20:01:49,904 - DEBUG - tty.usbmodem0006822145041: parsed_packet {event: MeshMessageReceivedUnicast, data: {'src': 37, 'dst': 1, 'appkey_handle': 0, 'subnet_handle': 0, 'ttl': 127, 'adv_addr_type': 1, 'adv_addr': bytearray(b'\xc8c\x95\t\xc2\xc2'), 'rssi': -47, 'actual_length': 3, 'data': bytearray(b'\x82\x04\x01')}}
2019-07-24 20:01:49,914 - INFO - tty.usbmodem0006822145041.GenericOnOffClient: Status Present OnOff: on
2019-07-24 20:01:49,917 - INFO - tty.usbmodem0006822145041: {event: MeshMessageReceivedUnicast, data: {'src': 37, 'dst': 1, 'appkey_handle': 0, 'subnet_handle': 0, 'ttl': 127, 'adv_addr_type': 1, 'adv_addr': bytearray(b'\xc8c\x95\t\xc2\xc2'), 'rssi': -47, 'actual_length': 3, 'data': bytearray(b'\x82\x04\x01')}}
2019-07-24 20:01:53,164 - DEBUG - tty.usbmodem0006822145041.GenericOnOffClient: Sending opcode: 8202, data: 0123
2019-07-24 20:01:53,165 - DEBUG - tty.usbmodem0006822145041: Writing: 171 bytearray(b'\x00\x00\x01\x00\x16\x00\x08\x00\x00\x00\x82\x02\x01#')
2019-07-24 20:01:53,165 - DEBUG - tty.usbmodem0006822145041: TX: 0fab0000010016000800000082020123
2019-07-24 20:01:53,181 - DEBUG - tty.usbmodem0006822145041: RX: 0784ab0003000000
2019-07-24 20:01:53,181 - DEBUG - tty.usbmodem0006822145041: parsed_packet {event: CmdRsp, data: {'opcode': 171, 'status': 0, 'data': bytearray(b'\x03\x00\x00\x00')}}
2019-07-24 20:01:53,190 - INFO - tty.usbmodem0006822145041: PacketSend: {'token': 3}
2019-07-24 20:01:53,197 - DEBUG - tty.usbmodem0006822145041: RX: 05d203000000
2019-07-24 20:01:53,198 - DEBUG - tty.usbmodem0006822145041: parsed_packet {event: MeshTxComplete, data: {'token': 3}}
2019-07-24 20:01:53,198 - INFO - tty.usbmodem0006822145041: {event: MeshTxComplete, data: {'token': 3}}
2019-07-24 20:01:53,199 - DEBUG - tty.usbmodem0006822145041: RX: 17d025000100000000007f01c8639509c2c2d30300820401
2019-07-24 20:01:53,200 - DEBUG - tty.usbmodem0006822145041: parsed_packet {event: MeshMessageReceivedUnicast, data: {'src': 37, 'dst': 1, 'appkey_handle': 0, 'subnet_handle': 0, 'ttl': 127, 'adv_addr_type': 1, 'adv_addr': bytearray(b'\xc8c\x95\t\xc2\xc2'), 'rssi': -45, 'actual_length': 3, 'data': bytearray(b'\x82\x04\x01')}}
2019-07-24 20:01:53,200 - INFO - tty.usbmodem0006822145041.GenericOnOffClient: Status Present OnOff: on
2019-07-24 20:01:53,201 - INFO - tty.usbmodem0006822145041: {event: MeshMessageReceivedUnicast, data: {'src': 37, 'dst': 1, 'appkey_handle': 0, 'subnet_handle': 0, 'ttl': 127, 'adv_addr_type': 1, 'adv_addr': bytearray(b'\xc8c\x95\t\xc2\xc2'), 'rssi': -45, 'actual_length': 3, 'data': bytearray(b'\x82\x04\x01')}}
2019-07-24 20:01:53,541 - DEBUG - tty.usbmodem0006822145041.GenericOnOffClient: Sending opcode: 8202, data: 0124
2019-07-24 20:01:53,542 - DEBUG - tty.usbmodem0006822145041: Writing: 171 bytearray(b'\x00\x00\x01\x00\x16\x00\x08\x00\x00\x00\x82\x02\x01$')
2019-07-24 20:01:53,542 - DEBUG - tty.usbmodem0006822145041: TX: 0fab0000010016000800000082020124
2019-07-24 20:01:53,555 - DEBUG - tty.usbmodem0006822145041: RX: 0784ab0004000000
2019-07-24 20:01:53,559 - DEBUG - tty.usbmodem0006822145041: parsed_packet {event: CmdRsp, data: {'opcode': 171, 'status': 0, 'data': bytearray(b'\x04\x00\x00\x00')}}
2019-07-24 20:01:53,560 - INFO - tty.usbmodem0006822145041: PacketSend: {'token': 4}
2019-07-24 20:01:53,576 - DEBUG - tty.usbmodem0006822145041: RX: 05d204000000
2019-07-24 20:01:53,576 - DEBUG - tty.usbmodem0006822145041: parsed_packet {event: MeshTxComplete, data: {'token': 4}}
2019-07-24 20:01:53,576 - INFO - tty.usbmodem0006822145041: {event: MeshTxComplete, data: {'token': 4}}
2019-07-24 20:01:53,589 - DEBUG - tty.usbmodem0006822145041: RX: 17d025000100000000007f01c8639509c2c2d80300820401
2019-07-24 20:01:53,591 - DEBUG - tty.usbmodem0006822145041: parsed_packet {event: MeshMessageReceivedUnicast, data: {'src': 37, 'dst': 1, 'appkey_handle': 0, 'subnet_handle': 0, 'ttl': 127, 'adv_addr_type': 1, 'adv_addr': bytearray(b'\xc8c\x95\t\xc2\xc2'), 'rssi': -40, 'actual_length': 3, 'data': bytearray(b'\x82\x04\x01')}}
2019-07-24 20:01:53,592 - INFO - tty.usbmodem0006822145041.GenericOnOffClient: Status Present OnOff: on
2019-07-24 20:01:53,594 - INFO - tty.usbmodem0006822145041: {event: MeshMessageReceivedUnicast, data: {'src': 37, 'dst': 1, 'appkey_handle': 0, 'subnet_handle': 0, 'ttl': 127, 'adv_addr_type': 1, 'adv_addr': bytearray(b'\xc8c\x95\t\xc2\xc2'), 'rssi': -40, 'actual_length': 3, 'data': bytearray(b'\x82\x04\x01')}}
2019-07-24 20:01:58,871 - DEBUG - tty.usbmodem0006822145041.GenericOnOffClient: Sending opcode: 8202, data: 0125
2019-07-24 20:01:58,871 - DEBUG - tty.usbmodem0006822145041: Writing: 171 bytearray(b'\x00\x00\x01\x00\x16\x00\x08\x00\x00\x00\x82\x02\x01%')
2019-07-24 20:01:58,871 - DEBUG - tty.usbmodem0006822145041: TX: 0fab0000010016000800000082020125
2019-07-24 20:01:58,884 - DEBUG - tty.usbmodem0006822145041: RX: 0784ab0005000000
2019-07-24 20:01:58,884 - DEBUG - tty.usbmodem0006822145041: parsed_packet {event: CmdRsp, data: {'opcode': 171, 'status': 0, 'data': bytearray(b'\x05\x00\x00\x00')}}
2019-07-24 20:01:58,884 - INFO - tty.usbmodem0006822145041: PacketSend: {'token': 5}
2019-07-24 20:01:58,899 - DEBUG - tty.usbmodem0006822145041: RX: 05d205000000
2019-07-24 20:01:58,900 - DEBUG - tty.usbmodem0006822145041: parsed_packet {event: MeshTxComplete, data: {'token': 5}}
2019-07-24 20:01:58,900 - INFO - tty.usbmodem0006822145041: {event: MeshTxComplete, data: {'token': 5}}
2019-07-24 20:01:58,919 - DEBUG - tty.usbmodem0006822145041: RX: 17d025000100000000007f01c8639509c2c2d30300820401
2019-07-24 20:01:58,919 - DEBUG - tty.usbmodem0006822145041: parsed_packet {event: MeshMessageReceivedUnicast, data: {'src': 37, 'dst': 1, 'appkey_handle': 0, 'subnet_handle': 0, 'ttl': 127, 'adv_addr_type': 1, 'adv_addr': bytearray(b'\xc8c\x95\t\xc2\xc2'), 'rssi': -45, 'actual_length': 3, 'data': bytearray(b'\x82\x04\x01')}}
2019-07-24 20:01:58,919 - INFO - tty.usbmodem0006822145041.GenericOnOffClient: Status Present OnOff: on
2019-07-24 20:01:58,920 - INFO - tty.usbmodem0006822145041: {event: MeshMessageReceivedUnicast, data: {'src': 37, 'dst': 1, 'appkey_handle': 0, 'subnet_handle': 0, 'ttl': 127, 'adv_addr_type': 1, 'adv_addr': bytearray(b'\xc8c\x95\t\xc2\xc2'), 'rssi': -45, 'actual_length': 3, 'data': bytearray(b'\x82\x04\x01')}}
2019-07-24 20:01:59,196 - DEBUG - tty.usbmodem0006822145041.GenericOnOffClient: Sending opcode: 8202, data: 0126
2019-07-24 20:01:59,197 - DEBUG - tty.usbmodem0006822145041: Writing: 171 bytearray(b'\x00\x00\x01\x00\x16\x00\x08\x00\x00\x00\x82\x02\x01&')
2019-07-24 20:01:59,197 - DEBUG - tty.usbmodem0006822145041: TX: 0fab0000010016000800000082020126
2019-07-24 20:01:59,209 - DEBUG - tty.usbmodem0006822145041: RX: 0784ab0006000000
2019-07-24 20:01:59,210 - DEBUG - tty.usbmodem0006822145041: parsed_packet {event: CmdRsp, data: {'opcode': 171, 'status': 0, 'data': bytearray(b'\x06\x00\x00\x00')}}
2019-07-24 20:01:59,211 - INFO - tty.usbmodem0006822145041: PacketSend: {'token': 6}
2019-07-24 20:01:59,222 - DEBUG - tty.usbmodem0006822145041: RX: 05d206000000
2019-07-24 20:01:59,222 - DEBUG - tty.usbmodem0006822145041: parsed_packet {event: MeshTxComplete, data: {'token': 6}}
2019-07-24 20:01:59,222 - INFO - tty.usbmodem0006822145041: {event: MeshTxComplete, data: {'token': 6}}
2019-07-24 20:01:59,237 - DEBUG - tty.usbmodem0006822145041: RX: 17d025000100000000007f01c8639509c2c2d70300820401
2019-07-24 20:01:59,237 - DEBUG - tty.usbmodem0006822145041: parsed_packet {event: MeshMessageReceivedUnicast, data: {'src': 37, 'dst': 1, 'appkey_handle': 0, 'subnet_handle': 0, 'ttl': 127, 'adv_addr_type': 1, 'adv_addr': bytearray(b'\xc8c\x95\t\xc2\xc2'), 'rssi': -41, 'actual_length': 3, 'data': bytearray(b'\x82\x04\x01')}}
2019-07-24 20:01:59,237 - INFO - tty.usbmodem0006822145041.GenericOnOffClient: Status Present OnOff: on
2019-07-24 20:01:59,238 - INFO - tty.usbmodem0006822145041: {event: MeshMessageReceivedUnicast, data: {'src': 37, 'dst': 1, 'appkey_handle': 0, 'subnet_handle': 0, 'ttl': 127, 'adv_addr_type': 1, 'adv_addr': bytearray(b'\xc8c\x95\t\xc2\xc2'), 'rssi': -41, 'actual_length': 3, 'data': bytearray(b'\x82\x04\x01')}}
2019-07-24 20:02:03,197 - DEBUG - tty.usbmodem0006822145041.GenericOnOffClient: Sending opcode: 8202, data: 0127
2019-07-24 20:02:03,198 - DEBUG - tty.usbmodem0006822145041: Writing: 171 bytearray(b"\x00\x00\x01\x00\x16\x00\x08\x00\x00\x00\x82\x02\x01\'")
2019-07-24 20:02:03,198 - DEBUG - tty.usbmodem0006822145041: TX: 0fab0000010016000800000082020127
2019-07-24 20:02:03,209 - DEBUG - tty.usbmodem0006822145041: RX: 0784ab0007000000
2019-07-24 20:02:03,209 - DEBUG - tty.usbmodem0006822145041: parsed_packet {event: CmdRsp, data: {'opcode': 171, 'status': 0, 'data': bytearray(b'\x07\x00\x00\x00')}}
2019-07-24 20:02:03,209 - INFO - tty.usbmodem0006822145041: PacketSend: {'token': 7}
2019-07-24 20:02:03,210 - DEBUG - tty.usbmodem0006822145041: RX: 05d207000000
2019-07-24 20:02:03,210 - DEBUG - tty.usbmodem0006822145041: parsed_packet {event: MeshTxComplete, data: {'token': 7}}
2019-07-24 20:02:03,211 - INFO - tty.usbmodem0006822145041: {event: MeshTxComplete, data: {'token': 7}}
2019-07-24 20:02:03,221 - DEBUG - tty.usbmodem0006822145041: RX: 17d025000100000000007f01c8639509c2c2d30300820401
2019-07-24 20:02:03,222 - DEBUG - tty.usbmodem0006822145041: parsed_packet {event: MeshMessageReceivedUnicast, data: {'src': 37, 'dst': 1, 'appkey_handle': 0, 'subnet_handle': 0, 'ttl': 127, 'adv_addr_type': 1, 'adv_addr': bytearray(b'\xc8c\x95\t\xc2\xc2'), 'rssi': -45, 'actual_length': 3, 'data': bytearray(b'\x82\x04\x01')}}
2019-07-24 20:02:03,223 - INFO - tty.usbmodem0006822145041.GenericOnOffClient: Status Present OnOff: on
2019-07-24 20:02:03,223 - INFO - tty.usbmodem0006822145041: {event: MeshMessageReceivedUnicast, data: {'src': 37, 'dst': 1, 'appkey_handle': 0, 'subnet_handle': 0, 'ttl': 127, 'adv_addr_type': 1, 'adv_addr': bytearray(b'\xc8c\x95\t\xc2\xc2'), 'rssi': -45, 'actual_length': 3, 'data': bytearray(b'\x82\x04\x01')}}
2019-07-24 20:02:03,541 - DEBUG - tty.usbmodem0006822145041.GenericOnOffClient: Sending opcode: 8202, data: 0128
2019-07-24 20:02:03,542 - DEBUG - tty.usbmodem0006822145041: Writing: 171 bytearray(b'\x00\x00\x01\x00\x16\x00\x08\x00\x00\x00\x82\x02\x01(')
2019-07-24 20:02:03,542 - DEBUG - tty.usbmodem0006822145041: TX: 0fab0000010016000800000082020128
2019-07-24 20:02:03,554 - DEBUG - tty.usbmodem0006822145041: RX: 0784ab0008000000
2019-07-24 20:02:03,554 - DEBUG - tty.usbmodem0006822145041: parsed_packet {event: CmdRsp, data: {'opcode': 171, 'status': 0, 'data': bytearray(b'\x08\x00\x00\x00')}}
2019-07-24 20:02:03,554 - INFO - tty.usbmodem0006822145041: PacketSend: {'token': 8}
2019-07-24 20:02:03,568 - DEBUG - tty.usbmodem0006822145041: RX: 05d208000000
2019-07-24 20:02:03,569 - DEBUG - tty.usbmodem0006822145041: parsed_packet {event: MeshTxComplete, data: {'token': 8}}
2019-07-24 20:02:03,569 - INFO - tty.usbmodem0006822145041: {event: MeshTxComplete, data: {'token': 8}}
2019-07-24 20:02:03,584 - DEBUG - tty.usbmodem0006822145041: RX: 17d025000100000000007f01c8639509c2c2d20300820401
2019-07-24 20:02:03,584 - DEBUG - tty.usbmodem0006822145041: parsed_packet {event: MeshMessageReceivedUnicast, data: {'src': 37, 'dst': 1, 'appkey_handle': 0, 'subnet_handle': 0, 'ttl': 127, 'adv_addr_type': 1, 'adv_addr': bytearray(b'\xc8c\x95\t\xc2\xc2'), 'rssi': -46, 'actual_length': 3, 'data': bytearray(b'\x82\x04\x01')}}
2019-07-24 20:02:03,585 - INFO - tty.usbmodem0006822145041.GenericOnOffClient: Status Present OnOff: on
2019-07-24 20:02:03,585 - INFO - tty.usbmodem0006822145041: {event: MeshMessageReceivedUnicast, data: {'src': 37, 'dst': 1, 'appkey_handle': 0, 'subnet_handle': 0, 'ttl': 127, 'adv_addr_type': 1, 'adv_addr': bytearray(b'\xc8c\x95\t\xc2\xc2'), 'rssi': -46, 'actual_length': 3, 'data': bytearray(b'\x82\x04\x01')}}
2019-07-24 20:02:08,405 - DEBUG - tty.usbmodem0006822145041.GenericOnOffClient: Sending opcode: 8202, data: 0129
2019-07-24 20:02:08,405 - DEBUG - tty.usbmodem0006822145041: Writing: 171 bytearray(b'\x00\x00\x01\x00\x16\x00\x08\x00\x00\x00\x82\x02\x01)')
2019-07-24 20:02:08,406 - DEBUG - tty.usbmodem0006822145041: TX: 0fab0000010016000800000082020129
2019-07-24 20:02:08,418 - DEBUG - tty.usbmodem0006822145041: RX: 0784ab0009000000
2019-07-24 20:02:08,418 - DEBUG - tty.usbmodem0006822145041: parsed_packet {event: CmdRsp, data: {'opcode': 171, 'status': 0, 'data': bytearray(b'\t\x00\x00\x00')}}
2019-07-24 20:02:08,419 - INFO - tty.usbmodem0006822145041: PacketSend: {'token': 9}
2019-07-24 20:02:08,434 - DEBUG - tty.usbmodem0006822145041: RX: 05d209000000
2019-07-24 20:02:08,435 - DEBUG - tty.usbmodem0006822145041: parsed_packet {event: MeshTxComplete, data: {'token': 9}}
2019-07-24 20:02:08,436 - INFO - tty.usbmodem0006822145041: {event: MeshTxComplete, data: {'token': 9}}
2019-07-24 20:02:10,408 - INFO - tty.usbmodem0006822145041.GenericOnOffClient: Set ACK Failed
2019-07-24 20:02:11,901 - DEBUG - tty.usbmodem0006822145041.GenericOnOffClient: Sending opcode: 8202, data: 012a
2019-07-24 20:02:11,901 - DEBUG - tty.usbmodem0006822145041: Writing: 171 bytearray(b'\x00\x00\x01\x00\x16\x00\x08\x00\x00\x00\x82\x02\x01*')
2019-07-24 20:02:11,902 - DEBUG - tty.usbmodem0006822145041: TX: 0fab000001001600080000008202012a
2019-07-24 20:02:11,915 - DEBUG - tty.usbmodem0006822145041: RX: 0784ab000a000000
2019-07-24 20:02:11,916 - DEBUG - tty.usbmodem0006822145041: parsed_packet {event: CmdRsp, data: {'opcode': 171, 'status': 0, 'data': bytearray(b'\n\x00\x00\x00')}}
2019-07-24 20:02:11,916 - INFO - tty.usbmodem0006822145041: PacketSend: {'token': 10}
2019-07-24 20:02:11,916 - DEBUG - tty.usbmodem0006822145041: RX: 05d20a000000
2019-07-24 20:02:11,916 - DEBUG - tty.usbmodem0006822145041: parsed_packet {event: MeshTxComplete, data: {'token': 10}}
2019-07-24 20:02:11,916 - INFO - tty.usbmodem0006822145041: {event: MeshTxComplete, data: {'token': 10}}
2019-07-24 20:02:12,221 - DEBUG - tty.usbmodem0006822145041.GenericOnOffClient: Sending opcode: 8202, data: 012b
2019-07-24 20:02:12,221 - DEBUG - tty.usbmodem0006822145041: Writing: 171 bytearray(b'\x00\x00\x01\x00\x16\x00\x08\x00\x00\x00\x82\x02\x01+')
2019-07-24 20:02:12,221 - DEBUG - tty.usbmodem0006822145041: TX: 0fab000001001600080000008202012b
2019-07-24 20:02:12,234 - DEBUG - tty.usbmodem0006822145041: RX: 0784ab000b000000
2019-07-24 20:02:12,234 - DEBUG - tty.usbmodem0006822145041: parsed_packet {event: CmdRsp, data: {'opcode': 171, 'status': 0, 'data': bytearray(b'\x0b\x00\x00\x00')}}
2019-07-24 20:02:12,236 - INFO - tty.usbmodem0006822145041: PacketSend: {'token': 11}
2019-07-24 20:02:12,240 - DEBUG - tty.usbmodem0006822145041: RX: 05d20b000000
2019-07-24 20:02:12,240 - DEBUG - tty.usbmodem0006822145041: parsed_packet {event: MeshTxComplete, data: {'token': 11}}
2019-07-24 20:02:12,240 - INFO - tty.usbmodem0006822145041: {event: MeshTxComplete, data: {'token': 11}}
2019-07-24 20:02:13,906 - INFO - tty.usbmodem0006822145041.GenericOnOffClient: Set ACK Failed
2019-07-24 20:02:14,227 - INFO - tty.usbmodem0006822145041.GenericOnOffClient: Set ACK Failed
2019-07-24 20:03:43,968 - DEBUG - tty.usbmodem0006822145041.GenericOnOffClient: Sending opcode: 8202, data: 012c
2019-07-24 20:03:43,969 - DEBUG - tty.usbmodem0006822145041: Writing: 171 bytearray(b'\x00\x00\x01\x00\x16\x00\x08\x00\x00\x00\x82\x02\x01,')
2019-07-24 20:03:43,969 - DEBUG - tty.usbmodem0006822145041: TX: 0fab000001001600080000008202012c
2019-07-24 20:03:43,982 - DEBUG - tty.usbmodem0006822145041: RX: 0784ab000c000000
2019-07-24 20:03:43,982 - DEBUG - tty.usbmodem0006822145041: parsed_packet {event: CmdRsp, data: {'opcode': 171, 'status': 0, 'data': bytearray(b'\x0c\x00\x00\x00')}}
2019-07-24 20:03:43,983 - INFO - tty.usbmodem0006822145041: PacketSend: {'token': 12}
2019-07-24 20:03:43,998 - DEBUG - tty.usbmodem0006822145041: RX: 05d20c000000
2019-07-24 20:03:43,998 - DEBUG - tty.usbmodem0006822145041: parsed_packet {event: MeshTxComplete, data: {'token': 12}}
2019-07-24 20:03:43,998 - INFO - tty.usbmodem0006822145041: {event: MeshTxComplete, data: {'token': 12}}
2019-07-24 20:03:44,007 - DEBUG - tty.usbmodem0006822145041: RX: 17d025000100000000007f01c8639509c2c2c70300820401
2019-07-24 20:03:44,007 - DEBUG - tty.usbmodem0006822145041: parsed_packet {event: MeshMessageReceivedUnicast, data: {'src': 37, 'dst': 1, 'appkey_handle': 0, 'subnet_handle': 0, 'ttl': 127, 'adv_addr_type': 1, 'adv_addr': bytearray(b'\xc8c\x95\t\xc2\xc2'), 'rssi': -57, 'actual_length': 3, 'data': bytearray(b'\x82\x04\x01')}}
2019-07-24 20:03:44,007 - INFO - tty.usbmodem0006822145041.GenericOnOffClient: Status Present OnOff: on
2019-07-24 20:03:44,007 - INFO - tty.usbmodem0006822145041: {event: MeshMessageReceivedUnicast, data: {'src': 37, 'dst': 1, 'appkey_handle': 0, 'subnet_handle': 0, 'ttl': 127, 'adv_addr_type': 1, 'adv_addr': bytearray(b'\xc8c\x95\t\xc2\xc2'), 'rssi': -57, 'actual_length': 3, 'data': bytearray(b'\x82\x04\x01')}}
2019-07-24 20:03:44,887 - DEBUG - tty.usbmodem0006822145041.GenericOnOffClient: Sending opcode: 8202, data: 012d
2019-07-24 20:03:44,888 - DEBUG - tty.usbmodem0006822145041: Writing: 171 bytearray(b'\x00\x00\x01\x00\x16\x00\x08\x00\x00\x00\x82\x02\x01-')
2019-07-24 20:03:44,888 - DEBUG - tty.usbmodem0006822145041: TX: 0fab000001001600080000008202012d
2019-07-24 20:03:44,899 - DEBUG - tty.usbmodem0006822145041: RX: 0784ab000d000000
2019-07-24 20:03:44,900 - DEBUG - tty.usbmodem0006822145041: parsed_packet {event: CmdRsp, data: {'opcode': 171, 'status': 0, 'data': bytearray(b'\r\x00\x00\x00')}}
2019-07-24 20:03:44,901 - INFO - tty.usbmodem0006822145041: PacketSend: {'token': 13}
2019-07-24 20:03:44,912 - DEBUG - tty.usbmodem0006822145041: RX: 05d20d000000
2019-07-24 20:03:44,914 - DEBUG - tty.usbmodem0006822145041: parsed_packet {event: MeshTxComplete, data: {'token': 13}}
2019-07-24 20:03:44,915 - INFO - tty.usbmodem0006822145041: {event: MeshTxComplete, data: {'token': 13}}
2019-07-24 20:03:44,918 - DEBUG - tty.usbmodem0006822145041: RX: 17d025000100000000007f01c8639509c2c2c80300820401
2019-07-24 20:03:44,918 - DEBUG - tty.usbmodem0006822145041: parsed_packet {event: MeshMessageReceivedUnicast, data: {'src': 37, 'dst': 1, 'appkey_handle': 0, 'subnet_handle': 0, 'ttl': 127, 'adv_addr_type': 1, 'adv_addr': bytearray(b'\xc8c\x95\t\xc2\xc2'), 'rssi': -56, 'actual_length': 3, 'data': bytearray(b'\x82\x04\x01')}}
2019-07-24 20:03:44,918 - INFO - tty.usbmodem0006822145041.GenericOnOffClient: Status Present OnOff: on
2019-07-24 20:03:44,919 - INFO - tty.usbmodem0006822145041: {event: MeshMessageReceivedUnicast, data: {'src': 37, 'dst': 1, 'appkey_handle': 0, 'subnet_handle': 0, 'ttl': 127, 'adv_addr_type': 1, 'adv_addr': bytearray(b'\xc8c\x95\t\xc2\xc2'), 'rssi': -56, 'actual_length': 3, 'data': bytearray(b'\x82\x04\x01')}}
2019-07-24 20:03:58,793 - DEBUG - tty.usbmodem0006822145041.GenericOnOffClient: Sending opcode: 8202, data: 012e
2019-07-24 20:03:58,793 - DEBUG - tty.usbmodem0006822145041: Writing: 171 bytearray(b'\x00\x00\x01\x00\x16\x00\x08\x00\x00\x00\x82\x02\x01.')
2019-07-24 20:03:58,794 - DEBUG - tty.usbmodem0006822145041: TX: 0fab000001001600080000008202012e
2019-07-24 20:03:58,809 - DEBUG - tty.usbmodem0006822145041: RX: 0784ab000e000000
2019-07-24 20:03:58,809 - DEBUG - tty.usbmodem0006822145041: parsed_packet {event: CmdRsp, data: {'opcode': 171, 'status': 0, 'data': bytearray(b'\x0e\x00\x00\x00')}}
2019-07-24 20:03:58,814 - INFO - tty.usbmodem0006822145041: PacketSend: {'token': 14}
2019-07-24 20:03:58,816 - DEBUG - tty.usbmodem0006822145041: RX: 05d20e000000
2019-07-24 20:03:58,822 - DEBUG - tty.usbmodem0006822145041: parsed_packet {event: MeshTxComplete, data: {'token': 14}}
2019-07-24 20:03:58,822 - INFO - tty.usbmodem0006822145041: {event: MeshTxComplete, data: {'token': 14}}
2019-07-24 20:04:00,795 - INFO - tty.usbmodem0006822145041.GenericOnOffClient: Set ACK Failed
2019-07-24 20:04:05,785 - DEBUG - tty.usbmodem0006822145041.GenericOnOffClient: Sending opcode: 8202, data: 012f
2019-07-24 20:04:05,785 - DEBUG - tty.usbmodem0006822145041: Writing: 171 bytearray(b'\x00\x00\x01\x00\x16\x00\x08\x00\x00\x00\x82\x02\x01/')
2019-07-24 20:04:05,785 - DEBUG - tty.usbmodem0006822145041: TX: 0fab000001001600080000008202012f
2019-07-24 20:04:05,798 - DEBUG - tty.usbmodem0006822145041: RX: 0784ab000f000000
2019-07-24 20:04:05,798 - DEBUG - tty.usbmodem0006822145041: parsed_packet {event: CmdRsp, data: {'opcode': 171, 'status': 0, 'data': bytearray(b'\x0f\x00\x00\x00')}}
2019-07-24 20:04:05,800 - INFO - tty.usbmodem0006822145041: PacketSend: {'token': 15}
2019-07-24 20:04:05,810 - DEBUG - tty.usbmodem0006822145041: RX: 05d20f000000
2019-07-24 20:04:05,810 - DEBUG - tty.usbmodem0006822145041: parsed_packet {event: MeshTxComplete, data: {'token': 15}}
2019-07-24 20:04:05,811 - INFO - tty.usbmodem0006822145041: {event: MeshTxComplete, data: {'token': 15}}
2019-07-24 20:04:07,788 - INFO - tty.usbmodem0006822145041.GenericOnOffClient: Set ACK Failed
2019-07-24 20:04:42,449 - DEBUG - tty.usbmodem0006822145041.GenericOnOffClient: Sending opcode: 8202, data: 0130
2019-07-24 20:04:42,451 - DEBUG - tty.usbmodem0006822145041: Writing: 171 bytearray(b'\x00\x00\x01\x00\x16\x00\x08\x00\x00\x00\x82\x02\x010')
2019-07-24 20:04:42,451 - DEBUG - tty.usbmodem0006822145041: TX: 0fab0000010016000800000082020130
2019-07-24 20:04:42,459 - DEBUG - tty.usbmodem0006822145041: RX: 0784ab0010000000
2019-07-24 20:04:42,464 - DEBUG - tty.usbmodem0006822145041: parsed_packet {event: CmdRsp, data: {'opcode': 171, 'status': 0, 'data': bytearray(b'\x10\x00\x00\x00')}}
2019-07-24 20:04:42,464 - INFO - tty.usbmodem0006822145041: PacketSend: {'token': 16}
2019-07-24 20:04:42,465 - DEBUG - tty.usbmodem0006822145041: RX: 05d210000000
2019-07-24 20:04:42,467 - DEBUG - tty.usbmodem0006822145041: parsed_packet {event: MeshTxComplete, data: {'token': 16}}
2019-07-24 20:04:42,470 - INFO - tty.usbmodem0006822145041: {event: MeshTxComplete, data: {'token': 16}}
2019-07-24 20:04:42,479 - DEBUG - tty.usbmodem0006822145041: RX: 17d025000100000000007f01c8639509c2c2de0300820401
2019-07-24 20:04:42,480 - DEBUG - tty.usbmodem0006822145041: parsed_packet {event: MeshMessageReceivedUnicast, data: {'src': 37, 'dst': 1, 'appkey_handle': 0, 'subnet_handle': 0, 'ttl': 127, 'adv_addr_type': 1, 'adv_addr': bytearray(b'\xc8c\x95\t\xc2\xc2'), 'rssi': -34, 'actual_length': 3, 'data': bytearray(b'\x82\x04\x01')}}
2019-07-24 20:04:42,480 - INFO - tty.usbmodem0006822145041.GenericOnOffClient: Status Present OnOff: on
2019-07-24 20:04:42,480 - INFO - tty.usbmodem0006822145041: {event: MeshMessageReceivedUnicast, data: {'src': 37, 'dst': 1, 'appkey_handle': 0, 'subnet_handle': 0, 'ttl': 127, 'adv_addr_type': 1, 'adv_addr': bytearray(b'\xc8c\x95\t\xc2\xc2'), 'rssi': -34, 'actual_length': 3, 'data': bytearray(b'\x82\x04\x01')}}
2019-07-24 20:04:46,857 - DEBUG - tty.usbmodem0006822145041.GenericOnOffClient: Sending opcode: 8202, data: 0131
2019-07-24 20:04:46,858 - DEBUG - tty.usbmodem0006822145041: Writing: 171 bytearray(b'\x00\x00\x01\x00\x16\x00\x08\x00\x00\x00\x82\x02\x011')
2019-07-24 20:04:46,858 - DEBUG - tty.usbmodem0006822145041: TX: 0fab0000010016000800000082020131
2019-07-24 20:04:46,869 - DEBUG - tty.usbmodem0006822145041: RX: 0784ab0011000000
2019-07-24 20:04:46,872 - DEBUG - tty.usbmodem0006822145041: parsed_packet {event: CmdRsp, data: {'opcode': 171, 'status': 0, 'data': bytearray(b'\x11\x00\x00\x00')}}
2019-07-24 20:04:46,872 - INFO - tty.usbmodem0006822145041: PacketSend: {'token': 17}
2019-07-24 20:04:46,882 - DEBUG - tty.usbmodem0006822145041: RX: 05d211000000
2019-07-24 20:04:46,882 - DEBUG - tty.usbmodem0006822145041: parsed_packet {event: MeshTxComplete, data: {'token': 17}}
2019-07-24 20:04:46,882 - INFO - tty.usbmodem0006822145041: {event: MeshTxComplete, data: {'token': 17}}
2019-07-24 20:04:48,860 - INFO - tty.usbmodem0006822145041.GenericOnOffClient: Set ACK Failed
2019-07-24 20:07:45,475 - DEBUG - tty.usbmodem0006822145041: exited read event
