2019-07-05 12:41:51,034 - DEBUG - tty.usbmodem0006822145041: Writing: 105 bytearray(b'\xc4\xa2\xe7\xa96\xe1\xf9w\xb1\x83\xf3V\xcaG\x03\x9fdv\x7f\xfes\xc6T\xfdc\t\xad\xe3&\xa8\xa3\x0b>\xa0]\xf6\x1c\x90\\\x16\xcf\x9a\xbd\x8bV\xc8\xe8\xdbV\xd0\xc1\x04\xf4\xd2\xbc\xf7\xe8\x00\x01\xc2\xcaF\x00}!x\x9d\xfemw$k\xc4\xf0\xbdU\x062Z\x93@\xe2"I\xf0\xaf\xc3\x7f\xff\xebo\xf6T\xb02\xca')
2019-07-05 12:41:51,034 - DEBUG - tty.usbmodem0006822145041: TX: 6169c4a2e7a936e1f977b183f356ca47039f64767ffe73c654fd6309ade326a8a30b3ea05df61c905c16cf9abd8b56c8e8db56d0c104f4d2bcf7e80001c2ca46007d21789dfe6d77246bc4f0bd5506325a9340e22249f0afc37fffeb6ff654b032ca
2019-07-05 12:41:51,044 - DEBUG - tty.usbmodem0006822145041: RX: 03845384
2019-07-05 12:41:51,044 - DEBUG - tty.usbmodem0006822145041: parsed_packet {event: CmdRsp, data: {'opcode': 83, 'status': 132, 'data': bytearray(b'')}}
2019-07-05 12:41:51,045 - DEBUG - tty.usbmodem0006822145041: Writing: 159 bytearray(b'\x01\x00\x01\x00')
2019-07-05 12:41:51,045 - DEBUG - tty.usbmodem0006822145041: TX: 059f01000100
2019-07-05 12:41:51,045 - ERROR - tty.usbmodem0006822145041: None: ERROR_INVALID_LENGTH
2019-07-05 12:41:51,046 - DEBUG - tty.usbmodem0006822145041: RX: 03840084
2019-07-05 12:41:51,046 - DEBUG - tty.usbmodem0006822145041: parsed_packet {event: CmdRsp, data: {'opcode': 0, 'status': 132, 'data': bytearray(b'')}}
2019-07-05 12:41:51,046 - DEBUG - tty.usbmodem0006822145041: Writing: 146 bytearray(b'\x00\x00\x18\xee\xd9\xc2\xa5j\xdd\x85\x04\x9f\xfc<Y\xad\x0e\x12')
2019-07-05 12:41:51,046 - ERROR - tty.usbmodem0006822145041: None: ERROR_INVALID_LENGTH
2019-07-05 12:41:51,046 - DEBUG - tty.usbmodem0006822145041: TX: 1392000018eed9c2a56add85049ffc3c59ad0e12
2019-07-05 12:41:51,047 - DEBUG - tty.usbmodem0006822145041: RX: 03840084
2019-07-05 12:41:51,047 - DEBUG - tty.usbmodem0006822145041: parsed_packet {event: CmdRsp, data: {'opcode': 0, 'status': 132, 'data': bytearray(b'')}}
2019-07-05 12:41:51,047 - DEBUG - tty.usbmodem0006822145041: Writing: 151 bytearray(b'\x00\x00\x00\x00Oh\xad\x85\xd9\xf4\x8a\xc8X\x9d\xf6e\xb6\xb4\x9b\x8a')
2019-07-05 12:41:51,047 - ERROR - tty.usbmodem0006822145041: None: ERROR_INVALID_LENGTH
2019-07-05 12:41:51,047 - DEBUG - tty.usbmodem0006822145041: TX: 1597000000004f68ad85d9f48ac8589df665b6b49b8a
2019-07-05 12:41:51,048 - DEBUG - tty.usbmodem0006822145041: RX: 03840084
2019-07-05 12:41:51,048 - DEBUG - tty.usbmodem0006822145041: parsed_packet {event: CmdRsp, data: {'opcode': 0, 'status': 132, 'data': bytearray(b'')}}
2019-07-05 12:41:51,048 - DEBUG - tty.usbmodem0006822145041: Writing: 151 bytearray(b'\x01\x00\x00\x00*\xa2\xa6\xde\xd5\xa0y\x8c\xea\xb5x|\xa3\xae9\xfc')
2019-07-05 12:41:51,048 - ERROR - tty.usbmodem0006822145041: None: ERROR_INVALID_LENGTH
2019-07-05 12:41:51,048 - DEBUG - tty.usbmodem0006822145041: TX: 1597010000002aa2a6ded5a0798ceab5787ca3ae39fc
2019-07-05 12:41:51,049 - DEBUG - tty.usbmodem0006822145041: RX: 03840084
2019-07-05 12:41:51,049 - DEBUG - tty.usbmodem0006822145041: parsed_packet {event: CmdRsp, data: {'opcode': 0, 'status': 132, 'data': bytearray(b'')}}
2019-07-05 12:41:51,049 - ERROR - tty.usbmodem0006822145041: None: ERROR_INVALID_LENGTH
2019-07-05 12:41:51,050 - DEBUG - tty.usbmodem0006822145041: RX: 03840084
2019-07-05 12:41:51,050 - DEBUG - tty.usbmodem0006822145041: parsed_packet {event: CmdRsp, data: {'opcode': 0, 'status': 132, 'data': bytearray(b'')}}
2019-07-05 12:41:51,050 - ERROR - tty.usbmodem0006822145041: None: ERROR_INVALID_LENGTH
2019-07-05 12:41:51,050 - DEBUG - tty.usbmodem0006822145041: RX: 03840084
2019-07-05 12:41:51,050 - DEBUG - tty.usbmodem0006822145041: parsed_packet {event: CmdRsp, data: {'opcode': 0, 'status': 132, 'data': bytearray(b'')}}
2019-07-05 12:41:51,051 - ERROR - tty.usbmodem0006822145041: None: ERROR_INVALID_LENGTH
2019-07-05 12:41:51,051 - DEBUG - tty.usbmodem0006822145041: RX: 03840084
2019-07-05 12:41:51,051 - DEBUG - tty.usbmodem0006822145041: parsed_packet {event: CmdRsp, data: {'opcode': 0, 'status': 132, 'data': bytearray(b'')}}
2019-07-05 12:41:51,051 - ERROR - tty.usbmodem0006822145041: None: ERROR_INVALID_LENGTH
2019-07-05 12:41:51,051 - DEBUG - tty.usbmodem0006822145041: RX: 03840084
2019-07-05 12:41:51,051 - DEBUG - tty.usbmodem0006822145041: parsed_packet {event: CmdRsp, data: {'opcode': 0, 'status': 132, 'data': bytearray(b'')}}
2019-07-05 12:41:51,052 - ERROR - tty.usbmodem0006822145041: None: ERROR_INVALID_LENGTH
2019-07-05 12:41:51,053 - DEBUG - tty.usbmodem0006822145041: RX: 03840084
2019-07-05 12:41:51,053 - DEBUG - tty.usbmodem0006822145041: parsed_packet {event: CmdRsp, data: {'opcode': 0, 'status': 132, 'data': bytearray(b'')}}
2019-07-05 12:41:51,053 - ERROR - tty.usbmodem0006822145041: None: ERROR_INVALID_LENGTH
2019-07-05 12:41:51,053 - DEBUG - tty.usbmodem0006822145041: RX: 03840084
2019-07-05 12:41:51,053 - DEBUG - tty.usbmodem0006822145041: parsed_packet {event: CmdRsp, data: {'opcode': 0, 'status': 132, 'data': bytearray(b'')}}
2019-07-05 12:41:51,054 - ERROR - tty.usbmodem0006822145041: None: ERROR_INVALID_LENGTH
2019-07-05 12:41:51,055 - DEBUG - tty.usbmodem0006822145041: RX: 03840084
2019-07-05 12:41:51,055 - DEBUG - tty.usbmodem0006822145041: parsed_packet {event: CmdRsp, data: {'opcode': 0, 'status': 132, 'data': bytearray(b'')}}
2019-07-05 12:41:51,056 - ERROR - tty.usbmodem0006822145041: None: ERROR_INVALID_LENGTH
2019-07-05 12:41:51,056 - DEBUG - tty.usbmodem0006822145041: RX: 03840084
2019-07-05 12:41:51,056 - DEBUG - tty.usbmodem0006822145041: parsed_packet {event: CmdRsp, data: {'opcode': 0, 'status': 132, 'data': bytearray(b'')}}
2019-07-05 12:41:51,056 - ERROR - tty.usbmodem0006822145041: None: ERROR_INVALID_LENGTH
2019-07-05 12:41:51,056 - DEBUG - tty.usbmodem0006822145041: RX: 03849f00
2019-07-05 12:41:51,057 - DEBUG - tty.usbmodem0006822145041: parsed_packet {event: CmdRsp, data: {'opcode': 159, 'status': 0, 'data': bytearray(b'')}}
2019-07-05 12:41:51,057 - INFO - tty.usbmodem0006822145041: Success
2019-07-05 12:41:51,057 - DEBUG - tty.usbmodem0006822145041: RX: 058492000000
2019-07-05 12:41:51,057 - DEBUG - tty.usbmodem0006822145041: parsed_packet {event: CmdRsp, data: {'opcode': 146, 'status': 0, 'data': bytearray(b'\x00\x00')}}
2019-07-05 12:41:51,057 - INFO - tty.usbmodem0006822145041: SubnetAdd: {'subnet_handle': 0}
2019-07-05 12:41:51,057 - DEBUG - tty.usbmodem0006822145041: RX: 058497000000
2019-07-05 12:41:51,058 - DEBUG - tty.usbmodem0006822145041: parsed_packet {event: CmdRsp, data: {'opcode': 151, 'status': 0, 'data': bytearray(b'\x00\x00')}}
2019-07-05 12:41:51,058 - INFO - tty.usbmodem0006822145041: AppkeyAdd: {'appkey_handle': 0}
2019-07-05 12:41:51,059 - DEBUG - tty.usbmodem0006822145041: RX: 058497000100
2019-07-05 12:41:51,060 - DEBUG - tty.usbmodem0006822145041: parsed_packet {event: CmdRsp, data: {'opcode': 151, 'status': 0, 'data': bytearray(b'\x01\x00')}}
2019-07-05 12:41:51,060 - INFO - tty.usbmodem0006822145041: AppkeyAdd: {'appkey_handle': 1}
2019-07-05 12:41:58,609 - DEBUG - tty.usbmodem0006822145041: Writing: 97 bytearray(b'')
2019-07-05 12:41:58,609 - DEBUG - tty.usbmodem0006822145041: TX: 0161
2019-07-05 12:41:58,610 - DEBUG - tty.usbmodem0006822145041: RX: 03846100
2019-07-05 12:41:58,611 - DEBUG - tty.usbmodem0006822145041: parsed_packet {event: CmdRsp, data: {'opcode': 97, 'status': 0, 'data': bytearray(b'')}}
2019-07-05 12:41:58,611 - INFO - tty.usbmodem0006822145041: Success
2019-07-05 12:42:00,580 - DEBUG - tty.usbmodem0006822145041: RX: 1ac09db77a0526b8734988639509c242d107c70001c8639509c2c2
2019-07-05 12:42:00,581 - DEBUG - tty.usbmodem0006822145041: parsed_packet {event: ProvUnprovisionedReceived, data: {'uuid': bytearray(b'\x9d\xb7z\x05&\xb8sI\x88c\x95\t\xc2B\xd1\x07'), 'rssi': -57, 'gatt_supported': 0, 'adv_addr_type': 1, 'adv_addr': bytearray(b'\xc8c\x95\t\xc2\xc2')}}
2019-07-05 12:42:00,581 - INFO - tty.usbmodem0006822145041: {event: ProvUnprovisionedReceived, data: {'uuid': bytearray(b'\x9d\xb7z\x05&\xb8sI\x88c\x95\t\xc2B\xd1\x07'), 'rssi': -57, 'gatt_supported': 0, 'adv_addr_type': 1, 'adv_addr': bytearray(b'\xc8c\x95\t\xc2\xc2')}}
2019-07-05 12:42:00,581 - INFO - tty.usbmodem0006822145041: Received UUID 9db77a0526b8734988639509c242d107 with RSSI: -57 dB
2019-07-05 12:42:00,582 - DEBUG - tty.usbmodem0006822145041: Writing: 98 bytearray(b'')
2019-07-05 12:42:00,583 - DEBUG - tty.usbmodem0006822145041: TX: 0162
2019-07-05 12:42:00,583 - DEBUG - tty.usbmodem0006822145041: Writing: 99 bytearray(b'\x00\x9d\xb7z\x05&\xb8sI\x88c\x95\t\xc2B\xd1\x07\x18\xee\xd9\xc2\xa5j\xdd\x85\x04\x9f\xfc<Y\xad\x0e\x12\x00\x00\x00\x00\x00\x00\x10\x00\x00\x00\x00')
2019-07-05 12:42:00,583 - DEBUG - tty.usbmodem0006822145041: TX: 2d63009db77a0526b8734988639509c242d10718eed9c2a56add85049ffc3c59ad0e120000000000001000000000
2019-07-05 12:42:00,584 - DEBUG - tty.usbmodem0006822145041: RX: 03846200
2019-07-05 12:42:00,585 - DEBUG - tty.usbmodem0006822145041: parsed_packet {event: CmdRsp, data: {'opcode': 98, 'status': 0, 'data': bytearray(b'')}}
2019-07-05 12:42:00,585 - INFO - tty.usbmodem0006822145041: Success
2019-07-05 12:42:00,588 - DEBUG - tty.usbmodem0006822145041: RX: 0484630000
2019-07-05 12:42:00,589 - DEBUG - tty.usbmodem0006822145041: parsed_packet {event: CmdRsp, data: {'opcode': 99, 'status': 0, 'data': bytearray(b'\x00')}}
2019-07-05 12:42:00,589 - INFO - tty.usbmodem0006822145041: Provision: {'context': 0}
2019-07-05 12:42:00,640 - DEBUG - tty.usbmodem0006822145041: RX: 02c100
2019-07-05 12:42:00,640 - DEBUG - tty.usbmodem0006822145041: parsed_packet {event: ProvLinkEstablished, data: {'context_id': 0}}
2019-07-05 12:42:00,640 - INFO - tty.usbmodem0006822145041: {event: ProvLinkEstablished, data: {'context_id': 0}}
2019-07-05 12:42:00,640 - INFO - tty.usbmodem0006822145041: Link established
2019-07-05 12:42:00,698 - DEBUG - tty.usbmodem0006822145041: RX: 0bc3000e0001000000000000
2019-07-05 12:42:00,698 - DEBUG - tty.usbmodem0006822145041: parsed_packet {event: ProvCapsReceived, data: {'context_id': 0, 'num_elements': 14, 'public_key_type': 0, 'static_oob_types': 1, 'output_oob_size': 0, 'output_oob_actions': 0, 'input_oob_size': 0, 'input_oob_actions': 0}}
2019-07-05 12:42:00,698 - INFO - tty.usbmodem0006822145041: {event: ProvCapsReceived, data: {'context_id': 0, 'num_elements': 14, 'public_key_type': 0, 'static_oob_types': 1, 'output_oob_size': 0, 'output_oob_actions': 0, 'input_oob_size': 0, 'input_oob_actions': 0}}
2019-07-05 12:42:00,698 - INFO - tty.usbmodem0006822145041: Received capabilities
2019-07-05 12:42:00,698 - INFO - tty.usbmodem0006822145041: Number of elements: 14
2019-07-05 12:42:00,698 - DEBUG - tty.usbmodem0006822145041: Writing: 102 bytearray(b'\x00\x00\x00\x00')
2019-07-05 12:42:00,699 - DEBUG - tty.usbmodem0006822145041: TX: 056600000000
2019-07-05 12:42:00,700 - DEBUG - tty.usbmodem0006822145041: RX: 0484660000
2019-07-05 12:42:00,701 - DEBUG - tty.usbmodem0006822145041: parsed_packet {event: CmdRsp, data: {'opcode': 102, 'status': 0, 'data': bytearray(b'\x00')}}
2019-07-05 12:42:00,701 - INFO - tty.usbmodem0006822145041: OobUse: {'context': 0}
2019-07-05 12:42:00,908 - DEBUG - tty.usbmodem0006822145041: RX: 62c70054f1a16d907e706d0ba30f2a29554c1d893e688a6388503601c3aaf95c90f9a9c63b2c3866bac28d8ea7a93cc3c077e9ff134ebae403c20fc4d289188ca67b8aded3749fb1f154f03f3ed15d30caafe45b8fee2cea01b9f65780cb75ab3b1e5f
2019-07-05 12:42:00,909 - DEBUG - tty.usbmodem0006822145041: parsed_packet {event: ProvEcdhRequest, data: {'context_id': 0, 'peer_public': bytearray(b'T\xf1\xa1m\x90~pm\x0b\xa3\x0f*)UL\x1d\x89>h\x8ac\x88P6\x01\xc3\xaa\xf9\\\x90\xf9\xa9\xc6;,8f\xba\xc2\x8d\x8e\xa7\xa9<\xc3\xc0w\xe9\xff\x13N\xba\xe4\x03\xc2\x0f\xc4\xd2\x89\x18\x8c\xa6{\x8a'), 'node_private': bytearray(b'\xde\xd3t\x9f\xb1\xf1T\xf0?>\xd1]0\xca\xaf\xe4[\x8f\xee,\xea\x01\xb9\xf6W\x80\xcbu\xab;\x1e_')}}
2019-07-05 12:42:00,909 - INFO - tty.usbmodem0006822145041: {event: ProvEcdhRequest, data: {'context_id': 0, 'peer_public': bytearray(b'T\xf1\xa1m\x90~pm\x0b\xa3\x0f*)UL\x1d\x89>h\x8ac\x88P6\x01\xc3\xaa\xf9\\\x90\xf9\xa9\xc6;,8f\xba\xc2\x8d\x8e\xa7\xa9<\xc3\xc0w\xe9\xff\x13N\xba\xe4\x03\xc2\x0f\xc4\xd2\x89\x18\x8c\xa6{\x8a'), 'node_private': bytearray(b'\xde\xd3t\x9f\xb1\xf1T\xf0?>\xd1]0\xca\xaf\xe4[\x8f\xee,\xea\x01\xb9\xf6W\x80\xcbu\xab;\x1e_')}}
2019-07-05 12:42:00,909 - INFO - tty.usbmodem0006822145041: ECDH request received
2019-07-05 12:42:00,912 - DEBUG - tty.usbmodem0006822145041: Writing: 104 bytearray(b'\x00Q\xf9\x8c-L!P\xd20/!\xfc\xe4\xa0\xb7\xd2@I\xc9\xad&B\xeb\xcd,\x1b\r,\xddJsS')
2019-07-05 12:42:00,912 - DEBUG - tty.usbmodem0006822145041: TX: 22680051f98c2d4c2150d2302f21fce4a0b7d24049c9ad2642ebcd2c1b0d2cdd4a7353
2019-07-05 12:42:00,917 - DEBUG - tty.usbmodem0006822145041: RX: 0484680000
2019-07-05 12:42:00,918 - DEBUG - tty.usbmodem0006822145041: parsed_packet {event: CmdRsp, data: {'opcode': 104, 'status': 0, 'data': bytearray(b'\x00')}}
2019-07-05 12:42:00,918 - INFO - tty.usbmodem0006822145041: EcdhSecret: {'context': 0}
2019-07-05 12:42:01,249 - DEBUG - tty.usbmodem0006822145041: RX: 2cc50000000000000010000000e13501ab80da47b387ac2f846263c4b418eed9c2a56add85049ffc3c59ad0e12
2019-07-05 12:42:01,249 - DEBUG - tty.usbmodem0006822145041: parsed_packet {event: ProvComplete, data: {'context_id': 0, 'iv_index': 0, 'net_key_index': 0, 'address': 16, 'iv_update_flag': 0, 'key_refresh_flag': 0, 'device_key': bytearray(b'\xe15\x01\xab\x80\xdaG\xb3\x87\xac/\x84bc\xc4\xb4'), 'net_key': bytearray(b'\x18\xee\xd9\xc2\xa5j\xdd\x85\x04\x9f\xfc<Y\xad\x0e\x12')}}
2019-07-05 12:42:01,249 - INFO - tty.usbmodem0006822145041: {event: ProvComplete, data: {'context_id': 0, 'iv_index': 0, 'net_key_index': 0, 'address': 16, 'iv_update_flag': 0, 'key_refresh_flag': 0, 'device_key': bytearray(b'\xe15\x01\xab\x80\xdaG\xb3\x87\xac/\x84bc\xc4\xb4'), 'net_key': bytearray(b'\x18\xee\xd9\xc2\xa5j\xdd\x85\x04\x9f\xfc<Y\xad\x0e\x12')}}
2019-07-05 12:42:07,253 - INFO - tty.usbmodem0006822145041: Provisioning complete
2019-07-05 12:42:07,253 - INFO - tty.usbmodem0006822145041: 	Address(es): 0x10-0x1d
2019-07-05 12:42:07,253 - INFO - tty.usbmodem0006822145041: 	Device key: e13501ab80da47b387ac2f846263c4b4
2019-07-05 12:42:07,254 - INFO - tty.usbmodem0006822145041: 	Network key: 18eed9c2a56add85049ffc3c59ad0e12
2019-07-05 12:42:07,254 - INFO - tty.usbmodem0006822145041: Adding device key to subnet 0
2019-07-05 12:42:07,254 - DEBUG - tty.usbmodem0006822145041.ConfigurationClient: Sending opcode: 8008, data: 00
2019-07-05 12:42:07,255 - DEBUG - tty.usbmodem0006822145041: Writing: 156 bytearray(b'\x10\x00\x00\x00\xe15\x01\xab\x80\xdaG\xb3\x87\xac/\x84bc\xc4\xb4')
2019-07-05 12:42:07,254 - INFO - tty.usbmodem0006822145041: Adding publication address of root element
2019-07-05 12:42:07,255 - DEBUG - tty.usbmodem0006822145041.ConfigurationClient: Sending opcode: 00, data: 0000004f68ad85d9f48ac8589df665b6b49b8a
2019-07-05 12:42:07,255 - DEBUG - tty.usbmodem0006822145041: TX: 159c10000000e13501ab80da47b387ac2f846263c4b4
2019-07-05 12:42:07,256 - INFO - tty.usbmodem0006822145041: Adding address c001
2019-07-05 12:42:07,258 - DEBUG - tty.usbmodem0006822145041: Writing: 171 bytearray(b'\x08\x00\x01\x00\x00\x00\x08\x00\x00\x00\x80\x08\x00')
2019-07-05 12:42:07,258 - DEBUG - tty.usbmodem0006822145041: TX: 0eab08000100000008000000800800
2019-07-05 12:42:07,259 - DEBUG - tty.usbmodem0006822145041: RX: 03c20000
2019-07-05 12:42:07,259 - DEBUG - tty.usbmodem0006822145041: parsed_packet {event: ProvLinkClosed, data: {'context_id': 0, 'close_reason': 0}}
2019-07-05 12:42:07,259 - DEBUG - tty.usbmodem0006822145041: Writing: 164 bytearray(b'\x10\x00')
2019-07-05 12:42:07,260 - DEBUG - tty.usbmodem0006822145041: TX: 03a41000
2019-07-05 12:42:07,259 - INFO - tty.usbmodem0006822145041: {event: ProvLinkClosed, data: {'context_id': 0, 'close_reason': 0}}
2019-07-05 12:42:07,260 - INFO - tty.usbmodem0006822145041: Provisioning link closed
2019-07-05 12:42:07,262 - DEBUG - tty.usbmodem0006822145041: RX: 05849c000800
2019-07-05 12:42:07,262 - DEBUG - tty.usbmodem0006822145041: parsed_packet {event: CmdRsp, data: {'opcode': 156, 'status': 0, 'data': bytearray(b'\x08\x00')}}
2019-07-05 12:42:07,262 - DEBUG - tty.usbmodem0006822145041: Writing: 171 bytearray(b'\x08\x00\x01\x00\x00\x00\x08\x00\x00\x00\x00\x00\x00\x00Oh\xad\x85\xd9\xf4\x8a\xc8X\x9d\xf6e\xb6\xb4\x9b\x8a')
2019-07-05 12:42:07,262 - INFO - tty.usbmodem0006822145041: DevkeyAdd: {'devkey_handle': 8}
2019-07-05 12:42:07,263 - DEBUG - tty.usbmodem0006822145041: TX: 1fab08000100000008000000000000004f68ad85d9f48ac8589df665b6b49b8a
2019-07-05 12:42:07,264 - DEBUG - tty.usbmodem0006822145041: RX: 0384ab8e
2019-07-05 12:42:07,264 - DEBUG - tty.usbmodem0006822145041: parsed_packet {event: CmdRsp, data: {'opcode': 171, 'status': 142, 'data': bytearray(b'')}}
2019-07-05 12:42:07,264 - DEBUG - tty.usbmodem0006822145041: Writing: 161 bytearray(b'\x01\xc0')
2019-07-05 12:42:07,264 - DEBUG - tty.usbmodem0006822145041: TX: 03a101c0
2019-07-05 12:42:07,264 - ERROR - tty.usbmodem0006822145041: PacketSend: ERROR_REJECTED
2019-07-05 12:42:07,265 - DEBUG - tty.usbmodem0006822145041: RX: 0584a4000000
2019-07-05 12:42:07,265 - DEBUG - tty.usbmodem0006822145041: parsed_packet {event: CmdRsp, data: {'opcode': 164, 'status': 0, 'data': bytearray(b'\x00\x00')}}
2019-07-05 12:42:07,265 - INFO - tty.usbmodem0006822145041: AddrPublicationAdd: {'address_handle': 0}
2019-07-05 12:42:07,265 - INFO - tty.usbmodem0006822145041: Address handles: {c001: 0}
2019-07-05 12:42:07,269 - DEBUG - tty.usbmodem0006822145041: RX: 0784ab0002000000
2019-07-05 12:42:07,269 - DEBUG - tty.usbmodem0006822145041: parsed_packet {event: CmdRsp, data: {'opcode': 171, 'status': 0, 'data': bytearray(b'\x02\x00\x00\x00')}}
2019-07-05 12:42:07,269 - INFO - tty.usbmodem0006822145041: PacketSend: {'token': 2}
2019-07-05 12:42:07,270 - DEBUG - tty.usbmodem0006822145041: RX: 0584a1000100
2019-07-05 12:42:07,270 - DEBUG - tty.usbmodem0006822145041: parsed_packet {event: CmdRsp, data: {'opcode': 161, 'status': 0, 'data': bytearray(b'\x01\x00')}}
2019-07-05 12:42:07,270 - INFO - tty.usbmodem0006822145041: AddrSubscriptionAdd: {'address_handle': 1}
2019-07-05 12:42:07,270 - ERROR - tty.usbmodem0006822145041: Error storing address handle: pop from empty list
2019-07-05 12:42:10,797 - DEBUG - tty.usbmodem0006822145041: RX: 05d202000000
2019-07-05 12:42:10,797 - DEBUG - tty.usbmodem0006822145041: parsed_packet {event: MeshTxComplete, data: {'token': 2}}
2019-07-05 12:42:10,797 - INFO - tty.usbmodem0006822145041: {event: MeshTxComplete, data: {'token': 2}}
2019-07-05 12:42:10,802 - DEBUG - tty.usbmodem0006822145041: RX: 1ad010000100080000007f01c8639509c2c2d50600800300000000
2019-07-05 12:42:10,802 - DEBUG - tty.usbmodem0006822145041: parsed_packet {event: MeshMessageReceivedUnicast, data: {'src': 16, 'dst': 1, 'appkey_handle': 8, 'subnet_handle': 0, 'ttl': 127, 'adv_addr_type': 1, 'adv_addr': bytearray(b'\xc8c\x95\t\xc2\xc2'), 'rssi': -43, 'actual_length': 6, 'data': bytearray(b'\x80\x03\x00\x00\x00\x00')}}
2019-07-05 12:42:10,802 - INFO - tty.usbmodem0006822145041.ConfigurationClient: Appkey status: AccessStatus.SUCCESS
2019-07-05 12:42:10,808 - INFO - tty.usbmodem0006822145041.ConfigurationClient: Appkey add 0 succeded for subnet 0 at node 0010
2019-07-05 12:42:10,809 - DEBUG - tty.usbmodem0006822145041: Message Opcode bytearray(b'\x80\x03'), Data bytearray(b'\x00\x00\x00\x00') unknown for model <mesh.access.Access object at 0x109991ef0>.
2019-07-05 12:42:10,809 - DEBUG - tty.usbmodem0006822145041: Message Opcode bytearray(b'\x80\x03'), Data bytearray(b'\x00\x00\x00\x00') unknown for model <mesh.access.Access object at 0x109991ef0>.
2019-07-05 12:42:10,809 - DEBUG - tty.usbmodem0006822145041: Message Opcode bytearray(b'\x80\x03'), Data bytearray(b'\x00\x00\x00\x00') unknown for model <mesh.access.Access object at 0x109991ef0>.
2019-07-05 12:42:10,809 - INFO - tty.usbmodem0006822145041: {event: MeshMessageReceivedUnicast, data: {'src': 16, 'dst': 1, 'appkey_handle': 8, 'subnet_handle': 0, 'ttl': 127, 'adv_addr_type': 1, 'adv_addr': bytearray(b'\xc8c\x95\t\xc2\xc2'), 'rssi': -43, 'actual_length': 6, 'data': bytearray(b'\x80\x03\x00\x00\x00\x00')}}
