2019-08-27 19:41:49,935 - DEBUG: Writing: 105 bytearray(b'{F\xe0\xcc\x1b}\xf0E\xbc\xf8h\xa7fM^W\xdc\xafNI\x1d+v}\x9eB\xb0\x18\x9b\xf1\xe6\xd4cI\xc7@n?a\x82\xfe>\xc0\x1c\x89\x8b\xfa\x08\x9f7\xba\xa1\xb4\xca\x1e\xd8\xe4\xfc\x13dJ\x82\xd1\xfcx\xd5}^\xfc\xa2\x17@\\F\xc8\x151~6j=E\x18\xbb\xa5\xcd\xd1_l\xc9\x04Tc\x9a\xb4#')
2019-08-27 19:41:49,936 - DEBUG: TX: 61697b46e0cc1b7df045bcf868a7664d5e57dcaf4e491d2b767d9e42b0189bf1e6d46349c7406e3f6182fe3ec01c898bfa089f37baa1b4ca1ed8e4fc13644a82d1fc78d57d5efca217405c46c815317e366a3d4518bba5cdd15f6cc90454639ab423
2019-08-27 19:41:49,945 - DEBUG: RX: 03845384
2019-08-27 19:41:49,945 - DEBUG: parsed_packet {event: CmdRsp, data: {'opcode': 83, 'status': 132, 'data': bytearray(b'')}}
2019-08-27 19:41:49,945 - ERROR: None: ERROR_INVALID_LENGTH
2019-08-27 19:41:49,946 - DEBUG: RX: 03840084
2019-08-27 19:41:49,946 - DEBUG: parsed_packet {event: CmdRsp, data: {'opcode': 0, 'status': 132, 'data': bytearray(b'')}}
2019-08-27 19:41:49,946 - ERROR: None: ERROR_INVALID_LENGTH
2019-08-27 19:41:49,946 - DEBUG: RX: 03840084
2019-08-27 19:41:49,946 - DEBUG: parsed_packet {event: CmdRsp, data: {'opcode': 0, 'status': 132, 'data': bytearray(b'')}}
2019-08-27 19:41:49,946 - ERROR: None: ERROR_INVALID_LENGTH
2019-08-27 19:41:49,947 - DEBUG: RX: 03840084
2019-08-27 19:41:49,947 - DEBUG: parsed_packet {event: CmdRsp, data: {'opcode': 0, 'status': 132, 'data': bytearray(b'')}}
2019-08-27 19:41:49,947 - ERROR: None: ERROR_INVALID_LENGTH
2019-08-27 19:41:49,947 - DEBUG: RX: 03840084
2019-08-27 19:41:49,947 - DEBUG: parsed_packet {event: CmdRsp, data: {'opcode': 0, 'status': 132, 'data': bytearray(b'')}}
2019-08-27 19:41:49,947 - ERROR: None: ERROR_INVALID_LENGTH
2019-08-27 19:41:49,947 - DEBUG: RX: 03840084
2019-08-27 19:41:49,948 - DEBUG: parsed_packet {event: CmdRsp, data: {'opcode': 0, 'status': 132, 'data': bytearray(b'')}}
2019-08-27 19:41:49,948 - ERROR: None: ERROR_INVALID_LENGTH
2019-08-27 19:41:49,948 - DEBUG: RX: 03840084
2019-08-27 19:41:49,948 - DEBUG: parsed_packet {event: CmdRsp, data: {'opcode': 0, 'status': 132, 'data': bytearray(b'')}}
2019-08-27 19:41:49,948 - ERROR: None: ERROR_INVALID_LENGTH
2019-08-27 19:41:49,948 - DEBUG: RX: 03840084
2019-08-27 19:41:49,948 - DEBUG: parsed_packet {event: CmdRsp, data: {'opcode': 0, 'status': 132, 'data': bytearray(b'')}}
2019-08-27 19:41:49,948 - ERROR: None: ERROR_INVALID_LENGTH
2019-08-27 19:41:49,948 - DEBUG: RX: 03840084
2019-08-27 19:41:49,948 - DEBUG: parsed_packet {event: CmdRsp, data: {'opcode': 0, 'status': 132, 'data': bytearray(b'')}}
2019-08-27 19:41:49,949 - ERROR: None: ERROR_INVALID_LENGTH
2019-08-27 19:41:49,949 - DEBUG: RX: 03840084
2019-08-27 19:41:49,949 - DEBUG: parsed_packet {event: CmdRsp, data: {'opcode': 0, 'status': 132, 'data': bytearray(b'')}}
2019-08-27 19:41:49,949 - ERROR: None: ERROR_INVALID_LENGTH
2019-08-27 19:41:49,949 - DEBUG: RX: 03840084
2019-08-27 19:41:49,949 - DEBUG: parsed_packet {event: CmdRsp, data: {'opcode': 0, 'status': 132, 'data': bytearray(b'')}}
2019-08-27 19:41:49,949 - ERROR: None: ERROR_INVALID_LENGTH
2019-08-27 19:41:49,950 - DEBUG: RX: 03840084
2019-08-27 19:41:49,950 - DEBUG: parsed_packet {event: CmdRsp, data: {'opcode': 0, 'status': 132, 'data': bytearray(b'')}}
2019-08-27 19:41:49,950 - ERROR: None: ERROR_INVALID_LENGTH
2019-08-27 19:41:49,950 - DEBUG: RX: 03840084
2019-08-27 19:41:49,950 - DEBUG: parsed_packet {event: CmdRsp, data: {'opcode': 0, 'status': 132, 'data': bytearray(b'')}}
2019-08-27 19:41:49,950 - ERROR: None: ERROR_INVALID_LENGTH
2019-08-27 19:41:49,971 - DEBUG: Writing: 159 bytearray(b'\x01\x00\x01\x00')
2019-08-27 19:41:49,971 - DEBUG: TX: 059f01000100
2019-08-27 19:41:49,974 - DEBUG: RX: 03849f00
2019-08-27 19:41:49,974 - DEBUG: parsed_packet {event: CmdRsp, data: {'opcode': 159, 'status': 0, 'data': bytearray(b'')}}
2019-08-27 19:41:49,975 - INFO: Success
2019-08-27 19:41:49,994 - DEBUG: Writing: 146 bytearray(b'\x00\x00\x18\xee\xd9\xc2\xa5j\xdd\x85\x04\x9f\xfc<Y\xad\x0e\x12')
2019-08-27 19:41:49,995 - DEBUG: TX: 1392000018eed9c2a56add85049ffc3c59ad0e12
2019-08-27 19:41:49,999 - DEBUG: RX: 058492000000
2019-08-27 19:41:49,999 - DEBUG: parsed_packet {event: CmdRsp, data: {'opcode': 146, 'status': 0, 'data': bytearray(b'\x00\x00')}}
2019-08-27 19:41:49,999 - INFO: SubnetAdd: {'subnet_handle': 0}
2019-08-27 19:41:50,019 - DEBUG: Writing: 151 bytearray(b'\x00\x00\x00\x00Oh\xad\x85\xd9\xf4\x8a\xc8X\x9d\xf6e\xb6\xb4\x9b\x8a')
2019-08-27 19:41:50,019 - DEBUG: TX: 1597000000004f68ad85d9f48ac8589df665b6b49b8a
2019-08-27 19:41:50,023 - DEBUG: RX: 058497000000
2019-08-27 19:41:50,023 - DEBUG: parsed_packet {event: CmdRsp, data: {'opcode': 151, 'status': 0, 'data': bytearray(b'\x00\x00')}}
2019-08-27 19:41:50,023 - INFO: AppkeyAdd: {'appkey_handle': 0}
2019-08-27 19:41:50,039 - DEBUG: Writing: 151 bytearray(b'\x01\x00\x00\x00*\xa2\xa6\xde\xd5\xa0y\x8c\xea\xb5x|\xa3\xae9\xfc')
2019-08-27 19:41:50,040 - DEBUG: TX: 1597010000002aa2a6ded5a0798ceab5787ca3ae39fc
2019-08-27 19:41:50,044 - DEBUG: RX: 058497000100
2019-08-27 19:41:50,044 - DEBUG: parsed_packet {event: CmdRsp, data: {'opcode': 151, 'status': 0, 'data': bytearray(b'\x01\x00')}}
2019-08-27 19:41:50,044 - INFO: AppkeyAdd: {'appkey_handle': 1}
2019-08-27 19:41:50,064 - DEBUG: Writing: 14 bytearray(b'')
2019-08-27 19:41:50,065 - DEBUG: TX: 010e
2019-08-27 19:41:50,373 - DEBUG: Writing: 97 bytearray(b'')
2019-08-27 19:41:50,373 - DEBUG: TX: 0161
2019-08-27 19:41:50,484 - DEBUG: RX: 04810200fe
2019-08-27 19:41:50,484 - DEBUG: parsed_packet {event: DeviceStarted, data: {'operating_mode': 2, 'hw_error': 0, 'data_credit_available': 254}}
2019-08-27 19:41:50,484 - INFO: Device rebooted.
2019-08-27 19:41:50,484 - INFO: 

2019-08-27 19:41:50,485 - INFO: Sending next message
2019-08-27 19:41:50,510 - DEBUG: Writing: 159 bytearray(b'\x01\x00\x01\x00')
2019-08-27 19:41:50,510 - DEBUG: TX: 059f01000100
2019-08-27 19:41:50,512 - DEBUG: RX: 03849f00
2019-08-27 19:41:50,512 - DEBUG: parsed_packet {event: CmdRsp, data: {'opcode': 159, 'status': 0, 'data': bytearray(b'')}}
2019-08-27 19:41:50,512 - INFO: Success
2019-08-27 19:41:50,537 - DEBUG: Writing: 146 bytearray(b'\x00\x00\x18\xee\xd9\xc2\xa5j\xdd\x85\x04\x9f\xfc<Y\xad\x0e\x12')
2019-08-27 19:41:50,537 - DEBUG: TX: 1392000018eed9c2a56add85049ffc3c59ad0e12
2019-08-27 19:41:50,542 - DEBUG: RX: 058492000000
2019-08-27 19:41:50,542 - DEBUG: parsed_packet {event: CmdRsp, data: {'opcode': 146, 'status': 0, 'data': bytearray(b'\x00\x00')}}
2019-08-27 19:41:50,542 - INFO: SubnetAdd: {'subnet_handle': 0}
2019-08-27 19:41:50,564 - DEBUG: Writing: 151 bytearray(b'\x00\x00\x00\x00Oh\xad\x85\xd9\xf4\x8a\xc8X\x9d\xf6e\xb6\xb4\x9b\x8a')
2019-08-27 19:41:50,564 - DEBUG: TX: 1597000000004f68ad85d9f48ac8589df665b6b49b8a
2019-08-27 19:41:50,568 - DEBUG: RX: 058497000000
2019-08-27 19:41:50,568 - DEBUG: parsed_packet {event: CmdRsp, data: {'opcode': 151, 'status': 0, 'data': bytearray(b'\x00\x00')}}
2019-08-27 19:41:50,568 - INFO: AppkeyAdd: {'appkey_handle': 0}
2019-08-27 19:41:50,589 - DEBUG: Writing: 151 bytearray(b'\x01\x00\x00\x00*\xa2\xa6\xde\xd5\xa0y\x8c\xea\xb5x|\xa3\xae9\xfc')
2019-08-27 19:41:50,589 - DEBUG: TX: 1597010000002aa2a6ded5a0798ceab5787ca3ae39fc
2019-08-27 19:41:50,593 - DEBUG: RX: 058497000100
2019-08-27 19:41:50,593 - DEBUG: parsed_packet {event: CmdRsp, data: {'opcode': 151, 'status': 0, 'data': bytearray(b'\x01\x00')}}
2019-08-27 19:41:50,593 - INFO: AppkeyAdd: {'appkey_handle': 1}
2019-08-27 19:41:50,619 - DEBUG: Writing: 161 bytearray(b'\x01\xc0')
2019-08-27 19:41:50,619 - DEBUG: TX: 03a101c0
2019-08-27 19:41:50,621 - DEBUG: RX: 0584a1000000
2019-08-27 19:41:50,621 - DEBUG: parsed_packet {event: CmdRsp, data: {'opcode': 161, 'status': 0, 'data': bytearray(b'\x00\x00')}}
2019-08-27 19:41:50,621 - INFO: AddrSubscriptionAdd: {'address_handle': 0}
2019-08-27 19:41:50,622 - INFO: 

2019-08-27 19:41:50,622 - INFO: Sending next message
2019-08-27 19:41:50,643 - DEBUG: Writing: 164 bytearray(b'\x10\x00')
2019-08-27 19:41:50,643 - DEBUG: TX: 03a41000
2019-08-27 19:41:50,645 - DEBUG: RX: 0584a4000100
2019-08-27 19:41:50,645 - DEBUG: parsed_packet {event: CmdRsp, data: {'opcode': 164, 'status': 0, 'data': bytearray(b'\x01\x00')}}
2019-08-27 19:41:50,645 - INFO: AddrPublicationAdd: {'address_handle': 1}
2019-08-27 19:41:50,645 - INFO: 

2019-08-27 19:41:50,646 - INFO: Sending next message
2019-08-27 19:41:50,666 - DEBUG: Writing: 164 bytearray(b'\x11\x00')
2019-08-27 19:41:50,666 - DEBUG: TX: 03a41100
2019-08-27 19:41:50,669 - DEBUG: RX: 0584a4000200
2019-08-27 19:41:50,669 - DEBUG: parsed_packet {event: CmdRsp, data: {'opcode': 164, 'status': 0, 'data': bytearray(b'\x02\x00')}}
2019-08-27 19:41:50,669 - INFO: AddrPublicationAdd: {'address_handle': 2}
2019-08-27 19:41:50,669 - INFO: 

2019-08-27 19:41:50,669 - INFO: Sending next message
2019-08-27 19:41:50,692 - DEBUG: Writing: 164 bytearray(b'\x12\x00')
2019-08-27 19:41:50,692 - DEBUG: TX: 03a41200
2019-08-27 19:41:50,695 - DEBUG: RX: 0584a4000300
2019-08-27 19:41:50,695 - DEBUG: parsed_packet {event: CmdRsp, data: {'opcode': 164, 'status': 0, 'data': bytearray(b'\x03\x00')}}
2019-08-27 19:41:50,695 - INFO: AddrPublicationAdd: {'address_handle': 3}
2019-08-27 19:41:50,695 - INFO: 

2019-08-27 19:41:50,696 - INFO: Sending next message
2019-08-27 19:41:50,718 - DEBUG: Writing: 164 bytearray(b'\x13\x00')
2019-08-27 19:41:50,718 - DEBUG: TX: 03a41300
2019-08-27 19:41:50,720 - DEBUG: RX: 0584a4000400
2019-08-27 19:41:50,720 - DEBUG: parsed_packet {event: CmdRsp, data: {'opcode': 164, 'status': 0, 'data': bytearray(b'\x04\x00')}}
2019-08-27 19:41:50,720 - INFO: AddrPublicationAdd: {'address_handle': 4}
2019-08-27 19:41:50,720 - INFO: 

2019-08-27 19:41:50,721 - INFO: Sending next message
2019-08-27 19:41:50,743 - DEBUG: Writing: 164 bytearray(b'\x14\x00')
2019-08-27 19:41:50,743 - DEBUG: TX: 03a41400
2019-08-27 19:41:50,745 - DEBUG: RX: 0584a4000500
2019-08-27 19:41:50,745 - DEBUG: parsed_packet {event: CmdRsp, data: {'opcode': 164, 'status': 0, 'data': bytearray(b'\x05\x00')}}
2019-08-27 19:41:50,745 - INFO: AddrPublicationAdd: {'address_handle': 5}
2019-08-27 19:41:50,745 - INFO: 

2019-08-27 19:41:50,746 - INFO: Sending next message
2019-08-27 19:41:50,767 - DEBUG: Writing: 164 bytearray(b'\x15\x00')
2019-08-27 19:41:50,767 - DEBUG: TX: 03a41500
2019-08-27 19:41:50,769 - DEBUG: RX: 0584a4000600
2019-08-27 19:41:50,769 - DEBUG: parsed_packet {event: CmdRsp, data: {'opcode': 164, 'status': 0, 'data': bytearray(b'\x06\x00')}}
2019-08-27 19:41:50,769 - INFO: AddrPublicationAdd: {'address_handle': 6}
2019-08-27 19:41:50,770 - INFO: 

2019-08-27 19:41:50,770 - INFO: Sending next message
2019-08-27 19:41:50,793 - DEBUG: Writing: 164 bytearray(b'\x16\x00')
2019-08-27 19:41:50,794 - DEBUG: TX: 03a41600
2019-08-27 19:41:50,796 - DEBUG: RX: 0584a4000700
2019-08-27 19:41:50,796 - DEBUG: parsed_packet {event: CmdRsp, data: {'opcode': 164, 'status': 0, 'data': bytearray(b'\x07\x00')}}
2019-08-27 19:41:50,796 - INFO: AddrPublicationAdd: {'address_handle': 7}
2019-08-27 19:41:50,796 - INFO: 

2019-08-27 19:41:50,796 - INFO: Sending next message
2019-08-27 19:41:50,821 - DEBUG: Writing: 164 bytearray(b'\x17\x00')
2019-08-27 19:41:50,821 - DEBUG: TX: 03a41700
2019-08-27 19:41:50,823 - DEBUG: RX: 0584a4000800
2019-08-27 19:41:50,823 - DEBUG: parsed_packet {event: CmdRsp, data: {'opcode': 164, 'status': 0, 'data': bytearray(b'\x08\x00')}}
2019-08-27 19:41:50,823 - INFO: AddrPublicationAdd: {'address_handle': 8}
2019-08-27 19:41:50,823 - INFO: 

2019-08-27 19:41:50,824 - INFO: Sending next message
2019-08-27 19:41:50,846 - DEBUG: Writing: 164 bytearray(b'\x18\x00')
2019-08-27 19:41:50,846 - DEBUG: TX: 03a41800
2019-08-27 19:41:50,848 - DEBUG: RX: 0584a4000900
2019-08-27 19:41:50,848 - DEBUG: parsed_packet {event: CmdRsp, data: {'opcode': 164, 'status': 0, 'data': bytearray(b'\t\x00')}}
2019-08-27 19:41:50,848 - INFO: AddrPublicationAdd: {'address_handle': 9}
2019-08-27 19:41:50,848 - INFO: 

2019-08-27 19:41:50,848 - INFO: Sending next message
2019-08-27 19:41:50,873 - DEBUG: Writing: 164 bytearray(b'\x19\x00')
2019-08-27 19:41:50,873 - DEBUG: TX: 03a41900
2019-08-27 19:41:50,875 - DEBUG: RX: 0584a4000a00
2019-08-27 19:41:50,876 - DEBUG: parsed_packet {event: CmdRsp, data: {'opcode': 164, 'status': 0, 'data': bytearray(b'\n\x00')}}
2019-08-27 19:41:50,876 - INFO: AddrPublicationAdd: {'address_handle': 10}
2019-08-27 19:41:50,876 - INFO: 

2019-08-27 19:41:50,876 - INFO: Sending next message
2019-08-27 19:41:50,897 - DEBUG: Writing: 164 bytearray(b'\x1a\x00')
2019-08-27 19:41:50,897 - DEBUG: TX: 03a41a00
2019-08-27 19:41:50,899 - DEBUG: RX: 0584a4000b00
2019-08-27 19:41:50,899 - DEBUG: parsed_packet {event: CmdRsp, data: {'opcode': 164, 'status': 0, 'data': bytearray(b'\x0b\x00')}}
2019-08-27 19:41:50,899 - INFO: AddrPublicationAdd: {'address_handle': 11}
2019-08-27 19:41:50,899 - INFO: 

2019-08-27 19:41:50,900 - INFO: Sending next message
2019-08-27 19:41:50,921 - DEBUG: Writing: 164 bytearray(b'\x1b\x00')
2019-08-27 19:41:50,921 - DEBUG: TX: 03a41b00
2019-08-27 19:41:50,923 - DEBUG: RX: 0584a4000c00
2019-08-27 19:41:50,923 - DEBUG: parsed_packet {event: CmdRsp, data: {'opcode': 164, 'status': 0, 'data': bytearray(b'\x0c\x00')}}
2019-08-27 19:41:50,923 - INFO: AddrPublicationAdd: {'address_handle': 12}
2019-08-27 19:41:50,923 - INFO: 

2019-08-27 19:41:50,923 - INFO: Sending next message
2019-08-27 19:41:50,946 - DEBUG: Writing: 164 bytearray(b'\x1c\x00')
2019-08-27 19:41:50,946 - DEBUG: TX: 03a41c00
2019-08-27 19:41:50,948 - DEBUG: RX: 0584a4000d00
2019-08-27 19:41:50,948 - DEBUG: parsed_packet {event: CmdRsp, data: {'opcode': 164, 'status': 0, 'data': bytearray(b'\r\x00')}}
2019-08-27 19:41:50,948 - INFO: AddrPublicationAdd: {'address_handle': 13}
2019-08-27 19:41:50,948 - INFO: 

2019-08-27 19:41:50,948 - INFO: Sending next message
2019-08-27 19:41:50,973 - DEBUG: Writing: 164 bytearray(b'\x1d\x00')
2019-08-27 19:41:50,973 - DEBUG: TX: 03a41d00
2019-08-27 19:41:50,975 - DEBUG: RX: 0584a4000e00
2019-08-27 19:41:50,975 - DEBUG: parsed_packet {event: CmdRsp, data: {'opcode': 164, 'status': 0, 'data': bytearray(b'\x0e\x00')}}
2019-08-27 19:41:50,975 - INFO: AddrPublicationAdd: {'address_handle': 14}
2019-08-27 19:41:50,975 - INFO: 

2019-08-27 19:41:50,976 - INFO: Sending next message
2019-08-27 19:41:50,996 - DEBUG: Writing: 156 bytearray(b'\x10\x00\x00\x00\n\xceH\xf4\xc0\xab\xe6\x1e\xe0\xfc{::\xae\xb6\x04')
2019-08-27 19:41:50,996 - DEBUG: TX: 159c100000000ace48f4c0abe61ee0fc7b3a3aaeb604
2019-08-27 19:41:51,000 - DEBUG: RX: 05849c000800
2019-08-27 19:41:51,000 - DEBUG: parsed_packet {event: CmdRsp, data: {'opcode': 156, 'status': 0, 'data': bytearray(b'\x08\x00')}}
2019-08-27 19:41:51,000 - INFO: DevkeyAdd: {'devkey_handle': 8}
2019-08-27 19:41:51,001 - INFO: No Messages remaining
2019-08-27 19:42:03,772 - DEBUG: Sending opcode: c15900, data: 019a
2019-08-27 19:42:03,791 - DEBUG: Sending opcode: c15900, data: 009b
2019-08-27 19:42:03,792 - DEBUG: Writing: 171 bytearray(b'\x00\x00\x01\x00\x06\x00\x08\x00\x00\x00\xc1Y\x00\x01\x9a')
2019-08-27 19:42:03,793 - DEBUG: TX: 10ab00000100060008000000c15900019a
2019-08-27 19:42:03,807 - DEBUG: RX: 0784ab0001000000
2019-08-27 19:42:03,807 - DEBUG: parsed_packet {event: CmdRsp, data: {'opcode': 171, 'status': 0, 'data': bytearray(b'\x01\x00\x00\x00')}}
2019-08-27 19:42:03,807 - INFO: PacketSend: {'token': 1}
2019-08-27 19:42:03,817 - DEBUG: RX: 05d201000000
2019-08-27 19:42:03,817 - DEBUG: parsed_packet {event: MeshTxComplete, data: {'token': 1}}
2019-08-27 19:42:03,818 - INFO: {event: MeshTxComplete, data: {'token': 1}}
2019-08-27 19:42:03,856 - DEBUG: RX: 18d015000100000000007f017cc34a36f4c9d20400c4590001
2019-08-27 19:42:03,857 - DEBUG: parsed_packet {event: MeshMessageReceivedUnicast, data: {'src': 21, 'dst': 1, 'appkey_handle': 0, 'subnet_handle': 0, 'ttl': 127, 'adv_addr_type': 1, 'adv_addr': bytearray(b'|\xc3J6\xf4\xc9'), 'rssi': -46, 'actual_length': 4, 'data': bytearray(b'\xc4Y\x00\x01')}}
2019-08-27 19:42:03,857 - INFO: {event: MeshMessageReceivedUnicast, data: {'src': 21, 'dst': 1, 'appkey_handle': 0, 'subnet_handle': 0, 'ttl': 127, 'adv_addr_type': 1, 'adv_addr': bytearray(b'|\xc3J6\xf4\xc9'), 'rssi': -46, 'actual_length': 4, 'data': bytearray(b'\xc4\x00Y\x01')}}
2019-08-27 19:42:03,859 - DEBUG: Writing: 171 bytearray(b'\x00\x00\x01\x00\x02\x00\x08\x00\x00\x00\xc1Y\x00\x00\x9b')
2019-08-27 19:42:03,860 - DEBUG: TX: 10ab00000100020008000000c15900009b
2019-08-27 19:42:03,864 - DEBUG: RX: 0784ab0002000000
2019-08-27 19:42:03,865 - DEBUG: parsed_packet {event: CmdRsp, data: {'opcode': 171, 'status': 0, 'data': bytearray(b'\x02\x00\x00\x00')}}
2019-08-27 19:42:03,865 - INFO: PacketSend: {'token': 2}
2019-08-27 19:42:03,883 - DEBUG: RX: 05d202000000
2019-08-27 19:42:03,884 - DEBUG: parsed_packet {event: MeshTxComplete, data: {'token': 2}}
2019-08-27 19:42:03,884 - INFO: {event: MeshTxComplete, data: {'token': 2}}
2019-08-27 19:42:03,907 - DEBUG: RX: 18d011000100000000007f017cc34a36f4c9d20400c4590000
2019-08-27 19:42:03,907 - DEBUG: parsed_packet {event: MeshMessageReceivedUnicast, data: {'src': 17, 'dst': 1, 'appkey_handle': 0, 'subnet_handle': 0, 'ttl': 127, 'adv_addr_type': 1, 'adv_addr': bytearray(b'|\xc3J6\xf4\xc9'), 'rssi': -46, 'actual_length': 4, 'data': bytearray(b'\xc4Y\x00\x00')}}
2019-08-27 19:42:03,908 - INFO: {event: MeshMessageReceivedUnicast, data: {'src': 17, 'dst': 1, 'appkey_handle': 0, 'subnet_handle': 0, 'ttl': 127, 'adv_addr_type': 1, 'adv_addr': bytearray(b'|\xc3J6\xf4\xc9'), 'rssi': -46, 'actual_length': 4, 'data': bytearray(b'\xc4\x00Y\x00')}}
2019-08-27 19:42:04,765 - DEBUG: Sending opcode: 8201, data: 
2019-08-27 19:42:04,766 - DEBUG: Writing: 171 bytearray(b'\x00\x00\x01\x00\x06\x00\x08\x00\x00\x00\x82\x01')
2019-08-27 19:42:04,766 - DEBUG: TX: 0dab000001000600080000008201
2019-08-27 19:42:04,769 - DEBUG: RX: 0784ab0003000000
2019-08-27 19:42:04,770 - DEBUG: parsed_packet {event: CmdRsp, data: {'opcode': 171, 'status': 0, 'data': bytearray(b'\x03\x00\x00\x00')}}
2019-08-27 19:42:04,771 - INFO: PacketSend: {'token': 3}
2019-08-27 19:42:04,786 - DEBUG: RX: 05d203000000
2019-08-27 19:42:04,786 - DEBUG: parsed_packet {event: MeshTxComplete, data: {'token': 3}}
2019-08-27 19:42:04,787 - INFO: {event: MeshTxComplete, data: {'token': 3}}
2019-08-27 19:42:08,709 - DEBUG: Sending opcode: 8202, data: 00bd
2019-08-27 19:42:08,712 - DEBUG: Writing: 171 bytearray(b'\x00\x00\x01\x00\x02\x00\x08\x00\x00\x00\x82\x02\x00\xbd')
2019-08-27 19:42:08,712 - DEBUG: TX: 0fab00000100020008000000820200bd
2019-08-27 19:42:08,737 - DEBUG: RX: 0784ab0004000000
2019-08-27 19:42:08,737 - DEBUG: parsed_packet {event: CmdRsp, data: {'opcode': 171, 'status': 0, 'data': bytearray(b'\x04\x00\x00\x00')}}
2019-08-27 19:42:08,744 - INFO: PacketSend: {'token': 4}
2019-08-27 19:42:08,744 - DEBUG: RX: 05d204000000
2019-08-27 19:42:08,744 - DEBUG: parsed_packet {event: MeshTxComplete, data: {'token': 4}}
2019-08-27 19:42:08,744 - INFO: {event: MeshTxComplete, data: {'token': 4}}
2019-08-27 19:42:08,745 - DEBUG: RX: 17d011000100000000007f017cc34a36f4c9d40300820400
2019-08-27 19:42:08,748 - DEBUG: parsed_packet {event: MeshMessageReceivedUnicast, data: {'src': 17, 'dst': 1, 'appkey_handle': 0, 'subnet_handle': 0, 'ttl': 127, 'adv_addr_type': 1, 'adv_addr': bytearray(b'|\xc3J6\xf4\xc9'), 'rssi': -44, 'actual_length': 3, 'data': bytearray(b'\x82\x04\x00')}}
2019-08-27 19:42:08,749 - INFO: Status Present OnOff: off
2019-08-27 19:42:08,749 - INFO: Got status from src: 17 - canceling timer
2019-08-27 19:42:08,750 - INFO: {event: MeshMessageReceivedUnicast, data: {'src': 17, 'dst': 1, 'appkey_handle': 0, 'subnet_handle': 0, 'ttl': 127, 'adv_addr_type': 1, 'adv_addr': bytearray(b'|\xc3J6\xf4\xc9'), 'rssi': -44, 'actual_length': 3, 'data': bytearray(b'\x82\x04\x00')}}
2019-08-27 19:42:16,255 - DEBUG: Sending opcode: 8202, data: 00be
2019-08-27 19:42:16,264 - DEBUG: Writing: 171 bytearray(b'\x00\x00\x01\x00\x02\x00\x08\x00\x00\x00\x82\x02\x00\xbe')
2019-08-27 19:42:16,264 - DEBUG: TX: 0fab00000100020008000000820200be
2019-08-27 19:42:16,290 - DEBUG: RX: 0784ab0005000000
2019-08-27 19:42:16,290 - DEBUG: parsed_packet {event: CmdRsp, data: {'opcode': 171, 'status': 0, 'data': bytearray(b'\x05\x00\x00\x00')}}
2019-08-27 19:42:16,290 - INFO: PacketSend: {'token': 5}
2019-08-27 19:42:16,290 - DEBUG: RX: 05d205000000
2019-08-27 19:42:16,291 - DEBUG: parsed_packet {event: MeshTxComplete, data: {'token': 5}}
2019-08-27 19:42:16,291 - INFO: {event: MeshTxComplete, data: {'token': 5}}
2019-08-27 19:42:16,568 - INFO: Set ACK 2 Timedout
2019-08-27 19:42:16,573 - DEBUG: Sending opcode: 8202, data: 00bf
2019-08-27 19:42:16,575 - DEBUG: Writing: 171 bytearray(b'\x00\x00\x01\x00\x02\x00\x08\x00\x00\x00\x82\x02\x00\xbf')
2019-08-27 19:42:16,575 - DEBUG: TX: 0fab00000100020008000000820200bf
2019-08-27 19:42:16,576 - INFO: Resending SET 2 attempts: 1
2019-08-27 19:42:16,579 - DEBUG: RX: 0784ab0006000000
2019-08-27 19:42:16,581 - DEBUG: parsed_packet {event: CmdRsp, data: {'opcode': 171, 'status': 0, 'data': bytearray(b'\x06\x00\x00\x00')}}
2019-08-27 19:42:16,581 - INFO: PacketSend: {'token': 6}
2019-08-27 19:42:16,584 - DEBUG: RX: 05d206000000
2019-08-27 19:42:16,585 - DEBUG: parsed_packet {event: MeshTxComplete, data: {'token': 6}}
2019-08-27 19:42:16,585 - INFO: {event: MeshTxComplete, data: {'token': 6}}
2019-08-27 19:42:16,593 - DEBUG: RX: 17d011000100000000007f017cc34a36f4c9d30300820400
2019-08-27 19:42:16,593 - DEBUG: parsed_packet {event: MeshMessageReceivedUnicast, data: {'src': 17, 'dst': 1, 'appkey_handle': 0, 'subnet_handle': 0, 'ttl': 127, 'adv_addr_type': 1, 'adv_addr': bytearray(b'|\xc3J6\xf4\xc9'), 'rssi': -45, 'actual_length': 3, 'data': bytearray(b'\x82\x04\x00')}}
2019-08-27 19:42:16,593 - INFO: Status Present OnOff: off
2019-08-27 19:42:16,593 - INFO: Got status from src: 17 - canceling timer
2019-08-27 19:42:16,594 - INFO: {event: MeshMessageReceivedUnicast, data: {'src': 17, 'dst': 1, 'appkey_handle': 0, 'subnet_handle': 0, 'ttl': 127, 'adv_addr_type': 1, 'adv_addr': bytearray(b'|\xc3J6\xf4\xc9'), 'rssi': -45, 'actual_length': 3, 'data': bytearray(b'\x82\x04\x00')}}
2019-08-27 19:42:18,114 - DEBUG: Sending opcode: 8202, data: 01c0
2019-08-27 19:42:18,116 - DEBUG: Writing: 171 bytearray(b'\x00\x00\x01\x00\x02\x00\x08\x00\x00\x00\x82\x02\x01\xc0')
2019-08-27 19:42:18,116 - DEBUG: TX: 0fab00000100020008000000820201c0
2019-08-27 19:42:18,128 - DEBUG: RX: 0784ab0007000000
2019-08-27 19:42:18,129 - DEBUG: parsed_packet {event: CmdRsp, data: {'opcode': 171, 'status': 0, 'data': bytearray(b'\x07\x00\x00\x00')}}
2019-08-27 19:42:18,129 - INFO: PacketSend: {'token': 7}
2019-08-27 19:42:18,145 - DEBUG: RX: 05d207000000
2019-08-27 19:42:18,146 - DEBUG: parsed_packet {event: MeshTxComplete, data: {'token': 7}}
2019-08-27 19:42:18,146 - INFO: {event: MeshTxComplete, data: {'token': 7}}
2019-08-27 19:42:18,157 - DEBUG: RX: 17d011000100000000007f017cc34a36f4c9d30300820401
2019-08-27 19:42:18,157 - DEBUG: parsed_packet {event: MeshMessageReceivedUnicast, data: {'src': 17, 'dst': 1, 'appkey_handle': 0, 'subnet_handle': 0, 'ttl': 127, 'adv_addr_type': 1, 'adv_addr': bytearray(b'|\xc3J6\xf4\xc9'), 'rssi': -45, 'actual_length': 3, 'data': bytearray(b'\x82\x04\x01')}}
2019-08-27 19:42:18,157 - INFO: Status Present OnOff: on
2019-08-27 19:42:18,157 - INFO: Got status from src: 17 - canceling timer
2019-08-27 19:42:18,157 - INFO: {event: MeshMessageReceivedUnicast, data: {'src': 17, 'dst': 1, 'appkey_handle': 0, 'subnet_handle': 0, 'ttl': 127, 'adv_addr_type': 1, 'adv_addr': bytearray(b'|\xc3J6\xf4\xc9'), 'rssi': -45, 'actual_length': 3, 'data': bytearray(b'\x82\x04\x01')}}
2019-08-27 19:42:24,462 - DEBUG: Sending opcode: c15900, data: 019c
2019-08-27 19:42:24,476 - DEBUG: Writing: 171 bytearray(b'\x00\x00\x01\x00\x06\x00\x08\x00\x00\x00\xc1Y\x00\x01\x9c')
2019-08-27 19:42:24,477 - DEBUG: TX: 10ab00000100060008000000c15900019c
2019-08-27 19:42:24,499 - DEBUG: Sending opcode: c15900, data: 009d
2019-08-27 19:42:24,563 - DEBUG: Writing: 171 bytearray(b'\x00\x00\x01\x00\x02\x00\x08\x00\x00\x00\xc1Y\x00\x00\x9d')
2019-08-27 19:42:24,563 - DEBUG: TX: 10ab00000100020008000000c15900009d
2019-08-27 19:42:24,564 - DEBUG: RX: 0784ab0008000000
2019-08-27 19:42:24,564 - DEBUG: parsed_packet {event: CmdRsp, data: {'opcode': 171, 'status': 0, 'data': bytearray(b'\x08\x00\x00\x00')}}
2019-08-27 19:42:24,564 - INFO: PacketSend: {'token': 8}
2019-08-27 19:42:24,564 - DEBUG: RX: 05d208000000
2019-08-27 19:42:24,564 - DEBUG: parsed_packet {event: MeshTxComplete, data: {'token': 8}}
2019-08-27 19:42:24,565 - INFO: {event: MeshTxComplete, data: {'token': 8}}
2019-08-27 19:42:24,565 - DEBUG: RX: 18d015000100000000007f017cc34a36f4c9d20400c4590001
2019-08-27 19:42:24,566 - DEBUG: parsed_packet {event: MeshMessageReceivedUnicast, data: {'src': 21, 'dst': 1, 'appkey_handle': 0, 'subnet_handle': 0, 'ttl': 127, 'adv_addr_type': 1, 'adv_addr': bytearray(b'|\xc3J6\xf4\xc9'), 'rssi': -46, 'actual_length': 4, 'data': bytearray(b'\xc4Y\x00\x01')}}
2019-08-27 19:42:24,566 - INFO: {event: MeshMessageReceivedUnicast, data: {'src': 21, 'dst': 1, 'appkey_handle': 0, 'subnet_handle': 0, 'ttl': 127, 'adv_addr_type': 1, 'adv_addr': bytearray(b'|\xc3J6\xf4\xc9'), 'rssi': -46, 'actual_length': 4, 'data': bytearray(b'\xc4\x00Y\x01')}}
2019-08-27 19:42:24,580 - DEBUG: RX: 0784ab0009000000
2019-08-27 19:42:24,582 - DEBUG: parsed_packet {event: CmdRsp, data: {'opcode': 171, 'status': 0, 'data': bytearray(b'\t\x00\x00\x00')}}
2019-08-27 19:42:24,583 - INFO: PacketSend: {'token': 9}
2019-08-27 19:42:24,586 - DEBUG: RX: 05d209000000
2019-08-27 19:42:24,586 - DEBUG: parsed_packet {event: MeshTxComplete, data: {'token': 9}}
2019-08-27 19:42:24,586 - INFO: {event: MeshTxComplete, data: {'token': 9}}
2019-08-27 19:42:24,587 - DEBUG: RX: 18d011000100000000007f017cc34a36f4c9d30400c4590000
2019-08-27 19:42:24,587 - DEBUG: parsed_packet {event: MeshMessageReceivedUnicast, data: {'src': 17, 'dst': 1, 'appkey_handle': 0, 'subnet_handle': 0, 'ttl': 127, 'adv_addr_type': 1, 'adv_addr': bytearray(b'|\xc3J6\xf4\xc9'), 'rssi': -45, 'actual_length': 4, 'data': bytearray(b'\xc4Y\x00\x00')}}
2019-08-27 19:42:24,588 - INFO: {event: MeshMessageReceivedUnicast, data: {'src': 17, 'dst': 1, 'appkey_handle': 0, 'subnet_handle': 0, 'ttl': 127, 'adv_addr_type': 1, 'adv_addr': bytearray(b'|\xc3J6\xf4\xc9'), 'rssi': -45, 'actual_length': 4, 'data': bytearray(b'\xc4\x00Y\x00')}}
2019-08-27 19:42:25,463 - DEBUG: Sending opcode: 8201, data: 
2019-08-27 19:42:25,464 - DEBUG: Writing: 171 bytearray(b'\x00\x00\x01\x00\x06\x00\x08\x00\x00\x00\x82\x01')
2019-08-27 19:42:25,464 - DEBUG: TX: 0dab000001000600080000008201
2019-08-27 19:42:25,468 - DEBUG: RX: 0784ab000a000000
2019-08-27 19:42:25,468 - DEBUG: parsed_packet {event: CmdRsp, data: {'opcode': 171, 'status': 0, 'data': bytearray(b'\n\x00\x00\x00')}}
2019-08-27 19:42:25,469 - INFO: PacketSend: {'token': 10}
2019-08-27 19:42:25,481 - DEBUG: RX: 05d20a000000
2019-08-27 19:42:25,481 - DEBUG: parsed_packet {event: MeshTxComplete, data: {'token': 10}}
2019-08-27 19:42:25,481 - INFO: {event: MeshTxComplete, data: {'token': 10}}
2019-08-27 19:42:26,116 - DEBUG: Sending opcode: 8202, data: 00c1
2019-08-27 19:42:26,117 - DEBUG: Writing: 171 bytearray(b'\x00\x00\x01\x00\x02\x00\x08\x00\x00\x00\x82\x02\x00\xc1')
2019-08-27 19:42:26,118 - DEBUG: TX: 0fab00000100020008000000820200c1
2019-08-27 19:42:26,129 - DEBUG: RX: 0784ab000b000000
2019-08-27 19:42:26,130 - DEBUG: parsed_packet {event: CmdRsp, data: {'opcode': 171, 'status': 0, 'data': bytearray(b'\x0b\x00\x00\x00')}}
2019-08-27 19:42:26,130 - INFO: PacketSend: {'token': 11}
2019-08-27 19:42:26,130 - DEBUG: RX: 05d20b000000
2019-08-27 19:42:26,130 - DEBUG: parsed_packet {event: MeshTxComplete, data: {'token': 11}}
2019-08-27 19:42:26,130 - INFO: {event: MeshTxComplete, data: {'token': 11}}
2019-08-27 19:42:26,420 - INFO: Set ACK 2 Timedout
2019-08-27 19:42:26,420 - DEBUG: Sending opcode: 8202, data: 00c2
2019-08-27 19:42:26,421 - DEBUG: Writing: 171 bytearray(b'\x00\x00\x01\x00\x02\x00\x08\x00\x00\x00\x82\x02\x00\xc2')
2019-08-27 19:42:26,421 - DEBUG: TX: 0fab00000100020008000000820200c2
2019-08-27 19:42:26,421 - INFO: Resending SET 2 attempts: 1
2019-08-27 19:42:26,425 - DEBUG: RX: 0784ab000c000000
2019-08-27 19:42:26,425 - DEBUG: parsed_packet {event: CmdRsp, data: {'opcode': 171, 'status': 0, 'data': bytearray(b'\x0c\x00\x00\x00')}}
2019-08-27 19:42:26,426 - INFO: PacketSend: {'token': 12}
2019-08-27 19:42:26,446 - DEBUG: RX: 05d20c000000
2019-08-27 19:42:26,447 - DEBUG: parsed_packet {event: MeshTxComplete, data: {'token': 12}}
2019-08-27 19:42:26,448 - INFO: {event: MeshTxComplete, data: {'token': 12}}
2019-08-27 19:42:26,449 - DEBUG: RX: 17d011000100000000007f017cc34a36f4c9d30300820400
2019-08-27 19:42:26,449 - DEBUG: parsed_packet {event: MeshMessageReceivedUnicast, data: {'src': 17, 'dst': 1, 'appkey_handle': 0, 'subnet_handle': 0, 'ttl': 127, 'adv_addr_type': 1, 'adv_addr': bytearray(b'|\xc3J6\xf4\xc9'), 'rssi': -45, 'actual_length': 3, 'data': bytearray(b'\x82\x04\x00')}}
2019-08-27 19:42:26,450 - INFO: Status Present OnOff: off
2019-08-27 19:42:26,450 - INFO: Got status from src: 17 - canceling timer
2019-08-27 19:42:26,450 - INFO: {event: MeshMessageReceivedUnicast, data: {'src': 17, 'dst': 1, 'appkey_handle': 0, 'subnet_handle': 0, 'ttl': 127, 'adv_addr_type': 1, 'adv_addr': bytearray(b'|\xc3J6\xf4\xc9'), 'rssi': -45, 'actual_length': 3, 'data': bytearray(b'\x82\x04\x00')}}
2019-08-27 19:42:26,655 - DEBUG: Sending opcode: 8202, data: 00c3
2019-08-27 19:42:26,657 - DEBUG: Writing: 171 bytearray(b'\x00\x00\x01\x00\x02\x00\x08\x00\x00\x00\x82\x02\x00\xc3')
2019-08-27 19:42:26,664 - DEBUG: TX: 0fab00000100020008000000820200c3
2019-08-27 19:42:26,671 - DEBUG: RX: 0784ab000d000000
2019-08-27 19:42:26,672 - DEBUG: parsed_packet {event: CmdRsp, data: {'opcode': 171, 'status': 0, 'data': bytearray(b'\r\x00\x00\x00')}}
2019-08-27 19:42:26,672 - INFO: PacketSend: {'token': 13}
2019-08-27 19:42:26,690 - DEBUG: RX: 05d20d000000
2019-08-27 19:42:26,690 - DEBUG: parsed_packet {event: MeshTxComplete, data: {'token': 13}}
2019-08-27 19:42:26,690 - INFO: {event: MeshTxComplete, data: {'token': 13}}
2019-08-27 19:42:26,696 - DEBUG: RX: 17d011000100000000007f017cc34a36f4c9d50300820400
2019-08-27 19:42:26,696 - DEBUG: parsed_packet {event: MeshMessageReceivedUnicast, data: {'src': 17, 'dst': 1, 'appkey_handle': 0, 'subnet_handle': 0, 'ttl': 127, 'adv_addr_type': 1, 'adv_addr': bytearray(b'|\xc3J6\xf4\xc9'), 'rssi': -43, 'actual_length': 3, 'data': bytearray(b'\x82\x04\x00')}}
2019-08-27 19:42:26,696 - INFO: Status Present OnOff: off
2019-08-27 19:42:26,697 - INFO: Got status from src: 17 - canceling timer
2019-08-27 19:42:26,699 - INFO: {event: MeshMessageReceivedUnicast, data: {'src': 17, 'dst': 1, 'appkey_handle': 0, 'subnet_handle': 0, 'ttl': 127, 'adv_addr_type': 1, 'adv_addr': bytearray(b'|\xc3J6\xf4\xc9'), 'rssi': -43, 'actual_length': 3, 'data': bytearray(b'\x82\x04\x00')}}
2019-08-27 19:45:03,474 - DEBUG: Sending opcode: 8202, data: 01c4
2019-08-27 19:45:03,492 - DEBUG: Writing: 171 bytearray(b'\x00\x00\x01\x00\x02\x00\x08\x00\x00\x00\x82\x02\x01\xc4')
2019-08-27 19:45:03,492 - DEBUG: TX: 0fab00000100020008000000820201c4
2019-08-27 19:45:03,496 - DEBUG: RX: 0784ab000e000000
2019-08-27 19:45:03,497 - DEBUG: parsed_packet {event: CmdRsp, data: {'opcode': 171, 'status': 0, 'data': bytearray(b'\x0e\x00\x00\x00')}}
2019-08-27 19:45:03,497 - INFO: PacketSend: {'token': 14}
2019-08-27 19:45:03,503 - DEBUG: RX: 05d20e000000
2019-08-27 19:45:03,505 - DEBUG: parsed_packet {event: MeshTxComplete, data: {'token': 14}}
2019-08-27 19:45:03,506 - INFO: {event: MeshTxComplete, data: {'token': 14}}
2019-08-27 19:45:03,507 - DEBUG: RX: 17d011000100000000007f017cc34a36f4c9d40300820401
2019-08-27 19:45:03,507 - DEBUG: parsed_packet {event: MeshMessageReceivedUnicast, data: {'src': 17, 'dst': 1, 'appkey_handle': 0, 'subnet_handle': 0, 'ttl': 127, 'adv_addr_type': 1, 'adv_addr': bytearray(b'|\xc3J6\xf4\xc9'), 'rssi': -44, 'actual_length': 3, 'data': bytearray(b'\x82\x04\x01')}}
2019-08-27 19:45:03,508 - INFO: Status Present OnOff: on
2019-08-27 19:45:03,508 - INFO: Got status from src: 17 - canceling timer
2019-08-27 19:45:03,508 - INFO: {event: MeshMessageReceivedUnicast, data: {'src': 17, 'dst': 1, 'appkey_handle': 0, 'subnet_handle': 0, 'ttl': 127, 'adv_addr_type': 1, 'adv_addr': bytearray(b'|\xc3J6\xf4\xc9'), 'rssi': -44, 'actual_length': 3, 'data': bytearray(b'\x82\x04\x01')}}
2019-08-27 19:45:04,579 - DEBUG: Sending opcode: 8202, data: 00c5
2019-08-27 19:45:04,582 - DEBUG: Writing: 171 bytearray(b'\x00\x00\x01\x00\x02\x00\x08\x00\x00\x00\x82\x02\x00\xc5')
2019-08-27 19:45:04,583 - DEBUG: TX: 0fab00000100020008000000820200c5
2019-08-27 19:45:04,597 - DEBUG: RX: 0784ab000f000000
2019-08-27 19:45:04,597 - DEBUG: parsed_packet {event: CmdRsp, data: {'opcode': 171, 'status': 0, 'data': bytearray(b'\x0f\x00\x00\x00')}}
2019-08-27 19:45:04,597 - INFO: PacketSend: {'token': 15}
2019-08-27 19:45:04,602 - DEBUG: RX: 05d20f000000
2019-08-27 19:45:04,602 - DEBUG: parsed_packet {event: MeshTxComplete, data: {'token': 15}}
2019-08-27 19:45:04,602 - INFO: {event: MeshTxComplete, data: {'token': 15}}
2019-08-27 19:45:04,625 - DEBUG: RX: 17d011000100000000007f017cc34a36f4c9cd0300820400
2019-08-27 19:45:04,626 - DEBUG: parsed_packet {event: MeshMessageReceivedUnicast, data: {'src': 17, 'dst': 1, 'appkey_handle': 0, 'subnet_handle': 0, 'ttl': 127, 'adv_addr_type': 1, 'adv_addr': bytearray(b'|\xc3J6\xf4\xc9'), 'rssi': -51, 'actual_length': 3, 'data': bytearray(b'\x82\x04\x00')}}
2019-08-27 19:45:04,626 - INFO: Status Present OnOff: off
2019-08-27 19:45:04,626 - INFO: Got status from src: 17 - canceling timer
2019-08-27 19:45:04,627 - INFO: {event: MeshMessageReceivedUnicast, data: {'src': 17, 'dst': 1, 'appkey_handle': 0, 'subnet_handle': 0, 'ttl': 127, 'adv_addr_type': 1, 'adv_addr': bytearray(b'|\xc3J6\xf4\xc9'), 'rssi': -51, 'actual_length': 3, 'data': bytearray(b'\x82\x04\x00')}}
2019-08-27 19:46:33,055 - DEBUG: Sending opcode: c15900, data: 019e
2019-08-27 19:46:33,091 - DEBUG: Writing: 171 bytearray(b'\x00\x00\x01\x00\x06\x00\x08\x00\x00\x00\xc1Y\x00\x01\x9e')
2019-08-27 19:46:33,091 - DEBUG: TX: 10ab00000100060008000000c15900019e
2019-08-27 19:46:33,109 - DEBUG: Sending opcode: c15900, data: 009f
2019-08-27 19:46:33,122 - DEBUG: Writing: 171 bytearray(b'\x00\x00\x01\x00\x02\x00\x08\x00\x00\x00\xc1Y\x00\x00\x9f')
2019-08-27 19:46:33,122 - DEBUG: TX: 10ab00000100020008000000c15900009f
2019-08-27 19:46:33,123 - DEBUG: RX: 0784ab0010000000
2019-08-27 19:46:33,123 - DEBUG: parsed_packet {event: CmdRsp, data: {'opcode': 171, 'status': 0, 'data': bytearray(b'\x10\x00\x00\x00')}}
2019-08-27 19:46:33,123 - INFO: PacketSend: {'token': 16}
2019-08-27 19:46:33,124 - DEBUG: RX: 05d210000000
2019-08-27 19:46:33,124 - DEBUG: parsed_packet {event: MeshTxComplete, data: {'token': 16}}
2019-08-27 19:46:33,124 - INFO: {event: MeshTxComplete, data: {'token': 16}}
2019-08-27 19:46:33,125 - DEBUG: RX: 18d015000100000000007f017cc34a36f4c9d50400c4590001
2019-08-27 19:46:33,125 - DEBUG: parsed_packet {event: MeshMessageReceivedUnicast, data: {'src': 21, 'dst': 1, 'appkey_handle': 0, 'subnet_handle': 0, 'ttl': 127, 'adv_addr_type': 1, 'adv_addr': bytearray(b'|\xc3J6\xf4\xc9'), 'rssi': -43, 'actual_length': 4, 'data': bytearray(b'\xc4Y\x00\x01')}}
2019-08-27 19:46:33,125 - INFO: {event: MeshMessageReceivedUnicast, data: {'src': 21, 'dst': 1, 'appkey_handle': 0, 'subnet_handle': 0, 'ttl': 127, 'adv_addr_type': 1, 'adv_addr': bytearray(b'|\xc3J6\xf4\xc9'), 'rssi': -43, 'actual_length': 4, 'data': bytearray(b'\xc4\x00Y\x01')}}
2019-08-27 19:46:33,126 - DEBUG: RX: 0784ab0011000000
2019-08-27 19:46:33,126 - DEBUG: parsed_packet {event: CmdRsp, data: {'opcode': 171, 'status': 0, 'data': bytearray(b'\x11\x00\x00\x00')}}
2019-08-27 19:46:33,126 - INFO: PacketSend: {'token': 17}
2019-08-27 19:46:33,138 - DEBUG: RX: 05d211000000
2019-08-27 19:46:33,139 - DEBUG: parsed_packet {event: MeshTxComplete, data: {'token': 17}}
2019-08-27 19:46:33,139 - INFO: {event: MeshTxComplete, data: {'token': 17}}
2019-08-27 19:46:34,057 - DEBUG: Sending opcode: 8201, data: 
2019-08-27 19:46:34,058 - DEBUG: Writing: 171 bytearray(b'\x00\x00\x01\x00\x06\x00\x08\x00\x00\x00\x82\x01')
2019-08-27 19:46:34,058 - DEBUG: TX: 0dab000001000600080000008201
2019-08-27 19:46:34,062 - DEBUG: RX: 0784ab0012000000
2019-08-27 19:46:34,064 - DEBUG: parsed_packet {event: CmdRsp, data: {'opcode': 171, 'status': 0, 'data': bytearray(b'\x12\x00\x00\x00')}}
2019-08-27 19:46:34,070 - INFO: PacketSend: {'token': 18}
2019-08-27 19:46:34,072 - DEBUG: RX: 05d212000000
2019-08-27 19:46:34,074 - DEBUG: parsed_packet {event: MeshTxComplete, data: {'token': 18}}
2019-08-27 19:46:34,075 - INFO: {event: MeshTxComplete, data: {'token': 18}}
