2019-07-08 16:39:18,745 - DEBUG - tty.usbmodem0006822145041: Writing: 105 bytearray(b'\xa3\x94\xd1\xaf)5k\x00|\xd7\x13,\x7f.25\'FL\xadg\x9b\xa1\x81niL\xdd\x17e\xe9`^\x99\x10:\xe4\xf9\x18YN\xd5`\xc2g\x10\xf7\xb2\xf8\xd4t\xf1\xd7\xf2y}\xbf\x99\xb3w\x85i~\x12\x11\xd1p\xa0\xfc\x1eQp\xb4\xa3\xda"\x17E\x9ca\xde\xd6yn\xe4\xf3\xf7L0n#\x01\x1f\x9b\xd3}')
2019-07-08 16:39:18,745 - DEBUG - tty.usbmodem0006822145041: TX: 6169a394d1af29356b007cd7132c7f2e323527464cad679ba1816e694cdd1765e9605e99103ae4f918594ed560c26710f7b2f8d474f1d7f2797dbf99b37785697e1211d170a0fc1e5170b4a3da2217459c61ded6796ee4f3f74c306e23011f9bd37d
2019-07-08 16:39:18,756 - DEBUG - tty.usbmodem0006822145041: RX: 03845384
2019-07-08 16:39:18,757 - DEBUG - tty.usbmodem0006822145041: parsed_packet {event: CmdRsp, data: {'opcode': 83, 'status': 132, 'data': bytearray(b'')}}
2019-07-08 16:39:18,757 - ERROR - tty.usbmodem0006822145041: None: ERROR_INVALID_LENGTH
2019-07-08 16:39:18,757 - DEBUG - tty.usbmodem0006822145041: Writing: 159 bytearray(b'\x01\x00\x01\x00')
2019-07-08 16:39:18,758 - DEBUG - tty.usbmodem0006822145041: RX: 03840084
2019-07-08 16:39:18,758 - DEBUG - tty.usbmodem0006822145041: TX: 059f01000100
2019-07-08 16:39:18,759 - DEBUG - tty.usbmodem0006822145041: parsed_packet {event: CmdRsp, data: {'opcode': 0, 'status': 132, 'data': bytearray(b'')}}
2019-07-08 16:39:18,759 - ERROR - tty.usbmodem0006822145041: None: ERROR_INVALID_LENGTH
2019-07-08 16:39:18,759 - DEBUG - tty.usbmodem0006822145041: RX: 03840084
2019-07-08 16:39:18,759 - DEBUG - tty.usbmodem0006822145041: parsed_packet {event: CmdRsp, data: {'opcode': 0, 'status': 132, 'data': bytearray(b'')}}
2019-07-08 16:39:18,760 - ERROR - tty.usbmodem0006822145041: None: ERROR_INVALID_LENGTH
2019-07-08 16:39:18,760 - DEBUG - tty.usbmodem0006822145041: Writing: 146 bytearray(b'\x00\x00\x18\xee\xd9\xc2\xa5j\xdd\x85\x04\x9f\xfc<Y\xad\x0e\x12')
2019-07-08 16:39:18,760 - DEBUG - tty.usbmodem0006822145041: TX: 1392000018eed9c2a56add85049ffc3c59ad0e12
2019-07-08 16:39:18,760 - DEBUG - tty.usbmodem0006822145041: RX: 03840084
2019-07-08 16:39:18,761 - DEBUG - tty.usbmodem0006822145041: parsed_packet {event: CmdRsp, data: {'opcode': 0, 'status': 132, 'data': bytearray(b'')}}
2019-07-08 16:39:18,761 - ERROR - tty.usbmodem0006822145041: None: ERROR_INVALID_LENGTH
2019-07-08 16:39:18,761 - DEBUG - tty.usbmodem0006822145041: Writing: 151 bytearray(b'\x00\x00\x00\x00Oh\xad\x85\xd9\xf4\x8a\xc8X\x9d\xf6e\xb6\xb4\x9b\x8a')
2019-07-08 16:39:18,762 - DEBUG - tty.usbmodem0006822145041: TX: 1597000000004f68ad85d9f48ac8589df665b6b49b8a
2019-07-08 16:39:18,762 - DEBUG - tty.usbmodem0006822145041: RX: 03840084
2019-07-08 16:39:18,762 - DEBUG - tty.usbmodem0006822145041: parsed_packet {event: CmdRsp, data: {'opcode': 0, 'status': 132, 'data': bytearray(b'')}}
2019-07-08 16:39:18,763 - ERROR - tty.usbmodem0006822145041: None: ERROR_INVALID_LENGTH
2019-07-08 16:39:18,763 - DEBUG - tty.usbmodem0006822145041: Writing: 151 bytearray(b'\x01\x00\x00\x00*\xa2\xa6\xde\xd5\xa0y\x8c\xea\xb5x|\xa3\xae9\xfc')
2019-07-08 16:39:18,763 - DEBUG - tty.usbmodem0006822145041: TX: 1597010000002aa2a6ded5a0798ceab5787ca3ae39fc
2019-07-08 16:39:18,764 - DEBUG - tty.usbmodem0006822145041: RX: 03840084
2019-07-08 16:39:18,764 - DEBUG - tty.usbmodem0006822145041: parsed_packet {event: CmdRsp, data: {'opcode': 0, 'status': 132, 'data': bytearray(b'')}}
2019-07-08 16:39:18,764 - ERROR - tty.usbmodem0006822145041: None: ERROR_INVALID_LENGTH
2019-07-08 16:39:18,764 - DEBUG - tty.usbmodem0006822145041: Writing: 164 bytearray(b'\x10\x00')
2019-07-08 16:39:18,767 - DEBUG - tty.usbmodem0006822145041: RX: 03840084
2019-07-08 16:39:18,767 - DEBUG - tty.usbmodem0006822145041: parsed_packet {event: CmdRsp, data: {'opcode': 0, 'status': 132, 'data': bytearray(b'')}}
2019-07-08 16:39:18,768 - ERROR - tty.usbmodem0006822145041: None: ERROR_INVALID_LENGTH
2019-07-08 16:39:18,767 - DEBUG - tty.usbmodem0006822145041: TX: 03a41000
2019-07-08 16:39:18,768 - DEBUG - tty.usbmodem0006822145041: RX: 03840084
2019-07-08 16:39:18,769 - DEBUG - tty.usbmodem0006822145041: parsed_packet {event: CmdRsp, data: {'opcode': 0, 'status': 132, 'data': bytearray(b'')}}
2019-07-08 16:39:18,770 - ERROR - tty.usbmodem0006822145041: None: ERROR_INVALID_LENGTH
2019-07-08 16:39:18,770 - DEBUG - tty.usbmodem0006822145041: RX: 03840084
2019-07-08 16:39:18,771 - DEBUG - tty.usbmodem0006822145041: parsed_packet {event: CmdRsp, data: {'opcode': 0, 'status': 132, 'data': bytearray(b'')}}
2019-07-08 16:39:18,771 - ERROR - tty.usbmodem0006822145041: None: ERROR_INVALID_LENGTH
2019-07-08 16:39:18,771 - DEBUG - tty.usbmodem0006822145041: RX: 03840084
2019-07-08 16:39:18,771 - DEBUG - tty.usbmodem0006822145041: parsed_packet {event: CmdRsp, data: {'opcode': 0, 'status': 132, 'data': bytearray(b'')}}
2019-07-08 16:39:18,786 - ERROR - tty.usbmodem0006822145041: None: ERROR_INVALID_LENGTH
2019-07-08 16:39:18,788 - DEBUG - tty.usbmodem0006822145041: RX: 03840084
2019-07-08 16:39:18,788 - DEBUG - tty.usbmodem0006822145041: parsed_packet {event: CmdRsp, data: {'opcode': 0, 'status': 132, 'data': bytearray(b'')}}
2019-07-08 16:39:18,788 - ERROR - tty.usbmodem0006822145041: None: ERROR_INVALID_LENGTH
2019-07-08 16:39:18,789 - DEBUG - tty.usbmodem0006822145041: RX: 03840084
2019-07-08 16:39:18,789 - DEBUG - tty.usbmodem0006822145041: parsed_packet {event: CmdRsp, data: {'opcode': 0, 'status': 132, 'data': bytearray(b'')}}
2019-07-08 16:39:18,789 - ERROR - tty.usbmodem0006822145041: None: ERROR_INVALID_LENGTH
2019-07-08 16:39:18,789 - DEBUG - tty.usbmodem0006822145041: RX: 03840084
2019-07-08 16:39:18,790 - DEBUG - tty.usbmodem0006822145041: parsed_packet {event: CmdRsp, data: {'opcode': 0, 'status': 132, 'data': bytearray(b'')}}
2019-07-08 16:39:18,792 - ERROR - tty.usbmodem0006822145041: None: ERROR_INVALID_LENGTH
2019-07-08 16:39:18,792 - DEBUG - tty.usbmodem0006822145041: RX: 03849f8e
2019-07-08 16:39:18,792 - DEBUG - tty.usbmodem0006822145041: parsed_packet {event: CmdRsp, data: {'opcode': 159, 'status': 142, 'data': bytearray(b'')}}
2019-07-08 16:39:18,793 - ERROR - tty.usbmodem0006822145041: None: ERROR_REJECTED
2019-07-08 16:39:18,793 - DEBUG - tty.usbmodem0006822145041: RX: 03849281
2019-07-08 16:39:18,793 - DEBUG - tty.usbmodem0006822145041: parsed_packet {event: CmdRsp, data: {'opcode': 146, 'status': 129, 'data': bytearray(b'')}}
2019-07-08 16:39:18,793 - ERROR - tty.usbmodem0006822145041: SubnetAdd: ERROR_INTERNAL
2019-07-08 16:39:18,794 - DEBUG - tty.usbmodem0006822145041: RX: 03849781
2019-07-08 16:39:18,794 - DEBUG - tty.usbmodem0006822145041: parsed_packet {event: CmdRsp, data: {'opcode': 151, 'status': 129, 'data': bytearray(b'')}}
2019-07-08 16:39:18,796 - ERROR - tty.usbmodem0006822145041: AppkeyAdd: ERROR_INTERNAL
2019-07-08 16:39:18,796 - DEBUG - tty.usbmodem0006822145041: RX: 03849781
2019-07-08 16:39:18,797 - DEBUG - tty.usbmodem0006822145041: parsed_packet {event: CmdRsp, data: {'opcode': 151, 'status': 129, 'data': bytearray(b'')}}
2019-07-08 16:39:18,797 - ERROR - tty.usbmodem0006822145041: AppkeyAdd: ERROR_INTERNAL
2019-07-08 16:39:18,797 - DEBUG - tty.usbmodem0006822145041: RX: 0584a4000000
2019-07-08 16:39:18,798 - DEBUG - tty.usbmodem0006822145041: parsed_packet {event: CmdRsp, data: {'opcode': 164, 'status': 0, 'data': bytearray(b'\x00\x00')}}
2019-07-08 16:39:18,798 - INFO - tty.usbmodem0006822145041: AddrPublicationAdd: {'address_handle': 0}
2019-07-08 16:39:18,798 - ERROR - tty.usbmodem0006822145041: Error storing address handle: pop from empty list
2019-07-08 16:39:19,749 - DEBUG - tty.usbmodem0006822145041: Writing: 161 bytearray(b'\x01\xc0')
2019-07-08 16:39:19,751 - DEBUG - tty.usbmodem0006822145041: TX: 03a101c0
2019-07-08 16:39:19,753 - DEBUG - tty.usbmodem0006822145041: RX: 0584a1000100
2019-07-08 16:39:19,754 - DEBUG - tty.usbmodem0006822145041: parsed_packet {event: CmdRsp, data: {'opcode': 161, 'status': 0, 'data': bytearray(b'\x01\x00')}}
2019-07-08 16:39:19,754 - INFO - tty.usbmodem0006822145041: AddrSubscriptionAdd: {'address_handle': 1}
2019-07-08 16:39:19,754 - ERROR - tty.usbmodem0006822145041: Error storing address handle: pop from empty list
2019-07-08 16:39:22,849 - DEBUG - tty.usbmodem0006822145041.GenericOnOffClient: Sending opcode: 8202, data: 0100
2019-07-08 16:39:22,851 - DEBUG - tty.usbmodem0006822145041: Writing: 171 bytearray(b'\x00\x00\x01\x00\x00\x00\x08\x00\x00\x00\x82\x02\x01\x00')
2019-07-08 16:39:22,851 - DEBUG - tty.usbmodem0006822145041: TX: 0fab0000010000000800000082020100
2019-07-08 16:39:22,859 - DEBUG - tty.usbmodem0006822145041: RX: 0784ab0003000000
2019-07-08 16:39:22,859 - DEBUG - tty.usbmodem0006822145041: parsed_packet {event: CmdRsp, data: {'opcode': 171, 'status': 0, 'data': bytearray(b'\x03\x00\x00\x00')}}
2019-07-08 16:39:22,859 - INFO - tty.usbmodem0006822145041: PacketSend: {'token': 3}
2019-07-08 16:39:22,860 - DEBUG - tty.usbmodem0006822145041: RX: 05d203000000
2019-07-08 16:39:22,860 - DEBUG - tty.usbmodem0006822145041: parsed_packet {event: MeshTxComplete, data: {'token': 3}}
2019-07-08 16:39:22,860 - INFO - tty.usbmodem0006822145041: {event: MeshTxComplete, data: {'token': 3}}
2019-07-08 16:39:22,882 - DEBUG - tty.usbmodem0006822145041: RX: 17d010000100000000000401c8639509c2c2c20300820401
2019-07-08 16:39:22,883 - DEBUG - tty.usbmodem0006822145041: parsed_packet {event: MeshMessageReceivedUnicast, data: {'src': 16, 'dst': 1, 'appkey_handle': 0, 'subnet_handle': 0, 'ttl': 4, 'adv_addr_type': 1, 'adv_addr': bytearray(b'\xc8c\x95\t\xc2\xc2'), 'rssi': -62, 'actual_length': 3, 'data': bytearray(b'\x82\x04\x01')}}
2019-07-08 16:39:22,883 - DEBUG - tty.usbmodem0006822145041: Message Opcode bytearray(b'\x82\x04'), Data bytearray(b'\x01') unknown for model <mesh.access.Access object at 0x105158c50>.
2019-07-08 16:39:22,883 - INFO - tty.usbmodem0006822145041.GenericOnOffClient: Present OnOff: on
2019-07-08 16:39:22,883 - INFO - tty.usbmodem0006822145041.GenericOnOffServer: Server Event bytearray(b'\x82\x04') bytearray(b'\x01')
2019-07-08 16:39:22,883 - DEBUG - tty.usbmodem0006822145041: Message Opcode bytearray(b'\x82\x04'), Data bytearray(b'\x01') unknown for model <mesh.access.Access object at 0x105158c50>.
2019-07-08 16:39:22,883 - INFO - tty.usbmodem0006822145041: {event: MeshMessageReceivedUnicast, data: {'src': 16, 'dst': 1, 'appkey_handle': 0, 'subnet_handle': 0, 'ttl': 4, 'adv_addr_type': 1, 'adv_addr': bytearray(b'\xc8c\x95\t\xc2\xc2'), 'rssi': -62, 'actual_length': 3, 'data': bytearray(b'\x82\x04\x01')}}
2019-07-08 16:39:25,913 - DEBUG - tty.usbmodem0006822145041.GenericOnOffClient: Sending opcode: 8202, data: 0001
2019-07-08 16:39:25,914 - DEBUG - tty.usbmodem0006822145041: Writing: 171 bytearray(b'\x00\x00\x01\x00\x00\x00\x08\x00\x00\x00\x82\x02\x00\x01')
2019-07-08 16:39:25,915 - DEBUG - tty.usbmodem0006822145041: TX: 0fab0000010000000800000082020001
2019-07-08 16:39:25,922 - DEBUG - tty.usbmodem0006822145041: RX: 0784ab0004000000
2019-07-08 16:39:25,923 - DEBUG - tty.usbmodem0006822145041: parsed_packet {event: CmdRsp, data: {'opcode': 171, 'status': 0, 'data': bytearray(b'\x04\x00\x00\x00')}}
2019-07-08 16:39:25,923 - INFO - tty.usbmodem0006822145041: PacketSend: {'token': 4}
2019-07-08 16:39:25,928 - DEBUG - tty.usbmodem0006822145041: RX: 05d204000000
2019-07-08 16:39:25,928 - DEBUG - tty.usbmodem0006822145041: parsed_packet {event: MeshTxComplete, data: {'token': 4}}
2019-07-08 16:39:25,928 - INFO - tty.usbmodem0006822145041: {event: MeshTxComplete, data: {'token': 4}}
2019-07-08 16:39:25,935 - DEBUG - tty.usbmodem0006822145041: RX: 17d010000100000000000401c8639509c2c2ca0300820400
2019-07-08 16:39:25,935 - DEBUG - tty.usbmodem0006822145041: parsed_packet {event: MeshMessageReceivedUnicast, data: {'src': 16, 'dst': 1, 'appkey_handle': 0, 'subnet_handle': 0, 'ttl': 4, 'adv_addr_type': 1, 'adv_addr': bytearray(b'\xc8c\x95\t\xc2\xc2'), 'rssi': -54, 'actual_length': 3, 'data': bytearray(b'\x82\x04\x00')}}
2019-07-08 16:39:25,937 - DEBUG - tty.usbmodem0006822145041: Message Opcode bytearray(b'\x82\x04'), Data bytearray(b'\x00') unknown for model <mesh.access.Access object at 0x105158c50>.
2019-07-08 16:39:25,938 - INFO - tty.usbmodem0006822145041.GenericOnOffClient: off
2019-07-08 16:39:25,938 - INFO - tty.usbmodem0006822145041.GenericOnOffServer: Server Event bytearray(b'\x82\x04') bytearray(b'\x00')
2019-07-08 16:39:25,938 - DEBUG - tty.usbmodem0006822145041: Message Opcode bytearray(b'\x82\x04'), Data bytearray(b'\x00') unknown for model <mesh.access.Access object at 0x105158c50>.
2019-07-08 16:39:25,939 - INFO - tty.usbmodem0006822145041: {event: MeshMessageReceivedUnicast, data: {'src': 16, 'dst': 1, 'appkey_handle': 0, 'subnet_handle': 0, 'ttl': 4, 'adv_addr_type': 1, 'adv_addr': bytearray(b'\xc8c\x95\t\xc2\xc2'), 'rssi': -54, 'actual_length': 3, 'data': bytearray(b'\x82\x04\x00')}}
2019-07-08 16:39:27,857 - DEBUG - tty.usbmodem0006822145041.GenericOnOffClient: Sending opcode: 8202, data: 0102
2019-07-08 16:39:27,858 - DEBUG - tty.usbmodem0006822145041: Writing: 171 bytearray(b'\x00\x00\x01\x00\x00\x00\x08\x00\x00\x00\x82\x02\x01\x02')
2019-07-08 16:39:27,862 - DEBUG - tty.usbmodem0006822145041: TX: 0fab0000010000000800000082020102
2019-07-08 16:39:27,868 - DEBUG - tty.usbmodem0006822145041: RX: 0784ab0005000000
2019-07-08 16:39:27,869 - DEBUG - tty.usbmodem0006822145041: parsed_packet {event: CmdRsp, data: {'opcode': 171, 'status': 0, 'data': bytearray(b'\x05\x00\x00\x00')}}
2019-07-08 16:39:27,869 - INFO - tty.usbmodem0006822145041: PacketSend: {'token': 5}
2019-07-08 16:39:27,871 - DEBUG - tty.usbmodem0006822145041: RX: 05d205000000
2019-07-08 16:39:27,872 - DEBUG - tty.usbmodem0006822145041: parsed_packet {event: MeshTxComplete, data: {'token': 5}}
2019-07-08 16:39:27,872 - INFO - tty.usbmodem0006822145041: {event: MeshTxComplete, data: {'token': 5}}
2019-07-08 16:39:27,884 - DEBUG - tty.usbmodem0006822145041: RX: 17d010000100000000000401c8639509c2c2c40300820401
2019-07-08 16:39:27,884 - DEBUG - tty.usbmodem0006822145041: parsed_packet {event: MeshMessageReceivedUnicast, data: {'src': 16, 'dst': 1, 'appkey_handle': 0, 'subnet_handle': 0, 'ttl': 4, 'adv_addr_type': 1, 'adv_addr': bytearray(b'\xc8c\x95\t\xc2\xc2'), 'rssi': -60, 'actual_length': 3, 'data': bytearray(b'\x82\x04\x01')}}
2019-07-08 16:39:27,885 - DEBUG - tty.usbmodem0006822145041: Message Opcode bytearray(b'\x82\x04'), Data bytearray(b'\x01') unknown for model <mesh.access.Access object at 0x105158c50>.
2019-07-08 16:39:27,885 - INFO - tty.usbmodem0006822145041.GenericOnOffClient: Present OnOff: on
2019-07-08 16:39:27,885 - INFO - tty.usbmodem0006822145041.GenericOnOffServer: Server Event bytearray(b'\x82\x04') bytearray(b'\x01')
2019-07-08 16:39:27,885 - DEBUG - tty.usbmodem0006822145041: Message Opcode bytearray(b'\x82\x04'), Data bytearray(b'\x01') unknown for model <mesh.access.Access object at 0x105158c50>.
2019-07-08 16:39:27,899 - INFO - tty.usbmodem0006822145041: {event: MeshMessageReceivedUnicast, data: {'src': 16, 'dst': 1, 'appkey_handle': 0, 'subnet_handle': 0, 'ttl': 4, 'adv_addr_type': 1, 'adv_addr': bytearray(b'\xc8c\x95\t\xc2\xc2'), 'rssi': -60, 'actual_length': 3, 'data': bytearray(b'\x82\x04\x01')}}
2019-07-08 16:39:30,152 - DEBUG - tty.usbmodem0006822145041: exited read event
2019-07-08 16:39:36,463 - DEBUG - tty.usbmodem0006822145041: Writing: 105 bytearray(b'\x97\xcd\xa4\x97Q\x1br\xa3(\x8f\x84\xf9\xb0\xa7X\xa1k\xf6\xa30bAQ\x86#4\x0b\x17\x80\xbd\xa3N\x08Oh\xe6(K\xe3\xd7BX\xb8\xc3$~\x91\xc6Q\x82\x81\x04\x9c\xde\xe9\xd3$\xb6kM\xa8X\x9f\x11\x16a\x86\xa1\x10\xe6,?I\xc1i\x91\x1cQ\xcdg\x00\xe6\xae\xfbWcs\xe0\\w`\xe8%tKv')
2019-07-08 16:39:36,463 - DEBUG - tty.usbmodem0006822145041: TX: 616997cda497511b72a3288f84f9b0a758a16bf6a3306241518623340b1780bda34e084f68e6284be3d74258b8c3247e91c6518281049cdee9d324b66b4da8589f11166186a110e62c3f49c169911c51cd6700e6aefb576373e05c7760e825744b76
2019-07-08 16:39:36,474 - DEBUG - tty.usbmodem0006822145041: RX: 03845384
2019-07-08 16:39:36,475 - DEBUG - tty.usbmodem0006822145041: parsed_packet {event: CmdRsp, data: {'opcode': 83, 'status': 132, 'data': bytearray(b'')}}
2019-07-08 16:39:36,475 - ERROR - tty.usbmodem0006822145041: None: ERROR_INVALID_LENGTH
2019-07-08 16:39:36,475 - DEBUG - tty.usbmodem0006822145041: Writing: 159 bytearray(b'\x01\x00\x01\x00')
2019-07-08 16:39:36,475 - DEBUG - tty.usbmodem0006822145041: RX: 03840084
2019-07-08 16:39:36,476 - DEBUG - tty.usbmodem0006822145041: TX: 059f01000100
2019-07-08 16:39:36,476 - DEBUG - tty.usbmodem0006822145041: parsed_packet {event: CmdRsp, data: {'opcode': 0, 'status': 132, 'data': bytearray(b'')}}
2019-07-08 16:39:36,476 - ERROR - tty.usbmodem0006822145041: None: ERROR_INVALID_LENGTH
2019-07-08 16:39:36,476 - DEBUG - tty.usbmodem0006822145041: Writing: 146 bytearray(b'\x00\x00\x18\xee\xd9\xc2\xa5j\xdd\x85\x04\x9f\xfc<Y\xad\x0e\x12')
2019-07-08 16:39:36,477 - DEBUG - tty.usbmodem0006822145041: TX: 1392000018eed9c2a56add85049ffc3c59ad0e12
2019-07-08 16:39:36,477 - DEBUG - tty.usbmodem0006822145041: RX: 03840084
2019-07-08 16:39:36,478 - DEBUG - tty.usbmodem0006822145041: parsed_packet {event: CmdRsp, data: {'opcode': 0, 'status': 132, 'data': bytearray(b'')}}
2019-07-08 16:39:36,478 - ERROR - tty.usbmodem0006822145041: None: ERROR_INVALID_LENGTH
2019-07-08 16:39:36,478 - DEBUG - tty.usbmodem0006822145041: RX: 03840084
2019-07-08 16:39:36,478 - DEBUG - tty.usbmodem0006822145041: Writing: 151 bytearray(b'\x00\x00\x00\x00Oh\xad\x85\xd9\xf4\x8a\xc8X\x9d\xf6e\xb6\xb4\x9b\x8a')
2019-07-08 16:39:36,478 - DEBUG - tty.usbmodem0006822145041: parsed_packet {event: CmdRsp, data: {'opcode': 0, 'status': 132, 'data': bytearray(b'')}}
2019-07-08 16:39:36,479 - DEBUG - tty.usbmodem0006822145041: TX: 1597000000004f68ad85d9f48ac8589df665b6b49b8a
2019-07-08 16:39:36,479 - ERROR - tty.usbmodem0006822145041: None: ERROR_INVALID_LENGTH
2019-07-08 16:39:36,479 - DEBUG - tty.usbmodem0006822145041: Writing: 151 bytearray(b'\x01\x00\x00\x00*\xa2\xa6\xde\xd5\xa0y\x8c\xea\xb5x|\xa3\xae9\xfc')
2019-07-08 16:39:36,487 - DEBUG - tty.usbmodem0006822145041: RX: 03840084
2019-07-08 16:39:36,488 - DEBUG - tty.usbmodem0006822145041: TX: 1597010000002aa2a6ded5a0798ceab5787ca3ae39fc
2019-07-08 16:39:36,488 - DEBUG - tty.usbmodem0006822145041: parsed_packet {event: CmdRsp, data: {'opcode': 0, 'status': 132, 'data': bytearray(b'')}}
2019-07-08 16:39:36,489 - ERROR - tty.usbmodem0006822145041: None: ERROR_INVALID_LENGTH
2019-07-08 16:39:36,489 - DEBUG - tty.usbmodem0006822145041: Writing: 164 bytearray(b'\x10\x00')
2019-07-08 16:39:36,489 - DEBUG - tty.usbmodem0006822145041: TX: 03a41000
2019-07-08 16:39:36,490 - DEBUG - tty.usbmodem0006822145041: RX: 03840084
2019-07-08 16:39:36,490 - DEBUG - tty.usbmodem0006822145041: parsed_packet {event: CmdRsp, data: {'opcode': 0, 'status': 132, 'data': bytearray(b'')}}
2019-07-08 16:39:36,490 - ERROR - tty.usbmodem0006822145041: None: ERROR_INVALID_LENGTH
2019-07-08 16:39:36,491 - DEBUG - tty.usbmodem0006822145041: RX: 03840084
2019-07-08 16:39:36,491 - DEBUG - tty.usbmodem0006822145041: parsed_packet {event: CmdRsp, data: {'opcode': 0, 'status': 132, 'data': bytearray(b'')}}
2019-07-08 16:39:36,491 - ERROR - tty.usbmodem0006822145041: None: ERROR_INVALID_LENGTH
2019-07-08 16:39:36,491 - DEBUG - tty.usbmodem0006822145041: RX: 03840084
2019-07-08 16:39:36,492 - DEBUG - tty.usbmodem0006822145041: parsed_packet {event: CmdRsp, data: {'opcode': 0, 'status': 132, 'data': bytearray(b'')}}
2019-07-08 16:39:36,492 - ERROR - tty.usbmodem0006822145041: None: ERROR_INVALID_LENGTH
2019-07-08 16:39:36,492 - DEBUG - tty.usbmodem0006822145041: RX: 03840084
2019-07-08 16:39:36,493 - DEBUG - tty.usbmodem0006822145041: parsed_packet {event: CmdRsp, data: {'opcode': 0, 'status': 132, 'data': bytearray(b'')}}
2019-07-08 16:39:36,493 - ERROR - tty.usbmodem0006822145041: None: ERROR_INVALID_LENGTH
2019-07-08 16:39:36,493 - DEBUG - tty.usbmodem0006822145041: RX: 03840084
2019-07-08 16:39:36,493 - DEBUG - tty.usbmodem0006822145041: parsed_packet {event: CmdRsp, data: {'opcode': 0, 'status': 132, 'data': bytearray(b'')}}
2019-07-08 16:39:36,493 - ERROR - tty.usbmodem0006822145041: None: ERROR_INVALID_LENGTH
2019-07-08 16:39:36,493 - DEBUG - tty.usbmodem0006822145041: RX: 03840084
2019-07-08 16:39:36,493 - DEBUG - tty.usbmodem0006822145041: parsed_packet {event: CmdRsp, data: {'opcode': 0, 'status': 132, 'data': bytearray(b'')}}
2019-07-08 16:39:36,494 - ERROR - tty.usbmodem0006822145041: None: ERROR_INVALID_LENGTH
2019-07-08 16:39:36,494 - DEBUG - tty.usbmodem0006822145041: RX: 03840084
2019-07-08 16:39:36,494 - DEBUG - tty.usbmodem0006822145041: parsed_packet {event: CmdRsp, data: {'opcode': 0, 'status': 132, 'data': bytearray(b'')}}
2019-07-08 16:39:36,494 - ERROR - tty.usbmodem0006822145041: None: ERROR_INVALID_LENGTH
2019-07-08 16:39:36,495 - DEBUG - tty.usbmodem0006822145041: RX: 03840084
2019-07-08 16:39:36,495 - DEBUG - tty.usbmodem0006822145041: parsed_packet {event: CmdRsp, data: {'opcode': 0, 'status': 132, 'data': bytearray(b'')}}
2019-07-08 16:39:36,495 - ERROR - tty.usbmodem0006822145041: None: ERROR_INVALID_LENGTH
2019-07-08 16:39:36,496 - DEBUG - tty.usbmodem0006822145041: RX: 03849f8e
2019-07-08 16:39:36,496 - DEBUG - tty.usbmodem0006822145041: parsed_packet {event: CmdRsp, data: {'opcode': 159, 'status': 142, 'data': bytearray(b'')}}
2019-07-08 16:39:36,496 - ERROR - tty.usbmodem0006822145041: None: ERROR_REJECTED
2019-07-08 16:39:36,496 - DEBUG - tty.usbmodem0006822145041: RX: 03849281
2019-07-08 16:39:36,496 - DEBUG - tty.usbmodem0006822145041: parsed_packet {event: CmdRsp, data: {'opcode': 146, 'status': 129, 'data': bytearray(b'')}}
2019-07-08 16:39:36,496 - ERROR - tty.usbmodem0006822145041: SubnetAdd: ERROR_INTERNAL
2019-07-08 16:39:36,496 - DEBUG - tty.usbmodem0006822145041: RX: 03849781
2019-07-08 16:39:36,496 - DEBUG - tty.usbmodem0006822145041: parsed_packet {event: CmdRsp, data: {'opcode': 151, 'status': 129, 'data': bytearray(b'')}}
2019-07-08 16:39:36,497 - ERROR - tty.usbmodem0006822145041: AppkeyAdd: ERROR_INTERNAL
2019-07-08 16:39:36,497 - DEBUG - tty.usbmodem0006822145041: RX: 03849781
2019-07-08 16:39:36,497 - DEBUG - tty.usbmodem0006822145041: parsed_packet {event: CmdRsp, data: {'opcode': 151, 'status': 129, 'data': bytearray(b'')}}
2019-07-08 16:39:36,497 - ERROR - tty.usbmodem0006822145041: AppkeyAdd: ERROR_INTERNAL
2019-07-08 16:39:36,497 - DEBUG - tty.usbmodem0006822145041: RX: 0584a4000000
2019-07-08 16:39:36,497 - DEBUG - tty.usbmodem0006822145041: parsed_packet {event: CmdRsp, data: {'opcode': 164, 'status': 0, 'data': bytearray(b'\x00\x00')}}
2019-07-08 16:39:36,498 - INFO - tty.usbmodem0006822145041: AddrPublicationAdd: {'address_handle': 0}
2019-07-08 16:39:36,498 - ERROR - tty.usbmodem0006822145041: Error storing address handle: pop from empty list
2019-07-08 16:39:37,468 - DEBUG - tty.usbmodem0006822145041: Writing: 161 bytearray(b'\x01\xc0')
2019-07-08 16:39:37,471 - DEBUG - tty.usbmodem0006822145041: TX: 03a101c0
2019-07-08 16:39:37,473 - DEBUG - tty.usbmodem0006822145041: RX: 0584a1000100
2019-07-08 16:39:37,473 - DEBUG - tty.usbmodem0006822145041: parsed_packet {event: CmdRsp, data: {'opcode': 161, 'status': 0, 'data': bytearray(b'\x01\x00')}}
2019-07-08 16:39:37,473 - INFO - tty.usbmodem0006822145041: AddrSubscriptionAdd: {'address_handle': 1}
2019-07-08 16:39:37,473 - ERROR - tty.usbmodem0006822145041: Error storing address handle: pop from empty list
2019-07-08 16:40:40,519 - DEBUG - tty.usbmodem0006822145041.GenericOnOffClient: Sending opcode: 8202, data: 0100
2019-07-08 16:40:40,522 - DEBUG - tty.usbmodem0006822145041: Writing: 171 bytearray(b'\x00\x00\x01\x00\x00\x00\x08\x00\x00\x00\x82\x02\x01\x00')
2019-07-08 16:40:40,528 - DEBUG - tty.usbmodem0006822145041: TX: 0fab0000010000000800000082020100
2019-07-08 16:40:40,539 - DEBUG - tty.usbmodem0006822145041: RX: 0784ab0006000000
2019-07-08 16:40:40,541 - DEBUG - tty.usbmodem0006822145041: parsed_packet {event: CmdRsp, data: {'opcode': 171, 'status': 0, 'data': bytearray(b'\x06\x00\x00\x00')}}
2019-07-08 16:40:40,545 - INFO - tty.usbmodem0006822145041: PacketSend: {'token': 6}
2019-07-08 16:40:40,553 - DEBUG - tty.usbmodem0006822145041: RX: 05d206000000
2019-07-08 16:40:40,554 - DEBUG - tty.usbmodem0006822145041: parsed_packet {event: MeshTxComplete, data: {'token': 6}}
2019-07-08 16:40:40,554 - INFO - tty.usbmodem0006822145041: {event: MeshTxComplete, data: {'token': 6}}
2019-07-08 16:40:40,565 - DEBUG - tty.usbmodem0006822145041: RX: 17d010000100000000000401c8639509c2c2c60300820401
2019-07-08 16:40:40,565 - DEBUG - tty.usbmodem0006822145041: parsed_packet {event: MeshMessageReceivedUnicast, data: {'src': 16, 'dst': 1, 'appkey_handle': 0, 'subnet_handle': 0, 'ttl': 4, 'adv_addr_type': 1, 'adv_addr': bytearray(b'\xc8c\x95\t\xc2\xc2'), 'rssi': -58, 'actual_length': 3, 'data': bytearray(b'\x82\x04\x01')}}
2019-07-08 16:40:40,565 - DEBUG - tty.usbmodem0006822145041: Message Opcode bytearray(b'\x82\x04'), Data bytearray(b'\x01') unknown for model <mesh.access.Access object at 0x109b61d30>.
2019-07-08 16:40:40,566 - INFO - tty.usbmodem0006822145041.GenericOnOffClient: Present OnOff: on
2019-07-08 16:40:40,566 - INFO - tty.usbmodem0006822145041.GenericOnOffServer: Server Event bytearray(b'\x82\x04') bytearray(b'\x01')
2019-07-08 16:40:40,566 - DEBUG - tty.usbmodem0006822145041: Message Opcode bytearray(b'\x82\x04'), Data bytearray(b'\x01') unknown for model <mesh.access.Access object at 0x109b61d30>.
2019-07-08 16:40:40,566 - INFO - tty.usbmodem0006822145041: {event: MeshMessageReceivedUnicast, data: {'src': 16, 'dst': 1, 'appkey_handle': 0, 'subnet_handle': 0, 'ttl': 4, 'adv_addr_type': 1, 'adv_addr': bytearray(b'\xc8c\x95\t\xc2\xc2'), 'rssi': -58, 'actual_length': 3, 'data': bytearray(b'\x82\x04\x01')}}
2019-07-08 16:40:44,466 - DEBUG - tty.usbmodem0006822145041.GenericOnOffClient: Sending opcode: 8202, data: 0101
2019-07-08 16:40:44,467 - DEBUG - tty.usbmodem0006822145041: Writing: 171 bytearray(b'\x00\x00\x01\x00\x00\x00\x08\x00\x00\x00\x82\x02\x01\x01')
2019-07-08 16:40:44,472 - DEBUG - tty.usbmodem0006822145041: TX: 0fab0000010000000800000082020101
2019-07-08 16:40:44,476 - DEBUG - tty.usbmodem0006822145041: RX: 0784ab0007000000
2019-07-08 16:40:44,477 - DEBUG - tty.usbmodem0006822145041: parsed_packet {event: CmdRsp, data: {'opcode': 171, 'status': 0, 'data': bytearray(b'\x07\x00\x00\x00')}}
2019-07-08 16:40:44,478 - INFO - tty.usbmodem0006822145041: PacketSend: {'token': 7}
2019-07-08 16:40:44,492 - DEBUG - tty.usbmodem0006822145041: RX: 05d207000000
2019-07-08 16:40:44,493 - DEBUG - tty.usbmodem0006822145041: parsed_packet {event: MeshTxComplete, data: {'token': 7}}
2019-07-08 16:40:44,493 - INFO - tty.usbmodem0006822145041: {event: MeshTxComplete, data: {'token': 7}}
2019-07-08 16:40:44,503 - DEBUG - tty.usbmodem0006822145041: RX: 17d010000100000000000401c8639509c2c2cc0300820401
2019-07-08 16:40:44,504 - DEBUG - tty.usbmodem0006822145041: parsed_packet {event: MeshMessageReceivedUnicast, data: {'src': 16, 'dst': 1, 'appkey_handle': 0, 'subnet_handle': 0, 'ttl': 4, 'adv_addr_type': 1, 'adv_addr': bytearray(b'\xc8c\x95\t\xc2\xc2'), 'rssi': -52, 'actual_length': 3, 'data': bytearray(b'\x82\x04\x01')}}
2019-07-08 16:40:44,504 - DEBUG - tty.usbmodem0006822145041: Message Opcode bytearray(b'\x82\x04'), Data bytearray(b'\x01') unknown for model <mesh.access.Access object at 0x109b61d30>.
2019-07-08 16:40:44,504 - INFO - tty.usbmodem0006822145041.GenericOnOffClient: Present OnOff: on
2019-07-08 16:40:44,504 - INFO - tty.usbmodem0006822145041.GenericOnOffServer: Server Event bytearray(b'\x82\x04') bytearray(b'\x01')
2019-07-08 16:40:44,504 - DEBUG - tty.usbmodem0006822145041: Message Opcode bytearray(b'\x82\x04'), Data bytearray(b'\x01') unknown for model <mesh.access.Access object at 0x109b61d30>.
2019-07-08 16:40:44,504 - INFO - tty.usbmodem0006822145041: {event: MeshMessageReceivedUnicast, data: {'src': 16, 'dst': 1, 'appkey_handle': 0, 'subnet_handle': 0, 'ttl': 4, 'adv_addr_type': 1, 'adv_addr': bytearray(b'\xc8c\x95\t\xc2\xc2'), 'rssi': -52, 'actual_length': 3, 'data': bytearray(b'\x82\x04\x01')}}
2019-07-08 16:40:46,878 - DEBUG - tty.usbmodem0006822145041: exited read event
