2019-06-19 18:18:57,186 - DEBUG - tty.usbmodem0006822145041: TX: 6169040288b89e3d5f1d92a215045a426fc84279bba230d163b35ba7c27e9cc9a52db5b047b24f254da0ad13364649198390dc0607f899f8798a8ce7e99481d8acaa3780a14f73344b64b3aafd32fab69e889cc9f59889d3ec1471619a6a05900593
2019-06-19 18:18:57,218 - DEBUG - tty.usbmodem0006822145041: RX: 03845384
2019-06-19 18:18:57,218 - DEBUG - tty.usbmodem0006822145041: parsed_packet {event: CmdRsp, data: {'opcode': 83, 'status': 132, 'data': bytearray(b'')}}
2019-06-19 18:18:57,220 - INFO - tty.usbmodem0006822145041: Got 132
2019-06-19 18:18:57,221 - DEBUG - tty.usbmodem0006822145041: TX: 059f01000100
2019-06-19 18:18:57,220 - ERROR - tty.usbmodem0006822145041: None: ERROR_INVALID_LENGTH
2019-06-19 18:18:57,328 - DEBUG - tty.usbmodem0006822145041.ConfigurationClient: Sending opcode: 8008, data: 00
2019-06-19 18:18:57,330 - DEBUG - tty.usbmodem0006822145041.ConfigurationClient: Sending opcode: 00, data: 0000004f68ad85d9f48ac8589df665b6b49b8a
2019-06-19 18:18:57,337 - DEBUG - tty.usbmodem0006822145041.ConfigurationClient: Sending opcode: 803d, data: 100000000010
2019-06-19 18:18:57,347 - DEBUG - tty.usbmodem0006822145041.ConfigurationClient: Sending opcode: 801b, data: 100001c00001
2019-06-19 18:18:57,371 - DEBUG - tty.usbmodem0006822145041.GenericOnOffClient: Sending opcode: 8202, data: 0100
2019-06-19 18:18:59,227 - INFO - tty.usbmodem0006822145041: cmd AddrLocalUnicastSet, timeout waiting for event
2019-06-19 18:18:59,228 - DEBUG - tty.usbmodem0006822145041: TX: 1392000018eed9c2a56add85049ffc3c59ad0e12
2019-06-19 18:19:01,232 - INFO - tty.usbmodem0006822145041: cmd SubnetAdd, timeout waiting for event
2019-06-19 18:19:01,233 - DEBUG - tty.usbmodem0006822145041: TX: 1597000000004f68ad85d9f48ac8589df665b6b49b8a
2019-06-19 18:19:03,237 - INFO - tty.usbmodem0006822145041: cmd AppkeyAdd, timeout waiting for event
2019-06-19 18:19:03,237 - DEBUG - tty.usbmodem0006822145041: TX: 1597010000002aa2a6ded5a0798ceab5787ca3ae39fc
2019-06-19 18:19:05,238 - INFO - tty.usbmodem0006822145041: cmd AppkeyAdd, timeout waiting for event
2019-06-19 18:19:05,239 - DEBUG - tty.usbmodem0006822145041: TX: 0161
2019-06-19 18:19:07,239 - INFO - tty.usbmodem0006822145041: cmd ScanStart, timeout waiting for event
2019-06-19 18:19:07,240 - DEBUG - tty.usbmodem0006822145041: TX: 0162
2019-06-19 18:19:09,240 - INFO - tty.usbmodem0006822145041: cmd ScanStop, timeout waiting for event
2019-06-19 18:19:09,241 - DEBUG - tty.usbmodem0006822145041: TX: 0eab08000100000008000000800800
2019-06-19 18:19:11,242 - INFO - tty.usbmodem0006822145041: cmd PacketSend, timeout waiting for event
2019-06-19 18:19:11,242 - DEBUG - tty.usbmodem0006822145041: TX: 1fab08000100000008000000000000004f68ad85d9f48ac8589df665b6b49b8a
2019-06-19 18:19:13,245 - INFO - tty.usbmodem0006822145041: cmd PacketSend, timeout waiting for event
2019-06-19 18:19:13,245 - DEBUG - tty.usbmodem0006822145041: TX: 13ab08000100000008000000803d100000000010
2019-06-19 18:19:15,247 - INFO - tty.usbmodem0006822145041: cmd PacketSend, timeout waiting for event
2019-06-19 18:19:15,248 - DEBUG - tty.usbmodem0006822145041: TX: 03a401c0
2019-06-19 18:19:17,251 - INFO - tty.usbmodem0006822145041: cmd AddrPublicationAdd, timeout waiting for event
2019-06-19 18:19:17,252 - DEBUG - tty.usbmodem0006822145041: TX: 13ab08000100000008000000801b100001c00001
2019-06-19 18:19:19,256 - INFO - tty.usbmodem0006822145041: cmd PacketSend, timeout waiting for event
2019-06-19 18:19:19,257 - DEBUG - tty.usbmodem0006822145041: TX: 0fab0000010001000800000082020100
2019-06-19 18:19:21,262 - INFO - tty.usbmodem0006822145041: cmd PacketSend, timeout waiting for event
2019-06-19 18:26:47,003 - DEBUG - tty.usbmodem0006822145041: RX: 840384008403849f008492008497000597000100038461001ac09db77a0526b8734988639509c242d107c80001c8639509c2c2038462000384ab8e0384ab8e0384ab8e0584a40000000384ab8e04810200fe0384ab8e04810200fe0384ab8e0384ab8e0384ab8e0584a40000000384ab870384ab8e03845384038400840384008403840084
2019-06-19 18:26:47,010 - ERROR - tty.usbmodem0006822145041: Unable to deserialize 840384008403849f008492008497000597000100038461001ac09db77a0526b8734988639509c242d107c80001c8639509c2c2038462000384ab8e0384ab8e0384ab8e0584a40000000384ab8e04810200fe0384ab8e04810200fe0384ab8e0384ab8e0384ab8e0584a40000000384ab870384ab8e03845384038400840384008403840084
2019-06-19 18:26:47,015 - DEBUG - tty.usbmodem0006822145041: RX: 03840084
2019-06-19 18:26:47,018 - DEBUG - tty.usbmodem0006822145041: parsed_packet {event: CmdRsp, data: {'opcode': 0, 'status': 132, 'data': bytearray(b'')}}
2019-06-19 18:26:47,023 - INFO - tty.usbmodem0006822145041: Got 132
2019-06-19 18:26:47,027 - ERROR - tty.usbmodem0006822145041: None: ERROR_INVALID_LENGTH
2019-06-19 18:26:47,030 - DEBUG - tty.usbmodem0006822145041: RX: 03840084
2019-06-19 18:26:47,031 - DEBUG - tty.usbmodem0006822145041: parsed_packet {event: CmdRsp, data: {'opcode': 0, 'status': 132, 'data': bytearray(b'')}}
2019-06-19 18:26:47,031 - INFO - tty.usbmodem0006822145041: Got 132
2019-06-19 18:26:47,032 - ERROR - tty.usbmodem0006822145041: None: ERROR_INVALID_LENGTH
2019-06-19 18:26:47,034 - DEBUG - tty.usbmodem0006822145041: RX: 03840084
2019-06-19 18:26:47,034 - DEBUG - tty.usbmodem0006822145041: parsed_packet {event: CmdRsp, data: {'opcode': 0, 'status': 132, 'data': bytearray(b'')}}
2019-06-19 18:26:47,035 - INFO - tty.usbmodem0006822145041: Got 132
2019-06-19 18:26:47,036 - ERROR - tty.usbmodem0006822145041: None: ERROR_INVALID_LENGTH
2019-06-19 18:26:47,037 - DEBUG - tty.usbmodem0006822145041: RX: 03840084
2019-06-19 18:26:47,037 - DEBUG - tty.usbmodem0006822145041: parsed_packet {event: CmdRsp, data: {'opcode': 0, 'status': 132, 'data': bytearray(b'')}}
2019-06-19 18:26:47,037 - INFO - tty.usbmodem0006822145041: Got 132
2019-06-19 18:26:47,038 - ERROR - tty.usbmodem0006822145041: None: ERROR_INVALID_LENGTH
2019-06-19 18:26:47,039 - DEBUG - tty.usbmodem0006822145041: RX: 03840084
2019-06-19 18:26:47,039 - DEBUG - tty.usbmodem0006822145041: parsed_packet {event: CmdRsp, data: {'opcode': 0, 'status': 132, 'data': bytearray(b'')}}
2019-06-19 18:26:47,039 - INFO - tty.usbmodem0006822145041: Got 132
2019-06-19 18:26:47,039 - ERROR - tty.usbmodem0006822145041: None: ERROR_INVALID_LENGTH
2019-06-19 18:26:47,040 - DEBUG - tty.usbmodem0006822145041: RX: 03840084
2019-06-19 18:26:47,040 - DEBUG - tty.usbmodem0006822145041: parsed_packet {event: CmdRsp, data: {'opcode': 0, 'status': 132, 'data': bytearray(b'')}}
2019-06-19 18:26:47,040 - INFO - tty.usbmodem0006822145041: Got 132
2019-06-19 18:26:47,040 - ERROR - tty.usbmodem0006822145041: None: ERROR_INVALID_LENGTH
2019-06-19 18:26:47,040 - DEBUG - tty.usbmodem0006822145041: RX: 03840084
2019-06-19 18:26:47,041 - DEBUG - tty.usbmodem0006822145041: parsed_packet {event: CmdRsp, data: {'opcode': 0, 'status': 132, 'data': bytearray(b'')}}
2019-06-19 18:26:47,041 - INFO - tty.usbmodem0006822145041: Got 132
2019-06-19 18:26:47,041 - ERROR - tty.usbmodem0006822145041: None: ERROR_INVALID_LENGTH
2019-06-19 18:26:47,041 - DEBUG - tty.usbmodem0006822145041: RX: 03840084
2019-06-19 18:26:47,041 - DEBUG - tty.usbmodem0006822145041: parsed_packet {event: CmdRsp, data: {'opcode': 0, 'status': 132, 'data': bytearray(b'')}}
2019-06-19 18:26:47,041 - INFO - tty.usbmodem0006822145041: Got 132
2019-06-19 18:26:47,041 - ERROR - tty.usbmodem0006822145041: None: ERROR_INVALID_LENGTH
2019-06-19 18:26:47,041 - DEBUG - tty.usbmodem0006822145041: RX: 03840084
2019-06-19 18:26:47,042 - DEBUG - tty.usbmodem0006822145041: parsed_packet {event: CmdRsp, data: {'opcode': 0, 'status': 132, 'data': bytearray(b'')}}
2019-06-19 18:26:47,042 - INFO - tty.usbmodem0006822145041: Got 132
2019-06-19 18:26:47,042 - ERROR - tty.usbmodem0006822145041: None: ERROR_INVALID_LENGTH
2019-06-19 18:26:48,992 - DEBUG - tty.usbmodem0006822145041: RX: 03849f00
2019-06-19 18:26:48,992 - DEBUG - tty.usbmodem0006822145041: parsed_packet {event: CmdRsp, data: {'opcode': 159, 'status': 0, 'data': bytearray(b'')}}
2019-06-19 18:26:48,992 - INFO - tty.usbmodem0006822145041: Got 132
2019-06-19 18:26:48,993 - INFO - tty.usbmodem0006822145041: Success
2019-06-19 18:26:50,997 - DEBUG - tty.usbmodem0006822145041: RX: 058492000000
2019-06-19 18:26:50,997 - DEBUG - tty.usbmodem0006822145041: parsed_packet {event: CmdRsp, data: {'opcode': 146, 'status': 0, 'data': bytearray(b'\x00\x00')}}
2019-06-19 18:26:50,997 - INFO - tty.usbmodem0006822145041: Got 132
2019-06-19 18:26:50,998 - INFO - tty.usbmodem0006822145041: SubnetAdd: {'subnet_handle': 0}
2019-06-19 18:26:53,002 - DEBUG - tty.usbmodem0006822145041: RX: 058497000000
2019-06-19 18:26:53,002 - DEBUG - tty.usbmodem0006822145041: parsed_packet {event: CmdRsp, data: {'opcode': 151, 'status': 0, 'data': bytearray(b'\x00\x00')}}
2019-06-19 18:26:53,002 - INFO - tty.usbmodem0006822145041: Got 132
2019-06-19 18:26:53,003 - INFO - tty.usbmodem0006822145041: AppkeyAdd: {'appkey_handle': 0}
2019-06-19 18:26:55,002 - DEBUG - tty.usbmodem0006822145041: RX: 0384ab8e
2019-06-19 18:26:55,004 - DEBUG - tty.usbmodem0006822145041: parsed_packet {event: CmdRsp, data: {'opcode': 171, 'status': 142, 'data': bytearray(b'')}}
2019-06-19 18:26:55,005 - INFO - tty.usbmodem0006822145041: Got 132
2019-06-19 18:26:55,006 - ERROR - tty.usbmodem0006822145041: PacketSend: ERROR_REJECTED
2019-06-19 18:26:55,007 - DEBUG - tty.usbmodem0006822145041: RX: 058497000100
2019-06-19 18:26:55,007 - DEBUG - tty.usbmodem0006822145041: parsed_packet {event: CmdRsp, data: {'opcode': 151, 'status': 0, 'data': bytearray(b'\x01\x00')}}
2019-06-19 18:26:55,008 - INFO - tty.usbmodem0006822145041: Got 132
2019-06-19 18:26:55,009 - INFO - tty.usbmodem0006822145041: AppkeyAdd: {'appkey_handle': 1}
2019-06-19 18:26:57,008 - DEBUG - tty.usbmodem0006822145041: RX: 0384ab8e
2019-06-19 18:26:57,008 - DEBUG - tty.usbmodem0006822145041: parsed_packet {event: CmdRsp, data: {'opcode': 171, 'status': 142, 'data': bytearray(b'')}}
2019-06-19 18:26:57,008 - INFO - tty.usbmodem0006822145041: Got 132
2019-06-19 18:26:57,008 - ERROR - tty.usbmodem0006822145041: PacketSend: ERROR_REJECTED
2019-06-19 18:26:57,009 - DEBUG - tty.usbmodem0006822145041: RX: 03846283
2019-06-19 18:26:57,009 - DEBUG - tty.usbmodem0006822145041: parsed_packet {event: CmdRsp, data: {'opcode': 98, 'status': 131, 'data': bytearray(b'')}}
2019-06-19 18:26:57,009 - INFO - tty.usbmodem0006822145041: Got 132
2019-06-19 18:26:57,009 - ERROR - tty.usbmodem0006822145041: None: ERROR_INVALID_STATE
2019-06-19 18:26:59,013 - DEBUG - tty.usbmodem0006822145041: RX: 0384ab8e
2019-06-19 18:26:59,013 - DEBUG - tty.usbmodem0006822145041: parsed_packet {event: CmdRsp, data: {'opcode': 171, 'status': 142, 'data': bytearray(b'')}}
2019-06-19 18:26:59,014 - INFO - tty.usbmodem0006822145041: Got 132
2019-06-19 18:26:59,014 - ERROR - tty.usbmodem0006822145041: PacketSend: ERROR_REJECTED
2019-06-19 18:27:01,014 - DEBUG - tty.usbmodem0006822145041: RX: 0584a4000000
2019-06-19 18:27:01,015 - DEBUG - tty.usbmodem0006822145041: parsed_packet {event: CmdRsp, data: {'opcode': 164, 'status': 0, 'data': bytearray(b'\x00\x00')}}
2019-06-19 18:27:01,015 - INFO - tty.usbmodem0006822145041: Got 132
2019-06-19 18:27:01,015 - INFO - tty.usbmodem0006822145041: AddrPublicationAdd: {'address_handle': 0}
2019-06-19 18:27:03,021 - DEBUG - tty.usbmodem0006822145041: RX: 0384ab8e
2019-06-19 18:27:03,021 - DEBUG - tty.usbmodem0006822145041: parsed_packet {event: CmdRsp, data: {'opcode': 171, 'status': 142, 'data': bytearray(b'')}}
2019-06-19 18:27:03,022 - INFO - tty.usbmodem0006822145041: Got 132
2019-06-19 18:27:03,022 - ERROR - tty.usbmodem0006822145041: PacketSend: ERROR_REJECTED
2019-06-19 18:27:05,022 - DEBUG - tty.usbmodem0006822145041: RX: 0384ab8e
2019-06-19 18:27:05,023 - DEBUG - tty.usbmodem0006822145041: parsed_packet {event: CmdRsp, data: {'opcode': 171, 'status': 142, 'data': bytearray(b'')}}
2019-06-19 18:27:05,023 - INFO - tty.usbmodem0006822145041: Got 132
2019-06-19 18:27:05,023 - ERROR - tty.usbmodem0006822145041: PacketSend: ERROR_REJECTED
2019-06-19 18:27:50,055 - DEBUG - tty.usbmodem0006822145041: RX: 03848484
2019-06-19 18:27:50,057 - DEBUG - tty.usbmodem0006822145041: parsed_packet {event: CmdRsp, data: {'opcode': 132, 'status': 132, 'data': bytearray(b'')}}
2019-06-19 18:27:50,058 - INFO - tty.usbmodem0006822145041: Got 132
2019-06-19 18:27:50,058 - ERROR - tty.usbmodem0006822145041: None: ERROR_INVALID_LENGTH
