2019-07-05 14:05:02,630 - DEBUG - tty.usbmodem0006822145041: Writing: 105 bytearray(b'`\x8c\xb4%)K+\xab\xfa\xd9\xf6M\x1dg+wnn]R\xd0 \xd2\x06sUeo\x8a\xdf\x80aCK1f\xbe\xbe\xf8\xc8\xe37\xd4\xaa~\xe3\xfc\xd6\xbe\xdaB\xcfV\xb2[\xd4\xcb\x8e\xfc8\x0b\xadq\x1cB\x94[GBd\xe4\x8d\x939\x88:\xf2\xf42\xd9\x07!v\n\xe3\x8ey\xb5B\xb2\x99\xf9\xa4\xb0\xb3\x9b')
2019-07-05 14:05:02,631 - DEBUG - tty.usbmodem0006822145041: TX: 6169608cb425294b2babfad9f64d1d672b776e6e5d52d020d2067355656f8adf8061434b3166bebef8c8e337d4aa7ee3fcd6beda42cf56b25bd4cb8efc380bad711c42945b474264e48d9339883af2f432d90721760ae38e79b542b299f9a4b0b39b
2019-07-05 14:05:02,641 - DEBUG - tty.usbmodem0006822145041: RX: 03845384
2019-07-05 14:05:02,641 - DEBUG - tty.usbmodem0006822145041: parsed_packet {event: CmdRsp, data: {'opcode': 83, 'status': 132, 'data': bytearray(b'')}}
2019-07-05 14:05:02,641 - DEBUG - tty.usbmodem0006822145041: Writing: 159 bytearray(b'\x01\x00\x01\x00')
2019-07-05 14:05:02,641 - ERROR - tty.usbmodem0006822145041: None: ERROR_INVALID_LENGTH
2019-07-05 14:05:02,642 - DEBUG - tty.usbmodem0006822145041: RX: 03840084
2019-07-05 14:05:02,642 - DEBUG - tty.usbmodem0006822145041: TX: 059f01000100
2019-07-05 14:05:02,642 - DEBUG - tty.usbmodem0006822145041: parsed_packet {event: CmdRsp, data: {'opcode': 0, 'status': 132, 'data': bytearray(b'')}}
2019-07-05 14:05:02,643 - DEBUG - tty.usbmodem0006822145041: Writing: 146 bytearray(b'\x00\x00\x18\xee\xd9\xc2\xa5j\xdd\x85\x04\x9f\xfc<Y\xad\x0e\x12')
2019-07-05 14:05:02,643 - ERROR - tty.usbmodem0006822145041: None: ERROR_INVALID_LENGTH
2019-07-05 14:05:02,644 - DEBUG - tty.usbmodem0006822145041: RX: 03840084
2019-07-05 14:05:02,643 - DEBUG - tty.usbmodem0006822145041: TX: 1392000018eed9c2a56add85049ffc3c59ad0e12
2019-07-05 14:05:02,644 - DEBUG - tty.usbmodem0006822145041: parsed_packet {event: CmdRsp, data: {'opcode': 0, 'status': 132, 'data': bytearray(b'')}}
2019-07-05 14:05:02,645 - DEBUG - tty.usbmodem0006822145041: Writing: 151 bytearray(b'\x00\x00\x00\x00Oh\xad\x85\xd9\xf4\x8a\xc8X\x9d\xf6e\xb6\xb4\x9b\x8a')
2019-07-05 14:05:02,644 - ERROR - tty.usbmodem0006822145041: None: ERROR_INVALID_LENGTH
2019-07-05 14:05:02,645 - DEBUG - tty.usbmodem0006822145041: TX: 1597000000004f68ad85d9f48ac8589df665b6b49b8a
2019-07-05 14:05:02,645 - DEBUG - tty.usbmodem0006822145041: RX: 03840084
2019-07-05 14:05:02,645 - DEBUG - tty.usbmodem0006822145041: parsed_packet {event: CmdRsp, data: {'opcode': 0, 'status': 132, 'data': bytearray(b'')}}
2019-07-05 14:05:02,646 - ERROR - tty.usbmodem0006822145041: None: ERROR_INVALID_LENGTH
2019-07-05 14:05:02,646 - DEBUG - tty.usbmodem0006822145041: Writing: 151 bytearray(b'\x01\x00\x00\x00*\xa2\xa6\xde\xd5\xa0y\x8c\xea\xb5x|\xa3\xae9\xfc')
2019-07-05 14:05:02,646 - DEBUG - tty.usbmodem0006822145041: TX: 1597010000002aa2a6ded5a0798ceab5787ca3ae39fc
2019-07-05 14:05:02,647 - DEBUG - tty.usbmodem0006822145041: RX: 03840084
2019-07-05 14:05:02,647 - DEBUG - tty.usbmodem0006822145041: parsed_packet {event: CmdRsp, data: {'opcode': 0, 'status': 132, 'data': bytearray(b'')}}
2019-07-05 14:05:02,647 - ERROR - tty.usbmodem0006822145041: None: ERROR_INVALID_LENGTH
2019-07-05 14:05:02,647 - DEBUG - tty.usbmodem0006822145041: RX: 03840084
2019-07-05 14:05:02,647 - DEBUG - tty.usbmodem0006822145041: parsed_packet {event: CmdRsp, data: {'opcode': 0, 'status': 132, 'data': bytearray(b'')}}
2019-07-05 14:05:02,648 - ERROR - tty.usbmodem0006822145041: None: ERROR_INVALID_LENGTH
2019-07-05 14:05:02,648 - DEBUG - tty.usbmodem0006822145041: RX: 03840084
2019-07-05 14:05:02,648 - DEBUG - tty.usbmodem0006822145041: parsed_packet {event: CmdRsp, data: {'opcode': 0, 'status': 132, 'data': bytearray(b'')}}
2019-07-05 14:05:02,648 - ERROR - tty.usbmodem0006822145041: None: ERROR_INVALID_LENGTH
2019-07-05 14:05:02,649 - DEBUG - tty.usbmodem0006822145041: RX: 03840084
2019-07-05 14:05:02,649 - DEBUG - tty.usbmodem0006822145041: parsed_packet {event: CmdRsp, data: {'opcode': 0, 'status': 132, 'data': bytearray(b'')}}
2019-07-05 14:05:02,649 - ERROR - tty.usbmodem0006822145041: None: ERROR_INVALID_LENGTH
2019-07-05 14:05:02,650 - DEBUG - tty.usbmodem0006822145041: RX: 03840084
2019-07-05 14:05:02,650 - DEBUG - tty.usbmodem0006822145041: parsed_packet {event: CmdRsp, data: {'opcode': 0, 'status': 132, 'data': bytearray(b'')}}
2019-07-05 14:05:02,650 - ERROR - tty.usbmodem0006822145041: None: ERROR_INVALID_LENGTH
2019-07-05 14:05:02,651 - DEBUG - tty.usbmodem0006822145041: RX: 03840084
2019-07-05 14:05:02,651 - DEBUG - tty.usbmodem0006822145041: parsed_packet {event: CmdRsp, data: {'opcode': 0, 'status': 132, 'data': bytearray(b'')}}
2019-07-05 14:05:02,651 - ERROR - tty.usbmodem0006822145041: None: ERROR_INVALID_LENGTH
2019-07-05 14:05:02,651 - DEBUG - tty.usbmodem0006822145041: RX: 03840084
2019-07-05 14:05:02,651 - DEBUG - tty.usbmodem0006822145041: parsed_packet {event: CmdRsp, data: {'opcode': 0, 'status': 132, 'data': bytearray(b'')}}
2019-07-05 14:05:02,651 - ERROR - tty.usbmodem0006822145041: None: ERROR_INVALID_LENGTH
2019-07-05 14:05:02,652 - DEBUG - tty.usbmodem0006822145041: RX: 03840084
2019-07-05 14:05:02,652 - DEBUG - tty.usbmodem0006822145041: parsed_packet {event: CmdRsp, data: {'opcode': 0, 'status': 132, 'data': bytearray(b'')}}
2019-07-05 14:05:02,652 - ERROR - tty.usbmodem0006822145041: None: ERROR_INVALID_LENGTH
2019-07-05 14:05:02,652 - DEBUG - tty.usbmodem0006822145041: RX: 03840084
2019-07-05 14:05:02,652 - DEBUG - tty.usbmodem0006822145041: parsed_packet {event: CmdRsp, data: {'opcode': 0, 'status': 132, 'data': bytearray(b'')}}
2019-07-05 14:05:02,652 - ERROR - tty.usbmodem0006822145041: None: ERROR_INVALID_LENGTH
2019-07-05 14:05:02,653 - DEBUG - tty.usbmodem0006822145041: RX: 03849f8e
2019-07-05 14:05:02,653 - DEBUG - tty.usbmodem0006822145041: parsed_packet {event: CmdRsp, data: {'opcode': 159, 'status': 142, 'data': bytearray(b'')}}
2019-07-05 14:05:02,653 - ERROR - tty.usbmodem0006822145041: None: ERROR_REJECTED
2019-07-05 14:05:02,653 - DEBUG - tty.usbmodem0006822145041: RX: 03849281
2019-07-05 14:05:02,653 - DEBUG - tty.usbmodem0006822145041: parsed_packet {event: CmdRsp, data: {'opcode': 146, 'status': 129, 'data': bytearray(b'')}}
2019-07-05 14:05:02,654 - ERROR - tty.usbmodem0006822145041: SubnetAdd: ERROR_INTERNAL
2019-07-05 14:05:02,655 - DEBUG - tty.usbmodem0006822145041: RX: 03849781
2019-07-05 14:05:02,655 - DEBUG - tty.usbmodem0006822145041: parsed_packet {event: CmdRsp, data: {'opcode': 151, 'status': 129, 'data': bytearray(b'')}}
2019-07-05 14:05:02,656 - ERROR - tty.usbmodem0006822145041: AppkeyAdd: ERROR_INTERNAL
2019-07-05 14:05:02,656 - DEBUG - tty.usbmodem0006822145041: RX: 03849781
2019-07-05 14:05:02,656 - DEBUG - tty.usbmodem0006822145041: parsed_packet {event: CmdRsp, data: {'opcode': 151, 'status': 129, 'data': bytearray(b'')}}
2019-07-05 14:05:02,657 - ERROR - tty.usbmodem0006822145041: AppkeyAdd: ERROR_INTERNAL
2019-07-05 14:05:09,612 - DEBUG - tty.usbmodem0006822145041: Writing: 97 bytearray(b'')
2019-07-05 14:05:09,613 - DEBUG - tty.usbmodem0006822145041: TX: 0161
2019-07-05 14:05:09,614 - DEBUG - tty.usbmodem0006822145041: RX: 03846183
2019-07-05 14:05:09,614 - DEBUG - tty.usbmodem0006822145041: parsed_packet {event: CmdRsp, data: {'opcode': 97, 'status': 131, 'data': bytearray(b'')}}
2019-07-05 14:05:09,614 - ERROR - tty.usbmodem0006822145041: None: ERROR_INVALID_STATE
