2019-07-11 10:37:29,447 - DEBUG: Writing: 105 bytearray(b'\x9bd\x14\x9dK\xb1$\xdf\xbfP\x96\x87L\x1e%L\x05\x97_\xb7\\\xc4\x0f\x06\xab\xa0\xfc\x06\xd1b;R\xdf\x8f\xe4\xbf\xfb\xb8\xf1f3,A\x08\xd8\xe7?\xab\xa4\xed\xe1\x84Y\x0bE\xb4\x05\xf5\xd5<k\xf9\xc9\xa1\xe9\x10\x98\xbd1\xd9\x8d\xc4eX\xdbG\xcb\x12\x17?\x88\x03\x80hi2\xad\xe8\x95>B\x85uN\x0c\xb3')
2019-07-11 10:37:29,447 - DEBUG: TX: 61699b64149d4bb124dfbf5096874c1e254c05975fb75cc40f06aba0fc06d1623b52df8fe4bffbb8f166332c4108d8e73faba4ede184590b45b405f5d53c6bf9c9a1e91098bd31d98dc46558db47cb12173f880380686932ade8953e4285754e0cb3
2019-07-11 10:37:29,457 - DEBUG: RX: 03845384
2019-07-11 10:37:29,457 - DEBUG: parsed_packet {event: CmdRsp, data: {'opcode': 83, 'status': 132, 'data': bytearray(b'')}}
2019-07-11 10:37:29,457 - DEBUG: Writing: 159 bytearray(b'\x01\x00\x01\x00')
2019-07-11 10:37:29,457 - ERROR: None: ERROR_INVALID_LENGTH
2019-07-11 10:37:29,457 - DEBUG: TX: 059f01000100
2019-07-11 10:37:29,458 - DEBUG: RX: 03840084
2019-07-11 10:37:29,458 - DEBUG: parsed_packet {event: CmdRsp, data: {'opcode': 0, 'status': 132, 'data': bytearray(b'')}}
2019-07-11 10:37:29,458 - ERROR: None: ERROR_INVALID_LENGTH
2019-07-11 10:37:29,458 - DEBUG: Writing: 146 bytearray(b'\x00\x00\x18\xee\xd9\xc2\xa5j\xdd\x85\x04\x9f\xfc<Y\xad\x0e\x12')
2019-07-11 10:37:29,459 - DEBUG: TX: 1392000018eed9c2a56add85049ffc3c59ad0e12
2019-07-11 10:37:29,459 - DEBUG: RX: 03840084
2019-07-11 10:37:29,459 - DEBUG: parsed_packet {event: CmdRsp, data: {'opcode': 0, 'status': 132, 'data': bytearray(b'')}}
2019-07-11 10:37:29,459 - DEBUG: Writing: 151 bytearray(b'\x00\x00\x00\x00Oh\xad\x85\xd9\xf4\x8a\xc8X\x9d\xf6e\xb6\xb4\x9b\x8a')
2019-07-11 10:37:29,459 - ERROR: None: ERROR_INVALID_LENGTH
2019-07-11 10:37:29,459 - DEBUG: TX: 1597000000004f68ad85d9f48ac8589df665b6b49b8a
2019-07-11 10:37:29,460 - DEBUG: RX: 03840084
2019-07-11 10:37:29,460 - DEBUG: parsed_packet {event: CmdRsp, data: {'opcode': 0, 'status': 132, 'data': bytearray(b'')}}
2019-07-11 10:37:29,460 - ERROR: None: ERROR_INVALID_LENGTH
2019-07-11 10:37:29,460 - DEBUG: Writing: 151 bytearray(b'\x01\x00\x00\x00*\xa2\xa6\xde\xd5\xa0y\x8c\xea\xb5x|\xa3\xae9\xfc')
2019-07-11 10:37:29,460 - DEBUG: RX: 03840084
2019-07-11 10:37:29,461 - DEBUG: TX: 1597010000002aa2a6ded5a0798ceab5787ca3ae39fc
2019-07-11 10:37:29,461 - DEBUG: parsed_packet {event: CmdRsp, data: {'opcode': 0, 'status': 132, 'data': bytearray(b'')}}
2019-07-11 10:37:29,461 - ERROR: None: ERROR_INVALID_LENGTH
2019-07-11 10:37:29,461 - DEBUG: Writing: 164 bytearray(b'\x10\x00')
2019-07-11 10:37:29,461 - DEBUG: TX: 03a41000
2019-07-11 10:37:29,462 - DEBUG: RX: 03840084
2019-07-11 10:37:29,462 - DEBUG: parsed_packet {event: CmdRsp, data: {'opcode': 0, 'status': 132, 'data': bytearray(b'')}}
2019-07-11 10:37:29,462 - ERROR: None: ERROR_INVALID_LENGTH
2019-07-11 10:37:29,462 - DEBUG: RX: 03840084
2019-07-11 10:37:29,462 - DEBUG: parsed_packet {event: CmdRsp, data: {'opcode': 0, 'status': 132, 'data': bytearray(b'')}}
2019-07-11 10:37:29,462 - ERROR: None: ERROR_INVALID_LENGTH
2019-07-11 10:37:29,463 - DEBUG: RX: 03840084
2019-07-11 10:37:29,463 - DEBUG: parsed_packet {event: CmdRsp, data: {'opcode': 0, 'status': 132, 'data': bytearray(b'')}}
2019-07-11 10:37:29,463 - ERROR: None: ERROR_INVALID_LENGTH
2019-07-11 10:37:29,463 - DEBUG: RX: 03840084
2019-07-11 10:37:29,463 - DEBUG: parsed_packet {event: CmdRsp, data: {'opcode': 0, 'status': 132, 'data': bytearray(b'')}}
2019-07-11 10:37:29,463 - ERROR: None: ERROR_INVALID_LENGTH
2019-07-11 10:37:29,463 - DEBUG: RX: 03840084
2019-07-11 10:37:29,463 - DEBUG: parsed_packet {event: CmdRsp, data: {'opcode': 0, 'status': 132, 'data': bytearray(b'')}}
2019-07-11 10:37:29,464 - ERROR: None: ERROR_INVALID_LENGTH
2019-07-11 10:37:29,464 - DEBUG: RX: 03840084
2019-07-11 10:37:29,464 - DEBUG: parsed_packet {event: CmdRsp, data: {'opcode': 0, 'status': 132, 'data': bytearray(b'')}}
2019-07-11 10:37:29,464 - ERROR: None: ERROR_INVALID_LENGTH
2019-07-11 10:37:29,464 - DEBUG: RX: 03840084
2019-07-11 10:37:29,464 - DEBUG: parsed_packet {event: CmdRsp, data: {'opcode': 0, 'status': 132, 'data': bytearray(b'')}}
2019-07-11 10:37:29,464 - ERROR: None: ERROR_INVALID_LENGTH
2019-07-11 10:37:29,464 - DEBUG: RX: 03840084
2019-07-11 10:37:29,464 - DEBUG: parsed_packet {event: CmdRsp, data: {'opcode': 0, 'status': 132, 'data': bytearray(b'')}}
2019-07-11 10:37:29,465 - ERROR: None: ERROR_INVALID_LENGTH
2019-07-11 10:37:29,465 - DEBUG: RX: 03849f00
2019-07-11 10:37:29,465 - DEBUG: parsed_packet {event: CmdRsp, data: {'opcode': 159, 'status': 0, 'data': bytearray(b'')}}
2019-07-11 10:37:29,465 - INFO: Success
2019-07-11 10:37:29,465 - DEBUG: RX: 058492000000
2019-07-11 10:37:29,465 - DEBUG: parsed_packet {event: CmdRsp, data: {'opcode': 146, 'status': 0, 'data': bytearray(b'\x00\x00')}}
2019-07-11 10:37:29,465 - INFO: SubnetAdd: {'subnet_handle': 0}
2019-07-11 10:37:29,466 - DEBUG: RX: 058497000000
2019-07-11 10:37:29,466 - DEBUG: parsed_packet {event: CmdRsp, data: {'opcode': 151, 'status': 0, 'data': bytearray(b'\x00\x00')}}
2019-07-11 10:37:29,466 - INFO: AppkeyAdd: {'appkey_handle': 0}
2019-07-11 10:37:29,467 - DEBUG: RX: 058497000100
2019-07-11 10:37:29,467 - DEBUG: parsed_packet {event: CmdRsp, data: {'opcode': 151, 'status': 0, 'data': bytearray(b'\x01\x00')}}
2019-07-11 10:37:29,467 - INFO: AppkeyAdd: {'appkey_handle': 1}
2019-07-11 10:37:29,468 - DEBUG: RX: 0584a4000000
2019-07-11 10:37:29,468 - DEBUG: parsed_packet {event: CmdRsp, data: {'opcode': 164, 'status': 0, 'data': bytearray(b'\x00\x00')}}
2019-07-11 10:37:29,468 - INFO: AddrPublicationAdd: {'address_handle': 0}
2019-07-11 10:37:30,448 - DEBUG: Writing: 161 bytearray(b'\x01\xc0')
2019-07-11 10:37:30,449 - DEBUG: TX: 03a101c0
2019-07-11 10:37:30,451 - DEBUG: RX: 0584a1000100
2019-07-11 10:37:30,451 - DEBUG: parsed_packet {event: CmdRsp, data: {'opcode': 161, 'status': 0, 'data': bytearray(b'\x01\x00')}}
2019-07-11 10:37:30,451 - INFO: AddrSubscriptionAdd: {'address_handle': 1}
2019-07-11 10:37:31,450 - DEBUG: Writing: 164 bytearray(b'\x11\x00')
2019-07-11 10:37:31,451 - DEBUG: TX: 03a41100
2019-07-11 10:37:31,453 - DEBUG: RX: 0584a4000200
2019-07-11 10:37:31,453 - DEBUG: parsed_packet {event: CmdRsp, data: {'opcode': 164, 'status': 0, 'data': bytearray(b'\x02\x00')}}
2019-07-11 10:37:31,453 - INFO: AddrPublicationAdd: {'address_handle': 2}
2019-07-11 10:37:32,452 - DEBUG: Writing: 164 bytearray(b'\x12\x00')
2019-07-11 10:37:32,453 - DEBUG: TX: 03a41200
2019-07-11 10:37:32,455 - DEBUG: RX: 0584a4000300
2019-07-11 10:37:32,455 - DEBUG: parsed_packet {event: CmdRsp, data: {'opcode': 164, 'status': 0, 'data': bytearray(b'\x03\x00')}}
2019-07-11 10:37:32,455 - INFO: AddrPublicationAdd: {'address_handle': 3}
2019-07-11 10:37:33,454 - DEBUG: Writing: 164 bytearray(b'\x13\x00')
2019-07-11 10:37:33,454 - DEBUG: TX: 03a41300
2019-07-11 10:37:33,457 - DEBUG: RX: 0584a4000400
2019-07-11 10:37:33,457 - DEBUG: parsed_packet {event: CmdRsp, data: {'opcode': 164, 'status': 0, 'data': bytearray(b'\x04\x00')}}
2019-07-11 10:37:33,457 - INFO: AddrPublicationAdd: {'address_handle': 4}
2019-07-11 10:37:34,455 - DEBUG: Writing: 164 bytearray(b'\x14\x00')
2019-07-11 10:37:34,455 - DEBUG: TX: 03a41400
2019-07-11 10:37:34,458 - DEBUG: RX: 0584a4000500
2019-07-11 10:37:34,458 - DEBUG: parsed_packet {event: CmdRsp, data: {'opcode': 164, 'status': 0, 'data': bytearray(b'\x05\x00')}}
2019-07-11 10:37:34,458 - INFO: AddrPublicationAdd: {'address_handle': 5}
2019-07-11 10:37:35,456 - DEBUG: Writing: 164 bytearray(b'\x15\x00')
2019-07-11 10:37:35,456 - DEBUG: TX: 03a41500
2019-07-11 10:37:35,459 - DEBUG: RX: 0584a4000600
2019-07-11 10:37:35,459 - DEBUG: parsed_packet {event: CmdRsp, data: {'opcode': 164, 'status': 0, 'data': bytearray(b'\x06\x00')}}
2019-07-11 10:37:35,459 - INFO: AddrPublicationAdd: {'address_handle': 6}
2019-07-11 10:37:36,458 - DEBUG: Writing: 164 bytearray(b'\x16\x00')
2019-07-11 10:37:36,459 - DEBUG: TX: 03a41600
2019-07-11 10:37:36,461 - DEBUG: RX: 0584a4000700
2019-07-11 10:37:36,461 - DEBUG: parsed_packet {event: CmdRsp, data: {'opcode': 164, 'status': 0, 'data': bytearray(b'\x07\x00')}}
2019-07-11 10:37:36,461 - INFO: AddrPublicationAdd: {'address_handle': 7}
2019-07-11 10:37:37,459 - DEBUG: Writing: 164 bytearray(b'\x17\x00')
2019-07-11 10:37:37,460 - DEBUG: TX: 03a41700
2019-07-11 10:37:37,462 - DEBUG: RX: 0584a4000800
2019-07-11 10:37:37,462 - DEBUG: parsed_packet {event: CmdRsp, data: {'opcode': 164, 'status': 0, 'data': bytearray(b'\x08\x00')}}
2019-07-11 10:37:37,462 - INFO: AddrPublicationAdd: {'address_handle': 8}
2019-07-11 10:37:38,462 - DEBUG: Writing: 164 bytearray(b'\x18\x00')
2019-07-11 10:37:38,463 - DEBUG: TX: 03a41800
2019-07-11 10:37:38,465 - DEBUG: RX: 0584a4000900
2019-07-11 10:37:38,465 - DEBUG: parsed_packet {event: CmdRsp, data: {'opcode': 164, 'status': 0, 'data': bytearray(b'\t\x00')}}
2019-07-11 10:37:38,465 - INFO: AddrPublicationAdd: {'address_handle': 9}
2019-07-11 10:37:39,463 - DEBUG: Writing: 164 bytearray(b'\x19\x00')
2019-07-11 10:37:39,464 - DEBUG: TX: 03a41900
2019-07-11 10:37:39,466 - DEBUG: RX: 0584a4000a00
2019-07-11 10:37:39,466 - DEBUG: parsed_packet {event: CmdRsp, data: {'opcode': 164, 'status': 0, 'data': bytearray(b'\n\x00')}}
2019-07-11 10:37:39,466 - INFO: AddrPublicationAdd: {'address_handle': 10}
2019-07-11 10:37:40,465 - DEBUG: Writing: 164 bytearray(b'\x1a\x00')
2019-07-11 10:37:40,465 - DEBUG: TX: 03a41a00
2019-07-11 10:37:40,467 - DEBUG: RX: 0584a4000b00
2019-07-11 10:37:40,467 - DEBUG: parsed_packet {event: CmdRsp, data: {'opcode': 164, 'status': 0, 'data': bytearray(b'\x0b\x00')}}
2019-07-11 10:37:40,467 - INFO: AddrPublicationAdd: {'address_handle': 11}
2019-07-11 10:37:41,467 - DEBUG: Writing: 164 bytearray(b'\x1b\x00')
2019-07-11 10:37:41,467 - DEBUG: TX: 03a41b00
2019-07-11 10:37:41,469 - DEBUG: RX: 0584a4000c00
2019-07-11 10:37:41,469 - DEBUG: parsed_packet {event: CmdRsp, data: {'opcode': 164, 'status': 0, 'data': bytearray(b'\x0c\x00')}}
2019-07-11 10:37:41,469 - INFO: AddrPublicationAdd: {'address_handle': 12}
2019-07-11 10:37:42,467 - DEBUG: Writing: 164 bytearray(b'\x1c\x00')
2019-07-11 10:37:42,468 - DEBUG: TX: 03a41c00
2019-07-11 10:37:42,469 - DEBUG: RX: 0584a4000d00
2019-07-11 10:37:42,469 - DEBUG: parsed_packet {event: CmdRsp, data: {'opcode': 164, 'status': 0, 'data': bytearray(b'\r\x00')}}
2019-07-11 10:37:42,469 - INFO: AddrPublicationAdd: {'address_handle': 13}
2019-07-11 10:37:43,470 - DEBUG: Writing: 164 bytearray(b'\x1d\x00')
2019-07-11 10:37:43,470 - DEBUG: TX: 03a41d00
2019-07-11 10:37:43,472 - DEBUG: RX: 0584a4000e00
2019-07-11 10:37:43,472 - DEBUG: parsed_packet {event: CmdRsp, data: {'opcode': 164, 'status': 0, 'data': bytearray(b'\x0e\x00')}}
2019-07-11 10:37:43,472 - INFO: AddrPublicationAdd: {'address_handle': 14}
2019-07-11 10:37:44,474 - INFO: Received from node-red: "{\"op\":\"ProvisionScanStart\",\"nodeMessageId\":0}"
2019-07-11 10:37:44,474 - INFO: Received from node-red: "{\"op\":\"GetProvisionedDevices\",\"nodeMessageId\":1}"
2019-07-11 10:37:44,476 - DEBUG: Writing: 97 bytearray(b'')
2019-07-11 10:37:44,476 - DEBUG: TX: 0161
2019-07-11 10:37:44,478 - DEBUG: RX: 03846100
2019-07-11 10:37:44,478 - DEBUG: parsed_packet {event: CmdRsp, data: {'opcode': 97, 'status': 0, 'data': bytearray(b'')}}
2019-07-11 10:37:44,478 - INFO: Success
2019-07-11 10:37:45,633 - DEBUG: RX: 1ac09db77a0526b8734988639509c242d107d00001c8639509c2c2
2019-07-11 10:37:45,633 - DEBUG: parsed_packet {event: ProvUnprovisionedReceived, data: {'uuid': bytearray(b'\x9d\xb7z\x05&\xb8sI\x88c\x95\t\xc2B\xd1\x07'), 'rssi': -48, 'gatt_supported': 0, 'adv_addr_type': 1, 'adv_addr': bytearray(b'\xc8c\x95\t\xc2\xc2')}}
2019-07-11 10:37:45,634 - INFO: {event: ProvUnprovisionedReceived, data: {'uuid': bytearray(b'\x9d\xb7z\x05&\xb8sI\x88c\x95\t\xc2B\xd1\x07'), 'rssi': -48, 'gatt_supported': 0, 'adv_addr_type': 1, 'adv_addr': bytearray(b'\xc8c\x95\t\xc2\xc2')}}
2019-07-11 10:37:45,634 - INFO: Received UUID 9db77a0526b8734988639509c242d107 with RSSI: -48 dB
2019-07-11 10:37:47,636 - DEBUG: RX: 1ac09db77a0526b8734988639509c242d107d60001c8639509c2c2
2019-07-11 10:37:47,636 - DEBUG: parsed_packet {event: ProvUnprovisionedReceived, data: {'uuid': bytearray(b'\x9d\xb7z\x05&\xb8sI\x88c\x95\t\xc2B\xd1\x07'), 'rssi': -42, 'gatt_supported': 0, 'adv_addr_type': 1, 'adv_addr': bytearray(b'\xc8c\x95\t\xc2\xc2')}}
2019-07-11 10:37:47,636 - INFO: {event: ProvUnprovisionedReceived, data: {'uuid': bytearray(b'\x9d\xb7z\x05&\xb8sI\x88c\x95\t\xc2B\xd1\x07'), 'rssi': -42, 'gatt_supported': 0, 'adv_addr_type': 1, 'adv_addr': bytearray(b'\xc8c\x95\t\xc2\xc2')}}
2019-07-11 10:37:49,638 - DEBUG: RX: 1ac09db77a0526b8734988639509c242d107d40001c8639509c2c2
2019-07-11 10:37:49,638 - DEBUG: parsed_packet {event: ProvUnprovisionedReceived, data: {'uuid': bytearray(b'\x9d\xb7z\x05&\xb8sI\x88c\x95\t\xc2B\xd1\x07'), 'rssi': -44, 'gatt_supported': 0, 'adv_addr_type': 1, 'adv_addr': bytearray(b'\xc8c\x95\t\xc2\xc2')}}
2019-07-11 10:37:49,638 - INFO: {event: ProvUnprovisionedReceived, data: {'uuid': bytearray(b'\x9d\xb7z\x05&\xb8sI\x88c\x95\t\xc2B\xd1\x07'), 'rssi': -44, 'gatt_supported': 0, 'adv_addr_type': 1, 'adv_addr': bytearray(b'\xc8c\x95\t\xc2\xc2')}}
2019-07-11 10:37:51,644 - DEBUG: RX: 1ac09db77a0526b8734988639509c242d107d10001c8639509c2c2
2019-07-11 10:37:51,644 - DEBUG: parsed_packet {event: ProvUnprovisionedReceived, data: {'uuid': bytearray(b'\x9d\xb7z\x05&\xb8sI\x88c\x95\t\xc2B\xd1\x07'), 'rssi': -47, 'gatt_supported': 0, 'adv_addr_type': 1, 'adv_addr': bytearray(b'\xc8c\x95\t\xc2\xc2')}}
2019-07-11 10:37:51,644 - INFO: {event: ProvUnprovisionedReceived, data: {'uuid': bytearray(b'\x9d\xb7z\x05&\xb8sI\x88c\x95\t\xc2B\xd1\x07'), 'rssi': -47, 'gatt_supported': 0, 'adv_addr_type': 1, 'adv_addr': bytearray(b'\xc8c\x95\t\xc2\xc2')}}
2019-07-11 10:37:53,645 - DEBUG: RX: 1ac09db77a0526b8734988639509c242d107d60001c8639509c2c2
2019-07-11 10:37:53,646 - DEBUG: parsed_packet {event: ProvUnprovisionedReceived, data: {'uuid': bytearray(b'\x9d\xb7z\x05&\xb8sI\x88c\x95\t\xc2B\xd1\x07'), 'rssi': -42, 'gatt_supported': 0, 'adv_addr_type': 1, 'adv_addr': bytearray(b'\xc8c\x95\t\xc2\xc2')}}
2019-07-11 10:37:53,646 - INFO: {event: ProvUnprovisionedReceived, data: {'uuid': bytearray(b'\x9d\xb7z\x05&\xb8sI\x88c\x95\t\xc2B\xd1\x07'), 'rssi': -42, 'gatt_supported': 0, 'adv_addr_type': 1, 'adv_addr': bytearray(b'\xc8c\x95\t\xc2\xc2')}}
2019-07-11 10:37:55,649 - DEBUG: RX: 1ac09db77a0526b8734988639509c242d107d40001c8639509c2c2
2019-07-11 10:37:55,650 - DEBUG: parsed_packet {event: ProvUnprovisionedReceived, data: {'uuid': bytearray(b'\x9d\xb7z\x05&\xb8sI\x88c\x95\t\xc2B\xd1\x07'), 'rssi': -44, 'gatt_supported': 0, 'adv_addr_type': 1, 'adv_addr': bytearray(b'\xc8c\x95\t\xc2\xc2')}}
2019-07-11 10:37:55,650 - INFO: {event: ProvUnprovisionedReceived, data: {'uuid': bytearray(b'\x9d\xb7z\x05&\xb8sI\x88c\x95\t\xc2B\xd1\x07'), 'rssi': -44, 'gatt_supported': 0, 'adv_addr_type': 1, 'adv_addr': bytearray(b'\xc8c\x95\t\xc2\xc2')}}
2019-07-11 10:37:57,649 - DEBUG: RX: 1ac09db77a0526b8734988639509c242d107d30001c8639509c2c2
2019-07-11 10:37:57,649 - DEBUG: parsed_packet {event: ProvUnprovisionedReceived, data: {'uuid': bytearray(b'\x9d\xb7z\x05&\xb8sI\x88c\x95\t\xc2B\xd1\x07'), 'rssi': -45, 'gatt_supported': 0, 'adv_addr_type': 1, 'adv_addr': bytearray(b'\xc8c\x95\t\xc2\xc2')}}
2019-07-11 10:37:57,650 - INFO: {event: ProvUnprovisionedReceived, data: {'uuid': bytearray(b'\x9d\xb7z\x05&\xb8sI\x88c\x95\t\xc2B\xd1\x07'), 'rssi': -45, 'gatt_supported': 0, 'adv_addr_type': 1, 'adv_addr': bytearray(b'\xc8c\x95\t\xc2\xc2')}}
2019-07-11 10:37:59,649 - DEBUG: RX: 1ac09db77a0526b8734988639509c242d107d50001c8639509c2c2
2019-07-11 10:37:59,650 - DEBUG: parsed_packet {event: ProvUnprovisionedReceived, data: {'uuid': bytearray(b'\x9d\xb7z\x05&\xb8sI\x88c\x95\t\xc2B\xd1\x07'), 'rssi': -43, 'gatt_supported': 0, 'adv_addr_type': 1, 'adv_addr': bytearray(b'\xc8c\x95\t\xc2\xc2')}}
2019-07-11 10:37:59,650 - INFO: {event: ProvUnprovisionedReceived, data: {'uuid': bytearray(b'\x9d\xb7z\x05&\xb8sI\x88c\x95\t\xc2B\xd1\x07'), 'rssi': -43, 'gatt_supported': 0, 'adv_addr_type': 1, 'adv_addr': bytearray(b'\xc8c\x95\t\xc2\xc2')}}
2019-07-11 10:38:01,655 - DEBUG: RX: 1ac09db77a0526b8734988639509c242d107d50001c8639509c2c2
2019-07-11 10:38:01,656 - DEBUG: parsed_packet {event: ProvUnprovisionedReceived, data: {'uuid': bytearray(b'\x9d\xb7z\x05&\xb8sI\x88c\x95\t\xc2B\xd1\x07'), 'rssi': -43, 'gatt_supported': 0, 'adv_addr_type': 1, 'adv_addr': bytearray(b'\xc8c\x95\t\xc2\xc2')}}
2019-07-11 10:38:01,656 - INFO: {event: ProvUnprovisionedReceived, data: {'uuid': bytearray(b'\x9d\xb7z\x05&\xb8sI\x88c\x95\t\xc2B\xd1\x07'), 'rssi': -43, 'gatt_supported': 0, 'adv_addr_type': 1, 'adv_addr': bytearray(b'\xc8c\x95\t\xc2\xc2')}}
2019-07-11 10:38:03,664 - DEBUG: RX: 1ac09db77a0526b8734988639509c242d107d00001c8639509c2c2
2019-07-11 10:38:03,665 - DEBUG: parsed_packet {event: ProvUnprovisionedReceived, data: {'uuid': bytearray(b'\x9d\xb7z\x05&\xb8sI\x88c\x95\t\xc2B\xd1\x07'), 'rssi': -48, 'gatt_supported': 0, 'adv_addr_type': 1, 'adv_addr': bytearray(b'\xc8c\x95\t\xc2\xc2')}}
2019-07-11 10:38:03,665 - INFO: {event: ProvUnprovisionedReceived, data: {'uuid': bytearray(b'\x9d\xb7z\x05&\xb8sI\x88c\x95\t\xc2B\xd1\x07'), 'rssi': -48, 'gatt_supported': 0, 'adv_addr_type': 1, 'adv_addr': bytearray(b'\xc8c\x95\t\xc2\xc2')}}
2019-07-11 10:38:05,667 - DEBUG: RX: 1ac09db77a0526b8734988639509c242d107d70001c8639509c2c2
2019-07-11 10:38:05,667 - DEBUG: parsed_packet {event: ProvUnprovisionedReceived, data: {'uuid': bytearray(b'\x9d\xb7z\x05&\xb8sI\x88c\x95\t\xc2B\xd1\x07'), 'rssi': -41, 'gatt_supported': 0, 'adv_addr_type': 1, 'adv_addr': bytearray(b'\xc8c\x95\t\xc2\xc2')}}
2019-07-11 10:38:05,667 - INFO: {event: ProvUnprovisionedReceived, data: {'uuid': bytearray(b'\x9d\xb7z\x05&\xb8sI\x88c\x95\t\xc2B\xd1\x07'), 'rssi': -41, 'gatt_supported': 0, 'adv_addr_type': 1, 'adv_addr': bytearray(b'\xc8c\x95\t\xc2\xc2')}}
2019-07-11 10:38:07,129 - INFO: Received from node-red: "{\"op\":\"Provision\",\"data\":{\"uuid\":\"9db77a0526b8734988639509c242d107\"},\"nodeMessageId\":2}"
2019-07-11 10:38:07,129 - ERROR: uuid 9db77a0526b8734988639509c242d107 already in database
2019-07-11 10:38:07,130 - ERROR: Remove node 9db77a0526b8734988639509c242d107 from database
2019-07-11 10:38:07,131 - DEBUG: Writing: 98 bytearray(b'')
2019-07-11 10:38:07,131 - DEBUG: TX: 0162
2019-07-11 10:38:07,131 - DEBUG: Writing: 99 bytearray(b'\x00\x9d\xb7z\x05&\xb8sI\x88c\x95\t\xc2B\xd1\x07\x18\xee\xd9\xc2\xa5j\xdd\x85\x04\x9f\xfc<Y\xad\x0e\x12\x00\x00\x00\x00\x00\x00\x1e\x00\x00\x00\x00')
2019-07-11 10:38:07,131 - DEBUG: TX: 2d63009db77a0526b8734988639509c242d10718eed9c2a56add85049ffc3c59ad0e120000000000001e00000000
2019-07-11 10:38:07,132 - DEBUG: RX: 03846200
2019-07-11 10:38:07,132 - DEBUG: parsed_packet {event: CmdRsp, data: {'opcode': 98, 'status': 0, 'data': bytearray(b'')}}
2019-07-11 10:38:07,133 - INFO: Success
2019-07-11 10:38:07,137 - DEBUG: RX: 0484630000
2019-07-11 10:38:07,138 - DEBUG: parsed_packet {event: CmdRsp, data: {'opcode': 99, 'status': 0, 'data': bytearray(b'\x00')}}
2019-07-11 10:38:07,138 - INFO: Provision: {'context': 0}
2019-07-11 10:38:07,155 - DEBUG: RX: 02c100
2019-07-11 10:38:07,155 - DEBUG: parsed_packet {event: ProvLinkEstablished, data: {'context_id': 0}}
2019-07-11 10:38:07,155 - INFO: {event: ProvLinkEstablished, data: {'context_id': 0}}
2019-07-11 10:38:07,155 - INFO: Link established
2019-07-11 10:38:07,205 - DEBUG: RX: 0bc3000e0001000000000000
2019-07-11 10:38:07,206 - DEBUG: parsed_packet {event: ProvCapsReceived, data: {'context_id': 0, 'num_elements': 14, 'public_key_type': 0, 'static_oob_types': 1, 'output_oob_size': 0, 'output_oob_actions': 0, 'input_oob_size': 0, 'input_oob_actions': 0}}
2019-07-11 10:38:07,206 - INFO: {event: ProvCapsReceived, data: {'context_id': 0, 'num_elements': 14, 'public_key_type': 0, 'static_oob_types': 1, 'output_oob_size': 0, 'output_oob_actions': 0, 'input_oob_size': 0, 'input_oob_actions': 0}}
2019-07-11 10:38:07,206 - INFO: Received capabilities
2019-07-11 10:38:07,206 - INFO: Number of elements: 14
2019-07-11 10:38:07,206 - DEBUG: Writing: 102 bytearray(b'\x00\x00\x00\x00')
2019-07-11 10:38:07,206 - DEBUG: TX: 056600000000
2019-07-11 10:38:07,209 - DEBUG: RX: 0484660000
2019-07-11 10:38:07,209 - DEBUG: parsed_packet {event: CmdRsp, data: {'opcode': 102, 'status': 0, 'data': bytearray(b'\x00')}}
2019-07-11 10:38:07,209 - INFO: OobUse: {'context': 0}
2019-07-11 10:38:07,414 - DEBUG: RX: 62c700c2fcf2f83db4b663bf1945a66e7547f3c58f4d346247a662b42ae69b787d97373a1a8b382bfd2562f1235d59e0f7eec72e86c979f45d384ca790ab6a302d0865db8fe16becb734e01af57d5598ebc0a0f51ac22e62e7396f425c1895fbdd3f1c
2019-07-11 10:38:07,415 - DEBUG: parsed_packet {event: ProvEcdhRequest, data: {'context_id': 0, 'peer_public': bytearray(b'\xc2\xfc\xf2\xf8=\xb4\xb6c\xbf\x19E\xa6nuG\xf3\xc5\x8fM4bG\xa6b\xb4*\xe6\x9bx}\x977:\x1a\x8b8+\xfd%b\xf1#]Y\xe0\xf7\xee\xc7.\x86\xc9y\xf4]8L\xa7\x90\xabj0-\x08e'), 'node_private': bytearray(b'\xdb\x8f\xe1k\xec\xb74\xe0\x1a\xf5}U\x98\xeb\xc0\xa0\xf5\x1a\xc2.b\xe79oB\\\x18\x95\xfb\xdd?\x1c')}}
2019-07-11 10:38:07,415 - INFO: {event: ProvEcdhRequest, data: {'context_id': 0, 'peer_public': bytearray(b'\xc2\xfc\xf2\xf8=\xb4\xb6c\xbf\x19E\xa6nuG\xf3\xc5\x8fM4bG\xa6b\xb4*\xe6\x9bx}\x977:\x1a\x8b8+\xfd%b\xf1#]Y\xe0\xf7\xee\xc7.\x86\xc9y\xf4]8L\xa7\x90\xabj0-\x08e'), 'node_private': bytearray(b'\xdb\x8f\xe1k\xec\xb74\xe0\x1a\xf5}U\x98\xeb\xc0\xa0\xf5\x1a\xc2.b\xe79oB\\\x18\x95\xfb\xdd?\x1c')}}
2019-07-11 10:38:07,415 - INFO: ECDH request received
2019-07-11 10:38:07,416 - DEBUG: Writing: 104 bytearray(b'\x00\xaeD\xff\xbb:\xf8\xc22\xf2\xadW.T37\x1d\xaab\x91\xd9I\xb1U0\xf1F\x82\x03\xa2\xe9:S')
2019-07-11 10:38:07,416 - DEBUG: TX: 226800ae44ffbb3af8c232f2ad572e5433371daa6291d949b15530f1468203a2e93a53
2019-07-11 10:38:07,421 - DEBUG: RX: 0484680000
2019-07-11 10:38:07,422 - DEBUG: parsed_packet {event: CmdRsp, data: {'opcode': 104, 'status': 0, 'data': bytearray(b'\x00')}}
2019-07-11 10:38:07,422 - INFO: EcdhSecret: {'context': 0}
2019-07-11 10:38:07,777 - DEBUG: RX: 2cc5000000000000001e000000ab71cbba24f084cd2db086f0c69074f018eed9c2a56add85049ffc3c59ad0e12
2019-07-11 10:38:07,777 - DEBUG: parsed_packet {event: ProvComplete, data: {'context_id': 0, 'iv_index': 0, 'net_key_index': 0, 'address': 30, 'iv_update_flag': 0, 'key_refresh_flag': 0, 'device_key': bytearray(b'\xabq\xcb\xba$\xf0\x84\xcd-\xb0\x86\xf0\xc6\x90t\xf0'), 'net_key': bytearray(b'\x18\xee\xd9\xc2\xa5j\xdd\x85\x04\x9f\xfc<Y\xad\x0e\x12')}}
2019-07-11 10:38:07,777 - INFO: {event: ProvComplete, data: {'context_id': 0, 'iv_index': 0, 'net_key_index': 0, 'address': 30, 'iv_update_flag': 0, 'key_refresh_flag': 0, 'device_key': bytearray(b'\xabq\xcb\xba$\xf0\x84\xcd-\xb0\x86\xf0\xc6\x90t\xf0'), 'net_key': bytearray(b'\x18\xee\xd9\xc2\xa5j\xdd\x85\x04\x9f\xfc<Y\xad\x0e\x12')}}
2019-07-11 10:38:07,777 - INFO: Provisioning complete
2019-07-11 10:38:07,778 - INFO: 	Address(es): 0x1e-0x2b
2019-07-11 10:38:07,778 - INFO: 	Device key: ab71cbba24f084cd2db086f0c69074f0
2019-07-11 10:38:07,778 - INFO: 	Network key: 18eed9c2a56add85049ffc3c59ad0e12
2019-07-11 10:38:07,778 - INFO: Adding device key to subnet 0
2019-07-11 10:38:07,778 - INFO: Adding publication address of root element
2019-07-11 10:38:07,779 - DEBUG: Writing: 156 bytearray(b'\x1e\x00\x00\x00\xabq\xcb\xba$\xf0\x84\xcd-\xb0\x86\xf0\xc6\x90t\xf0')
2019-07-11 10:38:07,781 - DEBUG: TX: 159c1e000000ab71cbba24f084cd2db086f0c69074f0
2019-07-11 10:38:07,781 - DEBUG: Writing: 164 bytearray(b'\x1e\x00')
2019-07-11 10:38:07,781 - DEBUG: TX: 03a41e00
2019-07-11 10:38:09,783 - INFO: cmd AddrPublicationAdd, timeout waiting for event
2019-07-11 10:38:17,785 - DEBUG: RX: 05849c000800
2019-07-11 10:38:17,785 - DEBUG: parsed_packet {event: CmdRsp, data: {'opcode': 156, 'status': 0, 'data': bytearray(b'\x08\x00')}}
2019-07-11 10:38:17,785 - INFO: DevkeyAdd: {'devkey_handle': 8}
2019-07-11 10:38:17,786 - INFO: Received from node-red: "{\"op\":\"Configure\",\"nodeMessageId\":3}"
2019-07-11 10:38:17,789 - DEBUG: RX: 0584a4000f00
2019-07-11 10:38:17,790 - DEBUG: parsed_packet {event: CmdRsp, data: {'opcode': 164, 'status': 0, 'data': bytearray(b'\x0f\x00')}}
2019-07-11 10:38:17,790 - INFO: AddrPublicationAdd: {'address_handle': 15}
2019-07-11 10:38:17,793 - DEBUG: RX: 03c20000
2019-07-11 10:38:17,793 - DEBUG: parsed_packet {event: ProvLinkClosed, data: {'context_id': 0, 'close_reason': 0}}
2019-07-11 10:38:17,793 - INFO: {event: ProvLinkClosed, data: {'context_id': 0, 'close_reason': 0}}
2019-07-11 10:38:17,794 - INFO: Provisioning link closed
