2019-06-18 22:40:53,616 - DEBUG - tty.usbmodem0006822145041: TX: 616986f4b0634a95c25ec06354dab0cfef40db1f65c660c344873f8773ec11eb725d12299c85a8f67ec73c98f811f55ffd30429fee66b3b4e0088f4e19b5455f24dab3d9064075592a54f13d2d6322fc3ef9d467b673eac791bba64f47a889f604b0
2019-06-18 22:40:53,629 - DEBUG - tty.usbmodem0006822145041: RX: 03845384
2019-06-18 22:40:53,629 - DEBUG - tty.usbmodem0006822145041: parsed_packet {event: CmdRsp, data: {'opcode': 83, 'status': 132, 'data': bytearray(b'')}}
2019-06-18 22:40:53,630 - INFO - tty.usbmodem0006822145041: Got 132
2019-06-18 22:40:53,630 - DEBUG - tty.usbmodem0006822145041: TX: 059f01000100
2019-06-18 22:40:53,630 - ERROR - tty.usbmodem0006822145041: None: ERROR_INVALID_LENGTH
2019-06-18 22:40:53,631 - DEBUG - tty.usbmodem0006822145041: RX: 03840084
2019-06-18 22:40:53,631 - DEBUG - tty.usbmodem0006822145041: parsed_packet {event: CmdRsp, data: {'opcode': 0, 'status': 132, 'data': bytearray(b'')}}
2019-06-18 22:40:53,631 - INFO - tty.usbmodem0006822145041: Got 132
2019-06-18 22:40:53,631 - ERROR - tty.usbmodem0006822145041: None: ERROR_INVALID_LENGTH
2019-06-18 22:40:53,631 - DEBUG - tty.usbmodem0006822145041: TX: 1392000018eed9c2a56add85049ffc3c59ad0e12
2019-06-18 22:40:53,632 - DEBUG - tty.usbmodem0006822145041: RX: 03840084
2019-06-18 22:40:53,632 - DEBUG - tty.usbmodem0006822145041: parsed_packet {event: CmdRsp, data: {'opcode': 0, 'status': 132, 'data': bytearray(b'')}}
2019-06-18 22:40:53,632 - INFO - tty.usbmodem0006822145041: Got 132
2019-06-18 22:40:53,632 - DEBUG - tty.usbmodem0006822145041: TX: 1597000000004f68ad85d9f48ac8589df665b6b49b8a
2019-06-18 22:40:53,632 - ERROR - tty.usbmodem0006822145041: None: ERROR_INVALID_LENGTH
2019-06-18 22:40:53,632 - DEBUG - tty.usbmodem0006822145041: RX: 03840084
2019-06-18 22:40:53,632 - DEBUG - tty.usbmodem0006822145041: parsed_packet {event: CmdRsp, data: {'opcode': 0, 'status': 132, 'data': bytearray(b'')}}
2019-06-18 22:40:53,633 - INFO - tty.usbmodem0006822145041: Got 132
2019-06-18 22:40:53,633 - DEBUG - tty.usbmodem0006822145041: TX: 1597010000002aa2a6ded5a0798ceab5787ca3ae39fc
2019-06-18 22:40:53,633 - ERROR - tty.usbmodem0006822145041: None: ERROR_INVALID_LENGTH
2019-06-18 22:40:53,633 - DEBUG - tty.usbmodem0006822145041: RX: 03840084
2019-06-18 22:40:53,633 - DEBUG - tty.usbmodem0006822145041: parsed_packet {event: CmdRsp, data: {'opcode': 0, 'status': 132, 'data': bytearray(b'')}}
2019-06-18 22:40:53,633 - INFO - tty.usbmodem0006822145041: Got 132
2019-06-18 22:40:53,634 - ERROR - tty.usbmodem0006822145041: None: ERROR_INVALID_LENGTH
2019-06-18 22:40:53,634 - DEBUG - tty.usbmodem0006822145041: RX: 03840084
2019-06-18 22:40:53,634 - DEBUG - tty.usbmodem0006822145041: parsed_packet {event: CmdRsp, data: {'opcode': 0, 'status': 132, 'data': bytearray(b'')}}
2019-06-18 22:40:53,634 - INFO - tty.usbmodem0006822145041: Got 132
2019-06-18 22:40:53,634 - ERROR - tty.usbmodem0006822145041: None: ERROR_INVALID_LENGTH
2019-06-18 22:40:53,634 - DEBUG - tty.usbmodem0006822145041: RX: 03840084
2019-06-18 22:40:53,634 - DEBUG - tty.usbmodem0006822145041: parsed_packet {event: CmdRsp, data: {'opcode': 0, 'status': 132, 'data': bytearray(b'')}}
2019-06-18 22:40:53,634 - INFO - tty.usbmodem0006822145041: Got 132
2019-06-18 22:40:53,634 - ERROR - tty.usbmodem0006822145041: None: ERROR_INVALID_LENGTH
2019-06-18 22:40:53,635 - DEBUG - tty.usbmodem0006822145041: RX: 03840084
2019-06-18 22:40:53,635 - DEBUG - tty.usbmodem0006822145041: parsed_packet {event: CmdRsp, data: {'opcode': 0, 'status': 132, 'data': bytearray(b'')}}
2019-06-18 22:40:53,635 - INFO - tty.usbmodem0006822145041: Got 132
2019-06-18 22:40:53,635 - ERROR - tty.usbmodem0006822145041: None: ERROR_INVALID_LENGTH
2019-06-18 22:40:53,635 - DEBUG - tty.usbmodem0006822145041: RX: 03840084
2019-06-18 22:40:53,635 - DEBUG - tty.usbmodem0006822145041: parsed_packet {event: CmdRsp, data: {'opcode': 0, 'status': 132, 'data': bytearray(b'')}}
2019-06-18 22:40:53,635 - INFO - tty.usbmodem0006822145041: Got 132
2019-06-18 22:40:53,635 - ERROR - tty.usbmodem0006822145041: None: ERROR_INVALID_LENGTH
2019-06-18 22:40:53,635 - DEBUG - tty.usbmodem0006822145041: RX: 03840084
2019-06-18 22:40:53,636 - DEBUG - tty.usbmodem0006822145041: parsed_packet {event: CmdRsp, data: {'opcode': 0, 'status': 132, 'data': bytearray(b'')}}
2019-06-18 22:40:53,636 - INFO - tty.usbmodem0006822145041: Got 132
2019-06-18 22:40:53,636 - ERROR - tty.usbmodem0006822145041: None: ERROR_INVALID_LENGTH
2019-06-18 22:40:53,636 - DEBUG - tty.usbmodem0006822145041: RX: 03840084
2019-06-18 22:40:53,636 - DEBUG - tty.usbmodem0006822145041: parsed_packet {event: CmdRsp, data: {'opcode': 0, 'status': 132, 'data': bytearray(b'')}}
2019-06-18 22:40:53,636 - INFO - tty.usbmodem0006822145041: Got 132
2019-06-18 22:40:53,636 - ERROR - tty.usbmodem0006822145041: None: ERROR_INVALID_LENGTH
2019-06-18 22:40:53,636 - DEBUG - tty.usbmodem0006822145041: RX: 03840084
2019-06-18 22:40:53,636 - DEBUG - tty.usbmodem0006822145041: parsed_packet {event: CmdRsp, data: {'opcode': 0, 'status': 132, 'data': bytearray(b'')}}
2019-06-18 22:40:53,636 - INFO - tty.usbmodem0006822145041: Got 132
2019-06-18 22:40:53,636 - ERROR - tty.usbmodem0006822145041: None: ERROR_INVALID_LENGTH
2019-06-18 22:40:53,637 - DEBUG - tty.usbmodem0006822145041: RX: 03840084
2019-06-18 22:40:53,637 - DEBUG - tty.usbmodem0006822145041: parsed_packet {event: CmdRsp, data: {'opcode': 0, 'status': 132, 'data': bytearray(b'')}}
2019-06-18 22:40:53,637 - INFO - tty.usbmodem0006822145041: Got 132
2019-06-18 22:40:53,637 - ERROR - tty.usbmodem0006822145041: None: ERROR_INVALID_LENGTH
2019-06-18 22:40:53,637 - DEBUG - tty.usbmodem0006822145041: RX: 03849f00
2019-06-18 22:40:53,637 - DEBUG - tty.usbmodem0006822145041: parsed_packet {event: CmdRsp, data: {'opcode': 159, 'status': 0, 'data': bytearray(b'')}}
2019-06-18 22:40:53,637 - INFO - tty.usbmodem0006822145041: Got 132
2019-06-18 22:40:53,637 - INFO - tty.usbmodem0006822145041: Success
2019-06-18 22:40:53,637 - DEBUG - tty.usbmodem0006822145041: RX: 058492000000
2019-06-18 22:40:53,637 - DEBUG - tty.usbmodem0006822145041: parsed_packet {event: CmdRsp, data: {'opcode': 146, 'status': 0, 'data': bytearray(b'\x00\x00')}}
2019-06-18 22:40:53,638 - INFO - tty.usbmodem0006822145041: Got 132
2019-06-18 22:40:53,638 - INFO - tty.usbmodem0006822145041: SubnetAdd: {'subnet_handle': 0}
2019-06-18 22:40:53,638 - DEBUG - tty.usbmodem0006822145041: RX: 058497000000
2019-06-18 22:40:53,638 - DEBUG - tty.usbmodem0006822145041: parsed_packet {event: CmdRsp, data: {'opcode': 151, 'status': 0, 'data': bytearray(b'\x00\x00')}}
2019-06-18 22:40:53,638 - INFO - tty.usbmodem0006822145041: Got 132
2019-06-18 22:40:53,638 - INFO - tty.usbmodem0006822145041: AppkeyAdd: {'appkey_handle': 0}
2019-06-18 22:40:53,640 - DEBUG - tty.usbmodem0006822145041: RX: 058497000100
2019-06-18 22:40:53,640 - DEBUG - tty.usbmodem0006822145041: parsed_packet {event: CmdRsp, data: {'opcode': 151, 'status': 0, 'data': bytearray(b'\x01\x00')}}
2019-06-18 22:40:53,640 - INFO - tty.usbmodem0006822145041: Got 132
2019-06-18 22:40:53,640 - INFO - tty.usbmodem0006822145041: AppkeyAdd: {'appkey_handle': 1}
2019-06-18 22:41:01,251 - DEBUG - tty.usbmodem0006822145041: TX: 0161
2019-06-18 22:41:01,258 - DEBUG - tty.usbmodem0006822145041: RX: 03846100
2019-06-18 22:41:01,258 - DEBUG - tty.usbmodem0006822145041: parsed_packet {event: CmdRsp, data: {'opcode': 97, 'status': 0, 'data': bytearray(b'')}}
2019-06-18 22:41:01,258 - INFO - tty.usbmodem0006822145041: Got 132
2019-06-18 22:41:01,259 - INFO - tty.usbmodem0006822145041: Success
2019-06-18 22:41:04,226 - DEBUG - tty.usbmodem0006822145041: TX: 0162
2019-06-18 22:41:04,234 - DEBUG - tty.usbmodem0006822145041: RX: 03846200
2019-06-18 22:41:04,234 - DEBUG - tty.usbmodem0006822145041: parsed_packet {event: CmdRsp, data: {'opcode': 98, 'status': 0, 'data': bytearray(b'')}}
2019-06-18 22:41:04,234 - INFO - tty.usbmodem0006822145041: Got 132
2019-06-18 22:41:04,234 - INFO - tty.usbmodem0006822145041: Success
2019-06-18 22:41:28,454 - DEBUG - tty.usbmodem0006822145041: TX: 0161
2019-06-18 22:41:28,459 - DEBUG - tty.usbmodem0006822145041: RX: 03846100
2019-06-18 22:41:28,459 - DEBUG - tty.usbmodem0006822145041: parsed_packet {event: CmdRsp, data: {'opcode': 97, 'status': 0, 'data': bytearray(b'')}}
2019-06-18 22:41:28,460 - INFO - tty.usbmodem0006822145041: Got 132
2019-06-18 22:41:28,460 - INFO - tty.usbmodem0006822145041: Success
2019-06-18 22:41:44,579 - DEBUG - tty.usbmodem0006822145041: TX: 0162
2019-06-18 22:41:44,582 - DEBUG - tty.usbmodem0006822145041: RX: 03846200
2019-06-18 22:41:44,583 - DEBUG - tty.usbmodem0006822145041: parsed_packet {event: CmdRsp, data: {'opcode': 98, 'status': 0, 'data': bytearray(b'')}}
2019-06-18 22:41:44,583 - INFO - tty.usbmodem0006822145041: Got 132
2019-06-18 22:41:44,583 - INFO - tty.usbmodem0006822145041: Success
2019-06-18 22:42:10,255 - DEBUG - tty.usbmodem0006822145041: TX: 0161
2019-06-18 22:42:10,263 - DEBUG - tty.usbmodem0006822145041: RX: 03846100
2019-06-18 22:42:10,263 - DEBUG - tty.usbmodem0006822145041: parsed_packet {event: CmdRsp, data: {'opcode': 97, 'status': 0, 'data': bytearray(b'')}}
2019-06-18 22:42:10,263 - INFO - tty.usbmodem0006822145041: Got 132
2019-06-18 22:42:10,263 - INFO - tty.usbmodem0006822145041: Success
2019-06-18 22:42:44,326 - DEBUG - tty.usbmodem0006822145041: RX: 1ac09db77a0526b8734988639509c242d107c90001c8639509c2c2
2019-06-18 22:42:44,327 - DEBUG - tty.usbmodem0006822145041: parsed_packet {event: ProvUnprovisionedReceived, data: {'uuid': bytearray(b'\x9d\xb7z\x05&\xb8sI\x88c\x95\t\xc2B\xd1\x07'), 'rssi': -55, 'gatt_supported': 0, 'adv_addr_type': 1, 'adv_addr': bytearray(b'\xc8c\x95\t\xc2\xc2')}}
2019-06-18 22:42:44,327 - INFO - tty.usbmodem0006822145041: Got 192
2019-06-18 22:42:44,327 - INFO - tty.usbmodem0006822145041: Received UUID 9db77a0526b8734988639509c242d107 with RSSI: -55 dB
2019-06-18 22:42:46,326 - DEBUG - tty.usbmodem0006822145041: RX: 1ac09db77a0526b8734988639509c242d107cd0001c8639509c2c2
2019-06-18 22:42:46,326 - DEBUG - tty.usbmodem0006822145041: parsed_packet {event: ProvUnprovisionedReceived, data: {'uuid': bytearray(b'\x9d\xb7z\x05&\xb8sI\x88c\x95\t\xc2B\xd1\x07'), 'rssi': -51, 'gatt_supported': 0, 'adv_addr_type': 1, 'adv_addr': bytearray(b'\xc8c\x95\t\xc2\xc2')}}
2019-06-18 22:42:46,326 - INFO - tty.usbmodem0006822145041: Got 192
2019-06-18 22:42:48,335 - DEBUG - tty.usbmodem0006822145041: RX: 1ac09db77a0526b8734988639509c242d107cf0001c8639509c2c2
2019-06-18 22:42:48,335 - DEBUG - tty.usbmodem0006822145041: parsed_packet {event: ProvUnprovisionedReceived, data: {'uuid': bytearray(b'\x9d\xb7z\x05&\xb8sI\x88c\x95\t\xc2B\xd1\x07'), 'rssi': -49, 'gatt_supported': 0, 'adv_addr_type': 1, 'adv_addr': bytearray(b'\xc8c\x95\t\xc2\xc2')}}
2019-06-18 22:42:48,336 - INFO - tty.usbmodem0006822145041: Got 192
2019-06-18 22:42:50,345 - DEBUG - tty.usbmodem0006822145041: RX: 1ac09db77a0526b8734988639509c242d107cb0001c8639509c2c2
2019-06-18 22:42:50,345 - DEBUG - tty.usbmodem0006822145041: parsed_packet {event: ProvUnprovisionedReceived, data: {'uuid': bytearray(b'\x9d\xb7z\x05&\xb8sI\x88c\x95\t\xc2B\xd1\x07'), 'rssi': -53, 'gatt_supported': 0, 'adv_addr_type': 1, 'adv_addr': bytearray(b'\xc8c\x95\t\xc2\xc2')}}
2019-06-18 22:42:50,346 - INFO - tty.usbmodem0006822145041: Got 192
2019-06-18 22:42:56,826 - DEBUG - tty.usbmodem0006822145041: RX: 1ac09db77a0526b8734988639509c242d107cb0001c8639509c2c2
2019-06-18 22:42:56,827 - DEBUG - tty.usbmodem0006822145041: parsed_packet {event: ProvUnprovisionedReceived, data: {'uuid': bytearray(b'\x9d\xb7z\x05&\xb8sI\x88c\x95\t\xc2B\xd1\x07'), 'rssi': -53, 'gatt_supported': 0, 'adv_addr_type': 1, 'adv_addr': bytearray(b'\xc8c\x95\t\xc2\xc2')}}
2019-06-18 22:42:56,827 - INFO - tty.usbmodem0006822145041: Got 192
2019-06-18 22:42:58,847 - DEBUG - tty.usbmodem0006822145041: RX: 1ac09db77a0526b8734988639509c242d107c20001c8639509c2c2
2019-06-18 22:42:58,847 - DEBUG - tty.usbmodem0006822145041: parsed_packet {event: ProvUnprovisionedReceived, data: {'uuid': bytearray(b'\x9d\xb7z\x05&\xb8sI\x88c\x95\t\xc2B\xd1\x07'), 'rssi': -62, 'gatt_supported': 0, 'adv_addr_type': 1, 'adv_addr': bytearray(b'\xc8c\x95\t\xc2\xc2')}}
2019-06-18 22:42:58,847 - INFO - tty.usbmodem0006822145041: Got 192
2019-06-18 22:43:00,834 - DEBUG - tty.usbmodem0006822145041: RX: 1ac09db77a0526b8734988639509c242d107ce0001c8639509c2c2
2019-06-18 22:43:00,834 - DEBUG - tty.usbmodem0006822145041: parsed_packet {event: ProvUnprovisionedReceived, data: {'uuid': bytearray(b'\x9d\xb7z\x05&\xb8sI\x88c\x95\t\xc2B\xd1\x07'), 'rssi': -50, 'gatt_supported': 0, 'adv_addr_type': 1, 'adv_addr': bytearray(b'\xc8c\x95\t\xc2\xc2')}}
2019-06-18 22:43:00,835 - INFO - tty.usbmodem0006822145041: Got 192
2019-06-18 22:43:02,839 - DEBUG - tty.usbmodem0006822145041: RX: 1ac09db77a0526b8734988639509c242d107c90001c8639509c2c2
2019-06-18 22:43:02,839 - DEBUG - tty.usbmodem0006822145041: parsed_packet {event: ProvUnprovisionedReceived, data: {'uuid': bytearray(b'\x9d\xb7z\x05&\xb8sI\x88c\x95\t\xc2B\xd1\x07'), 'rssi': -55, 'gatt_supported': 0, 'adv_addr_type': 1, 'adv_addr': bytearray(b'\xc8c\x95\t\xc2\xc2')}}
2019-06-18 22:43:02,840 - INFO - tty.usbmodem0006822145041: Got 192
2019-06-18 22:43:04,841 - DEBUG - tty.usbmodem0006822145041: RX: 1ac09db77a0526b8734988639509c242d107c50001c8639509c2c2
2019-06-18 22:43:04,841 - DEBUG - tty.usbmodem0006822145041: parsed_packet {event: ProvUnprovisionedReceived, data: {'uuid': bytearray(b'\x9d\xb7z\x05&\xb8sI\x88c\x95\t\xc2B\xd1\x07'), 'rssi': -59, 'gatt_supported': 0, 'adv_addr_type': 1, 'adv_addr': bytearray(b'\xc8c\x95\t\xc2\xc2')}}
2019-06-18 22:43:04,841 - INFO - tty.usbmodem0006822145041: Got 192
2019-06-18 22:43:06,653 - DEBUG - tty.usbmodem0006822145041: TX: 0162
2019-06-18 22:43:06,658 - DEBUG - tty.usbmodem0006822145041: RX: 03846200
2019-06-18 22:43:06,658 - DEBUG - tty.usbmodem0006822145041: parsed_packet {event: CmdRsp, data: {'opcode': 98, 'status': 0, 'data': bytearray(b'')}}
2019-06-18 22:43:06,659 - INFO - tty.usbmodem0006822145041: Got 132
2019-06-18 22:43:06,659 - INFO - tty.usbmodem0006822145041: Success
2019-06-18 22:43:12,645 - DEBUG - tty.usbmodem0006822145041: TX: 2d63009db77a0526b8734988639509c242d10718eed9c2a56add85049ffc3c59ad0e120000000000001200000000
2019-06-18 22:43:12,655 - DEBUG - tty.usbmodem0006822145041: RX: 0484630000
2019-06-18 22:43:12,655 - DEBUG - tty.usbmodem0006822145041: parsed_packet {event: CmdRsp, data: {'opcode': 99, 'status': 0, 'data': bytearray(b'\x00')}}
2019-06-18 22:43:12,655 - INFO - tty.usbmodem0006822145041: Got 132
2019-06-18 22:43:12,656 - INFO - tty.usbmodem0006822145041: Provision: {'context': 0}
2019-06-18 22:43:12,677 - DEBUG - tty.usbmodem0006822145041: RX: 02c100
2019-06-18 22:43:12,677 - DEBUG - tty.usbmodem0006822145041: parsed_packet {event: ProvLinkEstablished, data: {'context_id': 0}}
2019-06-18 22:43:12,677 - INFO - tty.usbmodem0006822145041: Got 193
2019-06-18 22:43:12,678 - INFO - tty.usbmodem0006822145041: Link established
2019-06-18 22:43:12,730 - DEBUG - tty.usbmodem0006822145041: RX: 0bc300020001000000000000
2019-06-18 22:43:12,731 - DEBUG - tty.usbmodem0006822145041: parsed_packet {event: ProvCapsReceived, data: {'context_id': 0, 'num_elements': 2, 'public_key_type': 0, 'static_oob_types': 1, 'output_oob_size': 0, 'output_oob_actions': 0, 'input_oob_size': 0, 'input_oob_actions': 0}}
2019-06-18 22:43:12,731 - INFO - tty.usbmodem0006822145041: Got 195
2019-06-18 22:43:12,731 - INFO - tty.usbmodem0006822145041: Received capabilities
2019-06-18 22:43:12,731 - INFO - tty.usbmodem0006822145041: Number of elements: 2
2019-06-18 22:43:12,732 - DEBUG - tty.usbmodem0006822145041: TX: 056600000000
2019-06-18 22:43:12,734 - DEBUG - tty.usbmodem0006822145041: RX: 0484660000
2019-06-18 22:43:12,734 - DEBUG - tty.usbmodem0006822145041: parsed_packet {event: CmdRsp, data: {'opcode': 102, 'status': 0, 'data': bytearray(b'\x00')}}
2019-06-18 22:43:12,735 - INFO - tty.usbmodem0006822145041: Got 132
2019-06-18 22:43:12,735 - INFO - tty.usbmodem0006822145041: OobUse: {'context': 0}
2019-06-18 22:43:12,921 - DEBUG - tty.usbmodem0006822145041: RX: 62c7008dafac97ca9448ad2d6e93f2ecdb2f2ee37163b2444157070efbf3493f21c32870fec9faced9af8c7f92c8a20a089dd3247c21a2f15b8ea9ee76496e97efbde91c693c989b410b5145c05adf04a18019c8ad355cbcd2cd4d800ddbb8958a1db9
2019-06-18 22:43:12,922 - DEBUG - tty.usbmodem0006822145041: parsed_packet {event: ProvEcdhRequest, data: {'context_id': 0, 'peer_public': bytearray(b'\x8d\xaf\xac\x97\xca\x94H\xad-n\x93\xf2\xec\xdb/.\xe3qc\xb2DAW\x07\x0e\xfb\xf3I?!\xc3(p\xfe\xc9\xfa\xce\xd9\xaf\x8c\x7f\x92\xc8\xa2\n\x08\x9d\xd3$|!\xa2\xf1[\x8e\xa9\xeevIn\x97\xef\xbd\xe9'), 'node_private': bytearray(b'\x1ci<\x98\x9bA\x0bQE\xc0Z\xdf\x04\xa1\x80\x19\xc8\xad5\\\xbc\xd2\xcdM\x80\r\xdb\xb8\x95\x8a\x1d\xb9')}}
2019-06-18 22:43:12,922 - INFO - tty.usbmodem0006822145041: Got 199
2019-06-18 22:43:12,922 - INFO - tty.usbmodem0006822145041: ECDH request received
2019-06-18 22:43:12,926 - DEBUG - tty.usbmodem0006822145041: TX: 2268005353c5454bf75b1d824fb6833d0af22784df72094fc0d9be38a7869c61d5c63f
2019-06-18 22:43:12,931 - DEBUG - tty.usbmodem0006822145041: RX: 0484680000
2019-06-18 22:43:12,931 - DEBUG - tty.usbmodem0006822145041: parsed_packet {event: CmdRsp, data: {'opcode': 104, 'status': 0, 'data': bytearray(b'\x00')}}
2019-06-18 22:43:12,931 - INFO - tty.usbmodem0006822145041: Got 132
2019-06-18 22:43:12,932 - INFO - tty.usbmodem0006822145041: EcdhSecret: {'context': 0}
2019-06-18 22:43:13,284 - DEBUG - tty.usbmodem0006822145041: RX: 2cc500000000000000120000002d07e6420f2f47b0dc182e6285ddf8de18eed9c2a56add85049ffc3c59ad0e12
2019-06-18 22:43:13,284 - DEBUG - tty.usbmodem0006822145041: parsed_packet {event: ProvComplete, data: {'context_id': 0, 'iv_index': 0, 'net_key_index': 0, 'address': 18, 'iv_update_flag': 0, 'key_refresh_flag': 0, 'device_key': bytearray(b'-\x07\xe6B\x0f/G\xb0\xdc\x18.b\x85\xdd\xf8\xde'), 'net_key': bytearray(b'\x18\xee\xd9\xc2\xa5j\xdd\x85\x04\x9f\xfc<Y\xad\x0e\x12')}}
2019-06-18 22:43:13,285 - INFO - tty.usbmodem0006822145041: Got 197
2019-06-18 22:43:13,285 - INFO - tty.usbmodem0006822145041: Provisioning complete
2019-06-18 22:43:13,285 - INFO - tty.usbmodem0006822145041: 	Address(es): 0x12-0x13
2019-06-18 22:43:13,285 - INFO - tty.usbmodem0006822145041: 	Device key: 2d07e6420f2f47b0dc182e6285ddf8de
2019-06-18 22:43:13,285 - INFO - tty.usbmodem0006822145041: 	Network key: 18eed9c2a56add85049ffc3c59ad0e12
2019-06-18 22:43:13,285 - INFO - tty.usbmodem0006822145041: Adding device key to subnet 0
2019-06-18 22:43:13,285 - INFO - tty.usbmodem0006822145041: Adding publication address of root element
2019-06-18 22:43:13,286 - DEBUG - tty.usbmodem0006822145041: TX: 159c120000002d07e6420f2f47b0dc182e6285ddf8de
2019-06-18 22:43:13,286 - DEBUG - tty.usbmodem0006822145041: TX: 03a41200
2019-06-18 22:43:13,289 - DEBUG - tty.usbmodem0006822145041: RX: 05849c000800
2019-06-18 22:43:13,290 - DEBUG - tty.usbmodem0006822145041: parsed_packet {event: CmdRsp, data: {'opcode': 156, 'status': 0, 'data': bytearray(b'\x08\x00')}}
2019-06-18 22:43:13,290 - INFO - tty.usbmodem0006822145041: Got 132
2019-06-18 22:43:13,290 - INFO - tty.usbmodem0006822145041: DevkeyAdd: {'devkey_handle': 8}
2019-06-18 22:43:13,290 - DEBUG - tty.usbmodem0006822145041: RX: 0584a4000000
2019-06-18 22:43:13,290 - DEBUG - tty.usbmodem0006822145041: parsed_packet {event: CmdRsp, data: {'opcode': 164, 'status': 0, 'data': bytearray(b'\x00\x00')}}
2019-06-18 22:43:13,290 - INFO - tty.usbmodem0006822145041: Got 132
2019-06-18 22:43:13,291 - INFO - tty.usbmodem0006822145041: AddrPublicationAdd: {'address_handle': 0}
2019-06-18 22:43:13,384 - DEBUG - tty.usbmodem0006822145041: RX: 03c20000
2019-06-18 22:43:13,384 - DEBUG - tty.usbmodem0006822145041: parsed_packet {event: ProvLinkClosed, data: {'context_id': 0, 'close_reason': 0}}
2019-06-18 22:43:13,385 - INFO - tty.usbmodem0006822145041: Got 194
2019-06-18 22:43:13,385 - INFO - tty.usbmodem0006822145041: Provisioning link closed
2019-06-18 22:43:19,808 - DEBUG - tty.usbmodem0006822145041.ConfigurationClient: Sending opcode: 8008, data: 00
2019-06-18 22:43:19,808 - DEBUG - tty.usbmodem0006822145041: TX: 0eab08000100000008000000800800
2019-06-18 22:43:19,819 - DEBUG - tty.usbmodem0006822145041: RX: 0784ab0001000000
2019-06-18 22:43:19,819 - DEBUG - tty.usbmodem0006822145041: parsed_packet {event: CmdRsp, data: {'opcode': 171, 'status': 0, 'data': bytearray(b'\x01\x00\x00\x00')}}
2019-06-18 22:43:19,819 - INFO - tty.usbmodem0006822145041: Got 132
2019-06-18 22:43:19,820 - INFO - tty.usbmodem0006822145041: PacketSend: {'token': 1}
2019-06-18 22:43:19,822 - DEBUG - tty.usbmodem0006822145041: RX: 05d201000000
2019-06-18 22:43:19,823 - DEBUG - tty.usbmodem0006822145041: parsed_packet {event: MeshTxComplete, data: {'token': 1}}
2019-06-18 22:43:19,823 - INFO - tty.usbmodem0006822145041: Got 210
2019-06-18 22:43:19,823 - INFO - tty.usbmodem0006822145041: {event: MeshTxComplete, data: {'token': 1}}
2019-06-18 22:43:22,855 - DEBUG - tty.usbmodem0006822145041: RX: 34d012000100080000007f01c8639509c2c2c220000200590000000000280003000000020000000200000002010010011059000000
2019-06-18 22:43:22,856 - DEBUG - tty.usbmodem0006822145041: parsed_packet {event: MeshMessageReceivedUnicast, data: {'src': 18, 'dst': 1, 'appkey_handle': 8, 'subnet_handle': 0, 'ttl': 127, 'adv_addr_type': 1, 'adv_addr': bytearray(b'\xc8c\x95\t\xc2\xc2'), 'rssi': -62, 'actual_length': 32, 'data': bytearray(b'\x02\x00Y\x00\x00\x00\x00\x00(\x00\x03\x00\x00\x00\x02\x00\x00\x00\x02\x00\x00\x00\x02\x01\x00\x10\x01\x10Y\x00\x00\x00')}}
2019-06-18 22:43:22,858 - INFO - tty.usbmodem0006822145041.ConfigurationClient: Received composition data (page 0x00): {
  "cid": "0059",
  "pid": "0000",
  "vid": "0000",
  "crpl": 40,
  "features": {
    "relay": 0,
    "proxy": 0,
    "friend": 2,
    "low_power": 2
  },
  "elements": [
    {
      "index": 0,
      "location": "0000",
      "models": [
        {
          "modelId": "0000"
        },
        {
          "modelId": "0002"
        }
      ]
    },
    {
      "index": 1,
      "location": "0000",
      "models": [
        {
          "modelId": "1000"
        },
        {
          "modelId": "1001"
        },
        {
          "modelId": "00590000"
        }
      ]
    }
  ]
}
2019-06-18 22:43:22,858 - INFO - tty.usbmodem0006822145041: Got 208
2019-06-18 22:43:36,966 - DEBUG - tty.usbmodem0006822145041.ConfigurationClient: Sending opcode: 00, data: 0000004f68ad85d9f48ac8589df665b6b49b8a
2019-06-18 22:43:36,966 - DEBUG - tty.usbmodem0006822145041: TX: 1fab08000100000008000000000000004f68ad85d9f48ac8589df665b6b49b8a
2019-06-18 22:43:36,975 - DEBUG - tty.usbmodem0006822145041: RX: 0784ab0002000000
2019-06-18 22:43:36,975 - DEBUG - tty.usbmodem0006822145041: parsed_packet {event: CmdRsp, data: {'opcode': 171, 'status': 0, 'data': bytearray(b'\x02\x00\x00\x00')}}
2019-06-18 22:43:36,976 - INFO - tty.usbmodem0006822145041: Got 132
2019-06-18 22:43:36,976 - INFO - tty.usbmodem0006822145041: PacketSend: {'token': 2}
2019-06-18 22:43:37,028 - DEBUG - tty.usbmodem0006822145041: RX: 05d202000000
2019-06-18 22:43:37,028 - DEBUG - tty.usbmodem0006822145041: parsed_packet {event: MeshTxComplete, data: {'token': 2}}
2019-06-18 22:43:37,028 - INFO - tty.usbmodem0006822145041: Got 210
2019-06-18 22:43:37,029 - INFO - tty.usbmodem0006822145041: {event: MeshTxComplete, data: {'token': 2}}
2019-06-18 22:43:37,052 - DEBUG - tty.usbmodem0006822145041: RX: 1ad012000100080000007f01c8639509c2c2c40600800300000000
2019-06-18 22:43:37,052 - DEBUG - tty.usbmodem0006822145041: parsed_packet {event: MeshMessageReceivedUnicast, data: {'src': 18, 'dst': 1, 'appkey_handle': 8, 'subnet_handle': 0, 'ttl': 127, 'adv_addr_type': 1, 'adv_addr': bytearray(b'\xc8c\x95\t\xc2\xc2'), 'rssi': -60, 'actual_length': 6, 'data': bytearray(b'\x80\x03\x00\x00\x00\x00')}}
2019-06-18 22:43:37,052 - INFO - tty.usbmodem0006822145041.ConfigurationClient: Appkey status: AccessStatus.SUCCESS
2019-06-18 22:43:37,055 - INFO - tty.usbmodem0006822145041.ConfigurationClient: Appkey add 0 succeded for subnet 0 at node 0012
2019-06-18 22:43:37,055 - INFO - tty.usbmodem0006822145041: Got 208
2019-06-18 22:43:42,950 - DEBUG - tty.usbmodem0006822145041.ConfigurationClient: Sending opcode: 803d, data: 110000000110
2019-06-18 22:43:42,951 - DEBUG - tty.usbmodem0006822145041: TX: 13ab08000100000008000000803d110000000110
2019-06-18 22:43:42,956 - DEBUG - tty.usbmodem0006822145041: RX: 0784ab0003000000
2019-06-18 22:43:42,957 - DEBUG - tty.usbmodem0006822145041: parsed_packet {event: CmdRsp, data: {'opcode': 171, 'status': 0, 'data': bytearray(b'\x03\x00\x00\x00')}}
2019-06-18 22:43:42,957 - INFO - tty.usbmodem0006822145041: Got 132
2019-06-18 22:43:42,959 - INFO - tty.usbmodem0006822145041: PacketSend: {'token': 3}
2019-06-18 22:43:42,973 - DEBUG - tty.usbmodem0006822145041: RX: 05d203000000
2019-06-18 22:43:42,973 - DEBUG - tty.usbmodem0006822145041: parsed_packet {event: MeshTxComplete, data: {'token': 3}}
2019-06-18 22:43:42,973 - INFO - tty.usbmodem0006822145041: Got 210
2019-06-18 22:43:42,973 - INFO - tty.usbmodem0006822145041: {event: MeshTxComplete, data: {'token': 3}}
2019-06-18 22:43:42,996 - DEBUG - tty.usbmodem0006822145041: RX: 1dd012000100080000007f01c8639509c2c2c50900803e01110000000110
2019-06-18 22:43:42,996 - DEBUG - tty.usbmodem0006822145041: parsed_packet {event: MeshMessageReceivedUnicast, data: {'src': 18, 'dst': 1, 'appkey_handle': 8, 'subnet_handle': 0, 'ttl': 127, 'adv_addr_type': 1, 'adv_addr': bytearray(b'\xc8c\x95\t\xc2\xc2'), 'rssi': -59, 'actual_length': 9, 'data': bytearray(b'\x80>\x01\x11\x00\x00\x00\x01\x10')}}
2019-06-18 22:43:42,996 - INFO - tty.usbmodem0006822145041.ConfigurationClient: Model app bind status: AccessStatus.INVALID_ADDRESS
2019-06-18 22:43:42,997 - INFO - tty.usbmodem0006822145041: Got 208
2019-06-18 22:43:46,471 - DEBUG - tty.usbmodem0006822145041.ConfigurationClient: Sending opcode: 803d, data: 110000000010
2019-06-18 22:43:46,472 - DEBUG - tty.usbmodem0006822145041: TX: 13ab08000100000008000000803d110000000010
2019-06-18 22:43:46,477 - DEBUG - tty.usbmodem0006822145041: RX: 0784ab0004000000
2019-06-18 22:43:46,477 - DEBUG - tty.usbmodem0006822145041: parsed_packet {event: CmdRsp, data: {'opcode': 171, 'status': 0, 'data': bytearray(b'\x04\x00\x00\x00')}}
2019-06-18 22:43:46,477 - INFO - tty.usbmodem0006822145041: Got 132
2019-06-18 22:43:46,478 - INFO - tty.usbmodem0006822145041: PacketSend: {'token': 4}
2019-06-18 22:43:46,497 - DEBUG - tty.usbmodem0006822145041: RX: 05d204000000
2019-06-18 22:43:46,497 - DEBUG - tty.usbmodem0006822145041: parsed_packet {event: MeshTxComplete, data: {'token': 4}}
2019-06-18 22:43:46,498 - INFO - tty.usbmodem0006822145041: Got 210
2019-06-18 22:43:46,498 - INFO - tty.usbmodem0006822145041: {event: MeshTxComplete, data: {'token': 4}}
2019-06-18 22:43:46,511 - DEBUG - tty.usbmodem0006822145041: RX: 1dd012000100080000007f01c8639509c2c2c00900803e01110000000010
2019-06-18 22:43:46,512 - DEBUG - tty.usbmodem0006822145041: parsed_packet {event: MeshMessageReceivedUnicast, data: {'src': 18, 'dst': 1, 'appkey_handle': 8, 'subnet_handle': 0, 'ttl': 127, 'adv_addr_type': 1, 'adv_addr': bytearray(b'\xc8c\x95\t\xc2\xc2'), 'rssi': -64, 'actual_length': 9, 'data': bytearray(b'\x80>\x01\x11\x00\x00\x00\x00\x10')}}
2019-06-18 22:43:46,512 - INFO - tty.usbmodem0006822145041.ConfigurationClient: Model app bind status: AccessStatus.INVALID_ADDRESS
2019-06-18 22:43:46,513 - INFO - tty.usbmodem0006822145041: Got 208
2019-06-18 22:45:08,720 - DEBUG - tty.usbmodem0006822145041.GenericOnOffClient: Sending opcode: 8202, data: 0000
2019-06-18 22:45:08,721 - DEBUG - tty.usbmodem0006822145041: TX: 0fab0000010001000800000082020000
2019-06-18 22:45:08,727 - DEBUG - tty.usbmodem0006822145041: RX: 0384ab8e
2019-06-18 22:45:08,728 - DEBUG - tty.usbmodem0006822145041: parsed_packet {event: CmdRsp, data: {'opcode': 171, 'status': 142, 'data': bytearray(b'')}}
2019-06-18 22:45:08,728 - INFO - tty.usbmodem0006822145041: Got 132
2019-06-18 22:45:08,728 - ERROR - tty.usbmodem0006822145041: PacketSend: ERROR_REJECTED
2019-06-18 22:46:05,746 - DEBUG - tty.usbmodem0006822145041.GenericOnOffClient: Sending opcode: 8202, data: 0001
2019-06-18 22:46:05,748 - DEBUG - tty.usbmodem0006822145041: TX: 0fab0000010001000800000082020001
2019-06-18 22:46:05,753 - DEBUG - tty.usbmodem0006822145041: RX: 0384ab8e
2019-06-18 22:46:05,754 - DEBUG - tty.usbmodem0006822145041: parsed_packet {event: CmdRsp, data: {'opcode': 171, 'status': 142, 'data': bytearray(b'')}}
2019-06-18 22:46:05,754 - INFO - tty.usbmodem0006822145041: Got 132
2019-06-18 22:46:05,755 - ERROR - tty.usbmodem0006822145041: PacketSend: ERROR_REJECTED
2019-06-18 22:47:11,907 - DEBUG - tty.usbmodem0006822145041.GenericOnOffClient: Sending opcode: 8202, data: 0002
2019-06-18 22:47:11,907 - DEBUG - tty.usbmodem0006822145041: TX: 0fab0000010001000800000082020002
2019-06-18 22:47:11,912 - DEBUG - tty.usbmodem0006822145041: RX: 0384ab8e
2019-06-18 22:47:11,913 - DEBUG - tty.usbmodem0006822145041: parsed_packet {event: CmdRsp, data: {'opcode': 171, 'status': 142, 'data': bytearray(b'')}}
2019-06-18 22:47:11,913 - INFO - tty.usbmodem0006822145041: Got 132
2019-06-18 22:47:11,914 - ERROR - tty.usbmodem0006822145041: PacketSend: ERROR_REJECTED
2019-06-18 22:47:18,788 - DEBUG - tty.usbmodem0006822145041.GenericOnOffClient: Sending opcode: 8202, data: 0003
2019-06-18 22:47:18,789 - DEBUG - tty.usbmodem0006822145041: TX: 0fab0000010000000800000082020003
2019-06-18 22:47:18,795 - DEBUG - tty.usbmodem0006822145041: RX: 0784ab0008000000
2019-06-18 22:47:18,795 - DEBUG - tty.usbmodem0006822145041: parsed_packet {event: CmdRsp, data: {'opcode': 171, 'status': 0, 'data': bytearray(b'\x08\x00\x00\x00')}}
2019-06-18 22:47:18,795 - INFO - tty.usbmodem0006822145041: Got 132
2019-06-18 22:47:18,795 - INFO - tty.usbmodem0006822145041: PacketSend: {'token': 8}
2019-06-18 22:47:18,802 - DEBUG - tty.usbmodem0006822145041: RX: 05d208000000
2019-06-18 22:47:18,802 - DEBUG - tty.usbmodem0006822145041: parsed_packet {event: MeshTxComplete, data: {'token': 8}}
2019-06-18 22:47:18,802 - INFO - tty.usbmodem0006822145041: Got 210
2019-06-18 22:47:18,803 - INFO - tty.usbmodem0006822145041: {event: MeshTxComplete, data: {'token': 8}}
2019-06-18 22:47:21,876 - DEBUG - tty.usbmodem0006822145041.GenericOnOffClient: Sending opcode: 8202, data: 0004
2019-06-18 22:47:21,877 - DEBUG - tty.usbmodem0006822145041: TX: 0fab0000010000000800000082020004
2019-06-18 22:47:21,885 - DEBUG - tty.usbmodem0006822145041: RX: 0784ab0009000000
2019-06-18 22:47:21,886 - DEBUG - tty.usbmodem0006822145041: parsed_packet {event: CmdRsp, data: {'opcode': 171, 'status': 0, 'data': bytearray(b'\t\x00\x00\x00')}}
2019-06-18 22:47:21,886 - INFO - tty.usbmodem0006822145041: Got 132
2019-06-18 22:47:21,886 - INFO - tty.usbmodem0006822145041: PacketSend: {'token': 9}
2019-06-18 22:47:21,887 - DEBUG - tty.usbmodem0006822145041: RX: 05d209000000
2019-06-18 22:47:21,887 - DEBUG - tty.usbmodem0006822145041: parsed_packet {event: MeshTxComplete, data: {'token': 9}}
2019-06-18 22:47:21,887 - INFO - tty.usbmodem0006822145041: Got 210
2019-06-18 22:47:21,888 - INFO - tty.usbmodem0006822145041: {event: MeshTxComplete, data: {'token': 9}}
2019-06-18 22:47:27,391 - DEBUG - tty.usbmodem0006822145041.GenericOnOffClient: Sending opcode: 8202, data: 0105
2019-06-18 22:47:27,527 - DEBUG - tty.usbmodem0006822145041: TX: 0fab0000010000000800000082020105
2019-06-18 22:47:27,575 - DEBUG - tty.usbmodem0006822145041: RX: 0784ab000a000000
2019-06-18 22:47:27,576 - DEBUG - tty.usbmodem0006822145041: parsed_packet {event: CmdRsp, data: {'opcode': 171, 'status': 0, 'data': bytearray(b'\n\x00\x00\x00')}}
2019-06-18 22:47:27,576 - INFO - tty.usbmodem0006822145041: Got 132
2019-06-18 22:47:27,576 - INFO - tty.usbmodem0006822145041: PacketSend: {'token': 10}
2019-06-18 22:47:27,592 - DEBUG - tty.usbmodem0006822145041: RX: 05d20a000000
2019-06-18 22:47:27,592 - DEBUG - tty.usbmodem0006822145041: parsed_packet {event: MeshTxComplete, data: {'token': 10}}
2019-06-18 22:47:27,592 - INFO - tty.usbmodem0006822145041: Got 210
2019-06-18 22:47:27,593 - INFO - tty.usbmodem0006822145041: {event: MeshTxComplete, data: {'token': 10}}
2019-06-18 22:47:44,471 - DEBUG - tty.usbmodem0006822145041.ConfigurationClient: Sending opcode: 801b, data: 110001c00110
2019-06-18 22:47:44,472 - DEBUG - tty.usbmodem0006822145041: TX: 13ab08000100000008000000801b110001c00110
2019-06-18 22:47:44,477 - DEBUG - tty.usbmodem0006822145041: RX: 0784ab000b000000
2019-06-18 22:47:44,477 - DEBUG - tty.usbmodem0006822145041: parsed_packet {event: CmdRsp, data: {'opcode': 171, 'status': 0, 'data': bytearray(b'\x0b\x00\x00\x00')}}
2019-06-18 22:47:44,478 - INFO - tty.usbmodem0006822145041: Got 132
2019-06-18 22:47:44,478 - INFO - tty.usbmodem0006822145041: PacketSend: {'token': 11}
2019-06-18 22:47:44,489 - DEBUG - tty.usbmodem0006822145041: RX: 05d20b000000
2019-06-18 22:47:44,489 - DEBUG - tty.usbmodem0006822145041: parsed_packet {event: MeshTxComplete, data: {'token': 11}}
2019-06-18 22:47:44,489 - INFO - tty.usbmodem0006822145041: Got 210
2019-06-18 22:47:44,489 - INFO - tty.usbmodem0006822145041: {event: MeshTxComplete, data: {'token': 11}}
2019-06-18 22:47:44,506 - DEBUG - tty.usbmodem0006822145041: RX: 1dd012000100080000007f01c8639509c2c2c80900801f01110001c00110
2019-06-18 22:47:44,507 - DEBUG - tty.usbmodem0006822145041: parsed_packet {event: MeshMessageReceivedUnicast, data: {'src': 18, 'dst': 1, 'appkey_handle': 8, 'subnet_handle': 0, 'ttl': 127, 'adv_addr_type': 1, 'adv_addr': bytearray(b'\xc8c\x95\t\xc2\xc2'), 'rssi': -56, 'actual_length': 9, 'data': bytearray(b'\x80\x1f\x01\x11\x00\x01\xc0\x01\x10')}}
2019-06-18 22:47:44,508 - INFO - tty.usbmodem0006822145041.ConfigurationClient: Model subscription status: AccessStatus.INVALID_ADDRESS
2019-06-18 22:47:44,509 - DEBUG - tty.usbmodem0006822145041: Message Opcode bytearray(b'\x80\x1f'), Data bytearray(b'\x01\x11\x00\x01\xc0\x01\x10') unknown for model <mesh.access.Access object at 0x109fb1630>.
2019-06-18 22:47:44,510 - INFO - tty.usbmodem0006822145041: Got 208
2019-06-18 22:47:48,093 - DEBUG - tty.usbmodem0006822145041.ConfigurationClient: Sending opcode: 801b, data: 110001c00010
2019-06-18 22:47:48,093 - DEBUG - tty.usbmodem0006822145041: TX: 13ab08000100000008000000801b110001c00010
2019-06-18 22:47:48,099 - DEBUG - tty.usbmodem0006822145041: RX: 0784ab000c000000
2019-06-18 22:47:48,099 - DEBUG - tty.usbmodem0006822145041: parsed_packet {event: CmdRsp, data: {'opcode': 171, 'status': 0, 'data': bytearray(b'\x0c\x00\x00\x00')}}
2019-06-18 22:47:48,099 - INFO - tty.usbmodem0006822145041: Got 132
2019-06-18 22:47:48,099 - INFO - tty.usbmodem0006822145041: PacketSend: {'token': 12}
2019-06-18 22:47:48,106 - DEBUG - tty.usbmodem0006822145041: RX: 05d20c000000
2019-06-18 22:47:48,106 - DEBUG - tty.usbmodem0006822145041: parsed_packet {event: MeshTxComplete, data: {'token': 12}}
2019-06-18 22:47:48,106 - INFO - tty.usbmodem0006822145041: Got 210
2019-06-18 22:47:48,106 - INFO - tty.usbmodem0006822145041: {event: MeshTxComplete, data: {'token': 12}}
2019-06-18 22:47:48,127 - DEBUG - tty.usbmodem0006822145041: RX: 1dd012000100080000007f01c8639509c2c2c30900801f01110001c00010
2019-06-18 22:47:48,128 - DEBUG - tty.usbmodem0006822145041: parsed_packet {event: MeshMessageReceivedUnicast, data: {'src': 18, 'dst': 1, 'appkey_handle': 8, 'subnet_handle': 0, 'ttl': 127, 'adv_addr_type': 1, 'adv_addr': bytearray(b'\xc8c\x95\t\xc2\xc2'), 'rssi': -61, 'actual_length': 9, 'data': bytearray(b'\x80\x1f\x01\x11\x00\x01\xc0\x00\x10')}}
2019-06-18 22:47:48,128 - INFO - tty.usbmodem0006822145041.ConfigurationClient: Model subscription status: AccessStatus.INVALID_ADDRESS
2019-06-18 22:47:48,129 - DEBUG - tty.usbmodem0006822145041: Message Opcode bytearray(b'\x80\x1f'), Data bytearray(b'\x01\x11\x00\x01\xc0\x00\x10') unknown for model <mesh.access.Access object at 0x109fb1630>.
2019-06-18 22:47:48,130 - INFO - tty.usbmodem0006822145041: Got 208
2019-06-18 22:48:14,360 - DEBUG - tty.usbmodem0006822145041: TX: 03a401c0
2019-06-18 22:48:14,365 - DEBUG - tty.usbmodem0006822145041: RX: 0584a4000100
2019-06-18 22:48:14,365 - DEBUG - tty.usbmodem0006822145041: parsed_packet {event: CmdRsp, data: {'opcode': 164, 'status': 0, 'data': bytearray(b'\x01\x00')}}
2019-06-18 22:48:14,365 - INFO - tty.usbmodem0006822145041: Got 132
2019-06-18 22:48:14,366 - INFO - tty.usbmodem0006822145041: AddrPublicationAdd: {'address_handle': 1}
2019-06-18 22:48:26,013 - DEBUG - tty.usbmodem0006822145041.GenericOnOffClient: Sending opcode: 8202, data: 0006
2019-06-18 22:48:26,014 - DEBUG - tty.usbmodem0006822145041: TX: 0fab0000010001000800000082020006
2019-06-18 22:48:26,020 - DEBUG - tty.usbmodem0006822145041: RX: 0784ab000d000000
2019-06-18 22:48:26,020 - DEBUG - tty.usbmodem0006822145041: parsed_packet {event: CmdRsp, data: {'opcode': 171, 'status': 0, 'data': bytearray(b'\r\x00\x00\x00')}}
2019-06-18 22:48:26,021 - INFO - tty.usbmodem0006822145041: Got 132
2019-06-18 22:48:26,021 - INFO - tty.usbmodem0006822145041: PacketSend: {'token': 13}
2019-06-18 22:48:26,032 - DEBUG - tty.usbmodem0006822145041: RX: 05d20d000000
2019-06-18 22:48:26,033 - DEBUG - tty.usbmodem0006822145041: parsed_packet {event: MeshTxComplete, data: {'token': 13}}
2019-06-18 22:48:26,033 - INFO - tty.usbmodem0006822145041: Got 210
2019-06-18 22:48:26,033 - INFO - tty.usbmodem0006822145041: {event: MeshTxComplete, data: {'token': 13}}
2019-06-18 22:48:30,805 - DEBUG - tty.usbmodem0006822145041.GenericOnOffClient: Sending opcode: 8202, data: 0107
2019-06-18 22:48:30,805 - DEBUG - tty.usbmodem0006822145041: TX: 0fab0000010001000800000082020107
2019-06-18 22:48:30,814 - DEBUG - tty.usbmodem0006822145041: RX: 0784ab000e000000
2019-06-18 22:48:30,814 - DEBUG - tty.usbmodem0006822145041: parsed_packet {event: CmdRsp, data: {'opcode': 171, 'status': 0, 'data': bytearray(b'\x0e\x00\x00\x00')}}
2019-06-18 22:48:30,814 - INFO - tty.usbmodem0006822145041: Got 132
2019-06-18 22:48:30,815 - INFO - tty.usbmodem0006822145041: PacketSend: {'token': 14}
2019-06-18 22:48:30,821 - DEBUG - tty.usbmodem0006822145041: RX: 05d20e000000
2019-06-18 22:48:30,821 - DEBUG - tty.usbmodem0006822145041: parsed_packet {event: MeshTxComplete, data: {'token': 14}}
2019-06-18 22:48:30,821 - INFO - tty.usbmodem0006822145041: Got 210
2019-06-18 22:48:30,821 - INFO - tty.usbmodem0006822145041: {event: MeshTxComplete, data: {'token': 14}}
2019-06-18 22:48:54,870 - DEBUG - tty.usbmodem0006822145041.GenericOnOffClient: Sending opcode: 8202, data: 0108
2019-06-18 22:48:54,871 - DEBUG - tty.usbmodem0006822145041: TX: 0fab0000010001000800000082020108
2019-06-18 22:48:54,880 - DEBUG - tty.usbmodem0006822145041: RX: 0784ab000f000000
2019-06-18 22:48:54,881 - DEBUG - tty.usbmodem0006822145041: parsed_packet {event: CmdRsp, data: {'opcode': 171, 'status': 0, 'data': bytearray(b'\x0f\x00\x00\x00')}}
2019-06-18 22:48:54,881 - INFO - tty.usbmodem0006822145041: Got 132
2019-06-18 22:48:54,882 - INFO - tty.usbmodem0006822145041: PacketSend: {'token': 15}
2019-06-18 22:48:54,882 - DEBUG - tty.usbmodem0006822145041: RX: 05d20f000000
2019-06-18 22:48:54,882 - DEBUG - tty.usbmodem0006822145041: parsed_packet {event: MeshTxComplete, data: {'token': 15}}
2019-06-18 22:48:54,882 - INFO - tty.usbmodem0006822145041: Got 210
2019-06-18 22:48:54,883 - INFO - tty.usbmodem0006822145041: {event: MeshTxComplete, data: {'token': 15}}
2019-06-18 22:49:06,687 - DEBUG - tty.usbmodem0006822145041.ConfigurationClient: Sending opcode: 803d, data: 110000000110
2019-06-18 22:49:06,688 - DEBUG - tty.usbmodem0006822145041: TX: 13ab08000100000008000000803d110000000110
2019-06-18 22:49:06,696 - DEBUG - tty.usbmodem0006822145041: RX: 0784ab0010000000
2019-06-18 22:49:06,696 - DEBUG - tty.usbmodem0006822145041: parsed_packet {event: CmdRsp, data: {'opcode': 171, 'status': 0, 'data': bytearray(b'\x10\x00\x00\x00')}}
2019-06-18 22:49:06,696 - INFO - tty.usbmodem0006822145041: Got 132
2019-06-18 22:49:06,696 - INFO - tty.usbmodem0006822145041: PacketSend: {'token': 16}
2019-06-18 22:49:06,710 - DEBUG - tty.usbmodem0006822145041: RX: 05d210000000
2019-06-18 22:49:06,710 - DEBUG - tty.usbmodem0006822145041: parsed_packet {event: MeshTxComplete, data: {'token': 16}}
2019-06-18 22:49:06,710 - INFO - tty.usbmodem0006822145041: Got 210
2019-06-18 22:49:06,710 - INFO - tty.usbmodem0006822145041: {event: MeshTxComplete, data: {'token': 16}}
2019-06-18 22:49:06,716 - DEBUG - tty.usbmodem0006822145041: RX: 1dd012000100080000007f01c8639509c2c2c20900803e01110000000110
2019-06-18 22:49:06,717 - DEBUG - tty.usbmodem0006822145041: parsed_packet {event: MeshMessageReceivedUnicast, data: {'src': 18, 'dst': 1, 'appkey_handle': 8, 'subnet_handle': 0, 'ttl': 127, 'adv_addr_type': 1, 'adv_addr': bytearray(b'\xc8c\x95\t\xc2\xc2'), 'rssi': -62, 'actual_length': 9, 'data': bytearray(b'\x80>\x01\x11\x00\x00\x00\x01\x10')}}
2019-06-18 22:49:06,717 - INFO - tty.usbmodem0006822145041.ConfigurationClient: Model app bind status: AccessStatus.INVALID_ADDRESS
2019-06-18 22:49:06,717 - DEBUG - tty.usbmodem0006822145041: Message Opcode bytearray(b'\x80>'), Data bytearray(b'\x01\x11\x00\x00\x00\x01\x10') unknown for model <mesh.access.Access object at 0x109fb1630>.
2019-06-18 22:49:06,717 - INFO - tty.usbmodem0006822145041: Got 208
2019-06-18 22:49:09,470 - DEBUG - tty.usbmodem0006822145041.ConfigurationClient: Sending opcode: 803d, data: 110000000010
2019-06-18 22:49:09,470 - DEBUG - tty.usbmodem0006822145041: TX: 13ab08000100000008000000803d110000000010
2019-06-18 22:49:09,476 - DEBUG - tty.usbmodem0006822145041: RX: 0784ab0011000000
2019-06-18 22:49:09,476 - DEBUG - tty.usbmodem0006822145041: parsed_packet {event: CmdRsp, data: {'opcode': 171, 'status': 0, 'data': bytearray(b'\x11\x00\x00\x00')}}
2019-06-18 22:49:09,476 - INFO - tty.usbmodem0006822145041: Got 132
2019-06-18 22:49:09,477 - INFO - tty.usbmodem0006822145041: PacketSend: {'token': 17}
2019-06-18 22:49:09,482 - DEBUG - tty.usbmodem0006822145041: RX: 05d211000000
2019-06-18 22:49:09,483 - DEBUG - tty.usbmodem0006822145041: parsed_packet {event: MeshTxComplete, data: {'token': 17}}
2019-06-18 22:49:09,483 - INFO - tty.usbmodem0006822145041: Got 210
2019-06-18 22:49:09,483 - INFO - tty.usbmodem0006822145041: {event: MeshTxComplete, data: {'token': 17}}
2019-06-18 22:49:09,504 - DEBUG - tty.usbmodem0006822145041: RX: 1dd012000100080000007f01c8639509c2c2c10900803e01110000000010
2019-06-18 22:49:09,505 - DEBUG - tty.usbmodem0006822145041: parsed_packet {event: MeshMessageReceivedUnicast, data: {'src': 18, 'dst': 1, 'appkey_handle': 8, 'subnet_handle': 0, 'ttl': 127, 'adv_addr_type': 1, 'adv_addr': bytearray(b'\xc8c\x95\t\xc2\xc2'), 'rssi': -63, 'actual_length': 9, 'data': bytearray(b'\x80>\x01\x11\x00\x00\x00\x00\x10')}}
2019-06-18 22:49:09,505 - INFO - tty.usbmodem0006822145041.ConfigurationClient: Model app bind status: AccessStatus.INVALID_ADDRESS
2019-06-18 22:49:09,505 - DEBUG - tty.usbmodem0006822145041: Message Opcode bytearray(b'\x80>'), Data bytearray(b'\x01\x11\x00\x00\x00\x00\x10') unknown for model <mesh.access.Access object at 0x109fb1630>.
2019-06-18 22:49:09,505 - INFO - tty.usbmodem0006822145041: Got 208
2019-06-18 22:50:20,588 - DEBUG - tty.usbmodem0006822145041: exited read event
