2019-08-20 10:51:06,877 - INFO - tty.usbmodem0006822145041.MeshConfigurer: 

2019-08-20 10:51:06,877 - DEBUG - tty.usbmodem0006822145041: Writing: 105 bytearray(b"\xd9e\x89\xfe:Z\xd2\xd6e\tE\xbb\xe5\xe9\xc2\x8f\x14\xe7\t\xd3m\x8a\xb3\x06:\xe7\x18&\xbf\xac^u\x8cij%\xed\x82\xfb\xe1\xdc\xb2m\xff.\r8n\xad\xd0\xda\xb2\xe3oh2\x06\xb8Y\t\xe7\xbd\x1b\xf1/\xa6\xe9\xd6\xcaY\xc0\x88\x1d\xd5\xbbI\'eO\xa8\xf4\xadM\xc0w\xfb{\xb9\xaa\xc98G\x9fO\xb8\xf5")
2019-08-20 10:51:06,877 - INFO - tty.usbmodem0006822145041.MeshConfigurer: Sending next message
2019-08-20 10:51:06,877 - DEBUG - tty.usbmodem0006822145041: TX: 6169d96589fe3a5ad2d6650945bbe5e9c28f14e709d36d8ab3063ae71826bfac5e758c696a25ed82fbe1dcb26dff2e0d386eadd0dab2e36f683206b85909e7bd1bf12fa6e9d6ca59c0881dd5bb4927654fa8f4ad4dc077fb7bb9aac938479f4fb8f5
2019-08-20 10:51:06,888 - DEBUG - tty.usbmodem0006822145041: RX: 03845384
2019-08-20 10:51:06,890 - DEBUG - tty.usbmodem0006822145041: parsed_packet {event: CmdRsp, data: {'opcode': 83, 'status': 132, 'data': bytearray(b'')}}
2019-08-20 10:51:06,890 - ERROR - tty.usbmodem0006822145041: None: ERROR_INVALID_LENGTH
2019-08-20 10:51:06,891 - DEBUG - tty.usbmodem0006822145041: RX: 03840084
2019-08-20 10:51:06,891 - DEBUG - tty.usbmodem0006822145041: parsed_packet {event: CmdRsp, data: {'opcode': 0, 'status': 132, 'data': bytearray(b'')}}
2019-08-20 10:51:06,891 - ERROR - tty.usbmodem0006822145041: None: ERROR_INVALID_LENGTH
2019-08-20 10:51:06,891 - DEBUG - tty.usbmodem0006822145041: RX: 03840084
2019-08-20 10:51:06,892 - DEBUG - tty.usbmodem0006822145041: parsed_packet {event: CmdRsp, data: {'opcode': 0, 'status': 132, 'data': bytearray(b'')}}
2019-08-20 10:51:06,892 - ERROR - tty.usbmodem0006822145041: None: ERROR_INVALID_LENGTH
2019-08-20 10:51:06,892 - DEBUG - tty.usbmodem0006822145041: RX: 03840084
2019-08-20 10:51:06,893 - DEBUG - tty.usbmodem0006822145041: parsed_packet {event: CmdRsp, data: {'opcode': 0, 'status': 132, 'data': bytearray(b'')}}
2019-08-20 10:51:06,893 - ERROR - tty.usbmodem0006822145041: None: ERROR_INVALID_LENGTH
2019-08-20 10:51:06,893 - DEBUG - tty.usbmodem0006822145041: RX: 03840084
2019-08-20 10:51:06,893 - DEBUG - tty.usbmodem0006822145041: parsed_packet {event: CmdRsp, data: {'opcode': 0, 'status': 132, 'data': bytearray(b'')}}
2019-08-20 10:51:06,894 - ERROR - tty.usbmodem0006822145041: None: ERROR_INVALID_LENGTH
2019-08-20 10:51:06,895 - DEBUG - tty.usbmodem0006822145041: RX: 03840084
2019-08-20 10:51:06,895 - DEBUG - tty.usbmodem0006822145041: parsed_packet {event: CmdRsp, data: {'opcode': 0, 'status': 132, 'data': bytearray(b'')}}
2019-08-20 10:51:06,895 - ERROR - tty.usbmodem0006822145041: None: ERROR_INVALID_LENGTH
2019-08-20 10:51:06,897 - DEBUG - tty.usbmodem0006822145041: RX: 03840084
2019-08-20 10:51:06,898 - DEBUG - tty.usbmodem0006822145041: parsed_packet {event: CmdRsp, data: {'opcode': 0, 'status': 132, 'data': bytearray(b'')}}
2019-08-20 10:51:06,898 - ERROR - tty.usbmodem0006822145041: None: ERROR_INVALID_LENGTH
2019-08-20 10:51:06,898 - DEBUG - tty.usbmodem0006822145041: RX: 03840084
2019-08-20 10:51:06,898 - DEBUG - tty.usbmodem0006822145041: parsed_packet {event: CmdRsp, data: {'opcode': 0, 'status': 132, 'data': bytearray(b'')}}
2019-08-20 10:51:06,898 - ERROR - tty.usbmodem0006822145041: None: ERROR_INVALID_LENGTH
2019-08-20 10:51:06,898 - DEBUG - tty.usbmodem0006822145041: RX: 03840084
2019-08-20 10:51:06,899 - DEBUG - tty.usbmodem0006822145041: parsed_packet {event: CmdRsp, data: {'opcode': 0, 'status': 132, 'data': bytearray(b'')}}
2019-08-20 10:51:06,899 - ERROR - tty.usbmodem0006822145041: None: ERROR_INVALID_LENGTH
2019-08-20 10:51:06,899 - DEBUG - tty.usbmodem0006822145041: RX: 03840084
2019-08-20 10:51:06,899 - DEBUG - tty.usbmodem0006822145041: parsed_packet {event: CmdRsp, data: {'opcode': 0, 'status': 132, 'data': bytearray(b'')}}
2019-08-20 10:51:06,899 - ERROR - tty.usbmodem0006822145041: None: ERROR_INVALID_LENGTH
2019-08-20 10:51:06,899 - DEBUG - tty.usbmodem0006822145041: RX: 03840084
2019-08-20 10:51:06,899 - DEBUG - tty.usbmodem0006822145041: parsed_packet {event: CmdRsp, data: {'opcode': 0, 'status': 132, 'data': bytearray(b'')}}
2019-08-20 10:51:06,900 - ERROR - tty.usbmodem0006822145041: None: ERROR_INVALID_LENGTH
2019-08-20 10:51:06,900 - DEBUG - tty.usbmodem0006822145041: RX: 03840084
2019-08-20 10:51:06,900 - DEBUG - tty.usbmodem0006822145041: parsed_packet {event: CmdRsp, data: {'opcode': 0, 'status': 132, 'data': bytearray(b'')}}
2019-08-20 10:51:06,900 - ERROR - tty.usbmodem0006822145041: None: ERROR_INVALID_LENGTH
2019-08-20 10:51:06,900 - DEBUG - tty.usbmodem0006822145041: RX: 03840084
2019-08-20 10:51:06,901 - DEBUG - tty.usbmodem0006822145041: parsed_packet {event: CmdRsp, data: {'opcode': 0, 'status': 132, 'data': bytearray(b'')}}
2019-08-20 10:51:06,901 - ERROR - tty.usbmodem0006822145041: None: ERROR_INVALID_LENGTH
2019-08-20 10:51:06,913 - DEBUG - tty.usbmodem0006822145041: Writing: 159 bytearray(b'\x01\x00\x01\x00')
2019-08-20 10:51:06,913 - DEBUG - tty.usbmodem0006822145041: TX: 059f01000100
2019-08-20 10:51:06,926 - DEBUG - tty.usbmodem0006822145041: RX: 03849f00
2019-08-20 10:51:06,939 - DEBUG - tty.usbmodem0006822145041: Writing: 146 bytearray(b'\x00\x00\x18\xee\xd9\xc2\xa5j\xdd\x85\x04\x9f\xfc<Y\xad\x0e\x12')
2019-08-20 10:51:06,964 - DEBUG - tty.usbmodem0006822145041: parsed_packet {event: CmdRsp, data: {'opcode': 159, 'status': 0, 'data': bytearray(b'')}}
2019-08-20 10:51:06,964 - DEBUG - tty.usbmodem0006822145041: TX: 1392000018eed9c2a56add85049ffc3c59ad0e12
2019-08-20 10:51:06,964 - INFO - tty.usbmodem0006822145041: Success
2019-08-20 10:51:06,969 - DEBUG - tty.usbmodem0006822145041: RX: 058492000000
2019-08-20 10:51:06,971 - DEBUG - tty.usbmodem0006822145041: parsed_packet {event: CmdRsp, data: {'opcode': 146, 'status': 0, 'data': bytearray(b'\x00\x00')}}
2019-08-20 10:51:06,971 - INFO - tty.usbmodem0006822145041: SubnetAdd: {'subnet_handle': 0}
2019-08-20 10:51:06,987 - DEBUG - tty.usbmodem0006822145041: Writing: 151 bytearray(b'\x00\x00\x00\x00Oh\xad\x85\xd9\xf4\x8a\xc8X\x9d\xf6e\xb6\xb4\x9b\x8a')
2019-08-20 10:51:06,987 - DEBUG - tty.usbmodem0006822145041: TX: 1597000000004f68ad85d9f48ac8589df665b6b49b8a
2019-08-20 10:51:06,991 - DEBUG - tty.usbmodem0006822145041: RX: 058497000000
2019-08-20 10:51:06,992 - DEBUG - tty.usbmodem0006822145041: parsed_packet {event: CmdRsp, data: {'opcode': 151, 'status': 0, 'data': bytearray(b'\x00\x00')}}
2019-08-20 10:51:06,992 - INFO - tty.usbmodem0006822145041: AppkeyAdd: {'appkey_handle': 0}
2019-08-20 10:51:07,018 - DEBUG - tty.usbmodem0006822145041: Writing: 151 bytearray(b'\x01\x00\x00\x00*\xa2\xa6\xde\xd5\xa0y\x8c\xea\xb5x|\xa3\xae9\xfc')
2019-08-20 10:51:07,034 - DEBUG - tty.usbmodem0006822145041: TX: 1597010000002aa2a6ded5a0798ceab5787ca3ae39fc
2019-08-20 10:51:07,061 - DEBUG - tty.usbmodem0006822145041: RX: 058497000100
2019-08-20 10:51:07,062 - DEBUG - tty.usbmodem0006822145041: parsed_packet {event: CmdRsp, data: {'opcode': 151, 'status': 0, 'data': bytearray(b'\x01\x00')}}
2019-08-20 10:51:07,067 - INFO - tty.usbmodem0006822145041: AppkeyAdd: {'appkey_handle': 1}
2019-08-20 10:51:07,080 - DEBUG - tty.usbmodem0006822145041: Writing: 159 bytearray(b'\x01\x00\x01\x00')
2019-08-20 10:51:07,081 - DEBUG - tty.usbmodem0006822145041: TX: 059f01000100
2019-08-20 10:51:07,088 - DEBUG - tty.usbmodem0006822145041: RX: 03849f8e
2019-08-20 10:51:07,094 - DEBUG - tty.usbmodem0006822145041: parsed_packet {event: CmdRsp, data: {'opcode': 159, 'status': 142, 'data': bytearray(b'')}}
2019-08-20 10:51:07,100 - ERROR - tty.usbmodem0006822145041: None: ERROR_REJECTED
2019-08-20 10:51:07,109 - DEBUG - tty.usbmodem0006822145041: Writing: 146 bytearray(b'\x00\x00\x18\xee\xd9\xc2\xa5j\xdd\x85\x04\x9f\xfc<Y\xad\x0e\x12')
2019-08-20 10:51:07,109 - DEBUG - tty.usbmodem0006822145041: TX: 1392000018eed9c2a56add85049ffc3c59ad0e12
2019-08-20 10:51:07,114 - DEBUG - tty.usbmodem0006822145041: RX: 03849281
2019-08-20 10:51:07,136 - DEBUG - tty.usbmodem0006822145041: Writing: 151 bytearray(b'\x00\x00\x00\x00Oh\xad\x85\xd9\xf4\x8a\xc8X\x9d\xf6e\xb6\xb4\x9b\x8a')
2019-08-20 10:51:07,156 - DEBUG - tty.usbmodem0006822145041: parsed_packet {event: CmdRsp, data: {'opcode': 146, 'status': 129, 'data': bytearray(b'')}}
2019-08-20 10:51:07,156 - DEBUG - tty.usbmodem0006822145041: TX: 1597000000004f68ad85d9f48ac8589df665b6b49b8a
2019-08-20 10:51:07,157 - ERROR - tty.usbmodem0006822145041: SubnetAdd: ERROR_INTERNAL
2019-08-20 10:51:07,177 - DEBUG - tty.usbmodem0006822145041: RX: 03849781
2019-08-20 10:51:07,177 - DEBUG - tty.usbmodem0006822145041: parsed_packet {event: CmdRsp, data: {'opcode': 151, 'status': 129, 'data': bytearray(b'')}}
2019-08-20 10:51:07,178 - ERROR - tty.usbmodem0006822145041: AppkeyAdd: ERROR_INTERNAL
2019-08-20 10:51:07,186 - DEBUG - tty.usbmodem0006822145041: Writing: 151 bytearray(b'\x01\x00\x00\x00*\xa2\xa6\xde\xd5\xa0y\x8c\xea\xb5x|\xa3\xae9\xfc')
2019-08-20 10:51:07,252 - DEBUG - tty.usbmodem0006822145041: TX: 1597010000002aa2a6ded5a0798ceab5787ca3ae39fc
2019-08-20 10:51:07,272 - DEBUG - tty.usbmodem0006822145041: RX: 03849781
2019-08-20 10:51:07,272 - DEBUG - tty.usbmodem0006822145041: parsed_packet {event: CmdRsp, data: {'opcode': 151, 'status': 129, 'data': bytearray(b'')}}
2019-08-20 10:51:07,273 - DEBUG - tty.usbmodem0006822145041: Writing: 161 bytearray(b'\x01\xc0')
2019-08-20 10:51:07,273 - ERROR - tty.usbmodem0006822145041: AppkeyAdd: ERROR_INTERNAL
2019-08-20 10:51:07,285 - DEBUG - tty.usbmodem0006822145041: TX: 03a101c0
2019-08-20 10:51:07,314 - DEBUG - tty.usbmodem0006822145041: RX: 0584a1000000
2019-08-20 10:51:07,315 - DEBUG - tty.usbmodem0006822145041: parsed_packet {event: CmdRsp, data: {'opcode': 161, 'status': 0, 'data': bytearray(b'\x00\x00')}}
2019-08-20 10:51:07,315 - INFO - tty.usbmodem0006822145041: AddrSubscriptionAdd: {'address_handle': 0}
2019-08-20 10:51:07,315 - INFO - tty.usbmodem0006822145041.MeshConfigurer: 

2019-08-20 10:51:07,409 - INFO - tty.usbmodem0006822145041.MeshConfigurer: Sending next message
2019-08-20 10:51:07,409 - DEBUG - tty.usbmodem0006822145041: Writing: 164 bytearray(b'\x10\x00')
2019-08-20 10:51:07,410 - DEBUG - tty.usbmodem0006822145041: TX: 03a41000
2019-08-20 10:51:07,419 - DEBUG - tty.usbmodem0006822145041: RX: 0584a4000100
2019-08-20 10:51:07,425 - DEBUG - tty.usbmodem0006822145041: parsed_packet {event: CmdRsp, data: {'opcode': 164, 'status': 0, 'data': bytearray(b'\x01\x00')}}
2019-08-20 10:51:07,427 - INFO - tty.usbmodem0006822145041: AddrPublicationAdd: {'address_handle': 1}
2019-08-20 10:51:07,431 - INFO - tty.usbmodem0006822145041.MeshConfigurer: 

2019-08-20 10:51:07,432 - INFO - tty.usbmodem0006822145041.MeshConfigurer: Sending next message
2019-08-20 10:51:07,435 - DEBUG - tty.usbmodem0006822145041: Writing: 164 bytearray(b'\x11\x00')
2019-08-20 10:51:07,436 - DEBUG - tty.usbmodem0006822145041: TX: 03a41100
2019-08-20 10:51:07,437 - DEBUG - tty.usbmodem0006822145041: RX: 0584a4000200
2019-08-20 10:51:07,438 - DEBUG - tty.usbmodem0006822145041: parsed_packet {event: CmdRsp, data: {'opcode': 164, 'status': 0, 'data': bytearray(b'\x02\x00')}}
2019-08-20 10:51:07,438 - INFO - tty.usbmodem0006822145041: AddrPublicationAdd: {'address_handle': 2}
2019-08-20 10:51:07,438 - INFO - tty.usbmodem0006822145041.MeshConfigurer: 

2019-08-20 10:51:07,438 - INFO - tty.usbmodem0006822145041.MeshConfigurer: Sending next message
2019-08-20 10:51:07,488 - DEBUG - tty.usbmodem0006822145041: Writing: 164 bytearray(b'\x12\x00')
2019-08-20 10:51:07,488 - DEBUG - tty.usbmodem0006822145041: TX: 03a41200
2019-08-20 10:51:07,491 - DEBUG - tty.usbmodem0006822145041: RX: 0584a4000300
2019-08-20 10:51:07,491 - DEBUG - tty.usbmodem0006822145041: parsed_packet {event: CmdRsp, data: {'opcode': 164, 'status': 0, 'data': bytearray(b'\x03\x00')}}
2019-08-20 10:51:07,491 - INFO - tty.usbmodem0006822145041: AddrPublicationAdd: {'address_handle': 3}
2019-08-20 10:51:07,492 - INFO - tty.usbmodem0006822145041.MeshConfigurer: 

2019-08-20 10:51:07,492 - INFO - tty.usbmodem0006822145041.MeshConfigurer: Sending next message
2019-08-20 10:51:07,509 - DEBUG - tty.usbmodem0006822145041: Writing: 164 bytearray(b'\x13\x00')
2019-08-20 10:51:07,510 - DEBUG - tty.usbmodem0006822145041: TX: 03a41300
2019-08-20 10:51:07,511 - DEBUG - tty.usbmodem0006822145041: RX: 0584a4000400
2019-08-20 10:51:07,511 - DEBUG - tty.usbmodem0006822145041: parsed_packet {event: CmdRsp, data: {'opcode': 164, 'status': 0, 'data': bytearray(b'\x04\x00')}}
2019-08-20 10:51:07,512 - INFO - tty.usbmodem0006822145041: AddrPublicationAdd: {'address_handle': 4}
2019-08-20 10:51:07,512 - INFO - tty.usbmodem0006822145041.MeshConfigurer: 

2019-08-20 10:51:07,512 - INFO - tty.usbmodem0006822145041.MeshConfigurer: Sending next message
2019-08-20 10:51:07,534 - DEBUG - tty.usbmodem0006822145041: Writing: 164 bytearray(b'\x14\x00')
2019-08-20 10:51:07,535 - DEBUG - tty.usbmodem0006822145041: TX: 03a41400
2019-08-20 10:51:07,537 - DEBUG - tty.usbmodem0006822145041: RX: 0584a4000500
2019-08-20 10:51:07,539 - DEBUG - tty.usbmodem0006822145041: parsed_packet {event: CmdRsp, data: {'opcode': 164, 'status': 0, 'data': bytearray(b'\x05\x00')}}
2019-08-20 10:51:07,539 - INFO - tty.usbmodem0006822145041: AddrPublicationAdd: {'address_handle': 5}
2019-08-20 10:51:07,540 - INFO - tty.usbmodem0006822145041.MeshConfigurer: 

2019-08-20 10:51:07,541 - INFO - tty.usbmodem0006822145041.MeshConfigurer: Sending next message
2019-08-20 10:51:07,559 - DEBUG - tty.usbmodem0006822145041: Writing: 164 bytearray(b'\x15\x00')
2019-08-20 10:51:07,559 - DEBUG - tty.usbmodem0006822145041: TX: 03a41500
2019-08-20 10:51:07,563 - DEBUG - tty.usbmodem0006822145041: RX: 0584a4000600
2019-08-20 10:51:07,564 - DEBUG - tty.usbmodem0006822145041: parsed_packet {event: CmdRsp, data: {'opcode': 164, 'status': 0, 'data': bytearray(b'\x06\x00')}}
2019-08-20 10:51:07,564 - INFO - tty.usbmodem0006822145041: AddrPublicationAdd: {'address_handle': 6}
2019-08-20 10:51:07,564 - INFO - tty.usbmodem0006822145041.MeshConfigurer: 

2019-08-20 10:51:07,564 - INFO - tty.usbmodem0006822145041.MeshConfigurer: Sending next message
2019-08-20 10:51:07,584 - DEBUG - tty.usbmodem0006822145041: Writing: 164 bytearray(b'\x16\x00')
2019-08-20 10:51:07,584 - DEBUG - tty.usbmodem0006822145041: TX: 03a41600
2019-08-20 10:51:07,586 - DEBUG - tty.usbmodem0006822145041: RX: 0584a4000700
2019-08-20 10:51:07,612 - DEBUG - tty.usbmodem0006822145041: parsed_packet {event: CmdRsp, data: {'opcode': 164, 'status': 0, 'data': bytearray(b'\x07\x00')}}
2019-08-20 10:51:07,612 - INFO - tty.usbmodem0006822145041: AddrPublicationAdd: {'address_handle': 7}
2019-08-20 10:51:07,613 - INFO - tty.usbmodem0006822145041.MeshConfigurer: 

2019-08-20 10:51:07,613 - INFO - tty.usbmodem0006822145041.MeshConfigurer: Sending next message
2019-08-20 10:51:07,614 - DEBUG - tty.usbmodem0006822145041: Writing: 164 bytearray(b'\x17\x00')
2019-08-20 10:51:07,614 - DEBUG - tty.usbmodem0006822145041: TX: 03a41700
2019-08-20 10:51:07,616 - DEBUG - tty.usbmodem0006822145041: RX: 0584a4000800
2019-08-20 10:51:07,617 - DEBUG - tty.usbmodem0006822145041: parsed_packet {event: CmdRsp, data: {'opcode': 164, 'status': 0, 'data': bytearray(b'\x08\x00')}}
2019-08-20 10:51:07,619 - INFO - tty.usbmodem0006822145041: AddrPublicationAdd: {'address_handle': 8}
2019-08-20 10:51:07,628 - INFO - tty.usbmodem0006822145041.MeshConfigurer: 

2019-08-20 10:51:07,628 - INFO - tty.usbmodem0006822145041.MeshConfigurer: Sending next message
2019-08-20 10:51:07,635 - DEBUG - tty.usbmodem0006822145041: Writing: 164 bytearray(b'\x18\x00')
2019-08-20 10:51:07,636 - DEBUG - tty.usbmodem0006822145041: TX: 03a41800
2019-08-20 10:51:07,637 - DEBUG - tty.usbmodem0006822145041: RX: 0584a4000900
2019-08-20 10:51:07,638 - DEBUG - tty.usbmodem0006822145041: parsed_packet {event: CmdRsp, data: {'opcode': 164, 'status': 0, 'data': bytearray(b'\t\x00')}}
2019-08-20 10:51:07,638 - INFO - tty.usbmodem0006822145041: AddrPublicationAdd: {'address_handle': 9}
2019-08-20 10:51:07,639 - INFO - tty.usbmodem0006822145041.MeshConfigurer: 

2019-08-20 10:51:07,639 - INFO - tty.usbmodem0006822145041.MeshConfigurer: Sending next message
2019-08-20 10:51:07,662 - DEBUG - tty.usbmodem0006822145041: Writing: 164 bytearray(b'\x19\x00')
2019-08-20 10:51:07,662 - DEBUG - tty.usbmodem0006822145041: TX: 03a41900
2019-08-20 10:51:07,665 - DEBUG - tty.usbmodem0006822145041: RX: 0584a4000a00
2019-08-20 10:51:07,665 - DEBUG - tty.usbmodem0006822145041: parsed_packet {event: CmdRsp, data: {'opcode': 164, 'status': 0, 'data': bytearray(b'\n\x00')}}
2019-08-20 10:51:07,665 - INFO - tty.usbmodem0006822145041: AddrPublicationAdd: {'address_handle': 10}
2019-08-20 10:51:07,666 - INFO - tty.usbmodem0006822145041.MeshConfigurer: 

2019-08-20 10:51:07,666 - INFO - tty.usbmodem0006822145041.MeshConfigurer: Sending next message
2019-08-20 10:51:07,684 - DEBUG - tty.usbmodem0006822145041: Writing: 164 bytearray(b'\x1a\x00')
2019-08-20 10:51:07,684 - DEBUG - tty.usbmodem0006822145041: TX: 03a41a00
2019-08-20 10:51:07,686 - DEBUG - tty.usbmodem0006822145041: RX: 0584a4000b00
2019-08-20 10:51:07,686 - DEBUG - tty.usbmodem0006822145041: parsed_packet {event: CmdRsp, data: {'opcode': 164, 'status': 0, 'data': bytearray(b'\x0b\x00')}}
2019-08-20 10:51:07,687 - INFO - tty.usbmodem0006822145041: AddrPublicationAdd: {'address_handle': 11}
2019-08-20 10:51:07,687 - INFO - tty.usbmodem0006822145041.MeshConfigurer: 

2019-08-20 10:51:07,687 - INFO - tty.usbmodem0006822145041.MeshConfigurer: Sending next message
2019-08-20 10:51:07,706 - DEBUG - tty.usbmodem0006822145041: Writing: 164 bytearray(b'\x1b\x00')
2019-08-20 10:51:07,706 - DEBUG - tty.usbmodem0006822145041: TX: 03a41b00
2019-08-20 10:51:07,708 - DEBUG - tty.usbmodem0006822145041: RX: 0584a4000c00
2019-08-20 10:51:07,710 - DEBUG - tty.usbmodem0006822145041: parsed_packet {event: CmdRsp, data: {'opcode': 164, 'status': 0, 'data': bytearray(b'\x0c\x00')}}
2019-08-20 10:51:07,710 - INFO - tty.usbmodem0006822145041: AddrPublicationAdd: {'address_handle': 12}
2019-08-20 10:51:07,711 - INFO - tty.usbmodem0006822145041.MeshConfigurer: 

2019-08-20 10:51:07,711 - INFO - tty.usbmodem0006822145041.MeshConfigurer: Sending next message
2019-08-20 10:51:07,727 - DEBUG - tty.usbmodem0006822145041: Writing: 164 bytearray(b'\x1c\x00')
2019-08-20 10:51:07,727 - DEBUG - tty.usbmodem0006822145041: TX: 03a41c00
2019-08-20 10:51:07,729 - DEBUG - tty.usbmodem0006822145041: RX: 0584a4000d00
2019-08-20 10:51:07,732 - DEBUG - tty.usbmodem0006822145041: parsed_packet {event: CmdRsp, data: {'opcode': 164, 'status': 0, 'data': bytearray(b'\r\x00')}}
2019-08-20 10:51:07,733 - INFO - tty.usbmodem0006822145041: AddrPublicationAdd: {'address_handle': 13}
2019-08-20 10:51:07,733 - INFO - tty.usbmodem0006822145041.MeshConfigurer: 

2019-08-20 10:51:07,733 - INFO - tty.usbmodem0006822145041.MeshConfigurer: Sending next message
2019-08-20 10:51:07,752 - DEBUG - tty.usbmodem0006822145041: Writing: 164 bytearray(b'\x1d\x00')
2019-08-20 10:51:07,752 - DEBUG - tty.usbmodem0006822145041: TX: 03a41d00
2019-08-20 10:51:07,754 - DEBUG - tty.usbmodem0006822145041: RX: 0584a4000e00
2019-08-20 10:51:07,755 - DEBUG - tty.usbmodem0006822145041: parsed_packet {event: CmdRsp, data: {'opcode': 164, 'status': 0, 'data': bytearray(b'\x0e\x00')}}
2019-08-20 10:51:07,755 - INFO - tty.usbmodem0006822145041: AddrPublicationAdd: {'address_handle': 14}
2019-08-20 10:51:07,755 - INFO - tty.usbmodem0006822145041.MeshConfigurer: 

2019-08-20 10:51:07,755 - INFO - tty.usbmodem0006822145041.MeshConfigurer: Sending next message
2019-08-20 10:51:07,773 - DEBUG - tty.usbmodem0006822145041: Writing: 161 bytearray(b'\x01\xc0')
2019-08-20 10:51:07,773 - DEBUG - tty.usbmodem0006822145041: TX: 03a101c0
2019-08-20 10:51:07,776 - DEBUG - tty.usbmodem0006822145041: RX: 0584a1000000
2019-08-20 10:51:07,776 - DEBUG - tty.usbmodem0006822145041: parsed_packet {event: CmdRsp, data: {'opcode': 161, 'status': 0, 'data': bytearray(b'\x00\x00')}}
2019-08-20 10:51:07,776 - INFO - tty.usbmodem0006822145041: AddrSubscriptionAdd: {'address_handle': 0}
2019-08-20 10:51:07,777 - INFO - tty.usbmodem0006822145041.MeshConfigurer: 

2019-08-20 10:51:07,777 - INFO - tty.usbmodem0006822145041.MeshConfigurer: Sending next message
2019-08-20 10:51:07,794 - DEBUG - tty.usbmodem0006822145041: Writing: 164 bytearray(b'\x1e\x00')
2019-08-20 10:51:07,795 - DEBUG - tty.usbmodem0006822145041: TX: 03a41e00
2019-08-20 10:51:07,796 - DEBUG - tty.usbmodem0006822145041: RX: 0584a4000f00
2019-08-20 10:51:07,797 - DEBUG - tty.usbmodem0006822145041: parsed_packet {event: CmdRsp, data: {'opcode': 164, 'status': 0, 'data': bytearray(b'\x0f\x00')}}
2019-08-20 10:51:07,797 - INFO - tty.usbmodem0006822145041: AddrPublicationAdd: {'address_handle': 15}
2019-08-20 10:51:07,797 - INFO - tty.usbmodem0006822145041.MeshConfigurer: 

2019-08-20 10:51:07,797 - INFO - tty.usbmodem0006822145041.MeshConfigurer: Sending next message
2019-08-20 10:51:07,818 - DEBUG - tty.usbmodem0006822145041: Writing: 164 bytearray(b'\x1f\x00')
2019-08-20 10:51:07,818 - DEBUG - tty.usbmodem0006822145041: TX: 03a41f00
2019-08-20 10:51:07,820 - DEBUG - tty.usbmodem0006822145041: RX: 0584a4001000
2019-08-20 10:51:07,821 - DEBUG - tty.usbmodem0006822145041: parsed_packet {event: CmdRsp, data: {'opcode': 164, 'status': 0, 'data': bytearray(b'\x10\x00')}}
2019-08-20 10:51:07,821 - INFO - tty.usbmodem0006822145041: AddrPublicationAdd: {'address_handle': 16}
2019-08-20 10:51:07,822 - INFO - tty.usbmodem0006822145041.MeshConfigurer: 

2019-08-20 10:51:07,822 - INFO - tty.usbmodem0006822145041.MeshConfigurer: Sending next message
2019-08-20 10:51:07,841 - DEBUG - tty.usbmodem0006822145041: Writing: 164 bytearray(b' \x00')
2019-08-20 10:51:07,842 - DEBUG - tty.usbmodem0006822145041: TX: 03a42000
2019-08-20 10:51:07,843 - DEBUG - tty.usbmodem0006822145041: RX: 0584a4001100
2019-08-20 10:51:07,845 - DEBUG - tty.usbmodem0006822145041: parsed_packet {event: CmdRsp, data: {'opcode': 164, 'status': 0, 'data': bytearray(b'\x11\x00')}}
2019-08-20 10:51:07,845 - INFO - tty.usbmodem0006822145041: AddrPublicationAdd: {'address_handle': 17}
2019-08-20 10:51:07,846 - INFO - tty.usbmodem0006822145041.MeshConfigurer: 

2019-08-20 10:51:07,846 - INFO - tty.usbmodem0006822145041.MeshConfigurer: Sending next message
2019-08-20 10:51:07,863 - DEBUG - tty.usbmodem0006822145041: Writing: 164 bytearray(b'!\x00')
2019-08-20 10:51:07,863 - DEBUG - tty.usbmodem0006822145041: TX: 03a42100
2019-08-20 10:51:07,865 - DEBUG - tty.usbmodem0006822145041: RX: 0584a4001200
2019-08-20 10:51:07,866 - DEBUG - tty.usbmodem0006822145041: parsed_packet {event: CmdRsp, data: {'opcode': 164, 'status': 0, 'data': bytearray(b'\x12\x00')}}
2019-08-20 10:51:07,866 - INFO - tty.usbmodem0006822145041: AddrPublicationAdd: {'address_handle': 18}
2019-08-20 10:51:07,867 - INFO - tty.usbmodem0006822145041.MeshConfigurer: 

2019-08-20 10:51:07,867 - INFO - tty.usbmodem0006822145041.MeshConfigurer: Sending next message
2019-08-20 10:51:07,884 - DEBUG - tty.usbmodem0006822145041: Writing: 164 bytearray(b'"\x00')
2019-08-20 10:51:07,885 - DEBUG - tty.usbmodem0006822145041: TX: 03a42200
2019-08-20 10:51:07,887 - DEBUG - tty.usbmodem0006822145041: RX: 0584a4001300
2019-08-20 10:51:07,887 - DEBUG - tty.usbmodem0006822145041: parsed_packet {event: CmdRsp, data: {'opcode': 164, 'status': 0, 'data': bytearray(b'\x13\x00')}}
2019-08-20 10:51:07,888 - INFO - tty.usbmodem0006822145041: AddrPublicationAdd: {'address_handle': 19}
2019-08-20 10:51:07,888 - INFO - tty.usbmodem0006822145041.MeshConfigurer: 

2019-08-20 10:51:07,889 - INFO - tty.usbmodem0006822145041.MeshConfigurer: Sending next message
2019-08-20 10:51:07,905 - DEBUG - tty.usbmodem0006822145041: Writing: 164 bytearray(b'#\x00')
2019-08-20 10:51:07,906 - DEBUG - tty.usbmodem0006822145041: TX: 03a42300
2019-08-20 10:51:07,908 - DEBUG - tty.usbmodem0006822145041: RX: 0584a4001400
2019-08-20 10:51:07,909 - DEBUG - tty.usbmodem0006822145041: parsed_packet {event: CmdRsp, data: {'opcode': 164, 'status': 0, 'data': bytearray(b'\x14\x00')}}
2019-08-20 10:51:07,925 - INFO - tty.usbmodem0006822145041: AddrPublicationAdd: {'address_handle': 20}
2019-08-20 10:51:07,926 - INFO - tty.usbmodem0006822145041.MeshConfigurer: 

2019-08-20 10:51:07,927 - INFO - tty.usbmodem0006822145041.MeshConfigurer: Sending next message
2019-08-20 10:51:07,931 - DEBUG - tty.usbmodem0006822145041: Writing: 164 bytearray(b'$\x00')
2019-08-20 10:51:07,932 - DEBUG - tty.usbmodem0006822145041: TX: 03a42400
2019-08-20 10:51:07,933 - DEBUG - tty.usbmodem0006822145041: RX: 0584a4001500
2019-08-20 10:51:07,934 - DEBUG - tty.usbmodem0006822145041: parsed_packet {event: CmdRsp, data: {'opcode': 164, 'status': 0, 'data': bytearray(b'\x15\x00')}}
2019-08-20 10:51:07,934 - INFO - tty.usbmodem0006822145041: AddrPublicationAdd: {'address_handle': 21}
2019-08-20 10:51:07,935 - INFO - tty.usbmodem0006822145041.MeshConfigurer: 

2019-08-20 10:51:07,935 - INFO - tty.usbmodem0006822145041.MeshConfigurer: Sending next message
2019-08-20 10:51:07,958 - DEBUG - tty.usbmodem0006822145041: Writing: 164 bytearray(b'%\x00')
2019-08-20 10:51:07,958 - DEBUG - tty.usbmodem0006822145041: TX: 03a42500
2019-08-20 10:51:07,960 - DEBUG - tty.usbmodem0006822145041: RX: 0584a4001600
2019-08-20 10:51:07,961 - DEBUG - tty.usbmodem0006822145041: parsed_packet {event: CmdRsp, data: {'opcode': 164, 'status': 0, 'data': bytearray(b'\x16\x00')}}
2019-08-20 10:51:07,961 - INFO - tty.usbmodem0006822145041: AddrPublicationAdd: {'address_handle': 22}
2019-08-20 10:51:07,961 - INFO - tty.usbmodem0006822145041.MeshConfigurer: 

2019-08-20 10:51:07,962 - INFO - tty.usbmodem0006822145041.MeshConfigurer: Sending next message
2019-08-20 10:51:07,982 - DEBUG - tty.usbmodem0006822145041: Writing: 164 bytearray(b'&\x00')
2019-08-20 10:51:07,982 - DEBUG - tty.usbmodem0006822145041: TX: 03a42600
2019-08-20 10:51:07,995 - DEBUG - tty.usbmodem0006822145041: RX: 0584a4001700
2019-08-20 10:51:07,996 - DEBUG - tty.usbmodem0006822145041: parsed_packet {event: CmdRsp, data: {'opcode': 164, 'status': 0, 'data': bytearray(b'\x17\x00')}}
2019-08-20 10:51:07,996 - INFO - tty.usbmodem0006822145041: AddrPublicationAdd: {'address_handle': 23}
2019-08-20 10:51:07,996 - INFO - tty.usbmodem0006822145041.MeshConfigurer: 

2019-08-20 10:51:07,997 - INFO - tty.usbmodem0006822145041.MeshConfigurer: Sending next message
2019-08-20 10:51:08,017 - DEBUG - tty.usbmodem0006822145041: Writing: 164 bytearray(b"\'\x00")
2019-08-20 10:51:08,018 - DEBUG - tty.usbmodem0006822145041: TX: 03a42700
2019-08-20 10:51:08,020 - DEBUG - tty.usbmodem0006822145041: RX: 0584a4001800
2019-08-20 10:51:08,021 - DEBUG - tty.usbmodem0006822145041: parsed_packet {event: CmdRsp, data: {'opcode': 164, 'status': 0, 'data': bytearray(b'\x18\x00')}}
2019-08-20 10:51:08,021 - INFO - tty.usbmodem0006822145041: AddrPublicationAdd: {'address_handle': 24}
2019-08-20 10:51:08,022 - INFO - tty.usbmodem0006822145041.MeshConfigurer: 

2019-08-20 10:51:08,022 - INFO - tty.usbmodem0006822145041.MeshConfigurer: Sending next message
2019-08-20 10:51:08,043 - DEBUG - tty.usbmodem0006822145041: Writing: 164 bytearray(b'(\x00')
2019-08-20 10:51:08,043 - DEBUG - tty.usbmodem0006822145041: TX: 03a42800
2019-08-20 10:51:08,045 - DEBUG - tty.usbmodem0006822145041: RX: 0584a4001900
2019-08-20 10:51:08,046 - DEBUG - tty.usbmodem0006822145041: parsed_packet {event: CmdRsp, data: {'opcode': 164, 'status': 0, 'data': bytearray(b'\x19\x00')}}
2019-08-20 10:51:08,046 - INFO - tty.usbmodem0006822145041: AddrPublicationAdd: {'address_handle': 25}
2019-08-20 10:51:08,047 - INFO - tty.usbmodem0006822145041.MeshConfigurer: 

2019-08-20 10:51:08,047 - INFO - tty.usbmodem0006822145041.MeshConfigurer: Sending next message
2019-08-20 10:51:08,067 - DEBUG - tty.usbmodem0006822145041: Writing: 164 bytearray(b')\x00')
2019-08-20 10:51:08,068 - DEBUG - tty.usbmodem0006822145041: TX: 03a42900
2019-08-20 10:51:08,070 - DEBUG - tty.usbmodem0006822145041: RX: 0584a4001a00
2019-08-20 10:51:08,070 - DEBUG - tty.usbmodem0006822145041: parsed_packet {event: CmdRsp, data: {'opcode': 164, 'status': 0, 'data': bytearray(b'\x1a\x00')}}
2019-08-20 10:51:08,071 - INFO - tty.usbmodem0006822145041: AddrPublicationAdd: {'address_handle': 26}
2019-08-20 10:51:08,071 - INFO - tty.usbmodem0006822145041.MeshConfigurer: 

2019-08-20 10:51:08,071 - INFO - tty.usbmodem0006822145041.MeshConfigurer: Sending next message
2019-08-20 10:51:08,091 - DEBUG - tty.usbmodem0006822145041: Writing: 164 bytearray(b'*\x00')
2019-08-20 10:51:08,091 - DEBUG - tty.usbmodem0006822145041: TX: 03a42a00
2019-08-20 10:51:08,093 - DEBUG - tty.usbmodem0006822145041: RX: 0584a4001b00
2019-08-20 10:51:08,094 - DEBUG - tty.usbmodem0006822145041: parsed_packet {event: CmdRsp, data: {'opcode': 164, 'status': 0, 'data': bytearray(b'\x1b\x00')}}
2019-08-20 10:51:08,094 - INFO - tty.usbmodem0006822145041: AddrPublicationAdd: {'address_handle': 27}
2019-08-20 10:51:08,094 - INFO - tty.usbmodem0006822145041.MeshConfigurer: 

2019-08-20 10:51:08,095 - INFO - tty.usbmodem0006822145041.MeshConfigurer: Sending next message
2019-08-20 10:51:08,114 - DEBUG - tty.usbmodem0006822145041: Writing: 164 bytearray(b'+\x00')
2019-08-20 10:51:08,115 - DEBUG - tty.usbmodem0006822145041: TX: 03a42b00
2019-08-20 10:51:08,116 - DEBUG - tty.usbmodem0006822145041: RX: 0584a4001c00
2019-08-20 10:51:08,117 - DEBUG - tty.usbmodem0006822145041: parsed_packet {event: CmdRsp, data: {'opcode': 164, 'status': 0, 'data': bytearray(b'\x1c\x00')}}
2019-08-20 10:51:08,117 - INFO - tty.usbmodem0006822145041: AddrPublicationAdd: {'address_handle': 28}
2019-08-20 10:51:08,117 - INFO - tty.usbmodem0006822145041.MeshConfigurer: 

2019-08-20 10:51:08,117 - INFO - tty.usbmodem0006822145041.MeshConfigurer: Sending next message
2019-08-20 10:51:08,135 - DEBUG - tty.usbmodem0006822145041: Writing: 161 bytearray(b'\x01\xc0')
2019-08-20 10:51:08,645 - DEBUG - tty.usbmodem0006822145041: TX: 03a101c0
2019-08-20 10:51:08,647 - DEBUG - tty.usbmodem0006822145041: RX: 0584a1000000
2019-08-20 10:51:08,648 - DEBUG - tty.usbmodem0006822145041: parsed_packet {event: CmdRsp, data: {'opcode': 161, 'status': 0, 'data': bytearray(b'\x00\x00')}}
2019-08-20 10:51:08,648 - INFO - tty.usbmodem0006822145041: AddrSubscriptionAdd: {'address_handle': 0}
2019-08-20 10:51:08,648 - INFO - tty.usbmodem0006822145041.MeshConfigurer: 

2019-08-20 10:51:08,649 - INFO - tty.usbmodem0006822145041.MeshConfigurer: Sending next message
2019-08-20 10:51:08,669 - DEBUG - tty.usbmodem0006822145041: Writing: 164 bytearray(b',\x00')
2019-08-20 10:51:08,669 - DEBUG - tty.usbmodem0006822145041: TX: 03a42c00
2019-08-20 10:51:08,671 - DEBUG - tty.usbmodem0006822145041: RX: 0584a4001d00
2019-08-20 10:51:08,672 - DEBUG - tty.usbmodem0006822145041: parsed_packet {event: CmdRsp, data: {'opcode': 164, 'status': 0, 'data': bytearray(b'\x1d\x00')}}
2019-08-20 10:51:08,672 - INFO - tty.usbmodem0006822145041: AddrPublicationAdd: {'address_handle': 29}
2019-08-20 10:51:08,672 - INFO - tty.usbmodem0006822145041.MeshConfigurer: 

2019-08-20 10:51:08,673 - INFO - tty.usbmodem0006822145041.MeshConfigurer: Sending next message
2019-08-20 10:51:08,690 - DEBUG - tty.usbmodem0006822145041: Writing: 164 bytearray(b'-\x00')
2019-08-20 10:51:08,690 - DEBUG - tty.usbmodem0006822145041: TX: 03a42d00
2019-08-20 10:51:08,692 - DEBUG - tty.usbmodem0006822145041: RX: 0584a4001e00
2019-08-20 10:51:08,693 - DEBUG - tty.usbmodem0006822145041: parsed_packet {event: CmdRsp, data: {'opcode': 164, 'status': 0, 'data': bytearray(b'\x1e\x00')}}
2019-08-20 10:51:08,693 - INFO - tty.usbmodem0006822145041: AddrPublicationAdd: {'address_handle': 30}
2019-08-20 10:51:08,694 - INFO - tty.usbmodem0006822145041.MeshConfigurer: 

2019-08-20 10:51:08,694 - INFO - tty.usbmodem0006822145041.MeshConfigurer: Sending next message
2019-08-20 10:51:08,715 - DEBUG - tty.usbmodem0006822145041: Writing: 164 bytearray(b'.\x00')
2019-08-20 10:51:08,715 - DEBUG - tty.usbmodem0006822145041: TX: 03a42e00
2019-08-20 10:51:08,717 - DEBUG - tty.usbmodem0006822145041: RX: 0584a4001f00
2019-08-20 10:51:08,718 - DEBUG - tty.usbmodem0006822145041: parsed_packet {event: CmdRsp, data: {'opcode': 164, 'status': 0, 'data': bytearray(b'\x1f\x00')}}
2019-08-20 10:51:08,718 - INFO - tty.usbmodem0006822145041: AddrPublicationAdd: {'address_handle': 31}
2019-08-20 10:51:08,718 - INFO - tty.usbmodem0006822145041.MeshConfigurer: 

2019-08-20 10:51:08,719 - INFO - tty.usbmodem0006822145041.MeshConfigurer: Sending next message
2019-08-20 10:51:08,737 - DEBUG - tty.usbmodem0006822145041: Writing: 164 bytearray(b'/\x00')
2019-08-20 10:51:08,737 - DEBUG - tty.usbmodem0006822145041: TX: 03a42f00
2019-08-20 10:51:08,740 - DEBUG - tty.usbmodem0006822145041: RX: 0584a4002000
2019-08-20 10:51:08,740 - DEBUG - tty.usbmodem0006822145041: parsed_packet {event: CmdRsp, data: {'opcode': 164, 'status': 0, 'data': bytearray(b' \x00')}}
2019-08-20 10:51:08,741 - INFO - tty.usbmodem0006822145041: AddrPublicationAdd: {'address_handle': 32}
2019-08-20 10:51:08,741 - INFO - tty.usbmodem0006822145041.MeshConfigurer: 

2019-08-20 10:51:08,741 - INFO - tty.usbmodem0006822145041.MeshConfigurer: Sending next message
2019-08-20 10:51:08,758 - DEBUG - tty.usbmodem0006822145041: Writing: 164 bytearray(b'0\x00')
2019-08-20 10:51:08,758 - DEBUG - tty.usbmodem0006822145041: TX: 03a43000
2019-08-20 10:51:08,760 - DEBUG - tty.usbmodem0006822145041: RX: 0584a4002100
2019-08-20 10:51:08,761 - DEBUG - tty.usbmodem0006822145041: parsed_packet {event: CmdRsp, data: {'opcode': 164, 'status': 0, 'data': bytearray(b'!\x00')}}
2019-08-20 10:51:08,761 - INFO - tty.usbmodem0006822145041: AddrPublicationAdd: {'address_handle': 33}
2019-08-20 10:51:08,762 - INFO - tty.usbmodem0006822145041.MeshConfigurer: 

2019-08-20 10:51:08,762 - INFO - tty.usbmodem0006822145041.MeshConfigurer: Sending next message
2019-08-20 10:51:08,779 - DEBUG - tty.usbmodem0006822145041: Writing: 164 bytearray(b'1\x00')
2019-08-20 10:51:08,780 - DEBUG - tty.usbmodem0006822145041: TX: 03a43100
2019-08-20 10:51:08,782 - DEBUG - tty.usbmodem0006822145041: RX: 0584a4002200
2019-08-20 10:51:08,787 - DEBUG - tty.usbmodem0006822145041: parsed_packet {event: CmdRsp, data: {'opcode': 164, 'status': 0, 'data': bytearray(b'"\x00')}}
2019-08-20 10:51:08,788 - INFO - tty.usbmodem0006822145041: AddrPublicationAdd: {'address_handle': 34}
2019-08-20 10:51:08,789 - INFO - tty.usbmodem0006822145041.MeshConfigurer: 

2019-08-20 10:51:08,789 - INFO - tty.usbmodem0006822145041.MeshConfigurer: Sending next message
2019-08-20 10:51:08,805 - DEBUG - tty.usbmodem0006822145041: Writing: 164 bytearray(b'2\x00')
2019-08-20 10:51:08,805 - DEBUG - tty.usbmodem0006822145041: TX: 03a43200
2019-08-20 10:51:08,807 - DEBUG - tty.usbmodem0006822145041: RX: 0584a4002300
2019-08-20 10:51:08,808 - DEBUG - tty.usbmodem0006822145041: parsed_packet {event: CmdRsp, data: {'opcode': 164, 'status': 0, 'data': bytearray(b'#\x00')}}
2019-08-20 10:51:08,808 - INFO - tty.usbmodem0006822145041: AddrPublicationAdd: {'address_handle': 35}
2019-08-20 10:51:08,835 - INFO - tty.usbmodem0006822145041.MeshConfigurer: 

2019-08-20 10:51:08,836 - INFO - tty.usbmodem0006822145041.MeshConfigurer: Sending next message
2019-08-20 10:51:08,840 - DEBUG - tty.usbmodem0006822145041: Writing: 164 bytearray(b'3\x00')
2019-08-20 10:51:08,840 - DEBUG - tty.usbmodem0006822145041: TX: 03a43300
2019-08-20 10:51:08,842 - DEBUG - tty.usbmodem0006822145041: RX: 0584a4002400
2019-08-20 10:51:08,843 - DEBUG - tty.usbmodem0006822145041: parsed_packet {event: CmdRsp, data: {'opcode': 164, 'status': 0, 'data': bytearray(b'$\x00')}}
2019-08-20 10:51:08,843 - INFO - tty.usbmodem0006822145041: AddrPublicationAdd: {'address_handle': 36}
2019-08-20 10:51:08,844 - INFO - tty.usbmodem0006822145041.MeshConfigurer: 

2019-08-20 10:51:08,844 - INFO - tty.usbmodem0006822145041.MeshConfigurer: Sending next message
2019-08-20 10:51:08,861 - DEBUG - tty.usbmodem0006822145041: Writing: 164 bytearray(b'4\x00')
2019-08-20 10:51:08,862 - DEBUG - tty.usbmodem0006822145041: TX: 03a43400
2019-08-20 10:51:08,863 - DEBUG - tty.usbmodem0006822145041: RX: 0584a4002500
2019-08-20 10:51:08,864 - DEBUG - tty.usbmodem0006822145041: parsed_packet {event: CmdRsp, data: {'opcode': 164, 'status': 0, 'data': bytearray(b'%\x00')}}
2019-08-20 10:51:08,864 - INFO - tty.usbmodem0006822145041: AddrPublicationAdd: {'address_handle': 37}
2019-08-20 10:51:08,864 - INFO - tty.usbmodem0006822145041.MeshConfigurer: 

2019-08-20 10:51:08,865 - INFO - tty.usbmodem0006822145041.MeshConfigurer: Sending next message
2019-08-20 10:51:08,886 - DEBUG - tty.usbmodem0006822145041: Writing: 164 bytearray(b'5\x00')
2019-08-20 10:51:08,886 - DEBUG - tty.usbmodem0006822145041: TX: 03a43500
2019-08-20 10:51:08,888 - DEBUG - tty.usbmodem0006822145041: RX: 0584a4002600
2019-08-20 10:51:08,889 - DEBUG - tty.usbmodem0006822145041: parsed_packet {event: CmdRsp, data: {'opcode': 164, 'status': 0, 'data': bytearray(b'&\x00')}}
2019-08-20 10:51:08,889 - INFO - tty.usbmodem0006822145041: AddrPublicationAdd: {'address_handle': 38}
2019-08-20 10:51:08,890 - INFO - tty.usbmodem0006822145041.MeshConfigurer: 

2019-08-20 10:51:08,890 - INFO - tty.usbmodem0006822145041.MeshConfigurer: Sending next message
2019-08-20 10:51:08,911 - DEBUG - tty.usbmodem0006822145041: Writing: 164 bytearray(b'6\x00')
2019-08-20 10:51:08,911 - DEBUG - tty.usbmodem0006822145041: TX: 03a43600
2019-08-20 10:51:08,913 - DEBUG - tty.usbmodem0006822145041: RX: 0584a4002700
2019-08-20 10:51:08,914 - DEBUG - tty.usbmodem0006822145041: parsed_packet {event: CmdRsp, data: {'opcode': 164, 'status': 0, 'data': bytearray(b"\'\x00")}}
2019-08-20 10:51:08,914 - INFO - tty.usbmodem0006822145041: AddrPublicationAdd: {'address_handle': 39}
2019-08-20 10:51:08,914 - INFO - tty.usbmodem0006822145041.MeshConfigurer: 

2019-08-20 10:51:08,914 - INFO - tty.usbmodem0006822145041.MeshConfigurer: Sending next message
2019-08-20 10:51:08,932 - DEBUG - tty.usbmodem0006822145041: Writing: 164 bytearray(b'7\x00')
2019-08-20 10:51:08,932 - DEBUG - tty.usbmodem0006822145041: TX: 03a43700
2019-08-20 10:51:08,934 - DEBUG - tty.usbmodem0006822145041: RX: 0584a4002800
2019-08-20 10:51:08,935 - DEBUG - tty.usbmodem0006822145041: parsed_packet {event: CmdRsp, data: {'opcode': 164, 'status': 0, 'data': bytearray(b'(\x00')}}
2019-08-20 10:51:08,935 - INFO - tty.usbmodem0006822145041: AddrPublicationAdd: {'address_handle': 40}
2019-08-20 10:51:08,936 - INFO - tty.usbmodem0006822145041.MeshConfigurer: 

2019-08-20 10:51:08,936 - INFO - tty.usbmodem0006822145041.MeshConfigurer: Sending next message
2019-08-20 10:51:08,957 - DEBUG - tty.usbmodem0006822145041: Writing: 164 bytearray(b'8\x00')
2019-08-20 10:51:08,957 - DEBUG - tty.usbmodem0006822145041: TX: 03a43800
2019-08-20 10:51:08,960 - DEBUG - tty.usbmodem0006822145041: RX: 0584a4002900
2019-08-20 10:51:08,961 - DEBUG - tty.usbmodem0006822145041: parsed_packet {event: CmdRsp, data: {'opcode': 164, 'status': 0, 'data': bytearray(b')\x00')}}
2019-08-20 10:51:08,961 - INFO - tty.usbmodem0006822145041: AddrPublicationAdd: {'address_handle': 41}
2019-08-20 10:51:08,961 - INFO - tty.usbmodem0006822145041.MeshConfigurer: 

2019-08-20 10:51:08,962 - INFO - tty.usbmodem0006822145041.MeshConfigurer: Sending next message
2019-08-20 10:51:08,978 - DEBUG - tty.usbmodem0006822145041: Writing: 164 bytearray(b'9\x00')
2019-08-20 10:51:08,978 - DEBUG - tty.usbmodem0006822145041: TX: 03a43900
2019-08-20 10:51:08,980 - DEBUG - tty.usbmodem0006822145041: RX: 0584a4002a00
2019-08-20 10:51:08,981 - DEBUG - tty.usbmodem0006822145041: parsed_packet {event: CmdRsp, data: {'opcode': 164, 'status': 0, 'data': bytearray(b'*\x00')}}
2019-08-20 10:51:08,981 - INFO - tty.usbmodem0006822145041: AddrPublicationAdd: {'address_handle': 42}
2019-08-20 10:51:08,981 - INFO - tty.usbmodem0006822145041.MeshConfigurer: 

2019-08-20 10:51:08,981 - INFO - tty.usbmodem0006822145041.MeshConfigurer: Sending next message
2019-08-20 10:51:09,001 - DEBUG - tty.usbmodem0006822145041: Writing: 156 bytearray(b'\x10\x00\x00\x00g\rA\x9d\xd3\x93\x870.4?&Uy\xdb\xef')
2019-08-20 10:51:09,001 - DEBUG - tty.usbmodem0006822145041: TX: 159c10000000670d419dd39387302e343f265579dbef
2019-08-20 10:51:09,010 - DEBUG - tty.usbmodem0006822145041: RX: 05849c000800
2019-08-20 10:51:09,011 - DEBUG - tty.usbmodem0006822145041: parsed_packet {event: CmdRsp, data: {'opcode': 156, 'status': 0, 'data': bytearray(b'\x08\x00')}}
2019-08-20 10:51:09,012 - INFO - tty.usbmodem0006822145041: DevkeyAdd: {'devkey_handle': 8}
2019-08-20 10:51:09,012 - INFO - tty.usbmodem0006822145041.MeshConfigurer: 

2019-08-20 10:51:09,013 - INFO - tty.usbmodem0006822145041.MeshConfigurer: Sending next message
2019-08-20 10:51:09,027 - DEBUG - tty.usbmodem0006822145041: Writing: 156 bytearray(b'\x1e\x00\x00\x00\xed\x14\x84.X*5a\xab\x96\xfb\xb3`\xbe\xf1\x9e')
2019-08-20 10:51:09,028 - DEBUG - tty.usbmodem0006822145041: TX: 159c1e000000ed14842e582a3561ab96fbb360bef19e
2019-08-20 10:51:09,031 - DEBUG - tty.usbmodem0006822145041: RX: 05849c000900
2019-08-20 10:51:09,032 - DEBUG - tty.usbmodem0006822145041: parsed_packet {event: CmdRsp, data: {'opcode': 156, 'status': 0, 'data': bytearray(b'\t\x00')}}
2019-08-20 10:51:09,049 - INFO - tty.usbmodem0006822145041: DevkeyAdd: {'devkey_handle': 9}
2019-08-20 10:51:09,049 - INFO - tty.usbmodem0006822145041.MeshConfigurer: 

2019-08-20 10:51:09,049 - INFO - tty.usbmodem0006822145041.MeshConfigurer: Sending next message
2019-08-20 10:51:09,050 - DEBUG - tty.usbmodem0006822145041: Writing: 156 bytearray(b",\x00\x00\x00\xeb\xc7\xf7\x00^\xe5]x,\x87\x16iZ\xc9\'\xab")
2019-08-20 10:51:09,050 - DEBUG - tty.usbmodem0006822145041: TX: 159c2c000000ebc7f7005ee55d782c8716695ac927ab
2019-08-20 10:51:09,055 - DEBUG - tty.usbmodem0006822145041: RX: 05849c000a00
2019-08-20 10:51:09,055 - DEBUG - tty.usbmodem0006822145041: parsed_packet {event: CmdRsp, data: {'opcode': 156, 'status': 0, 'data': bytearray(b'\n\x00')}}
2019-08-20 10:51:09,056 - INFO - tty.usbmodem0006822145041: DevkeyAdd: {'devkey_handle': 10}
2019-08-20 10:51:09,056 - INFO - tty.usbmodem0006822145041.MeshConfigurer: No Messages remaining
2019-08-20 10:51:14,588 - DEBUG - tty.usbmodem0006822145041: exited read event
