2019-07-05 14:17:41,531 - DEBUG - tty.usbmodem0006822145041: Writing: 105 bytearray(b'\xa6\xf4j\xc6\x1d\x98\xb0\x82G\xa9\x1f\xd4\x00\xbed\x9co\x9c\t\xd4\xf5\x10h\x93x\xefo\x05\xc7|\x82\xad\xc6\x1b\xca\xc7\xff\xb3?=H\xa2EN\x8e0\x10\xd9\x08641}\xd2\xec\xa0Im\xa6\xa4`\xc6\x80\x10\xaf\x8dt\x10\xefF\x11\x93\xd7\x8f\x0fR\x1bO\x95\xc1\xaa\xe5Wty\xdb\xe5\x80\xbbx]\xf9\x87\xd4\xd8^')
2019-07-05 14:17:41,531 - DEBUG - tty.usbmodem0006822145041: TX: 6169a6f46ac61d98b08247a91fd400be649c6f9c09d4f510689378ef6f05c77c82adc61bcac7ffb33f3d48a2454e8e3010d9083634317dd2eca0496da6a460c68010af8d7410ef461193d78f0f521b4f95c1aae5577479dbe580bb785df987d4d85e
2019-07-05 14:17:41,541 - DEBUG - tty.usbmodem0006822145041: RX: 03845384
2019-07-05 14:17:41,541 - DEBUG - tty.usbmodem0006822145041: parsed_packet {event: CmdRsp, data: {'opcode': 83, 'status': 132, 'data': bytearray(b'')}}
2019-07-05 14:17:41,541 - ERROR - tty.usbmodem0006822145041: None: ERROR_INVALID_LENGTH
2019-07-05 14:17:41,542 - DEBUG - tty.usbmodem0006822145041: Writing: 159 bytearray(b'\x01\x00\x01\x00')
2019-07-05 14:17:41,542 - DEBUG - tty.usbmodem0006822145041: TX: 059f01000100
2019-07-05 14:17:41,542 - DEBUG - tty.usbmodem0006822145041: RX: 03840084
2019-07-05 14:17:41,542 - DEBUG - tty.usbmodem0006822145041: parsed_packet {event: CmdRsp, data: {'opcode': 0, 'status': 132, 'data': bytearray(b'')}}
2019-07-05 14:17:41,542 - ERROR - tty.usbmodem0006822145041: None: ERROR_INVALID_LENGTH
2019-07-05 14:17:41,543 - DEBUG - tty.usbmodem0006822145041: Writing: 146 bytearray(b'\x00\x00\x18\xee\xd9\xc2\xa5j\xdd\x85\x04\x9f\xfc<Y\xad\x0e\x12')
2019-07-05 14:17:41,543 - DEBUG - tty.usbmodem0006822145041: TX: 1392000018eed9c2a56add85049ffc3c59ad0e12
2019-07-05 14:17:41,543 - DEBUG - tty.usbmodem0006822145041: RX: 03840084
2019-07-05 14:17:41,543 - DEBUG - tty.usbmodem0006822145041: parsed_packet {event: CmdRsp, data: {'opcode': 0, 'status': 132, 'data': bytearray(b'')}}
2019-07-05 14:17:41,543 - DEBUG - tty.usbmodem0006822145041: Writing: 151 bytearray(b'\x00\x00\x00\x00Oh\xad\x85\xd9\xf4\x8a\xc8X\x9d\xf6e\xb6\xb4\x9b\x8a')
2019-07-05 14:17:41,543 - ERROR - tty.usbmodem0006822145041: None: ERROR_INVALID_LENGTH
2019-07-05 14:17:41,544 - DEBUG - tty.usbmodem0006822145041: TX: 1597000000004f68ad85d9f48ac8589df665b6b49b8a
2019-07-05 14:17:41,544 - DEBUG - tty.usbmodem0006822145041: RX: 03840084
2019-07-05 14:17:41,544 - DEBUG - tty.usbmodem0006822145041: parsed_packet {event: CmdRsp, data: {'opcode': 0, 'status': 132, 'data': bytearray(b'')}}
2019-07-05 14:17:41,545 - ERROR - tty.usbmodem0006822145041: None: ERROR_INVALID_LENGTH
2019-07-05 14:17:41,545 - DEBUG - tty.usbmodem0006822145041: Writing: 151 bytearray(b'\x01\x00\x00\x00*\xa2\xa6\xde\xd5\xa0y\x8c\xea\xb5x|\xa3\xae9\xfc')
2019-07-05 14:17:41,545 - DEBUG - tty.usbmodem0006822145041: TX: 1597010000002aa2a6ded5a0798ceab5787ca3ae39fc
2019-07-05 14:17:41,545 - DEBUG - tty.usbmodem0006822145041: RX: 03840084
2019-07-05 14:17:41,545 - DEBUG - tty.usbmodem0006822145041: parsed_packet {event: CmdRsp, data: {'opcode': 0, 'status': 132, 'data': bytearray(b'')}}
2019-07-05 14:17:41,545 - ERROR - tty.usbmodem0006822145041: None: ERROR_INVALID_LENGTH
2019-07-05 14:17:41,546 - DEBUG - tty.usbmodem0006822145041: RX: 03840084
2019-07-05 14:17:41,546 - DEBUG - tty.usbmodem0006822145041: parsed_packet {event: CmdRsp, data: {'opcode': 0, 'status': 132, 'data': bytearray(b'')}}
2019-07-05 14:17:41,546 - ERROR - tty.usbmodem0006822145041: None: ERROR_INVALID_LENGTH
2019-07-05 14:17:41,546 - DEBUG - tty.usbmodem0006822145041: RX: 03840084
2019-07-05 14:17:41,546 - DEBUG - tty.usbmodem0006822145041: parsed_packet {event: CmdRsp, data: {'opcode': 0, 'status': 132, 'data': bytearray(b'')}}
2019-07-05 14:17:41,547 - ERROR - tty.usbmodem0006822145041: None: ERROR_INVALID_LENGTH
2019-07-05 14:17:41,547 - DEBUG - tty.usbmodem0006822145041: RX: 03840084
2019-07-05 14:17:41,547 - DEBUG - tty.usbmodem0006822145041: parsed_packet {event: CmdRsp, data: {'opcode': 0, 'status': 132, 'data': bytearray(b'')}}
2019-07-05 14:17:41,547 - ERROR - tty.usbmodem0006822145041: None: ERROR_INVALID_LENGTH
2019-07-05 14:17:41,547 - DEBUG - tty.usbmodem0006822145041: RX: 03840084
2019-07-05 14:17:41,547 - DEBUG - tty.usbmodem0006822145041: parsed_packet {event: CmdRsp, data: {'opcode': 0, 'status': 132, 'data': bytearray(b'')}}
2019-07-05 14:17:41,548 - ERROR - tty.usbmodem0006822145041: None: ERROR_INVALID_LENGTH
2019-07-05 14:17:41,548 - DEBUG - tty.usbmodem0006822145041: RX: 03840084
2019-07-05 14:17:41,548 - DEBUG - tty.usbmodem0006822145041: parsed_packet {event: CmdRsp, data: {'opcode': 0, 'status': 132, 'data': bytearray(b'')}}
2019-07-05 14:17:41,548 - ERROR - tty.usbmodem0006822145041: None: ERROR_INVALID_LENGTH
2019-07-05 14:17:41,548 - DEBUG - tty.usbmodem0006822145041: RX: 03840084
2019-07-05 14:17:41,548 - DEBUG - tty.usbmodem0006822145041: parsed_packet {event: CmdRsp, data: {'opcode': 0, 'status': 132, 'data': bytearray(b'')}}
2019-07-05 14:17:41,548 - ERROR - tty.usbmodem0006822145041: None: ERROR_INVALID_LENGTH
2019-07-05 14:17:41,549 - DEBUG - tty.usbmodem0006822145041: RX: 03840084
2019-07-05 14:17:41,549 - DEBUG - tty.usbmodem0006822145041: parsed_packet {event: CmdRsp, data: {'opcode': 0, 'status': 132, 'data': bytearray(b'')}}
2019-07-05 14:17:41,549 - ERROR - tty.usbmodem0006822145041: None: ERROR_INVALID_LENGTH
2019-07-05 14:17:41,549 - DEBUG - tty.usbmodem0006822145041: RX: 03840084
2019-07-05 14:17:41,549 - DEBUG - tty.usbmodem0006822145041: parsed_packet {event: CmdRsp, data: {'opcode': 0, 'status': 132, 'data': bytearray(b'')}}
2019-07-05 14:17:41,550 - ERROR - tty.usbmodem0006822145041: None: ERROR_INVALID_LENGTH
2019-07-05 14:17:41,550 - DEBUG - tty.usbmodem0006822145041: RX: 03849f00
2019-07-05 14:17:41,550 - DEBUG - tty.usbmodem0006822145041: parsed_packet {event: CmdRsp, data: {'opcode': 159, 'status': 0, 'data': bytearray(b'')}}
2019-07-05 14:17:41,550 - INFO - tty.usbmodem0006822145041: Success
2019-07-05 14:17:41,550 - DEBUG - tty.usbmodem0006822145041: RX: 058492000000
2019-07-05 14:17:41,551 - DEBUG - tty.usbmodem0006822145041: parsed_packet {event: CmdRsp, data: {'opcode': 146, 'status': 0, 'data': bytearray(b'\x00\x00')}}
2019-07-05 14:17:41,551 - INFO - tty.usbmodem0006822145041: SubnetAdd: {'subnet_handle': 0}
2019-07-05 14:17:41,551 - DEBUG - tty.usbmodem0006822145041: RX: 058497000000
2019-07-05 14:17:41,551 - DEBUG - tty.usbmodem0006822145041: parsed_packet {event: CmdRsp, data: {'opcode': 151, 'status': 0, 'data': bytearray(b'\x00\x00')}}
2019-07-05 14:17:41,551 - INFO - tty.usbmodem0006822145041: AppkeyAdd: {'appkey_handle': 0}
2019-07-05 14:17:41,552 - DEBUG - tty.usbmodem0006822145041: RX: 058497000100
2019-07-05 14:17:41,552 - DEBUG - tty.usbmodem0006822145041: parsed_packet {event: CmdRsp, data: {'opcode': 151, 'status': 0, 'data': bytearray(b'\x01\x00')}}
2019-07-05 14:17:41,552 - INFO - tty.usbmodem0006822145041: AppkeyAdd: {'appkey_handle': 1}
2019-07-05 14:17:49,456 - DEBUG - tty.usbmodem0006822145041: Writing: 97 bytearray(b'')
2019-07-05 14:17:49,457 - DEBUG - tty.usbmodem0006822145041: TX: 0161
2019-07-05 14:17:49,458 - DEBUG - tty.usbmodem0006822145041: RX: 03846100
2019-07-05 14:17:49,458 - DEBUG - tty.usbmodem0006822145041: parsed_packet {event: CmdRsp, data: {'opcode': 97, 'status': 0, 'data': bytearray(b'')}}
2019-07-05 14:17:49,458 - INFO - tty.usbmodem0006822145041: Success
2019-07-05 14:17:50,221 - DEBUG - tty.usbmodem0006822145041: RX: 1ac09db77a0526b8734988639509c242d107d30001c8639509c2c2
2019-07-05 14:17:50,222 - DEBUG - tty.usbmodem0006822145041: parsed_packet {event: ProvUnprovisionedReceived, data: {'uuid': bytearray(b'\x9d\xb7z\x05&\xb8sI\x88c\x95\t\xc2B\xd1\x07'), 'rssi': -45, 'gatt_supported': 0, 'adv_addr_type': 1, 'adv_addr': bytearray(b'\xc8c\x95\t\xc2\xc2')}}
2019-07-05 14:17:50,222 - INFO - tty.usbmodem0006822145041: {event: ProvUnprovisionedReceived, data: {'uuid': bytearray(b'\x9d\xb7z\x05&\xb8sI\x88c\x95\t\xc2B\xd1\x07'), 'rssi': -45, 'gatt_supported': 0, 'adv_addr_type': 1, 'adv_addr': bytearray(b'\xc8c\x95\t\xc2\xc2')}}
2019-07-05 14:17:50,222 - INFO - tty.usbmodem0006822145041: Received UUID 9db77a0526b8734988639509c242d107 with RSSI: -45 dB
2019-07-05 14:17:50,223 - DEBUG - tty.usbmodem0006822145041: Writing: 98 bytearray(b'')
2019-07-05 14:17:50,223 - DEBUG - tty.usbmodem0006822145041: TX: 0162
2019-07-05 14:17:50,223 - DEBUG - tty.usbmodem0006822145041: Writing: 99 bytearray(b'\x00\x9d\xb7z\x05&\xb8sI\x88c\x95\t\xc2B\xd1\x07\x18\xee\xd9\xc2\xa5j\xdd\x85\x04\x9f\xfc<Y\xad\x0e\x12\x00\x00\x00\x00\x00\x00\x10\x00\x00\x00\x00')
2019-07-05 14:17:50,223 - DEBUG - tty.usbmodem0006822145041: TX: 2d63009db77a0526b8734988639509c242d10718eed9c2a56add85049ffc3c59ad0e120000000000001000000000
2019-07-05 14:17:50,225 - DEBUG - tty.usbmodem0006822145041: RX: 03846200
2019-07-05 14:17:50,225 - DEBUG - tty.usbmodem0006822145041: parsed_packet {event: CmdRsp, data: {'opcode': 98, 'status': 0, 'data': bytearray(b'')}}
2019-07-05 14:17:50,225 - INFO - tty.usbmodem0006822145041: Success
2019-07-05 14:17:50,229 - DEBUG - tty.usbmodem0006822145041: RX: 0484630000
2019-07-05 14:17:50,229 - DEBUG - tty.usbmodem0006822145041: parsed_packet {event: CmdRsp, data: {'opcode': 99, 'status': 0, 'data': bytearray(b'\x00')}}
2019-07-05 14:17:50,229 - INFO - tty.usbmodem0006822145041: Provision: {'context': 0}
2019-07-05 14:17:50,261 - DEBUG - tty.usbmodem0006822145041: RX: 02c100
2019-07-05 14:17:50,261 - DEBUG - tty.usbmodem0006822145041: parsed_packet {event: ProvLinkEstablished, data: {'context_id': 0}}
2019-07-05 14:17:50,262 - INFO - tty.usbmodem0006822145041: {event: ProvLinkEstablished, data: {'context_id': 0}}
2019-07-05 14:17:50,262 - INFO - tty.usbmodem0006822145041: Link established
2019-07-05 14:17:52,323 - DEBUG - tty.usbmodem0006822145041: RX: 0bc3000e0001000000000000
2019-07-05 14:17:52,323 - DEBUG - tty.usbmodem0006822145041: parsed_packet {event: ProvCapsReceived, data: {'context_id': 0, 'num_elements': 14, 'public_key_type': 0, 'static_oob_types': 1, 'output_oob_size': 0, 'output_oob_actions': 0, 'input_oob_size': 0, 'input_oob_actions': 0}}
2019-07-05 14:17:52,324 - INFO - tty.usbmodem0006822145041: {event: ProvCapsReceived, data: {'context_id': 0, 'num_elements': 14, 'public_key_type': 0, 'static_oob_types': 1, 'output_oob_size': 0, 'output_oob_actions': 0, 'input_oob_size': 0, 'input_oob_actions': 0}}
2019-07-05 14:17:52,324 - INFO - tty.usbmodem0006822145041: Received capabilities
2019-07-05 14:17:52,324 - INFO - tty.usbmodem0006822145041: Number of elements: 14
2019-07-05 14:17:52,324 - DEBUG - tty.usbmodem0006822145041: Writing: 102 bytearray(b'\x00\x00\x00\x00')
2019-07-05 14:17:52,324 - DEBUG - tty.usbmodem0006822145041: TX: 056600000000
2019-07-05 14:17:52,326 - DEBUG - tty.usbmodem0006822145041: RX: 0484660000
2019-07-05 14:17:52,326 - DEBUG - tty.usbmodem0006822145041: parsed_packet {event: CmdRsp, data: {'opcode': 102, 'status': 0, 'data': bytearray(b'\x00')}}
2019-07-05 14:17:52,327 - INFO - tty.usbmodem0006822145041: OobUse: {'context': 0}
2019-07-05 14:17:52,515 - DEBUG - tty.usbmodem0006822145041: RX: 62c700bb567d48d7258964162d3b2d563b361328b527cf00f24379e8153cc555a6e318aec723dfbe1ffec090745df7c430d3904fd8d003ab5cf0c9cf1045c9200070eaacf4dcb9c1ba2c3242897d2f30a7bb97e4a1628aca934dc27c2a7ff5ea78242b
2019-07-05 14:17:52,515 - DEBUG - tty.usbmodem0006822145041: parsed_packet {event: ProvEcdhRequest, data: {'context_id': 0, 'peer_public': bytearray(b"\xbbV}H\xd7%\x89d\x16-;-V;6\x13(\xb5\'\xcf\x00\xf2Cy\xe8\x15<\xc5U\xa6\xe3\x18\xae\xc7#\xdf\xbe\x1f\xfe\xc0\x90t]\xf7\xc40\xd3\x90O\xd8\xd0\x03\xab\\\xf0\xc9\xcf\x10E\xc9 \x00p\xea"), 'node_private': bytearray(b'\xac\xf4\xdc\xb9\xc1\xba,2B\x89}/0\xa7\xbb\x97\xe4\xa1b\x8a\xca\x93M\xc2|*\x7f\xf5\xeax$+')}}
2019-07-05 14:17:52,516 - INFO - tty.usbmodem0006822145041: {event: ProvEcdhRequest, data: {'context_id': 0, 'peer_public': bytearray(b"\xbbV}H\xd7%\x89d\x16-;-V;6\x13(\xb5\'\xcf\x00\xf2Cy\xe8\x15<\xc5U\xa6\xe3\x18\xae\xc7#\xdf\xbe\x1f\xfe\xc0\x90t]\xf7\xc40\xd3\x90O\xd8\xd0\x03\xab\\\xf0\xc9\xcf\x10E\xc9 \x00p\xea"), 'node_private': bytearray(b'\xac\xf4\xdc\xb9\xc1\xba,2B\x89}/0\xa7\xbb\x97\xe4\xa1b\x8a\xca\x93M\xc2|*\x7f\xf5\xeax$+')}}
2019-07-05 14:17:52,516 - INFO - tty.usbmodem0006822145041: ECDH request received
2019-07-05 14:17:52,520 - DEBUG - tty.usbmodem0006822145041: Writing: 104 bytearray(b'\x00\xeaB\xb6\xdbe\x8c\x10V\x19\xca \x8b\x13\xc9\xa1\x92\xe2\xf6\xb2\xca\xb5\x17XR^\xbc\x06\xda\x01\x9c\x8ey')
2019-07-05 14:17:52,520 - DEBUG - tty.usbmodem0006822145041: TX: 226800ea42b6db658c105619ca208b13c9a192e2f6b2cab51758525ebc06da019c8e79
2019-07-05 14:17:52,525 - DEBUG - tty.usbmodem0006822145041: RX: 0484680000
2019-07-05 14:17:52,526 - DEBUG - tty.usbmodem0006822145041: parsed_packet {event: CmdRsp, data: {'opcode': 104, 'status': 0, 'data': bytearray(b'\x00')}}
2019-07-05 14:17:52,526 - INFO - tty.usbmodem0006822145041: EcdhSecret: {'context': 0}
2019-07-05 14:17:52,888 - DEBUG - tty.usbmodem0006822145041: RX: 2cc50000000000000010000000e754af9a77adb78b9764aafa0969ace518eed9c2a56add85049ffc3c59ad0e12
2019-07-05 14:17:52,888 - DEBUG - tty.usbmodem0006822145041: parsed_packet {event: ProvComplete, data: {'context_id': 0, 'iv_index': 0, 'net_key_index': 0, 'address': 16, 'iv_update_flag': 0, 'key_refresh_flag': 0, 'device_key': bytearray(b'\xe7T\xaf\x9aw\xad\xb7\x8b\x97d\xaa\xfa\ti\xac\xe5'), 'net_key': bytearray(b'\x18\xee\xd9\xc2\xa5j\xdd\x85\x04\x9f\xfc<Y\xad\x0e\x12')}}
2019-07-05 14:17:52,889 - INFO - tty.usbmodem0006822145041: {event: ProvComplete, data: {'context_id': 0, 'iv_index': 0, 'net_key_index': 0, 'address': 16, 'iv_update_flag': 0, 'key_refresh_flag': 0, 'device_key': bytearray(b'\xe7T\xaf\x9aw\xad\xb7\x8b\x97d\xaa\xfa\ti\xac\xe5'), 'net_key': bytearray(b'\x18\xee\xd9\xc2\xa5j\xdd\x85\x04\x9f\xfc<Y\xad\x0e\x12')}}
2019-07-05 14:17:58,892 - INFO - tty.usbmodem0006822145041: Provisioning complete
2019-07-05 14:17:58,893 - DEBUG - tty.usbmodem0006822145041.ConfigurationClient: Sending opcode: 8008, data: 00
2019-07-05 14:17:58,894 - INFO - tty.usbmodem0006822145041: 	Address(es): 0x10-0x1d
2019-07-05 14:17:58,895 - DEBUG - tty.usbmodem0006822145041.ConfigurationClient: Sending opcode: 00, data: 0000004f68ad85d9f48ac8589df665b6b49b8a
2019-07-05 14:17:58,895 - DEBUG - tty.usbmodem0006822145041: Writing: 171 bytearray(b'\x08\x00\x01\x00\x00\x00\x08\x00\x00\x00\x80\x08\x00')
2019-07-05 14:17:58,895 - INFO - tty.usbmodem0006822145041: 	Device key: e754af9a77adb78b9764aafa0969ace5
2019-07-05 14:17:58,895 - INFO - tty.usbmodem0006822145041: Adding address c001
2019-07-05 14:17:58,896 - DEBUG - tty.usbmodem0006822145041: TX: 0eab08000100000008000000800800
2019-07-05 14:17:58,896 - INFO - tty.usbmodem0006822145041: 	Network key: 18eed9c2a56add85049ffc3c59ad0e12
2019-07-05 14:17:58,896 - DEBUG - tty.usbmodem0006822145041: Writing: 171 bytearray(b'\x08\x00\x01\x00\x00\x00\x08\x00\x00\x00\x00\x00\x00\x00Oh\xad\x85\xd9\xf4\x8a\xc8X\x9d\xf6e\xb6\xb4\x9b\x8a')
2019-07-05 14:17:58,896 - INFO - tty.usbmodem0006822145041: Adding device key to subnet 0
2019-07-05 14:17:58,896 - DEBUG - tty.usbmodem0006822145041: TX: 1fab08000100000008000000000000004f68ad85d9f48ac8589df665b6b49b8a
2019-07-05 14:17:58,897 - INFO - tty.usbmodem0006822145041: Adding publication address of root element
2019-07-05 14:17:58,899 - DEBUG - tty.usbmodem0006822145041: RX: 03c20000
2019-07-05 14:17:58,899 - DEBUG - tty.usbmodem0006822145041: parsed_packet {event: ProvLinkClosed, data: {'context_id': 0, 'close_reason': 0}}
2019-07-05 14:17:58,899 - DEBUG - tty.usbmodem0006822145041: Writing: 161 bytearray(b'\x01\xc0')
2019-07-05 14:17:58,899 - INFO - tty.usbmodem0006822145041: {event: ProvLinkClosed, data: {'context_id': 0, 'close_reason': 0}}
2019-07-05 14:17:58,899 - DEBUG - tty.usbmodem0006822145041: TX: 03a101c0
2019-07-05 14:17:58,900 - INFO - tty.usbmodem0006822145041: Provisioning link closed
2019-07-05 14:17:58,900 - DEBUG - tty.usbmodem0006822145041: RX: 0384ab8e
2019-07-05 14:17:58,900 - DEBUG - tty.usbmodem0006822145041: parsed_packet {event: CmdRsp, data: {'opcode': 171, 'status': 142, 'data': bytearray(b'')}}
2019-07-05 14:17:58,900 - DEBUG - tty.usbmodem0006822145041: Writing: 156 bytearray(b'\x10\x00\x00\x00\xe7T\xaf\x9aw\xad\xb7\x8b\x97d\xaa\xfa\ti\xac\xe5')
2019-07-05 14:17:58,900 - ERROR - tty.usbmodem0006822145041: PacketSend: ERROR_REJECTED
2019-07-05 14:17:58,901 - DEBUG - tty.usbmodem0006822145041: TX: 159c10000000e754af9a77adb78b9764aafa0969ace5
2019-07-05 14:17:58,902 - DEBUG - tty.usbmodem0006822145041: RX: 0384ab8e
2019-07-05 14:17:58,903 - DEBUG - tty.usbmodem0006822145041: parsed_packet {event: CmdRsp, data: {'opcode': 171, 'status': 142, 'data': bytearray(b'')}}
2019-07-05 14:17:58,903 - ERROR - tty.usbmodem0006822145041: PacketSend: ERROR_REJECTED
2019-07-05 14:17:58,903 - DEBUG - tty.usbmodem0006822145041: Writing: 164 bytearray(b'\x10\x00')
2019-07-05 14:17:58,903 - DEBUG - tty.usbmodem0006822145041: TX: 03a41000
2019-07-05 14:17:58,903 - DEBUG - tty.usbmodem0006822145041: RX: 0584a1000000
2019-07-05 14:17:58,903 - DEBUG - tty.usbmodem0006822145041: parsed_packet {event: CmdRsp, data: {'opcode': 161, 'status': 0, 'data': bytearray(b'\x00\x00')}}
2019-07-05 14:17:58,904 - INFO - tty.usbmodem0006822145041: AddrSubscriptionAdd: {'address_handle': 0}
2019-07-05 14:17:58,904 - INFO - tty.usbmodem0006822145041: Address handles: {c001: 0}
2019-07-05 14:17:58,904 - DEBUG - tty.usbmodem0006822145041: RX: 05849c000800
2019-07-05 14:17:58,904 - DEBUG - tty.usbmodem0006822145041: parsed_packet {event: CmdRsp, data: {'opcode': 156, 'status': 0, 'data': bytearray(b'\x08\x00')}}
2019-07-05 14:17:58,905 - INFO - tty.usbmodem0006822145041: DevkeyAdd: {'devkey_handle': 8}
2019-07-05 14:17:58,905 - DEBUG - tty.usbmodem0006822145041: RX: 0584a4000100
2019-07-05 14:17:58,906 - DEBUG - tty.usbmodem0006822145041: parsed_packet {event: CmdRsp, data: {'opcode': 164, 'status': 0, 'data': bytearray(b'\x01\x00')}}
2019-07-05 14:17:58,906 - INFO - tty.usbmodem0006822145041: AddrPublicationAdd: {'address_handle': 1}
2019-07-05 14:17:58,906 - ERROR - tty.usbmodem0006822145041: Error storing address handle: pop from empty list
