2019-08-12 17:49:36,587 - INFO - tty.usbmodem0006822145041.MeshConfigurer: 

2019-08-12 17:49:36,587 - DEBUG - tty.usbmodem0006822145041: Writing: 105 bytearray(b"<\xe6\xe8nL\xe9I[\x06h\x9d\x03\x8e\x8a\xa6V+h\x9738\x90\x92\xcf\xf4\xd5\xca^\xf9\x93=\x9b\xeb\x95$\'L\xc7\xac\xbe\xe8\xc4\xc5w,\xc8^h\xcb\x9a\xd7\x87/gq\xbe#\xbf\x08\xf6\xe3\xab\x0e\xea;\x00\xdd\xe9\x97`\x94\xf3\xe8\xde[\xdep\x1c\xdc2\xa7\xebGS\x1a\xeeW\x8f\xeb\xc4\xfcR\xe8)\x9d\xec")
2019-08-12 17:49:36,588 - INFO - tty.usbmodem0006822145041.MeshConfigurer: Sending next message
2019-08-12 17:49:36,588 - DEBUG - tty.usbmodem0006822145041: TX: 61693ce6e86e4ce9495b06689d038e8aa6562b689733389092cff4d5ca5ef9933d9beb9524274cc7acbee8c4c5772cc85e68cb9ad7872f6771be23bf08f6e3ab0eea3b00dde9976094f3e8de5bde701cdc32a7eb47531aee578febc4fc52e8299dec
2019-08-12 17:49:36,598 - DEBUG - tty.usbmodem0006822145041: RX: 03845384
2019-08-12 17:49:36,598 - DEBUG - tty.usbmodem0006822145041: parsed_packet {event: CmdRsp, data: {'opcode': 83, 'status': 132, 'data': bytearray(b'')}}
2019-08-12 17:49:36,599 - ERROR - tty.usbmodem0006822145041: None: ERROR_INVALID_LENGTH
2019-08-12 17:49:36,599 - DEBUG - tty.usbmodem0006822145041: RX: 03840084
2019-08-12 17:49:36,599 - DEBUG - tty.usbmodem0006822145041: parsed_packet {event: CmdRsp, data: {'opcode': 0, 'status': 132, 'data': bytearray(b'')}}
2019-08-12 17:49:36,599 - ERROR - tty.usbmodem0006822145041: None: ERROR_INVALID_LENGTH
2019-08-12 17:49:36,600 - DEBUG - tty.usbmodem0006822145041: RX: 03840084
2019-08-12 17:49:36,600 - DEBUG - tty.usbmodem0006822145041: parsed_packet {event: CmdRsp, data: {'opcode': 0, 'status': 132, 'data': bytearray(b'')}}
2019-08-12 17:49:36,600 - ERROR - tty.usbmodem0006822145041: None: ERROR_INVALID_LENGTH
2019-08-12 17:49:36,618 - DEBUG - tty.usbmodem0006822145041: RX: 03840084
2019-08-12 17:49:36,618 - DEBUG - tty.usbmodem0006822145041: parsed_packet {event: CmdRsp, data: {'opcode': 0, 'status': 132, 'data': bytearray(b'')}}
2019-08-12 17:49:36,620 - ERROR - tty.usbmodem0006822145041: None: ERROR_INVALID_LENGTH
2019-08-12 17:49:36,620 - DEBUG - tty.usbmodem0006822145041: Writing: 159 bytearray(b'\x01\x00\x01\x00')
2019-08-12 17:49:36,620 - DEBUG - tty.usbmodem0006822145041: TX: 059f01000100
2019-08-12 17:49:36,621 - DEBUG - tty.usbmodem0006822145041: RX: 03840084
2019-08-12 17:49:36,626 - DEBUG - tty.usbmodem0006822145041: parsed_packet {event: CmdRsp, data: {'opcode': 0, 'status': 132, 'data': bytearray(b'')}}
2019-08-12 17:49:36,639 - ERROR - tty.usbmodem0006822145041: None: ERROR_INVALID_LENGTH
2019-08-12 17:49:36,643 - DEBUG - tty.usbmodem0006822145041: Writing: 146 bytearray(b'\x00\x00\x18\xee\xd9\xc2\xa5j\xdd\x85\x04\x9f\xfc<Y\xad\x0e\x12')
2019-08-12 17:49:36,644 - DEBUG - tty.usbmodem0006822145041: TX: 1392000018eed9c2a56add85049ffc3c59ad0e12
2019-08-12 17:49:36,646 - DEBUG - tty.usbmodem0006822145041: RX: 03840084
2019-08-12 17:49:36,646 - DEBUG - tty.usbmodem0006822145041: parsed_packet {event: CmdRsp, data: {'opcode': 0, 'status': 132, 'data': bytearray(b'')}}
2019-08-12 17:49:36,646 - ERROR - tty.usbmodem0006822145041: None: ERROR_INVALID_LENGTH
2019-08-12 17:49:36,651 - DEBUG - tty.usbmodem0006822145041: RX: 03840084
2019-08-12 17:49:36,651 - DEBUG - tty.usbmodem0006822145041: parsed_packet {event: CmdRsp, data: {'opcode': 0, 'status': 132, 'data': bytearray(b'')}}
2019-08-12 17:49:36,652 - ERROR - tty.usbmodem0006822145041: None: ERROR_INVALID_LENGTH
2019-08-12 17:49:36,654 - DEBUG - tty.usbmodem0006822145041: RX: 03840084
2019-08-12 17:49:36,654 - DEBUG - tty.usbmodem0006822145041: parsed_packet {event: CmdRsp, data: {'opcode': 0, 'status': 132, 'data': bytearray(b'')}}
2019-08-12 17:49:36,657 - ERROR - tty.usbmodem0006822145041: None: ERROR_INVALID_LENGTH
2019-08-12 17:49:36,665 - DEBUG - tty.usbmodem0006822145041: RX: 03840084
2019-08-12 17:49:36,666 - DEBUG - tty.usbmodem0006822145041: parsed_packet {event: CmdRsp, data: {'opcode': 0, 'status': 132, 'data': bytearray(b'')}}
2019-08-12 17:49:36,667 - DEBUG - tty.usbmodem0006822145041: Writing: 151 bytearray(b'\x00\x00\x00\x00Oh\xad\x85\xd9\xf4\x8a\xc8X\x9d\xf6e\xb6\xb4\x9b\x8a')
2019-08-12 17:49:36,671 - ERROR - tty.usbmodem0006822145041: None: ERROR_INVALID_LENGTH
2019-08-12 17:49:36,671 - DEBUG - tty.usbmodem0006822145041: TX: 1597000000004f68ad85d9f48ac8589df665b6b49b8a
2019-08-12 17:49:36,672 - DEBUG - tty.usbmodem0006822145041: RX: 03840084
2019-08-12 17:49:36,672 - DEBUG - tty.usbmodem0006822145041: parsed_packet {event: CmdRsp, data: {'opcode': 0, 'status': 132, 'data': bytearray(b'')}}
2019-08-12 17:49:36,672 - ERROR - tty.usbmodem0006822145041: None: ERROR_INVALID_LENGTH
2019-08-12 17:49:36,673 - DEBUG - tty.usbmodem0006822145041: RX: 03840084
2019-08-12 17:49:36,673 - DEBUG - tty.usbmodem0006822145041: parsed_packet {event: CmdRsp, data: {'opcode': 0, 'status': 132, 'data': bytearray(b'')}}
2019-08-12 17:49:36,675 - ERROR - tty.usbmodem0006822145041: None: ERROR_INVALID_LENGTH
2019-08-12 17:49:36,676 - DEBUG - tty.usbmodem0006822145041: RX: 03840084
2019-08-12 17:49:36,676 - DEBUG - tty.usbmodem0006822145041: parsed_packet {event: CmdRsp, data: {'opcode': 0, 'status': 132, 'data': bytearray(b'')}}
2019-08-12 17:49:36,676 - ERROR - tty.usbmodem0006822145041: None: ERROR_INVALID_LENGTH
2019-08-12 17:49:36,677 - DEBUG - tty.usbmodem0006822145041: RX: 03840084
2019-08-12 17:49:36,677 - DEBUG - tty.usbmodem0006822145041: parsed_packet {event: CmdRsp, data: {'opcode': 0, 'status': 132, 'data': bytearray(b'')}}
2019-08-12 17:49:36,677 - ERROR - tty.usbmodem0006822145041: None: ERROR_INVALID_LENGTH
2019-08-12 17:49:36,677 - DEBUG - tty.usbmodem0006822145041: RX: 03849f00
2019-08-12 17:49:36,677 - DEBUG - tty.usbmodem0006822145041: parsed_packet {event: CmdRsp, data: {'opcode': 159, 'status': 0, 'data': bytearray(b'')}}
2019-08-12 17:49:36,678 - INFO - tty.usbmodem0006822145041: Success
2019-08-12 17:49:36,678 - DEBUG - tty.usbmodem0006822145041: RX: 058492000000
2019-08-12 17:49:36,678 - DEBUG - tty.usbmodem0006822145041: parsed_packet {event: CmdRsp, data: {'opcode': 146, 'status': 0, 'data': bytearray(b'\x00\x00')}}
2019-08-12 17:49:36,678 - INFO - tty.usbmodem0006822145041: SubnetAdd: {'subnet_handle': 0}
2019-08-12 17:49:36,679 - DEBUG - tty.usbmodem0006822145041: RX: 058497000000
2019-08-12 17:49:36,679 - DEBUG - tty.usbmodem0006822145041: parsed_packet {event: CmdRsp, data: {'opcode': 151, 'status': 0, 'data': bytearray(b'\x00\x00')}}
2019-08-12 17:49:36,679 - INFO - tty.usbmodem0006822145041: AppkeyAdd: {'appkey_handle': 0}
2019-08-12 17:49:36,700 - DEBUG - tty.usbmodem0006822145041: Writing: 151 bytearray(b'\x01\x00\x00\x00*\xa2\xa6\xde\xd5\xa0y\x8c\xea\xb5x|\xa3\xae9\xfc')
2019-08-12 17:49:36,712 - DEBUG - tty.usbmodem0006822145041: TX: 1597010000002aa2a6ded5a0798ceab5787ca3ae39fc
2019-08-12 17:49:36,747 - DEBUG - tty.usbmodem0006822145041: Writing: 159 bytearray(b'\x01\x00\x01\x00')
2019-08-12 17:49:36,748 - DEBUG - tty.usbmodem0006822145041: RX: 058497000100
2019-08-12 17:49:36,748 - DEBUG - tty.usbmodem0006822145041: TX: 059f01000100
2019-08-12 17:49:36,757 - DEBUG - tty.usbmodem0006822145041: parsed_packet {event: CmdRsp, data: {'opcode': 151, 'status': 0, 'data': bytearray(b'\x01\x00')}}
2019-08-12 17:49:36,758 - INFO - tty.usbmodem0006822145041: AppkeyAdd: {'appkey_handle': 1}
2019-08-12 17:49:36,768 - DEBUG - tty.usbmodem0006822145041: RX: 03849f8e
2019-08-12 17:49:36,769 - DEBUG - tty.usbmodem0006822145041: parsed_packet {event: CmdRsp, data: {'opcode': 159, 'status': 142, 'data': bytearray(b'')}}
2019-08-12 17:49:36,769 - ERROR - tty.usbmodem0006822145041: None: ERROR_REJECTED
2019-08-12 17:49:36,785 - DEBUG - tty.usbmodem0006822145041: Writing: 146 bytearray(b'\x00\x00\x18\xee\xd9\xc2\xa5j\xdd\x85\x04\x9f\xfc<Y\xad\x0e\x12')
2019-08-12 17:49:36,797 - DEBUG - tty.usbmodem0006822145041: TX: 1392000018eed9c2a56add85049ffc3c59ad0e12
2019-08-12 17:49:36,821 - DEBUG - tty.usbmodem0006822145041: RX: 03849281
2019-08-12 17:49:36,822 - DEBUG - tty.usbmodem0006822145041: parsed_packet {event: CmdRsp, data: {'opcode': 146, 'status': 129, 'data': bytearray(b'')}}
2019-08-12 17:49:36,822 - ERROR - tty.usbmodem0006822145041: SubnetAdd: ERROR_INTERNAL
2019-08-12 17:49:36,847 - DEBUG - tty.usbmodem0006822145041: Writing: 151 bytearray(b'\x00\x00\x00\x00Oh\xad\x85\xd9\xf4\x8a\xc8X\x9d\xf6e\xb6\xb4\x9b\x8a')
2019-08-12 17:49:36,848 - DEBUG - tty.usbmodem0006822145041: TX: 1597000000004f68ad85d9f48ac8589df665b6b49b8a
2019-08-12 17:49:36,864 - DEBUG - tty.usbmodem0006822145041: RX: 03849781
2019-08-12 17:49:36,865 - DEBUG - tty.usbmodem0006822145041: parsed_packet {event: CmdRsp, data: {'opcode': 151, 'status': 129, 'data': bytearray(b'')}}
2019-08-12 17:49:36,865 - ERROR - tty.usbmodem0006822145041: AppkeyAdd: ERROR_INTERNAL
2019-08-12 17:49:36,877 - DEBUG - tty.usbmodem0006822145041: Writing: 151 bytearray(b'\x01\x00\x00\x00*\xa2\xa6\xde\xd5\xa0y\x8c\xea\xb5x|\xa3\xae9\xfc')
2019-08-12 17:49:36,884 - DEBUG - tty.usbmodem0006822145041: TX: 1597010000002aa2a6ded5a0798ceab5787ca3ae39fc
2019-08-12 17:49:36,901 - DEBUG - tty.usbmodem0006822145041: RX: 03849781
2019-08-12 17:49:36,901 - DEBUG - tty.usbmodem0006822145041: parsed_packet {event: CmdRsp, data: {'opcode': 151, 'status': 129, 'data': bytearray(b'')}}
2019-08-12 17:49:36,902 - ERROR - tty.usbmodem0006822145041: AppkeyAdd: ERROR_INTERNAL
2019-08-12 17:49:36,906 - DEBUG - tty.usbmodem0006822145041: Writing: 161 bytearray(b'\x01\xc0')
2019-08-12 17:49:36,906 - DEBUG - tty.usbmodem0006822145041: TX: 03a101c0
2019-08-12 17:49:36,908 - DEBUG - tty.usbmodem0006822145041: RX: 0584a1000000
2019-08-12 17:49:36,908 - DEBUG - tty.usbmodem0006822145041: parsed_packet {event: CmdRsp, data: {'opcode': 161, 'status': 0, 'data': bytearray(b'\x00\x00')}}
2019-08-12 17:49:36,908 - INFO - tty.usbmodem0006822145041: AddrSubscriptionAdd: {'address_handle': 0}
2019-08-12 17:49:36,908 - INFO - tty.usbmodem0006822145041.MeshConfigurer: 

2019-08-12 17:49:36,927 - INFO - tty.usbmodem0006822145041.MeshConfigurer: Sending next message
2019-08-12 17:49:36,934 - DEBUG - tty.usbmodem0006822145041: Writing: 164 bytearray(b'\x10\x00')
2019-08-12 17:49:36,934 - DEBUG - tty.usbmodem0006822145041: TX: 03a41000
2019-08-12 17:49:36,941 - DEBUG - tty.usbmodem0006822145041: RX: 0584a4000100
2019-08-12 17:49:36,942 - DEBUG - tty.usbmodem0006822145041: parsed_packet {event: CmdRsp, data: {'opcode': 164, 'status': 0, 'data': bytearray(b'\x01\x00')}}
2019-08-12 17:49:36,942 - INFO - tty.usbmodem0006822145041: AddrPublicationAdd: {'address_handle': 1}
2019-08-12 17:49:36,943 - INFO - tty.usbmodem0006822145041.MeshConfigurer: 

2019-08-12 17:49:36,944 - INFO - tty.usbmodem0006822145041.MeshConfigurer: Sending next message
2019-08-12 17:49:36,959 - DEBUG - tty.usbmodem0006822145041: Writing: 164 bytearray(b'\x11\x00')
2019-08-12 17:49:36,960 - DEBUG - tty.usbmodem0006822145041: TX: 03a41100
2019-08-12 17:49:36,976 - DEBUG - tty.usbmodem0006822145041: RX: 0584a4000200
2019-08-12 17:49:36,976 - DEBUG - tty.usbmodem0006822145041: parsed_packet {event: CmdRsp, data: {'opcode': 164, 'status': 0, 'data': bytearray(b'\x02\x00')}}
2019-08-12 17:49:36,976 - INFO - tty.usbmodem0006822145041: AddrPublicationAdd: {'address_handle': 2}
2019-08-12 17:49:36,977 - INFO - tty.usbmodem0006822145041.MeshConfigurer: 

2019-08-12 17:49:36,977 - INFO - tty.usbmodem0006822145041.MeshConfigurer: Sending next message
2019-08-12 17:49:36,981 - DEBUG - tty.usbmodem0006822145041: Writing: 164 bytearray(b'\x12\x00')
2019-08-12 17:49:36,981 - DEBUG - tty.usbmodem0006822145041: TX: 03a41200
2019-08-12 17:49:36,984 - DEBUG - tty.usbmodem0006822145041: RX: 0584a4000300
2019-08-12 17:49:36,985 - DEBUG - tty.usbmodem0006822145041: parsed_packet {event: CmdRsp, data: {'opcode': 164, 'status': 0, 'data': bytearray(b'\x03\x00')}}
2019-08-12 17:49:36,986 - INFO - tty.usbmodem0006822145041: AddrPublicationAdd: {'address_handle': 3}
2019-08-12 17:49:36,987 - INFO - tty.usbmodem0006822145041.MeshConfigurer: 

2019-08-12 17:49:36,987 - INFO - tty.usbmodem0006822145041.MeshConfigurer: Sending next message
2019-08-12 17:49:37,002 - DEBUG - tty.usbmodem0006822145041: Writing: 164 bytearray(b'\x13\x00')
2019-08-12 17:49:37,002 - DEBUG - tty.usbmodem0006822145041: TX: 03a41300
2019-08-12 17:49:37,004 - DEBUG - tty.usbmodem0006822145041: RX: 0584a4000400
2019-08-12 17:49:37,004 - DEBUG - tty.usbmodem0006822145041: parsed_packet {event: CmdRsp, data: {'opcode': 164, 'status': 0, 'data': bytearray(b'\x04\x00')}}
2019-08-12 17:49:37,004 - INFO - tty.usbmodem0006822145041: AddrPublicationAdd: {'address_handle': 4}
2019-08-12 17:49:37,004 - INFO - tty.usbmodem0006822145041.MeshConfigurer: 

2019-08-12 17:49:37,004 - INFO - tty.usbmodem0006822145041.MeshConfigurer: Sending next message
2019-08-12 17:49:37,026 - DEBUG - tty.usbmodem0006822145041: Writing: 164 bytearray(b'\x14\x00')
2019-08-12 17:49:37,026 - DEBUG - tty.usbmodem0006822145041: TX: 03a41400
2019-08-12 17:49:37,028 - DEBUG - tty.usbmodem0006822145041: RX: 0584a4000500
2019-08-12 17:49:37,028 - DEBUG - tty.usbmodem0006822145041: parsed_packet {event: CmdRsp, data: {'opcode': 164, 'status': 0, 'data': bytearray(b'\x05\x00')}}
2019-08-12 17:49:37,028 - INFO - tty.usbmodem0006822145041: AddrPublicationAdd: {'address_handle': 5}
2019-08-12 17:49:37,029 - INFO - tty.usbmodem0006822145041.MeshConfigurer: 

2019-08-12 17:49:37,029 - INFO - tty.usbmodem0006822145041.MeshConfigurer: Sending next message
2019-08-12 17:49:37,046 - DEBUG - tty.usbmodem0006822145041: Writing: 164 bytearray(b'\x15\x00')
2019-08-12 17:49:37,047 - DEBUG - tty.usbmodem0006822145041: TX: 03a41500
2019-08-12 17:49:37,049 - DEBUG - tty.usbmodem0006822145041: RX: 0584a4000600
2019-08-12 17:49:37,049 - DEBUG - tty.usbmodem0006822145041: parsed_packet {event: CmdRsp, data: {'opcode': 164, 'status': 0, 'data': bytearray(b'\x06\x00')}}
2019-08-12 17:49:37,049 - INFO - tty.usbmodem0006822145041: AddrPublicationAdd: {'address_handle': 6}
2019-08-12 17:49:37,049 - INFO - tty.usbmodem0006822145041.MeshConfigurer: 

2019-08-12 17:49:37,050 - INFO - tty.usbmodem0006822145041.MeshConfigurer: Sending next message
2019-08-12 17:49:37,068 - DEBUG - tty.usbmodem0006822145041: Writing: 164 bytearray(b'\x16\x00')
2019-08-12 17:49:37,068 - DEBUG - tty.usbmodem0006822145041: TX: 03a41600
2019-08-12 17:49:37,070 - DEBUG - tty.usbmodem0006822145041: RX: 0584a4000700
2019-08-12 17:49:37,070 - DEBUG - tty.usbmodem0006822145041: parsed_packet {event: CmdRsp, data: {'opcode': 164, 'status': 0, 'data': bytearray(b'\x07\x00')}}
2019-08-12 17:49:37,070 - INFO - tty.usbmodem0006822145041: AddrPublicationAdd: {'address_handle': 7}
2019-08-12 17:49:37,070 - INFO - tty.usbmodem0006822145041.MeshConfigurer: 

2019-08-12 17:49:37,070 - INFO - tty.usbmodem0006822145041.MeshConfigurer: Sending next message
2019-08-12 17:49:37,091 - DEBUG - tty.usbmodem0006822145041: Writing: 164 bytearray(b'\x17\x00')
2019-08-12 17:49:37,091 - DEBUG - tty.usbmodem0006822145041: TX: 03a41700
2019-08-12 17:49:37,093 - DEBUG - tty.usbmodem0006822145041: RX: 0584a4000800
2019-08-12 17:49:37,093 - DEBUG - tty.usbmodem0006822145041: parsed_packet {event: CmdRsp, data: {'opcode': 164, 'status': 0, 'data': bytearray(b'\x08\x00')}}
2019-08-12 17:49:37,093 - INFO - tty.usbmodem0006822145041: AddrPublicationAdd: {'address_handle': 8}
2019-08-12 17:49:37,093 - INFO - tty.usbmodem0006822145041.MeshConfigurer: 

2019-08-12 17:49:37,093 - INFO - tty.usbmodem0006822145041.MeshConfigurer: Sending next message
2019-08-12 17:49:37,114 - DEBUG - tty.usbmodem0006822145041: Writing: 164 bytearray(b'\x18\x00')
2019-08-12 17:49:37,118 - DEBUG - tty.usbmodem0006822145041: TX: 03a41800
2019-08-12 17:49:37,121 - DEBUG - tty.usbmodem0006822145041: RX: 0584a4000900
2019-08-12 17:49:37,121 - DEBUG - tty.usbmodem0006822145041: parsed_packet {event: CmdRsp, data: {'opcode': 164, 'status': 0, 'data': bytearray(b'\t\x00')}}
2019-08-12 17:49:37,121 - INFO - tty.usbmodem0006822145041: AddrPublicationAdd: {'address_handle': 9}
2019-08-12 17:49:37,121 - INFO - tty.usbmodem0006822145041.MeshConfigurer: 

2019-08-12 17:49:37,121 - INFO - tty.usbmodem0006822145041.MeshConfigurer: Sending next message
2019-08-12 17:49:37,140 - DEBUG - tty.usbmodem0006822145041: Writing: 164 bytearray(b'\x19\x00')
2019-08-12 17:49:37,140 - DEBUG - tty.usbmodem0006822145041: TX: 03a41900
2019-08-12 17:49:37,142 - DEBUG - tty.usbmodem0006822145041: RX: 0584a4000a00
2019-08-12 17:49:37,142 - DEBUG - tty.usbmodem0006822145041: parsed_packet {event: CmdRsp, data: {'opcode': 164, 'status': 0, 'data': bytearray(b'\n\x00')}}
2019-08-12 17:49:37,142 - INFO - tty.usbmodem0006822145041: AddrPublicationAdd: {'address_handle': 10}
2019-08-12 17:49:37,143 - INFO - tty.usbmodem0006822145041.MeshConfigurer: 

2019-08-12 17:49:37,143 - INFO - tty.usbmodem0006822145041.MeshConfigurer: Sending next message
2019-08-12 17:49:37,165 - DEBUG - tty.usbmodem0006822145041: Writing: 164 bytearray(b'\x1a\x00')
2019-08-12 17:49:37,165 - DEBUG - tty.usbmodem0006822145041: TX: 03a41a00
2019-08-12 17:49:37,168 - DEBUG - tty.usbmodem0006822145041: RX: 0584a4000b00
2019-08-12 17:49:37,168 - DEBUG - tty.usbmodem0006822145041: parsed_packet {event: CmdRsp, data: {'opcode': 164, 'status': 0, 'data': bytearray(b'\x0b\x00')}}
2019-08-12 17:49:37,169 - INFO - tty.usbmodem0006822145041: AddrPublicationAdd: {'address_handle': 11}
2019-08-12 17:49:37,169 - INFO - tty.usbmodem0006822145041.MeshConfigurer: 

2019-08-12 17:49:37,169 - INFO - tty.usbmodem0006822145041.MeshConfigurer: Sending next message
2019-08-12 17:49:37,186 - DEBUG - tty.usbmodem0006822145041: Writing: 164 bytearray(b'\x1b\x00')
2019-08-12 17:49:37,186 - DEBUG - tty.usbmodem0006822145041: TX: 03a41b00
2019-08-12 17:49:37,189 - DEBUG - tty.usbmodem0006822145041: RX: 0584a4000c00
2019-08-12 17:49:37,189 - DEBUG - tty.usbmodem0006822145041: parsed_packet {event: CmdRsp, data: {'opcode': 164, 'status': 0, 'data': bytearray(b'\x0c\x00')}}
2019-08-12 17:49:37,189 - INFO - tty.usbmodem0006822145041: AddrPublicationAdd: {'address_handle': 12}
2019-08-12 17:49:37,189 - INFO - tty.usbmodem0006822145041.MeshConfigurer: 

2019-08-12 17:49:37,189 - INFO - tty.usbmodem0006822145041.MeshConfigurer: Sending next message
2019-08-12 17:49:37,207 - DEBUG - tty.usbmodem0006822145041: Writing: 164 bytearray(b'\x1c\x00')
2019-08-12 17:49:37,207 - DEBUG - tty.usbmodem0006822145041: TX: 03a41c00
2019-08-12 17:49:37,210 - DEBUG - tty.usbmodem0006822145041: RX: 0584a4000d00
2019-08-12 17:49:37,210 - DEBUG - tty.usbmodem0006822145041: parsed_packet {event: CmdRsp, data: {'opcode': 164, 'status': 0, 'data': bytearray(b'\r\x00')}}
2019-08-12 17:49:37,210 - INFO - tty.usbmodem0006822145041: AddrPublicationAdd: {'address_handle': 13}
2019-08-12 17:49:37,210 - INFO - tty.usbmodem0006822145041.MeshConfigurer: 

2019-08-12 17:49:37,211 - INFO - tty.usbmodem0006822145041.MeshConfigurer: Sending next message
2019-08-12 17:49:37,230 - DEBUG - tty.usbmodem0006822145041: Writing: 164 bytearray(b'\x1d\x00')
2019-08-12 17:49:37,231 - DEBUG - tty.usbmodem0006822145041: TX: 03a41d00
2019-08-12 17:49:37,233 - DEBUG - tty.usbmodem0006822145041: RX: 0584a4000e00
2019-08-12 17:49:37,234 - DEBUG - tty.usbmodem0006822145041: parsed_packet {event: CmdRsp, data: {'opcode': 164, 'status': 0, 'data': bytearray(b'\x0e\x00')}}
2019-08-12 17:49:37,234 - INFO - tty.usbmodem0006822145041: AddrPublicationAdd: {'address_handle': 14}
2019-08-12 17:49:37,235 - INFO - tty.usbmodem0006822145041.MeshConfigurer: 

2019-08-12 17:49:37,236 - INFO - tty.usbmodem0006822145041.MeshConfigurer: Sending next message
2019-08-12 17:49:37,256 - DEBUG - tty.usbmodem0006822145041: Writing: 156 bytearray(b'\x10\x00\x00\x00\xf0:\xc4i\xa1\xe9\x80\xbc\xefd\xfa\x0b(\t#\xdf')
2019-08-12 17:49:37,256 - DEBUG - tty.usbmodem0006822145041: TX: 159c10000000f03ac469a1e980bcef64fa0b280923df
2019-08-12 17:49:37,260 - DEBUG - tty.usbmodem0006822145041: RX: 05849c000800
2019-08-12 17:49:37,260 - DEBUG - tty.usbmodem0006822145041: parsed_packet {event: CmdRsp, data: {'opcode': 156, 'status': 0, 'data': bytearray(b'\x08\x00')}}
2019-08-12 17:49:37,260 - INFO - tty.usbmodem0006822145041: DevkeyAdd: {'devkey_handle': 8}
2019-08-12 17:49:37,260 - INFO - tty.usbmodem0006822145041.MeshConfigurer: No Messages remaining
2019-08-12 17:49:57,391 - DEBUG - tty.usbmodem0006822145041.Health: Sending opcode: 04, data: 
2019-08-12 17:49:57,393 - DEBUG - tty.usbmodem0006822145041: Writing: 171 bytearray(b'\x00\x00\x01\x00\x00\x00\x08\x00\x00\x00\x04')
2019-08-12 17:49:57,398 - DEBUG - tty.usbmodem0006822145041: TX: 0cab0000010000000800000004
2019-08-12 17:49:57,407 - DEBUG - tty.usbmodem0006822145041: RX: 0784ab0001000000
2019-08-12 17:49:57,407 - DEBUG - tty.usbmodem0006822145041: parsed_packet {event: CmdRsp, data: {'opcode': 171, 'status': 0, 'data': bytearray(b'\x01\x00\x00\x00')}}
2019-08-12 17:49:57,407 - INFO - tty.usbmodem0006822145041: PacketSend: {'token': 1}
2019-08-12 17:49:57,410 - DEBUG - tty.usbmodem0006822145041: RX: 05d201000000
2019-08-12 17:49:57,410 - DEBUG - tty.usbmodem0006822145041: parsed_packet {event: MeshTxComplete, data: {'token': 1}}
2019-08-12 17:49:57,411 - INFO - tty.usbmodem0006822145041: {event: MeshTxComplete, data: {'token': 1}}
2019-08-12 17:50:28,838 - DEBUG - tty.usbmodem0006822145041.Health: Sending opcode: 04, data: 
2019-08-12 17:50:28,839 - DEBUG - tty.usbmodem0006822145041: Writing: 171 bytearray(b'\x00\x00\x01\x00\x00\x00\x08\x00\x00\x00\x04')
2019-08-12 17:50:28,845 - DEBUG - tty.usbmodem0006822145041: TX: 0cab0000010000000800000004
2019-08-12 17:50:28,854 - DEBUG - tty.usbmodem0006822145041: RX: 0784ab0002000000
2019-08-12 17:50:28,854 - DEBUG - tty.usbmodem0006822145041: parsed_packet {event: CmdRsp, data: {'opcode': 171, 'status': 0, 'data': bytearray(b'\x02\x00\x00\x00')}}
2019-08-12 17:50:28,854 - INFO - tty.usbmodem0006822145041: PacketSend: {'token': 2}
2019-08-12 17:50:28,865 - DEBUG - tty.usbmodem0006822145041: RX: 05d202000000
2019-08-12 17:50:28,865 - DEBUG - tty.usbmodem0006822145041: parsed_packet {event: MeshTxComplete, data: {'token': 2}}
2019-08-12 17:50:28,865 - INFO - tty.usbmodem0006822145041: {event: MeshTxComplete, data: {'token': 2}}
2019-08-12 17:50:32,878 - DEBUG - tty.usbmodem0006822145041.Health: Sending opcode: <bound method Health.__health_current_status_handler of <models.health.Health object at 0x1059e3b70>>, data: 
2019-08-12 17:50:43,534 - DEBUG - tty.usbmodem0006822145041.Health: Sending opcode: <bound method Health.__health_current_status_handler of <models.health.Health object at 0x1059e3b70>>, data: 
2019-08-12 17:50:58,758 - DEBUG - tty.usbmodem0006822145041.Health: Sending opcode: 05, data: 
2019-08-12 17:50:58,760 - DEBUG - tty.usbmodem0006822145041: Writing: 171 bytearray(b'\x00\x00\x01\x00\x00\x00\x08\x00\x00\x00\x05')
2019-08-12 17:50:58,765 - DEBUG - tty.usbmodem0006822145041: TX: 0cab0000010000000800000005
2019-08-12 17:50:58,769 - DEBUG - tty.usbmodem0006822145041: RX: 0784ab0003000000
2019-08-12 17:50:58,770 - DEBUG - tty.usbmodem0006822145041: parsed_packet {event: CmdRsp, data: {'opcode': 171, 'status': 0, 'data': bytearray(b'\x03\x00\x00\x00')}}
2019-08-12 17:50:58,770 - INFO - tty.usbmodem0006822145041: PacketSend: {'token': 3}
2019-08-12 17:50:58,778 - DEBUG - tty.usbmodem0006822145041: RX: 05d203000000
2019-08-12 17:50:58,779 - DEBUG - tty.usbmodem0006822145041: parsed_packet {event: MeshTxComplete, data: {'token': 3}}
2019-08-12 17:50:58,779 - INFO - tty.usbmodem0006822145041: {event: MeshTxComplete, data: {'token': 3}}
2019-08-12 17:51:30,433 - DEBUG - tty.usbmodem0006822145041.Health: Sending opcode: 04, data: 
2019-08-12 17:51:30,433 - DEBUG - tty.usbmodem0006822145041.Health: Sending opcode: 05, data: 
2019-08-12 17:51:30,434 - DEBUG - tty.usbmodem0006822145041: Writing: 171 bytearray(b'\x00\x00\x01\x00\x00\x00\x08\x00\x00\x00\x04')
2019-08-12 17:51:30,434 - DEBUG - tty.usbmodem0006822145041.Health: Sending opcode: 8004, data: 
2019-08-12 17:51:30,434 - DEBUG - tty.usbmodem0006822145041: TX: 0cab0000010000000800000004
2019-08-12 17:51:30,434 - DEBUG - tty.usbmodem0006822145041.Health: Sending opcode: 8005, data: 
2019-08-12 17:51:30,435 - DEBUG - tty.usbmodem0006822145041.Health: Sending opcode: 8006, data: 
2019-08-12 17:51:30,435 - DEBUG - tty.usbmodem0006822145041.Health: Sending opcode: 8007, data: 
2019-08-12 17:51:30,435 - DEBUG - tty.usbmodem0006822145041.Health: Sending opcode: 802f, data: 
2019-08-12 17:51:30,437 - DEBUG - tty.usbmodem0006822145041: RX: 0784ab0004000000
2019-08-12 17:51:30,445 - DEBUG - tty.usbmodem0006822145041.Health: Sending opcode: 8030, data: 
2019-08-12 17:51:30,446 - DEBUG - tty.usbmodem0006822145041: parsed_packet {event: CmdRsp, data: {'opcode': 171, 'status': 0, 'data': bytearray(b'\x04\x00\x00\x00')}}
2019-08-12 17:51:30,446 - DEBUG - tty.usbmodem0006822145041.Health: Sending opcode: 8031, data: 
2019-08-12 17:51:30,447 - INFO - tty.usbmodem0006822145041: PacketSend: {'token': 4}
2019-08-12 17:51:30,447 - DEBUG - tty.usbmodem0006822145041.Health: Sending opcode: 8032, data: 
2019-08-12 17:51:30,447 - DEBUG - tty.usbmodem0006822145041.Health: Sending opcode: 8033, data: 
2019-08-12 17:51:30,448 - DEBUG - tty.usbmodem0006822145041.Health: Sending opcode: 8034, data: 
2019-08-12 17:51:30,448 - DEBUG - tty.usbmodem0006822145041.Health: Sending opcode: 8035, data: 
2019-08-12 17:51:30,448 - DEBUG - tty.usbmodem0006822145041.Health: Sending opcode: 8036, data: 
2019-08-12 17:51:30,448 - DEBUG - tty.usbmodem0006822145041.Health: Sending opcode: 8037, data: 
2019-08-12 17:51:30,456 - DEBUG - tty.usbmodem0006822145041: RX: 05d204000000
2019-08-12 17:51:30,460 - DEBUG - tty.usbmodem0006822145041: parsed_packet {event: MeshTxComplete, data: {'token': 4}}
2019-08-12 17:51:30,460 - DEBUG - tty.usbmodem0006822145041: Writing: 171 bytearray(b'\x00\x00\x01\x00\x00\x00\x08\x00\x00\x00\x05')
2019-08-12 17:51:30,461 - INFO - tty.usbmodem0006822145041: {event: MeshTxComplete, data: {'token': 4}}
2019-08-12 17:51:30,461 - DEBUG - tty.usbmodem0006822145041: TX: 0cab0000010000000800000005
2019-08-12 17:51:30,464 - DEBUG - tty.usbmodem0006822145041: RX: 0784ab0005000000
2019-08-12 17:51:30,464 - DEBUG - tty.usbmodem0006822145041: parsed_packet {event: CmdRsp, data: {'opcode': 171, 'status': 0, 'data': bytearray(b'\x05\x00\x00\x00')}}
2019-08-12 17:51:30,465 - INFO - tty.usbmodem0006822145041: PacketSend: {'token': 5}
2019-08-12 17:51:30,477 - DEBUG - tty.usbmodem0006822145041: RX: 05d205000000
2019-08-12 17:51:30,478 - DEBUG - tty.usbmodem0006822145041: parsed_packet {event: MeshTxComplete, data: {'token': 5}}
2019-08-12 17:51:30,478 - INFO - tty.usbmodem0006822145041: {event: MeshTxComplete, data: {'token': 5}}
2019-08-12 17:51:30,483 - DEBUG - tty.usbmodem0006822145041: Writing: 171 bytearray(b'\x00\x00\x01\x00\x00\x00\x08\x00\x00\x00\x80\x04')
2019-08-12 17:51:30,483 - DEBUG - tty.usbmodem0006822145041: TX: 0dab000001000000080000008004
2019-08-12 17:51:30,487 - DEBUG - tty.usbmodem0006822145041: RX: 0784ab0006000000
2019-08-12 17:51:30,488 - DEBUG - tty.usbmodem0006822145041: parsed_packet {event: CmdRsp, data: {'opcode': 171, 'status': 0, 'data': bytearray(b'\x06\x00\x00\x00')}}
2019-08-12 17:51:30,488 - INFO - tty.usbmodem0006822145041: PacketSend: {'token': 6}
2019-08-12 17:51:30,504 - DEBUG - tty.usbmodem0006822145041: Writing: 171 bytearray(b'\x00\x00\x01\x00\x00\x00\x08\x00\x00\x00\x80\x05')
2019-08-12 17:51:30,505 - DEBUG - tty.usbmodem0006822145041: TX: 0dab000001000000080000008005
2019-08-12 17:51:30,507 - DEBUG - tty.usbmodem0006822145041: RX: 05d206000000
2019-08-12 17:51:30,507 - DEBUG - tty.usbmodem0006822145041: parsed_packet {event: MeshTxComplete, data: {'token': 6}}
2019-08-12 17:51:30,507 - INFO - tty.usbmodem0006822145041: {event: MeshTxComplete, data: {'token': 6}}
2019-08-12 17:51:30,508 - DEBUG - tty.usbmodem0006822145041: RX: 0784ab0007000000
2019-08-12 17:51:30,508 - DEBUG - tty.usbmodem0006822145041: parsed_packet {event: CmdRsp, data: {'opcode': 171, 'status': 0, 'data': bytearray(b'\x07\x00\x00\x00')}}
2019-08-12 17:51:30,508 - INFO - tty.usbmodem0006822145041: PacketSend: {'token': 7}
2019-08-12 17:51:30,526 - DEBUG - tty.usbmodem0006822145041: Writing: 171 bytearray(b'\x00\x00\x01\x00\x00\x00\x08\x00\x00\x00\x80\x06')
2019-08-12 17:51:30,526 - DEBUG - tty.usbmodem0006822145041: TX: 0dab000001000000080000008006
2019-08-12 17:51:30,529 - DEBUG - tty.usbmodem0006822145041: RX: 0784ab0008000000
2019-08-12 17:51:30,529 - DEBUG - tty.usbmodem0006822145041: parsed_packet {event: CmdRsp, data: {'opcode': 171, 'status': 0, 'data': bytearray(b'\x08\x00\x00\x00')}}
2019-08-12 17:51:30,529 - INFO - tty.usbmodem0006822145041: PacketSend: {'token': 8}
2019-08-12 17:51:30,536 - DEBUG - tty.usbmodem0006822145041: RX: 05d207000000
2019-08-12 17:51:30,537 - DEBUG - tty.usbmodem0006822145041: parsed_packet {event: MeshTxComplete, data: {'token': 7}}
2019-08-12 17:51:30,537 - INFO - tty.usbmodem0006822145041: {event: MeshTxComplete, data: {'token': 7}}
2019-08-12 17:51:30,549 - DEBUG - tty.usbmodem0006822145041: Writing: 171 bytearray(b'\x00\x00\x01\x00\x00\x00\x08\x00\x00\x00\x80\x07')
2019-08-12 17:51:30,549 - DEBUG - tty.usbmodem0006822145041: TX: 0dab000001000000080000008007
2019-08-12 17:51:30,552 - DEBUG - tty.usbmodem0006822145041: RX: 0784ab0009000000
2019-08-12 17:51:30,553 - DEBUG - tty.usbmodem0006822145041: parsed_packet {event: CmdRsp, data: {'opcode': 171, 'status': 0, 'data': bytearray(b'\t\x00\x00\x00')}}
2019-08-12 17:51:30,553 - INFO - tty.usbmodem0006822145041: PacketSend: {'token': 9}
2019-08-12 17:51:30,561 - DEBUG - tty.usbmodem0006822145041: RX: 05d208000000
2019-08-12 17:51:30,561 - DEBUG - tty.usbmodem0006822145041: parsed_packet {event: MeshTxComplete, data: {'token': 8}}
2019-08-12 17:51:30,562 - INFO - tty.usbmodem0006822145041: {event: MeshTxComplete, data: {'token': 8}}
2019-08-12 17:51:30,570 - DEBUG - tty.usbmodem0006822145041: Writing: 171 bytearray(b'\x00\x00\x01\x00\x00\x00\x08\x00\x00\x00\x80/')
2019-08-12 17:51:30,571 - DEBUG - tty.usbmodem0006822145041: TX: 0dab00000100000008000000802f
2019-08-12 17:51:30,574 - DEBUG - tty.usbmodem0006822145041: RX: 0784ab000a000000
2019-08-12 17:51:30,574 - DEBUG - tty.usbmodem0006822145041: parsed_packet {event: CmdRsp, data: {'opcode': 171, 'status': 0, 'data': bytearray(b'\n\x00\x00\x00')}}
2019-08-12 17:51:30,575 - INFO - tty.usbmodem0006822145041: PacketSend: {'token': 10}
2019-08-12 17:51:30,589 - DEBUG - tty.usbmodem0006822145041: RX: 05d209000000
2019-08-12 17:51:30,589 - DEBUG - tty.usbmodem0006822145041: parsed_packet {event: MeshTxComplete, data: {'token': 9}}
2019-08-12 17:51:30,589 - INFO - tty.usbmodem0006822145041: {event: MeshTxComplete, data: {'token': 9}}
2019-08-12 17:51:30,596 - DEBUG - tty.usbmodem0006822145041: Writing: 171 bytearray(b'\x00\x00\x01\x00\x00\x00\x08\x00\x00\x00\x800')
2019-08-12 17:51:30,596 - DEBUG - tty.usbmodem0006822145041: TX: 0dab000001000000080000008030
2019-08-12 17:51:30,599 - DEBUG - tty.usbmodem0006822145041: RX: 0784ab000b000000
2019-08-12 17:51:30,599 - DEBUG - tty.usbmodem0006822145041: parsed_packet {event: CmdRsp, data: {'opcode': 171, 'status': 0, 'data': bytearray(b'\x0b\x00\x00\x00')}}
2019-08-12 17:51:30,600 - INFO - tty.usbmodem0006822145041: PacketSend: {'token': 11}
2019-08-12 17:51:30,614 - DEBUG - tty.usbmodem0006822145041: RX: 05d20a000000
2019-08-12 17:51:30,614 - DEBUG - tty.usbmodem0006822145041: parsed_packet {event: MeshTxComplete, data: {'token': 10}}
2019-08-12 17:51:30,615 - INFO - tty.usbmodem0006822145041: {event: MeshTxComplete, data: {'token': 10}}
2019-08-12 17:51:30,619 - DEBUG - tty.usbmodem0006822145041: Writing: 171 bytearray(b'\x00\x00\x01\x00\x00\x00\x08\x00\x00\x00\x801')
2019-08-12 17:51:30,620 - DEBUG - tty.usbmodem0006822145041: TX: 0dab000001000000080000008031
2019-08-12 17:51:30,623 - DEBUG - tty.usbmodem0006822145041: RX: 0784ab000c000000
2019-08-12 17:51:30,623 - DEBUG - tty.usbmodem0006822145041: parsed_packet {event: CmdRsp, data: {'opcode': 171, 'status': 0, 'data': bytearray(b'\x0c\x00\x00\x00')}}
2019-08-12 17:51:30,624 - INFO - tty.usbmodem0006822145041: PacketSend: {'token': 12}
2019-08-12 17:51:30,637 - DEBUG - tty.usbmodem0006822145041: RX: 05d20b000000
2019-08-12 17:51:30,637 - DEBUG - tty.usbmodem0006822145041: parsed_packet {event: MeshTxComplete, data: {'token': 11}}
2019-08-12 17:51:30,638 - INFO - tty.usbmodem0006822145041: {event: MeshTxComplete, data: {'token': 11}}
2019-08-12 17:51:30,642 - DEBUG - tty.usbmodem0006822145041: Writing: 171 bytearray(b'\x00\x00\x01\x00\x00\x00\x08\x00\x00\x00\x802')
2019-08-12 17:51:30,643 - DEBUG - tty.usbmodem0006822145041: TX: 0dab000001000000080000008032
2019-08-12 17:51:30,646 - DEBUG - tty.usbmodem0006822145041: RX: 0784ab000d000000
2019-08-12 17:51:30,647 - DEBUG - tty.usbmodem0006822145041: parsed_packet {event: CmdRsp, data: {'opcode': 171, 'status': 0, 'data': bytearray(b'\r\x00\x00\x00')}}
2019-08-12 17:51:30,647 - INFO - tty.usbmodem0006822145041: PacketSend: {'token': 13}
2019-08-12 17:51:30,663 - DEBUG - tty.usbmodem0006822145041: RX: 05d20c000000
2019-08-12 17:51:30,663 - DEBUG - tty.usbmodem0006822145041: parsed_packet {event: MeshTxComplete, data: {'token': 12}}
2019-08-12 17:51:30,664 - INFO - tty.usbmodem0006822145041: {event: MeshTxComplete, data: {'token': 12}}
2019-08-12 17:51:30,666 - DEBUG - tty.usbmodem0006822145041: Writing: 171 bytearray(b'\x00\x00\x01\x00\x00\x00\x08\x00\x00\x00\x803')
2019-08-12 17:51:30,666 - DEBUG - tty.usbmodem0006822145041: TX: 0dab000001000000080000008033
2019-08-12 17:51:30,670 - DEBUG - tty.usbmodem0006822145041: RX: 0784ab000e000000
2019-08-12 17:51:30,671 - DEBUG - tty.usbmodem0006822145041: parsed_packet {event: CmdRsp, data: {'opcode': 171, 'status': 0, 'data': bytearray(b'\x0e\x00\x00\x00')}}
2019-08-12 17:51:30,672 - INFO - tty.usbmodem0006822145041: PacketSend: {'token': 14}
2019-08-12 17:51:30,687 - DEBUG - tty.usbmodem0006822145041: Writing: 171 bytearray(b'\x00\x00\x01\x00\x00\x00\x08\x00\x00\x00\x804')
2019-08-12 17:51:30,688 - DEBUG - tty.usbmodem0006822145041: TX: 0dab000001000000080000008034
2019-08-12 17:51:30,690 - DEBUG - tty.usbmodem0006822145041: RX: 05d20d000000
2019-08-12 17:51:30,690 - DEBUG - tty.usbmodem0006822145041: parsed_packet {event: MeshTxComplete, data: {'token': 13}}
2019-08-12 17:51:30,691 - INFO - tty.usbmodem0006822145041: {event: MeshTxComplete, data: {'token': 13}}
2019-08-12 17:51:30,691 - DEBUG - tty.usbmodem0006822145041: RX: 0784ab000f000000
2019-08-12 17:51:30,691 - DEBUG - tty.usbmodem0006822145041: parsed_packet {event: CmdRsp, data: {'opcode': 171, 'status': 0, 'data': bytearray(b'\x0f\x00\x00\x00')}}
2019-08-12 17:51:30,692 - INFO - tty.usbmodem0006822145041: PacketSend: {'token': 15}
2019-08-12 17:51:30,710 - DEBUG - tty.usbmodem0006822145041: Writing: 171 bytearray(b'\x00\x00\x01\x00\x00\x00\x08\x00\x00\x00\x805')
2019-08-12 17:51:30,711 - DEBUG - tty.usbmodem0006822145041: TX: 0dab000001000000080000008035
2019-08-12 17:51:30,711 - DEBUG - tty.usbmodem0006822145041: RX: 05d20e000000
2019-08-12 17:51:30,711 - DEBUG - tty.usbmodem0006822145041: parsed_packet {event: MeshTxComplete, data: {'token': 14}}
2019-08-12 17:51:30,712 - INFO - tty.usbmodem0006822145041: {event: MeshTxComplete, data: {'token': 14}}
2019-08-12 17:51:30,714 - DEBUG - tty.usbmodem0006822145041: RX: 0784ab0010000000
2019-08-12 17:51:30,714 - DEBUG - tty.usbmodem0006822145041: parsed_packet {event: CmdRsp, data: {'opcode': 171, 'status': 0, 'data': bytearray(b'\x10\x00\x00\x00')}}
2019-08-12 17:51:30,715 - INFO - tty.usbmodem0006822145041: PacketSend: {'token': 16}
2019-08-12 17:51:30,732 - DEBUG - tty.usbmodem0006822145041: Writing: 171 bytearray(b'\x00\x00\x01\x00\x00\x00\x08\x00\x00\x00\x806')
2019-08-12 17:51:30,732 - DEBUG - tty.usbmodem0006822145041: TX: 0dab000001000000080000008036
2019-08-12 17:51:30,736 - DEBUG - tty.usbmodem0006822145041: RX: 0784ab0011000000
2019-08-12 17:51:30,736 - DEBUG - tty.usbmodem0006822145041: parsed_packet {event: CmdRsp, data: {'opcode': 171, 'status': 0, 'data': bytearray(b'\x11\x00\x00\x00')}}
2019-08-12 17:51:30,736 - INFO - tty.usbmodem0006822145041: PacketSend: {'token': 17}
2019-08-12 17:51:30,741 - DEBUG - tty.usbmodem0006822145041: RX: 05d20f000000
2019-08-12 17:51:30,742 - DEBUG - tty.usbmodem0006822145041: parsed_packet {event: MeshTxComplete, data: {'token': 15}}
2019-08-12 17:51:30,742 - INFO - tty.usbmodem0006822145041: {event: MeshTxComplete, data: {'token': 15}}
2019-08-12 17:51:30,753 - DEBUG - tty.usbmodem0006822145041: Writing: 171 bytearray(b'\x00\x00\x01\x00\x00\x00\x08\x00\x00\x00\x807')
2019-08-12 17:51:30,753 - DEBUG - tty.usbmodem0006822145041: TX: 0dab000001000000080000008037
2019-08-12 17:51:30,756 - DEBUG - tty.usbmodem0006822145041: RX: 0784ab0012000000
2019-08-12 17:51:30,757 - DEBUG - tty.usbmodem0006822145041: parsed_packet {event: CmdRsp, data: {'opcode': 171, 'status': 0, 'data': bytearray(b'\x12\x00\x00\x00')}}
2019-08-12 17:51:30,757 - INFO - tty.usbmodem0006822145041: PacketSend: {'token': 18}
2019-08-12 17:51:30,770 - DEBUG - tty.usbmodem0006822145041: RX: 05d210000000
2019-08-12 17:51:30,771 - DEBUG - tty.usbmodem0006822145041: parsed_packet {event: MeshTxComplete, data: {'token': 16}}
2019-08-12 17:51:30,771 - INFO - tty.usbmodem0006822145041: {event: MeshTxComplete, data: {'token': 16}}
2019-08-12 17:51:30,796 - DEBUG - tty.usbmodem0006822145041: RX: 05d211000000
2019-08-12 17:51:30,796 - DEBUG - tty.usbmodem0006822145041: parsed_packet {event: MeshTxComplete, data: {'token': 17}}
2019-08-12 17:51:30,797 - INFO - tty.usbmodem0006822145041: {event: MeshTxComplete, data: {'token': 17}}
2019-08-12 17:51:30,822 - DEBUG - tty.usbmodem0006822145041: RX: 05d212000000
2019-08-12 17:51:30,823 - DEBUG - tty.usbmodem0006822145041: parsed_packet {event: MeshTxComplete, data: {'token': 18}}
2019-08-12 17:51:30,823 - INFO - tty.usbmodem0006822145041: {event: MeshTxComplete, data: {'token': 18}}
