2019-06-27 10:02:56,754 - DEBUG - tty.usbmodem0006822145041: Writing: 105 bytearray(b'B\xd5\x04\xc4*)\x19\x07*\xda\xd4,\xa0\xbc\xd3\x1cb5\xdbO{\xe2[\xf5\x8dbd\xfa1\x13h\xfb!BXv\xcd\xd72\x81\x00\x1a\x90\xa8\xb5\xbb\x0et\x117\xc5\xea\x1d\xae\x86\xa0\x82B\x85\xaa\x9b\x04\x13j\xf5\xb4FKx\xfdHXek\x07\x00HPo\x8a\xaa\x15Uz\x08I\x08\xfb\x82\x03so\xe5+\xc5e')
2019-06-27 10:02:56,757 - DEBUG - tty.usbmodem0006822145041: TX: 616942d504c42a2919072adad42ca0bcd31c6235db4f7be25bf58d6264fa311368fb21425876cdd73281001a90a8b5bb0e741137c5ea1dae86a0824285aa9b04136af5b4464b78fd4858656b070048506f8aaa15557a084908fb8203736fe52bc565
2019-06-27 10:02:56,769 - DEBUG - tty.usbmodem0006822145041: RX: 03845384
2019-06-27 10:02:56,769 - DEBUG - tty.usbmodem0006822145041: parsed_packet {event: CmdRsp, data: {'opcode': 83, 'status': 132, 'data': bytearray(b'')}}
2019-06-27 10:02:56,770 - ERROR - tty.usbmodem0006822145041: None: ERROR_INVALID_LENGTH
2019-06-27 10:02:56,770 - DEBUG - tty.usbmodem0006822145041: Writing: 159 bytearray(b'\x01\x00\x01\x00')
2019-06-27 10:02:56,770 - DEBUG - tty.usbmodem0006822145041: TX: 059f01000100
2019-06-27 10:02:56,770 - DEBUG - tty.usbmodem0006822145041: RX: 03840084
2019-06-27 10:02:56,771 - DEBUG - tty.usbmodem0006822145041: parsed_packet {event: CmdRsp, data: {'opcode': 0, 'status': 132, 'data': bytearray(b'')}}
2019-06-27 10:02:56,772 - ERROR - tty.usbmodem0006822145041: None: ERROR_INVALID_LENGTH
2019-06-27 10:02:56,772 - DEBUG - tty.usbmodem0006822145041: Writing: 146 bytearray(b'\x00\x00\x18\xee\xd9\xc2\xa5j\xdd\x85\x04\x9f\xfc<Y\xad\x0e\x12')
2019-06-27 10:02:56,773 - DEBUG - tty.usbmodem0006822145041: TX: 1392000018eed9c2a56add85049ffc3c59ad0e12
2019-06-27 10:02:56,773 - DEBUG - tty.usbmodem0006822145041: RX: 03840084
2019-06-27 10:02:56,773 - DEBUG - tty.usbmodem0006822145041: parsed_packet {event: CmdRsp, data: {'opcode': 0, 'status': 132, 'data': bytearray(b'')}}
2019-06-27 10:02:56,773 - ERROR - tty.usbmodem0006822145041: None: ERROR_INVALID_LENGTH
2019-06-27 10:02:56,773 - DEBUG - tty.usbmodem0006822145041: Writing: 151 bytearray(b'\x00\x00\x00\x00Oh\xad\x85\xd9\xf4\x8a\xc8X\x9d\xf6e\xb6\xb4\x9b\x8a')
2019-06-27 10:02:56,774 - DEBUG - tty.usbmodem0006822145041: TX: 1597000000004f68ad85d9f48ac8589df665b6b49b8a
2019-06-27 10:02:56,774 - DEBUG - tty.usbmodem0006822145041: RX: 03840084
2019-06-27 10:02:56,774 - DEBUG - tty.usbmodem0006822145041: parsed_packet {event: CmdRsp, data: {'opcode': 0, 'status': 132, 'data': bytearray(b'')}}
2019-06-27 10:02:56,775 - ERROR - tty.usbmodem0006822145041: None: ERROR_INVALID_LENGTH
2019-06-27 10:02:56,775 - DEBUG - tty.usbmodem0006822145041: Writing: 151 bytearray(b'\x01\x00\x00\x00*\xa2\xa6\xde\xd5\xa0y\x8c\xea\xb5x|\xa3\xae9\xfc')
2019-06-27 10:02:56,775 - DEBUG - tty.usbmodem0006822145041: TX: 1597010000002aa2a6ded5a0798ceab5787ca3ae39fc
2019-06-27 10:02:56,775 - DEBUG - tty.usbmodem0006822145041: RX: 03840084
2019-06-27 10:02:56,776 - DEBUG - tty.usbmodem0006822145041: parsed_packet {event: CmdRsp, data: {'opcode': 0, 'status': 132, 'data': bytearray(b'')}}
2019-06-27 10:02:56,776 - ERROR - tty.usbmodem0006822145041: None: ERROR_INVALID_LENGTH
2019-06-27 10:02:56,776 - DEBUG - tty.usbmodem0006822145041: RX: 03840084
2019-06-27 10:02:56,777 - DEBUG - tty.usbmodem0006822145041: parsed_packet {event: CmdRsp, data: {'opcode': 0, 'status': 132, 'data': bytearray(b'')}}
2019-06-27 10:02:56,777 - ERROR - tty.usbmodem0006822145041: None: ERROR_INVALID_LENGTH
2019-06-27 10:02:56,777 - DEBUG - tty.usbmodem0006822145041: RX: 03840084
2019-06-27 10:02:56,777 - DEBUG - tty.usbmodem0006822145041: parsed_packet {event: CmdRsp, data: {'opcode': 0, 'status': 132, 'data': bytearray(b'')}}
2019-06-27 10:02:56,778 - ERROR - tty.usbmodem0006822145041: None: ERROR_INVALID_LENGTH
2019-06-27 10:02:56,778 - DEBUG - tty.usbmodem0006822145041: RX: 03840084
2019-06-27 10:02:56,778 - DEBUG - tty.usbmodem0006822145041: parsed_packet {event: CmdRsp, data: {'opcode': 0, 'status': 132, 'data': bytearray(b'')}}
2019-06-27 10:02:56,779 - ERROR - tty.usbmodem0006822145041: None: ERROR_INVALID_LENGTH
2019-06-27 10:02:56,779 - DEBUG - tty.usbmodem0006822145041: RX: 03840084
2019-06-27 10:02:56,780 - DEBUG - tty.usbmodem0006822145041: parsed_packet {event: CmdRsp, data: {'opcode': 0, 'status': 132, 'data': bytearray(b'')}}
2019-06-27 10:02:56,780 - ERROR - tty.usbmodem0006822145041: None: ERROR_INVALID_LENGTH
2019-06-27 10:02:56,781 - DEBUG - tty.usbmodem0006822145041: RX: 03840084
2019-06-27 10:02:56,782 - DEBUG - tty.usbmodem0006822145041: parsed_packet {event: CmdRsp, data: {'opcode': 0, 'status': 132, 'data': bytearray(b'')}}
2019-06-27 10:02:56,782 - ERROR - tty.usbmodem0006822145041: None: ERROR_INVALID_LENGTH
2019-06-27 10:02:56,784 - DEBUG - tty.usbmodem0006822145041: RX: 03840084
2019-06-27 10:02:56,784 - DEBUG - tty.usbmodem0006822145041: parsed_packet {event: CmdRsp, data: {'opcode': 0, 'status': 132, 'data': bytearray(b'')}}
2019-06-27 10:02:56,785 - ERROR - tty.usbmodem0006822145041: None: ERROR_INVALID_LENGTH
2019-06-27 10:02:56,786 - DEBUG - tty.usbmodem0006822145041: RX: 03840084
2019-06-27 10:02:56,787 - DEBUG - tty.usbmodem0006822145041: parsed_packet {event: CmdRsp, data: {'opcode': 0, 'status': 132, 'data': bytearray(b'')}}
2019-06-27 10:02:56,787 - ERROR - tty.usbmodem0006822145041: None: ERROR_INVALID_LENGTH
2019-06-27 10:02:56,789 - DEBUG - tty.usbmodem0006822145041: RX: 03840084
2019-06-27 10:02:56,790 - DEBUG - tty.usbmodem0006822145041: parsed_packet {event: CmdRsp, data: {'opcode': 0, 'status': 132, 'data': bytearray(b'')}}
2019-06-27 10:02:56,790 - ERROR - tty.usbmodem0006822145041: None: ERROR_INVALID_LENGTH
2019-06-27 10:02:56,794 - DEBUG - tty.usbmodem0006822145041: RX: 03849f00
2019-06-27 10:02:56,795 - DEBUG - tty.usbmodem0006822145041: parsed_packet {event: CmdRsp, data: {'opcode': 159, 'status': 0, 'data': bytearray(b'')}}
2019-06-27 10:02:56,796 - INFO - tty.usbmodem0006822145041: Success
2019-06-27 10:02:56,797 - DEBUG - tty.usbmodem0006822145041: RX: 058492000000
2019-06-27 10:02:56,798 - DEBUG - tty.usbmodem0006822145041: parsed_packet {event: CmdRsp, data: {'opcode': 146, 'status': 0, 'data': bytearray(b'\x00\x00')}}
2019-06-27 10:02:56,798 - INFO - tty.usbmodem0006822145041: SubnetAdd: {'subnet_handle': 0}
2019-06-27 10:02:56,798 - DEBUG - tty.usbmodem0006822145041: RX: 058497000000
2019-06-27 10:02:56,798 - DEBUG - tty.usbmodem0006822145041: parsed_packet {event: CmdRsp, data: {'opcode': 151, 'status': 0, 'data': bytearray(b'\x00\x00')}}
2019-06-27 10:02:56,799 - INFO - tty.usbmodem0006822145041: AppkeyAdd: {'appkey_handle': 0}
2019-06-27 10:02:56,799 - DEBUG - tty.usbmodem0006822145041: RX: 058497000100
2019-06-27 10:02:56,799 - DEBUG - tty.usbmodem0006822145041: parsed_packet {event: CmdRsp, data: {'opcode': 151, 'status': 0, 'data': bytearray(b'\x01\x00')}}
2019-06-27 10:02:56,800 - INFO - tty.usbmodem0006822145041: AppkeyAdd: {'appkey_handle': 1}
2019-06-27 10:03:02,007 - DEBUG - tty.usbmodem0006822145041: Writing: 97 bytearray(b'')
2019-06-27 10:03:02,007 - DEBUG - tty.usbmodem0006822145041: TX: 0161
2019-06-27 10:03:02,009 - DEBUG - tty.usbmodem0006822145041: RX: 03846100
2019-06-27 10:03:02,009 - DEBUG - tty.usbmodem0006822145041: parsed_packet {event: CmdRsp, data: {'opcode': 97, 'status': 0, 'data': bytearray(b'')}}
2019-06-27 10:03:02,009 - INFO - tty.usbmodem0006822145041: Success
2019-06-27 10:03:02,750 - DEBUG - tty.usbmodem0006822145041: RX: 1ac09db77a0526b8734988639509c242d107ca0001c8639509c2c2
2019-06-27 10:03:02,750 - DEBUG - tty.usbmodem0006822145041: parsed_packet {event: ProvUnprovisionedReceived, data: {'uuid': bytearray(b'\x9d\xb7z\x05&\xb8sI\x88c\x95\t\xc2B\xd1\x07'), 'rssi': -54, 'gatt_supported': 0, 'adv_addr_type': 1, 'adv_addr': bytearray(b'\xc8c\x95\t\xc2\xc2')}}
2019-06-27 10:03:02,751 - INFO - tty.usbmodem0006822145041: Received UUID 9db77a0526b8734988639509c242d107 with RSSI: -54 dB
2019-06-27 10:03:02,757 - DEBUG - tty.usbmodem0006822145041: Writing: 98 bytearray(b'')
2019-06-27 10:03:02,769 - DEBUG - tty.usbmodem0006822145041: TX: 0162
2019-06-27 10:03:02,799 - DEBUG - tty.usbmodem0006822145041: Writing: 99 bytearray(b'\x00\x9d\xb7z\x05&\xb8sI\x88c\x95\t\xc2B\xd1\x07\x18\xee\xd9\xc2\xa5j\xdd\x85\x04\x9f\xfc<Y\xad\x0e\x12\x00\x00\x00\x00\x00\x00\x10\x00\x00\x00\x00')
2019-06-27 10:03:02,813 - DEBUG - tty.usbmodem0006822145041: RX: 03846200
2019-06-27 10:03:02,814 - DEBUG - tty.usbmodem0006822145041: TX: 2d63009db77a0526b8734988639509c242d10718eed9c2a56add85049ffc3c59ad0e120000000000001000000000
2019-06-27 10:03:02,820 - DEBUG - tty.usbmodem0006822145041: parsed_packet {event: CmdRsp, data: {'opcode': 98, 'status': 0, 'data': bytearray(b'')}}
2019-06-27 10:03:02,839 - INFO - tty.usbmodem0006822145041: Success
2019-06-27 10:03:02,889 - DEBUG - tty.usbmodem0006822145041: RX: 0484630000
2019-06-27 10:03:02,902 - DEBUG - tty.usbmodem0006822145041: parsed_packet {event: CmdRsp, data: {'opcode': 99, 'status': 0, 'data': bytearray(b'\x00')}}
2019-06-27 10:03:02,917 - INFO - tty.usbmodem0006822145041: Provision: {'context': 0}
2019-06-27 10:03:02,939 - DEBUG - tty.usbmodem0006822145041: RX: 02c100
2019-06-27 10:03:02,939 - DEBUG - tty.usbmodem0006822145041: parsed_packet {event: ProvLinkEstablished, data: {'context_id': 0}}
2019-06-27 10:03:02,939 - INFO - tty.usbmodem0006822145041: Link established
2019-06-27 10:03:02,940 - DEBUG - tty.usbmodem0006822145041: RX: 0bc300010001000000000000
2019-06-27 10:03:02,940 - DEBUG - tty.usbmodem0006822145041: parsed_packet {event: ProvCapsReceived, data: {'context_id': 0, 'num_elements': 1, 'public_key_type': 0, 'static_oob_types': 1, 'output_oob_size': 0, 'output_oob_actions': 0, 'input_oob_size': 0, 'input_oob_actions': 0}}
2019-06-27 10:03:02,940 - INFO - tty.usbmodem0006822145041: Received capabilities
2019-06-27 10:03:02,940 - INFO - tty.usbmodem0006822145041: Number of elements: 1
2019-06-27 10:03:02,941 - DEBUG - tty.usbmodem0006822145041: Writing: 102 bytearray(b'\x00\x00\x00\x00')
2019-06-27 10:03:02,941 - DEBUG - tty.usbmodem0006822145041: TX: 056600000000
2019-06-27 10:03:02,943 - DEBUG - tty.usbmodem0006822145041: RX: 0484660000
2019-06-27 10:03:02,943 - DEBUG - tty.usbmodem0006822145041: parsed_packet {event: CmdRsp, data: {'opcode': 102, 'status': 0, 'data': bytearray(b'\x00')}}
2019-06-27 10:03:02,943 - INFO - tty.usbmodem0006822145041: OobUse: {'context': 0}
2019-06-27 10:03:03,120 - DEBUG - tty.usbmodem0006822145041: RX: 62c700bc05bde046afc56da8245c986dde787a85eb7784412ad473d5fefe18fce637d366f91277c190b2400da09593c33af8e9517ba34189a57a8fc781ec7123a28ea9e3e340274d2b33ce48507aec7a214d6125c9838e5dea67375cdbe45fdfc61b04
2019-06-27 10:03:03,120 - DEBUG - tty.usbmodem0006822145041: parsed_packet {event: ProvEcdhRequest, data: {'context_id': 0, 'peer_public': bytearray(b'\xbc\x05\xbd\xe0F\xaf\xc5m\xa8$\\\x98m\xdexz\x85\xebw\x84A*\xd4s\xd5\xfe\xfe\x18\xfc\xe67\xd3f\xf9\x12w\xc1\x90\xb2@\r\xa0\x95\x93\xc3:\xf8\xe9Q{\xa3A\x89\xa5z\x8f\xc7\x81\xecq#\xa2\x8e\xa9'), 'node_private': bytearray(b"\xe3\xe3@\'M+3\xceHPz\xecz!Ma%\xc9\x83\x8e]\xeag7\\\xdb\xe4_\xdf\xc6\x1b\x04")}}
2019-06-27 10:03:03,120 - INFO - tty.usbmodem0006822145041: ECDH request received
2019-06-27 10:03:03,121 - DEBUG - tty.usbmodem0006822145041: Writing: 104 bytearray(b"\x00\xcd\xc8$\xf1\'\xb0\xc4,\xc7\xf6\x90\xae\xd4\xae\xcd^,\x0b\xd2\xa9\xc45Uy+g\x1dN\xe2K?3")
2019-06-27 10:03:03,121 - DEBUG - tty.usbmodem0006822145041: TX: 226800cdc824f127b0c42cc7f690aed4aecd5e2c0bd2a9c43555792b671d4ee24b3f33
2019-06-27 10:03:03,127 - DEBUG - tty.usbmodem0006822145041: RX: 0484680000
2019-06-27 10:03:03,127 - DEBUG - tty.usbmodem0006822145041: parsed_packet {event: CmdRsp, data: {'opcode': 104, 'status': 0, 'data': bytearray(b'\x00')}}
2019-06-27 10:03:03,127 - INFO - tty.usbmodem0006822145041: EcdhSecret: {'context': 0}
2019-06-27 10:03:07,402 - DEBUG - tty.usbmodem0006822145041: RX: 2cc500000000000000100000007c418a0054068218429859268b9d89c418eed9c2a56add85049ffc3c59ad0e12
2019-06-27 10:03:07,402 - DEBUG - tty.usbmodem0006822145041: parsed_packet {event: ProvComplete, data: {'context_id': 0, 'iv_index': 0, 'net_key_index': 0, 'address': 16, 'iv_update_flag': 0, 'key_refresh_flag': 0, 'device_key': bytearray(b'|A\x8a\x00T\x06\x82\x18B\x98Y&\x8b\x9d\x89\xc4'), 'net_key': bytearray(b'\x18\xee\xd9\xc2\xa5j\xdd\x85\x04\x9f\xfc<Y\xad\x0e\x12')}}
2019-06-27 10:03:07,402 - INFO - tty.usbmodem0006822145041: Provisioning complete
2019-06-27 10:03:07,403 - INFO - tty.usbmodem0006822145041: 	Address(es): 0x10-0x10
2019-06-27 10:03:07,403 - INFO - tty.usbmodem0006822145041: 	Device key: 7c418a0054068218429859268b9d89c4
2019-06-27 10:03:07,403 - INFO - tty.usbmodem0006822145041: 	Network key: 18eed9c2a56add85049ffc3c59ad0e12
2019-06-27 10:03:07,403 - INFO - tty.usbmodem0006822145041: Adding device key to subnet 0
2019-06-27 10:03:07,403 - INFO - tty.usbmodem0006822145041: Adding publication address of root element
2019-06-27 10:03:07,403 - DEBUG - tty.usbmodem0006822145041: Writing: 156 bytearray(b'\x10\x00\x00\x00|A\x8a\x00T\x06\x82\x18B\x98Y&\x8b\x9d\x89\xc4')
2019-06-27 10:03:07,404 - DEBUG - tty.usbmodem0006822145041: TX: 159c100000007c418a0054068218429859268b9d89c4
2019-06-27 10:03:07,405 - DEBUG - tty.usbmodem0006822145041: Writing: 164 bytearray(b'\x10\x00')
2019-06-27 10:03:07,405 - DEBUG - tty.usbmodem0006822145041: TX: 03a41000
2019-06-27 10:03:07,408 - DEBUG - tty.usbmodem0006822145041: RX: 05849c000800
2019-06-27 10:03:07,408 - DEBUG - tty.usbmodem0006822145041: parsed_packet {event: CmdRsp, data: {'opcode': 156, 'status': 0, 'data': bytearray(b'\x08\x00')}}
2019-06-27 10:03:07,408 - INFO - tty.usbmodem0006822145041: DevkeyAdd: {'devkey_handle': 8}
2019-06-27 10:03:07,409 - DEBUG - tty.usbmodem0006822145041: RX: 0584a4000000
2019-06-27 10:03:07,409 - DEBUG - tty.usbmodem0006822145041: parsed_packet {event: CmdRsp, data: {'opcode': 164, 'status': 0, 'data': bytearray(b'\x00\x00')}}
2019-06-27 10:03:07,409 - INFO - tty.usbmodem0006822145041: AddrPublicationAdd: {'address_handle': 0}
2019-06-27 10:03:07,511 - DEBUG - tty.usbmodem0006822145041: RX: 03c20000
2019-06-27 10:03:07,511 - DEBUG - tty.usbmodem0006822145041: parsed_packet {event: ProvLinkClosed, data: {'context_id': 0, 'close_reason': 0}}
2019-06-27 10:03:07,511 - INFO - tty.usbmodem0006822145041: Provisioning link closed
2019-06-27 10:03:12,755 - DEBUG - tty.usbmodem0006822145041.ConfigurationClient: Sending opcode: 8008, data: 00
2019-06-27 10:03:12,756 - DEBUG - tty.usbmodem0006822145041.ConfigurationClient: Sending opcode: 00, data: 0000004f68ad85d9f48ac8589df665b6b49b8a
2019-06-27 10:03:12,756 - DEBUG - tty.usbmodem0006822145041: Writing: 171 bytearray(b'\x08\x00\x01\x00\x00\x00\x08\x00\x00\x00\x80\x08\x00')
2019-06-27 10:03:12,756 - DEBUG - tty.usbmodem0006822145041: TX: 0eab08000100000008000000800800
2019-06-27 10:03:12,756 - DEBUG - tty.usbmodem0006822145041: Writing: 171 bytearray(b'\x08\x00\x01\x00\x00\x00\x08\x00\x00\x00\x00\x00\x00\x00Oh\xad\x85\xd9\xf4\x8a\xc8X\x9d\xf6e\xb6\xb4\x9b\x8a')
2019-06-27 10:03:12,757 - DEBUG - tty.usbmodem0006822145041: TX: 1fab08000100000008000000000000004f68ad85d9f48ac8589df665b6b49b8a
2019-06-27 10:03:12,759 - DEBUG - tty.usbmodem0006822145041: RX: 0784ab0001000000
2019-06-27 10:03:12,759 - DEBUG - tty.usbmodem0006822145041: parsed_packet {event: CmdRsp, data: {'opcode': 171, 'status': 0, 'data': bytearray(b'\x01\x00\x00\x00')}}
2019-06-27 10:03:12,760 - INFO - tty.usbmodem0006822145041: PacketSend: {'token': 1}
2019-06-27 10:03:12,763 - DEBUG - tty.usbmodem0006822145041: RX: 0784ab0002000000
2019-06-27 10:03:12,763 - DEBUG - tty.usbmodem0006822145041: parsed_packet {event: CmdRsp, data: {'opcode': 171, 'status': 0, 'data': bytearray(b'\x02\x00\x00\x00')}}
2019-06-27 10:03:12,763 - INFO - tty.usbmodem0006822145041: PacketSend: {'token': 2}
2019-06-27 10:03:12,764 - DEBUG - tty.usbmodem0006822145041: RX: 05d201000000
2019-06-27 10:03:12,764 - DEBUG - tty.usbmodem0006822145041: parsed_packet {event: MeshTxComplete, data: {'token': 1}}
2019-06-27 10:03:12,764 - INFO - tty.usbmodem0006822145041: {event: MeshTxComplete, data: {'token': 1}}
2019-06-27 10:03:12,975 - DEBUG - tty.usbmodem0006822145041: RX: 2ad010000100080000000401c8639509c2c2cd160002005900000000002800030000000300000002000010
2019-06-27 10:03:12,976 - DEBUG - tty.usbmodem0006822145041: parsed_packet {event: MeshMessageReceivedUnicast, data: {'src': 16, 'dst': 1, 'appkey_handle': 8, 'subnet_handle': 0, 'ttl': 4, 'adv_addr_type': 1, 'adv_addr': bytearray(b'\xc8c\x95\t\xc2\xc2'), 'rssi': -51, 'actual_length': 22, 'data': bytearray(b'\x02\x00Y\x00\x00\x00\x00\x00(\x00\x03\x00\x00\x00\x03\x00\x00\x00\x02\x00\x00\x10')}}
2019-06-27 10:03:12,979 - INFO - tty.usbmodem0006822145041.ConfigurationClient: Received composition data (page 0x00): {
  "cid": "0059",
  "pid": "0000",
  "vid": "0000",
  "crpl": 40,
  "features": {
    "relay": 0,
    "proxy": 0,
    "friend": 2,
    "low_power": 2
  },
  "elements": [
    {
      "index": 0,
      "location": "0000",
      "models": [
        {
          "modelId": "0000"
        },
        {
          "modelId": "0002"
        },
        {
          "modelId": "1000"
        }
      ]
    }
  ]
}
2019-06-27 10:03:13,004 - DEBUG - tty.usbmodem0006822145041: RX: 05d202000000
2019-06-27 10:03:13,005 - DEBUG - tty.usbmodem0006822145041: parsed_packet {event: MeshTxComplete, data: {'token': 2}}
2019-06-27 10:03:13,005 - INFO - tty.usbmodem0006822145041: {event: MeshTxComplete, data: {'token': 2}}
2019-06-27 10:03:13,024 - DEBUG - tty.usbmodem0006822145041: RX: 1ad010000100080000000401c8639509c2c2cd0600800300000000
2019-06-27 10:03:13,024 - DEBUG - tty.usbmodem0006822145041: parsed_packet {event: MeshMessageReceivedUnicast, data: {'src': 16, 'dst': 1, 'appkey_handle': 8, 'subnet_handle': 0, 'ttl': 4, 'adv_addr_type': 1, 'adv_addr': bytearray(b'\xc8c\x95\t\xc2\xc2'), 'rssi': -51, 'actual_length': 6, 'data': bytearray(b'\x80\x03\x00\x00\x00\x00')}}
2019-06-27 10:03:13,024 - INFO - tty.usbmodem0006822145041.ConfigurationClient: Appkey status: AccessStatus.SUCCESS
2019-06-27 10:03:13,027 - INFO - tty.usbmodem0006822145041.ConfigurationClient: Appkey add 0 succeded for subnet 0 at node 0010
2019-06-27 10:03:14,993 - DEBUG - tty.usbmodem0006822145041.ConfigurationClient: Sending opcode: 803d, data: 100000000010
2019-06-27 10:03:15,008 - DEBUG - tty.usbmodem0006822145041: Writing: 171 bytearray(b'\x08\x00\x01\x00\x00\x00\x08\x00\x00\x00\x80=\x10\x00\x00\x00\x00\x10')
2019-06-27 10:03:15,008 - DEBUG - tty.usbmodem0006822145041: TX: 13ab08000100000008000000803d100000000010
2019-06-27 10:03:15,012 - DEBUG - tty.usbmodem0006822145041: RX: 0784ab0003000000
2019-06-27 10:03:15,012 - DEBUG - tty.usbmodem0006822145041: parsed_packet {event: CmdRsp, data: {'opcode': 171, 'status': 0, 'data': bytearray(b'\x03\x00\x00\x00')}}
2019-06-27 10:03:15,013 - INFO - tty.usbmodem0006822145041: PacketSend: {'token': 3}
2019-06-27 10:03:15,016 - DEBUG - tty.usbmodem0006822145041: RX: 05d203000000
2019-06-27 10:03:15,017 - DEBUG - tty.usbmodem0006822145041: parsed_packet {event: MeshTxComplete, data: {'token': 3}}
2019-06-27 10:03:15,017 - INFO - tty.usbmodem0006822145041: {event: MeshTxComplete, data: {'token': 3}}
2019-06-27 10:03:15,043 - DEBUG - tty.usbmodem0006822145041: RX: 1dd010000100080000000401c8639509c2c2ca0900803e00100000000010
2019-06-27 10:03:15,043 - DEBUG - tty.usbmodem0006822145041: parsed_packet {event: MeshMessageReceivedUnicast, data: {'src': 16, 'dst': 1, 'appkey_handle': 8, 'subnet_handle': 0, 'ttl': 4, 'adv_addr_type': 1, 'adv_addr': bytearray(b'\xc8c\x95\t\xc2\xc2'), 'rssi': -54, 'actual_length': 9, 'data': bytearray(b'\x80>\x00\x10\x00\x00\x00\x00\x10')}}
2019-06-27 10:03:15,044 - INFO - tty.usbmodem0006822145041.ConfigurationClient: Model app bind status: AccessStatus.SUCCESS
2019-06-27 10:03:15,047 - INFO - tty.usbmodem0006822145041.ConfigurationClient: Appkey bind 0 to model 1000 at 0010
2019-06-27 10:03:22,990 - DEBUG - tty.usbmodem0006822145041: Writing: 164 bytearray(b'\x01\xc0')
2019-06-27 10:03:22,990 - DEBUG - tty.usbmodem0006822145041: TX: 03a401c0
2019-06-27 10:03:22,992 - DEBUG - tty.usbmodem0006822145041: RX: 0584a4000100
2019-06-27 10:03:22,993 - DEBUG - tty.usbmodem0006822145041: parsed_packet {event: CmdRsp, data: {'opcode': 164, 'status': 0, 'data': bytearray(b'\x01\x00')}}
2019-06-27 10:03:22,993 - INFO - tty.usbmodem0006822145041: AddrPublicationAdd: {'address_handle': 1}
2019-06-27 10:03:25,000 - DEBUG - tty.usbmodem0006822145041.ConfigurationClient: Sending opcode: 801b, data: 100001c00010
2019-06-27 10:03:25,000 - DEBUG - tty.usbmodem0006822145041: Writing: 171 bytearray(b'\x08\x00\x01\x00\x00\x00\x08\x00\x00\x00\x80\x1b\x10\x00\x01\xc0\x00\x10')
2019-06-27 10:03:25,001 - DEBUG - tty.usbmodem0006822145041: TX: 13ab08000100000008000000801b100001c00010
2019-06-27 10:03:25,005 - DEBUG - tty.usbmodem0006822145041: RX: 0784ab0004000000
2019-06-27 10:03:25,006 - DEBUG - tty.usbmodem0006822145041: parsed_packet {event: CmdRsp, data: {'opcode': 171, 'status': 0, 'data': bytearray(b'\x04\x00\x00\x00')}}
2019-06-27 10:03:25,006 - INFO - tty.usbmodem0006822145041: PacketSend: {'token': 4}
2019-06-27 10:03:25,025 - DEBUG - tty.usbmodem0006822145041: RX: 05d204000000
2019-06-27 10:03:25,027 - DEBUG - tty.usbmodem0006822145041: parsed_packet {event: MeshTxComplete, data: {'token': 4}}
2019-06-27 10:03:25,032 - INFO - tty.usbmodem0006822145041: {event: MeshTxComplete, data: {'token': 4}}
2019-06-27 10:04:23,083 - DEBUG - tty.usbmodem0006822145041.GenericOnOffClient: Sending opcode: 8202, data: 0100
2019-06-27 10:04:23,083 - DEBUG - tty.usbmodem0006822145041: Writing: 171 bytearray(b'\x00\x00\x01\x00\x01\x00\x08\x00\x00\x00\x82\x02\x01\x00')
2019-06-27 10:04:23,083 - DEBUG - tty.usbmodem0006822145041: TX: 0fab0000010001000800000082020100
2019-06-27 10:04:23,087 - DEBUG - tty.usbmodem0006822145041: RX: 0784ab0005000000
2019-06-27 10:04:23,087 - DEBUG - tty.usbmodem0006822145041: parsed_packet {event: CmdRsp, data: {'opcode': 171, 'status': 0, 'data': bytearray(b'\x05\x00\x00\x00')}}
2019-06-27 10:04:23,087 - INFO - tty.usbmodem0006822145041: PacketSend: {'token': 5}
2019-06-27 10:04:23,102 - DEBUG - tty.usbmodem0006822145041: RX: 05d205000000
2019-06-27 10:04:23,103 - DEBUG - tty.usbmodem0006822145041: parsed_packet {event: MeshTxComplete, data: {'token': 5}}
2019-06-27 10:04:23,103 - INFO - tty.usbmodem0006822145041: {event: MeshTxComplete, data: {'token': 5}}
2019-06-27 10:13:19,529 - DEBUG - tty.usbmodem0006822145041: RX: 04810200fe
2019-06-27 10:13:19,530 - DEBUG - tty.usbmodem0006822145041: parsed_packet {event: DeviceStarted, data: {'operating_mode': 2, 'hw_error': 0, 'data_credit_available': 254}}
2019-06-27 10:13:19,530 - INFO - tty.usbmodem0006822145041: Device rebooted.
