2019-08-12 15:58:44,504 - INFO - tty.usbmodem0006822145041.MeshConfigurer: 

2019-08-12 15:58:44,505 - INFO - tty.usbmodem0006822145041.MeshConfigurer: Sending next message
2019-08-12 15:58:44,504 - DEBUG - tty.usbmodem0006822145041: Writing: 105 bytearray(b'\x02\x87\x83+\xa7fF}\xe0\x0b\x82\xee\xa4\xa7\xce\xf8\x86i\x0c@VN\xb1\x12\xb4\xf9\xd7Y\xdb\x9b\x1f\x99\xc4\xe46\xf8\x1e\x82;\xe1\xfb>,\x93\xef\xe7\x0bV \xdb\xb0\xc7\xb4\xd9\xfck\xdfM\x13\xe5\xe2\xfe\xc0x{\x1a@\xb3yj\xab\xd0\xe9)\xd2r\x15\xa0\x84\xee\xfc\xb0\xc0\x8d4L\xf8\xc0\xc0:\xf8t\x00\xa2\xb6\x96')
2019-08-12 15:58:44,505 - DEBUG - tty.usbmodem0006822145041: TX: 61690287832ba766467de00b82eea4a7cef886690c40564eb112b4f9d759db9b1f99c4e436f81e823be1fb3e2c93efe70b5620dbb0c7b4d9fc6bdf4d13e5e2fec0787b1a40b3796aabd0e929d27215a084eefcb0c08d344cf8c0c03af87400a2b696
2019-08-12 15:58:44,526 - DEBUG - tty.usbmodem0006822145041: RX: 03845384
2019-08-12 15:58:44,526 - DEBUG - tty.usbmodem0006822145041: parsed_packet {event: CmdRsp, data: {'opcode': 83, 'status': 132, 'data': bytearray(b'')}}
2019-08-12 15:58:44,527 - ERROR - tty.usbmodem0006822145041: None: ERROR_INVALID_LENGTH
2019-08-12 15:58:44,528 - DEBUG - tty.usbmodem0006822145041: RX: 03840084
2019-08-12 15:58:44,538 - DEBUG - tty.usbmodem0006822145041: parsed_packet {event: CmdRsp, data: {'opcode': 0, 'status': 132, 'data': bytearray(b'')}}
2019-08-12 15:58:44,547 - ERROR - tty.usbmodem0006822145041: None: ERROR_INVALID_LENGTH
2019-08-12 15:58:44,550 - DEBUG - tty.usbmodem0006822145041: Writing: 159 bytearray(b'\x01\x00\x01\x00')
2019-08-12 15:58:44,551 - DEBUG - tty.usbmodem0006822145041: TX: 059f01000100
2019-08-12 15:58:44,551 - DEBUG - tty.usbmodem0006822145041: RX: 03840084
2019-08-12 15:58:44,553 - DEBUG - tty.usbmodem0006822145041: parsed_packet {event: CmdRsp, data: {'opcode': 0, 'status': 132, 'data': bytearray(b'')}}
2019-08-12 15:58:44,555 - ERROR - tty.usbmodem0006822145041: None: ERROR_INVALID_LENGTH
2019-08-12 15:58:44,557 - DEBUG - tty.usbmodem0006822145041: RX: 03840084
2019-08-12 15:58:44,557 - DEBUG - tty.usbmodem0006822145041: parsed_packet {event: CmdRsp, data: {'opcode': 0, 'status': 132, 'data': bytearray(b'')}}
2019-08-12 15:58:44,558 - ERROR - tty.usbmodem0006822145041: None: ERROR_INVALID_LENGTH
2019-08-12 15:58:44,559 - DEBUG - tty.usbmodem0006822145041: RX: 03840084
2019-08-12 15:58:44,559 - DEBUG - tty.usbmodem0006822145041: parsed_packet {event: CmdRsp, data: {'opcode': 0, 'status': 132, 'data': bytearray(b'')}}
2019-08-12 15:58:44,561 - ERROR - tty.usbmodem0006822145041: None: ERROR_INVALID_LENGTH
2019-08-12 15:58:44,565 - DEBUG - tty.usbmodem0006822145041: RX: 03840084
2019-08-12 15:58:44,565 - DEBUG - tty.usbmodem0006822145041: parsed_packet {event: CmdRsp, data: {'opcode': 0, 'status': 132, 'data': bytearray(b'')}}
2019-08-12 15:58:44,572 - ERROR - tty.usbmodem0006822145041: None: ERROR_INVALID_LENGTH
2019-08-12 15:58:44,576 - DEBUG - tty.usbmodem0006822145041: Writing: 146 bytearray(b'\x00\x00\x18\xee\xd9\xc2\xa5j\xdd\x85\x04\x9f\xfc<Y\xad\x0e\x12')
2019-08-12 15:58:44,576 - DEBUG - tty.usbmodem0006822145041: TX: 1392000018eed9c2a56add85049ffc3c59ad0e12
2019-08-12 15:58:44,577 - DEBUG - tty.usbmodem0006822145041: RX: 03840084
2019-08-12 15:58:44,577 - DEBUG - tty.usbmodem0006822145041: parsed_packet {event: CmdRsp, data: {'opcode': 0, 'status': 132, 'data': bytearray(b'')}}
2019-08-12 15:58:44,577 - ERROR - tty.usbmodem0006822145041: None: ERROR_INVALID_LENGTH
2019-08-12 15:58:44,578 - DEBUG - tty.usbmodem0006822145041: RX: 03840084
2019-08-12 15:58:44,578 - DEBUG - tty.usbmodem0006822145041: parsed_packet {event: CmdRsp, data: {'opcode': 0, 'status': 132, 'data': bytearray(b'')}}
2019-08-12 15:58:44,578 - ERROR - tty.usbmodem0006822145041: None: ERROR_INVALID_LENGTH
2019-08-12 15:58:44,598 - DEBUG - tty.usbmodem0006822145041: Writing: 151 bytearray(b'\x00\x00\x00\x00Oh\xad\x85\xd9\xf4\x8a\xc8X\x9d\xf6e\xb6\xb4\x9b\x8a')
2019-08-12 15:58:44,615 - DEBUG - tty.usbmodem0006822145041: TX: 1597000000004f68ad85d9f48ac8589df665b6b49b8a
2019-08-12 15:58:44,643 - DEBUG - tty.usbmodem0006822145041: Writing: 151 bytearray(b'\x01\x00\x00\x00*\xa2\xa6\xde\xd5\xa0y\x8c\xea\xb5x|\xa3\xae9\xfc')
2019-08-12 15:58:44,643 - DEBUG - tty.usbmodem0006822145041: RX: 03840084
2019-08-12 15:58:44,653 - DEBUG - tty.usbmodem0006822145041: TX: 1597010000002aa2a6ded5a0798ceab5787ca3ae39fc
2019-08-12 15:58:44,654 - DEBUG - tty.usbmodem0006822145041: parsed_packet {event: CmdRsp, data: {'opcode': 0, 'status': 132, 'data': bytearray(b'')}}
2019-08-12 15:58:44,654 - ERROR - tty.usbmodem0006822145041: None: ERROR_INVALID_LENGTH
2019-08-12 15:58:44,664 - DEBUG - tty.usbmodem0006822145041: RX: 03840084
2019-08-12 15:58:44,665 - DEBUG - tty.usbmodem0006822145041: parsed_packet {event: CmdRsp, data: {'opcode': 0, 'status': 132, 'data': bytearray(b'')}}
2019-08-12 15:58:44,665 - ERROR - tty.usbmodem0006822145041: None: ERROR_INVALID_LENGTH
2019-08-12 15:58:44,665 - DEBUG - tty.usbmodem0006822145041: RX: 03840084
2019-08-12 15:58:44,666 - DEBUG - tty.usbmodem0006822145041: parsed_packet {event: CmdRsp, data: {'opcode': 0, 'status': 132, 'data': bytearray(b'')}}
2019-08-12 15:58:44,666 - ERROR - tty.usbmodem0006822145041: None: ERROR_INVALID_LENGTH
2019-08-12 15:58:44,666 - DEBUG - tty.usbmodem0006822145041: RX: 03840084
2019-08-12 15:58:44,667 - DEBUG - tty.usbmodem0006822145041: parsed_packet {event: CmdRsp, data: {'opcode': 0, 'status': 132, 'data': bytearray(b'')}}
2019-08-12 15:58:44,667 - ERROR - tty.usbmodem0006822145041: None: ERROR_INVALID_LENGTH
2019-08-12 15:58:44,668 - DEBUG - tty.usbmodem0006822145041: RX: 03840084
2019-08-12 15:58:44,668 - DEBUG - tty.usbmodem0006822145041: parsed_packet {event: CmdRsp, data: {'opcode': 0, 'status': 132, 'data': bytearray(b'')}}
2019-08-12 15:58:44,668 - ERROR - tty.usbmodem0006822145041: None: ERROR_INVALID_LENGTH
2019-08-12 15:58:44,672 - DEBUG - tty.usbmodem0006822145041: RX: 03849f8e
2019-08-12 15:58:44,672 - DEBUG - tty.usbmodem0006822145041: parsed_packet {event: CmdRsp, data: {'opcode': 159, 'status': 142, 'data': bytearray(b'')}}
2019-08-12 15:58:44,673 - ERROR - tty.usbmodem0006822145041: None: ERROR_REJECTED
2019-08-12 15:58:44,673 - DEBUG - tty.usbmodem0006822145041: RX: 03849281
2019-08-12 15:58:44,673 - DEBUG - tty.usbmodem0006822145041: parsed_packet {event: CmdRsp, data: {'opcode': 146, 'status': 129, 'data': bytearray(b'')}}
2019-08-12 15:58:44,673 - ERROR - tty.usbmodem0006822145041: SubnetAdd: ERROR_INTERNAL
2019-08-12 15:58:44,675 - DEBUG - tty.usbmodem0006822145041: Writing: 159 bytearray(b'\x01\x00\x01\x00')
2019-08-12 15:58:44,676 - DEBUG - tty.usbmodem0006822145041: TX: 059f01000100
2019-08-12 15:58:44,676 - DEBUG - tty.usbmodem0006822145041: RX: 03849781
2019-08-12 15:58:44,676 - DEBUG - tty.usbmodem0006822145041: parsed_packet {event: CmdRsp, data: {'opcode': 151, 'status': 129, 'data': bytearray(b'')}}
2019-08-12 15:58:44,694 - ERROR - tty.usbmodem0006822145041: AppkeyAdd: ERROR_INTERNAL
2019-08-12 15:58:44,705 - DEBUG - tty.usbmodem0006822145041: Writing: 146 bytearray(b'\x00\x00\x18\xee\xd9\xc2\xa5j\xdd\x85\x04\x9f\xfc<Y\xad\x0e\x12')
2019-08-12 15:58:44,717 - DEBUG - tty.usbmodem0006822145041: TX: 1392000018eed9c2a56add85049ffc3c59ad0e12
2019-08-12 15:58:44,724 - DEBUG - tty.usbmodem0006822145041: RX: 03849781
2019-08-12 15:58:44,726 - DEBUG - tty.usbmodem0006822145041: parsed_packet {event: CmdRsp, data: {'opcode': 151, 'status': 129, 'data': bytearray(b'')}}
2019-08-12 15:58:44,726 - ERROR - tty.usbmodem0006822145041: AppkeyAdd: ERROR_INTERNAL
2019-08-12 15:58:44,727 - DEBUG - tty.usbmodem0006822145041: RX: 03849f8e
2019-08-12 15:58:44,727 - DEBUG - tty.usbmodem0006822145041: parsed_packet {event: CmdRsp, data: {'opcode': 159, 'status': 142, 'data': bytearray(b'')}}
2019-08-12 15:58:44,727 - ERROR - tty.usbmodem0006822145041: None: ERROR_REJECTED
2019-08-12 15:58:44,727 - DEBUG - tty.usbmodem0006822145041: RX: 03849281
2019-08-12 15:58:44,728 - DEBUG - tty.usbmodem0006822145041: parsed_packet {event: CmdRsp, data: {'opcode': 146, 'status': 129, 'data': bytearray(b'')}}
2019-08-12 15:58:44,728 - ERROR - tty.usbmodem0006822145041: SubnetAdd: ERROR_INTERNAL
2019-08-12 15:58:44,752 - DEBUG - tty.usbmodem0006822145041: Writing: 151 bytearray(b'\x00\x00\x00\x00Oh\xad\x85\xd9\xf4\x8a\xc8X\x9d\xf6e\xb6\xb4\x9b\x8a')
2019-08-12 15:58:44,753 - DEBUG - tty.usbmodem0006822145041: TX: 1597000000004f68ad85d9f48ac8589df665b6b49b8a
2019-08-12 15:58:44,775 - DEBUG - tty.usbmodem0006822145041: RX: 03849781
2019-08-12 15:58:44,781 - DEBUG - tty.usbmodem0006822145041: Writing: 151 bytearray(b'\x01\x00\x00\x00*\xa2\xa6\xde\xd5\xa0y\x8c\xea\xb5x|\xa3\xae9\xfc')
2019-08-12 15:58:44,799 - DEBUG - tty.usbmodem0006822145041: parsed_packet {event: CmdRsp, data: {'opcode': 151, 'status': 129, 'data': bytearray(b'')}}
2019-08-12 15:58:44,810 - DEBUG - tty.usbmodem0006822145041: TX: 1597010000002aa2a6ded5a0798ceab5787ca3ae39fc
2019-08-12 15:58:44,812 - ERROR - tty.usbmodem0006822145041: AppkeyAdd: ERROR_INTERNAL
2019-08-12 15:58:44,816 - DEBUG - tty.usbmodem0006822145041: RX: 03849781
2019-08-12 15:58:44,816 - DEBUG - tty.usbmodem0006822145041: parsed_packet {event: CmdRsp, data: {'opcode': 151, 'status': 129, 'data': bytearray(b'')}}
2019-08-12 15:58:44,816 - ERROR - tty.usbmodem0006822145041: AppkeyAdd: ERROR_INTERNAL
2019-08-12 15:58:44,837 - DEBUG - tty.usbmodem0006822145041: Writing: 161 bytearray(b'\x01\xc0')
2019-08-12 15:58:44,838 - DEBUG - tty.usbmodem0006822145041: TX: 03a101c0
2019-08-12 15:58:44,851 - DEBUG - tty.usbmodem0006822145041: RX: 0584a1000100
2019-08-12 15:58:44,851 - DEBUG - tty.usbmodem0006822145041: parsed_packet {event: CmdRsp, data: {'opcode': 161, 'status': 0, 'data': bytearray(b'\x01\x00')}}
2019-08-12 15:58:44,852 - INFO - tty.usbmodem0006822145041: AddrSubscriptionAdd: {'address_handle': 1}
2019-08-12 15:58:44,852 - INFO - tty.usbmodem0006822145041.MeshConfigurer: 

2019-08-12 15:58:44,855 - INFO - tty.usbmodem0006822145041.MeshConfigurer: Sending next message
2019-08-12 15:58:44,868 - DEBUG - tty.usbmodem0006822145041: Writing: 164 bytearray(b'\x10\x00')
2019-08-12 15:58:44,872 - DEBUG - tty.usbmodem0006822145041: TX: 03a41000
2019-08-12 15:58:44,887 - DEBUG - tty.usbmodem0006822145041: RX: 0584a4000000
2019-08-12 15:58:44,888 - DEBUG - tty.usbmodem0006822145041: parsed_packet {event: CmdRsp, data: {'opcode': 164, 'status': 0, 'data': bytearray(b'\x00\x00')}}
2019-08-12 15:58:44,888 - INFO - tty.usbmodem0006822145041: AddrPublicationAdd: {'address_handle': 0}
2019-08-12 15:58:44,889 - INFO - tty.usbmodem0006822145041.MeshConfigurer: 

2019-08-12 15:58:44,892 - INFO - tty.usbmodem0006822145041.MeshConfigurer: Sending next message
2019-08-12 15:58:44,895 - DEBUG - tty.usbmodem0006822145041: Writing: 164 bytearray(b'\x11\x00')
2019-08-12 15:58:44,898 - DEBUG - tty.usbmodem0006822145041: TX: 03a41100
2019-08-12 15:58:44,900 - DEBUG - tty.usbmodem0006822145041: RX: 0584a4000200
2019-08-12 15:58:44,901 - DEBUG - tty.usbmodem0006822145041: parsed_packet {event: CmdRsp, data: {'opcode': 164, 'status': 0, 'data': bytearray(b'\x02\x00')}}
2019-08-12 15:58:44,901 - INFO - tty.usbmodem0006822145041: AddrPublicationAdd: {'address_handle': 2}
2019-08-12 15:58:44,901 - INFO - tty.usbmodem0006822145041.MeshConfigurer: 

2019-08-12 15:58:44,901 - INFO - tty.usbmodem0006822145041.MeshConfigurer: Sending next message
2019-08-12 15:58:44,921 - DEBUG - tty.usbmodem0006822145041: Writing: 164 bytearray(b'\x12\x00')
2019-08-12 15:58:44,922 - DEBUG - tty.usbmodem0006822145041: TX: 03a41200
2019-08-12 15:58:44,924 - DEBUG - tty.usbmodem0006822145041: RX: 0584a4000300
2019-08-12 15:58:44,925 - DEBUG - tty.usbmodem0006822145041: parsed_packet {event: CmdRsp, data: {'opcode': 164, 'status': 0, 'data': bytearray(b'\x03\x00')}}
2019-08-12 15:58:44,925 - INFO - tty.usbmodem0006822145041: AddrPublicationAdd: {'address_handle': 3}
2019-08-12 15:58:44,925 - INFO - tty.usbmodem0006822145041.MeshConfigurer: 

2019-08-12 15:58:44,925 - INFO - tty.usbmodem0006822145041.MeshConfigurer: Sending next message
2019-08-12 15:58:44,947 - DEBUG - tty.usbmodem0006822145041: Writing: 164 bytearray(b'\x13\x00')
2019-08-12 15:58:44,947 - DEBUG - tty.usbmodem0006822145041: TX: 03a41300
2019-08-12 15:58:44,948 - DEBUG - tty.usbmodem0006822145041: RX: 0584a4000400
2019-08-12 15:58:44,948 - DEBUG - tty.usbmodem0006822145041: parsed_packet {event: CmdRsp, data: {'opcode': 164, 'status': 0, 'data': bytearray(b'\x04\x00')}}
2019-08-12 15:58:44,949 - INFO - tty.usbmodem0006822145041: AddrPublicationAdd: {'address_handle': 4}
2019-08-12 15:58:44,949 - INFO - tty.usbmodem0006822145041.MeshConfigurer: 

2019-08-12 15:58:44,949 - INFO - tty.usbmodem0006822145041.MeshConfigurer: Sending next message
2019-08-12 15:58:44,971 - DEBUG - tty.usbmodem0006822145041: Writing: 164 bytearray(b'\x14\x00')
2019-08-12 15:58:44,971 - DEBUG - tty.usbmodem0006822145041: TX: 03a41400
2019-08-12 15:58:44,973 - DEBUG - tty.usbmodem0006822145041: RX: 0584a4000500
2019-08-12 15:58:44,974 - DEBUG - tty.usbmodem0006822145041: parsed_packet {event: CmdRsp, data: {'opcode': 164, 'status': 0, 'data': bytearray(b'\x05\x00')}}
2019-08-12 15:58:44,974 - INFO - tty.usbmodem0006822145041: AddrPublicationAdd: {'address_handle': 5}
2019-08-12 15:58:44,974 - INFO - tty.usbmodem0006822145041.MeshConfigurer: 

2019-08-12 15:58:44,974 - INFO - tty.usbmodem0006822145041.MeshConfigurer: Sending next message
2019-08-12 15:58:44,993 - DEBUG - tty.usbmodem0006822145041: Writing: 164 bytearray(b'\x15\x00')
2019-08-12 15:58:44,994 - DEBUG - tty.usbmodem0006822145041: TX: 03a41500
2019-08-12 15:58:44,996 - DEBUG - tty.usbmodem0006822145041: RX: 0584a4000600
2019-08-12 15:58:44,996 - DEBUG - tty.usbmodem0006822145041: parsed_packet {event: CmdRsp, data: {'opcode': 164, 'status': 0, 'data': bytearray(b'\x06\x00')}}
2019-08-12 15:58:44,996 - INFO - tty.usbmodem0006822145041: AddrPublicationAdd: {'address_handle': 6}
2019-08-12 15:58:44,996 - INFO - tty.usbmodem0006822145041.MeshConfigurer: 

2019-08-12 15:58:44,996 - INFO - tty.usbmodem0006822145041.MeshConfigurer: Sending next message
2019-08-12 15:58:45,016 - DEBUG - tty.usbmodem0006822145041: Writing: 164 bytearray(b'\x16\x00')
2019-08-12 15:58:45,016 - DEBUG - tty.usbmodem0006822145041: TX: 03a41600
2019-08-12 15:58:45,019 - DEBUG - tty.usbmodem0006822145041: RX: 0584a4000700
2019-08-12 15:58:45,019 - DEBUG - tty.usbmodem0006822145041: parsed_packet {event: CmdRsp, data: {'opcode': 164, 'status': 0, 'data': bytearray(b'\x07\x00')}}
2019-08-12 15:58:45,020 - INFO - tty.usbmodem0006822145041: AddrPublicationAdd: {'address_handle': 7}
2019-08-12 15:58:45,021 - INFO - tty.usbmodem0006822145041.MeshConfigurer: 

2019-08-12 15:58:45,022 - INFO - tty.usbmodem0006822145041.MeshConfigurer: Sending next message
2019-08-12 15:58:45,037 - DEBUG - tty.usbmodem0006822145041: Writing: 164 bytearray(b'\x17\x00')
2019-08-12 15:58:45,037 - DEBUG - tty.usbmodem0006822145041: TX: 03a41700
2019-08-12 15:58:45,039 - DEBUG - tty.usbmodem0006822145041: RX: 0584a4000800
2019-08-12 15:58:45,040 - DEBUG - tty.usbmodem0006822145041: parsed_packet {event: CmdRsp, data: {'opcode': 164, 'status': 0, 'data': bytearray(b'\x08\x00')}}
2019-08-12 15:58:45,040 - INFO - tty.usbmodem0006822145041: AddrPublicationAdd: {'address_handle': 8}
2019-08-12 15:58:45,040 - INFO - tty.usbmodem0006822145041.MeshConfigurer: 

2019-08-12 15:58:45,040 - INFO - tty.usbmodem0006822145041.MeshConfigurer: Sending next message
2019-08-12 15:58:45,060 - DEBUG - tty.usbmodem0006822145041: Writing: 164 bytearray(b'\x18\x00')
2019-08-12 15:58:45,061 - DEBUG - tty.usbmodem0006822145041: TX: 03a41800
2019-08-12 15:58:45,062 - DEBUG - tty.usbmodem0006822145041: RX: 0584a4000900
2019-08-12 15:58:45,063 - DEBUG - tty.usbmodem0006822145041: parsed_packet {event: CmdRsp, data: {'opcode': 164, 'status': 0, 'data': bytearray(b'\t\x00')}}
2019-08-12 15:58:45,063 - INFO - tty.usbmodem0006822145041: AddrPublicationAdd: {'address_handle': 9}
2019-08-12 15:58:45,063 - INFO - tty.usbmodem0006822145041.MeshConfigurer: 

2019-08-12 15:58:45,063 - INFO - tty.usbmodem0006822145041.MeshConfigurer: Sending next message
2019-08-12 15:58:45,085 - DEBUG - tty.usbmodem0006822145041: Writing: 164 bytearray(b'\x19\x00')
2019-08-12 15:58:45,085 - DEBUG - tty.usbmodem0006822145041: TX: 03a41900
2019-08-12 15:58:45,089 - DEBUG - tty.usbmodem0006822145041: RX: 0584a4000a00
2019-08-12 15:58:45,090 - DEBUG - tty.usbmodem0006822145041: parsed_packet {event: CmdRsp, data: {'opcode': 164, 'status': 0, 'data': bytearray(b'\n\x00')}}
2019-08-12 15:58:45,090 - INFO - tty.usbmodem0006822145041: AddrPublicationAdd: {'address_handle': 10}
2019-08-12 15:58:45,091 - INFO - tty.usbmodem0006822145041.MeshConfigurer: 

2019-08-12 15:58:45,091 - INFO - tty.usbmodem0006822145041.MeshConfigurer: Sending next message
2019-08-12 15:58:45,110 - DEBUG - tty.usbmodem0006822145041: Writing: 164 bytearray(b'\x1a\x00')
2019-08-12 15:58:45,110 - DEBUG - tty.usbmodem0006822145041: TX: 03a41a00
2019-08-12 15:58:45,111 - DEBUG - tty.usbmodem0006822145041: RX: 0584a4000b00
2019-08-12 15:58:45,111 - DEBUG - tty.usbmodem0006822145041: parsed_packet {event: CmdRsp, data: {'opcode': 164, 'status': 0, 'data': bytearray(b'\x0b\x00')}}
2019-08-12 15:58:45,112 - INFO - tty.usbmodem0006822145041: AddrPublicationAdd: {'address_handle': 11}
2019-08-12 15:58:45,112 - INFO - tty.usbmodem0006822145041.MeshConfigurer: 

2019-08-12 15:58:45,112 - INFO - tty.usbmodem0006822145041.MeshConfigurer: Sending next message
2019-08-12 15:58:45,134 - DEBUG - tty.usbmodem0006822145041: Writing: 164 bytearray(b'\x1b\x00')
2019-08-12 15:58:45,134 - DEBUG - tty.usbmodem0006822145041: TX: 03a41b00
2019-08-12 15:58:45,136 - DEBUG - tty.usbmodem0006822145041: RX: 0584a4000c00
2019-08-12 15:58:45,137 - DEBUG - tty.usbmodem0006822145041: parsed_packet {event: CmdRsp, data: {'opcode': 164, 'status': 0, 'data': bytearray(b'\x0c\x00')}}
2019-08-12 15:58:45,137 - INFO - tty.usbmodem0006822145041: AddrPublicationAdd: {'address_handle': 12}
2019-08-12 15:58:45,137 - INFO - tty.usbmodem0006822145041.MeshConfigurer: 

2019-08-12 15:58:45,137 - INFO - tty.usbmodem0006822145041.MeshConfigurer: Sending next message
2019-08-12 15:58:45,159 - DEBUG - tty.usbmodem0006822145041: Writing: 164 bytearray(b'\x1c\x00')
2019-08-12 15:58:45,159 - DEBUG - tty.usbmodem0006822145041: TX: 03a41c00
2019-08-12 15:58:45,161 - DEBUG - tty.usbmodem0006822145041: RX: 0584a4000d00
2019-08-12 15:58:45,162 - DEBUG - tty.usbmodem0006822145041: parsed_packet {event: CmdRsp, data: {'opcode': 164, 'status': 0, 'data': bytearray(b'\r\x00')}}
2019-08-12 15:58:45,162 - INFO - tty.usbmodem0006822145041: AddrPublicationAdd: {'address_handle': 13}
2019-08-12 15:58:45,162 - INFO - tty.usbmodem0006822145041.MeshConfigurer: 

2019-08-12 15:58:45,162 - INFO - tty.usbmodem0006822145041.MeshConfigurer: Sending next message
2019-08-12 15:58:45,184 - DEBUG - tty.usbmodem0006822145041: Writing: 164 bytearray(b'\x1d\x00')
2019-08-12 15:58:45,184 - DEBUG - tty.usbmodem0006822145041: TX: 03a41d00
2019-08-12 15:58:45,187 - DEBUG - tty.usbmodem0006822145041: RX: 0584a4000e00
2019-08-12 15:58:45,188 - DEBUG - tty.usbmodem0006822145041: parsed_packet {event: CmdRsp, data: {'opcode': 164, 'status': 0, 'data': bytearray(b'\x0e\x00')}}
2019-08-12 15:58:45,189 - INFO - tty.usbmodem0006822145041: AddrPublicationAdd: {'address_handle': 14}
2019-08-12 15:58:45,189 - INFO - tty.usbmodem0006822145041.MeshConfigurer: 

2019-08-12 15:58:45,189 - INFO - tty.usbmodem0006822145041.MeshConfigurer: Sending next message
2019-08-12 15:58:45,210 - DEBUG - tty.usbmodem0006822145041: Writing: 156 bytearray(b'\x10\x00\x00\x00\x1f\x06Q\xfe\xea\xb8\xdd\xf6\xe8&\xc5}Ws\x7f\x97')
2019-08-12 15:58:45,210 - DEBUG - tty.usbmodem0006822145041: TX: 159c100000001f0651feeab8ddf6e826c57d57737f97
2019-08-12 15:58:45,214 - DEBUG - tty.usbmodem0006822145041: RX: 03849c8e
2019-08-12 15:58:45,215 - DEBUG - tty.usbmodem0006822145041: parsed_packet {event: CmdRsp, data: {'opcode': 156, 'status': 142, 'data': bytearray(b'')}}
2019-08-12 15:58:45,215 - ERROR - tty.usbmodem0006822145041: DevkeyAdd: ERROR_REJECTED
2019-08-12 15:58:48,394 - DEBUG - tty.usbmodem0006822145041: RX: 04810200fe
2019-08-12 15:58:48,395 - DEBUG - tty.usbmodem0006822145041: parsed_packet {event: DeviceStarted, data: {'operating_mode': 2, 'hw_error': 0, 'data_credit_available': 254}}
2019-08-12 15:58:48,395 - INFO - tty.usbmodem0006822145041: Device rebooted.
2019-08-12 15:58:48,395 - INFO - tty.usbmodem0006822145041.MeshConfigurer: 

2019-08-12 15:58:48,396 - DEBUG - tty.usbmodem0006822145041: Writing: 159 bytearray(b'\x01\x00\x01\x00')
2019-08-12 15:58:48,396 - INFO - tty.usbmodem0006822145041.MeshConfigurer: Sending next message
2019-08-12 15:58:48,396 - DEBUG - tty.usbmodem0006822145041: TX: 059f01000100
2019-08-12 15:58:48,398 - DEBUG - tty.usbmodem0006822145041: RX: 03849f00
2019-08-12 15:58:48,399 - DEBUG - tty.usbmodem0006822145041: parsed_packet {event: CmdRsp, data: {'opcode': 159, 'status': 0, 'data': bytearray(b'')}}
2019-08-12 15:58:48,399 - INFO - tty.usbmodem0006822145041: Success
2019-08-12 15:58:48,418 - DEBUG - tty.usbmodem0006822145041: Writing: 146 bytearray(b'\x00\x00\x18\xee\xd9\xc2\xa5j\xdd\x85\x04\x9f\xfc<Y\xad\x0e\x12')
2019-08-12 15:58:48,418 - DEBUG - tty.usbmodem0006822145041: TX: 1392000018eed9c2a56add85049ffc3c59ad0e12
2019-08-12 15:58:48,422 - DEBUG - tty.usbmodem0006822145041: RX: 058492000000
2019-08-12 15:58:48,423 - DEBUG - tty.usbmodem0006822145041: parsed_packet {event: CmdRsp, data: {'opcode': 146, 'status': 0, 'data': bytearray(b'\x00\x00')}}
2019-08-12 15:58:48,423 - INFO - tty.usbmodem0006822145041: SubnetAdd: {'subnet_handle': 0}
2019-08-12 15:58:48,444 - DEBUG - tty.usbmodem0006822145041: Writing: 151 bytearray(b'\x00\x00\x00\x00Oh\xad\x85\xd9\xf4\x8a\xc8X\x9d\xf6e\xb6\xb4\x9b\x8a')
2019-08-12 15:58:48,445 - DEBUG - tty.usbmodem0006822145041: TX: 1597000000004f68ad85d9f48ac8589df665b6b49b8a
2019-08-12 15:58:48,448 - DEBUG - tty.usbmodem0006822145041: RX: 058497000000
2019-08-12 15:58:48,449 - DEBUG - tty.usbmodem0006822145041: parsed_packet {event: CmdRsp, data: {'opcode': 151, 'status': 0, 'data': bytearray(b'\x00\x00')}}
2019-08-12 15:58:48,449 - INFO - tty.usbmodem0006822145041: AppkeyAdd: {'appkey_handle': 0}
2019-08-12 15:58:48,470 - DEBUG - tty.usbmodem0006822145041: Writing: 151 bytearray(b'\x01\x00\x00\x00*\xa2\xa6\xde\xd5\xa0y\x8c\xea\xb5x|\xa3\xae9\xfc')
2019-08-12 15:58:48,471 - DEBUG - tty.usbmodem0006822145041: TX: 1597010000002aa2a6ded5a0798ceab5787ca3ae39fc
2019-08-12 15:58:48,475 - DEBUG - tty.usbmodem0006822145041: RX: 058497000100
2019-08-12 15:58:48,476 - DEBUG - tty.usbmodem0006822145041: parsed_packet {event: CmdRsp, data: {'opcode': 151, 'status': 0, 'data': bytearray(b'\x01\x00')}}
2019-08-12 15:58:48,476 - INFO - tty.usbmodem0006822145041: AppkeyAdd: {'appkey_handle': 1}
2019-08-12 15:58:48,496 - DEBUG - tty.usbmodem0006822145041: Writing: 161 bytearray(b'\x01\xc0')
2019-08-12 15:58:48,496 - DEBUG - tty.usbmodem0006822145041: TX: 03a101c0
2019-08-12 15:58:48,498 - DEBUG - tty.usbmodem0006822145041: RX: 0584a1000000
2019-08-12 15:58:48,499 - DEBUG - tty.usbmodem0006822145041: parsed_packet {event: CmdRsp, data: {'opcode': 161, 'status': 0, 'data': bytearray(b'\x00\x00')}}
2019-08-12 15:58:48,499 - INFO - tty.usbmodem0006822145041: AddrSubscriptionAdd: {'address_handle': 0}
2019-08-12 15:58:48,499 - INFO - tty.usbmodem0006822145041.MeshConfigurer: 

2019-08-12 15:58:48,499 - INFO - tty.usbmodem0006822145041.MeshConfigurer: Sending next message
2019-08-12 15:58:48,517 - DEBUG - tty.usbmodem0006822145041: Writing: 164 bytearray(b'\x10\x00')
2019-08-12 15:58:48,517 - DEBUG - tty.usbmodem0006822145041: TX: 03a41000
2019-08-12 15:58:48,520 - DEBUG - tty.usbmodem0006822145041: RX: 0584a4000100
2019-08-12 15:58:48,521 - DEBUG - tty.usbmodem0006822145041: parsed_packet {event: CmdRsp, data: {'opcode': 164, 'status': 0, 'data': bytearray(b'\x01\x00')}}
2019-08-12 15:58:48,521 - INFO - tty.usbmodem0006822145041: AddrPublicationAdd: {'address_handle': 1}
2019-08-12 15:58:48,522 - INFO - tty.usbmodem0006822145041.MeshConfigurer: 

2019-08-12 15:58:48,522 - INFO - tty.usbmodem0006822145041.MeshConfigurer: Sending next message
2019-08-12 15:58:48,538 - DEBUG - tty.usbmodem0006822145041: Writing: 164 bytearray(b'\x11\x00')
2019-08-12 15:58:48,538 - DEBUG - tty.usbmodem0006822145041: TX: 03a41100
2019-08-12 15:58:48,541 - DEBUG - tty.usbmodem0006822145041: RX: 0584a4000200
2019-08-12 15:58:48,542 - DEBUG - tty.usbmodem0006822145041: parsed_packet {event: CmdRsp, data: {'opcode': 164, 'status': 0, 'data': bytearray(b'\x02\x00')}}
2019-08-12 15:58:48,542 - INFO - tty.usbmodem0006822145041: AddrPublicationAdd: {'address_handle': 2}
2019-08-12 15:58:48,543 - INFO - tty.usbmodem0006822145041.MeshConfigurer: 

2019-08-12 15:58:48,543 - INFO - tty.usbmodem0006822145041.MeshConfigurer: Sending next message
2019-08-12 15:58:48,559 - DEBUG - tty.usbmodem0006822145041: Writing: 164 bytearray(b'\x12\x00')
2019-08-12 15:58:48,559 - DEBUG - tty.usbmodem0006822145041: TX: 03a41200
2019-08-12 15:58:48,561 - DEBUG - tty.usbmodem0006822145041: RX: 0584a4000300
2019-08-12 15:58:48,562 - DEBUG - tty.usbmodem0006822145041: parsed_packet {event: CmdRsp, data: {'opcode': 164, 'status': 0, 'data': bytearray(b'\x03\x00')}}
2019-08-12 15:58:48,562 - INFO - tty.usbmodem0006822145041: AddrPublicationAdd: {'address_handle': 3}
2019-08-12 15:58:48,562 - INFO - tty.usbmodem0006822145041.MeshConfigurer: 

2019-08-12 15:58:48,562 - INFO - tty.usbmodem0006822145041.MeshConfigurer: Sending next message
2019-08-12 15:58:48,580 - DEBUG - tty.usbmodem0006822145041: Writing: 164 bytearray(b'\x13\x00')
2019-08-12 15:58:48,580 - DEBUG - tty.usbmodem0006822145041: TX: 03a41300
2019-08-12 15:58:48,582 - DEBUG - tty.usbmodem0006822145041: RX: 0584a4000400
2019-08-12 15:58:48,582 - DEBUG - tty.usbmodem0006822145041: parsed_packet {event: CmdRsp, data: {'opcode': 164, 'status': 0, 'data': bytearray(b'\x04\x00')}}
2019-08-12 15:58:48,583 - INFO - tty.usbmodem0006822145041: AddrPublicationAdd: {'address_handle': 4}
2019-08-12 15:58:48,583 - INFO - tty.usbmodem0006822145041.MeshConfigurer: 

2019-08-12 15:58:48,583 - INFO - tty.usbmodem0006822145041.MeshConfigurer: Sending next message
2019-08-12 15:58:48,601 - DEBUG - tty.usbmodem0006822145041: Writing: 164 bytearray(b'\x14\x00')
2019-08-12 15:58:48,601 - DEBUG - tty.usbmodem0006822145041: TX: 03a41400
2019-08-12 15:58:48,604 - DEBUG - tty.usbmodem0006822145041: RX: 0584a4000500
2019-08-12 15:58:48,604 - DEBUG - tty.usbmodem0006822145041: parsed_packet {event: CmdRsp, data: {'opcode': 164, 'status': 0, 'data': bytearray(b'\x05\x00')}}
2019-08-12 15:58:48,604 - INFO - tty.usbmodem0006822145041: AddrPublicationAdd: {'address_handle': 5}
2019-08-12 15:58:48,604 - INFO - tty.usbmodem0006822145041.MeshConfigurer: 

2019-08-12 15:58:48,604 - INFO - tty.usbmodem0006822145041.MeshConfigurer: Sending next message
2019-08-12 15:58:48,622 - DEBUG - tty.usbmodem0006822145041: Writing: 164 bytearray(b'\x15\x00')
2019-08-12 15:58:48,623 - DEBUG - tty.usbmodem0006822145041: TX: 03a41500
2019-08-12 15:58:48,625 - DEBUG - tty.usbmodem0006822145041: RX: 0584a4000600
2019-08-12 15:58:48,625 - DEBUG - tty.usbmodem0006822145041: parsed_packet {event: CmdRsp, data: {'opcode': 164, 'status': 0, 'data': bytearray(b'\x06\x00')}}
2019-08-12 15:58:48,625 - INFO - tty.usbmodem0006822145041: AddrPublicationAdd: {'address_handle': 6}
2019-08-12 15:58:48,625 - INFO - tty.usbmodem0006822145041.MeshConfigurer: 

2019-08-12 15:58:48,626 - INFO - tty.usbmodem0006822145041.MeshConfigurer: Sending next message
2019-08-12 15:58:48,644 - DEBUG - tty.usbmodem0006822145041: Writing: 164 bytearray(b'\x16\x00')
2019-08-12 15:58:48,644 - DEBUG - tty.usbmodem0006822145041: TX: 03a41600
2019-08-12 15:58:48,646 - DEBUG - tty.usbmodem0006822145041: RX: 0584a4000700
2019-08-12 15:58:48,647 - DEBUG - tty.usbmodem0006822145041: parsed_packet {event: CmdRsp, data: {'opcode': 164, 'status': 0, 'data': bytearray(b'\x07\x00')}}
2019-08-12 15:58:48,647 - INFO - tty.usbmodem0006822145041: AddrPublicationAdd: {'address_handle': 7}
2019-08-12 15:58:48,647 - INFO - tty.usbmodem0006822145041.MeshConfigurer: 

2019-08-12 15:58:48,647 - INFO - tty.usbmodem0006822145041.MeshConfigurer: Sending next message
2019-08-12 15:58:48,665 - DEBUG - tty.usbmodem0006822145041: Writing: 164 bytearray(b'\x17\x00')
2019-08-12 15:58:48,665 - DEBUG - tty.usbmodem0006822145041: TX: 03a41700
2019-08-12 15:58:48,666 - DEBUG - tty.usbmodem0006822145041: RX: 0584a4000800
2019-08-12 15:58:48,667 - DEBUG - tty.usbmodem0006822145041: parsed_packet {event: CmdRsp, data: {'opcode': 164, 'status': 0, 'data': bytearray(b'\x08\x00')}}
2019-08-12 15:58:48,667 - INFO - tty.usbmodem0006822145041: AddrPublicationAdd: {'address_handle': 8}
2019-08-12 15:58:48,667 - INFO - tty.usbmodem0006822145041.MeshConfigurer: 

2019-08-12 15:58:48,667 - INFO - tty.usbmodem0006822145041.MeshConfigurer: Sending next message
2019-08-12 15:58:48,688 - DEBUG - tty.usbmodem0006822145041: Writing: 164 bytearray(b'\x18\x00')
2019-08-12 15:58:48,688 - DEBUG - tty.usbmodem0006822145041: TX: 03a41800
2019-08-12 15:58:48,690 - DEBUG - tty.usbmodem0006822145041: RX: 0584a4000900
2019-08-12 15:58:48,691 - DEBUG - tty.usbmodem0006822145041: parsed_packet {event: CmdRsp, data: {'opcode': 164, 'status': 0, 'data': bytearray(b'\t\x00')}}
2019-08-12 15:58:48,691 - INFO - tty.usbmodem0006822145041: AddrPublicationAdd: {'address_handle': 9}
2019-08-12 15:58:48,691 - INFO - tty.usbmodem0006822145041.MeshConfigurer: 

2019-08-12 15:58:48,691 - INFO - tty.usbmodem0006822145041.MeshConfigurer: Sending next message
2019-08-12 15:58:48,711 - DEBUG - tty.usbmodem0006822145041: Writing: 164 bytearray(b'\x19\x00')
2019-08-12 15:58:48,711 - DEBUG - tty.usbmodem0006822145041: TX: 03a41900
2019-08-12 15:58:48,713 - DEBUG - tty.usbmodem0006822145041: RX: 0584a4000a00
2019-08-12 15:58:48,714 - DEBUG - tty.usbmodem0006822145041: parsed_packet {event: CmdRsp, data: {'opcode': 164, 'status': 0, 'data': bytearray(b'\n\x00')}}
2019-08-12 15:58:48,714 - INFO - tty.usbmodem0006822145041: AddrPublicationAdd: {'address_handle': 10}
2019-08-12 15:58:48,714 - INFO - tty.usbmodem0006822145041.MeshConfigurer: 

2019-08-12 15:58:48,714 - INFO - tty.usbmodem0006822145041.MeshConfigurer: Sending next message
2019-08-12 15:58:48,737 - DEBUG - tty.usbmodem0006822145041: Writing: 164 bytearray(b'\x1a\x00')
2019-08-12 15:58:48,738 - DEBUG - tty.usbmodem0006822145041: TX: 03a41a00
2019-08-12 15:58:48,739 - DEBUG - tty.usbmodem0006822145041: RX: 0584a4000b00
2019-08-12 15:58:48,740 - DEBUG - tty.usbmodem0006822145041: parsed_packet {event: CmdRsp, data: {'opcode': 164, 'status': 0, 'data': bytearray(b'\x0b\x00')}}
2019-08-12 15:58:48,740 - INFO - tty.usbmodem0006822145041: AddrPublicationAdd: {'address_handle': 11}
2019-08-12 15:58:48,740 - INFO - tty.usbmodem0006822145041.MeshConfigurer: 

2019-08-12 15:58:48,740 - INFO - tty.usbmodem0006822145041.MeshConfigurer: Sending next message
2019-08-12 15:58:48,760 - DEBUG - tty.usbmodem0006822145041: Writing: 164 bytearray(b'\x1b\x00')
2019-08-12 15:58:48,760 - DEBUG - tty.usbmodem0006822145041: TX: 03a41b00
2019-08-12 15:58:48,762 - DEBUG - tty.usbmodem0006822145041: RX: 0584a4000c00
2019-08-12 15:58:48,762 - DEBUG - tty.usbmodem0006822145041: parsed_packet {event: CmdRsp, data: {'opcode': 164, 'status': 0, 'data': bytearray(b'\x0c\x00')}}
2019-08-12 15:58:48,763 - INFO - tty.usbmodem0006822145041: AddrPublicationAdd: {'address_handle': 12}
2019-08-12 15:58:48,763 - INFO - tty.usbmodem0006822145041.MeshConfigurer: 

2019-08-12 15:58:48,763 - INFO - tty.usbmodem0006822145041.MeshConfigurer: Sending next message
2019-08-12 15:58:48,786 - DEBUG - tty.usbmodem0006822145041: Writing: 164 bytearray(b'\x1c\x00')
2019-08-12 15:58:48,787 - DEBUG - tty.usbmodem0006822145041: TX: 03a41c00
2019-08-12 15:58:48,788 - DEBUG - tty.usbmodem0006822145041: RX: 0584a4000d00
2019-08-12 15:58:48,789 - DEBUG - tty.usbmodem0006822145041: parsed_packet {event: CmdRsp, data: {'opcode': 164, 'status': 0, 'data': bytearray(b'\r\x00')}}
2019-08-12 15:58:48,789 - INFO - tty.usbmodem0006822145041: AddrPublicationAdd: {'address_handle': 13}
2019-08-12 15:58:48,789 - INFO - tty.usbmodem0006822145041.MeshConfigurer: 

2019-08-12 15:58:48,789 - INFO - tty.usbmodem0006822145041.MeshConfigurer: Sending next message
2019-08-12 15:58:48,811 - DEBUG - tty.usbmodem0006822145041: Writing: 164 bytearray(b'\x1d\x00')
2019-08-12 15:58:48,812 - DEBUG - tty.usbmodem0006822145041: TX: 03a41d00
2019-08-12 15:58:48,813 - DEBUG - tty.usbmodem0006822145041: RX: 0584a4000e00
2019-08-12 15:58:48,814 - DEBUG - tty.usbmodem0006822145041: parsed_packet {event: CmdRsp, data: {'opcode': 164, 'status': 0, 'data': bytearray(b'\x0e\x00')}}
2019-08-12 15:58:48,814 - INFO - tty.usbmodem0006822145041: AddrPublicationAdd: {'address_handle': 14}
2019-08-12 15:58:48,814 - INFO - tty.usbmodem0006822145041.MeshConfigurer: 

2019-08-12 15:58:48,814 - INFO - tty.usbmodem0006822145041.MeshConfigurer: Sending next message
2019-08-12 15:58:48,834 - DEBUG - tty.usbmodem0006822145041: Writing: 156 bytearray(b'\x10\x00\x00\x00\x1f\x06Q\xfe\xea\xb8\xdd\xf6\xe8&\xc5}Ws\x7f\x97')
2019-08-12 15:58:48,834 - DEBUG - tty.usbmodem0006822145041: TX: 159c100000001f0651feeab8ddf6e826c57d57737f97
2019-08-12 15:58:48,838 - DEBUG - tty.usbmodem0006822145041: RX: 05849c000800
2019-08-12 15:58:48,838 - DEBUG - tty.usbmodem0006822145041: parsed_packet {event: CmdRsp, data: {'opcode': 156, 'status': 0, 'data': bytearray(b'\x08\x00')}}
2019-08-12 15:58:48,838 - INFO - tty.usbmodem0006822145041: DevkeyAdd: {'devkey_handle': 8}
2019-08-12 15:58:48,838 - INFO - tty.usbmodem0006822145041.MeshConfigurer: No Messages remaining
2019-08-12 15:58:56,558 - DEBUG - tty.usbmodem0006822145041: exited read event
