2019-07-03 19:44:37,648 - DEBUG - tty.usbmodem0006822145041: Writing: 105 bytearray(b"\x80\x90\'q\xf4\xdd\xa7z\x05\xb6\x84`nx\xb7\x9f\n\xe7x\x08\xbe\x88WZd5\xa1[\xad$\xd6\x11\x81\xe6\x17\xb5\x19g\x16ME\x8f<%\x05\x94a\xf5\x84\x98\x12\x11\x97\x81\x9b>$,A;7\xd2\xbd~\xe1##\xbcp\xa6\xf3\x1aYF&\xfc\x0b\x8a2\xf9A\x86BG\xd9|gD.[\xcb\x9c\xf1\xb9\xcd\x17")
2019-07-03 19:44:37,648 - DEBUG - tty.usbmodem0006822145041: TX: 616980902771f4dda77a05b684606e78b79f0ae77808be88575a6435a15bad24d61181e617b51967164d458f3c25059461f58498121197819b3e242c413b37d2bd7ee12323bc70a6f31a594626fc0b8a32f941864247d97c67442e5bcb9cf1b9cd17
2019-07-03 19:44:37,648 - INFO - tty.usbmodem0006822145041: Setting pin 13
2019-07-03 19:44:37,658 - DEBUG - tty.usbmodem0006822145041: RX: 03845384
2019-07-03 19:44:37,659 - DEBUG - tty.usbmodem0006822145041: parsed_packet {event: CmdRsp, data: {'opcode': 83, 'status': 132, 'data': bytearray(b'')}}
2019-07-03 19:44:37,659 - ERROR - tty.usbmodem0006822145041: None: ERROR_INVALID_LENGTH
2019-07-03 19:44:37,659 - DEBUG - tty.usbmodem0006822145041: Writing: 159 bytearray(b'\x01\x00\x01\x00')
2019-07-03 19:44:37,659 - DEBUG - tty.usbmodem0006822145041: TX: 059f01000100
2019-07-03 19:44:37,660 - DEBUG - tty.usbmodem0006822145041: RX: 03840084
2019-07-03 19:44:37,660 - DEBUG - tty.usbmodem0006822145041: parsed_packet {event: CmdRsp, data: {'opcode': 0, 'status': 132, 'data': bytearray(b'')}}
2019-07-03 19:44:37,660 - ERROR - tty.usbmodem0006822145041: None: ERROR_INVALID_LENGTH
2019-07-03 19:44:37,660 - DEBUG - tty.usbmodem0006822145041: Writing: 146 bytearray(b'\x00\x00\x18\xee\xd9\xc2\xa5j\xdd\x85\x04\x9f\xfc<Y\xad\x0e\x12')
2019-07-03 19:44:37,661 - DEBUG - tty.usbmodem0006822145041: TX: 1392000018eed9c2a56add85049ffc3c59ad0e12
2019-07-03 19:44:37,661 - DEBUG - tty.usbmodem0006822145041: RX: 03840084
2019-07-03 19:44:37,661 - DEBUG - tty.usbmodem0006822145041: parsed_packet {event: CmdRsp, data: {'opcode': 0, 'status': 132, 'data': bytearray(b'')}}
2019-07-03 19:44:37,661 - ERROR - tty.usbmodem0006822145041: None: ERROR_INVALID_LENGTH
2019-07-03 19:44:37,661 - DEBUG - tty.usbmodem0006822145041: Writing: 151 bytearray(b'\x00\x00\x00\x00Oh\xad\x85\xd9\xf4\x8a\xc8X\x9d\xf6e\xb6\xb4\x9b\x8a')
2019-07-03 19:44:37,662 - DEBUG - tty.usbmodem0006822145041: TX: 1597000000004f68ad85d9f48ac8589df665b6b49b8a
2019-07-03 19:44:37,662 - DEBUG - tty.usbmodem0006822145041: RX: 03840084
2019-07-03 19:44:37,662 - DEBUG - tty.usbmodem0006822145041: parsed_packet {event: CmdRsp, data: {'opcode': 0, 'status': 132, 'data': bytearray(b'')}}
2019-07-03 19:44:37,662 - ERROR - tty.usbmodem0006822145041: None: ERROR_INVALID_LENGTH
2019-07-03 19:44:37,662 - DEBUG - tty.usbmodem0006822145041: Writing: 151 bytearray(b'\x01\x00\x00\x00*\xa2\xa6\xde\xd5\xa0y\x8c\xea\xb5x|\xa3\xae9\xfc')
2019-07-03 19:44:37,662 - DEBUG - tty.usbmodem0006822145041: TX: 1597010000002aa2a6ded5a0798ceab5787ca3ae39fc
2019-07-03 19:44:37,663 - DEBUG - tty.usbmodem0006822145041: RX: 03840084
2019-07-03 19:44:37,663 - DEBUG - tty.usbmodem0006822145041: parsed_packet {event: CmdRsp, data: {'opcode': 0, 'status': 132, 'data': bytearray(b'')}}
2019-07-03 19:44:37,663 - ERROR - tty.usbmodem0006822145041: None: ERROR_INVALID_LENGTH
2019-07-03 19:44:37,663 - DEBUG - tty.usbmodem0006822145041: RX: 03840084
2019-07-03 19:44:37,663 - DEBUG - tty.usbmodem0006822145041: parsed_packet {event: CmdRsp, data: {'opcode': 0, 'status': 132, 'data': bytearray(b'')}}
2019-07-03 19:44:37,663 - ERROR - tty.usbmodem0006822145041: None: ERROR_INVALID_LENGTH
2019-07-03 19:44:37,664 - DEBUG - tty.usbmodem0006822145041: RX: 03840084
2019-07-03 19:44:37,664 - DEBUG - tty.usbmodem0006822145041: parsed_packet {event: CmdRsp, data: {'opcode': 0, 'status': 132, 'data': bytearray(b'')}}
2019-07-03 19:44:37,664 - ERROR - tty.usbmodem0006822145041: None: ERROR_INVALID_LENGTH
2019-07-03 19:44:37,664 - DEBUG - tty.usbmodem0006822145041: RX: 03840084
2019-07-03 19:44:37,664 - DEBUG - tty.usbmodem0006822145041: parsed_packet {event: CmdRsp, data: {'opcode': 0, 'status': 132, 'data': bytearray(b'')}}
2019-07-03 19:44:37,664 - ERROR - tty.usbmodem0006822145041: None: ERROR_INVALID_LENGTH
2019-07-03 19:44:37,664 - DEBUG - tty.usbmodem0006822145041: RX: 03840084
2019-07-03 19:44:37,664 - DEBUG - tty.usbmodem0006822145041: parsed_packet {event: CmdRsp, data: {'opcode': 0, 'status': 132, 'data': bytearray(b'')}}
2019-07-03 19:44:37,664 - ERROR - tty.usbmodem0006822145041: None: ERROR_INVALID_LENGTH
2019-07-03 19:44:37,665 - DEBUG - tty.usbmodem0006822145041: RX: 03840084
2019-07-03 19:44:37,665 - DEBUG - tty.usbmodem0006822145041: parsed_packet {event: CmdRsp, data: {'opcode': 0, 'status': 132, 'data': bytearray(b'')}}
2019-07-03 19:44:37,665 - ERROR - tty.usbmodem0006822145041: None: ERROR_INVALID_LENGTH
2019-07-03 19:44:37,665 - DEBUG - tty.usbmodem0006822145041: RX: 03840084
2019-07-03 19:44:37,665 - DEBUG - tty.usbmodem0006822145041: parsed_packet {event: CmdRsp, data: {'opcode': 0, 'status': 132, 'data': bytearray(b'')}}
2019-07-03 19:44:37,665 - ERROR - tty.usbmodem0006822145041: None: ERROR_INVALID_LENGTH
2019-07-03 19:44:37,665 - DEBUG - tty.usbmodem0006822145041: RX: 03840084
2019-07-03 19:44:37,665 - DEBUG - tty.usbmodem0006822145041: parsed_packet {event: CmdRsp, data: {'opcode': 0, 'status': 132, 'data': bytearray(b'')}}
2019-07-03 19:44:37,665 - ERROR - tty.usbmodem0006822145041: None: ERROR_INVALID_LENGTH
2019-07-03 19:44:37,666 - DEBUG - tty.usbmodem0006822145041: RX: 03840084
2019-07-03 19:44:37,666 - DEBUG - tty.usbmodem0006822145041: parsed_packet {event: CmdRsp, data: {'opcode': 0, 'status': 132, 'data': bytearray(b'')}}
2019-07-03 19:44:37,666 - ERROR - tty.usbmodem0006822145041: None: ERROR_INVALID_LENGTH
2019-07-03 19:44:37,666 - DEBUG - tty.usbmodem0006822145041: RX: 03849f00
2019-07-03 19:44:37,666 - DEBUG - tty.usbmodem0006822145041: parsed_packet {event: CmdRsp, data: {'opcode': 159, 'status': 0, 'data': bytearray(b'')}}
2019-07-03 19:44:37,666 - INFO - tty.usbmodem0006822145041: Success
2019-07-03 19:44:37,666 - DEBUG - tty.usbmodem0006822145041: RX: 058492000000
2019-07-03 19:44:37,666 - DEBUG - tty.usbmodem0006822145041: parsed_packet {event: CmdRsp, data: {'opcode': 146, 'status': 0, 'data': bytearray(b'\x00\x00')}}
2019-07-03 19:44:37,667 - INFO - tty.usbmodem0006822145041: SubnetAdd: {'subnet_handle': 0}
2019-07-03 19:44:37,667 - DEBUG - tty.usbmodem0006822145041: RX: 058497000000
2019-07-03 19:44:37,667 - DEBUG - tty.usbmodem0006822145041: parsed_packet {event: CmdRsp, data: {'opcode': 151, 'status': 0, 'data': bytearray(b'\x00\x00')}}
2019-07-03 19:44:37,667 - INFO - tty.usbmodem0006822145041: AppkeyAdd: {'appkey_handle': 0}
2019-07-03 19:44:37,669 - DEBUG - tty.usbmodem0006822145041: RX: 058497000100
2019-07-03 19:44:37,669 - DEBUG - tty.usbmodem0006822145041: parsed_packet {event: CmdRsp, data: {'opcode': 151, 'status': 0, 'data': bytearray(b'\x01\x00')}}
2019-07-03 19:44:37,670 - INFO - tty.usbmodem0006822145041: AppkeyAdd: {'appkey_handle': 1}
