2019-06-26 12:18:06,654 - DEBUG - tty.usbmodem0006822145041: Writing: 105 bytearray(b'\r\xb8\x8e\x83\rZ\xad\xbeTs\xe7r\x938Hhv\x01\xa3\xe4\x81\xd6H\x92ah\xa0 :\xe7\xe7\xbc\x0f45\x04\xc8$\xee\xf8 &gH\xa8\t\xf4Z\xac\xf4\xc7\xffA\\\xe0\x81t\xe1D\xdfg\x97\x84z \xd0\x1c\x90\x91\x80\xfb \xf6\x1f\x01.\nO-\t\xaa{/\xcf\x15Z\xed\xc2\xcc\xbe\xe9\xc5\xaa(]9')
2019-06-26 12:18:06,655 - DEBUG - tty.usbmodem0006822145041: TX: 61690db88e830d5aadbe5473e772933848687601a3e481d648926168a0203ae7e7bc0f343504c824eef820266748a809f45aacf4c7ff415ce08174e144df6797847a20d01c909180fb20f61f012e0a4f2d09aa7b2fcf155aedc2ccbee9c5aa285d39
2019-06-26 12:18:06,665 - DEBUG - tty.usbmodem0006822145041: RX: 03845384
2019-06-26 12:18:06,666 - DEBUG - tty.usbmodem0006822145041: parsed_packet {event: CmdRsp, data: {'opcode': 83, 'status': 132, 'data': bytearray(b'')}}
2019-06-26 12:18:06,666 - ERROR - tty.usbmodem0006822145041: None: ERROR_INVALID_LENGTH
2019-06-26 12:18:06,667 - DEBUG - tty.usbmodem0006822145041: Writing: 159 bytearray(b'\x01\x00\x01\x00')
2019-06-26 12:18:06,667 - DEBUG - tty.usbmodem0006822145041: TX: 059f01000100
2019-06-26 12:18:06,667 - DEBUG - tty.usbmodem0006822145041: RX: 03840084
2019-06-26 12:18:06,668 - DEBUG - tty.usbmodem0006822145041: parsed_packet {event: CmdRsp, data: {'opcode': 0, 'status': 132, 'data': bytearray(b'')}}
2019-06-26 12:18:06,668 - ERROR - tty.usbmodem0006822145041: None: ERROR_INVALID_LENGTH
2019-06-26 12:18:06,668 - DEBUG - tty.usbmodem0006822145041: Writing: 146 bytearray(b'\x00\x00\x18\xee\xd9\xc2\xa5j\xdd\x85\x04\x9f\xfc<Y\xad\x0e\x12')
2019-06-26 12:18:06,669 - DEBUG - tty.usbmodem0006822145041: TX: 1392000018eed9c2a56add85049ffc3c59ad0e12
2019-06-26 12:18:06,671 - DEBUG - tty.usbmodem0006822145041: RX: 03840084
2019-06-26 12:18:06,671 - DEBUG - tty.usbmodem0006822145041: parsed_packet {event: CmdRsp, data: {'opcode': 0, 'status': 132, 'data': bytearray(b'')}}
2019-06-26 12:18:06,672 - ERROR - tty.usbmodem0006822145041: None: ERROR_INVALID_LENGTH
2019-06-26 12:18:06,672 - DEBUG - tty.usbmodem0006822145041: Writing: 151 bytearray(b'\x00\x00\x00\x00Oh\xad\x85\xd9\xf4\x8a\xc8X\x9d\xf6e\xb6\xb4\x9b\x8a')
2019-06-26 12:18:06,672 - DEBUG - tty.usbmodem0006822145041: TX: 1597000000004f68ad85d9f48ac8589df665b6b49b8a
2019-06-26 12:18:06,672 - DEBUG - tty.usbmodem0006822145041: RX: 03840084
2019-06-26 12:18:06,673 - DEBUG - tty.usbmodem0006822145041: parsed_packet {event: CmdRsp, data: {'opcode': 0, 'status': 132, 'data': bytearray(b'')}}
2019-06-26 12:18:06,673 - ERROR - tty.usbmodem0006822145041: None: ERROR_INVALID_LENGTH
2019-06-26 12:18:06,673 - DEBUG - tty.usbmodem0006822145041: Writing: 151 bytearray(b'\x01\x00\x00\x00*\xa2\xa6\xde\xd5\xa0y\x8c\xea\xb5x|\xa3\xae9\xfc')
2019-06-26 12:18:06,673 - DEBUG - tty.usbmodem0006822145041: TX: 1597010000002aa2a6ded5a0798ceab5787ca3ae39fc
2019-06-26 12:18:06,674 - DEBUG - tty.usbmodem0006822145041: RX: 03840084
2019-06-26 12:18:06,674 - DEBUG - tty.usbmodem0006822145041: parsed_packet {event: CmdRsp, data: {'opcode': 0, 'status': 132, 'data': bytearray(b'')}}
2019-06-26 12:18:06,675 - ERROR - tty.usbmodem0006822145041: None: ERROR_INVALID_LENGTH
2019-06-26 12:18:06,675 - DEBUG - tty.usbmodem0006822145041: RX: 03840084
2019-06-26 12:18:06,675 - DEBUG - tty.usbmodem0006822145041: parsed_packet {event: CmdRsp, data: {'opcode': 0, 'status': 132, 'data': bytearray(b'')}}
2019-06-26 12:18:06,689 - ERROR - tty.usbmodem0006822145041: None: ERROR_INVALID_LENGTH
2019-06-26 12:18:06,690 - DEBUG - tty.usbmodem0006822145041: RX: 03840084
2019-06-26 12:18:06,690 - DEBUG - tty.usbmodem0006822145041: parsed_packet {event: CmdRsp, data: {'opcode': 0, 'status': 132, 'data': bytearray(b'')}}
2019-06-26 12:18:06,690 - ERROR - tty.usbmodem0006822145041: None: ERROR_INVALID_LENGTH
2019-06-26 12:18:06,691 - DEBUG - tty.usbmodem0006822145041: RX: 03840084
2019-06-26 12:18:06,691 - DEBUG - tty.usbmodem0006822145041: parsed_packet {event: CmdRsp, data: {'opcode': 0, 'status': 132, 'data': bytearray(b'')}}
2019-06-26 12:18:06,691 - ERROR - tty.usbmodem0006822145041: None: ERROR_INVALID_LENGTH
2019-06-26 12:18:06,691 - DEBUG - tty.usbmodem0006822145041: RX: 03840084
2019-06-26 12:18:06,692 - DEBUG - tty.usbmodem0006822145041: parsed_packet {event: CmdRsp, data: {'opcode': 0, 'status': 132, 'data': bytearray(b'')}}
2019-06-26 12:18:06,693 - ERROR - tty.usbmodem0006822145041: None: ERROR_INVALID_LENGTH
2019-06-26 12:18:06,694 - DEBUG - tty.usbmodem0006822145041: RX: 03840084
2019-06-26 12:18:06,694 - DEBUG - tty.usbmodem0006822145041: parsed_packet {event: CmdRsp, data: {'opcode': 0, 'status': 132, 'data': bytearray(b'')}}
2019-06-26 12:18:06,695 - ERROR - tty.usbmodem0006822145041: None: ERROR_INVALID_LENGTH
2019-06-26 12:18:06,695 - DEBUG - tty.usbmodem0006822145041: RX: 03840084
2019-06-26 12:18:06,695 - DEBUG - tty.usbmodem0006822145041: parsed_packet {event: CmdRsp, data: {'opcode': 0, 'status': 132, 'data': bytearray(b'')}}
2019-06-26 12:18:06,696 - ERROR - tty.usbmodem0006822145041: None: ERROR_INVALID_LENGTH
2019-06-26 12:18:06,696 - DEBUG - tty.usbmodem0006822145041: RX: 03840084
2019-06-26 12:18:06,704 - DEBUG - tty.usbmodem0006822145041: parsed_packet {event: CmdRsp, data: {'opcode': 0, 'status': 132, 'data': bytearray(b'')}}
2019-06-26 12:18:06,704 - ERROR - tty.usbmodem0006822145041: None: ERROR_INVALID_LENGTH
2019-06-26 12:18:06,705 - DEBUG - tty.usbmodem0006822145041: RX: 03840084
2019-06-26 12:18:06,705 - DEBUG - tty.usbmodem0006822145041: parsed_packet {event: CmdRsp, data: {'opcode': 0, 'status': 132, 'data': bytearray(b'')}}
2019-06-26 12:18:06,705 - ERROR - tty.usbmodem0006822145041: None: ERROR_INVALID_LENGTH
2019-06-26 12:18:06,705 - DEBUG - tty.usbmodem0006822145041: RX: 03849f00
2019-06-26 12:18:06,705 - DEBUG - tty.usbmodem0006822145041: parsed_packet {event: CmdRsp, data: {'opcode': 159, 'status': 0, 'data': bytearray(b'')}}
2019-06-26 12:18:06,705 - INFO - tty.usbmodem0006822145041: Success
2019-06-26 12:18:06,705 - DEBUG - tty.usbmodem0006822145041: RX: 058492000000
2019-06-26 12:18:06,705 - DEBUG - tty.usbmodem0006822145041: parsed_packet {event: CmdRsp, data: {'opcode': 146, 'status': 0, 'data': bytearray(b'\x00\x00')}}
2019-06-26 12:18:06,706 - INFO - tty.usbmodem0006822145041: SubnetAdd: {'subnet_handle': 0}
2019-06-26 12:18:06,706 - DEBUG - tty.usbmodem0006822145041: RX: 058497000000
2019-06-26 12:18:06,706 - DEBUG - tty.usbmodem0006822145041: parsed_packet {event: CmdRsp, data: {'opcode': 151, 'status': 0, 'data': bytearray(b'\x00\x00')}}
2019-06-26 12:18:06,706 - INFO - tty.usbmodem0006822145041: AppkeyAdd: {'appkey_handle': 0}
2019-06-26 12:18:06,706 - DEBUG - tty.usbmodem0006822145041: RX: 058497000100
2019-06-26 12:18:06,706 - DEBUG - tty.usbmodem0006822145041: parsed_packet {event: CmdRsp, data: {'opcode': 151, 'status': 0, 'data': bytearray(b'\x01\x00')}}
2019-06-26 12:18:06,707 - INFO - tty.usbmodem0006822145041: AppkeyAdd: {'appkey_handle': 1}
2019-06-26 12:18:09,454 - DEBUG - tty.usbmodem0006822145041: Writing: 97 bytearray(b'')
2019-06-26 12:18:09,454 - DEBUG - tty.usbmodem0006822145041: TX: 0161
2019-06-26 12:18:09,455 - DEBUG - tty.usbmodem0006822145041: RX: 03846100
2019-06-26 12:18:09,456 - DEBUG - tty.usbmodem0006822145041: parsed_packet {event: CmdRsp, data: {'opcode': 97, 'status': 0, 'data': bytearray(b'')}}
2019-06-26 12:18:09,456 - INFO - tty.usbmodem0006822145041: Success
2019-06-26 12:18:11,265 - DEBUG - tty.usbmodem0006822145041: RX: 1ac09db77a0526b8734988639509c242d107cc0001c8639509c2c2
2019-06-26 12:18:11,268 - DEBUG - tty.usbmodem0006822145041: parsed_packet {event: ProvUnprovisionedReceived, data: {'uuid': bytearray(b'\x9d\xb7z\x05&\xb8sI\x88c\x95\t\xc2B\xd1\x07'), 'rssi': -52, 'gatt_supported': 0, 'adv_addr_type': 1, 'adv_addr': bytearray(b'\xc8c\x95\t\xc2\xc2')}}
2019-06-26 12:18:11,268 - INFO - tty.usbmodem0006822145041: Received UUID 9db77a0526b8734988639509c242d107 with RSSI: -52 dB
2019-06-26 12:18:13,263 - DEBUG - tty.usbmodem0006822145041: RX: 1ac09db77a0526b8734988639509c242d107ce0001c8639509c2c2
2019-06-26 12:18:13,264 - DEBUG - tty.usbmodem0006822145041: parsed_packet {event: ProvUnprovisionedReceived, data: {'uuid': bytearray(b'\x9d\xb7z\x05&\xb8sI\x88c\x95\t\xc2B\xd1\x07'), 'rssi': -50, 'gatt_supported': 0, 'adv_addr_type': 1, 'adv_addr': bytearray(b'\xc8c\x95\t\xc2\xc2')}}
2019-06-26 12:18:14,839 - DEBUG - tty.usbmodem0006822145041: Writing: 98 bytearray(b'')
2019-06-26 12:18:14,846 - DEBUG - tty.usbmodem0006822145041: TX: 0162
2019-06-26 12:18:14,846 - DEBUG - tty.usbmodem0006822145041: Writing: 99 bytearray(b'\x00\x9d\xb7z\x05&\xb8sI\x88c\x95\t\xc2B\xd1\x07\x18\xee\xd9\xc2\xa5j\xdd\x85\x04\x9f\xfc<Y\xad\x0e\x12\x00\x00\x00\x00\x00\x00\x11\x00\x00\x00\x00')
2019-06-26 12:18:14,846 - DEBUG - tty.usbmodem0006822145041: TX: 2d63009db77a0526b8734988639509c242d10718eed9c2a56add85049ffc3c59ad0e120000000000001100000000
2019-06-26 12:18:14,889 - DEBUG - tty.usbmodem0006822145041: RX: 03846200
2019-06-26 12:18:14,891 - DEBUG - tty.usbmodem0006822145041: parsed_packet {event: CmdRsp, data: {'opcode': 98, 'status': 0, 'data': bytearray(b'')}}
2019-06-26 12:18:14,891 - INFO - tty.usbmodem0006822145041: Success
2019-06-26 12:18:14,917 - DEBUG - tty.usbmodem0006822145041: RX: 0484630000
2019-06-26 12:18:14,925 - DEBUG - tty.usbmodem0006822145041: parsed_packet {event: CmdRsp, data: {'opcode': 99, 'status': 0, 'data': bytearray(b'\x00')}}
2019-06-26 12:18:14,935 - INFO - tty.usbmodem0006822145041: Provision: {'context': 0}
2019-06-26 12:18:14,950 - DEBUG - tty.usbmodem0006822145041: RX: 02c100
2019-06-26 12:18:14,950 - DEBUG - tty.usbmodem0006822145041: parsed_packet {event: ProvLinkEstablished, data: {'context_id': 0}}
2019-06-26 12:18:14,962 - INFO - tty.usbmodem0006822145041: Link established
2019-06-26 12:18:14,964 - DEBUG - tty.usbmodem0006822145041: RX: 0bc300010001000000000000
2019-06-26 12:18:14,964 - DEBUG - tty.usbmodem0006822145041: parsed_packet {event: ProvCapsReceived, data: {'context_id': 0, 'num_elements': 1, 'public_key_type': 0, 'static_oob_types': 1, 'output_oob_size': 0, 'output_oob_actions': 0, 'input_oob_size': 0, 'input_oob_actions': 0}}
2019-06-26 12:18:14,964 - INFO - tty.usbmodem0006822145041: Received capabilities
2019-06-26 12:18:14,964 - INFO - tty.usbmodem0006822145041: Number of elements: 1
2019-06-26 12:18:14,965 - DEBUG - tty.usbmodem0006822145041: Writing: 102 bytearray(b'\x00\x00\x00\x00')
2019-06-26 12:18:14,965 - DEBUG - tty.usbmodem0006822145041: TX: 056600000000
2019-06-26 12:18:14,968 - DEBUG - tty.usbmodem0006822145041: RX: 0484660000
2019-06-26 12:18:14,968 - DEBUG - tty.usbmodem0006822145041: parsed_packet {event: CmdRsp, data: {'opcode': 102, 'status': 0, 'data': bytearray(b'\x00')}}
2019-06-26 12:18:14,977 - INFO - tty.usbmodem0006822145041: OobUse: {'context': 0}
2019-06-26 12:18:15,160 - DEBUG - tty.usbmodem0006822145041: RX: 62c700f2f1d15f9106fb65478ab2a9a712cb6ec4ca4b934f1f42cec5f2bddb32b616a8fe11a260c9ee2d1f2a929be79ec4709a469cb98b402efbab8e915ef102a6e9f389011348c3abc6f8e3685dc1b2e60e32aec06e84a581ded076a4d3caae1825e4
2019-06-26 12:18:15,161 - DEBUG - tty.usbmodem0006822145041: parsed_packet {event: ProvEcdhRequest, data: {'context_id': 0, 'peer_public': bytearray(b'\xf2\xf1\xd1_\x91\x06\xfbeG\x8a\xb2\xa9\xa7\x12\xcbn\xc4\xcaK\x93O\x1fB\xce\xc5\xf2\xbd\xdb2\xb6\x16\xa8\xfe\x11\xa2`\xc9\xee-\x1f*\x92\x9b\xe7\x9e\xc4p\x9aF\x9c\xb9\x8b@.\xfb\xab\x8e\x91^\xf1\x02\xa6\xe9\xf3'), 'node_private': bytearray(b'\x89\x01\x13H\xc3\xab\xc6\xf8\xe3h]\xc1\xb2\xe6\x0e2\xae\xc0n\x84\xa5\x81\xde\xd0v\xa4\xd3\xca\xae\x18%\xe4')}}
2019-06-26 12:18:15,161 - INFO - tty.usbmodem0006822145041: ECDH request received
2019-06-26 12:18:15,162 - DEBUG - tty.usbmodem0006822145041: Writing: 104 bytearray(b'\x00\xec_\x90\xcfc\xd48U\xa1\x8eQ\x17\xa8\xf3*r\xda-vQ;\x8a\x0e\xe7K`B#pB\xcbA')
2019-06-26 12:18:15,163 - DEBUG - tty.usbmodem0006822145041: TX: 226800ec5f90cf63d43855a18e5117a8f32a72da2d76513b8a0ee74b6042237042cb41
2019-06-26 12:18:15,168 - DEBUG - tty.usbmodem0006822145041: RX: 0484680000
2019-06-26 12:18:15,169 - DEBUG - tty.usbmodem0006822145041: parsed_packet {event: CmdRsp, data: {'opcode': 104, 'status': 0, 'data': bytearray(b'\x00')}}
2019-06-26 12:18:15,169 - INFO - tty.usbmodem0006822145041: EcdhSecret: {'context': 0}
2019-06-26 12:18:15,528 - DEBUG - tty.usbmodem0006822145041: RX: 2cc50000000000000011000000864af191c746017c72fa8abc6a6e9e3518eed9c2a56add85049ffc3c59ad0e12
2019-06-26 12:18:15,529 - DEBUG - tty.usbmodem0006822145041: parsed_packet {event: ProvComplete, data: {'context_id': 0, 'iv_index': 0, 'net_key_index': 0, 'address': 17, 'iv_update_flag': 0, 'key_refresh_flag': 0, 'device_key': bytearray(b'\x86J\xf1\x91\xc7F\x01|r\xfa\x8a\xbcjn\x9e5'), 'net_key': bytearray(b'\x18\xee\xd9\xc2\xa5j\xdd\x85\x04\x9f\xfc<Y\xad\x0e\x12')}}
2019-06-26 12:18:15,529 - INFO - tty.usbmodem0006822145041: Provisioning complete
2019-06-26 12:18:15,529 - INFO - tty.usbmodem0006822145041: 	Address(es): 0x11-0x11
2019-06-26 12:18:15,530 - INFO - tty.usbmodem0006822145041: 	Device key: 864af191c746017c72fa8abc6a6e9e35
2019-06-26 12:18:15,530 - INFO - tty.usbmodem0006822145041: 	Network key: 18eed9c2a56add85049ffc3c59ad0e12
2019-06-26 12:18:15,530 - INFO - tty.usbmodem0006822145041: Adding device key to subnet 0
2019-06-26 12:18:15,530 - INFO - tty.usbmodem0006822145041: Adding publication address of root element
2019-06-26 12:18:15,530 - DEBUG - tty.usbmodem0006822145041: Writing: 156 bytearray(b'\x11\x00\x00\x00\x86J\xf1\x91\xc7F\x01|r\xfa\x8a\xbcjn\x9e5')
2019-06-26 12:18:15,531 - DEBUG - tty.usbmodem0006822145041: TX: 159c11000000864af191c746017c72fa8abc6a6e9e35
2019-06-26 12:18:15,532 - DEBUG - tty.usbmodem0006822145041: Writing: 164 bytearray(b'\x11\x00')
2019-06-26 12:18:15,532 - DEBUG - tty.usbmodem0006822145041: TX: 03a41100
2019-06-26 12:18:15,536 - DEBUG - tty.usbmodem0006822145041: RX: 05849c000800
2019-06-26 12:18:15,536 - DEBUG - tty.usbmodem0006822145041: parsed_packet {event: CmdRsp, data: {'opcode': 156, 'status': 0, 'data': bytearray(b'\x08\x00')}}
2019-06-26 12:18:15,536 - INFO - tty.usbmodem0006822145041: DevkeyAdd: {'devkey_handle': 8}
2019-06-26 12:18:15,536 - DEBUG - tty.usbmodem0006822145041: RX: 0584a4000000
2019-06-26 12:18:15,537 - DEBUG - tty.usbmodem0006822145041: parsed_packet {event: CmdRsp, data: {'opcode': 164, 'status': 0, 'data': bytearray(b'\x00\x00')}}
2019-06-26 12:18:15,537 - INFO - tty.usbmodem0006822145041: AddrPublicationAdd: {'address_handle': 0}
2019-06-26 12:18:15,640 - DEBUG - tty.usbmodem0006822145041: RX: 03c20000
2019-06-26 12:18:15,640 - DEBUG - tty.usbmodem0006822145041: parsed_packet {event: ProvLinkClosed, data: {'context_id': 0, 'close_reason': 0}}
2019-06-26 12:18:15,640 - INFO - tty.usbmodem0006822145041: Provisioning link closed
2019-06-26 12:18:34,793 - DEBUG - tty.usbmodem0006822145041.ConfigurationClient: Sending opcode: 8008, data: 00
2019-06-26 12:18:34,793 - DEBUG - tty.usbmodem0006822145041.ConfigurationClient: Sending opcode: 00, data: 0000004f68ad85d9f48ac8589df665b6b49b8a
2019-06-26 12:18:34,793 - DEBUG - tty.usbmodem0006822145041: Writing: 171 bytearray(b'\x08\x00\x01\x00\x00\x00\x08\x00\x00\x00\x80\x08\x00')
2019-06-26 12:18:34,793 - DEBUG - tty.usbmodem0006822145041: TX: 0eab08000100000008000000800800
2019-06-26 12:18:34,793 - DEBUG - tty.usbmodem0006822145041: Writing: 171 bytearray(b'\x08\x00\x01\x00\x00\x00\x08\x00\x00\x00\x00\x00\x00\x00Oh\xad\x85\xd9\xf4\x8a\xc8X\x9d\xf6e\xb6\xb4\x9b\x8a')
2019-06-26 12:18:34,794 - DEBUG - tty.usbmodem0006822145041: TX: 1fab08000100000008000000000000004f68ad85d9f48ac8589df665b6b49b8a
2019-06-26 12:18:34,797 - DEBUG - tty.usbmodem0006822145041: RX: 0784ab0001000000
2019-06-26 12:18:34,797 - DEBUG - tty.usbmodem0006822145041: parsed_packet {event: CmdRsp, data: {'opcode': 171, 'status': 0, 'data': bytearray(b'\x01\x00\x00\x00')}}
2019-06-26 12:18:34,797 - INFO - tty.usbmodem0006822145041: PacketSend: {'token': 1}
2019-06-26 12:18:34,800 - DEBUG - tty.usbmodem0006822145041: RX: 0784ab0002000000
2019-06-26 12:18:34,800 - DEBUG - tty.usbmodem0006822145041: parsed_packet {event: CmdRsp, data: {'opcode': 171, 'status': 0, 'data': bytearray(b'\x02\x00\x00\x00')}}
2019-06-26 12:18:34,800 - INFO - tty.usbmodem0006822145041: PacketSend: {'token': 2}
2019-06-26 12:18:34,808 - DEBUG - tty.usbmodem0006822145041: RX: 05d201000000
2019-06-26 12:18:34,808 - DEBUG - tty.usbmodem0006822145041: parsed_packet {event: MeshTxComplete, data: {'token': 1}}
2019-06-26 12:18:34,809 - INFO - tty.usbmodem0006822145041: {event: MeshTxComplete, data: {'token': 1}}
2019-06-26 12:18:34,870 - DEBUG - tty.usbmodem0006822145041: RX: 2ad011000100080000000401c8639509c2c2c7160002005900000000002800030000000300000002000010
2019-06-26 12:18:34,870 - DEBUG - tty.usbmodem0006822145041: parsed_packet {event: MeshMessageReceivedUnicast, data: {'src': 17, 'dst': 1, 'appkey_handle': 8, 'subnet_handle': 0, 'ttl': 4, 'adv_addr_type': 1, 'adv_addr': bytearray(b'\xc8c\x95\t\xc2\xc2'), 'rssi': -57, 'actual_length': 22, 'data': bytearray(b'\x02\x00Y\x00\x00\x00\x00\x00(\x00\x03\x00\x00\x00\x03\x00\x00\x00\x02\x00\x00\x10')}}
2019-06-26 12:18:34,875 - INFO - tty.usbmodem0006822145041.ConfigurationClient: Received composition data (page 0x00): {
  "cid": "0059",
  "pid": "0000",
  "vid": "0000",
  "crpl": 40,
  "features": {
    "relay": 0,
    "proxy": 0,
    "friend": 2,
    "low_power": 2
  },
  "elements": [
    {
      "index": 0,
      "location": "0000",
      "models": [
        {
          "modelId": "0000"
        },
        {
          "modelId": "0002"
        },
        {
          "modelId": "1000"
        }
      ]
    }
  ]
}
2019-06-26 12:18:34,888 - DEBUG - tty.usbmodem0006822145041: RX: 05d202000000
2019-06-26 12:18:34,889 - DEBUG - tty.usbmodem0006822145041: parsed_packet {event: MeshTxComplete, data: {'token': 2}}
2019-06-26 12:18:34,889 - INFO - tty.usbmodem0006822145041: {event: MeshTxComplete, data: {'token': 2}}
2019-06-26 12:18:34,927 - DEBUG - tty.usbmodem0006822145041: RX: 1ad011000100080000000401c8639509c2c2ca0600800300000000
2019-06-26 12:18:34,927 - DEBUG - tty.usbmodem0006822145041: parsed_packet {event: MeshMessageReceivedUnicast, data: {'src': 17, 'dst': 1, 'appkey_handle': 8, 'subnet_handle': 0, 'ttl': 4, 'adv_addr_type': 1, 'adv_addr': bytearray(b'\xc8c\x95\t\xc2\xc2'), 'rssi': -54, 'actual_length': 6, 'data': bytearray(b'\x80\x03\x00\x00\x00\x00')}}
2019-06-26 12:18:34,928 - INFO - tty.usbmodem0006822145041.ConfigurationClient: Appkey status: AccessStatus.SUCCESS
2019-06-26 12:18:34,936 - INFO - tty.usbmodem0006822145041.ConfigurationClient: Appkey add 0 succeded for subnet 0 at node 0011
2019-06-26 12:18:41,387 - DEBUG - tty.usbmodem0006822145041.ConfigurationClient: Sending opcode: 803d, data: 100000000010
2019-06-26 12:18:41,388 - DEBUG - tty.usbmodem0006822145041: Writing: 171 bytearray(b'\x08\x00\x01\x00\x00\x00\x08\x00\x00\x00\x80=\x10\x00\x00\x00\x00\x10')
2019-06-26 12:18:41,388 - DEBUG - tty.usbmodem0006822145041: TX: 13ab08000100000008000000803d100000000010
2019-06-26 12:18:41,392 - DEBUG - tty.usbmodem0006822145041: RX: 0784ab0003000000
2019-06-26 12:18:41,394 - DEBUG - tty.usbmodem0006822145041: parsed_packet {event: CmdRsp, data: {'opcode': 171, 'status': 0, 'data': bytearray(b'\x03\x00\x00\x00')}}
2019-06-26 12:18:41,395 - INFO - tty.usbmodem0006822145041: PacketSend: {'token': 3}
2019-06-26 12:18:41,399 - DEBUG - tty.usbmodem0006822145041: RX: 05d203000000
2019-06-26 12:18:41,400 - DEBUG - tty.usbmodem0006822145041: parsed_packet {event: MeshTxComplete, data: {'token': 3}}
2019-06-26 12:18:41,400 - INFO - tty.usbmodem0006822145041: {event: MeshTxComplete, data: {'token': 3}}
2019-06-26 12:18:48,815 - DEBUG - tty.usbmodem0006822145041: Writing: 164 bytearray(b'\x01\xc0')
2019-06-26 12:18:48,815 - DEBUG - tty.usbmodem0006822145041: TX: 03a401c0
2019-06-26 12:18:48,817 - DEBUG - tty.usbmodem0006822145041: RX: 0584a4000100
2019-06-26 12:18:48,817 - DEBUG - tty.usbmodem0006822145041: parsed_packet {event: CmdRsp, data: {'opcode': 164, 'status': 0, 'data': bytearray(b'\x01\x00')}}
2019-06-26 12:18:48,818 - INFO - tty.usbmodem0006822145041: AddrPublicationAdd: {'address_handle': 1}
2019-06-26 12:18:50,818 - DEBUG - tty.usbmodem0006822145041.ConfigurationClient: Sending opcode: 801b, data: 100001c00010
2019-06-26 12:18:50,820 - DEBUG - tty.usbmodem0006822145041: Writing: 171 bytearray(b'\x08\x00\x01\x00\x00\x00\x08\x00\x00\x00\x80\x1b\x10\x00\x01\xc0\x00\x10')
2019-06-26 12:18:50,821 - DEBUG - tty.usbmodem0006822145041: TX: 13ab08000100000008000000801b100001c00010
2019-06-26 12:18:50,827 - DEBUG - tty.usbmodem0006822145041: RX: 0784ab0004000000
2019-06-26 12:18:50,828 - DEBUG - tty.usbmodem0006822145041: parsed_packet {event: CmdRsp, data: {'opcode': 171, 'status': 0, 'data': bytearray(b'\x04\x00\x00\x00')}}
2019-06-26 12:18:50,828 - INFO - tty.usbmodem0006822145041: PacketSend: {'token': 4}
2019-06-26 12:18:50,845 - DEBUG - tty.usbmodem0006822145041: RX: 05d204000000
2019-06-26 12:18:50,846 - DEBUG - tty.usbmodem0006822145041: parsed_packet {event: MeshTxComplete, data: {'token': 4}}
2019-06-26 12:18:50,847 - INFO - tty.usbmodem0006822145041: {event: MeshTxComplete, data: {'token': 4}}
2019-06-26 12:18:50,866 - DEBUG - tty.usbmodem0006822145041: RX: 1dd011000100080000000401c8639509c2c2cb0900801f01100001c00010
2019-06-26 12:18:50,867 - DEBUG - tty.usbmodem0006822145041: parsed_packet {event: MeshMessageReceivedUnicast, data: {'src': 17, 'dst': 1, 'appkey_handle': 8, 'subnet_handle': 0, 'ttl': 4, 'adv_addr_type': 1, 'adv_addr': bytearray(b'\xc8c\x95\t\xc2\xc2'), 'rssi': -53, 'actual_length': 9, 'data': bytearray(b'\x80\x1f\x01\x10\x00\x01\xc0\x00\x10')}}
2019-06-26 12:18:50,871 - INFO - tty.usbmodem0006822145041.ConfigurationClient: Model subscription status: AccessStatus.INVALID_ADDRESS
2019-06-26 12:19:08,488 - DEBUG - tty.usbmodem0006822145041: Writing: 164 bytearray(b'\x01\xc0')
2019-06-26 12:19:08,488 - DEBUG - tty.usbmodem0006822145041: TX: 03a401c0
2019-06-26 12:19:08,491 - DEBUG - tty.usbmodem0006822145041: RX: 0584a4000100
2019-06-26 12:19:08,491 - DEBUG - tty.usbmodem0006822145041: parsed_packet {event: CmdRsp, data: {'opcode': 164, 'status': 0, 'data': bytearray(b'\x01\x00')}}
2019-06-26 12:19:08,492 - INFO - tty.usbmodem0006822145041: AddrPublicationAdd: {'address_handle': 1}
2019-06-26 12:19:10,493 - DEBUG - tty.usbmodem0006822145041.ConfigurationClient: Sending opcode: 801b, data: 100001c00010
2019-06-26 12:19:10,493 - DEBUG - tty.usbmodem0006822145041: Writing: 171 bytearray(b'\x08\x00\x01\x00\x00\x00\x08\x00\x00\x00\x80\x1b\x10\x00\x01\xc0\x00\x10')
2019-06-26 12:19:10,494 - DEBUG - tty.usbmodem0006822145041: TX: 13ab08000100000008000000801b100001c00010
2019-06-26 12:19:10,499 - DEBUG - tty.usbmodem0006822145041: RX: 0784ab0005000000
2019-06-26 12:19:10,499 - DEBUG - tty.usbmodem0006822145041: parsed_packet {event: CmdRsp, data: {'opcode': 171, 'status': 0, 'data': bytearray(b'\x05\x00\x00\x00')}}
2019-06-26 12:19:10,499 - INFO - tty.usbmodem0006822145041: PacketSend: {'token': 5}
2019-06-26 12:19:10,510 - DEBUG - tty.usbmodem0006822145041: RX: 05d205000000
2019-06-26 12:19:10,511 - DEBUG - tty.usbmodem0006822145041: parsed_packet {event: MeshTxComplete, data: {'token': 5}}
2019-06-26 12:19:10,511 - INFO - tty.usbmodem0006822145041: {event: MeshTxComplete, data: {'token': 5}}
2019-06-26 12:19:10,545 - DEBUG - tty.usbmodem0006822145041: RX: 1dd011000100080000000401c8639509c2c2c50900801f01100001c00010
2019-06-26 12:19:10,546 - DEBUG - tty.usbmodem0006822145041: parsed_packet {event: MeshMessageReceivedUnicast, data: {'src': 17, 'dst': 1, 'appkey_handle': 8, 'subnet_handle': 0, 'ttl': 4, 'adv_addr_type': 1, 'adv_addr': bytearray(b'\xc8c\x95\t\xc2\xc2'), 'rssi': -59, 'actual_length': 9, 'data': bytearray(b'\x80\x1f\x01\x10\x00\x01\xc0\x00\x10')}}
2019-06-26 12:19:10,546 - INFO - tty.usbmodem0006822145041.ConfigurationClient: Model subscription status: AccessStatus.INVALID_ADDRESS
