2019-08-19 12:25:48,416 - INFO: 

2019-08-19 12:25:48,416 - DEBUG: Writing: 105 bytearray(b'\x04\x94\xac)\x92\xe64\xectM\x81\x9c\x9a\x99&\xabB\xad\xb9\x80z\x93\x1d\x91lC\xedT\xcb\xf3\xf1\x1df\xd4\xb8\xabX\xff\x07Y\x08YT\x8f8\x96\xcc\x90\xb7\x93*\xf0x\x8d2\xc5k\x1ex\x12\x00w\xe2\xe2\x9b\x84>M\xa8\x04J\x99\xf5l\xa4\xdfp\xdb\'p\xdb\xbbRpD]\xc7(\xe9rh\xc6\x9d\x86\xd3"')
2019-08-19 12:25:48,417 - DEBUG: TX: 61690494ac2992e634ec744d819c9a9926ab42adb9807a931d916c43ed54cbf3f11d66d4b8ab58ff07590859548f3896cc90b7932af0788d32c56b1e78120077e2e29b843e4da8044a99f56ca4df70db2770dbbb5270445dc728e97268c69d86d322
2019-08-19 12:25:48,416 - INFO: Sending next message
2019-08-19 12:25:48,427 - DEBUG: RX: 03538403
2019-08-19 12:25:48,427 - ERROR: Unable to deserialize 03538403
2019-08-19 12:25:50,422 - INFO: cmd KeypairSet, timeout waiting for event
2019-08-19 12:25:50,446 - DEBUG: Writing: 159 bytearray(b'\x01\x00\x01\x00')
2019-08-19 12:25:50,446 - DEBUG: TX: 059f01000100
2019-08-19 12:25:52,419 - INFO: Timout handler timeout
2019-08-19 12:25:52,448 - INFO: cmd AddrLocalUnicastSet, timeout waiting for event
2019-08-19 12:25:52,470 - DEBUG: Writing: 146 bytearray(b'\x00\x00\x18\xee\xd9\xc2\xa5j\xdd\x85\x04\x9f\xfc<Y\xad\x0e\x12')
2019-08-19 12:25:52,473 - DEBUG: TX: 1392000018eed9c2a56add85049ffc3c59ad0e12
2019-08-19 12:25:54,483 - INFO: cmd SubnetAdd, timeout waiting for event
2019-08-19 12:25:54,507 - DEBUG: Writing: 151 bytearray(b'\x00\x00\x00\x00Oh\xad\x85\xd9\xf4\x8a\xc8X\x9d\xf6e\xb6\xb4\x9b\x8a')
2019-08-19 12:25:54,508 - DEBUG: TX: 1597000000004f68ad85d9f48ac8589df665b6b49b8a
2019-08-19 12:25:56,425 - INFO: Timout handler timeout
2019-08-19 12:25:56,513 - INFO: cmd AppkeyAdd, timeout waiting for event
2019-08-19 12:25:56,536 - DEBUG: Writing: 151 bytearray(b'\x01\x00\x00\x00*\xa2\xa6\xde\xd5\xa0y\x8c\xea\xb5x|\xa3\xae9\xfc')
2019-08-19 12:25:56,536 - DEBUG: TX: 1597010000002aa2a6ded5a0798ceab5787ca3ae39fc
2019-08-19 12:25:58,541 - INFO: cmd AppkeyAdd, timeout waiting for event
2019-08-19 12:25:58,563 - DEBUG: Writing: 159 bytearray(b'\x01\x00\x01\x00')
2019-08-19 12:25:58,563 - DEBUG: TX: 059f01000100
2019-08-19 12:26:00,431 - INFO: Timout handler timeout
2019-08-19 12:26:00,568 - INFO: cmd AddrLocalUnicastSet, timeout waiting for event
2019-08-19 12:26:00,594 - DEBUG: Writing: 146 bytearray(b'\x00\x00\x18\xee\xd9\xc2\xa5j\xdd\x85\x04\x9f\xfc<Y\xad\x0e\x12')
2019-08-19 12:26:00,595 - DEBUG: TX: 1392000018eed9c2a56add85049ffc3c59ad0e12
2019-08-19 12:26:02,598 - INFO: cmd SubnetAdd, timeout waiting for event
2019-08-19 12:26:02,622 - DEBUG: Writing: 151 bytearray(b'\x00\x00\x00\x00Oh\xad\x85\xd9\xf4\x8a\xc8X\x9d\xf6e\xb6\xb4\x9b\x8a')
2019-08-19 12:26:02,627 - DEBUG: TX: 1597000000004f68ad85d9f48ac8589df665b6b49b8a
2019-08-19 12:26:04,441 - INFO: Timout handler timeout
2019-08-19 12:26:04,636 - INFO: cmd AppkeyAdd, timeout waiting for event
2019-08-19 12:26:04,661 - DEBUG: Writing: 151 bytearray(b'\x01\x00\x00\x00*\xa2\xa6\xde\xd5\xa0y\x8c\xea\xb5x|\xa3\xae9\xfc')
2019-08-19 12:26:04,661 - DEBUG: TX: 1597010000002aa2a6ded5a0798ceab5787ca3ae39fc
2019-08-19 12:26:06,667 - INFO: cmd AppkeyAdd, timeout waiting for event
2019-08-19 12:26:06,694 - DEBUG: Writing: 161 bytearray(b'\x01\xc0')
2019-08-19 12:26:06,694 - DEBUG: TX: 03a101c0
2019-08-19 12:26:08,445 - INFO: Timout handler timeout
2019-08-19 12:26:08,721 - INFO: cmd AddrSubscriptionAdd, timeout waiting for event
2019-08-19 12:26:08,745 - DEBUG: Writing: 161 bytearray(b'\x01\xc0')
2019-08-19 12:26:08,746 - DEBUG: TX: 03a101c0
2019-08-19 12:26:10,774 - INFO: cmd AddrSubscriptionAdd, timeout waiting for event
2019-08-19 12:26:10,798 - DEBUG: Writing: 161 bytearray(b'\x01\xc0')
2019-08-19 12:26:10,799 - DEBUG: TX: 03a101c0
2019-08-19 12:26:12,449 - INFO: Timout handler timeout
2019-08-19 12:26:12,802 - INFO: cmd AddrSubscriptionAdd, timeout waiting for event
2019-08-19 12:26:12,823 - DEBUG: Writing: 161 bytearray(b'\x01\xc0')
2019-08-19 12:26:12,824 - DEBUG: TX: 03a101c0
2019-08-19 12:26:14,958 - INFO: cmd AddrSubscriptionAdd, timeout waiting for event
2019-08-19 12:26:14,982 - DEBUG: Writing: 161 bytearray(b'\x01\xc0')
2019-08-19 12:26:14,982 - DEBUG: TX: 03a101c0
2019-08-19 12:26:16,460 - INFO: Timout handler timeout
2019-08-19 12:26:17,033 - INFO: cmd AddrSubscriptionAdd, timeout waiting for event
2019-08-19 12:26:17,057 - DEBUG: Writing: 161 bytearray(b'\x01\xc0')
2019-08-19 12:26:17,058 - DEBUG: TX: 03a101c0
