2019-07-22 15:07:32,262 - DEBUG - tty.usbmodem0006822145041: Writing: 105 bytearray(b'\xbaz\x84\x15\x0e\x93V\x8f\xb2\xa1-y\x17\xdb\x1eA\x0c\xea5\x93\xf0\x99\x15j\x90\xf5\xb0\xd1\xb6.\x8e&\x1f/W-\x80b!X\xc9\xc2#\x068\x13\x8f\xbe3F\xf9\x81>\x9c\xb5\xa9\'\xc7\x88\xab\xa4\x05\x963\xb7\xf3\xd1"\x00\x18K\xc6\xec\xf6\x7f|\x81\xd4C\xcb\x84\xd6\xb6s]x\x9a)\n\xd3\xfc\xd4\xabH\x99E')
2019-07-22 15:07:32,265 - DEBUG - tty.usbmodem0006822145041: TX: 6169ba7a84150e93568fb2a12d7917db1e410cea3593f099156a90f5b0d1b62e8e261f2f572d80622158c9c2230638138fbe3346f9813e9cb5a927c788aba4059633b7f3d12200184bc6ecf67f7c81d443cb84d6b6735d789a290ad3fcd4ab489945
2019-07-22 15:07:32,274 - INFO - tty.usbmodem0006822145041: 

2019-07-22 15:07:32,274 - INFO - tty.usbmodem0006822145041: Sending next message
2019-07-22 15:07:32,284 - DEBUG - tty.usbmodem0006822145041: RX: 03845384
2019-07-22 15:07:32,285 - DEBUG - tty.usbmodem0006822145041: parsed_packet {event: CmdRsp, data: {'opcode': 83, 'status': 132, 'data': bytearray(b'')}}
2019-07-22 15:07:32,286 - ERROR - tty.usbmodem0006822145041: None: ERROR_INVALID_LENGTH
2019-07-22 15:07:32,286 - DEBUG - tty.usbmodem0006822145041: Writing: 159 bytearray(b'\x01\x00\x01\x00')
2019-07-22 15:07:32,287 - DEBUG - tty.usbmodem0006822145041: TX: 059f01000100
2019-07-22 15:07:32,288 - DEBUG - tty.usbmodem0006822145041: RX: 03840084
2019-07-22 15:07:32,293 - DEBUG - tty.usbmodem0006822145041: parsed_packet {event: CmdRsp, data: {'opcode': 0, 'status': 132, 'data': bytearray(b'')}}
2019-07-22 15:07:32,294 - ERROR - tty.usbmodem0006822145041: None: ERROR_INVALID_LENGTH
2019-07-22 15:07:32,294 - DEBUG - tty.usbmodem0006822145041: Writing: 146 bytearray(b'\x00\x00\x18\xee\xd9\xc2\xa5j\xdd\x85\x04\x9f\xfc<Y\xad\x0e\x12')
2019-07-22 15:07:32,295 - DEBUG - tty.usbmodem0006822145041: TX: 1392000018eed9c2a56add85049ffc3c59ad0e12
2019-07-22 15:07:32,295 - DEBUG - tty.usbmodem0006822145041: RX: 03840084
2019-07-22 15:07:32,295 - DEBUG - tty.usbmodem0006822145041: parsed_packet {event: CmdRsp, data: {'opcode': 0, 'status': 132, 'data': bytearray(b'')}}
2019-07-22 15:07:32,296 - ERROR - tty.usbmodem0006822145041: None: ERROR_INVALID_LENGTH
2019-07-22 15:07:32,296 - DEBUG - tty.usbmodem0006822145041: Writing: 151 bytearray(b'\x00\x00\x00\x00Oh\xad\x85\xd9\xf4\x8a\xc8X\x9d\xf6e\xb6\xb4\x9b\x8a')
2019-07-22 15:07:32,296 - DEBUG - tty.usbmodem0006822145041: TX: 1597000000004f68ad85d9f48ac8589df665b6b49b8a
2019-07-22 15:07:32,296 - DEBUG - tty.usbmodem0006822145041: RX: 03840084
2019-07-22 15:07:32,296 - DEBUG - tty.usbmodem0006822145041: parsed_packet {event: CmdRsp, data: {'opcode': 0, 'status': 132, 'data': bytearray(b'')}}
2019-07-22 15:07:32,305 - ERROR - tty.usbmodem0006822145041: None: ERROR_INVALID_LENGTH
2019-07-22 15:07:32,306 - DEBUG - tty.usbmodem0006822145041: Writing: 151 bytearray(b'\x01\x00\x00\x00*\xa2\xa6\xde\xd5\xa0y\x8c\xea\xb5x|\xa3\xae9\xfc')
2019-07-22 15:07:32,306 - DEBUG - tty.usbmodem0006822145041: TX: 1597010000002aa2a6ded5a0798ceab5787ca3ae39fc
2019-07-22 15:07:32,307 - DEBUG - tty.usbmodem0006822145041: RX: 03840084
2019-07-22 15:07:32,307 - DEBUG - tty.usbmodem0006822145041: parsed_packet {event: CmdRsp, data: {'opcode': 0, 'status': 132, 'data': bytearray(b'')}}
2019-07-22 15:07:32,307 - ERROR - tty.usbmodem0006822145041: None: ERROR_INVALID_LENGTH
2019-07-22 15:07:32,307 - DEBUG - tty.usbmodem0006822145041: Writing: 164 bytearray(b'\x10\x00')
2019-07-22 15:07:32,308 - DEBUG - tty.usbmodem0006822145041: TX: 03a41000
2019-07-22 15:07:32,308 - DEBUG - tty.usbmodem0006822145041: RX: 03840084
2019-07-22 15:07:32,308 - DEBUG - tty.usbmodem0006822145041: parsed_packet {event: CmdRsp, data: {'opcode': 0, 'status': 132, 'data': bytearray(b'')}}
2019-07-22 15:07:32,308 - ERROR - tty.usbmodem0006822145041: None: ERROR_INVALID_LENGTH
2019-07-22 15:07:32,309 - DEBUG - tty.usbmodem0006822145041: RX: 03840084
2019-07-22 15:07:32,309 - DEBUG - tty.usbmodem0006822145041: parsed_packet {event: CmdRsp, data: {'opcode': 0, 'status': 132, 'data': bytearray(b'')}}
2019-07-22 15:07:32,309 - ERROR - tty.usbmodem0006822145041: None: ERROR_INVALID_LENGTH
2019-07-22 15:07:32,310 - DEBUG - tty.usbmodem0006822145041: RX: 03840084
2019-07-22 15:07:32,311 - DEBUG - tty.usbmodem0006822145041: parsed_packet {event: CmdRsp, data: {'opcode': 0, 'status': 132, 'data': bytearray(b'')}}
2019-07-22 15:07:32,311 - ERROR - tty.usbmodem0006822145041: None: ERROR_INVALID_LENGTH
2019-07-22 15:07:32,311 - DEBUG - tty.usbmodem0006822145041: RX: 03840084
2019-07-22 15:07:32,311 - DEBUG - tty.usbmodem0006822145041: parsed_packet {event: CmdRsp, data: {'opcode': 0, 'status': 132, 'data': bytearray(b'')}}
2019-07-22 15:07:32,311 - ERROR - tty.usbmodem0006822145041: None: ERROR_INVALID_LENGTH
2019-07-22 15:07:32,311 - DEBUG - tty.usbmodem0006822145041: RX: 03840084
2019-07-22 15:07:32,311 - DEBUG - tty.usbmodem0006822145041: parsed_packet {event: CmdRsp, data: {'opcode': 0, 'status': 132, 'data': bytearray(b'')}}
2019-07-22 15:07:32,312 - ERROR - tty.usbmodem0006822145041: None: ERROR_INVALID_LENGTH
2019-07-22 15:07:32,312 - DEBUG - tty.usbmodem0006822145041: RX: 03840084
2019-07-22 15:07:32,312 - DEBUG - tty.usbmodem0006822145041: parsed_packet {event: CmdRsp, data: {'opcode': 0, 'status': 132, 'data': bytearray(b'')}}
2019-07-22 15:07:32,312 - ERROR - tty.usbmodem0006822145041: None: ERROR_INVALID_LENGTH
2019-07-22 15:07:32,323 - DEBUG - tty.usbmodem0006822145041: RX: 03840084
2019-07-22 15:07:32,324 - DEBUG - tty.usbmodem0006822145041: parsed_packet {event: CmdRsp, data: {'opcode': 0, 'status': 132, 'data': bytearray(b'')}}
2019-07-22 15:07:32,324 - ERROR - tty.usbmodem0006822145041: None: ERROR_INVALID_LENGTH
2019-07-22 15:07:32,324 - DEBUG - tty.usbmodem0006822145041: RX: 03840084
2019-07-22 15:07:32,325 - DEBUG - tty.usbmodem0006822145041: parsed_packet {event: CmdRsp, data: {'opcode': 0, 'status': 132, 'data': bytearray(b'')}}
2019-07-22 15:07:32,325 - ERROR - tty.usbmodem0006822145041: None: ERROR_INVALID_LENGTH
2019-07-22 15:07:32,325 - DEBUG - tty.usbmodem0006822145041: RX: 03849f00
2019-07-22 15:07:32,325 - DEBUG - tty.usbmodem0006822145041: parsed_packet {event: CmdRsp, data: {'opcode': 159, 'status': 0, 'data': bytearray(b'')}}
2019-07-22 15:07:32,325 - INFO - tty.usbmodem0006822145041: Success
2019-07-22 15:07:32,326 - DEBUG - tty.usbmodem0006822145041: RX: 058492000000
2019-07-22 15:07:32,326 - DEBUG - tty.usbmodem0006822145041: parsed_packet {event: CmdRsp, data: {'opcode': 146, 'status': 0, 'data': bytearray(b'\x00\x00')}}
2019-07-22 15:07:32,326 - INFO - tty.usbmodem0006822145041: SubnetAdd: {'subnet_handle': 0}
2019-07-22 15:07:32,326 - DEBUG - tty.usbmodem0006822145041: RX: 058497000000
2019-07-22 15:07:32,326 - DEBUG - tty.usbmodem0006822145041: parsed_packet {event: CmdRsp, data: {'opcode': 151, 'status': 0, 'data': bytearray(b'\x00\x00')}}
2019-07-22 15:07:32,326 - INFO - tty.usbmodem0006822145041: AppkeyAdd: {'appkey_handle': 0}
2019-07-22 15:07:32,326 - DEBUG - tty.usbmodem0006822145041: RX: 058497000100
2019-07-22 15:07:32,327 - DEBUG - tty.usbmodem0006822145041: parsed_packet {event: CmdRsp, data: {'opcode': 151, 'status': 0, 'data': bytearray(b'\x01\x00')}}
2019-07-22 15:07:32,327 - INFO - tty.usbmodem0006822145041: AppkeyAdd: {'appkey_handle': 1}
2019-07-22 15:07:32,327 - DEBUG - tty.usbmodem0006822145041: RX: 0584a4000000
2019-07-22 15:07:32,327 - DEBUG - tty.usbmodem0006822145041: parsed_packet {event: CmdRsp, data: {'opcode': 164, 'status': 0, 'data': bytearray(b'\x00\x00')}}
2019-07-22 15:07:32,328 - INFO - tty.usbmodem0006822145041: AddrPublicationAdd: {'address_handle': 0}
2019-07-22 15:07:32,336 - INFO - tty.usbmodem0006822145041: 

2019-07-22 15:07:32,336 - INFO - tty.usbmodem0006822145041: Sending next message
2019-07-22 15:07:32,336 - DEBUG - tty.usbmodem0006822145041: Writing: 161 bytearray(b'\x01\xc0')
2019-07-22 15:07:32,336 - DEBUG - tty.usbmodem0006822145041: TX: 03a101c0
2019-07-22 15:07:32,338 - DEBUG - tty.usbmodem0006822145041: RX: 0584a1000100
2019-07-22 15:07:32,339 - DEBUG - tty.usbmodem0006822145041: parsed_packet {event: CmdRsp, data: {'opcode': 161, 'status': 0, 'data': bytearray(b'\x01\x00')}}
2019-07-22 15:07:32,339 - INFO - tty.usbmodem0006822145041: AddrSubscriptionAdd: {'address_handle': 1}
2019-07-22 15:07:32,345 - INFO - tty.usbmodem0006822145041: 

2019-07-22 15:07:32,346 - INFO - tty.usbmodem0006822145041: Sending next message
2019-07-22 15:07:32,346 - DEBUG - tty.usbmodem0006822145041: Writing: 164 bytearray(b'\x11\x00')
2019-07-22 15:07:32,346 - DEBUG - tty.usbmodem0006822145041: TX: 03a41100
2019-07-22 15:07:32,348 - DEBUG - tty.usbmodem0006822145041: RX: 0584a4000200
2019-07-22 15:07:32,349 - DEBUG - tty.usbmodem0006822145041: parsed_packet {event: CmdRsp, data: {'opcode': 164, 'status': 0, 'data': bytearray(b'\x02\x00')}}
2019-07-22 15:07:32,349 - INFO - tty.usbmodem0006822145041: AddrPublicationAdd: {'address_handle': 2}
2019-07-22 15:07:32,357 - INFO - tty.usbmodem0006822145041: 

2019-07-22 15:07:32,358 - INFO - tty.usbmodem0006822145041: Sending next message
2019-07-22 15:07:32,358 - DEBUG - tty.usbmodem0006822145041: Writing: 164 bytearray(b'\x12\x00')
2019-07-22 15:07:32,358 - DEBUG - tty.usbmodem0006822145041: TX: 03a41200
2019-07-22 15:07:32,361 - DEBUG - tty.usbmodem0006822145041: RX: 0584a4000300
2019-07-22 15:07:32,361 - DEBUG - tty.usbmodem0006822145041: parsed_packet {event: CmdRsp, data: {'opcode': 164, 'status': 0, 'data': bytearray(b'\x03\x00')}}
2019-07-22 15:07:32,361 - INFO - tty.usbmodem0006822145041: AddrPublicationAdd: {'address_handle': 3}
2019-07-22 15:07:32,371 - INFO - tty.usbmodem0006822145041: 

2019-07-22 15:07:32,371 - INFO - tty.usbmodem0006822145041: Sending next message
2019-07-22 15:07:32,371 - DEBUG - tty.usbmodem0006822145041: Writing: 164 bytearray(b'\x13\x00')
2019-07-22 15:07:32,371 - DEBUG - tty.usbmodem0006822145041: TX: 03a41300
2019-07-22 15:07:32,373 - DEBUG - tty.usbmodem0006822145041: RX: 0584a4000400
2019-07-22 15:07:32,374 - DEBUG - tty.usbmodem0006822145041: parsed_packet {event: CmdRsp, data: {'opcode': 164, 'status': 0, 'data': bytearray(b'\x04\x00')}}
2019-07-22 15:07:32,374 - INFO - tty.usbmodem0006822145041: AddrPublicationAdd: {'address_handle': 4}
2019-07-22 15:07:32,382 - INFO - tty.usbmodem0006822145041: 

2019-07-22 15:07:32,382 - INFO - tty.usbmodem0006822145041: Sending next message
2019-07-22 15:07:32,383 - DEBUG - tty.usbmodem0006822145041: Writing: 164 bytearray(b'\x14\x00')
2019-07-22 15:07:32,383 - DEBUG - tty.usbmodem0006822145041: TX: 03a41400
2019-07-22 15:07:32,385 - DEBUG - tty.usbmodem0006822145041: RX: 0584a4000500
2019-07-22 15:07:32,385 - DEBUG - tty.usbmodem0006822145041: parsed_packet {event: CmdRsp, data: {'opcode': 164, 'status': 0, 'data': bytearray(b'\x05\x00')}}
2019-07-22 15:07:32,385 - INFO - tty.usbmodem0006822145041: AddrPublicationAdd: {'address_handle': 5}
2019-07-22 15:07:32,394 - INFO - tty.usbmodem0006822145041: 

2019-07-22 15:07:32,395 - INFO - tty.usbmodem0006822145041: Sending next message
2019-07-22 15:07:32,395 - DEBUG - tty.usbmodem0006822145041: Writing: 164 bytearray(b'\x15\x00')
2019-07-22 15:07:32,396 - DEBUG - tty.usbmodem0006822145041: TX: 03a41500
2019-07-22 15:07:32,398 - DEBUG - tty.usbmodem0006822145041: RX: 0584a4000600
2019-07-22 15:07:32,398 - DEBUG - tty.usbmodem0006822145041: parsed_packet {event: CmdRsp, data: {'opcode': 164, 'status': 0, 'data': bytearray(b'\x06\x00')}}
2019-07-22 15:07:32,398 - INFO - tty.usbmodem0006822145041: AddrPublicationAdd: {'address_handle': 6}
2019-07-22 15:07:32,402 - INFO - tty.usbmodem0006822145041: 

2019-07-22 15:07:32,402 - INFO - tty.usbmodem0006822145041: Sending next message
2019-07-22 15:07:32,403 - DEBUG - tty.usbmodem0006822145041: Writing: 164 bytearray(b'\x16\x00')
2019-07-22 15:07:32,403 - DEBUG - tty.usbmodem0006822145041: TX: 03a41600
2019-07-22 15:07:32,407 - DEBUG - tty.usbmodem0006822145041: RX: 0584a4000700
2019-07-22 15:07:32,407 - DEBUG - tty.usbmodem0006822145041: parsed_packet {event: CmdRsp, data: {'opcode': 164, 'status': 0, 'data': bytearray(b'\x07\x00')}}
2019-07-22 15:07:32,407 - INFO - tty.usbmodem0006822145041: AddrPublicationAdd: {'address_handle': 7}
2019-07-22 15:07:32,416 - INFO - tty.usbmodem0006822145041: 

2019-07-22 15:07:32,416 - INFO - tty.usbmodem0006822145041: Sending next message
2019-07-22 15:07:32,416 - DEBUG - tty.usbmodem0006822145041: Writing: 164 bytearray(b'\x17\x00')
2019-07-22 15:07:32,417 - DEBUG - tty.usbmodem0006822145041: TX: 03a41700
2019-07-22 15:07:32,418 - DEBUG - tty.usbmodem0006822145041: RX: 0584a4000800
2019-07-22 15:07:32,419 - DEBUG - tty.usbmodem0006822145041: parsed_packet {event: CmdRsp, data: {'opcode': 164, 'status': 0, 'data': bytearray(b'\x08\x00')}}
2019-07-22 15:07:32,419 - INFO - tty.usbmodem0006822145041: AddrPublicationAdd: {'address_handle': 8}
2019-07-22 15:07:32,429 - INFO - tty.usbmodem0006822145041: 

2019-07-22 15:07:32,429 - INFO - tty.usbmodem0006822145041: Sending next message
2019-07-22 15:07:32,429 - DEBUG - tty.usbmodem0006822145041: Writing: 164 bytearray(b'\x18\x00')
2019-07-22 15:07:32,429 - DEBUG - tty.usbmodem0006822145041: TX: 03a41800
2019-07-22 15:07:32,431 - DEBUG - tty.usbmodem0006822145041: RX: 0584a4000900
2019-07-22 15:07:32,431 - DEBUG - tty.usbmodem0006822145041: parsed_packet {event: CmdRsp, data: {'opcode': 164, 'status': 0, 'data': bytearray(b'\t\x00')}}
2019-07-22 15:07:32,431 - INFO - tty.usbmodem0006822145041: AddrPublicationAdd: {'address_handle': 9}
2019-07-22 15:07:32,438 - INFO - tty.usbmodem0006822145041: 

2019-07-22 15:07:32,438 - INFO - tty.usbmodem0006822145041: Sending next message
2019-07-22 15:07:32,439 - DEBUG - tty.usbmodem0006822145041: Writing: 164 bytearray(b'\x19\x00')
2019-07-22 15:07:32,439 - DEBUG - tty.usbmodem0006822145041: TX: 03a41900
2019-07-22 15:07:32,441 - DEBUG - tty.usbmodem0006822145041: RX: 0584a4000a00
2019-07-22 15:07:32,441 - DEBUG - tty.usbmodem0006822145041: parsed_packet {event: CmdRsp, data: {'opcode': 164, 'status': 0, 'data': bytearray(b'\n\x00')}}
2019-07-22 15:07:32,443 - INFO - tty.usbmodem0006822145041: AddrPublicationAdd: {'address_handle': 10}
2019-07-22 15:07:32,451 - INFO - tty.usbmodem0006822145041: 

2019-07-22 15:07:32,451 - INFO - tty.usbmodem0006822145041: Sending next message
2019-07-22 15:07:32,451 - DEBUG - tty.usbmodem0006822145041: Writing: 164 bytearray(b'\x1a\x00')
2019-07-22 15:07:32,451 - DEBUG - tty.usbmodem0006822145041: TX: 03a41a00
2019-07-22 15:07:32,453 - DEBUG - tty.usbmodem0006822145041: RX: 0584a4000b00
2019-07-22 15:07:32,454 - DEBUG - tty.usbmodem0006822145041: parsed_packet {event: CmdRsp, data: {'opcode': 164, 'status': 0, 'data': bytearray(b'\x0b\x00')}}
2019-07-22 15:07:32,454 - INFO - tty.usbmodem0006822145041: AddrPublicationAdd: {'address_handle': 11}
2019-07-22 15:07:32,466 - INFO - tty.usbmodem0006822145041: 

2019-07-22 15:07:32,466 - INFO - tty.usbmodem0006822145041: Sending next message
2019-07-22 15:07:32,466 - DEBUG - tty.usbmodem0006822145041: Writing: 164 bytearray(b'\x1b\x00')
2019-07-22 15:07:32,466 - DEBUG - tty.usbmodem0006822145041: TX: 03a41b00
2019-07-22 15:07:32,468 - DEBUG - tty.usbmodem0006822145041: RX: 0584a4000c00
2019-07-22 15:07:32,469 - DEBUG - tty.usbmodem0006822145041: parsed_packet {event: CmdRsp, data: {'opcode': 164, 'status': 0, 'data': bytearray(b'\x0c\x00')}}
2019-07-22 15:07:32,469 - INFO - tty.usbmodem0006822145041: AddrPublicationAdd: {'address_handle': 12}
2019-07-22 15:07:32,478 - INFO - tty.usbmodem0006822145041: 

2019-07-22 15:07:32,478 - INFO - tty.usbmodem0006822145041: Sending next message
2019-07-22 15:07:32,478 - DEBUG - tty.usbmodem0006822145041: Writing: 164 bytearray(b'\x1c\x00')
2019-07-22 15:07:32,479 - DEBUG - tty.usbmodem0006822145041: TX: 03a41c00
2019-07-22 15:07:32,481 - DEBUG - tty.usbmodem0006822145041: RX: 0584a4000d00
2019-07-22 15:07:32,481 - DEBUG - tty.usbmodem0006822145041: parsed_packet {event: CmdRsp, data: {'opcode': 164, 'status': 0, 'data': bytearray(b'\r\x00')}}
2019-07-22 15:07:32,481 - INFO - tty.usbmodem0006822145041: AddrPublicationAdd: {'address_handle': 13}
2019-07-22 15:07:32,486 - INFO - tty.usbmodem0006822145041: 

2019-07-22 15:07:32,487 - INFO - tty.usbmodem0006822145041: Sending next message
2019-07-22 15:07:32,487 - DEBUG - tty.usbmodem0006822145041: Writing: 164 bytearray(b'\x1d\x00')
2019-07-22 15:07:32,487 - DEBUG - tty.usbmodem0006822145041: TX: 03a41d00
2019-07-22 15:07:32,490 - DEBUG - tty.usbmodem0006822145041: RX: 0584a4000e00
2019-07-22 15:07:32,490 - DEBUG - tty.usbmodem0006822145041: parsed_packet {event: CmdRsp, data: {'opcode': 164, 'status': 0, 'data': bytearray(b'\x0e\x00')}}
2019-07-22 15:07:32,491 - INFO - tty.usbmodem0006822145041: AddrPublicationAdd: {'address_handle': 14}
2019-07-22 15:07:32,499 - INFO - tty.usbmodem0006822145041: 

2019-07-22 15:07:32,499 - INFO - tty.usbmodem0006822145041: Sending next message
2019-07-22 15:07:32,500 - DEBUG - tty.usbmodem0006822145041: Writing: 156 bytearray(b"\x10\x00\x00\x003\xf5X\x15N\'\xa2\x9cW\x02\xb7\xcb\xee \x15\xdd")
2019-07-22 15:07:32,500 - DEBUG - tty.usbmodem0006822145041: TX: 159c1000000033f558154e27a29c5702b7cbee2015dd
2019-07-22 15:07:32,504 - DEBUG - tty.usbmodem0006822145041: RX: 05849c000800
2019-07-22 15:07:32,504 - DEBUG - tty.usbmodem0006822145041: parsed_packet {event: CmdRsp, data: {'opcode': 156, 'status': 0, 'data': bytearray(b'\x08\x00')}}
2019-07-22 15:07:32,505 - INFO - tty.usbmodem0006822145041: DevkeyAdd: {'devkey_handle': 8}
2019-07-22 15:07:32,513 - INFO - tty.usbmodem0006822145041: 

2019-07-22 15:07:32,513 - INFO - tty.usbmodem0006822145041: Sending next message
2019-07-22 15:07:36,517 - INFO - tty.usbmodem0006822145041: Timout handler timeout
2019-07-22 15:08:58,492 - DEBUG - tty.usbmodem0006822145041: exited read event
