2019-07-11 11:28:44,666 - DEBUG: Writing: 105 bytearray(b"\x87\xa5\xdcw/\x94\xda\t\x19\xb3Z\xef2\xbbP\xd4\xbe\x0cd\x98\xff\x02rC\xc5^\xdb\xb0S\xd9\x92\x90\xcdo\xbeP a\xf4K,\xb4`\x8f\xe1\x88b\xed\x17\xf35\xfe\x84\x13\xda6s\xf1\x8b\x16\xa1q\xdc\xbbM\x838\xb1\xeb}\x08\'\xbc\x99r\xa0\xdc\x91.\x10\xd0.\xb2\xd2\x04\xd4\xea\x9a\xbd\x04\x02]\xe6\x8c6M")
2019-07-11 11:28:44,666 - DEBUG: TX: 616987a5dc772f94da0919b35aef32bb50d4be0c6498ff027243c55edbb053d99290cd6fbe502061f44b2cb4608fe18862ed17f335fe8413da3673f18b16a171dcbb4d8338b1eb7d0827bc9972a0dc912e10d02eb2d204d4ea9abd04025de68c364d
2019-07-11 11:28:44,676 - DEBUG: RX: 03845384
2019-07-11 11:28:44,676 - DEBUG: parsed_packet {event: CmdRsp, data: {'opcode': 83, 'status': 132, 'data': bytearray(b'')}}
2019-07-11 11:28:44,676 - DEBUG: Writing: 159 bytearray(b'\x01\x00\x01\x00')
2019-07-11 11:28:44,676 - ERROR: None: ERROR_INVALID_LENGTH
2019-07-11 11:28:44,676 - DEBUG: TX: 059f01000100
2019-07-11 11:28:44,677 - DEBUG: RX: 03840084
2019-07-11 11:28:44,677 - DEBUG: parsed_packet {event: CmdRsp, data: {'opcode': 0, 'status': 132, 'data': bytearray(b'')}}
2019-07-11 11:28:44,677 - DEBUG: Writing: 146 bytearray(b'\x00\x00\x18\xee\xd9\xc2\xa5j\xdd\x85\x04\x9f\xfc<Y\xad\x0e\x12')
2019-07-11 11:28:44,677 - ERROR: None: ERROR_INVALID_LENGTH
2019-07-11 11:28:44,677 - DEBUG: TX: 1392000018eed9c2a56add85049ffc3c59ad0e12
2019-07-11 11:28:44,678 - DEBUG: RX: 03840084
2019-07-11 11:28:44,678 - DEBUG: parsed_packet {event: CmdRsp, data: {'opcode': 0, 'status': 132, 'data': bytearray(b'')}}
2019-07-11 11:28:44,678 - DEBUG: Writing: 151 bytearray(b'\x00\x00\x00\x00Oh\xad\x85\xd9\xf4\x8a\xc8X\x9d\xf6e\xb6\xb4\x9b\x8a')
2019-07-11 11:28:44,678 - ERROR: None: ERROR_INVALID_LENGTH
2019-07-11 11:28:44,678 - DEBUG: TX: 1597000000004f68ad85d9f48ac8589df665b6b49b8a
2019-07-11 11:28:44,679 - DEBUG: RX: 03840084
2019-07-11 11:28:44,679 - DEBUG: parsed_packet {event: CmdRsp, data: {'opcode': 0, 'status': 132, 'data': bytearray(b'')}}
2019-07-11 11:28:44,679 - DEBUG: Writing: 151 bytearray(b'\x01\x00\x00\x00*\xa2\xa6\xde\xd5\xa0y\x8c\xea\xb5x|\xa3\xae9\xfc')
2019-07-11 11:28:44,679 - DEBUG: TX: 1597010000002aa2a6ded5a0798ceab5787ca3ae39fc
2019-07-11 11:28:44,679 - ERROR: None: ERROR_INVALID_LENGTH
2019-07-11 11:28:44,680 - DEBUG: RX: 03840084
2019-07-11 11:28:44,681 - DEBUG: parsed_packet {event: CmdRsp, data: {'opcode': 0, 'status': 132, 'data': bytearray(b'')}}
2019-07-11 11:28:44,682 - ERROR: None: ERROR_INVALID_LENGTH
2019-07-11 11:28:44,683 - DEBUG: RX: 03840084
2019-07-11 11:28:44,683 - DEBUG: parsed_packet {event: CmdRsp, data: {'opcode': 0, 'status': 132, 'data': bytearray(b'')}}
2019-07-11 11:28:44,683 - ERROR: None: ERROR_INVALID_LENGTH
2019-07-11 11:28:44,683 - DEBUG: RX: 03840084
2019-07-11 11:28:44,684 - DEBUG: parsed_packet {event: CmdRsp, data: {'opcode': 0, 'status': 132, 'data': bytearray(b'')}}
2019-07-11 11:28:44,684 - ERROR: None: ERROR_INVALID_LENGTH
2019-07-11 11:28:44,684 - DEBUG: RX: 03840084
2019-07-11 11:28:44,684 - DEBUG: parsed_packet {event: CmdRsp, data: {'opcode': 0, 'status': 132, 'data': bytearray(b'')}}
2019-07-11 11:28:44,685 - ERROR: None: ERROR_INVALID_LENGTH
2019-07-11 11:28:44,685 - DEBUG: RX: 03840084
2019-07-11 11:28:44,685 - DEBUG: parsed_packet {event: CmdRsp, data: {'opcode': 0, 'status': 132, 'data': bytearray(b'')}}
2019-07-11 11:28:44,685 - ERROR: None: ERROR_INVALID_LENGTH
2019-07-11 11:28:44,686 - DEBUG: RX: 03840084
2019-07-11 11:28:44,686 - DEBUG: parsed_packet {event: CmdRsp, data: {'opcode': 0, 'status': 132, 'data': bytearray(b'')}}
2019-07-11 11:28:44,686 - ERROR: None: ERROR_INVALID_LENGTH
2019-07-11 11:28:44,686 - DEBUG: RX: 03840084
2019-07-11 11:28:44,686 - DEBUG: parsed_packet {event: CmdRsp, data: {'opcode': 0, 'status': 132, 'data': bytearray(b'')}}
2019-07-11 11:28:44,687 - ERROR: None: ERROR_INVALID_LENGTH
2019-07-11 11:28:44,687 - DEBUG: RX: 03840084
2019-07-11 11:28:44,687 - DEBUG: parsed_packet {event: CmdRsp, data: {'opcode': 0, 'status': 132, 'data': bytearray(b'')}}
2019-07-11 11:28:44,687 - ERROR: None: ERROR_INVALID_LENGTH
2019-07-11 11:28:44,687 - DEBUG: RX: 03840084
2019-07-11 11:28:44,688 - DEBUG: parsed_packet {event: CmdRsp, data: {'opcode': 0, 'status': 132, 'data': bytearray(b'')}}
2019-07-11 11:28:44,688 - ERROR: None: ERROR_INVALID_LENGTH
2019-07-11 11:28:44,688 - DEBUG: RX: 03849f00
2019-07-11 11:28:44,688 - DEBUG: parsed_packet {event: CmdRsp, data: {'opcode': 159, 'status': 0, 'data': bytearray(b'')}}
2019-07-11 11:28:44,688 - INFO: Success
2019-07-11 11:28:44,688 - DEBUG: RX: 058492000000
2019-07-11 11:28:44,688 - DEBUG: parsed_packet {event: CmdRsp, data: {'opcode': 146, 'status': 0, 'data': bytearray(b'\x00\x00')}}
2019-07-11 11:28:44,688 - INFO: SubnetAdd: {'subnet_handle': 0}
2019-07-11 11:28:44,689 - DEBUG: RX: 058497000000
2019-07-11 11:28:44,689 - DEBUG: parsed_packet {event: CmdRsp, data: {'opcode': 151, 'status': 0, 'data': bytearray(b'\x00\x00')}}
2019-07-11 11:28:44,689 - INFO: AppkeyAdd: {'appkey_handle': 0}
2019-07-11 11:28:44,689 - DEBUG: RX: 058497000100
2019-07-11 11:28:44,689 - DEBUG: parsed_packet {event: CmdRsp, data: {'opcode': 151, 'status': 0, 'data': bytearray(b'\x01\x00')}}
2019-07-11 11:28:44,689 - INFO: AppkeyAdd: {'appkey_handle': 1}
2019-07-11 11:28:52,708 - INFO: Received from node-red: "{\"op\":\"ProvisionScanStart\",\"nodeMessageId\":0}"
2019-07-11 11:28:52,709 - DEBUG: Writing: 97 bytearray(b'')
2019-07-11 11:28:52,709 - INFO: Received from node-red: "{\"op\":\"GetProvisionedDevices\",\"nodeMessageId\":1}"
2019-07-11 11:28:52,709 - DEBUG: TX: 0161
2019-07-11 11:28:52,711 - DEBUG: RX: 03846100
2019-07-11 11:28:52,711 - DEBUG: parsed_packet {event: CmdRsp, data: {'opcode': 97, 'status': 0, 'data': bytearray(b'')}}
2019-07-11 11:28:52,711 - INFO: Success
2019-07-11 11:28:53,566 - DEBUG: RX: 1ac09db77a0526b8734988639509c242d107cf0001c8639509c2c2
2019-07-11 11:28:53,566 - DEBUG: parsed_packet {event: ProvUnprovisionedReceived, data: {'uuid': bytearray(b'\x9d\xb7z\x05&\xb8sI\x88c\x95\t\xc2B\xd1\x07'), 'rssi': -49, 'gatt_supported': 0, 'adv_addr_type': 1, 'adv_addr': bytearray(b'\xc8c\x95\t\xc2\xc2')}}
2019-07-11 11:28:53,566 - INFO: {event: ProvUnprovisionedReceived, data: {'uuid': bytearray(b'\x9d\xb7z\x05&\xb8sI\x88c\x95\t\xc2B\xd1\x07'), 'rssi': -49, 'gatt_supported': 0, 'adv_addr_type': 1, 'adv_addr': bytearray(b'\xc8c\x95\t\xc2\xc2')}}
2019-07-11 11:28:53,566 - INFO: Received UUID 9db77a0526b8734988639509c242d107 with RSSI: -49 dB
2019-07-11 11:28:53,571 - INFO: Received from node-red: ""
2019-07-11 11:28:53,582 - DEBUG: Writing: 98 bytearray(b'')
2019-07-11 11:28:53,668 - DEBUG: exited read event
