2019-07-08 14:30:09,410 - DEBUG - tty.usbmodem0006822145041: Writing: 105 bytearray(b"C\x90\xf4\x88\x10k\x9a\xcdG\xeb\x8aO\xee\xb7fa.d\xcd[-#\x87\xa9\x1aF\x94\xf2P\x81\x95\xc9\xfe\x14\xa5\xe3\xb8\\\xa4\x1c/\xb9e\xefE\x19<\xc6\x9a\xc3\xab\x0e\x11)\x88\xda\xeb \xdfg\xfd\x99`\xf8\x98y\x1c)<\x8d.zW*@f\x9d\xc5\'j#\x1c\xcd\xfb\xc0O\x06\x94tQ\x14\x8a\xba\xd5\xac(")
2019-07-08 14:30:09,410 - DEBUG - tty.usbmodem0006822145041: TX: 61694390f488106b9acd47eb8a4feeb766612e64cd5b2d2387a91a4694f2508195c9fe14a5e3b85ca41c2fb965ef45193cc69ac3ab0e112988daeb20df67fd9960f898791c293c8d2e7a572a40669dc5276a231ccdfbc04f06947451148abad5ac28
2019-07-08 14:30:09,425 - DEBUG - tty.usbmodem0006822145041: RX: 03845384
2019-07-08 14:30:09,425 - DEBUG - tty.usbmodem0006822145041: parsed_packet {event: CmdRsp, data: {'opcode': 83, 'status': 132, 'data': bytearray(b'')}}
2019-07-08 14:30:09,426 - ERROR - tty.usbmodem0006822145041: None: ERROR_INVALID_LENGTH
2019-07-08 14:30:09,427 - DEBUG - tty.usbmodem0006822145041: RX: 03840084
2019-07-08 14:30:09,427 - DEBUG - tty.usbmodem0006822145041: parsed_packet {event: CmdRsp, data: {'opcode': 0, 'status': 132, 'data': bytearray(b'')}}
2019-07-08 14:30:09,427 - ERROR - tty.usbmodem0006822145041: None: ERROR_INVALID_LENGTH
2019-07-08 14:30:09,428 - DEBUG - tty.usbmodem0006822145041: RX: 03840084
2019-07-08 14:30:09,426 - DEBUG - tty.usbmodem0006822145041: Writing: 159 bytearray(b'\x01\x00\x01\x00')
2019-07-08 14:30:09,428 - DEBUG - tty.usbmodem0006822145041: parsed_packet {event: CmdRsp, data: {'opcode': 0, 'status': 132, 'data': bytearray(b'')}}
2019-07-08 14:30:09,428 - DEBUG - tty.usbmodem0006822145041: TX: 059f01000100
2019-07-08 14:30:09,428 - ERROR - tty.usbmodem0006822145041: None: ERROR_INVALID_LENGTH
2019-07-08 14:30:09,429 - DEBUG - tty.usbmodem0006822145041: Writing: 146 bytearray(b'\x00\x00\x18\xee\xd9\xc2\xa5j\xdd\x85\x04\x9f\xfc<Y\xad\x0e\x12')
2019-07-08 14:30:09,429 - DEBUG - tty.usbmodem0006822145041: TX: 1392000018eed9c2a56add85049ffc3c59ad0e12
2019-07-08 14:30:09,429 - DEBUG - tty.usbmodem0006822145041: RX: 03840084
2019-07-08 14:30:09,436 - DEBUG - tty.usbmodem0006822145041: parsed_packet {event: CmdRsp, data: {'opcode': 0, 'status': 132, 'data': bytearray(b'')}}
2019-07-08 14:30:09,436 - ERROR - tty.usbmodem0006822145041: None: ERROR_INVALID_LENGTH
2019-07-08 14:30:09,437 - DEBUG - tty.usbmodem0006822145041: Writing: 151 bytearray(b'\x00\x00\x00\x00Oh\xad\x85\xd9\xf4\x8a\xc8X\x9d\xf6e\xb6\xb4\x9b\x8a')
2019-07-08 14:30:09,437 - DEBUG - tty.usbmodem0006822145041: TX: 1597000000004f68ad85d9f48ac8589df665b6b49b8a
2019-07-08 14:30:09,437 - DEBUG - tty.usbmodem0006822145041: RX: 03840084
2019-07-08 14:30:09,438 - DEBUG - tty.usbmodem0006822145041: parsed_packet {event: CmdRsp, data: {'opcode': 0, 'status': 132, 'data': bytearray(b'')}}
2019-07-08 14:30:09,438 - ERROR - tty.usbmodem0006822145041: None: ERROR_INVALID_LENGTH
2019-07-08 14:30:09,438 - DEBUG - tty.usbmodem0006822145041: Writing: 151 bytearray(b'\x01\x00\x00\x00*\xa2\xa6\xde\xd5\xa0y\x8c\xea\xb5x|\xa3\xae9\xfc')
2019-07-08 14:30:09,438 - DEBUG - tty.usbmodem0006822145041: RX: 03840084
2019-07-08 14:30:09,446 - DEBUG - tty.usbmodem0006822145041: TX: 1597010000002aa2a6ded5a0798ceab5787ca3ae39fc
2019-07-08 14:30:09,447 - DEBUG - tty.usbmodem0006822145041: parsed_packet {event: CmdRsp, data: {'opcode': 0, 'status': 132, 'data': bytearray(b'')}}
2019-07-08 14:30:09,449 - ERROR - tty.usbmodem0006822145041: None: ERROR_INVALID_LENGTH
2019-07-08 14:30:09,450 - DEBUG - tty.usbmodem0006822145041: RX: 03840084
2019-07-08 14:30:09,450 - DEBUG - tty.usbmodem0006822145041: parsed_packet {event: CmdRsp, data: {'opcode': 0, 'status': 132, 'data': bytearray(b'')}}
2019-07-08 14:30:09,450 - ERROR - tty.usbmodem0006822145041: None: ERROR_INVALID_LENGTH
2019-07-08 14:30:09,451 - DEBUG - tty.usbmodem0006822145041: RX: 03840084
2019-07-08 14:30:09,451 - DEBUG - tty.usbmodem0006822145041: parsed_packet {event: CmdRsp, data: {'opcode': 0, 'status': 132, 'data': bytearray(b'')}}
2019-07-08 14:30:09,451 - ERROR - tty.usbmodem0006822145041: None: ERROR_INVALID_LENGTH
2019-07-08 14:30:09,452 - DEBUG - tty.usbmodem0006822145041: RX: 03840084
2019-07-08 14:30:09,452 - DEBUG - tty.usbmodem0006822145041: parsed_packet {event: CmdRsp, data: {'opcode': 0, 'status': 132, 'data': bytearray(b'')}}
2019-07-08 14:30:09,452 - ERROR - tty.usbmodem0006822145041: None: ERROR_INVALID_LENGTH
2019-07-08 14:30:09,464 - DEBUG - tty.usbmodem0006822145041: RX: 03840084
2019-07-08 14:30:09,465 - DEBUG - tty.usbmodem0006822145041: parsed_packet {event: CmdRsp, data: {'opcode': 0, 'status': 132, 'data': bytearray(b'')}}
2019-07-08 14:30:09,465 - ERROR - tty.usbmodem0006822145041: None: ERROR_INVALID_LENGTH
2019-07-08 14:30:09,465 - DEBUG - tty.usbmodem0006822145041: RX: 03840084
2019-07-08 14:30:09,466 - DEBUG - tty.usbmodem0006822145041: parsed_packet {event: CmdRsp, data: {'opcode': 0, 'status': 132, 'data': bytearray(b'')}}
2019-07-08 14:30:09,466 - ERROR - tty.usbmodem0006822145041: None: ERROR_INVALID_LENGTH
2019-07-08 14:30:09,466 - DEBUG - tty.usbmodem0006822145041: RX: 03840084
2019-07-08 14:30:09,466 - DEBUG - tty.usbmodem0006822145041: parsed_packet {event: CmdRsp, data: {'opcode': 0, 'status': 132, 'data': bytearray(b'')}}
2019-07-08 14:30:09,467 - ERROR - tty.usbmodem0006822145041: None: ERROR_INVALID_LENGTH
2019-07-08 14:30:09,467 - DEBUG - tty.usbmodem0006822145041: RX: 03840084
2019-07-08 14:30:09,467 - DEBUG - tty.usbmodem0006822145041: parsed_packet {event: CmdRsp, data: {'opcode': 0, 'status': 132, 'data': bytearray(b'')}}
2019-07-08 14:30:09,467 - ERROR - tty.usbmodem0006822145041: None: ERROR_INVALID_LENGTH
2019-07-08 14:30:09,477 - DEBUG - tty.usbmodem0006822145041: RX: 03849f00
2019-07-08 14:30:09,478 - DEBUG - tty.usbmodem0006822145041: parsed_packet {event: CmdRsp, data: {'opcode': 159, 'status': 0, 'data': bytearray(b'')}}
2019-07-08 14:30:09,478 - INFO - tty.usbmodem0006822145041: Success
2019-07-08 14:30:09,478 - DEBUG - tty.usbmodem0006822145041: RX: 058492000000
2019-07-08 14:30:09,478 - DEBUG - tty.usbmodem0006822145041: parsed_packet {event: CmdRsp, data: {'opcode': 146, 'status': 0, 'data': bytearray(b'\x00\x00')}}
2019-07-08 14:30:09,479 - INFO - tty.usbmodem0006822145041: SubnetAdd: {'subnet_handle': 0}
2019-07-08 14:30:09,479 - DEBUG - tty.usbmodem0006822145041: RX: 058497000000
2019-07-08 14:30:09,481 - DEBUG - tty.usbmodem0006822145041: parsed_packet {event: CmdRsp, data: {'opcode': 151, 'status': 0, 'data': bytearray(b'\x00\x00')}}
2019-07-08 14:30:09,482 - INFO - tty.usbmodem0006822145041: AppkeyAdd: {'appkey_handle': 0}
2019-07-08 14:30:09,484 - DEBUG - tty.usbmodem0006822145041: RX: 058497000100
2019-07-08 14:30:09,484 - DEBUG - tty.usbmodem0006822145041: parsed_packet {event: CmdRsp, data: {'opcode': 151, 'status': 0, 'data': bytearray(b'\x01\x00')}}
2019-07-08 14:30:09,484 - INFO - tty.usbmodem0006822145041: AppkeyAdd: {'appkey_handle': 1}
2019-07-08 14:36:11,507 - DEBUG - tty.usbmodem0006822145041: exited read event
