2019-07-10 18:13:49,896 - DEBUG - tty.usbmodem0006822145041: Writing: 105 bytearray(b"K1\xa2x\xa9\xb6\x10\xc4\xea\xae\x94\xd4\x8a\xb9\x8dCX\x90\xe3\xa8O\xde\xeb\xe3D\x13\x05\xbf\x05\xeaDt\x14\xc2\xac\x82|\'\xfe\xe59p~s\x18\x8a[j\xcb\x83\x1c\xe1|!b\x1d\xbd\x83\x06\x92\t\x83M\xa6\xfb,\x84\x8a_\x1c}<\x86)\x06\x08U\n\xa0\xae#\xfdZ\xa9\xd8b\x9c\x8fA\x02\xe3\x9f\xd45\x19\x8e")
2019-07-10 18:13:49,896 - DEBUG - tty.usbmodem0006822145041: TX: 61694b31a278a9b610c4eaae94d48ab98d435890e3a84fdeebe3441305bf05ea447414c2ac827c27fee539707e73188a5b6acb831ce17c21621dbd83069209834da6fb2c848a5f1c7d3c86290608550aa0ae23fd5aa9d8629c8f4102e39fd435198e
2019-07-10 18:13:49,896 - ERROR - tty.usbmodem0006822145041: Exception in pkt handler <bound method Manager.cmd_handler of <interactive_pyaci.Manager object at 0x10ffe6710>>
2019-07-10 18:13:49,898 - ERROR - tty.usbmodem0006822145041: traceback: Traceback (most recent call last):
  File "/Users/Tim-Mac/msc/bm-control/dev/nrf5SDKforMeshv310src/scripts/interactive_pyaci/aci/aci_uart.py", line 96, in process_command
    fun(command)
  File "/Users/Tim-Mac/msc/bm-control/dev/nrf5SDKforMeshv310src/scripts/interactive_pyaci/interactive_pyaci.py", line 293, in cmd_handler
    if RESPONSE_LUT[cmd._opcode ]["name"] == "DevkeyAdd":
KeyError: 105

2019-07-10 18:13:49,906 - DEBUG - tty.usbmodem0006822145041: RX: 03845384
2019-07-10 18:13:49,906 - DEBUG - tty.usbmodem0006822145041: parsed_packet {event: CmdRsp, data: {'opcode': 83, 'status': 132, 'data': bytearray(b'')}}
2019-07-10 18:13:49,907 - ERROR - tty.usbmodem0006822145041: None: ERROR_INVALID_LENGTH
2019-07-10 18:13:49,907 - DEBUG - tty.usbmodem0006822145041: Writing: 159 bytearray(b'\x01\x00\x01\x00')
2019-07-10 18:13:49,907 - DEBUG - tty.usbmodem0006822145041: RX: 03840084
2019-07-10 18:13:49,907 - DEBUG - tty.usbmodem0006822145041: TX: 059f01000100
2019-07-10 18:13:49,907 - DEBUG - tty.usbmodem0006822145041: parsed_packet {event: CmdRsp, data: {'opcode': 0, 'status': 132, 'data': bytearray(b'')}}
2019-07-10 18:13:49,908 - ERROR - tty.usbmodem0006822145041: None: ERROR_INVALID_LENGTH
2019-07-10 18:13:49,908 - ERROR - tty.usbmodem0006822145041: Exception in pkt handler <bound method Manager.cmd_handler of <interactive_pyaci.Manager object at 0x10ffe6710>>
2019-07-10 18:13:49,908 - DEBUG - tty.usbmodem0006822145041: RX: 03840084
2019-07-10 18:13:49,913 - ERROR - tty.usbmodem0006822145041: traceback: Traceback (most recent call last):
  File "/Users/Tim-Mac/msc/bm-control/dev/nrf5SDKforMeshv310src/scripts/interactive_pyaci/aci/aci_uart.py", line 96, in process_command
    fun(command)
  File "/Users/Tim-Mac/msc/bm-control/dev/nrf5SDKforMeshv310src/scripts/interactive_pyaci/interactive_pyaci.py", line 293, in cmd_handler
    if RESPONSE_LUT[cmd._opcode ]["name"] == "DevkeyAdd":
KeyError: 159

2019-07-10 18:13:49,914 - DEBUG - tty.usbmodem0006822145041: parsed_packet {event: CmdRsp, data: {'opcode': 0, 'status': 132, 'data': bytearray(b'')}}
2019-07-10 18:13:49,914 - DEBUG - tty.usbmodem0006822145041: Writing: 146 bytearray(b'\x00\x00\x18\xee\xd9\xc2\xa5j\xdd\x85\x04\x9f\xfc<Y\xad\x0e\x12')
2019-07-10 18:13:49,914 - ERROR - tty.usbmodem0006822145041: None: ERROR_INVALID_LENGTH
2019-07-10 18:13:49,914 - DEBUG - tty.usbmodem0006822145041: TX: 1392000018eed9c2a56add85049ffc3c59ad0e12
2019-07-10 18:13:49,915 - DEBUG - tty.usbmodem0006822145041: Writing: 151 bytearray(b'\x00\x00\x00\x00Oh\xad\x85\xd9\xf4\x8a\xc8X\x9d\xf6e\xb6\xb4\x9b\x8a')
2019-07-10 18:13:49,915 - DEBUG - tty.usbmodem0006822145041: RX: 03840084
2019-07-10 18:13:49,915 - DEBUG - tty.usbmodem0006822145041: TX: 1597000000004f68ad85d9f48ac8589df665b6b49b8a
2019-07-10 18:13:49,915 - DEBUG - tty.usbmodem0006822145041: parsed_packet {event: CmdRsp, data: {'opcode': 0, 'status': 132, 'data': bytearray(b'')}}
2019-07-10 18:13:49,916 - ERROR - tty.usbmodem0006822145041: None: ERROR_INVALID_LENGTH
2019-07-10 18:13:49,916 - DEBUG - tty.usbmodem0006822145041: RX: 03840084
2019-07-10 18:13:49,917 - DEBUG - tty.usbmodem0006822145041: Writing: 151 bytearray(b'\x01\x00\x00\x00*\xa2\xa6\xde\xd5\xa0y\x8c\xea\xb5x|\xa3\xae9\xfc')
2019-07-10 18:13:49,917 - DEBUG - tty.usbmodem0006822145041: parsed_packet {event: CmdRsp, data: {'opcode': 0, 'status': 132, 'data': bytearray(b'')}}
2019-07-10 18:13:49,917 - DEBUG - tty.usbmodem0006822145041: TX: 1597010000002aa2a6ded5a0798ceab5787ca3ae39fc
2019-07-10 18:13:49,917 - ERROR - tty.usbmodem0006822145041: None: ERROR_INVALID_LENGTH
2019-07-10 18:13:49,918 - DEBUG - tty.usbmodem0006822145041: Writing: 164 bytearray(b'\xc6\x00')
2019-07-10 18:13:49,918 - DEBUG - tty.usbmodem0006822145041: TX: 03a4c600
2019-07-10 18:13:49,918 - DEBUG - tty.usbmodem0006822145041: RX: 03840084
2019-07-10 18:13:49,918 - DEBUG - tty.usbmodem0006822145041: parsed_packet {event: CmdRsp, data: {'opcode': 0, 'status': 132, 'data': bytearray(b'')}}
2019-07-10 18:13:49,918 - ERROR - tty.usbmodem0006822145041: None: ERROR_INVALID_LENGTH
2019-07-10 18:13:49,919 - DEBUG - tty.usbmodem0006822145041: RX: 03840084
2019-07-10 18:13:49,919 - DEBUG - tty.usbmodem0006822145041: parsed_packet {event: CmdRsp, data: {'opcode': 0, 'status': 132, 'data': bytearray(b'')}}
2019-07-10 18:13:49,919 - ERROR - tty.usbmodem0006822145041: None: ERROR_INVALID_LENGTH
2019-07-10 18:13:49,919 - DEBUG - tty.usbmodem0006822145041: RX: 03840084
2019-07-10 18:13:49,919 - DEBUG - tty.usbmodem0006822145041: parsed_packet {event: CmdRsp, data: {'opcode': 0, 'status': 132, 'data': bytearray(b'')}}
2019-07-10 18:13:49,919 - ERROR - tty.usbmodem0006822145041: None: ERROR_INVALID_LENGTH
2019-07-10 18:13:49,919 - DEBUG - tty.usbmodem0006822145041: RX: 03840084
2019-07-10 18:13:49,920 - DEBUG - tty.usbmodem0006822145041: parsed_packet {event: CmdRsp, data: {'opcode': 0, 'status': 132, 'data': bytearray(b'')}}
2019-07-10 18:13:49,920 - ERROR - tty.usbmodem0006822145041: None: ERROR_INVALID_LENGTH
2019-07-10 18:13:49,920 - DEBUG - tty.usbmodem0006822145041: RX: 03840084
2019-07-10 18:13:49,920 - DEBUG - tty.usbmodem0006822145041: parsed_packet {event: CmdRsp, data: {'opcode': 0, 'status': 132, 'data': bytearray(b'')}}
2019-07-10 18:13:49,920 - ERROR - tty.usbmodem0006822145041: None: ERROR_INVALID_LENGTH
2019-07-10 18:13:49,920 - DEBUG - tty.usbmodem0006822145041: RX: 03840084
2019-07-10 18:13:49,920 - DEBUG - tty.usbmodem0006822145041: parsed_packet {event: CmdRsp, data: {'opcode': 0, 'status': 132, 'data': bytearray(b'')}}
2019-07-10 18:13:49,921 - ERROR - tty.usbmodem0006822145041: None: ERROR_INVALID_LENGTH
2019-07-10 18:13:49,921 - DEBUG - tty.usbmodem0006822145041: RX: 03840084
2019-07-10 18:13:49,921 - DEBUG - tty.usbmodem0006822145041: parsed_packet {event: CmdRsp, data: {'opcode': 0, 'status': 132, 'data': bytearray(b'')}}
2019-07-10 18:13:49,921 - ERROR - tty.usbmodem0006822145041: None: ERROR_INVALID_LENGTH
2019-07-10 18:13:49,921 - DEBUG - tty.usbmodem0006822145041: RX: 03840084
2019-07-10 18:13:49,931 - DEBUG - tty.usbmodem0006822145041: parsed_packet {event: CmdRsp, data: {'opcode': 0, 'status': 132, 'data': bytearray(b'')}}
2019-07-10 18:13:49,932 - ERROR - tty.usbmodem0006822145041: None: ERROR_INVALID_LENGTH
2019-07-10 18:13:49,932 - DEBUG - tty.usbmodem0006822145041: RX: 03849f8e
2019-07-10 18:13:49,932 - DEBUG - tty.usbmodem0006822145041: parsed_packet {event: CmdRsp, data: {'opcode': 159, 'status': 142, 'data': bytearray(b'')}}
2019-07-10 18:13:49,933 - ERROR - tty.usbmodem0006822145041: None: ERROR_REJECTED
2019-07-10 18:13:49,933 - DEBUG - tty.usbmodem0006822145041: RX: 03849281
2019-07-10 18:13:49,933 - DEBUG - tty.usbmodem0006822145041: parsed_packet {event: CmdRsp, data: {'opcode': 146, 'status': 129, 'data': bytearray(b'')}}
2019-07-10 18:13:49,933 - ERROR - tty.usbmodem0006822145041: SubnetAdd: ERROR_INTERNAL
2019-07-10 18:13:49,933 - DEBUG - tty.usbmodem0006822145041: RX: 03849781
2019-07-10 18:13:49,934 - DEBUG - tty.usbmodem0006822145041: parsed_packet {event: CmdRsp, data: {'opcode': 151, 'status': 129, 'data': bytearray(b'')}}
2019-07-10 18:13:49,934 - ERROR - tty.usbmodem0006822145041: AppkeyAdd: ERROR_INTERNAL
2019-07-10 18:13:49,934 - DEBUG - tty.usbmodem0006822145041: RX: 03849781
2019-07-10 18:13:49,934 - DEBUG - tty.usbmodem0006822145041: parsed_packet {event: CmdRsp, data: {'opcode': 151, 'status': 129, 'data': bytearray(b'')}}
2019-07-10 18:13:49,935 - ERROR - tty.usbmodem0006822145041: AppkeyAdd: ERROR_INTERNAL
2019-07-10 18:13:49,935 - DEBUG - tty.usbmodem0006822145041: RX: 0584a4000000
2019-07-10 18:13:49,935 - DEBUG - tty.usbmodem0006822145041: parsed_packet {event: CmdRsp, data: {'opcode': 164, 'status': 0, 'data': bytearray(b'\x00\x00')}}
2019-07-10 18:13:49,936 - INFO - tty.usbmodem0006822145041: AddrPublicationAdd: {'address_handle': 0}
2019-07-10 18:13:50,901 - DEBUG - tty.usbmodem0006822145041: Writing: 161 bytearray(b'\x01\xc0')
2019-07-10 18:13:50,901 - DEBUG - tty.usbmodem0006822145041: TX: 03a101c0
2019-07-10 18:13:50,906 - DEBUG - tty.usbmodem0006822145041: RX: 0584a1000100
2019-07-10 18:13:50,907 - DEBUG - tty.usbmodem0006822145041: parsed_packet {event: CmdRsp, data: {'opcode': 161, 'status': 0, 'data': bytearray(b'\x01\x00')}}
2019-07-10 18:13:50,907 - INFO - tty.usbmodem0006822145041: AddrSubscriptionAdd: {'address_handle': 1}
2019-07-10 18:13:51,903 - DEBUG - tty.usbmodem0006822145041: Writing: 164 bytearray(b'\xc7\x00')
2019-07-10 18:13:51,903 - DEBUG - tty.usbmodem0006822145041: TX: 03a4c700
2019-07-10 18:13:51,904 - DEBUG - tty.usbmodem0006822145041: RX: 0584a4000200
2019-07-10 18:13:51,905 - DEBUG - tty.usbmodem0006822145041: parsed_packet {event: CmdRsp, data: {'opcode': 164, 'status': 0, 'data': bytearray(b'\x02\x00')}}
2019-07-10 18:13:51,905 - INFO - tty.usbmodem0006822145041: AddrPublicationAdd: {'address_handle': 2}
2019-07-10 18:13:52,907 - DEBUG - tty.usbmodem0006822145041: Writing: 164 bytearray(b'\xc8\x00')
2019-07-10 18:13:52,908 - DEBUG - tty.usbmodem0006822145041: TX: 03a4c800
2019-07-10 18:13:52,909 - DEBUG - tty.usbmodem0006822145041: RX: 0584a4000300
2019-07-10 18:13:52,910 - DEBUG - tty.usbmodem0006822145041: parsed_packet {event: CmdRsp, data: {'opcode': 164, 'status': 0, 'data': bytearray(b'\x03\x00')}}
2019-07-10 18:13:52,910 - INFO - tty.usbmodem0006822145041: AddrPublicationAdd: {'address_handle': 3}
2019-07-10 18:13:53,908 - DEBUG - tty.usbmodem0006822145041: Writing: 164 bytearray(b'\xc9\x00')
2019-07-10 18:13:53,908 - DEBUG - tty.usbmodem0006822145041: TX: 03a4c900
2019-07-10 18:13:53,910 - DEBUG - tty.usbmodem0006822145041: RX: 0584a4000400
2019-07-10 18:13:53,911 - DEBUG - tty.usbmodem0006822145041: parsed_packet {event: CmdRsp, data: {'opcode': 164, 'status': 0, 'data': bytearray(b'\x04\x00')}}
2019-07-10 18:13:53,911 - INFO - tty.usbmodem0006822145041: AddrPublicationAdd: {'address_handle': 4}
2019-07-10 18:13:54,910 - DEBUG - tty.usbmodem0006822145041: Writing: 164 bytearray(b'\xca\x00')
2019-07-10 18:13:54,910 - DEBUG - tty.usbmodem0006822145041: TX: 03a4ca00
2019-07-10 18:13:54,912 - DEBUG - tty.usbmodem0006822145041: RX: 0584a4000500
2019-07-10 18:13:54,913 - DEBUG - tty.usbmodem0006822145041: parsed_packet {event: CmdRsp, data: {'opcode': 164, 'status': 0, 'data': bytearray(b'\x05\x00')}}
2019-07-10 18:13:54,913 - INFO - tty.usbmodem0006822145041: AddrPublicationAdd: {'address_handle': 5}
2019-07-10 18:13:55,915 - DEBUG - tty.usbmodem0006822145041: Writing: 164 bytearray(b'\xcb\x00')
2019-07-10 18:13:55,915 - DEBUG - tty.usbmodem0006822145041: TX: 03a4cb00
2019-07-10 18:13:55,916 - DEBUG - tty.usbmodem0006822145041: RX: 0584a4000600
2019-07-10 18:13:55,917 - DEBUG - tty.usbmodem0006822145041: parsed_packet {event: CmdRsp, data: {'opcode': 164, 'status': 0, 'data': bytearray(b'\x06\x00')}}
2019-07-10 18:13:55,917 - INFO - tty.usbmodem0006822145041: AddrPublicationAdd: {'address_handle': 6}
2019-07-10 18:13:56,917 - DEBUG - tty.usbmodem0006822145041: Writing: 164 bytearray(b'\xcc\x00')
2019-07-10 18:13:56,919 - DEBUG - tty.usbmodem0006822145041: TX: 03a4cc00
2019-07-10 18:13:56,923 - DEBUG - tty.usbmodem0006822145041: RX: 0584a4000700
2019-07-10 18:13:56,924 - DEBUG - tty.usbmodem0006822145041: parsed_packet {event: CmdRsp, data: {'opcode': 164, 'status': 0, 'data': bytearray(b'\x07\x00')}}
2019-07-10 18:13:56,925 - INFO - tty.usbmodem0006822145041: AddrPublicationAdd: {'address_handle': 7}
2019-07-10 18:13:57,920 - DEBUG - tty.usbmodem0006822145041: Writing: 164 bytearray(b'\xcd\x00')
2019-07-10 18:13:57,920 - DEBUG - tty.usbmodem0006822145041: TX: 03a4cd00
2019-07-10 18:13:57,922 - DEBUG - tty.usbmodem0006822145041: RX: 0584a4000800
2019-07-10 18:13:57,923 - DEBUG - tty.usbmodem0006822145041: parsed_packet {event: CmdRsp, data: {'opcode': 164, 'status': 0, 'data': bytearray(b'\x08\x00')}}
2019-07-10 18:13:57,923 - INFO - tty.usbmodem0006822145041: AddrPublicationAdd: {'address_handle': 8}
2019-07-10 18:13:58,921 - DEBUG - tty.usbmodem0006822145041: Writing: 164 bytearray(b'\xce\x00')
2019-07-10 18:13:58,922 - DEBUG - tty.usbmodem0006822145041: TX: 03a4ce00
2019-07-10 18:13:58,923 - DEBUG - tty.usbmodem0006822145041: RX: 0584a4000900
2019-07-10 18:13:58,924 - DEBUG - tty.usbmodem0006822145041: parsed_packet {event: CmdRsp, data: {'opcode': 164, 'status': 0, 'data': bytearray(b'\t\x00')}}
2019-07-10 18:13:58,924 - INFO - tty.usbmodem0006822145041: AddrPublicationAdd: {'address_handle': 9}
2019-07-10 18:13:59,926 - DEBUG - tty.usbmodem0006822145041: Writing: 164 bytearray(b'\xcf\x00')
2019-07-10 18:13:59,927 - DEBUG - tty.usbmodem0006822145041: TX: 03a4cf00
2019-07-10 18:13:59,928 - DEBUG - tty.usbmodem0006822145041: RX: 0584a4000a00
2019-07-10 18:13:59,929 - DEBUG - tty.usbmodem0006822145041: parsed_packet {event: CmdRsp, data: {'opcode': 164, 'status': 0, 'data': bytearray(b'\n\x00')}}
2019-07-10 18:13:59,929 - INFO - tty.usbmodem0006822145041: AddrPublicationAdd: {'address_handle': 10}
2019-07-10 18:14:00,931 - DEBUG - tty.usbmodem0006822145041: Writing: 164 bytearray(b'\xd0\x00')
2019-07-10 18:14:00,932 - DEBUG - tty.usbmodem0006822145041: TX: 03a4d000
2019-07-10 18:14:00,933 - DEBUG - tty.usbmodem0006822145041: RX: 0584a4000b00
2019-07-10 18:14:00,934 - DEBUG - tty.usbmodem0006822145041: parsed_packet {event: CmdRsp, data: {'opcode': 164, 'status': 0, 'data': bytearray(b'\x0b\x00')}}
2019-07-10 18:14:00,934 - INFO - tty.usbmodem0006822145041: AddrPublicationAdd: {'address_handle': 11}
2019-07-10 18:14:01,936 - DEBUG - tty.usbmodem0006822145041: Writing: 164 bytearray(b'\xd1\x00')
2019-07-10 18:14:01,937 - DEBUG - tty.usbmodem0006822145041: TX: 03a4d100
2019-07-10 18:14:01,939 - DEBUG - tty.usbmodem0006822145041: RX: 0584a4000c00
2019-07-10 18:14:01,939 - DEBUG - tty.usbmodem0006822145041: parsed_packet {event: CmdRsp, data: {'opcode': 164, 'status': 0, 'data': bytearray(b'\x0c\x00')}}
2019-07-10 18:14:01,939 - INFO - tty.usbmodem0006822145041: AddrPublicationAdd: {'address_handle': 12}
2019-07-10 18:14:02,940 - DEBUG - tty.usbmodem0006822145041: Writing: 164 bytearray(b'\xd2\x00')
2019-07-10 18:14:02,941 - DEBUG - tty.usbmodem0006822145041: TX: 03a4d200
2019-07-10 18:14:02,943 - DEBUG - tty.usbmodem0006822145041: RX: 0584a4000d00
2019-07-10 18:14:02,943 - DEBUG - tty.usbmodem0006822145041: parsed_packet {event: CmdRsp, data: {'opcode': 164, 'status': 0, 'data': bytearray(b'\r\x00')}}
2019-07-10 18:14:02,943 - INFO - tty.usbmodem0006822145041: AddrPublicationAdd: {'address_handle': 13}
2019-07-10 18:14:03,945 - DEBUG - tty.usbmodem0006822145041: Writing: 164 bytearray(b'\xd3\x00')
2019-07-10 18:14:03,945 - DEBUG - tty.usbmodem0006822145041: TX: 03a4d300
2019-07-10 18:14:03,947 - DEBUG - tty.usbmodem0006822145041: RX: 0584a4000e00
2019-07-10 18:14:03,948 - DEBUG - tty.usbmodem0006822145041: parsed_packet {event: CmdRsp, data: {'opcode': 164, 'status': 0, 'data': bytearray(b'\x0e\x00')}}
2019-07-10 18:14:03,949 - INFO - tty.usbmodem0006822145041: AddrPublicationAdd: {'address_handle': 14}
2019-07-10 18:14:04,947 - DEBUG - tty.usbmodem0006822145041: Writing: 164 bytearray(b'\xc6\x00')
2019-07-10 18:14:04,947 - DEBUG - tty.usbmodem0006822145041: TX: 03a4c600
2019-07-10 18:14:04,950 - DEBUG - tty.usbmodem0006822145041: RX: 0584a4000000
2019-07-10 18:14:04,951 - DEBUG - tty.usbmodem0006822145041: parsed_packet {event: CmdRsp, data: {'opcode': 164, 'status': 0, 'data': bytearray(b'\x00\x00')}}
2019-07-10 18:14:04,951 - INFO - tty.usbmodem0006822145041: AddrPublicationAdd: {'address_handle': 0}
2019-07-10 18:14:19,348 - DEBUG - tty.usbmodem0006822145041: Writing: 97 bytearray(b'')
2019-07-10 18:14:19,352 - DEBUG - tty.usbmodem0006822145041: TX: 0161
2019-07-10 18:14:19,352 - ERROR - tty.usbmodem0006822145041: Exception in pkt handler <bound method Manager.cmd_handler of <interactive_pyaci.Manager object at 0x10ffe6710>>
2019-07-10 18:14:19,354 - ERROR - tty.usbmodem0006822145041: traceback: Traceback (most recent call last):
  File "/Users/Tim-Mac/msc/bm-control/dev/nrf5SDKforMeshv310src/scripts/interactive_pyaci/aci/aci_uart.py", line 96, in process_command
    fun(command)
  File "/Users/Tim-Mac/msc/bm-control/dev/nrf5SDKforMeshv310src/scripts/interactive_pyaci/interactive_pyaci.py", line 293, in cmd_handler
    if RESPONSE_LUT[cmd._opcode ]["name"] == "DevkeyAdd":
KeyError: 97

2019-07-10 18:14:19,354 - DEBUG - tty.usbmodem0006822145041: RX: 03846100
2019-07-10 18:14:19,357 - DEBUG - tty.usbmodem0006822145041: parsed_packet {event: CmdRsp, data: {'opcode': 97, 'status': 0, 'data': bytearray(b'')}}
2019-07-10 18:14:19,357 - INFO - tty.usbmodem0006822145041: Success
2019-07-10 18:14:19,931 - DEBUG - tty.usbmodem0006822145041: RX: 1ac09db77a0526b8734988639509c242d107ca0001c8639509c2c2
2019-07-10 18:14:19,931 - DEBUG - tty.usbmodem0006822145041: parsed_packet {event: ProvUnprovisionedReceived, data: {'uuid': bytearray(b'\x9d\xb7z\x05&\xb8sI\x88c\x95\t\xc2B\xd1\x07'), 'rssi': -54, 'gatt_supported': 0, 'adv_addr_type': 1, 'adv_addr': bytearray(b'\xc8c\x95\t\xc2\xc2')}}
2019-07-10 18:14:19,932 - INFO - tty.usbmodem0006822145041: {event: ProvUnprovisionedReceived, data: {'uuid': bytearray(b'\x9d\xb7z\x05&\xb8sI\x88c\x95\t\xc2B\xd1\x07'), 'rssi': -54, 'gatt_supported': 0, 'adv_addr_type': 1, 'adv_addr': bytearray(b'\xc8c\x95\t\xc2\xc2')}}
2019-07-10 18:14:19,932 - INFO - tty.usbmodem0006822145041: Received UUID 9db77a0526b8734988639509c242d107 with RSSI: -54 dB
2019-07-10 18:14:21,936 - DEBUG - tty.usbmodem0006822145041: RX: 1ac09db77a0526b8734988639509c242d107ce0001c8639509c2c2
2019-07-10 18:14:21,936 - DEBUG - tty.usbmodem0006822145041: parsed_packet {event: ProvUnprovisionedReceived, data: {'uuid': bytearray(b'\x9d\xb7z\x05&\xb8sI\x88c\x95\t\xc2B\xd1\x07'), 'rssi': -50, 'gatt_supported': 0, 'adv_addr_type': 1, 'adv_addr': bytearray(b'\xc8c\x95\t\xc2\xc2')}}
2019-07-10 18:14:21,937 - INFO - tty.usbmodem0006822145041: {event: ProvUnprovisionedReceived, data: {'uuid': bytearray(b'\x9d\xb7z\x05&\xb8sI\x88c\x95\t\xc2B\xd1\x07'), 'rssi': -50, 'gatt_supported': 0, 'adv_addr_type': 1, 'adv_addr': bytearray(b'\xc8c\x95\t\xc2\xc2')}}
2019-07-10 18:14:23,945 - DEBUG - tty.usbmodem0006822145041: RX: 1ac09db77a0526b8734988639509c242d107c50001c8639509c2c2
2019-07-10 18:14:23,945 - DEBUG - tty.usbmodem0006822145041: parsed_packet {event: ProvUnprovisionedReceived, data: {'uuid': bytearray(b'\x9d\xb7z\x05&\xb8sI\x88c\x95\t\xc2B\xd1\x07'), 'rssi': -59, 'gatt_supported': 0, 'adv_addr_type': 1, 'adv_addr': bytearray(b'\xc8c\x95\t\xc2\xc2')}}
2019-07-10 18:14:23,946 - INFO - tty.usbmodem0006822145041: {event: ProvUnprovisionedReceived, data: {'uuid': bytearray(b'\x9d\xb7z\x05&\xb8sI\x88c\x95\t\xc2B\xd1\x07'), 'rssi': -59, 'gatt_supported': 0, 'adv_addr_type': 1, 'adv_addr': bytearray(b'\xc8c\x95\t\xc2\xc2')}}
2019-07-10 18:14:25,945 - DEBUG - tty.usbmodem0006822145041: RX: 1ac09db77a0526b8734988639509c242d107c90001c8639509c2c2
2019-07-10 18:14:25,948 - DEBUG - tty.usbmodem0006822145041: parsed_packet {event: ProvUnprovisionedReceived, data: {'uuid': bytearray(b'\x9d\xb7z\x05&\xb8sI\x88c\x95\t\xc2B\xd1\x07'), 'rssi': -55, 'gatt_supported': 0, 'adv_addr_type': 1, 'adv_addr': bytearray(b'\xc8c\x95\t\xc2\xc2')}}
2019-07-10 18:14:25,948 - INFO - tty.usbmodem0006822145041: {event: ProvUnprovisionedReceived, data: {'uuid': bytearray(b'\x9d\xb7z\x05&\xb8sI\x88c\x95\t\xc2B\xd1\x07'), 'rssi': -55, 'gatt_supported': 0, 'adv_addr_type': 1, 'adv_addr': bytearray(b'\xc8c\x95\t\xc2\xc2')}}
2019-07-10 18:14:27,947 - DEBUG - tty.usbmodem0006822145041: RX: 1ac09db77a0526b8734988639509c242d107ce0001c8639509c2c2
2019-07-10 18:14:27,947 - DEBUG - tty.usbmodem0006822145041: parsed_packet {event: ProvUnprovisionedReceived, data: {'uuid': bytearray(b'\x9d\xb7z\x05&\xb8sI\x88c\x95\t\xc2B\xd1\x07'), 'rssi': -50, 'gatt_supported': 0, 'adv_addr_type': 1, 'adv_addr': bytearray(b'\xc8c\x95\t\xc2\xc2')}}
2019-07-10 18:14:27,948 - INFO - tty.usbmodem0006822145041: {event: ProvUnprovisionedReceived, data: {'uuid': bytearray(b'\x9d\xb7z\x05&\xb8sI\x88c\x95\t\xc2B\xd1\x07'), 'rssi': -50, 'gatt_supported': 0, 'adv_addr_type': 1, 'adv_addr': bytearray(b'\xc8c\x95\t\xc2\xc2')}}
2019-07-10 18:14:29,956 - DEBUG - tty.usbmodem0006822145041: RX: 1ac09db77a0526b8734988639509c242d107c20001c8639509c2c2
2019-07-10 18:14:29,957 - DEBUG - tty.usbmodem0006822145041: parsed_packet {event: ProvUnprovisionedReceived, data: {'uuid': bytearray(b'\x9d\xb7z\x05&\xb8sI\x88c\x95\t\xc2B\xd1\x07'), 'rssi': -62, 'gatt_supported': 0, 'adv_addr_type': 1, 'adv_addr': bytearray(b'\xc8c\x95\t\xc2\xc2')}}
2019-07-10 18:14:29,957 - INFO - tty.usbmodem0006822145041: {event: ProvUnprovisionedReceived, data: {'uuid': bytearray(b'\x9d\xb7z\x05&\xb8sI\x88c\x95\t\xc2B\xd1\x07'), 'rssi': -62, 'gatt_supported': 0, 'adv_addr_type': 1, 'adv_addr': bytearray(b'\xc8c\x95\t\xc2\xc2')}}
2019-07-10 18:14:31,963 - DEBUG - tty.usbmodem0006822145041: RX: 1ac09db77a0526b8734988639509c242d107c80001c8639509c2c2
2019-07-10 18:14:31,963 - DEBUG - tty.usbmodem0006822145041: parsed_packet {event: ProvUnprovisionedReceived, data: {'uuid': bytearray(b'\x9d\xb7z\x05&\xb8sI\x88c\x95\t\xc2B\xd1\x07'), 'rssi': -56, 'gatt_supported': 0, 'adv_addr_type': 1, 'adv_addr': bytearray(b'\xc8c\x95\t\xc2\xc2')}}
2019-07-10 18:14:31,964 - INFO - tty.usbmodem0006822145041: {event: ProvUnprovisionedReceived, data: {'uuid': bytearray(b'\x9d\xb7z\x05&\xb8sI\x88c\x95\t\xc2B\xd1\x07'), 'rssi': -56, 'gatt_supported': 0, 'adv_addr_type': 1, 'adv_addr': bytearray(b'\xc8c\x95\t\xc2\xc2')}}
2019-07-10 18:14:33,976 - DEBUG - tty.usbmodem0006822145041: RX: 1ac09db77a0526b8734988639509c242d107cd0001c8639509c2c2
2019-07-10 18:14:33,977 - DEBUG - tty.usbmodem0006822145041: parsed_packet {event: ProvUnprovisionedReceived, data: {'uuid': bytearray(b'\x9d\xb7z\x05&\xb8sI\x88c\x95\t\xc2B\xd1\x07'), 'rssi': -51, 'gatt_supported': 0, 'adv_addr_type': 1, 'adv_addr': bytearray(b'\xc8c\x95\t\xc2\xc2')}}
2019-07-10 18:14:33,977 - INFO - tty.usbmodem0006822145041: {event: ProvUnprovisionedReceived, data: {'uuid': bytearray(b'\x9d\xb7z\x05&\xb8sI\x88c\x95\t\xc2B\xd1\x07'), 'rssi': -51, 'gatt_supported': 0, 'adv_addr_type': 1, 'adv_addr': bytearray(b'\xc8c\x95\t\xc2\xc2')}}
2019-07-10 18:14:35,976 - DEBUG - tty.usbmodem0006822145041: RX: 1ac09db77a0526b8734988639509c242d107c20001c8639509c2c2
2019-07-10 18:14:35,976 - DEBUG - tty.usbmodem0006822145041: parsed_packet {event: ProvUnprovisionedReceived, data: {'uuid': bytearray(b'\x9d\xb7z\x05&\xb8sI\x88c\x95\t\xc2B\xd1\x07'), 'rssi': -62, 'gatt_supported': 0, 'adv_addr_type': 1, 'adv_addr': bytearray(b'\xc8c\x95\t\xc2\xc2')}}
2019-07-10 18:14:35,977 - INFO - tty.usbmodem0006822145041: {event: ProvUnprovisionedReceived, data: {'uuid': bytearray(b'\x9d\xb7z\x05&\xb8sI\x88c\x95\t\xc2B\xd1\x07'), 'rssi': -62, 'gatt_supported': 0, 'adv_addr_type': 1, 'adv_addr': bytearray(b'\xc8c\x95\t\xc2\xc2')}}
2019-07-10 18:14:37,981 - DEBUG - tty.usbmodem0006822145041: RX: 1ac09db77a0526b8734988639509c242d107c90001c8639509c2c2
2019-07-10 18:14:37,981 - DEBUG - tty.usbmodem0006822145041: parsed_packet {event: ProvUnprovisionedReceived, data: {'uuid': bytearray(b'\x9d\xb7z\x05&\xb8sI\x88c\x95\t\xc2B\xd1\x07'), 'rssi': -55, 'gatt_supported': 0, 'adv_addr_type': 1, 'adv_addr': bytearray(b'\xc8c\x95\t\xc2\xc2')}}
2019-07-10 18:14:37,982 - INFO - tty.usbmodem0006822145041: {event: ProvUnprovisionedReceived, data: {'uuid': bytearray(b'\x9d\xb7z\x05&\xb8sI\x88c\x95\t\xc2B\xd1\x07'), 'rssi': -55, 'gatt_supported': 0, 'adv_addr_type': 1, 'adv_addr': bytearray(b'\xc8c\x95\t\xc2\xc2')}}
2019-07-10 18:14:39,982 - DEBUG - tty.usbmodem0006822145041: RX: 1ac09db77a0526b8734988639509c242d107d30001c8639509c2c2
2019-07-10 18:14:39,983 - DEBUG - tty.usbmodem0006822145041: parsed_packet {event: ProvUnprovisionedReceived, data: {'uuid': bytearray(b'\x9d\xb7z\x05&\xb8sI\x88c\x95\t\xc2B\xd1\x07'), 'rssi': -45, 'gatt_supported': 0, 'adv_addr_type': 1, 'adv_addr': bytearray(b'\xc8c\x95\t\xc2\xc2')}}
2019-07-10 18:14:39,983 - INFO - tty.usbmodem0006822145041: {event: ProvUnprovisionedReceived, data: {'uuid': bytearray(b'\x9d\xb7z\x05&\xb8sI\x88c\x95\t\xc2B\xd1\x07'), 'rssi': -45, 'gatt_supported': 0, 'adv_addr_type': 1, 'adv_addr': bytearray(b'\xc8c\x95\t\xc2\xc2')}}
2019-07-10 18:14:41,991 - DEBUG - tty.usbmodem0006822145041: RX: 1ac09db77a0526b8734988639509c242d107c70001c8639509c2c2
2019-07-10 18:14:41,992 - DEBUG - tty.usbmodem0006822145041: parsed_packet {event: ProvUnprovisionedReceived, data: {'uuid': bytearray(b'\x9d\xb7z\x05&\xb8sI\x88c\x95\t\xc2B\xd1\x07'), 'rssi': -57, 'gatt_supported': 0, 'adv_addr_type': 1, 'adv_addr': bytearray(b'\xc8c\x95\t\xc2\xc2')}}
2019-07-10 18:14:41,992 - INFO - tty.usbmodem0006822145041: {event: ProvUnprovisionedReceived, data: {'uuid': bytearray(b'\x9d\xb7z\x05&\xb8sI\x88c\x95\t\xc2B\xd1\x07'), 'rssi': -57, 'gatt_supported': 0, 'adv_addr_type': 1, 'adv_addr': bytearray(b'\xc8c\x95\t\xc2\xc2')}}
2019-07-10 18:14:44,009 - DEBUG - tty.usbmodem0006822145041: RX: 1ac09db77a0526b8734988639509c242d107ca0001c8639509c2c2
2019-07-10 18:14:44,010 - DEBUG - tty.usbmodem0006822145041: parsed_packet {event: ProvUnprovisionedReceived, data: {'uuid': bytearray(b'\x9d\xb7z\x05&\xb8sI\x88c\x95\t\xc2B\xd1\x07'), 'rssi': -54, 'gatt_supported': 0, 'adv_addr_type': 1, 'adv_addr': bytearray(b'\xc8c\x95\t\xc2\xc2')}}
2019-07-10 18:14:44,010 - INFO - tty.usbmodem0006822145041: {event: ProvUnprovisionedReceived, data: {'uuid': bytearray(b'\x9d\xb7z\x05&\xb8sI\x88c\x95\t\xc2B\xd1\x07'), 'rssi': -54, 'gatt_supported': 0, 'adv_addr_type': 1, 'adv_addr': bytearray(b'\xc8c\x95\t\xc2\xc2')}}
2019-07-10 18:14:44,422 - DEBUG - tty.usbmodem0006822145041: exited read event
