2019-06-12 14:30:23,349 - DEBUG - tty.usbmodem0006822145041: TX: 61697c49c7e53b10e5409e74f464809c963e96e16974be80fa67bf4ea4c513767ee17435bfcb85fba7d913dc15dd016cc3562018b1da3b7af0c5d0b3778708cc25b780712c91ab2cb26b2059a070c7cf3a214a1c08408d1cc0d01d01767dcf922fe6
2019-06-12 14:30:23,359 - DEBUG - tty.usbmodem0006822145041: RX: 03845384
2019-06-12 14:30:23,359 - DEBUG - tty.usbmodem0006822145041: parsed_packet {event: CmdRsp, data: {'opcode': 83, 'status': 132, 'data': bytearray(b'')}}
2019-06-12 14:30:23,359 - ERROR - tty.usbmodem0006822145041: None: ERROR_INVALID_LENGTH
2019-06-12 14:30:23,360 - DEBUG - tty.usbmodem0006822145041: RX: 03840084
2019-06-12 14:30:23,360 - DEBUG - tty.usbmodem0006822145041: parsed_packet {event: CmdRsp, data: {'opcode': 0, 'status': 132, 'data': bytearray(b'')}}
2019-06-12 14:30:23,360 - DEBUG - tty.usbmodem0006822145041: TX: 059f01000100
2019-06-12 14:30:23,360 - ERROR - tty.usbmodem0006822145041: None: ERROR_INVALID_LENGTH
2019-06-12 14:30:23,361 - DEBUG - tty.usbmodem0006822145041: RX: 03840084
2019-06-12 14:30:23,361 - DEBUG - tty.usbmodem0006822145041: parsed_packet {event: CmdRsp, data: {'opcode': 0, 'status': 132, 'data': bytearray(b'')}}
2019-06-12 14:30:23,361 - ERROR - tty.usbmodem0006822145041: None: ERROR_INVALID_LENGTH
2019-06-12 14:30:23,361 - DEBUG - tty.usbmodem0006822145041: RX: 03840084
2019-06-12 14:30:23,362 - DEBUG - tty.usbmodem0006822145041: parsed_packet {event: CmdRsp, data: {'opcode': 0, 'status': 132, 'data': bytearray(b'')}}
2019-06-12 14:30:23,362 - DEBUG - tty.usbmodem0006822145041: TX: 1392000018eed9c2a56add85049ffc3c59ad0e12
2019-06-12 14:30:23,362 - ERROR - tty.usbmodem0006822145041: None: ERROR_INVALID_LENGTH
2019-06-12 14:30:23,362 - DEBUG - tty.usbmodem0006822145041: TX: 1597000000004f68ad85d9f48ac8589df665b6b49b8a
2019-06-12 14:30:23,363 - DEBUG - tty.usbmodem0006822145041: RX: 03840084
2019-06-12 14:30:23,363 - DEBUG - tty.usbmodem0006822145041: parsed_packet {event: CmdRsp, data: {'opcode': 0, 'status': 132, 'data': bytearray(b'')}}
2019-06-12 14:30:23,363 - DEBUG - tty.usbmodem0006822145041: TX: 1597010000002aa2a6ded5a0798ceab5787ca3ae39fc
2019-06-12 14:30:23,363 - ERROR - tty.usbmodem0006822145041: None: ERROR_INVALID_LENGTH
2019-06-12 14:30:23,364 - DEBUG - tty.usbmodem0006822145041: RX: 03840084
2019-06-12 14:30:23,364 - DEBUG - tty.usbmodem0006822145041: parsed_packet {event: CmdRsp, data: {'opcode': 0, 'status': 132, 'data': bytearray(b'')}}
2019-06-12 14:30:23,364 - ERROR - tty.usbmodem0006822145041: None: ERROR_INVALID_LENGTH
2019-06-12 14:30:23,364 - DEBUG - tty.usbmodem0006822145041: RX: 03840084
2019-06-12 14:30:23,365 - DEBUG - tty.usbmodem0006822145041: parsed_packet {event: CmdRsp, data: {'opcode': 0, 'status': 132, 'data': bytearray(b'')}}
2019-06-12 14:30:23,365 - ERROR - tty.usbmodem0006822145041: None: ERROR_INVALID_LENGTH
2019-06-12 14:30:23,365 - DEBUG - tty.usbmodem0006822145041: RX: 03840084
2019-06-12 14:30:23,365 - DEBUG - tty.usbmodem0006822145041: parsed_packet {event: CmdRsp, data: {'opcode': 0, 'status': 132, 'data': bytearray(b'')}}
2019-06-12 14:30:23,366 - ERROR - tty.usbmodem0006822145041: None: ERROR_INVALID_LENGTH
2019-06-12 14:30:23,366 - DEBUG - tty.usbmodem0006822145041: RX: 03840084
2019-06-12 14:30:23,366 - DEBUG - tty.usbmodem0006822145041: parsed_packet {event: CmdRsp, data: {'opcode': 0, 'status': 132, 'data': bytearray(b'')}}
2019-06-12 14:30:23,366 - ERROR - tty.usbmodem0006822145041: None: ERROR_INVALID_LENGTH
2019-06-12 14:30:23,366 - DEBUG - tty.usbmodem0006822145041: RX: 03840084
2019-06-12 14:30:23,366 - DEBUG - tty.usbmodem0006822145041: parsed_packet {event: CmdRsp, data: {'opcode': 0, 'status': 132, 'data': bytearray(b'')}}
2019-06-12 14:30:23,367 - ERROR - tty.usbmodem0006822145041: None: ERROR_INVALID_LENGTH
2019-06-12 14:30:23,367 - DEBUG - tty.usbmodem0006822145041: RX: 03840084
2019-06-12 14:30:23,367 - DEBUG - tty.usbmodem0006822145041: parsed_packet {event: CmdRsp, data: {'opcode': 0, 'status': 132, 'data': bytearray(b'')}}
2019-06-12 14:30:23,367 - ERROR - tty.usbmodem0006822145041: None: ERROR_INVALID_LENGTH
2019-06-12 14:30:23,367 - DEBUG - tty.usbmodem0006822145041: RX: 03840084
2019-06-12 14:30:23,368 - DEBUG - tty.usbmodem0006822145041: parsed_packet {event: CmdRsp, data: {'opcode': 0, 'status': 132, 'data': bytearray(b'')}}
2019-06-12 14:30:23,368 - ERROR - tty.usbmodem0006822145041: None: ERROR_INVALID_LENGTH
2019-06-12 14:30:23,368 - DEBUG - tty.usbmodem0006822145041: RX: 03840084
2019-06-12 14:30:23,368 - DEBUG - tty.usbmodem0006822145041: parsed_packet {event: CmdRsp, data: {'opcode': 0, 'status': 132, 'data': bytearray(b'')}}
2019-06-12 14:30:23,368 - ERROR - tty.usbmodem0006822145041: None: ERROR_INVALID_LENGTH
2019-06-12 14:30:23,369 - DEBUG - tty.usbmodem0006822145041: RX: 03849f00
2019-06-12 14:30:23,369 - DEBUG - tty.usbmodem0006822145041: parsed_packet {event: CmdRsp, data: {'opcode': 159, 'status': 0, 'data': bytearray(b'')}}
2019-06-12 14:30:23,369 - INFO - tty.usbmodem0006822145041: Success
2019-06-12 14:30:23,376 - DEBUG - tty.usbmodem0006822145041: RX: 058492000000
2019-06-12 14:30:23,376 - DEBUG - tty.usbmodem0006822145041: parsed_packet {event: CmdRsp, data: {'opcode': 146, 'status': 0, 'data': bytearray(b'\x00\x00')}}
2019-06-12 14:30:23,376 - INFO - tty.usbmodem0006822145041: SubnetAdd: {'subnet_handle': 0}
2019-06-12 14:30:23,377 - DEBUG - tty.usbmodem0006822145041: RX: 058497000000
2019-06-12 14:30:23,377 - DEBUG - tty.usbmodem0006822145041: parsed_packet {event: CmdRsp, data: {'opcode': 151, 'status': 0, 'data': bytearray(b'\x00\x00')}}
2019-06-12 14:30:23,377 - INFO - tty.usbmodem0006822145041: AppkeyAdd: {'appkey_handle': 0}
2019-06-12 14:30:23,377 - DEBUG - tty.usbmodem0006822145041: RX: 058497000100
2019-06-12 14:30:23,377 - DEBUG - tty.usbmodem0006822145041: parsed_packet {event: CmdRsp, data: {'opcode': 151, 'status': 0, 'data': bytearray(b'\x01\x00')}}
2019-06-12 14:30:23,377 - INFO - tty.usbmodem0006822145041: AppkeyAdd: {'appkey_handle': 1}
2019-06-12 14:30:29,329 - DEBUG - tty.usbmodem0006822145041: TX: 0161
2019-06-12 14:30:29,333 - DEBUG - tty.usbmodem0006822145041: RX: 03846100
2019-06-12 14:30:29,334 - DEBUG - tty.usbmodem0006822145041: parsed_packet {event: CmdRsp, data: {'opcode': 97, 'status': 0, 'data': bytearray(b'')}}
2019-06-12 14:30:29,334 - INFO - tty.usbmodem0006822145041: Success
2019-06-12 14:30:31,013 - DEBUG - tty.usbmodem0006822145041: RX: 1ac09db77a0526b8734988639509c242d107ce0001c8639509c2c2
2019-06-12 14:30:31,013 - DEBUG - tty.usbmodem0006822145041: parsed_packet {event: ProvUnprovisionedReceived, data: {'uuid': bytearray(b'\x9d\xb7z\x05&\xb8sI\x88c\x95\t\xc2B\xd1\x07'), 'rssi': -50, 'gatt_supported': 0, 'adv_addr_type': 1, 'adv_addr': bytearray(b'\xc8c\x95\t\xc2\xc2')}}
2019-06-12 14:30:31,014 - INFO - tty.usbmodem0006822145041: Received UUID 9db77a0526b8734988639509c242d107 with RSSI: -50 dB
2019-06-12 14:30:33,022 - DEBUG - tty.usbmodem0006822145041: RX: 1ac09db77a0526b8734988639509c242d107d50001c8639509c2c2
2019-06-12 14:30:33,022 - DEBUG - tty.usbmodem0006822145041: parsed_packet {event: ProvUnprovisionedReceived, data: {'uuid': bytearray(b'\x9d\xb7z\x05&\xb8sI\x88c\x95\t\xc2B\xd1\x07'), 'rssi': -43, 'gatt_supported': 0, 'adv_addr_type': 1, 'adv_addr': bytearray(b'\xc8c\x95\t\xc2\xc2')}}
2019-06-12 14:30:35,027 - DEBUG - tty.usbmodem0006822145041: RX: 1ac09db77a0526b8734988639509c242d107d00001c8639509c2c2
2019-06-12 14:30:35,027 - DEBUG - tty.usbmodem0006822145041: parsed_packet {event: ProvUnprovisionedReceived, data: {'uuid': bytearray(b'\x9d\xb7z\x05&\xb8sI\x88c\x95\t\xc2B\xd1\x07'), 'rssi': -48, 'gatt_supported': 0, 'adv_addr_type': 1, 'adv_addr': bytearray(b'\xc8c\x95\t\xc2\xc2')}}
2019-06-12 14:30:37,044 - DEBUG - tty.usbmodem0006822145041: RX: 1ac09db77a0526b8734988639509c242d107cf0001c8639509c2c2
2019-06-12 14:30:37,044 - DEBUG - tty.usbmodem0006822145041: parsed_packet {event: ProvUnprovisionedReceived, data: {'uuid': bytearray(b'\x9d\xb7z\x05&\xb8sI\x88c\x95\t\xc2B\xd1\x07'), 'rssi': -49, 'gatt_supported': 0, 'adv_addr_type': 1, 'adv_addr': bytearray(b'\xc8c\x95\t\xc2\xc2')}}
2019-06-12 14:30:37,929 - DEBUG - tty.usbmodem0006822145041: TX: 0162
2019-06-12 14:30:37,934 - DEBUG - tty.usbmodem0006822145041: RX: 03846200
2019-06-12 14:30:37,934 - DEBUG - tty.usbmodem0006822145041: parsed_packet {event: CmdRsp, data: {'opcode': 98, 'status': 0, 'data': bytearray(b'')}}
2019-06-12 14:30:37,934 - INFO - tty.usbmodem0006822145041: Success
2019-06-12 14:30:46,946 - DEBUG - tty.usbmodem0006822145041: TX: 2d63009db77a0526b8734988639509c242d10718eed9c2a56add85049ffc3c59ad0e120000000000001000000000
2019-06-12 14:30:46,955 - DEBUG - tty.usbmodem0006822145041: RX: 0484630000
2019-06-12 14:30:46,955 - DEBUG - tty.usbmodem0006822145041: parsed_packet {event: CmdRsp, data: {'opcode': 99, 'status': 0, 'data': bytearray(b'\x00')}}
2019-06-12 14:30:46,956 - INFO - tty.usbmodem0006822145041: Provision: {'context': 0}
2019-06-12 14:30:46,969 - DEBUG - tty.usbmodem0006822145041: RX: 02c100
2019-06-12 14:30:46,969 - DEBUG - tty.usbmodem0006822145041: parsed_packet {event: ProvLinkEstablished, data: {'context_id': 0}}
2019-06-12 14:30:46,970 - INFO - tty.usbmodem0006822145041: Link established
2019-06-12 14:30:47,021 - DEBUG - tty.usbmodem0006822145041: RX: 0bc300030001000000000000
2019-06-12 14:30:47,021 - DEBUG - tty.usbmodem0006822145041: parsed_packet {event: ProvCapsReceived, data: {'context_id': 0, 'num_elements': 3, 'public_key_type': 0, 'static_oob_types': 1, 'output_oob_size': 0, 'output_oob_actions': 0, 'input_oob_size': 0, 'input_oob_actions': 0}}
2019-06-12 14:30:47,022 - INFO - tty.usbmodem0006822145041: Received capabilities
2019-06-12 14:30:47,022 - INFO - tty.usbmodem0006822145041: Number of elements: 3
2019-06-12 14:30:47,022 - DEBUG - tty.usbmodem0006822145041: TX: 056600000000
2019-06-12 14:30:47,024 - DEBUG - tty.usbmodem0006822145041: RX: 0484660000
2019-06-12 14:30:47,024 - DEBUG - tty.usbmodem0006822145041: parsed_packet {event: CmdRsp, data: {'opcode': 102, 'status': 0, 'data': bytearray(b'\x00')}}
2019-06-12 14:30:47,025 - INFO - tty.usbmodem0006822145041: OobUse: {'context': 0}
2019-06-12 14:30:49,209 - DEBUG - tty.usbmodem0006822145041: RX: 62c70050732944cfbfe12f94dd5c7f24705aaed4119f5b9f09f6f24aac364bfe29fd013859f8930eac94864453dcec79e26b14d5445d815b4e9572df8f322a4126b0ed981a4ec5319556085ebe727461103915a6a93716186c8abab533c7e0dfcbb0fd
2019-06-12 14:30:49,210 - DEBUG - tty.usbmodem0006822145041: parsed_packet {event: ProvEcdhRequest, data: {'context_id': 0, 'peer_public': bytearray(b'Ps)D\xcf\xbf\xe1/\x94\xdd\\\x7f$pZ\xae\xd4\x11\x9f[\x9f\t\xf6\xf2J\xac6K\xfe)\xfd\x018Y\xf8\x93\x0e\xac\x94\x86DS\xdc\xecy\xe2k\x14\xd5D]\x81[N\x95r\xdf\x8f2*A&\xb0\xed'), 'node_private': bytearray(b'\x98\x1aN\xc51\x95V\x08^\xberta\x109\x15\xa6\xa97\x16\x18l\x8a\xba\xb53\xc7\xe0\xdf\xcb\xb0\xfd')}}
2019-06-12 14:30:49,210 - INFO - tty.usbmodem0006822145041: ECDH request received
2019-06-12 14:30:49,210 - DEBUG - tty.usbmodem0006822145041: TX: 226800b2e51aee4d5e53a08de7cb6a602c0173cca05be69da77a9533c3fb0b0ce1517a
2019-06-12 14:30:49,215 - DEBUG - tty.usbmodem0006822145041: RX: 0484680000
2019-06-12 14:30:49,215 - DEBUG - tty.usbmodem0006822145041: parsed_packet {event: CmdRsp, data: {'opcode': 104, 'status': 0, 'data': bytearray(b'\x00')}}
2019-06-12 14:30:49,216 - INFO - tty.usbmodem0006822145041: EcdhSecret: {'context': 0}
2019-06-12 14:30:49,546 - DEBUG - tty.usbmodem0006822145041: RX: 2cc500000000000000100000008c0c4e5f74e45d474f5de5d2d958d1e318eed9c2a56add85049ffc3c59ad0e12
2019-06-12 14:30:49,547 - DEBUG - tty.usbmodem0006822145041: parsed_packet {event: ProvComplete, data: {'context_id': 0, 'iv_index': 0, 'net_key_index': 0, 'address': 16, 'iv_update_flag': 0, 'key_refresh_flag': 0, 'device_key': bytearray(b'\x8c\x0cN_t\xe4]GO]\xe5\xd2\xd9X\xd1\xe3'), 'net_key': bytearray(b'\x18\xee\xd9\xc2\xa5j\xdd\x85\x04\x9f\xfc<Y\xad\x0e\x12')}}
2019-06-12 14:30:49,547 - INFO - tty.usbmodem0006822145041: Provisioning complete
2019-06-12 14:30:49,547 - INFO - tty.usbmodem0006822145041: 	Address(es): 0x10-0x12
2019-06-12 14:30:49,547 - INFO - tty.usbmodem0006822145041: 	Device key: 8c0c4e5f74e45d474f5de5d2d958d1e3
2019-06-12 14:30:49,547 - INFO - tty.usbmodem0006822145041: 	Network key: 18eed9c2a56add85049ffc3c59ad0e12
2019-06-12 14:30:49,547 - INFO - tty.usbmodem0006822145041: Adding device key to subnet 0
2019-06-12 14:30:49,548 - DEBUG - tty.usbmodem0006822145041: TX: 159c100000008c0c4e5f74e45d474f5de5d2d958d1e3
2019-06-12 14:30:49,548 - INFO - tty.usbmodem0006822145041: Adding publication address of root element
2019-06-12 14:30:49,548 - DEBUG - tty.usbmodem0006822145041: TX: 03a41000
2019-06-12 14:30:49,551 - DEBUG - tty.usbmodem0006822145041: RX: 05849c000800
2019-06-12 14:30:49,552 - DEBUG - tty.usbmodem0006822145041: parsed_packet {event: CmdRsp, data: {'opcode': 156, 'status': 0, 'data': bytearray(b'\x08\x00')}}
2019-06-12 14:30:49,552 - INFO - tty.usbmodem0006822145041: DevkeyAdd: {'devkey_handle': 8}
2019-06-12 14:30:49,552 - DEBUG - tty.usbmodem0006822145041: RX: 0584a4000000
2019-06-12 14:30:49,552 - DEBUG - tty.usbmodem0006822145041: parsed_packet {event: CmdRsp, data: {'opcode': 164, 'status': 0, 'data': bytearray(b'\x00\x00')}}
2019-06-12 14:30:49,552 - INFO - tty.usbmodem0006822145041: AddrPublicationAdd: {'address_handle': 0}
2019-06-12 14:30:49,632 - DEBUG - tty.usbmodem0006822145041: RX: 03c20000
2019-06-12 14:30:49,633 - DEBUG - tty.usbmodem0006822145041: parsed_packet {event: ProvLinkClosed, data: {'context_id': 0, 'close_reason': 0}}
2019-06-12 14:30:49,633 - INFO - tty.usbmodem0006822145041: Provisioning link closed
2019-06-12 14:31:15,810 - DEBUG - tty.usbmodem0006822145041.ConfigurationClient: Sending opcode: 8008, data: 00
2019-06-12 14:31:15,813 - DEBUG - tty.usbmodem0006822145041: TX: 0eab08000100000008000000800800
2019-06-12 14:31:15,819 - DEBUG - tty.usbmodem0006822145041: RX: 0784ab0001000000
2019-06-12 14:31:15,819 - DEBUG - tty.usbmodem0006822145041: parsed_packet {event: CmdRsp, data: {'opcode': 171, 'status': 0, 'data': bytearray(b'\x01\x00\x00\x00')}}
2019-06-12 14:31:15,820 - INFO - tty.usbmodem0006822145041: PacketSend: {'token': 1}
2019-06-12 14:31:15,825 - DEBUG - tty.usbmodem0006822145041: RX: 05d201000000
2019-06-12 14:31:15,825 - DEBUG - tty.usbmodem0006822145041: parsed_packet {event: MeshTxComplete, data: {'token': 1}}
2019-06-12 14:31:15,825 - INFO - tty.usbmodem0006822145041: {event: MeshTxComplete, data: {'token': 1}}
2019-06-12 14:31:15,882 - DEBUG - tty.usbmodem0006822145041: RX: 34d010000100080000001e01c8639509c2c2c820000200590000000000280003000000020000000200000001000110000001000110
2019-06-12 14:31:15,885 - DEBUG - tty.usbmodem0006822145041: parsed_packet {event: MeshMessageReceivedUnicast, data: {'src': 16, 'dst': 1, 'appkey_handle': 8, 'subnet_handle': 0, 'ttl': 30, 'adv_addr_type': 1, 'adv_addr': bytearray(b'\xc8c\x95\t\xc2\xc2'), 'rssi': -56, 'actual_length': 32, 'data': bytearray(b'\x02\x00Y\x00\x00\x00\x00\x00(\x00\x03\x00\x00\x00\x02\x00\x00\x00\x02\x00\x00\x00\x01\x00\x01\x10\x00\x00\x01\x00\x01\x10')}}
2019-06-12 14:31:15,889 - INFO - tty.usbmodem0006822145041.ConfigurationClient: Received composition data (page 0x00): {
  "cid": "0059",
  "pid": "0000",
  "vid": "0000",
  "crpl": 40,
  "features": {
    "relay": 0,
    "proxy": 0,
    "friend": 2,
    "low_power": 2
  },
  "elements": [
    {
      "index": 0,
      "location": "0000",
      "models": [
        {
          "modelId": "0000"
        },
        {
          "modelId": "0002"
        }
      ]
    },
    {
      "index": 1,
      "location": "0000",
      "models": [
        {
          "modelId": "1001"
        }
      ]
    },
    {
      "index": 2,
      "location": "0000",
      "models": [
        {
          "modelId": "1001"
        }
      ]
    }
  ]
}
2019-06-12 14:31:24,547 - DEBUG - tty.usbmodem0006822145041.ConfigurationClient: Sending opcode: 00, data: 0000004f68ad85d9f48ac8589df665b6b49b8a
2019-06-12 14:31:24,548 - DEBUG - tty.usbmodem0006822145041: TX: 1fab08000100000008000000000000004f68ad85d9f48ac8589df665b6b49b8a
2019-06-12 14:31:24,554 - DEBUG - tty.usbmodem0006822145041: RX: 0784ab0002000000
2019-06-12 14:31:24,554 - DEBUG - tty.usbmodem0006822145041: parsed_packet {event: CmdRsp, data: {'opcode': 171, 'status': 0, 'data': bytearray(b'\x02\x00\x00\x00')}}
2019-06-12 14:31:24,555 - INFO - tty.usbmodem0006822145041: PacketSend: {'token': 2}
2019-06-12 14:31:24,590 - DEBUG - tty.usbmodem0006822145041: RX: 05d202000000
2019-06-12 14:31:24,590 - DEBUG - tty.usbmodem0006822145041: parsed_packet {event: MeshTxComplete, data: {'token': 2}}
2019-06-12 14:31:24,590 - INFO - tty.usbmodem0006822145041: {event: MeshTxComplete, data: {'token': 2}}
2019-06-12 14:31:24,622 - DEBUG - tty.usbmodem0006822145041: RX: 1ad010000100080000001e01c8639509c2c2cd0600800300000000
2019-06-12 14:31:24,623 - DEBUG - tty.usbmodem0006822145041: parsed_packet {event: MeshMessageReceivedUnicast, data: {'src': 16, 'dst': 1, 'appkey_handle': 8, 'subnet_handle': 0, 'ttl': 30, 'adv_addr_type': 1, 'adv_addr': bytearray(b'\xc8c\x95\t\xc2\xc2'), 'rssi': -51, 'actual_length': 6, 'data': bytearray(b'\x80\x03\x00\x00\x00\x00')}}
2019-06-12 14:31:24,623 - INFO - tty.usbmodem0006822145041.ConfigurationClient: Appkey status: AccessStatus.SUCCESS
2019-06-12 14:31:24,626 - INFO - tty.usbmodem0006822145041.ConfigurationClient: Appkey add 0 succeded for subnet 0 at node 0010
2019-06-12 14:31:44,067 - DEBUG - tty.usbmodem0006822145041.ConfigurationClient: Sending opcode: 803d, data: 110000000110
2019-06-12 14:31:44,068 - DEBUG - tty.usbmodem0006822145041: TX: 13ab08000100000008000000803d110000000110
2019-06-12 14:31:44,073 - DEBUG - tty.usbmodem0006822145041: RX: 0784ab0003000000
2019-06-12 14:31:44,074 - DEBUG - tty.usbmodem0006822145041: parsed_packet {event: CmdRsp, data: {'opcode': 171, 'status': 0, 'data': bytearray(b'\x03\x00\x00\x00')}}
2019-06-12 14:31:44,074 - INFO - tty.usbmodem0006822145041: PacketSend: {'token': 3}
2019-06-12 14:31:44,077 - DEBUG - tty.usbmodem0006822145041: RX: 05d203000000
2019-06-12 14:31:44,078 - DEBUG - tty.usbmodem0006822145041: parsed_packet {event: MeshTxComplete, data: {'token': 3}}
2019-06-12 14:31:44,078 - INFO - tty.usbmodem0006822145041: {event: MeshTxComplete, data: {'token': 3}}
2019-06-12 14:31:44,093 - DEBUG - tty.usbmodem0006822145041: RX: 1dd010000100080000001e01c8639509c2c2c10900803e00110000000110
2019-06-12 14:31:44,094 - DEBUG - tty.usbmodem0006822145041: parsed_packet {event: MeshMessageReceivedUnicast, data: {'src': 16, 'dst': 1, 'appkey_handle': 8, 'subnet_handle': 0, 'ttl': 30, 'adv_addr_type': 1, 'adv_addr': bytearray(b'\xc8c\x95\t\xc2\xc2'), 'rssi': -63, 'actual_length': 9, 'data': bytearray(b'\x80>\x00\x11\x00\x00\x00\x01\x10')}}
2019-06-12 14:31:44,094 - INFO - tty.usbmodem0006822145041.ConfigurationClient: Model app bind status: AccessStatus.SUCCESS
2019-06-12 14:31:44,096 - INFO - tty.usbmodem0006822145041.ConfigurationClient: Appkey bind 0 to model 1001 at 0011
2019-06-12 14:31:49,875 - DEBUG - tty.usbmodem0006822145041.ConfigurationClient: Sending opcode: 803d, data: 120000000110
2019-06-12 14:31:49,876 - DEBUG - tty.usbmodem0006822145041: TX: 13ab08000100000008000000803d120000000110
2019-06-12 14:31:49,885 - DEBUG - tty.usbmodem0006822145041: RX: 0784ab0004000000
2019-06-12 14:31:49,885 - DEBUG - tty.usbmodem0006822145041: parsed_packet {event: CmdRsp, data: {'opcode': 171, 'status': 0, 'data': bytearray(b'\x04\x00\x00\x00')}}
2019-06-12 14:31:49,885 - INFO - tty.usbmodem0006822145041: PacketSend: {'token': 4}
2019-06-12 14:31:49,893 - DEBUG - tty.usbmodem0006822145041: RX: 05d204000000
2019-06-12 14:31:49,894 - DEBUG - tty.usbmodem0006822145041: parsed_packet {event: MeshTxComplete, data: {'token': 4}}
2019-06-12 14:31:49,894 - INFO - tty.usbmodem0006822145041: {event: MeshTxComplete, data: {'token': 4}}
2019-06-12 14:31:49,903 - DEBUG - tty.usbmodem0006822145041: RX: 1dd010000100080000001e01c8639509c2c2c50900803e00120000000110
2019-06-12 14:31:49,904 - DEBUG - tty.usbmodem0006822145041: parsed_packet {event: MeshMessageReceivedUnicast, data: {'src': 16, 'dst': 1, 'appkey_handle': 8, 'subnet_handle': 0, 'ttl': 30, 'adv_addr_type': 1, 'adv_addr': bytearray(b'\xc8c\x95\t\xc2\xc2'), 'rssi': -59, 'actual_length': 9, 'data': bytearray(b'\x80>\x00\x12\x00\x00\x00\x01\x10')}}
2019-06-12 14:31:49,904 - INFO - tty.usbmodem0006822145041.ConfigurationClient: Model app bind status: AccessStatus.SUCCESS
2019-06-12 14:31:49,906 - INFO - tty.usbmodem0006822145041.ConfigurationClient: Appkey bind 0 to model 1001 at 0012
2019-06-12 14:32:51,110 - DEBUG - tty.usbmodem0006822145041: TX: 03a401c0
2019-06-12 14:32:51,118 - DEBUG - tty.usbmodem0006822145041: RX: 0584a4000100
2019-06-12 14:32:51,118 - DEBUG - tty.usbmodem0006822145041: parsed_packet {event: CmdRsp, data: {'opcode': 164, 'status': 0, 'data': bytearray(b'\x01\x00')}}
2019-06-12 14:32:51,118 - INFO - tty.usbmodem0006822145041: AddrPublicationAdd: {'address_handle': 1}
2019-06-12 14:33:12,613 - DEBUG - tty.usbmodem0006822145041.ConfigurationClient: Sending opcode: 801b, data: 110001c00110
2019-06-12 14:33:12,614 - DEBUG - tty.usbmodem0006822145041: TX: 13ab08000100000008000000801b110001c00110
2019-06-12 14:33:12,622 - DEBUG - tty.usbmodem0006822145041: RX: 0784ab0005000000
2019-06-12 14:33:12,622 - DEBUG - tty.usbmodem0006822145041: parsed_packet {event: CmdRsp, data: {'opcode': 171, 'status': 0, 'data': bytearray(b'\x05\x00\x00\x00')}}
2019-06-12 14:33:12,623 - INFO - tty.usbmodem0006822145041: PacketSend: {'token': 5}
2019-06-12 14:33:12,628 - DEBUG - tty.usbmodem0006822145041: RX: 05d205000000
2019-06-12 14:33:12,628 - DEBUG - tty.usbmodem0006822145041: parsed_packet {event: MeshTxComplete, data: {'token': 5}}
2019-06-12 14:33:12,628 - INFO - tty.usbmodem0006822145041: {event: MeshTxComplete, data: {'token': 5}}
2019-06-12 14:33:12,642 - DEBUG - tty.usbmodem0006822145041: RX: 1dd010000100080000001e01c8639509c2c2c10900801f00110001c00110
2019-06-12 14:33:12,642 - DEBUG - tty.usbmodem0006822145041: parsed_packet {event: MeshMessageReceivedUnicast, data: {'src': 16, 'dst': 1, 'appkey_handle': 8, 'subnet_handle': 0, 'ttl': 30, 'adv_addr_type': 1, 'adv_addr': bytearray(b'\xc8c\x95\t\xc2\xc2'), 'rssi': -63, 'actual_length': 9, 'data': bytearray(b'\x80\x1f\x00\x11\x00\x01\xc0\x01\x10')}}
2019-06-12 14:33:12,642 - INFO - tty.usbmodem0006822145041.ConfigurationClient: Model subscription status: AccessStatus.SUCCESS
2019-06-12 14:33:12,644 - INFO - tty.usbmodem0006822145041.ConfigurationClient: Added subscription 'c001' to model 1001 at element 0011
2019-06-12 14:33:22,030 - DEBUG - tty.usbmodem0006822145041.ConfigurationClient: Sending opcode: 801b, data: 120001c00110
2019-06-12 14:33:22,030 - DEBUG - tty.usbmodem0006822145041: TX: 13ab08000100000008000000801b120001c00110
2019-06-12 14:33:22,038 - DEBUG - tty.usbmodem0006822145041: RX: 0784ab0006000000
2019-06-12 14:33:22,039 - DEBUG - tty.usbmodem0006822145041: parsed_packet {event: CmdRsp, data: {'opcode': 171, 'status': 0, 'data': bytearray(b'\x06\x00\x00\x00')}}
2019-06-12 14:33:22,039 - INFO - tty.usbmodem0006822145041: PacketSend: {'token': 6}
2019-06-12 14:33:22,052 - DEBUG - tty.usbmodem0006822145041: RX: 05d206000000
2019-06-12 14:33:22,052 - DEBUG - tty.usbmodem0006822145041: parsed_packet {event: MeshTxComplete, data: {'token': 6}}
2019-06-12 14:33:22,052 - INFO - tty.usbmodem0006822145041: {event: MeshTxComplete, data: {'token': 6}}
2019-06-12 14:33:22,059 - DEBUG - tty.usbmodem0006822145041: RX: 1dd010000100080000001e01c8639509c2c2c80900801f00120001c00110
2019-06-12 14:33:22,059 - DEBUG - tty.usbmodem0006822145041: parsed_packet {event: MeshMessageReceivedUnicast, data: {'src': 16, 'dst': 1, 'appkey_handle': 8, 'subnet_handle': 0, 'ttl': 30, 'adv_addr_type': 1, 'adv_addr': bytearray(b'\xc8c\x95\t\xc2\xc2'), 'rssi': -56, 'actual_length': 9, 'data': bytearray(b'\x80\x1f\x00\x12\x00\x01\xc0\x01\x10')}}
2019-06-12 14:33:22,059 - INFO - tty.usbmodem0006822145041.ConfigurationClient: Model subscription status: AccessStatus.SUCCESS
2019-06-12 14:33:22,061 - INFO - tty.usbmodem0006822145041.ConfigurationClient: Added subscription 'c001' to model 1001 at element 0012
2019-06-12 14:34:16,672 - DEBUG - tty.usbmodem0006822145041.ConfigurationClient: Sending opcode: 03, data: 110001c000000100000110
2019-06-12 14:34:16,673 - DEBUG - tty.usbmodem0006822145041: TX: 17ab0800010000000800000003110001c000000100000110
2019-06-12 14:34:16,678 - DEBUG - tty.usbmodem0006822145041: RX: 0784ab0007000000
2019-06-12 14:34:16,679 - DEBUG - tty.usbmodem0006822145041: parsed_packet {event: CmdRsp, data: {'opcode': 171, 'status': 0, 'data': bytearray(b'\x07\x00\x00\x00')}}
2019-06-12 14:34:16,679 - INFO - tty.usbmodem0006822145041: PacketSend: {'token': 7}
2019-06-12 14:34:16,742 - DEBUG - tty.usbmodem0006822145041: RX: 05d207000000
2019-06-12 14:34:16,743 - DEBUG - tty.usbmodem0006822145041: parsed_packet {event: MeshTxComplete, data: {'token': 7}}
2019-06-12 14:34:16,743 - INFO - tty.usbmodem0006822145041: {event: MeshTxComplete, data: {'token': 7}}
2019-06-12 14:34:16,788 - DEBUG - tty.usbmodem0006822145041: RX: 22d010000100080000001e01c8639509c2c2cd0e00801900110001c000000100000110
2019-06-12 14:34:16,788 - DEBUG - tty.usbmodem0006822145041: parsed_packet {event: MeshMessageReceivedUnicast, data: {'src': 16, 'dst': 1, 'appkey_handle': 8, 'subnet_handle': 0, 'ttl': 30, 'adv_addr_type': 1, 'adv_addr': bytearray(b'\xc8c\x95\t\xc2\xc2'), 'rssi': -51, 'actual_length': 14, 'data': bytearray(b'\x80\x19\x00\x11\x00\x01\xc0\x00\x00\x01\x00\x00\x01\x10')}}
2019-06-12 14:34:16,789 - INFO - tty.usbmodem0006822145041.ConfigurationClient: Model publication status: AccessStatus.SUCCESS
2019-06-12 14:34:16,791 - INFO - tty.usbmodem0006822145041.ConfigurationClient: Publication status for model 1001 at element 17 to {'address': c001, 'index': 0, 'ttl': 1, 'period': 0, 'retransmit': {'count': 0, 'interval_steps': 0, 'interval': 50}, 'credentials': <FriendshipCredentials.DISABLED: 0>}
2019-06-12 14:34:34,257 - DEBUG - tty.usbmodem0006822145041.ConfigurationClient: Sending opcode: 03, data: 120001c000000100000110
2019-06-12 14:34:34,258 - DEBUG - tty.usbmodem0006822145041: TX: 17ab0800010000000800000003120001c000000100000110
2019-06-12 14:34:34,263 - DEBUG - tty.usbmodem0006822145041: RX: 0784ab0008000000
2019-06-12 14:34:34,267 - DEBUG - tty.usbmodem0006822145041: parsed_packet {event: CmdRsp, data: {'opcode': 171, 'status': 0, 'data': bytearray(b'\x08\x00\x00\x00')}}
2019-06-12 14:34:34,267 - INFO - tty.usbmodem0006822145041: PacketSend: {'token': 8}
2019-06-12 14:34:34,323 - DEBUG - tty.usbmodem0006822145041: RX: 05d208000000
2019-06-12 14:34:34,323 - DEBUG - tty.usbmodem0006822145041: parsed_packet {event: MeshTxComplete, data: {'token': 8}}
2019-06-12 14:34:34,323 - INFO - tty.usbmodem0006822145041: {event: MeshTxComplete, data: {'token': 8}}
2019-06-12 14:34:34,370 - DEBUG - tty.usbmodem0006822145041: RX: 22d010000100080000001e01c8639509c2c2ce0e00801900120001c000000100000110
2019-06-12 14:34:34,370 - DEBUG - tty.usbmodem0006822145041: parsed_packet {event: MeshMessageReceivedUnicast, data: {'src': 16, 'dst': 1, 'appkey_handle': 8, 'subnet_handle': 0, 'ttl': 30, 'adv_addr_type': 1, 'adv_addr': bytearray(b'\xc8c\x95\t\xc2\xc2'), 'rssi': -50, 'actual_length': 14, 'data': bytearray(b'\x80\x19\x00\x12\x00\x01\xc0\x00\x00\x01\x00\x00\x01\x10')}}
2019-06-12 14:34:34,370 - INFO - tty.usbmodem0006822145041.ConfigurationClient: Model publication status: AccessStatus.SUCCESS
2019-06-12 14:34:34,372 - INFO - tty.usbmodem0006822145041.ConfigurationClient: Publication status for model 1001 at element 18 to {'address': c001, 'index': 0, 'ttl': 1, 'period': 0, 'retransmit': {'count': 0, 'interval_steps': 0, 'interval': 50}, 'credentials': <FriendshipCredentials.DISABLED: 0>}
2019-06-12 14:40:31,568 - DEBUG - tty.usbmodem0006822145041.ConfigurationClient: Sending opcode: 8008, data: 00
2019-06-12 14:40:31,570 - DEBUG - tty.usbmodem0006822145041: TX: 0eab08000100000008000000800800
2019-06-12 14:40:31,575 - DEBUG - tty.usbmodem0006822145041: RX: 0784ab0009000000
2019-06-12 14:40:31,575 - DEBUG - tty.usbmodem0006822145041: parsed_packet {event: CmdRsp, data: {'opcode': 171, 'status': 0, 'data': bytearray(b'\t\x00\x00\x00')}}
2019-06-12 14:40:31,576 - INFO - tty.usbmodem0006822145041: PacketSend: {'token': 9}
2019-06-12 14:40:31,587 - DEBUG - tty.usbmodem0006822145041: RX: 05d209000000
2019-06-12 14:40:31,587 - DEBUG - tty.usbmodem0006822145041: parsed_packet {event: MeshTxComplete, data: {'token': 9}}
2019-06-12 14:40:31,587 - INFO - tty.usbmodem0006822145041: {event: MeshTxComplete, data: {'token': 9}}
2019-06-12 14:40:31,666 - DEBUG - tty.usbmodem0006822145041: RX: 34d010000100080000001e01c8639509c2c2e320000200590000000000280003000000020000000200000001000110000001000110
2019-06-12 14:40:31,666 - DEBUG - tty.usbmodem0006822145041: parsed_packet {event: MeshMessageReceivedUnicast, data: {'src': 16, 'dst': 1, 'appkey_handle': 8, 'subnet_handle': 0, 'ttl': 30, 'adv_addr_type': 1, 'adv_addr': bytearray(b'\xc8c\x95\t\xc2\xc2'), 'rssi': -29, 'actual_length': 32, 'data': bytearray(b'\x02\x00Y\x00\x00\x00\x00\x00(\x00\x03\x00\x00\x00\x02\x00\x00\x00\x02\x00\x00\x00\x01\x00\x01\x10\x00\x00\x01\x00\x01\x10')}}
2019-06-12 14:40:31,668 - INFO - tty.usbmodem0006822145041.ConfigurationClient: Received composition data (page 0x00): {
  "cid": "0059",
  "pid": "0000",
  "vid": "0000",
  "crpl": 40,
  "features": {
    "relay": 0,
    "proxy": 0,
    "friend": 2,
    "low_power": 2
  },
  "elements": [
    {
      "index": 0,
      "location": "0000",
      "models": [
        {
          "modelId": "0000"
        },
        {
          "modelId": "0002"
        }
      ]
    },
    {
      "index": 1,
      "location": "0000",
      "models": [
        {
          "modelId": "1001"
        }
      ]
    },
    {
      "index": 2,
      "location": "0000",
      "models": [
        {
          "modelId": "1001"
        }
      ]
    }
  ]
}
2019-06-12 14:40:31,668 - DEBUG - tty.usbmodem0006822145041: Message Opcode bytearray(b'\x02'), Data bytearray(b'\x00Y\x00\x00\x00\x00\x00(\x00\x03\x00\x00\x00\x02\x00\x00\x00\x02\x00\x00\x00\x01\x00\x01\x10\x00\x00\x01\x00\x01\x10') unknown for model <mesh.access.Access object at 0x1087fd518>.
2019-06-12 14:43:47,182 - DEBUG - tty.usbmodem0006822145041: TX: 03e11100
2019-06-12 14:43:47,189 - DEBUG - tty.usbmodem0006822145041: RX: 0384e18e
2019-06-12 14:43:47,189 - DEBUG - tty.usbmodem0006822145041: parsed_packet {event: CmdRsp, data: {'opcode': 225, 'status': 142, 'data': bytearray(b'')}}
2019-06-12 14:43:47,190 - ERROR - tty.usbmodem0006822145041: ModelPubAddrGet: ERROR_REJECTED
2019-06-12 14:43:53,918 - DEBUG - tty.usbmodem0006822145041: TX: 03e11000
2019-06-12 14:43:53,923 - DEBUG - tty.usbmodem0006822145041: RX: 0384e18e
2019-06-12 14:43:53,923 - DEBUG - tty.usbmodem0006822145041: parsed_packet {event: CmdRsp, data: {'opcode': 225, 'status': 142, 'data': bytearray(b'')}}
2019-06-12 14:43:53,923 - ERROR - tty.usbmodem0006822145041: ModelPubAddrGet: ERROR_REJECTED
2019-06-12 14:44:29,759 - DEBUG - tty.usbmodem0006822145041: TX: 03e11100
2019-06-12 14:44:29,764 - DEBUG - tty.usbmodem0006822145041: RX: 0384e18e
2019-06-12 14:44:29,764 - DEBUG - tty.usbmodem0006822145041: parsed_packet {event: CmdRsp, data: {'opcode': 225, 'status': 142, 'data': bytearray(b'')}}
2019-06-12 14:44:29,764 - ERROR - tty.usbmodem0006822145041: ModelPubAddrGet: ERROR_REJECTED
2019-06-12 14:53:01,284 - DEBUG - tty.usbmodem0006822145041.ConfigurationClient: Sending opcode: 8008, data: 00
2019-06-12 14:53:01,293 - DEBUG - tty.usbmodem0006822145041: TX: 0eab08000100000008000000800800
2019-06-12 14:53:01,298 - DEBUG - tty.usbmodem0006822145041: RX: 0784ab000a000000
2019-06-12 14:53:01,299 - DEBUG - tty.usbmodem0006822145041: parsed_packet {event: CmdRsp, data: {'opcode': 171, 'status': 0, 'data': bytearray(b'\n\x00\x00\x00')}}
2019-06-12 14:53:01,299 - INFO - tty.usbmodem0006822145041: PacketSend: {'token': 10}
2019-06-12 14:53:01,312 - DEBUG - tty.usbmodem0006822145041: RX: 05d20a000000
2019-06-12 14:53:01,312 - DEBUG - tty.usbmodem0006822145041: parsed_packet {event: MeshTxComplete, data: {'token': 10}}
2019-06-12 14:53:01,312 - INFO - tty.usbmodem0006822145041: {event: MeshTxComplete, data: {'token': 10}}
2019-06-12 14:53:01,375 - DEBUG - tty.usbmodem0006822145041: RX: 34d010000100080000001e01c8639509c2c2e320000200590000000000280003000000020000000200000001000110000001000110
2019-06-12 14:53:01,375 - DEBUG - tty.usbmodem0006822145041: parsed_packet {event: MeshMessageReceivedUnicast, data: {'src': 16, 'dst': 1, 'appkey_handle': 8, 'subnet_handle': 0, 'ttl': 30, 'adv_addr_type': 1, 'adv_addr': bytearray(b'\xc8c\x95\t\xc2\xc2'), 'rssi': -29, 'actual_length': 32, 'data': bytearray(b'\x02\x00Y\x00\x00\x00\x00\x00(\x00\x03\x00\x00\x00\x02\x00\x00\x00\x02\x00\x00\x00\x01\x00\x01\x10\x00\x00\x01\x00\x01\x10')}}
2019-06-12 14:53:01,377 - INFO - tty.usbmodem0006822145041.ConfigurationClient: Received composition data (page 0x00): {
  "cid": "0059",
  "pid": "0000",
  "vid": "0000",
  "crpl": 40,
  "features": {
    "relay": 0,
    "proxy": 0,
    "friend": 2,
    "low_power": 2
  },
  "elements": [
    {
      "index": 0,
      "location": "0000",
      "models": [
        {
          "modelId": "0000"
        },
        {
          "modelId": "0002"
        }
      ]
    },
    {
      "index": 1,
      "location": "0000",
      "models": [
        {
          "modelId": "1001"
        }
      ]
    },
    {
      "index": 2,
      "location": "0000",
      "models": [
        {
          "modelId": "1001"
        }
      ]
    }
  ]
}
2019-06-12 14:53:01,378 - DEBUG - tty.usbmodem0006822145041: Message Opcode bytearray(b'\x02'), Data bytearray(b'\x00Y\x00\x00\x00\x00\x00(\x00\x03\x00\x00\x00\x02\x00\x00\x00\x02\x00\x00\x00\x01\x00\x01\x10\x00\x00\x01\x00\x01\x10') unknown for model <mesh.access.Access object at 0x1087fd518>.
2019-06-12 14:53:01,378 - INFO - tty.usbmodem0006822145041: {event: MeshMessageReceivedUnicast, data: {'src': 16, 'dst': 1, 'appkey_handle': 8, 'subnet_handle': 0, 'ttl': 30, 'adv_addr_type': 1, 'adv_addr': bytearray(b'\xc8c\x95\t\xc2\xc2'), 'rssi': -29, 'actual_length': 32, 'data': bytearray(b'\x02\x00Y\x00\x00\x00\x00\x00(\x00\x03\x00\x00\x00\x02\x00\x00\x00\x02\x00\x00\x00\x01\x00\x01\x10\x00\x00\x01\x00\x01\x10')}}
2019-06-12 14:53:18,148 - DEBUG - tty.usbmodem0006822145041.ConfigurationClient: Sending opcode: 8008, data: 00
2019-06-12 14:53:18,179 - DEBUG - tty.usbmodem0006822145041: TX: 0eab08000100000008000000800800
2019-06-12 14:53:18,186 - DEBUG - tty.usbmodem0006822145041: RX: 0784ab000b000000
2019-06-12 14:53:18,186 - DEBUG - tty.usbmodem0006822145041: parsed_packet {event: CmdRsp, data: {'opcode': 171, 'status': 0, 'data': bytearray(b'\x0b\x00\x00\x00')}}
2019-06-12 14:53:18,186 - INFO - tty.usbmodem0006822145041: PacketSend: {'token': 11}
2019-06-12 14:53:18,192 - DEBUG - tty.usbmodem0006822145041: RX: 05d20b000000
2019-06-12 14:53:18,193 - DEBUG - tty.usbmodem0006822145041: parsed_packet {event: MeshTxComplete, data: {'token': 11}}
2019-06-12 14:53:18,193 - INFO - tty.usbmodem0006822145041: {event: MeshTxComplete, data: {'token': 11}}
2019-06-12 14:53:18,270 - DEBUG - tty.usbmodem0006822145041: RX: 34d010000100080000001e01c8639509c2c2d720000200590000000000280003000000020000000200000001000110000001000110
2019-06-12 14:53:18,271 - DEBUG - tty.usbmodem0006822145041: parsed_packet {event: MeshMessageReceivedUnicast, data: {'src': 16, 'dst': 1, 'appkey_handle': 8, 'subnet_handle': 0, 'ttl': 30, 'adv_addr_type': 1, 'adv_addr': bytearray(b'\xc8c\x95\t\xc2\xc2'), 'rssi': -41, 'actual_length': 32, 'data': bytearray(b'\x02\x00Y\x00\x00\x00\x00\x00(\x00\x03\x00\x00\x00\x02\x00\x00\x00\x02\x00\x00\x00\x01\x00\x01\x10\x00\x00\x01\x00\x01\x10')}}
2019-06-12 14:53:18,275 - INFO - tty.usbmodem0006822145041.ConfigurationClient: Received composition data (page 0x00): {
  "cid": "0059",
  "pid": "0000",
  "vid": "0000",
  "crpl": 40,
  "features": {
    "relay": 0,
    "proxy": 0,
    "friend": 2,
    "low_power": 2
  },
  "elements": [
    {
      "index": 0,
      "location": "0000",
      "models": [
        {
          "modelId": "0000"
        },
        {
          "modelId": "0002"
        }
      ]
    },
    {
      "index": 1,
      "location": "0000",
      "models": [
        {
          "modelId": "1001"
        }
      ]
    },
    {
      "index": 2,
      "location": "0000",
      "models": [
        {
          "modelId": "1001"
        }
      ]
    }
  ]
}
2019-06-12 14:53:18,276 - DEBUG - tty.usbmodem0006822145041: Message Opcode bytearray(b'\x02'), Data bytearray(b'\x00Y\x00\x00\x00\x00\x00(\x00\x03\x00\x00\x00\x02\x00\x00\x00\x02\x00\x00\x00\x01\x00\x01\x10\x00\x00\x01\x00\x01\x10') unknown for model <mesh.access.Access object at 0x1087fd518>.
2019-06-12 14:53:18,277 - INFO - tty.usbmodem0006822145041: {event: MeshMessageReceivedUnicast, data: {'src': 16, 'dst': 1, 'appkey_handle': 8, 'subnet_handle': 0, 'ttl': 30, 'adv_addr_type': 1, 'adv_addr': bytearray(b'\xc8c\x95\t\xc2\xc2'), 'rssi': -41, 'actual_length': 32, 'data': bytearray(b'\x02\x00Y\x00\x00\x00\x00\x00(\x00\x03\x00\x00\x00\x02\x00\x00\x00\x02\x00\x00\x00\x01\x00\x01\x10\x00\x00\x01\x00\x01\x10')}}
2019-06-12 14:53:28,612 - DEBUG - tty.usbmodem0006822145041.ConfigurationClient: Sending opcode: 8008, data: 00
2019-06-12 14:53:28,613 - DEBUG - tty.usbmodem0006822145041: TX: 0eab08000100000008000000800800
2019-06-12 14:53:28,618 - DEBUG - tty.usbmodem0006822145041: RX: 0784ab000c000000
2019-06-12 14:53:28,619 - DEBUG - tty.usbmodem0006822145041: parsed_packet {event: CmdRsp, data: {'opcode': 171, 'status': 0, 'data': bytearray(b'\x0c\x00\x00\x00')}}
2019-06-12 14:53:28,621 - INFO - tty.usbmodem0006822145041: PacketSend: {'token': 12}
2019-06-12 14:53:28,631 - DEBUG - tty.usbmodem0006822145041: RX: 05d20c000000
2019-06-12 14:53:28,631 - DEBUG - tty.usbmodem0006822145041: parsed_packet {event: MeshTxComplete, data: {'token': 12}}
2019-06-12 14:53:28,631 - INFO - tty.usbmodem0006822145041: {event: MeshTxComplete, data: {'token': 12}}
2019-06-12 14:53:28,708 - DEBUG - tty.usbmodem0006822145041: RX: 34d010000100080000001e01c8639509c2c2df20000200590000000000280003000000020000000200000001000110000001000110
2019-06-12 14:53:28,709 - DEBUG - tty.usbmodem0006822145041: parsed_packet {event: MeshMessageReceivedUnicast, data: {'src': 16, 'dst': 1, 'appkey_handle': 8, 'subnet_handle': 0, 'ttl': 30, 'adv_addr_type': 1, 'adv_addr': bytearray(b'\xc8c\x95\t\xc2\xc2'), 'rssi': -33, 'actual_length': 32, 'data': bytearray(b'\x02\x00Y\x00\x00\x00\x00\x00(\x00\x03\x00\x00\x00\x02\x00\x00\x00\x02\x00\x00\x00\x01\x00\x01\x10\x00\x00\x01\x00\x01\x10')}}
2019-06-12 14:53:28,711 - INFO - tty.usbmodem0006822145041.ConfigurationClient: Received composition data (page 0x00): {
  "cid": "0059",
  "pid": "0000",
  "vid": "0000",
  "crpl": 40,
  "features": {
    "relay": 0,
    "proxy": 0,
    "friend": 2,
    "low_power": 2
  },
  "elements": [
    {
      "index": 0,
      "location": "0000",
      "models": [
        {
          "modelId": "0000"
        },
        {
          "modelId": "0002"
        }
      ]
    },
    {
      "index": 1,
      "location": "0000",
      "models": [
        {
          "modelId": "1001"
        }
      ]
    },
    {
      "index": 2,
      "location": "0000",
      "models": [
        {
          "modelId": "1001"
        }
      ]
    }
  ]
}
2019-06-12 14:53:28,711 - DEBUG - tty.usbmodem0006822145041: Message Opcode bytearray(b'\x02'), Data bytearray(b'\x00Y\x00\x00\x00\x00\x00(\x00\x03\x00\x00\x00\x02\x00\x00\x00\x02\x00\x00\x00\x01\x00\x01\x10\x00\x00\x01\x00\x01\x10') unknown for model <mesh.access.Access object at 0x1087fd518>.
2019-06-12 14:53:28,711 - INFO - tty.usbmodem0006822145041: {event: MeshMessageReceivedUnicast, data: {'src': 16, 'dst': 1, 'appkey_handle': 8, 'subnet_handle': 0, 'ttl': 30, 'adv_addr_type': 1, 'adv_addr': bytearray(b'\xc8c\x95\t\xc2\xc2'), 'rssi': -33, 'actual_length': 32, 'data': bytearray(b'\x02\x00Y\x00\x00\x00\x00\x00(\x00\x03\x00\x00\x00\x02\x00\x00\x00\x02\x00\x00\x00\x01\x00\x01\x10\x00\x00\x01\x00\x01\x10')}}
2019-06-12 14:53:40,884 - DEBUG - tty.usbmodem0006822145041.ConfigurationClient: Sending opcode: 8008, data: 00
2019-06-12 14:53:40,885 - DEBUG - tty.usbmodem0006822145041: TX: 0eab08000100000008000000800800
2019-06-12 14:53:40,893 - DEBUG - tty.usbmodem0006822145041: RX: 0784ab000d000000
2019-06-12 14:53:40,893 - DEBUG - tty.usbmodem0006822145041: parsed_packet {event: CmdRsp, data: {'opcode': 171, 'status': 0, 'data': bytearray(b'\r\x00\x00\x00')}}
2019-06-12 14:53:40,893 - INFO - tty.usbmodem0006822145041: PacketSend: {'token': 13}
2019-06-12 14:53:40,901 - DEBUG - tty.usbmodem0006822145041: RX: 05d20d000000
2019-06-12 14:53:40,901 - DEBUG - tty.usbmodem0006822145041: parsed_packet {event: MeshTxComplete, data: {'token': 13}}
2019-06-12 14:53:40,901 - INFO - tty.usbmodem0006822145041: {event: MeshTxComplete, data: {'token': 13}}
2019-06-12 14:53:40,970 - DEBUG - tty.usbmodem0006822145041: RX: 34d010000100080000001e01c8639509c2c2de20000200590000000000280003000000020000000200000001000110000001000110
2019-06-12 14:53:40,971 - DEBUG - tty.usbmodem0006822145041: parsed_packet {event: MeshMessageReceivedUnicast, data: {'src': 16, 'dst': 1, 'appkey_handle': 8, 'subnet_handle': 0, 'ttl': 30, 'adv_addr_type': 1, 'adv_addr': bytearray(b'\xc8c\x95\t\xc2\xc2'), 'rssi': -34, 'actual_length': 32, 'data': bytearray(b'\x02\x00Y\x00\x00\x00\x00\x00(\x00\x03\x00\x00\x00\x02\x00\x00\x00\x02\x00\x00\x00\x01\x00\x01\x10\x00\x00\x01\x00\x01\x10')}}
2019-06-12 14:53:40,975 - INFO - tty.usbmodem0006822145041.ConfigurationClient: Received composition data (page 0x00): {
  "cid": "0059",
  "pid": "0000",
  "vid": "0000",
  "crpl": 40,
  "features": {
    "relay": 0,
    "proxy": 0,
    "friend": 2,
    "low_power": 2
  },
  "elements": [
    {
      "index": 0,
      "location": "0000",
      "models": [
        {
          "modelId": "0000"
        },
        {
          "modelId": "0002"
        }
      ]
    },
    {
      "index": 1,
      "location": "0000",
      "models": [
        {
          "modelId": "1001"
        }
      ]
    },
    {
      "index": 2,
      "location": "0000",
      "models": [
        {
          "modelId": "1001"
        }
      ]
    }
  ]
}
2019-06-12 14:53:40,975 - DEBUG - tty.usbmodem0006822145041: Message Opcode bytearray(b'\x02'), Data bytearray(b'\x00Y\x00\x00\x00\x00\x00(\x00\x03\x00\x00\x00\x02\x00\x00\x00\x02\x00\x00\x00\x01\x00\x01\x10\x00\x00\x01\x00\x01\x10') unknown for model <mesh.access.Access object at 0x1087fd518>.
2019-06-12 14:53:40,975 - INFO - tty.usbmodem0006822145041: {event: MeshMessageReceivedUnicast, data: {'src': 16, 'dst': 1, 'appkey_handle': 8, 'subnet_handle': 0, 'ttl': 30, 'adv_addr_type': 1, 'adv_addr': bytearray(b'\xc8c\x95\t\xc2\xc2'), 'rssi': -34, 'actual_length': 32, 'data': bytearray(b'\x02\x00Y\x00\x00\x00\x00\x00(\x00\x03\x00\x00\x00\x02\x00\x00\x00\x02\x00\x00\x00\x01\x00\x01\x10\x00\x00\x01\x00\x01\x10')}}
2019-06-12 14:55:13,097 - DEBUG - tty.usbmodem0006822145041.ConfigurationClient: Sending opcode: 8008, data: 00
2019-06-12 14:55:13,098 - DEBUG - tty.usbmodem0006822145041: TX: 0eab08000100000008000000800800
2019-06-12 14:55:13,103 - DEBUG - tty.usbmodem0006822145041: RX: 0784ab000e000000
2019-06-12 14:55:13,104 - DEBUG - tty.usbmodem0006822145041: parsed_packet {event: CmdRsp, data: {'opcode': 171, 'status': 0, 'data': bytearray(b'\x0e\x00\x00\x00')}}
2019-06-12 14:55:13,104 - INFO - tty.usbmodem0006822145041: PacketSend: {'token': 14}
2019-06-12 14:55:13,121 - DEBUG - tty.usbmodem0006822145041: RX: 05d20e000000
2019-06-12 14:55:13,121 - DEBUG - tty.usbmodem0006822145041: parsed_packet {event: MeshTxComplete, data: {'token': 14}}
2019-06-12 14:55:13,121 - INFO - tty.usbmodem0006822145041: {event: MeshTxComplete, data: {'token': 14}}
2019-06-12 14:55:13,186 - DEBUG - tty.usbmodem0006822145041: RX: 34d010000100080000001e01c8639509c2c2d620000200590000000000280003000000020000000200000001000110000001000110
2019-06-12 14:55:13,187 - DEBUG - tty.usbmodem0006822145041: parsed_packet {event: MeshMessageReceivedUnicast, data: {'src': 16, 'dst': 1, 'appkey_handle': 8, 'subnet_handle': 0, 'ttl': 30, 'adv_addr_type': 1, 'adv_addr': bytearray(b'\xc8c\x95\t\xc2\xc2'), 'rssi': -42, 'actual_length': 32, 'data': bytearray(b'\x02\x00Y\x00\x00\x00\x00\x00(\x00\x03\x00\x00\x00\x02\x00\x00\x00\x02\x00\x00\x00\x01\x00\x01\x10\x00\x00\x01\x00\x01\x10')}}
2019-06-12 14:55:13,192 - INFO - tty.usbmodem0006822145041.ConfigurationClient: Received composition data (page 0x00): {
  "cid": "0059",
  "pid": "0000",
  "vid": "0000",
  "crpl": 40,
  "features": {
    "relay": 0,
    "proxy": 0,
    "friend": 2,
    "low_power": 2
  },
  "elements": [
    {
      "index": 0,
      "location": "0000",
      "models": [
        {
          "modelId": "0000"
        },
        {
          "modelId": "0002"
        }
      ]
    },
    {
      "index": 1,
      "location": "0000",
      "models": [
        {
          "modelId": "1001"
        }
      ]
    },
    {
      "index": 2,
      "location": "0000",
      "models": [
        {
          "modelId": "1001"
        }
      ]
    }
  ]
}
2019-06-12 14:55:13,192 - DEBUG - tty.usbmodem0006822145041: Message Opcode bytearray(b'\x02'), Data bytearray(b'\x00Y\x00\x00\x00\x00\x00(\x00\x03\x00\x00\x00\x02\x00\x00\x00\x02\x00\x00\x00\x01\x00\x01\x10\x00\x00\x01\x00\x01\x10') unknown for model <mesh.access.Access object at 0x1087fd518>.
2019-06-12 14:55:13,192 - INFO - tty.usbmodem0006822145041: {event: MeshMessageReceivedUnicast, data: {'src': 16, 'dst': 1, 'appkey_handle': 8, 'subnet_handle': 0, 'ttl': 30, 'adv_addr_type': 1, 'adv_addr': bytearray(b'\xc8c\x95\t\xc2\xc2'), 'rssi': -42, 'actual_length': 32, 'data': bytearray(b'\x02\x00Y\x00\x00\x00\x00\x00(\x00\x03\x00\x00\x00\x02\x00\x00\x00\x02\x00\x00\x00\x01\x00\x01\x10\x00\x00\x01\x00\x01\x10')}}
2019-06-12 15:15:50,185 - DEBUG - tty.usbmodem0006822145041: exited read event
