2019-06-26 16:24:23,971 - DEBUG - tty.usbmodem0006822145041: Writing: 105 bytearray(b'p\x0bO\xb6t\x8f,\xb7\xe0\xf1\xb6u\xf6(\xc9hT\xd8\xb0\xce;\xda\xafV\xf6\x7f\xcb\xfbE\xa2K\xfb\xe3:\xfb\xfdS\x0f\xedJ\xe3\xf9\x8all&#7w`\x0b\x12\xaa\x1a\x0f\x8b4ot\xaa\xf8\x02\x9ae\x94\xa1q:\x03\xa2\xb6\xc4g\xa5T\xb3\xe2\x92G\xd6\xab\xc7n`\xbf\x06\xf1\x8f\xd0!`\x10\x1c\x9e\x02\x0e')
2019-06-26 16:24:23,971 - DEBUG - tty.usbmodem0006822145041: TX: 6169700b4fb6748f2cb7e0f1b675f628c96854d8b0ce3bdaaf56f67fcbfb45a24bfbe33afbfd530fed4ae3f98a6c6c26233777600b12aa1a0f8b346f74aaf8029a6594a1713a03a2b6c467a554b3e29247d6abc76e60bf06f18fd02160101c9e020e
2019-06-26 16:24:23,971 - DEBUG - tty.usbmodem0006822145041.GenericOnOffClient: Sending opcode: 8202, data: 0100
2019-06-26 16:24:23,983 - DEBUG - tty.usbmodem0006822145041: RX: 03845384
2019-06-26 16:24:23,984 - DEBUG - tty.usbmodem0006822145041: parsed_packet {event: CmdRsp, data: {'opcode': 83, 'status': 132, 'data': bytearray(b'')}}
2019-06-26 16:24:23,986 - ERROR - tty.usbmodem0006822145041: None: ERROR_INVALID_LENGTH
2019-06-26 16:24:23,987 - DEBUG - tty.usbmodem0006822145041: RX: 03840084
2019-06-26 16:24:23,987 - DEBUG - tty.usbmodem0006822145041: parsed_packet {event: CmdRsp, data: {'opcode': 0, 'status': 132, 'data': bytearray(b'')}}
2019-06-26 16:24:23,987 - ERROR - tty.usbmodem0006822145041: None: ERROR_INVALID_LENGTH
2019-06-26 16:24:23,989 - DEBUG - tty.usbmodem0006822145041: RX: 03840084
2019-06-26 16:24:23,989 - DEBUG - tty.usbmodem0006822145041: parsed_packet {event: CmdRsp, data: {'opcode': 0, 'status': 132, 'data': bytearray(b'')}}
2019-06-26 16:24:23,989 - ERROR - tty.usbmodem0006822145041: None: ERROR_INVALID_LENGTH
2019-06-26 16:24:23,990 - DEBUG - tty.usbmodem0006822145041: RX: 03840084
2019-06-26 16:24:23,990 - DEBUG - tty.usbmodem0006822145041: parsed_packet {event: CmdRsp, data: {'opcode': 0, 'status': 132, 'data': bytearray(b'')}}
2019-06-26 16:24:23,990 - ERROR - tty.usbmodem0006822145041: None: ERROR_INVALID_LENGTH
2019-06-26 16:24:23,991 - DEBUG - tty.usbmodem0006822145041: RX: 03840084
2019-06-26 16:24:23,991 - DEBUG - tty.usbmodem0006822145041: parsed_packet {event: CmdRsp, data: {'opcode': 0, 'status': 132, 'data': bytearray(b'')}}
2019-06-26 16:24:23,991 - ERROR - tty.usbmodem0006822145041: None: ERROR_INVALID_LENGTH
2019-06-26 16:24:23,992 - DEBUG - tty.usbmodem0006822145041: RX: 03840084
2019-06-26 16:24:23,993 - DEBUG - tty.usbmodem0006822145041: parsed_packet {event: CmdRsp, data: {'opcode': 0, 'status': 132, 'data': bytearray(b'')}}
2019-06-26 16:24:23,993 - ERROR - tty.usbmodem0006822145041: None: ERROR_INVALID_LENGTH
2019-06-26 16:24:23,993 - DEBUG - tty.usbmodem0006822145041: RX: 03840084
2019-06-26 16:24:23,993 - DEBUG - tty.usbmodem0006822145041: parsed_packet {event: CmdRsp, data: {'opcode': 0, 'status': 132, 'data': bytearray(b'')}}
2019-06-26 16:24:23,995 - ERROR - tty.usbmodem0006822145041: None: ERROR_INVALID_LENGTH
2019-06-26 16:24:23,995 - DEBUG - tty.usbmodem0006822145041: RX: 03840084
2019-06-26 16:24:23,995 - DEBUG - tty.usbmodem0006822145041: parsed_packet {event: CmdRsp, data: {'opcode': 0, 'status': 132, 'data': bytearray(b'')}}
2019-06-26 16:24:23,996 - ERROR - tty.usbmodem0006822145041: None: ERROR_INVALID_LENGTH
2019-06-26 16:24:23,996 - DEBUG - tty.usbmodem0006822145041: RX: 03840084
2019-06-26 16:24:23,996 - DEBUG - tty.usbmodem0006822145041: parsed_packet {event: CmdRsp, data: {'opcode': 0, 'status': 132, 'data': bytearray(b'')}}
2019-06-26 16:24:23,996 - ERROR - tty.usbmodem0006822145041: None: ERROR_INVALID_LENGTH
2019-06-26 16:24:23,996 - DEBUG - tty.usbmodem0006822145041: RX: 03840084
2019-06-26 16:24:23,992 - DEBUG - tty.usbmodem0006822145041: Writing: 159 bytearray(b'\x01\x00\x01\x00')
2019-06-26 16:24:23,997 - DEBUG - tty.usbmodem0006822145041: TX: 059f01000100
2019-06-26 16:24:23,998 - DEBUG - tty.usbmodem0006822145041: Writing: 146 bytearray(b'\x00\x00\x18\xee\xd9\xc2\xa5j\xdd\x85\x04\x9f\xfc<Y\xad\x0e\x12')
2019-06-26 16:24:23,998 - DEBUG - tty.usbmodem0006822145041: TX: 1392000018eed9c2a56add85049ffc3c59ad0e12
2019-06-26 16:24:23,997 - DEBUG - tty.usbmodem0006822145041: parsed_packet {event: CmdRsp, data: {'opcode': 0, 'status': 132, 'data': bytearray(b'')}}
2019-06-26 16:24:23,999 - ERROR - tty.usbmodem0006822145041: None: ERROR_INVALID_LENGTH
2019-06-26 16:24:23,999 - DEBUG - tty.usbmodem0006822145041: RX: 03840084
2019-06-26 16:24:23,999 - DEBUG - tty.usbmodem0006822145041: parsed_packet {event: CmdRsp, data: {'opcode': 0, 'status': 132, 'data': bytearray(b'')}}
2019-06-26 16:24:23,999 - ERROR - tty.usbmodem0006822145041: None: ERROR_INVALID_LENGTH
2019-06-26 16:24:23,999 - DEBUG - tty.usbmodem0006822145041: RX: 03840084
2019-06-26 16:24:23,999 - DEBUG - tty.usbmodem0006822145041: parsed_packet {event: CmdRsp, data: {'opcode': 0, 'status': 132, 'data': bytearray(b'')}}
2019-06-26 16:24:24,005 - ERROR - tty.usbmodem0006822145041: None: ERROR_INVALID_LENGTH
2019-06-26 16:24:24,006 - DEBUG - tty.usbmodem0006822145041: RX: 03840084
2019-06-26 16:24:24,008 - DEBUG - tty.usbmodem0006822145041: parsed_packet {event: CmdRsp, data: {'opcode': 0, 'status': 132, 'data': bytearray(b'')}}
2019-06-26 16:24:24,012 - ERROR - tty.usbmodem0006822145041: None: ERROR_INVALID_LENGTH
2019-06-26 16:24:24,014 - DEBUG - tty.usbmodem0006822145041: RX: 03849f00
2019-06-26 16:24:24,014 - DEBUG - tty.usbmodem0006822145041: parsed_packet {event: CmdRsp, data: {'opcode': 159, 'status': 0, 'data': bytearray(b'')}}
2019-06-26 16:24:24,015 - INFO - tty.usbmodem0006822145041: Success
2019-06-26 16:24:24,015 - DEBUG - tty.usbmodem0006822145041: RX: 058492000000
2019-06-26 16:24:24,015 - DEBUG - tty.usbmodem0006822145041: parsed_packet {event: CmdRsp, data: {'opcode': 146, 'status': 0, 'data': bytearray(b'\x00\x00')}}
2019-06-26 16:24:24,015 - INFO - tty.usbmodem0006822145041: SubnetAdd: {'subnet_handle': 0}
2019-06-26 16:24:24,016 - DEBUG - tty.usbmodem0006822145041: Writing: 151 bytearray(b'\x00\x00\x00\x00Oh\xad\x85\xd9\xf4\x8a\xc8X\x9d\xf6e\xb6\xb4\x9b\x8a')
2019-06-26 16:24:24,016 - DEBUG - tty.usbmodem0006822145041: TX: 1597000000004f68ad85d9f48ac8589df665b6b49b8a
2019-06-26 16:24:24,020 - DEBUG - tty.usbmodem0006822145041: RX: 058497000000
2019-06-26 16:24:24,020 - DEBUG - tty.usbmodem0006822145041: parsed_packet {event: CmdRsp, data: {'opcode': 151, 'status': 0, 'data': bytearray(b'\x00\x00')}}
2019-06-26 16:24:24,020 - INFO - tty.usbmodem0006822145041: AppkeyAdd: {'appkey_handle': 0}
2019-06-26 16:24:24,020 - DEBUG - tty.usbmodem0006822145041: Writing: 151 bytearray(b'\x01\x00\x00\x00*\xa2\xa6\xde\xd5\xa0y\x8c\xea\xb5x|\xa3\xae9\xfc')
2019-06-26 16:24:24,020 - DEBUG - tty.usbmodem0006822145041: TX: 1597010000002aa2a6ded5a0798ceab5787ca3ae39fc
2019-06-26 16:24:24,024 - DEBUG - tty.usbmodem0006822145041: RX: 058497000100
2019-06-26 16:24:24,025 - DEBUG - tty.usbmodem0006822145041: parsed_packet {event: CmdRsp, data: {'opcode': 151, 'status': 0, 'data': bytearray(b'\x01\x00')}}
2019-06-26 16:24:24,025 - INFO - tty.usbmodem0006822145041: AppkeyAdd: {'appkey_handle': 1}
2019-06-26 16:24:24,025 - DEBUG - tty.usbmodem0006822145041: Writing: 171 bytearray(b'\x00\x00\x01\x00\x01\x00\x08\x00\x00\x00\x82\x02\x01\x00')
2019-06-26 16:24:24,025 - DEBUG - tty.usbmodem0006822145041: TX: 0fab0000010001000800000082020100
2019-06-26 16:24:24,027 - DEBUG - tty.usbmodem0006822145041: RX: 0384ab8e
2019-06-26 16:24:24,028 - DEBUG - tty.usbmodem0006822145041: parsed_packet {event: CmdRsp, data: {'opcode': 171, 'status': 142, 'data': bytearray(b'')}}
2019-06-26 16:24:24,028 - ERROR - tty.usbmodem0006822145041: PacketSend: ERROR_REJECTED
2019-06-26 16:24:30,876 - DEBUG - tty.usbmodem0006822145041: Writing: 97 bytearray(b'')
2019-06-26 16:24:30,877 - DEBUG - tty.usbmodem0006822145041: TX: 0161
2019-06-26 16:24:30,878 - DEBUG - tty.usbmodem0006822145041: RX: 03846100
2019-06-26 16:24:30,878 - DEBUG - tty.usbmodem0006822145041: parsed_packet {event: CmdRsp, data: {'opcode': 97, 'status': 0, 'data': bytearray(b'')}}
2019-06-26 16:24:30,878 - INFO - tty.usbmodem0006822145041: Success
2019-06-26 16:24:32,590 - DEBUG - tty.usbmodem0006822145041: RX: 1ac09db77a0526b8734988639509c242d107cb0001c8639509c2c2
2019-06-26 16:24:32,590 - DEBUG - tty.usbmodem0006822145041: parsed_packet {event: ProvUnprovisionedReceived, data: {'uuid': bytearray(b'\x9d\xb7z\x05&\xb8sI\x88c\x95\t\xc2B\xd1\x07'), 'rssi': -53, 'gatt_supported': 0, 'adv_addr_type': 1, 'adv_addr': bytearray(b'\xc8c\x95\t\xc2\xc2')}}
2019-06-26 16:24:32,590 - INFO - tty.usbmodem0006822145041: Received UUID 9db77a0526b8734988639509c242d107 with RSSI: -53 dB
2019-06-26 16:24:32,597 - DEBUG - tty.usbmodem0006822145041: Writing: 98 bytearray(b'')
2019-06-26 16:24:32,603 - DEBUG - tty.usbmodem0006822145041: TX: 0162
2019-06-26 16:24:32,626 - DEBUG - tty.usbmodem0006822145041: Writing: 99 bytearray(b'\x00\x9d\xb7z\x05&\xb8sI\x88c\x95\t\xc2B\xd1\x07\x18\xee\xd9\xc2\xa5j\xdd\x85\x04\x9f\xfc<Y\xad\x0e\x12\x00\x00\x00\x00\x00\x00\x10\x00\x00\x00\x00')
2019-06-26 16:24:32,632 - DEBUG - tty.usbmodem0006822145041: TX: 2d63009db77a0526b8734988639509c242d10718eed9c2a56add85049ffc3c59ad0e120000000000001000000000
2019-06-26 16:24:32,638 - DEBUG - tty.usbmodem0006822145041: RX: 03846200
2019-06-26 16:24:32,639 - DEBUG - tty.usbmodem0006822145041: parsed_packet {event: CmdRsp, data: {'opcode': 98, 'status': 0, 'data': bytearray(b'')}}
2019-06-26 16:24:32,639 - INFO - tty.usbmodem0006822145041: Success
2019-06-26 16:24:32,639 - DEBUG - tty.usbmodem0006822145041: RX: 0484630000
2019-06-26 16:24:32,639 - DEBUG - tty.usbmodem0006822145041: parsed_packet {event: CmdRsp, data: {'opcode': 99, 'status': 0, 'data': bytearray(b'\x00')}}
2019-06-26 16:24:32,639 - INFO - tty.usbmodem0006822145041: Provision: {'context': 0}
2019-06-26 16:24:32,683 - DEBUG - tty.usbmodem0006822145041: RX: 02c100
2019-06-26 16:24:32,689 - DEBUG - tty.usbmodem0006822145041: parsed_packet {event: ProvLinkEstablished, data: {'context_id': 0}}
2019-06-26 16:24:32,695 - INFO - tty.usbmodem0006822145041: Link established
2019-06-26 16:24:32,721 - DEBUG - tty.usbmodem0006822145041: RX: 0bc300010001000000000000
2019-06-26 16:24:32,721 - DEBUG - tty.usbmodem0006822145041: parsed_packet {event: ProvCapsReceived, data: {'context_id': 0, 'num_elements': 1, 'public_key_type': 0, 'static_oob_types': 1, 'output_oob_size': 0, 'output_oob_actions': 0, 'input_oob_size': 0, 'input_oob_actions': 0}}
2019-06-26 16:24:32,721 - INFO - tty.usbmodem0006822145041: Received capabilities
2019-06-26 16:24:32,721 - INFO - tty.usbmodem0006822145041: Number of elements: 1
2019-06-26 16:24:32,721 - DEBUG - tty.usbmodem0006822145041: Writing: 102 bytearray(b'\x00\x00\x00\x00')
2019-06-26 16:24:32,721 - DEBUG - tty.usbmodem0006822145041: TX: 056600000000
2019-06-26 16:24:32,724 - DEBUG - tty.usbmodem0006822145041: RX: 0484660000
2019-06-26 16:24:32,724 - DEBUG - tty.usbmodem0006822145041: parsed_packet {event: CmdRsp, data: {'opcode': 102, 'status': 0, 'data': bytearray(b'\x00')}}
2019-06-26 16:24:32,724 - INFO - tty.usbmodem0006822145041: OobUse: {'context': 0}
2019-06-26 16:24:32,944 - DEBUG - tty.usbmodem0006822145041: RX: 62c7002291c45ed69ad668fb5dfec6e388d4e7a93fe39d0849867b26ce687fefae51c99b53195507c133e3f3afc71a8fcb3efb86b8d54cfeb01f4b076b272cab3e53d8c0caaffa792975d07d5b882b3c0bbc0f651e5d125bdf61c050232ff81e031d6c
2019-06-26 16:24:32,944 - DEBUG - tty.usbmodem0006822145041: parsed_packet {event: ProvEcdhRequest, data: {'context_id': 0, 'peer_public': bytearray(b'"\x91\xc4^\xd6\x9a\xd6h\xfb]\xfe\xc6\xe3\x88\xd4\xe7\xa9?\xe3\x9d\x08I\x86{&\xceh\x7f\xef\xaeQ\xc9\x9bS\x19U\x07\xc13\xe3\xf3\xaf\xc7\x1a\x8f\xcb>\xfb\x86\xb8\xd5L\xfe\xb0\x1fK\x07k\',\xab>S\xd8'), 'node_private': bytearray(b'\xc0\xca\xaf\xfay)u\xd0}[\x88+<\x0b\xbc\x0fe\x1e]\x12[\xdfa\xc0P#/\xf8\x1e\x03\x1dl')}}
2019-06-26 16:24:32,944 - INFO - tty.usbmodem0006822145041: ECDH request received
2019-06-26 16:24:32,945 - DEBUG - tty.usbmodem0006822145041: Writing: 104 bytearray(b'\x00 \xdc\xb5\xa0\x8c\x02x\x99\xbfWO\xa3\xd6\x01\xea\xa1@)\xd6\xdb>\xc0q~\xfd6\xb0\xee6\x1eG=')
2019-06-26 16:24:32,945 - DEBUG - tty.usbmodem0006822145041: TX: 22680020dcb5a08c027899bf574fa3d601eaa14029d6db3ec0717efd36b0ee361e473d
2019-06-26 16:24:32,954 - DEBUG - tty.usbmodem0006822145041: RX: 0484680000
2019-06-26 16:24:32,954 - DEBUG - tty.usbmodem0006822145041: parsed_packet {event: CmdRsp, data: {'opcode': 104, 'status': 0, 'data': bytearray(b'\x00')}}
2019-06-26 16:24:32,954 - INFO - tty.usbmodem0006822145041: EcdhSecret: {'context': 0}
2019-06-26 16:24:33,299 - DEBUG - tty.usbmodem0006822145041: RX: 2cc5000000000000001000000000cdae9d1e88bd77efcbf4841e82ced718eed9c2a56add85049ffc3c59ad0e12
2019-06-26 16:24:33,299 - DEBUG - tty.usbmodem0006822145041: parsed_packet {event: ProvComplete, data: {'context_id': 0, 'iv_index': 0, 'net_key_index': 0, 'address': 16, 'iv_update_flag': 0, 'key_refresh_flag': 0, 'device_key': bytearray(b'\x00\xcd\xae\x9d\x1e\x88\xbdw\xef\xcb\xf4\x84\x1e\x82\xce\xd7'), 'net_key': bytearray(b'\x18\xee\xd9\xc2\xa5j\xdd\x85\x04\x9f\xfc<Y\xad\x0e\x12')}}
2019-06-26 16:24:33,299 - INFO - tty.usbmodem0006822145041: Provisioning complete
2019-06-26 16:24:33,299 - INFO - tty.usbmodem0006822145041: 	Address(es): 0x10-0x10
2019-06-26 16:24:33,299 - INFO - tty.usbmodem0006822145041: 	Device key: 00cdae9d1e88bd77efcbf4841e82ced7
2019-06-26 16:24:33,300 - INFO - tty.usbmodem0006822145041: 	Network key: 18eed9c2a56add85049ffc3c59ad0e12
2019-06-26 16:24:33,300 - INFO - tty.usbmodem0006822145041: Adding device key to subnet 0
2019-06-26 16:24:33,300 - INFO - tty.usbmodem0006822145041: Adding publication address of root element
2019-06-26 16:24:33,300 - DEBUG - tty.usbmodem0006822145041: Writing: 156 bytearray(b'\x10\x00\x00\x00\x00\xcd\xae\x9d\x1e\x88\xbdw\xef\xcb\xf4\x84\x1e\x82\xce\xd7')
2019-06-26 16:24:33,301 - DEBUG - tty.usbmodem0006822145041: TX: 159c1000000000cdae9d1e88bd77efcbf4841e82ced7
2019-06-26 16:24:33,301 - DEBUG - tty.usbmodem0006822145041: Writing: 164 bytearray(b'\x10\x00')
2019-06-26 16:24:33,301 - DEBUG - tty.usbmodem0006822145041: TX: 03a41000
2019-06-26 16:24:33,305 - DEBUG - tty.usbmodem0006822145041: RX: 05849c000800
2019-06-26 16:24:33,305 - DEBUG - tty.usbmodem0006822145041: parsed_packet {event: CmdRsp, data: {'opcode': 156, 'status': 0, 'data': bytearray(b'\x08\x00')}}
2019-06-26 16:24:33,305 - INFO - tty.usbmodem0006822145041: DevkeyAdd: {'devkey_handle': 8}
2019-06-26 16:24:33,305 - DEBUG - tty.usbmodem0006822145041: RX: 0584a4000000
2019-06-26 16:24:33,305 - DEBUG - tty.usbmodem0006822145041: parsed_packet {event: CmdRsp, data: {'opcode': 164, 'status': 0, 'data': bytearray(b'\x00\x00')}}
2019-06-26 16:24:33,305 - INFO - tty.usbmodem0006822145041: AddrPublicationAdd: {'address_handle': 0}
2019-06-26 16:24:33,402 - DEBUG - tty.usbmodem0006822145041: RX: 03c20000
2019-06-26 16:24:33,402 - DEBUG - tty.usbmodem0006822145041: parsed_packet {event: ProvLinkClosed, data: {'context_id': 0, 'close_reason': 0}}
2019-06-26 16:24:33,402 - INFO - tty.usbmodem0006822145041: Provisioning link closed
2019-06-26 16:24:42,592 - DEBUG - tty.usbmodem0006822145041.ConfigurationClient: Sending opcode: 8008, data: 00
2019-06-26 16:24:42,593 - DEBUG - tty.usbmodem0006822145041.ConfigurationClient: Sending opcode: 00, data: 0000004f68ad85d9f48ac8589df665b6b49b8a
2019-06-26 16:24:42,593 - DEBUG - tty.usbmodem0006822145041: Writing: 171 bytearray(b'\x08\x00\x01\x00\x00\x00\x08\x00\x00\x00\x80\x08\x00')
2019-06-26 16:24:42,593 - DEBUG - tty.usbmodem0006822145041: TX: 0eab08000100000008000000800800
2019-06-26 16:24:42,593 - DEBUG - tty.usbmodem0006822145041: Writing: 171 bytearray(b'\x08\x00\x01\x00\x00\x00\x08\x00\x00\x00\x00\x00\x00\x00Oh\xad\x85\xd9\xf4\x8a\xc8X\x9d\xf6e\xb6\xb4\x9b\x8a')
2019-06-26 16:24:42,593 - DEBUG - tty.usbmodem0006822145041: TX: 1fab08000100000008000000000000004f68ad85d9f48ac8589df665b6b49b8a
2019-06-26 16:24:42,596 - DEBUG - tty.usbmodem0006822145041: RX: 0784ab0002000000
2019-06-26 16:24:42,596 - DEBUG - tty.usbmodem0006822145041: parsed_packet {event: CmdRsp, data: {'opcode': 171, 'status': 0, 'data': bytearray(b'\x02\x00\x00\x00')}}
2019-06-26 16:24:42,596 - INFO - tty.usbmodem0006822145041: PacketSend: {'token': 2}
2019-06-26 16:24:42,600 - DEBUG - tty.usbmodem0006822145041: RX: 0784ab0003000000
2019-06-26 16:24:42,600 - DEBUG - tty.usbmodem0006822145041: parsed_packet {event: CmdRsp, data: {'opcode': 171, 'status': 0, 'data': bytearray(b'\x03\x00\x00\x00')}}
2019-06-26 16:24:42,600 - INFO - tty.usbmodem0006822145041: PacketSend: {'token': 3}
2019-06-26 16:24:42,616 - DEBUG - tty.usbmodem0006822145041: RX: 05d202000000
2019-06-26 16:24:42,617 - DEBUG - tty.usbmodem0006822145041: parsed_packet {event: MeshTxComplete, data: {'token': 2}}
2019-06-26 16:24:42,617 - INFO - tty.usbmodem0006822145041: {event: MeshTxComplete, data: {'token': 2}}
2019-06-26 16:24:42,775 - DEBUG - tty.usbmodem0006822145041: RX: 2ad010000100080000000401c8639509c2c2ce160002005900000000002800030000000300000002000010
2019-06-26 16:24:42,775 - DEBUG - tty.usbmodem0006822145041: parsed_packet {event: MeshMessageReceivedUnicast, data: {'src': 16, 'dst': 1, 'appkey_handle': 8, 'subnet_handle': 0, 'ttl': 4, 'adv_addr_type': 1, 'adv_addr': bytearray(b'\xc8c\x95\t\xc2\xc2'), 'rssi': -50, 'actual_length': 22, 'data': bytearray(b'\x02\x00Y\x00\x00\x00\x00\x00(\x00\x03\x00\x00\x00\x03\x00\x00\x00\x02\x00\x00\x10')}}
2019-06-26 16:24:42,775 - DEBUG - tty.usbmodem0006822145041: Message Opcode bytearray(b'\x02'), Data bytearray(b'\x00Y\x00\x00\x00\x00\x00(\x00\x03\x00\x00\x00\x03\x00\x00\x00\x02\x00\x00\x10') unknown for model <mesh.access.Access object at 0x10283a780>.
2019-06-26 16:24:42,777 - INFO - tty.usbmodem0006822145041.ConfigurationClient: Received composition data (page 0x00): {
  "cid": "0059",
  "pid": "0000",
  "vid": "0000",
  "crpl": 40,
  "features": {
    "relay": 0,
    "proxy": 0,
    "friend": 2,
    "low_power": 2
  },
  "elements": [
    {
      "index": 0,
      "location": "0000",
      "models": [
        {
          "modelId": "0000"
        },
        {
          "modelId": "0002"
        },
        {
          "modelId": "1000"
        }
      ]
    }
  ]
}
2019-06-26 16:24:42,795 - DEBUG - tty.usbmodem0006822145041: RX: 05d203000000
2019-06-26 16:24:42,795 - DEBUG - tty.usbmodem0006822145041: parsed_packet {event: MeshTxComplete, data: {'token': 3}}
2019-06-26 16:24:42,795 - INFO - tty.usbmodem0006822145041: {event: MeshTxComplete, data: {'token': 3}}
2019-06-26 16:24:42,824 - DEBUG - tty.usbmodem0006822145041: RX: 1ad010000100080000000401c8639509c2c2cd0600800300000000
2019-06-26 16:24:42,824 - DEBUG - tty.usbmodem0006822145041: parsed_packet {event: MeshMessageReceivedUnicast, data: {'src': 16, 'dst': 1, 'appkey_handle': 8, 'subnet_handle': 0, 'ttl': 4, 'adv_addr_type': 1, 'adv_addr': bytearray(b'\xc8c\x95\t\xc2\xc2'), 'rssi': -51, 'actual_length': 6, 'data': bytearray(b'\x80\x03\x00\x00\x00\x00')}}
2019-06-26 16:24:42,824 - DEBUG - tty.usbmodem0006822145041: Message Opcode bytearray(b'\x80\x03'), Data bytearray(b'\x00\x00\x00\x00') unknown for model <mesh.access.Access object at 0x10283a780>.
2019-06-26 16:24:42,824 - INFO - tty.usbmodem0006822145041.ConfigurationClient: Appkey status: AccessStatus.SUCCESS
2019-06-26 16:24:42,826 - INFO - tty.usbmodem0006822145041.ConfigurationClient: Appkey add 0 succeded for subnet 0 at node 0010
2019-06-26 16:24:44,785 - DEBUG - tty.usbmodem0006822145041.ConfigurationClient: Sending opcode: 803d, data: 100000000010
2019-06-26 16:24:44,786 - DEBUG - tty.usbmodem0006822145041: Writing: 171 bytearray(b'\x08\x00\x01\x00\x00\x00\x08\x00\x00\x00\x80=\x10\x00\x00\x00\x00\x10')
2019-06-26 16:24:44,786 - DEBUG - tty.usbmodem0006822145041: TX: 13ab08000100000008000000803d100000000010
2019-06-26 16:24:44,790 - DEBUG - tty.usbmodem0006822145041: RX: 0784ab0004000000
2019-06-26 16:24:44,790 - DEBUG - tty.usbmodem0006822145041: parsed_packet {event: CmdRsp, data: {'opcode': 171, 'status': 0, 'data': bytearray(b'\x04\x00\x00\x00')}}
2019-06-26 16:24:44,790 - INFO - tty.usbmodem0006822145041: PacketSend: {'token': 4}
2019-06-26 16:24:44,795 - DEBUG - tty.usbmodem0006822145041: RX: 05d204000000
2019-06-26 16:24:44,795 - DEBUG - tty.usbmodem0006822145041: parsed_packet {event: MeshTxComplete, data: {'token': 4}}
2019-06-26 16:24:44,795 - INFO - tty.usbmodem0006822145041: {event: MeshTxComplete, data: {'token': 4}}
2019-06-26 16:24:44,800 - DEBUG - tty.usbmodem0006822145041: RX: 1dd010000100080000000401c8639509c2c2c90900803e00100000000010
2019-06-26 16:24:44,800 - DEBUG - tty.usbmodem0006822145041: parsed_packet {event: MeshMessageReceivedUnicast, data: {'src': 16, 'dst': 1, 'appkey_handle': 8, 'subnet_handle': 0, 'ttl': 4, 'adv_addr_type': 1, 'adv_addr': bytearray(b'\xc8c\x95\t\xc2\xc2'), 'rssi': -55, 'actual_length': 9, 'data': bytearray(b'\x80>\x00\x10\x00\x00\x00\x00\x10')}}
2019-06-26 16:24:44,800 - DEBUG - tty.usbmodem0006822145041: Message Opcode bytearray(b'\x80>'), Data bytearray(b'\x00\x10\x00\x00\x00\x00\x10') unknown for model <mesh.access.Access object at 0x10283a780>.
2019-06-26 16:24:44,800 - INFO - tty.usbmodem0006822145041.ConfigurationClient: Model app bind status: AccessStatus.SUCCESS
2019-06-26 16:24:44,802 - INFO - tty.usbmodem0006822145041.ConfigurationClient: Appkey bind 0 to model 1000 at 0010
2019-06-26 16:24:52,780 - DEBUG - tty.usbmodem0006822145041: Writing: 164 bytearray(b'\x01\xc0')
2019-06-26 16:24:52,781 - DEBUG - tty.usbmodem0006822145041: TX: 03a401c0
2019-06-26 16:24:52,782 - DEBUG - tty.usbmodem0006822145041: RX: 0584a4000100
2019-06-26 16:24:52,782 - DEBUG - tty.usbmodem0006822145041: parsed_packet {event: CmdRsp, data: {'opcode': 164, 'status': 0, 'data': bytearray(b'\x01\x00')}}
2019-06-26 16:24:52,782 - INFO - tty.usbmodem0006822145041: AddrPublicationAdd: {'address_handle': 1}
2019-06-26 16:24:54,782 - DEBUG - tty.usbmodem0006822145041.ConfigurationClient: Sending opcode: 801b, data: 100001c00010
2019-06-26 16:24:54,782 - DEBUG - tty.usbmodem0006822145041: Writing: 171 bytearray(b'\x08\x00\x01\x00\x00\x00\x08\x00\x00\x00\x80\x1b\x10\x00\x01\xc0\x00\x10')
2019-06-26 16:24:54,783 - DEBUG - tty.usbmodem0006822145041: TX: 13ab08000100000008000000801b100001c00010
2019-06-26 16:24:54,786 - DEBUG - tty.usbmodem0006822145041: RX: 0784ab0005000000
2019-06-26 16:24:54,787 - DEBUG - tty.usbmodem0006822145041: parsed_packet {event: CmdRsp, data: {'opcode': 171, 'status': 0, 'data': bytearray(b'\x05\x00\x00\x00')}}
2019-06-26 16:24:54,787 - INFO - tty.usbmodem0006822145041: PacketSend: {'token': 5}
2019-06-26 16:24:54,806 - DEBUG - tty.usbmodem0006822145041: RX: 05d205000000
2019-06-26 16:24:54,807 - DEBUG - tty.usbmodem0006822145041: parsed_packet {event: MeshTxComplete, data: {'token': 5}}
2019-06-26 16:24:54,807 - INFO - tty.usbmodem0006822145041: {event: MeshTxComplete, data: {'token': 5}}
2019-06-26 16:24:54,826 - DEBUG - tty.usbmodem0006822145041: RX: 1dd010000100080000000401c8639509c2c2ca0900801f00100001c00010
2019-06-26 16:24:54,827 - DEBUG - tty.usbmodem0006822145041: parsed_packet {event: MeshMessageReceivedUnicast, data: {'src': 16, 'dst': 1, 'appkey_handle': 8, 'subnet_handle': 0, 'ttl': 4, 'adv_addr_type': 1, 'adv_addr': bytearray(b'\xc8c\x95\t\xc2\xc2'), 'rssi': -54, 'actual_length': 9, 'data': bytearray(b'\x80\x1f\x00\x10\x00\x01\xc0\x00\x10')}}
2019-06-26 16:24:54,827 - DEBUG - tty.usbmodem0006822145041: Message Opcode bytearray(b'\x80\x1f'), Data bytearray(b'\x00\x10\x00\x01\xc0\x00\x10') unknown for model <mesh.access.Access object at 0x10283a780>.
2019-06-26 16:24:54,827 - INFO - tty.usbmodem0006822145041.ConfigurationClient: Model subscription status: AccessStatus.SUCCESS
2019-06-26 16:24:54,828 - INFO - tty.usbmodem0006822145041.ConfigurationClient: Added subscription 'c001' to model 1000 at element 0010
2019-06-26 16:25:16,929 - DEBUG - tty.usbmodem0006822145041.GenericOnOffClient: Sending opcode: 8202, data: 0100
2019-06-26 16:25:16,931 - DEBUG - tty.usbmodem0006822145041: Writing: 171 bytearray(b'\x00\x00\x01\x00\x01\x00\x08\x00\x00\x00\x82\x02\x01\x00')
2019-06-26 16:25:16,932 - DEBUG - tty.usbmodem0006822145041: TX: 0fab0000010001000800000082020100
2019-06-26 16:25:16,936 - DEBUG - tty.usbmodem0006822145041: RX: 0784ab0006000000
2019-06-26 16:25:16,937 - DEBUG - tty.usbmodem0006822145041: parsed_packet {event: CmdRsp, data: {'opcode': 171, 'status': 0, 'data': bytearray(b'\x06\x00\x00\x00')}}
2019-06-26 16:25:16,937 - INFO - tty.usbmodem0006822145041: PacketSend: {'token': 6}
2019-06-26 16:25:16,944 - DEBUG - tty.usbmodem0006822145041: RX: 05d206000000
2019-06-26 16:25:16,944 - DEBUG - tty.usbmodem0006822145041: parsed_packet {event: MeshTxComplete, data: {'token': 6}}
2019-06-26 16:25:16,944 - INFO - tty.usbmodem0006822145041: {event: MeshTxComplete, data: {'token': 6}}
2019-06-26 16:27:20,611 - DEBUG - tty.usbmodem0006822145041: RX: 04810200fe
2019-06-26 16:27:20,612 - DEBUG - tty.usbmodem0006822145041: parsed_packet {event: DeviceStarted, data: {'operating_mode': 2, 'hw_error': 0, 'data_credit_available': 254}}
2019-06-26 16:27:20,613 - INFO - tty.usbmodem0006822145041: Device rebooted.
2019-06-26 16:27:21,330 - DEBUG - tty.usbmodem0006822145041: RX: 04810200fe
2019-06-26 16:27:21,330 - DEBUG - tty.usbmodem0006822145041: parsed_packet {event: DeviceStarted, data: {'operating_mode': 2, 'hw_error': 0, 'data_credit_available': 254}}
2019-06-26 16:27:21,330 - INFO - tty.usbmodem0006822145041: Device rebooted.
