2019-07-22 15:09:08,429 - DEBUG - tty.usbmodem0006822145041: Writing: 105 bytearray(b'o\xb9\xa9\x1e\xb8\xce\x16\x82\xa0N\\"\xaf\xbc\x865%\xb6\xd0\x90\xe9qw\xc4\xcf\xb7k\x99\x01Z\xd1\x93E\x89\xac\x9f[h\x9a\xa0\xa3A\xd1\x852\xb1\xff\xe7~\x06.\xf8\xc1\x8f\xe3\xdd\xc9#t.\x86\xb8Z#F\xe3\xd3\x16\xbb?\xcd\x11\x8ao\x82\x01D$7}\xaa\xa0\x81\xcaS\x7f\xfa{\xdd\x11pUz\xe2Z\xa3')
2019-07-22 15:09:08,433 - DEBUG - tty.usbmodem0006822145041: TX: 61696fb9a91eb8ce1682a04e5c22afbc863525b6d090e97177c4cfb76b99015ad1934589ac9f5b689aa0a341d18532b1ffe77e062ef8c18fe3ddc923742e86b85a2346e3d316bb3fcd118a6f82014424377daaa081ca537ffa7bdd1170557ae25aa3
2019-07-22 15:09:08,442 - INFO - tty.usbmodem0006822145041: 

2019-07-22 15:09:08,442 - INFO - tty.usbmodem0006822145041: Sending next message
2019-07-22 15:09:08,451 - DEBUG - tty.usbmodem0006822145041: RX: 03845384
2019-07-22 15:09:08,451 - DEBUG - tty.usbmodem0006822145041: parsed_packet {event: CmdRsp, data: {'opcode': 83, 'status': 132, 'data': bytearray(b'')}}
2019-07-22 15:09:08,453 - ERROR - tty.usbmodem0006822145041: None: ERROR_INVALID_LENGTH
2019-07-22 15:09:08,453 - DEBUG - tty.usbmodem0006822145041: Writing: 159 bytearray(b'\x01\x00\x01\x00')
2019-07-22 15:09:08,457 - DEBUG - tty.usbmodem0006822145041: RX: 03840084
2019-07-22 15:09:08,459 - DEBUG - tty.usbmodem0006822145041: TX: 059f01000100
2019-07-22 15:09:08,460 - DEBUG - tty.usbmodem0006822145041: parsed_packet {event: CmdRsp, data: {'opcode': 0, 'status': 132, 'data': bytearray(b'')}}
2019-07-22 15:09:08,461 - ERROR - tty.usbmodem0006822145041: None: ERROR_INVALID_LENGTH
2019-07-22 15:09:08,461 - DEBUG - tty.usbmodem0006822145041: Writing: 146 bytearray(b'\x00\x00\x18\xee\xd9\xc2\xa5j\xdd\x85\x04\x9f\xfc<Y\xad\x0e\x12')
2019-07-22 15:09:08,461 - DEBUG - tty.usbmodem0006822145041: TX: 1392000018eed9c2a56add85049ffc3c59ad0e12
2019-07-22 15:09:08,462 - DEBUG - tty.usbmodem0006822145041: RX: 03840084
2019-07-22 15:09:08,462 - DEBUG - tty.usbmodem0006822145041: parsed_packet {event: CmdRsp, data: {'opcode': 0, 'status': 132, 'data': bytearray(b'')}}
2019-07-22 15:09:08,462 - ERROR - tty.usbmodem0006822145041: None: ERROR_INVALID_LENGTH
2019-07-22 15:09:08,463 - DEBUG - tty.usbmodem0006822145041: RX: 03840084
2019-07-22 15:09:08,463 - DEBUG - tty.usbmodem0006822145041: parsed_packet {event: CmdRsp, data: {'opcode': 0, 'status': 132, 'data': bytearray(b'')}}
2019-07-22 15:09:08,463 - ERROR - tty.usbmodem0006822145041: None: ERROR_INVALID_LENGTH
2019-07-22 15:09:08,464 - DEBUG - tty.usbmodem0006822145041: Writing: 151 bytearray(b'\x00\x00\x00\x00Oh\xad\x85\xd9\xf4\x8a\xc8X\x9d\xf6e\xb6\xb4\x9b\x8a')
2019-07-22 15:09:08,464 - DEBUG - tty.usbmodem0006822145041: RX: 03840084
2019-07-22 15:09:08,464 - DEBUG - tty.usbmodem0006822145041: TX: 1597000000004f68ad85d9f48ac8589df665b6b49b8a
2019-07-22 15:09:08,464 - DEBUG - tty.usbmodem0006822145041: parsed_packet {event: CmdRsp, data: {'opcode': 0, 'status': 132, 'data': bytearray(b'')}}
2019-07-22 15:09:08,465 - ERROR - tty.usbmodem0006822145041: None: ERROR_INVALID_LENGTH
2019-07-22 15:09:08,465 - DEBUG - tty.usbmodem0006822145041: Writing: 151 bytearray(b'\x01\x00\x00\x00*\xa2\xa6\xde\xd5\xa0y\x8c\xea\xb5x|\xa3\xae9\xfc')
2019-07-22 15:09:08,465 - DEBUG - tty.usbmodem0006822145041: RX: 03840084
2019-07-22 15:09:08,465 - DEBUG - tty.usbmodem0006822145041: TX: 1597010000002aa2a6ded5a0798ceab5787ca3ae39fc
2019-07-22 15:09:08,466 - DEBUG - tty.usbmodem0006822145041: parsed_packet {event: CmdRsp, data: {'opcode': 0, 'status': 132, 'data': bytearray(b'')}}
2019-07-22 15:09:08,466 - ERROR - tty.usbmodem0006822145041: None: ERROR_INVALID_LENGTH
2019-07-22 15:09:08,466 - DEBUG - tty.usbmodem0006822145041: Writing: 164 bytearray(b'\x10\x00')
2019-07-22 15:09:08,467 - DEBUG - tty.usbmodem0006822145041: TX: 03a41000
2019-07-22 15:09:08,467 - DEBUG - tty.usbmodem0006822145041: RX: 03840084
2019-07-22 15:09:08,467 - DEBUG - tty.usbmodem0006822145041: parsed_packet {event: CmdRsp, data: {'opcode': 0, 'status': 132, 'data': bytearray(b'')}}
2019-07-22 15:09:08,467 - ERROR - tty.usbmodem0006822145041: None: ERROR_INVALID_LENGTH
2019-07-22 15:09:08,467 - DEBUG - tty.usbmodem0006822145041: RX: 03840084
2019-07-22 15:09:08,468 - DEBUG - tty.usbmodem0006822145041: parsed_packet {event: CmdRsp, data: {'opcode': 0, 'status': 132, 'data': bytearray(b'')}}
2019-07-22 15:09:08,468 - ERROR - tty.usbmodem0006822145041: None: ERROR_INVALID_LENGTH
2019-07-22 15:09:08,468 - DEBUG - tty.usbmodem0006822145041: RX: 03840084
2019-07-22 15:09:08,479 - DEBUG - tty.usbmodem0006822145041: parsed_packet {event: CmdRsp, data: {'opcode': 0, 'status': 132, 'data': bytearray(b'')}}
2019-07-22 15:09:08,480 - ERROR - tty.usbmodem0006822145041: None: ERROR_INVALID_LENGTH
2019-07-22 15:09:08,481 - DEBUG - tty.usbmodem0006822145041: RX: 03840084
2019-07-22 15:09:08,481 - DEBUG - tty.usbmodem0006822145041: parsed_packet {event: CmdRsp, data: {'opcode': 0, 'status': 132, 'data': bytearray(b'')}}
2019-07-22 15:09:08,481 - ERROR - tty.usbmodem0006822145041: None: ERROR_INVALID_LENGTH
2019-07-22 15:09:08,481 - DEBUG - tty.usbmodem0006822145041: RX: 03840084
2019-07-22 15:09:08,482 - DEBUG - tty.usbmodem0006822145041: parsed_packet {event: CmdRsp, data: {'opcode': 0, 'status': 132, 'data': bytearray(b'')}}
2019-07-22 15:09:08,482 - ERROR - tty.usbmodem0006822145041: None: ERROR_INVALID_LENGTH
2019-07-22 15:09:08,482 - DEBUG - tty.usbmodem0006822145041: RX: 03840084
2019-07-22 15:09:08,483 - DEBUG - tty.usbmodem0006822145041: parsed_packet {event: CmdRsp, data: {'opcode': 0, 'status': 132, 'data': bytearray(b'')}}
2019-07-22 15:09:08,483 - ERROR - tty.usbmodem0006822145041: None: ERROR_INVALID_LENGTH
2019-07-22 15:09:08,483 - DEBUG - tty.usbmodem0006822145041: RX: 03840084
2019-07-22 15:09:08,483 - DEBUG - tty.usbmodem0006822145041: parsed_packet {event: CmdRsp, data: {'opcode': 0, 'status': 132, 'data': bytearray(b'')}}
2019-07-22 15:09:08,483 - ERROR - tty.usbmodem0006822145041: None: ERROR_INVALID_LENGTH
2019-07-22 15:09:08,484 - DEBUG - tty.usbmodem0006822145041: RX: 03849f00
2019-07-22 15:09:08,484 - DEBUG - tty.usbmodem0006822145041: parsed_packet {event: CmdRsp, data: {'opcode': 159, 'status': 0, 'data': bytearray(b'')}}
2019-07-22 15:09:08,484 - INFO - tty.usbmodem0006822145041: Success
2019-07-22 15:09:08,484 - DEBUG - tty.usbmodem0006822145041: RX: 058492000000
2019-07-22 15:09:08,485 - DEBUG - tty.usbmodem0006822145041: parsed_packet {event: CmdRsp, data: {'opcode': 146, 'status': 0, 'data': bytearray(b'\x00\x00')}}
2019-07-22 15:09:08,485 - INFO - tty.usbmodem0006822145041: SubnetAdd: {'subnet_handle': 0}
2019-07-22 15:09:08,485 - DEBUG - tty.usbmodem0006822145041: RX: 058497000000
2019-07-22 15:09:08,485 - DEBUG - tty.usbmodem0006822145041: parsed_packet {event: CmdRsp, data: {'opcode': 151, 'status': 0, 'data': bytearray(b'\x00\x00')}}
2019-07-22 15:09:08,486 - INFO - tty.usbmodem0006822145041: AppkeyAdd: {'appkey_handle': 0}
2019-07-22 15:09:08,486 - DEBUG - tty.usbmodem0006822145041: RX: 058497000100
2019-07-22 15:09:08,486 - DEBUG - tty.usbmodem0006822145041: parsed_packet {event: CmdRsp, data: {'opcode': 151, 'status': 0, 'data': bytearray(b'\x01\x00')}}
2019-07-22 15:09:08,498 - INFO - tty.usbmodem0006822145041: AppkeyAdd: {'appkey_handle': 1}
2019-07-22 15:09:08,499 - DEBUG - tty.usbmodem0006822145041: RX: 0584a4000000
2019-07-22 15:09:08,499 - DEBUG - tty.usbmodem0006822145041: parsed_packet {event: CmdRsp, data: {'opcode': 164, 'status': 0, 'data': bytearray(b'\x00\x00')}}
2019-07-22 15:09:08,499 - INFO - tty.usbmodem0006822145041: AddrPublicationAdd: {'address_handle': 0}
2019-07-22 15:09:08,504 - INFO - tty.usbmodem0006822145041: 

2019-07-22 15:09:08,504 - INFO - tty.usbmodem0006822145041: Sending next message
2019-07-22 15:09:08,504 - DEBUG - tty.usbmodem0006822145041: Writing: 161 bytearray(b'\x01\xc0')
2019-07-22 15:09:08,504 - DEBUG - tty.usbmodem0006822145041: TX: 03a101c0
2019-07-22 15:09:08,507 - DEBUG - tty.usbmodem0006822145041: RX: 0584a1000100
2019-07-22 15:09:08,507 - DEBUG - tty.usbmodem0006822145041: parsed_packet {event: CmdRsp, data: {'opcode': 161, 'status': 0, 'data': bytearray(b'\x01\x00')}}
2019-07-22 15:09:08,507 - INFO - tty.usbmodem0006822145041: AddrSubscriptionAdd: {'address_handle': 1}
2019-07-22 15:09:08,517 - INFO - tty.usbmodem0006822145041: 

2019-07-22 15:09:08,517 - INFO - tty.usbmodem0006822145041: Sending next message
2019-07-22 15:09:08,517 - DEBUG - tty.usbmodem0006822145041: Writing: 164 bytearray(b'\x11\x00')
2019-07-22 15:09:08,517 - DEBUG - tty.usbmodem0006822145041: TX: 03a41100
2019-07-22 15:09:08,520 - DEBUG - tty.usbmodem0006822145041: RX: 0584a4000200
2019-07-22 15:09:08,520 - DEBUG - tty.usbmodem0006822145041: parsed_packet {event: CmdRsp, data: {'opcode': 164, 'status': 0, 'data': bytearray(b'\x02\x00')}}
2019-07-22 15:09:08,520 - INFO - tty.usbmodem0006822145041: AddrPublicationAdd: {'address_handle': 2}
2019-07-22 15:09:08,524 - INFO - tty.usbmodem0006822145041: 

2019-07-22 15:09:08,524 - INFO - tty.usbmodem0006822145041: Sending next message
2019-07-22 15:09:08,524 - DEBUG - tty.usbmodem0006822145041: Writing: 164 bytearray(b'\x12\x00')
2019-07-22 15:09:08,528 - DEBUG - tty.usbmodem0006822145041: TX: 03a41200
2019-07-22 15:09:08,531 - DEBUG - tty.usbmodem0006822145041: RX: 0584a4000300
2019-07-22 15:09:08,531 - DEBUG - tty.usbmodem0006822145041: parsed_packet {event: CmdRsp, data: {'opcode': 164, 'status': 0, 'data': bytearray(b'\x03\x00')}}
2019-07-22 15:09:08,532 - INFO - tty.usbmodem0006822145041: AddrPublicationAdd: {'address_handle': 3}
2019-07-22 15:09:08,537 - INFO - tty.usbmodem0006822145041: 

2019-07-22 15:09:08,538 - INFO - tty.usbmodem0006822145041: Sending next message
2019-07-22 15:09:08,538 - DEBUG - tty.usbmodem0006822145041: Writing: 164 bytearray(b'\x13\x00')
2019-07-22 15:09:08,538 - DEBUG - tty.usbmodem0006822145041: TX: 03a41300
2019-07-22 15:09:08,540 - DEBUG - tty.usbmodem0006822145041: RX: 0584a4000400
2019-07-22 15:09:08,540 - DEBUG - tty.usbmodem0006822145041: parsed_packet {event: CmdRsp, data: {'opcode': 164, 'status': 0, 'data': bytearray(b'\x04\x00')}}
2019-07-22 15:09:08,540 - INFO - tty.usbmodem0006822145041: AddrPublicationAdd: {'address_handle': 4}
2019-07-22 15:09:08,550 - INFO - tty.usbmodem0006822145041: 

2019-07-22 15:09:08,550 - INFO - tty.usbmodem0006822145041: Sending next message
2019-07-22 15:09:08,550 - DEBUG - tty.usbmodem0006822145041: Writing: 164 bytearray(b'\x14\x00')
2019-07-22 15:09:08,550 - DEBUG - tty.usbmodem0006822145041: TX: 03a41400
2019-07-22 15:09:08,552 - DEBUG - tty.usbmodem0006822145041: RX: 0584a4000500
2019-07-22 15:09:08,552 - DEBUG - tty.usbmodem0006822145041: parsed_packet {event: CmdRsp, data: {'opcode': 164, 'status': 0, 'data': bytearray(b'\x05\x00')}}
2019-07-22 15:09:08,552 - INFO - tty.usbmodem0006822145041: AddrPublicationAdd: {'address_handle': 5}
2019-07-22 15:09:08,556 - INFO - tty.usbmodem0006822145041: 

2019-07-22 15:09:08,557 - INFO - tty.usbmodem0006822145041: Sending next message
2019-07-22 15:09:08,557 - DEBUG - tty.usbmodem0006822145041: Writing: 164 bytearray(b'\x15\x00')
2019-07-22 15:09:08,561 - DEBUG - tty.usbmodem0006822145041: TX: 03a41500
2019-07-22 15:09:08,565 - DEBUG - tty.usbmodem0006822145041: RX: 0584a4000600
2019-07-22 15:09:08,565 - DEBUG - tty.usbmodem0006822145041: parsed_packet {event: CmdRsp, data: {'opcode': 164, 'status': 0, 'data': bytearray(b'\x06\x00')}}
2019-07-22 15:09:08,565 - INFO - tty.usbmodem0006822145041: AddrPublicationAdd: {'address_handle': 6}
2019-07-22 15:09:08,572 - INFO - tty.usbmodem0006822145041: 

2019-07-22 15:09:08,572 - INFO - tty.usbmodem0006822145041: Sending next message
2019-07-22 15:09:08,573 - DEBUG - tty.usbmodem0006822145041: Writing: 164 bytearray(b'\x16\x00')
2019-07-22 15:09:08,573 - DEBUG - tty.usbmodem0006822145041: TX: 03a41600
2019-07-22 15:09:08,575 - DEBUG - tty.usbmodem0006822145041: RX: 0584a4000700
2019-07-22 15:09:08,576 - DEBUG - tty.usbmodem0006822145041: parsed_packet {event: CmdRsp, data: {'opcode': 164, 'status': 0, 'data': bytearray(b'\x07\x00')}}
2019-07-22 15:09:08,577 - INFO - tty.usbmodem0006822145041: AddrPublicationAdd: {'address_handle': 7}
2019-07-22 15:09:08,585 - INFO - tty.usbmodem0006822145041: 

2019-07-22 15:09:08,585 - INFO - tty.usbmodem0006822145041: Sending next message
2019-07-22 15:09:08,586 - DEBUG - tty.usbmodem0006822145041: Writing: 164 bytearray(b'\x17\x00')
2019-07-22 15:09:08,586 - DEBUG - tty.usbmodem0006822145041: TX: 03a41700
2019-07-22 15:09:08,588 - DEBUG - tty.usbmodem0006822145041: RX: 0584a4000800
2019-07-22 15:09:08,588 - DEBUG - tty.usbmodem0006822145041: parsed_packet {event: CmdRsp, data: {'opcode': 164, 'status': 0, 'data': bytearray(b'\x08\x00')}}
2019-07-22 15:09:08,588 - INFO - tty.usbmodem0006822145041: AddrPublicationAdd: {'address_handle': 8}
2019-07-22 15:09:08,599 - INFO - tty.usbmodem0006822145041: 

2019-07-22 15:09:08,599 - INFO - tty.usbmodem0006822145041: Sending next message
2019-07-22 15:09:08,600 - DEBUG - tty.usbmodem0006822145041: Writing: 164 bytearray(b'\x18\x00')
2019-07-22 15:09:08,600 - DEBUG - tty.usbmodem0006822145041: TX: 03a41800
2019-07-22 15:09:08,602 - DEBUG - tty.usbmodem0006822145041: RX: 0584a4000900
2019-07-22 15:09:08,602 - DEBUG - tty.usbmodem0006822145041: parsed_packet {event: CmdRsp, data: {'opcode': 164, 'status': 0, 'data': bytearray(b'\t\x00')}}
2019-07-22 15:09:08,602 - INFO - tty.usbmodem0006822145041: AddrPublicationAdd: {'address_handle': 9}
2019-07-22 15:09:08,606 - INFO - tty.usbmodem0006822145041: 

2019-07-22 15:09:08,606 - INFO - tty.usbmodem0006822145041: Sending next message
2019-07-22 15:09:08,607 - DEBUG - tty.usbmodem0006822145041: Writing: 164 bytearray(b'\x19\x00')
2019-07-22 15:09:08,607 - DEBUG - tty.usbmodem0006822145041: TX: 03a41900
2019-07-22 15:09:08,609 - DEBUG - tty.usbmodem0006822145041: RX: 0584a4000a00
2019-07-22 15:09:08,610 - DEBUG - tty.usbmodem0006822145041: parsed_packet {event: CmdRsp, data: {'opcode': 164, 'status': 0, 'data': bytearray(b'\n\x00')}}
2019-07-22 15:09:08,610 - INFO - tty.usbmodem0006822145041: AddrPublicationAdd: {'address_handle': 10}
2019-07-22 15:09:08,618 - INFO - tty.usbmodem0006822145041: 

2019-07-22 15:09:08,619 - INFO - tty.usbmodem0006822145041: Sending next message
2019-07-22 15:09:08,619 - DEBUG - tty.usbmodem0006822145041: Writing: 164 bytearray(b'\x1a\x00')
2019-07-22 15:09:08,619 - DEBUG - tty.usbmodem0006822145041: TX: 03a41a00
2019-07-22 15:09:08,621 - DEBUG - tty.usbmodem0006822145041: RX: 0584a4000b00
2019-07-22 15:09:08,621 - DEBUG - tty.usbmodem0006822145041: parsed_packet {event: CmdRsp, data: {'opcode': 164, 'status': 0, 'data': bytearray(b'\x0b\x00')}}
2019-07-22 15:09:08,621 - INFO - tty.usbmodem0006822145041: AddrPublicationAdd: {'address_handle': 11}
2019-07-22 15:09:08,629 - INFO - tty.usbmodem0006822145041: 

2019-07-22 15:09:08,630 - INFO - tty.usbmodem0006822145041: Sending next message
2019-07-22 15:09:08,632 - DEBUG - tty.usbmodem0006822145041: Writing: 164 bytearray(b'\x1b\x00')
2019-07-22 15:09:08,632 - DEBUG - tty.usbmodem0006822145041: TX: 03a41b00
2019-07-22 15:09:08,634 - DEBUG - tty.usbmodem0006822145041: RX: 0584a4000c00
2019-07-22 15:09:08,634 - DEBUG - tty.usbmodem0006822145041: parsed_packet {event: CmdRsp, data: {'opcode': 164, 'status': 0, 'data': bytearray(b'\x0c\x00')}}
2019-07-22 15:09:08,634 - INFO - tty.usbmodem0006822145041: AddrPublicationAdd: {'address_handle': 12}
2019-07-22 15:09:08,639 - INFO - tty.usbmodem0006822145041: 

2019-07-22 15:09:08,639 - INFO - tty.usbmodem0006822145041: Sending next message
2019-07-22 15:09:08,639 - DEBUG - tty.usbmodem0006822145041: Writing: 164 bytearray(b'\x1c\x00')
2019-07-22 15:09:08,639 - DEBUG - tty.usbmodem0006822145041: TX: 03a41c00
2019-07-22 15:09:08,642 - DEBUG - tty.usbmodem0006822145041: RX: 0584a4000d00
2019-07-22 15:09:08,643 - DEBUG - tty.usbmodem0006822145041: parsed_packet {event: CmdRsp, data: {'opcode': 164, 'status': 0, 'data': bytearray(b'\r\x00')}}
2019-07-22 15:09:08,644 - INFO - tty.usbmodem0006822145041: AddrPublicationAdd: {'address_handle': 13}
2019-07-22 15:09:08,652 - INFO - tty.usbmodem0006822145041: 

2019-07-22 15:09:08,652 - INFO - tty.usbmodem0006822145041: Sending next message
2019-07-22 15:09:08,652 - DEBUG - tty.usbmodem0006822145041: Writing: 164 bytearray(b'\x1d\x00')
2019-07-22 15:09:08,652 - DEBUG - tty.usbmodem0006822145041: TX: 03a41d00
2019-07-22 15:09:08,654 - DEBUG - tty.usbmodem0006822145041: RX: 0584a4000e00
2019-07-22 15:09:08,654 - DEBUG - tty.usbmodem0006822145041: parsed_packet {event: CmdRsp, data: {'opcode': 164, 'status': 0, 'data': bytearray(b'\x0e\x00')}}
2019-07-22 15:09:08,654 - INFO - tty.usbmodem0006822145041: AddrPublicationAdd: {'address_handle': 14}
2019-07-22 15:09:08,663 - INFO - tty.usbmodem0006822145041: 

2019-07-22 15:09:08,664 - INFO - tty.usbmodem0006822145041: Sending next message
2019-07-22 15:09:08,665 - DEBUG - tty.usbmodem0006822145041: Writing: 156 bytearray(b"\x10\x00\x00\x003\xf5X\x15N\'\xa2\x9cW\x02\xb7\xcb\xee \x15\xdd")
2019-07-22 15:09:08,665 - DEBUG - tty.usbmodem0006822145041: TX: 159c1000000033f558154e27a29c5702b7cbee2015dd
2019-07-22 15:09:08,669 - DEBUG - tty.usbmodem0006822145041: RX: 05849c000800
2019-07-22 15:09:08,669 - DEBUG - tty.usbmodem0006822145041: parsed_packet {event: CmdRsp, data: {'opcode': 156, 'status': 0, 'data': bytearray(b'\x08\x00')}}
2019-07-22 15:09:08,669 - INFO - tty.usbmodem0006822145041: DevkeyAdd: {'devkey_handle': 8}
2019-07-22 15:09:08,675 - INFO - tty.usbmodem0006822145041: 

2019-07-22 15:09:08,676 - INFO - tty.usbmodem0006822145041: Sending next message
2019-07-22 15:09:12,677 - INFO - tty.usbmodem0006822145041: Timout handler timeout
2019-07-22 15:09:18,895 - ERROR - tty.usbmodem0006822145041: Address handle not valid
2019-07-22 15:09:24,587 - DEBUG - tty.usbmodem0006822145041.SimpleOnOffClient: Sending opcode: c15900, data: 0100
2019-07-22 15:09:24,588 - DEBUG - tty.usbmodem0006822145041: Writing: 171 bytearray(b'\x00\x00\x01\x00\x07\x00\x08\x00\x00\x00\xc1Y\x00\x01\x00')
2019-07-22 15:09:24,588 - DEBUG - tty.usbmodem0006822145041: TX: 10ab00000100070008000000c159000100
2019-07-22 15:09:24,592 - DEBUG - tty.usbmodem0006822145041: RX: 0784ab0001000000
2019-07-22 15:09:24,593 - DEBUG - tty.usbmodem0006822145041: parsed_packet {event: CmdRsp, data: {'opcode': 171, 'status': 0, 'data': bytearray(b'\x01\x00\x00\x00')}}
2019-07-22 15:09:24,596 - INFO - tty.usbmodem0006822145041: PacketSend: {'token': 1}
2019-07-22 15:09:24,614 - DEBUG - tty.usbmodem0006822145041: RX: 05d201000000
2019-07-22 15:09:24,614 - DEBUG - tty.usbmodem0006822145041: parsed_packet {event: MeshTxComplete, data: {'token': 1}}
2019-07-22 15:09:24,615 - INFO - tty.usbmodem0006822145041: {event: MeshTxComplete, data: {'token': 1}}
2019-07-22 15:09:41,874 - DEBUG - tty.usbmodem0006822145041.GenericOnOffClient: Sending opcode: 8202, data: 0100
2019-07-22 15:09:41,874 - DEBUG - tty.usbmodem0006822145041: Writing: 171 bytearray(b'\x00\x00\x01\x00\x07\x00\x08\x00\x00\x00\x82\x02\x01\x00')
2019-07-22 15:09:41,877 - DEBUG - tty.usbmodem0006822145041: TX: 0fab0000010007000800000082020100
2019-07-22 15:09:41,890 - DEBUG - tty.usbmodem0006822145041: RX: 0784ab0002000000
2019-07-22 15:09:41,890 - DEBUG - tty.usbmodem0006822145041: parsed_packet {event: CmdRsp, data: {'opcode': 171, 'status': 0, 'data': bytearray(b'\x02\x00\x00\x00')}}
2019-07-22 15:09:41,890 - INFO - tty.usbmodem0006822145041: PacketSend: {'token': 2}
2019-07-22 15:09:41,891 - DEBUG - tty.usbmodem0006822145041: RX: 05d202000000
2019-07-22 15:09:41,892 - DEBUG - tty.usbmodem0006822145041: parsed_packet {event: MeshTxComplete, data: {'token': 2}}
2019-07-22 15:09:41,893 - INFO - tty.usbmodem0006822145041: {event: MeshTxComplete, data: {'token': 2}}
2019-07-22 15:09:52,090 - DEBUG - tty.usbmodem0006822145041.SimpleOnOffClient: Sending opcode: c15900, data: 0001
2019-07-22 15:09:52,090 - DEBUG - tty.usbmodem0006822145041: Writing: 171 bytearray(b'\x00\x00\x01\x00\x07\x00\x08\x00\x00\x00\xc1Y\x00\x00\x01')
2019-07-22 15:09:52,095 - DEBUG - tty.usbmodem0006822145041: TX: 10ab00000100070008000000c159000001
2019-07-22 15:09:52,105 - DEBUG - tty.usbmodem0006822145041: RX: 0784ab0003000000
2019-07-22 15:09:52,106 - DEBUG - tty.usbmodem0006822145041: parsed_packet {event: CmdRsp, data: {'opcode': 171, 'status': 0, 'data': bytearray(b'\x03\x00\x00\x00')}}
2019-07-22 15:09:52,106 - INFO - tty.usbmodem0006822145041: PacketSend: {'token': 3}
2019-07-22 15:09:52,111 - DEBUG - tty.usbmodem0006822145041: RX: 05d203000000
2019-07-22 15:09:52,112 - DEBUG - tty.usbmodem0006822145041: parsed_packet {event: MeshTxComplete, data: {'token': 3}}
2019-07-22 15:09:52,113 - INFO - tty.usbmodem0006822145041: {event: MeshTxComplete, data: {'token': 3}}
2019-07-22 15:09:56,228 - DEBUG - tty.usbmodem0006822145041.GenericOnOffClient: Sending opcode: 8202, data: 0101
2019-07-22 15:09:56,228 - DEBUG - tty.usbmodem0006822145041: Writing: 171 bytearray(b'\x00\x00\x01\x00\x07\x00\x08\x00\x00\x00\x82\x02\x01\x01')
2019-07-22 15:09:56,228 - DEBUG - tty.usbmodem0006822145041: TX: 0fab0000010007000800000082020101
2019-07-22 15:09:56,243 - DEBUG - tty.usbmodem0006822145041: RX: 0784ab0004000000
2019-07-22 15:09:56,245 - DEBUG - tty.usbmodem0006822145041: parsed_packet {event: CmdRsp, data: {'opcode': 171, 'status': 0, 'data': bytearray(b'\x04\x00\x00\x00')}}
2019-07-22 15:09:56,245 - INFO - tty.usbmodem0006822145041: PacketSend: {'token': 4}
2019-07-22 15:09:56,248 - DEBUG - tty.usbmodem0006822145041: RX: 05d204000000
2019-07-22 15:09:56,249 - DEBUG - tty.usbmodem0006822145041: parsed_packet {event: MeshTxComplete, data: {'token': 4}}
2019-07-22 15:09:56,249 - INFO - tty.usbmodem0006822145041: {event: MeshTxComplete, data: {'token': 4}}
2019-07-22 15:10:09,859 - DEBUG - tty.usbmodem0006822145041.GenericOnOffClient: Sending opcode: 8202, data: 0102
2019-07-22 15:10:09,859 - DEBUG - tty.usbmodem0006822145041: Writing: 171 bytearray(b'\x00\x00\x01\x00\x07\x00\x08\x00\x00\x00\x82\x02\x01\x02')
2019-07-22 15:10:09,859 - DEBUG - tty.usbmodem0006822145041: TX: 0fab0000010007000800000082020102
2019-07-22 15:10:09,865 - DEBUG - tty.usbmodem0006822145041: RX: 0784ab0005000000
2019-07-22 15:10:09,868 - DEBUG - tty.usbmodem0006822145041: parsed_packet {event: CmdRsp, data: {'opcode': 171, 'status': 0, 'data': bytearray(b'\x05\x00\x00\x00')}}
2019-07-22 15:10:09,873 - INFO - tty.usbmodem0006822145041: PacketSend: {'token': 5}
2019-07-22 15:10:09,883 - DEBUG - tty.usbmodem0006822145041: RX: 05d205000000
2019-07-22 15:10:09,884 - DEBUG - tty.usbmodem0006822145041: parsed_packet {event: MeshTxComplete, data: {'token': 5}}
2019-07-22 15:10:09,884 - INFO - tty.usbmodem0006822145041: {event: MeshTxComplete, data: {'token': 5}}
2019-07-22 15:10:18,171 - DEBUG - tty.usbmodem0006822145041.GenericOnOffClient: Sending opcode: 8202, data: 0103
2019-07-22 15:10:18,172 - DEBUG - tty.usbmodem0006822145041: Writing: 171 bytearray(b'\x00\x00\x01\x00\x07\x00\x08\x00\x00\x00\x82\x02\x01\x03')
2019-07-22 15:10:18,172 - DEBUG - tty.usbmodem0006822145041: TX: 0fab0000010007000800000082020103
2019-07-22 15:10:18,187 - DEBUG - tty.usbmodem0006822145041: RX: 0784ab0006000000
2019-07-22 15:10:18,187 - DEBUG - tty.usbmodem0006822145041: parsed_packet {event: CmdRsp, data: {'opcode': 171, 'status': 0, 'data': bytearray(b'\x06\x00\x00\x00')}}
2019-07-22 15:10:18,187 - INFO - tty.usbmodem0006822145041: PacketSend: {'token': 6}
2019-07-22 15:10:18,191 - DEBUG - tty.usbmodem0006822145041: RX: 05d206000000
2019-07-22 15:10:18,192 - DEBUG - tty.usbmodem0006822145041: parsed_packet {event: MeshTxComplete, data: {'token': 6}}
2019-07-22 15:10:18,193 - INFO - tty.usbmodem0006822145041: {event: MeshTxComplete, data: {'token': 6}}
2019-07-22 15:10:41,470 - DEBUG - tty.usbmodem0006822145041.SimpleOnOffClient: Sending opcode: c15900, data: 0002
2019-07-22 15:10:41,471 - DEBUG - tty.usbmodem0006822145041: Writing: 171 bytearray(b'\x00\x00\x01\x00\x07\x00\x08\x00\x00\x00\xc1Y\x00\x00\x02')
2019-07-22 15:10:41,471 - DEBUG - tty.usbmodem0006822145041: TX: 10ab00000100070008000000c159000002
2019-07-22 15:10:41,486 - DEBUG - tty.usbmodem0006822145041: RX: 0784ab0007000000
2019-07-22 15:10:41,486 - DEBUG - tty.usbmodem0006822145041: parsed_packet {event: CmdRsp, data: {'opcode': 171, 'status': 0, 'data': bytearray(b'\x07\x00\x00\x00')}}
2019-07-22 15:10:41,487 - INFO - tty.usbmodem0006822145041: PacketSend: {'token': 7}
2019-07-22 15:10:41,496 - DEBUG - tty.usbmodem0006822145041: RX: 05d207000000
2019-07-22 15:10:41,497 - DEBUG - tty.usbmodem0006822145041: parsed_packet {event: MeshTxComplete, data: {'token': 7}}
2019-07-22 15:10:41,497 - INFO - tty.usbmodem0006822145041: {event: MeshTxComplete, data: {'token': 7}}
2019-07-22 15:10:44,795 - DEBUG - tty.usbmodem0006822145041.GenericOnOffClient: Sending opcode: 8202, data: 0104
2019-07-22 15:10:44,795 - DEBUG - tty.usbmodem0006822145041: Writing: 171 bytearray(b'\x00\x00\x01\x00\x07\x00\x08\x00\x00\x00\x82\x02\x01\x04')
2019-07-22 15:10:44,796 - DEBUG - tty.usbmodem0006822145041: TX: 0fab0000010007000800000082020104
2019-07-22 15:10:44,809 - DEBUG - tty.usbmodem0006822145041: RX: 0784ab0008000000
2019-07-22 15:10:44,815 - DEBUG - tty.usbmodem0006822145041: parsed_packet {event: CmdRsp, data: {'opcode': 171, 'status': 0, 'data': bytearray(b'\x08\x00\x00\x00')}}
2019-07-22 15:10:44,816 - INFO - tty.usbmodem0006822145041: PacketSend: {'token': 8}
2019-07-22 15:10:44,819 - DEBUG - tty.usbmodem0006822145041: RX: 05d208000000
2019-07-22 15:10:44,819 - DEBUG - tty.usbmodem0006822145041: parsed_packet {event: MeshTxComplete, data: {'token': 8}}
2019-07-22 15:10:44,819 - INFO - tty.usbmodem0006822145041: {event: MeshTxComplete, data: {'token': 8}}
2019-07-22 15:10:50,010 - DEBUG - tty.usbmodem0006822145041.SimpleOnOffClient: Sending opcode: c15900, data: 0103
2019-07-22 15:10:50,011 - DEBUG - tty.usbmodem0006822145041: Writing: 171 bytearray(b'\x00\x00\x01\x00\x07\x00\x08\x00\x00\x00\xc1Y\x00\x01\x03')
2019-07-22 15:10:50,015 - DEBUG - tty.usbmodem0006822145041: TX: 10ab00000100070008000000c159000103
2019-07-22 15:10:50,027 - DEBUG - tty.usbmodem0006822145041: RX: 0784ab0009000000
2019-07-22 15:10:50,028 - DEBUG - tty.usbmodem0006822145041: parsed_packet {event: CmdRsp, data: {'opcode': 171, 'status': 0, 'data': bytearray(b'\t\x00\x00\x00')}}
2019-07-22 15:10:50,028 - INFO - tty.usbmodem0006822145041: PacketSend: {'token': 9}
2019-07-22 15:10:50,035 - DEBUG - tty.usbmodem0006822145041: RX: 05d209000000
2019-07-22 15:10:50,035 - DEBUG - tty.usbmodem0006822145041: parsed_packet {event: MeshTxComplete, data: {'token': 9}}
2019-07-22 15:10:50,035 - INFO - tty.usbmodem0006822145041: {event: MeshTxComplete, data: {'token': 9}}
2019-07-22 15:10:55,716 - DEBUG - tty.usbmodem0006822145041.GenericOnOffClient: Sending opcode: 8202, data: 0105
2019-07-22 15:10:55,717 - DEBUG - tty.usbmodem0006822145041: Writing: 171 bytearray(b'\x00\x00\x01\x00\x07\x00\x08\x00\x00\x00\x82\x02\x01\x05')
2019-07-22 15:10:55,717 - DEBUG - tty.usbmodem0006822145041: TX: 0fab0000010007000800000082020105
2019-07-22 15:10:55,739 - DEBUG - tty.usbmodem0006822145041: RX: 0784ab000a000000
2019-07-22 15:10:55,739 - DEBUG - tty.usbmodem0006822145041: parsed_packet {event: CmdRsp, data: {'opcode': 171, 'status': 0, 'data': bytearray(b'\n\x00\x00\x00')}}
2019-07-22 15:10:55,739 - INFO - tty.usbmodem0006822145041: PacketSend: {'token': 10}
2019-07-22 15:10:55,745 - DEBUG - tty.usbmodem0006822145041: RX: 05d20a000000
2019-07-22 15:10:55,745 - DEBUG - tty.usbmodem0006822145041: parsed_packet {event: MeshTxComplete, data: {'token': 10}}
2019-07-22 15:10:55,746 - INFO - tty.usbmodem0006822145041: {event: MeshTxComplete, data: {'token': 10}}
2019-07-22 15:10:59,872 - DEBUG - tty.usbmodem0006822145041: exited read event
