2019-08-19 12:56:43,973 - INFO: 

2019-08-19 12:56:43,973 - DEBUG: Writing: 105 bytearray(b'\xea~\xc1\xed\x04\x80\x10&p\xf8\xc5\\f\xd3\x19l\xc1\xe5\x95\x03\x1b\xe5\x13\xff\x93w\x06\xcb4\xec\xd2\xf4\xbb\x7f(\x9bH\xafAi`s\xa7\x8d\x0cM%\x9axz\xb8\x83\\\xae\xd3p4"\xcdp\x17\xb2\xc2\xd1\xc5F\x875H\xdai\x0eo\n\xbe=\xe2gqV\xdf\xf6\xbf\xb0\x14ml\x0e\xfba\xef<\xcaz\xb18')
2019-08-19 12:56:43,973 - INFO: Sending next message
2019-08-19 12:56:43,973 - DEBUG: TX: 6169ea7ec1ed0480102670f8c55c66d3196cc1e595031be513ff937706cb34ecd2f4bb7f289b48af41696073a78d0c4d259a787ab8835caed3703422cd7017b2c2d1c546873548da690e6f0abe3de2677156dff6bfb0146d6c0efb61ef3cca7ab138
2019-08-19 12:56:43,984 - DEBUG: RX: 03845384
2019-08-19 12:56:43,984 - DEBUG: parsed_packet {event: CmdRsp, data: {'opcode': 83, 'status': 132, 'data': bytearray(b'')}}
2019-08-19 12:56:43,985 - ERROR: None: ERROR_INVALID_LENGTH
2019-08-19 12:56:43,985 - DEBUG: RX: 03840084
2019-08-19 12:56:43,985 - DEBUG: parsed_packet {event: CmdRsp, data: {'opcode': 0, 'status': 132, 'data': bytearray(b'')}}
2019-08-19 12:56:43,985 - ERROR: None: ERROR_INVALID_LENGTH
2019-08-19 12:56:43,986 - DEBUG: RX: 03840084
2019-08-19 12:56:43,986 - DEBUG: parsed_packet {event: CmdRsp, data: {'opcode': 0, 'status': 132, 'data': bytearray(b'')}}
2019-08-19 12:56:43,986 - ERROR: None: ERROR_INVALID_LENGTH
2019-08-19 12:56:43,986 - DEBUG: RX: 03840084
2019-08-19 12:56:43,987 - DEBUG: parsed_packet {event: CmdRsp, data: {'opcode': 0, 'status': 132, 'data': bytearray(b'')}}
2019-08-19 12:56:43,987 - ERROR: None: ERROR_INVALID_LENGTH
2019-08-19 12:56:43,987 - DEBUG: RX: 03840084
2019-08-19 12:56:43,987 - DEBUG: parsed_packet {event: CmdRsp, data: {'opcode': 0, 'status': 132, 'data': bytearray(b'')}}
2019-08-19 12:56:43,987 - ERROR: None: ERROR_INVALID_LENGTH
2019-08-19 12:56:43,988 - DEBUG: RX: 03840084
2019-08-19 12:56:43,988 - DEBUG: parsed_packet {event: CmdRsp, data: {'opcode': 0, 'status': 132, 'data': bytearray(b'')}}
2019-08-19 12:56:43,988 - ERROR: None: ERROR_INVALID_LENGTH
2019-08-19 12:56:43,988 - DEBUG: RX: 03840084
2019-08-19 12:56:43,988 - DEBUG: parsed_packet {event: CmdRsp, data: {'opcode': 0, 'status': 132, 'data': bytearray(b'')}}
2019-08-19 12:56:43,989 - ERROR: None: ERROR_INVALID_LENGTH
2019-08-19 12:56:43,989 - DEBUG: RX: 03840084
2019-08-19 12:56:43,989 - DEBUG: parsed_packet {event: CmdRsp, data: {'opcode': 0, 'status': 132, 'data': bytearray(b'')}}
2019-08-19 12:56:43,989 - ERROR: None: ERROR_INVALID_LENGTH
2019-08-19 12:56:43,989 - DEBUG: RX: 03840084
2019-08-19 12:56:43,989 - DEBUG: parsed_packet {event: CmdRsp, data: {'opcode': 0, 'status': 132, 'data': bytearray(b'')}}
2019-08-19 12:56:43,990 - ERROR: None: ERROR_INVALID_LENGTH
2019-08-19 12:56:43,990 - DEBUG: RX: 03840084
2019-08-19 12:56:43,990 - DEBUG: parsed_packet {event: CmdRsp, data: {'opcode': 0, 'status': 132, 'data': bytearray(b'')}}
2019-08-19 12:56:43,990 - ERROR: None: ERROR_INVALID_LENGTH
2019-08-19 12:56:43,990 - DEBUG: RX: 03840084
2019-08-19 12:56:43,990 - DEBUG: parsed_packet {event: CmdRsp, data: {'opcode': 0, 'status': 132, 'data': bytearray(b'')}}
2019-08-19 12:56:43,991 - ERROR: None: ERROR_INVALID_LENGTH
2019-08-19 12:56:43,991 - DEBUG: RX: 03840084
2019-08-19 12:56:43,991 - DEBUG: parsed_packet {event: CmdRsp, data: {'opcode': 0, 'status': 132, 'data': bytearray(b'')}}
2019-08-19 12:56:43,991 - ERROR: None: ERROR_INVALID_LENGTH
2019-08-19 12:56:43,991 - DEBUG: RX: 03840084
2019-08-19 12:56:43,991 - DEBUG: parsed_packet {event: CmdRsp, data: {'opcode': 0, 'status': 132, 'data': bytearray(b'')}}
2019-08-19 12:56:43,992 - ERROR: None: ERROR_INVALID_LENGTH
2019-08-19 12:56:44,009 - DEBUG: Writing: 159 bytearray(b'\x01\x00\x01\x00')
2019-08-19 12:56:44,009 - DEBUG: TX: 059f01000100
2019-08-19 12:56:44,011 - DEBUG: RX: 03849f8e
2019-08-19 12:56:44,011 - DEBUG: parsed_packet {event: CmdRsp, data: {'opcode': 159, 'status': 142, 'data': bytearray(b'')}}
2019-08-19 12:56:44,011 - ERROR: None: ERROR_REJECTED
2019-08-19 12:56:44,033 - DEBUG: Writing: 146 bytearray(b'\x00\x00\x18\xee\xd9\xc2\xa5j\xdd\x85\x04\x9f\xfc<Y\xad\x0e\x12')
2019-08-19 12:56:44,034 - DEBUG: TX: 1392000018eed9c2a56add85049ffc3c59ad0e12
2019-08-19 12:56:44,037 - DEBUG: RX: 03849281
2019-08-19 12:56:44,037 - DEBUG: parsed_packet {event: CmdRsp, data: {'opcode': 146, 'status': 129, 'data': bytearray(b'')}}
2019-08-19 12:56:44,037 - ERROR: SubnetAdd: ERROR_INTERNAL
2019-08-19 12:56:44,055 - DEBUG: Writing: 151 bytearray(b'\x00\x00\x00\x00Oh\xad\x85\xd9\xf4\x8a\xc8X\x9d\xf6e\xb6\xb4\x9b\x8a')
2019-08-19 12:56:44,055 - DEBUG: TX: 1597000000004f68ad85d9f48ac8589df665b6b49b8a
2019-08-19 12:56:44,058 - DEBUG: RX: 03849781
2019-08-19 12:56:44,058 - DEBUG: parsed_packet {event: CmdRsp, data: {'opcode': 151, 'status': 129, 'data': bytearray(b'')}}
2019-08-19 12:56:44,058 - ERROR: AppkeyAdd: ERROR_INTERNAL
2019-08-19 12:56:44,080 - DEBUG: Writing: 151 bytearray(b'\x01\x00\x00\x00*\xa2\xa6\xde\xd5\xa0y\x8c\xea\xb5x|\xa3\xae9\xfc')
2019-08-19 12:56:44,080 - DEBUG: TX: 1597010000002aa2a6ded5a0798ceab5787ca3ae39fc
2019-08-19 12:56:44,083 - DEBUG: RX: 03849781
2019-08-19 12:56:44,083 - DEBUG: parsed_packet {event: CmdRsp, data: {'opcode': 151, 'status': 129, 'data': bytearray(b'')}}
2019-08-19 12:56:44,083 - ERROR: AppkeyAdd: ERROR_INTERNAL
2019-08-19 12:56:44,103 - DEBUG: Writing: 159 bytearray(b'\x01\x00\x01\x00')
2019-08-19 12:56:44,103 - DEBUG: TX: 059f01000100
2019-08-19 12:56:44,105 - DEBUG: RX: 03849f8e
2019-08-19 12:56:44,105 - DEBUG: parsed_packet {event: CmdRsp, data: {'opcode': 159, 'status': 142, 'data': bytearray(b'')}}
2019-08-19 12:56:44,106 - ERROR: None: ERROR_REJECTED
2019-08-19 12:56:44,126 - DEBUG: Writing: 146 bytearray(b'\x00\x00\x18\xee\xd9\xc2\xa5j\xdd\x85\x04\x9f\xfc<Y\xad\x0e\x12')
2019-08-19 12:56:44,126 - DEBUG: TX: 1392000018eed9c2a56add85049ffc3c59ad0e12
2019-08-19 12:56:44,130 - DEBUG: RX: 03849281
2019-08-19 12:56:44,131 - DEBUG: parsed_packet {event: CmdRsp, data: {'opcode': 146, 'status': 129, 'data': bytearray(b'')}}
2019-08-19 12:56:44,131 - ERROR: SubnetAdd: ERROR_INTERNAL
2019-08-19 12:56:44,152 - DEBUG: Writing: 151 bytearray(b'\x00\x00\x00\x00Oh\xad\x85\xd9\xf4\x8a\xc8X\x9d\xf6e\xb6\xb4\x9b\x8a')
2019-08-19 12:56:44,152 - DEBUG: TX: 1597000000004f68ad85d9f48ac8589df665b6b49b8a
2019-08-19 12:56:44,156 - DEBUG: RX: 03849781
2019-08-19 12:56:44,156 - DEBUG: parsed_packet {event: CmdRsp, data: {'opcode': 151, 'status': 129, 'data': bytearray(b'')}}
2019-08-19 12:56:44,157 - ERROR: AppkeyAdd: ERROR_INTERNAL
2019-08-19 12:56:44,175 - DEBUG: Writing: 151 bytearray(b'\x01\x00\x00\x00*\xa2\xa6\xde\xd5\xa0y\x8c\xea\xb5x|\xa3\xae9\xfc')
2019-08-19 12:56:44,176 - DEBUG: TX: 1597010000002aa2a6ded5a0798ceab5787ca3ae39fc
2019-08-19 12:56:44,180 - DEBUG: RX: 03849781
2019-08-19 12:56:44,180 - DEBUG: parsed_packet {event: CmdRsp, data: {'opcode': 151, 'status': 129, 'data': bytearray(b'')}}
2019-08-19 12:56:44,181 - ERROR: AppkeyAdd: ERROR_INTERNAL
2019-08-19 12:56:44,201 - DEBUG: Writing: 161 bytearray(b'\x01\xc0')
2019-08-19 12:56:44,202 - DEBUG: TX: 03a101c0
2019-08-19 12:56:44,204 - DEBUG: RX: 0584a1000100
2019-08-19 12:56:44,205 - DEBUG: parsed_packet {event: CmdRsp, data: {'opcode': 161, 'status': 0, 'data': bytearray(b'\x01\x00')}}
2019-08-19 12:56:44,206 - INFO: AddrSubscriptionAdd: {'address_handle': 1}
2019-08-19 12:56:44,206 - INFO: 

2019-08-19 12:56:44,207 - INFO: Sending next message
2019-08-19 12:56:44,224 - DEBUG: Writing: 164 bytearray(b'\x10\x00')
2019-08-19 12:56:44,224 - DEBUG: TX: 03a41000
2019-08-19 12:56:44,230 - DEBUG: RX: 0584a4000000
2019-08-19 12:56:44,234 - DEBUG: parsed_packet {event: CmdRsp, data: {'opcode': 164, 'status': 0, 'data': bytearray(b'\x00\x00')}}
2019-08-19 12:56:44,235 - INFO: AddrPublicationAdd: {'address_handle': 0}
2019-08-19 12:56:44,235 - INFO: 

2019-08-19 12:56:44,235 - INFO: Sending next message
2019-08-19 12:56:44,249 - DEBUG: Writing: 164 bytearray(b'\x11\x00')
2019-08-19 12:56:44,249 - DEBUG: TX: 03a41100
2019-08-19 12:56:44,252 - DEBUG: RX: 0584a4000200
2019-08-19 12:56:44,253 - DEBUG: parsed_packet {event: CmdRsp, data: {'opcode': 164, 'status': 0, 'data': bytearray(b'\x02\x00')}}
2019-08-19 12:56:44,253 - INFO: AddrPublicationAdd: {'address_handle': 2}
2019-08-19 12:56:44,253 - INFO: 

2019-08-19 12:56:44,253 - INFO: Sending next message
2019-08-19 12:56:44,274 - DEBUG: Writing: 164 bytearray(b'\x12\x00')
2019-08-19 12:56:44,275 - DEBUG: TX: 03a41200
2019-08-19 12:56:44,279 - DEBUG: RX: 0584a4000300
2019-08-19 12:56:44,280 - DEBUG: parsed_packet {event: CmdRsp, data: {'opcode': 164, 'status': 0, 'data': bytearray(b'\x03\x00')}}
2019-08-19 12:56:44,280 - INFO: AddrPublicationAdd: {'address_handle': 3}
2019-08-19 12:56:44,281 - INFO: 

2019-08-19 12:56:44,281 - INFO: Sending next message
2019-08-19 12:56:44,301 - DEBUG: Writing: 164 bytearray(b'\x13\x00')
2019-08-19 12:56:44,302 - DEBUG: TX: 03a41300
2019-08-19 12:56:44,304 - DEBUG: RX: 0584a4000400
2019-08-19 12:56:44,304 - DEBUG: parsed_packet {event: CmdRsp, data: {'opcode': 164, 'status': 0, 'data': bytearray(b'\x04\x00')}}
2019-08-19 12:56:44,304 - INFO: AddrPublicationAdd: {'address_handle': 4}
2019-08-19 12:56:44,305 - INFO: 

2019-08-19 12:56:44,305 - INFO: Sending next message
2019-08-19 12:56:44,325 - DEBUG: Writing: 164 bytearray(b'\x14\x00')
2019-08-19 12:56:44,325 - DEBUG: TX: 03a41400
2019-08-19 12:56:44,327 - DEBUG: RX: 0584a4000500
2019-08-19 12:56:44,327 - DEBUG: parsed_packet {event: CmdRsp, data: {'opcode': 164, 'status': 0, 'data': bytearray(b'\x05\x00')}}
2019-08-19 12:56:44,327 - INFO: AddrPublicationAdd: {'address_handle': 5}
2019-08-19 12:56:44,327 - INFO: 

2019-08-19 12:56:44,327 - INFO: Sending next message
2019-08-19 12:56:44,347 - DEBUG: Writing: 164 bytearray(b'\x15\x00')
2019-08-19 12:56:44,348 - DEBUG: TX: 03a41500
2019-08-19 12:56:44,350 - DEBUG: RX: 0584a4000600
2019-08-19 12:56:44,350 - DEBUG: parsed_packet {event: CmdRsp, data: {'opcode': 164, 'status': 0, 'data': bytearray(b'\x06\x00')}}
2019-08-19 12:56:44,350 - INFO: AddrPublicationAdd: {'address_handle': 6}
2019-08-19 12:56:44,351 - INFO: 

2019-08-19 12:56:44,351 - INFO: Sending next message
2019-08-19 12:56:44,406 - DEBUG: Writing: 164 bytearray(b'\x16\x00')
2019-08-19 12:56:44,407 - DEBUG: TX: 03a41600
2019-08-19 12:56:44,414 - DEBUG: RX: 0584a4000700
2019-08-19 12:56:44,414 - DEBUG: parsed_packet {event: CmdRsp, data: {'opcode': 164, 'status': 0, 'data': bytearray(b'\x07\x00')}}
2019-08-19 12:56:44,414 - INFO: AddrPublicationAdd: {'address_handle': 7}
2019-08-19 12:56:44,417 - INFO: 

2019-08-19 12:56:44,417 - INFO: Sending next message
2019-08-19 12:56:44,432 - DEBUG: Writing: 164 bytearray(b'\x17\x00')
2019-08-19 12:56:44,433 - DEBUG: TX: 03a41700
2019-08-19 12:56:44,437 - DEBUG: RX: 0584a4000800
2019-08-19 12:56:44,439 - DEBUG: parsed_packet {event: CmdRsp, data: {'opcode': 164, 'status': 0, 'data': bytearray(b'\x08\x00')}}
2019-08-19 12:56:44,441 - INFO: AddrPublicationAdd: {'address_handle': 8}
2019-08-19 12:56:44,442 - INFO: 

2019-08-19 12:56:44,443 - INFO: Sending next message
2019-08-19 12:56:44,456 - DEBUG: Writing: 97 bytearray(b'')
2019-08-19 12:56:44,456 - DEBUG: TX: 0161
2019-08-19 12:56:44,459 - DEBUG: RX: 03846100
2019-08-19 12:56:44,460 - DEBUG: parsed_packet {event: CmdRsp, data: {'opcode': 97, 'status': 0, 'data': bytearray(b'')}}
2019-08-19 12:56:44,460 - INFO: Success
2019-08-19 12:56:44,481 - DEBUG: Writing: 164 bytearray(b'\x18\x00')
2019-08-19 12:56:44,481 - DEBUG: TX: 03a41800
2019-08-19 12:56:44,484 - DEBUG: RX: 0584a4000900
2019-08-19 12:56:44,484 - DEBUG: parsed_packet {event: CmdRsp, data: {'opcode': 164, 'status': 0, 'data': bytearray(b'\t\x00')}}
2019-08-19 12:56:44,485 - INFO: AddrPublicationAdd: {'address_handle': 9}
2019-08-19 12:56:44,485 - INFO: 

2019-08-19 12:56:44,486 - INFO: Sending next message
2019-08-19 12:56:44,505 - DEBUG: Writing: 164 bytearray(b'\x19\x00')
2019-08-19 12:56:44,506 - DEBUG: TX: 03a41900
2019-08-19 12:56:44,509 - DEBUG: RX: 0584a4000a00
2019-08-19 12:56:44,510 - DEBUG: parsed_packet {event: CmdRsp, data: {'opcode': 164, 'status': 0, 'data': bytearray(b'\n\x00')}}
2019-08-19 12:56:44,512 - INFO: AddrPublicationAdd: {'address_handle': 10}
2019-08-19 12:56:44,513 - INFO: 

2019-08-19 12:56:44,513 - INFO: Sending next message
2019-08-19 12:56:44,532 - DEBUG: Writing: 164 bytearray(b'\x1a\x00')
2019-08-19 12:56:44,532 - DEBUG: TX: 03a41a00
2019-08-19 12:56:44,535 - DEBUG: RX: 0584a4000b00
2019-08-19 12:56:44,536 - DEBUG: parsed_packet {event: CmdRsp, data: {'opcode': 164, 'status': 0, 'data': bytearray(b'\x0b\x00')}}
2019-08-19 12:56:44,537 - INFO: AddrPublicationAdd: {'address_handle': 11}
2019-08-19 12:56:44,538 - INFO: 

2019-08-19 12:56:44,538 - INFO: Sending next message
2019-08-19 12:56:44,558 - DEBUG: Writing: 164 bytearray(b'\x1b\x00')
2019-08-19 12:56:44,559 - DEBUG: TX: 03a41b00
2019-08-19 12:56:44,562 - DEBUG: RX: 0584a4000c00
2019-08-19 12:56:44,565 - DEBUG: parsed_packet {event: CmdRsp, data: {'opcode': 164, 'status': 0, 'data': bytearray(b'\x0c\x00')}}
2019-08-19 12:56:44,566 - INFO: AddrPublicationAdd: {'address_handle': 12}
2019-08-19 12:56:44,567 - INFO: 

2019-08-19 12:56:44,568 - INFO: Sending next message
2019-08-19 12:56:44,581 - DEBUG: Writing: 164 bytearray(b'\x1c\x00')
2019-08-19 12:56:44,582 - DEBUG: TX: 03a41c00
2019-08-19 12:56:44,585 - DEBUG: RX: 0584a4000d00
2019-08-19 12:56:44,587 - DEBUG: parsed_packet {event: CmdRsp, data: {'opcode': 164, 'status': 0, 'data': bytearray(b'\r\x00')}}
2019-08-19 12:56:44,587 - INFO: AddrPublicationAdd: {'address_handle': 13}
2019-08-19 12:56:44,589 - INFO: 

2019-08-19 12:56:44,590 - INFO: Sending next message
2019-08-19 12:56:44,608 - DEBUG: Writing: 164 bytearray(b'\x1d\x00')
2019-08-19 12:56:44,608 - DEBUG: TX: 03a41d00
2019-08-19 12:56:44,611 - DEBUG: RX: 0584a4000e00
2019-08-19 12:56:44,611 - DEBUG: parsed_packet {event: CmdRsp, data: {'opcode': 164, 'status': 0, 'data': bytearray(b'\x0e\x00')}}
2019-08-19 12:56:44,611 - INFO: AddrPublicationAdd: {'address_handle': 14}
2019-08-19 12:56:44,612 - INFO: 

2019-08-19 12:56:44,612 - INFO: Sending next message
2019-08-19 12:56:44,633 - DEBUG: Writing: 156 bytearray(b'\x10\x00\x00\x00.8\x82\xa6\xd0+\xde\x1a\x87)\x82\rI\\)\x1e')
2019-08-19 12:56:44,633 - DEBUG: TX: 159c100000002e3882a6d02bde1a8729820d495c291e
2019-08-19 12:56:44,637 - DEBUG: RX: 03849c8e
2019-08-19 12:56:44,637 - DEBUG: parsed_packet {event: CmdRsp, data: {'opcode': 156, 'status': 142, 'data': bytearray(b'')}}
2019-08-19 12:56:44,637 - ERROR: DevkeyAdd: ERROR_REJECTED
2019-08-19 12:56:48,616 - INFO: Timout handler timeout
2019-08-19 12:56:50,072 - DEBUG: Sending opcode: c15900, data: 0104
2019-08-19 12:56:50,091 - DEBUG: Sending opcode: c15900, data: 0005
2019-08-19 12:56:50,136 - DEBUG: Writing: 171 bytearray(b'\x00\x00\x01\x00\x04\x00\x08\x00\x00\x00\xc1Y\x00\x01\x04')
2019-08-19 12:56:50,137 - DEBUG: TX: 10ab00000100040008000000c159000104
2019-08-19 12:56:50,148 - DEBUG: RX: 0784ab005b000000
2019-08-19 12:56:50,148 - DEBUG: parsed_packet {event: CmdRsp, data: {'opcode': 171, 'status': 0, 'data': bytearray(b'[\x00\x00\x00')}}
2019-08-19 12:56:50,151 - INFO: PacketSend: {'token': 91}
2019-08-19 12:56:50,153 - DEBUG: RX: 05d25b000000
2019-08-19 12:56:50,153 - DEBUG: parsed_packet {event: MeshTxComplete, data: {'token': 91}}
2019-08-19 12:56:50,154 - INFO: {event: MeshTxComplete, data: {'token': 91}}
2019-08-19 12:56:50,164 - DEBUG: Writing: 171 bytearray(b'\x00\x00\x01\x00\x05\x00\x08\x00\x00\x00\xc1Y\x00\x00\x05')
2019-08-19 12:56:50,169 - DEBUG: TX: 10ab00000100050008000000c159000005
2019-08-19 12:56:50,179 - DEBUG: RX: 0784ab005c000000
2019-08-19 12:56:50,180 - DEBUG: parsed_packet {event: CmdRsp, data: {'opcode': 171, 'status': 0, 'data': bytearray(b'\\\x00\x00\x00')}}
2019-08-19 12:56:50,183 - INFO: PacketSend: {'token': 92}
2019-08-19 12:56:50,184 - DEBUG: RX: 05d25c000000
2019-08-19 12:56:50,184 - DEBUG: parsed_packet {event: MeshTxComplete, data: {'token': 92}}
2019-08-19 12:56:50,185 - INFO: {event: MeshTxComplete, data: {'token': 92}}
2019-08-19 12:56:51,081 - DEBUG: Sending opcode: 8201, data: 
2019-08-19 12:56:51,090 - DEBUG: Writing: 171 bytearray(b'\x00\x00\x01\x00\x04\x00\x08\x00\x00\x00\x82\x01')
2019-08-19 12:56:51,096 - DEBUG: TX: 0dab000001000400080000008201
2019-08-19 12:56:51,108 - DEBUG: RX: 0784ab005d000000
2019-08-19 12:56:51,108 - DEBUG: parsed_packet {event: CmdRsp, data: {'opcode': 171, 'status': 0, 'data': bytearray(b']\x00\x00\x00')}}
2019-08-19 12:56:51,109 - INFO: PacketSend: {'token': 93}
2019-08-19 12:56:51,144 - DEBUG: RX: 05d25d000000
2019-08-19 12:56:51,145 - DEBUG: parsed_packet {event: MeshTxComplete, data: {'token': 93}}
2019-08-19 12:56:51,145 - INFO: {event: MeshTxComplete, data: {'token': 93}}
2019-08-19 12:56:58,573 - DEBUG: Sending opcode: 8201, data: 
2019-08-19 12:56:58,580 - DEBUG: Sending opcode: 8202, data: 0105
2019-08-19 12:56:58,585 - DEBUG: Writing: 171 bytearray(b'\x00\x00\x01\x00\x04\x00\x08\x00\x00\x00\x82\x01')
2019-08-19 12:56:58,586 - DEBUG: TX: 0dab000001000400080000008201
2019-08-19 12:56:58,608 - DEBUG: RX: 0784ab005e000000
2019-08-19 12:56:58,609 - DEBUG: parsed_packet {event: CmdRsp, data: {'opcode': 171, 'status': 0, 'data': bytearray(b'^\x00\x00\x00')}}
2019-08-19 12:56:58,609 - INFO: PacketSend: {'token': 94}
2019-08-19 12:56:58,610 - DEBUG: RX: 05d25e000000
2019-08-19 12:56:58,611 - DEBUG: parsed_packet {event: MeshTxComplete, data: {'token': 94}}
2019-08-19 12:56:58,612 - INFO: {event: MeshTxComplete, data: {'token': 94}}
2019-08-19 12:56:58,614 - DEBUG: Writing: 171 bytearray(b'\x00\x00\x01\x00\x05\x00\x08\x00\x00\x00\x82\x02\x01\x05')
2019-08-19 12:56:58,614 - DEBUG: TX: 0fab0000010005000800000082020105
2019-08-19 12:56:58,620 - DEBUG: RX: 0784ab005f000000
2019-08-19 12:56:58,622 - DEBUG: parsed_packet {event: CmdRsp, data: {'opcode': 171, 'status': 0, 'data': bytearray(b'_\x00\x00\x00')}}
2019-08-19 12:56:58,622 - INFO: PacketSend: {'token': 95}
2019-08-19 12:56:58,628 - DEBUG: RX: 05d25f000000
2019-08-19 12:56:58,628 - DEBUG: parsed_packet {event: MeshTxComplete, data: {'token': 95}}
2019-08-19 12:56:58,629 - INFO: {event: MeshTxComplete, data: {'token': 95}}
2019-08-19 12:56:58,888 - INFO: Set ACK 5 Timedout
2019-08-19 12:56:58,889 - DEBUG: Sending opcode: 8202, data: 0106
2019-08-19 12:56:58,889 - DEBUG: Writing: 171 bytearray(b'\x00\x00\x01\x00\x05\x00\x08\x00\x00\x00\x82\x02\x01\x06')
2019-08-19 12:56:58,889 - DEBUG: TX: 0fab0000010005000800000082020106
2019-08-19 12:56:58,889 - INFO: Resending SET 5 attempts: 1
2019-08-19 12:56:58,893 - DEBUG: RX: 0784ab0060000000
2019-08-19 12:56:58,893 - DEBUG: parsed_packet {event: CmdRsp, data: {'opcode': 171, 'status': 0, 'data': bytearray(b'`\x00\x00\x00')}}
2019-08-19 12:56:58,894 - INFO: PacketSend: {'token': 96}
2019-08-19 12:56:58,901 - DEBUG: RX: 05d260000000
2019-08-19 12:56:58,901 - DEBUG: parsed_packet {event: MeshTxComplete, data: {'token': 96}}
2019-08-19 12:56:58,902 - INFO: {event: MeshTxComplete, data: {'token': 96}}
2019-08-19 12:56:59,494 - INFO: Set ACK 5 Timedout
2019-08-19 12:56:59,495 - DEBUG: Sending opcode: 8202, data: 0107
2019-08-19 12:56:59,499 - DEBUG: Writing: 171 bytearray(b'\x00\x00\x01\x00\x05\x00\x08\x00\x00\x00\x82\x02\x01\x07')
2019-08-19 12:56:59,500 - DEBUG: TX: 0fab0000010005000800000082020107
2019-08-19 12:56:59,499 - INFO: Resending SET 5 attempts: 2
2019-08-19 12:56:59,503 - DEBUG: RX: 0784ab0061000000
2019-08-19 12:56:59,504 - DEBUG: parsed_packet {event: CmdRsp, data: {'opcode': 171, 'status': 0, 'data': bytearray(b'a\x00\x00\x00')}}
2019-08-19 12:56:59,504 - INFO: PacketSend: {'token': 97}
2019-08-19 12:56:59,516 - DEBUG: RX: 05d261000000
2019-08-19 12:56:59,519 - DEBUG: parsed_packet {event: MeshTxComplete, data: {'token': 97}}
2019-08-19 12:56:59,520 - INFO: {event: MeshTxComplete, data: {'token': 97}}
2019-08-19 12:57:00,402 - INFO: Set ACK 5 Timedout
2019-08-19 12:57:00,402 - DEBUG: Sending opcode: 8202, data: 0108
2019-08-19 12:57:00,403 - DEBUG: Writing: 171 bytearray(b'\x00\x00\x01\x00\x05\x00\x08\x00\x00\x00\x82\x02\x01\x08')
2019-08-19 12:57:00,403 - INFO: Resending SET 5 attempts: 3
2019-08-19 12:57:00,403 - DEBUG: TX: 0fab0000010005000800000082020108
2019-08-19 12:57:00,407 - DEBUG: RX: 0784ab0062000000
2019-08-19 12:57:00,408 - DEBUG: parsed_packet {event: CmdRsp, data: {'opcode': 171, 'status': 0, 'data': bytearray(b'b\x00\x00\x00')}}
2019-08-19 12:57:00,409 - INFO: PacketSend: {'token': 98}
2019-08-19 12:57:00,418 - DEBUG: RX: 05d262000000
2019-08-19 12:57:00,419 - DEBUG: parsed_packet {event: MeshTxComplete, data: {'token': 98}}
2019-08-19 12:57:00,419 - INFO: {event: MeshTxComplete, data: {'token': 98}}
2019-08-19 12:57:01,607 - INFO: Set ACK 5 Timedout
2019-08-19 12:57:01,608 - DEBUG: Sending opcode: 8202, data: 0109
2019-08-19 12:57:01,608 - DEBUG: Writing: 171 bytearray(b'\x00\x00\x01\x00\x05\x00\x08\x00\x00\x00\x82\x02\x01\t')
2019-08-19 12:57:01,609 - INFO: Resending SET 5 attempts: 4
2019-08-19 12:57:01,609 - DEBUG: TX: 0fab0000010005000800000082020109
2019-08-19 12:57:01,613 - DEBUG: RX: 0784ab0063000000
2019-08-19 12:57:01,613 - DEBUG: parsed_packet {event: CmdRsp, data: {'opcode': 171, 'status': 0, 'data': bytearray(b'c\x00\x00\x00')}}
2019-08-19 12:57:01,614 - INFO: PacketSend: {'token': 99}
2019-08-19 12:57:01,615 - DEBUG: RX: 05d263000000
2019-08-19 12:57:01,615 - DEBUG: parsed_packet {event: MeshTxComplete, data: {'token': 99}}
2019-08-19 12:57:01,615 - INFO: {event: MeshTxComplete, data: {'token': 99}}
2019-08-19 12:57:03,110 - INFO: Set ACK 5 Timedout
2019-08-19 12:57:03,110 - DEBUG: Sending opcode: 8202, data: 010a
2019-08-19 12:57:03,111 - DEBUG: Writing: 171 bytearray(b'\x00\x00\x01\x00\x05\x00\x08\x00\x00\x00\x82\x02\x01\n')
2019-08-19 12:57:03,112 - DEBUG: TX: 0fab000001000500080000008202010a
2019-08-19 12:57:03,113 - INFO: Resending SET 5 attempts: 5
2019-08-19 12:57:03,117 - DEBUG: RX: 0784ab0064000000
2019-08-19 12:57:03,117 - DEBUG: parsed_packet {event: CmdRsp, data: {'opcode': 171, 'status': 0, 'data': bytearray(b'd\x00\x00\x00')}}
2019-08-19 12:57:03,117 - INFO: PacketSend: {'token': 100}
2019-08-19 12:57:03,134 - DEBUG: RX: 05d264000000
2019-08-19 12:57:03,135 - DEBUG: parsed_packet {event: MeshTxComplete, data: {'token': 100}}
2019-08-19 12:57:03,135 - INFO: {event: MeshTxComplete, data: {'token': 100}}
2019-08-19 12:57:04,914 - INFO: Set ACK 5 Timedout
2019-08-19 12:57:04,914 - DEBUG: Sending opcode: 8202, data: 010b
2019-08-19 12:57:04,915 - DEBUG: Writing: 171 bytearray(b'\x00\x00\x01\x00\x05\x00\x08\x00\x00\x00\x82\x02\x01\x0b')
2019-08-19 12:57:04,915 - DEBUG: TX: 0fab000001000500080000008202010b
2019-08-19 12:57:04,915 - INFO: Resending SET 5 attempts: 6
2019-08-19 12:57:04,919 - DEBUG: RX: 0784ab0065000000
2019-08-19 12:57:04,920 - DEBUG: parsed_packet {event: CmdRsp, data: {'opcode': 171, 'status': 0, 'data': bytearray(b'e\x00\x00\x00')}}
2019-08-19 12:57:04,920 - INFO: PacketSend: {'token': 101}
2019-08-19 12:57:04,934 - DEBUG: RX: 05d265000000
2019-08-19 12:57:04,935 - DEBUG: parsed_packet {event: MeshTxComplete, data: {'token': 101}}
2019-08-19 12:57:04,935 - INFO: {event: MeshTxComplete, data: {'token': 101}}
2019-08-19 12:57:07,020 - INFO: Set ACK 5 Timedout
2019-08-19 12:57:07,022 - DEBUG: Sending opcode: 8202, data: 010c
2019-08-19 12:57:07,023 - DEBUG: Writing: 171 bytearray(b'\x00\x00\x01\x00\x05\x00\x08\x00\x00\x00\x82\x02\x01\x0c')
2019-08-19 12:57:07,024 - INFO: Resending SET 5 attempts: 7
2019-08-19 12:57:07,024 - DEBUG: TX: 0fab000001000500080000008202010c
2019-08-19 12:57:07,028 - DEBUG: RX: 0784ab0066000000
2019-08-19 12:57:07,028 - DEBUG: parsed_packet {event: CmdRsp, data: {'opcode': 171, 'status': 0, 'data': bytearray(b'f\x00\x00\x00')}}
2019-08-19 12:57:07,028 - INFO: PacketSend: {'token': 102}
2019-08-19 12:57:07,038 - DEBUG: RX: 05d266000000
2019-08-19 12:57:07,039 - DEBUG: parsed_packet {event: MeshTxComplete, data: {'token': 102}}
2019-08-19 12:57:07,039 - INFO: {event: MeshTxComplete, data: {'token': 102}}
2019-08-19 12:57:09,429 - INFO: Set ACK 5 Timedout
2019-08-19 12:57:09,429 - DEBUG: Sending opcode: 8202, data: 010d
2019-08-19 12:57:09,431 - DEBUG: Writing: 171 bytearray(b'\x00\x00\x01\x00\x05\x00\x08\x00\x00\x00\x82\x02\x01\r')
2019-08-19 12:57:09,431 - INFO: Resending SET 5 attempts: 8
2019-08-19 12:57:09,432 - DEBUG: TX: 0fab000001000500080000008202010d
2019-08-19 12:57:09,436 - DEBUG: RX: 0784ab0067000000
2019-08-19 12:57:09,436 - DEBUG: parsed_packet {event: CmdRsp, data: {'opcode': 171, 'status': 0, 'data': bytearray(b'g\x00\x00\x00')}}
2019-08-19 12:57:09,437 - INFO: PacketSend: {'token': 103}
2019-08-19 12:57:09,445 - DEBUG: RX: 05d267000000
2019-08-19 12:57:09,446 - DEBUG: parsed_packet {event: MeshTxComplete, data: {'token': 103}}
2019-08-19 12:57:09,446 - INFO: {event: MeshTxComplete, data: {'token': 103}}
2019-08-19 12:57:12,136 - INFO: Set ACK 5 Timedout
2019-08-19 12:57:12,136 - DEBUG: Sending opcode: 8202, data: 010e
2019-08-19 12:57:12,136 - DEBUG: Writing: 171 bytearray(b'\x00\x00\x01\x00\x05\x00\x08\x00\x00\x00\x82\x02\x01\x0e')
2019-08-19 12:57:12,137 - INFO: Resending SET 5 attempts: 9
2019-08-19 12:57:12,137 - DEBUG: TX: 0fab000001000500080000008202010e
2019-08-19 12:57:12,141 - DEBUG: RX: 0784ab0068000000
2019-08-19 12:57:12,141 - DEBUG: parsed_packet {event: CmdRsp, data: {'opcode': 171, 'status': 0, 'data': bytearray(b'h\x00\x00\x00')}}
2019-08-19 12:57:12,142 - INFO: PacketSend: {'token': 104}
2019-08-19 12:57:12,147 - DEBUG: RX: 05d268000000
2019-08-19 12:57:12,147 - DEBUG: parsed_packet {event: MeshTxComplete, data: {'token': 104}}
2019-08-19 12:57:12,147 - INFO: {event: MeshTxComplete, data: {'token': 104}}
2019-08-19 12:57:15,140 - INFO: Set ACK 5 Timedout
2019-08-19 12:57:15,141 - DEBUG: Sending opcode: 8202, data: 010f
2019-08-19 12:57:15,141 - DEBUG: Writing: 171 bytearray(b'\x00\x00\x01\x00\x05\x00\x08\x00\x00\x00\x82\x02\x01\x0f')
2019-08-19 12:57:15,142 - INFO: Resending SET 5 attempts: 10
2019-08-19 12:57:15,142 - DEBUG: TX: 0fab000001000500080000008202010f
2019-08-19 12:57:15,146 - DEBUG: RX: 0784ab0069000000
2019-08-19 12:57:15,146 - DEBUG: parsed_packet {event: CmdRsp, data: {'opcode': 171, 'status': 0, 'data': bytearray(b'i\x00\x00\x00')}}
2019-08-19 12:57:15,147 - INFO: PacketSend: {'token': 105}
2019-08-19 12:57:15,150 - DEBUG: RX: 05d269000000
2019-08-19 12:57:15,150 - DEBUG: parsed_packet {event: MeshTxComplete, data: {'token': 105}}
2019-08-19 12:57:15,151 - INFO: {event: MeshTxComplete, data: {'token': 105}}
2019-08-19 12:57:18,444 - INFO: Set ACK 5 Timedout
2019-08-19 13:35:11,378 - DEBUG: Sending opcode: c15900, data: 0106
2019-08-19 13:35:11,385 - DEBUG: Writing: 171 bytearray(b'\x00\x00\x01\x00\x04\x00\x08\x00\x00\x00\xc1Y\x00\x01\x06')
2019-08-19 13:35:11,385 - DEBUG: TX: 10ab00000100040008000000c159000106
2019-08-19 13:35:11,405 - DEBUG: RX: 0784ab006a000000
2019-08-19 13:35:11,407 - DEBUG: parsed_packet {event: CmdRsp, data: {'opcode': 171, 'status': 0, 'data': bytearray(b'j\x00\x00\x00')}}
2019-08-19 13:35:11,414 - INFO: PacketSend: {'token': 106}
2019-08-19 13:35:11,428 - DEBUG: RX: 05d26a000000
2019-08-19 13:35:11,429 - DEBUG: parsed_packet {event: MeshTxComplete, data: {'token': 106}}
2019-08-19 13:35:11,431 - INFO: {event: MeshTxComplete, data: {'token': 106}}
2019-08-19 13:35:11,521 - DEBUG: Sending opcode: c15900, data: 0007
2019-08-19 13:35:11,522 - DEBUG: Writing: 171 bytearray(b'\x00\x00\x01\x00\x05\x00\x08\x00\x00\x00\xc1Y\x00\x00\x07')
2019-08-19 13:35:11,523 - DEBUG: TX: 10ab00000100050008000000c159000007
2019-08-19 13:35:11,530 - DEBUG: RX: 0784ab006b000000
2019-08-19 13:35:11,530 - DEBUG: parsed_packet {event: CmdRsp, data: {'opcode': 171, 'status': 0, 'data': bytearray(b'k\x00\x00\x00')}}
2019-08-19 13:35:11,530 - INFO: PacketSend: {'token': 107}
2019-08-19 13:35:11,538 - DEBUG: RX: 05d26b000000
2019-08-19 13:35:11,538 - DEBUG: parsed_packet {event: MeshTxComplete, data: {'token': 107}}
2019-08-19 13:35:11,538 - INFO: {event: MeshTxComplete, data: {'token': 107}}
2019-08-19 13:35:12,374 - DEBUG: Sending opcode: 8201, data: 
2019-08-19 13:35:12,376 - DEBUG: Writing: 171 bytearray(b'\x00\x00\x01\x00\x04\x00\x08\x00\x00\x00\x82\x01')
2019-08-19 13:35:12,377 - DEBUG: TX: 0dab000001000400080000008201
2019-08-19 13:35:12,383 - DEBUG: RX: 0784ab006c000000
2019-08-19 13:35:12,385 - DEBUG: parsed_packet {event: CmdRsp, data: {'opcode': 171, 'status': 0, 'data': bytearray(b'l\x00\x00\x00')}}
2019-08-19 13:35:12,387 - INFO: PacketSend: {'token': 108}
2019-08-19 13:35:12,388 - DEBUG: RX: 05d26c000000
2019-08-19 13:35:12,390 - DEBUG: parsed_packet {event: MeshTxComplete, data: {'token': 108}}
2019-08-19 13:35:12,390 - INFO: {event: MeshTxComplete, data: {'token': 108}}
2019-08-19 13:35:16,239 - DEBUG: Sending opcode: c15900, data: 0108
2019-08-19 13:35:16,259 - DEBUG: Sending opcode: c15900, data: 0009
2019-08-19 13:35:16,262 - DEBUG: Writing: 171 bytearray(b'\x00\x00\x01\x00\x04\x00\x08\x00\x00\x00\xc1Y\x00\x01\x08')
2019-08-19 13:35:16,263 - DEBUG: TX: 10ab00000100040008000000c159000108
2019-08-19 13:35:16,273 - DEBUG: RX: 0784ab006d000000
2019-08-19 13:35:16,273 - DEBUG: parsed_packet {event: CmdRsp, data: {'opcode': 171, 'status': 0, 'data': bytearray(b'm\x00\x00\x00')}}
2019-08-19 13:35:16,273 - INFO: PacketSend: {'token': 109}
2019-08-19 13:35:16,281 - DEBUG: RX: 05d26d000000
2019-08-19 13:35:16,282 - DEBUG: parsed_packet {event: MeshTxComplete, data: {'token': 109}}
2019-08-19 13:35:16,282 - INFO: {event: MeshTxComplete, data: {'token': 109}}
2019-08-19 13:35:16,290 - DEBUG: Writing: 171 bytearray(b'\x00\x00\x01\x00\x05\x00\x08\x00\x00\x00\xc1Y\x00\x00\t')
2019-08-19 13:35:16,290 - DEBUG: TX: 10ab00000100050008000000c159000009
2019-08-19 13:35:16,295 - DEBUG: RX: 0784ab006e000000
2019-08-19 13:35:16,296 - DEBUG: parsed_packet {event: CmdRsp, data: {'opcode': 171, 'status': 0, 'data': bytearray(b'n\x00\x00\x00')}}
2019-08-19 13:35:16,296 - INFO: PacketSend: {'token': 110}
2019-08-19 13:35:16,305 - DEBUG: RX: 05d26e000000
2019-08-19 13:35:16,306 - DEBUG: parsed_packet {event: MeshTxComplete, data: {'token': 110}}
2019-08-19 13:35:16,306 - INFO: {event: MeshTxComplete, data: {'token': 110}}
2019-08-19 13:35:17,243 - DEBUG: Sending opcode: 8201, data: 
2019-08-19 13:35:17,244 - DEBUG: Writing: 171 bytearray(b'\x00\x00\x01\x00\x04\x00\x08\x00\x00\x00\x82\x01')
2019-08-19 13:35:17,244 - DEBUG: TX: 0dab000001000400080000008201
2019-08-19 13:35:17,248 - DEBUG: RX: 0784ab006f000000
2019-08-19 13:35:17,249 - DEBUG: parsed_packet {event: CmdRsp, data: {'opcode': 171, 'status': 0, 'data': bytearray(b'o\x00\x00\x00')}}
2019-08-19 13:35:17,252 - INFO: PacketSend: {'token': 111}
2019-08-19 13:35:17,260 - DEBUG: RX: 05d26f000000
2019-08-19 13:35:17,261 - DEBUG: parsed_packet {event: MeshTxComplete, data: {'token': 111}}
2019-08-19 13:35:17,262 - INFO: {event: MeshTxComplete, data: {'token': 111}}
2019-08-19 13:39:36,943 - DEBUG: RX: 03530300
2019-08-19 13:39:36,949 - ERROR: Unable to deserialize 03530300
