2019-08-09 20:05:47,892 - INFO - tty.usbmodem0006822145041.MeshConfigurer: 

2019-08-09 20:05:47,892 - DEBUG - tty.usbmodem0006822145041: Writing: 105 bytearray(b'\x043d\xa3\xef\xba\xf3\x07e\x02\xcd;!=\x11#\x9fS$\xca\xdc\n\x05v\xe0\x9a\x9e\xf9\xc6\xae\xf5\xd4\xcaq\xaf\xaa\xce\xeb\xddsI\x1b\xe6\x1c\xe7\xec.\x13R\xca\xd5\xb13\xed\x0e\xe9\x8c\xdf\xb5\x10<\xe0\xad \xa8U\xe7\xf8\xd6KM\x9d\xca*\xa9\x17\xde\x82\xdb\xa9\xfd\xf5\xe7Ij\xe7\xb5\xb1Y\xe8\xfe\x85\x1aF=g')
2019-08-09 20:05:47,892 - INFO - tty.usbmodem0006822145041.MeshConfigurer: Sending next message
2019-08-09 20:05:47,892 - DEBUG - tty.usbmodem0006822145041: TX: 6169043364a3efbaf3076502cd3b213d11239f5324cadc0a0576e09a9ef9c6aef5d4ca71afaaceebdd73491be61ce7ec2e1352cad5b133ed0ee98cdfb5103ce0ad20a855e7f8d64b4d9dca2aa917de82dba9fdf5e7496ae7b5b159e8fe851a463d67
2019-08-09 20:05:47,911 - DEBUG - tty.usbmodem0006822145041: RX: 03845384
2019-08-09 20:05:47,912 - DEBUG - tty.usbmodem0006822145041: parsed_packet {event: CmdRsp, data: {'opcode': 83, 'status': 132, 'data': bytearray(b'')}}
2019-08-09 20:05:47,914 - ERROR - tty.usbmodem0006822145041: None: ERROR_INVALID_LENGTH
2019-08-09 20:05:47,914 - DEBUG - tty.usbmodem0006822145041: RX: 03840084
2019-08-09 20:05:47,915 - DEBUG - tty.usbmodem0006822145041: parsed_packet {event: CmdRsp, data: {'opcode': 0, 'status': 132, 'data': bytearray(b'')}}
2019-08-09 20:05:47,915 - ERROR - tty.usbmodem0006822145041: None: ERROR_INVALID_LENGTH
2019-08-09 20:05:47,936 - DEBUG - tty.usbmodem0006822145041: Writing: 159 bytearray(b'\x01\x00\x01\x00')
2019-08-09 20:05:47,937 - DEBUG - tty.usbmodem0006822145041: RX: 03840084
2019-08-09 20:05:47,937 - DEBUG - tty.usbmodem0006822145041: TX: 059f01000100
2019-08-09 20:05:47,937 - DEBUG - tty.usbmodem0006822145041: parsed_packet {event: CmdRsp, data: {'opcode': 0, 'status': 132, 'data': bytearray(b'')}}
2019-08-09 20:05:47,937 - ERROR - tty.usbmodem0006822145041: None: ERROR_INVALID_LENGTH
2019-08-09 20:05:47,939 - DEBUG - tty.usbmodem0006822145041: RX: 03840084
2019-08-09 20:05:47,940 - DEBUG - tty.usbmodem0006822145041: parsed_packet {event: CmdRsp, data: {'opcode': 0, 'status': 132, 'data': bytearray(b'')}}
2019-08-09 20:05:47,941 - ERROR - tty.usbmodem0006822145041: None: ERROR_INVALID_LENGTH
2019-08-09 20:05:47,950 - DEBUG - tty.usbmodem0006822145041: RX: 03840084
2019-08-09 20:05:47,950 - DEBUG - tty.usbmodem0006822145041: parsed_packet {event: CmdRsp, data: {'opcode': 0, 'status': 132, 'data': bytearray(b'')}}
2019-08-09 20:05:47,950 - ERROR - tty.usbmodem0006822145041: None: ERROR_INVALID_LENGTH
2019-08-09 20:05:47,952 - DEBUG - tty.usbmodem0006822145041: RX: 03840084
2019-08-09 20:05:47,952 - DEBUG - tty.usbmodem0006822145041: parsed_packet {event: CmdRsp, data: {'opcode': 0, 'status': 132, 'data': bytearray(b'')}}
2019-08-09 20:05:47,957 - ERROR - tty.usbmodem0006822145041: None: ERROR_INVALID_LENGTH
2019-08-09 20:05:47,958 - DEBUG - tty.usbmodem0006822145041: RX: 03840084
2019-08-09 20:05:47,958 - DEBUG - tty.usbmodem0006822145041: parsed_packet {event: CmdRsp, data: {'opcode': 0, 'status': 132, 'data': bytearray(b'')}}
2019-08-09 20:05:47,958 - ERROR - tty.usbmodem0006822145041: None: ERROR_INVALID_LENGTH
2019-08-09 20:05:47,959 - DEBUG - tty.usbmodem0006822145041: RX: 03840084
2019-08-09 20:05:47,960 - DEBUG - tty.usbmodem0006822145041: parsed_packet {event: CmdRsp, data: {'opcode': 0, 'status': 132, 'data': bytearray(b'')}}
2019-08-09 20:05:47,961 - ERROR - tty.usbmodem0006822145041: None: ERROR_INVALID_LENGTH
2019-08-09 20:05:47,961 - DEBUG - tty.usbmodem0006822145041: RX: 03840084
2019-08-09 20:05:47,962 - DEBUG - tty.usbmodem0006822145041: parsed_packet {event: CmdRsp, data: {'opcode': 0, 'status': 132, 'data': bytearray(b'')}}
2019-08-09 20:05:47,962 - ERROR - tty.usbmodem0006822145041: None: ERROR_INVALID_LENGTH
2019-08-09 20:05:47,962 - DEBUG - tty.usbmodem0006822145041: RX: 03840084
2019-08-09 20:05:47,962 - DEBUG - tty.usbmodem0006822145041: parsed_packet {event: CmdRsp, data: {'opcode': 0, 'status': 132, 'data': bytearray(b'')}}
2019-08-09 20:05:47,963 - ERROR - tty.usbmodem0006822145041: None: ERROR_INVALID_LENGTH
2019-08-09 20:05:47,963 - DEBUG - tty.usbmodem0006822145041: Writing: 146 bytearray(b'\x00\x00\x18\xee\xd9\xc2\xa5j\xdd\x85\x04\x9f\xfc<Y\xad\x0e\x12')
2019-08-09 20:05:47,963 - DEBUG - tty.usbmodem0006822145041: TX: 1392000018eed9c2a56add85049ffc3c59ad0e12
2019-08-09 20:05:47,963 - DEBUG - tty.usbmodem0006822145041: RX: 03840084
2019-08-09 20:05:47,996 - DEBUG - tty.usbmodem0006822145041: parsed_packet {event: CmdRsp, data: {'opcode': 0, 'status': 132, 'data': bytearray(b'')}}
2019-08-09 20:05:47,998 - ERROR - tty.usbmodem0006822145041: None: ERROR_INVALID_LENGTH
2019-08-09 20:05:48,021 - DEBUG - tty.usbmodem0006822145041: Writing: 151 bytearray(b'\x00\x00\x00\x00Oh\xad\x85\xd9\xf4\x8a\xc8X\x9d\xf6e\xb6\xb4\x9b\x8a')
2019-08-09 20:05:48,027 - DEBUG - tty.usbmodem0006822145041: RX: 03840084
2019-08-09 20:05:48,029 - DEBUG - tty.usbmodem0006822145041: TX: 1597000000004f68ad85d9f48ac8589df665b6b49b8a
2019-08-09 20:05:48,030 - DEBUG - tty.usbmodem0006822145041: parsed_packet {event: CmdRsp, data: {'opcode': 0, 'status': 132, 'data': bytearray(b'')}}
2019-08-09 20:05:48,032 - ERROR - tty.usbmodem0006822145041: None: ERROR_INVALID_LENGTH
2019-08-09 20:05:48,038 - DEBUG - tty.usbmodem0006822145041: RX: 03840084
2019-08-09 20:05:48,038 - DEBUG - tty.usbmodem0006822145041: parsed_packet {event: CmdRsp, data: {'opcode': 0, 'status': 132, 'data': bytearray(b'')}}
2019-08-09 20:05:48,038 - ERROR - tty.usbmodem0006822145041: None: ERROR_INVALID_LENGTH
2019-08-09 20:05:48,039 - DEBUG - tty.usbmodem0006822145041: RX: 03849f00
2019-08-09 20:05:48,039 - DEBUG - tty.usbmodem0006822145041: parsed_packet {event: CmdRsp, data: {'opcode': 159, 'status': 0, 'data': bytearray(b'')}}
2019-08-09 20:05:48,047 - INFO - tty.usbmodem0006822145041: Success
2019-08-09 20:05:48,048 - DEBUG - tty.usbmodem0006822145041: RX: 058492000000
2019-08-09 20:05:48,048 - DEBUG - tty.usbmodem0006822145041: parsed_packet {event: CmdRsp, data: {'opcode': 146, 'status': 0, 'data': bytearray(b'\x00\x00')}}
2019-08-09 20:05:48,048 - INFO - tty.usbmodem0006822145041: SubnetAdd: {'subnet_handle': 0}
2019-08-09 20:05:48,049 - DEBUG - tty.usbmodem0006822145041: RX: 058497000000
2019-08-09 20:05:48,049 - DEBUG - tty.usbmodem0006822145041: parsed_packet {event: CmdRsp, data: {'opcode': 151, 'status': 0, 'data': bytearray(b'\x00\x00')}}
2019-08-09 20:05:48,049 - INFO - tty.usbmodem0006822145041: AppkeyAdd: {'appkey_handle': 0}
2019-08-09 20:05:48,058 - DEBUG - tty.usbmodem0006822145041: Writing: 151 bytearray(b'\x01\x00\x00\x00*\xa2\xa6\xde\xd5\xa0y\x8c\xea\xb5x|\xa3\xae9\xfc')
2019-08-09 20:05:48,065 - DEBUG - tty.usbmodem0006822145041: TX: 1597010000002aa2a6ded5a0798ceab5787ca3ae39fc
2019-08-09 20:05:48,099 - DEBUG - tty.usbmodem0006822145041: RX: 058497000100
2019-08-09 20:05:48,099 - DEBUG - tty.usbmodem0006822145041: Writing: 159 bytearray(b'\x01\x00\x01\x00')
2019-08-09 20:05:48,099 - DEBUG - tty.usbmodem0006822145041: parsed_packet {event: CmdRsp, data: {'opcode': 151, 'status': 0, 'data': bytearray(b'\x01\x00')}}
2019-08-09 20:05:48,100 - DEBUG - tty.usbmodem0006822145041: TX: 059f01000100
2019-08-09 20:05:48,101 - INFO - tty.usbmodem0006822145041: AppkeyAdd: {'appkey_handle': 1}
2019-08-09 20:05:48,124 - DEBUG - tty.usbmodem0006822145041: Writing: 146 bytearray(b'\x00\x00\x18\xee\xd9\xc2\xa5j\xdd\x85\x04\x9f\xfc<Y\xad\x0e\x12')
2019-08-09 20:05:48,124 - DEBUG - tty.usbmodem0006822145041: RX: 03849f8e
2019-08-09 20:05:48,147 - DEBUG - tty.usbmodem0006822145041: TX: 1392000018eed9c2a56add85049ffc3c59ad0e12
2019-08-09 20:05:48,165 - DEBUG - tty.usbmodem0006822145041: parsed_packet {event: CmdRsp, data: {'opcode': 159, 'status': 142, 'data': bytearray(b'')}}
2019-08-09 20:05:48,176 - ERROR - tty.usbmodem0006822145041: None: ERROR_REJECTED
2019-08-09 20:05:48,182 - DEBUG - tty.usbmodem0006822145041: RX: 03849281
2019-08-09 20:05:48,183 - DEBUG - tty.usbmodem0006822145041: parsed_packet {event: CmdRsp, data: {'opcode': 146, 'status': 129, 'data': bytearray(b'')}}
2019-08-09 20:05:48,183 - ERROR - tty.usbmodem0006822145041: SubnetAdd: ERROR_INTERNAL
2019-08-09 20:05:48,198 - DEBUG - tty.usbmodem0006822145041: Writing: 151 bytearray(b'\x00\x00\x00\x00Oh\xad\x85\xd9\xf4\x8a\xc8X\x9d\xf6e\xb6\xb4\x9b\x8a')
2019-08-09 20:05:48,200 - DEBUG - tty.usbmodem0006822145041: TX: 1597000000004f68ad85d9f48ac8589df665b6b49b8a
2019-08-09 20:05:48,215 - DEBUG - tty.usbmodem0006822145041: RX: 03849781
2019-08-09 20:05:48,215 - DEBUG - tty.usbmodem0006822145041: parsed_packet {event: CmdRsp, data: {'opcode': 151, 'status': 129, 'data': bytearray(b'')}}
2019-08-09 20:05:48,219 - ERROR - tty.usbmodem0006822145041: AppkeyAdd: ERROR_INTERNAL
2019-08-09 20:05:48,229 - DEBUG - tty.usbmodem0006822145041: Writing: 151 bytearray(b'\x01\x00\x00\x00*\xa2\xa6\xde\xd5\xa0y\x8c\xea\xb5x|\xa3\xae9\xfc')
2019-08-09 20:05:48,236 - DEBUG - tty.usbmodem0006822145041: TX: 1597010000002aa2a6ded5a0798ceab5787ca3ae39fc
2019-08-09 20:05:48,248 - DEBUG - tty.usbmodem0006822145041: RX: 03849781
2019-08-09 20:05:48,258 - DEBUG - tty.usbmodem0006822145041: parsed_packet {event: CmdRsp, data: {'opcode': 151, 'status': 129, 'data': bytearray(b'')}}
2019-08-09 20:05:48,258 - ERROR - tty.usbmodem0006822145041: AppkeyAdd: ERROR_INTERNAL
2019-08-09 20:05:48,268 - DEBUG - tty.usbmodem0006822145041: Writing: 161 bytearray(b'\x01\xc0')
2019-08-09 20:05:48,269 - DEBUG - tty.usbmodem0006822145041: TX: 03a101c0
2019-08-09 20:05:48,271 - DEBUG - tty.usbmodem0006822145041: RX: 0584a1000000
2019-08-09 20:05:48,271 - DEBUG - tty.usbmodem0006822145041: parsed_packet {event: CmdRsp, data: {'opcode': 161, 'status': 0, 'data': bytearray(b'\x00\x00')}}
2019-08-09 20:05:48,271 - INFO - tty.usbmodem0006822145041: AddrSubscriptionAdd: {'address_handle': 0}
2019-08-09 20:05:48,271 - INFO - tty.usbmodem0006822145041.MeshConfigurer: 

2019-08-09 20:05:48,271 - INFO - tty.usbmodem0006822145041.MeshConfigurer: Sending next message
2019-08-09 20:05:48,294 - DEBUG - tty.usbmodem0006822145041: Writing: 164 bytearray(b'\x10\x00')
2019-08-09 20:05:48,295 - DEBUG - tty.usbmodem0006822145041: TX: 03a41000
2019-08-09 20:05:48,298 - DEBUG - tty.usbmodem0006822145041: RX: 0584a4000100
2019-08-09 20:05:48,299 - DEBUG - tty.usbmodem0006822145041: parsed_packet {event: CmdRsp, data: {'opcode': 164, 'status': 0, 'data': bytearray(b'\x01\x00')}}
2019-08-09 20:05:48,299 - INFO - tty.usbmodem0006822145041: AddrPublicationAdd: {'address_handle': 1}
2019-08-09 20:05:48,299 - INFO - tty.usbmodem0006822145041.MeshConfigurer: 

2019-08-09 20:05:48,300 - INFO - tty.usbmodem0006822145041.MeshConfigurer: Sending next message
2019-08-09 20:05:48,320 - DEBUG - tty.usbmodem0006822145041: Writing: 164 bytearray(b'\x11\x00')
2019-08-09 20:05:48,320 - DEBUG - tty.usbmodem0006822145041: TX: 03a41100
2019-08-09 20:05:48,322 - DEBUG - tty.usbmodem0006822145041: RX: 0584a4000200
2019-08-09 20:05:48,322 - DEBUG - tty.usbmodem0006822145041: parsed_packet {event: CmdRsp, data: {'opcode': 164, 'status': 0, 'data': bytearray(b'\x02\x00')}}
2019-08-09 20:05:48,322 - INFO - tty.usbmodem0006822145041: AddrPublicationAdd: {'address_handle': 2}
2019-08-09 20:05:48,322 - INFO - tty.usbmodem0006822145041.MeshConfigurer: 

2019-08-09 20:05:48,322 - INFO - tty.usbmodem0006822145041.MeshConfigurer: Sending next message
2019-08-09 20:05:48,344 - DEBUG - tty.usbmodem0006822145041: Writing: 164 bytearray(b'\x12\x00')
2019-08-09 20:05:48,344 - DEBUG - tty.usbmodem0006822145041: TX: 03a41200
2019-08-09 20:05:48,346 - DEBUG - tty.usbmodem0006822145041: RX: 0584a4000300
2019-08-09 20:05:48,347 - DEBUG - tty.usbmodem0006822145041: parsed_packet {event: CmdRsp, data: {'opcode': 164, 'status': 0, 'data': bytearray(b'\x03\x00')}}
2019-08-09 20:05:48,348 - INFO - tty.usbmodem0006822145041: AddrPublicationAdd: {'address_handle': 3}
2019-08-09 20:05:48,348 - INFO - tty.usbmodem0006822145041.MeshConfigurer: 

2019-08-09 20:05:48,349 - INFO - tty.usbmodem0006822145041.MeshConfigurer: Sending next message
2019-08-09 20:05:48,367 - DEBUG - tty.usbmodem0006822145041: Writing: 164 bytearray(b'\x13\x00')
2019-08-09 20:05:48,367 - DEBUG - tty.usbmodem0006822145041: TX: 03a41300
2019-08-09 20:05:48,369 - DEBUG - tty.usbmodem0006822145041: RX: 0584a4000400
2019-08-09 20:05:48,369 - DEBUG - tty.usbmodem0006822145041: parsed_packet {event: CmdRsp, data: {'opcode': 164, 'status': 0, 'data': bytearray(b'\x04\x00')}}
2019-08-09 20:05:48,369 - INFO - tty.usbmodem0006822145041: AddrPublicationAdd: {'address_handle': 4}
2019-08-09 20:05:48,369 - INFO - tty.usbmodem0006822145041.MeshConfigurer: 

2019-08-09 20:05:48,369 - INFO - tty.usbmodem0006822145041.MeshConfigurer: Sending next message
2019-08-09 20:05:48,390 - DEBUG - tty.usbmodem0006822145041: Writing: 164 bytearray(b'\x14\x00')
2019-08-09 20:05:48,390 - DEBUG - tty.usbmodem0006822145041: TX: 03a41400
2019-08-09 20:05:48,393 - DEBUG - tty.usbmodem0006822145041: RX: 0584a4000500
2019-08-09 20:05:48,393 - DEBUG - tty.usbmodem0006822145041: parsed_packet {event: CmdRsp, data: {'opcode': 164, 'status': 0, 'data': bytearray(b'\x05\x00')}}
2019-08-09 20:05:48,394 - INFO - tty.usbmodem0006822145041: AddrPublicationAdd: {'address_handle': 5}
2019-08-09 20:05:48,395 - INFO - tty.usbmodem0006822145041.MeshConfigurer: 

2019-08-09 20:05:48,396 - INFO - tty.usbmodem0006822145041.MeshConfigurer: Sending next message
2019-08-09 20:05:48,413 - DEBUG - tty.usbmodem0006822145041: Writing: 164 bytearray(b'\x15\x00')
2019-08-09 20:05:48,414 - DEBUG - tty.usbmodem0006822145041: TX: 03a41500
2019-08-09 20:05:48,416 - DEBUG - tty.usbmodem0006822145041: RX: 0584a4000600
2019-08-09 20:05:48,416 - DEBUG - tty.usbmodem0006822145041: parsed_packet {event: CmdRsp, data: {'opcode': 164, 'status': 0, 'data': bytearray(b'\x06\x00')}}
2019-08-09 20:05:48,416 - INFO - tty.usbmodem0006822145041: AddrPublicationAdd: {'address_handle': 6}
2019-08-09 20:05:48,416 - INFO - tty.usbmodem0006822145041.MeshConfigurer: 

2019-08-09 20:05:48,416 - INFO - tty.usbmodem0006822145041.MeshConfigurer: Sending next message
2019-08-09 20:05:48,440 - DEBUG - tty.usbmodem0006822145041: Writing: 164 bytearray(b'\x16\x00')
2019-08-09 20:05:48,440 - DEBUG - tty.usbmodem0006822145041: TX: 03a41600
2019-08-09 20:05:48,442 - DEBUG - tty.usbmodem0006822145041: RX: 0584a4000700
2019-08-09 20:05:48,442 - DEBUG - tty.usbmodem0006822145041: parsed_packet {event: CmdRsp, data: {'opcode': 164, 'status': 0, 'data': bytearray(b'\x07\x00')}}
2019-08-09 20:05:48,442 - INFO - tty.usbmodem0006822145041: AddrPublicationAdd: {'address_handle': 7}
2019-08-09 20:05:48,442 - INFO - tty.usbmodem0006822145041.MeshConfigurer: 

2019-08-09 20:05:48,443 - INFO - tty.usbmodem0006822145041.MeshConfigurer: Sending next message
2019-08-09 20:05:48,463 - DEBUG - tty.usbmodem0006822145041: Writing: 164 bytearray(b'\x17\x00')
2019-08-09 20:05:48,464 - DEBUG - tty.usbmodem0006822145041: TX: 03a41700
2019-08-09 20:05:48,466 - DEBUG - tty.usbmodem0006822145041: RX: 0584a4000800
2019-08-09 20:05:48,467 - DEBUG - tty.usbmodem0006822145041: parsed_packet {event: CmdRsp, data: {'opcode': 164, 'status': 0, 'data': bytearray(b'\x08\x00')}}
2019-08-09 20:05:48,467 - INFO - tty.usbmodem0006822145041: AddrPublicationAdd: {'address_handle': 8}
2019-08-09 20:05:48,467 - INFO - tty.usbmodem0006822145041.MeshConfigurer: 

2019-08-09 20:05:48,467 - INFO - tty.usbmodem0006822145041.MeshConfigurer: Sending next message
2019-08-09 20:05:48,485 - DEBUG - tty.usbmodem0006822145041: Writing: 164 bytearray(b'\x18\x00')
2019-08-09 20:05:48,485 - DEBUG - tty.usbmodem0006822145041: TX: 03a41800
2019-08-09 20:05:48,487 - DEBUG - tty.usbmodem0006822145041: RX: 0584a4000900
2019-08-09 20:05:48,487 - DEBUG - tty.usbmodem0006822145041: parsed_packet {event: CmdRsp, data: {'opcode': 164, 'status': 0, 'data': bytearray(b'\t\x00')}}
2019-08-09 20:05:48,487 - INFO - tty.usbmodem0006822145041: AddrPublicationAdd: {'address_handle': 9}
2019-08-09 20:05:48,487 - INFO - tty.usbmodem0006822145041.MeshConfigurer: 

2019-08-09 20:05:48,487 - INFO - tty.usbmodem0006822145041.MeshConfigurer: Sending next message
2019-08-09 20:05:48,508 - DEBUG - tty.usbmodem0006822145041: Writing: 164 bytearray(b'\x19\x00')
2019-08-09 20:05:48,508 - DEBUG - tty.usbmodem0006822145041: TX: 03a41900
2019-08-09 20:05:48,510 - DEBUG - tty.usbmodem0006822145041: RX: 0584a4000a00
2019-08-09 20:05:48,510 - DEBUG - tty.usbmodem0006822145041: parsed_packet {event: CmdRsp, data: {'opcode': 164, 'status': 0, 'data': bytearray(b'\n\x00')}}
2019-08-09 20:05:48,510 - INFO - tty.usbmodem0006822145041: AddrPublicationAdd: {'address_handle': 10}
2019-08-09 20:05:48,511 - INFO - tty.usbmodem0006822145041.MeshConfigurer: 

2019-08-09 20:05:48,511 - INFO - tty.usbmodem0006822145041.MeshConfigurer: Sending next message
2019-08-09 20:05:48,531 - DEBUG - tty.usbmodem0006822145041: Writing: 164 bytearray(b'\x1a\x00')
2019-08-09 20:05:48,531 - DEBUG - tty.usbmodem0006822145041: TX: 03a41a00
2019-08-09 20:05:48,533 - DEBUG - tty.usbmodem0006822145041: RX: 0584a4000b00
2019-08-09 20:05:48,533 - DEBUG - tty.usbmodem0006822145041: parsed_packet {event: CmdRsp, data: {'opcode': 164, 'status': 0, 'data': bytearray(b'\x0b\x00')}}
2019-08-09 20:05:48,533 - INFO - tty.usbmodem0006822145041: AddrPublicationAdd: {'address_handle': 11}
2019-08-09 20:05:48,533 - INFO - tty.usbmodem0006822145041.MeshConfigurer: 

2019-08-09 20:05:48,533 - INFO - tty.usbmodem0006822145041.MeshConfigurer: Sending next message
2019-08-09 20:05:48,554 - DEBUG - tty.usbmodem0006822145041: Writing: 164 bytearray(b'\x1b\x00')
2019-08-09 20:05:48,555 - DEBUG - tty.usbmodem0006822145041: TX: 03a41b00
2019-08-09 20:05:48,557 - DEBUG - tty.usbmodem0006822145041: RX: 0584a4000c00
2019-08-09 20:05:48,557 - DEBUG - tty.usbmodem0006822145041: parsed_packet {event: CmdRsp, data: {'opcode': 164, 'status': 0, 'data': bytearray(b'\x0c\x00')}}
2019-08-09 20:05:48,557 - INFO - tty.usbmodem0006822145041: AddrPublicationAdd: {'address_handle': 12}
2019-08-09 20:05:48,558 - INFO - tty.usbmodem0006822145041.MeshConfigurer: 

2019-08-09 20:05:48,558 - INFO - tty.usbmodem0006822145041.MeshConfigurer: Sending next message
2019-08-09 20:05:48,579 - DEBUG - tty.usbmodem0006822145041: Writing: 164 bytearray(b'\x1c\x00')
2019-08-09 20:05:48,579 - DEBUG - tty.usbmodem0006822145041: TX: 03a41c00
2019-08-09 20:05:48,582 - DEBUG - tty.usbmodem0006822145041: RX: 0584a4000d00
2019-08-09 20:05:48,582 - DEBUG - tty.usbmodem0006822145041: parsed_packet {event: CmdRsp, data: {'opcode': 164, 'status': 0, 'data': bytearray(b'\r\x00')}}
2019-08-09 20:05:48,582 - INFO - tty.usbmodem0006822145041: AddrPublicationAdd: {'address_handle': 13}
2019-08-09 20:05:48,582 - INFO - tty.usbmodem0006822145041.MeshConfigurer: 

2019-08-09 20:05:48,583 - INFO - tty.usbmodem0006822145041.MeshConfigurer: Sending next message
2019-08-09 20:05:48,600 - DEBUG - tty.usbmodem0006822145041: Writing: 164 bytearray(b'\x1d\x00')
2019-08-09 20:05:48,600 - DEBUG - tty.usbmodem0006822145041: TX: 03a41d00
2019-08-09 20:05:48,602 - DEBUG - tty.usbmodem0006822145041: RX: 0584a4000e00
2019-08-09 20:05:48,602 - DEBUG - tty.usbmodem0006822145041: parsed_packet {event: CmdRsp, data: {'opcode': 164, 'status': 0, 'data': bytearray(b'\x0e\x00')}}
2019-08-09 20:05:48,602 - INFO - tty.usbmodem0006822145041: AddrPublicationAdd: {'address_handle': 14}
2019-08-09 20:05:48,602 - INFO - tty.usbmodem0006822145041.MeshConfigurer: 

2019-08-09 20:05:48,602 - INFO - tty.usbmodem0006822145041.MeshConfigurer: Sending next message
2019-08-09 20:05:48,623 - DEBUG - tty.usbmodem0006822145041: Writing: 156 bytearray(b'\x10\x00\x00\x00\xaf\xd7\x1eg\xf6iNh\xc2p]\x99\x17\xe2\xf4F')
2019-08-09 20:05:48,623 - DEBUG - tty.usbmodem0006822145041: TX: 159c10000000afd71e67f6694e68c2705d9917e2f446
2019-08-09 20:05:48,627 - DEBUG - tty.usbmodem0006822145041: RX: 05849c000800
2019-08-09 20:05:48,628 - DEBUG - tty.usbmodem0006822145041: parsed_packet {event: CmdRsp, data: {'opcode': 156, 'status': 0, 'data': bytearray(b'\x08\x00')}}
2019-08-09 20:05:48,628 - INFO - tty.usbmodem0006822145041: DevkeyAdd: {'devkey_handle': 8}
2019-08-09 20:05:48,629 - INFO - tty.usbmodem0006822145041.MeshConfigurer: No Messages remaining
2019-08-09 20:05:52,424 - DEBUG - tty.usbmodem0006822145041.GenericOnOffClient: Sending opcode: 8201, data: 
2019-08-09 20:05:52,424 - DEBUG - tty.usbmodem0006822145041.GenericOnOffClient: Sending opcode: 8201, data: 
2019-08-09 20:05:52,425 - DEBUG - tty.usbmodem0006822145041: Writing: 171 bytearray(b'\x00\x00\x01\x00\x02\x00\x08\x00\x00\x00\x82\x01')
2019-08-09 20:05:52,425 - DEBUG - tty.usbmodem0006822145041.GenericOnOffClient: Sending opcode: 8201, data: 
2019-08-09 20:05:52,425 - DEBUG - tty.usbmodem0006822145041: TX: 0dab000001000200080000008201
2019-08-09 20:05:52,425 - DEBUG - tty.usbmodem0006822145041.GenericOnOffClient: Sending opcode: 8201, data: 
2019-08-09 20:05:52,426 - DEBUG - tty.usbmodem0006822145041.GenericOnOffClient: Sending opcode: 8201, data: 
2019-08-09 20:05:52,426 - DEBUG - tty.usbmodem0006822145041.GenericOnOffClient: Sending opcode: 8201, data: 
2019-08-09 20:05:52,426 - DEBUG - tty.usbmodem0006822145041.GenericOnOffClient: Sending opcode: 8201, data: 
2019-08-09 20:05:52,429 - DEBUG - tty.usbmodem0006822145041: RX: 0784ab001b000000
2019-08-09 20:05:52,437 - DEBUG - tty.usbmodem0006822145041.GenericOnOffClient: Sending opcode: 8201, data: 
2019-08-09 20:05:52,438 - DEBUG - tty.usbmodem0006822145041: parsed_packet {event: CmdRsp, data: {'opcode': 171, 'status': 0, 'data': bytearray(b'\x1b\x00\x00\x00')}}
2019-08-09 20:05:52,439 - DEBUG - tty.usbmodem0006822145041.GenericOnOffClient: Sending opcode: 8201, data: 
2019-08-09 20:05:52,439 - INFO - tty.usbmodem0006822145041: PacketSend: {'token': 27}
2019-08-09 20:05:52,440 - DEBUG - tty.usbmodem0006822145041.GenericOnOffClient: Sending opcode: 8201, data: 
2019-08-09 20:05:52,440 - DEBUG - tty.usbmodem0006822145041.GenericOnOffClient: Sending opcode: 8201, data: 
2019-08-09 20:05:52,441 - DEBUG - tty.usbmodem0006822145041.GenericOnOffClient: Sending opcode: 8201, data: 
2019-08-09 20:05:52,441 - DEBUG - tty.usbmodem0006822145041.GenericOnOffClient: Sending opcode: 8201, data: 
2019-08-09 20:05:52,447 - DEBUG - tty.usbmodem0006822145041: Writing: 171 bytearray(b'\x00\x00\x01\x00\x03\x00\x08\x00\x00\x00\x82\x01')
2019-08-09 20:05:52,448 - DEBUG - tty.usbmodem0006822145041: TX: 0dab000001000300080000008201
2019-08-09 20:05:52,453 - DEBUG - tty.usbmodem0006822145041: RX: 05d21b000000
2019-08-09 20:05:52,453 - DEBUG - tty.usbmodem0006822145041: parsed_packet {event: MeshTxComplete, data: {'token': 27}}
2019-08-09 20:05:52,454 - INFO - tty.usbmodem0006822145041: {event: MeshTxComplete, data: {'token': 27}}
2019-08-09 20:05:52,454 - DEBUG - tty.usbmodem0006822145041: RX: 0784ab001c000000
2019-08-09 20:05:52,454 - DEBUG - tty.usbmodem0006822145041: parsed_packet {event: CmdRsp, data: {'opcode': 171, 'status': 0, 'data': bytearray(b'\x1c\x00\x00\x00')}}
2019-08-09 20:05:52,454 - INFO - tty.usbmodem0006822145041: PacketSend: {'token': 28}
2019-08-09 20:05:52,470 - DEBUG - tty.usbmodem0006822145041: Writing: 171 bytearray(b'\x00\x00\x01\x00\x04\x00\x08\x00\x00\x00\x82\x01')
2019-08-09 20:05:52,471 - DEBUG - tty.usbmodem0006822145041: TX: 0dab000001000400080000008201
2019-08-09 20:05:52,474 - DEBUG - tty.usbmodem0006822145041: RX: 0784ab001d000000
2019-08-09 20:05:52,474 - DEBUG - tty.usbmodem0006822145041: parsed_packet {event: CmdRsp, data: {'opcode': 171, 'status': 0, 'data': bytearray(b'\x1d\x00\x00\x00')}}
2019-08-09 20:05:52,474 - INFO - tty.usbmodem0006822145041: PacketSend: {'token': 29}
2019-08-09 20:05:52,476 - DEBUG - tty.usbmodem0006822145041: RX: 05d21c000000
2019-08-09 20:05:52,476 - DEBUG - tty.usbmodem0006822145041: parsed_packet {event: MeshTxComplete, data: {'token': 28}}
2019-08-09 20:05:52,476 - INFO - tty.usbmodem0006822145041: {event: MeshTxComplete, data: {'token': 28}}
2019-08-09 20:05:52,492 - DEBUG - tty.usbmodem0006822145041: Writing: 171 bytearray(b'\x00\x00\x01\x00\x05\x00\x08\x00\x00\x00\x82\x01')
2019-08-09 20:05:52,492 - DEBUG - tty.usbmodem0006822145041: TX: 0dab000001000500080000008201
2019-08-09 20:05:52,496 - DEBUG - tty.usbmodem0006822145041: RX: 0784ab001e000000
2019-08-09 20:05:52,496 - DEBUG - tty.usbmodem0006822145041: parsed_packet {event: CmdRsp, data: {'opcode': 171, 'status': 0, 'data': bytearray(b'\x1e\x00\x00\x00')}}
2019-08-09 20:05:52,496 - INFO - tty.usbmodem0006822145041: PacketSend: {'token': 30}
2019-08-09 20:05:52,498 - DEBUG - tty.usbmodem0006822145041: RX: 05d21d000000
2019-08-09 20:05:52,498 - DEBUG - tty.usbmodem0006822145041: parsed_packet {event: MeshTxComplete, data: {'token': 29}}
2019-08-09 20:05:52,498 - INFO - tty.usbmodem0006822145041: {event: MeshTxComplete, data: {'token': 29}}
2019-08-09 20:05:52,516 - DEBUG - tty.usbmodem0006822145041: Writing: 171 bytearray(b'\x00\x00\x01\x00\x06\x00\x08\x00\x00\x00\x82\x01')
2019-08-09 20:05:52,516 - DEBUG - tty.usbmodem0006822145041: TX: 0dab000001000600080000008201
2019-08-09 20:05:52,518 - DEBUG - tty.usbmodem0006822145041: RX: 05d21e000000
2019-08-09 20:05:52,518 - DEBUG - tty.usbmodem0006822145041: parsed_packet {event: MeshTxComplete, data: {'token': 30}}
2019-08-09 20:05:52,519 - INFO - tty.usbmodem0006822145041: {event: MeshTxComplete, data: {'token': 30}}
2019-08-09 20:05:52,520 - DEBUG - tty.usbmodem0006822145041: RX: 0784ab001f000000
2019-08-09 20:05:52,521 - DEBUG - tty.usbmodem0006822145041: parsed_packet {event: CmdRsp, data: {'opcode': 171, 'status': 0, 'data': bytearray(b'\x1f\x00\x00\x00')}}
2019-08-09 20:05:52,521 - INFO - tty.usbmodem0006822145041: PacketSend: {'token': 31}
2019-08-09 20:05:52,541 - DEBUG - tty.usbmodem0006822145041: Writing: 171 bytearray(b'\x00\x00\x01\x00\x07\x00\x08\x00\x00\x00\x82\x01')
2019-08-09 20:05:52,541 - DEBUG - tty.usbmodem0006822145041: RX: 05d21f000000
2019-08-09 20:05:52,541 - DEBUG - tty.usbmodem0006822145041: TX: 0dab000001000700080000008201
2019-08-09 20:05:52,541 - DEBUG - tty.usbmodem0006822145041: parsed_packet {event: MeshTxComplete, data: {'token': 31}}
2019-08-09 20:05:52,541 - INFO - tty.usbmodem0006822145041: {event: MeshTxComplete, data: {'token': 31}}
2019-08-09 20:05:52,545 - DEBUG - tty.usbmodem0006822145041: RX: 0784ab0020000000
2019-08-09 20:05:52,546 - DEBUG - tty.usbmodem0006822145041: parsed_packet {event: CmdRsp, data: {'opcode': 171, 'status': 0, 'data': bytearray(b' \x00\x00\x00')}}
2019-08-09 20:05:52,546 - INFO - tty.usbmodem0006822145041: PacketSend: {'token': 32}
2019-08-09 20:05:52,566 - DEBUG - tty.usbmodem0006822145041: Writing: 171 bytearray(b'\x00\x00\x01\x00\x08\x00\x08\x00\x00\x00\x82\x01')
2019-08-09 20:05:52,567 - DEBUG - tty.usbmodem0006822145041: TX: 0dab000001000800080000008201
2019-08-09 20:05:52,568 - DEBUG - tty.usbmodem0006822145041: RX: 05d220000000
2019-08-09 20:05:52,568 - DEBUG - tty.usbmodem0006822145041: parsed_packet {event: MeshTxComplete, data: {'token': 32}}
2019-08-09 20:05:52,568 - INFO - tty.usbmodem0006822145041: {event: MeshTxComplete, data: {'token': 32}}
2019-08-09 20:05:52,571 - DEBUG - tty.usbmodem0006822145041: RX: 0784ab0021000000
2019-08-09 20:05:52,571 - DEBUG - tty.usbmodem0006822145041: parsed_packet {event: CmdRsp, data: {'opcode': 171, 'status': 0, 'data': bytearray(b'!\x00\x00\x00')}}
2019-08-09 20:05:52,572 - INFO - tty.usbmodem0006822145041: PacketSend: {'token': 33}
2019-08-09 20:05:52,591 - DEBUG - tty.usbmodem0006822145041: RX: 05d221000000
2019-08-09 20:05:52,591 - DEBUG - tty.usbmodem0006822145041: parsed_packet {event: MeshTxComplete, data: {'token': 33}}
2019-08-09 20:05:52,591 - INFO - tty.usbmodem0006822145041: {event: MeshTxComplete, data: {'token': 33}}
2019-08-09 20:05:52,592 - DEBUG - tty.usbmodem0006822145041: Writing: 171 bytearray(b'\x00\x00\x01\x00\t\x00\x08\x00\x00\x00\x82\x01')
2019-08-09 20:05:52,592 - DEBUG - tty.usbmodem0006822145041: TX: 0dab000001000900080000008201
2019-08-09 20:05:52,596 - DEBUG - tty.usbmodem0006822145041: RX: 0784ab0022000000
2019-08-09 20:05:52,596 - DEBUG - tty.usbmodem0006822145041: parsed_packet {event: CmdRsp, data: {'opcode': 171, 'status': 0, 'data': bytearray(b'"\x00\x00\x00')}}
2019-08-09 20:05:52,596 - INFO - tty.usbmodem0006822145041: PacketSend: {'token': 34}
2019-08-09 20:05:52,615 - DEBUG - tty.usbmodem0006822145041: RX: 05d222000000
2019-08-09 20:05:52,615 - DEBUG - tty.usbmodem0006822145041: parsed_packet {event: MeshTxComplete, data: {'token': 34}}
2019-08-09 20:05:52,615 - DEBUG - tty.usbmodem0006822145041: Writing: 171 bytearray(b'\x00\x00\x01\x00\n\x00\x08\x00\x00\x00\x82\x01')
2019-08-09 20:05:52,616 - INFO - tty.usbmodem0006822145041: {event: MeshTxComplete, data: {'token': 34}}
2019-08-09 20:05:52,616 - DEBUG - tty.usbmodem0006822145041: TX: 0dab000001000a00080000008201
2019-08-09 20:05:52,620 - DEBUG - tty.usbmodem0006822145041: RX: 0784ab0023000000
2019-08-09 20:05:52,620 - DEBUG - tty.usbmodem0006822145041: parsed_packet {event: CmdRsp, data: {'opcode': 171, 'status': 0, 'data': bytearray(b'#\x00\x00\x00')}}
2019-08-09 20:05:52,620 - INFO - tty.usbmodem0006822145041: PacketSend: {'token': 35}
2019-08-09 20:05:52,639 - DEBUG - tty.usbmodem0006822145041: Writing: 171 bytearray(b'\x00\x00\x01\x00\x0b\x00\x08\x00\x00\x00\x82\x01')
2019-08-09 20:05:52,639 - DEBUG - tty.usbmodem0006822145041: TX: 0dab000001000b00080000008201
2019-08-09 20:05:52,643 - DEBUG - tty.usbmodem0006822145041: RX: 0784ab0024000000
2019-08-09 20:05:52,643 - DEBUG - tty.usbmodem0006822145041: parsed_packet {event: CmdRsp, data: {'opcode': 171, 'status': 0, 'data': bytearray(b'$\x00\x00\x00')}}
2019-08-09 20:05:52,643 - INFO - tty.usbmodem0006822145041: PacketSend: {'token': 36}
2019-08-09 20:05:52,644 - DEBUG - tty.usbmodem0006822145041: RX: 05d223000000
2019-08-09 20:05:52,644 - DEBUG - tty.usbmodem0006822145041: parsed_packet {event: MeshTxComplete, data: {'token': 35}}
2019-08-09 20:05:52,644 - INFO - tty.usbmodem0006822145041: {event: MeshTxComplete, data: {'token': 35}}
2019-08-09 20:05:52,662 - DEBUG - tty.usbmodem0006822145041: Writing: 171 bytearray(b'\x00\x00\x01\x00\x0c\x00\x08\x00\x00\x00\x82\x01')
2019-08-09 20:05:52,663 - DEBUG - tty.usbmodem0006822145041: TX: 0dab000001000c00080000008201
2019-08-09 20:05:52,667 - DEBUG - tty.usbmodem0006822145041: RX: 0784ab0025000000
2019-08-09 20:05:52,667 - DEBUG - tty.usbmodem0006822145041: parsed_packet {event: CmdRsp, data: {'opcode': 171, 'status': 0, 'data': bytearray(b'%\x00\x00\x00')}}
2019-08-09 20:05:52,668 - INFO - tty.usbmodem0006822145041: PacketSend: {'token': 37}
2019-08-09 20:05:52,670 - DEBUG - tty.usbmodem0006822145041: RX: 05d224000000
2019-08-09 20:05:52,670 - DEBUG - tty.usbmodem0006822145041: parsed_packet {event: MeshTxComplete, data: {'token': 36}}
2019-08-09 20:05:52,670 - INFO - tty.usbmodem0006822145041: {event: MeshTxComplete, data: {'token': 36}}
2019-08-09 20:05:52,687 - DEBUG - tty.usbmodem0006822145041: Writing: 171 bytearray(b'\x00\x00\x01\x00\r\x00\x08\x00\x00\x00\x82\x01')
2019-08-09 20:05:52,687 - DEBUG - tty.usbmodem0006822145041: TX: 0dab000001000d00080000008201
2019-08-09 20:05:52,691 - DEBUG - tty.usbmodem0006822145041: RX: 0784ab0026000000
2019-08-09 20:05:52,691 - DEBUG - tty.usbmodem0006822145041: parsed_packet {event: CmdRsp, data: {'opcode': 171, 'status': 0, 'data': bytearray(b'&\x00\x00\x00')}}
2019-08-09 20:05:52,691 - INFO - tty.usbmodem0006822145041: PacketSend: {'token': 38}
2019-08-09 20:05:52,694 - DEBUG - tty.usbmodem0006822145041: RX: 05d225000000
2019-08-09 20:05:52,694 - DEBUG - tty.usbmodem0006822145041: parsed_packet {event: MeshTxComplete, data: {'token': 37}}
2019-08-09 20:05:52,695 - INFO - tty.usbmodem0006822145041: {event: MeshTxComplete, data: {'token': 37}}
2019-08-09 20:05:52,711 - DEBUG - tty.usbmodem0006822145041: Writing: 171 bytearray(b'\x00\x00\x01\x00\x0e\x00\x08\x00\x00\x00\x82\x01')
2019-08-09 20:05:52,712 - DEBUG - tty.usbmodem0006822145041: TX: 0dab000001000e00080000008201
2019-08-09 20:05:52,716 - DEBUG - tty.usbmodem0006822145041: RX: 0784ab0027000000
2019-08-09 20:05:52,716 - DEBUG - tty.usbmodem0006822145041: parsed_packet {event: CmdRsp, data: {'opcode': 171, 'status': 0, 'data': bytearray(b"\'\x00\x00\x00")}}
2019-08-09 20:05:52,716 - INFO - tty.usbmodem0006822145041: PacketSend: {'token': 39}
2019-08-09 20:05:52,717 - DEBUG - tty.usbmodem0006822145041: RX: 05d226000000
2019-08-09 20:05:52,717 - DEBUG - tty.usbmodem0006822145041: parsed_packet {event: MeshTxComplete, data: {'token': 38}}
2019-08-09 20:05:52,717 - INFO - tty.usbmodem0006822145041: {event: MeshTxComplete, data: {'token': 38}}
2019-08-09 20:05:52,744 - DEBUG - tty.usbmodem0006822145041: RX: 05d227000000
2019-08-09 20:05:52,744 - DEBUG - tty.usbmodem0006822145041: parsed_packet {event: MeshTxComplete, data: {'token': 39}}
2019-08-09 20:05:52,744 - INFO - tty.usbmodem0006822145041: {event: MeshTxComplete, data: {'token': 39}}
2019-08-09 20:05:57,047 - DEBUG - tty.usbmodem0006822145041.GenericOnOffClient: Sending opcode: 8201, data: 
2019-08-09 20:05:57,048 - DEBUG - tty.usbmodem0006822145041.GenericOnOffClient: Sending opcode: 8201, data: 
2019-08-09 20:05:57,048 - DEBUG - tty.usbmodem0006822145041: Writing: 171 bytearray(b'\x00\x00\x01\x00\x02\x00\x08\x00\x00\x00\x82\x01')
2019-08-09 20:05:57,048 - DEBUG - tty.usbmodem0006822145041.GenericOnOffClient: Sending opcode: 8201, data: 
2019-08-09 20:05:57,049 - DEBUG - tty.usbmodem0006822145041: TX: 0dab000001000200080000008201
2019-08-09 20:05:57,049 - DEBUG - tty.usbmodem0006822145041.GenericOnOffClient: Sending opcode: 8201, data: 
2019-08-09 20:05:57,049 - DEBUG - tty.usbmodem0006822145041.GenericOnOffClient: Sending opcode: 8201, data: 
2019-08-09 20:05:57,050 - DEBUG - tty.usbmodem0006822145041.GenericOnOffClient: Sending opcode: 8201, data: 
2019-08-09 20:05:57,050 - DEBUG - tty.usbmodem0006822145041.GenericOnOffClient: Sending opcode: 8201, data: 
2019-08-09 20:05:57,052 - DEBUG - tty.usbmodem0006822145041: RX: 0784ab0028000000
2019-08-09 20:05:57,062 - DEBUG - tty.usbmodem0006822145041: parsed_packet {event: CmdRsp, data: {'opcode': 171, 'status': 0, 'data': bytearray(b'(\x00\x00\x00')}}
2019-08-09 20:05:57,061 - DEBUG - tty.usbmodem0006822145041.GenericOnOffClient: Sending opcode: 8201, data: 
2019-08-09 20:05:57,064 - INFO - tty.usbmodem0006822145041: PacketSend: {'token': 40}
2019-08-09 20:05:57,064 - DEBUG - tty.usbmodem0006822145041.GenericOnOffClient: Sending opcode: 8201, data: 
2019-08-09 20:05:57,065 - DEBUG - tty.usbmodem0006822145041.GenericOnOffClient: Sending opcode: 8201, data: 
2019-08-09 20:05:57,065 - DEBUG - tty.usbmodem0006822145041.GenericOnOffClient: Sending opcode: 8201, data: 
2019-08-09 20:05:57,065 - DEBUG - tty.usbmodem0006822145041.GenericOnOffClient: Sending opcode: 8201, data: 
2019-08-09 20:05:57,065 - DEBUG - tty.usbmodem0006822145041.GenericOnOffClient: Sending opcode: 8201, data: 
2019-08-09 20:05:57,074 - DEBUG - tty.usbmodem0006822145041: RX: 05d228000000
2019-08-09 20:05:57,074 - DEBUG - tty.usbmodem0006822145041: parsed_packet {event: MeshTxComplete, data: {'token': 40}}
2019-08-09 20:05:57,074 - DEBUG - tty.usbmodem0006822145041: Writing: 171 bytearray(b'\x00\x00\x01\x00\x03\x00\x08\x00\x00\x00\x82\x01')
2019-08-09 20:05:57,074 - INFO - tty.usbmodem0006822145041: {event: MeshTxComplete, data: {'token': 40}}
2019-08-09 20:05:57,075 - DEBUG - tty.usbmodem0006822145041: TX: 0dab000001000300080000008201
2019-08-09 20:05:57,076 - DEBUG - tty.usbmodem0006822145041: RX: 17d011000100000000007f01cb6e5fd50bd8ca0300820400
2019-08-09 20:05:57,076 - DEBUG - tty.usbmodem0006822145041: parsed_packet {event: MeshMessageReceivedUnicast, data: {'src': 17, 'dst': 1, 'appkey_handle': 0, 'subnet_handle': 0, 'ttl': 127, 'adv_addr_type': 1, 'adv_addr': bytearray(b'\xcbn_\xd5\x0b\xd8'), 'rssi': -54, 'actual_length': 3, 'data': bytearray(b'\x82\x04\x00')}}
2019-08-09 20:05:57,089 - INFO - tty.usbmodem0006822145041.GenericOnOffClient: Status Present OnOff: off
2019-08-09 20:05:57,089 - INFO - tty.usbmodem0006822145041: {event: MeshMessageReceivedUnicast, data: {'src': 17, 'dst': 1, 'appkey_handle': 0, 'subnet_handle': 0, 'ttl': 127, 'adv_addr_type': 1, 'adv_addr': bytearray(b'\xcbn_\xd5\x0b\xd8'), 'rssi': -54, 'actual_length': 3, 'data': bytearray(b'\x82\x04\x00')}}
2019-08-09 20:05:57,090 - DEBUG - tty.usbmodem0006822145041: RX: 0784ab0029000000
2019-08-09 20:05:57,090 - DEBUG - tty.usbmodem0006822145041: parsed_packet {event: CmdRsp, data: {'opcode': 171, 'status': 0, 'data': bytearray(b')\x00\x00\x00')}}
2019-08-09 20:05:57,094 - INFO - tty.usbmodem0006822145041: PacketSend: {'token': 41}
2019-08-09 20:05:57,098 - DEBUG - tty.usbmodem0006822145041: Writing: 171 bytearray(b'\x00\x00\x01\x00\x04\x00\x08\x00\x00\x00\x82\x01')
2019-08-09 20:05:57,099 - DEBUG - tty.usbmodem0006822145041: TX: 0dab000001000400080000008201
2019-08-09 20:05:57,099 - DEBUG - tty.usbmodem0006822145041: RX: 05d229000000
2019-08-09 20:05:57,099 - DEBUG - tty.usbmodem0006822145041: parsed_packet {event: MeshTxComplete, data: {'token': 41}}
2019-08-09 20:05:57,100 - INFO - tty.usbmodem0006822145041: {event: MeshTxComplete, data: {'token': 41}}
2019-08-09 20:05:57,101 - DEBUG - tty.usbmodem0006822145041: RX: 17d012000100000000007f01cb6e5fd50bd8c90300820400
2019-08-09 20:05:57,101 - DEBUG - tty.usbmodem0006822145041: parsed_packet {event: MeshMessageReceivedUnicast, data: {'src': 18, 'dst': 1, 'appkey_handle': 0, 'subnet_handle': 0, 'ttl': 127, 'adv_addr_type': 1, 'adv_addr': bytearray(b'\xcbn_\xd5\x0b\xd8'), 'rssi': -55, 'actual_length': 3, 'data': bytearray(b'\x82\x04\x00')}}
2019-08-09 20:05:57,101 - INFO - tty.usbmodem0006822145041.GenericOnOffClient: Status Present OnOff: off
2019-08-09 20:05:57,101 - INFO - tty.usbmodem0006822145041: {event: MeshMessageReceivedUnicast, data: {'src': 18, 'dst': 1, 'appkey_handle': 0, 'subnet_handle': 0, 'ttl': 127, 'adv_addr_type': 1, 'adv_addr': bytearray(b'\xcbn_\xd5\x0b\xd8'), 'rssi': -55, 'actual_length': 3, 'data': bytearray(b'\x82\x04\x00')}}
2019-08-09 20:05:57,102 - DEBUG - tty.usbmodem0006822145041: RX: 0784ab002a000000
2019-08-09 20:05:57,102 - DEBUG - tty.usbmodem0006822145041: parsed_packet {event: CmdRsp, data: {'opcode': 171, 'status': 0, 'data': bytearray(b'*\x00\x00\x00')}}
2019-08-09 20:05:57,102 - INFO - tty.usbmodem0006822145041: PacketSend: {'token': 42}
2019-08-09 20:05:57,120 - DEBUG - tty.usbmodem0006822145041: Writing: 171 bytearray(b'\x00\x00\x01\x00\x05\x00\x08\x00\x00\x00\x82\x01')
2019-08-09 20:05:57,121 - DEBUG - tty.usbmodem0006822145041: TX: 0dab000001000500080000008201
2019-08-09 20:05:57,125 - DEBUG - tty.usbmodem0006822145041: RX: 05d22a000000
2019-08-09 20:05:57,125 - DEBUG - tty.usbmodem0006822145041: parsed_packet {event: MeshTxComplete, data: {'token': 42}}
2019-08-09 20:05:57,126 - INFO - tty.usbmodem0006822145041: {event: MeshTxComplete, data: {'token': 42}}
2019-08-09 20:05:57,126 - DEBUG - tty.usbmodem0006822145041: RX: 0784ab002b000000
2019-08-09 20:05:57,127 - DEBUG - tty.usbmodem0006822145041: parsed_packet {event: CmdRsp, data: {'opcode': 171, 'status': 0, 'data': bytearray(b'+\x00\x00\x00')}}
2019-08-09 20:05:57,127 - INFO - tty.usbmodem0006822145041: PacketSend: {'token': 43}
2019-08-09 20:05:57,132 - DEBUG - tty.usbmodem0006822145041: RX: 17d013000100000000007f01cb6e5fd50bd8c80300820400
2019-08-09 20:05:57,132 - DEBUG - tty.usbmodem0006822145041: parsed_packet {event: MeshMessageReceivedUnicast, data: {'src': 19, 'dst': 1, 'appkey_handle': 0, 'subnet_handle': 0, 'ttl': 127, 'adv_addr_type': 1, 'adv_addr': bytearray(b'\xcbn_\xd5\x0b\xd8'), 'rssi': -56, 'actual_length': 3, 'data': bytearray(b'\x82\x04\x00')}}
2019-08-09 20:05:57,132 - INFO - tty.usbmodem0006822145041.GenericOnOffClient: Status Present OnOff: off
2019-08-09 20:05:57,133 - INFO - tty.usbmodem0006822145041: {event: MeshMessageReceivedUnicast, data: {'src': 19, 'dst': 1, 'appkey_handle': 0, 'subnet_handle': 0, 'ttl': 127, 'adv_addr_type': 1, 'adv_addr': bytearray(b'\xcbn_\xd5\x0b\xd8'), 'rssi': -56, 'actual_length': 3, 'data': bytearray(b'\x82\x04\x00')}}
2019-08-09 20:05:57,146 - DEBUG - tty.usbmodem0006822145041: Writing: 171 bytearray(b'\x00\x00\x01\x00\x06\x00\x08\x00\x00\x00\x82\x01')
2019-08-09 20:05:57,147 - DEBUG - tty.usbmodem0006822145041: TX: 0dab000001000600080000008201
2019-08-09 20:05:57,149 - DEBUG - tty.usbmodem0006822145041: RX: 05d22b000000
2019-08-09 20:05:57,149 - DEBUG - tty.usbmodem0006822145041: parsed_packet {event: MeshTxComplete, data: {'token': 43}}
2019-08-09 20:05:57,149 - INFO - tty.usbmodem0006822145041: {event: MeshTxComplete, data: {'token': 43}}
2019-08-09 20:05:57,151 - DEBUG - tty.usbmodem0006822145041: RX: 0784ab002c000000
2019-08-09 20:05:57,151 - DEBUG - tty.usbmodem0006822145041: parsed_packet {event: CmdRsp, data: {'opcode': 171, 'status': 0, 'data': bytearray(b',\x00\x00\x00')}}
2019-08-09 20:05:57,151 - INFO - tty.usbmodem0006822145041: PacketSend: {'token': 44}
2019-08-09 20:05:57,158 - DEBUG - tty.usbmodem0006822145041: RX: 17d014000100000000007f01cb6e5fd50bd8c90300820400
2019-08-09 20:05:57,159 - DEBUG - tty.usbmodem0006822145041: parsed_packet {event: MeshMessageReceivedUnicast, data: {'src': 20, 'dst': 1, 'appkey_handle': 0, 'subnet_handle': 0, 'ttl': 127, 'adv_addr_type': 1, 'adv_addr': bytearray(b'\xcbn_\xd5\x0b\xd8'), 'rssi': -55, 'actual_length': 3, 'data': bytearray(b'\x82\x04\x00')}}
2019-08-09 20:05:57,159 - INFO - tty.usbmodem0006822145041.GenericOnOffClient: Status Present OnOff: off
2019-08-09 20:05:57,159 - INFO - tty.usbmodem0006822145041: {event: MeshMessageReceivedUnicast, data: {'src': 20, 'dst': 1, 'appkey_handle': 0, 'subnet_handle': 0, 'ttl': 127, 'adv_addr_type': 1, 'adv_addr': bytearray(b'\xcbn_\xd5\x0b\xd8'), 'rssi': -55, 'actual_length': 3, 'data': bytearray(b'\x82\x04\x00')}}
2019-08-09 20:05:57,169 - DEBUG - tty.usbmodem0006822145041: Writing: 171 bytearray(b'\x00\x00\x01\x00\x07\x00\x08\x00\x00\x00\x82\x01')
2019-08-09 20:05:57,170 - DEBUG - tty.usbmodem0006822145041: TX: 0dab000001000700080000008201
2019-08-09 20:05:57,170 - DEBUG - tty.usbmodem0006822145041: RX: 05d22c000000
2019-08-09 20:05:57,171 - DEBUG - tty.usbmodem0006822145041: parsed_packet {event: MeshTxComplete, data: {'token': 44}}
2019-08-09 20:05:57,171 - INFO - tty.usbmodem0006822145041: {event: MeshTxComplete, data: {'token': 44}}
2019-08-09 20:05:57,173 - DEBUG - tty.usbmodem0006822145041: RX: 0784ab002d000000
2019-08-09 20:05:57,173 - DEBUG - tty.usbmodem0006822145041: parsed_packet {event: CmdRsp, data: {'opcode': 171, 'status': 0, 'data': bytearray(b'-\x00\x00\x00')}}
2019-08-09 20:05:57,173 - INFO - tty.usbmodem0006822145041: PacketSend: {'token': 45}
2019-08-09 20:05:57,184 - DEBUG - tty.usbmodem0006822145041: RX: 17d015000100000000007f01cb6e5fd50bd8c90300820400
2019-08-09 20:05:57,191 - DEBUG - tty.usbmodem0006822145041: Writing: 171 bytearray(b'\x00\x00\x01\x00\x08\x00\x08\x00\x00\x00\x82\x01')
2019-08-09 20:05:57,196 - DEBUG - tty.usbmodem0006822145041: TX: 0dab000001000800080000008201
2019-08-09 20:05:57,195 - DEBUG - tty.usbmodem0006822145041: parsed_packet {event: MeshMessageReceivedUnicast, data: {'src': 21, 'dst': 1, 'appkey_handle': 0, 'subnet_handle': 0, 'ttl': 127, 'adv_addr_type': 1, 'adv_addr': bytearray(b'\xcbn_\xd5\x0b\xd8'), 'rssi': -55, 'actual_length': 3, 'data': bytearray(b'\x82\x04\x00')}}
2019-08-09 20:05:57,198 - INFO - tty.usbmodem0006822145041.GenericOnOffClient: Status Present OnOff: off
2019-08-09 20:05:57,199 - INFO - tty.usbmodem0006822145041: {event: MeshMessageReceivedUnicast, data: {'src': 21, 'dst': 1, 'appkey_handle': 0, 'subnet_handle': 0, 'ttl': 127, 'adv_addr_type': 1, 'adv_addr': bytearray(b'\xcbn_\xd5\x0b\xd8'), 'rssi': -55, 'actual_length': 3, 'data': bytearray(b'\x82\x04\x00')}}
2019-08-09 20:05:57,199 - DEBUG - tty.usbmodem0006822145041: RX: 05d22d000000
2019-08-09 20:05:57,199 - DEBUG - tty.usbmodem0006822145041: parsed_packet {event: MeshTxComplete, data: {'token': 45}}
2019-08-09 20:05:57,199 - INFO - tty.usbmodem0006822145041: {event: MeshTxComplete, data: {'token': 45}}
2019-08-09 20:05:57,201 - DEBUG - tty.usbmodem0006822145041: RX: 0784ab002e000000
2019-08-09 20:05:57,201 - DEBUG - tty.usbmodem0006822145041: parsed_packet {event: CmdRsp, data: {'opcode': 171, 'status': 0, 'data': bytearray(b'.\x00\x00\x00')}}
2019-08-09 20:05:57,202 - INFO - tty.usbmodem0006822145041: PacketSend: {'token': 46}
2019-08-09 20:05:57,208 - DEBUG - tty.usbmodem0006822145041: RX: 17d016000100000000007f01cb6e5fd50bd8c90300820400
2019-08-09 20:05:57,208 - DEBUG - tty.usbmodem0006822145041: parsed_packet {event: MeshMessageReceivedUnicast, data: {'src': 22, 'dst': 1, 'appkey_handle': 0, 'subnet_handle': 0, 'ttl': 127, 'adv_addr_type': 1, 'adv_addr': bytearray(b'\xcbn_\xd5\x0b\xd8'), 'rssi': -55, 'actual_length': 3, 'data': bytearray(b'\x82\x04\x00')}}
2019-08-09 20:05:57,209 - INFO - tty.usbmodem0006822145041.GenericOnOffClient: Status Present OnOff: off
2019-08-09 20:05:57,209 - INFO - tty.usbmodem0006822145041: {event: MeshMessageReceivedUnicast, data: {'src': 22, 'dst': 1, 'appkey_handle': 0, 'subnet_handle': 0, 'ttl': 127, 'adv_addr_type': 1, 'adv_addr': bytearray(b'\xcbn_\xd5\x0b\xd8'), 'rssi': -55, 'actual_length': 3, 'data': bytearray(b'\x82\x04\x00')}}
2019-08-09 20:05:57,219 - DEBUG - tty.usbmodem0006822145041: Writing: 171 bytearray(b'\x00\x00\x01\x00\t\x00\x08\x00\x00\x00\x82\x01')
2019-08-09 20:05:57,226 - DEBUG - tty.usbmodem0006822145041: RX: 05d22e000000
2019-08-09 20:05:57,226 - DEBUG - tty.usbmodem0006822145041: TX: 0dab000001000900080000008201
2019-08-09 20:05:57,227 - DEBUG - tty.usbmodem0006822145041: parsed_packet {event: MeshTxComplete, data: {'token': 46}}
2019-08-09 20:05:57,227 - INFO - tty.usbmodem0006822145041: {event: MeshTxComplete, data: {'token': 46}}
2019-08-09 20:05:57,232 - DEBUG - tty.usbmodem0006822145041: RX: 17d017000100000000007f01cb6e5fd50bd8c80300820400
2019-08-09 20:05:57,232 - DEBUG - tty.usbmodem0006822145041: parsed_packet {event: MeshMessageReceivedUnicast, data: {'src': 23, 'dst': 1, 'appkey_handle': 0, 'subnet_handle': 0, 'ttl': 127, 'adv_addr_type': 1, 'adv_addr': bytearray(b'\xcbn_\xd5\x0b\xd8'), 'rssi': -56, 'actual_length': 3, 'data': bytearray(b'\x82\x04\x00')}}
2019-08-09 20:05:57,232 - INFO - tty.usbmodem0006822145041.GenericOnOffClient: Status Present OnOff: off
2019-08-09 20:05:57,233 - INFO - tty.usbmodem0006822145041: {event: MeshMessageReceivedUnicast, data: {'src': 23, 'dst': 1, 'appkey_handle': 0, 'subnet_handle': 0, 'ttl': 127, 'adv_addr_type': 1, 'adv_addr': bytearray(b'\xcbn_\xd5\x0b\xd8'), 'rssi': -56, 'actual_length': 3, 'data': bytearray(b'\x82\x04\x00')}}
2019-08-09 20:05:57,233 - DEBUG - tty.usbmodem0006822145041: RX: 0784ab002f000000
2019-08-09 20:05:57,233 - DEBUG - tty.usbmodem0006822145041: parsed_packet {event: CmdRsp, data: {'opcode': 171, 'status': 0, 'data': bytearray(b'/\x00\x00\x00')}}
2019-08-09 20:05:57,233 - INFO - tty.usbmodem0006822145041: PacketSend: {'token': 47}
2019-08-09 20:05:57,244 - DEBUG - tty.usbmodem0006822145041: RX: 05d22f000000
2019-08-09 20:05:57,244 - DEBUG - tty.usbmodem0006822145041: parsed_packet {event: MeshTxComplete, data: {'token': 47}}
2019-08-09 20:05:57,245 - INFO - tty.usbmodem0006822145041: {event: MeshTxComplete, data: {'token': 47}}
2019-08-09 20:05:57,250 - DEBUG - tty.usbmodem0006822145041: Writing: 171 bytearray(b'\x00\x00\x01\x00\n\x00\x08\x00\x00\x00\x82\x01')
2019-08-09 20:05:57,250 - DEBUG - tty.usbmodem0006822145041: TX: 0dab000001000a00080000008201
2019-08-09 20:05:57,255 - DEBUG - tty.usbmodem0006822145041: RX: 17d018000100000000007f01cb6e5fd50bd8c90300820400
2019-08-09 20:05:57,255 - DEBUG - tty.usbmodem0006822145041: parsed_packet {event: MeshMessageReceivedUnicast, data: {'src': 24, 'dst': 1, 'appkey_handle': 0, 'subnet_handle': 0, 'ttl': 127, 'adv_addr_type': 1, 'adv_addr': bytearray(b'\xcbn_\xd5\x0b\xd8'), 'rssi': -55, 'actual_length': 3, 'data': bytearray(b'\x82\x04\x00')}}
2019-08-09 20:05:57,261 - INFO - tty.usbmodem0006822145041.GenericOnOffClient: Status Present OnOff: off
2019-08-09 20:05:57,262 - INFO - tty.usbmodem0006822145041: {event: MeshMessageReceivedUnicast, data: {'src': 24, 'dst': 1, 'appkey_handle': 0, 'subnet_handle': 0, 'ttl': 127, 'adv_addr_type': 1, 'adv_addr': bytearray(b'\xcbn_\xd5\x0b\xd8'), 'rssi': -55, 'actual_length': 3, 'data': bytearray(b'\x82\x04\x00')}}
2019-08-09 20:05:57,262 - DEBUG - tty.usbmodem0006822145041: RX: 0784ab0030000000
2019-08-09 20:05:57,262 - DEBUG - tty.usbmodem0006822145041: parsed_packet {event: CmdRsp, data: {'opcode': 171, 'status': 0, 'data': bytearray(b'0\x00\x00\x00')}}
2019-08-09 20:05:57,262 - INFO - tty.usbmodem0006822145041: PacketSend: {'token': 48}
2019-08-09 20:05:57,265 - DEBUG - tty.usbmodem0006822145041: RX: 05d230000000
2019-08-09 20:05:57,265 - DEBUG - tty.usbmodem0006822145041: parsed_packet {event: MeshTxComplete, data: {'token': 48}}
2019-08-09 20:05:57,265 - INFO - tty.usbmodem0006822145041: {event: MeshTxComplete, data: {'token': 48}}
2019-08-09 20:05:57,271 - DEBUG - tty.usbmodem0006822145041: Writing: 171 bytearray(b'\x00\x00\x01\x00\x0b\x00\x08\x00\x00\x00\x82\x01')
2019-08-09 20:05:57,271 - DEBUG - tty.usbmodem0006822145041: TX: 0dab000001000b00080000008201
2019-08-09 20:05:57,274 - DEBUG - tty.usbmodem0006822145041: RX: 0784ab0031000000
2019-08-09 20:05:57,274 - DEBUG - tty.usbmodem0006822145041: parsed_packet {event: CmdRsp, data: {'opcode': 171, 'status': 0, 'data': bytearray(b'1\x00\x00\x00')}}
2019-08-09 20:05:57,274 - INFO - tty.usbmodem0006822145041: PacketSend: {'token': 49}
2019-08-09 20:05:57,279 - DEBUG - tty.usbmodem0006822145041: RX: 17d019000100000000007f01cb6e5fd50bd8c80300820400
2019-08-09 20:05:57,279 - DEBUG - tty.usbmodem0006822145041: parsed_packet {event: MeshMessageReceivedUnicast, data: {'src': 25, 'dst': 1, 'appkey_handle': 0, 'subnet_handle': 0, 'ttl': 127, 'adv_addr_type': 1, 'adv_addr': bytearray(b'\xcbn_\xd5\x0b\xd8'), 'rssi': -56, 'actual_length': 3, 'data': bytearray(b'\x82\x04\x00')}}
2019-08-09 20:05:57,290 - INFO - tty.usbmodem0006822145041.GenericOnOffClient: Status Present OnOff: off
2019-08-09 20:05:57,291 - INFO - tty.usbmodem0006822145041: {event: MeshMessageReceivedUnicast, data: {'src': 25, 'dst': 1, 'appkey_handle': 0, 'subnet_handle': 0, 'ttl': 127, 'adv_addr_type': 1, 'adv_addr': bytearray(b'\xcbn_\xd5\x0b\xd8'), 'rssi': -56, 'actual_length': 3, 'data': bytearray(b'\x82\x04\x00')}}
2019-08-09 20:05:57,292 - DEBUG - tty.usbmodem0006822145041: RX: 05d231000000
2019-08-09 20:05:57,292 - DEBUG - tty.usbmodem0006822145041: parsed_packet {event: MeshTxComplete, data: {'token': 49}}
2019-08-09 20:05:57,292 - INFO - tty.usbmodem0006822145041: {event: MeshTxComplete, data: {'token': 49}}
2019-08-09 20:05:57,295 - DEBUG - tty.usbmodem0006822145041: Writing: 171 bytearray(b'\x00\x00\x01\x00\x0c\x00\x08\x00\x00\x00\x82\x01')
2019-08-09 20:05:57,295 - DEBUG - tty.usbmodem0006822145041: TX: 0dab000001000c00080000008201
2019-08-09 20:05:57,299 - DEBUG - tty.usbmodem0006822145041: RX: 0784ab0032000000
2019-08-09 20:05:57,299 - DEBUG - tty.usbmodem0006822145041: parsed_packet {event: CmdRsp, data: {'opcode': 171, 'status': 0, 'data': bytearray(b'2\x00\x00\x00')}}
2019-08-09 20:05:57,299 - INFO - tty.usbmodem0006822145041: PacketSend: {'token': 50}
2019-08-09 20:05:57,307 - DEBUG - tty.usbmodem0006822145041: RX: 17d01a000100000000007f01cb6e5fd50bd8c80300820400
2019-08-09 20:05:57,307 - DEBUG - tty.usbmodem0006822145041: parsed_packet {event: MeshMessageReceivedUnicast, data: {'src': 26, 'dst': 1, 'appkey_handle': 0, 'subnet_handle': 0, 'ttl': 127, 'adv_addr_type': 1, 'adv_addr': bytearray(b'\xcbn_\xd5\x0b\xd8'), 'rssi': -56, 'actual_length': 3, 'data': bytearray(b'\x82\x04\x00')}}
2019-08-09 20:05:57,307 - INFO - tty.usbmodem0006822145041.GenericOnOffClient: Status Present OnOff: off
2019-08-09 20:05:57,307 - INFO - tty.usbmodem0006822145041: {event: MeshMessageReceivedUnicast, data: {'src': 26, 'dst': 1, 'appkey_handle': 0, 'subnet_handle': 0, 'ttl': 127, 'adv_addr_type': 1, 'adv_addr': bytearray(b'\xcbn_\xd5\x0b\xd8'), 'rssi': -56, 'actual_length': 3, 'data': bytearray(b'\x82\x04\x00')}}
2019-08-09 20:05:57,307 - DEBUG - tty.usbmodem0006822145041: RX: 05d232000000
2019-08-09 20:05:57,307 - DEBUG - tty.usbmodem0006822145041: parsed_packet {event: MeshTxComplete, data: {'token': 50}}
2019-08-09 20:05:57,323 - INFO - tty.usbmodem0006822145041: {event: MeshTxComplete, data: {'token': 50}}
2019-08-09 20:05:57,320 - DEBUG - tty.usbmodem0006822145041: Writing: 171 bytearray(b'\x00\x00\x01\x00\r\x00\x08\x00\x00\x00\x82\x01')
2019-08-09 20:05:57,324 - DEBUG - tty.usbmodem0006822145041: TX: 0dab000001000d00080000008201
2019-08-09 20:05:57,328 - DEBUG - tty.usbmodem0006822145041: RX: 0784ab0033000000
2019-08-09 20:05:57,329 - DEBUG - tty.usbmodem0006822145041: parsed_packet {event: CmdRsp, data: {'opcode': 171, 'status': 0, 'data': bytearray(b'3\x00\x00\x00')}}
2019-08-09 20:05:57,330 - INFO - tty.usbmodem0006822145041: PacketSend: {'token': 51}
2019-08-09 20:05:57,331 - DEBUG - tty.usbmodem0006822145041: RX: 05d233000000
2019-08-09 20:05:57,331 - DEBUG - tty.usbmodem0006822145041: parsed_packet {event: MeshTxComplete, data: {'token': 51}}
2019-08-09 20:05:57,331 - INFO - tty.usbmodem0006822145041: {event: MeshTxComplete, data: {'token': 51}}
2019-08-09 20:05:57,333 - DEBUG - tty.usbmodem0006822145041: RX: 17d01b000100000000007f01cb6e5fd50bd8c80300820400
2019-08-09 20:05:57,335 - DEBUG - tty.usbmodem0006822145041: parsed_packet {event: MeshMessageReceivedUnicast, data: {'src': 27, 'dst': 1, 'appkey_handle': 0, 'subnet_handle': 0, 'ttl': 127, 'adv_addr_type': 1, 'adv_addr': bytearray(b'\xcbn_\xd5\x0b\xd8'), 'rssi': -56, 'actual_length': 3, 'data': bytearray(b'\x82\x04\x00')}}
2019-08-09 20:05:57,336 - INFO - tty.usbmodem0006822145041.GenericOnOffClient: Status Present OnOff: off
2019-08-09 20:05:57,336 - INFO - tty.usbmodem0006822145041: {event: MeshMessageReceivedUnicast, data: {'src': 27, 'dst': 1, 'appkey_handle': 0, 'subnet_handle': 0, 'ttl': 127, 'adv_addr_type': 1, 'adv_addr': bytearray(b'\xcbn_\xd5\x0b\xd8'), 'rssi': -56, 'actual_length': 3, 'data': bytearray(b'\x82\x04\x00')}}
2019-08-09 20:05:57,345 - DEBUG - tty.usbmodem0006822145041: Writing: 171 bytearray(b'\x00\x00\x01\x00\x0e\x00\x08\x00\x00\x00\x82\x01')
2019-08-09 20:05:57,347 - DEBUG - tty.usbmodem0006822145041: TX: 0dab000001000e00080000008201
2019-08-09 20:05:57,351 - DEBUG - tty.usbmodem0006822145041: RX: 0784ab0034000000
2019-08-09 20:05:57,351 - DEBUG - tty.usbmodem0006822145041: parsed_packet {event: CmdRsp, data: {'opcode': 171, 'status': 0, 'data': bytearray(b'4\x00\x00\x00')}}
2019-08-09 20:05:57,351 - INFO - tty.usbmodem0006822145041: PacketSend: {'token': 52}
2019-08-09 20:05:57,354 - DEBUG - tty.usbmodem0006822145041: RX: 05d234000000
2019-08-09 20:05:57,356 - DEBUG - tty.usbmodem0006822145041: parsed_packet {event: MeshTxComplete, data: {'token': 52}}
2019-08-09 20:05:57,356 - INFO - tty.usbmodem0006822145041: {event: MeshTxComplete, data: {'token': 52}}
2019-08-09 20:05:57,363 - DEBUG - tty.usbmodem0006822145041: RX: 17d01c000100000000007f01cb6e5fd50bd8cc0300820400
2019-08-09 20:05:57,364 - DEBUG - tty.usbmodem0006822145041: parsed_packet {event: MeshMessageReceivedUnicast, data: {'src': 28, 'dst': 1, 'appkey_handle': 0, 'subnet_handle': 0, 'ttl': 127, 'adv_addr_type': 1, 'adv_addr': bytearray(b'\xcbn_\xd5\x0b\xd8'), 'rssi': -52, 'actual_length': 3, 'data': bytearray(b'\x82\x04\x00')}}
2019-08-09 20:05:57,364 - INFO - tty.usbmodem0006822145041.GenericOnOffClient: Status Present OnOff: off
2019-08-09 20:05:57,365 - INFO - tty.usbmodem0006822145041: {event: MeshMessageReceivedUnicast, data: {'src': 28, 'dst': 1, 'appkey_handle': 0, 'subnet_handle': 0, 'ttl': 127, 'adv_addr_type': 1, 'adv_addr': bytearray(b'\xcbn_\xd5\x0b\xd8'), 'rssi': -52, 'actual_length': 3, 'data': bytearray(b'\x82\x04\x00')}}
2019-08-09 20:05:57,392 - DEBUG - tty.usbmodem0006822145041: RX: 17d01d000100000000007f01cb6e5fd50bd8c80300820400
2019-08-09 20:05:57,392 - DEBUG - tty.usbmodem0006822145041: parsed_packet {event: MeshMessageReceivedUnicast, data: {'src': 29, 'dst': 1, 'appkey_handle': 0, 'subnet_handle': 0, 'ttl': 127, 'adv_addr_type': 1, 'adv_addr': bytearray(b'\xcbn_\xd5\x0b\xd8'), 'rssi': -56, 'actual_length': 3, 'data': bytearray(b'\x82\x04\x00')}}
2019-08-09 20:05:57,392 - INFO - tty.usbmodem0006822145041.GenericOnOffClient: Status Present OnOff: off
2019-08-09 20:05:57,393 - INFO - tty.usbmodem0006822145041: {event: MeshMessageReceivedUnicast, data: {'src': 29, 'dst': 1, 'appkey_handle': 0, 'subnet_handle': 0, 'ttl': 127, 'adv_addr_type': 1, 'adv_addr': bytearray(b'\xcbn_\xd5\x0b\xd8'), 'rssi': -56, 'actual_length': 3, 'data': bytearray(b'\x82\x04\x00')}}
2019-08-09 20:17:35,166 - DEBUG - tty.usbmodem0006822145041: exited read event
