2019-07-10 11:44:42,844 - DEBUG - tty.usbmodem0006822145041: Writing: 105 bytearray(b'\xf1$\x08\x87\x19E\x1c\xf5J\x88\xe5\x08<\xad~\xc8=tJi\xb2<#P\xd9v\xaf\xe1P\xebu\x93l\xb1;W.\xe1\x0bC9\xcb\x18\xd5\x1b\x17\x84\xfas\xe2\xcf4\x9a\xb5\xbfzZ"\r\x9aV&\xe1\xcez\xe2y\xf7\x81\x11_\x9bj\xa6\xf9Vq^\t\xbdt\xe0M\xc98\x8d\x1e\xb02\x95\xa9gm\x1c\x88\x03')
2019-07-10 11:44:42,844 - DEBUG - tty.usbmodem0006822145041: TX: 6169f124088719451cf54a88e5083cad7ec83d744a69b23c2350d976afe150eb75936cb13b572ee10b4339cb18d51b1784fa73e2cf349ab5bf7a5a220d9a5626e1ce7ae279f781115f9b6aa6f956715e09bd74e04dc9388d1eb03295a9676d1c8803
2019-07-10 11:44:42,854 - DEBUG - tty.usbmodem0006822145041: RX: 03845384
2019-07-10 11:44:42,854 - DEBUG - tty.usbmodem0006822145041: parsed_packet {event: CmdRsp, data: {'opcode': 83, 'status': 132, 'data': bytearray(b'')}}
2019-07-10 11:44:42,854 - ERROR - tty.usbmodem0006822145041: None: ERROR_INVALID_LENGTH
2019-07-10 11:44:42,854 - DEBUG - tty.usbmodem0006822145041: Writing: 159 bytearray(b'\x01\x00\x01\x00')
2019-07-10 11:44:42,855 - DEBUG - tty.usbmodem0006822145041: TX: 059f01000100
2019-07-10 11:44:42,856 - DEBUG - tty.usbmodem0006822145041: RX: 03840084
2019-07-10 11:44:42,856 - DEBUG - tty.usbmodem0006822145041: parsed_packet {event: CmdRsp, data: {'opcode': 0, 'status': 132, 'data': bytearray(b'')}}
2019-07-10 11:44:42,856 - ERROR - tty.usbmodem0006822145041: None: ERROR_INVALID_LENGTH
2019-07-10 11:44:42,856 - DEBUG - tty.usbmodem0006822145041: Writing: 146 bytearray(b'\x00\x00\x18\xee\xd9\xc2\xa5j\xdd\x85\x04\x9f\xfc<Y\xad\x0e\x12')
2019-07-10 11:44:42,857 - DEBUG - tty.usbmodem0006822145041: TX: 1392000018eed9c2a56add85049ffc3c59ad0e12
2019-07-10 11:44:42,857 - DEBUG - tty.usbmodem0006822145041: RX: 03840084
2019-07-10 11:44:42,857 - DEBUG - tty.usbmodem0006822145041: parsed_packet {event: CmdRsp, data: {'opcode': 0, 'status': 132, 'data': bytearray(b'')}}
2019-07-10 11:44:42,857 - ERROR - tty.usbmodem0006822145041: None: ERROR_INVALID_LENGTH
2019-07-10 11:44:42,858 - DEBUG - tty.usbmodem0006822145041: Writing: 151 bytearray(b'\x00\x00\x00\x00Oh\xad\x85\xd9\xf4\x8a\xc8X\x9d\xf6e\xb6\xb4\x9b\x8a')
2019-07-10 11:44:42,858 - DEBUG - tty.usbmodem0006822145041: TX: 1597000000004f68ad85d9f48ac8589df665b6b49b8a
2019-07-10 11:44:42,858 - DEBUG - tty.usbmodem0006822145041: RX: 03840084
2019-07-10 11:44:42,858 - DEBUG - tty.usbmodem0006822145041: parsed_packet {event: CmdRsp, data: {'opcode': 0, 'status': 132, 'data': bytearray(b'')}}
2019-07-10 11:44:42,858 - ERROR - tty.usbmodem0006822145041: None: ERROR_INVALID_LENGTH
2019-07-10 11:44:42,858 - DEBUG - tty.usbmodem0006822145041: Writing: 151 bytearray(b'\x01\x00\x00\x00*\xa2\xa6\xde\xd5\xa0y\x8c\xea\xb5x|\xa3\xae9\xfc')
2019-07-10 11:44:42,859 - DEBUG - tty.usbmodem0006822145041: TX: 1597010000002aa2a6ded5a0798ceab5787ca3ae39fc
2019-07-10 11:44:42,859 - DEBUG - tty.usbmodem0006822145041: RX: 03840084
2019-07-10 11:44:42,859 - DEBUG - tty.usbmodem0006822145041: parsed_packet {event: CmdRsp, data: {'opcode': 0, 'status': 132, 'data': bytearray(b'')}}
2019-07-10 11:44:42,859 - ERROR - tty.usbmodem0006822145041: None: ERROR_INVALID_LENGTH
2019-07-10 11:44:42,859 - DEBUG - tty.usbmodem0006822145041: RX: 03840084
2019-07-10 11:44:42,859 - DEBUG - tty.usbmodem0006822145041: parsed_packet {event: CmdRsp, data: {'opcode': 0, 'status': 132, 'data': bytearray(b'')}}
2019-07-10 11:44:42,860 - ERROR - tty.usbmodem0006822145041: None: ERROR_INVALID_LENGTH
2019-07-10 11:44:42,860 - DEBUG - tty.usbmodem0006822145041: RX: 03840084
2019-07-10 11:44:42,860 - DEBUG - tty.usbmodem0006822145041: parsed_packet {event: CmdRsp, data: {'opcode': 0, 'status': 132, 'data': bytearray(b'')}}
2019-07-10 11:44:42,860 - ERROR - tty.usbmodem0006822145041: None: ERROR_INVALID_LENGTH
2019-07-10 11:44:42,860 - DEBUG - tty.usbmodem0006822145041: RX: 03840084
2019-07-10 11:44:42,860 - DEBUG - tty.usbmodem0006822145041: parsed_packet {event: CmdRsp, data: {'opcode': 0, 'status': 132, 'data': bytearray(b'')}}
2019-07-10 11:44:42,860 - ERROR - tty.usbmodem0006822145041: None: ERROR_INVALID_LENGTH
2019-07-10 11:44:42,861 - DEBUG - tty.usbmodem0006822145041: RX: 03840084
2019-07-10 11:44:42,861 - DEBUG - tty.usbmodem0006822145041: parsed_packet {event: CmdRsp, data: {'opcode': 0, 'status': 132, 'data': bytearray(b'')}}
2019-07-10 11:44:42,861 - ERROR - tty.usbmodem0006822145041: None: ERROR_INVALID_LENGTH
2019-07-10 11:44:42,861 - DEBUG - tty.usbmodem0006822145041: RX: 03840084
2019-07-10 11:44:42,861 - DEBUG - tty.usbmodem0006822145041: parsed_packet {event: CmdRsp, data: {'opcode': 0, 'status': 132, 'data': bytearray(b'')}}
2019-07-10 11:44:42,862 - ERROR - tty.usbmodem0006822145041: None: ERROR_INVALID_LENGTH
2019-07-10 11:44:42,862 - DEBUG - tty.usbmodem0006822145041: RX: 03840084
2019-07-10 11:44:42,862 - DEBUG - tty.usbmodem0006822145041: parsed_packet {event: CmdRsp, data: {'opcode': 0, 'status': 132, 'data': bytearray(b'')}}
2019-07-10 11:44:42,862 - ERROR - tty.usbmodem0006822145041: None: ERROR_INVALID_LENGTH
2019-07-10 11:44:42,862 - DEBUG - tty.usbmodem0006822145041: RX: 03840084
2019-07-10 11:44:42,862 - DEBUG - tty.usbmodem0006822145041: parsed_packet {event: CmdRsp, data: {'opcode': 0, 'status': 132, 'data': bytearray(b'')}}
2019-07-10 11:44:42,862 - ERROR - tty.usbmodem0006822145041: None: ERROR_INVALID_LENGTH
2019-07-10 11:44:42,862 - DEBUG - tty.usbmodem0006822145041: RX: 03840084
2019-07-10 11:44:42,863 - DEBUG - tty.usbmodem0006822145041: parsed_packet {event: CmdRsp, data: {'opcode': 0, 'status': 132, 'data': bytearray(b'')}}
2019-07-10 11:44:42,863 - ERROR - tty.usbmodem0006822145041: None: ERROR_INVALID_LENGTH
2019-07-10 11:44:42,863 - DEBUG - tty.usbmodem0006822145041: RX: 03849f8e
2019-07-10 11:44:42,863 - DEBUG - tty.usbmodem0006822145041: parsed_packet {event: CmdRsp, data: {'opcode': 159, 'status': 142, 'data': bytearray(b'')}}
2019-07-10 11:44:42,863 - ERROR - tty.usbmodem0006822145041: None: ERROR_REJECTED
2019-07-10 11:44:42,863 - DEBUG - tty.usbmodem0006822145041: RX: 03849281
2019-07-10 11:44:42,864 - DEBUG - tty.usbmodem0006822145041: parsed_packet {event: CmdRsp, data: {'opcode': 146, 'status': 129, 'data': bytearray(b'')}}
2019-07-10 11:44:42,864 - ERROR - tty.usbmodem0006822145041: SubnetAdd: ERROR_INTERNAL
2019-07-10 11:44:42,864 - DEBUG - tty.usbmodem0006822145041: RX: 03849781
2019-07-10 11:44:42,864 - DEBUG - tty.usbmodem0006822145041: parsed_packet {event: CmdRsp, data: {'opcode': 151, 'status': 129, 'data': bytearray(b'')}}
2019-07-10 11:44:42,864 - ERROR - tty.usbmodem0006822145041: AppkeyAdd: ERROR_INTERNAL
2019-07-10 11:44:42,865 - DEBUG - tty.usbmodem0006822145041: RX: 03849781
2019-07-10 11:44:42,865 - DEBUG - tty.usbmodem0006822145041: parsed_packet {event: CmdRsp, data: {'opcode': 151, 'status': 129, 'data': bytearray(b'')}}
2019-07-10 11:44:42,865 - ERROR - tty.usbmodem0006822145041: AppkeyAdd: ERROR_INTERNAL
2019-07-10 11:44:43,252 - DEBUG - tty.usbmodem0006822145041: RX: 1ac09db77a0526b8734988639509c242d107cd0001c8639509c2c2
2019-07-10 11:44:43,252 - DEBUG - tty.usbmodem0006822145041: parsed_packet {event: ProvUnprovisionedReceived, data: {'uuid': bytearray(b'\x9d\xb7z\x05&\xb8sI\x88c\x95\t\xc2B\xd1\x07'), 'rssi': -51, 'gatt_supported': 0, 'adv_addr_type': 1, 'adv_addr': bytearray(b'\xc8c\x95\t\xc2\xc2')}}
2019-07-10 11:44:43,252 - INFO - tty.usbmodem0006822145041: {event: ProvUnprovisionedReceived, data: {'uuid': bytearray(b'\x9d\xb7z\x05&\xb8sI\x88c\x95\t\xc2B\xd1\x07'), 'rssi': -51, 'gatt_supported': 0, 'adv_addr_type': 1, 'adv_addr': bytearray(b'\xc8c\x95\t\xc2\xc2')}}
2019-07-10 11:44:43,252 - INFO - tty.usbmodem0006822145041: Received UUID 9db77a0526b8734988639509c242d107 with RSSI: -51 dB
2019-07-10 11:44:45,249 - DEBUG - tty.usbmodem0006822145041: RX: 1ac09db77a0526b8734988639509c242d107c80001c8639509c2c2
2019-07-10 11:44:45,249 - DEBUG - tty.usbmodem0006822145041: parsed_packet {event: ProvUnprovisionedReceived, data: {'uuid': bytearray(b'\x9d\xb7z\x05&\xb8sI\x88c\x95\t\xc2B\xd1\x07'), 'rssi': -56, 'gatt_supported': 0, 'adv_addr_type': 1, 'adv_addr': bytearray(b'\xc8c\x95\t\xc2\xc2')}}
2019-07-10 11:44:45,249 - INFO - tty.usbmodem0006822145041: {event: ProvUnprovisionedReceived, data: {'uuid': bytearray(b'\x9d\xb7z\x05&\xb8sI\x88c\x95\t\xc2B\xd1\x07'), 'rssi': -56, 'gatt_supported': 0, 'adv_addr_type': 1, 'adv_addr': bytearray(b'\xc8c\x95\t\xc2\xc2')}}
2019-07-10 11:44:47,254 - DEBUG - tty.usbmodem0006822145041: RX: 1ac09db77a0526b8734988639509c242d107ca0001c8639509c2c2
2019-07-10 11:44:47,254 - DEBUG - tty.usbmodem0006822145041: parsed_packet {event: ProvUnprovisionedReceived, data: {'uuid': bytearray(b'\x9d\xb7z\x05&\xb8sI\x88c\x95\t\xc2B\xd1\x07'), 'rssi': -54, 'gatt_supported': 0, 'adv_addr_type': 1, 'adv_addr': bytearray(b'\xc8c\x95\t\xc2\xc2')}}
2019-07-10 11:44:47,254 - INFO - tty.usbmodem0006822145041: {event: ProvUnprovisionedReceived, data: {'uuid': bytearray(b'\x9d\xb7z\x05&\xb8sI\x88c\x95\t\xc2B\xd1\x07'), 'rssi': -54, 'gatt_supported': 0, 'adv_addr_type': 1, 'adv_addr': bytearray(b'\xc8c\x95\t\xc2\xc2')}}
2019-07-10 11:44:49,282 - DEBUG - tty.usbmodem0006822145041: RX: 04810200fe
2019-07-10 11:44:49,282 - DEBUG - tty.usbmodem0006822145041: parsed_packet {event: DeviceStarted, data: {'operating_mode': 2, 'hw_error': 0, 'data_credit_available': 254}}
2019-07-10 11:44:49,283 - INFO - tty.usbmodem0006822145041: Device rebooted.
