2019-06-26 12:08:18,102 - DEBUG - tty.usbmodem0006822145041: Writing: 105 bytearray(b'\x00sR\xa2\xe1\xce\x96#\xcf\xc5f\r\xf3\xa2\xb3\xf4Wg\xc2b\xdct\xcc\xb8*\xb3$\xd7\xa4\x1c\xbc\xa3e\xca\xcej\xdb\rz\xaf\xaf_\xae\xdf}\xde\\/\xa3\xd7\x93\xfe\x03\xe8\x9c\xf0b&\xf1\xb5\xa6\x9b1\xff\x08\xdc}k\xef)\x15\xc2,kK7!\xecf!\xdfp\xb5}R\xac\xd9\xe3\x8d\xec\x85\xcf\xf6\x8d\xc4v')
2019-06-26 12:08:18,103 - DEBUG - tty.usbmodem0006822145041: TX: 6169007352a2e1ce9623cfc5660df3a2b3f45767c262dc74ccb82ab324d7a41cbca365cace6adb0d7aafaf5faedf7dde5c2fa3d793fe03e89cf06226f1b5a69b31ff08dc7d6bef2915c22c6b4b3721ec6621df70b57d52acd9e38dec85cff68dc476
2019-06-26 12:08:18,112 - DEBUG - tty.usbmodem0006822145041: RX: 03845384
2019-06-26 12:08:18,113 - DEBUG - tty.usbmodem0006822145041: parsed_packet {event: CmdRsp, data: {'opcode': 83, 'status': 132, 'data': bytearray(b'')}}
2019-06-26 12:08:18,113 - ERROR - tty.usbmodem0006822145041: None: ERROR_INVALID_LENGTH
2019-06-26 12:08:18,113 - DEBUG - tty.usbmodem0006822145041: Writing: 159 bytearray(b'\x01\x00\x01\x00')
2019-06-26 12:08:18,113 - DEBUG - tty.usbmodem0006822145041: TX: 059f01000100
2019-06-26 12:08:18,113 - DEBUG - tty.usbmodem0006822145041: RX: 03840084
2019-06-26 12:08:18,114 - DEBUG - tty.usbmodem0006822145041: parsed_packet {event: CmdRsp, data: {'opcode': 0, 'status': 132, 'data': bytearray(b'')}}
2019-06-26 12:08:18,114 - ERROR - tty.usbmodem0006822145041: None: ERROR_INVALID_LENGTH
2019-06-26 12:08:18,114 - DEBUG - tty.usbmodem0006822145041: Writing: 146 bytearray(b'\x00\x00\x18\xee\xd9\xc2\xa5j\xdd\x85\x04\x9f\xfc<Y\xad\x0e\x12')
2019-06-26 12:08:18,114 - DEBUG - tty.usbmodem0006822145041: TX: 1392000018eed9c2a56add85049ffc3c59ad0e12
2019-06-26 12:08:18,115 - DEBUG - tty.usbmodem0006822145041: RX: 03840084
2019-06-26 12:08:18,115 - DEBUG - tty.usbmodem0006822145041: parsed_packet {event: CmdRsp, data: {'opcode': 0, 'status': 132, 'data': bytearray(b'')}}
2019-06-26 12:08:18,115 - ERROR - tty.usbmodem0006822145041: None: ERROR_INVALID_LENGTH
2019-06-26 12:08:18,115 - DEBUG - tty.usbmodem0006822145041: Writing: 151 bytearray(b'\x00\x00\x00\x00Oh\xad\x85\xd9\xf4\x8a\xc8X\x9d\xf6e\xb6\xb4\x9b\x8a')
2019-06-26 12:08:18,116 - DEBUG - tty.usbmodem0006822145041: RX: 03840084
2019-06-26 12:08:18,116 - DEBUG - tty.usbmodem0006822145041: TX: 1597000000004f68ad85d9f48ac8589df665b6b49b8a
2019-06-26 12:08:18,116 - DEBUG - tty.usbmodem0006822145041: parsed_packet {event: CmdRsp, data: {'opcode': 0, 'status': 132, 'data': bytearray(b'')}}
2019-06-26 12:08:18,118 - ERROR - tty.usbmodem0006822145041: None: ERROR_INVALID_LENGTH
2019-06-26 12:08:18,119 - DEBUG - tty.usbmodem0006822145041: Writing: 151 bytearray(b'\x01\x00\x00\x00*\xa2\xa6\xde\xd5\xa0y\x8c\xea\xb5x|\xa3\xae9\xfc')
2019-06-26 12:08:18,119 - DEBUG - tty.usbmodem0006822145041: TX: 1597010000002aa2a6ded5a0798ceab5787ca3ae39fc
2019-06-26 12:08:18,120 - DEBUG - tty.usbmodem0006822145041: RX: 03840084
2019-06-26 12:08:18,120 - DEBUG - tty.usbmodem0006822145041: parsed_packet {event: CmdRsp, data: {'opcode': 0, 'status': 132, 'data': bytearray(b'')}}
2019-06-26 12:08:18,120 - ERROR - tty.usbmodem0006822145041: None: ERROR_INVALID_LENGTH
2019-06-26 12:08:18,120 - DEBUG - tty.usbmodem0006822145041: RX: 03840084
2019-06-26 12:08:18,120 - DEBUG - tty.usbmodem0006822145041: parsed_packet {event: CmdRsp, data: {'opcode': 0, 'status': 132, 'data': bytearray(b'')}}
2019-06-26 12:08:18,121 - ERROR - tty.usbmodem0006822145041: None: ERROR_INVALID_LENGTH
2019-06-26 12:08:18,121 - DEBUG - tty.usbmodem0006822145041: RX: 03840084
2019-06-26 12:08:18,121 - DEBUG - tty.usbmodem0006822145041: parsed_packet {event: CmdRsp, data: {'opcode': 0, 'status': 132, 'data': bytearray(b'')}}
2019-06-26 12:08:18,121 - ERROR - tty.usbmodem0006822145041: None: ERROR_INVALID_LENGTH
2019-06-26 12:08:18,121 - DEBUG - tty.usbmodem0006822145041: RX: 03840084
2019-06-26 12:08:18,121 - DEBUG - tty.usbmodem0006822145041: parsed_packet {event: CmdRsp, data: {'opcode': 0, 'status': 132, 'data': bytearray(b'')}}
2019-06-26 12:08:18,121 - ERROR - tty.usbmodem0006822145041: None: ERROR_INVALID_LENGTH
2019-06-26 12:08:18,143 - DEBUG - tty.usbmodem0006822145041: RX: 03840084
2019-06-26 12:08:18,143 - DEBUG - tty.usbmodem0006822145041: parsed_packet {event: CmdRsp, data: {'opcode': 0, 'status': 132, 'data': bytearray(b'')}}
2019-06-26 12:08:18,144 - ERROR - tty.usbmodem0006822145041: None: ERROR_INVALID_LENGTH
2019-06-26 12:08:18,144 - DEBUG - tty.usbmodem0006822145041: RX: 03840084
2019-06-26 12:08:18,144 - DEBUG - tty.usbmodem0006822145041: parsed_packet {event: CmdRsp, data: {'opcode': 0, 'status': 132, 'data': bytearray(b'')}}
2019-06-26 12:08:18,144 - ERROR - tty.usbmodem0006822145041: None: ERROR_INVALID_LENGTH
2019-06-26 12:08:18,145 - DEBUG - tty.usbmodem0006822145041: RX: 03840084
2019-06-26 12:08:18,145 - DEBUG - tty.usbmodem0006822145041: parsed_packet {event: CmdRsp, data: {'opcode': 0, 'status': 132, 'data': bytearray(b'')}}
2019-06-26 12:08:18,146 - ERROR - tty.usbmodem0006822145041: None: ERROR_INVALID_LENGTH
2019-06-26 12:08:18,149 - DEBUG - tty.usbmodem0006822145041: RX: 03840084
2019-06-26 12:08:18,150 - DEBUG - tty.usbmodem0006822145041: parsed_packet {event: CmdRsp, data: {'opcode': 0, 'status': 132, 'data': bytearray(b'')}}
2019-06-26 12:08:18,150 - ERROR - tty.usbmodem0006822145041: None: ERROR_INVALID_LENGTH
2019-06-26 12:08:18,150 - DEBUG - tty.usbmodem0006822145041: RX: 03840084
2019-06-26 12:08:18,150 - DEBUG - tty.usbmodem0006822145041: parsed_packet {event: CmdRsp, data: {'opcode': 0, 'status': 132, 'data': bytearray(b'')}}
2019-06-26 12:08:18,150 - ERROR - tty.usbmodem0006822145041: None: ERROR_INVALID_LENGTH
2019-06-26 12:08:18,150 - DEBUG - tty.usbmodem0006822145041: RX: 03849f00
2019-06-26 12:08:18,150 - DEBUG - tty.usbmodem0006822145041: parsed_packet {event: CmdRsp, data: {'opcode': 159, 'status': 0, 'data': bytearray(b'')}}
2019-06-26 12:08:18,150 - INFO - tty.usbmodem0006822145041: Success
2019-06-26 12:08:18,151 - DEBUG - tty.usbmodem0006822145041: RX: 058492000000
2019-06-26 12:08:18,151 - DEBUG - tty.usbmodem0006822145041: parsed_packet {event: CmdRsp, data: {'opcode': 146, 'status': 0, 'data': bytearray(b'\x00\x00')}}
2019-06-26 12:08:18,151 - INFO - tty.usbmodem0006822145041: SubnetAdd: {'subnet_handle': 0}
2019-06-26 12:08:18,151 - DEBUG - tty.usbmodem0006822145041: RX: 058497000000
2019-06-26 12:08:18,151 - DEBUG - tty.usbmodem0006822145041: parsed_packet {event: CmdRsp, data: {'opcode': 151, 'status': 0, 'data': bytearray(b'\x00\x00')}}
2019-06-26 12:08:18,151 - INFO - tty.usbmodem0006822145041: AppkeyAdd: {'appkey_handle': 0}
2019-06-26 12:08:18,152 - DEBUG - tty.usbmodem0006822145041: RX: 058497000100
2019-06-26 12:08:18,152 - DEBUG - tty.usbmodem0006822145041: parsed_packet {event: CmdRsp, data: {'opcode': 151, 'status': 0, 'data': bytearray(b'\x01\x00')}}
2019-06-26 12:08:18,152 - INFO - tty.usbmodem0006822145041: AppkeyAdd: {'appkey_handle': 1}
2019-06-26 12:08:30,341 - DEBUG - tty.usbmodem0006822145041: exited read event
2019-06-26 12:08:40,091 - DEBUG - tty.usbmodem0006822145041: Writing: 105 bytearray(b"\x04G%\xa1\xef\x1d\xf9Tk\x9c1>\xe1>4\xba\x99\xd4\xd3\xafe2\x8e\x19Sgk\xae\xb3q\xa6\xde9p\x06s\x86\x99\x86\xcf\xccL\xeb\xe8c\x0e\xbfa\x12avGf\xf14,_\x92\xb5\'a\x90\xb8\xbd\x89\x01\x8e\xe5\xa0k\x83\xab\x95\x1c1\x9a\x0b\x8a\xa6\xad\x1d;>J\x00\xc2\xa1+Z,\xebop\x14\xcc\'")
2019-06-26 12:08:40,092 - DEBUG - tty.usbmodem0006822145041: TX: 6169044725a1ef1df9546b9c313ee13e34ba99d4d3af65328e1953676baeb371a6de39700673869986cfcc4cebe8630ebf611261764766f1342c5f92b5276190b8bd89018ee5a06b83ab951c319a0b8aa6ad1d3b3e4a00c2a12b5a2ceb6f7014cc27
2019-06-26 12:08:40,102 - DEBUG - tty.usbmodem0006822145041: RX: 03845384
2019-06-26 12:08:40,103 - DEBUG - tty.usbmodem0006822145041: parsed_packet {event: CmdRsp, data: {'opcode': 83, 'status': 132, 'data': bytearray(b'')}}
2019-06-26 12:08:40,103 - ERROR - tty.usbmodem0006822145041: None: ERROR_INVALID_LENGTH
2019-06-26 12:08:40,103 - DEBUG - tty.usbmodem0006822145041: Writing: 159 bytearray(b'\x01\x00\x01\x00')
2019-06-26 12:08:40,104 - DEBUG - tty.usbmodem0006822145041: TX: 059f01000100
2019-06-26 12:08:40,104 - DEBUG - tty.usbmodem0006822145041: RX: 03840084
2019-06-26 12:08:40,105 - DEBUG - tty.usbmodem0006822145041: parsed_packet {event: CmdRsp, data: {'opcode': 0, 'status': 132, 'data': bytearray(b'')}}
2019-06-26 12:08:40,106 - ERROR - tty.usbmodem0006822145041: None: ERROR_INVALID_LENGTH
2019-06-26 12:08:40,107 - DEBUG - tty.usbmodem0006822145041: Writing: 146 bytearray(b'\x00\x00\x18\xee\xd9\xc2\xa5j\xdd\x85\x04\x9f\xfc<Y\xad\x0e\x12')
2019-06-26 12:08:40,108 - DEBUG - tty.usbmodem0006822145041: TX: 1392000018eed9c2a56add85049ffc3c59ad0e12
2019-06-26 12:08:40,108 - DEBUG - tty.usbmodem0006822145041: RX: 03840084
2019-06-26 12:08:40,108 - DEBUG - tty.usbmodem0006822145041: parsed_packet {event: CmdRsp, data: {'opcode': 0, 'status': 132, 'data': bytearray(b'')}}
2019-06-26 12:08:40,109 - ERROR - tty.usbmodem0006822145041: None: ERROR_INVALID_LENGTH
2019-06-26 12:08:40,109 - DEBUG - tty.usbmodem0006822145041: Writing: 151 bytearray(b'\x00\x00\x00\x00Oh\xad\x85\xd9\xf4\x8a\xc8X\x9d\xf6e\xb6\xb4\x9b\x8a')
2019-06-26 12:08:40,109 - DEBUG - tty.usbmodem0006822145041: TX: 1597000000004f68ad85d9f48ac8589df665b6b49b8a
2019-06-26 12:08:40,109 - DEBUG - tty.usbmodem0006822145041: RX: 03840084
2019-06-26 12:08:40,109 - DEBUG - tty.usbmodem0006822145041: parsed_packet {event: CmdRsp, data: {'opcode': 0, 'status': 132, 'data': bytearray(b'')}}
2019-06-26 12:08:40,110 - ERROR - tty.usbmodem0006822145041: None: ERROR_INVALID_LENGTH
2019-06-26 12:08:40,110 - DEBUG - tty.usbmodem0006822145041: Writing: 151 bytearray(b'\x01\x00\x00\x00*\xa2\xa6\xde\xd5\xa0y\x8c\xea\xb5x|\xa3\xae9\xfc')
2019-06-26 12:08:40,110 - DEBUG - tty.usbmodem0006822145041: RX: 03840084
2019-06-26 12:08:40,110 - DEBUG - tty.usbmodem0006822145041: TX: 1597010000002aa2a6ded5a0798ceab5787ca3ae39fc
2019-06-26 12:08:40,110 - DEBUG - tty.usbmodem0006822145041: parsed_packet {event: CmdRsp, data: {'opcode': 0, 'status': 132, 'data': bytearray(b'')}}
2019-06-26 12:08:40,110 - ERROR - tty.usbmodem0006822145041: None: ERROR_INVALID_LENGTH
2019-06-26 12:08:40,111 - DEBUG - tty.usbmodem0006822145041: RX: 03840084
2019-06-26 12:08:40,111 - DEBUG - tty.usbmodem0006822145041: parsed_packet {event: CmdRsp, data: {'opcode': 0, 'status': 132, 'data': bytearray(b'')}}
2019-06-26 12:08:40,111 - ERROR - tty.usbmodem0006822145041: None: ERROR_INVALID_LENGTH
2019-06-26 12:08:40,111 - DEBUG - tty.usbmodem0006822145041: RX: 03840084
2019-06-26 12:08:40,111 - DEBUG - tty.usbmodem0006822145041: parsed_packet {event: CmdRsp, data: {'opcode': 0, 'status': 132, 'data': bytearray(b'')}}
2019-06-26 12:08:40,111 - ERROR - tty.usbmodem0006822145041: None: ERROR_INVALID_LENGTH
2019-06-26 12:08:40,111 - DEBUG - tty.usbmodem0006822145041: RX: 03840084
2019-06-26 12:08:40,112 - DEBUG - tty.usbmodem0006822145041: parsed_packet {event: CmdRsp, data: {'opcode': 0, 'status': 132, 'data': bytearray(b'')}}
2019-06-26 12:08:40,112 - ERROR - tty.usbmodem0006822145041: None: ERROR_INVALID_LENGTH
2019-06-26 12:08:40,112 - DEBUG - tty.usbmodem0006822145041: RX: 03840084
2019-06-26 12:08:40,112 - DEBUG - tty.usbmodem0006822145041: parsed_packet {event: CmdRsp, data: {'opcode': 0, 'status': 132, 'data': bytearray(b'')}}
2019-06-26 12:08:40,112 - ERROR - tty.usbmodem0006822145041: None: ERROR_INVALID_LENGTH
2019-06-26 12:08:40,112 - DEBUG - tty.usbmodem0006822145041: RX: 03840084
2019-06-26 12:08:40,112 - DEBUG - tty.usbmodem0006822145041: parsed_packet {event: CmdRsp, data: {'opcode': 0, 'status': 132, 'data': bytearray(b'')}}
2019-06-26 12:08:40,112 - ERROR - tty.usbmodem0006822145041: None: ERROR_INVALID_LENGTH
2019-06-26 12:08:40,113 - DEBUG - tty.usbmodem0006822145041: RX: 03840084
2019-06-26 12:08:40,113 - DEBUG - tty.usbmodem0006822145041: parsed_packet {event: CmdRsp, data: {'opcode': 0, 'status': 132, 'data': bytearray(b'')}}
2019-06-26 12:08:40,113 - ERROR - tty.usbmodem0006822145041: None: ERROR_INVALID_LENGTH
2019-06-26 12:08:40,113 - DEBUG - tty.usbmodem0006822145041: RX: 03840084
2019-06-26 12:08:40,113 - DEBUG - tty.usbmodem0006822145041: parsed_packet {event: CmdRsp, data: {'opcode': 0, 'status': 132, 'data': bytearray(b'')}}
2019-06-26 12:08:40,113 - ERROR - tty.usbmodem0006822145041: None: ERROR_INVALID_LENGTH
2019-06-26 12:08:40,113 - DEBUG - tty.usbmodem0006822145041: RX: 03840084
2019-06-26 12:08:40,113 - DEBUG - tty.usbmodem0006822145041: parsed_packet {event: CmdRsp, data: {'opcode': 0, 'status': 132, 'data': bytearray(b'')}}
2019-06-26 12:08:40,114 - ERROR - tty.usbmodem0006822145041: None: ERROR_INVALID_LENGTH
2019-06-26 12:08:40,114 - DEBUG - tty.usbmodem0006822145041: RX: 03849f8e
2019-06-26 12:08:40,114 - DEBUG - tty.usbmodem0006822145041: parsed_packet {event: CmdRsp, data: {'opcode': 159, 'status': 142, 'data': bytearray(b'')}}
2019-06-26 12:08:40,114 - ERROR - tty.usbmodem0006822145041: None: ERROR_REJECTED
2019-06-26 12:08:40,114 - DEBUG - tty.usbmodem0006822145041: RX: 03849281
2019-06-26 12:08:40,114 - DEBUG - tty.usbmodem0006822145041: parsed_packet {event: CmdRsp, data: {'opcode': 146, 'status': 129, 'data': bytearray(b'')}}
2019-06-26 12:08:40,114 - ERROR - tty.usbmodem0006822145041: SubnetAdd: ERROR_INTERNAL
2019-06-26 12:08:40,114 - DEBUG - tty.usbmodem0006822145041: RX: 03849781
2019-06-26 12:08:40,115 - DEBUG - tty.usbmodem0006822145041: parsed_packet {event: CmdRsp, data: {'opcode': 151, 'status': 129, 'data': bytearray(b'')}}
2019-06-26 12:08:40,115 - ERROR - tty.usbmodem0006822145041: AppkeyAdd: ERROR_INTERNAL
2019-06-26 12:08:40,116 - DEBUG - tty.usbmodem0006822145041: RX: 03849781
2019-06-26 12:08:40,116 - DEBUG - tty.usbmodem0006822145041: parsed_packet {event: CmdRsp, data: {'opcode': 151, 'status': 129, 'data': bytearray(b'')}}
2019-06-26 12:08:40,131 - ERROR - tty.usbmodem0006822145041: AppkeyAdd: ERROR_INTERNAL
2019-06-26 12:08:43,907 - DEBUG - tty.usbmodem0006822145041: Writing: 97 bytearray(b'')
2019-06-26 12:08:43,907 - DEBUG - tty.usbmodem0006822145041: TX: 0161
2019-06-26 12:08:43,909 - DEBUG - tty.usbmodem0006822145041: RX: 03846100
2019-06-26 12:08:43,909 - DEBUG - tty.usbmodem0006822145041: parsed_packet {event: CmdRsp, data: {'opcode': 97, 'status': 0, 'data': bytearray(b'')}}
2019-06-26 12:08:43,909 - INFO - tty.usbmodem0006822145041: Success
2019-06-26 12:08:44,784 - DEBUG - tty.usbmodem0006822145041: RX: 1ac09db77a0526b8734988639509c242d107ce0001c8639509c2c2
2019-06-26 12:08:44,784 - DEBUG - tty.usbmodem0006822145041: parsed_packet {event: ProvUnprovisionedReceived, data: {'uuid': bytearray(b'\x9d\xb7z\x05&\xb8sI\x88c\x95\t\xc2B\xd1\x07'), 'rssi': -50, 'gatt_supported': 0, 'adv_addr_type': 1, 'adv_addr': bytearray(b'\xc8c\x95\t\xc2\xc2')}}
2019-06-26 12:08:44,785 - INFO - tty.usbmodem0006822145041: Received UUID 9db77a0526b8734988639509c242d107 with RSSI: -50 dB
2019-06-26 12:08:46,788 - DEBUG - tty.usbmodem0006822145041: RX: 1ac09db77a0526b8734988639509c242d107cb0001c8639509c2c2
2019-06-26 12:08:46,789 - DEBUG - tty.usbmodem0006822145041: parsed_packet {event: ProvUnprovisionedReceived, data: {'uuid': bytearray(b'\x9d\xb7z\x05&\xb8sI\x88c\x95\t\xc2B\xd1\x07'), 'rssi': -53, 'gatt_supported': 0, 'adv_addr_type': 1, 'adv_addr': bytearray(b'\xc8c\x95\t\xc2\xc2')}}
2019-06-26 12:08:48,380 - DEBUG - tty.usbmodem0006822145041: Writing: 98 bytearray(b'')
2019-06-26 12:08:48,392 - DEBUG - tty.usbmodem0006822145041: TX: 0162
2019-06-26 12:08:48,400 - DEBUG - tty.usbmodem0006822145041: Writing: 99 bytearray(b'\x00\x9d\xb7z\x05&\xb8sI\x88c\x95\t\xc2B\xd1\x07\x18\xee\xd9\xc2\xa5j\xdd\x85\x04\x9f\xfc<Y\xad\x0e\x12\x00\x00\x00\x00\x00\x00\x10\x00\x00\x00\x00')
2019-06-26 12:08:48,406 - DEBUG - tty.usbmodem0006822145041: TX: 2d63009db77a0526b8734988639509c242d10718eed9c2a56add85049ffc3c59ad0e120000000000001000000000
2019-06-26 12:08:48,436 - DEBUG - tty.usbmodem0006822145041: RX: 03846200
2019-06-26 12:08:48,436 - DEBUG - tty.usbmodem0006822145041: parsed_packet {event: CmdRsp, data: {'opcode': 98, 'status': 0, 'data': bytearray(b'')}}
2019-06-26 12:08:48,436 - INFO - tty.usbmodem0006822145041: Success
2019-06-26 12:08:48,482 - DEBUG - tty.usbmodem0006822145041: RX: 0484630000
2019-06-26 12:08:48,482 - DEBUG - tty.usbmodem0006822145041: parsed_packet {event: CmdRsp, data: {'opcode': 99, 'status': 0, 'data': bytearray(b'\x00')}}
2019-06-26 12:08:48,489 - INFO - tty.usbmodem0006822145041: Provision: {'context': 0}
2019-06-26 12:08:48,527 - DEBUG - tty.usbmodem0006822145041: RX: 02c100
2019-06-26 12:08:48,527 - DEBUG - tty.usbmodem0006822145041: parsed_packet {event: ProvLinkEstablished, data: {'context_id': 0}}
2019-06-26 12:08:48,528 - INFO - tty.usbmodem0006822145041: Link established
2019-06-26 12:08:48,528 - DEBUG - tty.usbmodem0006822145041: RX: 0bc300010001000000000000
2019-06-26 12:08:48,528 - DEBUG - tty.usbmodem0006822145041: parsed_packet {event: ProvCapsReceived, data: {'context_id': 0, 'num_elements': 1, 'public_key_type': 0, 'static_oob_types': 1, 'output_oob_size': 0, 'output_oob_actions': 0, 'input_oob_size': 0, 'input_oob_actions': 0}}
2019-06-26 12:08:48,529 - INFO - tty.usbmodem0006822145041: Received capabilities
2019-06-26 12:08:48,529 - INFO - tty.usbmodem0006822145041: Number of elements: 1
2019-06-26 12:08:48,529 - DEBUG - tty.usbmodem0006822145041: Writing: 102 bytearray(b'\x00\x00\x00\x00')
2019-06-26 12:08:48,529 - DEBUG - tty.usbmodem0006822145041: TX: 056600000000
2019-06-26 12:08:48,531 - DEBUG - tty.usbmodem0006822145041: RX: 0484660000
2019-06-26 12:08:48,531 - DEBUG - tty.usbmodem0006822145041: parsed_packet {event: CmdRsp, data: {'opcode': 102, 'status': 0, 'data': bytearray(b'\x00')}}
2019-06-26 12:08:48,532 - INFO - tty.usbmodem0006822145041: OobUse: {'context': 0}
2019-06-26 12:08:48,720 - DEBUG - tty.usbmodem0006822145041: RX: 62c70025a386fdd63f565af4d4e33efa46415542df17da4abcc92d308db38e93073566b77579ccf3327cea1281e4f7a4695f036df97844e928fbd96174cd250d2dc3426ee3222737bcc7b5f7afb5c55ab1a9dc591db3fc626d8e59643c0c05830dbe78
2019-06-26 12:08:48,720 - DEBUG - tty.usbmodem0006822145041: parsed_packet {event: ProvEcdhRequest, data: {'context_id': 0, 'peer_public': bytearray(b'%\xa3\x86\xfd\xd6?VZ\xf4\xd4\xe3>\xfaFAUB\xdf\x17\xdaJ\xbc\xc9-0\x8d\xb3\x8e\x93\x075f\xb7uy\xcc\xf32|\xea\x12\x81\xe4\xf7\xa4i_\x03m\xf9xD\xe9(\xfb\xd9at\xcd%\r-\xc3B'), 'node_private': bytearray(b'n\xe3"\'7\xbc\xc7\xb5\xf7\xaf\xb5\xc5Z\xb1\xa9\xdcY\x1d\xb3\xfcbm\x8eYd<\x0c\x05\x83\r\xbex')}}
2019-06-26 12:08:48,721 - INFO - tty.usbmodem0006822145041: ECDH request received
2019-06-26 12:08:48,722 - DEBUG - tty.usbmodem0006822145041: Writing: 104 bytearray(b"\x00\xd5\xf2\xd2\x92p\xf4\xbb\xb0\xca\xa0\xe9\xa85_\xbe\'\xabB\xb8\xaa\x05U:;H\x85#\xf1\x8e\x91\x84U")
2019-06-26 12:08:48,723 - DEBUG - tty.usbmodem0006822145041: TX: 226800d5f2d29270f4bbb0caa0e9a8355fbe27ab42b8aa05553a3b488523f18e918455
2019-06-26 12:08:48,729 - DEBUG - tty.usbmodem0006822145041: RX: 0484680000
2019-06-26 12:08:48,729 - DEBUG - tty.usbmodem0006822145041: parsed_packet {event: CmdRsp, data: {'opcode': 104, 'status': 0, 'data': bytearray(b'\x00')}}
2019-06-26 12:08:48,729 - INFO - tty.usbmodem0006822145041: EcdhSecret: {'context': 0}
2019-06-26 12:08:49,099 - DEBUG - tty.usbmodem0006822145041: RX: 2cc50000000000000010000000e8fbfbc9c471e8d26f2a8f39634b55d418eed9c2a56add85049ffc3c59ad0e12
2019-06-26 12:08:49,101 - DEBUG - tty.usbmodem0006822145041: parsed_packet {event: ProvComplete, data: {'context_id': 0, 'iv_index': 0, 'net_key_index': 0, 'address': 16, 'iv_update_flag': 0, 'key_refresh_flag': 0, 'device_key': bytearray(b'\xe8\xfb\xfb\xc9\xc4q\xe8\xd2o*\x8f9cKU\xd4'), 'net_key': bytearray(b'\x18\xee\xd9\xc2\xa5j\xdd\x85\x04\x9f\xfc<Y\xad\x0e\x12')}}
2019-06-26 12:08:49,102 - INFO - tty.usbmodem0006822145041: Provisioning complete
2019-06-26 12:08:49,102 - INFO - tty.usbmodem0006822145041: 	Address(es): 0x10-0x10
2019-06-26 12:08:49,102 - INFO - tty.usbmodem0006822145041: 	Device key: e8fbfbc9c471e8d26f2a8f39634b55d4
2019-06-26 12:08:49,102 - INFO - tty.usbmodem0006822145041: 	Network key: 18eed9c2a56add85049ffc3c59ad0e12
2019-06-26 12:08:49,102 - INFO - tty.usbmodem0006822145041: Adding device key to subnet 0
2019-06-26 12:08:49,103 - INFO - tty.usbmodem0006822145041: Adding publication address of root element
2019-06-26 12:08:49,103 - DEBUG - tty.usbmodem0006822145041: Writing: 156 bytearray(b'\x10\x00\x00\x00\xe8\xfb\xfb\xc9\xc4q\xe8\xd2o*\x8f9cKU\xd4')
2019-06-26 12:08:49,103 - DEBUG - tty.usbmodem0006822145041: TX: 159c10000000e8fbfbc9c471e8d26f2a8f39634b55d4
2019-06-26 12:08:49,105 - DEBUG - tty.usbmodem0006822145041: Writing: 164 bytearray(b'\x10\x00')
2019-06-26 12:08:49,105 - DEBUG - tty.usbmodem0006822145041: TX: 03a41000
2019-06-26 12:08:49,108 - DEBUG - tty.usbmodem0006822145041: RX: 05849c000800
2019-06-26 12:08:49,108 - DEBUG - tty.usbmodem0006822145041: parsed_packet {event: CmdRsp, data: {'opcode': 156, 'status': 0, 'data': bytearray(b'\x08\x00')}}
2019-06-26 12:08:49,108 - INFO - tty.usbmodem0006822145041: DevkeyAdd: {'devkey_handle': 8}
2019-06-26 12:08:49,109 - DEBUG - tty.usbmodem0006822145041: RX: 0584a4000000
2019-06-26 12:08:49,113 - DEBUG - tty.usbmodem0006822145041: parsed_packet {event: CmdRsp, data: {'opcode': 164, 'status': 0, 'data': bytearray(b'\x00\x00')}}
2019-06-26 12:08:49,113 - INFO - tty.usbmodem0006822145041: AddrPublicationAdd: {'address_handle': 0}
2019-06-26 12:08:49,196 - DEBUG - tty.usbmodem0006822145041: RX: 03c20000
2019-06-26 12:08:49,196 - DEBUG - tty.usbmodem0006822145041: parsed_packet {event: ProvLinkClosed, data: {'context_id': 0, 'close_reason': 0}}
2019-06-26 12:08:49,197 - INFO - tty.usbmodem0006822145041: Provisioning link closed
2019-06-26 12:08:53,488 - DEBUG - tty.usbmodem0006822145041.ConfigurationClient: Sending opcode: 8008, data: 00
2019-06-26 12:08:53,488 - DEBUG - tty.usbmodem0006822145041.ConfigurationClient: Sending opcode: 00, data: 0000004f68ad85d9f48ac8589df665b6b49b8a
2019-06-26 12:08:53,488 - DEBUG - tty.usbmodem0006822145041: Writing: 171 bytearray(b'\x08\x00\x01\x00\x00\x00\x08\x00\x00\x00\x80\x08\x00')
2019-06-26 12:08:53,489 - DEBUG - tty.usbmodem0006822145041: TX: 0eab08000100000008000000800800
2019-06-26 12:08:53,489 - DEBUG - tty.usbmodem0006822145041: Writing: 171 bytearray(b'\x08\x00\x01\x00\x00\x00\x08\x00\x00\x00\x00\x00\x00\x00Oh\xad\x85\xd9\xf4\x8a\xc8X\x9d\xf6e\xb6\xb4\x9b\x8a')
2019-06-26 12:08:53,489 - DEBUG - tty.usbmodem0006822145041: TX: 1fab08000100000008000000000000004f68ad85d9f48ac8589df665b6b49b8a
2019-06-26 12:08:53,493 - DEBUG - tty.usbmodem0006822145041: RX: 0784ab0001000000
2019-06-26 12:08:53,493 - DEBUG - tty.usbmodem0006822145041: parsed_packet {event: CmdRsp, data: {'opcode': 171, 'status': 0, 'data': bytearray(b'\x01\x00\x00\x00')}}
2019-06-26 12:08:53,494 - INFO - tty.usbmodem0006822145041: PacketSend: {'token': 1}
2019-06-26 12:08:53,496 - DEBUG - tty.usbmodem0006822145041: RX: 0784ab0002000000
2019-06-26 12:08:53,496 - DEBUG - tty.usbmodem0006822145041: parsed_packet {event: CmdRsp, data: {'opcode': 171, 'status': 0, 'data': bytearray(b'\x02\x00\x00\x00')}}
2019-06-26 12:08:53,497 - INFO - tty.usbmodem0006822145041: PacketSend: {'token': 2}
2019-06-26 12:08:53,510 - DEBUG - tty.usbmodem0006822145041: RX: 05d201000000
2019-06-26 12:08:53,511 - DEBUG - tty.usbmodem0006822145041: parsed_packet {event: MeshTxComplete, data: {'token': 1}}
2019-06-26 12:08:53,511 - INFO - tty.usbmodem0006822145041: {event: MeshTxComplete, data: {'token': 1}}
2019-06-26 12:08:58,629 - DEBUG - tty.usbmodem0006822145041: RX: 2ad010000100080000000401c8639509c2c2cb160002005900000000002800030000000300000002000010
2019-06-26 12:08:58,629 - DEBUG - tty.usbmodem0006822145041: parsed_packet {event: MeshMessageReceivedUnicast, data: {'src': 16, 'dst': 1, 'appkey_handle': 8, 'subnet_handle': 0, 'ttl': 4, 'adv_addr_type': 1, 'adv_addr': bytearray(b'\xc8c\x95\t\xc2\xc2'), 'rssi': -53, 'actual_length': 22, 'data': bytearray(b'\x02\x00Y\x00\x00\x00\x00\x00(\x00\x03\x00\x00\x00\x03\x00\x00\x00\x02\x00\x00\x10')}}
2019-06-26 12:08:58,632 - INFO - tty.usbmodem0006822145041.ConfigurationClient: Received composition data (page 0x00): {
  "cid": "0059",
  "pid": "0000",
  "vid": "0000",
  "crpl": 40,
  "features": {
    "relay": 0,
    "proxy": 0,
    "friend": 2,
    "low_power": 2
  },
  "elements": [
    {
      "index": 0,
      "location": "0000",
      "models": [
        {
          "modelId": "0000"
        },
        {
          "modelId": "0002"
        },
        {
          "modelId": "1000"
        }
      ]
    }
  ]
}
2019-06-26 12:08:58,677 - DEBUG - tty.usbmodem0006822145041: RX: 1ad010000100080000000401c8639509c2c2cb0600800300000000
2019-06-26 12:08:58,677 - DEBUG - tty.usbmodem0006822145041: parsed_packet {event: MeshMessageReceivedUnicast, data: {'src': 16, 'dst': 1, 'appkey_handle': 8, 'subnet_handle': 0, 'ttl': 4, 'adv_addr_type': 1, 'adv_addr': bytearray(b'\xc8c\x95\t\xc2\xc2'), 'rssi': -53, 'actual_length': 6, 'data': bytearray(b'\x80\x03\x00\x00\x00\x00')}}
2019-06-26 12:08:58,678 - INFO - tty.usbmodem0006822145041.ConfigurationClient: Appkey status: AccessStatus.SUCCESS
2019-06-26 12:08:58,680 - INFO - tty.usbmodem0006822145041.ConfigurationClient: Appkey add 0 succeded for subnet 0 at node 0010
2019-06-26 12:09:09,770 - DEBUG - tty.usbmodem0006822145041: Writing: 164 bytearray(b'\x01\xc0')
2019-06-26 12:09:09,771 - DEBUG - tty.usbmodem0006822145041: TX: 03a401c0
2019-06-26 12:09:09,773 - DEBUG - tty.usbmodem0006822145041: RX: 0584a4000100
2019-06-26 12:09:09,773 - DEBUG - tty.usbmodem0006822145041: parsed_packet {event: CmdRsp, data: {'opcode': 164, 'status': 0, 'data': bytearray(b'\x01\x00')}}
2019-06-26 12:09:09,774 - INFO - tty.usbmodem0006822145041: AddrPublicationAdd: {'address_handle': 1}
2019-06-26 12:09:11,778 - DEBUG - tty.usbmodem0006822145041.ConfigurationClient: Sending opcode: 801b, data: 100001c00010
2019-06-26 12:09:11,779 - DEBUG - tty.usbmodem0006822145041: Writing: 171 bytearray(b'\x08\x00\x01\x00\x00\x00\x08\x00\x00\x00\x80\x1b\x10\x00\x01\xc0\x00\x10')
2019-06-26 12:09:11,779 - DEBUG - tty.usbmodem0006822145041: TX: 13ab08000100000008000000801b100001c00010
2019-06-26 12:09:11,783 - DEBUG - tty.usbmodem0006822145041: RX: 0784ab0003000000
2019-06-26 12:09:11,783 - DEBUG - tty.usbmodem0006822145041: parsed_packet {event: CmdRsp, data: {'opcode': 171, 'status': 0, 'data': bytearray(b'\x03\x00\x00\x00')}}
2019-06-26 12:09:11,783 - INFO - tty.usbmodem0006822145041: PacketSend: {'token': 3}
2019-06-26 12:09:11,787 - DEBUG - tty.usbmodem0006822145041: RX: 05d203000000
2019-06-26 12:09:11,787 - DEBUG - tty.usbmodem0006822145041: parsed_packet {event: MeshTxComplete, data: {'token': 3}}
2019-06-26 12:09:11,787 - INFO - tty.usbmodem0006822145041: {event: MeshTxComplete, data: {'token': 3}}
2019-06-26 12:09:11,808 - DEBUG - tty.usbmodem0006822145041: RX: 1dd010000100080000000401c8639509c2c2cc0900801f00100001c00010
2019-06-26 12:09:11,809 - DEBUG - tty.usbmodem0006822145041: parsed_packet {event: MeshMessageReceivedUnicast, data: {'src': 16, 'dst': 1, 'appkey_handle': 8, 'subnet_handle': 0, 'ttl': 4, 'adv_addr_type': 1, 'adv_addr': bytearray(b'\xc8c\x95\t\xc2\xc2'), 'rssi': -52, 'actual_length': 9, 'data': bytearray(b'\x80\x1f\x00\x10\x00\x01\xc0\x00\x10')}}
2019-06-26 12:09:11,810 - INFO - tty.usbmodem0006822145041.ConfigurationClient: Model subscription status: AccessStatus.SUCCESS
2019-06-26 12:09:11,815 - INFO - tty.usbmodem0006822145041.ConfigurationClient: Added subscription 'c001' to model 1000 at element 0010
2019-06-26 12:10:03,401 - DEBUG - tty.usbmodem0006822145041: exited read event
