2019-07-04 14:05:53,063 - DEBUG - tty.usbmodem0006822145041: Writing: 105 bytearray(b"\xd3\x89\xe9\xa4O\xa3q\t\x15 !,\xf64{\xc9\xe4Q\xd9\xd9$\xbc\x9f\xadS\x99q\xd1cE\xcdU\x82\x05\xa7\x8fj7X\xc0\xe0\x08Y2g\xcc7d\xb9\x00\xda\xbf\xfft1\xca\xfa`T\x81V\xc4\x8e\x12d\xd2\xab!\x8a\x80#\xd5o\xf8\x97\x8f(\'\xcea\xf6\xe3$\xf1k?\x930:\xb4\xe5N2\xdf\x12\xdb")
2019-07-04 14:05:53,063 - DEBUG - tty.usbmodem0006822145041: TX: 6169d389e9a44fa371091520212cf6347bc9e451d9d924bc9fad539971d16345cd558205a78f6a3758c0e008593267cc3764b900dabfff7431cafa60548156c48e1264d2ab218a8023d56ff8978f2827ce61f6e324f16b3f93303ab4e54e32df12db
2019-07-04 14:05:53,074 - DEBUG - tty.usbmodem0006822145041: RX: 03845384
2019-07-04 14:05:53,074 - DEBUG - tty.usbmodem0006822145041: parsed_packet {event: CmdRsp, data: {'opcode': 83, 'status': 132, 'data': bytearray(b'')}}
2019-07-04 14:05:53,074 - ERROR - tty.usbmodem0006822145041: None: ERROR_INVALID_LENGTH
2019-07-04 14:05:53,074 - DEBUG - tty.usbmodem0006822145041: RX: 03840084
2019-07-04 14:05:53,075 - DEBUG - tty.usbmodem0006822145041: parsed_packet {event: CmdRsp, data: {'opcode': 0, 'status': 132, 'data': bytearray(b'')}}
2019-07-04 14:05:53,075 - ERROR - tty.usbmodem0006822145041: None: ERROR_INVALID_LENGTH
2019-07-04 14:05:53,075 - DEBUG - tty.usbmodem0006822145041: Writing: 159 bytearray(b'\x01\x00\x01\x00')
2019-07-04 14:05:53,075 - DEBUG - tty.usbmodem0006822145041: TX: 059f01000100
2019-07-04 14:05:53,075 - DEBUG - tty.usbmodem0006822145041: RX: 03840084
2019-07-04 14:05:53,075 - DEBUG - tty.usbmodem0006822145041: parsed_packet {event: CmdRsp, data: {'opcode': 0, 'status': 132, 'data': bytearray(b'')}}
2019-07-04 14:05:53,076 - ERROR - tty.usbmodem0006822145041: None: ERROR_INVALID_LENGTH
2019-07-04 14:05:53,076 - DEBUG - tty.usbmodem0006822145041: Writing: 146 bytearray(b'\x00\x00\x18\xee\xd9\xc2\xa5j\xdd\x85\x04\x9f\xfc<Y\xad\x0e\x12')
2019-07-04 14:05:53,076 - DEBUG - tty.usbmodem0006822145041: TX: 1392000018eed9c2a56add85049ffc3c59ad0e12
2019-07-04 14:05:53,076 - DEBUG - tty.usbmodem0006822145041: RX: 03840084
2019-07-04 14:05:53,076 - DEBUG - tty.usbmodem0006822145041: parsed_packet {event: CmdRsp, data: {'opcode': 0, 'status': 132, 'data': bytearray(b'')}}
2019-07-04 14:05:53,077 - ERROR - tty.usbmodem0006822145041: None: ERROR_INVALID_LENGTH
2019-07-04 14:05:53,077 - DEBUG - tty.usbmodem0006822145041: Writing: 151 bytearray(b'\x00\x00\x00\x00Oh\xad\x85\xd9\xf4\x8a\xc8X\x9d\xf6e\xb6\xb4\x9b\x8a')
2019-07-04 14:05:53,077 - DEBUG - tty.usbmodem0006822145041: TX: 1597000000004f68ad85d9f48ac8589df665b6b49b8a
2019-07-04 14:05:53,077 - DEBUG - tty.usbmodem0006822145041: RX: 03840084
2019-07-04 14:05:53,077 - DEBUG - tty.usbmodem0006822145041: parsed_packet {event: CmdRsp, data: {'opcode': 0, 'status': 132, 'data': bytearray(b'')}}
2019-07-04 14:05:53,077 - ERROR - tty.usbmodem0006822145041: None: ERROR_INVALID_LENGTH
2019-07-04 14:05:53,078 - DEBUG - tty.usbmodem0006822145041: Writing: 151 bytearray(b'\x01\x00\x00\x00*\xa2\xa6\xde\xd5\xa0y\x8c\xea\xb5x|\xa3\xae9\xfc')
2019-07-04 14:05:53,078 - DEBUG - tty.usbmodem0006822145041: TX: 1597010000002aa2a6ded5a0798ceab5787ca3ae39fc
2019-07-04 14:05:53,078 - DEBUG - tty.usbmodem0006822145041: RX: 03840084
2019-07-04 14:05:53,078 - DEBUG - tty.usbmodem0006822145041: parsed_packet {event: CmdRsp, data: {'opcode': 0, 'status': 132, 'data': bytearray(b'')}}
2019-07-04 14:05:53,078 - ERROR - tty.usbmodem0006822145041: None: ERROR_INVALID_LENGTH
2019-07-04 14:05:53,078 - DEBUG - tty.usbmodem0006822145041: RX: 03840084
2019-07-04 14:05:53,078 - DEBUG - tty.usbmodem0006822145041: parsed_packet {event: CmdRsp, data: {'opcode': 0, 'status': 132, 'data': bytearray(b'')}}
2019-07-04 14:05:53,079 - ERROR - tty.usbmodem0006822145041: None: ERROR_INVALID_LENGTH
2019-07-04 14:05:53,079 - DEBUG - tty.usbmodem0006822145041: RX: 03840084
2019-07-04 14:05:53,079 - DEBUG - tty.usbmodem0006822145041: parsed_packet {event: CmdRsp, data: {'opcode': 0, 'status': 132, 'data': bytearray(b'')}}
2019-07-04 14:05:53,079 - ERROR - tty.usbmodem0006822145041: None: ERROR_INVALID_LENGTH
2019-07-04 14:05:53,079 - DEBUG - tty.usbmodem0006822145041: RX: 03840084
2019-07-04 14:05:53,079 - DEBUG - tty.usbmodem0006822145041: parsed_packet {event: CmdRsp, data: {'opcode': 0, 'status': 132, 'data': bytearray(b'')}}
2019-07-04 14:05:53,079 - ERROR - tty.usbmodem0006822145041: None: ERROR_INVALID_LENGTH
2019-07-04 14:05:53,079 - DEBUG - tty.usbmodem0006822145041: RX: 03840084
2019-07-04 14:05:53,079 - DEBUG - tty.usbmodem0006822145041: parsed_packet {event: CmdRsp, data: {'opcode': 0, 'status': 132, 'data': bytearray(b'')}}
2019-07-04 14:05:53,079 - ERROR - tty.usbmodem0006822145041: None: ERROR_INVALID_LENGTH
2019-07-04 14:05:53,079 - DEBUG - tty.usbmodem0006822145041: RX: 03840084
2019-07-04 14:05:53,080 - DEBUG - tty.usbmodem0006822145041: parsed_packet {event: CmdRsp, data: {'opcode': 0, 'status': 132, 'data': bytearray(b'')}}
2019-07-04 14:05:53,080 - ERROR - tty.usbmodem0006822145041: None: ERROR_INVALID_LENGTH
2019-07-04 14:05:53,080 - DEBUG - tty.usbmodem0006822145041: RX: 03840084
2019-07-04 14:05:53,080 - DEBUG - tty.usbmodem0006822145041: parsed_packet {event: CmdRsp, data: {'opcode': 0, 'status': 132, 'data': bytearray(b'')}}
2019-07-04 14:05:53,080 - ERROR - tty.usbmodem0006822145041: None: ERROR_INVALID_LENGTH
2019-07-04 14:05:53,080 - DEBUG - tty.usbmodem0006822145041: RX: 03840084
2019-07-04 14:05:53,080 - DEBUG - tty.usbmodem0006822145041: parsed_packet {event: CmdRsp, data: {'opcode': 0, 'status': 132, 'data': bytearray(b'')}}
2019-07-04 14:05:53,080 - ERROR - tty.usbmodem0006822145041: None: ERROR_INVALID_LENGTH
2019-07-04 14:05:53,080 - DEBUG - tty.usbmodem0006822145041: RX: 03849f00
2019-07-04 14:05:53,081 - DEBUG - tty.usbmodem0006822145041: parsed_packet {event: CmdRsp, data: {'opcode': 159, 'status': 0, 'data': bytearray(b'')}}
2019-07-04 14:05:53,081 - INFO - tty.usbmodem0006822145041: Success
2019-07-04 14:05:53,081 - DEBUG - tty.usbmodem0006822145041: RX: 058492000000
2019-07-04 14:05:53,081 - DEBUG - tty.usbmodem0006822145041: parsed_packet {event: CmdRsp, data: {'opcode': 146, 'status': 0, 'data': bytearray(b'\x00\x00')}}
2019-07-04 14:05:53,081 - INFO - tty.usbmodem0006822145041: SubnetAdd: {'subnet_handle': 0}
2019-07-04 14:05:53,082 - DEBUG - tty.usbmodem0006822145041: RX: 058497000000
2019-07-04 14:05:53,082 - DEBUG - tty.usbmodem0006822145041: parsed_packet {event: CmdRsp, data: {'opcode': 151, 'status': 0, 'data': bytearray(b'\x00\x00')}}
2019-07-04 14:05:53,082 - INFO - tty.usbmodem0006822145041: AppkeyAdd: {'appkey_handle': 0}
2019-07-04 14:05:53,085 - DEBUG - tty.usbmodem0006822145041: RX: 058497000100
2019-07-04 14:05:53,085 - DEBUG - tty.usbmodem0006822145041: parsed_packet {event: CmdRsp, data: {'opcode': 151, 'status': 0, 'data': bytearray(b'\x01\x00')}}
2019-07-04 14:05:53,085 - INFO - tty.usbmodem0006822145041: AppkeyAdd: {'appkey_handle': 1}
