2019-06-25 18:25:54,423 - DEBUG - tty.usbmodem0006822145041: Writing: 105 bytearray(b"Y\xfb\xae\xe0\x85T\'\xf1D+\xf0\xdc\xf0BN\n&\x1f\x96\x12\x8e\xdeK^b;J\xff\x92\xe1\xd8\xae96s\x89\xc7\x9bfy\xd1\xdf?\xcd\x91q\x0c\xe9,\xbaR?\xad\\\xd2\xdf\x83\x04D\x02\x90sah\xc8I\xee\xec\xeb?\x06\x86\xc9\xda\xff\x10L\xfc\xb1[\xb2\xceB\x8bh\xe3\x19W\x8c\xff\xc8+\xcc=\t\xb1")
2019-06-25 18:25:54,423 - DEBUG - tty.usbmodem0006822145041: TX: 616959fbaee0855427f1442bf0dcf0424e0a261f96128ede4b5e623b4aff92e1d8ae39367389c79b6679d1df3fcd91710ce92cba523fad5cd2df8304440290736168c849eeeceb3f0686c9daff104cfcb15bb2ce428b68e319578cffc82bcc3d09b1
2019-06-25 18:25:54,434 - DEBUG - tty.usbmodem0006822145041: RX: 03845384
2019-06-25 18:25:54,436 - DEBUG - tty.usbmodem0006822145041: parsed_packet {event: CmdRsp, data: {'opcode': 83, 'status': 132, 'data': bytearray(b'')}}
2019-06-25 18:25:54,436 - ERROR - tty.usbmodem0006822145041: None: ERROR_INVALID_LENGTH
2019-06-25 18:25:54,436 - DEBUG - tty.usbmodem0006822145041: Writing: 159 bytearray(b'\x01\x00\x01\x00')
2019-06-25 18:25:54,436 - DEBUG - tty.usbmodem0006822145041: RX: 03840084
2019-06-25 18:25:54,436 - DEBUG - tty.usbmodem0006822145041: TX: 059f01000100
2019-06-25 18:25:54,437 - DEBUG - tty.usbmodem0006822145041: parsed_packet {event: CmdRsp, data: {'opcode': 0, 'status': 132, 'data': bytearray(b'')}}
2019-06-25 18:25:54,437 - ERROR - tty.usbmodem0006822145041: None: ERROR_INVALID_LENGTH
2019-06-25 18:25:54,437 - DEBUG - tty.usbmodem0006822145041: Writing: 146 bytearray(b'\x00\x00\x18\xee\xd9\xc2\xa5j\xdd\x85\x04\x9f\xfc<Y\xad\x0e\x12')
2019-06-25 18:25:54,438 - DEBUG - tty.usbmodem0006822145041: RX: 03840084
2019-06-25 18:25:54,438 - DEBUG - tty.usbmodem0006822145041: TX: 1392000018eed9c2a56add85049ffc3c59ad0e12
2019-06-25 18:25:54,438 - DEBUG - tty.usbmodem0006822145041: parsed_packet {event: CmdRsp, data: {'opcode': 0, 'status': 132, 'data': bytearray(b'')}}
2019-06-25 18:25:54,438 - ERROR - tty.usbmodem0006822145041: None: ERROR_INVALID_LENGTH
2019-06-25 18:25:54,438 - DEBUG - tty.usbmodem0006822145041: Writing: 151 bytearray(b'\x00\x00\x00\x00Oh\xad\x85\xd9\xf4\x8a\xc8X\x9d\xf6e\xb6\xb4\x9b\x8a')
2019-06-25 18:25:54,439 - DEBUG - tty.usbmodem0006822145041: TX: 1597000000004f68ad85d9f48ac8589df665b6b49b8a
2019-06-25 18:25:54,439 - DEBUG - tty.usbmodem0006822145041: RX: 03840084
2019-06-25 18:25:54,439 - DEBUG - tty.usbmodem0006822145041: parsed_packet {event: CmdRsp, data: {'opcode': 0, 'status': 132, 'data': bytearray(b'')}}
2019-06-25 18:25:54,439 - ERROR - tty.usbmodem0006822145041: None: ERROR_INVALID_LENGTH
2019-06-25 18:25:54,439 - DEBUG - tty.usbmodem0006822145041: Writing: 151 bytearray(b'\x01\x00\x00\x00*\xa2\xa6\xde\xd5\xa0y\x8c\xea\xb5x|\xa3\xae9\xfc')
2019-06-25 18:25:54,439 - DEBUG - tty.usbmodem0006822145041: TX: 1597010000002aa2a6ded5a0798ceab5787ca3ae39fc
2019-06-25 18:25:54,440 - DEBUG - tty.usbmodem0006822145041: RX: 03840084
2019-06-25 18:25:54,440 - DEBUG - tty.usbmodem0006822145041: parsed_packet {event: CmdRsp, data: {'opcode': 0, 'status': 132, 'data': bytearray(b'')}}
2019-06-25 18:25:54,440 - ERROR - tty.usbmodem0006822145041: None: ERROR_INVALID_LENGTH
2019-06-25 18:25:54,440 - DEBUG - tty.usbmodem0006822145041: RX: 03840084
2019-06-25 18:25:54,440 - DEBUG - tty.usbmodem0006822145041: parsed_packet {event: CmdRsp, data: {'opcode': 0, 'status': 132, 'data': bytearray(b'')}}
2019-06-25 18:25:54,440 - ERROR - tty.usbmodem0006822145041: None: ERROR_INVALID_LENGTH
2019-06-25 18:25:54,441 - DEBUG - tty.usbmodem0006822145041: RX: 03840084
2019-06-25 18:25:54,441 - DEBUG - tty.usbmodem0006822145041: parsed_packet {event: CmdRsp, data: {'opcode': 0, 'status': 132, 'data': bytearray(b'')}}
2019-06-25 18:25:54,441 - ERROR - tty.usbmodem0006822145041: None: ERROR_INVALID_LENGTH
2019-06-25 18:25:54,441 - DEBUG - tty.usbmodem0006822145041: RX: 03840084
2019-06-25 18:25:54,441 - DEBUG - tty.usbmodem0006822145041: parsed_packet {event: CmdRsp, data: {'opcode': 0, 'status': 132, 'data': bytearray(b'')}}
2019-06-25 18:25:54,441 - ERROR - tty.usbmodem0006822145041: None: ERROR_INVALID_LENGTH
2019-06-25 18:25:54,442 - DEBUG - tty.usbmodem0006822145041: RX: 03840084
2019-06-25 18:25:54,442 - DEBUG - tty.usbmodem0006822145041: parsed_packet {event: CmdRsp, data: {'opcode': 0, 'status': 132, 'data': bytearray(b'')}}
2019-06-25 18:25:54,442 - ERROR - tty.usbmodem0006822145041: None: ERROR_INVALID_LENGTH
2019-06-25 18:25:54,442 - DEBUG - tty.usbmodem0006822145041: RX: 03840084
2019-06-25 18:25:54,442 - DEBUG - tty.usbmodem0006822145041: parsed_packet {event: CmdRsp, data: {'opcode': 0, 'status': 132, 'data': bytearray(b'')}}
2019-06-25 18:25:54,442 - ERROR - tty.usbmodem0006822145041: None: ERROR_INVALID_LENGTH
2019-06-25 18:25:54,442 - DEBUG - tty.usbmodem0006822145041: RX: 03840084
2019-06-25 18:25:54,443 - DEBUG - tty.usbmodem0006822145041: parsed_packet {event: CmdRsp, data: {'opcode': 0, 'status': 132, 'data': bytearray(b'')}}
2019-06-25 18:25:54,443 - ERROR - tty.usbmodem0006822145041: None: ERROR_INVALID_LENGTH
2019-06-25 18:25:54,443 - DEBUG - tty.usbmodem0006822145041: RX: 03840084
2019-06-25 18:25:54,443 - DEBUG - tty.usbmodem0006822145041: parsed_packet {event: CmdRsp, data: {'opcode': 0, 'status': 132, 'data': bytearray(b'')}}
2019-06-25 18:25:54,443 - ERROR - tty.usbmodem0006822145041: None: ERROR_INVALID_LENGTH
2019-06-25 18:25:54,444 - DEBUG - tty.usbmodem0006822145041: RX: 03840084
2019-06-25 18:25:54,444 - DEBUG - tty.usbmodem0006822145041: parsed_packet {event: CmdRsp, data: {'opcode': 0, 'status': 132, 'data': bytearray(b'')}}
2019-06-25 18:25:54,444 - ERROR - tty.usbmodem0006822145041: None: ERROR_INVALID_LENGTH
2019-06-25 18:25:54,444 - DEBUG - tty.usbmodem0006822145041: RX: 03849f00
2019-06-25 18:25:54,445 - DEBUG - tty.usbmodem0006822145041: parsed_packet {event: CmdRsp, data: {'opcode': 159, 'status': 0, 'data': bytearray(b'')}}
2019-06-25 18:25:54,445 - INFO - tty.usbmodem0006822145041: Success
2019-06-25 18:25:54,446 - DEBUG - tty.usbmodem0006822145041: RX: 058492000000
2019-06-25 18:25:54,447 - DEBUG - tty.usbmodem0006822145041: parsed_packet {event: CmdRsp, data: {'opcode': 146, 'status': 0, 'data': bytearray(b'\x00\x00')}}
2019-06-25 18:25:54,449 - INFO - tty.usbmodem0006822145041: SubnetAdd: {'subnet_handle': 0}
2019-06-25 18:25:54,453 - DEBUG - tty.usbmodem0006822145041: RX: 058497000000
2019-06-25 18:25:54,453 - DEBUG - tty.usbmodem0006822145041: parsed_packet {event: CmdRsp, data: {'opcode': 151, 'status': 0, 'data': bytearray(b'\x00\x00')}}
2019-06-25 18:25:54,453 - INFO - tty.usbmodem0006822145041: AppkeyAdd: {'appkey_handle': 0}
2019-06-25 18:25:54,461 - DEBUG - tty.usbmodem0006822145041: RX: 058497000100
2019-06-25 18:25:54,461 - DEBUG - tty.usbmodem0006822145041: parsed_packet {event: CmdRsp, data: {'opcode': 151, 'status': 0, 'data': bytearray(b'\x01\x00')}}
2019-06-25 18:25:54,461 - INFO - tty.usbmodem0006822145041: AppkeyAdd: {'appkey_handle': 1}
2019-06-25 18:26:02,594 - DEBUG - tty.usbmodem0006822145041: Writing: 97 bytearray(b'')
2019-06-25 18:26:02,594 - DEBUG - tty.usbmodem0006822145041: TX: 0161
2019-06-25 18:26:02,595 - DEBUG - tty.usbmodem0006822145041: RX: 03846100
2019-06-25 18:26:02,595 - DEBUG - tty.usbmodem0006822145041: parsed_packet {event: CmdRsp, data: {'opcode': 97, 'status': 0, 'data': bytearray(b'')}}
2019-06-25 18:26:02,595 - INFO - tty.usbmodem0006822145041: Success
2019-06-25 18:26:03,273 - DEBUG - tty.usbmodem0006822145041: RX: 1ac09db77a0526b8734988639509c242d107cd0001c8639509c2c2
2019-06-25 18:26:03,273 - DEBUG - tty.usbmodem0006822145041: parsed_packet {event: ProvUnprovisionedReceived, data: {'uuid': bytearray(b'\x9d\xb7z\x05&\xb8sI\x88c\x95\t\xc2B\xd1\x07'), 'rssi': -51, 'gatt_supported': 0, 'adv_addr_type': 1, 'adv_addr': bytearray(b'\xc8c\x95\t\xc2\xc2')}}
2019-06-25 18:26:03,274 - INFO - tty.usbmodem0006822145041: Received UUID 9db77a0526b8734988639509c242d107 with RSSI: -51 dB
2019-06-25 18:26:05,280 - DEBUG - tty.usbmodem0006822145041: RX: 1ac09db77a0526b8734988639509c242d107d50001c8639509c2c2
2019-06-25 18:26:05,280 - DEBUG - tty.usbmodem0006822145041: parsed_packet {event: ProvUnprovisionedReceived, data: {'uuid': bytearray(b'\x9d\xb7z\x05&\xb8sI\x88c\x95\t\xc2B\xd1\x07'), 'rssi': -43, 'gatt_supported': 0, 'adv_addr_type': 1, 'adv_addr': bytearray(b'\xc8c\x95\t\xc2\xc2')}}
2019-06-25 18:26:07,289 - DEBUG - tty.usbmodem0006822145041: RX: 1ac09db77a0526b8734988639509c242d107d30001c8639509c2c2
2019-06-25 18:26:07,289 - DEBUG - tty.usbmodem0006822145041: parsed_packet {event: ProvUnprovisionedReceived, data: {'uuid': bytearray(b'\x9d\xb7z\x05&\xb8sI\x88c\x95\t\xc2B\xd1\x07'), 'rssi': -45, 'gatt_supported': 0, 'adv_addr_type': 1, 'adv_addr': bytearray(b'\xc8c\x95\t\xc2\xc2')}}
2019-06-25 18:26:09,292 - DEBUG - tty.usbmodem0006822145041: RX: 1ac09db77a0526b8734988639509c242d107cc0001c8639509c2c2
2019-06-25 18:26:09,292 - DEBUG - tty.usbmodem0006822145041: parsed_packet {event: ProvUnprovisionedReceived, data: {'uuid': bytearray(b'\x9d\xb7z\x05&\xb8sI\x88c\x95\t\xc2B\xd1\x07'), 'rssi': -52, 'gatt_supported': 0, 'adv_addr_type': 1, 'adv_addr': bytearray(b'\xc8c\x95\t\xc2\xc2')}}
2019-06-25 18:26:10,281 - DEBUG - tty.usbmodem0006822145041: Writing: 98 bytearray(b'')
2019-06-25 18:26:10,296 - DEBUG - tty.usbmodem0006822145041: TX: 0162
2019-06-25 18:26:10,326 - DEBUG - tty.usbmodem0006822145041: Writing: 99 bytearray(b'\x00\x9d\xb7z\x05&\xb8sI\x88c\x95\t\xc2B\xd1\x07\x18\xee\xd9\xc2\xa5j\xdd\x85\x04\x9f\xfc<Y\xad\x0e\x12\x00\x00\x00\x00\x00\x00)\x00\x00\x00\x00')
2019-06-25 18:26:10,332 - DEBUG - tty.usbmodem0006822145041: TX: 2d63009db77a0526b8734988639509c242d10718eed9c2a56add85049ffc3c59ad0e120000000000002900000000
2019-06-25 18:26:10,356 - DEBUG - tty.usbmodem0006822145041: RX: 03846200
2019-06-25 18:26:10,368 - DEBUG - tty.usbmodem0006822145041: parsed_packet {event: CmdRsp, data: {'opcode': 98, 'status': 0, 'data': bytearray(b'')}}
2019-06-25 18:26:10,375 - INFO - tty.usbmodem0006822145041: Success
2019-06-25 18:26:10,426 - DEBUG - tty.usbmodem0006822145041: RX: 0484630000
2019-06-25 18:26:10,432 - DEBUG - tty.usbmodem0006822145041: parsed_packet {event: CmdRsp, data: {'opcode': 99, 'status': 0, 'data': bytearray(b'\x00')}}
2019-06-25 18:26:10,439 - INFO - tty.usbmodem0006822145041: Provision: {'context': 0}
2019-06-25 18:26:10,440 - DEBUG - tty.usbmodem0006822145041: RX: 02c100
2019-06-25 18:26:10,440 - DEBUG - tty.usbmodem0006822145041: parsed_packet {event: ProvLinkEstablished, data: {'context_id': 0}}
2019-06-25 18:26:10,441 - INFO - tty.usbmodem0006822145041: Link established
2019-06-25 18:26:10,453 - DEBUG - tty.usbmodem0006822145041: RX: 0bc300010001000000000000
2019-06-25 18:26:10,453 - DEBUG - tty.usbmodem0006822145041: parsed_packet {event: ProvCapsReceived, data: {'context_id': 0, 'num_elements': 1, 'public_key_type': 0, 'static_oob_types': 1, 'output_oob_size': 0, 'output_oob_actions': 0, 'input_oob_size': 0, 'input_oob_actions': 0}}
2019-06-25 18:26:10,454 - INFO - tty.usbmodem0006822145041: Received capabilities
2019-06-25 18:26:10,454 - INFO - tty.usbmodem0006822145041: Number of elements: 1
2019-06-25 18:26:10,454 - DEBUG - tty.usbmodem0006822145041: Writing: 102 bytearray(b'\x00\x00\x00\x00')
2019-06-25 18:26:10,454 - DEBUG - tty.usbmodem0006822145041: TX: 056600000000
2019-06-25 18:26:10,456 - DEBUG - tty.usbmodem0006822145041: RX: 0484660000
2019-06-25 18:26:10,456 - DEBUG - tty.usbmodem0006822145041: parsed_packet {event: CmdRsp, data: {'opcode': 102, 'status': 0, 'data': bytearray(b'\x00')}}
2019-06-25 18:26:10,457 - INFO - tty.usbmodem0006822145041: OobUse: {'context': 0}
2019-06-25 18:26:10,645 - DEBUG - tty.usbmodem0006822145041: RX: 62c70026f9abf36ed4ae3e00b02975afff77be71a0c046d9c59b829e33e6a0d96ac419ac804ca6aea0adaf03af067981e8f133d90766973466aad81f763afd2091330eec71919f25afc4dd0cb22986641cfe39b6394ea7875c80f66b9c7093d366fdd0
2019-06-25 18:26:10,645 - DEBUG - tty.usbmodem0006822145041: parsed_packet {event: ProvEcdhRequest, data: {'context_id': 0, 'peer_public': bytearray(b'&\xf9\xab\xf3n\xd4\xae>\x00\xb0)u\xaf\xffw\xbeq\xa0\xc0F\xd9\xc5\x9b\x82\x9e3\xe6\xa0\xd9j\xc4\x19\xac\x80L\xa6\xae\xa0\xad\xaf\x03\xaf\x06y\x81\xe8\xf13\xd9\x07f\x974f\xaa\xd8\x1fv:\xfd \x913\x0e'), 'node_private': bytearray(b'\xecq\x91\x9f%\xaf\xc4\xdd\x0c\xb2)\x86d\x1c\xfe9\xb69N\xa7\x87\\\x80\xf6k\x9cp\x93\xd3f\xfd\xd0')}}
2019-06-25 18:26:10,646 - INFO - tty.usbmodem0006822145041: ECDH request received
2019-06-25 18:26:10,646 - DEBUG - tty.usbmodem0006822145041: Writing: 104 bytearray(b'\x00M\x89\xf6E\xf7rJ\xdc&\x8c\xabt\x0f#]\xa2+\x11\x90\xe64x\xe5\x85\x86\xb4O\x03L\x1d\x12M')
2019-06-25 18:26:10,647 - DEBUG - tty.usbmodem0006822145041: TX: 2268004d89f645f7724adc268cab740f235da22b1190e63478e58586b44f034c1d124d
2019-06-25 18:26:10,652 - DEBUG - tty.usbmodem0006822145041: RX: 0484680000
2019-06-25 18:26:10,652 - DEBUG - tty.usbmodem0006822145041: parsed_packet {event: CmdRsp, data: {'opcode': 104, 'status': 0, 'data': bytearray(b'\x00')}}
2019-06-25 18:26:10,652 - INFO - tty.usbmodem0006822145041: EcdhSecret: {'context': 0}
2019-06-25 18:26:14,986 - DEBUG - tty.usbmodem0006822145041: RX: 2cc50000000000000029000000cf6d96b6b1cca05b612e52d4a931d23818eed9c2a56add85049ffc3c59ad0e12
2019-06-25 18:26:14,986 - DEBUG - tty.usbmodem0006822145041: parsed_packet {event: ProvComplete, data: {'context_id': 0, 'iv_index': 0, 'net_key_index': 0, 'address': 41, 'iv_update_flag': 0, 'key_refresh_flag': 0, 'device_key': bytearray(b'\xcfm\x96\xb6\xb1\xcc\xa0[a.R\xd4\xa91\xd28'), 'net_key': bytearray(b'\x18\xee\xd9\xc2\xa5j\xdd\x85\x04\x9f\xfc<Y\xad\x0e\x12')}}
2019-06-25 18:26:14,986 - INFO - tty.usbmodem0006822145041: Provisioning complete
2019-06-25 18:26:14,986 - INFO - tty.usbmodem0006822145041: 	Address(es): 0x29-0x29
2019-06-25 18:26:14,986 - INFO - tty.usbmodem0006822145041: 	Device key: cf6d96b6b1cca05b612e52d4a931d238
2019-06-25 18:26:14,986 - INFO - tty.usbmodem0006822145041: 	Network key: 18eed9c2a56add85049ffc3c59ad0e12
2019-06-25 18:26:14,986 - INFO - tty.usbmodem0006822145041: Adding device key to subnet 0
2019-06-25 18:26:14,993 - INFO - tty.usbmodem0006822145041: Adding publication address of root element
2019-06-25 18:26:14,993 - DEBUG - tty.usbmodem0006822145041: Writing: 156 bytearray(b')\x00\x00\x00\xcfm\x96\xb6\xb1\xcc\xa0[a.R\xd4\xa91\xd28')
2019-06-25 18:26:14,994 - DEBUG - tty.usbmodem0006822145041: TX: 159c29000000cf6d96b6b1cca05b612e52d4a931d238
2019-06-25 18:26:15,004 - DEBUG - tty.usbmodem0006822145041: Writing: 164 bytearray(b')\x00')
2019-06-25 18:26:15,004 - DEBUG - tty.usbmodem0006822145041: TX: 03a42900
2019-06-25 18:26:15,004 - DEBUG - tty.usbmodem0006822145041: RX: 05849c000800
2019-06-25 18:26:15,004 - DEBUG - tty.usbmodem0006822145041: parsed_packet {event: CmdRsp, data: {'opcode': 156, 'status': 0, 'data': bytearray(b'\x08\x00')}}
2019-06-25 18:26:15,005 - INFO - tty.usbmodem0006822145041: DevkeyAdd: {'devkey_handle': 8}
2019-06-25 18:26:15,006 - DEBUG - tty.usbmodem0006822145041: RX: 0584a4000000
2019-06-25 18:26:15,006 - DEBUG - tty.usbmodem0006822145041: parsed_packet {event: CmdRsp, data: {'opcode': 164, 'status': 0, 'data': bytearray(b'\x00\x00')}}
2019-06-25 18:26:15,006 - INFO - tty.usbmodem0006822145041: AddrPublicationAdd: {'address_handle': 0}
2019-06-25 18:26:15,098 - DEBUG - tty.usbmodem0006822145041: RX: 03c20000
2019-06-25 18:26:15,099 - DEBUG - tty.usbmodem0006822145041: parsed_packet {event: ProvLinkClosed, data: {'context_id': 0, 'close_reason': 0}}
2019-06-25 18:26:15,101 - INFO - tty.usbmodem0006822145041: Provisioning link closed
2019-06-25 18:26:24,490 - DEBUG - tty.usbmodem0006822145041.ConfigurationClient: Sending opcode: 8008, data: 00
2019-06-25 18:26:24,491 - DEBUG - tty.usbmodem0006822145041: Writing: 171 bytearray(b'\x08\x00\x01\x00\x00\x00\x08\x00\x00\x00\x80\x08\x00')
2019-06-25 18:26:24,491 - DEBUG - tty.usbmodem0006822145041: TX: 0eab08000100000008000000800800
2019-06-25 18:26:24,494 - DEBUG - tty.usbmodem0006822145041: RX: 0784ab0001000000
2019-06-25 18:26:24,495 - DEBUG - tty.usbmodem0006822145041: parsed_packet {event: CmdRsp, data: {'opcode': 171, 'status': 0, 'data': bytearray(b'\x01\x00\x00\x00')}}
2019-06-25 18:26:24,495 - INFO - tty.usbmodem0006822145041: PacketSend: {'token': 1}
2019-06-25 18:26:24,504 - DEBUG - tty.usbmodem0006822145041: RX: 05d201000000
2019-06-25 18:26:24,505 - DEBUG - tty.usbmodem0006822145041: parsed_packet {event: MeshTxComplete, data: {'token': 1}}
2019-06-25 18:26:24,508 - INFO - tty.usbmodem0006822145041: {event: MeshTxComplete, data: {'token': 1}}
2019-06-25 18:26:30,555 - DEBUG - tty.usbmodem0006822145041: RX: 2ad029000100080000000401c8639509c2c2d2160002005900000000002800030000000300000002000010
2019-06-25 18:26:30,555 - DEBUG - tty.usbmodem0006822145041: parsed_packet {event: MeshMessageReceivedUnicast, data: {'src': 41, 'dst': 1, 'appkey_handle': 8, 'subnet_handle': 0, 'ttl': 4, 'adv_addr_type': 1, 'adv_addr': bytearray(b'\xc8c\x95\t\xc2\xc2'), 'rssi': -46, 'actual_length': 22, 'data': bytearray(b'\x02\x00Y\x00\x00\x00\x00\x00(\x00\x03\x00\x00\x00\x03\x00\x00\x00\x02\x00\x00\x10')}}
2019-06-25 18:26:30,560 - INFO - tty.usbmodem0006822145041.ConfigurationClient: Received composition data (page 0x00): {
  "cid": "0059",
  "pid": "0000",
  "vid": "0000",
  "crpl": 40,
  "features": {
    "relay": 0,
    "proxy": 0,
    "friend": 2,
    "low_power": 2
  },
  "elements": [
    {
      "index": 0,
      "location": "0000",
      "models": [
        {
          "modelId": "0000"
        },
        {
          "modelId": "0002"
        },
        {
          "modelId": "1000"
        }
      ]
    }
  ]
}
