2019-07-10 19:27:58,009 - DEBUG - tty.usbmodem0006822145041: Writing: 105 bytearray(b"\x1c\xb7\xbd:>\'n&\xf4Uv\xf0\xa7n\xf3$D\x08\x01\xb6\x17.\xe2?U\xa5\xbd\xa9\xc8N\xf5m\xa7\x9b\x8d\x1d!\x9f\xfa\x89\xdad\xe3\x96\x9aPd,\x0f\x8d\xe1*=N\xdf@\xa0\x87h\xb2bg\xe0%\xab\\\xb9\xa2\t\xe7G\x9a\xf4\x9f\xa18\xb6\x98{\x9cF\x9eN\xd4M\xb61\xecc \xc2\xfe\x8d\xd5\xdf\t")
2019-07-10 19:27:58,009 - DEBUG - tty.usbmodem0006822145041: TX: 61691cb7bd3a3e276e26f45576f0a76ef324440801b6172ee23f55a5bda9c84ef56da79b8d1d219ffa89da64e3969a50642c0f8de12a3d4edf40a08768b26267e025ab5cb9a209e7479af49fa138b6987b9c469e4ed44db631ec6320c2fe8dd5df09
2019-07-10 19:27:58,020 - DEBUG - tty.usbmodem0006822145041: RX: 03845384
2019-07-10 19:27:58,020 - DEBUG - tty.usbmodem0006822145041: parsed_packet {event: CmdRsp, data: {'opcode': 83, 'status': 132, 'data': bytearray(b'')}}
2019-07-10 19:27:58,021 - ERROR - tty.usbmodem0006822145041: None: ERROR_INVALID_LENGTH
2019-07-10 19:27:58,021 - DEBUG - tty.usbmodem0006822145041: Writing: 159 bytearray(b'\x01\x00\x01\x00')
2019-07-10 19:27:58,021 - DEBUG - tty.usbmodem0006822145041: TX: 059f01000100
2019-07-10 19:27:58,021 - DEBUG - tty.usbmodem0006822145041: RX: 03840084
2019-07-10 19:27:58,022 - DEBUG - tty.usbmodem0006822145041: parsed_packet {event: CmdRsp, data: {'opcode': 0, 'status': 132, 'data': bytearray(b'')}}
2019-07-10 19:27:58,022 - ERROR - tty.usbmodem0006822145041: None: ERROR_INVALID_LENGTH
2019-07-10 19:27:58,022 - DEBUG - tty.usbmodem0006822145041: Writing: 146 bytearray(b'\x00\x00\x18\xee\xd9\xc2\xa5j\xdd\x85\x04\x9f\xfc<Y\xad\x0e\x12')
2019-07-10 19:27:58,022 - DEBUG - tty.usbmodem0006822145041: RX: 03840084
2019-07-10 19:27:58,030 - DEBUG - tty.usbmodem0006822145041: TX: 1392000018eed9c2a56add85049ffc3c59ad0e12
2019-07-10 19:27:58,030 - DEBUG - tty.usbmodem0006822145041: parsed_packet {event: CmdRsp, data: {'opcode': 0, 'status': 132, 'data': bytearray(b'')}}
2019-07-10 19:27:58,031 - ERROR - tty.usbmodem0006822145041: None: ERROR_INVALID_LENGTH
2019-07-10 19:27:58,031 - DEBUG - tty.usbmodem0006822145041: Writing: 151 bytearray(b'\x00\x00\x00\x00Oh\xad\x85\xd9\xf4\x8a\xc8X\x9d\xf6e\xb6\xb4\x9b\x8a')
2019-07-10 19:27:58,031 - DEBUG - tty.usbmodem0006822145041: TX: 1597000000004f68ad85d9f48ac8589df665b6b49b8a
2019-07-10 19:27:58,032 - DEBUG - tty.usbmodem0006822145041: RX: 03840084
2019-07-10 19:27:58,032 - DEBUG - tty.usbmodem0006822145041: parsed_packet {event: CmdRsp, data: {'opcode': 0, 'status': 132, 'data': bytearray(b'')}}
2019-07-10 19:27:58,032 - ERROR - tty.usbmodem0006822145041: None: ERROR_INVALID_LENGTH
2019-07-10 19:27:58,032 - DEBUG - tty.usbmodem0006822145041: Writing: 151 bytearray(b'\x01\x00\x00\x00*\xa2\xa6\xde\xd5\xa0y\x8c\xea\xb5x|\xa3\xae9\xfc')
2019-07-10 19:27:58,033 - DEBUG - tty.usbmodem0006822145041: TX: 1597010000002aa2a6ded5a0798ceab5787ca3ae39fc
2019-07-10 19:27:58,033 - DEBUG - tty.usbmodem0006822145041: RX: 03840084
2019-07-10 19:27:58,033 - DEBUG - tty.usbmodem0006822145041: parsed_packet {event: CmdRsp, data: {'opcode': 0, 'status': 132, 'data': bytearray(b'')}}
2019-07-10 19:27:58,033 - ERROR - tty.usbmodem0006822145041: None: ERROR_INVALID_LENGTH
2019-07-10 19:27:58,034 - DEBUG - tty.usbmodem0006822145041: Writing: 164 bytearray(b'\xc6\x00')
2019-07-10 19:27:58,034 - DEBUG - tty.usbmodem0006822145041: RX: 03840084
2019-07-10 19:27:58,034 - DEBUG - tty.usbmodem0006822145041: TX: 03a4c600
2019-07-10 19:27:58,034 - DEBUG - tty.usbmodem0006822145041: parsed_packet {event: CmdRsp, data: {'opcode': 0, 'status': 132, 'data': bytearray(b'')}}
2019-07-10 19:27:58,035 - ERROR - tty.usbmodem0006822145041: None: ERROR_INVALID_LENGTH
2019-07-10 19:27:58,035 - DEBUG - tty.usbmodem0006822145041: RX: 03840084
2019-07-10 19:27:58,035 - DEBUG - tty.usbmodem0006822145041: parsed_packet {event: CmdRsp, data: {'opcode': 0, 'status': 132, 'data': bytearray(b'')}}
2019-07-10 19:27:58,035 - ERROR - tty.usbmodem0006822145041: None: ERROR_INVALID_LENGTH
2019-07-10 19:27:58,036 - DEBUG - tty.usbmodem0006822145041: RX: 03840084
2019-07-10 19:27:58,036 - DEBUG - tty.usbmodem0006822145041: parsed_packet {event: CmdRsp, data: {'opcode': 0, 'status': 132, 'data': bytearray(b'')}}
2019-07-10 19:27:58,037 - ERROR - tty.usbmodem0006822145041: None: ERROR_INVALID_LENGTH
2019-07-10 19:27:58,037 - DEBUG - tty.usbmodem0006822145041: RX: 03840084
2019-07-10 19:27:58,037 - DEBUG - tty.usbmodem0006822145041: parsed_packet {event: CmdRsp, data: {'opcode': 0, 'status': 132, 'data': bytearray(b'')}}
2019-07-10 19:27:58,037 - ERROR - tty.usbmodem0006822145041: None: ERROR_INVALID_LENGTH
2019-07-10 19:27:58,037 - DEBUG - tty.usbmodem0006822145041: RX: 03840084
2019-07-10 19:27:58,038 - DEBUG - tty.usbmodem0006822145041: parsed_packet {event: CmdRsp, data: {'opcode': 0, 'status': 132, 'data': bytearray(b'')}}
2019-07-10 19:27:58,038 - ERROR - tty.usbmodem0006822145041: None: ERROR_INVALID_LENGTH
2019-07-10 19:27:58,038 - DEBUG - tty.usbmodem0006822145041: RX: 03840084
2019-07-10 19:27:58,048 - DEBUG - tty.usbmodem0006822145041: parsed_packet {event: CmdRsp, data: {'opcode': 0, 'status': 132, 'data': bytearray(b'')}}
2019-07-10 19:27:58,048 - ERROR - tty.usbmodem0006822145041: None: ERROR_INVALID_LENGTH
2019-07-10 19:27:58,049 - DEBUG - tty.usbmodem0006822145041: RX: 03840084
2019-07-10 19:27:58,049 - DEBUG - tty.usbmodem0006822145041: parsed_packet {event: CmdRsp, data: {'opcode': 0, 'status': 132, 'data': bytearray(b'')}}
2019-07-10 19:27:58,049 - ERROR - tty.usbmodem0006822145041: None: ERROR_INVALID_LENGTH
2019-07-10 19:27:58,049 - DEBUG - tty.usbmodem0006822145041: RX: 03840084
2019-07-10 19:27:58,050 - DEBUG - tty.usbmodem0006822145041: parsed_packet {event: CmdRsp, data: {'opcode': 0, 'status': 132, 'data': bytearray(b'')}}
2019-07-10 19:27:58,050 - ERROR - tty.usbmodem0006822145041: None: ERROR_INVALID_LENGTH
2019-07-10 19:27:58,050 - DEBUG - tty.usbmodem0006822145041: RX: 03849f8e
2019-07-10 19:27:58,051 - DEBUG - tty.usbmodem0006822145041: parsed_packet {event: CmdRsp, data: {'opcode': 159, 'status': 142, 'data': bytearray(b'')}}
2019-07-10 19:27:58,052 - ERROR - tty.usbmodem0006822145041: None: ERROR_REJECTED
2019-07-10 19:27:58,053 - DEBUG - tty.usbmodem0006822145041: RX: 03849281
2019-07-10 19:27:58,054 - DEBUG - tty.usbmodem0006822145041: parsed_packet {event: CmdRsp, data: {'opcode': 146, 'status': 129, 'data': bytearray(b'')}}
2019-07-10 19:27:58,054 - ERROR - tty.usbmodem0006822145041: SubnetAdd: ERROR_INTERNAL
2019-07-10 19:27:58,055 - DEBUG - tty.usbmodem0006822145041: RX: 03849781
2019-07-10 19:27:58,055 - DEBUG - tty.usbmodem0006822145041: parsed_packet {event: CmdRsp, data: {'opcode': 151, 'status': 129, 'data': bytearray(b'')}}
2019-07-10 19:27:58,056 - ERROR - tty.usbmodem0006822145041: AppkeyAdd: ERROR_INTERNAL
2019-07-10 19:27:58,056 - DEBUG - tty.usbmodem0006822145041: RX: 03849781
2019-07-10 19:27:58,056 - DEBUG - tty.usbmodem0006822145041: parsed_packet {event: CmdRsp, data: {'opcode': 151, 'status': 129, 'data': bytearray(b'')}}
2019-07-10 19:27:58,056 - ERROR - tty.usbmodem0006822145041: AppkeyAdd: ERROR_INTERNAL
2019-07-10 19:27:58,067 - DEBUG - tty.usbmodem0006822145041: RX: 0584a4000000
2019-07-10 19:27:58,067 - DEBUG - tty.usbmodem0006822145041: parsed_packet {event: CmdRsp, data: {'opcode': 164, 'status': 0, 'data': bytearray(b'\x00\x00')}}
2019-07-10 19:27:58,068 - INFO - tty.usbmodem0006822145041: AddrPublicationAdd: {'address_handle': 0}
2019-07-10 19:27:59,012 - DEBUG - tty.usbmodem0006822145041: Writing: 161 bytearray(b'\x01\xc0')
2019-07-10 19:27:59,013 - DEBUG - tty.usbmodem0006822145041: TX: 03a101c0
2019-07-10 19:27:59,014 - DEBUG - tty.usbmodem0006822145041: RX: 0584a1000100
2019-07-10 19:27:59,015 - DEBUG - tty.usbmodem0006822145041: parsed_packet {event: CmdRsp, data: {'opcode': 161, 'status': 0, 'data': bytearray(b'\x01\x00')}}
2019-07-10 19:27:59,015 - INFO - tty.usbmodem0006822145041: AddrSubscriptionAdd: {'address_handle': 1}
2019-07-10 19:28:00,013 - DEBUG - tty.usbmodem0006822145041: Writing: 164 bytearray(b'\xc7\x00')
2019-07-10 19:28:00,013 - DEBUG - tty.usbmodem0006822145041: TX: 03a4c700
2019-07-10 19:28:00,014 - DEBUG - tty.usbmodem0006822145041: RX: 0584a4000200
2019-07-10 19:28:00,015 - DEBUG - tty.usbmodem0006822145041: parsed_packet {event: CmdRsp, data: {'opcode': 164, 'status': 0, 'data': bytearray(b'\x02\x00')}}
2019-07-10 19:28:00,015 - INFO - tty.usbmodem0006822145041: AddrPublicationAdd: {'address_handle': 2}
2019-07-10 19:28:01,018 - DEBUG - tty.usbmodem0006822145041: Writing: 164 bytearray(b'\xc8\x00')
2019-07-10 19:28:01,019 - DEBUG - tty.usbmodem0006822145041: TX: 03a4c800
2019-07-10 19:28:01,021 - DEBUG - tty.usbmodem0006822145041: RX: 0584a4000300
2019-07-10 19:28:01,022 - DEBUG - tty.usbmodem0006822145041: parsed_packet {event: CmdRsp, data: {'opcode': 164, 'status': 0, 'data': bytearray(b'\x03\x00')}}
2019-07-10 19:28:01,022 - INFO - tty.usbmodem0006822145041: AddrPublicationAdd: {'address_handle': 3}
2019-07-10 19:28:02,021 - DEBUG - tty.usbmodem0006822145041: Writing: 164 bytearray(b'\xc9\x00')
2019-07-10 19:28:02,021 - DEBUG - tty.usbmodem0006822145041: TX: 03a4c900
2019-07-10 19:28:02,022 - DEBUG - tty.usbmodem0006822145041: RX: 0584a4000400
2019-07-10 19:28:02,023 - DEBUG - tty.usbmodem0006822145041: parsed_packet {event: CmdRsp, data: {'opcode': 164, 'status': 0, 'data': bytearray(b'\x04\x00')}}
2019-07-10 19:28:02,023 - INFO - tty.usbmodem0006822145041: AddrPublicationAdd: {'address_handle': 4}
2019-07-10 19:28:03,024 - DEBUG - tty.usbmodem0006822145041: Writing: 164 bytearray(b'\xca\x00')
2019-07-10 19:28:03,025 - DEBUG - tty.usbmodem0006822145041: TX: 03a4ca00
2019-07-10 19:28:03,026 - DEBUG - tty.usbmodem0006822145041: RX: 0584a4000500
2019-07-10 19:28:03,027 - DEBUG - tty.usbmodem0006822145041: parsed_packet {event: CmdRsp, data: {'opcode': 164, 'status': 0, 'data': bytearray(b'\x05\x00')}}
2019-07-10 19:28:03,028 - INFO - tty.usbmodem0006822145041: AddrPublicationAdd: {'address_handle': 5}
2019-07-10 19:28:04,027 - DEBUG - tty.usbmodem0006822145041: Writing: 164 bytearray(b'\xcb\x00')
2019-07-10 19:28:04,027 - DEBUG - tty.usbmodem0006822145041: TX: 03a4cb00
2019-07-10 19:28:04,028 - DEBUG - tty.usbmodem0006822145041: RX: 0584a4000600
2019-07-10 19:28:04,029 - DEBUG - tty.usbmodem0006822145041: parsed_packet {event: CmdRsp, data: {'opcode': 164, 'status': 0, 'data': bytearray(b'\x06\x00')}}
2019-07-10 19:28:04,029 - INFO - tty.usbmodem0006822145041: AddrPublicationAdd: {'address_handle': 6}
2019-07-10 19:28:05,031 - DEBUG - tty.usbmodem0006822145041: Writing: 164 bytearray(b'\xcc\x00')
2019-07-10 19:28:05,031 - DEBUG - tty.usbmodem0006822145041: TX: 03a4cc00
2019-07-10 19:28:05,033 - DEBUG - tty.usbmodem0006822145041: RX: 0584a4000700
2019-07-10 19:28:05,034 - DEBUG - tty.usbmodem0006822145041: parsed_packet {event: CmdRsp, data: {'opcode': 164, 'status': 0, 'data': bytearray(b'\x07\x00')}}
2019-07-10 19:28:05,034 - INFO - tty.usbmodem0006822145041: AddrPublicationAdd: {'address_handle': 7}
2019-07-10 19:28:06,034 - DEBUG - tty.usbmodem0006822145041: Writing: 164 bytearray(b'\xcd\x00')
2019-07-10 19:28:06,035 - DEBUG - tty.usbmodem0006822145041: TX: 03a4cd00
2019-07-10 19:28:06,037 - DEBUG - tty.usbmodem0006822145041: RX: 0584a4000800
2019-07-10 19:28:06,038 - DEBUG - tty.usbmodem0006822145041: parsed_packet {event: CmdRsp, data: {'opcode': 164, 'status': 0, 'data': bytearray(b'\x08\x00')}}
2019-07-10 19:28:06,038 - INFO - tty.usbmodem0006822145041: AddrPublicationAdd: {'address_handle': 8}
2019-07-10 19:28:07,035 - DEBUG - tty.usbmodem0006822145041: Writing: 164 bytearray(b'\xce\x00')
2019-07-10 19:28:07,036 - DEBUG - tty.usbmodem0006822145041: TX: 03a4ce00
2019-07-10 19:28:07,039 - DEBUG - tty.usbmodem0006822145041: RX: 0584a4000900
2019-07-10 19:28:07,039 - DEBUG - tty.usbmodem0006822145041: parsed_packet {event: CmdRsp, data: {'opcode': 164, 'status': 0, 'data': bytearray(b'\t\x00')}}
2019-07-10 19:28:07,039 - INFO - tty.usbmodem0006822145041: AddrPublicationAdd: {'address_handle': 9}
2019-07-10 19:28:08,038 - DEBUG - tty.usbmodem0006822145041: Writing: 164 bytearray(b'\xcf\x00')
2019-07-10 19:28:08,038 - DEBUG - tty.usbmodem0006822145041: TX: 03a4cf00
2019-07-10 19:28:08,040 - DEBUG - tty.usbmodem0006822145041: RX: 0584a4000a00
2019-07-10 19:28:08,040 - DEBUG - tty.usbmodem0006822145041: parsed_packet {event: CmdRsp, data: {'opcode': 164, 'status': 0, 'data': bytearray(b'\n\x00')}}
2019-07-10 19:28:08,041 - INFO - tty.usbmodem0006822145041: AddrPublicationAdd: {'address_handle': 10}
2019-07-10 19:28:09,041 - DEBUG - tty.usbmodem0006822145041: Writing: 164 bytearray(b'\xd0\x00')
2019-07-10 19:28:09,041 - DEBUG - tty.usbmodem0006822145041: TX: 03a4d000
2019-07-10 19:28:09,043 - DEBUG - tty.usbmodem0006822145041: RX: 0584a4000b00
2019-07-10 19:28:09,043 - DEBUG - tty.usbmodem0006822145041: parsed_packet {event: CmdRsp, data: {'opcode': 164, 'status': 0, 'data': bytearray(b'\x0b\x00')}}
2019-07-10 19:28:09,043 - INFO - tty.usbmodem0006822145041: AddrPublicationAdd: {'address_handle': 11}
2019-07-10 19:28:10,044 - DEBUG - tty.usbmodem0006822145041: Writing: 164 bytearray(b'\xd1\x00')
2019-07-10 19:28:10,045 - DEBUG - tty.usbmodem0006822145041: TX: 03a4d100
2019-07-10 19:28:10,047 - DEBUG - tty.usbmodem0006822145041: RX: 0584a4000c00
2019-07-10 19:28:10,047 - DEBUG - tty.usbmodem0006822145041: parsed_packet {event: CmdRsp, data: {'opcode': 164, 'status': 0, 'data': bytearray(b'\x0c\x00')}}
2019-07-10 19:28:10,047 - INFO - tty.usbmodem0006822145041: AddrPublicationAdd: {'address_handle': 12}
2019-07-10 19:28:11,049 - DEBUG - tty.usbmodem0006822145041: Writing: 164 bytearray(b'\xd2\x00')
2019-07-10 19:28:11,049 - DEBUG - tty.usbmodem0006822145041: TX: 03a4d200
2019-07-10 19:28:11,051 - DEBUG - tty.usbmodem0006822145041: RX: 0584a4000d00
2019-07-10 19:28:11,052 - DEBUG - tty.usbmodem0006822145041: parsed_packet {event: CmdRsp, data: {'opcode': 164, 'status': 0, 'data': bytearray(b'\r\x00')}}
2019-07-10 19:28:11,053 - INFO - tty.usbmodem0006822145041: AddrPublicationAdd: {'address_handle': 13}
2019-07-10 19:28:12,051 - DEBUG - tty.usbmodem0006822145041: Writing: 164 bytearray(b'\xd3\x00')
2019-07-10 19:28:12,052 - DEBUG - tty.usbmodem0006822145041: TX: 03a4d300
2019-07-10 19:28:12,053 - DEBUG - tty.usbmodem0006822145041: RX: 0584a4000e00
2019-07-10 19:28:12,054 - DEBUG - tty.usbmodem0006822145041: parsed_packet {event: CmdRsp, data: {'opcode': 164, 'status': 0, 'data': bytearray(b'\x0e\x00')}}
2019-07-10 19:28:12,054 - INFO - tty.usbmodem0006822145041: AddrPublicationAdd: {'address_handle': 14}
2019-07-10 19:28:13,056 - DEBUG - tty.usbmodem0006822145041: Writing: 164 bytearray(b'\xc6\x00')
2019-07-10 19:28:13,056 - DEBUG - tty.usbmodem0006822145041: TX: 03a4c600
2019-07-10 19:28:13,059 - DEBUG - tty.usbmodem0006822145041: RX: 0584a4000000
2019-07-10 19:28:13,060 - DEBUG - tty.usbmodem0006822145041: parsed_packet {event: CmdRsp, data: {'opcode': 164, 'status': 0, 'data': bytearray(b'\x00\x00')}}
2019-07-10 19:28:13,062 - INFO - tty.usbmodem0006822145041: AddrPublicationAdd: {'address_handle': 0}
2019-07-10 19:28:14,061 - DEBUG - tty.usbmodem0006822145041: Writing: 164 bytearray(b'\x01\xc0')
2019-07-10 19:28:14,061 - DEBUG - tty.usbmodem0006822145041: TX: 03a401c0
2019-07-10 19:28:14,063 - DEBUG - tty.usbmodem0006822145041: RX: 0584a4000100
2019-07-10 19:28:14,063 - DEBUG - tty.usbmodem0006822145041: parsed_packet {event: CmdRsp, data: {'opcode': 164, 'status': 0, 'data': bytearray(b'\x01\x00')}}
2019-07-10 19:28:14,063 - INFO - tty.usbmodem0006822145041: AddrPublicationAdd: {'address_handle': 1}
2019-07-10 19:29:29,140 - DEBUG - tty.usbmodem0006822145041: Writing: 97 bytearray(b'')
2019-07-10 19:29:29,148 - DEBUG - tty.usbmodem0006822145041: TX: 0161
2019-07-10 19:29:29,151 - DEBUG - tty.usbmodem0006822145041: RX: 03846100
2019-07-10 19:29:29,151 - DEBUG - tty.usbmodem0006822145041: parsed_packet {event: CmdRsp, data: {'opcode': 97, 'status': 0, 'data': bytearray(b'')}}
2019-07-10 19:29:29,151 - INFO - tty.usbmodem0006822145041: Success
2019-07-10 19:29:31,074 - DEBUG - tty.usbmodem0006822145041: RX: 1ac09db77a0526b8734988639509c242d107d10001c8639509c2c2
2019-07-10 19:29:31,075 - DEBUG - tty.usbmodem0006822145041: parsed_packet {event: ProvUnprovisionedReceived, data: {'uuid': bytearray(b'\x9d\xb7z\x05&\xb8sI\x88c\x95\t\xc2B\xd1\x07'), 'rssi': -47, 'gatt_supported': 0, 'adv_addr_type': 1, 'adv_addr': bytearray(b'\xc8c\x95\t\xc2\xc2')}}
2019-07-10 19:29:31,075 - INFO - tty.usbmodem0006822145041: {event: ProvUnprovisionedReceived, data: {'uuid': bytearray(b'\x9d\xb7z\x05&\xb8sI\x88c\x95\t\xc2B\xd1\x07'), 'rssi': -47, 'gatt_supported': 0, 'adv_addr_type': 1, 'adv_addr': bytearray(b'\xc8c\x95\t\xc2\xc2')}}
2019-07-10 19:29:31,075 - INFO - tty.usbmodem0006822145041: Received UUID 9db77a0526b8734988639509c242d107 with RSSI: -47 dB
2019-07-10 19:29:33,074 - DEBUG - tty.usbmodem0006822145041: RX: 1ac09db77a0526b8734988639509c242d107ce0001c8639509c2c2
2019-07-10 19:29:33,074 - DEBUG - tty.usbmodem0006822145041: parsed_packet {event: ProvUnprovisionedReceived, data: {'uuid': bytearray(b'\x9d\xb7z\x05&\xb8sI\x88c\x95\t\xc2B\xd1\x07'), 'rssi': -50, 'gatt_supported': 0, 'adv_addr_type': 1, 'adv_addr': bytearray(b'\xc8c\x95\t\xc2\xc2')}}
2019-07-10 19:29:33,074 - INFO - tty.usbmodem0006822145041: {event: ProvUnprovisionedReceived, data: {'uuid': bytearray(b'\x9d\xb7z\x05&\xb8sI\x88c\x95\t\xc2B\xd1\x07'), 'rssi': -50, 'gatt_supported': 0, 'adv_addr_type': 1, 'adv_addr': bytearray(b'\xc8c\x95\t\xc2\xc2')}}
2019-07-10 19:29:34,720 - ERROR - tty.usbmodem0006822145041: uuid 9db77a0526b8734988639509c242d107 already in database
2019-07-10 19:29:34,721 - ERROR - tty.usbmodem0006822145041: Remove node 9db77a0526b8734988639509c242d107 from database
2019-07-10 19:29:34,722 - DEBUG - tty.usbmodem0006822145041: Writing: 98 bytearray(b'')
2019-07-10 19:29:34,731 - DEBUG - tty.usbmodem0006822145041: TX: 0162
2019-07-10 19:29:34,737 - DEBUG - tty.usbmodem0006822145041: Writing: 99 bytearray(b'\x00\x9d\xb7z\x05&\xb8sI\x88c\x95\t\xc2B\xd1\x07\x18\xee\xd9\xc2\xa5j\xdd\x85\x04\x9f\xfc<Y\xad\x0e\x12\x00\x00\x00\x00\x00\x00|\x01\x00\x00\x00')
2019-07-10 19:29:34,738 - DEBUG - tty.usbmodem0006822145041: TX: 2d63009db77a0526b8734988639509c242d10718eed9c2a56add85049ffc3c59ad0e120000000000007c01000000
2019-07-10 19:29:34,740 - DEBUG - tty.usbmodem0006822145041: RX: 03846200
2019-07-10 19:29:34,740 - DEBUG - tty.usbmodem0006822145041: parsed_packet {event: CmdRsp, data: {'opcode': 98, 'status': 0, 'data': bytearray(b'')}}
2019-07-10 19:29:34,740 - INFO - tty.usbmodem0006822145041: Success
2019-07-10 19:29:34,749 - DEBUG - tty.usbmodem0006822145041: RX: 0484630000
2019-07-10 19:29:34,752 - DEBUG - tty.usbmodem0006822145041: parsed_packet {event: CmdRsp, data: {'opcode': 99, 'status': 0, 'data': bytearray(b'\x00')}}
2019-07-10 19:29:34,753 - INFO - tty.usbmodem0006822145041: Provision: {'context': 0}
2019-07-10 19:29:34,756 - DEBUG - tty.usbmodem0006822145041: RX: 02c100
2019-07-10 19:29:34,757 - DEBUG - tty.usbmodem0006822145041: parsed_packet {event: ProvLinkEstablished, data: {'context_id': 0}}
2019-07-10 19:29:34,757 - INFO - tty.usbmodem0006822145041: {event: ProvLinkEstablished, data: {'context_id': 0}}
2019-07-10 19:29:34,774 - INFO - tty.usbmodem0006822145041: Link established
2019-07-10 19:29:34,803 - DEBUG - tty.usbmodem0006822145041: RX: 0bc3000e0001000000000000
2019-07-10 19:29:34,804 - DEBUG - tty.usbmodem0006822145041: parsed_packet {event: ProvCapsReceived, data: {'context_id': 0, 'num_elements': 14, 'public_key_type': 0, 'static_oob_types': 1, 'output_oob_size': 0, 'output_oob_actions': 0, 'input_oob_size': 0, 'input_oob_actions': 0}}
2019-07-10 19:29:34,804 - INFO - tty.usbmodem0006822145041: {event: ProvCapsReceived, data: {'context_id': 0, 'num_elements': 14, 'public_key_type': 0, 'static_oob_types': 1, 'output_oob_size': 0, 'output_oob_actions': 0, 'input_oob_size': 0, 'input_oob_actions': 0}}
2019-07-10 19:29:34,804 - INFO - tty.usbmodem0006822145041: Received capabilities
2019-07-10 19:29:34,804 - INFO - tty.usbmodem0006822145041: Number of elements: 14
2019-07-10 19:29:34,805 - DEBUG - tty.usbmodem0006822145041: Writing: 102 bytearray(b'\x00\x00\x00\x00')
2019-07-10 19:29:34,820 - DEBUG - tty.usbmodem0006822145041: TX: 056600000000
2019-07-10 19:29:34,822 - DEBUG - tty.usbmodem0006822145041: RX: 0484660000
2019-07-10 19:29:34,823 - DEBUG - tty.usbmodem0006822145041: parsed_packet {event: CmdRsp, data: {'opcode': 102, 'status': 0, 'data': bytearray(b'\x00')}}
2019-07-10 19:29:34,823 - INFO - tty.usbmodem0006822145041: OobUse: {'context': 0}
2019-07-10 19:29:37,043 - DEBUG - tty.usbmodem0006822145041: RX: 62c7007a779b9d6ab26ec4b6488fe70c816b66335a41640260fa157becc1f486fc5f634d5184655854f9c8dbe7b6b7cd114e30f15daa314923b73e64e62007ca9e849bf950cf2e96623f8a33cf0de5ae688732efc9a178e1d7f33b401c3b7140996672
2019-07-10 19:29:37,044 - DEBUG - tty.usbmodem0006822145041: parsed_packet {event: ProvEcdhRequest, data: {'context_id': 0, 'peer_public': bytearray(b'zw\x9b\x9dj\xb2n\xc4\xb6H\x8f\xe7\x0c\x81kf3ZAd\x02`\xfa\x15{\xec\xc1\xf4\x86\xfc_cMQ\x84eXT\xf9\xc8\xdb\xe7\xb6\xb7\xcd\x11N0\xf1]\xaa1I#\xb7>d\xe6 \x07\xca\x9e\x84\x9b'), 'node_private': bytearray(b'\xf9P\xcf.\x96b?\x8a3\xcf\r\xe5\xaeh\x872\xef\xc9\xa1x\xe1\xd7\xf3;@\x1c;q@\x99fr')}}
2019-07-10 19:29:37,044 - INFO - tty.usbmodem0006822145041: {event: ProvEcdhRequest, data: {'context_id': 0, 'peer_public': bytearray(b'zw\x9b\x9dj\xb2n\xc4\xb6H\x8f\xe7\x0c\x81kf3ZAd\x02`\xfa\x15{\xec\xc1\xf4\x86\xfc_cMQ\x84eXT\xf9\xc8\xdb\xe7\xb6\xb7\xcd\x11N0\xf1]\xaa1I#\xb7>d\xe6 \x07\xca\x9e\x84\x9b'), 'node_private': bytearray(b'\xf9P\xcf.\x96b?\x8a3\xcf\r\xe5\xaeh\x872\xef\xc9\xa1x\xe1\xd7\xf3;@\x1c;q@\x99fr')}}
2019-07-10 19:29:37,048 - INFO - tty.usbmodem0006822145041: ECDH request received
2019-07-10 19:29:37,052 - DEBUG - tty.usbmodem0006822145041: Writing: 104 bytearray(b'\x00\x1b\x82\xed|\x85\r)C\x95\xca\x8d\x12\xe3`Ncm\x0b\xa5\x07\xe1c\xb3\xf7\xcb\xff\x18}[&\x98-')
2019-07-10 19:29:37,053 - DEBUG - tty.usbmodem0006822145041: TX: 2268001b82ed7c850d294395ca8d12e3604e636d0ba507e163b3f7cbff187d5b26982d
2019-07-10 19:29:37,058 - DEBUG - tty.usbmodem0006822145041: RX: 0484680000
2019-07-10 19:29:37,058 - DEBUG - tty.usbmodem0006822145041: parsed_packet {event: CmdRsp, data: {'opcode': 104, 'status': 0, 'data': bytearray(b'\x00')}}
2019-07-10 19:29:37,058 - INFO - tty.usbmodem0006822145041: EcdhSecret: {'context': 0}
2019-07-10 19:29:41,393 - DEBUG - tty.usbmodem0006822145041: RX: 2cc5000000000000007c0100000fd6c24a5eed46bad8c9e27d45fe9e2318eed9c2a56add85049ffc3c59ad0e12
2019-07-10 19:29:41,393 - DEBUG - tty.usbmodem0006822145041: parsed_packet {event: ProvComplete, data: {'context_id': 0, 'iv_index': 0, 'net_key_index': 0, 'address': 380, 'iv_update_flag': 0, 'key_refresh_flag': 0, 'device_key': bytearray(b'\x0f\xd6\xc2J^\xedF\xba\xd8\xc9\xe2}E\xfe\x9e#'), 'net_key': bytearray(b'\x18\xee\xd9\xc2\xa5j\xdd\x85\x04\x9f\xfc<Y\xad\x0e\x12')}}
2019-07-10 19:29:41,393 - INFO - tty.usbmodem0006822145041: {event: ProvComplete, data: {'context_id': 0, 'iv_index': 0, 'net_key_index': 0, 'address': 380, 'iv_update_flag': 0, 'key_refresh_flag': 0, 'device_key': bytearray(b'\x0f\xd6\xc2J^\xedF\xba\xd8\xc9\xe2}E\xfe\x9e#'), 'net_key': bytearray(b'\x18\xee\xd9\xc2\xa5j\xdd\x85\x04\x9f\xfc<Y\xad\x0e\x12')}}
2019-07-10 19:29:41,393 - INFO - tty.usbmodem0006822145041: Provisioning complete
2019-07-10 19:29:41,395 - INFO - tty.usbmodem0006822145041: 	Address(es): 0x17c-0x189
2019-07-10 19:29:41,395 - INFO - tty.usbmodem0006822145041: 	Device key: 0fd6c24a5eed46bad8c9e27d45fe9e23
2019-07-10 19:29:41,395 - INFO - tty.usbmodem0006822145041: 	Network key: 18eed9c2a56add85049ffc3c59ad0e12
2019-07-10 19:29:41,396 - INFO - tty.usbmodem0006822145041: Adding device key to subnet 0
2019-07-10 19:29:41,396 - INFO - tty.usbmodem0006822145041: Adding publication address of root element
2019-07-10 19:29:41,396 - DEBUG - tty.usbmodem0006822145041: Writing: 156 bytearray(b'|\x01\x00\x00\x0f\xd6\xc2J^\xedF\xba\xd8\xc9\xe2}E\xfe\x9e#')
2019-07-10 19:29:41,397 - DEBUG - tty.usbmodem0006822145041: TX: 159c7c0100000fd6c24a5eed46bad8c9e27d45fe9e23
2019-07-10 19:29:41,399 - INFO - tty.usbmodem0006822145041: Adding device key bytearray(b'|\x01\x00\x00\x0f\xd6\xc2J^\xedF\xba\xd8\xc9\xe2}E\xfe\x9e#')
2019-07-10 19:29:41,400 - DEBUG - tty.usbmodem0006822145041: Writing: 164 bytearray(b'|\x01')
2019-07-10 19:29:41,400 - DEBUG - tty.usbmodem0006822145041: TX: 03a47c01
2019-07-10 19:29:43,403 - INFO - tty.usbmodem0006822145041: cmd AddrPublicationAdd, timeout waiting for event
2019-07-10 19:29:51,407 - DEBUG - tty.usbmodem0006822145041: RX: 05849c000900
2019-07-10 19:29:51,407 - DEBUG - tty.usbmodem0006822145041: parsed_packet {event: CmdRsp, data: {'opcode': 156, 'status': 0, 'data': bytearray(b'\t\x00')}}
2019-07-10 19:29:51,408 - INFO - tty.usbmodem0006822145041: DevkeyAdd: {'devkey_handle': 9}
2019-07-10 19:29:51,415 - DEBUG - tty.usbmodem0006822145041: RX: 0584a4001000
2019-07-10 19:29:51,415 - DEBUG - tty.usbmodem0006822145041: parsed_packet {event: CmdRsp, data: {'opcode': 164, 'status': 0, 'data': bytearray(b'\x10\x00')}}
2019-07-10 19:29:51,415 - INFO - tty.usbmodem0006822145041: AddrPublicationAdd: {'address_handle': 16}
2019-07-10 19:29:51,415 - DEBUG - tty.usbmodem0006822145041: RX: 03c20000
2019-07-10 19:29:51,415 - DEBUG - tty.usbmodem0006822145041: parsed_packet {event: ProvLinkClosed, data: {'context_id': 0, 'close_reason': 0}}
2019-07-10 19:29:51,416 - INFO - tty.usbmodem0006822145041: {event: ProvLinkClosed, data: {'context_id': 0, 'close_reason': 0}}
2019-07-10 19:29:51,422 - INFO - tty.usbmodem0006822145041: Provisioning link closed
2019-07-10 19:34:32,389 - DEBUG - tty.usbmodem0006822145041: exited read event
