2019-06-26 10:50:07,244 - DEBUG - tty.usbmodem0006822145041: Writing: 105 bytearray(b'\xf9\xaaa.\xc3\xda"$[\x9es\xe3\x842\xca\xcf\xb8\xd5\x1d>\xf1@"a\\\xb4\x7fY\xb5U\nH/\xb5s\xf6q\'\xd4\x0b\xa0\xb9L\x16.\x94\xfe\xb01\x8bm\xfa\xd5\x97w\xd0\x8f\x1fA\xdfb\x9b\xab\xcf\xfcx&{@{2]s\xb6u\x7f\xd6\x93\xba\x1f\x82\xf8\xe1\xfd`\xa9\xb5\xbd\xde\x82\xd5\xcf\xd4\xa1,\xf2')
2019-06-26 10:50:07,248 - DEBUG - tty.usbmodem0006822145041: TX: 6169f9aa612ec3da22245b9e73e38432cacfb8d51d3ef14022615cb47f59b5550a482fb573f67127d40ba0b94c162e94feb0318b6dfad59777d08f1f41df629babcffc78267b407b325d73b6757fd693ba1f82f8e1fd60a9b5bdde82d5cfd4a12cf2
2019-06-26 10:50:07,258 - DEBUG - tty.usbmodem0006822145041: RX: 03845384
2019-06-26 10:50:07,259 - DEBUG - tty.usbmodem0006822145041: parsed_packet {event: CmdRsp, data: {'opcode': 83, 'status': 132, 'data': bytearray(b'')}}
2019-06-26 10:50:07,259 - ERROR - tty.usbmodem0006822145041: None: ERROR_INVALID_LENGTH
2019-06-26 10:50:07,259 - DEBUG - tty.usbmodem0006822145041: Writing: 159 bytearray(b'\x01\x00\x01\x00')
2019-06-26 10:50:07,259 - DEBUG - tty.usbmodem0006822145041: TX: 059f01000100
2019-06-26 10:50:07,260 - DEBUG - tty.usbmodem0006822145041: RX: 03840084
2019-06-26 10:50:07,260 - DEBUG - tty.usbmodem0006822145041: parsed_packet {event: CmdRsp, data: {'opcode': 0, 'status': 132, 'data': bytearray(b'')}}
2019-06-26 10:50:07,260 - ERROR - tty.usbmodem0006822145041: None: ERROR_INVALID_LENGTH
2019-06-26 10:50:07,260 - DEBUG - tty.usbmodem0006822145041: Writing: 146 bytearray(b'\x00\x00\x18\xee\xd9\xc2\xa5j\xdd\x85\x04\x9f\xfc<Y\xad\x0e\x12')
2019-06-26 10:50:07,260 - DEBUG - tty.usbmodem0006822145041: TX: 1392000018eed9c2a56add85049ffc3c59ad0e12
2019-06-26 10:50:07,261 - DEBUG - tty.usbmodem0006822145041: RX: 03840084
2019-06-26 10:50:07,261 - DEBUG - tty.usbmodem0006822145041: parsed_packet {event: CmdRsp, data: {'opcode': 0, 'status': 132, 'data': bytearray(b'')}}
2019-06-26 10:50:07,261 - ERROR - tty.usbmodem0006822145041: None: ERROR_INVALID_LENGTH
2019-06-26 10:50:07,261 - DEBUG - tty.usbmodem0006822145041: Writing: 151 bytearray(b'\x00\x00\x00\x00Oh\xad\x85\xd9\xf4\x8a\xc8X\x9d\xf6e\xb6\xb4\x9b\x8a')
2019-06-26 10:50:07,262 - DEBUG - tty.usbmodem0006822145041: TX: 1597000000004f68ad85d9f48ac8589df665b6b49b8a
2019-06-26 10:50:07,262 - DEBUG - tty.usbmodem0006822145041: RX: 03840084
2019-06-26 10:50:07,262 - DEBUG - tty.usbmodem0006822145041: parsed_packet {event: CmdRsp, data: {'opcode': 0, 'status': 132, 'data': bytearray(b'')}}
2019-06-26 10:50:07,262 - ERROR - tty.usbmodem0006822145041: None: ERROR_INVALID_LENGTH
2019-06-26 10:50:07,262 - DEBUG - tty.usbmodem0006822145041: Writing: 151 bytearray(b'\x01\x00\x00\x00*\xa2\xa6\xde\xd5\xa0y\x8c\xea\xb5x|\xa3\xae9\xfc')
2019-06-26 10:50:07,263 - DEBUG - tty.usbmodem0006822145041: TX: 1597010000002aa2a6ded5a0798ceab5787ca3ae39fc
2019-06-26 10:50:07,263 - DEBUG - tty.usbmodem0006822145041: RX: 03840084
2019-06-26 10:50:07,264 - DEBUG - tty.usbmodem0006822145041: parsed_packet {event: CmdRsp, data: {'opcode': 0, 'status': 132, 'data': bytearray(b'')}}
2019-06-26 10:50:07,264 - ERROR - tty.usbmodem0006822145041: None: ERROR_INVALID_LENGTH
2019-06-26 10:50:07,265 - DEBUG - tty.usbmodem0006822145041: RX: 03840084
2019-06-26 10:50:07,265 - DEBUG - tty.usbmodem0006822145041: parsed_packet {event: CmdRsp, data: {'opcode': 0, 'status': 132, 'data': bytearray(b'')}}
2019-06-26 10:50:07,265 - ERROR - tty.usbmodem0006822145041: None: ERROR_INVALID_LENGTH
2019-06-26 10:50:07,265 - DEBUG - tty.usbmodem0006822145041: RX: 03840084
2019-06-26 10:50:07,265 - DEBUG - tty.usbmodem0006822145041: parsed_packet {event: CmdRsp, data: {'opcode': 0, 'status': 132, 'data': bytearray(b'')}}
2019-06-26 10:50:07,265 - ERROR - tty.usbmodem0006822145041: None: ERROR_INVALID_LENGTH
2019-06-26 10:50:07,266 - DEBUG - tty.usbmodem0006822145041: RX: 03840084
2019-06-26 10:50:07,266 - DEBUG - tty.usbmodem0006822145041: parsed_packet {event: CmdRsp, data: {'opcode': 0, 'status': 132, 'data': bytearray(b'')}}
2019-06-26 10:50:07,266 - ERROR - tty.usbmodem0006822145041: None: ERROR_INVALID_LENGTH
2019-06-26 10:50:07,266 - DEBUG - tty.usbmodem0006822145041: RX: 03840084
2019-06-26 10:50:07,266 - DEBUG - tty.usbmodem0006822145041: parsed_packet {event: CmdRsp, data: {'opcode': 0, 'status': 132, 'data': bytearray(b'')}}
2019-06-26 10:50:07,266 - ERROR - tty.usbmodem0006822145041: None: ERROR_INVALID_LENGTH
2019-06-26 10:50:07,269 - DEBUG - tty.usbmodem0006822145041: RX: 03840084
2019-06-26 10:50:07,269 - DEBUG - tty.usbmodem0006822145041: parsed_packet {event: CmdRsp, data: {'opcode': 0, 'status': 132, 'data': bytearray(b'')}}
2019-06-26 10:50:07,271 - ERROR - tty.usbmodem0006822145041: None: ERROR_INVALID_LENGTH
2019-06-26 10:50:07,273 - DEBUG - tty.usbmodem0006822145041: RX: 03840084
2019-06-26 10:50:07,274 - DEBUG - tty.usbmodem0006822145041: parsed_packet {event: CmdRsp, data: {'opcode': 0, 'status': 132, 'data': bytearray(b'')}}
2019-06-26 10:50:07,276 - ERROR - tty.usbmodem0006822145041: None: ERROR_INVALID_LENGTH
2019-06-26 10:50:07,277 - DEBUG - tty.usbmodem0006822145041: RX: 03840084
2019-06-26 10:50:07,278 - DEBUG - tty.usbmodem0006822145041: parsed_packet {event: CmdRsp, data: {'opcode': 0, 'status': 132, 'data': bytearray(b'')}}
2019-06-26 10:50:07,281 - ERROR - tty.usbmodem0006822145041: None: ERROR_INVALID_LENGTH
2019-06-26 10:50:07,290 - DEBUG - tty.usbmodem0006822145041: RX: 03840084
2019-06-26 10:50:07,290 - DEBUG - tty.usbmodem0006822145041: parsed_packet {event: CmdRsp, data: {'opcode': 0, 'status': 132, 'data': bytearray(b'')}}
2019-06-26 10:50:07,290 - ERROR - tty.usbmodem0006822145041: None: ERROR_INVALID_LENGTH
2019-06-26 10:50:07,290 - DEBUG - tty.usbmodem0006822145041: RX: 03849f8e
2019-06-26 10:50:07,290 - DEBUG - tty.usbmodem0006822145041: parsed_packet {event: CmdRsp, data: {'opcode': 159, 'status': 142, 'data': bytearray(b'')}}
2019-06-26 10:50:07,291 - ERROR - tty.usbmodem0006822145041: None: ERROR_REJECTED
2019-06-26 10:50:07,291 - DEBUG - tty.usbmodem0006822145041: RX: 03849281
2019-06-26 10:50:07,291 - DEBUG - tty.usbmodem0006822145041: parsed_packet {event: CmdRsp, data: {'opcode': 146, 'status': 129, 'data': bytearray(b'')}}
2019-06-26 10:50:07,291 - ERROR - tty.usbmodem0006822145041: SubnetAdd: ERROR_INTERNAL
2019-06-26 10:50:07,292 - DEBUG - tty.usbmodem0006822145041: RX: 03849781
2019-06-26 10:50:07,293 - DEBUG - tty.usbmodem0006822145041: parsed_packet {event: CmdRsp, data: {'opcode': 151, 'status': 129, 'data': bytearray(b'')}}
2019-06-26 10:50:07,294 - ERROR - tty.usbmodem0006822145041: AppkeyAdd: ERROR_INTERNAL
2019-06-26 10:50:07,296 - DEBUG - tty.usbmodem0006822145041: RX: 03849781
2019-06-26 10:50:07,297 - DEBUG - tty.usbmodem0006822145041: parsed_packet {event: CmdRsp, data: {'opcode': 151, 'status': 129, 'data': bytearray(b'')}}
2019-06-26 10:50:07,297 - ERROR - tty.usbmodem0006822145041: AppkeyAdd: ERROR_INTERNAL
2019-06-26 10:50:11,061 - DEBUG - tty.usbmodem0006822145041: Writing: 97 bytearray(b'')
2019-06-26 10:50:11,062 - DEBUG - tty.usbmodem0006822145041: TX: 0161
2019-06-26 10:50:11,075 - DEBUG - tty.usbmodem0006822145041: RX: 03846100
2019-06-26 10:50:11,076 - DEBUG - tty.usbmodem0006822145041: parsed_packet {event: CmdRsp, data: {'opcode': 97, 'status': 0, 'data': bytearray(b'')}}
2019-06-26 10:50:11,077 - INFO - tty.usbmodem0006822145041: Success
2019-06-26 10:50:11,962 - DEBUG - tty.usbmodem0006822145041: RX: 1ac09db77a0526b8734988639509c242d107c90001c8639509c2c2
2019-06-26 10:50:11,963 - DEBUG - tty.usbmodem0006822145041: parsed_packet {event: ProvUnprovisionedReceived, data: {'uuid': bytearray(b'\x9d\xb7z\x05&\xb8sI\x88c\x95\t\xc2B\xd1\x07'), 'rssi': -55, 'gatt_supported': 0, 'adv_addr_type': 1, 'adv_addr': bytearray(b'\xc8c\x95\t\xc2\xc2')}}
2019-06-26 10:50:11,963 - INFO - tty.usbmodem0006822145041: Received UUID 9db77a0526b8734988639509c242d107 with RSSI: -55 dB
2019-06-26 10:50:13,946 - DEBUG - tty.usbmodem0006822145041: RX: 1ac09db77a0526b8734988639509c242d107cd0001c8639509c2c2
2019-06-26 10:50:13,948 - DEBUG - tty.usbmodem0006822145041: parsed_packet {event: ProvUnprovisionedReceived, data: {'uuid': bytearray(b'\x9d\xb7z\x05&\xb8sI\x88c\x95\t\xc2B\xd1\x07'), 'rssi': -51, 'gatt_supported': 0, 'adv_addr_type': 1, 'adv_addr': bytearray(b'\xc8c\x95\t\xc2\xc2')}}
2019-06-26 10:50:15,585 - DEBUG - tty.usbmodem0006822145041: Writing: 98 bytearray(b'')
2019-06-26 10:50:15,593 - DEBUG - tty.usbmodem0006822145041: TX: 0162
2019-06-26 10:50:15,595 - DEBUG - tty.usbmodem0006822145041: RX: 03846200
2019-06-26 10:50:15,595 - DEBUG - tty.usbmodem0006822145041: parsed_packet {event: CmdRsp, data: {'opcode': 98, 'status': 0, 'data': bytearray(b'')}}
2019-06-26 10:50:15,595 - INFO - tty.usbmodem0006822145041: Success
2019-06-26 10:50:20,982 - DEBUG - tty.usbmodem0006822145041: Writing: 99 bytearray(b'\x00\x9d\xb7z\x05&\xb8sI\x88c\x95\t\xc2B\xd1\x07\x18\xee\xd9\xc2\xa5j\xdd\x85\x04\x9f\xfc<Y\xad\x0e\x12\x00\x00\x00\x00\x00\x00\x14\x00\x00\x00\x00')
2019-06-26 10:50:20,985 - DEBUG - tty.usbmodem0006822145041: TX: 2d63009db77a0526b8734988639509c242d10718eed9c2a56add85049ffc3c59ad0e120000000000001400000000
2019-06-26 10:50:20,992 - DEBUG - tty.usbmodem0006822145041: RX: 0484630000
2019-06-26 10:50:20,992 - DEBUG - tty.usbmodem0006822145041: parsed_packet {event: CmdRsp, data: {'opcode': 99, 'status': 0, 'data': bytearray(b'\x00')}}
2019-06-26 10:50:20,992 - INFO - tty.usbmodem0006822145041: Provision: {'context': 0}
2019-06-26 10:50:21,011 - DEBUG - tty.usbmodem0006822145041: RX: 02c100
2019-06-26 10:50:21,012 - DEBUG - tty.usbmodem0006822145041: parsed_packet {event: ProvLinkEstablished, data: {'context_id': 0}}
2019-06-26 10:50:21,013 - INFO - tty.usbmodem0006822145041: Link established
2019-06-26 10:50:21,062 - DEBUG - tty.usbmodem0006822145041: RX: 0bc300010001000000000000
2019-06-26 10:50:21,062 - DEBUG - tty.usbmodem0006822145041: parsed_packet {event: ProvCapsReceived, data: {'context_id': 0, 'num_elements': 1, 'public_key_type': 0, 'static_oob_types': 1, 'output_oob_size': 0, 'output_oob_actions': 0, 'input_oob_size': 0, 'input_oob_actions': 0}}
2019-06-26 10:50:21,062 - INFO - tty.usbmodem0006822145041: Received capabilities
2019-06-26 10:50:21,062 - INFO - tty.usbmodem0006822145041: Number of elements: 1
2019-06-26 10:50:21,063 - DEBUG - tty.usbmodem0006822145041: Writing: 102 bytearray(b'\x00\x00\x00\x00')
2019-06-26 10:50:21,063 - DEBUG - tty.usbmodem0006822145041: TX: 056600000000
2019-06-26 10:50:21,067 - DEBUG - tty.usbmodem0006822145041: RX: 0484660000
2019-06-26 10:50:21,068 - DEBUG - tty.usbmodem0006822145041: parsed_packet {event: CmdRsp, data: {'opcode': 102, 'status': 0, 'data': bytearray(b'\x00')}}
2019-06-26 10:50:21,068 - INFO - tty.usbmodem0006822145041: OobUse: {'context': 0}
2019-06-26 10:50:21,252 - DEBUG - tty.usbmodem0006822145041: RX: 62c700d0d8119caae7d25155cb059c916494ceb7ab1ea3dbb613e3897f9e09a263aaba5fe073312b5fb4aa48ae59df496b7c38f6f2732d595081332a95d0029ce65a6011aeceeb3f48c36139cfdb3ae72ac07c8b6a4e89dd2ecd2e491d46491443ce26
2019-06-26 10:50:21,252 - DEBUG - tty.usbmodem0006822145041: parsed_packet {event: ProvEcdhRequest, data: {'context_id': 0, 'peer_public': bytearray(b'\xd0\xd8\x11\x9c\xaa\xe7\xd2QU\xcb\x05\x9c\x91d\x94\xce\xb7\xab\x1e\xa3\xdb\xb6\x13\xe3\x89\x7f\x9e\t\xa2c\xaa\xba_\xe0s1+_\xb4\xaaH\xaeY\xdfIk|8\xf6\xf2s-YP\x813*\x95\xd0\x02\x9c\xe6Z`'), 'node_private': bytearray(b'\x11\xae\xce\xeb?H\xc3a9\xcf\xdb:\xe7*\xc0|\x8bjN\x89\xdd.\xcd.I\x1dFI\x14C\xce&')}}
2019-06-26 10:50:21,252 - INFO - tty.usbmodem0006822145041: ECDH request received
2019-06-26 10:50:21,253 - DEBUG - tty.usbmodem0006822145041: Writing: 104 bytearray(b'\x00\xf6\xd3\x11\x8b\xae\x1e\xfd\xe0\xe7\x1c\x96\xd483\x87\xc1\xf21\xa4\xffv\xdf\xde\x9c\xd4\xd5\x9b\xdd?Z\xc2\x8f')
2019-06-26 10:50:21,253 - DEBUG - tty.usbmodem0006822145041: TX: 226800f6d3118bae1efde0e71c96d4383387c1f231a4ff76dfde9cd4d59bdd3f5ac28f
2019-06-26 10:50:21,259 - DEBUG - tty.usbmodem0006822145041: RX: 0484680000
2019-06-26 10:50:21,259 - DEBUG - tty.usbmodem0006822145041: parsed_packet {event: CmdRsp, data: {'opcode': 104, 'status': 0, 'data': bytearray(b'\x00')}}
2019-06-26 10:50:21,259 - INFO - tty.usbmodem0006822145041: EcdhSecret: {'context': 0}
2019-06-26 10:50:23,585 - DEBUG - tty.usbmodem0006822145041: RX: 2cc5000000000000001400000037d4f3e80c381e83fcb5980c16159f9f18eed9c2a56add85049ffc3c59ad0e12
2019-06-26 10:50:23,585 - DEBUG - tty.usbmodem0006822145041: parsed_packet {event: ProvComplete, data: {'context_id': 0, 'iv_index': 0, 'net_key_index': 0, 'address': 20, 'iv_update_flag': 0, 'key_refresh_flag': 0, 'device_key': bytearray(b'7\xd4\xf3\xe8\x0c8\x1e\x83\xfc\xb5\x98\x0c\x16\x15\x9f\x9f'), 'net_key': bytearray(b'\x18\xee\xd9\xc2\xa5j\xdd\x85\x04\x9f\xfc<Y\xad\x0e\x12')}}
2019-06-26 10:50:23,585 - INFO - tty.usbmodem0006822145041: Provisioning complete
2019-06-26 10:50:23,586 - INFO - tty.usbmodem0006822145041: 	Address(es): 0x14-0x14
2019-06-26 10:50:23,586 - INFO - tty.usbmodem0006822145041: 	Device key: 37d4f3e80c381e83fcb5980c16159f9f
2019-06-26 10:50:23,586 - INFO - tty.usbmodem0006822145041: 	Network key: 18eed9c2a56add85049ffc3c59ad0e12
2019-06-26 10:50:23,586 - INFO - tty.usbmodem0006822145041: Adding device key to subnet 0
2019-06-26 10:50:23,586 - INFO - tty.usbmodem0006822145041: Adding publication address of root element
2019-06-26 10:50:23,586 - DEBUG - tty.usbmodem0006822145041: Writing: 156 bytearray(b'\x14\x00\x00\x007\xd4\xf3\xe8\x0c8\x1e\x83\xfc\xb5\x98\x0c\x16\x15\x9f\x9f')
2019-06-26 10:50:23,586 - DEBUG - tty.usbmodem0006822145041: TX: 159c1400000037d4f3e80c381e83fcb5980c16159f9f
2019-06-26 10:50:23,589 - DEBUG - tty.usbmodem0006822145041: Writing: 164 bytearray(b'\x14\x00')
2019-06-26 10:50:23,589 - DEBUG - tty.usbmodem0006822145041: TX: 03a41400
2019-06-26 10:50:23,592 - DEBUG - tty.usbmodem0006822145041: RX: 05849c000900
2019-06-26 10:50:23,592 - DEBUG - tty.usbmodem0006822145041: parsed_packet {event: CmdRsp, data: {'opcode': 156, 'status': 0, 'data': bytearray(b'\t\x00')}}
2019-06-26 10:50:23,592 - INFO - tty.usbmodem0006822145041: DevkeyAdd: {'devkey_handle': 9}
2019-06-26 10:50:23,593 - DEBUG - tty.usbmodem0006822145041: RX: 0584a4000100
2019-06-26 10:50:23,593 - DEBUG - tty.usbmodem0006822145041: parsed_packet {event: CmdRsp, data: {'opcode': 164, 'status': 0, 'data': bytearray(b'\x01\x00')}}
2019-06-26 10:50:23,593 - INFO - tty.usbmodem0006822145041: AddrPublicationAdd: {'address_handle': 1}
2019-06-26 10:50:23,686 - DEBUG - tty.usbmodem0006822145041: RX: 03c20000
2019-06-26 10:50:23,686 - DEBUG - tty.usbmodem0006822145041: parsed_packet {event: ProvLinkClosed, data: {'context_id': 0, 'close_reason': 0}}
2019-06-26 10:50:23,686 - INFO - tty.usbmodem0006822145041: Provisioning link closed
2019-06-26 10:50:33,791 - DEBUG - tty.usbmodem0006822145041.ConfigurationClient: Sending opcode: 8008, data: 00
2019-06-26 10:50:33,791 - DEBUG - tty.usbmodem0006822145041: Writing: 171 bytearray(b'\x08\x00\x01\x00\x00\x00\x08\x00\x00\x00\x80\x08\x00')
2019-06-26 10:50:33,792 - DEBUG - tty.usbmodem0006822145041: TX: 0eab08000100000008000000800800
2019-06-26 10:50:33,798 - DEBUG - tty.usbmodem0006822145041: RX: 0784ab0003000000
2019-06-26 10:50:33,798 - DEBUG - tty.usbmodem0006822145041: parsed_packet {event: CmdRsp, data: {'opcode': 171, 'status': 0, 'data': bytearray(b'\x03\x00\x00\x00')}}
2019-06-26 10:50:33,799 - INFO - tty.usbmodem0006822145041: PacketSend: {'token': 3}
2019-06-26 10:50:33,816 - DEBUG - tty.usbmodem0006822145041: RX: 05d203000000
2019-06-26 10:50:33,817 - DEBUG - tty.usbmodem0006822145041: parsed_packet {event: MeshTxComplete, data: {'token': 3}}
2019-06-26 10:50:33,818 - INFO - tty.usbmodem0006822145041: {event: MeshTxComplete, data: {'token': 3}}
2019-06-26 10:50:42,146 - DEBUG - tty.usbmodem0006822145041.ConfigurationClient: Sending opcode: 8008, data: 00
2019-06-26 10:50:42,147 - DEBUG - tty.usbmodem0006822145041: Writing: 171 bytearray(b'\x08\x00\x01\x00\x00\x00\x08\x00\x00\x00\x80\x08\x00')
2019-06-26 10:50:42,155 - DEBUG - tty.usbmodem0006822145041: TX: 0eab08000100000008000000800800
2019-06-26 10:50:42,160 - DEBUG - tty.usbmodem0006822145041: RX: 0784ab0004000000
2019-06-26 10:50:42,162 - DEBUG - tty.usbmodem0006822145041: parsed_packet {event: CmdRsp, data: {'opcode': 171, 'status': 0, 'data': bytearray(b'\x04\x00\x00\x00')}}
2019-06-26 10:50:42,163 - INFO - tty.usbmodem0006822145041: PacketSend: {'token': 4}
2019-06-26 10:50:42,164 - DEBUG - tty.usbmodem0006822145041: RX: 05d204000000
2019-06-26 10:50:42,164 - DEBUG - tty.usbmodem0006822145041: parsed_packet {event: MeshTxComplete, data: {'token': 4}}
2019-06-26 10:50:42,165 - INFO - tty.usbmodem0006822145041: {event: MeshTxComplete, data: {'token': 4}}
2019-06-26 10:50:45,234 - DEBUG - tty.usbmodem0006822145041.ConfigurationClient: Sending opcode: 8008, data: 00
2019-06-26 10:50:45,234 - DEBUG - tty.usbmodem0006822145041: Writing: 171 bytearray(b'\x08\x00\x01\x00\x00\x00\x08\x00\x00\x00\x80\x08\x00')
2019-06-26 10:50:45,241 - DEBUG - tty.usbmodem0006822145041: TX: 0eab08000100000008000000800800
2019-06-26 10:50:45,245 - DEBUG - tty.usbmodem0006822145041: RX: 0784ab0005000000
2019-06-26 10:50:45,245 - DEBUG - tty.usbmodem0006822145041: parsed_packet {event: CmdRsp, data: {'opcode': 171, 'status': 0, 'data': bytearray(b'\x05\x00\x00\x00')}}
2019-06-26 10:50:45,246 - INFO - tty.usbmodem0006822145041: PacketSend: {'token': 5}
2019-06-26 10:50:45,251 - DEBUG - tty.usbmodem0006822145041: RX: 05d205000000
2019-06-26 10:50:45,251 - DEBUG - tty.usbmodem0006822145041: parsed_packet {event: MeshTxComplete, data: {'token': 5}}
2019-06-26 10:50:45,251 - INFO - tty.usbmodem0006822145041: {event: MeshTxComplete, data: {'token': 5}}
2019-06-26 10:50:53,430 - DEBUG - tty.usbmodem0006822145041.ConfigurationClient: Sending opcode: 8008, data: 00
2019-06-26 10:50:53,436 - DEBUG - tty.usbmodem0006822145041: Writing: 171 bytearray(b'\x08\x00\x01\x00\x00\x00\x08\x00\x00\x00\x80\x08\x00')
2019-06-26 10:50:53,436 - DEBUG - tty.usbmodem0006822145041: TX: 0eab08000100000008000000800800
2019-06-26 10:50:53,443 - DEBUG - tty.usbmodem0006822145041: RX: 0784ab0006000000
2019-06-26 10:50:53,444 - DEBUG - tty.usbmodem0006822145041: parsed_packet {event: CmdRsp, data: {'opcode': 171, 'status': 0, 'data': bytearray(b'\x06\x00\x00\x00')}}
2019-06-26 10:50:53,444 - INFO - tty.usbmodem0006822145041: PacketSend: {'token': 6}
2019-06-26 10:50:53,451 - DEBUG - tty.usbmodem0006822145041: RX: 05d206000000
2019-06-26 10:50:53,452 - DEBUG - tty.usbmodem0006822145041: parsed_packet {event: MeshTxComplete, data: {'token': 6}}
2019-06-26 10:50:53,453 - INFO - tty.usbmodem0006822145041: {event: MeshTxComplete, data: {'token': 6}}
2019-06-26 10:51:17,946 - DEBUG - tty.usbmodem0006822145041.ConfigurationClient: Sending opcode: 8008, data: 00
2019-06-26 10:51:17,946 - DEBUG - tty.usbmodem0006822145041: Writing: 171 bytearray(b'\x08\x00\x01\x00\x00\x00\x08\x00\x00\x00\x80\x08\x00')
2019-06-26 10:51:17,948 - DEBUG - tty.usbmodem0006822145041: TX: 0eab08000100000008000000800800
2019-06-26 10:51:17,962 - DEBUG - tty.usbmodem0006822145041: RX: 0784ab0007000000
2019-06-26 10:51:17,962 - DEBUG - tty.usbmodem0006822145041: parsed_packet {event: CmdRsp, data: {'opcode': 171, 'status': 0, 'data': bytearray(b'\x07\x00\x00\x00')}}
2019-06-26 10:51:17,965 - INFO - tty.usbmodem0006822145041: PacketSend: {'token': 7}
2019-06-26 10:51:17,966 - DEBUG - tty.usbmodem0006822145041: RX: 05d207000000
2019-06-26 10:51:17,966 - DEBUG - tty.usbmodem0006822145041: parsed_packet {event: MeshTxComplete, data: {'token': 7}}
2019-06-26 10:51:17,967 - INFO - tty.usbmodem0006822145041: {event: MeshTxComplete, data: {'token': 7}}
2019-06-26 10:51:33,741 - DEBUG - tty.usbmodem0006822145041.ConfigurationClient: Sending opcode: 00, data: 0000004f68ad85d9f48ac8589df665b6b49b8a
2019-06-26 10:51:33,742 - DEBUG - tty.usbmodem0006822145041: Writing: 171 bytearray(b'\x08\x00\x01\x00\x00\x00\x08\x00\x00\x00\x00\x00\x00\x00Oh\xad\x85\xd9\xf4\x8a\xc8X\x9d\xf6e\xb6\xb4\x9b\x8a')
2019-06-26 10:51:33,743 - DEBUG - tty.usbmodem0006822145041: TX: 1fab08000100000008000000000000004f68ad85d9f48ac8589df665b6b49b8a
2019-06-26 10:51:33,753 - DEBUG - tty.usbmodem0006822145041: RX: 0784ab0008000000
2019-06-26 10:51:33,754 - DEBUG - tty.usbmodem0006822145041: parsed_packet {event: CmdRsp, data: {'opcode': 171, 'status': 0, 'data': bytearray(b'\x08\x00\x00\x00')}}
2019-06-26 10:51:33,757 - INFO - tty.usbmodem0006822145041: PacketSend: {'token': 8}
2019-06-26 10:52:03,222 - DEBUG - tty.usbmodem0006822145041.ConfigurationClient: Sending opcode: 803d, data: 100000000010
2019-06-26 10:52:03,229 - DEBUG - tty.usbmodem0006822145041: Writing: 171 bytearray(b'\x08\x00\x01\x00\x00\x00\x08\x00\x00\x00\x80=\x10\x00\x00\x00\x00\x10')
2019-06-26 10:52:03,231 - DEBUG - tty.usbmodem0006822145041: TX: 13ab08000100000008000000803d100000000010
2019-06-26 10:52:03,240 - DEBUG - tty.usbmodem0006822145041: RX: 0784ab0009000000
2019-06-26 10:52:03,240 - DEBUG - tty.usbmodem0006822145041: parsed_packet {event: CmdRsp, data: {'opcode': 171, 'status': 0, 'data': bytearray(b'\t\x00\x00\x00')}}
2019-06-26 10:52:03,241 - INFO - tty.usbmodem0006822145041: PacketSend: {'token': 9}
2019-06-26 10:52:03,248 - DEBUG - tty.usbmodem0006822145041: RX: 05d209000000
2019-06-26 10:52:03,250 - DEBUG - tty.usbmodem0006822145041: parsed_packet {event: MeshTxComplete, data: {'token': 9}}
2019-06-26 10:52:03,250 - INFO - tty.usbmodem0006822145041: {event: MeshTxComplete, data: {'token': 9}}
2019-06-26 10:52:14,813 - DEBUG - tty.usbmodem0006822145041.ConfigurationClient: Sending opcode: 803d, data: 130000000010
2019-06-26 10:52:14,814 - DEBUG - tty.usbmodem0006822145041: Writing: 171 bytearray(b'\x08\x00\x01\x00\x00\x00\x08\x00\x00\x00\x80=\x13\x00\x00\x00\x00\x10')
2019-06-26 10:52:14,815 - DEBUG - tty.usbmodem0006822145041: TX: 13ab08000100000008000000803d130000000010
2019-06-26 10:52:14,826 - DEBUG - tty.usbmodem0006822145041: RX: 0784ab000a000000
2019-06-26 10:52:14,829 - DEBUG - tty.usbmodem0006822145041: parsed_packet {event: CmdRsp, data: {'opcode': 171, 'status': 0, 'data': bytearray(b'\n\x00\x00\x00')}}
2019-06-26 10:52:14,829 - INFO - tty.usbmodem0006822145041: PacketSend: {'token': 10}
2019-06-26 10:52:14,830 - DEBUG - tty.usbmodem0006822145041: RX: 05d20a000000
2019-06-26 10:52:14,831 - DEBUG - tty.usbmodem0006822145041: parsed_packet {event: MeshTxComplete, data: {'token': 10}}
2019-06-26 10:52:14,831 - INFO - tty.usbmodem0006822145041: {event: MeshTxComplete, data: {'token': 10}}
2019-06-26 10:52:20,106 - DEBUG - tty.usbmodem0006822145041: exited read event
