2019-07-10 17:01:08,899 - DEBUG - tty.usbmodem0006822145041: Writing: 105 bytearray(b"\xeb\xb7\x87\x92P\'my\x9b\xee\xd6\xd3\x8b`\xcc,\xb1}^(\xa9h\x98aauZ\x16\xcd.\xde\xce0]\x85\xb2\xb1\x82\xe5\x9c\x89\xe6\xb6p\xdc\xca*\x99\x14{\x1d\xe5QE\x81\xacm\xa4\xd2u\x85\xdb\xca\x8c\xcb8I\xcd1\x91\xcdk\x02ck\xd5\x85:0\xe0R\x8c\xe0k[A\x00\x95\xff\xb0\xd4\x1e\xc2|\x9c\xa2")
2019-07-10 17:01:08,899 - DEBUG - tty.usbmodem0006822145041: TX: 6169ebb7879250276d799beed6d38b60cc2cb17d5e28a968986161755a16cd2edece305d85b2b182e59c89e6b670dcca2a99147b1de5514581ac6da4d27585dbca8ccb3849cd3191cd6b02636bd5853a30e0528ce06b5b410095ffb0d41ec27c9ca2
2019-07-10 17:01:08,900 - ERROR - tty.usbmodem0006822145041: Exception in pkt handler <bound method Manager.cmd_handler of <interactive_pyaci.Manager object at 0x10ee5cac8>>
2019-07-10 17:01:08,901 - ERROR - tty.usbmodem0006822145041: traceback: Traceback (most recent call last):
  File "/Users/Tim-Mac/msc/bm-control/dev/nrf5SDKforMeshv310src/scripts/interactive_pyaci/aci/aci_uart.py", line 96, in process_command
    fun(command)
  File "/Users/Tim-Mac/msc/bm-control/dev/nrf5SDKforMeshv310src/scripts/interactive_pyaci/interactive_pyaci.py", line 286, in cmd_handler
    self.logger.log("CMD Handler {}".format(cmd._data.hex()))
TypeError: log() missing 1 required positional argument: 'msg'

2019-07-10 17:01:08,909 - DEBUG - tty.usbmodem0006822145041: RX: 03845384
2019-07-10 17:01:08,909 - DEBUG - tty.usbmodem0006822145041: parsed_packet {event: CmdRsp, data: {'opcode': 83, 'status': 132, 'data': bytearray(b'')}}
2019-07-10 17:01:08,910 - ERROR - tty.usbmodem0006822145041: None: ERROR_INVALID_LENGTH
2019-07-10 17:01:08,911 - DEBUG - tty.usbmodem0006822145041: Writing: 159 bytearray(b'\x01\x00\x01\x00')
2019-07-10 17:01:08,912 - DEBUG - tty.usbmodem0006822145041: TX: 059f01000100
2019-07-10 17:01:08,912 - DEBUG - tty.usbmodem0006822145041: RX: 03840084
2019-07-10 17:01:08,912 - ERROR - tty.usbmodem0006822145041: Exception in pkt handler <bound method Manager.cmd_handler of <interactive_pyaci.Manager object at 0x10ee5cac8>>
2019-07-10 17:01:08,913 - DEBUG - tty.usbmodem0006822145041: parsed_packet {event: CmdRsp, data: {'opcode': 0, 'status': 132, 'data': bytearray(b'')}}
2019-07-10 17:01:08,913 - ERROR - tty.usbmodem0006822145041: None: ERROR_INVALID_LENGTH
2019-07-10 17:01:08,913 - ERROR - tty.usbmodem0006822145041: traceback: Traceback (most recent call last):
  File "/Users/Tim-Mac/msc/bm-control/dev/nrf5SDKforMeshv310src/scripts/interactive_pyaci/aci/aci_uart.py", line 96, in process_command
    fun(command)
  File "/Users/Tim-Mac/msc/bm-control/dev/nrf5SDKforMeshv310src/scripts/interactive_pyaci/interactive_pyaci.py", line 286, in cmd_handler
    self.logger.log("CMD Handler {}".format(cmd._data.hex()))
TypeError: log() missing 1 required positional argument: 'msg'

2019-07-10 17:01:08,914 - DEBUG - tty.usbmodem0006822145041: Writing: 146 bytearray(b'\x00\x00\x18\xee\xd9\xc2\xa5j\xdd\x85\x04\x9f\xfc<Y\xad\x0e\x12')
2019-07-10 17:01:08,914 - DEBUG - tty.usbmodem0006822145041: RX: 03840084
2019-07-10 17:01:08,915 - DEBUG - tty.usbmodem0006822145041: TX: 1392000018eed9c2a56add85049ffc3c59ad0e12
2019-07-10 17:01:08,915 - DEBUG - tty.usbmodem0006822145041: parsed_packet {event: CmdRsp, data: {'opcode': 0, 'status': 132, 'data': bytearray(b'')}}
2019-07-10 17:01:08,915 - ERROR - tty.usbmodem0006822145041: Exception in pkt handler <bound method Manager.cmd_handler of <interactive_pyaci.Manager object at 0x10ee5cac8>>
2019-07-10 17:01:08,915 - ERROR - tty.usbmodem0006822145041: None: ERROR_INVALID_LENGTH
2019-07-10 17:01:08,916 - ERROR - tty.usbmodem0006822145041: traceback: Traceback (most recent call last):
  File "/Users/Tim-Mac/msc/bm-control/dev/nrf5SDKforMeshv310src/scripts/interactive_pyaci/aci/aci_uart.py", line 96, in process_command
    fun(command)
  File "/Users/Tim-Mac/msc/bm-control/dev/nrf5SDKforMeshv310src/scripts/interactive_pyaci/interactive_pyaci.py", line 286, in cmd_handler
    self.logger.log("CMD Handler {}".format(cmd._data.hex()))
TypeError: log() missing 1 required positional argument: 'msg'

2019-07-10 17:01:08,916 - DEBUG - tty.usbmodem0006822145041: Writing: 151 bytearray(b'\x00\x00\x00\x00Oh\xad\x85\xd9\xf4\x8a\xc8X\x9d\xf6e\xb6\xb4\x9b\x8a')
2019-07-10 17:01:08,916 - DEBUG - tty.usbmodem0006822145041: RX: 03840084
2019-07-10 17:01:08,916 - DEBUG - tty.usbmodem0006822145041: TX: 1597000000004f68ad85d9f48ac8589df665b6b49b8a
2019-07-10 17:01:08,917 - DEBUG - tty.usbmodem0006822145041: parsed_packet {event: CmdRsp, data: {'opcode': 0, 'status': 132, 'data': bytearray(b'')}}
2019-07-10 17:01:08,918 - ERROR - tty.usbmodem0006822145041: None: ERROR_INVALID_LENGTH
2019-07-10 17:01:08,918 - ERROR - tty.usbmodem0006822145041: Exception in pkt handler <bound method Manager.cmd_handler of <interactive_pyaci.Manager object at 0x10ee5cac8>>
2019-07-10 17:01:08,918 - ERROR - tty.usbmodem0006822145041: traceback: Traceback (most recent call last):
  File "/Users/Tim-Mac/msc/bm-control/dev/nrf5SDKforMeshv310src/scripts/interactive_pyaci/aci/aci_uart.py", line 96, in process_command
    fun(command)
  File "/Users/Tim-Mac/msc/bm-control/dev/nrf5SDKforMeshv310src/scripts/interactive_pyaci/interactive_pyaci.py", line 286, in cmd_handler
    self.logger.log("CMD Handler {}".format(cmd._data.hex()))
TypeError: log() missing 1 required positional argument: 'msg'

2019-07-10 17:01:08,919 - DEBUG - tty.usbmodem0006822145041: RX: 03840084
2019-07-10 17:01:08,919 - DEBUG - tty.usbmodem0006822145041: Writing: 151 bytearray(b'\x01\x00\x00\x00*\xa2\xa6\xde\xd5\xa0y\x8c\xea\xb5x|\xa3\xae9\xfc')
2019-07-10 17:01:08,919 - DEBUG - tty.usbmodem0006822145041: parsed_packet {event: CmdRsp, data: {'opcode': 0, 'status': 132, 'data': bytearray(b'')}}
2019-07-10 17:01:08,919 - DEBUG - tty.usbmodem0006822145041: TX: 1597010000002aa2a6ded5a0798ceab5787ca3ae39fc
2019-07-10 17:01:08,919 - ERROR - tty.usbmodem0006822145041: None: ERROR_INVALID_LENGTH
2019-07-10 17:01:08,919 - ERROR - tty.usbmodem0006822145041: Exception in pkt handler <bound method Manager.cmd_handler of <interactive_pyaci.Manager object at 0x10ee5cac8>>
2019-07-10 17:01:08,920 - DEBUG - tty.usbmodem0006822145041: RX: 03840084
2019-07-10 17:01:08,920 - DEBUG - tty.usbmodem0006822145041: parsed_packet {event: CmdRsp, data: {'opcode': 0, 'status': 132, 'data': bytearray(b'')}}
2019-07-10 17:01:08,920 - ERROR - tty.usbmodem0006822145041: traceback: Traceback (most recent call last):
  File "/Users/Tim-Mac/msc/bm-control/dev/nrf5SDKforMeshv310src/scripts/interactive_pyaci/aci/aci_uart.py", line 96, in process_command
    fun(command)
  File "/Users/Tim-Mac/msc/bm-control/dev/nrf5SDKforMeshv310src/scripts/interactive_pyaci/interactive_pyaci.py", line 286, in cmd_handler
    self.logger.log("CMD Handler {}".format(cmd._data.hex()))
TypeError: log() missing 1 required positional argument: 'msg'

2019-07-10 17:01:08,920 - ERROR - tty.usbmodem0006822145041: None: ERROR_INVALID_LENGTH
2019-07-10 17:01:08,920 - DEBUG - tty.usbmodem0006822145041: Writing: 164 bytearray(b'\xc6\x00')
2019-07-10 17:01:08,921 - DEBUG - tty.usbmodem0006822145041: TX: 03a4c600
2019-07-10 17:01:08,921 - ERROR - tty.usbmodem0006822145041: Exception in pkt handler <bound method Manager.cmd_handler of <interactive_pyaci.Manager object at 0x10ee5cac8>>
2019-07-10 17:01:08,921 - DEBUG - tty.usbmodem0006822145041: RX: 03840084
2019-07-10 17:01:08,921 - ERROR - tty.usbmodem0006822145041: traceback: Traceback (most recent call last):
  File "/Users/Tim-Mac/msc/bm-control/dev/nrf5SDKforMeshv310src/scripts/interactive_pyaci/aci/aci_uart.py", line 96, in process_command
    fun(command)
  File "/Users/Tim-Mac/msc/bm-control/dev/nrf5SDKforMeshv310src/scripts/interactive_pyaci/interactive_pyaci.py", line 286, in cmd_handler
    self.logger.log("CMD Handler {}".format(cmd._data.hex()))
TypeError: log() missing 1 required positional argument: 'msg'

2019-07-10 17:01:08,922 - DEBUG - tty.usbmodem0006822145041: parsed_packet {event: CmdRsp, data: {'opcode': 0, 'status': 132, 'data': bytearray(b'')}}
2019-07-10 17:01:08,936 - ERROR - tty.usbmodem0006822145041: None: ERROR_INVALID_LENGTH
2019-07-10 17:01:08,936 - DEBUG - tty.usbmodem0006822145041: RX: 03840084
2019-07-10 17:01:08,937 - DEBUG - tty.usbmodem0006822145041: parsed_packet {event: CmdRsp, data: {'opcode': 0, 'status': 132, 'data': bytearray(b'')}}
2019-07-10 17:01:08,937 - ERROR - tty.usbmodem0006822145041: None: ERROR_INVALID_LENGTH
2019-07-10 17:01:08,937 - DEBUG - tty.usbmodem0006822145041: RX: 03840084
2019-07-10 17:01:08,937 - DEBUG - tty.usbmodem0006822145041: parsed_packet {event: CmdRsp, data: {'opcode': 0, 'status': 132, 'data': bytearray(b'')}}
2019-07-10 17:01:08,938 - ERROR - tty.usbmodem0006822145041: None: ERROR_INVALID_LENGTH
2019-07-10 17:01:08,938 - DEBUG - tty.usbmodem0006822145041: RX: 03840084
2019-07-10 17:01:08,938 - DEBUG - tty.usbmodem0006822145041: parsed_packet {event: CmdRsp, data: {'opcode': 0, 'status': 132, 'data': bytearray(b'')}}
2019-07-10 17:01:08,938 - ERROR - tty.usbmodem0006822145041: None: ERROR_INVALID_LENGTH
2019-07-10 17:01:08,938 - DEBUG - tty.usbmodem0006822145041: RX: 03840084
2019-07-10 17:01:08,938 - DEBUG - tty.usbmodem0006822145041: parsed_packet {event: CmdRsp, data: {'opcode': 0, 'status': 132, 'data': bytearray(b'')}}
2019-07-10 17:01:08,939 - ERROR - tty.usbmodem0006822145041: None: ERROR_INVALID_LENGTH
2019-07-10 17:01:08,939 - DEBUG - tty.usbmodem0006822145041: RX: 03840084
2019-07-10 17:01:08,939 - DEBUG - tty.usbmodem0006822145041: parsed_packet {event: CmdRsp, data: {'opcode': 0, 'status': 132, 'data': bytearray(b'')}}
2019-07-10 17:01:08,939 - ERROR - tty.usbmodem0006822145041: None: ERROR_INVALID_LENGTH
2019-07-10 17:01:08,940 - DEBUG - tty.usbmodem0006822145041: RX: 03840084
2019-07-10 17:01:08,950 - DEBUG - tty.usbmodem0006822145041: parsed_packet {event: CmdRsp, data: {'opcode': 0, 'status': 132, 'data': bytearray(b'')}}
2019-07-10 17:01:08,951 - ERROR - tty.usbmodem0006822145041: None: ERROR_INVALID_LENGTH
2019-07-10 17:01:08,952 - DEBUG - tty.usbmodem0006822145041: RX: 03849f8e
2019-07-10 17:01:08,952 - DEBUG - tty.usbmodem0006822145041: parsed_packet {event: CmdRsp, data: {'opcode': 159, 'status': 142, 'data': bytearray(b'')}}
2019-07-10 17:01:08,953 - ERROR - tty.usbmodem0006822145041: None: ERROR_REJECTED
2019-07-10 17:01:08,953 - DEBUG - tty.usbmodem0006822145041: RX: 03849281
2019-07-10 17:01:08,953 - DEBUG - tty.usbmodem0006822145041: parsed_packet {event: CmdRsp, data: {'opcode': 146, 'status': 129, 'data': bytearray(b'')}}
2019-07-10 17:01:08,954 - ERROR - tty.usbmodem0006822145041: SubnetAdd: ERROR_INTERNAL
2019-07-10 17:01:08,956 - DEBUG - tty.usbmodem0006822145041: RX: 03849781
2019-07-10 17:01:08,957 - DEBUG - tty.usbmodem0006822145041: parsed_packet {event: CmdRsp, data: {'opcode': 151, 'status': 129, 'data': bytearray(b'')}}
2019-07-10 17:01:08,958 - ERROR - tty.usbmodem0006822145041: AppkeyAdd: ERROR_INTERNAL
2019-07-10 17:01:08,958 - DEBUG - tty.usbmodem0006822145041: RX: 03849781
2019-07-10 17:01:08,958 - DEBUG - tty.usbmodem0006822145041: parsed_packet {event: CmdRsp, data: {'opcode': 151, 'status': 129, 'data': bytearray(b'')}}
2019-07-10 17:01:08,958 - ERROR - tty.usbmodem0006822145041: AppkeyAdd: ERROR_INTERNAL
2019-07-10 17:01:08,958 - DEBUG - tty.usbmodem0006822145041: RX: 0584a4000000
2019-07-10 17:01:08,958 - DEBUG - tty.usbmodem0006822145041: parsed_packet {event: CmdRsp, data: {'opcode': 164, 'status': 0, 'data': bytearray(b'\x00\x00')}}
2019-07-10 17:01:08,958 - INFO - tty.usbmodem0006822145041: AddrPublicationAdd: {'address_handle': 0}
2019-07-10 17:01:09,901 - DEBUG - tty.usbmodem0006822145041: Writing: 161 bytearray(b'\x01\xc0')
2019-07-10 17:01:09,901 - DEBUG - tty.usbmodem0006822145041: TX: 03a101c0
2019-07-10 17:01:09,901 - ERROR - tty.usbmodem0006822145041: Exception in pkt handler <bound method Manager.cmd_handler of <interactive_pyaci.Manager object at 0x10ee5cac8>>
2019-07-10 17:01:09,902 - ERROR - tty.usbmodem0006822145041: traceback: Traceback (most recent call last):
  File "/Users/Tim-Mac/msc/bm-control/dev/nrf5SDKforMeshv310src/scripts/interactive_pyaci/aci/aci_uart.py", line 96, in process_command
    fun(command)
  File "/Users/Tim-Mac/msc/bm-control/dev/nrf5SDKforMeshv310src/scripts/interactive_pyaci/interactive_pyaci.py", line 286, in cmd_handler
    self.logger.log("CMD Handler {}".format(cmd._data.hex()))
TypeError: log() missing 1 required positional argument: 'msg'

2019-07-10 17:01:09,903 - DEBUG - tty.usbmodem0006822145041: RX: 0584a1000100
2019-07-10 17:01:09,903 - DEBUG - tty.usbmodem0006822145041: parsed_packet {event: CmdRsp, data: {'opcode': 161, 'status': 0, 'data': bytearray(b'\x01\x00')}}
2019-07-10 17:01:09,903 - INFO - tty.usbmodem0006822145041: AddrSubscriptionAdd: {'address_handle': 1}
2019-07-10 17:01:10,901 - DEBUG - tty.usbmodem0006822145041: Writing: 164 bytearray(b'\xc7\x00')
2019-07-10 17:01:10,902 - DEBUG - tty.usbmodem0006822145041: TX: 03a4c700
2019-07-10 17:01:10,902 - ERROR - tty.usbmodem0006822145041: Exception in pkt handler <bound method Manager.cmd_handler of <interactive_pyaci.Manager object at 0x10ee5cac8>>
2019-07-10 17:01:10,902 - ERROR - tty.usbmodem0006822145041: traceback: Traceback (most recent call last):
  File "/Users/Tim-Mac/msc/bm-control/dev/nrf5SDKforMeshv310src/scripts/interactive_pyaci/aci/aci_uart.py", line 96, in process_command
    fun(command)
  File "/Users/Tim-Mac/msc/bm-control/dev/nrf5SDKforMeshv310src/scripts/interactive_pyaci/interactive_pyaci.py", line 286, in cmd_handler
    self.logger.log("CMD Handler {}".format(cmd._data.hex()))
TypeError: log() missing 1 required positional argument: 'msg'

2019-07-10 17:01:10,904 - DEBUG - tty.usbmodem0006822145041: RX: 0584a4000200
2019-07-10 17:01:10,904 - DEBUG - tty.usbmodem0006822145041: parsed_packet {event: CmdRsp, data: {'opcode': 164, 'status': 0, 'data': bytearray(b'\x02\x00')}}
2019-07-10 17:01:10,904 - INFO - tty.usbmodem0006822145041: AddrPublicationAdd: {'address_handle': 2}
2019-07-10 17:01:11,902 - DEBUG - tty.usbmodem0006822145041: Writing: 164 bytearray(b'\xc8\x00')
2019-07-10 17:01:11,903 - DEBUG - tty.usbmodem0006822145041: TX: 03a4c800
2019-07-10 17:01:11,903 - ERROR - tty.usbmodem0006822145041: Exception in pkt handler <bound method Manager.cmd_handler of <interactive_pyaci.Manager object at 0x10ee5cac8>>
2019-07-10 17:01:11,903 - ERROR - tty.usbmodem0006822145041: traceback: Traceback (most recent call last):
  File "/Users/Tim-Mac/msc/bm-control/dev/nrf5SDKforMeshv310src/scripts/interactive_pyaci/aci/aci_uart.py", line 96, in process_command
    fun(command)
  File "/Users/Tim-Mac/msc/bm-control/dev/nrf5SDKforMeshv310src/scripts/interactive_pyaci/interactive_pyaci.py", line 286, in cmd_handler
    self.logger.log("CMD Handler {}".format(cmd._data.hex()))
TypeError: log() missing 1 required positional argument: 'msg'

2019-07-10 17:01:11,905 - DEBUG - tty.usbmodem0006822145041: RX: 0584a4000300
2019-07-10 17:01:11,905 - DEBUG - tty.usbmodem0006822145041: parsed_packet {event: CmdRsp, data: {'opcode': 164, 'status': 0, 'data': bytearray(b'\x03\x00')}}
2019-07-10 17:01:11,905 - INFO - tty.usbmodem0006822145041: AddrPublicationAdd: {'address_handle': 3}
2019-07-10 17:01:12,903 - DEBUG - tty.usbmodem0006822145041: Writing: 164 bytearray(b'\xc9\x00')
2019-07-10 17:01:12,903 - DEBUG - tty.usbmodem0006822145041: TX: 03a4c900
2019-07-10 17:01:12,904 - ERROR - tty.usbmodem0006822145041: Exception in pkt handler <bound method Manager.cmd_handler of <interactive_pyaci.Manager object at 0x10ee5cac8>>
2019-07-10 17:01:12,904 - ERROR - tty.usbmodem0006822145041: traceback: Traceback (most recent call last):
  File "/Users/Tim-Mac/msc/bm-control/dev/nrf5SDKforMeshv310src/scripts/interactive_pyaci/aci/aci_uart.py", line 96, in process_command
    fun(command)
  File "/Users/Tim-Mac/msc/bm-control/dev/nrf5SDKforMeshv310src/scripts/interactive_pyaci/interactive_pyaci.py", line 286, in cmd_handler
    self.logger.log("CMD Handler {}".format(cmd._data.hex()))
TypeError: log() missing 1 required positional argument: 'msg'

2019-07-10 17:01:12,906 - DEBUG - tty.usbmodem0006822145041: RX: 0584a4000400
2019-07-10 17:01:12,906 - DEBUG - tty.usbmodem0006822145041: parsed_packet {event: CmdRsp, data: {'opcode': 164, 'status': 0, 'data': bytearray(b'\x04\x00')}}
2019-07-10 17:01:12,906 - INFO - tty.usbmodem0006822145041: AddrPublicationAdd: {'address_handle': 4}
2019-07-10 17:01:13,904 - DEBUG - tty.usbmodem0006822145041: Writing: 164 bytearray(b'\xca\x00')
2019-07-10 17:01:13,904 - DEBUG - tty.usbmodem0006822145041: TX: 03a4ca00
2019-07-10 17:01:13,904 - ERROR - tty.usbmodem0006822145041: Exception in pkt handler <bound method Manager.cmd_handler of <interactive_pyaci.Manager object at 0x10ee5cac8>>
2019-07-10 17:01:13,905 - ERROR - tty.usbmodem0006822145041: traceback: Traceback (most recent call last):
  File "/Users/Tim-Mac/msc/bm-control/dev/nrf5SDKforMeshv310src/scripts/interactive_pyaci/aci/aci_uart.py", line 96, in process_command
    fun(command)
  File "/Users/Tim-Mac/msc/bm-control/dev/nrf5SDKforMeshv310src/scripts/interactive_pyaci/interactive_pyaci.py", line 286, in cmd_handler
    self.logger.log("CMD Handler {}".format(cmd._data.hex()))
TypeError: log() missing 1 required positional argument: 'msg'

2019-07-10 17:01:13,906 - DEBUG - tty.usbmodem0006822145041: RX: 0584a4000500
2019-07-10 17:01:13,907 - DEBUG - tty.usbmodem0006822145041: parsed_packet {event: CmdRsp, data: {'opcode': 164, 'status': 0, 'data': bytearray(b'\x05\x00')}}
2019-07-10 17:01:13,907 - INFO - tty.usbmodem0006822145041: AddrPublicationAdd: {'address_handle': 5}
2019-07-10 17:01:14,909 - DEBUG - tty.usbmodem0006822145041: Writing: 164 bytearray(b'\xcb\x00')
2019-07-10 17:01:14,910 - DEBUG - tty.usbmodem0006822145041: TX: 03a4cb00
2019-07-10 17:01:14,911 - ERROR - tty.usbmodem0006822145041: Exception in pkt handler <bound method Manager.cmd_handler of <interactive_pyaci.Manager object at 0x10ee5cac8>>
2019-07-10 17:01:14,911 - ERROR - tty.usbmodem0006822145041: traceback: Traceback (most recent call last):
  File "/Users/Tim-Mac/msc/bm-control/dev/nrf5SDKforMeshv310src/scripts/interactive_pyaci/aci/aci_uart.py", line 96, in process_command
    fun(command)
  File "/Users/Tim-Mac/msc/bm-control/dev/nrf5SDKforMeshv310src/scripts/interactive_pyaci/interactive_pyaci.py", line 286, in cmd_handler
    self.logger.log("CMD Handler {}".format(cmd._data.hex()))
TypeError: log() missing 1 required positional argument: 'msg'

2019-07-10 17:01:14,913 - DEBUG - tty.usbmodem0006822145041: RX: 0584a4000600
2019-07-10 17:01:14,913 - DEBUG - tty.usbmodem0006822145041: parsed_packet {event: CmdRsp, data: {'opcode': 164, 'status': 0, 'data': bytearray(b'\x06\x00')}}
2019-07-10 17:01:14,913 - INFO - tty.usbmodem0006822145041: AddrPublicationAdd: {'address_handle': 6}
2019-07-10 17:01:15,911 - DEBUG - tty.usbmodem0006822145041: Writing: 164 bytearray(b'\xcc\x00')
2019-07-10 17:01:15,911 - DEBUG - tty.usbmodem0006822145041: TX: 03a4cc00
2019-07-10 17:01:15,911 - ERROR - tty.usbmodem0006822145041: Exception in pkt handler <bound method Manager.cmd_handler of <interactive_pyaci.Manager object at 0x10ee5cac8>>
2019-07-10 17:01:15,912 - ERROR - tty.usbmodem0006822145041: traceback: Traceback (most recent call last):
  File "/Users/Tim-Mac/msc/bm-control/dev/nrf5SDKforMeshv310src/scripts/interactive_pyaci/aci/aci_uart.py", line 96, in process_command
    fun(command)
  File "/Users/Tim-Mac/msc/bm-control/dev/nrf5SDKforMeshv310src/scripts/interactive_pyaci/interactive_pyaci.py", line 286, in cmd_handler
    self.logger.log("CMD Handler {}".format(cmd._data.hex()))
TypeError: log() missing 1 required positional argument: 'msg'

2019-07-10 17:01:15,913 - DEBUG - tty.usbmodem0006822145041: RX: 0584a4000700
2019-07-10 17:01:15,913 - DEBUG - tty.usbmodem0006822145041: parsed_packet {event: CmdRsp, data: {'opcode': 164, 'status': 0, 'data': bytearray(b'\x07\x00')}}
2019-07-10 17:01:15,913 - INFO - tty.usbmodem0006822145041: AddrPublicationAdd: {'address_handle': 7}
2019-07-10 17:01:16,913 - DEBUG - tty.usbmodem0006822145041: Writing: 164 bytearray(b'\xcd\x00')
2019-07-10 17:01:16,914 - DEBUG - tty.usbmodem0006822145041: TX: 03a4cd00
2019-07-10 17:01:16,914 - ERROR - tty.usbmodem0006822145041: Exception in pkt handler <bound method Manager.cmd_handler of <interactive_pyaci.Manager object at 0x10ee5cac8>>
2019-07-10 17:01:16,915 - ERROR - tty.usbmodem0006822145041: traceback: Traceback (most recent call last):
  File "/Users/Tim-Mac/msc/bm-control/dev/nrf5SDKforMeshv310src/scripts/interactive_pyaci/aci/aci_uart.py", line 96, in process_command
    fun(command)
  File "/Users/Tim-Mac/msc/bm-control/dev/nrf5SDKforMeshv310src/scripts/interactive_pyaci/interactive_pyaci.py", line 286, in cmd_handler
    self.logger.log("CMD Handler {}".format(cmd._data.hex()))
TypeError: log() missing 1 required positional argument: 'msg'

2019-07-10 17:01:16,916 - DEBUG - tty.usbmodem0006822145041: RX: 0584a4000800
2019-07-10 17:01:16,916 - DEBUG - tty.usbmodem0006822145041: parsed_packet {event: CmdRsp, data: {'opcode': 164, 'status': 0, 'data': bytearray(b'\x08\x00')}}
2019-07-10 17:01:16,917 - INFO - tty.usbmodem0006822145041: AddrPublicationAdd: {'address_handle': 8}
2019-07-10 17:01:17,917 - DEBUG - tty.usbmodem0006822145041: Writing: 164 bytearray(b'\xce\x00')
2019-07-10 17:01:17,917 - DEBUG - tty.usbmodem0006822145041: TX: 03a4ce00
2019-07-10 17:01:17,918 - ERROR - tty.usbmodem0006822145041: Exception in pkt handler <bound method Manager.cmd_handler of <interactive_pyaci.Manager object at 0x10ee5cac8>>
2019-07-10 17:01:17,918 - ERROR - tty.usbmodem0006822145041: traceback: Traceback (most recent call last):
  File "/Users/Tim-Mac/msc/bm-control/dev/nrf5SDKforMeshv310src/scripts/interactive_pyaci/aci/aci_uart.py", line 96, in process_command
    fun(command)
  File "/Users/Tim-Mac/msc/bm-control/dev/nrf5SDKforMeshv310src/scripts/interactive_pyaci/interactive_pyaci.py", line 286, in cmd_handler
    self.logger.log("CMD Handler {}".format(cmd._data.hex()))
TypeError: log() missing 1 required positional argument: 'msg'

2019-07-10 17:01:17,919 - DEBUG - tty.usbmodem0006822145041: RX: 0584a4000900
2019-07-10 17:01:17,919 - DEBUG - tty.usbmodem0006822145041: parsed_packet {event: CmdRsp, data: {'opcode': 164, 'status': 0, 'data': bytearray(b'\t\x00')}}
2019-07-10 17:01:17,919 - INFO - tty.usbmodem0006822145041: AddrPublicationAdd: {'address_handle': 9}
2019-07-10 17:01:18,919 - DEBUG - tty.usbmodem0006822145041: Writing: 164 bytearray(b'\xcf\x00')
2019-07-10 17:01:18,919 - DEBUG - tty.usbmodem0006822145041: TX: 03a4cf00
2019-07-10 17:01:18,919 - ERROR - tty.usbmodem0006822145041: Exception in pkt handler <bound method Manager.cmd_handler of <interactive_pyaci.Manager object at 0x10ee5cac8>>
2019-07-10 17:01:18,920 - ERROR - tty.usbmodem0006822145041: traceback: Traceback (most recent call last):
  File "/Users/Tim-Mac/msc/bm-control/dev/nrf5SDKforMeshv310src/scripts/interactive_pyaci/aci/aci_uart.py", line 96, in process_command
    fun(command)
  File "/Users/Tim-Mac/msc/bm-control/dev/nrf5SDKforMeshv310src/scripts/interactive_pyaci/interactive_pyaci.py", line 286, in cmd_handler
    self.logger.log("CMD Handler {}".format(cmd._data.hex()))
TypeError: log() missing 1 required positional argument: 'msg'

2019-07-10 17:01:18,921 - DEBUG - tty.usbmodem0006822145041: RX: 0584a4000a00
2019-07-10 17:01:18,921 - DEBUG - tty.usbmodem0006822145041: parsed_packet {event: CmdRsp, data: {'opcode': 164, 'status': 0, 'data': bytearray(b'\n\x00')}}
2019-07-10 17:01:18,922 - INFO - tty.usbmodem0006822145041: AddrPublicationAdd: {'address_handle': 10}
2019-07-10 17:01:19,923 - DEBUG - tty.usbmodem0006822145041: Writing: 164 bytearray(b'\xd0\x00')
2019-07-10 17:01:19,923 - DEBUG - tty.usbmodem0006822145041: TX: 03a4d000
2019-07-10 17:01:19,923 - ERROR - tty.usbmodem0006822145041: Exception in pkt handler <bound method Manager.cmd_handler of <interactive_pyaci.Manager object at 0x10ee5cac8>>
2019-07-10 17:01:19,924 - ERROR - tty.usbmodem0006822145041: traceback: Traceback (most recent call last):
  File "/Users/Tim-Mac/msc/bm-control/dev/nrf5SDKforMeshv310src/scripts/interactive_pyaci/aci/aci_uart.py", line 96, in process_command
    fun(command)
  File "/Users/Tim-Mac/msc/bm-control/dev/nrf5SDKforMeshv310src/scripts/interactive_pyaci/interactive_pyaci.py", line 286, in cmd_handler
    self.logger.log("CMD Handler {}".format(cmd._data.hex()))
TypeError: log() missing 1 required positional argument: 'msg'

2019-07-10 17:01:19,925 - DEBUG - tty.usbmodem0006822145041: RX: 0584a4000b00
2019-07-10 17:01:19,925 - DEBUG - tty.usbmodem0006822145041: parsed_packet {event: CmdRsp, data: {'opcode': 164, 'status': 0, 'data': bytearray(b'\x0b\x00')}}
2019-07-10 17:01:19,926 - INFO - tty.usbmodem0006822145041: AddrPublicationAdd: {'address_handle': 11}
2019-07-10 17:01:20,925 - DEBUG - tty.usbmodem0006822145041: Writing: 164 bytearray(b'\xd1\x00')
2019-07-10 17:01:20,925 - DEBUG - tty.usbmodem0006822145041: TX: 03a4d100
2019-07-10 17:01:20,925 - ERROR - tty.usbmodem0006822145041: Exception in pkt handler <bound method Manager.cmd_handler of <interactive_pyaci.Manager object at 0x10ee5cac8>>
2019-07-10 17:01:20,926 - ERROR - tty.usbmodem0006822145041: traceback: Traceback (most recent call last):
  File "/Users/Tim-Mac/msc/bm-control/dev/nrf5SDKforMeshv310src/scripts/interactive_pyaci/aci/aci_uart.py", line 96, in process_command
    fun(command)
  File "/Users/Tim-Mac/msc/bm-control/dev/nrf5SDKforMeshv310src/scripts/interactive_pyaci/interactive_pyaci.py", line 286, in cmd_handler
    self.logger.log("CMD Handler {}".format(cmd._data.hex()))
TypeError: log() missing 1 required positional argument: 'msg'

2019-07-10 17:01:20,927 - DEBUG - tty.usbmodem0006822145041: RX: 0584a4000c00
2019-07-10 17:01:20,927 - DEBUG - tty.usbmodem0006822145041: parsed_packet {event: CmdRsp, data: {'opcode': 164, 'status': 0, 'data': bytearray(b'\x0c\x00')}}
2019-07-10 17:01:20,928 - INFO - tty.usbmodem0006822145041: AddrPublicationAdd: {'address_handle': 12}
2019-07-10 17:01:21,929 - DEBUG - tty.usbmodem0006822145041: Writing: 164 bytearray(b'\xd2\x00')
2019-07-10 17:01:21,930 - DEBUG - tty.usbmodem0006822145041: TX: 03a4d200
2019-07-10 17:01:21,930 - ERROR - tty.usbmodem0006822145041: Exception in pkt handler <bound method Manager.cmd_handler of <interactive_pyaci.Manager object at 0x10ee5cac8>>
2019-07-10 17:01:21,930 - ERROR - tty.usbmodem0006822145041: traceback: Traceback (most recent call last):
  File "/Users/Tim-Mac/msc/bm-control/dev/nrf5SDKforMeshv310src/scripts/interactive_pyaci/aci/aci_uart.py", line 96, in process_command
    fun(command)
  File "/Users/Tim-Mac/msc/bm-control/dev/nrf5SDKforMeshv310src/scripts/interactive_pyaci/interactive_pyaci.py", line 286, in cmd_handler
    self.logger.log("CMD Handler {}".format(cmd._data.hex()))
TypeError: log() missing 1 required positional argument: 'msg'

2019-07-10 17:01:21,932 - DEBUG - tty.usbmodem0006822145041: RX: 0584a4000d00
2019-07-10 17:01:21,932 - DEBUG - tty.usbmodem0006822145041: parsed_packet {event: CmdRsp, data: {'opcode': 164, 'status': 0, 'data': bytearray(b'\r\x00')}}
2019-07-10 17:01:21,933 - INFO - tty.usbmodem0006822145041: AddrPublicationAdd: {'address_handle': 13}
2019-07-10 17:01:22,932 - DEBUG - tty.usbmodem0006822145041: Writing: 164 bytearray(b'\xd3\x00')
2019-07-10 17:01:22,932 - DEBUG - tty.usbmodem0006822145041: TX: 03a4d300
2019-07-10 17:01:22,933 - ERROR - tty.usbmodem0006822145041: Exception in pkt handler <bound method Manager.cmd_handler of <interactive_pyaci.Manager object at 0x10ee5cac8>>
2019-07-10 17:01:22,933 - ERROR - tty.usbmodem0006822145041: traceback: Traceback (most recent call last):
  File "/Users/Tim-Mac/msc/bm-control/dev/nrf5SDKforMeshv310src/scripts/interactive_pyaci/aci/aci_uart.py", line 96, in process_command
    fun(command)
  File "/Users/Tim-Mac/msc/bm-control/dev/nrf5SDKforMeshv310src/scripts/interactive_pyaci/interactive_pyaci.py", line 286, in cmd_handler
    self.logger.log("CMD Handler {}".format(cmd._data.hex()))
TypeError: log() missing 1 required positional argument: 'msg'

2019-07-10 17:01:22,934 - DEBUG - tty.usbmodem0006822145041: RX: 0584a4000e00
2019-07-10 17:01:22,934 - DEBUG - tty.usbmodem0006822145041: parsed_packet {event: CmdRsp, data: {'opcode': 164, 'status': 0, 'data': bytearray(b'\x0e\x00')}}
2019-07-10 17:01:22,935 - INFO - tty.usbmodem0006822145041: AddrPublicationAdd: {'address_handle': 14}
2019-07-10 17:01:52,443 - DEBUG - tty.usbmodem0006822145041: exited read event
2019-07-10 17:02:04,726 - DEBUG - tty.usbmodem0006822145041: exited read event
