2019-08-16 10:59:44,972 - INFO: 

2019-08-16 10:59:44,972 - DEBUG: Writing: 105 bytearray(b"\x9cC:\x14\x0cx \x11\xdaq\x14\x91`\xe6\xa9U\xe3\xc0&\x12wq9\xbe\xc5f6\xb2\xe0\xac\x10\xf0\x8a/\xd2i\xf5\xcbeg\x92\x15\x91\xe51\x97u6.rP|\xde\x9d\x1ci\xd7\xd0\xef\x9b\x04gi\x17\xc5p\xc2{e\xb2og\'\xcb\xb0C\x0e\x9b\x0e00\xa3\x85t\x89\xc2\xca#H\xb8\xcd\x8e\r*^\xa9")
2019-08-16 10:59:44,972 - INFO: Sending next message
2019-08-16 10:59:44,973 - DEBUG: TX: 61699c433a140c782011da71149160e6a955e3c02612777139bec56636b2e0ac10f08a2fd269f5cb6567921591e5319775362e72507cde9d1c69d7d0ef9b04676917c570c27b65b26f6727cbb0430e9b0e3030a3857489c2ca2348b8cd8e0d2a5ea9
2019-08-16 10:59:44,983 - DEBUG: RX: 03845384
2019-08-16 10:59:44,983 - DEBUG: parsed_packet {event: CmdRsp, data: {'opcode': 83, 'status': 132, 'data': bytearray(b'')}}
2019-08-16 10:59:44,983 - ERROR: None: ERROR_INVALID_LENGTH
2019-08-16 10:59:44,984 - DEBUG: RX: 03840084
2019-08-16 10:59:44,984 - DEBUG: parsed_packet {event: CmdRsp, data: {'opcode': 0, 'status': 132, 'data': bytearray(b'')}}
2019-08-16 10:59:44,984 - ERROR: None: ERROR_INVALID_LENGTH
2019-08-16 10:59:44,984 - DEBUG: RX: 03840084
2019-08-16 10:59:44,984 - DEBUG: parsed_packet {event: CmdRsp, data: {'opcode': 0, 'status': 132, 'data': bytearray(b'')}}
2019-08-16 10:59:44,984 - ERROR: None: ERROR_INVALID_LENGTH
2019-08-16 10:59:44,984 - DEBUG: RX: 03840084
2019-08-16 10:59:44,984 - DEBUG: parsed_packet {event: CmdRsp, data: {'opcode': 0, 'status': 132, 'data': bytearray(b'')}}
2019-08-16 10:59:44,984 - ERROR: None: ERROR_INVALID_LENGTH
2019-08-16 10:59:44,985 - DEBUG: RX: 03840084
2019-08-16 10:59:44,985 - DEBUG: parsed_packet {event: CmdRsp, data: {'opcode': 0, 'status': 132, 'data': bytearray(b'')}}
2019-08-16 10:59:44,985 - ERROR: None: ERROR_INVALID_LENGTH
2019-08-16 10:59:44,985 - DEBUG: RX: 03840084
2019-08-16 10:59:44,985 - DEBUG: parsed_packet {event: CmdRsp, data: {'opcode': 0, 'status': 132, 'data': bytearray(b'')}}
2019-08-16 10:59:44,985 - ERROR: None: ERROR_INVALID_LENGTH
2019-08-16 10:59:44,985 - DEBUG: RX: 03840084
2019-08-16 10:59:44,985 - DEBUG: parsed_packet {event: CmdRsp, data: {'opcode': 0, 'status': 132, 'data': bytearray(b'')}}
2019-08-16 10:59:44,985 - ERROR: None: ERROR_INVALID_LENGTH
2019-08-16 10:59:44,986 - DEBUG: RX: 03840084
2019-08-16 10:59:44,986 - DEBUG: parsed_packet {event: CmdRsp, data: {'opcode': 0, 'status': 132, 'data': bytearray(b'')}}
2019-08-16 10:59:44,986 - ERROR: None: ERROR_INVALID_LENGTH
2019-08-16 10:59:44,986 - DEBUG: RX: 03840084
2019-08-16 10:59:44,986 - DEBUG: parsed_packet {event: CmdRsp, data: {'opcode': 0, 'status': 132, 'data': bytearray(b'')}}
2019-08-16 10:59:44,986 - ERROR: None: ERROR_INVALID_LENGTH
2019-08-16 10:59:44,986 - DEBUG: RX: 03840084
2019-08-16 10:59:44,986 - DEBUG: parsed_packet {event: CmdRsp, data: {'opcode': 0, 'status': 132, 'data': bytearray(b'')}}
2019-08-16 10:59:44,986 - ERROR: None: ERROR_INVALID_LENGTH
2019-08-16 10:59:44,987 - DEBUG: RX: 03840084
2019-08-16 10:59:44,987 - DEBUG: parsed_packet {event: CmdRsp, data: {'opcode': 0, 'status': 132, 'data': bytearray(b'')}}
2019-08-16 10:59:44,987 - ERROR: None: ERROR_INVALID_LENGTH
2019-08-16 10:59:44,987 - DEBUG: RX: 03840084
2019-08-16 10:59:44,987 - DEBUG: parsed_packet {event: CmdRsp, data: {'opcode': 0, 'status': 132, 'data': bytearray(b'')}}
2019-08-16 10:59:44,987 - ERROR: None: ERROR_INVALID_LENGTH
2019-08-16 10:59:44,987 - DEBUG: RX: 03840084
2019-08-16 10:59:44,987 - DEBUG: parsed_packet {event: CmdRsp, data: {'opcode': 0, 'status': 132, 'data': bytearray(b'')}}
2019-08-16 10:59:44,988 - ERROR: None: ERROR_INVALID_LENGTH
2019-08-16 10:59:45,008 - DEBUG: Writing: 159 bytearray(b'\x01\x00\x01\x00')
2019-08-16 10:59:45,008 - DEBUG: TX: 059f01000100
2019-08-16 10:59:45,010 - DEBUG: RX: 03849f00
2019-08-16 10:59:45,010 - DEBUG: parsed_packet {event: CmdRsp, data: {'opcode': 159, 'status': 0, 'data': bytearray(b'')}}
2019-08-16 10:59:45,010 - INFO: Success
2019-08-16 10:59:45,029 - DEBUG: Writing: 146 bytearray(b'\x00\x00\x18\xee\xd9\xc2\xa5j\xdd\x85\x04\x9f\xfc<Y\xad\x0e\x12')
2019-08-16 10:59:45,029 - DEBUG: TX: 1392000018eed9c2a56add85049ffc3c59ad0e12
2019-08-16 10:59:45,034 - DEBUG: RX: 058492000000
2019-08-16 10:59:45,034 - DEBUG: parsed_packet {event: CmdRsp, data: {'opcode': 146, 'status': 0, 'data': bytearray(b'\x00\x00')}}
2019-08-16 10:59:45,034 - INFO: SubnetAdd: {'subnet_handle': 0}
2019-08-16 10:59:45,054 - DEBUG: Writing: 151 bytearray(b'\x00\x00\x00\x00Oh\xad\x85\xd9\xf4\x8a\xc8X\x9d\xf6e\xb6\xb4\x9b\x8a')
2019-08-16 10:59:45,054 - DEBUG: TX: 1597000000004f68ad85d9f48ac8589df665b6b49b8a
2019-08-16 10:59:45,058 - DEBUG: RX: 058497000000
2019-08-16 10:59:45,058 - DEBUG: parsed_packet {event: CmdRsp, data: {'opcode': 151, 'status': 0, 'data': bytearray(b'\x00\x00')}}
2019-08-16 10:59:45,058 - INFO: AppkeyAdd: {'appkey_handle': 0}
2019-08-16 10:59:45,078 - DEBUG: Writing: 151 bytearray(b'\x01\x00\x00\x00*\xa2\xa6\xde\xd5\xa0y\x8c\xea\xb5x|\xa3\xae9\xfc')
2019-08-16 10:59:45,078 - DEBUG: TX: 1597010000002aa2a6ded5a0798ceab5787ca3ae39fc
2019-08-16 10:59:45,082 - DEBUG: RX: 058497000100
2019-08-16 10:59:45,082 - DEBUG: parsed_packet {event: CmdRsp, data: {'opcode': 151, 'status': 0, 'data': bytearray(b'\x01\x00')}}
2019-08-16 10:59:45,082 - INFO: AppkeyAdd: {'appkey_handle': 1}
2019-08-16 10:59:45,099 - DEBUG: Writing: 159 bytearray(b'\x01\x00\x01\x00')
2019-08-16 10:59:45,099 - DEBUG: TX: 059f01000100
2019-08-16 10:59:45,101 - DEBUG: RX: 03849f8e
2019-08-16 10:59:45,101 - DEBUG: parsed_packet {event: CmdRsp, data: {'opcode': 159, 'status': 142, 'data': bytearray(b'')}}
2019-08-16 10:59:45,101 - ERROR: None: ERROR_REJECTED
2019-08-16 10:59:45,120 - DEBUG: Writing: 146 bytearray(b'\x00\x00\x18\xee\xd9\xc2\xa5j\xdd\x85\x04\x9f\xfc<Y\xad\x0e\x12')
2019-08-16 10:59:45,120 - DEBUG: TX: 1392000018eed9c2a56add85049ffc3c59ad0e12
2019-08-16 10:59:45,124 - DEBUG: RX: 03849281
2019-08-16 10:59:45,124 - DEBUG: parsed_packet {event: CmdRsp, data: {'opcode': 146, 'status': 129, 'data': bytearray(b'')}}
2019-08-16 10:59:45,124 - ERROR: SubnetAdd: ERROR_INTERNAL
2019-08-16 10:59:45,142 - DEBUG: Writing: 151 bytearray(b'\x00\x00\x00\x00Oh\xad\x85\xd9\xf4\x8a\xc8X\x9d\xf6e\xb6\xb4\x9b\x8a')
2019-08-16 10:59:45,142 - DEBUG: TX: 1597000000004f68ad85d9f48ac8589df665b6b49b8a
2019-08-16 10:59:45,146 - DEBUG: RX: 03849781
2019-08-16 10:59:45,146 - DEBUG: parsed_packet {event: CmdRsp, data: {'opcode': 151, 'status': 129, 'data': bytearray(b'')}}
2019-08-16 10:59:45,146 - ERROR: AppkeyAdd: ERROR_INTERNAL
2019-08-16 10:59:45,166 - DEBUG: Writing: 151 bytearray(b'\x01\x00\x00\x00*\xa2\xa6\xde\xd5\xa0y\x8c\xea\xb5x|\xa3\xae9\xfc')
2019-08-16 10:59:45,166 - DEBUG: TX: 1597010000002aa2a6ded5a0798ceab5787ca3ae39fc
2019-08-16 10:59:45,170 - DEBUG: RX: 03849781
2019-08-16 10:59:45,170 - DEBUG: parsed_packet {event: CmdRsp, data: {'opcode': 151, 'status': 129, 'data': bytearray(b'')}}
2019-08-16 10:59:45,170 - ERROR: AppkeyAdd: ERROR_INTERNAL
2019-08-16 10:59:45,187 - DEBUG: Writing: 161 bytearray(b'\x01\xc0')
2019-08-16 10:59:45,187 - DEBUG: TX: 03a101c0
2019-08-16 10:59:45,189 - DEBUG: RX: 0584a1000000
2019-08-16 10:59:45,189 - DEBUG: parsed_packet {event: CmdRsp, data: {'opcode': 161, 'status': 0, 'data': bytearray(b'\x00\x00')}}
2019-08-16 10:59:45,189 - INFO: AddrSubscriptionAdd: {'address_handle': 0}
2019-08-16 10:59:45,189 - INFO: 

2019-08-16 10:59:45,189 - INFO: Sending next message
2019-08-16 10:59:45,207 - DEBUG: Writing: 164 bytearray(b'\x10\x00')
2019-08-16 10:59:45,207 - DEBUG: TX: 03a41000
2019-08-16 10:59:45,209 - DEBUG: RX: 0584a4000100
2019-08-16 10:59:45,209 - DEBUG: parsed_packet {event: CmdRsp, data: {'opcode': 164, 'status': 0, 'data': bytearray(b'\x01\x00')}}
2019-08-16 10:59:45,209 - INFO: AddrPublicationAdd: {'address_handle': 1}
2019-08-16 10:59:45,209 - INFO: 

2019-08-16 10:59:45,209 - INFO: Sending next message
2019-08-16 10:59:45,231 - DEBUG: Writing: 164 bytearray(b'\x11\x00')
2019-08-16 10:59:45,231 - DEBUG: TX: 03a41100
2019-08-16 10:59:45,233 - DEBUG: RX: 0584a4000200
2019-08-16 10:59:45,233 - DEBUG: parsed_packet {event: CmdRsp, data: {'opcode': 164, 'status': 0, 'data': bytearray(b'\x02\x00')}}
2019-08-16 10:59:45,233 - INFO: AddrPublicationAdd: {'address_handle': 2}
2019-08-16 10:59:45,233 - INFO: 

2019-08-16 10:59:45,233 - INFO: Sending next message
2019-08-16 10:59:45,255 - DEBUG: Writing: 164 bytearray(b'\x12\x00')
2019-08-16 10:59:45,255 - DEBUG: TX: 03a41200
2019-08-16 10:59:45,257 - DEBUG: RX: 0584a4000300
2019-08-16 10:59:45,257 - DEBUG: parsed_packet {event: CmdRsp, data: {'opcode': 164, 'status': 0, 'data': bytearray(b'\x03\x00')}}
2019-08-16 10:59:45,257 - INFO: AddrPublicationAdd: {'address_handle': 3}
2019-08-16 10:59:45,257 - INFO: 

2019-08-16 10:59:45,258 - INFO: Sending next message
2019-08-16 10:59:45,280 - DEBUG: Writing: 164 bytearray(b'\x13\x00')
2019-08-16 10:59:45,281 - DEBUG: TX: 03a41300
2019-08-16 10:59:45,283 - DEBUG: RX: 0584a4000400
2019-08-16 10:59:45,283 - DEBUG: parsed_packet {event: CmdRsp, data: {'opcode': 164, 'status': 0, 'data': bytearray(b'\x04\x00')}}
2019-08-16 10:59:45,283 - INFO: AddrPublicationAdd: {'address_handle': 4}
2019-08-16 10:59:45,283 - INFO: 

2019-08-16 10:59:45,284 - INFO: Sending next message
2019-08-16 10:59:45,306 - DEBUG: Writing: 164 bytearray(b'\x14\x00')
2019-08-16 10:59:45,306 - DEBUG: TX: 03a41400
2019-08-16 10:59:45,308 - DEBUG: RX: 0584a4000500
2019-08-16 10:59:45,308 - DEBUG: parsed_packet {event: CmdRsp, data: {'opcode': 164, 'status': 0, 'data': bytearray(b'\x05\x00')}}
2019-08-16 10:59:45,309 - INFO: AddrPublicationAdd: {'address_handle': 5}
2019-08-16 10:59:45,309 - INFO: 

2019-08-16 10:59:45,309 - INFO: Sending next message
2019-08-16 10:59:45,328 - DEBUG: Writing: 164 bytearray(b'\x15\x00')
2019-08-16 10:59:45,328 - DEBUG: TX: 03a41500
2019-08-16 10:59:45,331 - DEBUG: RX: 0584a4000600
2019-08-16 10:59:45,331 - DEBUG: parsed_packet {event: CmdRsp, data: {'opcode': 164, 'status': 0, 'data': bytearray(b'\x06\x00')}}
2019-08-16 10:59:45,331 - INFO: AddrPublicationAdd: {'address_handle': 6}
2019-08-16 10:59:45,331 - INFO: 

2019-08-16 10:59:45,331 - INFO: Sending next message
2019-08-16 10:59:45,353 - DEBUG: Writing: 164 bytearray(b'\x16\x00')
2019-08-16 10:59:45,353 - DEBUG: TX: 03a41600
2019-08-16 10:59:45,355 - DEBUG: RX: 0584a4000700
2019-08-16 10:59:45,355 - DEBUG: parsed_packet {event: CmdRsp, data: {'opcode': 164, 'status': 0, 'data': bytearray(b'\x07\x00')}}
2019-08-16 10:59:45,355 - INFO: AddrPublicationAdd: {'address_handle': 7}
2019-08-16 10:59:45,356 - INFO: 

2019-08-16 10:59:45,356 - INFO: Sending next message
2019-08-16 10:59:45,377 - DEBUG: Writing: 164 bytearray(b'\x17\x00')
2019-08-16 10:59:45,378 - DEBUG: TX: 03a41700
2019-08-16 10:59:45,380 - DEBUG: RX: 0584a4000800
2019-08-16 10:59:45,380 - DEBUG: parsed_packet {event: CmdRsp, data: {'opcode': 164, 'status': 0, 'data': bytearray(b'\x08\x00')}}
2019-08-16 10:59:45,380 - INFO: AddrPublicationAdd: {'address_handle': 8}
2019-08-16 10:59:45,381 - INFO: 

2019-08-16 10:59:45,381 - INFO: Sending next message
2019-08-16 10:59:45,398 - DEBUG: Writing: 164 bytearray(b'\x18\x00')
2019-08-16 10:59:45,398 - DEBUG: TX: 03a41800
2019-08-16 10:59:45,400 - DEBUG: RX: 0584a4000900
2019-08-16 10:59:45,400 - DEBUG: parsed_packet {event: CmdRsp, data: {'opcode': 164, 'status': 0, 'data': bytearray(b'\t\x00')}}
2019-08-16 10:59:45,401 - INFO: AddrPublicationAdd: {'address_handle': 9}
2019-08-16 10:59:45,401 - INFO: 

2019-08-16 10:59:45,401 - INFO: Sending next message
2019-08-16 10:59:45,420 - DEBUG: Writing: 164 bytearray(b'\x19\x00')
2019-08-16 10:59:45,420 - DEBUG: TX: 03a41900
2019-08-16 10:59:45,422 - DEBUG: RX: 0584a4000a00
2019-08-16 10:59:45,422 - DEBUG: parsed_packet {event: CmdRsp, data: {'opcode': 164, 'status': 0, 'data': bytearray(b'\n\x00')}}
2019-08-16 10:59:45,422 - INFO: AddrPublicationAdd: {'address_handle': 10}
2019-08-16 10:59:45,422 - INFO: 

2019-08-16 10:59:45,422 - INFO: Sending next message
2019-08-16 10:59:45,444 - DEBUG: Writing: 164 bytearray(b'\x1a\x00')
2019-08-16 10:59:45,445 - DEBUG: TX: 03a41a00
2019-08-16 10:59:45,447 - DEBUG: RX: 0584a4000b00
2019-08-16 10:59:45,448 - DEBUG: parsed_packet {event: CmdRsp, data: {'opcode': 164, 'status': 0, 'data': bytearray(b'\x0b\x00')}}
2019-08-16 10:59:45,448 - INFO: AddrPublicationAdd: {'address_handle': 11}
2019-08-16 10:59:45,448 - INFO: 

2019-08-16 10:59:45,448 - INFO: Sending next message
2019-08-16 10:59:45,469 - DEBUG: Writing: 164 bytearray(b'\x1b\x00')
2019-08-16 10:59:45,469 - DEBUG: TX: 03a41b00
2019-08-16 10:59:45,471 - DEBUG: RX: 0584a4000c00
2019-08-16 10:59:45,471 - DEBUG: parsed_packet {event: CmdRsp, data: {'opcode': 164, 'status': 0, 'data': bytearray(b'\x0c\x00')}}
2019-08-16 10:59:45,471 - INFO: AddrPublicationAdd: {'address_handle': 12}
2019-08-16 10:59:45,471 - INFO: 

2019-08-16 10:59:45,472 - INFO: Sending next message
2019-08-16 10:59:45,494 - DEBUG: Writing: 164 bytearray(b'\x1c\x00')
2019-08-16 10:59:45,494 - DEBUG: TX: 03a41c00
2019-08-16 10:59:45,496 - DEBUG: RX: 0584a4000d00
2019-08-16 10:59:45,496 - DEBUG: parsed_packet {event: CmdRsp, data: {'opcode': 164, 'status': 0, 'data': bytearray(b'\r\x00')}}
2019-08-16 10:59:45,496 - INFO: AddrPublicationAdd: {'address_handle': 13}
2019-08-16 10:59:45,497 - INFO: 

2019-08-16 10:59:45,497 - INFO: Sending next message
2019-08-16 10:59:45,515 - DEBUG: Writing: 164 bytearray(b'\x1d\x00')
2019-08-16 10:59:45,515 - DEBUG: TX: 03a41d00
2019-08-16 10:59:45,517 - DEBUG: RX: 0584a4000e00
2019-08-16 10:59:45,517 - DEBUG: parsed_packet {event: CmdRsp, data: {'opcode': 164, 'status': 0, 'data': bytearray(b'\x0e\x00')}}
2019-08-16 10:59:45,517 - INFO: AddrPublicationAdd: {'address_handle': 14}
2019-08-16 10:59:45,517 - INFO: 

2019-08-16 10:59:45,517 - INFO: Sending next message
2019-08-16 10:59:45,536 - DEBUG: Writing: 161 bytearray(b'\x01\xc0')
2019-08-16 10:59:45,537 - DEBUG: TX: 03a101c0
2019-08-16 10:59:45,539 - DEBUG: RX: 0584a1000000
2019-08-16 10:59:45,539 - DEBUG: parsed_packet {event: CmdRsp, data: {'opcode': 161, 'status': 0, 'data': bytearray(b'\x00\x00')}}
2019-08-16 10:59:45,539 - INFO: AddrSubscriptionAdd: {'address_handle': 0}
2019-08-16 10:59:45,539 - INFO: 

2019-08-16 10:59:45,540 - INFO: Sending next message
2019-08-16 10:59:45,561 - DEBUG: Writing: 164 bytearray(b'\x1e\x00')
2019-08-16 10:59:45,561 - DEBUG: TX: 03a41e00
2019-08-16 10:59:45,563 - DEBUG: RX: 0584a4000f00
2019-08-16 10:59:45,564 - DEBUG: parsed_packet {event: CmdRsp, data: {'opcode': 164, 'status': 0, 'data': bytearray(b'\x0f\x00')}}
2019-08-16 10:59:45,564 - INFO: AddrPublicationAdd: {'address_handle': 15}
2019-08-16 10:59:45,564 - INFO: 

2019-08-16 10:59:45,564 - INFO: Sending next message
2019-08-16 10:59:45,584 - DEBUG: Writing: 164 bytearray(b'\x1f\x00')
2019-08-16 10:59:45,584 - DEBUG: TX: 03a41f00
2019-08-16 10:59:45,587 - DEBUG: RX: 0584a4001000
2019-08-16 10:59:45,587 - DEBUG: parsed_packet {event: CmdRsp, data: {'opcode': 164, 'status': 0, 'data': bytearray(b'\x10\x00')}}
2019-08-16 10:59:45,587 - INFO: AddrPublicationAdd: {'address_handle': 16}
2019-08-16 10:59:45,588 - INFO: 

2019-08-16 10:59:45,588 - INFO: Sending next message
2019-08-16 10:59:45,608 - DEBUG: Writing: 164 bytearray(b' \x00')
2019-08-16 10:59:45,608 - DEBUG: TX: 03a42000
2019-08-16 10:59:45,611 - DEBUG: RX: 0584a4001100
2019-08-16 10:59:45,611 - DEBUG: parsed_packet {event: CmdRsp, data: {'opcode': 164, 'status': 0, 'data': bytearray(b'\x11\x00')}}
2019-08-16 10:59:45,611 - INFO: AddrPublicationAdd: {'address_handle': 17}
2019-08-16 10:59:45,612 - INFO: 

2019-08-16 10:59:45,612 - INFO: Sending next message
2019-08-16 10:59:45,629 - DEBUG: Writing: 164 bytearray(b'!\x00')
2019-08-16 10:59:45,629 - DEBUG: TX: 03a42100
2019-08-16 10:59:45,632 - DEBUG: RX: 0584a4001200
2019-08-16 10:59:45,632 - DEBUG: parsed_packet {event: CmdRsp, data: {'opcode': 164, 'status': 0, 'data': bytearray(b'\x12\x00')}}
2019-08-16 10:59:45,632 - INFO: AddrPublicationAdd: {'address_handle': 18}
2019-08-16 10:59:45,632 - INFO: 

2019-08-16 10:59:45,632 - INFO: Sending next message
2019-08-16 10:59:45,652 - DEBUG: Writing: 164 bytearray(b'"\x00')
2019-08-16 10:59:45,652 - DEBUG: TX: 03a42200
2019-08-16 10:59:45,655 - DEBUG: RX: 0584a4001300
2019-08-16 10:59:45,655 - DEBUG: parsed_packet {event: CmdRsp, data: {'opcode': 164, 'status': 0, 'data': bytearray(b'\x13\x00')}}
2019-08-16 10:59:45,656 - INFO: AddrPublicationAdd: {'address_handle': 19}
2019-08-16 10:59:45,656 - INFO: 

2019-08-16 10:59:45,656 - INFO: Sending next message
2019-08-16 10:59:45,672 - DEBUG: Writing: 164 bytearray(b'#\x00')
2019-08-16 10:59:45,672 - DEBUG: TX: 03a42300
2019-08-16 10:59:45,675 - DEBUG: RX: 0584a4001400
2019-08-16 10:59:45,675 - DEBUG: parsed_packet {event: CmdRsp, data: {'opcode': 164, 'status': 0, 'data': bytearray(b'\x14\x00')}}
2019-08-16 10:59:45,675 - INFO: AddrPublicationAdd: {'address_handle': 20}
2019-08-16 10:59:45,676 - INFO: 

2019-08-16 10:59:45,676 - INFO: Sending next message
2019-08-16 10:59:45,698 - DEBUG: Writing: 164 bytearray(b'$\x00')
2019-08-16 10:59:45,699 - DEBUG: TX: 03a42400
2019-08-16 10:59:45,701 - DEBUG: RX: 0584a4001500
2019-08-16 10:59:45,701 - DEBUG: parsed_packet {event: CmdRsp, data: {'opcode': 164, 'status': 0, 'data': bytearray(b'\x15\x00')}}
2019-08-16 10:59:45,701 - INFO: AddrPublicationAdd: {'address_handle': 21}
2019-08-16 10:59:45,702 - INFO: 

2019-08-16 10:59:45,703 - INFO: Sending next message
2019-08-16 10:59:45,724 - DEBUG: Writing: 164 bytearray(b'%\x00')
2019-08-16 10:59:45,724 - DEBUG: TX: 03a42500
2019-08-16 10:59:45,726 - DEBUG: RX: 0584a4001600
2019-08-16 10:59:45,727 - DEBUG: parsed_packet {event: CmdRsp, data: {'opcode': 164, 'status': 0, 'data': bytearray(b'\x16\x00')}}
2019-08-16 10:59:45,727 - INFO: AddrPublicationAdd: {'address_handle': 22}
2019-08-16 10:59:45,728 - INFO: 

2019-08-16 10:59:45,728 - INFO: Sending next message
2019-08-16 10:59:45,747 - DEBUG: Writing: 164 bytearray(b'&\x00')
2019-08-16 10:59:45,747 - DEBUG: TX: 03a42600
2019-08-16 10:59:45,749 - DEBUG: RX: 0584a4001700
2019-08-16 10:59:45,749 - DEBUG: parsed_packet {event: CmdRsp, data: {'opcode': 164, 'status': 0, 'data': bytearray(b'\x17\x00')}}
2019-08-16 10:59:45,750 - INFO: AddrPublicationAdd: {'address_handle': 23}
2019-08-16 10:59:45,750 - INFO: 

2019-08-16 10:59:45,750 - INFO: Sending next message
2019-08-16 10:59:45,771 - DEBUG: Writing: 164 bytearray(b"\'\x00")
2019-08-16 10:59:45,771 - DEBUG: TX: 03a42700
2019-08-16 10:59:45,773 - DEBUG: RX: 0584a4001800
2019-08-16 10:59:45,773 - DEBUG: parsed_packet {event: CmdRsp, data: {'opcode': 164, 'status': 0, 'data': bytearray(b'\x18\x00')}}
2019-08-16 10:59:45,773 - INFO: AddrPublicationAdd: {'address_handle': 24}
2019-08-16 10:59:45,773 - INFO: 

2019-08-16 10:59:45,774 - INFO: Sending next message
2019-08-16 10:59:45,796 - DEBUG: Writing: 164 bytearray(b'(\x00')
2019-08-16 10:59:45,796 - DEBUG: TX: 03a42800
2019-08-16 10:59:45,799 - DEBUG: RX: 0584a4001900
2019-08-16 10:59:45,799 - DEBUG: parsed_packet {event: CmdRsp, data: {'opcode': 164, 'status': 0, 'data': bytearray(b'\x19\x00')}}
2019-08-16 10:59:45,799 - INFO: AddrPublicationAdd: {'address_handle': 25}
2019-08-16 10:59:45,800 - INFO: 

2019-08-16 10:59:45,800 - INFO: Sending next message
2019-08-16 10:59:45,819 - DEBUG: Writing: 164 bytearray(b')\x00')
2019-08-16 10:59:45,819 - DEBUG: TX: 03a42900
2019-08-16 10:59:45,821 - DEBUG: RX: 0584a4001a00
2019-08-16 10:59:45,821 - DEBUG: parsed_packet {event: CmdRsp, data: {'opcode': 164, 'status': 0, 'data': bytearray(b'\x1a\x00')}}
2019-08-16 10:59:45,821 - INFO: AddrPublicationAdd: {'address_handle': 26}
2019-08-16 10:59:45,822 - INFO: 

2019-08-16 10:59:45,822 - INFO: Sending next message
2019-08-16 10:59:45,842 - DEBUG: Writing: 164 bytearray(b'*\x00')
2019-08-16 10:59:45,842 - DEBUG: TX: 03a42a00
2019-08-16 10:59:45,844 - DEBUG: RX: 0584a4001b00
2019-08-16 10:59:45,844 - DEBUG: parsed_packet {event: CmdRsp, data: {'opcode': 164, 'status': 0, 'data': bytearray(b'\x1b\x00')}}
2019-08-16 10:59:45,845 - INFO: AddrPublicationAdd: {'address_handle': 27}
2019-08-16 10:59:45,845 - INFO: 

2019-08-16 10:59:45,845 - INFO: Sending next message
2019-08-16 10:59:45,867 - DEBUG: Writing: 164 bytearray(b'+\x00')
2019-08-16 10:59:45,868 - DEBUG: TX: 03a42b00
2019-08-16 10:59:45,870 - DEBUG: RX: 0584a4001c00
2019-08-16 10:59:45,870 - DEBUG: parsed_packet {event: CmdRsp, data: {'opcode': 164, 'status': 0, 'data': bytearray(b'\x1c\x00')}}
2019-08-16 10:59:45,871 - INFO: AddrPublicationAdd: {'address_handle': 28}
2019-08-16 10:59:45,871 - INFO: 

2019-08-16 10:59:45,872 - INFO: Sending next message
2019-08-16 10:59:45,893 - DEBUG: Writing: 161 bytearray(b'\x01\xc0')
2019-08-16 10:59:45,893 - DEBUG: TX: 03a101c0
2019-08-16 10:59:45,897 - DEBUG: RX: 0584a1000000
2019-08-16 10:59:45,897 - DEBUG: parsed_packet {event: CmdRsp, data: {'opcode': 161, 'status': 0, 'data': bytearray(b'\x00\x00')}}
2019-08-16 10:59:45,899 - INFO: AddrSubscriptionAdd: {'address_handle': 0}
2019-08-16 10:59:45,899 - INFO: 

2019-08-16 10:59:45,899 - INFO: Sending next message
2019-08-16 10:59:45,915 - DEBUG: Writing: 164 bytearray(b',\x00')
2019-08-16 10:59:45,915 - DEBUG: TX: 03a42c00
2019-08-16 10:59:45,917 - DEBUG: RX: 0584a4001d00
2019-08-16 10:59:45,917 - DEBUG: parsed_packet {event: CmdRsp, data: {'opcode': 164, 'status': 0, 'data': bytearray(b'\x1d\x00')}}
2019-08-16 10:59:45,918 - INFO: AddrPublicationAdd: {'address_handle': 29}
2019-08-16 10:59:45,918 - INFO: 

2019-08-16 10:59:45,918 - INFO: Sending next message
2019-08-16 10:59:45,936 - DEBUG: Writing: 164 bytearray(b'-\x00')
2019-08-16 10:59:45,936 - DEBUG: TX: 03a42d00
2019-08-16 10:59:45,939 - DEBUG: RX: 0584a4001e00
2019-08-16 10:59:45,939 - DEBUG: parsed_packet {event: CmdRsp, data: {'opcode': 164, 'status': 0, 'data': bytearray(b'\x1e\x00')}}
2019-08-16 10:59:45,939 - INFO: AddrPublicationAdd: {'address_handle': 30}
2019-08-16 10:59:45,939 - INFO: 

2019-08-16 10:59:45,939 - INFO: Sending next message
2019-08-16 10:59:45,957 - DEBUG: Writing: 164 bytearray(b'.\x00')
2019-08-16 10:59:45,957 - DEBUG: TX: 03a42e00
2019-08-16 10:59:45,959 - DEBUG: RX: 0584a4001f00
2019-08-16 10:59:45,959 - DEBUG: parsed_packet {event: CmdRsp, data: {'opcode': 164, 'status': 0, 'data': bytearray(b'\x1f\x00')}}
2019-08-16 10:59:45,959 - INFO: AddrPublicationAdd: {'address_handle': 31}
2019-08-16 10:59:45,959 - INFO: 

2019-08-16 10:59:45,960 - INFO: Sending next message
2019-08-16 10:59:45,979 - DEBUG: Writing: 164 bytearray(b'/\x00')
2019-08-16 10:59:45,979 - DEBUG: TX: 03a42f00
2019-08-16 10:59:45,981 - DEBUG: RX: 0584a4002000
2019-08-16 10:59:45,981 - DEBUG: parsed_packet {event: CmdRsp, data: {'opcode': 164, 'status': 0, 'data': bytearray(b' \x00')}}
2019-08-16 10:59:45,981 - INFO: AddrPublicationAdd: {'address_handle': 32}
2019-08-16 10:59:45,981 - INFO: 

2019-08-16 10:59:45,982 - INFO: Sending next message
2019-08-16 10:59:46,002 - DEBUG: Writing: 164 bytearray(b'0\x00')
2019-08-16 10:59:46,002 - DEBUG: TX: 03a43000
2019-08-16 10:59:46,004 - DEBUG: RX: 0584a4002100
2019-08-16 10:59:46,004 - DEBUG: parsed_packet {event: CmdRsp, data: {'opcode': 164, 'status': 0, 'data': bytearray(b'!\x00')}}
2019-08-16 10:59:46,004 - INFO: AddrPublicationAdd: {'address_handle': 33}
2019-08-16 10:59:46,005 - INFO: 

2019-08-16 10:59:46,005 - INFO: Sending next message
2019-08-16 10:59:46,027 - DEBUG: Writing: 164 bytearray(b'1\x00')
2019-08-16 10:59:46,027 - DEBUG: TX: 03a43100
2019-08-16 10:59:46,029 - DEBUG: RX: 0584a4002200
2019-08-16 10:59:46,029 - DEBUG: parsed_packet {event: CmdRsp, data: {'opcode': 164, 'status': 0, 'data': bytearray(b'"\x00')}}
2019-08-16 10:59:46,029 - INFO: AddrPublicationAdd: {'address_handle': 34}
2019-08-16 10:59:46,030 - INFO: 

2019-08-16 10:59:46,030 - INFO: Sending next message
2019-08-16 10:59:46,052 - DEBUG: Writing: 164 bytearray(b'2\x00')
2019-08-16 10:59:46,053 - DEBUG: TX: 03a43200
2019-08-16 10:59:46,054 - DEBUG: RX: 0584a4002300
2019-08-16 10:59:46,054 - DEBUG: parsed_packet {event: CmdRsp, data: {'opcode': 164, 'status': 0, 'data': bytearray(b'#\x00')}}
2019-08-16 10:59:46,054 - INFO: AddrPublicationAdd: {'address_handle': 35}
2019-08-16 10:59:46,055 - INFO: 

2019-08-16 10:59:46,055 - INFO: Sending next message
2019-08-16 10:59:46,075 - DEBUG: Writing: 164 bytearray(b'3\x00')
2019-08-16 10:59:46,075 - DEBUG: TX: 03a43300
2019-08-16 10:59:46,077 - DEBUG: RX: 0584a4002400
2019-08-16 10:59:46,077 - DEBUG: parsed_packet {event: CmdRsp, data: {'opcode': 164, 'status': 0, 'data': bytearray(b'$\x00')}}
2019-08-16 10:59:46,077 - INFO: AddrPublicationAdd: {'address_handle': 36}
2019-08-16 10:59:46,078 - INFO: 

2019-08-16 10:59:46,078 - INFO: Sending next message
2019-08-16 10:59:46,096 - DEBUG: Writing: 164 bytearray(b'4\x00')
2019-08-16 10:59:46,096 - DEBUG: TX: 03a43400
2019-08-16 10:59:46,099 - DEBUG: RX: 0584a4002500
2019-08-16 10:59:46,099 - DEBUG: parsed_packet {event: CmdRsp, data: {'opcode': 164, 'status': 0, 'data': bytearray(b'%\x00')}}
2019-08-16 10:59:46,099 - INFO: AddrPublicationAdd: {'address_handle': 37}
2019-08-16 10:59:46,099 - INFO: 

2019-08-16 10:59:46,099 - INFO: Sending next message
2019-08-16 10:59:46,118 - DEBUG: Writing: 164 bytearray(b'5\x00')
2019-08-16 10:59:46,118 - DEBUG: TX: 03a43500
2019-08-16 10:59:46,120 - DEBUG: RX: 0584a4002600
2019-08-16 10:59:46,120 - DEBUG: parsed_packet {event: CmdRsp, data: {'opcode': 164, 'status': 0, 'data': bytearray(b'&\x00')}}
2019-08-16 10:59:46,120 - INFO: AddrPublicationAdd: {'address_handle': 38}
2019-08-16 10:59:46,121 - INFO: 

2019-08-16 10:59:46,121 - INFO: Sending next message
2019-08-16 10:59:46,139 - DEBUG: Writing: 164 bytearray(b'6\x00')
2019-08-16 10:59:46,139 - DEBUG: TX: 03a43600
2019-08-16 10:59:46,141 - DEBUG: RX: 0584a4002700
2019-08-16 10:59:46,141 - DEBUG: parsed_packet {event: CmdRsp, data: {'opcode': 164, 'status': 0, 'data': bytearray(b"\'\x00")}}
2019-08-16 10:59:46,141 - INFO: AddrPublicationAdd: {'address_handle': 39}
2019-08-16 10:59:46,142 - INFO: 

2019-08-16 10:59:46,142 - INFO: Sending next message
2019-08-16 10:59:46,163 - DEBUG: Writing: 164 bytearray(b'7\x00')
2019-08-16 10:59:46,163 - DEBUG: TX: 03a43700
2019-08-16 10:59:46,165 - DEBUG: RX: 0584a4002800
2019-08-16 10:59:46,165 - DEBUG: parsed_packet {event: CmdRsp, data: {'opcode': 164, 'status': 0, 'data': bytearray(b'(\x00')}}
2019-08-16 10:59:46,165 - INFO: AddrPublicationAdd: {'address_handle': 40}
2019-08-16 10:59:46,166 - INFO: 

2019-08-16 10:59:46,166 - INFO: Sending next message
2019-08-16 10:59:46,187 - DEBUG: Writing: 164 bytearray(b'8\x00')
2019-08-16 10:59:46,187 - DEBUG: TX: 03a43800
2019-08-16 10:59:46,189 - DEBUG: RX: 0584a4002900
2019-08-16 10:59:46,189 - DEBUG: parsed_packet {event: CmdRsp, data: {'opcode': 164, 'status': 0, 'data': bytearray(b')\x00')}}
2019-08-16 10:59:46,189 - INFO: AddrPublicationAdd: {'address_handle': 41}
2019-08-16 10:59:46,190 - INFO: 

2019-08-16 10:59:46,190 - INFO: Sending next message
2019-08-16 10:59:46,211 - DEBUG: Writing: 164 bytearray(b'9\x00')
2019-08-16 10:59:46,211 - DEBUG: TX: 03a43900
2019-08-16 10:59:46,213 - DEBUG: RX: 0584a4002a00
2019-08-16 10:59:46,213 - DEBUG: parsed_packet {event: CmdRsp, data: {'opcode': 164, 'status': 0, 'data': bytearray(b'*\x00')}}
2019-08-16 10:59:46,213 - INFO: AddrPublicationAdd: {'address_handle': 42}
2019-08-16 10:59:46,213 - INFO: 

2019-08-16 10:59:46,214 - INFO: Sending next message
2019-08-16 10:59:46,233 - DEBUG: Writing: 161 bytearray(b'\x01\xc0')
2019-08-16 10:59:46,233 - DEBUG: TX: 03a101c0
2019-08-16 10:59:46,235 - DEBUG: RX: 0584a1000000
2019-08-16 10:59:46,235 - DEBUG: parsed_packet {event: CmdRsp, data: {'opcode': 161, 'status': 0, 'data': bytearray(b'\x00\x00')}}
2019-08-16 10:59:46,235 - INFO: AddrSubscriptionAdd: {'address_handle': 0}
2019-08-16 10:59:46,235 - INFO: 

2019-08-16 10:59:46,235 - INFO: Sending next message
2019-08-16 10:59:46,256 - DEBUG: Writing: 164 bytearray(b':\x00')
2019-08-16 10:59:46,256 - DEBUG: TX: 03a43a00
2019-08-16 10:59:46,259 - DEBUG: RX: 0584a4002b00
2019-08-16 10:59:46,259 - DEBUG: parsed_packet {event: CmdRsp, data: {'opcode': 164, 'status': 0, 'data': bytearray(b'+\x00')}}
2019-08-16 10:59:46,259 - INFO: AddrPublicationAdd: {'address_handle': 43}
2019-08-16 10:59:46,259 - INFO: 

2019-08-16 10:59:46,260 - INFO: Sending next message
2019-08-16 10:59:46,281 - DEBUG: Writing: 164 bytearray(b';\x00')
2019-08-16 10:59:46,281 - DEBUG: TX: 03a43b00
2019-08-16 10:59:46,283 - DEBUG: RX: 0584a4002c00
2019-08-16 10:59:46,284 - DEBUG: parsed_packet {event: CmdRsp, data: {'opcode': 164, 'status': 0, 'data': bytearray(b',\x00')}}
2019-08-16 10:59:46,284 - INFO: AddrPublicationAdd: {'address_handle': 44}
2019-08-16 10:59:46,285 - INFO: 

2019-08-16 10:59:46,285 - INFO: Sending next message
2019-08-16 10:59:46,305 - DEBUG: Writing: 164 bytearray(b'<\x00')
2019-08-16 10:59:46,306 - DEBUG: TX: 03a43c00
2019-08-16 10:59:46,308 - DEBUG: RX: 0584a4002d00
2019-08-16 10:59:46,308 - DEBUG: parsed_packet {event: CmdRsp, data: {'opcode': 164, 'status': 0, 'data': bytearray(b'-\x00')}}
2019-08-16 10:59:46,308 - INFO: AddrPublicationAdd: {'address_handle': 45}
2019-08-16 10:59:46,309 - INFO: 

2019-08-16 10:59:46,309 - INFO: Sending next message
2019-08-16 10:59:46,331 - DEBUG: Writing: 164 bytearray(b'=\x00')
2019-08-16 10:59:46,331 - DEBUG: TX: 03a43d00
2019-08-16 10:59:46,333 - DEBUG: RX: 0584a4002e00
2019-08-16 10:59:46,333 - DEBUG: parsed_packet {event: CmdRsp, data: {'opcode': 164, 'status': 0, 'data': bytearray(b'.\x00')}}
2019-08-16 10:59:46,333 - INFO: AddrPublicationAdd: {'address_handle': 46}
2019-08-16 10:59:46,333 - INFO: 

2019-08-16 10:59:46,334 - INFO: Sending next message
2019-08-16 10:59:46,356 - DEBUG: Writing: 164 bytearray(b'>\x00')
2019-08-16 10:59:46,356 - DEBUG: TX: 03a43e00
2019-08-16 10:59:46,358 - DEBUG: RX: 0584a4002f00
2019-08-16 10:59:46,358 - DEBUG: parsed_packet {event: CmdRsp, data: {'opcode': 164, 'status': 0, 'data': bytearray(b'/\x00')}}
2019-08-16 10:59:46,358 - INFO: AddrPublicationAdd: {'address_handle': 47}
2019-08-16 10:59:46,358 - INFO: 

2019-08-16 10:59:46,358 - INFO: Sending next message
2019-08-16 10:59:46,379 - DEBUG: Writing: 164 bytearray(b'?\x00')
2019-08-16 10:59:46,379 - DEBUG: TX: 03a43f00
2019-08-16 10:59:46,381 - DEBUG: RX: 0584a4003000
2019-08-16 10:59:46,381 - DEBUG: parsed_packet {event: CmdRsp, data: {'opcode': 164, 'status': 0, 'data': bytearray(b'0\x00')}}
2019-08-16 10:59:46,381 - INFO: AddrPublicationAdd: {'address_handle': 48}
2019-08-16 10:59:46,382 - INFO: 

2019-08-16 10:59:46,382 - INFO: Sending next message
2019-08-16 10:59:46,403 - DEBUG: Writing: 164 bytearray(b'@\x00')
2019-08-16 10:59:46,404 - DEBUG: TX: 03a44000
2019-08-16 10:59:46,406 - DEBUG: RX: 0584a4003100
2019-08-16 10:59:46,406 - DEBUG: parsed_packet {event: CmdRsp, data: {'opcode': 164, 'status': 0, 'data': bytearray(b'1\x00')}}
2019-08-16 10:59:46,406 - INFO: AddrPublicationAdd: {'address_handle': 49}
2019-08-16 10:59:46,406 - INFO: 

2019-08-16 10:59:46,406 - INFO: Sending next message
2019-08-16 10:59:46,428 - DEBUG: Writing: 164 bytearray(b'A\x00')
2019-08-16 10:59:46,428 - DEBUG: TX: 03a44100
2019-08-16 10:59:46,430 - DEBUG: RX: 0584a4003200
2019-08-16 10:59:46,430 - DEBUG: parsed_packet {event: CmdRsp, data: {'opcode': 164, 'status': 0, 'data': bytearray(b'2\x00')}}
2019-08-16 10:59:46,431 - INFO: AddrPublicationAdd: {'address_handle': 50}
2019-08-16 10:59:46,431 - INFO: 

2019-08-16 10:59:46,431 - INFO: Sending next message
2019-08-16 10:59:46,454 - DEBUG: Writing: 164 bytearray(b'B\x00')
2019-08-16 10:59:46,454 - DEBUG: TX: 03a44200
2019-08-16 10:59:46,456 - DEBUG: RX: 0584a4003300
2019-08-16 10:59:46,456 - DEBUG: parsed_packet {event: CmdRsp, data: {'opcode': 164, 'status': 0, 'data': bytearray(b'3\x00')}}
2019-08-16 10:59:46,457 - INFO: AddrPublicationAdd: {'address_handle': 51}
2019-08-16 10:59:46,457 - INFO: 

2019-08-16 10:59:46,457 - INFO: Sending next message
2019-08-16 10:59:46,478 - DEBUG: Writing: 164 bytearray(b'C\x00')
2019-08-16 10:59:46,478 - DEBUG: TX: 03a44300
2019-08-16 10:59:46,480 - DEBUG: RX: 0584a4003400
2019-08-16 10:59:46,480 - DEBUG: parsed_packet {event: CmdRsp, data: {'opcode': 164, 'status': 0, 'data': bytearray(b'4\x00')}}
2019-08-16 10:59:46,481 - INFO: AddrPublicationAdd: {'address_handle': 52}
2019-08-16 10:59:46,481 - INFO: 

2019-08-16 10:59:46,481 - INFO: Sending next message
2019-08-16 10:59:46,501 - DEBUG: Writing: 164 bytearray(b'D\x00')
2019-08-16 10:59:46,502 - DEBUG: TX: 03a44400
2019-08-16 10:59:46,504 - DEBUG: RX: 0584a4003500
2019-08-16 10:59:46,504 - DEBUG: parsed_packet {event: CmdRsp, data: {'opcode': 164, 'status': 0, 'data': bytearray(b'5\x00')}}
2019-08-16 10:59:46,504 - INFO: AddrPublicationAdd: {'address_handle': 53}
2019-08-16 10:59:46,505 - INFO: 

2019-08-16 10:59:46,505 - INFO: Sending next message
2019-08-16 10:59:46,524 - DEBUG: Writing: 164 bytearray(b'E\x00')
2019-08-16 10:59:46,525 - DEBUG: TX: 03a44500
2019-08-16 10:59:46,527 - DEBUG: RX: 0584a4003600
2019-08-16 10:59:46,527 - DEBUG: parsed_packet {event: CmdRsp, data: {'opcode': 164, 'status': 0, 'data': bytearray(b'6\x00')}}
2019-08-16 10:59:46,527 - INFO: AddrPublicationAdd: {'address_handle': 54}
2019-08-16 10:59:46,527 - INFO: 

2019-08-16 10:59:46,528 - INFO: Sending next message
2019-08-16 10:59:46,550 - DEBUG: Writing: 164 bytearray(b'F\x00')
2019-08-16 10:59:46,550 - DEBUG: TX: 03a44600
2019-08-16 10:59:46,552 - DEBUG: RX: 0584a4003700
2019-08-16 10:59:46,552 - DEBUG: parsed_packet {event: CmdRsp, data: {'opcode': 164, 'status': 0, 'data': bytearray(b'7\x00')}}
2019-08-16 10:59:46,552 - INFO: AddrPublicationAdd: {'address_handle': 55}
2019-08-16 10:59:46,553 - INFO: 

2019-08-16 10:59:46,553 - INFO: Sending next message
2019-08-16 10:59:46,575 - DEBUG: Writing: 164 bytearray(b'G\x00')
2019-08-16 10:59:46,576 - DEBUG: TX: 03a44700
2019-08-16 10:59:46,578 - DEBUG: RX: 0584a4003800
2019-08-16 10:59:46,578 - DEBUG: parsed_packet {event: CmdRsp, data: {'opcode': 164, 'status': 0, 'data': bytearray(b'8\x00')}}
2019-08-16 10:59:46,578 - INFO: AddrPublicationAdd: {'address_handle': 56}
2019-08-16 10:59:46,579 - INFO: 

2019-08-16 10:59:46,579 - INFO: Sending next message
2019-08-16 10:59:46,600 - DEBUG: Writing: 156 bytearray(b'\x10\x00\x00\x00g\rA\x9d\xd3\x93\x870.4?&Uy\xdb\xef')
2019-08-16 10:59:46,600 - DEBUG: TX: 159c10000000670d419dd39387302e343f265579dbef
2019-08-16 10:59:46,604 - DEBUG: RX: 05849c000800
2019-08-16 10:59:46,604 - DEBUG: parsed_packet {event: CmdRsp, data: {'opcode': 156, 'status': 0, 'data': bytearray(b'\x08\x00')}}
2019-08-16 10:59:46,604 - INFO: DevkeyAdd: {'devkey_handle': 8}
2019-08-16 10:59:46,604 - INFO: 

2019-08-16 10:59:46,604 - INFO: Sending next message
2019-08-16 10:59:46,625 - DEBUG: Writing: 156 bytearray(b'\x1e\x00\x00\x00\xed\x14\x84.X*5a\xab\x96\xfb\xb3`\xbe\xf1\x9e')
2019-08-16 10:59:46,625 - DEBUG: TX: 159c1e000000ed14842e582a3561ab96fbb360bef19e
2019-08-16 10:59:46,629 - DEBUG: RX: 05849c000900
2019-08-16 10:59:46,629 - DEBUG: parsed_packet {event: CmdRsp, data: {'opcode': 156, 'status': 0, 'data': bytearray(b'\t\x00')}}
2019-08-16 10:59:46,629 - INFO: DevkeyAdd: {'devkey_handle': 9}
2019-08-16 10:59:46,630 - INFO: 

2019-08-16 10:59:46,630 - INFO: Sending next message
2019-08-16 10:59:46,646 - DEBUG: Writing: 156 bytearray(b",\x00\x00\x00\xeb\xc7\xf7\x00^\xe5]x,\x87\x16iZ\xc9\'\xab")
2019-08-16 10:59:46,646 - DEBUG: TX: 159c2c000000ebc7f7005ee55d782c8716695ac927ab
2019-08-16 10:59:46,650 - DEBUG: RX: 05849c000a00
2019-08-16 10:59:46,650 - DEBUG: parsed_packet {event: CmdRsp, data: {'opcode': 156, 'status': 0, 'data': bytearray(b'\n\x00')}}
2019-08-16 10:59:46,650 - INFO: DevkeyAdd: {'devkey_handle': 10}
2019-08-16 10:59:46,651 - INFO: 

2019-08-16 10:59:46,651 - INFO: Sending next message
2019-08-16 10:59:46,669 - DEBUG: Writing: 156 bytearray(b':\x00\x00\x00z\x9d\xb3\xfe\xdbqp\xf4\x8e\x03\xa2D\x1f\xb3C\x1f')
2019-08-16 10:59:46,669 - DEBUG: TX: 159c3a0000007a9db3fedb7170f48e03a2441fb3431f
2019-08-16 10:59:46,673 - DEBUG: RX: 05849c000b00
2019-08-16 10:59:46,673 - DEBUG: parsed_packet {event: CmdRsp, data: {'opcode': 156, 'status': 0, 'data': bytearray(b'\x0b\x00')}}
2019-08-16 10:59:46,673 - INFO: DevkeyAdd: {'devkey_handle': 11}
2019-08-16 10:59:46,673 - INFO: No Messages remaining
2019-08-16 11:00:11,613 - DEBUG: Writing: 97 bytearray(b'')
2019-08-16 11:00:11,614 - DEBUG: TX: 0161
2019-08-16 11:00:11,617 - DEBUG: RX: 03846100
2019-08-16 11:00:11,617 - DEBUG: parsed_packet {event: CmdRsp, data: {'opcode': 97, 'status': 0, 'data': bytearray(b'')}}
2019-08-16 11:00:11,617 - INFO: Success
