2019-06-26 12:10:18,610 - DEBUG - tty.usbmodem0006822145041: Writing: 105 bytearray(b"|\x1c\xd7f\xb1\xb8:\xde\x96\x01\x88%\xcb\xee0\x92\xed\xd8c\x81\x86\x90K\xa7\xcd\xfd\xb6\x90\xd7\x1b\x844\xc2\x81\x180\xb2\xf4x\xfa\x1c\xe4\x7f\xe5\x0c\xffD\xd9L\x883\x0f\xfb\xd3\xc9\xc6W\xb4\xa6\xc9 \'\xae\r\x19i\xeb\xd8D\x0e\xcd\x13\x9dLq\x80\x92\xc7\xc9\xb6J\xfc\xa4\x03\xbb\x17^\x1fL\x99obb\xf9Y\xf3")
2019-06-26 12:10:18,611 - DEBUG - tty.usbmodem0006822145041: TX: 61697c1cd766b1b83ade96018825cbee3092edd8638186904ba7cdfdb690d71b8434c2811830b2f478fa1ce47fe50cff44d94c88330ffbd3c9c657b4a6c92027ae0d1969ebd8440ecd139d4c718092c7c9b64afca403bb175e1f4c996f6262f959f3
2019-06-26 12:10:18,620 - DEBUG - tty.usbmodem0006822145041: RX: 03845384
2019-06-26 12:10:18,622 - DEBUG - tty.usbmodem0006822145041: parsed_packet {event: CmdRsp, data: {'opcode': 83, 'status': 132, 'data': bytearray(b'')}}
2019-06-26 12:10:18,623 - ERROR - tty.usbmodem0006822145041: None: ERROR_INVALID_LENGTH
2019-06-26 12:10:18,624 - DEBUG - tty.usbmodem0006822145041: Writing: 159 bytearray(b'\x01\x00\x01\x00')
2019-06-26 12:10:18,624 - DEBUG - tty.usbmodem0006822145041: TX: 059f01000100
2019-06-26 12:10:18,624 - DEBUG - tty.usbmodem0006822145041: RX: 03840084
2019-06-26 12:10:18,625 - DEBUG - tty.usbmodem0006822145041: parsed_packet {event: CmdRsp, data: {'opcode': 0, 'status': 132, 'data': bytearray(b'')}}
2019-06-26 12:10:18,625 - ERROR - tty.usbmodem0006822145041: None: ERROR_INVALID_LENGTH
2019-06-26 12:10:18,625 - DEBUG - tty.usbmodem0006822145041: Writing: 146 bytearray(b'\x00\x00\x18\xee\xd9\xc2\xa5j\xdd\x85\x04\x9f\xfc<Y\xad\x0e\x12')
2019-06-26 12:10:18,625 - DEBUG - tty.usbmodem0006822145041: TX: 1392000018eed9c2a56add85049ffc3c59ad0e12
2019-06-26 12:10:18,626 - DEBUG - tty.usbmodem0006822145041: RX: 03840084
2019-06-26 12:10:18,626 - DEBUG - tty.usbmodem0006822145041: parsed_packet {event: CmdRsp, data: {'opcode': 0, 'status': 132, 'data': bytearray(b'')}}
2019-06-26 12:10:18,626 - ERROR - tty.usbmodem0006822145041: None: ERROR_INVALID_LENGTH
2019-06-26 12:10:18,626 - DEBUG - tty.usbmodem0006822145041: Writing: 151 bytearray(b'\x00\x00\x00\x00Oh\xad\x85\xd9\xf4\x8a\xc8X\x9d\xf6e\xb6\xb4\x9b\x8a')
2019-06-26 12:10:18,627 - DEBUG - tty.usbmodem0006822145041: RX: 03840084
2019-06-26 12:10:18,627 - DEBUG - tty.usbmodem0006822145041: TX: 1597000000004f68ad85d9f48ac8589df665b6b49b8a
2019-06-26 12:10:18,627 - DEBUG - tty.usbmodem0006822145041: parsed_packet {event: CmdRsp, data: {'opcode': 0, 'status': 132, 'data': bytearray(b'')}}
2019-06-26 12:10:18,629 - ERROR - tty.usbmodem0006822145041: None: ERROR_INVALID_LENGTH
2019-06-26 12:10:18,630 - DEBUG - tty.usbmodem0006822145041: Writing: 151 bytearray(b'\x01\x00\x00\x00*\xa2\xa6\xde\xd5\xa0y\x8c\xea\xb5x|\xa3\xae9\xfc')
2019-06-26 12:10:18,630 - DEBUG - tty.usbmodem0006822145041: RX: 03840084
2019-06-26 12:10:18,635 - DEBUG - tty.usbmodem0006822145041: TX: 1597010000002aa2a6ded5a0798ceab5787ca3ae39fc
2019-06-26 12:10:18,637 - DEBUG - tty.usbmodem0006822145041: parsed_packet {event: CmdRsp, data: {'opcode': 0, 'status': 132, 'data': bytearray(b'')}}
2019-06-26 12:10:18,642 - ERROR - tty.usbmodem0006822145041: None: ERROR_INVALID_LENGTH
2019-06-26 12:10:18,642 - DEBUG - tty.usbmodem0006822145041: RX: 03840084
2019-06-26 12:10:18,643 - DEBUG - tty.usbmodem0006822145041: parsed_packet {event: CmdRsp, data: {'opcode': 0, 'status': 132, 'data': bytearray(b'')}}
2019-06-26 12:10:18,643 - ERROR - tty.usbmodem0006822145041: None: ERROR_INVALID_LENGTH
2019-06-26 12:10:18,643 - DEBUG - tty.usbmodem0006822145041: RX: 03840084
2019-06-26 12:10:18,644 - DEBUG - tty.usbmodem0006822145041: parsed_packet {event: CmdRsp, data: {'opcode': 0, 'status': 132, 'data': bytearray(b'')}}
2019-06-26 12:10:18,644 - ERROR - tty.usbmodem0006822145041: None: ERROR_INVALID_LENGTH
2019-06-26 12:10:18,647 - DEBUG - tty.usbmodem0006822145041: RX: 03840084
2019-06-26 12:10:18,647 - DEBUG - tty.usbmodem0006822145041: parsed_packet {event: CmdRsp, data: {'opcode': 0, 'status': 132, 'data': bytearray(b'')}}
2019-06-26 12:10:18,647 - ERROR - tty.usbmodem0006822145041: None: ERROR_INVALID_LENGTH
2019-06-26 12:10:18,648 - DEBUG - tty.usbmodem0006822145041: RX: 03840084
2019-06-26 12:10:18,655 - DEBUG - tty.usbmodem0006822145041: parsed_packet {event: CmdRsp, data: {'opcode': 0, 'status': 132, 'data': bytearray(b'')}}
2019-06-26 12:10:18,655 - ERROR - tty.usbmodem0006822145041: None: ERROR_INVALID_LENGTH
2019-06-26 12:10:18,656 - DEBUG - tty.usbmodem0006822145041: RX: 03840084
2019-06-26 12:10:18,656 - DEBUG - tty.usbmodem0006822145041: parsed_packet {event: CmdRsp, data: {'opcode': 0, 'status': 132, 'data': bytearray(b'')}}
2019-06-26 12:10:18,656 - ERROR - tty.usbmodem0006822145041: None: ERROR_INVALID_LENGTH
2019-06-26 12:10:18,657 - DEBUG - tty.usbmodem0006822145041: RX: 03840084
2019-06-26 12:10:18,659 - DEBUG - tty.usbmodem0006822145041: parsed_packet {event: CmdRsp, data: {'opcode': 0, 'status': 132, 'data': bytearray(b'')}}
2019-06-26 12:10:18,660 - ERROR - tty.usbmodem0006822145041: None: ERROR_INVALID_LENGTH
2019-06-26 12:10:18,660 - DEBUG - tty.usbmodem0006822145041: RX: 03840084
2019-06-26 12:10:18,660 - DEBUG - tty.usbmodem0006822145041: parsed_packet {event: CmdRsp, data: {'opcode': 0, 'status': 132, 'data': bytearray(b'')}}
2019-06-26 12:10:18,661 - ERROR - tty.usbmodem0006822145041: None: ERROR_INVALID_LENGTH
2019-06-26 12:10:18,661 - DEBUG - tty.usbmodem0006822145041: RX: 03840084
2019-06-26 12:10:18,677 - DEBUG - tty.usbmodem0006822145041: parsed_packet {event: CmdRsp, data: {'opcode': 0, 'status': 132, 'data': bytearray(b'')}}
2019-06-26 12:10:18,677 - ERROR - tty.usbmodem0006822145041: None: ERROR_INVALID_LENGTH
2019-06-26 12:10:18,678 - DEBUG - tty.usbmodem0006822145041: RX: 03849f8e
2019-06-26 12:10:18,678 - DEBUG - tty.usbmodem0006822145041: parsed_packet {event: CmdRsp, data: {'opcode': 159, 'status': 142, 'data': bytearray(b'')}}
2019-06-26 12:10:18,678 - ERROR - tty.usbmodem0006822145041: None: ERROR_REJECTED
2019-06-26 12:10:18,678 - DEBUG - tty.usbmodem0006822145041: RX: 03849281
2019-06-26 12:10:18,678 - DEBUG - tty.usbmodem0006822145041: parsed_packet {event: CmdRsp, data: {'opcode': 146, 'status': 129, 'data': bytearray(b'')}}
2019-06-26 12:10:18,679 - ERROR - tty.usbmodem0006822145041: SubnetAdd: ERROR_INTERNAL
2019-06-26 12:10:18,679 - DEBUG - tty.usbmodem0006822145041: RX: 03849781
2019-06-26 12:10:18,681 - DEBUG - tty.usbmodem0006822145041: parsed_packet {event: CmdRsp, data: {'opcode': 151, 'status': 129, 'data': bytearray(b'')}}
2019-06-26 12:10:18,682 - ERROR - tty.usbmodem0006822145041: AppkeyAdd: ERROR_INTERNAL
2019-06-26 12:10:18,689 - DEBUG - tty.usbmodem0006822145041: RX: 03849781
2019-06-26 12:10:18,689 - DEBUG - tty.usbmodem0006822145041: parsed_packet {event: CmdRsp, data: {'opcode': 151, 'status': 129, 'data': bytearray(b'')}}
2019-06-26 12:10:18,689 - ERROR - tty.usbmodem0006822145041: AppkeyAdd: ERROR_INTERNAL
2019-06-26 12:10:22,553 - DEBUG - tty.usbmodem0006822145041: Writing: 97 bytearray(b'')
2019-06-26 12:10:22,554 - DEBUG - tty.usbmodem0006822145041: TX: 0161
2019-06-26 12:10:22,555 - DEBUG - tty.usbmodem0006822145041: RX: 03846100
2019-06-26 12:10:22,555 - DEBUG - tty.usbmodem0006822145041: parsed_packet {event: CmdRsp, data: {'opcode': 97, 'status': 0, 'data': bytearray(b'')}}
2019-06-26 12:10:22,556 - INFO - tty.usbmodem0006822145041: Success
2019-06-26 12:10:23,911 - DEBUG - tty.usbmodem0006822145041: RX: 1ac09db77a0526b8734988639509c242d107d10001c8639509c2c2
2019-06-26 12:10:23,912 - DEBUG - tty.usbmodem0006822145041: parsed_packet {event: ProvUnprovisionedReceived, data: {'uuid': bytearray(b'\x9d\xb7z\x05&\xb8sI\x88c\x95\t\xc2B\xd1\x07'), 'rssi': -47, 'gatt_supported': 0, 'adv_addr_type': 1, 'adv_addr': bytearray(b'\xc8c\x95\t\xc2\xc2')}}
2019-06-26 12:10:23,912 - INFO - tty.usbmodem0006822145041: Received UUID 9db77a0526b8734988639509c242d107 with RSSI: -47 dB
2019-06-26 12:10:25,918 - DEBUG - tty.usbmodem0006822145041: RX: 1ac09db77a0526b8734988639509c242d107cf0001c8639509c2c2
2019-06-26 12:10:25,918 - DEBUG - tty.usbmodem0006822145041: parsed_packet {event: ProvUnprovisionedReceived, data: {'uuid': bytearray(b'\x9d\xb7z\x05&\xb8sI\x88c\x95\t\xc2B\xd1\x07'), 'rssi': -49, 'gatt_supported': 0, 'adv_addr_type': 1, 'adv_addr': bytearray(b'\xc8c\x95\t\xc2\xc2')}}
2019-06-26 12:10:27,926 - DEBUG - tty.usbmodem0006822145041: RX: 1ac09db77a0526b8734988639509c242d107d20001c8639509c2c2
2019-06-26 12:10:27,928 - DEBUG - tty.usbmodem0006822145041: parsed_packet {event: ProvUnprovisionedReceived, data: {'uuid': bytearray(b'\x9d\xb7z\x05&\xb8sI\x88c\x95\t\xc2B\xd1\x07'), 'rssi': -46, 'gatt_supported': 0, 'adv_addr_type': 1, 'adv_addr': bytearray(b'\xc8c\x95\t\xc2\xc2')}}
2019-06-26 12:10:28,719 - DEBUG - tty.usbmodem0006822145041: Writing: 98 bytearray(b'')
2019-06-26 12:10:28,731 - DEBUG - tty.usbmodem0006822145041: TX: 0162
2019-06-26 12:10:28,749 - DEBUG - tty.usbmodem0006822145041: Writing: 99 bytearray(b'\x00\x9d\xb7z\x05&\xb8sI\x88c\x95\t\xc2B\xd1\x07\x18\xee\xd9\xc2\xa5j\xdd\x85\x04\x9f\xfc<Y\xad\x0e\x12\x00\x00\x00\x00\x00\x00\x10\x00\x00\x00\x00')
2019-06-26 12:10:28,749 - DEBUG - tty.usbmodem0006822145041: TX: 2d63009db77a0526b8734988639509c242d10718eed9c2a56add85049ffc3c59ad0e120000000000001000000000
2019-06-26 12:10:28,773 - DEBUG - tty.usbmodem0006822145041: RX: 03846200
2019-06-26 12:10:28,775 - DEBUG - tty.usbmodem0006822145041: parsed_packet {event: CmdRsp, data: {'opcode': 98, 'status': 0, 'data': bytearray(b'')}}
2019-06-26 12:10:28,776 - INFO - tty.usbmodem0006822145041: Success
2019-06-26 12:10:28,785 - DEBUG - tty.usbmodem0006822145041: RX: 0484630000
2019-06-26 12:10:28,785 - DEBUG - tty.usbmodem0006822145041: parsed_packet {event: CmdRsp, data: {'opcode': 99, 'status': 0, 'data': bytearray(b'\x00')}}
2019-06-26 12:10:28,786 - INFO - tty.usbmodem0006822145041: Provision: {'context': 0}
2019-06-26 12:10:28,786 - DEBUG - tty.usbmodem0006822145041: RX: 02c100
2019-06-26 12:10:28,786 - DEBUG - tty.usbmodem0006822145041: parsed_packet {event: ProvLinkEstablished, data: {'context_id': 0}}
2019-06-26 12:10:28,787 - INFO - tty.usbmodem0006822145041: Link established
2019-06-26 12:10:28,832 - DEBUG - tty.usbmodem0006822145041: RX: 0bc300010001000000000000
2019-06-26 12:10:28,833 - DEBUG - tty.usbmodem0006822145041: parsed_packet {event: ProvCapsReceived, data: {'context_id': 0, 'num_elements': 1, 'public_key_type': 0, 'static_oob_types': 1, 'output_oob_size': 0, 'output_oob_actions': 0, 'input_oob_size': 0, 'input_oob_actions': 0}}
2019-06-26 12:10:28,833 - INFO - tty.usbmodem0006822145041: Received capabilities
2019-06-26 12:10:28,833 - INFO - tty.usbmodem0006822145041: Number of elements: 1
2019-06-26 12:10:28,833 - DEBUG - tty.usbmodem0006822145041: Writing: 102 bytearray(b'\x00\x00\x00\x00')
2019-06-26 12:10:28,833 - DEBUG - tty.usbmodem0006822145041: TX: 056600000000
2019-06-26 12:10:28,835 - DEBUG - tty.usbmodem0006822145041: RX: 0484660000
2019-06-26 12:10:28,835 - DEBUG - tty.usbmodem0006822145041: parsed_packet {event: CmdRsp, data: {'opcode': 102, 'status': 0, 'data': bytearray(b'\x00')}}
2019-06-26 12:10:28,836 - INFO - tty.usbmodem0006822145041: OobUse: {'context': 0}
2019-06-26 12:10:29,047 - DEBUG - tty.usbmodem0006822145041: RX: 62c700dcc8262d6b1dc3aa0c4c29b0a75e7d1e909ac9946dbdde2753b63dc6f8e94cd3899fd47f438a9183bdcf1b580487daffa048057955f5a3d0b9ae125b183fab976ee3222737bcc7b5f7afb5c55ab1a9dc591db3fc626d8e59643c0c05830dbe78
2019-06-26 12:10:29,047 - DEBUG - tty.usbmodem0006822145041: parsed_packet {event: ProvEcdhRequest, data: {'context_id': 0, 'peer_public': bytearray(b"\xdc\xc8&-k\x1d\xc3\xaa\x0cL)\xb0\xa7^}\x1e\x90\x9a\xc9\x94m\xbd\xde\'S\xb6=\xc6\xf8\xe9L\xd3\x89\x9f\xd4\x7fC\x8a\x91\x83\xbd\xcf\x1bX\x04\x87\xda\xff\xa0H\x05yU\xf5\xa3\xd0\xb9\xae\x12[\x18?\xab\x97"), 'node_private': bytearray(b'n\xe3"\'7\xbc\xc7\xb5\xf7\xaf\xb5\xc5Z\xb1\xa9\xdcY\x1d\xb3\xfcbm\x8eYd<\x0c\x05\x83\r\xbex')}}
2019-06-26 12:10:29,048 - INFO - tty.usbmodem0006822145041: ECDH request received
2019-06-26 12:10:29,049 - DEBUG - tty.usbmodem0006822145041: Writing: 104 bytearray(b'\x00\x1e\xd1\xdeb\xdf\x92\x17dr\x10\xadD@\xde\xee\xd0\xbb\xa3\xbb\xd1\xfb\xa6\xf0\xab\x7f\xc23\xa3\xc5\xe1\x8b\xb6')
2019-06-26 12:10:29,049 - DEBUG - tty.usbmodem0006822145041: TX: 2268001ed1de62df9217647210ad4440deeed0bba3bbd1fba6f0ab7fc233a3c5e18bb6
2019-06-26 12:10:29,054 - DEBUG - tty.usbmodem0006822145041: RX: 0484680000
2019-06-26 12:10:29,054 - DEBUG - tty.usbmodem0006822145041: parsed_packet {event: CmdRsp, data: {'opcode': 104, 'status': 0, 'data': bytearray(b'\x00')}}
2019-06-26 12:10:29,055 - INFO - tty.usbmodem0006822145041: EcdhSecret: {'context': 0}
2019-06-26 12:10:29,371 - DEBUG - tty.usbmodem0006822145041: RX: 2cc50000000000000010000000bb8b14d57dbcf9b119ff99c27ccbae8118eed9c2a56add85049ffc3c59ad0e12
2019-06-26 12:10:29,372 - DEBUG - tty.usbmodem0006822145041: parsed_packet {event: ProvComplete, data: {'context_id': 0, 'iv_index': 0, 'net_key_index': 0, 'address': 16, 'iv_update_flag': 0, 'key_refresh_flag': 0, 'device_key': bytearray(b'\xbb\x8b\x14\xd5}\xbc\xf9\xb1\x19\xff\x99\xc2|\xcb\xae\x81'), 'net_key': bytearray(b'\x18\xee\xd9\xc2\xa5j\xdd\x85\x04\x9f\xfc<Y\xad\x0e\x12')}}
2019-06-26 12:10:29,372 - INFO - tty.usbmodem0006822145041: Provisioning complete
2019-06-26 12:10:29,372 - INFO - tty.usbmodem0006822145041: 	Address(es): 0x10-0x10
2019-06-26 12:10:29,372 - INFO - tty.usbmodem0006822145041: 	Device key: bb8b14d57dbcf9b119ff99c27ccbae81
2019-06-26 12:10:29,372 - INFO - tty.usbmodem0006822145041: 	Network key: 18eed9c2a56add85049ffc3c59ad0e12
2019-06-26 12:10:29,372 - INFO - tty.usbmodem0006822145041: Adding device key to subnet 0
2019-06-26 12:10:29,372 - INFO - tty.usbmodem0006822145041: Adding publication address of root element
2019-06-26 12:10:29,372 - DEBUG - tty.usbmodem0006822145041: Writing: 156 bytearray(b'\x10\x00\x00\x00\xbb\x8b\x14\xd5}\xbc\xf9\xb1\x19\xff\x99\xc2|\xcb\xae\x81')
2019-06-26 12:10:29,373 - DEBUG - tty.usbmodem0006822145041: TX: 159c10000000bb8b14d57dbcf9b119ff99c27ccbae81
2019-06-26 12:10:29,374 - DEBUG - tty.usbmodem0006822145041: Writing: 164 bytearray(b'\x10\x00')
2019-06-26 12:10:29,374 - DEBUG - tty.usbmodem0006822145041: TX: 03a41000
2019-06-26 12:10:29,376 - DEBUG - tty.usbmodem0006822145041: RX: 03849c8e
2019-06-26 12:10:29,376 - DEBUG - tty.usbmodem0006822145041: parsed_packet {event: CmdRsp, data: {'opcode': 156, 'status': 142, 'data': bytearray(b'')}}
2019-06-26 12:10:29,377 - ERROR - tty.usbmodem0006822145041: DevkeyAdd: ERROR_REJECTED
2019-06-26 12:10:29,377 - DEBUG - tty.usbmodem0006822145041: RX: 0584a4000000
2019-06-26 12:10:29,377 - DEBUG - tty.usbmodem0006822145041: parsed_packet {event: CmdRsp, data: {'opcode': 164, 'status': 0, 'data': bytearray(b'\x00\x00')}}
2019-06-26 12:10:29,377 - INFO - tty.usbmodem0006822145041: AddrPublicationAdd: {'address_handle': 0}
2019-06-26 12:10:29,466 - DEBUG - tty.usbmodem0006822145041: RX: 03c20000
2019-06-26 12:10:29,466 - DEBUG - tty.usbmodem0006822145041: parsed_packet {event: ProvLinkClosed, data: {'context_id': 0, 'close_reason': 0}}
2019-06-26 12:10:29,467 - INFO - tty.usbmodem0006822145041: Provisioning link closed
2019-06-26 12:10:49,610 - DEBUG - tty.usbmodem0006822145041.ConfigurationClient: Sending opcode: 8008, data: 00
2019-06-26 12:10:49,612 - DEBUG - tty.usbmodem0006822145041.ConfigurationClient: Sending opcode: 00, data: 0000004f68ad85d9f48ac8589df665b6b49b8a
2019-06-26 12:10:49,612 - DEBUG - tty.usbmodem0006822145041: Writing: 171 bytearray(b'\x08\x00\x01\x00\x00\x00\x08\x00\x00\x00\x80\x08\x00')
2019-06-26 12:10:49,612 - DEBUG - tty.usbmodem0006822145041: TX: 0eab08000100000008000000800800
2019-06-26 12:10:49,612 - DEBUG - tty.usbmodem0006822145041: Writing: 171 bytearray(b'\x08\x00\x01\x00\x00\x00\x08\x00\x00\x00\x00\x00\x00\x00Oh\xad\x85\xd9\xf4\x8a\xc8X\x9d\xf6e\xb6\xb4\x9b\x8a')
2019-06-26 12:10:49,612 - DEBUG - tty.usbmodem0006822145041: TX: 1fab08000100000008000000000000004f68ad85d9f48ac8589df665b6b49b8a
2019-06-26 12:10:49,616 - DEBUG - tty.usbmodem0006822145041: RX: 0784ab0004000000
2019-06-26 12:10:49,616 - DEBUG - tty.usbmodem0006822145041: parsed_packet {event: CmdRsp, data: {'opcode': 171, 'status': 0, 'data': bytearray(b'\x04\x00\x00\x00')}}
2019-06-26 12:10:49,616 - INFO - tty.usbmodem0006822145041: PacketSend: {'token': 4}
2019-06-26 12:10:49,619 - DEBUG - tty.usbmodem0006822145041: RX: 0784ab0005000000
2019-06-26 12:10:49,619 - DEBUG - tty.usbmodem0006822145041: parsed_packet {event: CmdRsp, data: {'opcode': 171, 'status': 0, 'data': bytearray(b'\x05\x00\x00\x00')}}
2019-06-26 12:10:49,619 - INFO - tty.usbmodem0006822145041: PacketSend: {'token': 5}
2019-06-26 12:10:49,628 - DEBUG - tty.usbmodem0006822145041: RX: 05d204000000
2019-06-26 12:10:49,628 - DEBUG - tty.usbmodem0006822145041: parsed_packet {event: MeshTxComplete, data: {'token': 4}}
2019-06-26 12:10:49,628 - INFO - tty.usbmodem0006822145041: {event: MeshTxComplete, data: {'token': 4}}
2019-06-26 12:10:52,378 - DEBUG - tty.usbmodem0006822145041: RX: 05d205000000
2019-06-26 12:10:52,378 - DEBUG - tty.usbmodem0006822145041: parsed_packet {event: MeshTxComplete, data: {'token': 5}}
2019-06-26 12:10:52,378 - INFO - tty.usbmodem0006822145041: {event: MeshTxComplete, data: {'token': 5}}
2019-06-26 12:11:27,046 - DEBUG - tty.usbmodem0006822145041.ConfigurationClient: Sending opcode: 8008, data: 00
2019-06-26 12:11:27,047 - DEBUG - tty.usbmodem0006822145041.ConfigurationClient: Sending opcode: 00, data: 0000004f68ad85d9f48ac8589df665b6b49b8a
2019-06-26 12:11:27,048 - DEBUG - tty.usbmodem0006822145041: Writing: 171 bytearray(b'\x08\x00\x01\x00\x00\x00\x08\x00\x00\x00\x80\x08\x00')
2019-06-26 12:11:27,048 - DEBUG - tty.usbmodem0006822145041: TX: 0eab08000100000008000000800800
2019-06-26 12:11:27,048 - DEBUG - tty.usbmodem0006822145041: Writing: 171 bytearray(b'\x08\x00\x01\x00\x00\x00\x08\x00\x00\x00\x00\x00\x00\x00Oh\xad\x85\xd9\xf4\x8a\xc8X\x9d\xf6e\xb6\xb4\x9b\x8a')
2019-06-26 12:11:27,048 - DEBUG - tty.usbmodem0006822145041: TX: 1fab08000100000008000000000000004f68ad85d9f48ac8589df665b6b49b8a
2019-06-26 12:11:27,051 - DEBUG - tty.usbmodem0006822145041: RX: 0784ab0006000000
2019-06-26 12:11:27,052 - DEBUG - tty.usbmodem0006822145041: parsed_packet {event: CmdRsp, data: {'opcode': 171, 'status': 0, 'data': bytearray(b'\x06\x00\x00\x00')}}
2019-06-26 12:11:27,052 - INFO - tty.usbmodem0006822145041: PacketSend: {'token': 6}
2019-06-26 12:11:27,055 - DEBUG - tty.usbmodem0006822145041: RX: 0784ab0007000000
2019-06-26 12:11:27,055 - DEBUG - tty.usbmodem0006822145041: parsed_packet {event: CmdRsp, data: {'opcode': 171, 'status': 0, 'data': bytearray(b'\x07\x00\x00\x00')}}
2019-06-26 12:11:27,055 - INFO - tty.usbmodem0006822145041: PacketSend: {'token': 7}
2019-06-26 12:11:27,069 - DEBUG - tty.usbmodem0006822145041: RX: 05d206000000
2019-06-26 12:11:27,070 - DEBUG - tty.usbmodem0006822145041: parsed_packet {event: MeshTxComplete, data: {'token': 6}}
2019-06-26 12:11:27,070 - INFO - tty.usbmodem0006822145041: {event: MeshTxComplete, data: {'token': 6}}
2019-06-26 12:11:27,131 - DEBUG - tty.usbmodem0006822145041: RX: 05d207000000
2019-06-26 12:11:27,131 - DEBUG - tty.usbmodem0006822145041: parsed_packet {event: MeshTxComplete, data: {'token': 7}}
2019-06-26 12:11:27,131 - INFO - tty.usbmodem0006822145041: {event: MeshTxComplete, data: {'token': 7}}
2019-06-26 12:11:29,070 - DEBUG - tty.usbmodem0006822145041.ConfigurationClient: Sending opcode: 8008, data: 00
2019-06-26 12:11:29,070 - DEBUG - tty.usbmodem0006822145041.ConfigurationClient: Sending opcode: 00, data: 0000004f68ad85d9f48ac8589df665b6b49b8a
2019-06-26 12:11:29,070 - DEBUG - tty.usbmodem0006822145041: Writing: 171 bytearray(b'\x08\x00\x01\x00\x00\x00\x08\x00\x00\x00\x80\x08\x00')
2019-06-26 12:11:29,070 - DEBUG - tty.usbmodem0006822145041: TX: 0eab08000100000008000000800800
2019-06-26 12:11:29,070 - DEBUG - tty.usbmodem0006822145041: Writing: 171 bytearray(b'\x08\x00\x01\x00\x00\x00\x08\x00\x00\x00\x00\x00\x00\x00Oh\xad\x85\xd9\xf4\x8a\xc8X\x9d\xf6e\xb6\xb4\x9b\x8a')
2019-06-26 12:11:29,070 - DEBUG - tty.usbmodem0006822145041: TX: 1fab08000100000008000000000000004f68ad85d9f48ac8589df665b6b49b8a
2019-06-26 12:11:29,074 - DEBUG - tty.usbmodem0006822145041: RX: 0784ab0008000000
2019-06-26 12:11:29,074 - DEBUG - tty.usbmodem0006822145041: parsed_packet {event: CmdRsp, data: {'opcode': 171, 'status': 0, 'data': bytearray(b'\x08\x00\x00\x00')}}
2019-06-26 12:11:29,081 - INFO - tty.usbmodem0006822145041: PacketSend: {'token': 8}
2019-06-26 12:11:29,081 - DEBUG - tty.usbmodem0006822145041: RX: 0784ab0009000000
2019-06-26 12:11:29,082 - DEBUG - tty.usbmodem0006822145041: parsed_packet {event: CmdRsp, data: {'opcode': 171, 'status': 0, 'data': bytearray(b'\t\x00\x00\x00')}}
2019-06-26 12:11:29,082 - INFO - tty.usbmodem0006822145041: PacketSend: {'token': 9}
2019-06-26 12:11:29,082 - DEBUG - tty.usbmodem0006822145041: RX: 05d208000000
2019-06-26 12:11:29,082 - DEBUG - tty.usbmodem0006822145041: parsed_packet {event: MeshTxComplete, data: {'token': 8}}
2019-06-26 12:11:29,082 - INFO - tty.usbmodem0006822145041: {event: MeshTxComplete, data: {'token': 8}}
2019-06-26 12:11:29,142 - DEBUG - tty.usbmodem0006822145041: RX: 05d209000000
2019-06-26 12:11:29,142 - DEBUG - tty.usbmodem0006822145041: parsed_packet {event: MeshTxComplete, data: {'token': 9}}
2019-06-26 12:11:29,142 - INFO - tty.usbmodem0006822145041: {event: MeshTxComplete, data: {'token': 9}}
2019-06-26 12:11:30,096 - DEBUG - tty.usbmodem0006822145041.ConfigurationClient: Sending opcode: 8008, data: 00
2019-06-26 12:11:30,096 - DEBUG - tty.usbmodem0006822145041.ConfigurationClient: Sending opcode: 00, data: 0000004f68ad85d9f48ac8589df665b6b49b8a
2019-06-26 12:11:30,097 - DEBUG - tty.usbmodem0006822145041: Writing: 171 bytearray(b'\x08\x00\x01\x00\x00\x00\x08\x00\x00\x00\x80\x08\x00')
2019-06-26 12:11:30,097 - DEBUG - tty.usbmodem0006822145041: TX: 0eab08000100000008000000800800
2019-06-26 12:11:30,097 - DEBUG - tty.usbmodem0006822145041: Writing: 171 bytearray(b'\x08\x00\x01\x00\x00\x00\x08\x00\x00\x00\x00\x00\x00\x00Oh\xad\x85\xd9\xf4\x8a\xc8X\x9d\xf6e\xb6\xb4\x9b\x8a')
2019-06-26 12:11:30,097 - DEBUG - tty.usbmodem0006822145041: TX: 1fab08000100000008000000000000004f68ad85d9f48ac8589df665b6b49b8a
2019-06-26 12:11:30,101 - DEBUG - tty.usbmodem0006822145041: RX: 0784ab000a000000
2019-06-26 12:11:30,101 - DEBUG - tty.usbmodem0006822145041: parsed_packet {event: CmdRsp, data: {'opcode': 171, 'status': 0, 'data': bytearray(b'\n\x00\x00\x00')}}
2019-06-26 12:11:30,106 - INFO - tty.usbmodem0006822145041: PacketSend: {'token': 10}
2019-06-26 12:11:30,106 - DEBUG - tty.usbmodem0006822145041: RX: 0784ab000b000000
2019-06-26 12:11:30,106 - DEBUG - tty.usbmodem0006822145041: parsed_packet {event: CmdRsp, data: {'opcode': 171, 'status': 0, 'data': bytearray(b'\x0b\x00\x00\x00')}}
2019-06-26 12:11:30,107 - INFO - tty.usbmodem0006822145041: PacketSend: {'token': 11}
2019-06-26 12:11:30,117 - DEBUG - tty.usbmodem0006822145041: RX: 05d20a000000
2019-06-26 12:11:30,118 - DEBUG - tty.usbmodem0006822145041: parsed_packet {event: MeshTxComplete, data: {'token': 10}}
2019-06-26 12:11:30,118 - INFO - tty.usbmodem0006822145041: {event: MeshTxComplete, data: {'token': 10}}
2019-06-26 12:11:30,176 - DEBUG - tty.usbmodem0006822145041: RX: 05d20b000000
2019-06-26 12:11:30,176 - DEBUG - tty.usbmodem0006822145041: parsed_packet {event: MeshTxComplete, data: {'token': 11}}
2019-06-26 12:11:30,179 - INFO - tty.usbmodem0006822145041: {event: MeshTxComplete, data: {'token': 11}}
2019-06-26 12:11:37,985 - DEBUG - tty.usbmodem0006822145041.ConfigurationClient: Sending opcode: 8008, data: 00
2019-06-26 12:11:37,985 - DEBUG - tty.usbmodem0006822145041.ConfigurationClient: Sending opcode: 00, data: 0000004f68ad85d9f48ac8589df665b6b49b8a
2019-06-26 12:11:37,985 - DEBUG - tty.usbmodem0006822145041: Writing: 171 bytearray(b'\x08\x00\x01\x00\x00\x00\x08\x00\x00\x00\x80\x08\x00')
2019-06-26 12:11:37,985 - DEBUG - tty.usbmodem0006822145041: TX: 0eab08000100000008000000800800
2019-06-26 12:11:37,986 - DEBUG - tty.usbmodem0006822145041: Writing: 171 bytearray(b'\x08\x00\x01\x00\x00\x00\x08\x00\x00\x00\x00\x00\x00\x00Oh\xad\x85\xd9\xf4\x8a\xc8X\x9d\xf6e\xb6\xb4\x9b\x8a')
2019-06-26 12:11:37,986 - DEBUG - tty.usbmodem0006822145041: TX: 1fab08000100000008000000000000004f68ad85d9f48ac8589df665b6b49b8a
2019-06-26 12:11:37,989 - DEBUG - tty.usbmodem0006822145041: RX: 0784ab000c000000
2019-06-26 12:11:37,989 - DEBUG - tty.usbmodem0006822145041: parsed_packet {event: CmdRsp, data: {'opcode': 171, 'status': 0, 'data': bytearray(b'\x0c\x00\x00\x00')}}
2019-06-26 12:11:37,990 - INFO - tty.usbmodem0006822145041: PacketSend: {'token': 12}
2019-06-26 12:11:37,993 - DEBUG - tty.usbmodem0006822145041: RX: 0784ab000d000000
2019-06-26 12:11:37,993 - DEBUG - tty.usbmodem0006822145041: parsed_packet {event: CmdRsp, data: {'opcode': 171, 'status': 0, 'data': bytearray(b'\r\x00\x00\x00')}}
2019-06-26 12:11:37,993 - INFO - tty.usbmodem0006822145041: PacketSend: {'token': 13}
2019-06-26 12:11:38,009 - DEBUG - tty.usbmodem0006822145041: RX: 05d20c000000
2019-06-26 12:11:38,010 - DEBUG - tty.usbmodem0006822145041: parsed_packet {event: MeshTxComplete, data: {'token': 12}}
2019-06-26 12:11:38,010 - INFO - tty.usbmodem0006822145041: {event: MeshTxComplete, data: {'token': 12}}
2019-06-26 12:11:38,062 - DEBUG - tty.usbmodem0006822145041: RX: 05d20d000000
2019-06-26 12:11:38,062 - DEBUG - tty.usbmodem0006822145041: parsed_packet {event: MeshTxComplete, data: {'token': 13}}
2019-06-26 12:11:38,062 - INFO - tty.usbmodem0006822145041: {event: MeshTxComplete, data: {'token': 13}}
2019-06-26 12:11:38,326 - DEBUG - tty.usbmodem0006822145041.ConfigurationClient: Sending opcode: 8008, data: 00
2019-06-26 12:11:38,326 - DEBUG - tty.usbmodem0006822145041.ConfigurationClient: Sending opcode: 00, data: 0000004f68ad85d9f48ac8589df665b6b49b8a
2019-06-26 12:11:38,327 - DEBUG - tty.usbmodem0006822145041: Writing: 171 bytearray(b'\x08\x00\x01\x00\x00\x00\x08\x00\x00\x00\x80\x08\x00')
2019-06-26 12:11:38,327 - DEBUG - tty.usbmodem0006822145041: TX: 0eab08000100000008000000800800
2019-06-26 12:11:38,327 - DEBUG - tty.usbmodem0006822145041: Writing: 171 bytearray(b'\x08\x00\x01\x00\x00\x00\x08\x00\x00\x00\x00\x00\x00\x00Oh\xad\x85\xd9\xf4\x8a\xc8X\x9d\xf6e\xb6\xb4\x9b\x8a')
2019-06-26 12:11:38,327 - DEBUG - tty.usbmodem0006822145041: TX: 1fab08000100000008000000000000004f68ad85d9f48ac8589df665b6b49b8a
2019-06-26 12:11:38,331 - DEBUG - tty.usbmodem0006822145041: RX: 0784ab000e000000
2019-06-26 12:11:38,331 - DEBUG - tty.usbmodem0006822145041: parsed_packet {event: CmdRsp, data: {'opcode': 171, 'status': 0, 'data': bytearray(b'\x0e\x00\x00\x00')}}
2019-06-26 12:11:38,332 - INFO - tty.usbmodem0006822145041: PacketSend: {'token': 14}
2019-06-26 12:11:38,334 - DEBUG - tty.usbmodem0006822145041: RX: 05d20e000000
2019-06-26 12:11:38,334 - DEBUG - tty.usbmodem0006822145041: parsed_packet {event: MeshTxComplete, data: {'token': 14}}
2019-06-26 12:11:38,334 - INFO - tty.usbmodem0006822145041: {event: MeshTxComplete, data: {'token': 14}}
2019-06-26 12:11:38,335 - DEBUG - tty.usbmodem0006822145041: RX: 0784ab000f000000
2019-06-26 12:11:38,335 - DEBUG - tty.usbmodem0006822145041: parsed_packet {event: CmdRsp, data: {'opcode': 171, 'status': 0, 'data': bytearray(b'\x0f\x00\x00\x00')}}
2019-06-26 12:11:38,335 - INFO - tty.usbmodem0006822145041: PacketSend: {'token': 15}
2019-06-26 12:11:38,542 - DEBUG - tty.usbmodem0006822145041.ConfigurationClient: Sending opcode: 8008, data: 00
2019-06-26 12:11:38,542 - DEBUG - tty.usbmodem0006822145041.ConfigurationClient: Sending opcode: 00, data: 0000004f68ad85d9f48ac8589df665b6b49b8a
2019-06-26 12:11:38,542 - DEBUG - tty.usbmodem0006822145041: Writing: 171 bytearray(b'\x08\x00\x01\x00\x00\x00\x08\x00\x00\x00\x80\x08\x00')
2019-06-26 12:11:38,543 - DEBUG - tty.usbmodem0006822145041: TX: 0eab08000100000008000000800800
2019-06-26 12:11:38,543 - DEBUG - tty.usbmodem0006822145041: Writing: 171 bytearray(b'\x08\x00\x01\x00\x00\x00\x08\x00\x00\x00\x00\x00\x00\x00Oh\xad\x85\xd9\xf4\x8a\xc8X\x9d\xf6e\xb6\xb4\x9b\x8a')
2019-06-26 12:11:38,543 - DEBUG - tty.usbmodem0006822145041: TX: 1fab08000100000008000000000000004f68ad85d9f48ac8589df665b6b49b8a
2019-06-26 12:11:38,546 - DEBUG - tty.usbmodem0006822145041: RX: 0784ab0010000000
2019-06-26 12:11:38,546 - DEBUG - tty.usbmodem0006822145041: parsed_packet {event: CmdRsp, data: {'opcode': 171, 'status': 0, 'data': bytearray(b'\x10\x00\x00\x00')}}
2019-06-26 12:11:38,553 - INFO - tty.usbmodem0006822145041: PacketSend: {'token': 16}
2019-06-26 12:11:38,554 - DEBUG - tty.usbmodem0006822145041: RX: 0384ab83
2019-06-26 12:11:38,554 - DEBUG - tty.usbmodem0006822145041: parsed_packet {event: CmdRsp, data: {'opcode': 171, 'status': 131, 'data': bytearray(b'')}}
2019-06-26 12:11:38,554 - ERROR - tty.usbmodem0006822145041: PacketSend: ERROR_INVALID_STATE
2019-06-26 12:11:38,559 - DEBUG - tty.usbmodem0006822145041: RX: 05d210000000
2019-06-26 12:11:38,559 - DEBUG - tty.usbmodem0006822145041: parsed_packet {event: MeshTxComplete, data: {'token': 16}}
2019-06-26 12:11:38,559 - INFO - tty.usbmodem0006822145041: {event: MeshTxComplete, data: {'token': 16}}
2019-06-26 12:11:38,744 - DEBUG - tty.usbmodem0006822145041.ConfigurationClient: Sending opcode: 8008, data: 00
2019-06-26 12:11:38,744 - DEBUG - tty.usbmodem0006822145041.ConfigurationClient: Sending opcode: 00, data: 0000004f68ad85d9f48ac8589df665b6b49b8a
2019-06-26 12:11:38,745 - DEBUG - tty.usbmodem0006822145041: Writing: 171 bytearray(b'\x08\x00\x01\x00\x00\x00\x08\x00\x00\x00\x80\x08\x00')
2019-06-26 12:11:38,745 - DEBUG - tty.usbmodem0006822145041: TX: 0eab08000100000008000000800800
2019-06-26 12:11:38,745 - DEBUG - tty.usbmodem0006822145041: Writing: 171 bytearray(b'\x08\x00\x01\x00\x00\x00\x08\x00\x00\x00\x00\x00\x00\x00Oh\xad\x85\xd9\xf4\x8a\xc8X\x9d\xf6e\xb6\xb4\x9b\x8a')
2019-06-26 12:11:38,746 - DEBUG - tty.usbmodem0006822145041: TX: 1fab08000100000008000000000000004f68ad85d9f48ac8589df665b6b49b8a
2019-06-26 12:11:38,749 - DEBUG - tty.usbmodem0006822145041: RX: 0784ab0012000000
2019-06-26 12:11:38,750 - DEBUG - tty.usbmodem0006822145041: parsed_packet {event: CmdRsp, data: {'opcode': 171, 'status': 0, 'data': bytearray(b'\x12\x00\x00\x00')}}
2019-06-26 12:11:38,761 - INFO - tty.usbmodem0006822145041: PacketSend: {'token': 18}
2019-06-26 12:11:38,762 - DEBUG - tty.usbmodem0006822145041: RX: 0384ab83
2019-06-26 12:11:38,762 - DEBUG - tty.usbmodem0006822145041: parsed_packet {event: CmdRsp, data: {'opcode': 171, 'status': 131, 'data': bytearray(b'')}}
2019-06-26 12:11:38,762 - ERROR - tty.usbmodem0006822145041: PacketSend: ERROR_INVALID_STATE
2019-06-26 12:11:38,763 - DEBUG - tty.usbmodem0006822145041: RX: 05d212000000
2019-06-26 12:11:38,763 - DEBUG - tty.usbmodem0006822145041: parsed_packet {event: MeshTxComplete, data: {'token': 18}}
2019-06-26 12:11:38,763 - INFO - tty.usbmodem0006822145041: {event: MeshTxComplete, data: {'token': 18}}
2019-06-26 12:11:38,943 - DEBUG - tty.usbmodem0006822145041: RX: 05d20f000000
2019-06-26 12:11:38,943 - DEBUG - tty.usbmodem0006822145041: parsed_packet {event: MeshTxComplete, data: {'token': 15}}
2019-06-26 12:11:38,943 - INFO - tty.usbmodem0006822145041: {event: MeshTxComplete, data: {'token': 15}}
2019-06-26 12:11:39,335 - DEBUG - tty.usbmodem0006822145041.ConfigurationClient: Sending opcode: 8008, data: 00
2019-06-26 12:11:39,335 - DEBUG - tty.usbmodem0006822145041.ConfigurationClient: Sending opcode: 00, data: 0000004f68ad85d9f48ac8589df665b6b49b8a
2019-06-26 12:11:39,335 - DEBUG - tty.usbmodem0006822145041: Writing: 171 bytearray(b'\x08\x00\x01\x00\x00\x00\x08\x00\x00\x00\x80\x08\x00')
2019-06-26 12:11:39,335 - DEBUG - tty.usbmodem0006822145041: TX: 0eab08000100000008000000800800
2019-06-26 12:11:39,336 - DEBUG - tty.usbmodem0006822145041: Writing: 171 bytearray(b'\x08\x00\x01\x00\x00\x00\x08\x00\x00\x00\x00\x00\x00\x00Oh\xad\x85\xd9\xf4\x8a\xc8X\x9d\xf6e\xb6\xb4\x9b\x8a')
2019-06-26 12:11:39,336 - DEBUG - tty.usbmodem0006822145041: TX: 1fab08000100000008000000000000004f68ad85d9f48ac8589df665b6b49b8a
2019-06-26 12:11:39,339 - DEBUG - tty.usbmodem0006822145041: RX: 0784ab0014000000
2019-06-26 12:11:39,339 - DEBUG - tty.usbmodem0006822145041: parsed_packet {event: CmdRsp, data: {'opcode': 171, 'status': 0, 'data': bytearray(b'\x14\x00\x00\x00')}}
2019-06-26 12:11:39,344 - INFO - tty.usbmodem0006822145041: PacketSend: {'token': 20}
2019-06-26 12:11:39,345 - DEBUG - tty.usbmodem0006822145041: RX: 0784ab0015000000
2019-06-26 12:11:39,345 - DEBUG - tty.usbmodem0006822145041: parsed_packet {event: CmdRsp, data: {'opcode': 171, 'status': 0, 'data': bytearray(b'\x15\x00\x00\x00')}}
2019-06-26 12:11:39,345 - INFO - tty.usbmodem0006822145041: PacketSend: {'token': 21}
2019-06-26 12:11:39,350 - DEBUG - tty.usbmodem0006822145041: RX: 05d214000000
2019-06-26 12:11:39,350 - DEBUG - tty.usbmodem0006822145041: parsed_packet {event: MeshTxComplete, data: {'token': 20}}
2019-06-26 12:11:39,350 - INFO - tty.usbmodem0006822145041: {event: MeshTxComplete, data: {'token': 20}}
2019-06-26 12:11:39,414 - DEBUG - tty.usbmodem0006822145041: RX: 05d215000000
2019-06-26 12:11:39,414 - DEBUG - tty.usbmodem0006822145041: parsed_packet {event: MeshTxComplete, data: {'token': 21}}
2019-06-26 12:11:39,414 - INFO - tty.usbmodem0006822145041: {event: MeshTxComplete, data: {'token': 21}}
2019-06-26 12:11:40,071 - DEBUG - tty.usbmodem0006822145041.ConfigurationClient: Sending opcode: 8008, data: 00
2019-06-26 12:11:40,072 - DEBUG - tty.usbmodem0006822145041.ConfigurationClient: Sending opcode: 00, data: 0000004f68ad85d9f48ac8589df665b6b49b8a
2019-06-26 12:11:40,072 - DEBUG - tty.usbmodem0006822145041: Writing: 171 bytearray(b'\x08\x00\x01\x00\x00\x00\x08\x00\x00\x00\x80\x08\x00')
2019-06-26 12:11:40,072 - DEBUG - tty.usbmodem0006822145041: TX: 0eab08000100000008000000800800
2019-06-26 12:11:40,072 - DEBUG - tty.usbmodem0006822145041: Writing: 171 bytearray(b'\x08\x00\x01\x00\x00\x00\x08\x00\x00\x00\x00\x00\x00\x00Oh\xad\x85\xd9\xf4\x8a\xc8X\x9d\xf6e\xb6\xb4\x9b\x8a')
2019-06-26 12:11:40,072 - DEBUG - tty.usbmodem0006822145041: TX: 1fab08000100000008000000000000004f68ad85d9f48ac8589df665b6b49b8a
2019-06-26 12:11:40,076 - DEBUG - tty.usbmodem0006822145041: RX: 0784ab0016000000
2019-06-26 12:11:40,076 - DEBUG - tty.usbmodem0006822145041: parsed_packet {event: CmdRsp, data: {'opcode': 171, 'status': 0, 'data': bytearray(b'\x16\x00\x00\x00')}}
2019-06-26 12:11:40,082 - INFO - tty.usbmodem0006822145041: PacketSend: {'token': 22}
2019-06-26 12:11:40,083 - DEBUG - tty.usbmodem0006822145041: RX: 0784ab0017000000
2019-06-26 12:11:40,083 - DEBUG - tty.usbmodem0006822145041: parsed_packet {event: CmdRsp, data: {'opcode': 171, 'status': 0, 'data': bytearray(b'\x17\x00\x00\x00')}}
2019-06-26 12:11:40,083 - INFO - tty.usbmodem0006822145041: PacketSend: {'token': 23}
2019-06-26 12:11:40,093 - DEBUG - tty.usbmodem0006822145041: RX: 05d216000000
2019-06-26 12:11:40,093 - DEBUG - tty.usbmodem0006822145041: parsed_packet {event: MeshTxComplete, data: {'token': 22}}
2019-06-26 12:11:40,093 - INFO - tty.usbmodem0006822145041: {event: MeshTxComplete, data: {'token': 22}}
2019-06-26 12:11:40,167 - DEBUG - tty.usbmodem0006822145041: RX: 05d217000000
2019-06-26 12:11:40,167 - DEBUG - tty.usbmodem0006822145041: parsed_packet {event: MeshTxComplete, data: {'token': 23}}
2019-06-26 12:11:40,167 - INFO - tty.usbmodem0006822145041: {event: MeshTxComplete, data: {'token': 23}}
2019-06-26 12:11:40,694 - DEBUG - tty.usbmodem0006822145041.ConfigurationClient: Sending opcode: 8008, data: 00
2019-06-26 12:11:40,695 - DEBUG - tty.usbmodem0006822145041.ConfigurationClient: Sending opcode: 00, data: 0000004f68ad85d9f48ac8589df665b6b49b8a
2019-06-26 12:11:40,695 - DEBUG - tty.usbmodem0006822145041: Writing: 171 bytearray(b'\x08\x00\x01\x00\x00\x00\x08\x00\x00\x00\x80\x08\x00')
2019-06-26 12:11:40,695 - DEBUG - tty.usbmodem0006822145041: TX: 0eab08000100000008000000800800
2019-06-26 12:11:40,696 - DEBUG - tty.usbmodem0006822145041: Writing: 171 bytearray(b'\x08\x00\x01\x00\x00\x00\x08\x00\x00\x00\x00\x00\x00\x00Oh\xad\x85\xd9\xf4\x8a\xc8X\x9d\xf6e\xb6\xb4\x9b\x8a')
2019-06-26 12:11:40,696 - DEBUG - tty.usbmodem0006822145041: TX: 1fab08000100000008000000000000004f68ad85d9f48ac8589df665b6b49b8a
2019-06-26 12:11:40,699 - DEBUG - tty.usbmodem0006822145041: RX: 0784ab0018000000
2019-06-26 12:11:40,700 - DEBUG - tty.usbmodem0006822145041: parsed_packet {event: CmdRsp, data: {'opcode': 171, 'status': 0, 'data': bytearray(b'\x18\x00\x00\x00')}}
2019-06-26 12:11:40,706 - INFO - tty.usbmodem0006822145041: PacketSend: {'token': 24}
2019-06-26 12:11:40,706 - DEBUG - tty.usbmodem0006822145041: RX: 0784ab0019000000
2019-06-26 12:11:40,706 - DEBUG - tty.usbmodem0006822145041: parsed_packet {event: CmdRsp, data: {'opcode': 171, 'status': 0, 'data': bytearray(b'\x19\x00\x00\x00')}}
2019-06-26 12:11:40,707 - INFO - tty.usbmodem0006822145041: PacketSend: {'token': 25}
2019-06-26 12:11:40,714 - DEBUG - tty.usbmodem0006822145041: RX: 05d218000000
2019-06-26 12:11:40,714 - DEBUG - tty.usbmodem0006822145041: parsed_packet {event: MeshTxComplete, data: {'token': 24}}
2019-06-26 12:11:40,715 - INFO - tty.usbmodem0006822145041: {event: MeshTxComplete, data: {'token': 24}}
2019-06-26 12:11:40,766 - DEBUG - tty.usbmodem0006822145041: RX: 05d219000000
2019-06-26 12:11:40,766 - DEBUG - tty.usbmodem0006822145041: parsed_packet {event: MeshTxComplete, data: {'token': 25}}
2019-06-26 12:11:40,766 - INFO - tty.usbmodem0006822145041: {event: MeshTxComplete, data: {'token': 25}}
2019-06-26 12:11:41,198 - DEBUG - tty.usbmodem0006822145041.ConfigurationClient: Sending opcode: 8008, data: 00
2019-06-26 12:11:41,199 - DEBUG - tty.usbmodem0006822145041.ConfigurationClient: Sending opcode: 00, data: 0000004f68ad85d9f48ac8589df665b6b49b8a
2019-06-26 12:11:41,199 - DEBUG - tty.usbmodem0006822145041: Writing: 171 bytearray(b'\x08\x00\x01\x00\x00\x00\x08\x00\x00\x00\x80\x08\x00')
2019-06-26 12:11:41,199 - DEBUG - tty.usbmodem0006822145041: TX: 0eab08000100000008000000800800
2019-06-26 12:11:41,200 - DEBUG - tty.usbmodem0006822145041: Writing: 171 bytearray(b'\x08\x00\x01\x00\x00\x00\x08\x00\x00\x00\x00\x00\x00\x00Oh\xad\x85\xd9\xf4\x8a\xc8X\x9d\xf6e\xb6\xb4\x9b\x8a')
2019-06-26 12:11:41,200 - DEBUG - tty.usbmodem0006822145041: TX: 1fab08000100000008000000000000004f68ad85d9f48ac8589df665b6b49b8a
2019-06-26 12:11:41,203 - DEBUG - tty.usbmodem0006822145041: RX: 0784ab001a000000
2019-06-26 12:11:41,203 - DEBUG - tty.usbmodem0006822145041: parsed_packet {event: CmdRsp, data: {'opcode': 171, 'status': 0, 'data': bytearray(b'\x1a\x00\x00\x00')}}
2019-06-26 12:11:41,208 - INFO - tty.usbmodem0006822145041: PacketSend: {'token': 26}
2019-06-26 12:11:41,208 - DEBUG - tty.usbmodem0006822145041: RX: 0784ab001b000000
2019-06-26 12:11:41,209 - DEBUG - tty.usbmodem0006822145041: parsed_packet {event: CmdRsp, data: {'opcode': 171, 'status': 0, 'data': bytearray(b'\x1b\x00\x00\x00')}}
2019-06-26 12:11:41,209 - INFO - tty.usbmodem0006822145041: PacketSend: {'token': 27}
2019-06-26 12:11:41,221 - DEBUG - tty.usbmodem0006822145041: RX: 05d21a000000
2019-06-26 12:11:41,221 - DEBUG - tty.usbmodem0006822145041: parsed_packet {event: MeshTxComplete, data: {'token': 26}}
2019-06-26 12:11:41,222 - INFO - tty.usbmodem0006822145041: {event: MeshTxComplete, data: {'token': 26}}
2019-06-26 12:11:41,280 - DEBUG - tty.usbmodem0006822145041: RX: 05d21b000000
2019-06-26 12:11:41,280 - DEBUG - tty.usbmodem0006822145041: parsed_packet {event: MeshTxComplete, data: {'token': 27}}
2019-06-26 12:11:41,281 - INFO - tty.usbmodem0006822145041: {event: MeshTxComplete, data: {'token': 27}}
2019-06-26 12:11:41,694 - DEBUG - tty.usbmodem0006822145041.ConfigurationClient: Sending opcode: 8008, data: 00
2019-06-26 12:11:41,694 - DEBUG - tty.usbmodem0006822145041.ConfigurationClient: Sending opcode: 00, data: 0000004f68ad85d9f48ac8589df665b6b49b8a
2019-06-26 12:11:41,694 - DEBUG - tty.usbmodem0006822145041: Writing: 171 bytearray(b'\x08\x00\x01\x00\x00\x00\x08\x00\x00\x00\x80\x08\x00')
2019-06-26 12:11:41,695 - DEBUG - tty.usbmodem0006822145041: TX: 0eab08000100000008000000800800
2019-06-26 12:11:41,695 - DEBUG - tty.usbmodem0006822145041: Writing: 171 bytearray(b'\x08\x00\x01\x00\x00\x00\x08\x00\x00\x00\x00\x00\x00\x00Oh\xad\x85\xd9\xf4\x8a\xc8X\x9d\xf6e\xb6\xb4\x9b\x8a')
2019-06-26 12:11:41,695 - DEBUG - tty.usbmodem0006822145041: TX: 1fab08000100000008000000000000004f68ad85d9f48ac8589df665b6b49b8a
2019-06-26 12:11:41,698 - DEBUG - tty.usbmodem0006822145041: RX: 0784ab001c000000
2019-06-26 12:11:41,698 - DEBUG - tty.usbmodem0006822145041: parsed_packet {event: CmdRsp, data: {'opcode': 171, 'status': 0, 'data': bytearray(b'\x1c\x00\x00\x00')}}
2019-06-26 12:11:41,705 - INFO - tty.usbmodem0006822145041: PacketSend: {'token': 28}
2019-06-26 12:11:41,705 - DEBUG - tty.usbmodem0006822145041: RX: 0784ab001d000000
2019-06-26 12:11:41,706 - DEBUG - tty.usbmodem0006822145041: parsed_packet {event: CmdRsp, data: {'opcode': 171, 'status': 0, 'data': bytearray(b'\x1d\x00\x00\x00')}}
2019-06-26 12:11:41,706 - INFO - tty.usbmodem0006822145041: PacketSend: {'token': 29}
2019-06-26 12:11:41,706 - DEBUG - tty.usbmodem0006822145041: RX: 05d21c000000
2019-06-26 12:11:41,706 - DEBUG - tty.usbmodem0006822145041: parsed_packet {event: MeshTxComplete, data: {'token': 28}}
2019-06-26 12:11:41,706 - INFO - tty.usbmodem0006822145041: {event: MeshTxComplete, data: {'token': 28}}
2019-06-26 12:11:41,754 - DEBUG - tty.usbmodem0006822145041: RX: 05d21d000000
2019-06-26 12:11:41,754 - DEBUG - tty.usbmodem0006822145041: parsed_packet {event: MeshTxComplete, data: {'token': 29}}
2019-06-26 12:11:41,754 - INFO - tty.usbmodem0006822145041: {event: MeshTxComplete, data: {'token': 29}}
2019-06-26 12:11:42,430 - DEBUG - tty.usbmodem0006822145041.ConfigurationClient: Sending opcode: 8008, data: 00
2019-06-26 12:11:42,430 - DEBUG - tty.usbmodem0006822145041.ConfigurationClient: Sending opcode: 00, data: 0000004f68ad85d9f48ac8589df665b6b49b8a
2019-06-26 12:11:42,431 - DEBUG - tty.usbmodem0006822145041: Writing: 171 bytearray(b'\x08\x00\x01\x00\x00\x00\x08\x00\x00\x00\x80\x08\x00')
2019-06-26 12:11:42,431 - DEBUG - tty.usbmodem0006822145041: TX: 0eab08000100000008000000800800
2019-06-26 12:11:42,431 - DEBUG - tty.usbmodem0006822145041: Writing: 171 bytearray(b'\x08\x00\x01\x00\x00\x00\x08\x00\x00\x00\x00\x00\x00\x00Oh\xad\x85\xd9\xf4\x8a\xc8X\x9d\xf6e\xb6\xb4\x9b\x8a')
2019-06-26 12:11:42,432 - DEBUG - tty.usbmodem0006822145041: TX: 1fab08000100000008000000000000004f68ad85d9f48ac8589df665b6b49b8a
2019-06-26 12:11:42,435 - DEBUG - tty.usbmodem0006822145041: RX: 0784ab001e000000
2019-06-26 12:11:42,435 - DEBUG - tty.usbmodem0006822145041: parsed_packet {event: CmdRsp, data: {'opcode': 171, 'status': 0, 'data': bytearray(b'\x1e\x00\x00\x00')}}
2019-06-26 12:11:42,442 - INFO - tty.usbmodem0006822145041: PacketSend: {'token': 30}
2019-06-26 12:11:42,442 - DEBUG - tty.usbmodem0006822145041: RX: 0784ab001f000000
2019-06-26 12:11:42,442 - DEBUG - tty.usbmodem0006822145041: parsed_packet {event: CmdRsp, data: {'opcode': 171, 'status': 0, 'data': bytearray(b'\x1f\x00\x00\x00')}}
2019-06-26 12:11:42,442 - INFO - tty.usbmodem0006822145041: PacketSend: {'token': 31}
2019-06-26 12:11:42,442 - DEBUG - tty.usbmodem0006822145041: RX: 05d21e000000
2019-06-26 12:11:42,443 - DEBUG - tty.usbmodem0006822145041: parsed_packet {event: MeshTxComplete, data: {'token': 30}}
2019-06-26 12:11:42,443 - INFO - tty.usbmodem0006822145041: {event: MeshTxComplete, data: {'token': 30}}
2019-06-26 12:11:42,498 - DEBUG - tty.usbmodem0006822145041: RX: 05d21f000000
2019-06-26 12:11:42,498 - DEBUG - tty.usbmodem0006822145041: parsed_packet {event: MeshTxComplete, data: {'token': 31}}
2019-06-26 12:11:42,499 - INFO - tty.usbmodem0006822145041: {event: MeshTxComplete, data: {'token': 31}}
2019-06-26 12:11:43,191 - DEBUG - tty.usbmodem0006822145041.ConfigurationClient: Sending opcode: 8008, data: 00
2019-06-26 12:11:43,192 - DEBUG - tty.usbmodem0006822145041.ConfigurationClient: Sending opcode: 00, data: 0000004f68ad85d9f48ac8589df665b6b49b8a
2019-06-26 12:11:43,192 - DEBUG - tty.usbmodem0006822145041: Writing: 171 bytearray(b'\x08\x00\x01\x00\x00\x00\x08\x00\x00\x00\x80\x08\x00')
2019-06-26 12:11:43,192 - DEBUG - tty.usbmodem0006822145041: TX: 0eab08000100000008000000800800
2019-06-26 12:11:43,192 - DEBUG - tty.usbmodem0006822145041: Writing: 171 bytearray(b'\x08\x00\x01\x00\x00\x00\x08\x00\x00\x00\x00\x00\x00\x00Oh\xad\x85\xd9\xf4\x8a\xc8X\x9d\xf6e\xb6\xb4\x9b\x8a')
2019-06-26 12:11:43,192 - DEBUG - tty.usbmodem0006822145041: TX: 1fab08000100000008000000000000004f68ad85d9f48ac8589df665b6b49b8a
2019-06-26 12:11:43,196 - DEBUG - tty.usbmodem0006822145041: RX: 0784ab0020000000
2019-06-26 12:11:43,196 - DEBUG - tty.usbmodem0006822145041: parsed_packet {event: CmdRsp, data: {'opcode': 171, 'status': 0, 'data': bytearray(b' \x00\x00\x00')}}
2019-06-26 12:11:43,202 - INFO - tty.usbmodem0006822145041: PacketSend: {'token': 32}
2019-06-26 12:11:43,203 - DEBUG - tty.usbmodem0006822145041: RX: 0784ab0021000000
2019-06-26 12:11:43,203 - DEBUG - tty.usbmodem0006822145041: parsed_packet {event: CmdRsp, data: {'opcode': 171, 'status': 0, 'data': bytearray(b'!\x00\x00\x00')}}
2019-06-26 12:11:43,203 - INFO - tty.usbmodem0006822145041: PacketSend: {'token': 33}
2019-06-26 12:11:43,207 - DEBUG - tty.usbmodem0006822145041: RX: 05d220000000
2019-06-26 12:11:43,207 - DEBUG - tty.usbmodem0006822145041: parsed_packet {event: MeshTxComplete, data: {'token': 32}}
2019-06-26 12:11:43,207 - INFO - tty.usbmodem0006822145041: {event: MeshTxComplete, data: {'token': 32}}
2019-06-26 12:11:43,267 - DEBUG - tty.usbmodem0006822145041: RX: 05d221000000
2019-06-26 12:11:43,268 - DEBUG - tty.usbmodem0006822145041: parsed_packet {event: MeshTxComplete, data: {'token': 33}}
2019-06-26 12:11:43,269 - INFO - tty.usbmodem0006822145041: {event: MeshTxComplete, data: {'token': 33}}
2019-06-26 12:11:43,720 - DEBUG - tty.usbmodem0006822145041.ConfigurationClient: Sending opcode: 8008, data: 00
2019-06-26 12:11:43,720 - DEBUG - tty.usbmodem0006822145041.ConfigurationClient: Sending opcode: 00, data: 0000004f68ad85d9f48ac8589df665b6b49b8a
2019-06-26 12:11:43,720 - DEBUG - tty.usbmodem0006822145041: Writing: 171 bytearray(b'\x08\x00\x01\x00\x00\x00\x08\x00\x00\x00\x80\x08\x00')
2019-06-26 12:11:43,721 - DEBUG - tty.usbmodem0006822145041: TX: 0eab08000100000008000000800800
2019-06-26 12:11:43,721 - DEBUG - tty.usbmodem0006822145041: Writing: 171 bytearray(b'\x08\x00\x01\x00\x00\x00\x08\x00\x00\x00\x00\x00\x00\x00Oh\xad\x85\xd9\xf4\x8a\xc8X\x9d\xf6e\xb6\xb4\x9b\x8a')
2019-06-26 12:11:43,721 - DEBUG - tty.usbmodem0006822145041: TX: 1fab08000100000008000000000000004f68ad85d9f48ac8589df665b6b49b8a
2019-06-26 12:11:43,724 - DEBUG - tty.usbmodem0006822145041: RX: 0784ab0022000000
2019-06-26 12:11:43,724 - DEBUG - tty.usbmodem0006822145041: parsed_packet {event: CmdRsp, data: {'opcode': 171, 'status': 0, 'data': bytearray(b'"\x00\x00\x00')}}
2019-06-26 12:11:43,729 - INFO - tty.usbmodem0006822145041: PacketSend: {'token': 34}
2019-06-26 12:11:43,730 - DEBUG - tty.usbmodem0006822145041: RX: 0784ab0023000000
2019-06-26 12:11:43,730 - DEBUG - tty.usbmodem0006822145041: parsed_packet {event: CmdRsp, data: {'opcode': 171, 'status': 0, 'data': bytearray(b'#\x00\x00\x00')}}
2019-06-26 12:11:43,730 - INFO - tty.usbmodem0006822145041: PacketSend: {'token': 35}
2019-06-26 12:11:43,737 - DEBUG - tty.usbmodem0006822145041: RX: 05d222000000
2019-06-26 12:11:43,737 - DEBUG - tty.usbmodem0006822145041: parsed_packet {event: MeshTxComplete, data: {'token': 34}}
2019-06-26 12:11:43,737 - INFO - tty.usbmodem0006822145041: {event: MeshTxComplete, data: {'token': 34}}
2019-06-26 12:11:43,803 - DEBUG - tty.usbmodem0006822145041: RX: 05d223000000
2019-06-26 12:11:43,803 - DEBUG - tty.usbmodem0006822145041: parsed_packet {event: MeshTxComplete, data: {'token': 35}}
2019-06-26 12:11:43,803 - INFO - tty.usbmodem0006822145041: {event: MeshTxComplete, data: {'token': 35}}
2019-06-26 12:11:44,246 - DEBUG - tty.usbmodem0006822145041.ConfigurationClient: Sending opcode: 8008, data: 00
2019-06-26 12:11:44,246 - DEBUG - tty.usbmodem0006822145041.ConfigurationClient: Sending opcode: 00, data: 0000004f68ad85d9f48ac8589df665b6b49b8a
2019-06-26 12:11:44,246 - DEBUG - tty.usbmodem0006822145041: Writing: 171 bytearray(b'\x08\x00\x01\x00\x00\x00\x08\x00\x00\x00\x80\x08\x00')
2019-06-26 12:11:44,247 - DEBUG - tty.usbmodem0006822145041: TX: 0eab08000100000008000000800800
2019-06-26 12:11:44,247 - DEBUG - tty.usbmodem0006822145041: Writing: 171 bytearray(b'\x08\x00\x01\x00\x00\x00\x08\x00\x00\x00\x00\x00\x00\x00Oh\xad\x85\xd9\xf4\x8a\xc8X\x9d\xf6e\xb6\xb4\x9b\x8a')
2019-06-26 12:11:44,247 - DEBUG - tty.usbmodem0006822145041: TX: 1fab08000100000008000000000000004f68ad85d9f48ac8589df665b6b49b8a
2019-06-26 12:11:44,250 - DEBUG - tty.usbmodem0006822145041: RX: 0784ab0024000000
2019-06-26 12:11:44,250 - DEBUG - tty.usbmodem0006822145041: parsed_packet {event: CmdRsp, data: {'opcode': 171, 'status': 0, 'data': bytearray(b'$\x00\x00\x00')}}
2019-06-26 12:11:44,256 - INFO - tty.usbmodem0006822145041: PacketSend: {'token': 36}
2019-06-26 12:11:44,257 - DEBUG - tty.usbmodem0006822145041: RX: 0784ab0025000000
2019-06-26 12:11:44,257 - DEBUG - tty.usbmodem0006822145041: parsed_packet {event: CmdRsp, data: {'opcode': 171, 'status': 0, 'data': bytearray(b'%\x00\x00\x00')}}
2019-06-26 12:11:44,257 - INFO - tty.usbmodem0006822145041: PacketSend: {'token': 37}
2019-06-26 12:11:44,258 - DEBUG - tty.usbmodem0006822145041: RX: 05d224000000
2019-06-26 12:11:44,258 - DEBUG - tty.usbmodem0006822145041: parsed_packet {event: MeshTxComplete, data: {'token': 36}}
2019-06-26 12:11:44,258 - INFO - tty.usbmodem0006822145041: {event: MeshTxComplete, data: {'token': 36}}
2019-06-26 12:11:44,323 - DEBUG - tty.usbmodem0006822145041: RX: 05d225000000
2019-06-26 12:11:44,323 - DEBUG - tty.usbmodem0006822145041: parsed_packet {event: MeshTxComplete, data: {'token': 37}}
2019-06-26 12:11:44,323 - INFO - tty.usbmodem0006822145041: {event: MeshTxComplete, data: {'token': 37}}
2019-06-26 12:11:45,023 - DEBUG - tty.usbmodem0006822145041.ConfigurationClient: Sending opcode: 8008, data: 00
2019-06-26 12:11:45,024 - DEBUG - tty.usbmodem0006822145041.ConfigurationClient: Sending opcode: 00, data: 0000004f68ad85d9f48ac8589df665b6b49b8a
2019-06-26 12:11:45,024 - DEBUG - tty.usbmodem0006822145041: Writing: 171 bytearray(b'\x08\x00\x01\x00\x00\x00\x08\x00\x00\x00\x80\x08\x00')
2019-06-26 12:11:45,024 - DEBUG - tty.usbmodem0006822145041: TX: 0eab08000100000008000000800800
2019-06-26 12:11:45,024 - DEBUG - tty.usbmodem0006822145041: Writing: 171 bytearray(b'\x08\x00\x01\x00\x00\x00\x08\x00\x00\x00\x00\x00\x00\x00Oh\xad\x85\xd9\xf4\x8a\xc8X\x9d\xf6e\xb6\xb4\x9b\x8a')
2019-06-26 12:11:45,024 - DEBUG - tty.usbmodem0006822145041: TX: 1fab08000100000008000000000000004f68ad85d9f48ac8589df665b6b49b8a
2019-06-26 12:11:45,028 - DEBUG - tty.usbmodem0006822145041: RX: 0784ab0026000000
2019-06-26 12:11:45,028 - DEBUG - tty.usbmodem0006822145041: parsed_packet {event: CmdRsp, data: {'opcode': 171, 'status': 0, 'data': bytearray(b'&\x00\x00\x00')}}
2019-06-26 12:11:45,033 - INFO - tty.usbmodem0006822145041: PacketSend: {'token': 38}
2019-06-26 12:11:45,033 - DEBUG - tty.usbmodem0006822145041: RX: 0784ab0027000000
2019-06-26 12:11:45,034 - DEBUG - tty.usbmodem0006822145041: parsed_packet {event: CmdRsp, data: {'opcode': 171, 'status': 0, 'data': bytearray(b"\'\x00\x00\x00")}}
2019-06-26 12:11:45,036 - INFO - tty.usbmodem0006822145041: PacketSend: {'token': 39}
2019-06-26 12:11:45,036 - DEBUG - tty.usbmodem0006822145041: RX: 05d226000000
2019-06-26 12:11:45,036 - DEBUG - tty.usbmodem0006822145041: parsed_packet {event: MeshTxComplete, data: {'token': 38}}
2019-06-26 12:11:45,037 - INFO - tty.usbmodem0006822145041: {event: MeshTxComplete, data: {'token': 38}}
2019-06-26 12:11:45,093 - DEBUG - tty.usbmodem0006822145041: RX: 05d227000000
2019-06-26 12:11:45,093 - DEBUG - tty.usbmodem0006822145041: parsed_packet {event: MeshTxComplete, data: {'token': 39}}
2019-06-26 12:11:45,093 - INFO - tty.usbmodem0006822145041: {event: MeshTxComplete, data: {'token': 39}}
2019-06-26 12:11:45,473 - DEBUG - tty.usbmodem0006822145041.ConfigurationClient: Sending opcode: 8008, data: 00
2019-06-26 12:11:45,473 - DEBUG - tty.usbmodem0006822145041.ConfigurationClient: Sending opcode: 00, data: 0000004f68ad85d9f48ac8589df665b6b49b8a
2019-06-26 12:11:45,473 - DEBUG - tty.usbmodem0006822145041: Writing: 171 bytearray(b'\x08\x00\x01\x00\x00\x00\x08\x00\x00\x00\x80\x08\x00')
2019-06-26 12:11:45,473 - DEBUG - tty.usbmodem0006822145041: TX: 0eab08000100000008000000800800
2019-06-26 12:11:45,474 - DEBUG - tty.usbmodem0006822145041: Writing: 171 bytearray(b'\x08\x00\x01\x00\x00\x00\x08\x00\x00\x00\x00\x00\x00\x00Oh\xad\x85\xd9\xf4\x8a\xc8X\x9d\xf6e\xb6\xb4\x9b\x8a')
2019-06-26 12:11:45,474 - DEBUG - tty.usbmodem0006822145041: TX: 1fab08000100000008000000000000004f68ad85d9f48ac8589df665b6b49b8a
2019-06-26 12:11:45,477 - DEBUG - tty.usbmodem0006822145041: RX: 0784ab0028000000
2019-06-26 12:11:45,477 - DEBUG - tty.usbmodem0006822145041: parsed_packet {event: CmdRsp, data: {'opcode': 171, 'status': 0, 'data': bytearray(b'(\x00\x00\x00')}}
2019-06-26 12:11:45,482 - INFO - tty.usbmodem0006822145041: PacketSend: {'token': 40}
2019-06-26 12:11:45,483 - DEBUG - tty.usbmodem0006822145041: RX: 0784ab0029000000
2019-06-26 12:11:45,483 - DEBUG - tty.usbmodem0006822145041: parsed_packet {event: CmdRsp, data: {'opcode': 171, 'status': 0, 'data': bytearray(b')\x00\x00\x00')}}
2019-06-26 12:11:45,483 - INFO - tty.usbmodem0006822145041: PacketSend: {'token': 41}
2019-06-26 12:11:45,484 - DEBUG - tty.usbmodem0006822145041: RX: 05d228000000
2019-06-26 12:11:45,484 - DEBUG - tty.usbmodem0006822145041: parsed_packet {event: MeshTxComplete, data: {'token': 40}}
2019-06-26 12:11:45,484 - INFO - tty.usbmodem0006822145041: {event: MeshTxComplete, data: {'token': 40}}
2019-06-26 12:11:45,553 - DEBUG - tty.usbmodem0006822145041: RX: 05d229000000
2019-06-26 12:11:45,553 - DEBUG - tty.usbmodem0006822145041: parsed_packet {event: MeshTxComplete, data: {'token': 41}}
2019-06-26 12:11:45,554 - INFO - tty.usbmodem0006822145041: {event: MeshTxComplete, data: {'token': 41}}
2019-06-26 12:11:46,014 - DEBUG - tty.usbmodem0006822145041.ConfigurationClient: Sending opcode: 8008, data: 00
2019-06-26 12:11:46,014 - DEBUG - tty.usbmodem0006822145041.ConfigurationClient: Sending opcode: 00, data: 0000004f68ad85d9f48ac8589df665b6b49b8a
2019-06-26 12:11:46,014 - DEBUG - tty.usbmodem0006822145041: Writing: 171 bytearray(b'\x08\x00\x01\x00\x00\x00\x08\x00\x00\x00\x80\x08\x00')
2019-06-26 12:11:46,015 - DEBUG - tty.usbmodem0006822145041: TX: 0eab08000100000008000000800800
2019-06-26 12:11:46,015 - DEBUG - tty.usbmodem0006822145041: Writing: 171 bytearray(b'\x08\x00\x01\x00\x00\x00\x08\x00\x00\x00\x00\x00\x00\x00Oh\xad\x85\xd9\xf4\x8a\xc8X\x9d\xf6e\xb6\xb4\x9b\x8a')
2019-06-26 12:11:46,015 - DEBUG - tty.usbmodem0006822145041: TX: 1fab08000100000008000000000000004f68ad85d9f48ac8589df665b6b49b8a
2019-06-26 12:11:46,019 - DEBUG - tty.usbmodem0006822145041: RX: 0784ab002a000000
2019-06-26 12:11:46,019 - DEBUG - tty.usbmodem0006822145041: parsed_packet {event: CmdRsp, data: {'opcode': 171, 'status': 0, 'data': bytearray(b'*\x00\x00\x00')}}
2019-06-26 12:11:46,025 - INFO - tty.usbmodem0006822145041: PacketSend: {'token': 42}
2019-06-26 12:11:46,026 - DEBUG - tty.usbmodem0006822145041: RX: 0784ab002b000000
2019-06-26 12:11:46,026 - DEBUG - tty.usbmodem0006822145041: parsed_packet {event: CmdRsp, data: {'opcode': 171, 'status': 0, 'data': bytearray(b'+\x00\x00\x00')}}
2019-06-26 12:11:46,026 - INFO - tty.usbmodem0006822145041: PacketSend: {'token': 43}
2019-06-26 12:11:46,032 - DEBUG - tty.usbmodem0006822145041: RX: 05d22a000000
2019-06-26 12:11:46,032 - DEBUG - tty.usbmodem0006822145041: parsed_packet {event: MeshTxComplete, data: {'token': 42}}
2019-06-26 12:11:46,033 - INFO - tty.usbmodem0006822145041: {event: MeshTxComplete, data: {'token': 42}}
2019-06-26 12:11:46,097 - DEBUG - tty.usbmodem0006822145041: RX: 05d22b000000
2019-06-26 12:11:46,097 - DEBUG - tty.usbmodem0006822145041: parsed_packet {event: MeshTxComplete, data: {'token': 43}}
2019-06-26 12:11:46,098 - INFO - tty.usbmodem0006822145041: {event: MeshTxComplete, data: {'token': 43}}
2019-06-26 12:11:46,504 - DEBUG - tty.usbmodem0006822145041.ConfigurationClient: Sending opcode: 8008, data: 00
2019-06-26 12:11:46,505 - DEBUG - tty.usbmodem0006822145041.ConfigurationClient: Sending opcode: 00, data: 0000004f68ad85d9f48ac8589df665b6b49b8a
2019-06-26 12:11:46,505 - DEBUG - tty.usbmodem0006822145041: Writing: 171 bytearray(b'\x08\x00\x01\x00\x00\x00\x08\x00\x00\x00\x80\x08\x00')
2019-06-26 12:11:46,505 - DEBUG - tty.usbmodem0006822145041: TX: 0eab08000100000008000000800800
2019-06-26 12:11:46,505 - DEBUG - tty.usbmodem0006822145041: Writing: 171 bytearray(b'\x08\x00\x01\x00\x00\x00\x08\x00\x00\x00\x00\x00\x00\x00Oh\xad\x85\xd9\xf4\x8a\xc8X\x9d\xf6e\xb6\xb4\x9b\x8a')
2019-06-26 12:11:46,506 - DEBUG - tty.usbmodem0006822145041: TX: 1fab08000100000008000000000000004f68ad85d9f48ac8589df665b6b49b8a
2019-06-26 12:11:46,509 - DEBUG - tty.usbmodem0006822145041: RX: 0784ab002c000000
2019-06-26 12:11:46,509 - DEBUG - tty.usbmodem0006822145041: parsed_packet {event: CmdRsp, data: {'opcode': 171, 'status': 0, 'data': bytearray(b',\x00\x00\x00')}}
2019-06-26 12:11:46,514 - INFO - tty.usbmodem0006822145041: PacketSend: {'token': 44}
2019-06-26 12:11:46,514 - DEBUG - tty.usbmodem0006822145041: RX: 0784ab002d000000
2019-06-26 12:11:46,515 - DEBUG - tty.usbmodem0006822145041: parsed_packet {event: CmdRsp, data: {'opcode': 171, 'status': 0, 'data': bytearray(b'-\x00\x00\x00')}}
2019-06-26 12:11:46,515 - INFO - tty.usbmodem0006822145041: PacketSend: {'token': 45}
2019-06-26 12:11:46,521 - DEBUG - tty.usbmodem0006822145041: RX: 05d22c000000
2019-06-26 12:11:46,521 - DEBUG - tty.usbmodem0006822145041: parsed_packet {event: MeshTxComplete, data: {'token': 44}}
2019-06-26 12:11:46,521 - INFO - tty.usbmodem0006822145041: {event: MeshTxComplete, data: {'token': 44}}
2019-06-26 12:11:46,578 - DEBUG - tty.usbmodem0006822145041: RX: 05d22d000000
2019-06-26 12:11:46,578 - DEBUG - tty.usbmodem0006822145041: parsed_packet {event: MeshTxComplete, data: {'token': 45}}
2019-06-26 12:11:46,578 - INFO - tty.usbmodem0006822145041: {event: MeshTxComplete, data: {'token': 45}}
2019-06-26 12:11:50,812 - DEBUG - tty.usbmodem0006822145041.ConfigurationClient: Sending opcode: 8008, data: 00
2019-06-26 12:11:50,813 - DEBUG - tty.usbmodem0006822145041.ConfigurationClient: Sending opcode: 00, data: 0000004f68ad85d9f48ac8589df665b6b49b8a
2019-06-26 12:11:50,813 - DEBUG - tty.usbmodem0006822145041: Writing: 171 bytearray(b'\x08\x00\x01\x00\x00\x00\x08\x00\x00\x00\x80\x08\x00')
2019-06-26 12:11:50,813 - DEBUG - tty.usbmodem0006822145041: TX: 0eab08000100000008000000800800
2019-06-26 12:11:50,813 - DEBUG - tty.usbmodem0006822145041: Writing: 171 bytearray(b'\x08\x00\x01\x00\x00\x00\x08\x00\x00\x00\x00\x00\x00\x00Oh\xad\x85\xd9\xf4\x8a\xc8X\x9d\xf6e\xb6\xb4\x9b\x8a')
2019-06-26 12:11:50,813 - DEBUG - tty.usbmodem0006822145041: TX: 1fab08000100000008000000000000004f68ad85d9f48ac8589df665b6b49b8a
2019-06-26 12:11:50,816 - DEBUG - tty.usbmodem0006822145041: RX: 0784ab002e000000
2019-06-26 12:11:50,816 - DEBUG - tty.usbmodem0006822145041: parsed_packet {event: CmdRsp, data: {'opcode': 171, 'status': 0, 'data': bytearray(b'.\x00\x00\x00')}}
2019-06-26 12:11:50,817 - INFO - tty.usbmodem0006822145041: PacketSend: {'token': 46}
2019-06-26 12:11:50,820 - DEBUG - tty.usbmodem0006822145041: RX: 0784ab002f000000
2019-06-26 12:11:50,821 - DEBUG - tty.usbmodem0006822145041: parsed_packet {event: CmdRsp, data: {'opcode': 171, 'status': 0, 'data': bytearray(b'/\x00\x00\x00')}}
2019-06-26 12:11:50,822 - INFO - tty.usbmodem0006822145041: PacketSend: {'token': 47}
2019-06-26 12:11:50,823 - DEBUG - tty.usbmodem0006822145041: RX: 05d22e000000
2019-06-26 12:11:50,823 - DEBUG - tty.usbmodem0006822145041: parsed_packet {event: MeshTxComplete, data: {'token': 46}}
2019-06-26 12:11:50,823 - INFO - tty.usbmodem0006822145041: {event: MeshTxComplete, data: {'token': 46}}
2019-06-26 12:11:50,887 - DEBUG - tty.usbmodem0006822145041: RX: 05d22f000000
2019-06-26 12:11:50,887 - DEBUG - tty.usbmodem0006822145041: parsed_packet {event: MeshTxComplete, data: {'token': 47}}
2019-06-26 12:11:50,888 - INFO - tty.usbmodem0006822145041: {event: MeshTxComplete, data: {'token': 47}}
