2019-08-09 19:24:09,964 - DEBUG - tty.usbmodem0006822145041: Writing: 105 bytearray(b'\xe8\x94M\x08\xe7Y\xf9\xab\xab\x90\rL"w\x146\xd9\xe7w`\xaa\xc3\tp\xaa[2\x160\xc5\xaa\xe2\xce\xd7\xddg\x9f\xb8L\xb0\xaf\x83\xb5\xb9\x9en.U\xca\x8a\xd4\x19*\xe4\xdcbx\xf3\x1c\x84\xaa\xcbh\xd4\xc4\x99\xdcb\xce+\xaa\xea\x89\xc1\xcf\x0e\xa8\xb94X\xd2\x80\x8e\xb9\x8c\x88\xda$\x15<\x1f\xaev\x9c\xa0\xca')
2019-08-09 19:24:09,968 - DEBUG - tty.usbmodem0006822145041: TX: 6169e8944d08e759f9abab900d4c22771436d9e77760aac30970aa5b321630c5aae2ced7dd679fb84cb0af83b5b99e6e2e55ca8ad4192ae4dc6278f31c84aacb68d4c499dc62ce2baaea89c1cf0ea8b93458d2808eb98c88da24153c1fae769ca0ca
2019-08-09 19:24:09,982 - DEBUG - tty.usbmodem0006822145041: RX: 03845384
2019-08-09 19:24:09,984 - DEBUG - tty.usbmodem0006822145041: parsed_packet {event: CmdRsp, data: {'opcode': 83, 'status': 132, 'data': bytearray(b'')}}
2019-08-09 19:24:09,984 - ERROR - tty.usbmodem0006822145041: None: ERROR_INVALID_LENGTH
2019-08-09 19:24:09,985 - DEBUG - tty.usbmodem0006822145041: RX: 03840084
2019-08-09 19:24:09,985 - DEBUG - tty.usbmodem0006822145041: parsed_packet {event: CmdRsp, data: {'opcode': 0, 'status': 132, 'data': bytearray(b'')}}
2019-08-09 19:24:09,985 - ERROR - tty.usbmodem0006822145041: None: ERROR_INVALID_LENGTH
2019-08-09 19:24:09,998 - DEBUG - tty.usbmodem0006822145041: RX: 03840084
2019-08-09 19:24:10,004 - DEBUG - tty.usbmodem0006822145041: parsed_packet {event: CmdRsp, data: {'opcode': 0, 'status': 132, 'data': bytearray(b'')}}
2019-08-09 19:24:10,010 - DEBUG - tty.usbmodem0006822145041: Writing: 159 bytearray(b'\x01\x00\x01\x00')
2019-08-09 19:24:10,011 - ERROR - tty.usbmodem0006822145041: None: ERROR_INVALID_LENGTH
2019-08-09 19:24:10,011 - DEBUG - tty.usbmodem0006822145041: TX: 059f01000100
2019-08-09 19:24:10,014 - DEBUG - tty.usbmodem0006822145041: RX: 03840084
2019-08-09 19:24:10,017 - DEBUG - tty.usbmodem0006822145041: parsed_packet {event: CmdRsp, data: {'opcode': 0, 'status': 132, 'data': bytearray(b'')}}
2019-08-09 19:24:10,018 - ERROR - tty.usbmodem0006822145041: None: ERROR_INVALID_LENGTH
2019-08-09 19:24:10,020 - DEBUG - tty.usbmodem0006822145041: RX: 03840084
2019-08-09 19:24:10,022 - DEBUG - tty.usbmodem0006822145041: parsed_packet {event: CmdRsp, data: {'opcode': 0, 'status': 132, 'data': bytearray(b'')}}
2019-08-09 19:24:10,022 - ERROR - tty.usbmodem0006822145041: None: ERROR_INVALID_LENGTH
2019-08-09 19:24:10,024 - DEBUG - tty.usbmodem0006822145041: RX: 03840084
2019-08-09 19:24:10,028 - DEBUG - tty.usbmodem0006822145041: parsed_packet {event: CmdRsp, data: {'opcode': 0, 'status': 132, 'data': bytearray(b'')}}
2019-08-09 19:24:10,029 - ERROR - tty.usbmodem0006822145041: None: ERROR_INVALID_LENGTH
2019-08-09 19:24:10,036 - DEBUG - tty.usbmodem0006822145041: RX: 03840084
2019-08-09 19:24:10,037 - DEBUG - tty.usbmodem0006822145041: parsed_packet {event: CmdRsp, data: {'opcode': 0, 'status': 132, 'data': bytearray(b'')}}
2019-08-09 19:24:10,037 - DEBUG - tty.usbmodem0006822145041: Writing: 146 bytearray(b'\x00\x00\x18\xee\xd9\xc2\xa5j\xdd\x85\x04\x9f\xfc<Y\xad\x0e\x12')
2019-08-09 19:24:10,037 - ERROR - tty.usbmodem0006822145041: None: ERROR_INVALID_LENGTH
2019-08-09 19:24:10,038 - DEBUG - tty.usbmodem0006822145041: TX: 1392000018eed9c2a56add85049ffc3c59ad0e12
2019-08-09 19:24:10,039 - DEBUG - tty.usbmodem0006822145041: RX: 03840084
2019-08-09 19:24:10,039 - DEBUG - tty.usbmodem0006822145041: parsed_packet {event: CmdRsp, data: {'opcode': 0, 'status': 132, 'data': bytearray(b'')}}
2019-08-09 19:24:10,040 - ERROR - tty.usbmodem0006822145041: None: ERROR_INVALID_LENGTH
2019-08-09 19:24:10,040 - DEBUG - tty.usbmodem0006822145041: RX: 03840084
2019-08-09 19:24:10,063 - DEBUG - tty.usbmodem0006822145041: parsed_packet {event: CmdRsp, data: {'opcode': 0, 'status': 132, 'data': bytearray(b'')}}
2019-08-09 19:24:10,064 - ERROR - tty.usbmodem0006822145041: None: ERROR_INVALID_LENGTH
2019-08-09 19:24:10,063 - DEBUG - tty.usbmodem0006822145041: Writing: 151 bytearray(b'\x00\x00\x00\x00Oh\xad\x85\xd9\xf4\x8a\xc8X\x9d\xf6e\xb6\xb4\x9b\x8a')
2019-08-09 19:24:10,087 - DEBUG - tty.usbmodem0006822145041: TX: 1597000000004f68ad85d9f48ac8589df665b6b49b8a
2019-08-09 19:24:10,099 - DEBUG - tty.usbmodem0006822145041: RX: 03840084
2019-08-09 19:24:10,099 - DEBUG - tty.usbmodem0006822145041: parsed_packet {event: CmdRsp, data: {'opcode': 0, 'status': 132, 'data': bytearray(b'')}}
2019-08-09 19:24:10,099 - ERROR - tty.usbmodem0006822145041: None: ERROR_INVALID_LENGTH
2019-08-09 19:24:10,110 - DEBUG - tty.usbmodem0006822145041: RX: 03840084
2019-08-09 19:24:10,110 - DEBUG - tty.usbmodem0006822145041: parsed_packet {event: CmdRsp, data: {'opcode': 0, 'status': 132, 'data': bytearray(b'')}}
2019-08-09 19:24:10,110 - ERROR - tty.usbmodem0006822145041: None: ERROR_INVALID_LENGTH
2019-08-09 19:24:10,116 - DEBUG - tty.usbmodem0006822145041: RX: 03840084
2019-08-09 19:24:10,121 - DEBUG - tty.usbmodem0006822145041: parsed_packet {event: CmdRsp, data: {'opcode': 0, 'status': 132, 'data': bytearray(b'')}}
2019-08-09 19:24:10,121 - ERROR - tty.usbmodem0006822145041: None: ERROR_INVALID_LENGTH
2019-08-09 19:24:10,122 - DEBUG - tty.usbmodem0006822145041: RX: 03840084
2019-08-09 19:24:10,122 - DEBUG - tty.usbmodem0006822145041: parsed_packet {event: CmdRsp, data: {'opcode': 0, 'status': 132, 'data': bytearray(b'')}}
2019-08-09 19:24:10,122 - ERROR - tty.usbmodem0006822145041: None: ERROR_INVALID_LENGTH
2019-08-09 19:24:10,124 - DEBUG - tty.usbmodem0006822145041: RX: 03849f8e
2019-08-09 19:24:10,124 - DEBUG - tty.usbmodem0006822145041: parsed_packet {event: CmdRsp, data: {'opcode': 159, 'status': 142, 'data': bytearray(b'')}}
2019-08-09 19:24:10,125 - ERROR - tty.usbmodem0006822145041: None: ERROR_REJECTED
2019-08-09 19:24:10,125 - DEBUG - tty.usbmodem0006822145041: RX: 03849281
2019-08-09 19:24:10,125 - DEBUG - tty.usbmodem0006822145041: parsed_packet {event: CmdRsp, data: {'opcode': 146, 'status': 129, 'data': bytearray(b'')}}
2019-08-09 19:24:10,127 - ERROR - tty.usbmodem0006822145041: SubnetAdd: ERROR_INTERNAL
2019-08-09 19:24:10,128 - DEBUG - tty.usbmodem0006822145041: Writing: 151 bytearray(b'\x01\x00\x00\x00*\xa2\xa6\xde\xd5\xa0y\x8c\xea\xb5x|\xa3\xae9\xfc')
2019-08-09 19:24:10,128 - DEBUG - tty.usbmodem0006822145041: TX: 1597010000002aa2a6ded5a0798ceab5787ca3ae39fc
2019-08-09 19:24:10,131 - DEBUG - tty.usbmodem0006822145041: RX: 03849781
2019-08-09 19:24:10,132 - DEBUG - tty.usbmodem0006822145041: parsed_packet {event: CmdRsp, data: {'opcode': 151, 'status': 129, 'data': bytearray(b'')}}
2019-08-09 19:24:10,132 - ERROR - tty.usbmodem0006822145041: AppkeyAdd: ERROR_INTERNAL
2019-08-09 19:24:10,167 - DEBUG - tty.usbmodem0006822145041: RX: 03849781
2019-08-09 19:24:10,167 - DEBUG - tty.usbmodem0006822145041: parsed_packet {event: CmdRsp, data: {'opcode': 151, 'status': 129, 'data': bytearray(b'')}}
2019-08-09 19:24:10,168 - ERROR - tty.usbmodem0006822145041: AppkeyAdd: ERROR_INTERNAL
2019-08-09 19:25:13,437 - DEBUG - tty.usbmodem0006822145041: exited read event
