2019-07-29 18:40:49,791 - DEBUG - tty.usbmodem0006822145041: Writing: 14 bytearray(b'')
2019-07-29 18:40:49,791 - DEBUG - tty.usbmodem0006822145041: TX: 010e
2019-07-29 18:40:50,210 - DEBUG - tty.usbmodem0006822145041: RX: 04810200fe
2019-07-29 18:40:50,210 - DEBUG - tty.usbmodem0006822145041: parsed_packet {event: DeviceStarted, data: {'operating_mode': 2, 'hw_error': 0, 'data_credit_available': 254}}
2019-07-29 18:40:50,210 - INFO - tty.usbmodem0006822145041: Device rebooted.
2019-07-29 18:40:50,359 - DEBUG - tty.usbmodem0006822145041: Writing: 105 bytearray(b'\xed\xb3\x06\xc3\x1d\x0f0\x12\'\xe6\xf1"\xab\x81\xeewn\x17\xd9G3_\xfcHXe"\x85\xf2\xcf\x15v\xcd=\xb5/E\xa0\x10#Z\xba\xc4\xc7\xbe:\x1dD pG61\x97\xe3\xa1\xac6\xd0\x86W\x11\xe0\xae\xf3\xfa\xe5\xd1<\xb8\xbeo\x03\x88\xdfh\x9aS\x0c\xbc7X<\x12\xba\x9768\x18Y\xbc\xa7\xed\xbc\x1ed')
2019-07-29 18:40:50,362 - DEBUG - tty.usbmodem0006822145041: TX: 6169edb306c31d0f301227e6f122ab81ee776e17d947335ffc4858652285f2cf1576cd3db52f45a010235abac4c7be3a1d44207047363197e3a1ac36d0865711e0aef3fae5d13cb8be6f0388df689a530cbc37583c12ba9736381859bca7edbc1e64
2019-07-29 18:40:50,367 - INFO - tty.usbmodem0006822145041: 

2019-07-29 18:40:50,368 - INFO - tty.usbmodem0006822145041: Sending next message
2019-07-29 18:40:50,372 - DEBUG - tty.usbmodem0006822145041: RX: 03845384
2019-07-29 18:40:50,372 - DEBUG - tty.usbmodem0006822145041: parsed_packet {event: CmdRsp, data: {'opcode': 83, 'status': 132, 'data': bytearray(b'')}}
2019-07-29 18:40:50,372 - DEBUG - tty.usbmodem0006822145041: Writing: 159 bytearray(b'\x01\x00\x01\x00')
2019-07-29 18:40:50,372 - ERROR - tty.usbmodem0006822145041: None: ERROR_INVALID_LENGTH
2019-07-29 18:40:50,372 - DEBUG - tty.usbmodem0006822145041: TX: 059f01000100
2019-07-29 18:40:50,373 - DEBUG - tty.usbmodem0006822145041: RX: 03840084
2019-07-29 18:40:50,373 - DEBUG - tty.usbmodem0006822145041: parsed_packet {event: CmdRsp, data: {'opcode': 0, 'status': 132, 'data': bytearray(b'')}}
2019-07-29 18:40:50,373 - DEBUG - tty.usbmodem0006822145041: Writing: 146 bytearray(b'\x00\x00\x18\xee\xd9\xc2\xa5j\xdd\x85\x04\x9f\xfc<Y\xad\x0e\x12')
2019-07-29 18:40:50,373 - DEBUG - tty.usbmodem0006822145041: TX: 1392000018eed9c2a56add85049ffc3c59ad0e12
2019-07-29 18:40:50,373 - ERROR - tty.usbmodem0006822145041: None: ERROR_INVALID_LENGTH
2019-07-29 18:40:50,374 - DEBUG - tty.usbmodem0006822145041: RX: 03840084
2019-07-29 18:40:50,375 - DEBUG - tty.usbmodem0006822145041: parsed_packet {event: CmdRsp, data: {'opcode': 0, 'status': 132, 'data': bytearray(b'')}}
2019-07-29 18:40:50,375 - ERROR - tty.usbmodem0006822145041: None: ERROR_INVALID_LENGTH
2019-07-29 18:40:50,375 - DEBUG - tty.usbmodem0006822145041: Writing: 151 bytearray(b'\x00\x00\x00\x00Oh\xad\x85\xd9\xf4\x8a\xc8X\x9d\xf6e\xb6\xb4\x9b\x8a')
2019-07-29 18:40:50,375 - DEBUG - tty.usbmodem0006822145041: RX: 03840084
2019-07-29 18:40:50,376 - DEBUG - tty.usbmodem0006822145041: TX: 1597000000004f68ad85d9f48ac8589df665b6b49b8a
2019-07-29 18:40:50,376 - DEBUG - tty.usbmodem0006822145041: parsed_packet {event: CmdRsp, data: {'opcode': 0, 'status': 132, 'data': bytearray(b'')}}
2019-07-29 18:40:50,376 - DEBUG - tty.usbmodem0006822145041: Writing: 151 bytearray(b'\x01\x00\x00\x00*\xa2\xa6\xde\xd5\xa0y\x8c\xea\xb5x|\xa3\xae9\xfc')
2019-07-29 18:40:50,376 - ERROR - tty.usbmodem0006822145041: None: ERROR_INVALID_LENGTH
2019-07-29 18:40:50,376 - DEBUG - tty.usbmodem0006822145041: TX: 1597010000002aa2a6ded5a0798ceab5787ca3ae39fc
2019-07-29 18:40:50,377 - DEBUG - tty.usbmodem0006822145041: RX: 03840084
2019-07-29 18:40:50,377 - DEBUG - tty.usbmodem0006822145041: parsed_packet {event: CmdRsp, data: {'opcode': 0, 'status': 132, 'data': bytearray(b'')}}
2019-07-29 18:40:50,377 - DEBUG - tty.usbmodem0006822145041: Writing: 161 bytearray(b'\x01\xc0')
2019-07-29 18:40:50,377 - DEBUG - tty.usbmodem0006822145041: TX: 03a101c0
2019-07-29 18:40:50,377 - ERROR - tty.usbmodem0006822145041: None: ERROR_INVALID_LENGTH
2019-07-29 18:40:50,378 - DEBUG - tty.usbmodem0006822145041: RX: 03840084
2019-07-29 18:40:50,378 - DEBUG - tty.usbmodem0006822145041: parsed_packet {event: CmdRsp, data: {'opcode': 0, 'status': 132, 'data': bytearray(b'')}}
2019-07-29 18:40:50,378 - ERROR - tty.usbmodem0006822145041: None: ERROR_INVALID_LENGTH
2019-07-29 18:40:50,378 - DEBUG - tty.usbmodem0006822145041: RX: 03840084
2019-07-29 18:40:50,378 - DEBUG - tty.usbmodem0006822145041: parsed_packet {event: CmdRsp, data: {'opcode': 0, 'status': 132, 'data': bytearray(b'')}}
2019-07-29 18:40:50,378 - ERROR - tty.usbmodem0006822145041: None: ERROR_INVALID_LENGTH
2019-07-29 18:40:50,379 - DEBUG - tty.usbmodem0006822145041: RX: 03840084
2019-07-29 18:40:50,379 - DEBUG - tty.usbmodem0006822145041: parsed_packet {event: CmdRsp, data: {'opcode': 0, 'status': 132, 'data': bytearray(b'')}}
2019-07-29 18:40:50,379 - ERROR - tty.usbmodem0006822145041: None: ERROR_INVALID_LENGTH
2019-07-29 18:40:50,379 - DEBUG - tty.usbmodem0006822145041: RX: 03840084
2019-07-29 18:40:50,379 - DEBUG - tty.usbmodem0006822145041: parsed_packet {event: CmdRsp, data: {'opcode': 0, 'status': 132, 'data': bytearray(b'')}}
2019-07-29 18:40:50,379 - ERROR - tty.usbmodem0006822145041: None: ERROR_INVALID_LENGTH
2019-07-29 18:40:50,379 - DEBUG - tty.usbmodem0006822145041: RX: 03840084
2019-07-29 18:40:50,379 - DEBUG - tty.usbmodem0006822145041: parsed_packet {event: CmdRsp, data: {'opcode': 0, 'status': 132, 'data': bytearray(b'')}}
2019-07-29 18:40:50,379 - ERROR - tty.usbmodem0006822145041: None: ERROR_INVALID_LENGTH
2019-07-29 18:40:50,379 - DEBUG - tty.usbmodem0006822145041: RX: 03840084
2019-07-29 18:40:50,380 - DEBUG - tty.usbmodem0006822145041: parsed_packet {event: CmdRsp, data: {'opcode': 0, 'status': 132, 'data': bytearray(b'')}}
2019-07-29 18:40:50,380 - ERROR - tty.usbmodem0006822145041: None: ERROR_INVALID_LENGTH
2019-07-29 18:40:50,380 - DEBUG - tty.usbmodem0006822145041: RX: 03840084
2019-07-29 18:40:50,380 - DEBUG - tty.usbmodem0006822145041: parsed_packet {event: CmdRsp, data: {'opcode': 0, 'status': 132, 'data': bytearray(b'')}}
2019-07-29 18:40:50,380 - ERROR - tty.usbmodem0006822145041: None: ERROR_INVALID_LENGTH
2019-07-29 18:40:50,380 - DEBUG - tty.usbmodem0006822145041: RX: 03840084
2019-07-29 18:40:50,380 - DEBUG - tty.usbmodem0006822145041: parsed_packet {event: CmdRsp, data: {'opcode': 0, 'status': 132, 'data': bytearray(b'')}}
2019-07-29 18:40:50,380 - ERROR - tty.usbmodem0006822145041: None: ERROR_INVALID_LENGTH
2019-07-29 18:40:50,380 - DEBUG - tty.usbmodem0006822145041: RX: 03849f00
2019-07-29 18:40:50,380 - DEBUG - tty.usbmodem0006822145041: parsed_packet {event: CmdRsp, data: {'opcode': 159, 'status': 0, 'data': bytearray(b'')}}
2019-07-29 18:40:50,380 - INFO - tty.usbmodem0006822145041: Success
2019-07-29 18:40:50,380 - DEBUG - tty.usbmodem0006822145041: RX: 058492000000
2019-07-29 18:40:50,381 - DEBUG - tty.usbmodem0006822145041: parsed_packet {event: CmdRsp, data: {'opcode': 146, 'status': 0, 'data': bytearray(b'\x00\x00')}}
2019-07-29 18:40:50,381 - INFO - tty.usbmodem0006822145041: SubnetAdd: {'subnet_handle': 0}
2019-07-29 18:40:50,381 - DEBUG - tty.usbmodem0006822145041: RX: 058497000000
2019-07-29 18:40:50,381 - DEBUG - tty.usbmodem0006822145041: parsed_packet {event: CmdRsp, data: {'opcode': 151, 'status': 0, 'data': bytearray(b'\x00\x00')}}
2019-07-29 18:40:50,381 - INFO - tty.usbmodem0006822145041: AppkeyAdd: {'appkey_handle': 0}
2019-07-29 18:40:50,382 - DEBUG - tty.usbmodem0006822145041: RX: 058497000100
2019-07-29 18:40:50,383 - DEBUG - tty.usbmodem0006822145041: parsed_packet {event: CmdRsp, data: {'opcode': 151, 'status': 0, 'data': bytearray(b'\x01\x00')}}
2019-07-29 18:40:50,383 - INFO - tty.usbmodem0006822145041: AppkeyAdd: {'appkey_handle': 1}
2019-07-29 18:40:50,384 - DEBUG - tty.usbmodem0006822145041: RX: 0584a1000000
2019-07-29 18:40:50,384 - DEBUG - tty.usbmodem0006822145041: parsed_packet {event: CmdRsp, data: {'opcode': 161, 'status': 0, 'data': bytearray(b'\x00\x00')}}
2019-07-29 18:40:50,384 - INFO - tty.usbmodem0006822145041: AddrSubscriptionAdd: {'address_handle': 0}
2019-07-29 18:40:50,389 - INFO - tty.usbmodem0006822145041: 

2019-07-29 18:40:50,389 - INFO - tty.usbmodem0006822145041: Sending next message
2019-07-29 18:40:50,390 - DEBUG - tty.usbmodem0006822145041: Writing: 164 bytearray(b'\x1e\x00')
2019-07-29 18:40:50,390 - DEBUG - tty.usbmodem0006822145041: TX: 03a41e00
2019-07-29 18:40:50,391 - DEBUG - tty.usbmodem0006822145041: RX: 0584a4000100
2019-07-29 18:40:50,392 - DEBUG - tty.usbmodem0006822145041: parsed_packet {event: CmdRsp, data: {'opcode': 164, 'status': 0, 'data': bytearray(b'\x01\x00')}}
2019-07-29 18:40:50,392 - INFO - tty.usbmodem0006822145041: AddrPublicationAdd: {'address_handle': 1}
2019-07-29 18:40:50,396 - INFO - tty.usbmodem0006822145041: 

2019-07-29 18:40:50,396 - INFO - tty.usbmodem0006822145041: Sending next message
2019-07-29 18:40:50,396 - DEBUG - tty.usbmodem0006822145041: Writing: 164 bytearray(b'\x1f\x00')
2019-07-29 18:40:50,396 - DEBUG - tty.usbmodem0006822145041: TX: 03a41f00
2019-07-29 18:40:50,398 - DEBUG - tty.usbmodem0006822145041: RX: 0584a4000200
2019-07-29 18:40:50,399 - DEBUG - tty.usbmodem0006822145041: parsed_packet {event: CmdRsp, data: {'opcode': 164, 'status': 0, 'data': bytearray(b'\x02\x00')}}
2019-07-29 18:40:50,399 - INFO - tty.usbmodem0006822145041: AddrPublicationAdd: {'address_handle': 2}
2019-07-29 18:40:50,405 - INFO - tty.usbmodem0006822145041: 

2019-07-29 18:40:50,405 - INFO - tty.usbmodem0006822145041: Sending next message
2019-07-29 18:40:50,405 - DEBUG - tty.usbmodem0006822145041: Writing: 164 bytearray(b' \x00')
2019-07-29 18:40:50,405 - DEBUG - tty.usbmodem0006822145041: TX: 03a42000
2019-07-29 18:40:50,407 - DEBUG - tty.usbmodem0006822145041: RX: 0584a4000300
2019-07-29 18:40:50,408 - DEBUG - tty.usbmodem0006822145041: parsed_packet {event: CmdRsp, data: {'opcode': 164, 'status': 0, 'data': bytearray(b'\x03\x00')}}
2019-07-29 18:40:50,408 - INFO - tty.usbmodem0006822145041: AddrPublicationAdd: {'address_handle': 3}
2019-07-29 18:40:50,412 - INFO - tty.usbmodem0006822145041: 

2019-07-29 18:40:50,413 - INFO - tty.usbmodem0006822145041: Sending next message
2019-07-29 18:40:50,413 - DEBUG - tty.usbmodem0006822145041: Writing: 164 bytearray(b'!\x00')
2019-07-29 18:40:50,413 - DEBUG - tty.usbmodem0006822145041: TX: 03a42100
2019-07-29 18:40:50,414 - DEBUG - tty.usbmodem0006822145041: RX: 0584a4000400
2019-07-29 18:40:50,415 - DEBUG - tty.usbmodem0006822145041: parsed_packet {event: CmdRsp, data: {'opcode': 164, 'status': 0, 'data': bytearray(b'\x04\x00')}}
2019-07-29 18:40:50,415 - INFO - tty.usbmodem0006822145041: AddrPublicationAdd: {'address_handle': 4}
2019-07-29 18:40:50,421 - INFO - tty.usbmodem0006822145041: 

2019-07-29 18:40:50,421 - INFO - tty.usbmodem0006822145041: Sending next message
2019-07-29 18:40:50,422 - DEBUG - tty.usbmodem0006822145041: Writing: 164 bytearray(b'"\x00')
2019-07-29 18:40:50,422 - DEBUG - tty.usbmodem0006822145041: TX: 03a42200
2019-07-29 18:40:50,424 - DEBUG - tty.usbmodem0006822145041: RX: 0584a4000500
2019-07-29 18:40:50,424 - DEBUG - tty.usbmodem0006822145041: parsed_packet {event: CmdRsp, data: {'opcode': 164, 'status': 0, 'data': bytearray(b'\x05\x00')}}
2019-07-29 18:40:50,424 - INFO - tty.usbmodem0006822145041: AddrPublicationAdd: {'address_handle': 5}
2019-07-29 18:40:50,429 - INFO - tty.usbmodem0006822145041: 

2019-07-29 18:40:50,429 - INFO - tty.usbmodem0006822145041: Sending next message
2019-07-29 18:40:50,430 - DEBUG - tty.usbmodem0006822145041: Writing: 164 bytearray(b'#\x00')
2019-07-29 18:40:50,430 - DEBUG - tty.usbmodem0006822145041: TX: 03a42300
2019-07-29 18:40:50,432 - DEBUG - tty.usbmodem0006822145041: RX: 0584a4000600
2019-07-29 18:40:50,432 - DEBUG - tty.usbmodem0006822145041: parsed_packet {event: CmdRsp, data: {'opcode': 164, 'status': 0, 'data': bytearray(b'\x06\x00')}}
2019-07-29 18:40:50,432 - INFO - tty.usbmodem0006822145041: AddrPublicationAdd: {'address_handle': 6}
2019-07-29 18:40:50,438 - INFO - tty.usbmodem0006822145041: 

2019-07-29 18:40:50,438 - INFO - tty.usbmodem0006822145041: Sending next message
2019-07-29 18:40:50,438 - DEBUG - tty.usbmodem0006822145041: Writing: 164 bytearray(b'$\x00')
2019-07-29 18:40:50,438 - DEBUG - tty.usbmodem0006822145041: TX: 03a42400
2019-07-29 18:40:50,441 - DEBUG - tty.usbmodem0006822145041: RX: 0584a4000700
2019-07-29 18:40:50,441 - DEBUG - tty.usbmodem0006822145041: parsed_packet {event: CmdRsp, data: {'opcode': 164, 'status': 0, 'data': bytearray(b'\x07\x00')}}
2019-07-29 18:40:50,441 - INFO - tty.usbmodem0006822145041: AddrPublicationAdd: {'address_handle': 7}
2019-07-29 18:40:50,446 - INFO - tty.usbmodem0006822145041: 

2019-07-29 18:40:50,446 - INFO - tty.usbmodem0006822145041: Sending next message
2019-07-29 18:40:50,447 - DEBUG - tty.usbmodem0006822145041: Writing: 164 bytearray(b'%\x00')
2019-07-29 18:40:50,447 - DEBUG - tty.usbmodem0006822145041: TX: 03a42500
2019-07-29 18:40:50,449 - DEBUG - tty.usbmodem0006822145041: RX: 0584a4000800
2019-07-29 18:40:50,449 - DEBUG - tty.usbmodem0006822145041: parsed_packet {event: CmdRsp, data: {'opcode': 164, 'status': 0, 'data': bytearray(b'\x08\x00')}}
2019-07-29 18:40:50,449 - INFO - tty.usbmodem0006822145041: AddrPublicationAdd: {'address_handle': 8}
2019-07-29 18:40:50,455 - INFO - tty.usbmodem0006822145041: 

2019-07-29 18:40:50,455 - INFO - tty.usbmodem0006822145041: Sending next message
2019-07-29 18:40:50,455 - DEBUG - tty.usbmodem0006822145041: Writing: 164 bytearray(b'&\x00')
2019-07-29 18:40:50,456 - DEBUG - tty.usbmodem0006822145041: TX: 03a42600
2019-07-29 18:40:50,458 - DEBUG - tty.usbmodem0006822145041: RX: 0584a4000900
2019-07-29 18:40:50,458 - DEBUG - tty.usbmodem0006822145041: parsed_packet {event: CmdRsp, data: {'opcode': 164, 'status': 0, 'data': bytearray(b'\t\x00')}}
2019-07-29 18:40:50,458 - INFO - tty.usbmodem0006822145041: AddrPublicationAdd: {'address_handle': 9}
2019-07-29 18:40:50,462 - INFO - tty.usbmodem0006822145041: 

2019-07-29 18:40:50,463 - INFO - tty.usbmodem0006822145041: Sending next message
2019-07-29 18:40:50,463 - DEBUG - tty.usbmodem0006822145041: Writing: 164 bytearray(b"\'\x00")
2019-07-29 18:40:50,463 - DEBUG - tty.usbmodem0006822145041: TX: 03a42700
2019-07-29 18:40:50,464 - DEBUG - tty.usbmodem0006822145041: RX: 0584a4000a00
2019-07-29 18:40:50,465 - DEBUG - tty.usbmodem0006822145041: parsed_packet {event: CmdRsp, data: {'opcode': 164, 'status': 0, 'data': bytearray(b'\n\x00')}}
2019-07-29 18:40:50,465 - INFO - tty.usbmodem0006822145041: AddrPublicationAdd: {'address_handle': 10}
2019-07-29 18:40:50,471 - INFO - tty.usbmodem0006822145041: 

2019-07-29 18:40:50,471 - INFO - tty.usbmodem0006822145041: Sending next message
2019-07-29 18:40:50,471 - DEBUG - tty.usbmodem0006822145041: Writing: 164 bytearray(b'(\x00')
2019-07-29 18:40:50,471 - DEBUG - tty.usbmodem0006822145041: TX: 03a42800
2019-07-29 18:40:50,473 - DEBUG - tty.usbmodem0006822145041: RX: 0584a4000b00
2019-07-29 18:40:50,473 - DEBUG - tty.usbmodem0006822145041: parsed_packet {event: CmdRsp, data: {'opcode': 164, 'status': 0, 'data': bytearray(b'\x0b\x00')}}
2019-07-29 18:40:50,473 - INFO - tty.usbmodem0006822145041: AddrPublicationAdd: {'address_handle': 11}
2019-07-29 18:40:50,478 - INFO - tty.usbmodem0006822145041: 

2019-07-29 18:40:50,478 - INFO - tty.usbmodem0006822145041: Sending next message
2019-07-29 18:40:50,478 - DEBUG - tty.usbmodem0006822145041: Writing: 164 bytearray(b')\x00')
2019-07-29 18:40:50,478 - DEBUG - tty.usbmodem0006822145041: TX: 03a42900
2019-07-29 18:40:50,480 - DEBUG - tty.usbmodem0006822145041: RX: 0584a4000c00
2019-07-29 18:40:50,481 - DEBUG - tty.usbmodem0006822145041: parsed_packet {event: CmdRsp, data: {'opcode': 164, 'status': 0, 'data': bytearray(b'\x0c\x00')}}
2019-07-29 18:40:50,481 - INFO - tty.usbmodem0006822145041: AddrPublicationAdd: {'address_handle': 12}
2019-07-29 18:40:50,487 - INFO - tty.usbmodem0006822145041: 

2019-07-29 18:40:50,487 - INFO - tty.usbmodem0006822145041: Sending next message
2019-07-29 18:40:50,487 - DEBUG - tty.usbmodem0006822145041: Writing: 164 bytearray(b'*\x00')
2019-07-29 18:40:50,487 - DEBUG - tty.usbmodem0006822145041: TX: 03a42a00
2019-07-29 18:40:50,490 - DEBUG - tty.usbmodem0006822145041: RX: 0584a4000d00
2019-07-29 18:40:50,490 - DEBUG - tty.usbmodem0006822145041: parsed_packet {event: CmdRsp, data: {'opcode': 164, 'status': 0, 'data': bytearray(b'\r\x00')}}
2019-07-29 18:40:50,490 - INFO - tty.usbmodem0006822145041: AddrPublicationAdd: {'address_handle': 13}
2019-07-29 18:40:50,495 - INFO - tty.usbmodem0006822145041: 

2019-07-29 18:40:50,495 - INFO - tty.usbmodem0006822145041: Sending next message
2019-07-29 18:40:50,495 - DEBUG - tty.usbmodem0006822145041: Writing: 164 bytearray(b'+\x00')
2019-07-29 18:40:50,495 - DEBUG - tty.usbmodem0006822145041: TX: 03a42b00
2019-07-29 18:40:50,497 - DEBUG - tty.usbmodem0006822145041: RX: 0584a4000e00
2019-07-29 18:40:50,498 - DEBUG - tty.usbmodem0006822145041: parsed_packet {event: CmdRsp, data: {'opcode': 164, 'status': 0, 'data': bytearray(b'\x0e\x00')}}
2019-07-29 18:40:50,498 - INFO - tty.usbmodem0006822145041: AddrPublicationAdd: {'address_handle': 14}
2019-07-29 18:40:50,504 - INFO - tty.usbmodem0006822145041: 

2019-07-29 18:40:50,504 - INFO - tty.usbmodem0006822145041: Sending next message
2019-07-29 18:40:50,504 - DEBUG - tty.usbmodem0006822145041: Writing: 156 bytearray(b'\x1e\x00\x00\x00\xaa\xc3\x15)\x03\xa3\x1f"\x1b\xe3\xbae\xe0\x96xk')
2019-07-29 18:40:50,504 - DEBUG - tty.usbmodem0006822145041: TX: 159c1e000000aac3152903a31f221be3ba65e096786b
2019-07-29 18:40:50,508 - DEBUG - tty.usbmodem0006822145041: RX: 05849c000800
2019-07-29 18:40:50,508 - DEBUG - tty.usbmodem0006822145041: parsed_packet {event: CmdRsp, data: {'opcode': 156, 'status': 0, 'data': bytearray(b'\x08\x00')}}
2019-07-29 18:40:50,508 - INFO - tty.usbmodem0006822145041: DevkeyAdd: {'devkey_handle': 8}
2019-07-29 18:40:50,512 - INFO - tty.usbmodem0006822145041: No Messages remaining
2019-07-29 18:40:54,506 - INFO - tty.usbmodem0006822145041: Timout handler timeout
2019-07-29 18:41:22,514 - DEBUG - tty.usbmodem0006822145041: exited read event
