2019-07-08 15:38:41,860 - DEBUG - tty.usbmodem0006822145041: Writing: 105 bytearray(b"\xec\x85\xdbP\xc0U\xa1\xef\xc7\xd2W\x07U\xa6\xb6\xd8\x02\x07O\xfbW7\xbc\xcazJ\x9cg\x11\xe4\x8f\xb6\xbd\x02\x84V\x8a\xa2U\xbd.\xaf\xe3`\x86\x97\xe8\x92\x06\xd6\xc6\x84\xc9\x12\xaa\x96\x9d\x0f\xcf\xfe4*\x15\xe1\t`\xfeM\xfb1g\x98\xac\xe5>A\'&\xf9\x8a\xf2\x1d\xc5\x8b\x1dg\x17\xb4\xed,S\x9d\xe7t\xd2\xde")
2019-07-08 15:38:41,861 - DEBUG - tty.usbmodem0006822145041: TX: 6169ec85db50c055a1efc7d2570755a6b6d802074ffb5737bcca7a4a9c6711e48fb6bd0284568aa255bd2eafe3608697e89206d6c684c912aa969d0fcffe342a15e10960fe4dfb316798ace53e412726f98af21dc58b1d6717b4ed2c539de774d2de
2019-07-08 15:38:41,870 - DEBUG - tty.usbmodem0006822145041: RX: 03845384
2019-07-08 15:38:41,871 - DEBUG - tty.usbmodem0006822145041: parsed_packet {event: CmdRsp, data: {'opcode': 83, 'status': 132, 'data': bytearray(b'')}}
2019-07-08 15:38:41,872 - ERROR - tty.usbmodem0006822145041: None: ERROR_INVALID_LENGTH
2019-07-08 15:38:41,872 - DEBUG - tty.usbmodem0006822145041: RX: 03840084
2019-07-08 15:38:41,873 - DEBUG - tty.usbmodem0006822145041: parsed_packet {event: CmdRsp, data: {'opcode': 0, 'status': 132, 'data': bytearray(b'')}}
2019-07-08 15:38:41,873 - ERROR - tty.usbmodem0006822145041: None: ERROR_INVALID_LENGTH
2019-07-08 15:38:41,873 - DEBUG - tty.usbmodem0006822145041: RX: 03840084
2019-07-08 15:38:41,874 - DEBUG - tty.usbmodem0006822145041: Writing: 159 bytearray(b'\x01\x00\x01\x00')
2019-07-08 15:38:41,874 - DEBUG - tty.usbmodem0006822145041: parsed_packet {event: CmdRsp, data: {'opcode': 0, 'status': 132, 'data': bytearray(b'')}}
2019-07-08 15:38:41,874 - DEBUG - tty.usbmodem0006822145041: TX: 059f01000100
2019-07-08 15:38:41,874 - ERROR - tty.usbmodem0006822145041: None: ERROR_INVALID_LENGTH
2019-07-08 15:38:41,875 - DEBUG - tty.usbmodem0006822145041: Writing: 146 bytearray(b'\x00\x00\x18\xee\xd9\xc2\xa5j\xdd\x85\x04\x9f\xfc<Y\xad\x0e\x12')
2019-07-08 15:38:41,875 - DEBUG - tty.usbmodem0006822145041: TX: 1392000018eed9c2a56add85049ffc3c59ad0e12
2019-07-08 15:38:41,875 - DEBUG - tty.usbmodem0006822145041: RX: 03840084
2019-07-08 15:38:41,876 - DEBUG - tty.usbmodem0006822145041: parsed_packet {event: CmdRsp, data: {'opcode': 0, 'status': 132, 'data': bytearray(b'')}}
2019-07-08 15:38:41,876 - ERROR - tty.usbmodem0006822145041: None: ERROR_INVALID_LENGTH
2019-07-08 15:38:41,876 - DEBUG - tty.usbmodem0006822145041: Writing: 151 bytearray(b'\x00\x00\x00\x00Oh\xad\x85\xd9\xf4\x8a\xc8X\x9d\xf6e\xb6\xb4\x9b\x8a')
2019-07-08 15:38:41,876 - DEBUG - tty.usbmodem0006822145041: TX: 1597000000004f68ad85d9f48ac8589df665b6b49b8a
2019-07-08 15:38:41,876 - DEBUG - tty.usbmodem0006822145041: RX: 03840084
2019-07-08 15:38:41,877 - DEBUG - tty.usbmodem0006822145041: parsed_packet {event: CmdRsp, data: {'opcode': 0, 'status': 132, 'data': bytearray(b'')}}
2019-07-08 15:38:41,877 - ERROR - tty.usbmodem0006822145041: None: ERROR_INVALID_LENGTH
2019-07-08 15:38:41,877 - DEBUG - tty.usbmodem0006822145041: Writing: 151 bytearray(b'\x01\x00\x00\x00*\xa2\xa6\xde\xd5\xa0y\x8c\xea\xb5x|\xa3\xae9\xfc')
2019-07-08 15:38:41,877 - DEBUG - tty.usbmodem0006822145041: TX: 1597010000002aa2a6ded5a0798ceab5787ca3ae39fc
2019-07-08 15:38:41,877 - DEBUG - tty.usbmodem0006822145041: RX: 03840084
2019-07-08 15:38:41,878 - DEBUG - tty.usbmodem0006822145041: parsed_packet {event: CmdRsp, data: {'opcode': 0, 'status': 132, 'data': bytearray(b'')}}
2019-07-08 15:38:41,878 - ERROR - tty.usbmodem0006822145041: None: ERROR_INVALID_LENGTH
2019-07-08 15:38:41,878 - DEBUG - tty.usbmodem0006822145041: Writing: 164 bytearray(b'\x10\x00')
2019-07-08 15:38:41,878 - DEBUG - tty.usbmodem0006822145041: TX: 03a41000
2019-07-08 15:38:41,878 - DEBUG - tty.usbmodem0006822145041: RX: 03840084
2019-07-08 15:38:41,879 - DEBUG - tty.usbmodem0006822145041: parsed_packet {event: CmdRsp, data: {'opcode': 0, 'status': 132, 'data': bytearray(b'')}}
2019-07-08 15:38:41,879 - ERROR - tty.usbmodem0006822145041: None: ERROR_INVALID_LENGTH
2019-07-08 15:38:41,879 - DEBUG - tty.usbmodem0006822145041: RX: 03840084
2019-07-08 15:38:41,879 - DEBUG - tty.usbmodem0006822145041: parsed_packet {event: CmdRsp, data: {'opcode': 0, 'status': 132, 'data': bytearray(b'')}}
2019-07-08 15:38:41,879 - ERROR - tty.usbmodem0006822145041: None: ERROR_INVALID_LENGTH
2019-07-08 15:38:41,880 - DEBUG - tty.usbmodem0006822145041: RX: 03840084
2019-07-08 15:38:41,880 - DEBUG - tty.usbmodem0006822145041: parsed_packet {event: CmdRsp, data: {'opcode': 0, 'status': 132, 'data': bytearray(b'')}}
2019-07-08 15:38:41,880 - ERROR - tty.usbmodem0006822145041: None: ERROR_INVALID_LENGTH
2019-07-08 15:38:41,880 - DEBUG - tty.usbmodem0006822145041: RX: 03840084
2019-07-08 15:38:41,880 - DEBUG - tty.usbmodem0006822145041: parsed_packet {event: CmdRsp, data: {'opcode': 0, 'status': 132, 'data': bytearray(b'')}}
2019-07-08 15:38:41,880 - ERROR - tty.usbmodem0006822145041: None: ERROR_INVALID_LENGTH
2019-07-08 15:38:41,881 - DEBUG - tty.usbmodem0006822145041: RX: 03840084
2019-07-08 15:38:41,881 - DEBUG - tty.usbmodem0006822145041: parsed_packet {event: CmdRsp, data: {'opcode': 0, 'status': 132, 'data': bytearray(b'')}}
2019-07-08 15:38:41,881 - ERROR - tty.usbmodem0006822145041: None: ERROR_INVALID_LENGTH
2019-07-08 15:38:41,881 - DEBUG - tty.usbmodem0006822145041: RX: 03840084
2019-07-08 15:38:41,881 - DEBUG - tty.usbmodem0006822145041: parsed_packet {event: CmdRsp, data: {'opcode': 0, 'status': 132, 'data': bytearray(b'')}}
2019-07-08 15:38:41,881 - ERROR - tty.usbmodem0006822145041: None: ERROR_INVALID_LENGTH
2019-07-08 15:38:41,882 - DEBUG - tty.usbmodem0006822145041: RX: 03840084
2019-07-08 15:38:41,882 - DEBUG - tty.usbmodem0006822145041: parsed_packet {event: CmdRsp, data: {'opcode': 0, 'status': 132, 'data': bytearray(b'')}}
2019-07-08 15:38:41,882 - ERROR - tty.usbmodem0006822145041: None: ERROR_INVALID_LENGTH
2019-07-08 15:38:41,882 - DEBUG - tty.usbmodem0006822145041: RX: 03849f8e
2019-07-08 15:38:41,882 - DEBUG - tty.usbmodem0006822145041: parsed_packet {event: CmdRsp, data: {'opcode': 159, 'status': 142, 'data': bytearray(b'')}}
2019-07-08 15:38:41,882 - ERROR - tty.usbmodem0006822145041: None: ERROR_REJECTED
2019-07-08 15:38:41,882 - DEBUG - tty.usbmodem0006822145041: RX: 03849281
2019-07-08 15:38:41,883 - DEBUG - tty.usbmodem0006822145041: parsed_packet {event: CmdRsp, data: {'opcode': 146, 'status': 129, 'data': bytearray(b'')}}
2019-07-08 15:38:41,883 - ERROR - tty.usbmodem0006822145041: SubnetAdd: ERROR_INTERNAL
2019-07-08 15:38:41,883 - DEBUG - tty.usbmodem0006822145041: RX: 03849781
2019-07-08 15:38:41,883 - DEBUG - tty.usbmodem0006822145041: parsed_packet {event: CmdRsp, data: {'opcode': 151, 'status': 129, 'data': bytearray(b'')}}
2019-07-08 15:38:41,883 - ERROR - tty.usbmodem0006822145041: AppkeyAdd: ERROR_INTERNAL
2019-07-08 15:38:41,883 - DEBUG - tty.usbmodem0006822145041: RX: 03849781
2019-07-08 15:38:41,883 - DEBUG - tty.usbmodem0006822145041: parsed_packet {event: CmdRsp, data: {'opcode': 151, 'status': 129, 'data': bytearray(b'')}}
2019-07-08 15:38:41,883 - ERROR - tty.usbmodem0006822145041: AppkeyAdd: ERROR_INTERNAL
2019-07-08 15:38:41,884 - DEBUG - tty.usbmodem0006822145041: RX: 0584a4000000
2019-07-08 15:38:41,884 - DEBUG - tty.usbmodem0006822145041: parsed_packet {event: CmdRsp, data: {'opcode': 164, 'status': 0, 'data': bytearray(b'\x00\x00')}}
2019-07-08 15:38:41,884 - INFO - tty.usbmodem0006822145041: AddrPublicationAdd: {'address_handle': 0}
2019-07-08 15:38:41,884 - ERROR - tty.usbmodem0006822145041: Error storing address handle: pop from empty list
2019-07-08 15:38:42,863 - DEBUG - tty.usbmodem0006822145041: Writing: 161 bytearray(b'\x01\xc0')
2019-07-08 15:38:42,863 - DEBUG - tty.usbmodem0006822145041: TX: 03a101c0
2019-07-08 15:38:42,865 - DEBUG - tty.usbmodem0006822145041: RX: 0584a1000100
2019-07-08 15:38:42,866 - DEBUG - tty.usbmodem0006822145041: parsed_packet {event: CmdRsp, data: {'opcode': 161, 'status': 0, 'data': bytearray(b'\x01\x00')}}
2019-07-08 15:38:42,866 - INFO - tty.usbmodem0006822145041: AddrSubscriptionAdd: {'address_handle': 1}
2019-07-08 15:38:42,866 - ERROR - tty.usbmodem0006822145041: Error storing address handle: pop from empty list
2019-07-08 15:44:34,619 - DEBUG - tty.usbmodem0006822145041: exited read event
