2019-07-16 18:07:23,715 - DEBUG - tty.usbmodem0006822145041: Writing: 105 bytearray(b'\x84\x8d(\xda\x13\x89\xc0`\xbbj\x16\x01\xe8x?\r_\x85\\\xb7T\xdd\xac~1\xb8\xc4\x18\x8f\x0ctV\xe4\x9dw\xbb+\xb7\x96\xe0PcJE\xb1\xa1\xf5K\xea\xcb6\xa8\xb5\xd3\x06\xf2\x193>Pu\x0b\xd0\xd2\xbb]\x08\xea\x07\xe2l\xe9H,\xcdu\x13\x179\xa4{\xc7]|\x0f\xe6>\xbfE\xfb\xa99\xc80\t\xc4')
2019-07-16 18:07:23,715 - DEBUG - tty.usbmodem0006822145041: TX: 6169848d28da1389c060bb6a1601e8783f0d5f855cb754ddac7e31b8c4188f0c7456e49d77bb2bb796e050634a45b1a1f54beacb36a8b5d306f219333e50750bd0d2bb5d08ea07e26ce9482ccd75131739a47bc75d7c0fe63ebf45fba939c83009c4
2019-07-16 18:07:23,718 - INFO - tty.usbmodem0006822145041: Sending next message
2019-07-16 18:07:23,725 - DEBUG - tty.usbmodem0006822145041: RX: 03845384
2019-07-16 18:07:23,726 - DEBUG - tty.usbmodem0006822145041: parsed_packet {event: CmdRsp, data: {'opcode': 83, 'status': 132, 'data': bytearray(b'')}}
2019-07-16 18:07:23,726 - ERROR - tty.usbmodem0006822145041: None: ERROR_INVALID_LENGTH
2019-07-16 18:07:23,727 - DEBUG - tty.usbmodem0006822145041: RX: 03840084
2019-07-16 18:07:23,727 - DEBUG - tty.usbmodem0006822145041: parsed_packet {event: CmdRsp, data: {'opcode': 0, 'status': 132, 'data': bytearray(b'')}}
2019-07-16 18:07:23,727 - DEBUG - tty.usbmodem0006822145041: Writing: 159 bytearray(b'\x01\x00\x01\x00')
2019-07-16 18:07:23,739 - ERROR - tty.usbmodem0006822145041: None: ERROR_INVALID_LENGTH
2019-07-16 18:07:23,740 - DEBUG - tty.usbmodem0006822145041: TX: 059f01000100
2019-07-16 18:07:23,741 - DEBUG - tty.usbmodem0006822145041: Writing: 146 bytearray(b'\x00\x00\x18\xee\xd9\xc2\xa5j\xdd\x85\x04\x9f\xfc<Y\xad\x0e\x12')
2019-07-16 18:07:23,741 - DEBUG - tty.usbmodem0006822145041: RX: 03840084
2019-07-16 18:07:23,742 - DEBUG - tty.usbmodem0006822145041: TX: 1392000018eed9c2a56add85049ffc3c59ad0e12
2019-07-16 18:07:23,743 - DEBUG - tty.usbmodem0006822145041: parsed_packet {event: CmdRsp, data: {'opcode': 0, 'status': 132, 'data': bytearray(b'')}}
2019-07-16 18:07:23,743 - ERROR - tty.usbmodem0006822145041: None: ERROR_INVALID_LENGTH
2019-07-16 18:07:23,745 - DEBUG - tty.usbmodem0006822145041: Writing: 151 bytearray(b'\x00\x00\x00\x00Oh\xad\x85\xd9\xf4\x8a\xc8X\x9d\xf6e\xb6\xb4\x9b\x8a')
2019-07-16 18:07:23,747 - DEBUG - tty.usbmodem0006822145041: TX: 1597000000004f68ad85d9f48ac8589df665b6b49b8a
2019-07-16 18:07:23,747 - DEBUG - tty.usbmodem0006822145041: RX: 03840084
2019-07-16 18:07:23,747 - DEBUG - tty.usbmodem0006822145041: parsed_packet {event: CmdRsp, data: {'opcode': 0, 'status': 132, 'data': bytearray(b'')}}
2019-07-16 18:07:23,748 - ERROR - tty.usbmodem0006822145041: None: ERROR_INVALID_LENGTH
2019-07-16 18:07:23,748 - DEBUG - tty.usbmodem0006822145041: Writing: 151 bytearray(b'\x01\x00\x00\x00*\xa2\xa6\xde\xd5\xa0y\x8c\xea\xb5x|\xa3\xae9\xfc')
2019-07-16 18:07:23,748 - DEBUG - tty.usbmodem0006822145041: TX: 1597010000002aa2a6ded5a0798ceab5787ca3ae39fc
2019-07-16 18:07:23,750 - DEBUG - tty.usbmodem0006822145041: RX: 03840084
2019-07-16 18:07:23,751 - DEBUG - tty.usbmodem0006822145041: parsed_packet {event: CmdRsp, data: {'opcode': 0, 'status': 132, 'data': bytearray(b'')}}
2019-07-16 18:07:23,752 - ERROR - tty.usbmodem0006822145041: None: ERROR_INVALID_LENGTH
2019-07-16 18:07:23,752 - DEBUG - tty.usbmodem0006822145041: RX: 03840084
2019-07-16 18:07:23,753 - DEBUG - tty.usbmodem0006822145041: parsed_packet {event: CmdRsp, data: {'opcode': 0, 'status': 132, 'data': bytearray(b'')}}
2019-07-16 18:07:23,753 - ERROR - tty.usbmodem0006822145041: None: ERROR_INVALID_LENGTH
2019-07-16 18:07:23,753 - DEBUG - tty.usbmodem0006822145041: RX: 03840084
2019-07-16 18:07:23,753 - DEBUG - tty.usbmodem0006822145041: parsed_packet {event: CmdRsp, data: {'opcode': 0, 'status': 132, 'data': bytearray(b'')}}
2019-07-16 18:07:23,753 - ERROR - tty.usbmodem0006822145041: None: ERROR_INVALID_LENGTH
2019-07-16 18:07:23,754 - DEBUG - tty.usbmodem0006822145041: RX: 03840084
2019-07-16 18:07:23,754 - DEBUG - tty.usbmodem0006822145041: parsed_packet {event: CmdRsp, data: {'opcode': 0, 'status': 132, 'data': bytearray(b'')}}
2019-07-16 18:07:23,754 - ERROR - tty.usbmodem0006822145041: None: ERROR_INVALID_LENGTH
2019-07-16 18:07:23,777 - DEBUG - tty.usbmodem0006822145041: RX: 03840084
2019-07-16 18:07:23,779 - DEBUG - tty.usbmodem0006822145041: parsed_packet {event: CmdRsp, data: {'opcode': 0, 'status': 132, 'data': bytearray(b'')}}
2019-07-16 18:07:23,780 - ERROR - tty.usbmodem0006822145041: None: ERROR_INVALID_LENGTH
2019-07-16 18:07:23,780 - DEBUG - tty.usbmodem0006822145041: RX: 03840084
2019-07-16 18:07:23,781 - DEBUG - tty.usbmodem0006822145041: parsed_packet {event: CmdRsp, data: {'opcode': 0, 'status': 132, 'data': bytearray(b'')}}
2019-07-16 18:07:23,781 - ERROR - tty.usbmodem0006822145041: None: ERROR_INVALID_LENGTH
2019-07-16 18:07:23,781 - DEBUG - tty.usbmodem0006822145041: RX: 03840084
2019-07-16 18:07:23,781 - DEBUG - tty.usbmodem0006822145041: parsed_packet {event: CmdRsp, data: {'opcode': 0, 'status': 132, 'data': bytearray(b'')}}
2019-07-16 18:07:23,781 - ERROR - tty.usbmodem0006822145041: None: ERROR_INVALID_LENGTH
2019-07-16 18:07:23,782 - DEBUG - tty.usbmodem0006822145041: RX: 03840084
2019-07-16 18:07:23,782 - DEBUG - tty.usbmodem0006822145041: parsed_packet {event: CmdRsp, data: {'opcode': 0, 'status': 132, 'data': bytearray(b'')}}
2019-07-16 18:07:23,783 - ERROR - tty.usbmodem0006822145041: None: ERROR_INVALID_LENGTH
2019-07-16 18:07:23,784 - DEBUG - tty.usbmodem0006822145041: RX: 03840084
2019-07-16 18:07:23,784 - DEBUG - tty.usbmodem0006822145041: parsed_packet {event: CmdRsp, data: {'opcode': 0, 'status': 132, 'data': bytearray(b'')}}
2019-07-16 18:07:23,784 - ERROR - tty.usbmodem0006822145041: None: ERROR_INVALID_LENGTH
2019-07-16 18:07:23,784 - DEBUG - tty.usbmodem0006822145041: RX: 03849f00
2019-07-16 18:07:23,784 - DEBUG - tty.usbmodem0006822145041: parsed_packet {event: CmdRsp, data: {'opcode': 159, 'status': 0, 'data': bytearray(b'')}}
2019-07-16 18:07:23,784 - INFO - tty.usbmodem0006822145041: Success
2019-07-16 18:07:23,784 - DEBUG - tty.usbmodem0006822145041: RX: 058492000000
2019-07-16 18:07:23,785 - DEBUG - tty.usbmodem0006822145041: parsed_packet {event: CmdRsp, data: {'opcode': 146, 'status': 0, 'data': bytearray(b'\x00\x00')}}
2019-07-16 18:07:23,785 - INFO - tty.usbmodem0006822145041: SubnetAdd: {'subnet_handle': 0}
2019-07-16 18:07:23,785 - DEBUG - tty.usbmodem0006822145041: RX: 058497000000
2019-07-16 18:07:23,785 - DEBUG - tty.usbmodem0006822145041: parsed_packet {event: CmdRsp, data: {'opcode': 151, 'status': 0, 'data': bytearray(b'\x00\x00')}}
2019-07-16 18:07:23,785 - INFO - tty.usbmodem0006822145041: AppkeyAdd: {'appkey_handle': 0}
2019-07-16 18:07:23,785 - DEBUG - tty.usbmodem0006822145041: RX: 058497000100
2019-07-16 18:07:23,785 - DEBUG - tty.usbmodem0006822145041: parsed_packet {event: CmdRsp, data: {'opcode': 151, 'status': 0, 'data': bytearray(b'\x01\x00')}}
2019-07-16 18:07:23,785 - INFO - tty.usbmodem0006822145041: AppkeyAdd: {'appkey_handle': 1}
2019-07-16 18:07:26,706 - DEBUG - tty.usbmodem0006822145041: Writing: 97 bytearray(b'')
2019-07-16 18:07:26,707 - DEBUG - tty.usbmodem0006822145041: TX: 0161
2019-07-16 18:07:26,713 - DEBUG - tty.usbmodem0006822145041: RX: 03846100
2019-07-16 18:07:26,713 - DEBUG - tty.usbmodem0006822145041: parsed_packet {event: CmdRsp, data: {'opcode': 97, 'status': 0, 'data': bytearray(b'')}}
2019-07-16 18:07:26,713 - INFO - tty.usbmodem0006822145041: Success
2019-07-16 18:07:28,266 - DEBUG - tty.usbmodem0006822145041: RX: 1ac09db77a0526b8734988639509c242d107eb0001c8639509c2c2
2019-07-16 18:07:28,268 - DEBUG - tty.usbmodem0006822145041: parsed_packet {event: ProvUnprovisionedReceived, data: {'uuid': bytearray(b'\x9d\xb7z\x05&\xb8sI\x88c\x95\t\xc2B\xd1\x07'), 'rssi': -21, 'gatt_supported': 0, 'adv_addr_type': 1, 'adv_addr': bytearray(b'\xc8c\x95\t\xc2\xc2')}}
2019-07-16 18:07:28,268 - INFO - tty.usbmodem0006822145041: {event: ProvUnprovisionedReceived, data: {'uuid': bytearray(b'\x9d\xb7z\x05&\xb8sI\x88c\x95\t\xc2B\xd1\x07'), 'rssi': -21, 'gatt_supported': 0, 'adv_addr_type': 1, 'adv_addr': bytearray(b'\xc8c\x95\t\xc2\xc2')}}
2019-07-16 18:07:28,268 - INFO - tty.usbmodem0006822145041: Received UUID 9db77a0526b8734988639509c242d107 with RSSI: -21 dB
2019-07-16 18:07:29,907 - DEBUG - tty.usbmodem0006822145041: Writing: 98 bytearray(b'')
2019-07-16 18:07:29,911 - DEBUG - tty.usbmodem0006822145041: TX: 0162
2019-07-16 18:07:29,912 - DEBUG - tty.usbmodem0006822145041: Writing: 99 bytearray(b'\x00\x9d\xb7z\x05&\xb8sI\x88c\x95\t\xc2B\xd1\x07\x18\xee\xd9\xc2\xa5j\xdd\x85\x04\x9f\xfc<Y\xad\x0e\x12\x00\x00\x00\x00\x00\x00\x10\x00\x00\x00\x00')
2019-07-16 18:07:29,912 - DEBUG - tty.usbmodem0006822145041: TX: 2d63009db77a0526b8734988639509c242d10718eed9c2a56add85049ffc3c59ad0e120000000000001000000000
2019-07-16 18:07:29,913 - DEBUG - tty.usbmodem0006822145041: RX: 03846200
2019-07-16 18:07:29,913 - DEBUG - tty.usbmodem0006822145041: parsed_packet {event: CmdRsp, data: {'opcode': 98, 'status': 0, 'data': bytearray(b'')}}
2019-07-16 18:07:29,923 - INFO - tty.usbmodem0006822145041: Success
2019-07-16 18:07:29,925 - DEBUG - tty.usbmodem0006822145041: RX: 0484630000
2019-07-16 18:07:29,926 - DEBUG - tty.usbmodem0006822145041: parsed_packet {event: CmdRsp, data: {'opcode': 99, 'status': 0, 'data': bytearray(b'\x00')}}
2019-07-16 18:07:29,926 - INFO - tty.usbmodem0006822145041: Provision: {'context': 0}
2019-07-16 18:07:29,932 - DEBUG - tty.usbmodem0006822145041: RX: 02c100
2019-07-16 18:07:29,932 - DEBUG - tty.usbmodem0006822145041: parsed_packet {event: ProvLinkEstablished, data: {'context_id': 0}}
2019-07-16 18:07:29,932 - INFO - tty.usbmodem0006822145041: {event: ProvLinkEstablished, data: {'context_id': 0}}
2019-07-16 18:07:29,933 - INFO - tty.usbmodem0006822145041: Link established
2019-07-16 18:07:29,980 - DEBUG - tty.usbmodem0006822145041: RX: 0bc3000e0001000000000000
2019-07-16 18:07:29,980 - DEBUG - tty.usbmodem0006822145041: parsed_packet {event: ProvCapsReceived, data: {'context_id': 0, 'num_elements': 14, 'public_key_type': 0, 'static_oob_types': 1, 'output_oob_size': 0, 'output_oob_actions': 0, 'input_oob_size': 0, 'input_oob_actions': 0}}
2019-07-16 18:07:29,980 - INFO - tty.usbmodem0006822145041: {event: ProvCapsReceived, data: {'context_id': 0, 'num_elements': 14, 'public_key_type': 0, 'static_oob_types': 1, 'output_oob_size': 0, 'output_oob_actions': 0, 'input_oob_size': 0, 'input_oob_actions': 0}}
2019-07-16 18:07:29,981 - INFO - tty.usbmodem0006822145041: Received capabilities
2019-07-16 18:07:29,981 - INFO - tty.usbmodem0006822145041: Number of elements: 14
2019-07-16 18:07:29,981 - DEBUG - tty.usbmodem0006822145041: Writing: 102 bytearray(b'\x00\x00\x00\x00')
2019-07-16 18:07:29,981 - DEBUG - tty.usbmodem0006822145041: TX: 056600000000
2019-07-16 18:07:29,983 - DEBUG - tty.usbmodem0006822145041: RX: 0484660000
2019-07-16 18:07:29,983 - DEBUG - tty.usbmodem0006822145041: parsed_packet {event: CmdRsp, data: {'opcode': 102, 'status': 0, 'data': bytearray(b'\x00')}}
2019-07-16 18:07:29,984 - INFO - tty.usbmodem0006822145041: OobUse: {'context': 0}
2019-07-16 18:07:30,160 - DEBUG - tty.usbmodem0006822145041: RX: 62c700f586ba73b9ae054b8b03129720b6e8a2c4e77b0a259951416ab986591c539be7744a89dd96ede7ae87bc5cad5822ad3444f2ae6dc5b1aef8e8bd6f72baa05f75fec1accaaa6137d22c03f716ab2f4eea5d5258153268acae0c61cddd0e02089c
2019-07-16 18:07:30,160 - DEBUG - tty.usbmodem0006822145041: parsed_packet {event: ProvEcdhRequest, data: {'context_id': 0, 'peer_public': bytearray(b'\xf5\x86\xbas\xb9\xae\x05K\x8b\x03\x12\x97 \xb6\xe8\xa2\xc4\xe7{\n%\x99QAj\xb9\x86Y\x1cS\x9b\xe7tJ\x89\xdd\x96\xed\xe7\xae\x87\xbc\\\xadX"\xad4D\xf2\xaem\xc5\xb1\xae\xf8\xe8\xbdor\xba\xa0_u'), 'node_private': bytearray(b'\xfe\xc1\xac\xca\xaaa7\xd2,\x03\xf7\x16\xab/N\xea]RX\x152h\xac\xae\x0ca\xcd\xdd\x0e\x02\x08\x9c')}}
2019-07-16 18:07:30,161 - INFO - tty.usbmodem0006822145041: {event: ProvEcdhRequest, data: {'context_id': 0, 'peer_public': bytearray(b'\xf5\x86\xbas\xb9\xae\x05K\x8b\x03\x12\x97 \xb6\xe8\xa2\xc4\xe7{\n%\x99QAj\xb9\x86Y\x1cS\x9b\xe7tJ\x89\xdd\x96\xed\xe7\xae\x87\xbc\\\xadX"\xad4D\xf2\xaem\xc5\xb1\xae\xf8\xe8\xbdor\xba\xa0_u'), 'node_private': bytearray(b'\xfe\xc1\xac\xca\xaaa7\xd2,\x03\xf7\x16\xab/N\xea]RX\x152h\xac\xae\x0ca\xcd\xdd\x0e\x02\x08\x9c')}}
2019-07-16 18:07:30,161 - INFO - tty.usbmodem0006822145041: ECDH request received
2019-07-16 18:07:30,162 - DEBUG - tty.usbmodem0006822145041: Writing: 104 bytearray(b'\x00\x9c\xa3\xb9[\x86\xa24h?^\x1a\xa64\xe0\x9c\'t"\xc7(\xd5$\xfcm\x02\x9dk?\xaf\xf79\xe5')
2019-07-16 18:07:30,162 - DEBUG - tty.usbmodem0006822145041: TX: 2268009ca3b95b86a234683f5e1aa634e09c277422c728d524fc6d029d6b3faff739e5
2019-07-16 18:07:30,167 - DEBUG - tty.usbmodem0006822145041: RX: 0484680000
2019-07-16 18:07:30,167 - DEBUG - tty.usbmodem0006822145041: parsed_packet {event: CmdRsp, data: {'opcode': 104, 'status': 0, 'data': bytearray(b'\x00')}}
2019-07-16 18:07:30,168 - INFO - tty.usbmodem0006822145041: EcdhSecret: {'context': 0}
2019-07-16 18:07:30,501 - DEBUG - tty.usbmodem0006822145041: RX: 2cc500000000000000100000000e4f7ae24dccc9934eb4807149b34fbc18eed9c2a56add85049ffc3c59ad0e12
2019-07-16 18:07:30,501 - DEBUG - tty.usbmodem0006822145041: parsed_packet {event: ProvComplete, data: {'context_id': 0, 'iv_index': 0, 'net_key_index': 0, 'address': 16, 'iv_update_flag': 0, 'key_refresh_flag': 0, 'device_key': bytearray(b'\x0eOz\xe2M\xcc\xc9\x93N\xb4\x80qI\xb3O\xbc'), 'net_key': bytearray(b'\x18\xee\xd9\xc2\xa5j\xdd\x85\x04\x9f\xfc<Y\xad\x0e\x12')}}
2019-07-16 18:07:30,502 - INFO - tty.usbmodem0006822145041: {event: ProvComplete, data: {'context_id': 0, 'iv_index': 0, 'net_key_index': 0, 'address': 16, 'iv_update_flag': 0, 'key_refresh_flag': 0, 'device_key': bytearray(b'\x0eOz\xe2M\xcc\xc9\x93N\xb4\x80qI\xb3O\xbc'), 'net_key': bytearray(b'\x18\xee\xd9\xc2\xa5j\xdd\x85\x04\x9f\xfc<Y\xad\x0e\x12')}}
2019-07-16 18:07:30,502 - INFO - tty.usbmodem0006822145041: Provisioning complete
2019-07-16 18:07:30,502 - INFO - tty.usbmodem0006822145041: 	Address(es): 0x10-0x1d
2019-07-16 18:07:30,502 - INFO - tty.usbmodem0006822145041: 	Device key: 0e4f7ae24dccc9934eb4807149b34fbc
2019-07-16 18:07:30,502 - INFO - tty.usbmodem0006822145041: 	Network key: 18eed9c2a56add85049ffc3c59ad0e12
2019-07-16 18:07:30,502 - INFO - tty.usbmodem0006822145041: Adding device key to subnet 0
2019-07-16 18:07:30,503 - INFO - tty.usbmodem0006822145041: Adding publication address of root element
2019-07-16 18:07:30,503 - DEBUG - tty.usbmodem0006822145041: Writing: 156 bytearray(b'\x10\x00\x00\x00\x0eOz\xe2M\xcc\xc9\x93N\xb4\x80qI\xb3O\xbc')
2019-07-16 18:07:30,503 - DEBUG - tty.usbmodem0006822145041: TX: 159c100000000e4f7ae24dccc9934eb4807149b34fbc
2019-07-16 18:07:30,505 - DEBUG - tty.usbmodem0006822145041: Writing: 164 bytearray(b'\x10\x00')
2019-07-16 18:07:30,505 - DEBUG - tty.usbmodem0006822145041: TX: 03a41000
2019-07-16 18:07:30,505 - ERROR - tty.usbmodem0006822145041: Exception in pkt handler <bound method Manager.__event_handler of <interactive_pyaci.Manager object at 0x10738cd68>>
2019-07-16 18:07:30,507 - ERROR - tty.usbmodem0006822145041: traceback: Traceback (most recent call last):
  File "/Users/Tim-Mac/msc/bm-control/dev/nrf5SDKforMeshv310src/scripts/interactive_pyaci/aci/aci_uart.py", line 88, in process_packet
    fun(packet)
  File "/Users/Tim-Mac/msc/bm-control/dev/nrf5SDKforMeshv310src/scripts/interactive_pyaci/interactive_pyaci.py", line 254, in __event_handler
    uuid = self.db.nodes[node].UUID.hex()
TypeError: list indices must be integers or slices, not tuple

2019-07-16 18:07:30,507 - DEBUG - tty.usbmodem0006822145041: RX: 05849c000800
2019-07-16 18:07:30,507 - DEBUG - tty.usbmodem0006822145041: parsed_packet {event: CmdRsp, data: {'opcode': 156, 'status': 0, 'data': bytearray(b'\x08\x00')}}
2019-07-16 18:07:30,528 - INFO - tty.usbmodem0006822145041: DevkeyAdd: {'devkey_handle': 8}
2019-07-16 18:07:30,531 - DEBUG - tty.usbmodem0006822145041: RX: 0584a4000000
2019-07-16 18:07:30,531 - DEBUG - tty.usbmodem0006822145041: parsed_packet {event: CmdRsp, data: {'opcode': 164, 'status': 0, 'data': bytearray(b'\x00\x00')}}
2019-07-16 18:07:30,532 - INFO - tty.usbmodem0006822145041: AddrPublicationAdd: {'address_handle': 0}
2019-07-16 18:07:30,535 - INFO - tty.usbmodem0006822145041: No Messages remaining
2019-07-16 18:07:30,616 - DEBUG - tty.usbmodem0006822145041: RX: 03c20000
2019-07-16 18:07:30,617 - DEBUG - tty.usbmodem0006822145041: parsed_packet {event: ProvLinkClosed, data: {'context_id': 0, 'close_reason': 0}}
2019-07-16 18:07:30,617 - INFO - tty.usbmodem0006822145041: {event: ProvLinkClosed, data: {'context_id': 0, 'close_reason': 0}}
2019-07-16 18:07:30,617 - INFO - tty.usbmodem0006822145041: Provisioning link closed
2019-07-16 18:07:40,022 - DEBUG - tty.usbmodem0006822145041: exited read event
2019-07-16 18:07:50,743 - DEBUG - tty.usbmodem0006822145041: exited read event
2019-07-16 18:07:57,628 - DEBUG - tty.usbmodem0006822145041: Writing: 105 bytearray(b'\xa9?\x8d\x95\xbd\xf5_{\xe1(\x1c\xcc\xa2&_\xf6e?\x81\xda\xa5\\EA\xb7 <\x08uA\xdc\xe6l&j\x1a\xc3T\xfe\xd6\x81\xd1\xbd\x1cO<\xab\xb3\xfb\x98\xf5\xc9\xb8\x84\x90\x87X\x1f0\\\x97\xbdcj\xc2\x12\x05%\xe8\x9bR\x99+\x863J^;}"\x10^\x9b\x00\xb5\x07\xf1\xd3\x1f\x8c\x7f\x10\x8f\xb1\x80\xda')
2019-07-16 18:07:57,629 - DEBUG - tty.usbmodem0006822145041: TX: 6169a93f8d95bdf55f7be1281ccca2265ff6653f81daa55c4541b7203c087541dce66c266a1ac354fed681d1bd1c4f3cabb3fb98f5c9b8849087581f305c97bd636ac2120525e89b52992b86334a5e3b7d22105e9b00b507f1d31f8c7f108fb180da
2019-07-16 18:07:57,631 - INFO - tty.usbmodem0006822145041: Sending next message
2019-07-16 18:07:57,640 - DEBUG - tty.usbmodem0006822145041: RX: 03845384
2019-07-16 18:07:57,641 - DEBUG - tty.usbmodem0006822145041: parsed_packet {event: CmdRsp, data: {'opcode': 83, 'status': 132, 'data': bytearray(b'')}}
2019-07-16 18:07:57,641 - ERROR - tty.usbmodem0006822145041: None: ERROR_INVALID_LENGTH
2019-07-16 18:07:57,641 - DEBUG - tty.usbmodem0006822145041: Writing: 159 bytearray(b'\x01\x00\x01\x00')
2019-07-16 18:07:57,642 - DEBUG - tty.usbmodem0006822145041: TX: 059f01000100
2019-07-16 18:07:57,642 - DEBUG - tty.usbmodem0006822145041: RX: 03840084
2019-07-16 18:07:57,642 - DEBUG - tty.usbmodem0006822145041: parsed_packet {event: CmdRsp, data: {'opcode': 0, 'status': 132, 'data': bytearray(b'')}}
2019-07-16 18:07:57,642 - ERROR - tty.usbmodem0006822145041: None: ERROR_INVALID_LENGTH
2019-07-16 18:07:57,642 - DEBUG - tty.usbmodem0006822145041: Writing: 146 bytearray(b'\x00\x00\x18\xee\xd9\xc2\xa5j\xdd\x85\x04\x9f\xfc<Y\xad\x0e\x12')
2019-07-16 18:07:57,643 - DEBUG - tty.usbmodem0006822145041: RX: 03840084
2019-07-16 18:07:57,657 - DEBUG - tty.usbmodem0006822145041: TX: 1392000018eed9c2a56add85049ffc3c59ad0e12
2019-07-16 18:07:57,657 - DEBUG - tty.usbmodem0006822145041: parsed_packet {event: CmdRsp, data: {'opcode': 0, 'status': 132, 'data': bytearray(b'')}}
2019-07-16 18:07:57,658 - ERROR - tty.usbmodem0006822145041: None: ERROR_INVALID_LENGTH
2019-07-16 18:07:57,658 - DEBUG - tty.usbmodem0006822145041: Writing: 151 bytearray(b'\x00\x00\x00\x00Oh\xad\x85\xd9\xf4\x8a\xc8X\x9d\xf6e\xb6\xb4\x9b\x8a')
2019-07-16 18:07:57,658 - DEBUG - tty.usbmodem0006822145041: TX: 1597000000004f68ad85d9f48ac8589df665b6b49b8a
2019-07-16 18:07:57,659 - DEBUG - tty.usbmodem0006822145041: RX: 03840084
2019-07-16 18:07:57,659 - DEBUG - tty.usbmodem0006822145041: parsed_packet {event: CmdRsp, data: {'opcode': 0, 'status': 132, 'data': bytearray(b'')}}
2019-07-16 18:07:57,659 - ERROR - tty.usbmodem0006822145041: None: ERROR_INVALID_LENGTH
2019-07-16 18:07:57,659 - DEBUG - tty.usbmodem0006822145041: Writing: 151 bytearray(b'\x01\x00\x00\x00*\xa2\xa6\xde\xd5\xa0y\x8c\xea\xb5x|\xa3\xae9\xfc')
2019-07-16 18:07:57,660 - DEBUG - tty.usbmodem0006822145041: TX: 1597010000002aa2a6ded5a0798ceab5787ca3ae39fc
2019-07-16 18:07:57,660 - DEBUG - tty.usbmodem0006822145041: RX: 03840084
2019-07-16 18:07:57,660 - DEBUG - tty.usbmodem0006822145041: parsed_packet {event: CmdRsp, data: {'opcode': 0, 'status': 132, 'data': bytearray(b'')}}
2019-07-16 18:07:57,661 - ERROR - tty.usbmodem0006822145041: None: ERROR_INVALID_LENGTH
2019-07-16 18:07:57,661 - DEBUG - tty.usbmodem0006822145041: RX: 03840084
2019-07-16 18:07:57,661 - DEBUG - tty.usbmodem0006822145041: parsed_packet {event: CmdRsp, data: {'opcode': 0, 'status': 132, 'data': bytearray(b'')}}
2019-07-16 18:07:57,662 - ERROR - tty.usbmodem0006822145041: None: ERROR_INVALID_LENGTH
2019-07-16 18:07:57,662 - DEBUG - tty.usbmodem0006822145041: RX: 03840084
2019-07-16 18:07:57,662 - DEBUG - tty.usbmodem0006822145041: parsed_packet {event: CmdRsp, data: {'opcode': 0, 'status': 132, 'data': bytearray(b'')}}
2019-07-16 18:07:57,662 - ERROR - tty.usbmodem0006822145041: None: ERROR_INVALID_LENGTH
2019-07-16 18:07:57,662 - DEBUG - tty.usbmodem0006822145041: RX: 03840084
2019-07-16 18:07:57,662 - DEBUG - tty.usbmodem0006822145041: parsed_packet {event: CmdRsp, data: {'opcode': 0, 'status': 132, 'data': bytearray(b'')}}
2019-07-16 18:07:57,662 - ERROR - tty.usbmodem0006822145041: None: ERROR_INVALID_LENGTH
2019-07-16 18:07:57,662 - DEBUG - tty.usbmodem0006822145041: RX: 03840084
2019-07-16 18:07:57,663 - DEBUG - tty.usbmodem0006822145041: parsed_packet {event: CmdRsp, data: {'opcode': 0, 'status': 132, 'data': bytearray(b'')}}
2019-07-16 18:07:57,663 - ERROR - tty.usbmodem0006822145041: None: ERROR_INVALID_LENGTH
2019-07-16 18:07:57,663 - DEBUG - tty.usbmodem0006822145041: RX: 03840084
2019-07-16 18:07:57,663 - DEBUG - tty.usbmodem0006822145041: parsed_packet {event: CmdRsp, data: {'opcode': 0, 'status': 132, 'data': bytearray(b'')}}
2019-07-16 18:07:57,663 - ERROR - tty.usbmodem0006822145041: None: ERROR_INVALID_LENGTH
2019-07-16 18:07:57,663 - DEBUG - tty.usbmodem0006822145041: RX: 03840084
2019-07-16 18:07:57,663 - DEBUG - tty.usbmodem0006822145041: parsed_packet {event: CmdRsp, data: {'opcode': 0, 'status': 132, 'data': bytearray(b'')}}
2019-07-16 18:07:57,663 - ERROR - tty.usbmodem0006822145041: None: ERROR_INVALID_LENGTH
2019-07-16 18:07:57,663 - DEBUG - tty.usbmodem0006822145041: RX: 03840084
2019-07-16 18:07:57,664 - DEBUG - tty.usbmodem0006822145041: parsed_packet {event: CmdRsp, data: {'opcode': 0, 'status': 132, 'data': bytearray(b'')}}
2019-07-16 18:07:57,664 - ERROR - tty.usbmodem0006822145041: None: ERROR_INVALID_LENGTH
2019-07-16 18:07:57,664 - DEBUG - tty.usbmodem0006822145041: RX: 03840084
2019-07-16 18:07:57,664 - DEBUG - tty.usbmodem0006822145041: parsed_packet {event: CmdRsp, data: {'opcode': 0, 'status': 132, 'data': bytearray(b'')}}
2019-07-16 18:07:57,664 - ERROR - tty.usbmodem0006822145041: None: ERROR_INVALID_LENGTH
2019-07-16 18:07:57,664 - DEBUG - tty.usbmodem0006822145041: RX: 03849f00
2019-07-16 18:07:57,664 - DEBUG - tty.usbmodem0006822145041: parsed_packet {event: CmdRsp, data: {'opcode': 159, 'status': 0, 'data': bytearray(b'')}}
2019-07-16 18:07:57,664 - INFO - tty.usbmodem0006822145041: Success
2019-07-16 18:07:57,665 - DEBUG - tty.usbmodem0006822145041: RX: 058492000000
2019-07-16 18:07:57,665 - DEBUG - tty.usbmodem0006822145041: parsed_packet {event: CmdRsp, data: {'opcode': 146, 'status': 0, 'data': bytearray(b'\x00\x00')}}
2019-07-16 18:07:57,665 - INFO - tty.usbmodem0006822145041: SubnetAdd: {'subnet_handle': 0}
2019-07-16 18:07:57,665 - DEBUG - tty.usbmodem0006822145041: RX: 058497000000
2019-07-16 18:07:57,665 - DEBUG - tty.usbmodem0006822145041: parsed_packet {event: CmdRsp, data: {'opcode': 151, 'status': 0, 'data': bytearray(b'\x00\x00')}}
2019-07-16 18:07:57,665 - INFO - tty.usbmodem0006822145041: AppkeyAdd: {'appkey_handle': 0}
2019-07-16 18:07:57,666 - DEBUG - tty.usbmodem0006822145041: RX: 058497000100
2019-07-16 18:07:57,666 - DEBUG - tty.usbmodem0006822145041: parsed_packet {event: CmdRsp, data: {'opcode': 151, 'status': 0, 'data': bytearray(b'\x01\x00')}}
2019-07-16 18:07:57,666 - INFO - tty.usbmodem0006822145041: AppkeyAdd: {'appkey_handle': 1}
2019-07-16 18:08:00,986 - DEBUG - tty.usbmodem0006822145041: Writing: 97 bytearray(b'')
2019-07-16 18:08:00,987 - DEBUG - tty.usbmodem0006822145041: TX: 0161
2019-07-16 18:08:00,992 - DEBUG - tty.usbmodem0006822145041: RX: 03846100
2019-07-16 18:08:00,992 - DEBUG - tty.usbmodem0006822145041: parsed_packet {event: CmdRsp, data: {'opcode': 97, 'status': 0, 'data': bytearray(b'')}}
2019-07-16 18:08:00,992 - INFO - tty.usbmodem0006822145041: Success
2019-07-16 18:08:10,053 - DEBUG - tty.usbmodem0006822145041: RX: 1ac09db77a0526b8734988639509c242d107ea0001c8639509c2c2
2019-07-16 18:08:10,053 - DEBUG - tty.usbmodem0006822145041: parsed_packet {event: ProvUnprovisionedReceived, data: {'uuid': bytearray(b'\x9d\xb7z\x05&\xb8sI\x88c\x95\t\xc2B\xd1\x07'), 'rssi': -22, 'gatt_supported': 0, 'adv_addr_type': 1, 'adv_addr': bytearray(b'\xc8c\x95\t\xc2\xc2')}}
2019-07-16 18:08:10,054 - INFO - tty.usbmodem0006822145041: {event: ProvUnprovisionedReceived, data: {'uuid': bytearray(b'\x9d\xb7z\x05&\xb8sI\x88c\x95\t\xc2B\xd1\x07'), 'rssi': -22, 'gatt_supported': 0, 'adv_addr_type': 1, 'adv_addr': bytearray(b'\xc8c\x95\t\xc2\xc2')}}
2019-07-16 18:08:10,054 - INFO - tty.usbmodem0006822145041: Received UUID 9db77a0526b8734988639509c242d107 with RSSI: -22 dB
2019-07-16 18:08:12,050 - DEBUG - tty.usbmodem0006822145041: RX: 1ac09db77a0526b8734988639509c242d107ed0001c8639509c2c2
2019-07-16 18:08:12,050 - DEBUG - tty.usbmodem0006822145041: parsed_packet {event: ProvUnprovisionedReceived, data: {'uuid': bytearray(b'\x9d\xb7z\x05&\xb8sI\x88c\x95\t\xc2B\xd1\x07'), 'rssi': -19, 'gatt_supported': 0, 'adv_addr_type': 1, 'adv_addr': bytearray(b'\xc8c\x95\t\xc2\xc2')}}
2019-07-16 18:08:12,051 - INFO - tty.usbmodem0006822145041: {event: ProvUnprovisionedReceived, data: {'uuid': bytearray(b'\x9d\xb7z\x05&\xb8sI\x88c\x95\t\xc2B\xd1\x07'), 'rssi': -19, 'gatt_supported': 0, 'adv_addr_type': 1, 'adv_addr': bytearray(b'\xc8c\x95\t\xc2\xc2')}}
2019-07-16 18:08:14,059 - DEBUG - tty.usbmodem0006822145041: RX: 1ac09db77a0526b8734988639509c242d107ec0001c8639509c2c2
2019-07-16 18:08:14,060 - DEBUG - tty.usbmodem0006822145041: parsed_packet {event: ProvUnprovisionedReceived, data: {'uuid': bytearray(b'\x9d\xb7z\x05&\xb8sI\x88c\x95\t\xc2B\xd1\x07'), 'rssi': -20, 'gatt_supported': 0, 'adv_addr_type': 1, 'adv_addr': bytearray(b'\xc8c\x95\t\xc2\xc2')}}
2019-07-16 18:08:14,060 - INFO - tty.usbmodem0006822145041: {event: ProvUnprovisionedReceived, data: {'uuid': bytearray(b'\x9d\xb7z\x05&\xb8sI\x88c\x95\t\xc2B\xd1\x07'), 'rssi': -20, 'gatt_supported': 0, 'adv_addr_type': 1, 'adv_addr': bytearray(b'\xc8c\x95\t\xc2\xc2')}}
2019-07-16 18:08:15,421 - DEBUG - tty.usbmodem0006822145041: Writing: 98 bytearray(b'')
2019-07-16 18:08:15,422 - DEBUG - tty.usbmodem0006822145041: TX: 0162
2019-07-16 18:08:15,426 - DEBUG - tty.usbmodem0006822145041: Writing: 99 bytearray(b'\x00\x9d\xb7z\x05&\xb8sI\x88c\x95\t\xc2B\xd1\x07\x18\xee\xd9\xc2\xa5j\xdd\x85\x04\x9f\xfc<Y\xad\x0e\x12\x00\x00\x00\x00\x00\x00\x10\x00\x00\x00\x00')
2019-07-16 18:08:15,427 - DEBUG - tty.usbmodem0006822145041: TX: 2d63009db77a0526b8734988639509c242d10718eed9c2a56add85049ffc3c59ad0e120000000000001000000000
2019-07-16 18:08:15,427 - DEBUG - tty.usbmodem0006822145041: RX: 03846200
2019-07-16 18:08:15,427 - DEBUG - tty.usbmodem0006822145041: parsed_packet {event: CmdRsp, data: {'opcode': 98, 'status': 0, 'data': bytearray(b'')}}
2019-07-16 18:08:15,443 - INFO - tty.usbmodem0006822145041: Success
2019-07-16 18:08:15,444 - DEBUG - tty.usbmodem0006822145041: RX: 0484630000
2019-07-16 18:08:15,444 - DEBUG - tty.usbmodem0006822145041: parsed_packet {event: CmdRsp, data: {'opcode': 99, 'status': 0, 'data': bytearray(b'\x00')}}
2019-07-16 18:08:15,444 - INFO - tty.usbmodem0006822145041: Provision: {'context': 0}
2019-07-16 18:08:15,467 - DEBUG - tty.usbmodem0006822145041: RX: 02c100
2019-07-16 18:08:15,467 - DEBUG - tty.usbmodem0006822145041: parsed_packet {event: ProvLinkEstablished, data: {'context_id': 0}}
2019-07-16 18:08:15,467 - INFO - tty.usbmodem0006822145041: {event: ProvLinkEstablished, data: {'context_id': 0}}
2019-07-16 18:08:15,467 - INFO - tty.usbmodem0006822145041: Link established
2019-07-16 18:08:15,518 - DEBUG - tty.usbmodem0006822145041: RX: 0bc3000e0001000000000000
2019-07-16 18:08:15,518 - DEBUG - tty.usbmodem0006822145041: parsed_packet {event: ProvCapsReceived, data: {'context_id': 0, 'num_elements': 14, 'public_key_type': 0, 'static_oob_types': 1, 'output_oob_size': 0, 'output_oob_actions': 0, 'input_oob_size': 0, 'input_oob_actions': 0}}
2019-07-16 18:08:15,518 - INFO - tty.usbmodem0006822145041: {event: ProvCapsReceived, data: {'context_id': 0, 'num_elements': 14, 'public_key_type': 0, 'static_oob_types': 1, 'output_oob_size': 0, 'output_oob_actions': 0, 'input_oob_size': 0, 'input_oob_actions': 0}}
2019-07-16 18:08:15,519 - INFO - tty.usbmodem0006822145041: Received capabilities
2019-07-16 18:08:15,519 - INFO - tty.usbmodem0006822145041: Number of elements: 14
2019-07-16 18:08:15,519 - DEBUG - tty.usbmodem0006822145041: Writing: 102 bytearray(b'\x00\x00\x00\x00')
2019-07-16 18:08:15,519 - DEBUG - tty.usbmodem0006822145041: TX: 056600000000
2019-07-16 18:08:15,521 - DEBUG - tty.usbmodem0006822145041: RX: 0484660000
2019-07-16 18:08:15,521 - DEBUG - tty.usbmodem0006822145041: parsed_packet {event: CmdRsp, data: {'opcode': 102, 'status': 0, 'data': bytearray(b'\x00')}}
2019-07-16 18:08:15,522 - INFO - tty.usbmodem0006822145041: OobUse: {'context': 0}
2019-07-16 18:08:17,768 - DEBUG - tty.usbmodem0006822145041: RX: 62c70087ddfc4d94cf3aa59d0d3717991f256ea6fad136470809d0e5e1686dbbbedddd67c1c61a04301f0fbda79f4e27069ffe9d8175a50ca86fde33d0160bef34bafdfb6344ac442f193b133c44b0eab1541e725cc3f9a5c85582a9bb4829fa3300a0
2019-07-16 18:08:17,768 - DEBUG - tty.usbmodem0006822145041: parsed_packet {event: ProvEcdhRequest, data: {'context_id': 0, 'peer_public': bytearray(b"\x87\xdd\xfcM\x94\xcf:\xa5\x9d\r7\x17\x99\x1f%n\xa6\xfa\xd16G\x08\t\xd0\xe5\xe1hm\xbb\xbe\xdd\xddg\xc1\xc6\x1a\x040\x1f\x0f\xbd\xa7\x9fN\'\x06\x9f\xfe\x9d\x81u\xa5\x0c\xa8o\xde3\xd0\x16\x0b\xef4\xba\xfd"), 'node_private': bytearray(b'\xfbcD\xacD/\x19;\x13<D\xb0\xea\xb1T\x1er\\\xc3\xf9\xa5\xc8U\x82\xa9\xbbH)\xfa3\x00\xa0')}}
2019-07-16 18:08:17,769 - INFO - tty.usbmodem0006822145041: {event: ProvEcdhRequest, data: {'context_id': 0, 'peer_public': bytearray(b"\x87\xdd\xfcM\x94\xcf:\xa5\x9d\r7\x17\x99\x1f%n\xa6\xfa\xd16G\x08\t\xd0\xe5\xe1hm\xbb\xbe\xdd\xddg\xc1\xc6\x1a\x040\x1f\x0f\xbd\xa7\x9fN\'\x06\x9f\xfe\x9d\x81u\xa5\x0c\xa8o\xde3\xd0\x16\x0b\xef4\xba\xfd"), 'node_private': bytearray(b'\xfbcD\xacD/\x19;\x13<D\xb0\xea\xb1T\x1er\\\xc3\xf9\xa5\xc8U\x82\xa9\xbbH)\xfa3\x00\xa0')}}
2019-07-16 18:08:17,769 - INFO - tty.usbmodem0006822145041: ECDH request received
2019-07-16 18:08:17,770 - DEBUG - tty.usbmodem0006822145041: Writing: 104 bytearray(b'\x00m\x97s\xdf\xbe\x07\xcfD\xf0\xf2\x04\xd8\xceO\xa4\x0f\xaf.&\xd1\xfe\xa4\xa7\xd8\xf8F[\x83\xf3\xb8$P')
2019-07-16 18:08:17,770 - DEBUG - tty.usbmodem0006822145041: TX: 2268006d9773dfbe07cf44f0f204d8ce4fa40faf2e26d1fea4a7d8f8465b83f3b82450
2019-07-16 18:08:17,776 - DEBUG - tty.usbmodem0006822145041: RX: 0484680000
2019-07-16 18:08:17,776 - DEBUG - tty.usbmodem0006822145041: parsed_packet {event: CmdRsp, data: {'opcode': 104, 'status': 0, 'data': bytearray(b'\x00')}}
2019-07-16 18:08:17,776 - INFO - tty.usbmodem0006822145041: EcdhSecret: {'context': 0}
2019-07-16 18:08:18,107 - DEBUG - tty.usbmodem0006822145041: RX: 2cc5000000000000001000000093f1ac0644f272301888d1e392a982f818eed9c2a56add85049ffc3c59ad0e12
2019-07-16 18:08:18,108 - DEBUG - tty.usbmodem0006822145041: parsed_packet {event: ProvComplete, data: {'context_id': 0, 'iv_index': 0, 'net_key_index': 0, 'address': 16, 'iv_update_flag': 0, 'key_refresh_flag': 0, 'device_key': bytearray(b'\x93\xf1\xac\x06D\xf2r0\x18\x88\xd1\xe3\x92\xa9\x82\xf8'), 'net_key': bytearray(b'\x18\xee\xd9\xc2\xa5j\xdd\x85\x04\x9f\xfc<Y\xad\x0e\x12')}}
2019-07-16 18:08:18,108 - INFO - tty.usbmodem0006822145041: {event: ProvComplete, data: {'context_id': 0, 'iv_index': 0, 'net_key_index': 0, 'address': 16, 'iv_update_flag': 0, 'key_refresh_flag': 0, 'device_key': bytearray(b'\x93\xf1\xac\x06D\xf2r0\x18\x88\xd1\xe3\x92\xa9\x82\xf8'), 'net_key': bytearray(b'\x18\xee\xd9\xc2\xa5j\xdd\x85\x04\x9f\xfc<Y\xad\x0e\x12')}}
2019-07-16 18:08:18,108 - INFO - tty.usbmodem0006822145041: Provisioning complete
2019-07-16 18:08:18,108 - INFO - tty.usbmodem0006822145041: 	Address(es): 0x10-0x1d
2019-07-16 18:08:18,108 - INFO - tty.usbmodem0006822145041: 	Device key: 93f1ac0644f272301888d1e392a982f8
2019-07-16 18:08:18,108 - INFO - tty.usbmodem0006822145041: 	Network key: 18eed9c2a56add85049ffc3c59ad0e12
2019-07-16 18:08:18,109 - INFO - tty.usbmodem0006822145041: Adding device key to subnet 0
2019-07-16 18:08:18,109 - INFO - tty.usbmodem0006822145041: Adding publication address of root element
2019-07-16 18:08:18,109 - DEBUG - tty.usbmodem0006822145041: Writing: 156 bytearray(b'\x10\x00\x00\x00\x93\xf1\xac\x06D\xf2r0\x18\x88\xd1\xe3\x92\xa9\x82\xf8')
2019-07-16 18:08:18,110 - DEBUG - tty.usbmodem0006822145041: TX: 159c1000000093f1ac0644f272301888d1e392a982f8
2019-07-16 18:08:18,111 - DEBUG - tty.usbmodem0006822145041: Writing: 164 bytearray(b'\x10\x00')
2019-07-16 18:08:18,111 - DEBUG - tty.usbmodem0006822145041: TX: 03a41000
2019-07-16 18:08:18,112 - ERROR - tty.usbmodem0006822145041: Exception in pkt handler <bound method Manager.__event_handler of <interactive_pyaci.Manager object at 0x111d785f8>>
2019-07-16 18:08:18,113 - ERROR - tty.usbmodem0006822145041: traceback: Traceback (most recent call last):
  File "/Users/Tim-Mac/msc/bm-control/dev/nrf5SDKforMeshv310src/scripts/interactive_pyaci/aci/aci_uart.py", line 88, in process_packet
    fun(packet)
  File "/Users/Tim-Mac/msc/bm-control/dev/nrf5SDKforMeshv310src/scripts/interactive_pyaci/interactive_pyaci.py", line 253, in __event_handler
    uuid = self.db.nodes[node].UUID.hex()
TypeError: list indices must be integers or slices, not tuple

2019-07-16 18:08:18,113 - DEBUG - tty.usbmodem0006822145041: RX: 05849c000800
2019-07-16 18:08:18,113 - DEBUG - tty.usbmodem0006822145041: parsed_packet {event: CmdRsp, data: {'opcode': 156, 'status': 0, 'data': bytearray(b'\x08\x00')}}
2019-07-16 18:08:18,134 - INFO - tty.usbmodem0006822145041: DevkeyAdd: {'devkey_handle': 8}
2019-07-16 18:08:18,138 - DEBUG - tty.usbmodem0006822145041: RX: 0584a4000000
2019-07-16 18:08:18,138 - DEBUG - tty.usbmodem0006822145041: parsed_packet {event: CmdRsp, data: {'opcode': 164, 'status': 0, 'data': bytearray(b'\x00\x00')}}
2019-07-16 18:08:18,138 - INFO - tty.usbmodem0006822145041: AddrPublicationAdd: {'address_handle': 0}
2019-07-16 18:08:18,142 - INFO - tty.usbmodem0006822145041: No Messages remaining
2019-07-16 18:08:18,204 - DEBUG - tty.usbmodem0006822145041: RX: 03c20000
2019-07-16 18:08:18,204 - DEBUG - tty.usbmodem0006822145041: parsed_packet {event: ProvLinkClosed, data: {'context_id': 0, 'close_reason': 0}}
2019-07-16 18:08:18,205 - INFO - tty.usbmodem0006822145041: {event: ProvLinkClosed, data: {'context_id': 0, 'close_reason': 0}}
2019-07-16 18:08:18,205 - INFO - tty.usbmodem0006822145041: Provisioning link closed
2019-07-16 18:08:33,328 - DEBUG - tty.usbmodem0006822145041: exited read event
