2019-07-10 13:08:50,543 - DEBUG - tty.usbmodem0006822145041: Writing: 105 bytearray(b'\xe7j\xa6\xe2W$+t\x9c1\xd3\xac\x89 \xc7\xabv/\x16\xe4U%\xcc/\x8a\x94\xd4\xb3If.\x812\x06\xe3\xe6g\x05FB\xc3\x13\xa6\x8b\xae\xf6\xa2\xe2\x86\x94/\xbaT\xe0G\x1c\xb8\xb6\x86\xbe>\x1d\xee\xd6\x96\xcb\xa7\x14\xae>\x00-K\x9c\xa1\x8bi\x7f\x07p\x7fE\xe87T\x9cM\xfb5\t4\xf2)\xe3z\xe8')
2019-07-10 13:08:50,543 - DEBUG - tty.usbmodem0006822145041: TX: 6169e76aa6e257242b749c31d3ac8920c7ab762f16e45525cc2f8a94d4b349662e813206e3e667054642c313a68baef6a2e286942fba54e0471cb8b686be3e1deed696cba714ae3e002d4b9ca18b697f07707f45e837549c4dfb350934f229e37ae8
2019-07-10 13:08:50,553 - DEBUG - tty.usbmodem0006822145041: RX: 03845384
2019-07-10 13:08:50,553 - DEBUG - tty.usbmodem0006822145041: parsed_packet {event: CmdRsp, data: {'opcode': 83, 'status': 132, 'data': bytearray(b'')}}
2019-07-10 13:08:50,554 - DEBUG - tty.usbmodem0006822145041: Writing: 159 bytearray(b'\x01\x00\x01\x00')
2019-07-10 13:08:50,554 - ERROR - tty.usbmodem0006822145041: None: ERROR_INVALID_LENGTH
2019-07-10 13:08:50,554 - DEBUG - tty.usbmodem0006822145041: TX: 059f01000100
2019-07-10 13:08:50,555 - DEBUG - tty.usbmodem0006822145041: RX: 03840084
2019-07-10 13:08:50,555 - DEBUG - tty.usbmodem0006822145041: parsed_packet {event: CmdRsp, data: {'opcode': 0, 'status': 132, 'data': bytearray(b'')}}
2019-07-10 13:08:50,555 - ERROR - tty.usbmodem0006822145041: None: ERROR_INVALID_LENGTH
2019-07-10 13:08:50,556 - DEBUG - tty.usbmodem0006822145041: Writing: 146 bytearray(b'\x00\x00\x18\xee\xd9\xc2\xa5j\xdd\x85\x04\x9f\xfc<Y\xad\x0e\x12')
2019-07-10 13:08:50,556 - DEBUG - tty.usbmodem0006822145041: RX: 03840084
2019-07-10 13:08:50,556 - DEBUG - tty.usbmodem0006822145041: TX: 1392000018eed9c2a56add85049ffc3c59ad0e12
2019-07-10 13:08:50,556 - DEBUG - tty.usbmodem0006822145041: parsed_packet {event: CmdRsp, data: {'opcode': 0, 'status': 132, 'data': bytearray(b'')}}
2019-07-10 13:08:50,556 - ERROR - tty.usbmodem0006822145041: None: ERROR_INVALID_LENGTH
2019-07-10 13:08:50,557 - DEBUG - tty.usbmodem0006822145041: Writing: 151 bytearray(b'\x00\x00\x00\x00Oh\xad\x85\xd9\xf4\x8a\xc8X\x9d\xf6e\xb6\xb4\x9b\x8a')
2019-07-10 13:08:50,557 - DEBUG - tty.usbmodem0006822145041: TX: 1597000000004f68ad85d9f48ac8589df665b6b49b8a
2019-07-10 13:08:50,557 - DEBUG - tty.usbmodem0006822145041: RX: 03840084
2019-07-10 13:08:50,557 - DEBUG - tty.usbmodem0006822145041: parsed_packet {event: CmdRsp, data: {'opcode': 0, 'status': 132, 'data': bytearray(b'')}}
2019-07-10 13:08:50,557 - ERROR - tty.usbmodem0006822145041: None: ERROR_INVALID_LENGTH
2019-07-10 13:08:50,558 - DEBUG - tty.usbmodem0006822145041: Writing: 151 bytearray(b'\x01\x00\x00\x00*\xa2\xa6\xde\xd5\xa0y\x8c\xea\xb5x|\xa3\xae9\xfc')
2019-07-10 13:08:50,558 - DEBUG - tty.usbmodem0006822145041: TX: 1597010000002aa2a6ded5a0798ceab5787ca3ae39fc
2019-07-10 13:08:50,558 - DEBUG - tty.usbmodem0006822145041: RX: 03840084
2019-07-10 13:08:50,558 - DEBUG - tty.usbmodem0006822145041: parsed_packet {event: CmdRsp, data: {'opcode': 0, 'status': 132, 'data': bytearray(b'')}}
2019-07-10 13:08:50,558 - ERROR - tty.usbmodem0006822145041: None: ERROR_INVALID_LENGTH
2019-07-10 13:08:50,559 - DEBUG - tty.usbmodem0006822145041: RX: 03840084
2019-07-10 13:08:50,559 - DEBUG - tty.usbmodem0006822145041: parsed_packet {event: CmdRsp, data: {'opcode': 0, 'status': 132, 'data': bytearray(b'')}}
2019-07-10 13:08:50,559 - ERROR - tty.usbmodem0006822145041: None: ERROR_INVALID_LENGTH
2019-07-10 13:08:50,559 - DEBUG - tty.usbmodem0006822145041: RX: 03840084
2019-07-10 13:08:50,559 - DEBUG - tty.usbmodem0006822145041: parsed_packet {event: CmdRsp, data: {'opcode': 0, 'status': 132, 'data': bytearray(b'')}}
2019-07-10 13:08:50,559 - ERROR - tty.usbmodem0006822145041: None: ERROR_INVALID_LENGTH
2019-07-10 13:08:50,559 - DEBUG - tty.usbmodem0006822145041: RX: 03840084
2019-07-10 13:08:50,559 - DEBUG - tty.usbmodem0006822145041: parsed_packet {event: CmdRsp, data: {'opcode': 0, 'status': 132, 'data': bytearray(b'')}}
2019-07-10 13:08:50,559 - ERROR - tty.usbmodem0006822145041: None: ERROR_INVALID_LENGTH
2019-07-10 13:08:50,560 - DEBUG - tty.usbmodem0006822145041: RX: 03840084
2019-07-10 13:08:50,560 - DEBUG - tty.usbmodem0006822145041: parsed_packet {event: CmdRsp, data: {'opcode': 0, 'status': 132, 'data': bytearray(b'')}}
2019-07-10 13:08:50,560 - ERROR - tty.usbmodem0006822145041: None: ERROR_INVALID_LENGTH
2019-07-10 13:08:50,560 - DEBUG - tty.usbmodem0006822145041: RX: 03840084
2019-07-10 13:08:50,560 - DEBUG - tty.usbmodem0006822145041: parsed_packet {event: CmdRsp, data: {'opcode': 0, 'status': 132, 'data': bytearray(b'')}}
2019-07-10 13:08:50,560 - ERROR - tty.usbmodem0006822145041: None: ERROR_INVALID_LENGTH
2019-07-10 13:08:50,560 - DEBUG - tty.usbmodem0006822145041: RX: 03840084
2019-07-10 13:08:50,560 - DEBUG - tty.usbmodem0006822145041: parsed_packet {event: CmdRsp, data: {'opcode': 0, 'status': 132, 'data': bytearray(b'')}}
2019-07-10 13:08:50,561 - ERROR - tty.usbmodem0006822145041: None: ERROR_INVALID_LENGTH
2019-07-10 13:08:50,561 - DEBUG - tty.usbmodem0006822145041: RX: 03840084
2019-07-10 13:08:50,561 - DEBUG - tty.usbmodem0006822145041: parsed_packet {event: CmdRsp, data: {'opcode': 0, 'status': 132, 'data': bytearray(b'')}}
2019-07-10 13:08:50,561 - ERROR - tty.usbmodem0006822145041: None: ERROR_INVALID_LENGTH
2019-07-10 13:08:50,561 - DEBUG - tty.usbmodem0006822145041: RX: 03840084
2019-07-10 13:08:50,561 - DEBUG - tty.usbmodem0006822145041: parsed_packet {event: CmdRsp, data: {'opcode': 0, 'status': 132, 'data': bytearray(b'')}}
2019-07-10 13:08:50,561 - ERROR - tty.usbmodem0006822145041: None: ERROR_INVALID_LENGTH
2019-07-10 13:08:50,562 - DEBUG - tty.usbmodem0006822145041: RX: 03849f00
2019-07-10 13:08:50,562 - DEBUG - tty.usbmodem0006822145041: parsed_packet {event: CmdRsp, data: {'opcode': 159, 'status': 0, 'data': bytearray(b'')}}
2019-07-10 13:08:50,562 - INFO - tty.usbmodem0006822145041: Success
2019-07-10 13:08:50,562 - DEBUG - tty.usbmodem0006822145041: RX: 058492000000
2019-07-10 13:08:50,562 - DEBUG - tty.usbmodem0006822145041: parsed_packet {event: CmdRsp, data: {'opcode': 146, 'status': 0, 'data': bytearray(b'\x00\x00')}}
2019-07-10 13:08:50,563 - INFO - tty.usbmodem0006822145041: SubnetAdd: {'subnet_handle': 0}
2019-07-10 13:08:50,563 - DEBUG - tty.usbmodem0006822145041: RX: 058497000000
2019-07-10 13:08:50,563 - DEBUG - tty.usbmodem0006822145041: parsed_packet {event: CmdRsp, data: {'opcode': 151, 'status': 0, 'data': bytearray(b'\x00\x00')}}
2019-07-10 13:08:50,563 - INFO - tty.usbmodem0006822145041: AppkeyAdd: {'appkey_handle': 0}
2019-07-10 13:08:50,565 - DEBUG - tty.usbmodem0006822145041: RX: 058497000100
2019-07-10 13:08:50,565 - DEBUG - tty.usbmodem0006822145041: parsed_packet {event: CmdRsp, data: {'opcode': 151, 'status': 0, 'data': bytearray(b'\x01\x00')}}
2019-07-10 13:08:50,565 - INFO - tty.usbmodem0006822145041: AppkeyAdd: {'appkey_handle': 1}
2019-07-10 13:08:58,598 - DEBUG - tty.usbmodem0006822145041: Writing: 97 bytearray(b'')
2019-07-10 13:08:58,598 - DEBUG - tty.usbmodem0006822145041: TX: 0161
2019-07-10 13:08:58,601 - DEBUG - tty.usbmodem0006822145041: RX: 03846100
2019-07-10 13:08:58,601 - DEBUG - tty.usbmodem0006822145041: parsed_packet {event: CmdRsp, data: {'opcode': 97, 'status': 0, 'data': bytearray(b'')}}
2019-07-10 13:08:58,601 - INFO - tty.usbmodem0006822145041: Success
2019-07-10 13:08:59,026 - DEBUG - tty.usbmodem0006822145041: RX: 1ac09db77a0526b8734988639509c242d107cb0001c8639509c2c2
2019-07-10 13:08:59,026 - DEBUG - tty.usbmodem0006822145041: parsed_packet {event: ProvUnprovisionedReceived, data: {'uuid': bytearray(b'\x9d\xb7z\x05&\xb8sI\x88c\x95\t\xc2B\xd1\x07'), 'rssi': -53, 'gatt_supported': 0, 'adv_addr_type': 1, 'adv_addr': bytearray(b'\xc8c\x95\t\xc2\xc2')}}
2019-07-10 13:08:59,027 - INFO - tty.usbmodem0006822145041: {event: ProvUnprovisionedReceived, data: {'uuid': bytearray(b'\x9d\xb7z\x05&\xb8sI\x88c\x95\t\xc2B\xd1\x07'), 'rssi': -53, 'gatt_supported': 0, 'adv_addr_type': 1, 'adv_addr': bytearray(b'\xc8c\x95\t\xc2\xc2')}}
2019-07-10 13:08:59,027 - INFO - tty.usbmodem0006822145041: Received UUID 9db77a0526b8734988639509c242d107 with RSSI: -53 dB
2019-07-10 13:09:01,032 - DEBUG - tty.usbmodem0006822145041: RX: 1ac09db77a0526b8734988639509c242d107bf0001c8639509c2c2
2019-07-10 13:09:01,033 - DEBUG - tty.usbmodem0006822145041: parsed_packet {event: ProvUnprovisionedReceived, data: {'uuid': bytearray(b'\x9d\xb7z\x05&\xb8sI\x88c\x95\t\xc2B\xd1\x07'), 'rssi': -65, 'gatt_supported': 0, 'adv_addr_type': 1, 'adv_addr': bytearray(b'\xc8c\x95\t\xc2\xc2')}}
2019-07-10 13:09:01,033 - INFO - tty.usbmodem0006822145041: {event: ProvUnprovisionedReceived, data: {'uuid': bytearray(b'\x9d\xb7z\x05&\xb8sI\x88c\x95\t\xc2B\xd1\x07'), 'rssi': -65, 'gatt_supported': 0, 'adv_addr_type': 1, 'adv_addr': bytearray(b'\xc8c\x95\t\xc2\xc2')}}
2019-07-10 13:09:03,034 - DEBUG - tty.usbmodem0006822145041: RX: 1ac09db77a0526b8734988639509c242d107bd0001c8639509c2c2
2019-07-10 13:09:03,034 - DEBUG - tty.usbmodem0006822145041: parsed_packet {event: ProvUnprovisionedReceived, data: {'uuid': bytearray(b'\x9d\xb7z\x05&\xb8sI\x88c\x95\t\xc2B\xd1\x07'), 'rssi': -67, 'gatt_supported': 0, 'adv_addr_type': 1, 'adv_addr': bytearray(b'\xc8c\x95\t\xc2\xc2')}}
2019-07-10 13:09:03,034 - INFO - tty.usbmodem0006822145041: {event: ProvUnprovisionedReceived, data: {'uuid': bytearray(b'\x9d\xb7z\x05&\xb8sI\x88c\x95\t\xc2B\xd1\x07'), 'rssi': -67, 'gatt_supported': 0, 'adv_addr_type': 1, 'adv_addr': bytearray(b'\xc8c\x95\t\xc2\xc2')}}
2019-07-10 13:09:05,041 - DEBUG - tty.usbmodem0006822145041: RX: 1ac09db77a0526b8734988639509c242d107cb0001c8639509c2c2
2019-07-10 13:09:05,042 - DEBUG - tty.usbmodem0006822145041: parsed_packet {event: ProvUnprovisionedReceived, data: {'uuid': bytearray(b'\x9d\xb7z\x05&\xb8sI\x88c\x95\t\xc2B\xd1\x07'), 'rssi': -53, 'gatt_supported': 0, 'adv_addr_type': 1, 'adv_addr': bytearray(b'\xc8c\x95\t\xc2\xc2')}}
2019-07-10 13:09:05,042 - INFO - tty.usbmodem0006822145041: {event: ProvUnprovisionedReceived, data: {'uuid': bytearray(b'\x9d\xb7z\x05&\xb8sI\x88c\x95\t\xc2B\xd1\x07'), 'rssi': -53, 'gatt_supported': 0, 'adv_addr_type': 1, 'adv_addr': bytearray(b'\xc8c\x95\t\xc2\xc2')}}
2019-07-10 13:09:06,351 - DEBUG - tty.usbmodem0006822145041: Writing: 98 bytearray(b'')
2019-07-10 13:09:06,352 - DEBUG - tty.usbmodem0006822145041: TX: 0162
2019-07-10 13:09:06,352 - DEBUG - tty.usbmodem0006822145041: Writing: 99 bytearray(b'\x00\x9d\xb7z\x05&\xb8sI\x88c\x95\t\xc2B\xd1\x07\x18\xee\xd9\xc2\xa5j\xdd\x85\x04\x9f\xfc<Y\xad\x0e\x12\x00\x00\x00\x00\x00\x00\x10\x00\x00\x00\x00')
2019-07-10 13:09:06,352 - DEBUG - tty.usbmodem0006822145041: TX: 2d63009db77a0526b8734988639509c242d10718eed9c2a56add85049ffc3c59ad0e120000000000001000000000
2019-07-10 13:09:06,353 - DEBUG - tty.usbmodem0006822145041: RX: 03846200
2019-07-10 13:09:06,353 - DEBUG - tty.usbmodem0006822145041: parsed_packet {event: CmdRsp, data: {'opcode': 98, 'status': 0, 'data': bytearray(b'')}}
2019-07-10 13:09:06,354 - INFO - tty.usbmodem0006822145041: Success
2019-07-10 13:09:06,358 - DEBUG - tty.usbmodem0006822145041: RX: 0484630000
2019-07-10 13:09:06,359 - DEBUG - tty.usbmodem0006822145041: parsed_packet {event: CmdRsp, data: {'opcode': 99, 'status': 0, 'data': bytearray(b'\x00')}}
2019-07-10 13:09:06,359 - INFO - tty.usbmodem0006822145041: Provision: {'context': 0}
2019-07-10 13:09:06,428 - DEBUG - tty.usbmodem0006822145041: RX: 02c100
2019-07-10 13:09:06,428 - DEBUG - tty.usbmodem0006822145041: parsed_packet {event: ProvLinkEstablished, data: {'context_id': 0}}
2019-07-10 13:09:06,429 - INFO - tty.usbmodem0006822145041: {event: ProvLinkEstablished, data: {'context_id': 0}}
2019-07-10 13:09:06,429 - INFO - tty.usbmodem0006822145041: Link established
2019-07-10 13:09:06,485 - DEBUG - tty.usbmodem0006822145041: RX: 0bc3000e0001000000000000
2019-07-10 13:09:06,485 - DEBUG - tty.usbmodem0006822145041: parsed_packet {event: ProvCapsReceived, data: {'context_id': 0, 'num_elements': 14, 'public_key_type': 0, 'static_oob_types': 1, 'output_oob_size': 0, 'output_oob_actions': 0, 'input_oob_size': 0, 'input_oob_actions': 0}}
2019-07-10 13:09:06,485 - INFO - tty.usbmodem0006822145041: {event: ProvCapsReceived, data: {'context_id': 0, 'num_elements': 14, 'public_key_type': 0, 'static_oob_types': 1, 'output_oob_size': 0, 'output_oob_actions': 0, 'input_oob_size': 0, 'input_oob_actions': 0}}
2019-07-10 13:09:06,485 - INFO - tty.usbmodem0006822145041: Received capabilities
2019-07-10 13:09:06,485 - INFO - tty.usbmodem0006822145041: Number of elements: 14
2019-07-10 13:09:06,486 - DEBUG - tty.usbmodem0006822145041: Writing: 102 bytearray(b'\x00\x00\x00\x00')
2019-07-10 13:09:06,486 - DEBUG - tty.usbmodem0006822145041: TX: 056600000000
2019-07-10 13:09:06,488 - DEBUG - tty.usbmodem0006822145041: RX: 0484660000
2019-07-10 13:09:06,489 - DEBUG - tty.usbmodem0006822145041: parsed_packet {event: CmdRsp, data: {'opcode': 102, 'status': 0, 'data': bytearray(b'\x00')}}
2019-07-10 13:09:06,489 - INFO - tty.usbmodem0006822145041: OobUse: {'context': 0}
2019-07-10 13:09:06,691 - DEBUG - tty.usbmodem0006822145041: RX: 62c700d3cd2cdbccd9bb5292ef74eb45aea5ea6d251558dc83490427176b70b301f55b5a18885aa00f2f1cebf96ef284db0fd7aa0846ff17f0013ac3bfd3fc3229c0b72f608d49c9e176fbe0692a4aa3bfef42b474d14d5a8743fe2414a9033862114f
2019-07-10 13:09:06,691 - DEBUG - tty.usbmodem0006822145041: parsed_packet {event: ProvEcdhRequest, data: {'context_id': 0, 'peer_public': bytearray(b"\xd3\xcd,\xdb\xcc\xd9\xbbR\x92\xeft\xebE\xae\xa5\xeam%\x15X\xdc\x83I\x04\'\x17kp\xb3\x01\xf5[Z\x18\x88Z\xa0\x0f/\x1c\xeb\xf9n\xf2\x84\xdb\x0f\xd7\xaa\x08F\xff\x17\xf0\x01:\xc3\xbf\xd3\xfc2)\xc0\xb7"), 'node_private': bytearray(b'/`\x8dI\xc9\xe1v\xfb\xe0i*J\xa3\xbf\xefB\xb4t\xd1MZ\x87C\xfe$\x14\xa9\x038b\x11O')}}
2019-07-10 13:09:06,691 - INFO - tty.usbmodem0006822145041: {event: ProvEcdhRequest, data: {'context_id': 0, 'peer_public': bytearray(b"\xd3\xcd,\xdb\xcc\xd9\xbbR\x92\xeft\xebE\xae\xa5\xeam%\x15X\xdc\x83I\x04\'\x17kp\xb3\x01\xf5[Z\x18\x88Z\xa0\x0f/\x1c\xeb\xf9n\xf2\x84\xdb\x0f\xd7\xaa\x08F\xff\x17\xf0\x01:\xc3\xbf\xd3\xfc2)\xc0\xb7"), 'node_private': bytearray(b'/`\x8dI\xc9\xe1v\xfb\xe0i*J\xa3\xbf\xefB\xb4t\xd1MZ\x87C\xfe$\x14\xa9\x038b\x11O')}}
2019-07-10 13:09:06,691 - INFO - tty.usbmodem0006822145041: ECDH request received
2019-07-10 13:09:06,696 - DEBUG - tty.usbmodem0006822145041: Writing: 104 bytearray(b'\x00T\xa2u\x18\xac5\x82\x84\x82\x17\xea!\x86\xf2\xca\x02Sj\xe3V\xf4&\xb1\x8aYBN\xbfLQ\xef\xe6')
2019-07-10 13:09:06,696 - DEBUG - tty.usbmodem0006822145041: TX: 22680054a27518ac3582848217ea2186f2ca02536ae356f426b18a59424ebf4c51efe6
2019-07-10 13:09:06,702 - DEBUG - tty.usbmodem0006822145041: RX: 0484680000
2019-07-10 13:09:06,702 - DEBUG - tty.usbmodem0006822145041: parsed_packet {event: CmdRsp, data: {'opcode': 104, 'status': 0, 'data': bytearray(b'\x00')}}
2019-07-10 13:09:06,702 - INFO - tty.usbmodem0006822145041: EcdhSecret: {'context': 0}
2019-07-10 13:09:07,020 - DEBUG - tty.usbmodem0006822145041: RX: 2cc500000000000000100000006504af3335cd5399ddde241b590ce34c18eed9c2a56add85049ffc3c59ad0e12
2019-07-10 13:09:07,021 - DEBUG - tty.usbmodem0006822145041: parsed_packet {event: ProvComplete, data: {'context_id': 0, 'iv_index': 0, 'net_key_index': 0, 'address': 16, 'iv_update_flag': 0, 'key_refresh_flag': 0, 'device_key': bytearray(b'e\x04\xaf35\xcdS\x99\xdd\xde$\x1bY\x0c\xe3L'), 'net_key': bytearray(b'\x18\xee\xd9\xc2\xa5j\xdd\x85\x04\x9f\xfc<Y\xad\x0e\x12')}}
2019-07-10 13:09:07,021 - INFO - tty.usbmodem0006822145041: {event: ProvComplete, data: {'context_id': 0, 'iv_index': 0, 'net_key_index': 0, 'address': 16, 'iv_update_flag': 0, 'key_refresh_flag': 0, 'device_key': bytearray(b'e\x04\xaf35\xcdS\x99\xdd\xde$\x1bY\x0c\xe3L'), 'net_key': bytearray(b'\x18\xee\xd9\xc2\xa5j\xdd\x85\x04\x9f\xfc<Y\xad\x0e\x12')}}
2019-07-10 13:09:13,024 - INFO - tty.usbmodem0006822145041: Provisioning complete
2019-07-10 13:09:13,025 - INFO - tty.usbmodem0006822145041: 	Address(es): 0x10-0x1d
2019-07-10 13:09:13,025 - INFO - tty.usbmodem0006822145041: 	Device key: 6504af3335cd5399ddde241b590ce34c
2019-07-10 13:09:13,025 - INFO - tty.usbmodem0006822145041: 	Network key: 18eed9c2a56add85049ffc3c59ad0e12
2019-07-10 13:09:13,025 - DEBUG - tty.usbmodem0006822145041.ConfigurationClient: Sending opcode: 8008, data: 00
2019-07-10 13:09:13,025 - INFO - tty.usbmodem0006822145041: Adding device key to subnet 0
2019-07-10 13:09:13,026 - DEBUG - tty.usbmodem0006822145041.ConfigurationClient: Sending opcode: 00, data: 0000004f68ad85d9f48ac8589df665b6b49b8a
2019-07-10 13:09:13,026 - DEBUG - tty.usbmodem0006822145041: Writing: 171 bytearray(b'\x08\x00\x01\x00\x00\x00\x08\x00\x00\x00\x80\x08\x00')
2019-07-10 13:09:13,026 - INFO - tty.usbmodem0006822145041: Adding publication address of root element
2019-07-10 13:09:13,026 - DEBUG - tty.usbmodem0006822145041: TX: 0eab08000100000008000000800800
2019-07-10 13:09:13,027 - DEBUG - tty.usbmodem0006822145041: Writing: 156 bytearray(b'\x10\x00\x00\x00e\x04\xaf35\xcdS\x99\xdd\xde$\x1bY\x0c\xe3L')
2019-07-10 13:09:13,027 - DEBUG - tty.usbmodem0006822145041: TX: 159c100000006504af3335cd5399ddde241b590ce34c
2019-07-10 13:09:13,029 - DEBUG - tty.usbmodem0006822145041: RX: 03c20000
2019-07-10 13:09:13,029 - DEBUG - tty.usbmodem0006822145041: parsed_packet {event: ProvLinkClosed, data: {'context_id': 0, 'close_reason': 0}}
2019-07-10 13:09:13,029 - INFO - tty.usbmodem0006822145041: {event: ProvLinkClosed, data: {'context_id': 0, 'close_reason': 0}}
2019-07-10 13:09:13,029 - DEBUG - tty.usbmodem0006822145041: Writing: 171 bytearray(b'\x08\x00\x01\x00\x00\x00\x08\x00\x00\x00\x00\x00\x00\x00Oh\xad\x85\xd9\xf4\x8a\xc8X\x9d\xf6e\xb6\xb4\x9b\x8a')
2019-07-10 13:09:13,029 - INFO - tty.usbmodem0006822145041: Provisioning link closed
2019-07-10 13:09:13,029 - DEBUG - tty.usbmodem0006822145041: TX: 1fab08000100000008000000000000004f68ad85d9f48ac8589df665b6b49b8a
2019-07-10 13:09:13,030 - DEBUG - tty.usbmodem0006822145041: RX: 0384ab8e
2019-07-10 13:09:13,030 - DEBUG - tty.usbmodem0006822145041: parsed_packet {event: CmdRsp, data: {'opcode': 171, 'status': 142, 'data': bytearray(b'')}}
2019-07-10 13:09:13,030 - ERROR - tty.usbmodem0006822145041: PacketSend: ERROR_REJECTED
2019-07-10 13:09:13,030 - DEBUG - tty.usbmodem0006822145041: Writing: 164 bytearray(b'\x10\x00')
2019-07-10 13:09:13,030 - DEBUG - tty.usbmodem0006822145041: TX: 03a41000
2019-07-10 13:09:13,032 - DEBUG - tty.usbmodem0006822145041: RX: 05849c000800
2019-07-10 13:09:13,032 - DEBUG - tty.usbmodem0006822145041: parsed_packet {event: CmdRsp, data: {'opcode': 156, 'status': 0, 'data': bytearray(b'\x08\x00')}}
2019-07-10 13:09:13,032 - INFO - tty.usbmodem0006822145041: DevkeyAdd: {'devkey_handle': 8}
2019-07-10 13:09:13,035 - DEBUG - tty.usbmodem0006822145041: RX: 0384ab8e
2019-07-10 13:09:13,035 - DEBUG - tty.usbmodem0006822145041: parsed_packet {event: CmdRsp, data: {'opcode': 171, 'status': 142, 'data': bytearray(b'')}}
2019-07-10 13:09:13,035 - ERROR - tty.usbmodem0006822145041: PacketSend: ERROR_REJECTED
2019-07-10 13:09:13,035 - DEBUG - tty.usbmodem0006822145041: RX: 0584a4000000
2019-07-10 13:09:13,035 - DEBUG - tty.usbmodem0006822145041: parsed_packet {event: CmdRsp, data: {'opcode': 164, 'status': 0, 'data': bytearray(b'\x00\x00')}}
2019-07-10 13:09:13,036 - INFO - tty.usbmodem0006822145041: AddrPublicationAdd: {'address_handle': 0}
2019-07-10 13:09:13,036 - ERROR - tty.usbmodem0006822145041: Error storing address handle: pop from empty list
