2019-08-12 15:18:08,452 - INFO - tty.usbmodem0006822145041.MeshConfigurer: 

2019-08-12 15:18:08,453 - DEBUG - tty.usbmodem0006822145041: Writing: 105 bytearray(b'\xe1\xc4{0\xb5\xc5\xad\x9c\x9d$\x1d\xae\x98oq?\x90\xce\xc6\xfb\xe8w\xd1M\xfe\xc3\x9b7\xf8^\xf9\xc2\xc79g\xc5\xc3\x80\xbd\x8b\xef\xb1T\xf3\r\x86&\x93cC2\xe4\xc9\xf8\xe0\xed\xe4\x86\x9bGs\xa4\xc0b\x7f\xa7f/q\xcd?F\xe3\xe71h\x80\xf2\x84\xe9\x05q{\x1b\xfb\x8fZI@Y\xc5\xc1Q}\x9e\xef')
2019-08-12 15:18:08,454 - INFO - tty.usbmodem0006822145041.MeshConfigurer: Sending next message
2019-08-12 15:18:08,456 - DEBUG - tty.usbmodem0006822145041: TX: 6169e1c47b30b5c5ad9c9d241dae986f713f90cec6fbe877d14dfec39b37f85ef9c2c73967c5c380bd8befb154f30d862693634332e4c9f8e0ede4869b4773a4c0627fa7662f71cd3f46e3e7316880f284e905717b1bfb8f5a494059c5c1517d9eef
2019-08-12 15:18:08,475 - DEBUG - tty.usbmodem0006822145041: RX: 03845384
2019-08-12 15:18:08,476 - DEBUG - tty.usbmodem0006822145041: parsed_packet {event: CmdRsp, data: {'opcode': 83, 'status': 132, 'data': bytearray(b'')}}
2019-08-12 15:18:08,476 - ERROR - tty.usbmodem0006822145041: None: ERROR_INVALID_LENGTH
2019-08-12 15:18:08,476 - DEBUG - tty.usbmodem0006822145041: RX: 03840084
2019-08-12 15:18:08,476 - DEBUG - tty.usbmodem0006822145041: parsed_packet {event: CmdRsp, data: {'opcode': 0, 'status': 132, 'data': bytearray(b'')}}
2019-08-12 15:18:08,477 - ERROR - tty.usbmodem0006822145041: None: ERROR_INVALID_LENGTH
2019-08-12 15:18:08,477 - DEBUG - tty.usbmodem0006822145041: RX: 03840084
2019-08-12 15:18:08,477 - DEBUG - tty.usbmodem0006822145041: parsed_packet {event: CmdRsp, data: {'opcode': 0, 'status': 132, 'data': bytearray(b'')}}
2019-08-12 15:18:08,477 - ERROR - tty.usbmodem0006822145041: None: ERROR_INVALID_LENGTH
2019-08-12 15:18:08,506 - DEBUG - tty.usbmodem0006822145041: Writing: 159 bytearray(b'\x01\x00\x01\x00')
2019-08-12 15:18:08,539 - DEBUG - tty.usbmodem0006822145041: TX: 059f01000100
2019-08-12 15:18:08,540 - DEBUG - tty.usbmodem0006822145041: RX: 03840084
2019-08-12 15:18:08,542 - DEBUG - tty.usbmodem0006822145041: parsed_packet {event: CmdRsp, data: {'opcode': 0, 'status': 132, 'data': bytearray(b'')}}
2019-08-12 15:18:08,542 - ERROR - tty.usbmodem0006822145041: None: ERROR_INVALID_LENGTH
2019-08-12 15:18:08,547 - DEBUG - tty.usbmodem0006822145041: RX: 03840084
2019-08-12 15:18:08,548 - DEBUG - tty.usbmodem0006822145041: parsed_packet {event: CmdRsp, data: {'opcode': 0, 'status': 132, 'data': bytearray(b'')}}
2019-08-12 15:18:08,551 - ERROR - tty.usbmodem0006822145041: None: ERROR_INVALID_LENGTH
2019-08-12 15:18:08,551 - DEBUG - tty.usbmodem0006822145041: RX: 03840084
2019-08-12 15:18:08,551 - DEBUG - tty.usbmodem0006822145041: parsed_packet {event: CmdRsp, data: {'opcode': 0, 'status': 132, 'data': bytearray(b'')}}
2019-08-12 15:18:08,551 - ERROR - tty.usbmodem0006822145041: None: ERROR_INVALID_LENGTH
2019-08-12 15:18:08,567 - DEBUG - tty.usbmodem0006822145041: Writing: 146 bytearray(b'\x00\x00\x18\xee\xd9\xc2\xa5j\xdd\x85\x04\x9f\xfc<Y\xad\x0e\x12')
2019-08-12 15:18:08,571 - DEBUG - tty.usbmodem0006822145041: TX: 1392000018eed9c2a56add85049ffc3c59ad0e12
2019-08-12 15:18:08,572 - DEBUG - tty.usbmodem0006822145041: RX: 03840084
2019-08-12 15:18:08,572 - DEBUG - tty.usbmodem0006822145041: parsed_packet {event: CmdRsp, data: {'opcode': 0, 'status': 132, 'data': bytearray(b'')}}
2019-08-12 15:18:08,572 - ERROR - tty.usbmodem0006822145041: None: ERROR_INVALID_LENGTH
2019-08-12 15:18:08,573 - DEBUG - tty.usbmodem0006822145041: RX: 03840084
2019-08-12 15:18:08,573 - DEBUG - tty.usbmodem0006822145041: parsed_packet {event: CmdRsp, data: {'opcode': 0, 'status': 132, 'data': bytearray(b'')}}
2019-08-12 15:18:08,573 - ERROR - tty.usbmodem0006822145041: None: ERROR_INVALID_LENGTH
2019-08-12 15:18:08,574 - DEBUG - tty.usbmodem0006822145041: RX: 03840084
2019-08-12 15:18:08,574 - DEBUG - tty.usbmodem0006822145041: parsed_packet {event: CmdRsp, data: {'opcode': 0, 'status': 132, 'data': bytearray(b'')}}
2019-08-12 15:18:08,574 - ERROR - tty.usbmodem0006822145041: None: ERROR_INVALID_LENGTH
2019-08-12 15:18:08,575 - DEBUG - tty.usbmodem0006822145041: RX: 03840084
2019-08-12 15:18:08,575 - DEBUG - tty.usbmodem0006822145041: parsed_packet {event: CmdRsp, data: {'opcode': 0, 'status': 132, 'data': bytearray(b'')}}
2019-08-12 15:18:08,575 - ERROR - tty.usbmodem0006822145041: None: ERROR_INVALID_LENGTH
2019-08-12 15:18:08,576 - DEBUG - tty.usbmodem0006822145041: RX: 03840084
2019-08-12 15:18:08,576 - DEBUG - tty.usbmodem0006822145041: parsed_packet {event: CmdRsp, data: {'opcode': 0, 'status': 132, 'data': bytearray(b'')}}
2019-08-12 15:18:08,577 - ERROR - tty.usbmodem0006822145041: None: ERROR_INVALID_LENGTH
2019-08-12 15:18:08,577 - DEBUG - tty.usbmodem0006822145041: RX: 03840084
2019-08-12 15:18:08,578 - DEBUG - tty.usbmodem0006822145041: parsed_packet {event: CmdRsp, data: {'opcode': 0, 'status': 132, 'data': bytearray(b'')}}
2019-08-12 15:18:08,602 - DEBUG - tty.usbmodem0006822145041: Writing: 151 bytearray(b'\x00\x00\x00\x00Oh\xad\x85\xd9\xf4\x8a\xc8X\x9d\xf6e\xb6\xb4\x9b\x8a')
2019-08-12 15:18:08,603 - ERROR - tty.usbmodem0006822145041: None: ERROR_INVALID_LENGTH
2019-08-12 15:18:08,605 - DEBUG - tty.usbmodem0006822145041: TX: 1597000000004f68ad85d9f48ac8589df665b6b49b8a
2019-08-12 15:18:08,607 - DEBUG - tty.usbmodem0006822145041: RX: 03840084
2019-08-12 15:18:08,608 - DEBUG - tty.usbmodem0006822145041: parsed_packet {event: CmdRsp, data: {'opcode': 0, 'status': 132, 'data': bytearray(b'')}}
2019-08-12 15:18:08,608 - ERROR - tty.usbmodem0006822145041: None: ERROR_INVALID_LENGTH
2019-08-12 15:18:08,608 - DEBUG - tty.usbmodem0006822145041: RX: 03849f00
2019-08-12 15:18:08,609 - DEBUG - tty.usbmodem0006822145041: parsed_packet {event: CmdRsp, data: {'opcode': 159, 'status': 0, 'data': bytearray(b'')}}
2019-08-12 15:18:08,609 - INFO - tty.usbmodem0006822145041: Success
2019-08-12 15:18:08,616 - DEBUG - tty.usbmodem0006822145041: RX: 058492000000
2019-08-12 15:18:08,616 - DEBUG - tty.usbmodem0006822145041: parsed_packet {event: CmdRsp, data: {'opcode': 146, 'status': 0, 'data': bytearray(b'\x00\x00')}}
2019-08-12 15:18:08,617 - INFO - tty.usbmodem0006822145041: SubnetAdd: {'subnet_handle': 0}
2019-08-12 15:18:08,618 - DEBUG - tty.usbmodem0006822145041: RX: 058497000000
2019-08-12 15:18:08,618 - DEBUG - tty.usbmodem0006822145041: parsed_packet {event: CmdRsp, data: {'opcode': 151, 'status': 0, 'data': bytearray(b'\x00\x00')}}
2019-08-12 15:18:08,618 - INFO - tty.usbmodem0006822145041: AppkeyAdd: {'appkey_handle': 0}
2019-08-12 15:18:08,636 - DEBUG - tty.usbmodem0006822145041: Writing: 151 bytearray(b'\x01\x00\x00\x00*\xa2\xa6\xde\xd5\xa0y\x8c\xea\xb5x|\xa3\xae9\xfc')
2019-08-12 15:18:08,636 - DEBUG - tty.usbmodem0006822145041: TX: 1597010000002aa2a6ded5a0798ceab5787ca3ae39fc
2019-08-12 15:18:08,646 - DEBUG - tty.usbmodem0006822145041: RX: 058497000100
2019-08-12 15:18:08,652 - DEBUG - tty.usbmodem0006822145041: parsed_packet {event: CmdRsp, data: {'opcode': 151, 'status': 0, 'data': bytearray(b'\x01\x00')}}
2019-08-12 15:18:08,664 - DEBUG - tty.usbmodem0006822145041: Writing: 159 bytearray(b'\x01\x00\x01\x00')
2019-08-12 15:18:08,664 - INFO - tty.usbmodem0006822145041: AppkeyAdd: {'appkey_handle': 1}
2019-08-12 15:18:08,665 - DEBUG - tty.usbmodem0006822145041: TX: 059f01000100
2019-08-12 15:18:08,680 - DEBUG - tty.usbmodem0006822145041: RX: 03849f8e
2019-08-12 15:18:08,681 - DEBUG - tty.usbmodem0006822145041: parsed_packet {event: CmdRsp, data: {'opcode': 159, 'status': 142, 'data': bytearray(b'')}}
2019-08-12 15:18:08,683 - ERROR - tty.usbmodem0006822145041: None: ERROR_REJECTED
2019-08-12 15:18:08,695 - DEBUG - tty.usbmodem0006822145041: Writing: 146 bytearray(b'\x00\x00\x18\xee\xd9\xc2\xa5j\xdd\x85\x04\x9f\xfc<Y\xad\x0e\x12')
2019-08-12 15:18:08,695 - DEBUG - tty.usbmodem0006822145041: TX: 1392000018eed9c2a56add85049ffc3c59ad0e12
2019-08-12 15:18:08,704 - DEBUG - tty.usbmodem0006822145041: RX: 03849281
2019-08-12 15:18:08,705 - DEBUG - tty.usbmodem0006822145041: parsed_packet {event: CmdRsp, data: {'opcode': 146, 'status': 129, 'data': bytearray(b'')}}
2019-08-12 15:18:08,705 - ERROR - tty.usbmodem0006822145041: SubnetAdd: ERROR_INTERNAL
2019-08-12 15:18:08,721 - DEBUG - tty.usbmodem0006822145041: Writing: 151 bytearray(b'\x00\x00\x00\x00Oh\xad\x85\xd9\xf4\x8a\xc8X\x9d\xf6e\xb6\xb4\x9b\x8a')
2019-08-12 15:18:08,722 - DEBUG - tty.usbmodem0006822145041: TX: 1597000000004f68ad85d9f48ac8589df665b6b49b8a
2019-08-12 15:18:08,728 - DEBUG - tty.usbmodem0006822145041: RX: 03849781
2019-08-12 15:18:08,730 - DEBUG - tty.usbmodem0006822145041: parsed_packet {event: CmdRsp, data: {'opcode': 151, 'status': 129, 'data': bytearray(b'')}}
2019-08-12 15:18:08,730 - ERROR - tty.usbmodem0006822145041: AppkeyAdd: ERROR_INTERNAL
2019-08-12 15:18:08,749 - DEBUG - tty.usbmodem0006822145041: Writing: 151 bytearray(b'\x01\x00\x00\x00*\xa2\xa6\xde\xd5\xa0y\x8c\xea\xb5x|\xa3\xae9\xfc')
2019-08-12 15:18:08,761 - DEBUG - tty.usbmodem0006822145041: TX: 1597010000002aa2a6ded5a0798ceab5787ca3ae39fc
2019-08-12 15:18:08,793 - DEBUG - tty.usbmodem0006822145041: RX: 03849781
2019-08-12 15:18:08,793 - DEBUG - tty.usbmodem0006822145041: parsed_packet {event: CmdRsp, data: {'opcode': 151, 'status': 129, 'data': bytearray(b'')}}
2019-08-12 15:18:08,793 - ERROR - tty.usbmodem0006822145041: AppkeyAdd: ERROR_INTERNAL
2019-08-12 15:18:08,803 - DEBUG - tty.usbmodem0006822145041: Writing: 161 bytearray(b'\x01\xc0')
2019-08-12 15:18:08,809 - DEBUG - tty.usbmodem0006822145041: TX: 03a101c0
2019-08-12 15:18:08,817 - DEBUG - tty.usbmodem0006822145041: RX: 0584a1000000
2019-08-12 15:18:08,824 - DEBUG - tty.usbmodem0006822145041: parsed_packet {event: CmdRsp, data: {'opcode': 161, 'status': 0, 'data': bytearray(b'\x00\x00')}}
2019-08-12 15:18:08,825 - INFO - tty.usbmodem0006822145041: AddrSubscriptionAdd: {'address_handle': 0}
2019-08-12 15:18:08,825 - INFO - tty.usbmodem0006822145041.MeshConfigurer: 

2019-08-12 15:18:08,825 - INFO - tty.usbmodem0006822145041.MeshConfigurer: Sending next message
2019-08-12 15:18:08,836 - DEBUG - tty.usbmodem0006822145041: Writing: 164 bytearray(b'\x10\x00')
2019-08-12 15:18:08,848 - DEBUG - tty.usbmodem0006822145041: TX: 03a41000
2019-08-12 15:18:08,861 - DEBUG - tty.usbmodem0006822145041: RX: 0584a4000100
2019-08-12 15:18:08,861 - DEBUG - tty.usbmodem0006822145041: parsed_packet {event: CmdRsp, data: {'opcode': 164, 'status': 0, 'data': bytearray(b'\x01\x00')}}
2019-08-12 15:18:08,862 - INFO - tty.usbmodem0006822145041: AddrPublicationAdd: {'address_handle': 1}
2019-08-12 15:18:08,862 - INFO - tty.usbmodem0006822145041.MeshConfigurer: 

2019-08-12 15:18:08,862 - INFO - tty.usbmodem0006822145041.MeshConfigurer: Sending next message
2019-08-12 15:18:08,874 - DEBUG - tty.usbmodem0006822145041: Writing: 164 bytearray(b'\x11\x00')
2019-08-12 15:18:08,890 - DEBUG - tty.usbmodem0006822145041: TX: 03a41100
2019-08-12 15:18:08,907 - DEBUG - tty.usbmodem0006822145041: RX: 0584a4000200
2019-08-12 15:18:08,908 - DEBUG - tty.usbmodem0006822145041: parsed_packet {event: CmdRsp, data: {'opcode': 164, 'status': 0, 'data': bytearray(b'\x02\x00')}}
2019-08-12 15:18:08,908 - INFO - tty.usbmodem0006822145041: AddrPublicationAdd: {'address_handle': 2}
2019-08-12 15:18:08,908 - INFO - tty.usbmodem0006822145041.MeshConfigurer: 

2019-08-12 15:18:08,909 - INFO - tty.usbmodem0006822145041.MeshConfigurer: Sending next message
2019-08-12 15:18:08,918 - DEBUG - tty.usbmodem0006822145041: Writing: 164 bytearray(b'\x12\x00')
2019-08-12 15:18:08,918 - DEBUG - tty.usbmodem0006822145041: TX: 03a41200
2019-08-12 15:18:08,921 - DEBUG - tty.usbmodem0006822145041: RX: 0584a4000300
2019-08-12 15:18:08,921 - DEBUG - tty.usbmodem0006822145041: parsed_packet {event: CmdRsp, data: {'opcode': 164, 'status': 0, 'data': bytearray(b'\x03\x00')}}
2019-08-12 15:18:08,922 - INFO - tty.usbmodem0006822145041: AddrPublicationAdd: {'address_handle': 3}
2019-08-12 15:18:08,922 - INFO - tty.usbmodem0006822145041.MeshConfigurer: 

2019-08-12 15:18:08,922 - INFO - tty.usbmodem0006822145041.MeshConfigurer: Sending next message
2019-08-12 15:18:08,946 - DEBUG - tty.usbmodem0006822145041: Writing: 164 bytearray(b'\x13\x00')
2019-08-12 15:18:08,946 - DEBUG - tty.usbmodem0006822145041: TX: 03a41300
2019-08-12 15:18:08,956 - DEBUG - tty.usbmodem0006822145041: RX: 0584a4000400
2019-08-12 15:18:08,960 - DEBUG - tty.usbmodem0006822145041: parsed_packet {event: CmdRsp, data: {'opcode': 164, 'status': 0, 'data': bytearray(b'\x04\x00')}}
2019-08-12 15:18:08,960 - INFO - tty.usbmodem0006822145041: AddrPublicationAdd: {'address_handle': 4}
2019-08-12 15:18:08,961 - INFO - tty.usbmodem0006822145041.MeshConfigurer: 

2019-08-12 15:18:08,961 - INFO - tty.usbmodem0006822145041.MeshConfigurer: Sending next message
2019-08-12 15:18:08,968 - DEBUG - tty.usbmodem0006822145041: Writing: 164 bytearray(b'\x14\x00')
2019-08-12 15:18:08,969 - DEBUG - tty.usbmodem0006822145041: TX: 03a41400
2019-08-12 15:18:08,978 - DEBUG - tty.usbmodem0006822145041: RX: 0584a4000500
2019-08-12 15:18:08,979 - DEBUG - tty.usbmodem0006822145041: parsed_packet {event: CmdRsp, data: {'opcode': 164, 'status': 0, 'data': bytearray(b'\x05\x00')}}
2019-08-12 15:18:08,981 - INFO - tty.usbmodem0006822145041: AddrPublicationAdd: {'address_handle': 5}
2019-08-12 15:18:08,982 - INFO - tty.usbmodem0006822145041.MeshConfigurer: 

2019-08-12 15:18:08,983 - INFO - tty.usbmodem0006822145041.MeshConfigurer: Sending next message
2019-08-12 15:18:08,995 - DEBUG - tty.usbmodem0006822145041: Writing: 164 bytearray(b'\x15\x00')
2019-08-12 15:18:09,008 - DEBUG - tty.usbmodem0006822145041: TX: 03a41500
2019-08-12 15:18:09,023 - DEBUG - tty.usbmodem0006822145041: RX: 0584a4000600
2019-08-12 15:18:09,025 - DEBUG - tty.usbmodem0006822145041: parsed_packet {event: CmdRsp, data: {'opcode': 164, 'status': 0, 'data': bytearray(b'\x06\x00')}}
2019-08-12 15:18:09,025 - INFO - tty.usbmodem0006822145041: AddrPublicationAdd: {'address_handle': 6}
2019-08-12 15:18:09,038 - INFO - tty.usbmodem0006822145041.MeshConfigurer: 

2019-08-12 15:18:09,048 - INFO - tty.usbmodem0006822145041.MeshConfigurer: Sending next message
2019-08-12 15:18:09,049 - DEBUG - tty.usbmodem0006822145041: Writing: 164 bytearray(b'\x16\x00')
2019-08-12 15:18:09,050 - DEBUG - tty.usbmodem0006822145041: TX: 03a41600
2019-08-12 15:18:09,053 - DEBUG - tty.usbmodem0006822145041: RX: 0584a4000700
2019-08-12 15:18:09,053 - DEBUG - tty.usbmodem0006822145041: parsed_packet {event: CmdRsp, data: {'opcode': 164, 'status': 0, 'data': bytearray(b'\x07\x00')}}
2019-08-12 15:18:09,054 - INFO - tty.usbmodem0006822145041: AddrPublicationAdd: {'address_handle': 7}
2019-08-12 15:18:09,054 - INFO - tty.usbmodem0006822145041.MeshConfigurer: 

2019-08-12 15:18:09,054 - INFO - tty.usbmodem0006822145041.MeshConfigurer: Sending next message
2019-08-12 15:18:09,077 - DEBUG - tty.usbmodem0006822145041: Writing: 164 bytearray(b'\x17\x00')
2019-08-12 15:18:09,077 - DEBUG - tty.usbmodem0006822145041: TX: 03a41700
2019-08-12 15:18:09,080 - DEBUG - tty.usbmodem0006822145041: RX: 0584a4000800
2019-08-12 15:18:09,080 - DEBUG - tty.usbmodem0006822145041: parsed_packet {event: CmdRsp, data: {'opcode': 164, 'status': 0, 'data': bytearray(b'\x08\x00')}}
2019-08-12 15:18:09,080 - INFO - tty.usbmodem0006822145041: AddrPublicationAdd: {'address_handle': 8}
2019-08-12 15:18:09,081 - INFO - tty.usbmodem0006822145041.MeshConfigurer: 

2019-08-12 15:18:09,081 - INFO - tty.usbmodem0006822145041.MeshConfigurer: Sending next message
2019-08-12 15:18:09,100 - DEBUG - tty.usbmodem0006822145041: Writing: 164 bytearray(b'\x18\x00')
2019-08-12 15:18:09,100 - DEBUG - tty.usbmodem0006822145041: TX: 03a41800
2019-08-12 15:18:09,103 - DEBUG - tty.usbmodem0006822145041: RX: 0584a4000900
2019-08-12 15:18:09,103 - DEBUG - tty.usbmodem0006822145041: parsed_packet {event: CmdRsp, data: {'opcode': 164, 'status': 0, 'data': bytearray(b'\t\x00')}}
2019-08-12 15:18:09,104 - INFO - tty.usbmodem0006822145041: AddrPublicationAdd: {'address_handle': 9}
2019-08-12 15:18:09,104 - INFO - tty.usbmodem0006822145041.MeshConfigurer: 

2019-08-12 15:18:09,104 - INFO - tty.usbmodem0006822145041.MeshConfigurer: Sending next message
2019-08-12 15:18:09,124 - DEBUG - tty.usbmodem0006822145041: Writing: 164 bytearray(b'\x19\x00')
2019-08-12 15:18:09,124 - DEBUG - tty.usbmodem0006822145041: TX: 03a41900
2019-08-12 15:18:09,126 - DEBUG - tty.usbmodem0006822145041: RX: 0584a4000a00
2019-08-12 15:18:09,127 - DEBUG - tty.usbmodem0006822145041: parsed_packet {event: CmdRsp, data: {'opcode': 164, 'status': 0, 'data': bytearray(b'\n\x00')}}
2019-08-12 15:18:09,127 - INFO - tty.usbmodem0006822145041: AddrPublicationAdd: {'address_handle': 10}
2019-08-12 15:18:09,128 - INFO - tty.usbmodem0006822145041.MeshConfigurer: 

2019-08-12 15:18:09,128 - INFO - tty.usbmodem0006822145041.MeshConfigurer: Sending next message
2019-08-12 15:18:09,147 - DEBUG - tty.usbmodem0006822145041: Writing: 164 bytearray(b'\x1a\x00')
2019-08-12 15:18:09,148 - DEBUG - tty.usbmodem0006822145041: TX: 03a41a00
2019-08-12 15:18:09,149 - DEBUG - tty.usbmodem0006822145041: RX: 0584a4000b00
2019-08-12 15:18:09,150 - DEBUG - tty.usbmodem0006822145041: parsed_packet {event: CmdRsp, data: {'opcode': 164, 'status': 0, 'data': bytearray(b'\x0b\x00')}}
2019-08-12 15:18:09,150 - INFO - tty.usbmodem0006822145041: AddrPublicationAdd: {'address_handle': 11}
2019-08-12 15:18:09,150 - INFO - tty.usbmodem0006822145041.MeshConfigurer: 

2019-08-12 15:18:09,151 - INFO - tty.usbmodem0006822145041.MeshConfigurer: Sending next message
2019-08-12 15:18:09,168 - DEBUG - tty.usbmodem0006822145041: Writing: 164 bytearray(b'\x1b\x00')
2019-08-12 15:18:09,169 - DEBUG - tty.usbmodem0006822145041: TX: 03a41b00
2019-08-12 15:18:09,171 - DEBUG - tty.usbmodem0006822145041: RX: 0584a4000c00
2019-08-12 15:18:09,171 - DEBUG - tty.usbmodem0006822145041: parsed_packet {event: CmdRsp, data: {'opcode': 164, 'status': 0, 'data': bytearray(b'\x0c\x00')}}
2019-08-12 15:18:09,171 - INFO - tty.usbmodem0006822145041: AddrPublicationAdd: {'address_handle': 12}
2019-08-12 15:18:09,171 - INFO - tty.usbmodem0006822145041.MeshConfigurer: 

2019-08-12 15:18:09,172 - INFO - tty.usbmodem0006822145041.MeshConfigurer: Sending next message
2019-08-12 15:18:09,190 - DEBUG - tty.usbmodem0006822145041: Writing: 164 bytearray(b'\x1c\x00')
2019-08-12 15:18:09,190 - DEBUG - tty.usbmodem0006822145041: TX: 03a41c00
2019-08-12 15:18:09,192 - DEBUG - tty.usbmodem0006822145041: RX: 0584a4000d00
2019-08-12 15:18:09,193 - DEBUG - tty.usbmodem0006822145041: parsed_packet {event: CmdRsp, data: {'opcode': 164, 'status': 0, 'data': bytearray(b'\r\x00')}}
2019-08-12 15:18:09,193 - INFO - tty.usbmodem0006822145041: AddrPublicationAdd: {'address_handle': 13}
2019-08-12 15:18:09,193 - INFO - tty.usbmodem0006822145041.MeshConfigurer: 

2019-08-12 15:18:09,194 - INFO - tty.usbmodem0006822145041.MeshConfigurer: Sending next message
2019-08-12 15:18:09,212 - DEBUG - tty.usbmodem0006822145041: Writing: 164 bytearray(b'\x1d\x00')
2019-08-12 15:18:09,213 - DEBUG - tty.usbmodem0006822145041: TX: 03a41d00
2019-08-12 15:18:09,215 - DEBUG - tty.usbmodem0006822145041: RX: 0584a4000e00
2019-08-12 15:18:09,215 - DEBUG - tty.usbmodem0006822145041: parsed_packet {event: CmdRsp, data: {'opcode': 164, 'status': 0, 'data': bytearray(b'\x0e\x00')}}
2019-08-12 15:18:09,215 - INFO - tty.usbmodem0006822145041: AddrPublicationAdd: {'address_handle': 14}
2019-08-12 15:18:09,215 - INFO - tty.usbmodem0006822145041.MeshConfigurer: 

2019-08-12 15:18:09,216 - INFO - tty.usbmodem0006822145041.MeshConfigurer: Sending next message
2019-08-12 15:18:09,233 - DEBUG - tty.usbmodem0006822145041: Writing: 156 bytearray(b'\x10\x00\x00\x00\xa9\xe5\xd6Tpn\x13\xfd\xdd%\xe8g\xd5\xc9\xc9\xa5')
2019-08-12 15:18:09,234 - DEBUG - tty.usbmodem0006822145041: TX: 159c10000000a9e5d654706e13fddd25e867d5c9c9a5
2019-08-12 15:18:09,242 - DEBUG - tty.usbmodem0006822145041: RX: 05849c000800
2019-08-12 15:18:09,242 - DEBUG - tty.usbmodem0006822145041: parsed_packet {event: CmdRsp, data: {'opcode': 156, 'status': 0, 'data': bytearray(b'\x08\x00')}}
2019-08-12 15:18:09,242 - INFO - tty.usbmodem0006822145041: DevkeyAdd: {'devkey_handle': 8}
2019-08-12 15:18:09,242 - INFO - tty.usbmodem0006822145041.MeshConfigurer: No Messages remaining
2019-08-12 15:18:17,603 - DEBUG - tty.usbmodem0006822145041: exited read event
