2019-07-22 19:02:35,822 - DEBUG - tty.usbmodem0006822145041: Writing: 14 bytearray(b'')
2019-07-22 19:02:35,823 - DEBUG - tty.usbmodem0006822145041: TX: 010e
2019-07-22 19:02:36,243 - DEBUG - tty.usbmodem0006822145041: RX: 04810200fe
2019-07-22 19:02:36,244 - DEBUG - tty.usbmodem0006822145041: parsed_packet {event: DeviceStarted, data: {'operating_mode': 2, 'hw_error': 0, 'data_credit_available': 254}}
2019-07-22 19:02:36,244 - INFO - tty.usbmodem0006822145041: Device rebooted.
2019-07-22 19:02:36,359 - DEBUG - tty.usbmodem0006822145041: Writing: 105 bytearray(b'k!r\xfa\x0b\x8b\xc4\x1a\xc9OS\x1f\xe3\x16\x01\xad*aw\xe7\xd8\x07\xe4\x18hEmF\xfdX\xb6v\x8e1\x1c\xd8Y\xd2^3\x1f\xa1\x0f\xeb\xc0]\xd9\x84\x7f\xd9v\xeb\xa2w\xf4s\xee\xb43\x7f?\xb5\xe7\xea\xc2\xff\x99\xdau\xf2\x8c\xeb\xbb\xb4\x16\xd7\xe0\xaev*\xb0\xd7\xc2=\xf8\x15\xfe~Q\xc7o\xf3\xc5\xfco\x8e')
2019-07-22 19:02:36,364 - DEBUG - tty.usbmodem0006822145041: TX: 61696b2172fa0b8bc41ac94f531fe31601ad2a6177e7d807e41868456d46fd58b6768e311cd859d25e331fa10febc05dd9847fd976eba277f473eeb4337f3fb5e7eac2ff99da75f28cebbbb416d7e0ae762ab0d7c23df815fe7e51c76ff3c5fc6f8e
2019-07-22 19:02:36,384 - INFO - tty.usbmodem0006822145041: 

2019-07-22 19:02:36,384 - INFO - tty.usbmodem0006822145041: Sending next message
2019-07-22 19:02:36,384 - DEBUG - tty.usbmodem0006822145041: RX: 03845384
2019-07-22 19:02:36,384 - DEBUG - tty.usbmodem0006822145041: parsed_packet {event: CmdRsp, data: {'opcode': 83, 'status': 132, 'data': bytearray(b'')}}
2019-07-22 19:02:36,385 - ERROR - tty.usbmodem0006822145041: None: ERROR_INVALID_LENGTH
2019-07-22 19:02:36,385 - DEBUG - tty.usbmodem0006822145041: Writing: 159 bytearray(b'\x01\x00\x01\x00')
2019-07-22 19:02:36,385 - DEBUG - tty.usbmodem0006822145041: TX: 059f01000100
2019-07-22 19:02:36,385 - DEBUG - tty.usbmodem0006822145041: RX: 03840084
2019-07-22 19:02:36,385 - DEBUG - tty.usbmodem0006822145041: parsed_packet {event: CmdRsp, data: {'opcode': 0, 'status': 132, 'data': bytearray(b'')}}
2019-07-22 19:02:36,385 - ERROR - tty.usbmodem0006822145041: None: ERROR_INVALID_LENGTH
2019-07-22 19:02:36,386 - DEBUG - tty.usbmodem0006822145041: Writing: 146 bytearray(b'\x00\x00\x18\xee\xd9\xc2\xa5j\xdd\x85\x04\x9f\xfc<Y\xad\x0e\x12')
2019-07-22 19:02:36,390 - DEBUG - tty.usbmodem0006822145041: TX: 1392000018eed9c2a56add85049ffc3c59ad0e12
2019-07-22 19:02:36,391 - DEBUG - tty.usbmodem0006822145041: RX: 03840084
2019-07-22 19:02:36,391 - DEBUG - tty.usbmodem0006822145041: parsed_packet {event: CmdRsp, data: {'opcode': 0, 'status': 132, 'data': bytearray(b'')}}
2019-07-22 19:02:36,391 - ERROR - tty.usbmodem0006822145041: None: ERROR_INVALID_LENGTH
2019-07-22 19:02:36,391 - DEBUG - tty.usbmodem0006822145041: Writing: 151 bytearray(b'\x00\x00\x00\x00Oh\xad\x85\xd9\xf4\x8a\xc8X\x9d\xf6e\xb6\xb4\x9b\x8a')
2019-07-22 19:02:36,392 - DEBUG - tty.usbmodem0006822145041: TX: 1597000000004f68ad85d9f48ac8589df665b6b49b8a
2019-07-22 19:02:36,392 - DEBUG - tty.usbmodem0006822145041: RX: 03840084
2019-07-22 19:02:36,392 - DEBUG - tty.usbmodem0006822145041: parsed_packet {event: CmdRsp, data: {'opcode': 0, 'status': 132, 'data': bytearray(b'')}}
2019-07-22 19:02:36,392 - ERROR - tty.usbmodem0006822145041: None: ERROR_INVALID_LENGTH
2019-07-22 19:02:36,392 - DEBUG - tty.usbmodem0006822145041: Writing: 151 bytearray(b'\x01\x00\x00\x00*\xa2\xa6\xde\xd5\xa0y\x8c\xea\xb5x|\xa3\xae9\xfc')
2019-07-22 19:02:36,393 - DEBUG - tty.usbmodem0006822145041: TX: 1597010000002aa2a6ded5a0798ceab5787ca3ae39fc
2019-07-22 19:02:36,393 - DEBUG - tty.usbmodem0006822145041: RX: 03840084
2019-07-22 19:02:36,393 - DEBUG - tty.usbmodem0006822145041: parsed_packet {event: CmdRsp, data: {'opcode': 0, 'status': 132, 'data': bytearray(b'')}}
2019-07-22 19:02:36,394 - ERROR - tty.usbmodem0006822145041: None: ERROR_INVALID_LENGTH
2019-07-22 19:02:36,394 - DEBUG - tty.usbmodem0006822145041: Writing: 164 bytearray(b'\x10\x00')
2019-07-22 19:02:36,394 - DEBUG - tty.usbmodem0006822145041: TX: 03a41000
2019-07-22 19:02:36,395 - DEBUG - tty.usbmodem0006822145041: RX: 03840084
2019-07-22 19:02:36,395 - DEBUG - tty.usbmodem0006822145041: parsed_packet {event: CmdRsp, data: {'opcode': 0, 'status': 132, 'data': bytearray(b'')}}
2019-07-22 19:02:36,395 - ERROR - tty.usbmodem0006822145041: None: ERROR_INVALID_LENGTH
2019-07-22 19:02:36,395 - DEBUG - tty.usbmodem0006822145041: RX: 03840084
2019-07-22 19:02:36,395 - DEBUG - tty.usbmodem0006822145041: parsed_packet {event: CmdRsp, data: {'opcode': 0, 'status': 132, 'data': bytearray(b'')}}
2019-07-22 19:02:36,396 - ERROR - tty.usbmodem0006822145041: None: ERROR_INVALID_LENGTH
2019-07-22 19:02:36,396 - DEBUG - tty.usbmodem0006822145041: RX: 03840084
2019-07-22 19:02:36,396 - DEBUG - tty.usbmodem0006822145041: parsed_packet {event: CmdRsp, data: {'opcode': 0, 'status': 132, 'data': bytearray(b'')}}
2019-07-22 19:02:36,397 - ERROR - tty.usbmodem0006822145041: None: ERROR_INVALID_LENGTH
2019-07-22 19:02:36,397 - DEBUG - tty.usbmodem0006822145041: RX: 03840084
2019-07-22 19:02:36,397 - DEBUG - tty.usbmodem0006822145041: parsed_packet {event: CmdRsp, data: {'opcode': 0, 'status': 132, 'data': bytearray(b'')}}
2019-07-22 19:02:36,397 - ERROR - tty.usbmodem0006822145041: None: ERROR_INVALID_LENGTH
2019-07-22 19:02:36,397 - DEBUG - tty.usbmodem0006822145041: RX: 03840084
2019-07-22 19:02:36,397 - DEBUG - tty.usbmodem0006822145041: parsed_packet {event: CmdRsp, data: {'opcode': 0, 'status': 132, 'data': bytearray(b'')}}
2019-07-22 19:02:36,397 - ERROR - tty.usbmodem0006822145041: None: ERROR_INVALID_LENGTH
2019-07-22 19:02:36,397 - DEBUG - tty.usbmodem0006822145041: RX: 03840084
2019-07-22 19:02:36,398 - DEBUG - tty.usbmodem0006822145041: parsed_packet {event: CmdRsp, data: {'opcode': 0, 'status': 132, 'data': bytearray(b'')}}
2019-07-22 19:02:36,406 - ERROR - tty.usbmodem0006822145041: None: ERROR_INVALID_LENGTH
2019-07-22 19:02:36,406 - DEBUG - tty.usbmodem0006822145041: RX: 03840084
2019-07-22 19:02:36,406 - DEBUG - tty.usbmodem0006822145041: parsed_packet {event: CmdRsp, data: {'opcode': 0, 'status': 132, 'data': bytearray(b'')}}
2019-07-22 19:02:36,407 - ERROR - tty.usbmodem0006822145041: None: ERROR_INVALID_LENGTH
2019-07-22 19:02:36,408 - DEBUG - tty.usbmodem0006822145041: RX: 03840084
2019-07-22 19:02:36,408 - DEBUG - tty.usbmodem0006822145041: parsed_packet {event: CmdRsp, data: {'opcode': 0, 'status': 132, 'data': bytearray(b'')}}
2019-07-22 19:02:36,408 - ERROR - tty.usbmodem0006822145041: None: ERROR_INVALID_LENGTH
2019-07-22 19:02:36,409 - DEBUG - tty.usbmodem0006822145041: RX: 03849f00
2019-07-22 19:02:36,409 - DEBUG - tty.usbmodem0006822145041: parsed_packet {event: CmdRsp, data: {'opcode': 159, 'status': 0, 'data': bytearray(b'')}}
2019-07-22 19:02:36,409 - INFO - tty.usbmodem0006822145041: Success
2019-07-22 19:02:36,410 - DEBUG - tty.usbmodem0006822145041: RX: 058492000000
2019-07-22 19:02:36,410 - DEBUG - tty.usbmodem0006822145041: parsed_packet {event: CmdRsp, data: {'opcode': 146, 'status': 0, 'data': bytearray(b'\x00\x00')}}
2019-07-22 19:02:36,411 - INFO - tty.usbmodem0006822145041: SubnetAdd: {'subnet_handle': 0}
2019-07-22 19:02:36,412 - DEBUG - tty.usbmodem0006822145041: RX: 058497000000
2019-07-22 19:02:36,413 - DEBUG - tty.usbmodem0006822145041: parsed_packet {event: CmdRsp, data: {'opcode': 151, 'status': 0, 'data': bytearray(b'\x00\x00')}}
2019-07-22 19:02:36,413 - INFO - tty.usbmodem0006822145041: AppkeyAdd: {'appkey_handle': 0}
2019-07-22 19:02:36,413 - DEBUG - tty.usbmodem0006822145041: RX: 058497000100
2019-07-22 19:02:36,413 - DEBUG - tty.usbmodem0006822145041: parsed_packet {event: CmdRsp, data: {'opcode': 151, 'status': 0, 'data': bytearray(b'\x01\x00')}}
2019-07-22 19:02:36,413 - INFO - tty.usbmodem0006822145041: AppkeyAdd: {'appkey_handle': 1}
2019-07-22 19:02:36,413 - DEBUG - tty.usbmodem0006822145041: RX: 0584a4000000
2019-07-22 19:02:36,414 - DEBUG - tty.usbmodem0006822145041: parsed_packet {event: CmdRsp, data: {'opcode': 164, 'status': 0, 'data': bytearray(b'\x00\x00')}}
2019-07-22 19:02:36,414 - INFO - tty.usbmodem0006822145041: AddrPublicationAdd: {'address_handle': 0}
2019-07-22 19:02:36,429 - INFO - tty.usbmodem0006822145041: 

2019-07-22 19:02:36,429 - INFO - tty.usbmodem0006822145041: Sending next message
2019-07-22 19:02:36,430 - DEBUG - tty.usbmodem0006822145041: Writing: 161 bytearray(b'\x01\xc0')
2019-07-22 19:02:36,430 - DEBUG - tty.usbmodem0006822145041: TX: 03a101c0
2019-07-22 19:02:36,432 - DEBUG - tty.usbmodem0006822145041: RX: 0584a1000100
2019-07-22 19:02:36,432 - DEBUG - tty.usbmodem0006822145041: parsed_packet {event: CmdRsp, data: {'opcode': 161, 'status': 0, 'data': bytearray(b'\x01\x00')}}
2019-07-22 19:02:36,432 - INFO - tty.usbmodem0006822145041: AddrSubscriptionAdd: {'address_handle': 1}
2019-07-22 19:02:36,447 - INFO - tty.usbmodem0006822145041: 

2019-07-22 19:02:36,447 - INFO - tty.usbmodem0006822145041: Sending next message
2019-07-22 19:02:36,447 - DEBUG - tty.usbmodem0006822145041: Writing: 164 bytearray(b'\x11\x00')
2019-07-22 19:02:36,447 - DEBUG - tty.usbmodem0006822145041: TX: 03a41100
2019-07-22 19:02:36,449 - DEBUG - tty.usbmodem0006822145041: RX: 0584a4000200
2019-07-22 19:02:36,449 - DEBUG - tty.usbmodem0006822145041: parsed_packet {event: CmdRsp, data: {'opcode': 164, 'status': 0, 'data': bytearray(b'\x02\x00')}}
2019-07-22 19:02:36,449 - INFO - tty.usbmodem0006822145041: AddrPublicationAdd: {'address_handle': 2}
2019-07-22 19:02:36,464 - INFO - tty.usbmodem0006822145041: 

2019-07-22 19:02:36,464 - INFO - tty.usbmodem0006822145041: Sending next message
2019-07-22 19:02:36,465 - DEBUG - tty.usbmodem0006822145041: Writing: 164 bytearray(b'\x12\x00')
2019-07-22 19:02:36,465 - DEBUG - tty.usbmodem0006822145041: TX: 03a41200
2019-07-22 19:02:36,466 - DEBUG - tty.usbmodem0006822145041: RX: 0584a4000300
2019-07-22 19:02:36,466 - DEBUG - tty.usbmodem0006822145041: parsed_packet {event: CmdRsp, data: {'opcode': 164, 'status': 0, 'data': bytearray(b'\x03\x00')}}
2019-07-22 19:02:36,466 - INFO - tty.usbmodem0006822145041: AddrPublicationAdd: {'address_handle': 3}
2019-07-22 19:02:36,479 - INFO - tty.usbmodem0006822145041: 

2019-07-22 19:02:36,479 - INFO - tty.usbmodem0006822145041: Sending next message
2019-07-22 19:02:36,480 - DEBUG - tty.usbmodem0006822145041: Writing: 164 bytearray(b'\x13\x00')
2019-07-22 19:02:36,481 - DEBUG - tty.usbmodem0006822145041: TX: 03a41300
2019-07-22 19:02:36,483 - DEBUG - tty.usbmodem0006822145041: RX: 0584a4000400
2019-07-22 19:02:36,483 - DEBUG - tty.usbmodem0006822145041: parsed_packet {event: CmdRsp, data: {'opcode': 164, 'status': 0, 'data': bytearray(b'\x04\x00')}}
2019-07-22 19:02:36,483 - INFO - tty.usbmodem0006822145041: AddrPublicationAdd: {'address_handle': 4}
2019-07-22 19:02:36,497 - INFO - tty.usbmodem0006822145041: 

2019-07-22 19:02:36,497 - INFO - tty.usbmodem0006822145041: Sending next message
2019-07-22 19:02:36,498 - DEBUG - tty.usbmodem0006822145041: Writing: 164 bytearray(b'\x14\x00')
2019-07-22 19:02:36,498 - DEBUG - tty.usbmodem0006822145041: TX: 03a41400
2019-07-22 19:02:36,499 - DEBUG - tty.usbmodem0006822145041: RX: 0584a4000500
2019-07-22 19:02:36,499 - DEBUG - tty.usbmodem0006822145041: parsed_packet {event: CmdRsp, data: {'opcode': 164, 'status': 0, 'data': bytearray(b'\x05\x00')}}
2019-07-22 19:02:36,499 - INFO - tty.usbmodem0006822145041: AddrPublicationAdd: {'address_handle': 5}
2019-07-22 19:02:36,512 - INFO - tty.usbmodem0006822145041: 

2019-07-22 19:02:36,512 - INFO - tty.usbmodem0006822145041: Sending next message
2019-07-22 19:02:36,513 - DEBUG - tty.usbmodem0006822145041: Writing: 164 bytearray(b'\x15\x00')
2019-07-22 19:02:36,513 - DEBUG - tty.usbmodem0006822145041: TX: 03a41500
2019-07-22 19:02:36,515 - DEBUG - tty.usbmodem0006822145041: RX: 0584a4000600
2019-07-22 19:02:36,515 - DEBUG - tty.usbmodem0006822145041: parsed_packet {event: CmdRsp, data: {'opcode': 164, 'status': 0, 'data': bytearray(b'\x06\x00')}}
2019-07-22 19:02:36,516 - INFO - tty.usbmodem0006822145041: AddrPublicationAdd: {'address_handle': 6}
2019-07-22 19:02:36,528 - INFO - tty.usbmodem0006822145041: 

2019-07-22 19:02:36,528 - INFO - tty.usbmodem0006822145041: Sending next message
2019-07-22 19:02:36,528 - DEBUG - tty.usbmodem0006822145041: Writing: 164 bytearray(b'\x16\x00')
2019-07-22 19:02:36,529 - DEBUG - tty.usbmodem0006822145041: TX: 03a41600
2019-07-22 19:02:36,531 - DEBUG - tty.usbmodem0006822145041: RX: 0584a4000700
2019-07-22 19:02:36,531 - DEBUG - tty.usbmodem0006822145041: parsed_packet {event: CmdRsp, data: {'opcode': 164, 'status': 0, 'data': bytearray(b'\x07\x00')}}
2019-07-22 19:02:36,531 - INFO - tty.usbmodem0006822145041: AddrPublicationAdd: {'address_handle': 7}
2019-07-22 19:02:36,543 - INFO - tty.usbmodem0006822145041: 

2019-07-22 19:02:36,543 - INFO - tty.usbmodem0006822145041: Sending next message
2019-07-22 19:02:36,543 - DEBUG - tty.usbmodem0006822145041: Writing: 164 bytearray(b'\x17\x00')
2019-07-22 19:02:36,544 - DEBUG - tty.usbmodem0006822145041: TX: 03a41700
2019-07-22 19:02:36,545 - DEBUG - tty.usbmodem0006822145041: RX: 0584a4000800
2019-07-22 19:02:36,545 - DEBUG - tty.usbmodem0006822145041: parsed_packet {event: CmdRsp, data: {'opcode': 164, 'status': 0, 'data': bytearray(b'\x08\x00')}}
2019-07-22 19:02:36,546 - INFO - tty.usbmodem0006822145041: AddrPublicationAdd: {'address_handle': 8}
2019-07-22 19:02:36,559 - INFO - tty.usbmodem0006822145041: 

2019-07-22 19:02:36,559 - INFO - tty.usbmodem0006822145041: Sending next message
2019-07-22 19:02:36,560 - DEBUG - tty.usbmodem0006822145041: Writing: 164 bytearray(b'\x18\x00')
2019-07-22 19:02:36,560 - DEBUG - tty.usbmodem0006822145041: TX: 03a41800
2019-07-22 19:02:36,561 - DEBUG - tty.usbmodem0006822145041: RX: 0584a4000900
2019-07-22 19:02:36,562 - DEBUG - tty.usbmodem0006822145041: parsed_packet {event: CmdRsp, data: {'opcode': 164, 'status': 0, 'data': bytearray(b'\t\x00')}}
2019-07-22 19:02:36,562 - INFO - tty.usbmodem0006822145041: AddrPublicationAdd: {'address_handle': 9}
2019-07-22 19:02:36,576 - INFO - tty.usbmodem0006822145041: 

2019-07-22 19:02:36,576 - INFO - tty.usbmodem0006822145041: Sending next message
2019-07-22 19:02:36,576 - DEBUG - tty.usbmodem0006822145041: Writing: 164 bytearray(b'\x19\x00')
2019-07-22 19:02:36,576 - DEBUG - tty.usbmodem0006822145041: TX: 03a41900
2019-07-22 19:02:36,578 - DEBUG - tty.usbmodem0006822145041: RX: 0584a4000a00
2019-07-22 19:02:36,579 - DEBUG - tty.usbmodem0006822145041: parsed_packet {event: CmdRsp, data: {'opcode': 164, 'status': 0, 'data': bytearray(b'\n\x00')}}
2019-07-22 19:02:36,579 - INFO - tty.usbmodem0006822145041: AddrPublicationAdd: {'address_handle': 10}
2019-07-22 19:02:36,592 - INFO - tty.usbmodem0006822145041: 

2019-07-22 19:02:36,593 - INFO - tty.usbmodem0006822145041: Sending next message
2019-07-22 19:02:36,594 - DEBUG - tty.usbmodem0006822145041: Writing: 164 bytearray(b'\x1a\x00')
2019-07-22 19:02:36,594 - DEBUG - tty.usbmodem0006822145041: TX: 03a41a00
2019-07-22 19:02:36,596 - DEBUG - tty.usbmodem0006822145041: RX: 0584a4000b00
2019-07-22 19:02:36,597 - DEBUG - tty.usbmodem0006822145041: parsed_packet {event: CmdRsp, data: {'opcode': 164, 'status': 0, 'data': bytearray(b'\x0b\x00')}}
2019-07-22 19:02:36,597 - INFO - tty.usbmodem0006822145041: AddrPublicationAdd: {'address_handle': 11}
2019-07-22 19:02:36,611 - INFO - tty.usbmodem0006822145041: 

2019-07-22 19:02:36,611 - INFO - tty.usbmodem0006822145041: Sending next message
2019-07-22 19:02:36,612 - DEBUG - tty.usbmodem0006822145041: Writing: 164 bytearray(b'\x1b\x00')
2019-07-22 19:02:36,612 - DEBUG - tty.usbmodem0006822145041: TX: 03a41b00
2019-07-22 19:02:36,613 - DEBUG - tty.usbmodem0006822145041: RX: 0584a4000c00
2019-07-22 19:02:36,614 - DEBUG - tty.usbmodem0006822145041: parsed_packet {event: CmdRsp, data: {'opcode': 164, 'status': 0, 'data': bytearray(b'\x0c\x00')}}
2019-07-22 19:02:36,614 - INFO - tty.usbmodem0006822145041: AddrPublicationAdd: {'address_handle': 12}
2019-07-22 19:02:36,627 - INFO - tty.usbmodem0006822145041: 

2019-07-22 19:02:36,627 - INFO - tty.usbmodem0006822145041: Sending next message
2019-07-22 19:02:36,628 - DEBUG - tty.usbmodem0006822145041: Writing: 164 bytearray(b'\x1c\x00')
2019-07-22 19:02:36,628 - DEBUG - tty.usbmodem0006822145041: TX: 03a41c00
2019-07-22 19:02:36,629 - DEBUG - tty.usbmodem0006822145041: RX: 0584a4000d00
2019-07-22 19:02:36,630 - DEBUG - tty.usbmodem0006822145041: parsed_packet {event: CmdRsp, data: {'opcode': 164, 'status': 0, 'data': bytearray(b'\r\x00')}}
2019-07-22 19:02:36,630 - INFO - tty.usbmodem0006822145041: AddrPublicationAdd: {'address_handle': 13}
2019-07-22 19:02:36,642 - INFO - tty.usbmodem0006822145041: 

2019-07-22 19:02:36,642 - INFO - tty.usbmodem0006822145041: Sending next message
2019-07-22 19:02:36,643 - DEBUG - tty.usbmodem0006822145041: Writing: 164 bytearray(b'\x1d\x00')
2019-07-22 19:02:36,643 - DEBUG - tty.usbmodem0006822145041: TX: 03a41d00
2019-07-22 19:02:36,645 - DEBUG - tty.usbmodem0006822145041: RX: 0584a4000e00
2019-07-22 19:02:36,646 - DEBUG - tty.usbmodem0006822145041: parsed_packet {event: CmdRsp, data: {'opcode': 164, 'status': 0, 'data': bytearray(b'\x0e\x00')}}
2019-07-22 19:02:36,646 - INFO - tty.usbmodem0006822145041: AddrPublicationAdd: {'address_handle': 14}
2019-07-22 19:02:36,658 - INFO - tty.usbmodem0006822145041: 

2019-07-22 19:02:36,658 - INFO - tty.usbmodem0006822145041: Sending next message
2019-07-22 19:02:36,659 - DEBUG - tty.usbmodem0006822145041: Writing: 164 bytearray(b'\x1e\x00')
2019-07-22 19:02:36,659 - DEBUG - tty.usbmodem0006822145041: TX: 03a41e00
2019-07-22 19:02:36,660 - DEBUG - tty.usbmodem0006822145041: RX: 0584a4000f00
2019-07-22 19:02:36,661 - DEBUG - tty.usbmodem0006822145041: parsed_packet {event: CmdRsp, data: {'opcode': 164, 'status': 0, 'data': bytearray(b'\x0f\x00')}}
2019-07-22 19:02:36,661 - INFO - tty.usbmodem0006822145041: AddrPublicationAdd: {'address_handle': 15}
2019-07-22 19:02:36,675 - INFO - tty.usbmodem0006822145041: 

2019-07-22 19:02:36,675 - INFO - tty.usbmodem0006822145041: Sending next message
2019-07-22 19:02:36,675 - DEBUG - tty.usbmodem0006822145041: Writing: 164 bytearray(b'\x1f\x00')
2019-07-22 19:02:36,676 - DEBUG - tty.usbmodem0006822145041: TX: 03a41f00
2019-07-22 19:02:36,677 - DEBUG - tty.usbmodem0006822145041: RX: 0584a4001000
2019-07-22 19:02:36,677 - DEBUG - tty.usbmodem0006822145041: parsed_packet {event: CmdRsp, data: {'opcode': 164, 'status': 0, 'data': bytearray(b'\x10\x00')}}
2019-07-22 19:02:36,678 - INFO - tty.usbmodem0006822145041: AddrPublicationAdd: {'address_handle': 16}
2019-07-22 19:02:36,694 - INFO - tty.usbmodem0006822145041: 

2019-07-22 19:02:36,694 - INFO - tty.usbmodem0006822145041: Sending next message
2019-07-22 19:02:36,694 - DEBUG - tty.usbmodem0006822145041: Writing: 164 bytearray(b' \x00')
2019-07-22 19:02:36,694 - DEBUG - tty.usbmodem0006822145041: TX: 03a42000
2019-07-22 19:02:36,697 - DEBUG - tty.usbmodem0006822145041: RX: 0584a4001100
2019-07-22 19:02:36,697 - DEBUG - tty.usbmodem0006822145041: parsed_packet {event: CmdRsp, data: {'opcode': 164, 'status': 0, 'data': bytearray(b'\x11\x00')}}
2019-07-22 19:02:36,698 - INFO - tty.usbmodem0006822145041: AddrPublicationAdd: {'address_handle': 17}
2019-07-22 19:02:36,710 - INFO - tty.usbmodem0006822145041: 

2019-07-22 19:02:36,711 - INFO - tty.usbmodem0006822145041: Sending next message
2019-07-22 19:02:36,711 - DEBUG - tty.usbmodem0006822145041: Writing: 164 bytearray(b'!\x00')
2019-07-22 19:02:36,711 - DEBUG - tty.usbmodem0006822145041: TX: 03a42100
2019-07-22 19:02:36,713 - DEBUG - tty.usbmodem0006822145041: RX: 0584a4001200
2019-07-22 19:02:36,714 - DEBUG - tty.usbmodem0006822145041: parsed_packet {event: CmdRsp, data: {'opcode': 164, 'status': 0, 'data': bytearray(b'\x12\x00')}}
2019-07-22 19:02:36,715 - INFO - tty.usbmodem0006822145041: AddrPublicationAdd: {'address_handle': 18}
2019-07-22 19:02:36,728 - INFO - tty.usbmodem0006822145041: 

2019-07-22 19:02:36,729 - INFO - tty.usbmodem0006822145041: Sending next message
2019-07-22 19:02:36,729 - DEBUG - tty.usbmodem0006822145041: Writing: 164 bytearray(b'"\x00')
2019-07-22 19:02:36,729 - DEBUG - tty.usbmodem0006822145041: TX: 03a42200
2019-07-22 19:02:36,731 - DEBUG - tty.usbmodem0006822145041: RX: 0584a4001300
2019-07-22 19:02:36,731 - DEBUG - tty.usbmodem0006822145041: parsed_packet {event: CmdRsp, data: {'opcode': 164, 'status': 0, 'data': bytearray(b'\x13\x00')}}
2019-07-22 19:02:36,732 - INFO - tty.usbmodem0006822145041: AddrPublicationAdd: {'address_handle': 19}
2019-07-22 19:02:36,745 - INFO - tty.usbmodem0006822145041: 

2019-07-22 19:02:36,745 - INFO - tty.usbmodem0006822145041: Sending next message
2019-07-22 19:02:36,745 - DEBUG - tty.usbmodem0006822145041: Writing: 164 bytearray(b'#\x00')
2019-07-22 19:02:36,745 - DEBUG - tty.usbmodem0006822145041: TX: 03a42300
2019-07-22 19:02:36,748 - DEBUG - tty.usbmodem0006822145041: RX: 0584a4001400
2019-07-22 19:02:36,748 - DEBUG - tty.usbmodem0006822145041: parsed_packet {event: CmdRsp, data: {'opcode': 164, 'status': 0, 'data': bytearray(b'\x14\x00')}}
2019-07-22 19:02:36,748 - INFO - tty.usbmodem0006822145041: AddrPublicationAdd: {'address_handle': 20}
2019-07-22 19:02:36,761 - INFO - tty.usbmodem0006822145041: 

2019-07-22 19:02:36,761 - INFO - tty.usbmodem0006822145041: Sending next message
2019-07-22 19:02:36,761 - DEBUG - tty.usbmodem0006822145041: Writing: 164 bytearray(b'$\x00')
2019-07-22 19:02:36,761 - DEBUG - tty.usbmodem0006822145041: TX: 03a42400
2019-07-22 19:02:36,763 - DEBUG - tty.usbmodem0006822145041: RX: 0584a4001500
2019-07-22 19:02:36,764 - DEBUG - tty.usbmodem0006822145041: parsed_packet {event: CmdRsp, data: {'opcode': 164, 'status': 0, 'data': bytearray(b'\x15\x00')}}
2019-07-22 19:02:36,765 - INFO - tty.usbmodem0006822145041: AddrPublicationAdd: {'address_handle': 21}
2019-07-22 19:02:36,779 - INFO - tty.usbmodem0006822145041: 

2019-07-22 19:02:36,779 - INFO - tty.usbmodem0006822145041: Sending next message
2019-07-22 19:02:36,779 - DEBUG - tty.usbmodem0006822145041: Writing: 164 bytearray(b'%\x00')
2019-07-22 19:02:36,779 - DEBUG - tty.usbmodem0006822145041: TX: 03a42500
2019-07-22 19:02:36,781 - DEBUG - tty.usbmodem0006822145041: RX: 0584a4001600
2019-07-22 19:02:36,781 - DEBUG - tty.usbmodem0006822145041: parsed_packet {event: CmdRsp, data: {'opcode': 164, 'status': 0, 'data': bytearray(b'\x16\x00')}}
2019-07-22 19:02:36,782 - INFO - tty.usbmodem0006822145041: AddrPublicationAdd: {'address_handle': 22}
2019-07-22 19:02:36,799 - INFO - tty.usbmodem0006822145041: 

2019-07-22 19:02:36,799 - INFO - tty.usbmodem0006822145041: Sending next message
2019-07-22 19:02:36,799 - DEBUG - tty.usbmodem0006822145041: Writing: 164 bytearray(b'&\x00')
2019-07-22 19:02:36,799 - DEBUG - tty.usbmodem0006822145041: TX: 03a42600
2019-07-22 19:02:36,801 - DEBUG - tty.usbmodem0006822145041: RX: 0584a4001700
2019-07-22 19:02:36,801 - DEBUG - tty.usbmodem0006822145041: parsed_packet {event: CmdRsp, data: {'opcode': 164, 'status': 0, 'data': bytearray(b'\x17\x00')}}
2019-07-22 19:02:36,802 - INFO - tty.usbmodem0006822145041: AddrPublicationAdd: {'address_handle': 23}
2019-07-22 19:02:36,815 - INFO - tty.usbmodem0006822145041: 

2019-07-22 19:02:36,815 - INFO - tty.usbmodem0006822145041: Sending next message
2019-07-22 19:02:36,815 - DEBUG - tty.usbmodem0006822145041: Writing: 164 bytearray(b"\'\x00")
2019-07-22 19:02:36,815 - DEBUG - tty.usbmodem0006822145041: TX: 03a42700
2019-07-22 19:02:36,817 - DEBUG - tty.usbmodem0006822145041: RX: 0584a4001800
2019-07-22 19:02:36,817 - DEBUG - tty.usbmodem0006822145041: parsed_packet {event: CmdRsp, data: {'opcode': 164, 'status': 0, 'data': bytearray(b'\x18\x00')}}
2019-07-22 19:02:36,817 - INFO - tty.usbmodem0006822145041: AddrPublicationAdd: {'address_handle': 24}
2019-07-22 19:02:36,835 - INFO - tty.usbmodem0006822145041: 

2019-07-22 19:02:36,836 - INFO - tty.usbmodem0006822145041: Sending next message
2019-07-22 19:02:36,836 - DEBUG - tty.usbmodem0006822145041: Writing: 164 bytearray(b'(\x00')
2019-07-22 19:02:36,836 - DEBUG - tty.usbmodem0006822145041: TX: 03a42800
2019-07-22 19:02:36,837 - DEBUG - tty.usbmodem0006822145041: RX: 0584a4001900
2019-07-22 19:02:36,837 - DEBUG - tty.usbmodem0006822145041: parsed_packet {event: CmdRsp, data: {'opcode': 164, 'status': 0, 'data': bytearray(b'\x19\x00')}}
2019-07-22 19:02:36,837 - INFO - tty.usbmodem0006822145041: AddrPublicationAdd: {'address_handle': 25}
2019-07-22 19:02:36,850 - INFO - tty.usbmodem0006822145041: 

2019-07-22 19:02:36,850 - INFO - tty.usbmodem0006822145041: Sending next message
2019-07-22 19:02:36,851 - DEBUG - tty.usbmodem0006822145041: Writing: 164 bytearray(b')\x00')
2019-07-22 19:02:36,851 - DEBUG - tty.usbmodem0006822145041: TX: 03a42900
2019-07-22 19:02:36,852 - DEBUG - tty.usbmodem0006822145041: RX: 0584a4001a00
2019-07-22 19:02:36,852 - DEBUG - tty.usbmodem0006822145041: parsed_packet {event: CmdRsp, data: {'opcode': 164, 'status': 0, 'data': bytearray(b'\x1a\x00')}}
2019-07-22 19:02:36,853 - INFO - tty.usbmodem0006822145041: AddrPublicationAdd: {'address_handle': 26}
2019-07-22 19:02:36,868 - INFO - tty.usbmodem0006822145041: 

2019-07-22 19:02:36,868 - INFO - tty.usbmodem0006822145041: Sending next message
2019-07-22 19:02:36,868 - DEBUG - tty.usbmodem0006822145041: Writing: 164 bytearray(b'*\x00')
2019-07-22 19:02:36,868 - DEBUG - tty.usbmodem0006822145041: TX: 03a42a00
2019-07-22 19:02:36,870 - DEBUG - tty.usbmodem0006822145041: RX: 0584a4001b00
2019-07-22 19:02:36,871 - DEBUG - tty.usbmodem0006822145041: parsed_packet {event: CmdRsp, data: {'opcode': 164, 'status': 0, 'data': bytearray(b'\x1b\x00')}}
2019-07-22 19:02:36,871 - INFO - tty.usbmodem0006822145041: AddrPublicationAdd: {'address_handle': 27}
2019-07-22 19:02:36,885 - INFO - tty.usbmodem0006822145041: 

2019-07-22 19:02:36,885 - INFO - tty.usbmodem0006822145041: Sending next message
2019-07-22 19:02:36,885 - DEBUG - tty.usbmodem0006822145041: Writing: 164 bytearray(b'+\x00')
2019-07-22 19:02:36,886 - DEBUG - tty.usbmodem0006822145041: TX: 03a42b00
2019-07-22 19:02:36,888 - DEBUG - tty.usbmodem0006822145041: RX: 0584a4001c00
2019-07-22 19:02:36,888 - DEBUG - tty.usbmodem0006822145041: parsed_packet {event: CmdRsp, data: {'opcode': 164, 'status': 0, 'data': bytearray(b'\x1c\x00')}}
2019-07-22 19:02:36,888 - INFO - tty.usbmodem0006822145041: AddrPublicationAdd: {'address_handle': 28}
2019-07-22 19:02:36,903 - INFO - tty.usbmodem0006822145041: 

2019-07-22 19:02:36,903 - INFO - tty.usbmodem0006822145041: Sending next message
2019-07-22 19:02:36,903 - DEBUG - tty.usbmodem0006822145041: Writing: 164 bytearray(b',\x00')
2019-07-22 19:02:36,903 - DEBUG - tty.usbmodem0006822145041: TX: 03a42c00
2019-07-22 19:02:36,906 - DEBUG - tty.usbmodem0006822145041: RX: 0584a4001d00
2019-07-22 19:02:36,906 - DEBUG - tty.usbmodem0006822145041: parsed_packet {event: CmdRsp, data: {'opcode': 164, 'status': 0, 'data': bytearray(b'\x1d\x00')}}
2019-07-22 19:02:36,906 - INFO - tty.usbmodem0006822145041: AddrPublicationAdd: {'address_handle': 29}
2019-07-22 19:02:36,919 - INFO - tty.usbmodem0006822145041: 

2019-07-22 19:02:36,919 - INFO - tty.usbmodem0006822145041: Sending next message
2019-07-22 19:02:36,919 - DEBUG - tty.usbmodem0006822145041: Writing: 164 bytearray(b'-\x00')
2019-07-22 19:02:36,919 - DEBUG - tty.usbmodem0006822145041: TX: 03a42d00
2019-07-22 19:02:36,921 - DEBUG - tty.usbmodem0006822145041: RX: 0584a4001e00
2019-07-22 19:02:36,923 - DEBUG - tty.usbmodem0006822145041: parsed_packet {event: CmdRsp, data: {'opcode': 164, 'status': 0, 'data': bytearray(b'\x1e\x00')}}
2019-07-22 19:02:36,923 - INFO - tty.usbmodem0006822145041: AddrPublicationAdd: {'address_handle': 30}
2019-07-22 19:02:36,938 - INFO - tty.usbmodem0006822145041: 

2019-07-22 19:02:36,938 - INFO - tty.usbmodem0006822145041: Sending next message
2019-07-22 19:02:36,939 - DEBUG - tty.usbmodem0006822145041: Writing: 164 bytearray(b'.\x00')
2019-07-22 19:02:36,939 - DEBUG - tty.usbmodem0006822145041: TX: 03a42e00
2019-07-22 19:02:36,941 - DEBUG - tty.usbmodem0006822145041: RX: 0584a4001f00
2019-07-22 19:02:36,942 - DEBUG - tty.usbmodem0006822145041: parsed_packet {event: CmdRsp, data: {'opcode': 164, 'status': 0, 'data': bytearray(b'\x1f\x00')}}
2019-07-22 19:02:36,942 - INFO - tty.usbmodem0006822145041: AddrPublicationAdd: {'address_handle': 31}
2019-07-22 19:02:36,954 - INFO - tty.usbmodem0006822145041: 

2019-07-22 19:02:36,954 - INFO - tty.usbmodem0006822145041: Sending next message
2019-07-22 19:02:36,955 - DEBUG - tty.usbmodem0006822145041: Writing: 164 bytearray(b'/\x00')
2019-07-22 19:02:36,955 - DEBUG - tty.usbmodem0006822145041: TX: 03a42f00
2019-07-22 19:02:36,957 - DEBUG - tty.usbmodem0006822145041: RX: 0584a4002000
2019-07-22 19:02:36,958 - DEBUG - tty.usbmodem0006822145041: parsed_packet {event: CmdRsp, data: {'opcode': 164, 'status': 0, 'data': bytearray(b' \x00')}}
2019-07-22 19:02:36,958 - INFO - tty.usbmodem0006822145041: AddrPublicationAdd: {'address_handle': 32}
2019-07-22 19:02:36,971 - INFO - tty.usbmodem0006822145041: 

2019-07-22 19:02:36,972 - INFO - tty.usbmodem0006822145041: Sending next message
2019-07-22 19:02:36,972 - DEBUG - tty.usbmodem0006822145041: Writing: 164 bytearray(b'0\x00')
2019-07-22 19:02:36,973 - DEBUG - tty.usbmodem0006822145041: TX: 03a43000
2019-07-22 19:02:36,976 - DEBUG - tty.usbmodem0006822145041: RX: 0584a4002100
2019-07-22 19:02:36,977 - DEBUG - tty.usbmodem0006822145041: parsed_packet {event: CmdRsp, data: {'opcode': 164, 'status': 0, 'data': bytearray(b'!\x00')}}
2019-07-22 19:02:36,977 - INFO - tty.usbmodem0006822145041: AddrPublicationAdd: {'address_handle': 33}
2019-07-22 19:02:36,990 - INFO - tty.usbmodem0006822145041: 

2019-07-22 19:02:36,990 - INFO - tty.usbmodem0006822145041: Sending next message
2019-07-22 19:02:36,990 - DEBUG - tty.usbmodem0006822145041: Writing: 164 bytearray(b'1\x00')
2019-07-22 19:02:36,990 - DEBUG - tty.usbmodem0006822145041: TX: 03a43100
2019-07-22 19:02:36,993 - DEBUG - tty.usbmodem0006822145041: RX: 0584a4002200
2019-07-22 19:02:36,993 - DEBUG - tty.usbmodem0006822145041: parsed_packet {event: CmdRsp, data: {'opcode': 164, 'status': 0, 'data': bytearray(b'"\x00')}}
2019-07-22 19:02:36,994 - INFO - tty.usbmodem0006822145041: AddrPublicationAdd: {'address_handle': 34}
2019-07-22 19:02:37,008 - INFO - tty.usbmodem0006822145041: 

2019-07-22 19:02:37,008 - INFO - tty.usbmodem0006822145041: Sending next message
2019-07-22 19:02:37,008 - DEBUG - tty.usbmodem0006822145041: Writing: 164 bytearray(b'2\x00')
2019-07-22 19:02:37,008 - DEBUG - tty.usbmodem0006822145041: TX: 03a43200
2019-07-22 19:02:37,010 - DEBUG - tty.usbmodem0006822145041: RX: 0584a4002300
2019-07-22 19:02:37,011 - DEBUG - tty.usbmodem0006822145041: parsed_packet {event: CmdRsp, data: {'opcode': 164, 'status': 0, 'data': bytearray(b'#\x00')}}
2019-07-22 19:02:37,011 - INFO - tty.usbmodem0006822145041: AddrPublicationAdd: {'address_handle': 35}
2019-07-22 19:02:37,026 - INFO - tty.usbmodem0006822145041: 

2019-07-22 19:02:37,026 - INFO - tty.usbmodem0006822145041: Sending next message
2019-07-22 19:02:37,027 - DEBUG - tty.usbmodem0006822145041: Writing: 164 bytearray(b'3\x00')
2019-07-22 19:02:37,027 - DEBUG - tty.usbmodem0006822145041: TX: 03a43300
2019-07-22 19:02:37,029 - DEBUG - tty.usbmodem0006822145041: RX: 0584a4002400
2019-07-22 19:02:37,030 - DEBUG - tty.usbmodem0006822145041: parsed_packet {event: CmdRsp, data: {'opcode': 164, 'status': 0, 'data': bytearray(b'$\x00')}}
2019-07-22 19:02:37,030 - INFO - tty.usbmodem0006822145041: AddrPublicationAdd: {'address_handle': 36}
2019-07-22 19:02:37,044 - INFO - tty.usbmodem0006822145041: 

2019-07-22 19:02:37,045 - INFO - tty.usbmodem0006822145041: Sending next message
2019-07-22 19:02:37,045 - DEBUG - tty.usbmodem0006822145041: Writing: 164 bytearray(b'4\x00')
2019-07-22 19:02:37,045 - DEBUG - tty.usbmodem0006822145041: TX: 03a43400
2019-07-22 19:02:37,047 - DEBUG - tty.usbmodem0006822145041: RX: 0584a4002500
2019-07-22 19:02:37,048 - DEBUG - tty.usbmodem0006822145041: parsed_packet {event: CmdRsp, data: {'opcode': 164, 'status': 0, 'data': bytearray(b'%\x00')}}
2019-07-22 19:02:37,048 - INFO - tty.usbmodem0006822145041: AddrPublicationAdd: {'address_handle': 37}
2019-07-22 19:02:37,061 - INFO - tty.usbmodem0006822145041: 

2019-07-22 19:02:37,061 - INFO - tty.usbmodem0006822145041: Sending next message
2019-07-22 19:02:37,061 - DEBUG - tty.usbmodem0006822145041: Writing: 164 bytearray(b'5\x00')
2019-07-22 19:02:37,062 - DEBUG - tty.usbmodem0006822145041: TX: 03a43500
2019-07-22 19:02:37,064 - DEBUG - tty.usbmodem0006822145041: RX: 0584a4002600
2019-07-22 19:02:37,064 - DEBUG - tty.usbmodem0006822145041: parsed_packet {event: CmdRsp, data: {'opcode': 164, 'status': 0, 'data': bytearray(b'&\x00')}}
2019-07-22 19:02:37,065 - INFO - tty.usbmodem0006822145041: AddrPublicationAdd: {'address_handle': 38}
2019-07-22 19:02:37,078 - INFO - tty.usbmodem0006822145041: 

2019-07-22 19:02:37,079 - INFO - tty.usbmodem0006822145041: Sending next message
2019-07-22 19:02:37,079 - DEBUG - tty.usbmodem0006822145041: Writing: 164 bytearray(b'6\x00')
2019-07-22 19:02:37,079 - DEBUG - tty.usbmodem0006822145041: TX: 03a43600
2019-07-22 19:02:37,081 - DEBUG - tty.usbmodem0006822145041: RX: 0584a4002700
2019-07-22 19:02:37,082 - DEBUG - tty.usbmodem0006822145041: parsed_packet {event: CmdRsp, data: {'opcode': 164, 'status': 0, 'data': bytearray(b"\'\x00")}}
2019-07-22 19:02:37,082 - INFO - tty.usbmodem0006822145041: AddrPublicationAdd: {'address_handle': 39}
2019-07-22 19:02:37,095 - INFO - tty.usbmodem0006822145041: 

2019-07-22 19:02:37,096 - INFO - tty.usbmodem0006822145041: Sending next message
2019-07-22 19:02:37,097 - DEBUG - tty.usbmodem0006822145041: Writing: 164 bytearray(b'7\x00')
2019-07-22 19:02:37,097 - DEBUG - tty.usbmodem0006822145041: TX: 03a43700
2019-07-22 19:02:37,099 - DEBUG - tty.usbmodem0006822145041: RX: 0584a4002800
2019-07-22 19:02:37,099 - DEBUG - tty.usbmodem0006822145041: parsed_packet {event: CmdRsp, data: {'opcode': 164, 'status': 0, 'data': bytearray(b'(\x00')}}
2019-07-22 19:02:37,099 - INFO - tty.usbmodem0006822145041: AddrPublicationAdd: {'address_handle': 40}
2019-07-22 19:02:37,112 - INFO - tty.usbmodem0006822145041: 

2019-07-22 19:02:37,112 - INFO - tty.usbmodem0006822145041: Sending next message
2019-07-22 19:02:37,112 - DEBUG - tty.usbmodem0006822145041: Writing: 164 bytearray(b'8\x00')
2019-07-22 19:02:37,113 - DEBUG - tty.usbmodem0006822145041: TX: 03a43800
2019-07-22 19:02:37,115 - DEBUG - tty.usbmodem0006822145041: RX: 0584a4002900
2019-07-22 19:02:37,115 - DEBUG - tty.usbmodem0006822145041: parsed_packet {event: CmdRsp, data: {'opcode': 164, 'status': 0, 'data': bytearray(b')\x00')}}
2019-07-22 19:02:37,116 - INFO - tty.usbmodem0006822145041: AddrPublicationAdd: {'address_handle': 41}
2019-07-22 19:02:37,131 - INFO - tty.usbmodem0006822145041: 

2019-07-22 19:02:37,131 - INFO - tty.usbmodem0006822145041: Sending next message
2019-07-22 19:02:37,131 - DEBUG - tty.usbmodem0006822145041: Writing: 164 bytearray(b'9\x00')
2019-07-22 19:02:37,131 - DEBUG - tty.usbmodem0006822145041: TX: 03a43900
2019-07-22 19:02:37,133 - DEBUG - tty.usbmodem0006822145041: RX: 0584a4002a00
2019-07-22 19:02:37,133 - DEBUG - tty.usbmodem0006822145041: parsed_packet {event: CmdRsp, data: {'opcode': 164, 'status': 0, 'data': bytearray(b'*\x00')}}
2019-07-22 19:02:37,133 - INFO - tty.usbmodem0006822145041: AddrPublicationAdd: {'address_handle': 42}
2019-07-22 19:02:37,147 - INFO - tty.usbmodem0006822145041: 

2019-07-22 19:02:37,147 - INFO - tty.usbmodem0006822145041: Sending next message
2019-07-22 19:02:37,148 - DEBUG - tty.usbmodem0006822145041: Writing: 156 bytearray(b'\x10\x00\x00\x00Cl\xab\x18\xf4\x96\xa9\xf6 \x1c\x95g\x03I\x890')
2019-07-22 19:02:37,148 - DEBUG - tty.usbmodem0006822145041: TX: 159c10000000436cab18f496a9f6201c956703498930
2019-07-22 19:02:37,151 - DEBUG - tty.usbmodem0006822145041: RX: 05849c000800
2019-07-22 19:02:37,151 - DEBUG - tty.usbmodem0006822145041: parsed_packet {event: CmdRsp, data: {'opcode': 156, 'status': 0, 'data': bytearray(b'\x08\x00')}}
2019-07-22 19:02:37,151 - INFO - tty.usbmodem0006822145041: DevkeyAdd: {'devkey_handle': 8}
2019-07-22 19:02:37,165 - INFO - tty.usbmodem0006822145041: 

2019-07-22 19:02:37,166 - INFO - tty.usbmodem0006822145041: Sending next message
2019-07-22 19:02:37,166 - DEBUG - tty.usbmodem0006822145041: Writing: 156 bytearray(b'\x1e\x00\x00\x00\x91K\x01B\xca\\4\x0721.\xaa\xc6T\xa4\xce')
2019-07-22 19:02:37,166 - DEBUG - tty.usbmodem0006822145041: TX: 159c1e000000914b0142ca5c340732312eaac654a4ce
2019-07-22 19:02:37,169 - DEBUG - tty.usbmodem0006822145041: RX: 05849c000900
2019-07-22 19:02:37,169 - DEBUG - tty.usbmodem0006822145041: parsed_packet {event: CmdRsp, data: {'opcode': 156, 'status': 0, 'data': bytearray(b'\t\x00')}}
2019-07-22 19:02:37,169 - INFO - tty.usbmodem0006822145041: DevkeyAdd: {'devkey_handle': 9}
2019-07-22 19:02:37,184 - INFO - tty.usbmodem0006822145041: 

2019-07-22 19:02:37,184 - INFO - tty.usbmodem0006822145041: Sending next message
2019-07-22 19:02:37,184 - DEBUG - tty.usbmodem0006822145041: Writing: 156 bytearray(b',\x00\x00\x00\xa4\xf8\xe2\xee\x7f\xc7\x1d\x19-BD\x1a\x00\xfb6\x86')
2019-07-22 19:02:37,184 - DEBUG - tty.usbmodem0006822145041: TX: 159c2c000000a4f8e2ee7fc71d192d42441a00fb3686
2019-07-22 19:02:37,187 - DEBUG - tty.usbmodem0006822145041: RX: 05849c000a00
2019-07-22 19:02:37,187 - DEBUG - tty.usbmodem0006822145041: parsed_packet {event: CmdRsp, data: {'opcode': 156, 'status': 0, 'data': bytearray(b'\n\x00')}}
2019-07-22 19:02:37,188 - INFO - tty.usbmodem0006822145041: DevkeyAdd: {'devkey_handle': 10}
2019-07-22 19:02:37,202 - INFO - tty.usbmodem0006822145041: No Messages remaining
2019-07-22 19:02:41,188 - INFO - tty.usbmodem0006822145041: Timout handler timeout
2019-07-22 19:03:52,477 - DEBUG - tty.usbmodem0006822145041.SimpleOnOffClient: Sending opcode: c15900, data: 0000
2019-07-22 19:03:52,478 - DEBUG - tty.usbmodem0006822145041: Writing: 171 bytearray(b'\x00\x00\x01\x00\x08\x00\x08\x00\x00\x00\xc1Y\x00\x00\x00')
2019-07-22 19:03:52,481 - DEBUG - tty.usbmodem0006822145041: TX: 10ab00000100080008000000c159000000
2019-07-22 19:03:52,494 - DEBUG - tty.usbmodem0006822145041: RX: 0784ab0001000000
2019-07-22 19:03:52,495 - DEBUG - tty.usbmodem0006822145041: parsed_packet {event: CmdRsp, data: {'opcode': 171, 'status': 0, 'data': bytearray(b'\x01\x00\x00\x00')}}
2019-07-22 19:03:52,495 - DEBUG - tty.usbmodem0006822145041.GenericOnOffClient: Sending opcode: 8202, data: 0100
2019-07-22 19:03:52,495 - INFO - tty.usbmodem0006822145041: PacketSend: {'token': 1}
2019-07-22 19:03:52,500 - DEBUG - tty.usbmodem0006822145041: Writing: 171 bytearray(b'\x00\x00\x01\x00\x08\x00\x08\x00\x00\x00\x82\x02\x01\x00')
2019-07-22 19:03:52,507 - DEBUG - tty.usbmodem0006822145041: TX: 0fab0000010008000800000082020100
2019-07-22 19:03:52,512 - DEBUG - tty.usbmodem0006822145041: RX: 05d201000000
2019-07-22 19:03:52,512 - DEBUG - tty.usbmodem0006822145041: parsed_packet {event: MeshTxComplete, data: {'token': 1}}
2019-07-22 19:03:52,512 - INFO - tty.usbmodem0006822145041: {event: MeshTxComplete, data: {'token': 1}}
2019-07-22 19:03:52,520 - DEBUG - tty.usbmodem0006822145041: RX: 0784ab0002000000
2019-07-22 19:03:52,521 - DEBUG - tty.usbmodem0006822145041: parsed_packet {event: CmdRsp, data: {'opcode': 171, 'status': 0, 'data': bytearray(b'\x02\x00\x00\x00')}}
2019-07-22 19:03:52,521 - INFO - tty.usbmodem0006822145041: PacketSend: {'token': 2}
2019-07-22 19:03:52,525 - DEBUG - tty.usbmodem0006822145041: RX: 05d202000000
2019-07-22 19:03:52,525 - DEBUG - tty.usbmodem0006822145041: parsed_packet {event: MeshTxComplete, data: {'token': 2}}
2019-07-22 19:03:52,526 - INFO - tty.usbmodem0006822145041: {event: MeshTxComplete, data: {'token': 2}}
2019-07-22 19:03:59,492 - DEBUG - tty.usbmodem0006822145041.GenericOnOffClient: Sending opcode: 8202, data: 0101
2019-07-22 19:03:59,493 - DEBUG - tty.usbmodem0006822145041: Writing: 171 bytearray(b'\x00\x00\x01\x00\x08\x00\x08\x00\x00\x00\x82\x02\x01\x01')
2019-07-22 19:03:59,499 - DEBUG - tty.usbmodem0006822145041: TX: 0fab0000010008000800000082020101
2019-07-22 19:03:59,511 - DEBUG - tty.usbmodem0006822145041: RX: 0784ab0003000000
2019-07-22 19:03:59,513 - DEBUG - tty.usbmodem0006822145041: parsed_packet {event: CmdRsp, data: {'opcode': 171, 'status': 0, 'data': bytearray(b'\x03\x00\x00\x00')}}
2019-07-22 19:03:59,519 - INFO - tty.usbmodem0006822145041: PacketSend: {'token': 3}
2019-07-22 19:03:59,523 - DEBUG - tty.usbmodem0006822145041: RX: 05d203000000
2019-07-22 19:03:59,524 - DEBUG - tty.usbmodem0006822145041: parsed_packet {event: MeshTxComplete, data: {'token': 3}}
2019-07-22 19:03:59,525 - INFO - tty.usbmodem0006822145041: {event: MeshTxComplete, data: {'token': 3}}
2019-07-22 19:04:12,813 - DEBUG - tty.usbmodem0006822145041.GenericOnOffClient: Sending opcode: 8202, data: 0102
2019-07-22 19:04:12,813 - DEBUG - tty.usbmodem0006822145041: Writing: 171 bytearray(b'\x00\x00\x01\x00\x08\x00\x08\x00\x00\x00\x82\x02\x01\x02')
2019-07-22 19:04:12,813 - DEBUG - tty.usbmodem0006822145041: TX: 0fab0000010008000800000082020102
2019-07-22 19:04:12,827 - DEBUG - tty.usbmodem0006822145041: RX: 0784ab0004000000
2019-07-22 19:04:12,827 - DEBUG - tty.usbmodem0006822145041: parsed_packet {event: CmdRsp, data: {'opcode': 171, 'status': 0, 'data': bytearray(b'\x04\x00\x00\x00')}}
2019-07-22 19:04:12,828 - INFO - tty.usbmodem0006822145041: PacketSend: {'token': 4}
2019-07-22 19:04:12,834 - DEBUG - tty.usbmodem0006822145041: RX: 05d204000000
2019-07-22 19:04:12,835 - DEBUG - tty.usbmodem0006822145041: parsed_packet {event: MeshTxComplete, data: {'token': 4}}
2019-07-22 19:04:12,835 - INFO - tty.usbmodem0006822145041: {event: MeshTxComplete, data: {'token': 4}}
2019-07-22 19:04:18,971 - DEBUG - tty.usbmodem0006822145041.SimpleOnOffClient: Sending opcode: c15900, data: 0001
2019-07-22 19:04:18,971 - DEBUG - tty.usbmodem0006822145041: Writing: 171 bytearray(b'\x00\x00\x01\x00\x08\x00\x08\x00\x00\x00\xc1Y\x00\x00\x01')
2019-07-22 19:04:18,971 - DEBUG - tty.usbmodem0006822145041: TX: 10ab00000100080008000000c159000001
2019-07-22 19:04:18,985 - DEBUG - tty.usbmodem0006822145041: RX: 0784ab0005000000
2019-07-22 19:04:18,985 - DEBUG - tty.usbmodem0006822145041: parsed_packet {event: CmdRsp, data: {'opcode': 171, 'status': 0, 'data': bytearray(b'\x05\x00\x00\x00')}}
2019-07-22 19:04:18,985 - INFO - tty.usbmodem0006822145041: PacketSend: {'token': 5}
2019-07-22 19:04:18,995 - DEBUG - tty.usbmodem0006822145041: RX: 05d205000000
2019-07-22 19:04:18,996 - DEBUG - tty.usbmodem0006822145041: parsed_packet {event: MeshTxComplete, data: {'token': 5}}
2019-07-22 19:04:18,996 - INFO - tty.usbmodem0006822145041: {event: MeshTxComplete, data: {'token': 5}}
2019-07-22 19:04:28,148 - DEBUG - tty.usbmodem0006822145041.SimpleOnOffClient: Sending opcode: c15900, data: 0002
2019-07-22 19:04:28,148 - DEBUG - tty.usbmodem0006822145041: Writing: 171 bytearray(b'\x00\x00\x01\x00\x08\x00\x08\x00\x00\x00\xc1Y\x00\x00\x02')
2019-07-22 19:04:28,150 - DEBUG - tty.usbmodem0006822145041: TX: 10ab00000100080008000000c159000002
2019-07-22 19:04:28,163 - DEBUG - tty.usbmodem0006822145041: RX: 0784ab0006000000
2019-07-22 19:04:28,165 - DEBUG - tty.usbmodem0006822145041: parsed_packet {event: CmdRsp, data: {'opcode': 171, 'status': 0, 'data': bytearray(b'\x06\x00\x00\x00')}}
2019-07-22 19:04:28,170 - INFO - tty.usbmodem0006822145041: PacketSend: {'token': 6}
2019-07-22 19:04:28,171 - DEBUG - tty.usbmodem0006822145041: RX: 05d206000000
2019-07-22 19:04:28,172 - DEBUG - tty.usbmodem0006822145041: parsed_packet {event: MeshTxComplete, data: {'token': 6}}
2019-07-22 19:04:28,174 - INFO - tty.usbmodem0006822145041: {event: MeshTxComplete, data: {'token': 6}}
2019-07-22 19:04:28,187 - DEBUG - tty.usbmodem0006822145041: RX: 18d017000100000000007f01c8639509c2c2c00400c4590000
2019-07-22 19:04:28,187 - DEBUG - tty.usbmodem0006822145041: parsed_packet {event: MeshMessageReceivedUnicast, data: {'src': 23, 'dst': 1, 'appkey_handle': 0, 'subnet_handle': 0, 'ttl': 127, 'adv_addr_type': 1, 'adv_addr': bytearray(b'\xc8c\x95\t\xc2\xc2'), 'rssi': -64, 'actual_length': 4, 'data': bytearray(b'\xc4Y\x00\x00')}}
2019-07-22 19:04:28,187 - INFO - tty.usbmodem0006822145041: {event: MeshMessageReceivedUnicast, data: {'src': 23, 'dst': 1, 'appkey_handle': 0, 'subnet_handle': 0, 'ttl': 127, 'adv_addr_type': 1, 'adv_addr': bytearray(b'\xc8c\x95\t\xc2\xc2'), 'rssi': -64, 'actual_length': 4, 'data': bytearray(b'\xc4\x00Y\x00')}}
2019-07-22 19:06:15,073 - DEBUG - tty.usbmodem0006822145041.SimpleOnOffClient: Sending opcode: c15900, data: 0003
2019-07-22 19:06:15,074 - DEBUG - tty.usbmodem0006822145041: Writing: 171 bytearray(b'\x00\x00\x01\x00\x08\x00\x08\x00\x00\x00\xc1Y\x00\x00\x03')
2019-07-22 19:06:15,077 - DEBUG - tty.usbmodem0006822145041: TX: 10ab00000100080008000000c159000003
2019-07-22 19:06:15,089 - DEBUG - tty.usbmodem0006822145041: RX: 0784ab0007000000
2019-07-22 19:06:15,095 - DEBUG - tty.usbmodem0006822145041: parsed_packet {event: CmdRsp, data: {'opcode': 171, 'status': 0, 'data': bytearray(b'\x07\x00\x00\x00')}}
2019-07-22 19:06:15,096 - INFO - tty.usbmodem0006822145041: PacketSend: {'token': 7}
2019-07-22 19:06:15,097 - DEBUG - tty.usbmodem0006822145041: RX: 05d207000000
2019-07-22 19:06:15,097 - DEBUG - tty.usbmodem0006822145041: parsed_packet {event: MeshTxComplete, data: {'token': 7}}
2019-07-22 19:06:15,098 - INFO - tty.usbmodem0006822145041: {event: MeshTxComplete, data: {'token': 7}}
2019-07-22 19:06:15,104 - DEBUG - tty.usbmodem0006822145041: RX: 18d017000100000000007f01c8639509c2c2c00400c4590000
2019-07-22 19:06:15,104 - DEBUG - tty.usbmodem0006822145041: parsed_packet {event: MeshMessageReceivedUnicast, data: {'src': 23, 'dst': 1, 'appkey_handle': 0, 'subnet_handle': 0, 'ttl': 127, 'adv_addr_type': 1, 'adv_addr': bytearray(b'\xc8c\x95\t\xc2\xc2'), 'rssi': -64, 'actual_length': 4, 'data': bytearray(b'\xc4Y\x00\x00')}}
2019-07-22 19:06:15,105 - INFO - tty.usbmodem0006822145041: {event: MeshMessageReceivedUnicast, data: {'src': 23, 'dst': 1, 'appkey_handle': 0, 'subnet_handle': 0, 'ttl': 127, 'adv_addr_type': 1, 'adv_addr': bytearray(b'\xc8c\x95\t\xc2\xc2'), 'rssi': -64, 'actual_length': 4, 'data': bytearray(b'\xc4\x00Y\x00')}}
2019-07-22 19:06:23,200 - DEBUG - tty.usbmodem0006822145041.SimpleOnOffClient: Sending opcode: c15900, data: 0004
2019-07-22 19:06:23,201 - DEBUG - tty.usbmodem0006822145041: Writing: 171 bytearray(b'\x00\x00\x01\x00\x08\x00\x08\x00\x00\x00\xc1Y\x00\x00\x04')
2019-07-22 19:06:23,201 - DEBUG - tty.usbmodem0006822145041: TX: 10ab00000100080008000000c159000004
2019-07-22 19:06:23,215 - DEBUG - tty.usbmodem0006822145041: RX: 0784ab0008000000
2019-07-22 19:06:23,221 - DEBUG - tty.usbmodem0006822145041: parsed_packet {event: CmdRsp, data: {'opcode': 171, 'status': 0, 'data': bytearray(b'\x08\x00\x00\x00')}}
2019-07-22 19:06:23,221 - INFO - tty.usbmodem0006822145041: PacketSend: {'token': 8}
2019-07-22 19:06:23,225 - DEBUG - tty.usbmodem0006822145041: RX: 05d208000000
2019-07-22 19:06:23,226 - DEBUG - tty.usbmodem0006822145041: parsed_packet {event: MeshTxComplete, data: {'token': 8}}
2019-07-22 19:06:23,226 - INFO - tty.usbmodem0006822145041: {event: MeshTxComplete, data: {'token': 8}}
2019-07-22 19:06:25,442 - DEBUG - tty.usbmodem0006822145041.SimpleOnOffClient: Sending opcode: c15900, data: 0005
2019-07-22 19:06:25,443 - DEBUG - tty.usbmodem0006822145041: Writing: 171 bytearray(b'\x00\x00\x01\x00\x08\x00\x08\x00\x00\x00\xc1Y\x00\x00\x05')
2019-07-22 19:06:25,443 - DEBUG - tty.usbmodem0006822145041: TX: 10ab00000100080008000000c159000005
2019-07-22 19:06:25,457 - DEBUG - tty.usbmodem0006822145041: RX: 0784ab0009000000
2019-07-22 19:06:25,458 - DEBUG - tty.usbmodem0006822145041: parsed_packet {event: CmdRsp, data: {'opcode': 171, 'status': 0, 'data': bytearray(b'\t\x00\x00\x00')}}
2019-07-22 19:06:25,462 - INFO - tty.usbmodem0006822145041: PacketSend: {'token': 9}
2019-07-22 19:06:25,463 - DEBUG - tty.usbmodem0006822145041: RX: 05d209000000
2019-07-22 19:06:25,464 - DEBUG - tty.usbmodem0006822145041: parsed_packet {event: MeshTxComplete, data: {'token': 9}}
2019-07-22 19:06:25,464 - INFO - tty.usbmodem0006822145041: {event: MeshTxComplete, data: {'token': 9}}
2019-07-22 19:06:25,467 - DEBUG - tty.usbmodem0006822145041: RX: 18d017000100000000007f01c8639509c2c2d00400c4590000
2019-07-22 19:06:25,468 - DEBUG - tty.usbmodem0006822145041: parsed_packet {event: MeshMessageReceivedUnicast, data: {'src': 23, 'dst': 1, 'appkey_handle': 0, 'subnet_handle': 0, 'ttl': 127, 'adv_addr_type': 1, 'adv_addr': bytearray(b'\xc8c\x95\t\xc2\xc2'), 'rssi': -48, 'actual_length': 4, 'data': bytearray(b'\xc4Y\x00\x00')}}
2019-07-22 19:06:25,468 - INFO - tty.usbmodem0006822145041: {event: MeshMessageReceivedUnicast, data: {'src': 23, 'dst': 1, 'appkey_handle': 0, 'subnet_handle': 0, 'ttl': 127, 'adv_addr_type': 1, 'adv_addr': bytearray(b'\xc8c\x95\t\xc2\xc2'), 'rssi': -48, 'actual_length': 4, 'data': bytearray(b'\xc4\x00Y\x00')}}
2019-07-22 19:06:27,832 - DEBUG - tty.usbmodem0006822145041.SimpleOnOffClient: Sending opcode: c15900, data: 0006
2019-07-22 19:06:27,832 - DEBUG - tty.usbmodem0006822145041: Writing: 171 bytearray(b'\x00\x00\x01\x00\x08\x00\x08\x00\x00\x00\xc1Y\x00\x00\x06')
2019-07-22 19:06:27,835 - DEBUG - tty.usbmodem0006822145041: TX: 10ab00000100080008000000c159000006
2019-07-22 19:06:27,847 - DEBUG - tty.usbmodem0006822145041: RX: 0784ab000a000000
2019-07-22 19:06:27,848 - DEBUG - tty.usbmodem0006822145041: parsed_packet {event: CmdRsp, data: {'opcode': 171, 'status': 0, 'data': bytearray(b'\n\x00\x00\x00')}}
2019-07-22 19:06:27,853 - INFO - tty.usbmodem0006822145041: PacketSend: {'token': 10}
2019-07-22 19:06:27,855 - DEBUG - tty.usbmodem0006822145041: RX: 05d20a000000
2019-07-22 19:06:27,855 - DEBUG - tty.usbmodem0006822145041: parsed_packet {event: MeshTxComplete, data: {'token': 10}}
2019-07-22 19:06:27,855 - INFO - tty.usbmodem0006822145041: {event: MeshTxComplete, data: {'token': 10}}
2019-07-22 19:06:27,868 - DEBUG - tty.usbmodem0006822145041: RX: 18d017000100000000007f01c8639509c2c2c20400c4590000
2019-07-22 19:06:27,869 - DEBUG - tty.usbmodem0006822145041: parsed_packet {event: MeshMessageReceivedUnicast, data: {'src': 23, 'dst': 1, 'appkey_handle': 0, 'subnet_handle': 0, 'ttl': 127, 'adv_addr_type': 1, 'adv_addr': bytearray(b'\xc8c\x95\t\xc2\xc2'), 'rssi': -62, 'actual_length': 4, 'data': bytearray(b'\xc4Y\x00\x00')}}
2019-07-22 19:06:27,869 - INFO - tty.usbmodem0006822145041: {event: MeshMessageReceivedUnicast, data: {'src': 23, 'dst': 1, 'appkey_handle': 0, 'subnet_handle': 0, 'ttl': 127, 'adv_addr_type': 1, 'adv_addr': bytearray(b'\xc8c\x95\t\xc2\xc2'), 'rssi': -62, 'actual_length': 4, 'data': bytearray(b'\xc4\x00Y\x00')}}
2019-07-22 19:06:30,232 - DEBUG - tty.usbmodem0006822145041.SimpleOnOffClient: Sending opcode: c15900, data: 0007
2019-07-22 19:06:30,233 - DEBUG - tty.usbmodem0006822145041: Writing: 171 bytearray(b'\x00\x00\x01\x00\x08\x00\x08\x00\x00\x00\xc1Y\x00\x00\x07')
2019-07-22 19:06:30,236 - DEBUG - tty.usbmodem0006822145041: TX: 10ab00000100080008000000c159000007
2019-07-22 19:06:30,247 - DEBUG - tty.usbmodem0006822145041: RX: 0784ab000b000000
2019-07-22 19:06:30,250 - DEBUG - tty.usbmodem0006822145041: parsed_packet {event: CmdRsp, data: {'opcode': 171, 'status': 0, 'data': bytearray(b'\x0b\x00\x00\x00')}}
2019-07-22 19:06:30,254 - INFO - tty.usbmodem0006822145041: PacketSend: {'token': 11}
2019-07-22 19:06:30,261 - DEBUG - tty.usbmodem0006822145041: RX: 05d20b000000
2019-07-22 19:06:30,261 - DEBUG - tty.usbmodem0006822145041: parsed_packet {event: MeshTxComplete, data: {'token': 11}}
2019-07-22 19:06:30,261 - INFO - tty.usbmodem0006822145041: {event: MeshTxComplete, data: {'token': 11}}
2019-07-22 19:06:30,273 - DEBUG - tty.usbmodem0006822145041: RX: 18d017000100000000007f01c8639509c2c2d10400c4590000
2019-07-22 19:06:30,274 - DEBUG - tty.usbmodem0006822145041: parsed_packet {event: MeshMessageReceivedUnicast, data: {'src': 23, 'dst': 1, 'appkey_handle': 0, 'subnet_handle': 0, 'ttl': 127, 'adv_addr_type': 1, 'adv_addr': bytearray(b'\xc8c\x95\t\xc2\xc2'), 'rssi': -47, 'actual_length': 4, 'data': bytearray(b'\xc4Y\x00\x00')}}
2019-07-22 19:06:30,274 - INFO - tty.usbmodem0006822145041: {event: MeshMessageReceivedUnicast, data: {'src': 23, 'dst': 1, 'appkey_handle': 0, 'subnet_handle': 0, 'ttl': 127, 'adv_addr_type': 1, 'adv_addr': bytearray(b'\xc8c\x95\t\xc2\xc2'), 'rssi': -47, 'actual_length': 4, 'data': bytearray(b'\xc4\x00Y\x00')}}
2019-07-22 19:06:37,225 - DEBUG - tty.usbmodem0006822145041.SimpleOnOffClient: Sending opcode: c15900, data: 0008
2019-07-22 19:06:37,226 - DEBUG - tty.usbmodem0006822145041: Writing: 171 bytearray(b'\x00\x00\x01\x00\x08\x00\x08\x00\x00\x00\xc1Y\x00\x00\x08')
2019-07-22 19:06:37,226 - DEBUG - tty.usbmodem0006822145041: TX: 10ab00000100080008000000c159000008
2019-07-22 19:06:37,240 - DEBUG - tty.usbmodem0006822145041: RX: 0784ab000c000000
2019-07-22 19:06:37,241 - DEBUG - tty.usbmodem0006822145041: parsed_packet {event: CmdRsp, data: {'opcode': 171, 'status': 0, 'data': bytearray(b'\x0c\x00\x00\x00')}}
2019-07-22 19:06:37,242 - INFO - tty.usbmodem0006822145041: PacketSend: {'token': 12}
2019-07-22 19:06:37,255 - DEBUG - tty.usbmodem0006822145041: RX: 05d20c000000
2019-07-22 19:06:37,255 - DEBUG - tty.usbmodem0006822145041: parsed_packet {event: MeshTxComplete, data: {'token': 12}}
2019-07-22 19:06:37,255 - INFO - tty.usbmodem0006822145041: {event: MeshTxComplete, data: {'token': 12}}
2019-07-22 19:06:37,259 - DEBUG - tty.usbmodem0006822145041: RX: 18d017000100000000007f01c8639509c2c2d00400c4590000
2019-07-22 19:06:37,259 - DEBUG - tty.usbmodem0006822145041: parsed_packet {event: MeshMessageReceivedUnicast, data: {'src': 23, 'dst': 1, 'appkey_handle': 0, 'subnet_handle': 0, 'ttl': 127, 'adv_addr_type': 1, 'adv_addr': bytearray(b'\xc8c\x95\t\xc2\xc2'), 'rssi': -48, 'actual_length': 4, 'data': bytearray(b'\xc4Y\x00\x00')}}
2019-07-22 19:06:37,260 - INFO - tty.usbmodem0006822145041: {event: MeshMessageReceivedUnicast, data: {'src': 23, 'dst': 1, 'appkey_handle': 0, 'subnet_handle': 0, 'ttl': 127, 'adv_addr_type': 1, 'adv_addr': bytearray(b'\xc8c\x95\t\xc2\xc2'), 'rssi': -48, 'actual_length': 4, 'data': bytearray(b'\xc4\x00Y\x00')}}
2019-07-22 19:06:38,624 - DEBUG - tty.usbmodem0006822145041.SimpleOnOffClient: Sending opcode: c15900, data: 0009
2019-07-22 19:06:38,625 - DEBUG - tty.usbmodem0006822145041: Writing: 171 bytearray(b'\x00\x00\x01\x00\x08\x00\x08\x00\x00\x00\xc1Y\x00\x00\t')
2019-07-22 19:06:38,625 - DEBUG - tty.usbmodem0006822145041: TX: 10ab00000100080008000000c159000009
2019-07-22 19:06:38,639 - DEBUG - tty.usbmodem0006822145041: RX: 0784ab000d000000
2019-07-22 19:06:38,643 - DEBUG - tty.usbmodem0006822145041: parsed_packet {event: CmdRsp, data: {'opcode': 171, 'status': 0, 'data': bytearray(b'\r\x00\x00\x00')}}
2019-07-22 19:06:38,643 - INFO - tty.usbmodem0006822145041: PacketSend: {'token': 13}
2019-07-22 19:06:38,649 - DEBUG - tty.usbmodem0006822145041: RX: 05d20d000000
2019-07-22 19:06:38,650 - DEBUG - tty.usbmodem0006822145041: parsed_packet {event: MeshTxComplete, data: {'token': 13}}
2019-07-22 19:06:38,650 - INFO - tty.usbmodem0006822145041: {event: MeshTxComplete, data: {'token': 13}}
2019-07-22 19:06:38,667 - DEBUG - tty.usbmodem0006822145041: RX: 18d017000100000000007f01c8639509c2c2c40400c4590000
2019-07-22 19:06:38,667 - DEBUG - tty.usbmodem0006822145041: parsed_packet {event: MeshMessageReceivedUnicast, data: {'src': 23, 'dst': 1, 'appkey_handle': 0, 'subnet_handle': 0, 'ttl': 127, 'adv_addr_type': 1, 'adv_addr': bytearray(b'\xc8c\x95\t\xc2\xc2'), 'rssi': -60, 'actual_length': 4, 'data': bytearray(b'\xc4Y\x00\x00')}}
2019-07-22 19:06:38,667 - INFO - tty.usbmodem0006822145041: {event: MeshMessageReceivedUnicast, data: {'src': 23, 'dst': 1, 'appkey_handle': 0, 'subnet_handle': 0, 'ttl': 127, 'adv_addr_type': 1, 'adv_addr': bytearray(b'\xc8c\x95\t\xc2\xc2'), 'rssi': -60, 'actual_length': 4, 'data': bytearray(b'\xc4\x00Y\x00')}}
2019-07-22 19:06:55,745 - DEBUG - tty.usbmodem0006822145041.SimpleOnOffClient: Sending opcode: c15900, data: 000a
2019-07-22 19:06:55,745 - DEBUG - tty.usbmodem0006822145041: Writing: 171 bytearray(b'\x00\x00\x01\x00\x08\x00\x08\x00\x00\x00\xc1Y\x00\x00\n')
2019-07-22 19:06:55,745 - DEBUG - tty.usbmodem0006822145041: TX: 10ab00000100080008000000c15900000a
2019-07-22 19:06:55,759 - DEBUG - tty.usbmodem0006822145041: RX: 0784ab000e000000
2019-07-22 19:06:55,760 - DEBUG - tty.usbmodem0006822145041: parsed_packet {event: CmdRsp, data: {'opcode': 171, 'status': 0, 'data': bytearray(b'\x0e\x00\x00\x00')}}
2019-07-22 19:06:55,764 - INFO - tty.usbmodem0006822145041: PacketSend: {'token': 14}
2019-07-22 19:06:55,768 - DEBUG - tty.usbmodem0006822145041: RX: 05d20e000000
2019-07-22 19:06:55,769 - DEBUG - tty.usbmodem0006822145041: parsed_packet {event: MeshTxComplete, data: {'token': 14}}
2019-07-22 19:06:55,769 - INFO - tty.usbmodem0006822145041: {event: MeshTxComplete, data: {'token': 14}}
2019-07-22 19:06:55,773 - DEBUG - tty.usbmodem0006822145041: RX: 18d017000100000000007f01c8639509c2c2d00400c4590000
2019-07-22 19:06:55,773 - DEBUG - tty.usbmodem0006822145041: parsed_packet {event: MeshMessageReceivedUnicast, data: {'src': 23, 'dst': 1, 'appkey_handle': 0, 'subnet_handle': 0, 'ttl': 127, 'adv_addr_type': 1, 'adv_addr': bytearray(b'\xc8c\x95\t\xc2\xc2'), 'rssi': -48, 'actual_length': 4, 'data': bytearray(b'\xc4Y\x00\x00')}}
2019-07-22 19:06:55,773 - INFO - tty.usbmodem0006822145041: {event: MeshMessageReceivedUnicast, data: {'src': 23, 'dst': 1, 'appkey_handle': 0, 'subnet_handle': 0, 'ttl': 127, 'adv_addr_type': 1, 'adv_addr': bytearray(b'\xc8c\x95\t\xc2\xc2'), 'rssi': -48, 'actual_length': 4, 'data': bytearray(b'\xc4\x00Y\x00')}}
2019-07-22 19:06:56,801 - DEBUG - tty.usbmodem0006822145041.SimpleOnOffClient: Sending opcode: c15900, data: 000b
2019-07-22 19:06:56,802 - DEBUG - tty.usbmodem0006822145041: Writing: 171 bytearray(b'\x00\x00\x01\x00\x08\x00\x08\x00\x00\x00\xc1Y\x00\x00\x0b')
2019-07-22 19:06:56,802 - DEBUG - tty.usbmodem0006822145041: TX: 10ab00000100080008000000c15900000b
2019-07-22 19:06:56,815 - DEBUG - tty.usbmodem0006822145041: RX: 0784ab000f000000
2019-07-22 19:06:56,817 - DEBUG - tty.usbmodem0006822145041: parsed_packet {event: CmdRsp, data: {'opcode': 171, 'status': 0, 'data': bytearray(b'\x0f\x00\x00\x00')}}
2019-07-22 19:06:56,817 - INFO - tty.usbmodem0006822145041: PacketSend: {'token': 15}
2019-07-22 19:06:56,826 - DEBUG - tty.usbmodem0006822145041: RX: 05d20f000000
2019-07-22 19:06:56,826 - DEBUG - tty.usbmodem0006822145041: parsed_packet {event: MeshTxComplete, data: {'token': 15}}
2019-07-22 19:06:56,827 - INFO - tty.usbmodem0006822145041: {event: MeshTxComplete, data: {'token': 15}}
2019-07-22 19:06:56,841 - DEBUG - tty.usbmodem0006822145041: RX: 18d017000100000000007f01c8639509c2c2c80400c4590000
2019-07-22 19:06:56,841 - DEBUG - tty.usbmodem0006822145041: parsed_packet {event: MeshMessageReceivedUnicast, data: {'src': 23, 'dst': 1, 'appkey_handle': 0, 'subnet_handle': 0, 'ttl': 127, 'adv_addr_type': 1, 'adv_addr': bytearray(b'\xc8c\x95\t\xc2\xc2'), 'rssi': -56, 'actual_length': 4, 'data': bytearray(b'\xc4Y\x00\x00')}}
2019-07-22 19:06:56,841 - INFO - tty.usbmodem0006822145041: {event: MeshMessageReceivedUnicast, data: {'src': 23, 'dst': 1, 'appkey_handle': 0, 'subnet_handle': 0, 'ttl': 127, 'adv_addr_type': 1, 'adv_addr': bytearray(b'\xc8c\x95\t\xc2\xc2'), 'rssi': -56, 'actual_length': 4, 'data': bytearray(b'\xc4\x00Y\x00')}}
2019-07-22 19:07:51,106 - DEBUG - tty.usbmodem0006822145041.SimpleOnOffClient: Sending opcode: c15900, data: 000c
2019-07-22 19:07:51,107 - DEBUG - tty.usbmodem0006822145041: Writing: 171 bytearray(b'\x00\x00\x01\x00\x08\x00\x08\x00\x00\x00\xc1Y\x00\x00\x0c')
2019-07-22 19:07:51,107 - DEBUG - tty.usbmodem0006822145041: TX: 10ab00000100080008000000c15900000c
2019-07-22 19:07:51,124 - DEBUG - tty.usbmodem0006822145041: RX: 0784ab0010000000
2019-07-22 19:07:51,125 - DEBUG - tty.usbmodem0006822145041: parsed_packet {event: CmdRsp, data: {'opcode': 171, 'status': 0, 'data': bytearray(b'\x10\x00\x00\x00')}}
2019-07-22 19:07:51,126 - INFO - tty.usbmodem0006822145041: PacketSend: {'token': 16}
2019-07-22 19:07:51,137 - DEBUG - tty.usbmodem0006822145041: RX: 05d210000000
2019-07-22 19:07:51,137 - DEBUG - tty.usbmodem0006822145041: parsed_packet {event: MeshTxComplete, data: {'token': 16}}
2019-07-22 19:07:51,138 - INFO - tty.usbmodem0006822145041: {event: MeshTxComplete, data: {'token': 16}}
2019-07-22 19:07:51,147 - DEBUG - tty.usbmodem0006822145041: RX: 18d017000100000000007f01c8639509c2c2c80400c4590000
2019-07-22 19:07:51,147 - DEBUG - tty.usbmodem0006822145041: parsed_packet {event: MeshMessageReceivedUnicast, data: {'src': 23, 'dst': 1, 'appkey_handle': 0, 'subnet_handle': 0, 'ttl': 127, 'adv_addr_type': 1, 'adv_addr': bytearray(b'\xc8c\x95\t\xc2\xc2'), 'rssi': -56, 'actual_length': 4, 'data': bytearray(b'\xc4Y\x00\x00')}}
2019-07-22 19:07:51,147 - INFO - tty.usbmodem0006822145041: {event: MeshMessageReceivedUnicast, data: {'src': 23, 'dst': 1, 'appkey_handle': 0, 'subnet_handle': 0, 'ttl': 127, 'adv_addr_type': 1, 'adv_addr': bytearray(b'\xc8c\x95\t\xc2\xc2'), 'rssi': -56, 'actual_length': 4, 'data': bytearray(b'\xc4\x00Y\x00')}}
2019-07-22 19:08:09,980 - DEBUG - tty.usbmodem0006822145041.SimpleOnOffClient: Sending opcode: c15900, data: 000d
2019-07-22 19:08:09,980 - DEBUG - tty.usbmodem0006822145041: Writing: 171 bytearray(b'\x00\x00\x01\x00\x08\x00\x08\x00\x00\x00\xc1Y\x00\x00\r')
2019-07-22 19:08:09,985 - DEBUG - tty.usbmodem0006822145041: TX: 10ab00000100080008000000c15900000d
2019-07-22 19:08:10,002 - DEBUG - tty.usbmodem0006822145041: RX: 0784ab0011000000
2019-07-22 19:08:10,002 - DEBUG - tty.usbmodem0006822145041: parsed_packet {event: CmdRsp, data: {'opcode': 171, 'status': 0, 'data': bytearray(b'\x11\x00\x00\x00')}}
2019-07-22 19:08:10,003 - INFO - tty.usbmodem0006822145041: PacketSend: {'token': 17}
2019-07-22 19:08:10,011 - DEBUG - tty.usbmodem0006822145041: RX: 05d211000000
2019-07-22 19:08:10,012 - DEBUG - tty.usbmodem0006822145041: parsed_packet {event: MeshTxComplete, data: {'token': 17}}
2019-07-22 19:08:10,012 - INFO - tty.usbmodem0006822145041: {event: MeshTxComplete, data: {'token': 17}}
2019-07-22 19:08:10,016 - DEBUG - tty.usbmodem0006822145041: RX: 18d017000100000000007f01c8639509c2c2c80400c4590000
2019-07-22 19:08:10,016 - DEBUG - tty.usbmodem0006822145041: parsed_packet {event: MeshMessageReceivedUnicast, data: {'src': 23, 'dst': 1, 'appkey_handle': 0, 'subnet_handle': 0, 'ttl': 127, 'adv_addr_type': 1, 'adv_addr': bytearray(b'\xc8c\x95\t\xc2\xc2'), 'rssi': -56, 'actual_length': 4, 'data': bytearray(b'\xc4Y\x00\x00')}}
2019-07-22 19:08:10,016 - INFO - tty.usbmodem0006822145041: {event: MeshMessageReceivedUnicast, data: {'src': 23, 'dst': 1, 'appkey_handle': 0, 'subnet_handle': 0, 'ttl': 127, 'adv_addr_type': 1, 'adv_addr': bytearray(b'\xc8c\x95\t\xc2\xc2'), 'rssi': -56, 'actual_length': 4, 'data': bytearray(b'\xc4\x00Y\x00')}}
2019-07-22 19:08:26,895 - DEBUG - tty.usbmodem0006822145041: exited read event
