2019-07-22 16:44:17,302 - DEBUG: Writing: 14 bytearray(b'')
2019-07-22 16:44:17,302 - DEBUG: TX: 010e
2019-07-22 16:44:17,720 - DEBUG: RX: 04810200fe
2019-07-22 16:44:17,720 - DEBUG: parsed_packet {event: DeviceStarted, data: {'operating_mode': 2, 'hw_error': 0, 'data_credit_available': 254}}
2019-07-22 16:44:17,721 - INFO: Device rebooted.
2019-07-22 16:44:17,841 - DEBUG: Writing: 105 bytearray(b'\xf8\xac\xe1\xea\xe0=\x9eE\xbbpn\xa8a*zB\xd2\x10\xb7\xb1hn1Ud\x99&J\x94\x8c\x89\xea\x19\n\x9d\x9f\xf4\x88\xfdd\xe2\xa9:\xbb\x16\xd9\x8f\xfe\xa4\xd6\xc6]]i1DzFBT~\xd5\xd0\xcc\x1cY\xe2\x8e\xf91?7\xd0S\x11\xa5\xad\x86\xaf\xc5R\x99\x01\x1e0\x80\xd2S\x8dL\xb9\x96Ap\xb6\xcb')
2019-07-22 16:44:17,844 - DEBUG: TX: 6169f8ace1eae03d9e45bb706ea8612a7a42d210b7b1686e31556499264a948c89ea190a9d9ff488fd64e2a93abb16d98ffea4d6c65d5d6931447a4642547ed5d0cc1c59e28ef9313f37d05311a5ad86afc55299011e3080d2538d4cb9964170b6cb
2019-07-22 16:44:17,851 - INFO: 

2019-07-22 16:44:17,852 - INFO: Sending next message
2019-07-22 16:44:17,855 - DEBUG: RX: 03845384
2019-07-22 16:44:17,855 - DEBUG: parsed_packet {event: CmdRsp, data: {'opcode': 83, 'status': 132, 'data': bytearray(b'')}}
2019-07-22 16:44:17,856 - ERROR: None: ERROR_INVALID_LENGTH
2019-07-22 16:44:17,856 - DEBUG: Writing: 159 bytearray(b'\x01\x00\x01\x00')
2019-07-22 16:44:17,856 - DEBUG: TX: 059f01000100
2019-07-22 16:44:17,856 - DEBUG: RX: 03840084
2019-07-22 16:44:17,857 - DEBUG: parsed_packet {event: CmdRsp, data: {'opcode': 0, 'status': 132, 'data': bytearray(b'')}}
2019-07-22 16:44:17,857 - ERROR: None: ERROR_INVALID_LENGTH
2019-07-22 16:44:17,857 - DEBUG: Writing: 146 bytearray(b'\x00\x00\x18\xee\xd9\xc2\xa5j\xdd\x85\x04\x9f\xfc<Y\xad\x0e\x12')
2019-07-22 16:44:17,857 - DEBUG: TX: 1392000018eed9c2a56add85049ffc3c59ad0e12
2019-07-22 16:44:17,857 - DEBUG: RX: 03840084
2019-07-22 16:44:17,858 - DEBUG: parsed_packet {event: CmdRsp, data: {'opcode': 0, 'status': 132, 'data': bytearray(b'')}}
2019-07-22 16:44:17,858 - ERROR: None: ERROR_INVALID_LENGTH
2019-07-22 16:44:17,858 - DEBUG: Writing: 151 bytearray(b'\x00\x00\x00\x00Oh\xad\x85\xd9\xf4\x8a\xc8X\x9d\xf6e\xb6\xb4\x9b\x8a')
2019-07-22 16:44:17,858 - DEBUG: TX: 1597000000004f68ad85d9f48ac8589df665b6b49b8a
2019-07-22 16:44:17,859 - DEBUG: RX: 03840084
2019-07-22 16:44:17,859 - DEBUG: parsed_packet {event: CmdRsp, data: {'opcode': 0, 'status': 132, 'data': bytearray(b'')}}
2019-07-22 16:44:17,859 - ERROR: None: ERROR_INVALID_LENGTH
2019-07-22 16:44:17,859 - DEBUG: Writing: 151 bytearray(b'\x01\x00\x00\x00*\xa2\xa6\xde\xd5\xa0y\x8c\xea\xb5x|\xa3\xae9\xfc')
2019-07-22 16:44:17,860 - DEBUG: TX: 1597010000002aa2a6ded5a0798ceab5787ca3ae39fc
2019-07-22 16:44:17,860 - DEBUG: RX: 03840084
2019-07-22 16:44:17,860 - DEBUG: parsed_packet {event: CmdRsp, data: {'opcode': 0, 'status': 132, 'data': bytearray(b'')}}
2019-07-22 16:44:17,861 - ERROR: None: ERROR_INVALID_LENGTH
2019-07-22 16:44:17,862 - DEBUG: Writing: 164 bytearray(b'\x10\x00')
2019-07-22 16:44:17,863 - DEBUG: TX: 03a41000
2019-07-22 16:44:17,863 - DEBUG: RX: 03840084
2019-07-22 16:44:17,863 - DEBUG: parsed_packet {event: CmdRsp, data: {'opcode': 0, 'status': 132, 'data': bytearray(b'')}}
2019-07-22 16:44:17,863 - ERROR: None: ERROR_INVALID_LENGTH
2019-07-22 16:44:17,864 - DEBUG: RX: 03840084
2019-07-22 16:44:17,864 - DEBUG: parsed_packet {event: CmdRsp, data: {'opcode': 0, 'status': 132, 'data': bytearray(b'')}}
2019-07-22 16:44:17,864 - ERROR: None: ERROR_INVALID_LENGTH
2019-07-22 16:44:17,864 - DEBUG: RX: 03840084
2019-07-22 16:44:17,864 - DEBUG: parsed_packet {event: CmdRsp, data: {'opcode': 0, 'status': 132, 'data': bytearray(b'')}}
2019-07-22 16:44:17,864 - ERROR: None: ERROR_INVALID_LENGTH
2019-07-22 16:44:17,864 - DEBUG: RX: 03840084
2019-07-22 16:44:17,864 - DEBUG: parsed_packet {event: CmdRsp, data: {'opcode': 0, 'status': 132, 'data': bytearray(b'')}}
2019-07-22 16:44:17,865 - ERROR: None: ERROR_INVALID_LENGTH
2019-07-22 16:44:17,865 - DEBUG: RX: 03840084
2019-07-22 16:44:17,865 - DEBUG: parsed_packet {event: CmdRsp, data: {'opcode': 0, 'status': 132, 'data': bytearray(b'')}}
2019-07-22 16:44:17,865 - ERROR: None: ERROR_INVALID_LENGTH
2019-07-22 16:44:17,865 - DEBUG: RX: 03840084
2019-07-22 16:44:17,865 - DEBUG: parsed_packet {event: CmdRsp, data: {'opcode': 0, 'status': 132, 'data': bytearray(b'')}}
2019-07-22 16:44:17,865 - ERROR: None: ERROR_INVALID_LENGTH
2019-07-22 16:44:17,873 - DEBUG: RX: 03840084
2019-07-22 16:44:17,873 - DEBUG: parsed_packet {event: CmdRsp, data: {'opcode': 0, 'status': 132, 'data': bytearray(b'')}}
2019-07-22 16:44:17,873 - ERROR: None: ERROR_INVALID_LENGTH
2019-07-22 16:44:17,874 - DEBUG: RX: 03840084
2019-07-22 16:44:17,874 - DEBUG: parsed_packet {event: CmdRsp, data: {'opcode': 0, 'status': 132, 'data': bytearray(b'')}}
2019-07-22 16:44:17,874 - ERROR: None: ERROR_INVALID_LENGTH
2019-07-22 16:44:17,874 - DEBUG: RX: 03849f00
2019-07-22 16:44:17,874 - DEBUG: parsed_packet {event: CmdRsp, data: {'opcode': 159, 'status': 0, 'data': bytearray(b'')}}
2019-07-22 16:44:17,875 - INFO: Success
2019-07-22 16:44:17,875 - DEBUG: RX: 058492000000
2019-07-22 16:44:17,875 - DEBUG: parsed_packet {event: CmdRsp, data: {'opcode': 146, 'status': 0, 'data': bytearray(b'\x00\x00')}}
2019-07-22 16:44:17,875 - INFO: SubnetAdd: {'subnet_handle': 0}
2019-07-22 16:44:17,876 - DEBUG: RX: 058497000000
2019-07-22 16:44:17,876 - DEBUG: parsed_packet {event: CmdRsp, data: {'opcode': 151, 'status': 0, 'data': bytearray(b'\x00\x00')}}
2019-07-22 16:44:17,876 - INFO: AppkeyAdd: {'appkey_handle': 0}
2019-07-22 16:44:17,876 - DEBUG: RX: 058497000100
2019-07-22 16:44:17,876 - DEBUG: parsed_packet {event: CmdRsp, data: {'opcode': 151, 'status': 0, 'data': bytearray(b'\x01\x00')}}
2019-07-22 16:44:17,876 - INFO: AppkeyAdd: {'appkey_handle': 1}
2019-07-22 16:44:17,877 - DEBUG: RX: 0584a4000000
2019-07-22 16:44:17,877 - DEBUG: parsed_packet {event: CmdRsp, data: {'opcode': 164, 'status': 0, 'data': bytearray(b'\x00\x00')}}
2019-07-22 16:44:17,877 - INFO: AddrPublicationAdd: {'address_handle': 0}
2019-07-22 16:44:17,881 - INFO: 

2019-07-22 16:44:17,882 - INFO: Sending next message
2019-07-22 16:44:17,882 - DEBUG: Writing: 161 bytearray(b'\x01\xc0')
2019-07-22 16:44:17,882 - DEBUG: TX: 03a101c0
2019-07-22 16:44:17,884 - DEBUG: RX: 0584a1000100
2019-07-22 16:44:17,884 - DEBUG: parsed_packet {event: CmdRsp, data: {'opcode': 161, 'status': 0, 'data': bytearray(b'\x01\x00')}}
2019-07-22 16:44:17,884 - INFO: AddrSubscriptionAdd: {'address_handle': 1}
2019-07-22 16:44:17,892 - INFO: 

2019-07-22 16:44:17,892 - INFO: Sending next message
2019-07-22 16:44:17,893 - DEBUG: Writing: 164 bytearray(b'\x11\x00')
2019-07-22 16:44:17,893 - DEBUG: TX: 03a41100
2019-07-22 16:44:17,895 - DEBUG: RX: 0584a4000200
2019-07-22 16:44:17,895 - DEBUG: parsed_packet {event: CmdRsp, data: {'opcode': 164, 'status': 0, 'data': bytearray(b'\x02\x00')}}
2019-07-22 16:44:17,895 - INFO: AddrPublicationAdd: {'address_handle': 2}
2019-07-22 16:44:17,899 - INFO: 

2019-07-22 16:44:17,900 - INFO: Sending next message
2019-07-22 16:44:17,900 - DEBUG: Writing: 164 bytearray(b'\x12\x00')
2019-07-22 16:44:17,900 - DEBUG: TX: 03a41200
2019-07-22 16:44:17,902 - DEBUG: RX: 0584a4000300
2019-07-22 16:44:17,903 - DEBUG: parsed_packet {event: CmdRsp, data: {'opcode': 164, 'status': 0, 'data': bytearray(b'\x03\x00')}}
2019-07-22 16:44:17,903 - INFO: AddrPublicationAdd: {'address_handle': 3}
2019-07-22 16:44:17,912 - INFO: 

2019-07-22 16:44:17,912 - INFO: Sending next message
2019-07-22 16:44:17,913 - DEBUG: Writing: 164 bytearray(b'\x13\x00')
2019-07-22 16:44:17,913 - DEBUG: TX: 03a41300
2019-07-22 16:44:17,915 - DEBUG: RX: 0584a4000400
2019-07-22 16:44:17,915 - DEBUG: parsed_packet {event: CmdRsp, data: {'opcode': 164, 'status': 0, 'data': bytearray(b'\x04\x00')}}
2019-07-22 16:44:17,915 - INFO: AddrPublicationAdd: {'address_handle': 4}
2019-07-22 16:44:17,921 - INFO: 

2019-07-22 16:44:17,921 - INFO: Sending next message
2019-07-22 16:44:17,921 - DEBUG: Writing: 164 bytearray(b'\x14\x00')
2019-07-22 16:44:17,922 - DEBUG: TX: 03a41400
2019-07-22 16:44:17,924 - DEBUG: RX: 0584a4000500
2019-07-22 16:44:17,925 - DEBUG: parsed_packet {event: CmdRsp, data: {'opcode': 164, 'status': 0, 'data': bytearray(b'\x05\x00')}}
2019-07-22 16:44:17,925 - INFO: AddrPublicationAdd: {'address_handle': 5}
2019-07-22 16:44:17,930 - INFO: 

2019-07-22 16:44:17,930 - INFO: Sending next message
2019-07-22 16:44:17,930 - DEBUG: Writing: 164 bytearray(b'\x15\x00')
2019-07-22 16:44:17,931 - DEBUG: TX: 03a41500
2019-07-22 16:44:17,933 - DEBUG: RX: 0584a4000600
2019-07-22 16:44:17,933 - DEBUG: parsed_packet {event: CmdRsp, data: {'opcode': 164, 'status': 0, 'data': bytearray(b'\x06\x00')}}
2019-07-22 16:44:17,933 - INFO: AddrPublicationAdd: {'address_handle': 6}
2019-07-22 16:44:17,941 - INFO: 

2019-07-22 16:44:17,941 - INFO: Sending next message
2019-07-22 16:44:17,942 - DEBUG: Writing: 164 bytearray(b'\x16\x00')
2019-07-22 16:44:17,942 - DEBUG: TX: 03a41600
2019-07-22 16:44:17,944 - DEBUG: RX: 0584a4000700
2019-07-22 16:44:17,944 - DEBUG: parsed_packet {event: CmdRsp, data: {'opcode': 164, 'status': 0, 'data': bytearray(b'\x07\x00')}}
2019-07-22 16:44:17,945 - INFO: AddrPublicationAdd: {'address_handle': 7}
2019-07-22 16:44:17,949 - INFO: 

2019-07-22 16:44:17,949 - INFO: Sending next message
2019-07-22 16:44:17,949 - DEBUG: Writing: 164 bytearray(b'\x17\x00')
2019-07-22 16:44:17,949 - DEBUG: TX: 03a41700
2019-07-22 16:44:17,951 - DEBUG: RX: 0584a4000800
2019-07-22 16:44:17,951 - DEBUG: parsed_packet {event: CmdRsp, data: {'opcode': 164, 'status': 0, 'data': bytearray(b'\x08\x00')}}
2019-07-22 16:44:17,952 - INFO: AddrPublicationAdd: {'address_handle': 8}
2019-07-22 16:44:17,961 - INFO: 

2019-07-22 16:44:17,961 - INFO: Sending next message
2019-07-22 16:44:17,961 - DEBUG: Writing: 164 bytearray(b'\x18\x00')
2019-07-22 16:44:17,961 - DEBUG: TX: 03a41800
2019-07-22 16:44:17,963 - DEBUG: RX: 0584a4000900
2019-07-22 16:44:17,963 - DEBUG: parsed_packet {event: CmdRsp, data: {'opcode': 164, 'status': 0, 'data': bytearray(b'\t\x00')}}
2019-07-22 16:44:17,963 - INFO: AddrPublicationAdd: {'address_handle': 9}
2019-07-22 16:44:17,971 - INFO: 

2019-07-22 16:44:17,973 - INFO: Sending next message
2019-07-22 16:44:17,974 - DEBUG: Writing: 164 bytearray(b'\x19\x00')
2019-07-22 16:44:17,975 - DEBUG: TX: 03a41900
2019-07-22 16:44:17,977 - DEBUG: RX: 0584a4000a00
2019-07-22 16:44:17,977 - DEBUG: parsed_packet {event: CmdRsp, data: {'opcode': 164, 'status': 0, 'data': bytearray(b'\n\x00')}}
2019-07-22 16:44:17,978 - INFO: AddrPublicationAdd: {'address_handle': 10}
2019-07-22 16:44:17,983 - INFO: 

2019-07-22 16:44:17,983 - INFO: Sending next message
2019-07-22 16:44:17,983 - DEBUG: Writing: 164 bytearray(b'\x1a\x00')
2019-07-22 16:44:17,983 - DEBUG: TX: 03a41a00
2019-07-22 16:44:17,985 - DEBUG: RX: 0584a4000b00
2019-07-22 16:44:17,985 - DEBUG: parsed_packet {event: CmdRsp, data: {'opcode': 164, 'status': 0, 'data': bytearray(b'\x0b\x00')}}
2019-07-22 16:44:17,986 - INFO: AddrPublicationAdd: {'address_handle': 11}
2019-07-22 16:44:17,995 - INFO: 

2019-07-22 16:44:17,996 - INFO: Sending next message
2019-07-22 16:44:17,996 - DEBUG: Writing: 164 bytearray(b'\x1b\x00')
2019-07-22 16:44:17,996 - DEBUG: TX: 03a41b00
2019-07-22 16:44:17,998 - DEBUG: RX: 0584a4000c00
2019-07-22 16:44:17,998 - DEBUG: parsed_packet {event: CmdRsp, data: {'opcode': 164, 'status': 0, 'data': bytearray(b'\x0c\x00')}}
2019-07-22 16:44:17,998 - INFO: AddrPublicationAdd: {'address_handle': 12}
2019-07-22 16:44:18,004 - INFO: 

2019-07-22 16:44:18,005 - INFO: Sending next message
2019-07-22 16:44:18,005 - DEBUG: Writing: 164 bytearray(b'\x1c\x00')
2019-07-22 16:44:18,005 - DEBUG: TX: 03a41c00
2019-07-22 16:44:18,008 - DEBUG: RX: 0584a4000d00
2019-07-22 16:44:18,009 - DEBUG: parsed_packet {event: CmdRsp, data: {'opcode': 164, 'status': 0, 'data': bytearray(b'\r\x00')}}
2019-07-22 16:44:18,009 - INFO: AddrPublicationAdd: {'address_handle': 13}
2019-07-22 16:44:18,014 - INFO: 

2019-07-22 16:44:18,014 - INFO: Sending next message
2019-07-22 16:44:18,014 - DEBUG: Writing: 164 bytearray(b'\x1d\x00')
2019-07-22 16:44:18,014 - DEBUG: TX: 03a41d00
2019-07-22 16:44:18,016 - DEBUG: RX: 0584a4000e00
2019-07-22 16:44:18,016 - DEBUG: parsed_packet {event: CmdRsp, data: {'opcode': 164, 'status': 0, 'data': bytearray(b'\x0e\x00')}}
2019-07-22 16:44:18,017 - INFO: AddrPublicationAdd: {'address_handle': 14}
2019-07-22 16:44:18,027 - INFO: 

2019-07-22 16:44:18,028 - INFO: Sending next message
2019-07-22 16:44:18,028 - DEBUG: Writing: 156 bytearray(b'\x10\x00\x00\x00Cl\xab\x18\xf4\x96\xa9\xf6 \x1c\x95g\x03I\x890')
2019-07-22 16:44:18,028 - DEBUG: TX: 159c10000000436cab18f496a9f6201c956703498930
2019-07-22 16:44:18,032 - DEBUG: RX: 05849c000800
2019-07-22 16:44:18,032 - DEBUG: parsed_packet {event: CmdRsp, data: {'opcode': 156, 'status': 0, 'data': bytearray(b'\x08\x00')}}
2019-07-22 16:44:18,032 - INFO: DevkeyAdd: {'devkey_handle': 8}
2019-07-22 16:44:18,041 - INFO: 

2019-07-22 16:44:18,042 - INFO: Sending next message
2019-07-22 16:44:22,047 - INFO: Timout handler timeout
2019-07-22 16:44:54,472 - DEBUG: Writing: 14 bytearray(b'')
2019-07-22 16:44:54,472 - DEBUG: TX: 010e
2019-07-22 16:44:54,891 - DEBUG: RX: 04810200fe
2019-07-22 16:44:54,891 - DEBUG: parsed_packet {event: DeviceStarted, data: {'operating_mode': 2, 'hw_error': 0, 'data_credit_available': 254}}
2019-07-22 16:44:54,892 - INFO: Device rebooted.
2019-07-22 16:44:54,962 - DEBUG: Writing: 105 bytearray(b'S:\xef\xaf\xa1\xe7q\xb99H\x9e\x1bnI\x81A\xd97\xb8B,\xe2=T\x17X\xee-\\v\xd5\xc6hb\xe0"\x7fi\xb9\xfe5\x9f\x16\xa5\x1a,\x00\x94v\xda\xadv~\xb1\x11#\xc3t\x19\xdc:)r\xbe\xb5\tG\xa6\x9f\xc9N|\x1dF\xc7\xd2\xc0\xd14\x0c\x96\xa7\xe2 ]\xa6\xe6O\xa8;\xf1~\xb7\xcay\xbf')
2019-07-22 16:44:54,965 - DEBUG: TX: 6169533aefafa1e771b939489e1b6e498141d937b8422ce23d541758ee2d5c76d5c66862e0227f69b9fe359f16a51a2c009476daad767eb11123c37419dc3a2972beb50947a69fc94e7c1d46c7d2c0d1340c96a7e2205da6e64fa83bf17eb7ca79bf
2019-07-22 16:44:54,974 - INFO: 

2019-07-22 16:44:54,974 - INFO: Sending next message
2019-07-22 16:44:54,976 - DEBUG: RX: 03845384
2019-07-22 16:44:54,976 - DEBUG: parsed_packet {event: CmdRsp, data: {'opcode': 83, 'status': 132, 'data': bytearray(b'')}}
2019-07-22 16:44:54,977 - ERROR: None: ERROR_INVALID_LENGTH
2019-07-22 16:44:54,977 - DEBUG: Writing: 159 bytearray(b'\x01\x00\x01\x00')
2019-07-22 16:44:54,977 - DEBUG: TX: 059f01000100
2019-07-22 16:44:54,977 - DEBUG: RX: 03840084
2019-07-22 16:44:54,978 - DEBUG: parsed_packet {event: CmdRsp, data: {'opcode': 0, 'status': 132, 'data': bytearray(b'')}}
2019-07-22 16:44:54,978 - ERROR: None: ERROR_INVALID_LENGTH
2019-07-22 16:44:54,978 - DEBUG: Writing: 146 bytearray(b'\x00\x00\x18\xee\xd9\xc2\xa5j\xdd\x85\x04\x9f\xfc<Y\xad\x0e\x12')
2019-07-22 16:44:54,978 - DEBUG: TX: 1392000018eed9c2a56add85049ffc3c59ad0e12
2019-07-22 16:44:54,979 - DEBUG: RX: 03840084
2019-07-22 16:44:54,979 - DEBUG: parsed_packet {event: CmdRsp, data: {'opcode': 0, 'status': 132, 'data': bytearray(b'')}}
2019-07-22 16:44:54,979 - ERROR: None: ERROR_INVALID_LENGTH
2019-07-22 16:44:54,979 - DEBUG: Writing: 151 bytearray(b'\x00\x00\x00\x00Oh\xad\x85\xd9\xf4\x8a\xc8X\x9d\xf6e\xb6\xb4\x9b\x8a')
2019-07-22 16:44:54,979 - DEBUG: RX: 03840084
2019-07-22 16:44:54,985 - DEBUG: TX: 1597000000004f68ad85d9f48ac8589df665b6b49b8a
2019-07-22 16:44:54,985 - DEBUG: parsed_packet {event: CmdRsp, data: {'opcode': 0, 'status': 132, 'data': bytearray(b'')}}
2019-07-22 16:44:54,986 - ERROR: None: ERROR_INVALID_LENGTH
2019-07-22 16:44:54,986 - DEBUG: Writing: 151 bytearray(b'\x01\x00\x00\x00*\xa2\xa6\xde\xd5\xa0y\x8c\xea\xb5x|\xa3\xae9\xfc')
2019-07-22 16:44:54,986 - DEBUG: TX: 1597010000002aa2a6ded5a0798ceab5787ca3ae39fc
2019-07-22 16:44:54,987 - DEBUG: RX: 03840084
2019-07-22 16:44:54,987 - DEBUG: parsed_packet {event: CmdRsp, data: {'opcode': 0, 'status': 132, 'data': bytearray(b'')}}
2019-07-22 16:44:54,987 - ERROR: None: ERROR_INVALID_LENGTH
2019-07-22 16:44:54,987 - DEBUG: RX: 03840084
2019-07-22 16:44:54,987 - DEBUG: parsed_packet {event: CmdRsp, data: {'opcode': 0, 'status': 132, 'data': bytearray(b'')}}
2019-07-22 16:44:54,988 - ERROR: None: ERROR_INVALID_LENGTH
2019-07-22 16:44:54,988 - DEBUG: RX: 03840084
2019-07-22 16:44:54,988 - DEBUG: parsed_packet {event: CmdRsp, data: {'opcode': 0, 'status': 132, 'data': bytearray(b'')}}
2019-07-22 16:44:54,988 - ERROR: None: ERROR_INVALID_LENGTH
2019-07-22 16:44:54,989 - DEBUG: Writing: 164 bytearray(b'\x10\x00')
2019-07-22 16:44:54,989 - DEBUG: TX: 03a41000
2019-07-22 16:44:54,989 - DEBUG: RX: 03840084
2019-07-22 16:44:54,990 - DEBUG: parsed_packet {event: CmdRsp, data: {'opcode': 0, 'status': 132, 'data': bytearray(b'')}}
2019-07-22 16:44:54,991 - ERROR: None: ERROR_INVALID_LENGTH
2019-07-22 16:44:54,991 - DEBUG: RX: 03840084
2019-07-22 16:44:54,991 - DEBUG: parsed_packet {event: CmdRsp, data: {'opcode': 0, 'status': 132, 'data': bytearray(b'')}}
2019-07-22 16:44:54,992 - ERROR: None: ERROR_INVALID_LENGTH
2019-07-22 16:44:54,992 - DEBUG: RX: 03840084
2019-07-22 16:44:54,992 - DEBUG: parsed_packet {event: CmdRsp, data: {'opcode': 0, 'status': 132, 'data': bytearray(b'')}}
2019-07-22 16:44:54,992 - ERROR: None: ERROR_INVALID_LENGTH
2019-07-22 16:44:54,992 - DEBUG: RX: 03840084
2019-07-22 16:44:54,992 - DEBUG: parsed_packet {event: CmdRsp, data: {'opcode': 0, 'status': 132, 'data': bytearray(b'')}}
2019-07-22 16:44:54,993 - ERROR: None: ERROR_INVALID_LENGTH
2019-07-22 16:44:54,993 - DEBUG: RX: 03840084
2019-07-22 16:44:54,993 - DEBUG: parsed_packet {event: CmdRsp, data: {'opcode': 0, 'status': 132, 'data': bytearray(b'')}}
2019-07-22 16:44:54,993 - ERROR: None: ERROR_INVALID_LENGTH
2019-07-22 16:44:54,993 - DEBUG: RX: 03840084
2019-07-22 16:44:54,993 - DEBUG: parsed_packet {event: CmdRsp, data: {'opcode': 0, 'status': 132, 'data': bytearray(b'')}}
2019-07-22 16:44:54,993 - ERROR: None: ERROR_INVALID_LENGTH
2019-07-22 16:44:54,993 - DEBUG: RX: 03849f00
2019-07-22 16:44:54,994 - DEBUG: parsed_packet {event: CmdRsp, data: {'opcode': 159, 'status': 0, 'data': bytearray(b'')}}
2019-07-22 16:44:54,994 - INFO: Success
2019-07-22 16:44:54,994 - DEBUG: RX: 058492000000
2019-07-22 16:44:54,994 - DEBUG: parsed_packet {event: CmdRsp, data: {'opcode': 146, 'status': 0, 'data': bytearray(b'\x00\x00')}}
2019-07-22 16:44:54,994 - INFO: SubnetAdd: {'subnet_handle': 0}
2019-07-22 16:44:54,995 - DEBUG: RX: 058497000000
2019-07-22 16:44:54,995 - DEBUG: parsed_packet {event: CmdRsp, data: {'opcode': 151, 'status': 0, 'data': bytearray(b'\x00\x00')}}
2019-07-22 16:44:54,995 - INFO: AppkeyAdd: {'appkey_handle': 0}
2019-07-22 16:44:54,996 - DEBUG: RX: 058497000100
2019-07-22 16:44:54,996 - DEBUG: parsed_packet {event: CmdRsp, data: {'opcode': 151, 'status': 0, 'data': bytearray(b'\x01\x00')}}
2019-07-22 16:44:54,996 - INFO: AppkeyAdd: {'appkey_handle': 1}
2019-07-22 16:44:54,997 - DEBUG: RX: 0584a4000000
2019-07-22 16:44:54,997 - DEBUG: parsed_packet {event: CmdRsp, data: {'opcode': 164, 'status': 0, 'data': bytearray(b'\x00\x00')}}
2019-07-22 16:44:54,997 - INFO: AddrPublicationAdd: {'address_handle': 0}
2019-07-22 16:44:55,001 - INFO: 

2019-07-22 16:44:55,001 - INFO: Sending next message
2019-07-22 16:44:55,004 - DEBUG: Writing: 161 bytearray(b'\x01\xc0')
2019-07-22 16:44:55,004 - DEBUG: TX: 03a101c0
2019-07-22 16:44:55,006 - DEBUG: RX: 0584a1000100
2019-07-22 16:44:55,006 - DEBUG: parsed_packet {event: CmdRsp, data: {'opcode': 161, 'status': 0, 'data': bytearray(b'\x01\x00')}}
2019-07-22 16:44:55,006 - INFO: AddrSubscriptionAdd: {'address_handle': 1}
2019-07-22 16:44:55,013 - INFO: 

2019-07-22 16:44:55,013 - INFO: Sending next message
2019-07-22 16:44:55,013 - DEBUG: Writing: 164 bytearray(b'\x11\x00')
2019-07-22 16:44:55,013 - DEBUG: TX: 03a41100
2019-07-22 16:44:55,015 - DEBUG: RX: 0584a4000200
2019-07-22 16:44:55,015 - DEBUG: parsed_packet {event: CmdRsp, data: {'opcode': 164, 'status': 0, 'data': bytearray(b'\x02\x00')}}
2019-07-22 16:44:55,015 - INFO: AddrPublicationAdd: {'address_handle': 2}
2019-07-22 16:44:55,021 - INFO: 

2019-07-22 16:44:55,021 - INFO: Sending next message
2019-07-22 16:44:55,021 - DEBUG: Writing: 164 bytearray(b'\x12\x00')
2019-07-22 16:44:55,021 - DEBUG: TX: 03a41200
2019-07-22 16:44:55,024 - DEBUG: RX: 0584a4000300
2019-07-22 16:44:55,024 - DEBUG: parsed_packet {event: CmdRsp, data: {'opcode': 164, 'status': 0, 'data': bytearray(b'\x03\x00')}}
2019-07-22 16:44:55,024 - INFO: AddrPublicationAdd: {'address_handle': 3}
2019-07-22 16:44:55,030 - INFO: 

2019-07-22 16:44:55,030 - INFO: Sending next message
2019-07-22 16:44:55,030 - DEBUG: Writing: 164 bytearray(b'\x13\x00')
2019-07-22 16:44:55,031 - DEBUG: TX: 03a41300
2019-07-22 16:44:55,033 - DEBUG: RX: 0584a4000400
2019-07-22 16:44:55,033 - DEBUG: parsed_packet {event: CmdRsp, data: {'opcode': 164, 'status': 0, 'data': bytearray(b'\x04\x00')}}
2019-07-22 16:44:55,033 - INFO: AddrPublicationAdd: {'address_handle': 4}
2019-07-22 16:44:55,039 - INFO: 

2019-07-22 16:44:55,039 - INFO: Sending next message
2019-07-22 16:44:55,040 - DEBUG: Writing: 164 bytearray(b'\x14\x00')
2019-07-22 16:44:55,040 - DEBUG: TX: 03a41400
2019-07-22 16:44:55,042 - DEBUG: RX: 0584a4000500
2019-07-22 16:44:55,042 - DEBUG: parsed_packet {event: CmdRsp, data: {'opcode': 164, 'status': 0, 'data': bytearray(b'\x05\x00')}}
2019-07-22 16:44:55,042 - INFO: AddrPublicationAdd: {'address_handle': 5}
2019-07-22 16:44:55,048 - INFO: 

2019-07-22 16:44:55,048 - INFO: Sending next message
2019-07-22 16:44:55,048 - DEBUG: Writing: 164 bytearray(b'\x15\x00')
2019-07-22 16:44:55,048 - DEBUG: TX: 03a41500
2019-07-22 16:44:55,050 - DEBUG: RX: 0584a4000600
2019-07-22 16:44:55,050 - DEBUG: parsed_packet {event: CmdRsp, data: {'opcode': 164, 'status': 0, 'data': bytearray(b'\x06\x00')}}
2019-07-22 16:44:55,050 - INFO: AddrPublicationAdd: {'address_handle': 6}
2019-07-22 16:44:55,056 - INFO: 

2019-07-22 16:44:55,057 - INFO: Sending next message
2019-07-22 16:44:55,057 - DEBUG: Writing: 164 bytearray(b'\x16\x00')
2019-07-22 16:44:55,057 - DEBUG: TX: 03a41600
2019-07-22 16:44:55,059 - DEBUG: RX: 0584a4000700
2019-07-22 16:44:55,059 - DEBUG: parsed_packet {event: CmdRsp, data: {'opcode': 164, 'status': 0, 'data': bytearray(b'\x07\x00')}}
2019-07-22 16:44:55,059 - INFO: AddrPublicationAdd: {'address_handle': 7}
2019-07-22 16:44:55,066 - INFO: 

2019-07-22 16:44:55,066 - INFO: Sending next message
2019-07-22 16:44:55,066 - DEBUG: Writing: 164 bytearray(b'\x17\x00')
2019-07-22 16:44:55,066 - DEBUG: TX: 03a41700
2019-07-22 16:44:55,068 - DEBUG: RX: 0584a4000800
2019-07-22 16:44:55,068 - DEBUG: parsed_packet {event: CmdRsp, data: {'opcode': 164, 'status': 0, 'data': bytearray(b'\x08\x00')}}
2019-07-22 16:44:55,069 - INFO: AddrPublicationAdd: {'address_handle': 8}
2019-07-22 16:44:55,075 - INFO: 

2019-07-22 16:44:55,075 - INFO: Sending next message
2019-07-22 16:44:55,076 - DEBUG: Writing: 164 bytearray(b'\x18\x00')
2019-07-22 16:44:55,076 - DEBUG: TX: 03a41800
2019-07-22 16:44:55,078 - DEBUG: RX: 0584a4000900
2019-07-22 16:44:55,079 - DEBUG: parsed_packet {event: CmdRsp, data: {'opcode': 164, 'status': 0, 'data': bytearray(b'\t\x00')}}
2019-07-22 16:44:55,079 - INFO: AddrPublicationAdd: {'address_handle': 9}
2019-07-22 16:44:55,084 - INFO: 

2019-07-22 16:44:55,084 - INFO: Sending next message
2019-07-22 16:44:55,085 - DEBUG: Writing: 164 bytearray(b'\x19\x00')
2019-07-22 16:44:55,085 - DEBUG: TX: 03a41900
2019-07-22 16:44:55,087 - DEBUG: RX: 0584a4000a00
2019-07-22 16:44:55,087 - DEBUG: parsed_packet {event: CmdRsp, data: {'opcode': 164, 'status': 0, 'data': bytearray(b'\n\x00')}}
2019-07-22 16:44:55,087 - INFO: AddrPublicationAdd: {'address_handle': 10}
2019-07-22 16:44:55,092 - INFO: 

2019-07-22 16:44:55,092 - INFO: Sending next message
2019-07-22 16:44:55,092 - DEBUG: Writing: 164 bytearray(b'\x1a\x00')
2019-07-22 16:44:55,092 - DEBUG: TX: 03a41a00
2019-07-22 16:44:55,095 - DEBUG: RX: 0584a4000b00
2019-07-22 16:44:55,095 - DEBUG: parsed_packet {event: CmdRsp, data: {'opcode': 164, 'status': 0, 'data': bytearray(b'\x0b\x00')}}
2019-07-22 16:44:55,095 - INFO: AddrPublicationAdd: {'address_handle': 11}
2019-07-22 16:44:55,100 - INFO: 

2019-07-22 16:44:55,100 - INFO: Sending next message
2019-07-22 16:44:55,100 - DEBUG: Writing: 164 bytearray(b'\x1b\x00')
2019-07-22 16:44:55,100 - DEBUG: TX: 03a41b00
2019-07-22 16:44:55,102 - DEBUG: RX: 0584a4000c00
2019-07-22 16:44:55,102 - DEBUG: parsed_packet {event: CmdRsp, data: {'opcode': 164, 'status': 0, 'data': bytearray(b'\x0c\x00')}}
2019-07-22 16:44:55,103 - INFO: AddrPublicationAdd: {'address_handle': 12}
2019-07-22 16:44:55,108 - INFO: 

2019-07-22 16:44:55,108 - INFO: Sending next message
2019-07-22 16:44:55,108 - DEBUG: Writing: 164 bytearray(b'\x1c\x00')
2019-07-22 16:44:55,108 - DEBUG: TX: 03a41c00
2019-07-22 16:44:55,110 - DEBUG: RX: 0584a4000d00
2019-07-22 16:44:55,111 - DEBUG: parsed_packet {event: CmdRsp, data: {'opcode': 164, 'status': 0, 'data': bytearray(b'\r\x00')}}
2019-07-22 16:44:55,111 - INFO: AddrPublicationAdd: {'address_handle': 13}
2019-07-22 16:44:55,116 - INFO: 

2019-07-22 16:44:55,116 - INFO: Sending next message
2019-07-22 16:44:55,117 - DEBUG: Writing: 164 bytearray(b'\x1d\x00')
2019-07-22 16:44:55,117 - DEBUG: TX: 03a41d00
2019-07-22 16:44:55,119 - DEBUG: RX: 0584a4000e00
2019-07-22 16:44:55,120 - DEBUG: parsed_packet {event: CmdRsp, data: {'opcode': 164, 'status': 0, 'data': bytearray(b'\x0e\x00')}}
2019-07-22 16:44:55,120 - INFO: AddrPublicationAdd: {'address_handle': 14}
2019-07-22 16:44:55,125 - INFO: 

2019-07-22 16:44:55,125 - INFO: Sending next message
2019-07-22 16:44:55,126 - DEBUG: Writing: 156 bytearray(b'\x10\x00\x00\x00Cl\xab\x18\xf4\x96\xa9\xf6 \x1c\x95g\x03I\x890')
2019-07-22 16:44:55,126 - DEBUG: TX: 159c10000000436cab18f496a9f6201c956703498930
2019-07-22 16:44:55,130 - DEBUG: RX: 05849c000800
2019-07-22 16:44:55,130 - DEBUG: parsed_packet {event: CmdRsp, data: {'opcode': 156, 'status': 0, 'data': bytearray(b'\x08\x00')}}
2019-07-22 16:44:55,130 - INFO: DevkeyAdd: {'devkey_handle': 8}
2019-07-22 16:44:55,134 - INFO: 

2019-07-22 16:44:55,134 - INFO: Sending next message
2019-07-22 16:44:59,139 - INFO: Timout handler timeout
