2019-07-17 16:11:49,315 - DEBUG - tty.usbmodem0006822145041: Writing: 105 bytearray(b'\nh\xed\x02g\xf4Q;\xf2\xfd]\xda\x037\x91?7&\xfcW\xd0\xee\xe8\x06\xea\xfd\xb49\x07#N\x06\xafL\xfe\x97\xbbP.D<\xfb\x12\x8b\xc9\x87}\xf0e\xcaL\x02d\xfa\xfbzT\xfe\x9e\xe9n\xa3\x9c\xec\xf4\x80\xa0\x12\xfd\xc8\x15}\xec\x00\xc5=s\xbeh\x81m\x84\xb3\xbc\t\xfc$0%(\xe1\x8f\xaa\x96\x0f\xd8')
2019-07-17 16:11:49,318 - DEBUG - tty.usbmodem0006822145041: TX: 61690a68ed0267f4513bf2fd5dda0337913f3726fc57d0eee806eafdb43907234e06af4cfe97bb502e443cfb128bc9877df065ca4c0264fafb7a54fe9ee96ea39cecf480a012fdc8157dec00c53d73be68816d84b3bc09fc24302528e18faa960fd8
2019-07-17 16:11:49,336 - DEBUG - tty.usbmodem0006822145041: RX: 03845384
2019-07-17 16:11:49,336 - DEBUG - tty.usbmodem0006822145041: parsed_packet {event: CmdRsp, data: {'opcode': 83, 'status': 132, 'data': bytearray(b'')}}
2019-07-17 16:11:49,336 - ERROR - tty.usbmodem0006822145041: None: ERROR_INVALID_LENGTH
2019-07-17 16:11:49,337 - DEBUG - tty.usbmodem0006822145041: Writing: 159 bytearray(b'\x01\x00\x01\x00')
2019-07-17 16:11:49,337 - INFO - tty.usbmodem0006822145041: 

2019-07-17 16:11:49,339 - DEBUG - tty.usbmodem0006822145041: RX: 03840084
2019-07-17 16:11:49,340 - DEBUG - tty.usbmodem0006822145041: TX: 059f01000100
2019-07-17 16:11:49,341 - INFO - tty.usbmodem0006822145041: Sending next message
2019-07-17 16:11:49,342 - DEBUG - tty.usbmodem0006822145041: parsed_packet {event: CmdRsp, data: {'opcode': 0, 'status': 132, 'data': bytearray(b'')}}
2019-07-17 16:11:49,348 - ERROR - tty.usbmodem0006822145041: None: ERROR_INVALID_LENGTH
2019-07-17 16:11:49,349 - DEBUG - tty.usbmodem0006822145041: Writing: 146 bytearray(b'\x00\x00\x18\xee\xd9\xc2\xa5j\xdd\x85\x04\x9f\xfc<Y\xad\x0e\x12')
2019-07-17 16:11:49,363 - DEBUG - tty.usbmodem0006822145041: TX: 1392000018eed9c2a56add85049ffc3c59ad0e12
2019-07-17 16:11:49,365 - DEBUG - tty.usbmodem0006822145041: RX: 03840084
2019-07-17 16:11:49,369 - DEBUG - tty.usbmodem0006822145041: parsed_packet {event: CmdRsp, data: {'opcode': 0, 'status': 132, 'data': bytearray(b'')}}
2019-07-17 16:11:49,369 - ERROR - tty.usbmodem0006822145041: None: ERROR_INVALID_LENGTH
2019-07-17 16:11:49,372 - DEBUG - tty.usbmodem0006822145041: Writing: 151 bytearray(b'\x00\x00\x00\x00Oh\xad\x85\xd9\xf4\x8a\xc8X\x9d\xf6e\xb6\xb4\x9b\x8a')
2019-07-17 16:11:49,374 - DEBUG - tty.usbmodem0006822145041: TX: 1597000000004f68ad85d9f48ac8589df665b6b49b8a
2019-07-17 16:11:49,375 - DEBUG - tty.usbmodem0006822145041: RX: 03840084
2019-07-17 16:11:49,375 - DEBUG - tty.usbmodem0006822145041: parsed_packet {event: CmdRsp, data: {'opcode': 0, 'status': 132, 'data': bytearray(b'')}}
2019-07-17 16:11:49,376 - ERROR - tty.usbmodem0006822145041: None: ERROR_INVALID_LENGTH
2019-07-17 16:11:49,376 - DEBUG - tty.usbmodem0006822145041: Writing: 151 bytearray(b'\x01\x00\x00\x00*\xa2\xa6\xde\xd5\xa0y\x8c\xea\xb5x|\xa3\xae9\xfc')
2019-07-17 16:11:49,377 - DEBUG - tty.usbmodem0006822145041: RX: 03840084
2019-07-17 16:11:49,386 - DEBUG - tty.usbmodem0006822145041: TX: 1597010000002aa2a6ded5a0798ceab5787ca3ae39fc
2019-07-17 16:11:49,387 - DEBUG - tty.usbmodem0006822145041: parsed_packet {event: CmdRsp, data: {'opcode': 0, 'status': 132, 'data': bytearray(b'')}}
2019-07-17 16:11:49,389 - ERROR - tty.usbmodem0006822145041: None: ERROR_INVALID_LENGTH
2019-07-17 16:11:49,389 - DEBUG - tty.usbmodem0006822145041: RX: 03840084
2019-07-17 16:11:49,389 - DEBUG - tty.usbmodem0006822145041: parsed_packet {event: CmdRsp, data: {'opcode': 0, 'status': 132, 'data': bytearray(b'')}}
2019-07-17 16:11:49,390 - ERROR - tty.usbmodem0006822145041: None: ERROR_INVALID_LENGTH
2019-07-17 16:11:49,389 - DEBUG - tty.usbmodem0006822145041: Writing: 164 bytearray(b'\x10\x00')
2019-07-17 16:11:49,393 - DEBUG - tty.usbmodem0006822145041: RX: 03840084
2019-07-17 16:11:49,394 - DEBUG - tty.usbmodem0006822145041: TX: 03a41000
2019-07-17 16:11:49,395 - DEBUG - tty.usbmodem0006822145041: parsed_packet {event: CmdRsp, data: {'opcode': 0, 'status': 132, 'data': bytearray(b'')}}
2019-07-17 16:11:49,398 - ERROR - tty.usbmodem0006822145041: None: ERROR_INVALID_LENGTH
2019-07-17 16:11:49,399 - DEBUG - tty.usbmodem0006822145041: RX: 03840084
2019-07-17 16:11:49,400 - DEBUG - tty.usbmodem0006822145041: parsed_packet {event: CmdRsp, data: {'opcode': 0, 'status': 132, 'data': bytearray(b'')}}
2019-07-17 16:11:49,401 - ERROR - tty.usbmodem0006822145041: None: ERROR_INVALID_LENGTH
2019-07-17 16:11:49,401 - DEBUG - tty.usbmodem0006822145041: RX: 03840084
2019-07-17 16:11:49,402 - DEBUG - tty.usbmodem0006822145041: parsed_packet {event: CmdRsp, data: {'opcode': 0, 'status': 132, 'data': bytearray(b'')}}
2019-07-17 16:11:49,402 - ERROR - tty.usbmodem0006822145041: None: ERROR_INVALID_LENGTH
2019-07-17 16:11:49,402 - DEBUG - tty.usbmodem0006822145041: RX: 03840084
2019-07-17 16:11:49,402 - DEBUG - tty.usbmodem0006822145041: parsed_packet {event: CmdRsp, data: {'opcode': 0, 'status': 132, 'data': bytearray(b'')}}
2019-07-17 16:11:49,402 - ERROR - tty.usbmodem0006822145041: None: ERROR_INVALID_LENGTH
2019-07-17 16:11:49,402 - DEBUG - tty.usbmodem0006822145041: RX: 03840084
2019-07-17 16:11:49,403 - DEBUG - tty.usbmodem0006822145041: parsed_packet {event: CmdRsp, data: {'opcode': 0, 'status': 132, 'data': bytearray(b'')}}
2019-07-17 16:11:49,403 - ERROR - tty.usbmodem0006822145041: None: ERROR_INVALID_LENGTH
2019-07-17 16:11:49,411 - DEBUG - tty.usbmodem0006822145041: RX: 03840084
2019-07-17 16:11:49,411 - DEBUG - tty.usbmodem0006822145041: parsed_packet {event: CmdRsp, data: {'opcode': 0, 'status': 132, 'data': bytearray(b'')}}
2019-07-17 16:11:49,412 - ERROR - tty.usbmodem0006822145041: None: ERROR_INVALID_LENGTH
2019-07-17 16:11:49,413 - DEBUG - tty.usbmodem0006822145041: RX: 03840084
2019-07-17 16:11:49,414 - DEBUG - tty.usbmodem0006822145041: parsed_packet {event: CmdRsp, data: {'opcode': 0, 'status': 132, 'data': bytearray(b'')}}
2019-07-17 16:11:49,415 - ERROR - tty.usbmodem0006822145041: None: ERROR_INVALID_LENGTH
2019-07-17 16:11:49,416 - DEBUG - tty.usbmodem0006822145041: RX: 03849f00
2019-07-17 16:11:49,417 - DEBUG - tty.usbmodem0006822145041: parsed_packet {event: CmdRsp, data: {'opcode': 159, 'status': 0, 'data': bytearray(b'')}}
2019-07-17 16:11:49,418 - INFO - tty.usbmodem0006822145041: Success
2019-07-17 16:11:49,418 - DEBUG - tty.usbmodem0006822145041: RX: 058492000000
2019-07-17 16:11:49,418 - DEBUG - tty.usbmodem0006822145041: parsed_packet {event: CmdRsp, data: {'opcode': 146, 'status': 0, 'data': bytearray(b'\x00\x00')}}
2019-07-17 16:11:49,419 - INFO - tty.usbmodem0006822145041: SubnetAdd: {'subnet_handle': 0}
2019-07-17 16:11:49,419 - DEBUG - tty.usbmodem0006822145041: RX: 058497000000
2019-07-17 16:11:49,419 - DEBUG - tty.usbmodem0006822145041: parsed_packet {event: CmdRsp, data: {'opcode': 151, 'status': 0, 'data': bytearray(b'\x00\x00')}}
2019-07-17 16:11:49,419 - INFO - tty.usbmodem0006822145041: AppkeyAdd: {'appkey_handle': 0}
2019-07-17 16:11:49,419 - DEBUG - tty.usbmodem0006822145041: RX: 058497000100
2019-07-17 16:11:49,438 - DEBUG - tty.usbmodem0006822145041: parsed_packet {event: CmdRsp, data: {'opcode': 151, 'status': 0, 'data': bytearray(b'\x01\x00')}}
2019-07-17 16:11:49,438 - INFO - tty.usbmodem0006822145041: AppkeyAdd: {'appkey_handle': 1}
2019-07-17 16:11:49,439 - DEBUG - tty.usbmodem0006822145041: RX: 0584a4000000
2019-07-17 16:11:49,440 - DEBUG - tty.usbmodem0006822145041: parsed_packet {event: CmdRsp, data: {'opcode': 164, 'status': 0, 'data': bytearray(b'\x00\x00')}}
2019-07-17 16:11:49,440 - INFO - tty.usbmodem0006822145041: AddrPublicationAdd: {'address_handle': 0}
2019-07-17 16:11:49,448 - INFO - tty.usbmodem0006822145041: 

2019-07-17 16:11:49,448 - INFO - tty.usbmodem0006822145041: Sending next message
2019-07-17 16:11:49,448 - DEBUG - tty.usbmodem0006822145041: Writing: 161 bytearray(b'\x01\xc0')
2019-07-17 16:11:49,449 - DEBUG - tty.usbmodem0006822145041: TX: 03a101c0
2019-07-17 16:11:49,451 - DEBUG - tty.usbmodem0006822145041: RX: 0584a1000100
2019-07-17 16:11:49,451 - DEBUG - tty.usbmodem0006822145041: parsed_packet {event: CmdRsp, data: {'opcode': 161, 'status': 0, 'data': bytearray(b'\x01\x00')}}
2019-07-17 16:11:49,451 - INFO - tty.usbmodem0006822145041: AddrSubscriptionAdd: {'address_handle': 1}
2019-07-17 16:11:49,465 - INFO - tty.usbmodem0006822145041: 

2019-07-17 16:11:49,465 - INFO - tty.usbmodem0006822145041: Sending next message
2019-07-17 16:11:49,465 - DEBUG - tty.usbmodem0006822145041: Writing: 164 bytearray(b'\x11\x00')
2019-07-17 16:11:49,465 - DEBUG - tty.usbmodem0006822145041: TX: 03a41100
2019-07-17 16:11:49,468 - DEBUG - tty.usbmodem0006822145041: RX: 0584a4000200
2019-07-17 16:11:49,469 - DEBUG - tty.usbmodem0006822145041: parsed_packet {event: CmdRsp, data: {'opcode': 164, 'status': 0, 'data': bytearray(b'\x02\x00')}}
2019-07-17 16:11:49,470 - INFO - tty.usbmodem0006822145041: AddrPublicationAdd: {'address_handle': 2}
2019-07-17 16:11:49,480 - INFO - tty.usbmodem0006822145041: 

2019-07-17 16:11:49,481 - INFO - tty.usbmodem0006822145041: Sending next message
2019-07-17 16:11:49,481 - DEBUG - tty.usbmodem0006822145041: Writing: 164 bytearray(b'\x12\x00')
2019-07-17 16:11:49,481 - DEBUG - tty.usbmodem0006822145041: TX: 03a41200
2019-07-17 16:11:49,484 - DEBUG - tty.usbmodem0006822145041: RX: 0584a4000300
2019-07-17 16:11:49,485 - DEBUG - tty.usbmodem0006822145041: parsed_packet {event: CmdRsp, data: {'opcode': 164, 'status': 0, 'data': bytearray(b'\x03\x00')}}
2019-07-17 16:11:49,486 - INFO - tty.usbmodem0006822145041: AddrPublicationAdd: {'address_handle': 3}
2019-07-17 16:11:49,502 - INFO - tty.usbmodem0006822145041: 

2019-07-17 16:11:49,502 - INFO - tty.usbmodem0006822145041: Sending next message
2019-07-17 16:11:49,503 - DEBUG - tty.usbmodem0006822145041: Writing: 164 bytearray(b'\x13\x00')
2019-07-17 16:11:49,503 - DEBUG - tty.usbmodem0006822145041: TX: 03a41300
2019-07-17 16:11:49,505 - DEBUG - tty.usbmodem0006822145041: RX: 0584a4000400
2019-07-17 16:11:49,506 - DEBUG - tty.usbmodem0006822145041: parsed_packet {event: CmdRsp, data: {'opcode': 164, 'status': 0, 'data': bytearray(b'\x04\x00')}}
2019-07-17 16:11:49,508 - INFO - tty.usbmodem0006822145041: AddrPublicationAdd: {'address_handle': 4}
2019-07-17 16:11:49,528 - INFO - tty.usbmodem0006822145041: 

2019-07-17 16:11:49,530 - INFO - tty.usbmodem0006822145041: Sending next message
2019-07-17 16:11:49,531 - DEBUG - tty.usbmodem0006822145041: Writing: 164 bytearray(b'\x14\x00')
2019-07-17 16:11:49,532 - DEBUG - tty.usbmodem0006822145041: TX: 03a41400
2019-07-17 16:11:49,535 - DEBUG - tty.usbmodem0006822145041: RX: 0584a4000500
2019-07-17 16:11:49,536 - DEBUG - tty.usbmodem0006822145041: parsed_packet {event: CmdRsp, data: {'opcode': 164, 'status': 0, 'data': bytearray(b'\x05\x00')}}
2019-07-17 16:11:49,537 - INFO - tty.usbmodem0006822145041: AddrPublicationAdd: {'address_handle': 5}
2019-07-17 16:11:49,548 - INFO - tty.usbmodem0006822145041: 

2019-07-17 16:11:49,548 - INFO - tty.usbmodem0006822145041: Sending next message
2019-07-17 16:11:49,549 - DEBUG - tty.usbmodem0006822145041: Writing: 164 bytearray(b'\x15\x00')
2019-07-17 16:11:49,549 - DEBUG - tty.usbmodem0006822145041: TX: 03a41500
2019-07-17 16:11:49,551 - DEBUG - tty.usbmodem0006822145041: RX: 0584a4000600
2019-07-17 16:11:49,551 - DEBUG - tty.usbmodem0006822145041: parsed_packet {event: CmdRsp, data: {'opcode': 164, 'status': 0, 'data': bytearray(b'\x06\x00')}}
2019-07-17 16:11:49,551 - INFO - tty.usbmodem0006822145041: AddrPublicationAdd: {'address_handle': 6}
2019-07-17 16:11:49,572 - INFO - tty.usbmodem0006822145041: 

2019-07-17 16:11:49,572 - INFO - tty.usbmodem0006822145041: Sending next message
2019-07-17 16:11:49,572 - DEBUG - tty.usbmodem0006822145041: Writing: 164 bytearray(b'\x16\x00')
2019-07-17 16:11:49,572 - DEBUG - tty.usbmodem0006822145041: TX: 03a41600
2019-07-17 16:11:49,574 - DEBUG - tty.usbmodem0006822145041: RX: 0584a4000700
2019-07-17 16:11:49,574 - DEBUG - tty.usbmodem0006822145041: parsed_packet {event: CmdRsp, data: {'opcode': 164, 'status': 0, 'data': bytearray(b'\x07\x00')}}
2019-07-17 16:11:49,574 - INFO - tty.usbmodem0006822145041: AddrPublicationAdd: {'address_handle': 7}
2019-07-17 16:11:49,593 - INFO - tty.usbmodem0006822145041: 

2019-07-17 16:11:49,593 - INFO - tty.usbmodem0006822145041: Sending next message
2019-07-17 16:11:49,594 - DEBUG - tty.usbmodem0006822145041: Writing: 164 bytearray(b'\x17\x00')
2019-07-17 16:11:49,595 - DEBUG - tty.usbmodem0006822145041: TX: 03a41700
2019-07-17 16:11:49,598 - DEBUG - tty.usbmodem0006822145041: RX: 0584a4000800
2019-07-17 16:11:49,598 - DEBUG - tty.usbmodem0006822145041: parsed_packet {event: CmdRsp, data: {'opcode': 164, 'status': 0, 'data': bytearray(b'\x08\x00')}}
2019-07-17 16:11:49,598 - INFO - tty.usbmodem0006822145041: AddrPublicationAdd: {'address_handle': 8}
2019-07-17 16:11:49,621 - INFO - tty.usbmodem0006822145041: 

2019-07-17 16:11:49,622 - INFO - tty.usbmodem0006822145041: Sending next message
2019-07-17 16:11:49,622 - DEBUG - tty.usbmodem0006822145041: Writing: 164 bytearray(b'\x18\x00')
2019-07-17 16:11:49,622 - DEBUG - tty.usbmodem0006822145041: TX: 03a41800
2019-07-17 16:11:49,624 - DEBUG - tty.usbmodem0006822145041: RX: 0584a4000900
2019-07-17 16:11:49,624 - DEBUG - tty.usbmodem0006822145041: parsed_packet {event: CmdRsp, data: {'opcode': 164, 'status': 0, 'data': bytearray(b'\t\x00')}}
2019-07-17 16:11:49,624 - INFO - tty.usbmodem0006822145041: AddrPublicationAdd: {'address_handle': 9}
2019-07-17 16:11:49,639 - INFO - tty.usbmodem0006822145041: 

2019-07-17 16:11:49,640 - INFO - tty.usbmodem0006822145041: Sending next message
2019-07-17 16:11:49,640 - DEBUG - tty.usbmodem0006822145041: Writing: 164 bytearray(b'\x19\x00')
2019-07-17 16:11:49,641 - DEBUG - tty.usbmodem0006822145041: TX: 03a41900
2019-07-17 16:11:49,643 - DEBUG - tty.usbmodem0006822145041: RX: 0584a4000a00
2019-07-17 16:11:49,644 - DEBUG - tty.usbmodem0006822145041: parsed_packet {event: CmdRsp, data: {'opcode': 164, 'status': 0, 'data': bytearray(b'\n\x00')}}
2019-07-17 16:11:49,644 - INFO - tty.usbmodem0006822145041: AddrPublicationAdd: {'address_handle': 10}
2019-07-17 16:11:49,660 - INFO - tty.usbmodem0006822145041: 

2019-07-17 16:11:49,660 - INFO - tty.usbmodem0006822145041: Sending next message
2019-07-17 16:11:49,660 - DEBUG - tty.usbmodem0006822145041: Writing: 164 bytearray(b'\x1a\x00')
2019-07-17 16:11:49,660 - DEBUG - tty.usbmodem0006822145041: TX: 03a41a00
2019-07-17 16:11:49,662 - DEBUG - tty.usbmodem0006822145041: RX: 0584a4000b00
2019-07-17 16:11:49,662 - DEBUG - tty.usbmodem0006822145041: parsed_packet {event: CmdRsp, data: {'opcode': 164, 'status': 0, 'data': bytearray(b'\x0b\x00')}}
2019-07-17 16:11:49,662 - INFO - tty.usbmodem0006822145041: AddrPublicationAdd: {'address_handle': 11}
2019-07-17 16:11:49,683 - INFO - tty.usbmodem0006822145041: 

2019-07-17 16:11:49,683 - INFO - tty.usbmodem0006822145041: Sending next message
2019-07-17 16:11:49,683 - DEBUG - tty.usbmodem0006822145041: Writing: 164 bytearray(b'\x1b\x00')
2019-07-17 16:11:49,683 - DEBUG - tty.usbmodem0006822145041: TX: 03a41b00
2019-07-17 16:11:49,686 - DEBUG - tty.usbmodem0006822145041: RX: 0584a4000c00
2019-07-17 16:11:49,687 - DEBUG - tty.usbmodem0006822145041: parsed_packet {event: CmdRsp, data: {'opcode': 164, 'status': 0, 'data': bytearray(b'\x0c\x00')}}
2019-07-17 16:11:49,687 - INFO - tty.usbmodem0006822145041: AddrPublicationAdd: {'address_handle': 12}
2019-07-17 16:11:49,725 - INFO - tty.usbmodem0006822145041: 

2019-07-17 16:11:49,725 - INFO - tty.usbmodem0006822145041: Sending next message
2019-07-17 16:11:49,726 - DEBUG - tty.usbmodem0006822145041: Writing: 164 bytearray(b'\x1c\x00')
2019-07-17 16:11:49,726 - DEBUG - tty.usbmodem0006822145041: TX: 03a41c00
2019-07-17 16:11:49,729 - DEBUG - tty.usbmodem0006822145041: RX: 0584a4000d00
2019-07-17 16:11:49,729 - DEBUG - tty.usbmodem0006822145041: parsed_packet {event: CmdRsp, data: {'opcode': 164, 'status': 0, 'data': bytearray(b'\r\x00')}}
2019-07-17 16:11:49,729 - INFO - tty.usbmodem0006822145041: AddrPublicationAdd: {'address_handle': 13}
2019-07-17 16:11:49,744 - INFO - tty.usbmodem0006822145041: 

2019-07-17 16:11:49,744 - INFO - tty.usbmodem0006822145041: Sending next message
2019-07-17 16:11:49,745 - DEBUG - tty.usbmodem0006822145041: Writing: 164 bytearray(b'\x1d\x00')
2019-07-17 16:11:49,746 - DEBUG - tty.usbmodem0006822145041: TX: 03a41d00
2019-07-17 16:11:49,749 - DEBUG - tty.usbmodem0006822145041: RX: 0584a4000e00
2019-07-17 16:11:49,749 - DEBUG - tty.usbmodem0006822145041: parsed_packet {event: CmdRsp, data: {'opcode': 164, 'status': 0, 'data': bytearray(b'\x0e\x00')}}
2019-07-17 16:11:49,749 - INFO - tty.usbmodem0006822145041: AddrPublicationAdd: {'address_handle': 14}
2019-07-17 16:11:49,763 - INFO - tty.usbmodem0006822145041: 

2019-07-17 16:11:49,763 - INFO - tty.usbmodem0006822145041: Sending next message
2019-07-17 16:11:49,763 - DEBUG - tty.usbmodem0006822145041: Writing: 164 bytearray(b'\x1e\x00')
2019-07-17 16:11:49,763 - DEBUG - tty.usbmodem0006822145041: TX: 03a41e00
2019-07-17 16:11:49,765 - DEBUG - tty.usbmodem0006822145041: RX: 0584a4000f00
2019-07-17 16:11:49,765 - DEBUG - tty.usbmodem0006822145041: parsed_packet {event: CmdRsp, data: {'opcode': 164, 'status': 0, 'data': bytearray(b'\x0f\x00')}}
2019-07-17 16:11:49,765 - INFO - tty.usbmodem0006822145041: AddrPublicationAdd: {'address_handle': 15}
2019-07-17 16:11:49,781 - INFO - tty.usbmodem0006822145041: 

2019-07-17 16:11:49,781 - INFO - tty.usbmodem0006822145041: Sending next message
2019-07-17 16:11:49,782 - DEBUG - tty.usbmodem0006822145041: Writing: 164 bytearray(b'\x1f\x00')
2019-07-17 16:11:49,782 - DEBUG - tty.usbmodem0006822145041: TX: 03a41f00
2019-07-17 16:11:49,787 - DEBUG - tty.usbmodem0006822145041: RX: 0584a4001000
2019-07-17 16:11:49,788 - DEBUG - tty.usbmodem0006822145041: parsed_packet {event: CmdRsp, data: {'opcode': 164, 'status': 0, 'data': bytearray(b'\x10\x00')}}
2019-07-17 16:11:49,788 - INFO - tty.usbmodem0006822145041: AddrPublicationAdd: {'address_handle': 16}
2019-07-17 16:11:49,803 - INFO - tty.usbmodem0006822145041: 

2019-07-17 16:11:49,804 - INFO - tty.usbmodem0006822145041: Sending next message
2019-07-17 16:11:49,805 - DEBUG - tty.usbmodem0006822145041: Writing: 164 bytearray(b' \x00')
2019-07-17 16:11:49,805 - DEBUG - tty.usbmodem0006822145041: TX: 03a42000
2019-07-17 16:11:49,811 - DEBUG - tty.usbmodem0006822145041: RX: 0584a4001100
2019-07-17 16:11:49,812 - DEBUG - tty.usbmodem0006822145041: parsed_packet {event: CmdRsp, data: {'opcode': 164, 'status': 0, 'data': bytearray(b'\x11\x00')}}
2019-07-17 16:11:49,812 - INFO - tty.usbmodem0006822145041: AddrPublicationAdd: {'address_handle': 17}
2019-07-17 16:11:49,838 - INFO - tty.usbmodem0006822145041: 

2019-07-17 16:11:49,839 - INFO - tty.usbmodem0006822145041: Sending next message
2019-07-17 16:11:49,839 - DEBUG - tty.usbmodem0006822145041: Writing: 164 bytearray(b'!\x00')
2019-07-17 16:11:49,839 - DEBUG - tty.usbmodem0006822145041: TX: 03a42100
2019-07-17 16:11:49,841 - DEBUG - tty.usbmodem0006822145041: RX: 0584a4001200
2019-07-17 16:11:49,841 - DEBUG - tty.usbmodem0006822145041: parsed_packet {event: CmdRsp, data: {'opcode': 164, 'status': 0, 'data': bytearray(b'\x12\x00')}}
2019-07-17 16:11:49,841 - INFO - tty.usbmodem0006822145041: AddrPublicationAdd: {'address_handle': 18}
2019-07-17 16:11:49,857 - INFO - tty.usbmodem0006822145041: 

2019-07-17 16:11:49,858 - INFO - tty.usbmodem0006822145041: Sending next message
2019-07-17 16:11:49,859 - DEBUG - tty.usbmodem0006822145041: Writing: 164 bytearray(b'"\x00')
2019-07-17 16:11:49,859 - DEBUG - tty.usbmodem0006822145041: TX: 03a42200
2019-07-17 16:11:49,862 - DEBUG - tty.usbmodem0006822145041: RX: 0584a4001300
2019-07-17 16:11:49,863 - DEBUG - tty.usbmodem0006822145041: parsed_packet {event: CmdRsp, data: {'opcode': 164, 'status': 0, 'data': bytearray(b'\x13\x00')}}
2019-07-17 16:11:49,863 - INFO - tty.usbmodem0006822145041: AddrPublicationAdd: {'address_handle': 19}
2019-07-17 16:11:49,896 - INFO - tty.usbmodem0006822145041: 

2019-07-17 16:11:49,897 - INFO - tty.usbmodem0006822145041: Sending next message
2019-07-17 16:11:49,897 - DEBUG - tty.usbmodem0006822145041: Writing: 164 bytearray(b'#\x00')
2019-07-17 16:11:49,898 - DEBUG - tty.usbmodem0006822145041: TX: 03a42300
2019-07-17 16:11:49,901 - DEBUG - tty.usbmodem0006822145041: RX: 0584a4001400
2019-07-17 16:11:49,903 - DEBUG - tty.usbmodem0006822145041: parsed_packet {event: CmdRsp, data: {'opcode': 164, 'status': 0, 'data': bytearray(b'\x14\x00')}}
2019-07-17 16:11:49,904 - INFO - tty.usbmodem0006822145041: AddrPublicationAdd: {'address_handle': 20}
2019-07-17 16:11:49,919 - INFO - tty.usbmodem0006822145041: 

2019-07-17 16:11:49,919 - INFO - tty.usbmodem0006822145041: Sending next message
2019-07-17 16:11:49,919 - DEBUG - tty.usbmodem0006822145041: Writing: 164 bytearray(b'$\x00')
2019-07-17 16:11:49,919 - DEBUG - tty.usbmodem0006822145041: TX: 03a42400
2019-07-17 16:11:49,923 - DEBUG - tty.usbmodem0006822145041: RX: 0584a4001500
2019-07-17 16:11:49,925 - DEBUG - tty.usbmodem0006822145041: parsed_packet {event: CmdRsp, data: {'opcode': 164, 'status': 0, 'data': bytearray(b'\x15\x00')}}
2019-07-17 16:11:49,926 - INFO - tty.usbmodem0006822145041: AddrPublicationAdd: {'address_handle': 21}
2019-07-17 16:11:49,952 - INFO - tty.usbmodem0006822145041: 

2019-07-17 16:11:49,952 - INFO - tty.usbmodem0006822145041: Sending next message
2019-07-17 16:11:49,952 - DEBUG - tty.usbmodem0006822145041: Writing: 164 bytearray(b'%\x00')
2019-07-17 16:11:49,953 - DEBUG - tty.usbmodem0006822145041: TX: 03a42500
2019-07-17 16:11:49,955 - DEBUG - tty.usbmodem0006822145041: RX: 0584a4001600
2019-07-17 16:11:49,956 - DEBUG - tty.usbmodem0006822145041: parsed_packet {event: CmdRsp, data: {'opcode': 164, 'status': 0, 'data': bytearray(b'\x16\x00')}}
2019-07-17 16:11:49,957 - INFO - tty.usbmodem0006822145041: AddrPublicationAdd: {'address_handle': 22}
2019-07-17 16:11:49,979 - INFO - tty.usbmodem0006822145041: 

2019-07-17 16:11:49,979 - INFO - tty.usbmodem0006822145041: Sending next message
2019-07-17 16:11:49,979 - DEBUG - tty.usbmodem0006822145041: Writing: 164 bytearray(b'&\x00')
2019-07-17 16:11:49,979 - DEBUG - tty.usbmodem0006822145041: TX: 03a42600
2019-07-17 16:11:49,981 - DEBUG - tty.usbmodem0006822145041: RX: 0584a4001700
2019-07-17 16:11:49,981 - DEBUG - tty.usbmodem0006822145041: parsed_packet {event: CmdRsp, data: {'opcode': 164, 'status': 0, 'data': bytearray(b'\x17\x00')}}
2019-07-17 16:11:49,981 - INFO - tty.usbmodem0006822145041: AddrPublicationAdd: {'address_handle': 23}
2019-07-17 16:11:49,998 - INFO - tty.usbmodem0006822145041: 

2019-07-17 16:11:49,998 - INFO - tty.usbmodem0006822145041: Sending next message
2019-07-17 16:11:49,998 - DEBUG - tty.usbmodem0006822145041: Writing: 164 bytearray(b"\'\x00")
2019-07-17 16:11:49,998 - DEBUG - tty.usbmodem0006822145041: TX: 03a42700
2019-07-17 16:11:50,001 - DEBUG - tty.usbmodem0006822145041: RX: 0584a4001800
2019-07-17 16:11:50,002 - DEBUG - tty.usbmodem0006822145041: parsed_packet {event: CmdRsp, data: {'opcode': 164, 'status': 0, 'data': bytearray(b'\x18\x00')}}
2019-07-17 16:11:50,003 - INFO - tty.usbmodem0006822145041: AddrPublicationAdd: {'address_handle': 24}
2019-07-17 16:11:50,014 - INFO - tty.usbmodem0006822145041: 

2019-07-17 16:11:50,014 - INFO - tty.usbmodem0006822145041: Sending next message
2019-07-17 16:11:50,015 - DEBUG - tty.usbmodem0006822145041: Writing: 164 bytearray(b'(\x00')
2019-07-17 16:11:50,015 - DEBUG - tty.usbmodem0006822145041: TX: 03a42800
2019-07-17 16:11:50,018 - DEBUG - tty.usbmodem0006822145041: RX: 0584a4001900
2019-07-17 16:11:50,029 - DEBUG - tty.usbmodem0006822145041: parsed_packet {event: CmdRsp, data: {'opcode': 164, 'status': 0, 'data': bytearray(b'\x19\x00')}}
2019-07-17 16:11:50,031 - INFO - tty.usbmodem0006822145041: AddrPublicationAdd: {'address_handle': 25}
2019-07-17 16:11:50,056 - INFO - tty.usbmodem0006822145041: 

2019-07-17 16:11:50,056 - INFO - tty.usbmodem0006822145041: Sending next message
2019-07-17 16:11:50,056 - DEBUG - tty.usbmodem0006822145041: Writing: 164 bytearray(b')\x00')
2019-07-17 16:11:50,056 - DEBUG - tty.usbmodem0006822145041: TX: 03a42900
2019-07-17 16:11:50,058 - DEBUG - tty.usbmodem0006822145041: RX: 0584a4001a00
2019-07-17 16:11:50,058 - DEBUG - tty.usbmodem0006822145041: parsed_packet {event: CmdRsp, data: {'opcode': 164, 'status': 0, 'data': bytearray(b'\x1a\x00')}}
2019-07-17 16:11:50,058 - INFO - tty.usbmodem0006822145041: AddrPublicationAdd: {'address_handle': 26}
2019-07-17 16:11:50,078 - INFO - tty.usbmodem0006822145041: 

2019-07-17 16:11:50,079 - INFO - tty.usbmodem0006822145041: Sending next message
2019-07-17 16:11:50,080 - DEBUG - tty.usbmodem0006822145041: Writing: 164 bytearray(b'*\x00')
2019-07-17 16:11:50,081 - DEBUG - tty.usbmodem0006822145041: TX: 03a42a00
2019-07-17 16:11:50,084 - DEBUG - tty.usbmodem0006822145041: RX: 0584a4001b00
2019-07-17 16:11:50,084 - DEBUG - tty.usbmodem0006822145041: parsed_packet {event: CmdRsp, data: {'opcode': 164, 'status': 0, 'data': bytearray(b'\x1b\x00')}}
2019-07-17 16:11:50,084 - INFO - tty.usbmodem0006822145041: AddrPublicationAdd: {'address_handle': 27}
2019-07-17 16:11:50,114 - INFO - tty.usbmodem0006822145041: 

2019-07-17 16:11:50,115 - INFO - tty.usbmodem0006822145041: Sending next message
2019-07-17 16:11:50,115 - DEBUG - tty.usbmodem0006822145041: Writing: 164 bytearray(b'+\x00')
2019-07-17 16:11:50,115 - DEBUG - tty.usbmodem0006822145041: TX: 03a42b00
2019-07-17 16:11:50,117 - DEBUG - tty.usbmodem0006822145041: RX: 0584a4001c00
2019-07-17 16:11:50,117 - DEBUG - tty.usbmodem0006822145041: parsed_packet {event: CmdRsp, data: {'opcode': 164, 'status': 0, 'data': bytearray(b'\x1c\x00')}}
2019-07-17 16:11:50,118 - INFO - tty.usbmodem0006822145041: AddrPublicationAdd: {'address_handle': 28}
2019-07-17 16:11:50,130 - INFO - tty.usbmodem0006822145041: 

2019-07-17 16:11:50,131 - INFO - tty.usbmodem0006822145041: Sending next message
2019-07-17 16:11:50,131 - DEBUG - tty.usbmodem0006822145041: Writing: 156 bytearray(b'\x10\x00\x00\x00\x9d\xb2\x8e\xe5\x8a\x88\xb9)1J\xbefU(\xa8\xe5')
2019-07-17 16:11:50,131 - DEBUG - tty.usbmodem0006822145041: TX: 159c100000009db28ee58a88b929314abe665528a8e5
2019-07-17 16:11:50,135 - DEBUG - tty.usbmodem0006822145041: RX: 05849c000800
2019-07-17 16:11:50,135 - DEBUG - tty.usbmodem0006822145041: parsed_packet {event: CmdRsp, data: {'opcode': 156, 'status': 0, 'data': bytearray(b'\x08\x00')}}
2019-07-17 16:11:50,135 - INFO - tty.usbmodem0006822145041: DevkeyAdd: {'devkey_handle': 8}
2019-07-17 16:11:50,158 - INFO - tty.usbmodem0006822145041: 

2019-07-17 16:11:50,158 - INFO - tty.usbmodem0006822145041: Sending next message
2019-07-17 16:11:50,158 - DEBUG - tty.usbmodem0006822145041: Writing: 156 bytearray(b'\x1e\x00\x00\x00\xb8\x10\xfbF\xc1\xc6\x03c\x81\xe7\x1by\xad\xa1\x90n')
2019-07-17 16:11:50,158 - DEBUG - tty.usbmodem0006822145041: TX: 159c1e000000b810fb46c1c6036381e71b79ada1906e
2019-07-17 16:11:50,162 - DEBUG - tty.usbmodem0006822145041: RX: 05849c000900
2019-07-17 16:11:50,162 - DEBUG - tty.usbmodem0006822145041: parsed_packet {event: CmdRsp, data: {'opcode': 156, 'status': 0, 'data': bytearray(b'\t\x00')}}
2019-07-17 16:11:50,162 - INFO - tty.usbmodem0006822145041: DevkeyAdd: {'devkey_handle': 9}
2019-07-17 16:11:50,186 - INFO - tty.usbmodem0006822145041: 

2019-07-17 16:11:50,190 - INFO - tty.usbmodem0006822145041: Sending next message
2019-07-17 16:11:54,196 - INFO - tty.usbmodem0006822145041: Timout handler timeout
2019-07-17 16:12:06,150 - DEBUG - tty.usbmodem0006822145041.SimpleOnOffClient: Sending opcode: c15900, data: 0000
2019-07-17 16:12:06,150 - DEBUG - tty.usbmodem0006822145041: Writing: 171 bytearray(b'\x00\x00\x01\x00\x08\x00\x08\x00\x00\x00\xc1Y\x00\x00\x00')
2019-07-17 16:12:06,151 - DEBUG - tty.usbmodem0006822145041: TX: 10ab00000100080008000000c159000000
2019-07-17 16:12:06,163 - DEBUG - tty.usbmodem0006822145041: RX: 0784ab0001000000
2019-07-17 16:12:06,163 - DEBUG - tty.usbmodem0006822145041: parsed_packet {event: CmdRsp, data: {'opcode': 171, 'status': 0, 'data': bytearray(b'\x01\x00\x00\x00')}}
2019-07-17 16:12:06,164 - INFO - tty.usbmodem0006822145041: PacketSend: {'token': 1}
2019-07-17 16:12:06,170 - DEBUG - tty.usbmodem0006822145041: RX: 05d201000000
2019-07-17 16:12:06,170 - DEBUG - tty.usbmodem0006822145041.GenericOnOffClient: Sending opcode: 8202, data: 0000
2019-07-17 16:12:06,171 - DEBUG - tty.usbmodem0006822145041: parsed_packet {event: MeshTxComplete, data: {'token': 1}}
2019-07-17 16:12:06,171 - INFO - tty.usbmodem0006822145041: {event: MeshTxComplete, data: {'token': 1}}
2019-07-17 16:12:06,171 - DEBUG - tty.usbmodem0006822145041: Writing: 171 bytearray(b'\x00\x00\x01\x00\x08\x00\x08\x00\x00\x00\x82\x02\x00\x00')
2019-07-17 16:12:06,175 - DEBUG - tty.usbmodem0006822145041: TX: 0fab0000010008000800000082020000
2019-07-17 16:12:06,193 - DEBUG - tty.usbmodem0006822145041: RX: 0784ab0002000000
2019-07-17 16:12:06,194 - DEBUG - tty.usbmodem0006822145041: parsed_packet {event: CmdRsp, data: {'opcode': 171, 'status': 0, 'data': bytearray(b'\x02\x00\x00\x00')}}
2019-07-17 16:12:06,195 - INFO - tty.usbmodem0006822145041: PacketSend: {'token': 2}
2019-07-17 16:12:06,199 - DEBUG - tty.usbmodem0006822145041.GenericOnOffClient: Sending opcode: 8202, data: 0101
2019-07-17 16:12:06,201 - DEBUG - tty.usbmodem0006822145041: Writing: 171 bytearray(b'\x00\x00\x01\x00\x08\x00\x08\x00\x00\x00\x82\x02\x01\x01')
2019-07-17 16:12:06,202 - DEBUG - tty.usbmodem0006822145041: RX: 18d017000100000000007f01c8639509c2c2d40400c4590000
2019-07-17 16:12:06,203 - DEBUG - tty.usbmodem0006822145041: TX: 0fab0000010008000800000082020101
2019-07-17 16:12:06,214 - DEBUG - tty.usbmodem0006822145041: parsed_packet {event: MeshMessageReceivedUnicast, data: {'src': 23, 'dst': 1, 'appkey_handle': 0, 'subnet_handle': 0, 'ttl': 127, 'adv_addr_type': 1, 'adv_addr': bytearray(b'\xc8c\x95\t\xc2\xc2'), 'rssi': -44, 'actual_length': 4, 'data': bytearray(b'\xc4Y\x00\x00')}}
2019-07-17 16:12:06,221 - INFO - tty.usbmodem0006822145041: {event: MeshMessageReceivedUnicast, data: {'src': 23, 'dst': 1, 'appkey_handle': 0, 'subnet_handle': 0, 'ttl': 127, 'adv_addr_type': 1, 'adv_addr': bytearray(b'\xc8c\x95\t\xc2\xc2'), 'rssi': -44, 'actual_length': 4, 'data': bytearray(b'\xc4\x00Y\x00')}}
2019-07-17 16:12:06,231 - DEBUG - tty.usbmodem0006822145041: RX: 05d202000000
2019-07-17 16:12:06,236 - DEBUG - tty.usbmodem0006822145041: parsed_packet {event: MeshTxComplete, data: {'token': 2}}
2019-07-17 16:12:06,238 - INFO - tty.usbmodem0006822145041: {event: MeshTxComplete, data: {'token': 2}}
2019-07-17 16:12:06,256 - DEBUG - tty.usbmodem0006822145041: RX: 17d017000100000000007f01c8639509c2c2d30300820400
2019-07-17 16:12:06,256 - DEBUG - tty.usbmodem0006822145041: parsed_packet {event: MeshMessageReceivedUnicast, data: {'src': 23, 'dst': 1, 'appkey_handle': 0, 'subnet_handle': 0, 'ttl': 127, 'adv_addr_type': 1, 'adv_addr': bytearray(b'\xc8c\x95\t\xc2\xc2'), 'rssi': -45, 'actual_length': 3, 'data': bytearray(b'\x82\x04\x00')}}
2019-07-17 16:12:06,257 - INFO - tty.usbmodem0006822145041.GenericOnOffClient: Present OnOff: off
2019-07-17 16:12:06,258 - INFO - tty.usbmodem0006822145041: {event: MeshMessageReceivedUnicast, data: {'src': 23, 'dst': 1, 'appkey_handle': 0, 'subnet_handle': 0, 'ttl': 127, 'adv_addr_type': 1, 'adv_addr': bytearray(b'\xc8c\x95\t\xc2\xc2'), 'rssi': -45, 'actual_length': 3, 'data': bytearray(b'\x82\x04\x00')}}
2019-07-17 16:12:06,261 - DEBUG - tty.usbmodem0006822145041: RX: 0784ab0003000000
2019-07-17 16:12:06,261 - DEBUG - tty.usbmodem0006822145041: parsed_packet {event: CmdRsp, data: {'opcode': 171, 'status': 0, 'data': bytearray(b'\x03\x00\x00\x00')}}
2019-07-17 16:12:06,262 - INFO - tty.usbmodem0006822145041: PacketSend: {'token': 3}
2019-07-17 16:12:06,263 - DEBUG - tty.usbmodem0006822145041: RX: 05d203000000
2019-07-17 16:12:06,263 - DEBUG - tty.usbmodem0006822145041: parsed_packet {event: MeshTxComplete, data: {'token': 3}}
2019-07-17 16:12:06,263 - INFO - tty.usbmodem0006822145041: {event: MeshTxComplete, data: {'token': 3}}
2019-07-17 16:12:06,264 - DEBUG - tty.usbmodem0006822145041: RX: 17d017000100000000007f01c8639509c2c2d40300820401
2019-07-17 16:12:06,264 - DEBUG - tty.usbmodem0006822145041: parsed_packet {event: MeshMessageReceivedUnicast, data: {'src': 23, 'dst': 1, 'appkey_handle': 0, 'subnet_handle': 0, 'ttl': 127, 'adv_addr_type': 1, 'adv_addr': bytearray(b'\xc8c\x95\t\xc2\xc2'), 'rssi': -44, 'actual_length': 3, 'data': bytearray(b'\x82\x04\x01')}}
2019-07-17 16:12:06,275 - INFO - tty.usbmodem0006822145041.GenericOnOffClient: Present OnOff: on
2019-07-17 16:12:06,276 - INFO - tty.usbmodem0006822145041: {event: MeshMessageReceivedUnicast, data: {'src': 23, 'dst': 1, 'appkey_handle': 0, 'subnet_handle': 0, 'ttl': 127, 'adv_addr_type': 1, 'adv_addr': bytearray(b'\xc8c\x95\t\xc2\xc2'), 'rssi': -44, 'actual_length': 3, 'data': bytearray(b'\x82\x04\x01')}}
2019-07-17 16:12:12,946 - DEBUG - tty.usbmodem0006822145041.GenericOnOffClient: Sending opcode: 8202, data: 0002
2019-07-17 16:12:12,947 - DEBUG - tty.usbmodem0006822145041: Writing: 171 bytearray(b'\x00\x00\x01\x00\x08\x00\x08\x00\x00\x00\x82\x02\x00\x02')
2019-07-17 16:12:12,949 - DEBUG - tty.usbmodem0006822145041: TX: 0fab0000010008000800000082020002
2019-07-17 16:12:12,965 - DEBUG - tty.usbmodem0006822145041: RX: 0784ab0004000000
2019-07-17 16:12:12,966 - DEBUG - tty.usbmodem0006822145041: parsed_packet {event: CmdRsp, data: {'opcode': 171, 'status': 0, 'data': bytearray(b'\x04\x00\x00\x00')}}
2019-07-17 16:12:12,967 - INFO - tty.usbmodem0006822145041: PacketSend: {'token': 4}
2019-07-17 16:12:12,970 - DEBUG - tty.usbmodem0006822145041: RX: 05d204000000
2019-07-17 16:12:12,970 - DEBUG - tty.usbmodem0006822145041: parsed_packet {event: MeshTxComplete, data: {'token': 4}}
2019-07-17 16:12:12,970 - INFO - tty.usbmodem0006822145041: {event: MeshTxComplete, data: {'token': 4}}
2019-07-17 16:12:12,970 - DEBUG - tty.usbmodem0006822145041: RX: 17d017000100000000007f01c8639509c2c2d40300820400
2019-07-17 16:12:12,973 - DEBUG - tty.usbmodem0006822145041: parsed_packet {event: MeshMessageReceivedUnicast, data: {'src': 23, 'dst': 1, 'appkey_handle': 0, 'subnet_handle': 0, 'ttl': 127, 'adv_addr_type': 1, 'adv_addr': bytearray(b'\xc8c\x95\t\xc2\xc2'), 'rssi': -44, 'actual_length': 3, 'data': bytearray(b'\x82\x04\x00')}}
2019-07-17 16:12:12,974 - INFO - tty.usbmodem0006822145041.GenericOnOffClient: Present OnOff: off
2019-07-17 16:12:12,975 - INFO - tty.usbmodem0006822145041: {event: MeshMessageReceivedUnicast, data: {'src': 23, 'dst': 1, 'appkey_handle': 0, 'subnet_handle': 0, 'ttl': 127, 'adv_addr_type': 1, 'adv_addr': bytearray(b'\xc8c\x95\t\xc2\xc2'), 'rssi': -44, 'actual_length': 3, 'data': bytearray(b'\x82\x04\x00')}}
2019-07-17 16:12:28,633 - DEBUG - tty.usbmodem0006822145041: exited read event
