2019-06-26 15:58:12,281 - DEBUG - tty.usbmodem0006822145041: Writing: 105 bytearray(b'\xfd\xb6\xa0\xabEhM$\xecEF\xbb\x01^\xa2J\xd3Fbs\x94\xe4\x12eb\xd6\x1a\x9b\xfb\xa1\xf6G\rJL!\xc4\xa5+H\x82ec\x9e\xba\x94T\x13\xb7\xba\xac\x1a\xcd\xa6\xa1~\x15$"\xc9\x08\x81\x90\xb3\\\xc0IH\xf0\x1e\x12\x87\x81\xec}\xe9w\xa5\x85i\xb8\x93\xd9M\xe6\xcf\xc7V\xa0n4F\xacC\x16F')
2019-06-26 15:58:12,281 - DEBUG - tty.usbmodem0006822145041: TX: 6169fdb6a0ab45684d24ec4546bb015ea24ad346627394e4126562d61a9bfba1f6470d4a4c21c4a52b488265639eba945413b7baac1acda6a17e152422c9088190b35cc04948f01e128781ec7de977a58569b893d94de6cfc756a06e3446ac431646
2019-06-26 15:58:12,291 - DEBUG - tty.usbmodem0006822145041: RX: 03845384
2019-06-26 15:58:12,292 - DEBUG - tty.usbmodem0006822145041: parsed_packet {event: CmdRsp, data: {'opcode': 83, 'status': 132, 'data': bytearray(b'')}}
2019-06-26 15:58:12,292 - ERROR - tty.usbmodem0006822145041: None: ERROR_INVALID_LENGTH
2019-06-26 15:58:12,293 - DEBUG - tty.usbmodem0006822145041: Writing: 159 bytearray(b'\x01\x00\x01\x00')
2019-06-26 15:58:12,293 - DEBUG - tty.usbmodem0006822145041: TX: 059f01000100
2019-06-26 15:58:12,294 - DEBUG - tty.usbmodem0006822145041: RX: 03840084
2019-06-26 15:58:12,295 - DEBUG - tty.usbmodem0006822145041: parsed_packet {event: CmdRsp, data: {'opcode': 0, 'status': 132, 'data': bytearray(b'')}}
2019-06-26 15:58:12,295 - ERROR - tty.usbmodem0006822145041: None: ERROR_INVALID_LENGTH
2019-06-26 15:58:12,295 - DEBUG - tty.usbmodem0006822145041: Writing: 146 bytearray(b'\x00\x00\x18\xee\xd9\xc2\xa5j\xdd\x85\x04\x9f\xfc<Y\xad\x0e\x12')
2019-06-26 15:58:12,296 - DEBUG - tty.usbmodem0006822145041: TX: 1392000018eed9c2a56add85049ffc3c59ad0e12
2019-06-26 15:58:12,297 - DEBUG - tty.usbmodem0006822145041: RX: 03840084
2019-06-26 15:58:12,297 - DEBUG - tty.usbmodem0006822145041: parsed_packet {event: CmdRsp, data: {'opcode': 0, 'status': 132, 'data': bytearray(b'')}}
2019-06-26 15:58:12,297 - ERROR - tty.usbmodem0006822145041: None: ERROR_INVALID_LENGTH
2019-06-26 15:58:12,298 - DEBUG - tty.usbmodem0006822145041: Writing: 151 bytearray(b'\x00\x00\x00\x00Oh\xad\x85\xd9\xf4\x8a\xc8X\x9d\xf6e\xb6\xb4\x9b\x8a')
2019-06-26 15:58:12,298 - DEBUG - tty.usbmodem0006822145041: TX: 1597000000004f68ad85d9f48ac8589df665b6b49b8a
2019-06-26 15:58:12,299 - DEBUG - tty.usbmodem0006822145041: RX: 03840084
2019-06-26 15:58:12,299 - DEBUG - tty.usbmodem0006822145041: parsed_packet {event: CmdRsp, data: {'opcode': 0, 'status': 132, 'data': bytearray(b'')}}
2019-06-26 15:58:12,299 - ERROR - tty.usbmodem0006822145041: None: ERROR_INVALID_LENGTH
2019-06-26 15:58:12,299 - DEBUG - tty.usbmodem0006822145041: Writing: 151 bytearray(b'\x01\x00\x00\x00*\xa2\xa6\xde\xd5\xa0y\x8c\xea\xb5x|\xa3\xae9\xfc')
2019-06-26 15:58:12,300 - DEBUG - tty.usbmodem0006822145041: TX: 1597010000002aa2a6ded5a0798ceab5787ca3ae39fc
2019-06-26 15:58:12,300 - DEBUG - tty.usbmodem0006822145041: RX: 03840084
2019-06-26 15:58:12,301 - DEBUG - tty.usbmodem0006822145041: parsed_packet {event: CmdRsp, data: {'opcode': 0, 'status': 132, 'data': bytearray(b'')}}
2019-06-26 15:58:12,301 - ERROR - tty.usbmodem0006822145041: None: ERROR_INVALID_LENGTH
2019-06-26 15:58:12,301 - DEBUG - tty.usbmodem0006822145041: RX: 03840084
2019-06-26 15:58:12,301 - DEBUG - tty.usbmodem0006822145041: parsed_packet {event: CmdRsp, data: {'opcode': 0, 'status': 132, 'data': bytearray(b'')}}
2019-06-26 15:58:12,301 - ERROR - tty.usbmodem0006822145041: None: ERROR_INVALID_LENGTH
2019-06-26 15:58:12,301 - DEBUG - tty.usbmodem0006822145041: RX: 03840084
2019-06-26 15:58:12,301 - DEBUG - tty.usbmodem0006822145041: parsed_packet {event: CmdRsp, data: {'opcode': 0, 'status': 132, 'data': bytearray(b'')}}
2019-06-26 15:58:12,302 - ERROR - tty.usbmodem0006822145041: None: ERROR_INVALID_LENGTH
2019-06-26 15:58:12,302 - DEBUG - tty.usbmodem0006822145041: RX: 03840084
2019-06-26 15:58:12,302 - DEBUG - tty.usbmodem0006822145041: parsed_packet {event: CmdRsp, data: {'opcode': 0, 'status': 132, 'data': bytearray(b'')}}
2019-06-26 15:58:12,303 - ERROR - tty.usbmodem0006822145041: None: ERROR_INVALID_LENGTH
2019-06-26 15:58:12,304 - DEBUG - tty.usbmodem0006822145041: RX: 03840084
2019-06-26 15:58:12,304 - DEBUG - tty.usbmodem0006822145041: parsed_packet {event: CmdRsp, data: {'opcode': 0, 'status': 132, 'data': bytearray(b'')}}
2019-06-26 15:58:12,305 - ERROR - tty.usbmodem0006822145041: None: ERROR_INVALID_LENGTH
2019-06-26 15:58:12,305 - DEBUG - tty.usbmodem0006822145041: RX: 03840084
2019-06-26 15:58:12,305 - DEBUG - tty.usbmodem0006822145041: parsed_packet {event: CmdRsp, data: {'opcode': 0, 'status': 132, 'data': bytearray(b'')}}
2019-06-26 15:58:12,305 - ERROR - tty.usbmodem0006822145041: None: ERROR_INVALID_LENGTH
2019-06-26 15:58:12,306 - DEBUG - tty.usbmodem0006822145041: RX: 03840084
2019-06-26 15:58:12,306 - DEBUG - tty.usbmodem0006822145041: parsed_packet {event: CmdRsp, data: {'opcode': 0, 'status': 132, 'data': bytearray(b'')}}
2019-06-26 15:58:12,306 - ERROR - tty.usbmodem0006822145041: None: ERROR_INVALID_LENGTH
2019-06-26 15:58:12,306 - DEBUG - tty.usbmodem0006822145041: RX: 03840084
2019-06-26 15:58:12,306 - DEBUG - tty.usbmodem0006822145041: parsed_packet {event: CmdRsp, data: {'opcode': 0, 'status': 132, 'data': bytearray(b'')}}
2019-06-26 15:58:12,306 - ERROR - tty.usbmodem0006822145041: None: ERROR_INVALID_LENGTH
2019-06-26 15:58:12,307 - DEBUG - tty.usbmodem0006822145041: RX: 03840084
2019-06-26 15:58:12,308 - DEBUG - tty.usbmodem0006822145041: parsed_packet {event: CmdRsp, data: {'opcode': 0, 'status': 132, 'data': bytearray(b'')}}
2019-06-26 15:58:12,308 - ERROR - tty.usbmodem0006822145041: None: ERROR_INVALID_LENGTH
2019-06-26 15:58:12,309 - DEBUG - tty.usbmodem0006822145041: RX: 03849f00
2019-06-26 15:58:12,309 - DEBUG - tty.usbmodem0006822145041: parsed_packet {event: CmdRsp, data: {'opcode': 159, 'status': 0, 'data': bytearray(b'')}}
2019-06-26 15:58:12,310 - INFO - tty.usbmodem0006822145041: Success
2019-06-26 15:58:12,310 - DEBUG - tty.usbmodem0006822145041: RX: 058492000000
2019-06-26 15:58:12,311 - DEBUG - tty.usbmodem0006822145041: parsed_packet {event: CmdRsp, data: {'opcode': 146, 'status': 0, 'data': bytearray(b'\x00\x00')}}
2019-06-26 15:58:12,311 - INFO - tty.usbmodem0006822145041: SubnetAdd: {'subnet_handle': 0}
2019-06-26 15:58:12,312 - DEBUG - tty.usbmodem0006822145041: RX: 058497000000
2019-06-26 15:58:12,312 - DEBUG - tty.usbmodem0006822145041: parsed_packet {event: CmdRsp, data: {'opcode': 151, 'status': 0, 'data': bytearray(b'\x00\x00')}}
2019-06-26 15:58:12,313 - INFO - tty.usbmodem0006822145041: AppkeyAdd: {'appkey_handle': 0}
2019-06-26 15:58:12,315 - DEBUG - tty.usbmodem0006822145041: RX: 058497000100
2019-06-26 15:58:12,315 - DEBUG - tty.usbmodem0006822145041: parsed_packet {event: CmdRsp, data: {'opcode': 151, 'status': 0, 'data': bytearray(b'\x01\x00')}}
2019-06-26 15:58:12,315 - INFO - tty.usbmodem0006822145041: AppkeyAdd: {'appkey_handle': 1}
2019-06-26 15:58:19,817 - DEBUG - tty.usbmodem0006822145041: Writing: 97 bytearray(b'')
2019-06-26 15:58:19,817 - DEBUG - tty.usbmodem0006822145041: TX: 0161
2019-06-26 15:58:19,818 - DEBUG - tty.usbmodem0006822145041: RX: 03846100
2019-06-26 15:58:19,818 - DEBUG - tty.usbmodem0006822145041: parsed_packet {event: CmdRsp, data: {'opcode': 97, 'status': 0, 'data': bytearray(b'')}}
2019-06-26 15:58:19,819 - INFO - tty.usbmodem0006822145041: Success
2019-06-26 15:58:20,980 - DEBUG - tty.usbmodem0006822145041: RX: 1ac09db77a0526b8734988639509c242d107ca0001c8639509c2c2
2019-06-26 15:58:20,980 - DEBUG - tty.usbmodem0006822145041: parsed_packet {event: ProvUnprovisionedReceived, data: {'uuid': bytearray(b'\x9d\xb7z\x05&\xb8sI\x88c\x95\t\xc2B\xd1\x07'), 'rssi': -54, 'gatt_supported': 0, 'adv_addr_type': 1, 'adv_addr': bytearray(b'\xc8c\x95\t\xc2\xc2')}}
2019-06-26 15:58:20,981 - INFO - tty.usbmodem0006822145041: Received UUID 9db77a0526b8734988639509c242d107 with RSSI: -54 dB
2019-06-26 15:58:20,987 - DEBUG - tty.usbmodem0006822145041: Writing: 98 bytearray(b'')
2019-06-26 15:58:20,987 - DEBUG - tty.usbmodem0006822145041: TX: 0162
2019-06-26 15:58:21,004 - DEBUG - tty.usbmodem0006822145041: Writing: 99 bytearray(b'\x00\x9d\xb7z\x05&\xb8sI\x88c\x95\t\xc2B\xd1\x07\x18\xee\xd9\xc2\xa5j\xdd\x85\x04\x9f\xfc<Y\xad\x0e\x12\x00\x00\x00\x00\x00\x00\x11\x00\x00\x00\x00')
2019-06-26 15:58:21,011 - DEBUG - tty.usbmodem0006822145041: TX: 2d63009db77a0526b8734988639509c242d10718eed9c2a56add85049ffc3c59ad0e120000000000001100000000
2019-06-26 15:58:21,029 - DEBUG - tty.usbmodem0006822145041: RX: 03846200
2019-06-26 15:58:21,042 - DEBUG - tty.usbmodem0006822145041: parsed_packet {event: CmdRsp, data: {'opcode': 98, 'status': 0, 'data': bytearray(b'')}}
2019-06-26 15:58:21,048 - INFO - tty.usbmodem0006822145041: Success
2019-06-26 15:58:21,103 - DEBUG - tty.usbmodem0006822145041: RX: 0484630000
2019-06-26 15:58:21,110 - DEBUG - tty.usbmodem0006822145041: parsed_packet {event: CmdRsp, data: {'opcode': 99, 'status': 0, 'data': bytearray(b'\x00')}}
2019-06-26 15:58:21,115 - INFO - tty.usbmodem0006822145041: Provision: {'context': 0}
2019-06-26 15:58:21,150 - DEBUG - tty.usbmodem0006822145041: RX: 02c100
2019-06-26 15:58:21,157 - DEBUG - tty.usbmodem0006822145041: parsed_packet {event: ProvLinkEstablished, data: {'context_id': 0}}
2019-06-26 15:58:21,162 - INFO - tty.usbmodem0006822145041: Link established
2019-06-26 15:58:21,170 - DEBUG - tty.usbmodem0006822145041: RX: 0bc300010001000000000000
2019-06-26 15:58:21,170 - DEBUG - tty.usbmodem0006822145041: parsed_packet {event: ProvCapsReceived, data: {'context_id': 0, 'num_elements': 1, 'public_key_type': 0, 'static_oob_types': 1, 'output_oob_size': 0, 'output_oob_actions': 0, 'input_oob_size': 0, 'input_oob_actions': 0}}
2019-06-26 15:58:21,171 - INFO - tty.usbmodem0006822145041: Received capabilities
2019-06-26 15:58:21,171 - INFO - tty.usbmodem0006822145041: Number of elements: 1
2019-06-26 15:58:21,171 - DEBUG - tty.usbmodem0006822145041: Writing: 102 bytearray(b'\x00\x00\x00\x00')
2019-06-26 15:58:21,171 - DEBUG - tty.usbmodem0006822145041: TX: 056600000000
2019-06-26 15:58:21,173 - DEBUG - tty.usbmodem0006822145041: RX: 0484660000
2019-06-26 15:58:21,173 - DEBUG - tty.usbmodem0006822145041: parsed_packet {event: CmdRsp, data: {'opcode': 102, 'status': 0, 'data': bytearray(b'\x00')}}
2019-06-26 15:58:21,174 - INFO - tty.usbmodem0006822145041: OobUse: {'context': 0}
2019-06-26 15:58:23,367 - DEBUG - tty.usbmodem0006822145041: RX: 62c70040ca8e2795e3b9b132fcee2e68b30cba7e40b477e7e0ea326555ccd1f1bf1543deb7d9db8eb08832d2a8ff74b9a02e9a1321a7c46e8600ab2ab1fa2e4db3369b62828cb3b3d8970bb97534b7b0a9f7caa36c3094af10addc377a4871eebf6d2e
2019-06-26 15:58:23,367 - DEBUG - tty.usbmodem0006822145041: parsed_packet {event: ProvEcdhRequest, data: {'context_id': 0, 'peer_public': bytearray(b"@\xca\x8e\'\x95\xe3\xb9\xb12\xfc\xee.h\xb3\x0c\xba~@\xb4w\xe7\xe0\xea2eU\xcc\xd1\xf1\xbf\x15C\xde\xb7\xd9\xdb\x8e\xb0\x882\xd2\xa8\xfft\xb9\xa0.\x9a\x13!\xa7\xc4n\x86\x00\xab*\xb1\xfa.M\xb36\x9b"), 'node_private': bytearray(b'b\x82\x8c\xb3\xb3\xd8\x97\x0b\xb9u4\xb7\xb0\xa9\xf7\xca\xa3l0\x94\xaf\x10\xad\xdc7zHq\xee\xbfm.')}}
2019-06-26 15:58:23,368 - INFO - tty.usbmodem0006822145041: ECDH request received
2019-06-26 15:58:23,368 - DEBUG - tty.usbmodem0006822145041: Writing: 104 bytearray(b'\x00\xc2\xf0\xe3\x128\x0c\xc8\x08%g\x1b\x8e2\xa9H8\x8f4\xa4\x9e\n\x8e\xffi\x9e\xb3\x91\xdd\xa3\x1d\xae\x95')
2019-06-26 15:58:23,368 - DEBUG - tty.usbmodem0006822145041: TX: 226800c2f0e312380cc80825671b8e32a948388f34a49e0a8eff699eb391dda31dae95
2019-06-26 15:58:23,373 - DEBUG - tty.usbmodem0006822145041: RX: 0484680000
2019-06-26 15:58:23,373 - DEBUG - tty.usbmodem0006822145041: parsed_packet {event: CmdRsp, data: {'opcode': 104, 'status': 0, 'data': bytearray(b'\x00')}}
2019-06-26 15:58:23,374 - INFO - tty.usbmodem0006822145041: EcdhSecret: {'context': 0}
2019-06-26 15:58:25,702 - DEBUG - tty.usbmodem0006822145041: RX: 2cc50000000000000011000000fb1e18b9f0d6c2f7915cef6acb76aa9618eed9c2a56add85049ffc3c59ad0e12
2019-06-26 15:58:25,702 - DEBUG - tty.usbmodem0006822145041: parsed_packet {event: ProvComplete, data: {'context_id': 0, 'iv_index': 0, 'net_key_index': 0, 'address': 17, 'iv_update_flag': 0, 'key_refresh_flag': 0, 'device_key': bytearray(b'\xfb\x1e\x18\xb9\xf0\xd6\xc2\xf7\x91\\\xefj\xcbv\xaa\x96'), 'net_key': bytearray(b'\x18\xee\xd9\xc2\xa5j\xdd\x85\x04\x9f\xfc<Y\xad\x0e\x12')}}
2019-06-26 15:58:25,702 - INFO - tty.usbmodem0006822145041: Provisioning complete
2019-06-26 15:58:25,703 - INFO - tty.usbmodem0006822145041: 	Address(es): 0x11-0x11
2019-06-26 15:58:25,703 - INFO - tty.usbmodem0006822145041: 	Device key: fb1e18b9f0d6c2f7915cef6acb76aa96
2019-06-26 15:58:25,703 - INFO - tty.usbmodem0006822145041: 	Network key: 18eed9c2a56add85049ffc3c59ad0e12
2019-06-26 15:58:25,703 - INFO - tty.usbmodem0006822145041: Adding device key to subnet 0
2019-06-26 15:58:25,703 - INFO - tty.usbmodem0006822145041: Adding publication address of root element
2019-06-26 15:58:25,703 - DEBUG - tty.usbmodem0006822145041: Writing: 156 bytearray(b'\x11\x00\x00\x00\xfb\x1e\x18\xb9\xf0\xd6\xc2\xf7\x91\\\xefj\xcbv\xaa\x96')
2019-06-26 15:58:25,703 - DEBUG - tty.usbmodem0006822145041: TX: 159c11000000fb1e18b9f0d6c2f7915cef6acb76aa96
2019-06-26 15:58:25,705 - DEBUG - tty.usbmodem0006822145041: Writing: 164 bytearray(b'\x11\x00')
2019-06-26 15:58:25,705 - DEBUG - tty.usbmodem0006822145041: TX: 03a41100
2019-06-26 15:58:25,707 - DEBUG - tty.usbmodem0006822145041: RX: 05849c000800
2019-06-26 15:58:25,707 - DEBUG - tty.usbmodem0006822145041: parsed_packet {event: CmdRsp, data: {'opcode': 156, 'status': 0, 'data': bytearray(b'\x08\x00')}}
2019-06-26 15:58:25,708 - INFO - tty.usbmodem0006822145041: DevkeyAdd: {'devkey_handle': 8}
2019-06-26 15:58:25,708 - DEBUG - tty.usbmodem0006822145041: RX: 0584a4000000
2019-06-26 15:58:25,708 - DEBUG - tty.usbmodem0006822145041: parsed_packet {event: CmdRsp, data: {'opcode': 164, 'status': 0, 'data': bytearray(b'\x00\x00')}}
2019-06-26 15:58:25,708 - INFO - tty.usbmodem0006822145041: AddrPublicationAdd: {'address_handle': 0}
2019-06-26 15:58:25,802 - DEBUG - tty.usbmodem0006822145041: RX: 03c20000
2019-06-26 15:58:25,802 - DEBUG - tty.usbmodem0006822145041: parsed_packet {event: ProvLinkClosed, data: {'context_id': 0, 'close_reason': 0}}
2019-06-26 15:58:25,803 - INFO - tty.usbmodem0006822145041: Provisioning link closed
2019-06-26 15:58:31,051 - DEBUG - tty.usbmodem0006822145041: exited read event
