2019-07-11 15:19:37,047 - DEBUG: Writing: 105 bytearray(b'\tn\xc8@\xad\xd5$\xb4\x9e\xa8\xb1\xf4\xd2!\xf9\xd54}\xea\xacC\xad\xc6@\x9e\xd8\xf0\xed\x1b{\xae\xa5"\xcb\tV3\xceF\xe5\x97qY7\x83\xc3\xb4dL~\x02\x03\xfas\xd21P%\xd6\xf9\xaedh\xcf\xd5e\xe3\xf4\xd4\x10\xb1z^Q\xfe\x19[Ha\x8d\xbb\xd5\xb3.\xc8\xb5\xc1k\xd5\x9b{.AQ\xbf&')
2019-07-11 15:19:37,048 - DEBUG: TX: 6169096ec840add524b49ea8b1f4d221f9d5347deaac43adc6409ed8f0ed1b7baea522cb095633ce46e59771593783c3b4644c7e0203fa73d2315025d6f9ae6468cfd565e3f4d410b17a5e51fe195b48618dbbd5b32ec8b5c16bd59b7b2e4151bf26
2019-07-11 15:19:37,057 - DEBUG: RX: 03845384
2019-07-11 15:19:37,057 - DEBUG: parsed_packet {event: CmdRsp, data: {'opcode': 83, 'status': 132, 'data': bytearray(b'')}}
2019-07-11 15:19:37,058 - ERROR: None: ERROR_INVALID_LENGTH
2019-07-11 15:19:37,058 - DEBUG: Writing: 159 bytearray(b'\x01\x00\x01\x00')
2019-07-11 15:19:37,058 - DEBUG: RX: 03840084
2019-07-11 15:19:37,058 - DEBUG: TX: 059f01000100
2019-07-11 15:19:37,058 - DEBUG: parsed_packet {event: CmdRsp, data: {'opcode': 0, 'status': 132, 'data': bytearray(b'')}}
2019-07-11 15:19:37,059 - ERROR: None: ERROR_INVALID_LENGTH
2019-07-11 15:19:37,059 - DEBUG: Writing: 146 bytearray(b'\x00\x00\x18\xee\xd9\xc2\xa5j\xdd\x85\x04\x9f\xfc<Y\xad\x0e\x12')
2019-07-11 15:19:37,059 - DEBUG: TX: 1392000018eed9c2a56add85049ffc3c59ad0e12
2019-07-11 15:19:37,059 - DEBUG: RX: 03840084
2019-07-11 15:19:37,060 - DEBUG: parsed_packet {event: CmdRsp, data: {'opcode': 0, 'status': 132, 'data': bytearray(b'')}}
2019-07-11 15:19:37,060 - ERROR: None: ERROR_INVALID_LENGTH
2019-07-11 15:19:37,060 - DEBUG: Writing: 151 bytearray(b'\x00\x00\x00\x00Oh\xad\x85\xd9\xf4\x8a\xc8X\x9d\xf6e\xb6\xb4\x9b\x8a')
2019-07-11 15:19:37,060 - DEBUG: TX: 1597000000004f68ad85d9f48ac8589df665b6b49b8a
2019-07-11 15:19:37,060 - DEBUG: RX: 03840084
2019-07-11 15:19:37,061 - DEBUG: parsed_packet {event: CmdRsp, data: {'opcode': 0, 'status': 132, 'data': bytearray(b'')}}
2019-07-11 15:19:37,061 - ERROR: None: ERROR_INVALID_LENGTH
2019-07-11 15:19:37,061 - DEBUG: Writing: 151 bytearray(b'\x01\x00\x00\x00*\xa2\xa6\xde\xd5\xa0y\x8c\xea\xb5x|\xa3\xae9\xfc')
2019-07-11 15:19:37,061 - DEBUG: RX: 03840084
2019-07-11 15:19:37,061 - DEBUG: TX: 1597010000002aa2a6ded5a0798ceab5787ca3ae39fc
2019-07-11 15:19:37,061 - DEBUG: parsed_packet {event: CmdRsp, data: {'opcode': 0, 'status': 132, 'data': bytearray(b'')}}
2019-07-11 15:19:37,062 - ERROR: None: ERROR_INVALID_LENGTH
2019-07-11 15:19:37,062 - DEBUG: Writing: 164 bytearray(b'\x10\x00')
2019-07-11 15:19:37,062 - DEBUG: RX: 03840084
2019-07-11 15:19:37,062 - DEBUG: TX: 03a41000
2019-07-11 15:19:37,062 - DEBUG: parsed_packet {event: CmdRsp, data: {'opcode': 0, 'status': 132, 'data': bytearray(b'')}}
2019-07-11 15:19:37,063 - ERROR: None: ERROR_INVALID_LENGTH
2019-07-11 15:19:37,063 - DEBUG: RX: 03840084
2019-07-11 15:19:37,063 - DEBUG: parsed_packet {event: CmdRsp, data: {'opcode': 0, 'status': 132, 'data': bytearray(b'')}}
2019-07-11 15:19:37,063 - ERROR: None: ERROR_INVALID_LENGTH
2019-07-11 15:19:37,063 - DEBUG: RX: 03840084
2019-07-11 15:19:37,063 - DEBUG: parsed_packet {event: CmdRsp, data: {'opcode': 0, 'status': 132, 'data': bytearray(b'')}}
2019-07-11 15:19:37,063 - ERROR: None: ERROR_INVALID_LENGTH
2019-07-11 15:19:37,064 - DEBUG: RX: 03840084
2019-07-11 15:19:37,064 - DEBUG: parsed_packet {event: CmdRsp, data: {'opcode': 0, 'status': 132, 'data': bytearray(b'')}}
2019-07-11 15:19:37,064 - ERROR: None: ERROR_INVALID_LENGTH
2019-07-11 15:19:37,064 - DEBUG: RX: 03840084
2019-07-11 15:19:37,064 - DEBUG: parsed_packet {event: CmdRsp, data: {'opcode': 0, 'status': 132, 'data': bytearray(b'')}}
2019-07-11 15:19:37,064 - ERROR: None: ERROR_INVALID_LENGTH
2019-07-11 15:19:37,065 - DEBUG: RX: 03840084
2019-07-11 15:19:37,065 - DEBUG: parsed_packet {event: CmdRsp, data: {'opcode': 0, 'status': 132, 'data': bytearray(b'')}}
2019-07-11 15:19:37,065 - ERROR: None: ERROR_INVALID_LENGTH
2019-07-11 15:19:37,065 - DEBUG: RX: 03840084
2019-07-11 15:19:37,065 - DEBUG: parsed_packet {event: CmdRsp, data: {'opcode': 0, 'status': 132, 'data': bytearray(b'')}}
2019-07-11 15:19:37,065 - ERROR: None: ERROR_INVALID_LENGTH
2019-07-11 15:19:37,065 - DEBUG: RX: 03840084
2019-07-11 15:19:37,066 - DEBUG: parsed_packet {event: CmdRsp, data: {'opcode': 0, 'status': 132, 'data': bytearray(b'')}}
2019-07-11 15:19:37,066 - ERROR: None: ERROR_INVALID_LENGTH
2019-07-11 15:19:37,066 - DEBUG: RX: 03849f8e
2019-07-11 15:19:37,066 - DEBUG: parsed_packet {event: CmdRsp, data: {'opcode': 159, 'status': 142, 'data': bytearray(b'')}}
2019-07-11 15:19:37,066 - ERROR: None: ERROR_REJECTED
2019-07-11 15:19:37,066 - DEBUG: RX: 03849281
2019-07-11 15:19:37,066 - DEBUG: parsed_packet {event: CmdRsp, data: {'opcode': 146, 'status': 129, 'data': bytearray(b'')}}
2019-07-11 15:19:37,067 - ERROR: SubnetAdd: ERROR_INTERNAL
2019-07-11 15:19:37,067 - DEBUG: RX: 03849781
2019-07-11 15:19:37,067 - DEBUG: parsed_packet {event: CmdRsp, data: {'opcode': 151, 'status': 129, 'data': bytearray(b'')}}
2019-07-11 15:19:37,067 - ERROR: AppkeyAdd: ERROR_INTERNAL
2019-07-11 15:19:37,067 - DEBUG: RX: 03849781
2019-07-11 15:19:37,067 - DEBUG: parsed_packet {event: CmdRsp, data: {'opcode': 151, 'status': 129, 'data': bytearray(b'')}}
2019-07-11 15:19:37,067 - ERROR: AppkeyAdd: ERROR_INTERNAL
2019-07-11 15:19:37,067 - DEBUG: RX: 0584a4000000
2019-07-11 15:19:37,067 - DEBUG: parsed_packet {event: CmdRsp, data: {'opcode': 164, 'status': 0, 'data': bytearray(b'\x00\x00')}}
2019-07-11 15:19:37,068 - INFO: AddrPublicationAdd: {'address_handle': 0}
2019-07-11 15:19:38,057 - DEBUG: Writing: 161 bytearray(b'\x01\xc0')
2019-07-11 15:19:38,057 - DEBUG: TX: 03a101c0
2019-07-11 15:19:38,060 - DEBUG: RX: 0584a1000100
2019-07-11 15:19:38,060 - DEBUG: parsed_packet {event: CmdRsp, data: {'opcode': 161, 'status': 0, 'data': bytearray(b'\x01\x00')}}
2019-07-11 15:19:38,061 - INFO: AddrSubscriptionAdd: {'address_handle': 1}
2019-07-11 15:19:39,055 - DEBUG: Writing: 164 bytearray(b'\x11\x00')
2019-07-11 15:19:39,055 - DEBUG: TX: 03a41100
2019-07-11 15:19:39,057 - DEBUG: RX: 0584a4000200
2019-07-11 15:19:39,057 - DEBUG: parsed_packet {event: CmdRsp, data: {'opcode': 164, 'status': 0, 'data': bytearray(b'\x02\x00')}}
2019-07-11 15:19:39,058 - INFO: AddrPublicationAdd: {'address_handle': 2}
2019-07-11 15:19:40,060 - DEBUG: Writing: 164 bytearray(b'\x12\x00')
2019-07-11 15:19:40,060 - DEBUG: TX: 03a41200
2019-07-11 15:19:40,062 - DEBUG: RX: 0584a4000300
2019-07-11 15:19:40,062 - DEBUG: parsed_packet {event: CmdRsp, data: {'opcode': 164, 'status': 0, 'data': bytearray(b'\x03\x00')}}
2019-07-11 15:19:40,063 - INFO: AddrPublicationAdd: {'address_handle': 3}
2019-07-11 15:19:41,061 - DEBUG: Writing: 164 bytearray(b'\x13\x00')
2019-07-11 15:19:41,061 - DEBUG: TX: 03a41300
2019-07-11 15:19:41,063 - DEBUG: RX: 0584a4000400
2019-07-11 15:19:41,063 - DEBUG: parsed_packet {event: CmdRsp, data: {'opcode': 164, 'status': 0, 'data': bytearray(b'\x04\x00')}}
2019-07-11 15:19:41,064 - INFO: AddrPublicationAdd: {'address_handle': 4}
2019-07-11 15:19:42,062 - DEBUG: Writing: 164 bytearray(b'\x14\x00')
2019-07-11 15:19:42,062 - DEBUG: TX: 03a41400
2019-07-11 15:19:42,064 - DEBUG: RX: 0584a4000500
2019-07-11 15:19:42,065 - DEBUG: parsed_packet {event: CmdRsp, data: {'opcode': 164, 'status': 0, 'data': bytearray(b'\x05\x00')}}
2019-07-11 15:19:42,065 - INFO: AddrPublicationAdd: {'address_handle': 5}
2019-07-11 15:19:43,064 - DEBUG: Writing: 164 bytearray(b'\x15\x00')
2019-07-11 15:19:43,064 - DEBUG: TX: 03a41500
2019-07-11 15:19:43,066 - DEBUG: RX: 0584a4000600
2019-07-11 15:19:43,067 - DEBUG: parsed_packet {event: CmdRsp, data: {'opcode': 164, 'status': 0, 'data': bytearray(b'\x06\x00')}}
2019-07-11 15:19:43,067 - INFO: AddrPublicationAdd: {'address_handle': 6}
2019-07-11 15:19:44,069 - DEBUG: Writing: 164 bytearray(b'\x16\x00')
2019-07-11 15:19:44,071 - DEBUG: TX: 03a41600
2019-07-11 15:19:44,072 - DEBUG: RX: 0584a4000700
2019-07-11 15:19:44,073 - DEBUG: parsed_packet {event: CmdRsp, data: {'opcode': 164, 'status': 0, 'data': bytearray(b'\x07\x00')}}
2019-07-11 15:19:44,073 - INFO: AddrPublicationAdd: {'address_handle': 7}
2019-07-11 15:19:45,072 - DEBUG: Writing: 164 bytearray(b'\x17\x00')
2019-07-11 15:19:45,072 - DEBUG: TX: 03a41700
2019-07-11 15:19:45,075 - DEBUG: RX: 0584a4000800
2019-07-11 15:19:45,075 - DEBUG: parsed_packet {event: CmdRsp, data: {'opcode': 164, 'status': 0, 'data': bytearray(b'\x08\x00')}}
2019-07-11 15:19:45,075 - INFO: AddrPublicationAdd: {'address_handle': 8}
2019-07-11 15:19:46,075 - DEBUG: Writing: 164 bytearray(b'\x18\x00')
2019-07-11 15:19:46,075 - DEBUG: TX: 03a41800
2019-07-11 15:19:46,077 - DEBUG: RX: 0584a4000900
2019-07-11 15:19:46,078 - DEBUG: parsed_packet {event: CmdRsp, data: {'opcode': 164, 'status': 0, 'data': bytearray(b'\t\x00')}}
2019-07-11 15:19:46,078 - INFO: AddrPublicationAdd: {'address_handle': 9}
2019-07-11 15:19:47,075 - DEBUG: Writing: 164 bytearray(b'\x19\x00')
2019-07-11 15:19:47,076 - DEBUG: TX: 03a41900
2019-07-11 15:19:47,077 - DEBUG: RX: 0584a4000a00
2019-07-11 15:19:47,078 - DEBUG: parsed_packet {event: CmdRsp, data: {'opcode': 164, 'status': 0, 'data': bytearray(b'\n\x00')}}
2019-07-11 15:19:47,078 - INFO: AddrPublicationAdd: {'address_handle': 10}
2019-07-11 15:19:48,083 - DEBUG: Writing: 164 bytearray(b'\x1a\x00')
2019-07-11 15:19:48,084 - DEBUG: TX: 03a41a00
2019-07-11 15:19:48,087 - DEBUG: RX: 0584a4000b00
2019-07-11 15:19:48,087 - DEBUG: parsed_packet {event: CmdRsp, data: {'opcode': 164, 'status': 0, 'data': bytearray(b'\x0b\x00')}}
2019-07-11 15:19:48,088 - INFO: AddrPublicationAdd: {'address_handle': 11}
2019-07-11 15:19:49,087 - DEBUG: Writing: 164 bytearray(b'\x1b\x00')
2019-07-11 15:19:49,087 - DEBUG: TX: 03a41b00
2019-07-11 15:19:49,088 - DEBUG: RX: 0584a4000c00
2019-07-11 15:19:49,089 - DEBUG: parsed_packet {event: CmdRsp, data: {'opcode': 164, 'status': 0, 'data': bytearray(b'\x0c\x00')}}
2019-07-11 15:19:49,089 - INFO: AddrPublicationAdd: {'address_handle': 12}
2019-07-11 15:19:50,090 - DEBUG: Writing: 164 bytearray(b'\x1c\x00')
2019-07-11 15:19:50,090 - DEBUG: TX: 03a41c00
2019-07-11 15:19:50,091 - DEBUG: RX: 0584a4000d00
2019-07-11 15:19:50,092 - DEBUG: parsed_packet {event: CmdRsp, data: {'opcode': 164, 'status': 0, 'data': bytearray(b'\r\x00')}}
2019-07-11 15:19:50,092 - INFO: AddrPublicationAdd: {'address_handle': 13}
2019-07-11 15:19:51,091 - DEBUG: Writing: 164 bytearray(b'\x1d\x00')
2019-07-11 15:19:51,091 - DEBUG: TX: 03a41d00
2019-07-11 15:19:51,093 - DEBUG: RX: 0584a4000e00
2019-07-11 15:19:51,093 - DEBUG: parsed_packet {event: CmdRsp, data: {'opcode': 164, 'status': 0, 'data': bytearray(b'\x0e\x00')}}
2019-07-11 15:19:51,093 - INFO: AddrPublicationAdd: {'address_handle': 14}
2019-07-11 15:19:52,091 - INFO: Received from node-red: "{\"op\":\"ProvisionScanStart\",\"nodeMessageId\":0}"
2019-07-11 15:19:52,092 - DEBUG: Writing: 97 bytearray(b'')
2019-07-11 15:19:52,091 - INFO: Received from node-red: "{\"op\":\"GetProvisionedDevices\",\"nodeMessageId\":1}"
2019-07-11 15:19:52,092 - DEBUG: TX: 0161
2019-07-11 15:19:52,095 - DEBUG: RX: 03846183
2019-07-11 15:19:52,095 - DEBUG: parsed_packet {event: CmdRsp, data: {'opcode': 97, 'status': 131, 'data': bytearray(b'')}}
2019-07-11 15:19:52,095 - ERROR: None: ERROR_INVALID_STATE
