2019-07-05 13:52:06,641 - DEBUG - tty.usbmodem0006822145041: Writing: 105 bytearray(b'\xe6$\x08\x819\x0b^G\x15\x9a\xdf#\x9dv[\x9fx[\xf1\xbeD`k\xac\x95\x8a\x904%s\xe7\xeby\x1a\xc8b\xb15\x8d\xefQ\x86\xb6\xd1|/@\xfe\xfenF\xe8\x9bqb\x1a1A2\xe8~\x95M\xa5u\x83\xe0\x91\xf9\xa7\xaf%f\xa9\xe1\xc2\xc7\x1e\xc3\x16\x0f\x04)\xbf\xd7)\xed%rW\xf9x\xda\x8d\x1bn')
2019-07-05 13:52:06,641 - DEBUG - tty.usbmodem0006822145041: TX: 6169e6240881390b5e47159adf239d765b9f785bf1be44606bac958a90342573e7eb791ac862b1358def5186b6d17c2f40fefe6e46e89b71621a314132e87e954da57583e091f9a7af2566a9e1c2c71ec3160f0429bfd729ed257257f978da8d1b6e
2019-07-05 13:52:06,650 - DEBUG - tty.usbmodem0006822145041: RX: 03845384
2019-07-05 13:52:06,650 - DEBUG - tty.usbmodem0006822145041: parsed_packet {event: CmdRsp, data: {'opcode': 83, 'status': 132, 'data': bytearray(b'')}}
2019-07-05 13:52:06,650 - ERROR - tty.usbmodem0006822145041: None: ERROR_INVALID_LENGTH
2019-07-05 13:52:06,651 - DEBUG - tty.usbmodem0006822145041: Writing: 159 bytearray(b'\x01\x00\x01\x00')
2019-07-05 13:52:06,651 - DEBUG - tty.usbmodem0006822145041: TX: 059f01000100
2019-07-05 13:52:06,651 - DEBUG - tty.usbmodem0006822145041: RX: 03840084
2019-07-05 13:52:06,651 - DEBUG - tty.usbmodem0006822145041: parsed_packet {event: CmdRsp, data: {'opcode': 0, 'status': 132, 'data': bytearray(b'')}}
2019-07-05 13:52:06,651 - ERROR - tty.usbmodem0006822145041: None: ERROR_INVALID_LENGTH
2019-07-05 13:52:06,652 - DEBUG - tty.usbmodem0006822145041: Writing: 146 bytearray(b'\x00\x00\x18\xee\xd9\xc2\xa5j\xdd\x85\x04\x9f\xfc<Y\xad\x0e\x12')
2019-07-05 13:52:06,652 - DEBUG - tty.usbmodem0006822145041: TX: 1392000018eed9c2a56add85049ffc3c59ad0e12
2019-07-05 13:52:06,652 - DEBUG - tty.usbmodem0006822145041: RX: 03840084
2019-07-05 13:52:06,652 - DEBUG - tty.usbmodem0006822145041: parsed_packet {event: CmdRsp, data: {'opcode': 0, 'status': 132, 'data': bytearray(b'')}}
2019-07-05 13:52:06,652 - ERROR - tty.usbmodem0006822145041: None: ERROR_INVALID_LENGTH
2019-07-05 13:52:06,652 - DEBUG - tty.usbmodem0006822145041: Writing: 151 bytearray(b'\x00\x00\x00\x00Oh\xad\x85\xd9\xf4\x8a\xc8X\x9d\xf6e\xb6\xb4\x9b\x8a')
2019-07-05 13:52:06,653 - DEBUG - tty.usbmodem0006822145041: TX: 1597000000004f68ad85d9f48ac8589df665b6b49b8a
2019-07-05 13:52:06,653 - DEBUG - tty.usbmodem0006822145041: RX: 03840084
2019-07-05 13:52:06,653 - DEBUG - tty.usbmodem0006822145041: parsed_packet {event: CmdRsp, data: {'opcode': 0, 'status': 132, 'data': bytearray(b'')}}
2019-07-05 13:52:06,653 - ERROR - tty.usbmodem0006822145041: None: ERROR_INVALID_LENGTH
2019-07-05 13:52:06,653 - DEBUG - tty.usbmodem0006822145041: Writing: 151 bytearray(b'\x01\x00\x00\x00*\xa2\xa6\xde\xd5\xa0y\x8c\xea\xb5x|\xa3\xae9\xfc')
2019-07-05 13:52:06,654 - DEBUG - tty.usbmodem0006822145041: RX: 03840084
2019-07-05 13:52:06,654 - DEBUG - tty.usbmodem0006822145041: TX: 1597010000002aa2a6ded5a0798ceab5787ca3ae39fc
2019-07-05 13:52:06,654 - DEBUG - tty.usbmodem0006822145041: parsed_packet {event: CmdRsp, data: {'opcode': 0, 'status': 132, 'data': bytearray(b'')}}
2019-07-05 13:52:06,654 - ERROR - tty.usbmodem0006822145041: None: ERROR_INVALID_LENGTH
2019-07-05 13:52:06,654 - DEBUG - tty.usbmodem0006822145041: RX: 03840084
2019-07-05 13:52:06,654 - DEBUG - tty.usbmodem0006822145041: parsed_packet {event: CmdRsp, data: {'opcode': 0, 'status': 132, 'data': bytearray(b'')}}
2019-07-05 13:52:06,655 - ERROR - tty.usbmodem0006822145041: None: ERROR_INVALID_LENGTH
2019-07-05 13:52:06,655 - DEBUG - tty.usbmodem0006822145041: RX: 03840084
2019-07-05 13:52:06,655 - DEBUG - tty.usbmodem0006822145041: parsed_packet {event: CmdRsp, data: {'opcode': 0, 'status': 132, 'data': bytearray(b'')}}
2019-07-05 13:52:06,655 - ERROR - tty.usbmodem0006822145041: None: ERROR_INVALID_LENGTH
2019-07-05 13:52:06,655 - DEBUG - tty.usbmodem0006822145041: RX: 03840084
2019-07-05 13:52:06,655 - DEBUG - tty.usbmodem0006822145041: parsed_packet {event: CmdRsp, data: {'opcode': 0, 'status': 132, 'data': bytearray(b'')}}
2019-07-05 13:52:06,655 - ERROR - tty.usbmodem0006822145041: None: ERROR_INVALID_LENGTH
2019-07-05 13:52:06,655 - DEBUG - tty.usbmodem0006822145041: RX: 03840084
2019-07-05 13:52:06,656 - DEBUG - tty.usbmodem0006822145041: parsed_packet {event: CmdRsp, data: {'opcode': 0, 'status': 132, 'data': bytearray(b'')}}
2019-07-05 13:52:06,656 - ERROR - tty.usbmodem0006822145041: None: ERROR_INVALID_LENGTH
2019-07-05 13:52:06,656 - DEBUG - tty.usbmodem0006822145041: RX: 03840084
2019-07-05 13:52:06,656 - DEBUG - tty.usbmodem0006822145041: parsed_packet {event: CmdRsp, data: {'opcode': 0, 'status': 132, 'data': bytearray(b'')}}
2019-07-05 13:52:06,656 - ERROR - tty.usbmodem0006822145041: None: ERROR_INVALID_LENGTH
2019-07-05 13:52:06,656 - DEBUG - tty.usbmodem0006822145041: RX: 03840084
2019-07-05 13:52:06,656 - DEBUG - tty.usbmodem0006822145041: parsed_packet {event: CmdRsp, data: {'opcode': 0, 'status': 132, 'data': bytearray(b'')}}
2019-07-05 13:52:06,656 - ERROR - tty.usbmodem0006822145041: None: ERROR_INVALID_LENGTH
2019-07-05 13:52:06,657 - DEBUG - tty.usbmodem0006822145041: RX: 03840084
2019-07-05 13:52:06,657 - DEBUG - tty.usbmodem0006822145041: parsed_packet {event: CmdRsp, data: {'opcode': 0, 'status': 132, 'data': bytearray(b'')}}
2019-07-05 13:52:06,657 - ERROR - tty.usbmodem0006822145041: None: ERROR_INVALID_LENGTH
2019-07-05 13:52:06,657 - DEBUG - tty.usbmodem0006822145041: RX: 03840084
2019-07-05 13:52:06,657 - DEBUG - tty.usbmodem0006822145041: parsed_packet {event: CmdRsp, data: {'opcode': 0, 'status': 132, 'data': bytearray(b'')}}
2019-07-05 13:52:06,657 - ERROR - tty.usbmodem0006822145041: None: ERROR_INVALID_LENGTH
2019-07-05 13:52:06,657 - DEBUG - tty.usbmodem0006822145041: RX: 03849f8e
2019-07-05 13:52:06,658 - DEBUG - tty.usbmodem0006822145041: parsed_packet {event: CmdRsp, data: {'opcode': 159, 'status': 142, 'data': bytearray(b'')}}
2019-07-05 13:52:06,658 - ERROR - tty.usbmodem0006822145041: None: ERROR_REJECTED
2019-07-05 13:52:06,658 - DEBUG - tty.usbmodem0006822145041: RX: 03849281
2019-07-05 13:52:06,658 - DEBUG - tty.usbmodem0006822145041: parsed_packet {event: CmdRsp, data: {'opcode': 146, 'status': 129, 'data': bytearray(b'')}}
2019-07-05 13:52:06,658 - ERROR - tty.usbmodem0006822145041: SubnetAdd: ERROR_INTERNAL
2019-07-05 13:52:06,658 - DEBUG - tty.usbmodem0006822145041: RX: 03849781
2019-07-05 13:52:06,658 - DEBUG - tty.usbmodem0006822145041: parsed_packet {event: CmdRsp, data: {'opcode': 151, 'status': 129, 'data': bytearray(b'')}}
2019-07-05 13:52:06,658 - ERROR - tty.usbmodem0006822145041: AppkeyAdd: ERROR_INTERNAL
2019-07-05 13:52:06,659 - DEBUG - tty.usbmodem0006822145041: RX: 03849781
2019-07-05 13:52:06,659 - DEBUG - tty.usbmodem0006822145041: parsed_packet {event: CmdRsp, data: {'opcode': 151, 'status': 129, 'data': bytearray(b'')}}
2019-07-05 13:52:06,659 - ERROR - tty.usbmodem0006822145041: AppkeyAdd: ERROR_INTERNAL
2019-07-05 13:52:14,968 - DEBUG - tty.usbmodem0006822145041: Writing: 97 bytearray(b'')
2019-07-05 13:52:14,969 - DEBUG - tty.usbmodem0006822145041: TX: 0161
2019-07-05 13:52:14,970 - DEBUG - tty.usbmodem0006822145041: RX: 03846183
2019-07-05 13:52:14,970 - DEBUG - tty.usbmodem0006822145041: parsed_packet {event: CmdRsp, data: {'opcode': 97, 'status': 131, 'data': bytearray(b'')}}
2019-07-05 13:52:14,971 - ERROR - tty.usbmodem0006822145041: None: ERROR_INVALID_STATE
