2019-07-09 13:04:59,264 - DEBUG - tty.usbmodem0006822145041: Writing: 105 bytearray(b'mW\xd2\xbfEq\x8354\xc6\xf1j)v\x0e\r\x8dP\xc4o\x83\xbcSO\xcc\x7f\xcd\xe0*\x10\xb4\xc1P\x1e\x85j\x82\x88\xce8\x91\x1b\xbdE\xa0{;,\xf1\x08\xf7\x9b{\x1f\xd8\xd2\x1c\xc1)\xdc\xc8\x16\x15\xb4x\xfd\x1d\xc2\xca\xd4\x93@\r\xa2~\xd5_e\xbby\x162\x92v:a\xed\xfacY\xc9\xc0\xa6\xae=\x91')
2019-07-09 13:04:59,264 - DEBUG - tty.usbmodem0006822145041: TX: 61696d57d2bf4571833534c6f16a29760e0d8d50c46f83bc534fcc7fcde02a10b4c1501e856a8288ce38911bbd45a07b3b2cf108f79b7b1fd8d21cc129dcc81615b478fd1dc2cad493400da27ed55f65bb79163292763a61edfa6359c9c0a6ae3d91
2019-07-09 13:04:59,274 - DEBUG - tty.usbmodem0006822145041: RX: 03845384
2019-07-09 13:04:59,275 - DEBUG - tty.usbmodem0006822145041: parsed_packet {event: CmdRsp, data: {'opcode': 83, 'status': 132, 'data': bytearray(b'')}}
2019-07-09 13:04:59,276 - ERROR - tty.usbmodem0006822145041: None: ERROR_INVALID_LENGTH
2019-07-09 13:04:59,276 - DEBUG - tty.usbmodem0006822145041: Writing: 159 bytearray(b'\x01\x00\x01\x00')
2019-07-09 13:04:59,276 - DEBUG - tty.usbmodem0006822145041: TX: 059f01000100
2019-07-09 13:04:59,277 - DEBUG - tty.usbmodem0006822145041: RX: 03840084
2019-07-09 13:04:59,277 - DEBUG - tty.usbmodem0006822145041: parsed_packet {event: CmdRsp, data: {'opcode': 0, 'status': 132, 'data': bytearray(b'')}}
2019-07-09 13:04:59,277 - ERROR - tty.usbmodem0006822145041: None: ERROR_INVALID_LENGTH
2019-07-09 13:04:59,277 - DEBUG - tty.usbmodem0006822145041: Writing: 146 bytearray(b'\x00\x00\x18\xee\xd9\xc2\xa5j\xdd\x85\x04\x9f\xfc<Y\xad\x0e\x12')
2019-07-09 13:04:59,278 - DEBUG - tty.usbmodem0006822145041: TX: 1392000018eed9c2a56add85049ffc3c59ad0e12
2019-07-09 13:04:59,278 - DEBUG - tty.usbmodem0006822145041: RX: 03840084
2019-07-09 13:04:59,279 - DEBUG - tty.usbmodem0006822145041: parsed_packet {event: CmdRsp, data: {'opcode': 0, 'status': 132, 'data': bytearray(b'')}}
2019-07-09 13:04:59,279 - ERROR - tty.usbmodem0006822145041: None: ERROR_INVALID_LENGTH
2019-07-09 13:04:59,279 - DEBUG - tty.usbmodem0006822145041: Writing: 151 bytearray(b'\x00\x00\x00\x00Oh\xad\x85\xd9\xf4\x8a\xc8X\x9d\xf6e\xb6\xb4\x9b\x8a')
2019-07-09 13:04:59,279 - DEBUG - tty.usbmodem0006822145041: TX: 1597000000004f68ad85d9f48ac8589df665b6b49b8a
2019-07-09 13:04:59,279 - DEBUG - tty.usbmodem0006822145041: RX: 03840084
2019-07-09 13:04:59,280 - DEBUG - tty.usbmodem0006822145041: parsed_packet {event: CmdRsp, data: {'opcode': 0, 'status': 132, 'data': bytearray(b'')}}
2019-07-09 13:04:59,280 - ERROR - tty.usbmodem0006822145041: None: ERROR_INVALID_LENGTH
2019-07-09 13:04:59,280 - DEBUG - tty.usbmodem0006822145041: Writing: 151 bytearray(b'\x01\x00\x00\x00*\xa2\xa6\xde\xd5\xa0y\x8c\xea\xb5x|\xa3\xae9\xfc')
2019-07-09 13:04:59,280 - DEBUG - tty.usbmodem0006822145041: TX: 1597010000002aa2a6ded5a0798ceab5787ca3ae39fc
2019-07-09 13:04:59,280 - DEBUG - tty.usbmodem0006822145041: RX: 03840084
2019-07-09 13:04:59,280 - DEBUG - tty.usbmodem0006822145041: parsed_packet {event: CmdRsp, data: {'opcode': 0, 'status': 132, 'data': bytearray(b'')}}
2019-07-09 13:04:59,280 - ERROR - tty.usbmodem0006822145041: None: ERROR_INVALID_LENGTH
2019-07-09 13:04:59,281 - DEBUG - tty.usbmodem0006822145041: Writing: 164 bytearray(b'\x10\x00')
2019-07-09 13:04:59,281 - DEBUG - tty.usbmodem0006822145041: TX: 03a41000
2019-07-09 13:04:59,281 - DEBUG - tty.usbmodem0006822145041: RX: 03840084
2019-07-09 13:04:59,281 - DEBUG - tty.usbmodem0006822145041: parsed_packet {event: CmdRsp, data: {'opcode': 0, 'status': 132, 'data': bytearray(b'')}}
2019-07-09 13:04:59,282 - ERROR - tty.usbmodem0006822145041: None: ERROR_INVALID_LENGTH
2019-07-09 13:04:59,282 - DEBUG - tty.usbmodem0006822145041: RX: 03840084
2019-07-09 13:04:59,282 - DEBUG - tty.usbmodem0006822145041: parsed_packet {event: CmdRsp, data: {'opcode': 0, 'status': 132, 'data': bytearray(b'')}}
2019-07-09 13:04:59,282 - ERROR - tty.usbmodem0006822145041: None: ERROR_INVALID_LENGTH
2019-07-09 13:04:59,282 - DEBUG - tty.usbmodem0006822145041: RX: 03840084
2019-07-09 13:04:59,283 - DEBUG - tty.usbmodem0006822145041: parsed_packet {event: CmdRsp, data: {'opcode': 0, 'status': 132, 'data': bytearray(b'')}}
2019-07-09 13:04:59,283 - ERROR - tty.usbmodem0006822145041: None: ERROR_INVALID_LENGTH
2019-07-09 13:04:59,283 - DEBUG - tty.usbmodem0006822145041: RX: 03840084
2019-07-09 13:04:59,283 - DEBUG - tty.usbmodem0006822145041: parsed_packet {event: CmdRsp, data: {'opcode': 0, 'status': 132, 'data': bytearray(b'')}}
2019-07-09 13:04:59,283 - ERROR - tty.usbmodem0006822145041: None: ERROR_INVALID_LENGTH
2019-07-09 13:04:59,283 - DEBUG - tty.usbmodem0006822145041: RX: 03840084
2019-07-09 13:04:59,283 - DEBUG - tty.usbmodem0006822145041: parsed_packet {event: CmdRsp, data: {'opcode': 0, 'status': 132, 'data': bytearray(b'')}}
2019-07-09 13:04:59,283 - ERROR - tty.usbmodem0006822145041: None: ERROR_INVALID_LENGTH
2019-07-09 13:04:59,284 - DEBUG - tty.usbmodem0006822145041: RX: 03840084
2019-07-09 13:04:59,284 - DEBUG - tty.usbmodem0006822145041: parsed_packet {event: CmdRsp, data: {'opcode': 0, 'status': 132, 'data': bytearray(b'')}}
2019-07-09 13:04:59,297 - ERROR - tty.usbmodem0006822145041: None: ERROR_INVALID_LENGTH
2019-07-09 13:04:59,298 - DEBUG - tty.usbmodem0006822145041: RX: 03840084
2019-07-09 13:04:59,298 - DEBUG - tty.usbmodem0006822145041: parsed_packet {event: CmdRsp, data: {'opcode': 0, 'status': 132, 'data': bytearray(b'')}}
2019-07-09 13:04:59,298 - ERROR - tty.usbmodem0006822145041: None: ERROR_INVALID_LENGTH
2019-07-09 13:04:59,298 - DEBUG - tty.usbmodem0006822145041: RX: 03840084
2019-07-09 13:04:59,299 - DEBUG - tty.usbmodem0006822145041: parsed_packet {event: CmdRsp, data: {'opcode': 0, 'status': 132, 'data': bytearray(b'')}}
2019-07-09 13:04:59,299 - ERROR - tty.usbmodem0006822145041: None: ERROR_INVALID_LENGTH
2019-07-09 13:04:59,299 - DEBUG - tty.usbmodem0006822145041: RX: 03849f8e
2019-07-09 13:04:59,299 - DEBUG - tty.usbmodem0006822145041: parsed_packet {event: CmdRsp, data: {'opcode': 159, 'status': 142, 'data': bytearray(b'')}}
2019-07-09 13:04:59,299 - ERROR - tty.usbmodem0006822145041: None: ERROR_REJECTED
2019-07-09 13:04:59,300 - DEBUG - tty.usbmodem0006822145041: RX: 03849281
2019-07-09 13:04:59,300 - DEBUG - tty.usbmodem0006822145041: parsed_packet {event: CmdRsp, data: {'opcode': 146, 'status': 129, 'data': bytearray(b'')}}
2019-07-09 13:04:59,300 - ERROR - tty.usbmodem0006822145041: SubnetAdd: ERROR_INTERNAL
2019-07-09 13:04:59,300 - DEBUG - tty.usbmodem0006822145041: RX: 03849781
2019-07-09 13:04:59,301 - DEBUG - tty.usbmodem0006822145041: parsed_packet {event: CmdRsp, data: {'opcode': 151, 'status': 129, 'data': bytearray(b'')}}
2019-07-09 13:04:59,301 - ERROR - tty.usbmodem0006822145041: AppkeyAdd: ERROR_INTERNAL
2019-07-09 13:04:59,301 - DEBUG - tty.usbmodem0006822145041: RX: 03849781
2019-07-09 13:04:59,301 - DEBUG - tty.usbmodem0006822145041: parsed_packet {event: CmdRsp, data: {'opcode': 151, 'status': 129, 'data': bytearray(b'')}}
2019-07-09 13:04:59,301 - ERROR - tty.usbmodem0006822145041: AppkeyAdd: ERROR_INTERNAL
2019-07-09 13:04:59,312 - DEBUG - tty.usbmodem0006822145041: RX: 0584a4000000
2019-07-09 13:04:59,312 - DEBUG - tty.usbmodem0006822145041: parsed_packet {event: CmdRsp, data: {'opcode': 164, 'status': 0, 'data': bytearray(b'\x00\x00')}}
2019-07-09 13:04:59,313 - INFO - tty.usbmodem0006822145041: AddrPublicationAdd: {'address_handle': 0}
2019-07-09 13:04:59,313 - ERROR - tty.usbmodem0006822145041: Error storing address handle: pop from empty list
2019-07-09 13:05:00,268 - DEBUG - tty.usbmodem0006822145041: Writing: 161 bytearray(b'\x01\xc0')
2019-07-09 13:05:00,268 - DEBUG - tty.usbmodem0006822145041: TX: 03a101c0
2019-07-09 13:05:00,271 - DEBUG - tty.usbmodem0006822145041: RX: 0584a1000100
2019-07-09 13:05:00,271 - DEBUG - tty.usbmodem0006822145041: parsed_packet {event: CmdRsp, data: {'opcode': 161, 'status': 0, 'data': bytearray(b'\x01\x00')}}
2019-07-09 13:05:00,271 - INFO - tty.usbmodem0006822145041: AddrSubscriptionAdd: {'address_handle': 1}
2019-07-09 13:05:00,271 - ERROR - tty.usbmodem0006822145041: Error storing address handle: pop from empty list
2019-07-09 13:05:01,270 - DEBUG - tty.usbmodem0006822145041: Writing: 164 bytearray(b'\x11\x00')
2019-07-09 13:05:01,270 - DEBUG - tty.usbmodem0006822145041: TX: 03a41100
2019-07-09 13:05:01,272 - DEBUG - tty.usbmodem0006822145041: RX: 0584a4000200
2019-07-09 13:05:01,272 - DEBUG - tty.usbmodem0006822145041: parsed_packet {event: CmdRsp, data: {'opcode': 164, 'status': 0, 'data': bytearray(b'\x02\x00')}}
2019-07-09 13:05:01,272 - INFO - tty.usbmodem0006822145041: AddrPublicationAdd: {'address_handle': 2}
2019-07-09 13:05:01,272 - ERROR - tty.usbmodem0006822145041: Error storing address handle: pop from empty list
2019-07-09 13:05:02,275 - DEBUG - tty.usbmodem0006822145041: Writing: 164 bytearray(b'\x12\x00')
2019-07-09 13:05:02,277 - DEBUG - tty.usbmodem0006822145041: TX: 03a41200
2019-07-09 13:05:02,279 - DEBUG - tty.usbmodem0006822145041: RX: 0584a4000300
2019-07-09 13:05:02,279 - DEBUG - tty.usbmodem0006822145041: parsed_packet {event: CmdRsp, data: {'opcode': 164, 'status': 0, 'data': bytearray(b'\x03\x00')}}
2019-07-09 13:05:02,280 - INFO - tty.usbmodem0006822145041: AddrPublicationAdd: {'address_handle': 3}
2019-07-09 13:05:02,280 - ERROR - tty.usbmodem0006822145041: Error storing address handle: pop from empty list
2019-07-09 13:05:03,279 - DEBUG - tty.usbmodem0006822145041: Writing: 164 bytearray(b'\x13\x00')
2019-07-09 13:05:03,279 - DEBUG - tty.usbmodem0006822145041: TX: 03a41300
2019-07-09 13:05:03,281 - DEBUG - tty.usbmodem0006822145041: RX: 0584a4000400
2019-07-09 13:05:03,282 - DEBUG - tty.usbmodem0006822145041: parsed_packet {event: CmdRsp, data: {'opcode': 164, 'status': 0, 'data': bytearray(b'\x04\x00')}}
2019-07-09 13:05:03,282 - INFO - tty.usbmodem0006822145041: AddrPublicationAdd: {'address_handle': 4}
2019-07-09 13:05:03,282 - ERROR - tty.usbmodem0006822145041: Error storing address handle: pop from empty list
2019-07-09 13:05:04,281 - DEBUG - tty.usbmodem0006822145041: Writing: 164 bytearray(b'\x14\x00')
2019-07-09 13:05:04,281 - DEBUG - tty.usbmodem0006822145041: TX: 03a41400
2019-07-09 13:05:04,283 - DEBUG - tty.usbmodem0006822145041: RX: 0584a4000500
2019-07-09 13:05:04,283 - DEBUG - tty.usbmodem0006822145041: parsed_packet {event: CmdRsp, data: {'opcode': 164, 'status': 0, 'data': bytearray(b'\x05\x00')}}
2019-07-09 13:05:04,283 - INFO - tty.usbmodem0006822145041: AddrPublicationAdd: {'address_handle': 5}
2019-07-09 13:05:04,283 - ERROR - tty.usbmodem0006822145041: Error storing address handle: pop from empty list
2019-07-09 13:05:05,282 - DEBUG - tty.usbmodem0006822145041: Writing: 164 bytearray(b'\x15\x00')
2019-07-09 13:05:05,282 - DEBUG - tty.usbmodem0006822145041: TX: 03a41500
2019-07-09 13:05:05,284 - DEBUG - tty.usbmodem0006822145041: RX: 0584a4000600
2019-07-09 13:05:05,285 - DEBUG - tty.usbmodem0006822145041: parsed_packet {event: CmdRsp, data: {'opcode': 164, 'status': 0, 'data': bytearray(b'\x06\x00')}}
2019-07-09 13:05:05,285 - INFO - tty.usbmodem0006822145041: AddrPublicationAdd: {'address_handle': 6}
2019-07-09 13:05:05,285 - ERROR - tty.usbmodem0006822145041: Error storing address handle: pop from empty list
2019-07-09 13:05:06,282 - DEBUG - tty.usbmodem0006822145041: Writing: 164 bytearray(b'\x16\x00')
2019-07-09 13:05:06,282 - DEBUG - tty.usbmodem0006822145041: TX: 03a41600
2019-07-09 13:05:06,285 - DEBUG - tty.usbmodem0006822145041: RX: 0584a4000700
2019-07-09 13:05:06,285 - DEBUG - tty.usbmodem0006822145041: parsed_packet {event: CmdRsp, data: {'opcode': 164, 'status': 0, 'data': bytearray(b'\x07\x00')}}
2019-07-09 13:05:06,285 - INFO - tty.usbmodem0006822145041: AddrPublicationAdd: {'address_handle': 7}
2019-07-09 13:05:06,285 - ERROR - tty.usbmodem0006822145041: Error storing address handle: pop from empty list
2019-07-09 13:05:07,283 - DEBUG - tty.usbmodem0006822145041: Writing: 164 bytearray(b'\x17\x00')
2019-07-09 13:05:07,283 - DEBUG - tty.usbmodem0006822145041: TX: 03a41700
2019-07-09 13:05:07,286 - DEBUG - tty.usbmodem0006822145041: RX: 0584a4000800
2019-07-09 13:05:07,286 - DEBUG - tty.usbmodem0006822145041: parsed_packet {event: CmdRsp, data: {'opcode': 164, 'status': 0, 'data': bytearray(b'\x08\x00')}}
2019-07-09 13:05:07,286 - INFO - tty.usbmodem0006822145041: AddrPublicationAdd: {'address_handle': 8}
2019-07-09 13:05:07,286 - ERROR - tty.usbmodem0006822145041: Error storing address handle: pop from empty list
2019-07-09 13:05:08,283 - DEBUG - tty.usbmodem0006822145041: Writing: 164 bytearray(b'\x18\x00')
2019-07-09 13:05:08,284 - DEBUG - tty.usbmodem0006822145041: TX: 03a41800
2019-07-09 13:05:08,285 - DEBUG - tty.usbmodem0006822145041: RX: 0584a4000900
2019-07-09 13:05:08,286 - DEBUG - tty.usbmodem0006822145041: parsed_packet {event: CmdRsp, data: {'opcode': 164, 'status': 0, 'data': bytearray(b'\t\x00')}}
2019-07-09 13:05:08,286 - INFO - tty.usbmodem0006822145041: AddrPublicationAdd: {'address_handle': 9}
2019-07-09 13:05:08,286 - ERROR - tty.usbmodem0006822145041: Error storing address handle: pop from empty list
2019-07-09 13:05:09,283 - DEBUG - tty.usbmodem0006822145041: Writing: 164 bytearray(b'\x19\x00')
2019-07-09 13:05:09,284 - DEBUG - tty.usbmodem0006822145041: TX: 03a41900
2019-07-09 13:05:09,286 - DEBUG - tty.usbmodem0006822145041: RX: 0584a4000a00
2019-07-09 13:05:09,286 - DEBUG - tty.usbmodem0006822145041: parsed_packet {event: CmdRsp, data: {'opcode': 164, 'status': 0, 'data': bytearray(b'\n\x00')}}
2019-07-09 13:05:09,286 - INFO - tty.usbmodem0006822145041: AddrPublicationAdd: {'address_handle': 10}
2019-07-09 13:05:09,286 - ERROR - tty.usbmodem0006822145041: Error storing address handle: pop from empty list
2019-07-09 13:05:10,287 - DEBUG - tty.usbmodem0006822145041: Writing: 164 bytearray(b'\x1a\x00')
2019-07-09 13:05:10,288 - DEBUG - tty.usbmodem0006822145041: TX: 03a41a00
2019-07-09 13:05:10,290 - DEBUG - tty.usbmodem0006822145041: RX: 0584a4000b00
2019-07-09 13:05:10,290 - DEBUG - tty.usbmodem0006822145041: parsed_packet {event: CmdRsp, data: {'opcode': 164, 'status': 0, 'data': bytearray(b'\x0b\x00')}}
2019-07-09 13:05:10,290 - INFO - tty.usbmodem0006822145041: AddrPublicationAdd: {'address_handle': 11}
2019-07-09 13:05:10,290 - ERROR - tty.usbmodem0006822145041: Error storing address handle: pop from empty list
2019-07-09 13:05:11,288 - DEBUG - tty.usbmodem0006822145041: Writing: 164 bytearray(b'\x1b\x00')
2019-07-09 13:05:11,288 - DEBUG - tty.usbmodem0006822145041: TX: 03a41b00
2019-07-09 13:05:11,291 - DEBUG - tty.usbmodem0006822145041: RX: 0584a4000c00
2019-07-09 13:05:11,291 - DEBUG - tty.usbmodem0006822145041: parsed_packet {event: CmdRsp, data: {'opcode': 164, 'status': 0, 'data': bytearray(b'\x0c\x00')}}
2019-07-09 13:05:11,291 - INFO - tty.usbmodem0006822145041: AddrPublicationAdd: {'address_handle': 12}
2019-07-09 13:05:11,291 - ERROR - tty.usbmodem0006822145041: Error storing address handle: pop from empty list
2019-07-09 13:05:12,289 - DEBUG - tty.usbmodem0006822145041: Writing: 164 bytearray(b'\x1c\x00')
2019-07-09 13:05:12,289 - DEBUG - tty.usbmodem0006822145041: TX: 03a41c00
2019-07-09 13:05:12,292 - DEBUG - tty.usbmodem0006822145041: RX: 0584a4000d00
2019-07-09 13:05:12,292 - DEBUG - tty.usbmodem0006822145041: parsed_packet {event: CmdRsp, data: {'opcode': 164, 'status': 0, 'data': bytearray(b'\r\x00')}}
2019-07-09 13:05:12,292 - INFO - tty.usbmodem0006822145041: AddrPublicationAdd: {'address_handle': 13}
2019-07-09 13:05:12,292 - ERROR - tty.usbmodem0006822145041: Error storing address handle: pop from empty list
2019-07-09 13:05:13,291 - DEBUG - tty.usbmodem0006822145041: Writing: 164 bytearray(b'\x1d\x00')
2019-07-09 13:05:13,292 - DEBUG - tty.usbmodem0006822145041: TX: 03a41d00
2019-07-09 13:05:13,294 - DEBUG - tty.usbmodem0006822145041: RX: 0584a4000e00
2019-07-09 13:05:13,294 - DEBUG - tty.usbmodem0006822145041: parsed_packet {event: CmdRsp, data: {'opcode': 164, 'status': 0, 'data': bytearray(b'\x0e\x00')}}
2019-07-09 13:05:13,294 - INFO - tty.usbmodem0006822145041: AddrPublicationAdd: {'address_handle': 14}
2019-07-09 13:05:13,294 - ERROR - tty.usbmodem0006822145041: Error storing address handle: pop from empty list
2019-07-09 13:05:26,269 - DEBUG - tty.usbmodem0006822145041.GenericOnOffClient: Sending opcode: 8202, data: 0000
2019-07-09 13:05:26,278 - DEBUG - tty.usbmodem0006822145041: Writing: 171 bytearray(b'\x00\x00\x01\x00\t\x00\x08\x00\x00\x00\x82\x02\x00\x00')
2019-07-09 13:05:26,278 - DEBUG - tty.usbmodem0006822145041: TX: 0fab0000010009000800000082020000
2019-07-09 13:05:26,285 - DEBUG - tty.usbmodem0006822145041: RX: 0784ab0003000000
2019-07-09 13:05:26,286 - DEBUG - tty.usbmodem0006822145041: parsed_packet {event: CmdRsp, data: {'opcode': 171, 'status': 0, 'data': bytearray(b'\x03\x00\x00\x00')}}
2019-07-09 13:05:26,286 - INFO - tty.usbmodem0006822145041: PacketSend: {'token': 3}
2019-07-09 13:05:26,288 - DEBUG - tty.usbmodem0006822145041: RX: 05d203000000
2019-07-09 13:05:26,288 - DEBUG - tty.usbmodem0006822145041: parsed_packet {event: MeshTxComplete, data: {'token': 3}}
2019-07-09 13:05:26,288 - INFO - tty.usbmodem0006822145041: {event: MeshTxComplete, data: {'token': 3}}
2019-07-09 13:05:37,942 - DEBUG - tty.usbmodem0006822145041.GenericOnOffClient: Sending opcode: 8202, data: 0001
2019-07-09 13:05:37,942 - DEBUG - tty.usbmodem0006822145041: Writing: 171 bytearray(b'\x00\x00\x01\x00\t\x00\x08\x00\x00\x00\x82\x02\x00\x01')
2019-07-09 13:05:37,947 - DEBUG - tty.usbmodem0006822145041: TX: 0fab0000010009000800000082020001
2019-07-09 13:05:37,952 - DEBUG - tty.usbmodem0006822145041: RX: 0784ab0004000000
2019-07-09 13:05:37,952 - DEBUG - tty.usbmodem0006822145041: parsed_packet {event: CmdRsp, data: {'opcode': 171, 'status': 0, 'data': bytearray(b'\x04\x00\x00\x00')}}
2019-07-09 13:05:37,952 - INFO - tty.usbmodem0006822145041: PacketSend: {'token': 4}
2019-07-09 13:05:37,957 - DEBUG - tty.usbmodem0006822145041: RX: 05d204000000
2019-07-09 13:05:37,957 - DEBUG - tty.usbmodem0006822145041: parsed_packet {event: MeshTxComplete, data: {'token': 4}}
2019-07-09 13:05:37,958 - INFO - tty.usbmodem0006822145041: {event: MeshTxComplete, data: {'token': 4}}
2019-07-09 13:06:17,256 - DEBUG - tty.usbmodem0006822145041.GenericOnOffClient: Sending opcode: 8202, data: 0002
2019-07-09 13:06:17,256 - DEBUG - tty.usbmodem0006822145041: Writing: 171 bytearray(b'\x00\x00\x01\x00\t\x00\x08\x00\x00\x00\x82\x02\x00\x02')
2019-07-09 13:06:17,257 - DEBUG - tty.usbmodem0006822145041: TX: 0fab0000010009000800000082020002
2019-07-09 13:06:17,263 - DEBUG - tty.usbmodem0006822145041: RX: 0784ab0005000000
2019-07-09 13:06:17,263 - DEBUG - tty.usbmodem0006822145041: parsed_packet {event: CmdRsp, data: {'opcode': 171, 'status': 0, 'data': bytearray(b'\x05\x00\x00\x00')}}
2019-07-09 13:06:17,263 - INFO - tty.usbmodem0006822145041: PacketSend: {'token': 5}
2019-07-09 13:06:17,281 - DEBUG - tty.usbmodem0006822145041: RX: 05d205000000
2019-07-09 13:06:17,281 - DEBUG - tty.usbmodem0006822145041: parsed_packet {event: MeshTxComplete, data: {'token': 5}}
2019-07-09 13:06:17,281 - INFO - tty.usbmodem0006822145041: {event: MeshTxComplete, data: {'token': 5}}
2019-07-09 13:34:04,616 - DEBUG - tty.usbmodem0006822145041.GenericOnOffClient: Sending opcode: 8202, data: 0004
2019-07-09 13:34:04,620 - DEBUG - tty.usbmodem0006822145041: Writing: 171 bytearray(b'\x00\x00\x01\x00\t\x00\x08\x00\x00\x00\x82\x02\x00\x04')
2019-07-09 13:34:04,622 - DEBUG - tty.usbmodem0006822145041: TX: 0fab0000010009000800000082020004
2019-07-09 13:34:04,631 - DEBUG - tty.usbmodem0006822145041: RX: 0784ab0006000000
2019-07-09 13:34:04,631 - DEBUG - tty.usbmodem0006822145041: parsed_packet {event: CmdRsp, data: {'opcode': 171, 'status': 0, 'data': bytearray(b'\x06\x00\x00\x00')}}
2019-07-09 13:34:04,631 - INFO - tty.usbmodem0006822145041: PacketSend: {'token': 6}
2019-07-09 13:34:04,632 - DEBUG - tty.usbmodem0006822145041: RX: 05d206000000
2019-07-09 13:34:04,632 - DEBUG - tty.usbmodem0006822145041: parsed_packet {event: MeshTxComplete, data: {'token': 6}}
2019-07-09 13:34:04,632 - INFO - tty.usbmodem0006822145041: {event: MeshTxComplete, data: {'token': 6}}
2019-07-09 13:37:36,368 - DEBUG - tty.usbmodem0006822145041: exited read event
