2019-06-12 15:18:15,640 - DEBUG - tty.usbmodem0006822145041: TX: 6169669f8cff8eb20dd69973728072a6cb7c931459abaed36bd166e9a2d6df8b2ec3f959bae51fde04a9dd5a8d4688488c4d09397e5501aa97abec728d54eb5a5d511dbfb9992228779d43ecb7d65b0de1faa9007c9a65ce7a8a0ace1816eefee190
2019-06-12 15:18:15,654 - DEBUG - tty.usbmodem0006822145041: RX: 03845384
2019-06-12 15:18:15,654 - DEBUG - tty.usbmodem0006822145041: parsed_packet {event: CmdRsp, data: {'opcode': 83, 'status': 132, 'data': bytearray(b'')}}
2019-06-12 15:18:15,655 - DEBUG - tty.usbmodem0006822145041: TX: 059f01000100
2019-06-12 15:18:15,655 - ERROR - tty.usbmodem0006822145041: Exception in pkt handler <bound method Access.__event_handler of <mesh.access.Access object at 0x105495048>>
2019-06-12 15:18:15,657 - ERROR - tty.usbmodem0006822145041: traceback: Traceback (most recent call last):
  File "/Users/Tim-Mac/msc/bm-control/dev/nrf5SDKforMeshv310src/scripts/interactive_pyaci/aci/aci_uart.py", line 88, in process_packet
    fun(packet)
  File "/Users/Tim-Mac/msc/bm-control/dev/nrf5SDKforMeshv310src/scripts/interactive_pyaci/mesh/access.py", line 211, in __event_handler
    message = AccessMessage(event)
  File "/Users/Tim-Mac/msc/bm-control/dev/nrf5SDKforMeshv310src/scripts/interactive_pyaci/mesh/access.py", line 116, in __init__
    self.opcode_raw = opcode_from_message_get(event._data["data"])
  File "/Users/Tim-Mac/msc/bm-control/dev/nrf5SDKforMeshv310src/scripts/interactive_pyaci/mesh/access.py", line 101, in opcode_from_message_get
    format_bits = (data[0] & Opcode.FORMAT_MASK)
IndexError: bytearray index out of range

2019-06-12 15:18:15,657 - ERROR - tty.usbmodem0006822145041: None: ERROR_INVALID_LENGTH
2019-06-12 15:18:15,657 - DEBUG - tty.usbmodem0006822145041: RX: 03840084
2019-06-12 15:18:15,658 - DEBUG - tty.usbmodem0006822145041: parsed_packet {event: CmdRsp, data: {'opcode': 0, 'status': 132, 'data': bytearray(b'')}}
2019-06-12 15:18:15,658 - DEBUG - tty.usbmodem0006822145041: TX: 1392000018eed9c2a56add85049ffc3c59ad0e12
2019-06-12 15:18:15,658 - ERROR - tty.usbmodem0006822145041: Exception in pkt handler <bound method Access.__event_handler of <mesh.access.Access object at 0x105495048>>
2019-06-12 15:18:15,660 - ERROR - tty.usbmodem0006822145041: traceback: Traceback (most recent call last):
  File "/Users/Tim-Mac/msc/bm-control/dev/nrf5SDKforMeshv310src/scripts/interactive_pyaci/aci/aci_uart.py", line 88, in process_packet
    fun(packet)
  File "/Users/Tim-Mac/msc/bm-control/dev/nrf5SDKforMeshv310src/scripts/interactive_pyaci/mesh/access.py", line 211, in __event_handler
    message = AccessMessage(event)
  File "/Users/Tim-Mac/msc/bm-control/dev/nrf5SDKforMeshv310src/scripts/interactive_pyaci/mesh/access.py", line 116, in __init__
    self.opcode_raw = opcode_from_message_get(event._data["data"])
  File "/Users/Tim-Mac/msc/bm-control/dev/nrf5SDKforMeshv310src/scripts/interactive_pyaci/mesh/access.py", line 101, in opcode_from_message_get
    format_bits = (data[0] & Opcode.FORMAT_MASK)
IndexError: bytearray index out of range

2019-06-12 15:18:15,660 - ERROR - tty.usbmodem0006822145041: None: ERROR_INVALID_LENGTH
2019-06-12 15:18:15,661 - DEBUG - tty.usbmodem0006822145041: RX: 03840084
2019-06-12 15:18:15,661 - DEBUG - tty.usbmodem0006822145041: parsed_packet {event: CmdRsp, data: {'opcode': 0, 'status': 132, 'data': bytearray(b'')}}
2019-06-12 15:18:15,661 - DEBUG - tty.usbmodem0006822145041: TX: 1597000000004f68ad85d9f48ac8589df665b6b49b8a
2019-06-12 15:18:15,661 - ERROR - tty.usbmodem0006822145041: Exception in pkt handler <bound method Access.__event_handler of <mesh.access.Access object at 0x105495048>>
2019-06-12 15:18:15,661 - ERROR - tty.usbmodem0006822145041: traceback: Traceback (most recent call last):
  File "/Users/Tim-Mac/msc/bm-control/dev/nrf5SDKforMeshv310src/scripts/interactive_pyaci/aci/aci_uart.py", line 88, in process_packet
    fun(packet)
  File "/Users/Tim-Mac/msc/bm-control/dev/nrf5SDKforMeshv310src/scripts/interactive_pyaci/mesh/access.py", line 211, in __event_handler
    message = AccessMessage(event)
  File "/Users/Tim-Mac/msc/bm-control/dev/nrf5SDKforMeshv310src/scripts/interactive_pyaci/mesh/access.py", line 116, in __init__
    self.opcode_raw = opcode_from_message_get(event._data["data"])
  File "/Users/Tim-Mac/msc/bm-control/dev/nrf5SDKforMeshv310src/scripts/interactive_pyaci/mesh/access.py", line 101, in opcode_from_message_get
    format_bits = (data[0] & Opcode.FORMAT_MASK)
IndexError: bytearray index out of range

2019-06-12 15:18:15,662 - ERROR - tty.usbmodem0006822145041: None: ERROR_INVALID_LENGTH
2019-06-12 15:18:15,662 - DEBUG - tty.usbmodem0006822145041: RX: 03840084
2019-06-12 15:18:15,662 - DEBUG - tty.usbmodem0006822145041: parsed_packet {event: CmdRsp, data: {'opcode': 0, 'status': 132, 'data': bytearray(b'')}}
2019-06-12 15:18:15,662 - DEBUG - tty.usbmodem0006822145041: TX: 1597010000002aa2a6ded5a0798ceab5787ca3ae39fc
2019-06-12 15:18:15,662 - ERROR - tty.usbmodem0006822145041: Exception in pkt handler <bound method Access.__event_handler of <mesh.access.Access object at 0x105495048>>
2019-06-12 15:18:15,663 - ERROR - tty.usbmodem0006822145041: traceback: Traceback (most recent call last):
  File "/Users/Tim-Mac/msc/bm-control/dev/nrf5SDKforMeshv310src/scripts/interactive_pyaci/aci/aci_uart.py", line 88, in process_packet
    fun(packet)
  File "/Users/Tim-Mac/msc/bm-control/dev/nrf5SDKforMeshv310src/scripts/interactive_pyaci/mesh/access.py", line 211, in __event_handler
    message = AccessMessage(event)
  File "/Users/Tim-Mac/msc/bm-control/dev/nrf5SDKforMeshv310src/scripts/interactive_pyaci/mesh/access.py", line 116, in __init__
    self.opcode_raw = opcode_from_message_get(event._data["data"])
  File "/Users/Tim-Mac/msc/bm-control/dev/nrf5SDKforMeshv310src/scripts/interactive_pyaci/mesh/access.py", line 101, in opcode_from_message_get
    format_bits = (data[0] & Opcode.FORMAT_MASK)
IndexError: bytearray index out of range

2019-06-12 15:18:15,663 - ERROR - tty.usbmodem0006822145041: None: ERROR_INVALID_LENGTH
2019-06-12 15:18:15,663 - DEBUG - tty.usbmodem0006822145041: RX: 03840084
2019-06-12 15:18:15,663 - DEBUG - tty.usbmodem0006822145041: parsed_packet {event: CmdRsp, data: {'opcode': 0, 'status': 132, 'data': bytearray(b'')}}
2019-06-12 15:18:15,663 - ERROR - tty.usbmodem0006822145041: Exception in pkt handler <bound method Access.__event_handler of <mesh.access.Access object at 0x105495048>>
2019-06-12 15:18:15,663 - ERROR - tty.usbmodem0006822145041: traceback: Traceback (most recent call last):
  File "/Users/Tim-Mac/msc/bm-control/dev/nrf5SDKforMeshv310src/scripts/interactive_pyaci/aci/aci_uart.py", line 88, in process_packet
    fun(packet)
  File "/Users/Tim-Mac/msc/bm-control/dev/nrf5SDKforMeshv310src/scripts/interactive_pyaci/mesh/access.py", line 211, in __event_handler
    message = AccessMessage(event)
  File "/Users/Tim-Mac/msc/bm-control/dev/nrf5SDKforMeshv310src/scripts/interactive_pyaci/mesh/access.py", line 116, in __init__
    self.opcode_raw = opcode_from_message_get(event._data["data"])
  File "/Users/Tim-Mac/msc/bm-control/dev/nrf5SDKforMeshv310src/scripts/interactive_pyaci/mesh/access.py", line 101, in opcode_from_message_get
    format_bits = (data[0] & Opcode.FORMAT_MASK)
IndexError: bytearray index out of range

2019-06-12 15:18:15,664 - ERROR - tty.usbmodem0006822145041: None: ERROR_INVALID_LENGTH
2019-06-12 15:18:15,664 - DEBUG - tty.usbmodem0006822145041: RX: 03840084
2019-06-12 15:18:15,664 - DEBUG - tty.usbmodem0006822145041: parsed_packet {event: CmdRsp, data: {'opcode': 0, 'status': 132, 'data': bytearray(b'')}}
2019-06-12 15:18:15,664 - ERROR - tty.usbmodem0006822145041: Exception in pkt handler <bound method Access.__event_handler of <mesh.access.Access object at 0x105495048>>
2019-06-12 15:18:15,664 - ERROR - tty.usbmodem0006822145041: traceback: Traceback (most recent call last):
  File "/Users/Tim-Mac/msc/bm-control/dev/nrf5SDKforMeshv310src/scripts/interactive_pyaci/aci/aci_uart.py", line 88, in process_packet
    fun(packet)
  File "/Users/Tim-Mac/msc/bm-control/dev/nrf5SDKforMeshv310src/scripts/interactive_pyaci/mesh/access.py", line 211, in __event_handler
    message = AccessMessage(event)
  File "/Users/Tim-Mac/msc/bm-control/dev/nrf5SDKforMeshv310src/scripts/interactive_pyaci/mesh/access.py", line 116, in __init__
    self.opcode_raw = opcode_from_message_get(event._data["data"])
  File "/Users/Tim-Mac/msc/bm-control/dev/nrf5SDKforMeshv310src/scripts/interactive_pyaci/mesh/access.py", line 101, in opcode_from_message_get
    format_bits = (data[0] & Opcode.FORMAT_MASK)
IndexError: bytearray index out of range

2019-06-12 15:18:15,664 - ERROR - tty.usbmodem0006822145041: None: ERROR_INVALID_LENGTH
2019-06-12 15:18:15,665 - DEBUG - tty.usbmodem0006822145041: RX: 03840084
2019-06-12 15:18:15,665 - DEBUG - tty.usbmodem0006822145041: parsed_packet {event: CmdRsp, data: {'opcode': 0, 'status': 132, 'data': bytearray(b'')}}
2019-06-12 15:18:15,665 - ERROR - tty.usbmodem0006822145041: Exception in pkt handler <bound method Access.__event_handler of <mesh.access.Access object at 0x105495048>>
2019-06-12 15:18:15,665 - ERROR - tty.usbmodem0006822145041: traceback: Traceback (most recent call last):
  File "/Users/Tim-Mac/msc/bm-control/dev/nrf5SDKforMeshv310src/scripts/interactive_pyaci/aci/aci_uart.py", line 88, in process_packet
    fun(packet)
  File "/Users/Tim-Mac/msc/bm-control/dev/nrf5SDKforMeshv310src/scripts/interactive_pyaci/mesh/access.py", line 211, in __event_handler
    message = AccessMessage(event)
  File "/Users/Tim-Mac/msc/bm-control/dev/nrf5SDKforMeshv310src/scripts/interactive_pyaci/mesh/access.py", line 116, in __init__
    self.opcode_raw = opcode_from_message_get(event._data["data"])
  File "/Users/Tim-Mac/msc/bm-control/dev/nrf5SDKforMeshv310src/scripts/interactive_pyaci/mesh/access.py", line 101, in opcode_from_message_get
    format_bits = (data[0] & Opcode.FORMAT_MASK)
IndexError: bytearray index out of range

2019-06-12 15:18:15,665 - ERROR - tty.usbmodem0006822145041: None: ERROR_INVALID_LENGTH
2019-06-12 15:18:15,665 - DEBUG - tty.usbmodem0006822145041: RX: 03840084
2019-06-12 15:18:15,665 - DEBUG - tty.usbmodem0006822145041: parsed_packet {event: CmdRsp, data: {'opcode': 0, 'status': 132, 'data': bytearray(b'')}}
2019-06-12 15:18:15,666 - ERROR - tty.usbmodem0006822145041: Exception in pkt handler <bound method Access.__event_handler of <mesh.access.Access object at 0x105495048>>
2019-06-12 15:18:15,666 - ERROR - tty.usbmodem0006822145041: traceback: Traceback (most recent call last):
  File "/Users/Tim-Mac/msc/bm-control/dev/nrf5SDKforMeshv310src/scripts/interactive_pyaci/aci/aci_uart.py", line 88, in process_packet
    fun(packet)
  File "/Users/Tim-Mac/msc/bm-control/dev/nrf5SDKforMeshv310src/scripts/interactive_pyaci/mesh/access.py", line 211, in __event_handler
    message = AccessMessage(event)
  File "/Users/Tim-Mac/msc/bm-control/dev/nrf5SDKforMeshv310src/scripts/interactive_pyaci/mesh/access.py", line 116, in __init__
    self.opcode_raw = opcode_from_message_get(event._data["data"])
  File "/Users/Tim-Mac/msc/bm-control/dev/nrf5SDKforMeshv310src/scripts/interactive_pyaci/mesh/access.py", line 101, in opcode_from_message_get
    format_bits = (data[0] & Opcode.FORMAT_MASK)
IndexError: bytearray index out of range

2019-06-12 15:18:15,666 - ERROR - tty.usbmodem0006822145041: None: ERROR_INVALID_LENGTH
2019-06-12 15:18:15,666 - DEBUG - tty.usbmodem0006822145041: RX: 03840084
2019-06-12 15:18:15,666 - DEBUG - tty.usbmodem0006822145041: parsed_packet {event: CmdRsp, data: {'opcode': 0, 'status': 132, 'data': bytearray(b'')}}
2019-06-12 15:18:15,666 - ERROR - tty.usbmodem0006822145041: Exception in pkt handler <bound method Access.__event_handler of <mesh.access.Access object at 0x105495048>>
2019-06-12 15:18:15,666 - ERROR - tty.usbmodem0006822145041: traceback: Traceback (most recent call last):
  File "/Users/Tim-Mac/msc/bm-control/dev/nrf5SDKforMeshv310src/scripts/interactive_pyaci/aci/aci_uart.py", line 88, in process_packet
    fun(packet)
  File "/Users/Tim-Mac/msc/bm-control/dev/nrf5SDKforMeshv310src/scripts/interactive_pyaci/mesh/access.py", line 211, in __event_handler
    message = AccessMessage(event)
  File "/Users/Tim-Mac/msc/bm-control/dev/nrf5SDKforMeshv310src/scripts/interactive_pyaci/mesh/access.py", line 116, in __init__
    self.opcode_raw = opcode_from_message_get(event._data["data"])
  File "/Users/Tim-Mac/msc/bm-control/dev/nrf5SDKforMeshv310src/scripts/interactive_pyaci/mesh/access.py", line 101, in opcode_from_message_get
    format_bits = (data[0] & Opcode.FORMAT_MASK)
IndexError: bytearray index out of range

2019-06-12 15:18:15,667 - ERROR - tty.usbmodem0006822145041: None: ERROR_INVALID_LENGTH
2019-06-12 15:18:15,667 - DEBUG - tty.usbmodem0006822145041: RX: 03840084
2019-06-12 15:18:15,667 - DEBUG - tty.usbmodem0006822145041: parsed_packet {event: CmdRsp, data: {'opcode': 0, 'status': 132, 'data': bytearray(b'')}}
2019-06-12 15:18:15,667 - ERROR - tty.usbmodem0006822145041: Exception in pkt handler <bound method Access.__event_handler of <mesh.access.Access object at 0x105495048>>
2019-06-12 15:18:15,667 - ERROR - tty.usbmodem0006822145041: traceback: Traceback (most recent call last):
  File "/Users/Tim-Mac/msc/bm-control/dev/nrf5SDKforMeshv310src/scripts/interactive_pyaci/aci/aci_uart.py", line 88, in process_packet
    fun(packet)
  File "/Users/Tim-Mac/msc/bm-control/dev/nrf5SDKforMeshv310src/scripts/interactive_pyaci/mesh/access.py", line 211, in __event_handler
    message = AccessMessage(event)
  File "/Users/Tim-Mac/msc/bm-control/dev/nrf5SDKforMeshv310src/scripts/interactive_pyaci/mesh/access.py", line 116, in __init__
    self.opcode_raw = opcode_from_message_get(event._data["data"])
  File "/Users/Tim-Mac/msc/bm-control/dev/nrf5SDKforMeshv310src/scripts/interactive_pyaci/mesh/access.py", line 101, in opcode_from_message_get
    format_bits = (data[0] & Opcode.FORMAT_MASK)
IndexError: bytearray index out of range

2019-06-12 15:18:15,681 - ERROR - tty.usbmodem0006822145041: None: ERROR_INVALID_LENGTH
2019-06-12 15:18:15,683 - DEBUG - tty.usbmodem0006822145041: RX: 03840084
2019-06-12 15:18:15,683 - DEBUG - tty.usbmodem0006822145041: parsed_packet {event: CmdRsp, data: {'opcode': 0, 'status': 132, 'data': bytearray(b'')}}
2019-06-12 15:18:15,684 - ERROR - tty.usbmodem0006822145041: Exception in pkt handler <bound method Access.__event_handler of <mesh.access.Access object at 0x105495048>>
2019-06-12 15:18:15,684 - ERROR - tty.usbmodem0006822145041: traceback: Traceback (most recent call last):
  File "/Users/Tim-Mac/msc/bm-control/dev/nrf5SDKforMeshv310src/scripts/interactive_pyaci/aci/aci_uart.py", line 88, in process_packet
    fun(packet)
  File "/Users/Tim-Mac/msc/bm-control/dev/nrf5SDKforMeshv310src/scripts/interactive_pyaci/mesh/access.py", line 211, in __event_handler
    message = AccessMessage(event)
  File "/Users/Tim-Mac/msc/bm-control/dev/nrf5SDKforMeshv310src/scripts/interactive_pyaci/mesh/access.py", line 116, in __init__
    self.opcode_raw = opcode_from_message_get(event._data["data"])
  File "/Users/Tim-Mac/msc/bm-control/dev/nrf5SDKforMeshv310src/scripts/interactive_pyaci/mesh/access.py", line 101, in opcode_from_message_get
    format_bits = (data[0] & Opcode.FORMAT_MASK)
IndexError: bytearray index out of range

2019-06-12 15:18:15,684 - ERROR - tty.usbmodem0006822145041: None: ERROR_INVALID_LENGTH
2019-06-12 15:18:15,684 - DEBUG - tty.usbmodem0006822145041: RX: 03840084
2019-06-12 15:18:15,684 - DEBUG - tty.usbmodem0006822145041: parsed_packet {event: CmdRsp, data: {'opcode': 0, 'status': 132, 'data': bytearray(b'')}}
2019-06-12 15:18:15,684 - ERROR - tty.usbmodem0006822145041: Exception in pkt handler <bound method Access.__event_handler of <mesh.access.Access object at 0x105495048>>
2019-06-12 15:18:15,685 - ERROR - tty.usbmodem0006822145041: traceback: Traceback (most recent call last):
  File "/Users/Tim-Mac/msc/bm-control/dev/nrf5SDKforMeshv310src/scripts/interactive_pyaci/aci/aci_uart.py", line 88, in process_packet
    fun(packet)
  File "/Users/Tim-Mac/msc/bm-control/dev/nrf5SDKforMeshv310src/scripts/interactive_pyaci/mesh/access.py", line 211, in __event_handler
    message = AccessMessage(event)
  File "/Users/Tim-Mac/msc/bm-control/dev/nrf5SDKforMeshv310src/scripts/interactive_pyaci/mesh/access.py", line 116, in __init__
    self.opcode_raw = opcode_from_message_get(event._data["data"])
  File "/Users/Tim-Mac/msc/bm-control/dev/nrf5SDKforMeshv310src/scripts/interactive_pyaci/mesh/access.py", line 101, in opcode_from_message_get
    format_bits = (data[0] & Opcode.FORMAT_MASK)
IndexError: bytearray index out of range

2019-06-12 15:18:15,686 - ERROR - tty.usbmodem0006822145041: None: ERROR_INVALID_LENGTH
2019-06-12 15:18:15,686 - DEBUG - tty.usbmodem0006822145041: RX: 03840084
2019-06-12 15:18:15,687 - DEBUG - tty.usbmodem0006822145041: parsed_packet {event: CmdRsp, data: {'opcode': 0, 'status': 132, 'data': bytearray(b'')}}
2019-06-12 15:18:15,687 - ERROR - tty.usbmodem0006822145041: Exception in pkt handler <bound method Access.__event_handler of <mesh.access.Access object at 0x105495048>>
2019-06-12 15:18:15,688 - ERROR - tty.usbmodem0006822145041: traceback: Traceback (most recent call last):
  File "/Users/Tim-Mac/msc/bm-control/dev/nrf5SDKforMeshv310src/scripts/interactive_pyaci/aci/aci_uart.py", line 88, in process_packet
    fun(packet)
  File "/Users/Tim-Mac/msc/bm-control/dev/nrf5SDKforMeshv310src/scripts/interactive_pyaci/mesh/access.py", line 211, in __event_handler
    message = AccessMessage(event)
  File "/Users/Tim-Mac/msc/bm-control/dev/nrf5SDKforMeshv310src/scripts/interactive_pyaci/mesh/access.py", line 116, in __init__
    self.opcode_raw = opcode_from_message_get(event._data["data"])
  File "/Users/Tim-Mac/msc/bm-control/dev/nrf5SDKforMeshv310src/scripts/interactive_pyaci/mesh/access.py", line 101, in opcode_from_message_get
    format_bits = (data[0] & Opcode.FORMAT_MASK)
IndexError: bytearray index out of range

2019-06-12 15:18:15,688 - ERROR - tty.usbmodem0006822145041: None: ERROR_INVALID_LENGTH
2019-06-12 15:18:15,689 - DEBUG - tty.usbmodem0006822145041: RX: 03849f00
2019-06-12 15:18:15,689 - DEBUG - tty.usbmodem0006822145041: parsed_packet {event: CmdRsp, data: {'opcode': 159, 'status': 0, 'data': bytearray(b'')}}
2019-06-12 15:18:15,689 - ERROR - tty.usbmodem0006822145041: Exception in pkt handler <bound method Access.__event_handler of <mesh.access.Access object at 0x105495048>>
2019-06-12 15:18:15,690 - ERROR - tty.usbmodem0006822145041: traceback: Traceback (most recent call last):
  File "/Users/Tim-Mac/msc/bm-control/dev/nrf5SDKforMeshv310src/scripts/interactive_pyaci/aci/aci_uart.py", line 88, in process_packet
    fun(packet)
  File "/Users/Tim-Mac/msc/bm-control/dev/nrf5SDKforMeshv310src/scripts/interactive_pyaci/mesh/access.py", line 211, in __event_handler
    message = AccessMessage(event)
  File "/Users/Tim-Mac/msc/bm-control/dev/nrf5SDKforMeshv310src/scripts/interactive_pyaci/mesh/access.py", line 116, in __init__
    self.opcode_raw = opcode_from_message_get(event._data["data"])
  File "/Users/Tim-Mac/msc/bm-control/dev/nrf5SDKforMeshv310src/scripts/interactive_pyaci/mesh/access.py", line 101, in opcode_from_message_get
    format_bits = (data[0] & Opcode.FORMAT_MASK)
IndexError: bytearray index out of range

2019-06-12 15:18:15,691 - INFO - tty.usbmodem0006822145041: Success
2019-06-12 15:18:15,693 - DEBUG - tty.usbmodem0006822145041: RX: 058492000000
2019-06-12 15:18:15,694 - DEBUG - tty.usbmodem0006822145041: parsed_packet {event: CmdRsp, data: {'opcode': 146, 'status': 0, 'data': bytearray(b'\x00\x00')}}
2019-06-12 15:18:15,695 - DEBUG - tty.usbmodem0006822145041: Message recieved Opcode bytearray(b'\x00'), Data bytearray(b'\x00') for model <mesh.access.Access object at 0x105495048>.
2019-06-12 15:18:15,696 - INFO - tty.usbmodem0006822145041: SubnetAdd: {'subnet_handle': 0}
2019-06-12 15:18:15,700 - DEBUG - tty.usbmodem0006822145041: RX: 058497000000
2019-06-12 15:18:15,702 - DEBUG - tty.usbmodem0006822145041: parsed_packet {event: CmdRsp, data: {'opcode': 151, 'status': 0, 'data': bytearray(b'\x00\x00')}}
2019-06-12 15:18:15,703 - DEBUG - tty.usbmodem0006822145041: Message recieved Opcode bytearray(b'\x00'), Data bytearray(b'\x00') for model <mesh.access.Access object at 0x105495048>.
2019-06-12 15:18:15,703 - INFO - tty.usbmodem0006822145041: AppkeyAdd: {'appkey_handle': 0}
2019-06-12 15:18:15,703 - DEBUG - tty.usbmodem0006822145041: RX: 058497000100
2019-06-12 15:18:15,703 - DEBUG - tty.usbmodem0006822145041: parsed_packet {event: CmdRsp, data: {'opcode': 151, 'status': 0, 'data': bytearray(b'\x01\x00')}}
2019-06-12 15:18:15,703 - DEBUG - tty.usbmodem0006822145041: Message recieved Opcode bytearray(b'\x01'), Data bytearray(b'\x00') for model <mesh.access.Access object at 0x105495048>.
2019-06-12 15:18:15,703 - INFO - tty.usbmodem0006822145041: AppkeyAdd: {'appkey_handle': 1}
2019-06-12 15:18:35,259 - DEBUG - tty.usbmodem0006822145041: exited read event
2019-06-12 15:18:50,479 - DEBUG - tty.usbmodem0006822145041: TX: 616948d6e534832505229ff51e41c54ccad609ebd90a9706e6578ca10e2d797c1a415fbbfa73744a35b744196b4d5063615af6ee2e2b4fbf28596afaabb8632ac2d4133d1b4c628df325d1c7dfe97cda18aeff7de024012f60ae773f1ab1fd729440
2019-06-12 15:18:50,496 - DEBUG - tty.usbmodem0006822145041: RX: 03845384
2019-06-12 15:18:50,496 - DEBUG - tty.usbmodem0006822145041: parsed_packet {event: CmdRsp, data: {'opcode': 83, 'status': 132, 'data': bytearray(b'')}}
2019-06-12 15:18:50,496 - DEBUG - tty.usbmodem0006822145041: TX: 059f01000100
2019-06-12 15:18:50,496 - ERROR - tty.usbmodem0006822145041: None: ERROR_INVALID_LENGTH
2019-06-12 15:18:50,497 - DEBUG - tty.usbmodem0006822145041: RX: 03840084
2019-06-12 15:18:50,497 - DEBUG - tty.usbmodem0006822145041: parsed_packet {event: CmdRsp, data: {'opcode': 0, 'status': 132, 'data': bytearray(b'')}}
2019-06-12 15:18:50,497 - DEBUG - tty.usbmodem0006822145041: TX: 1392000018eed9c2a56add85049ffc3c59ad0e12
2019-06-12 15:18:50,497 - ERROR - tty.usbmodem0006822145041: None: ERROR_INVALID_LENGTH
2019-06-12 15:18:50,498 - DEBUG - tty.usbmodem0006822145041: RX: 03840084
2019-06-12 15:18:50,498 - DEBUG - tty.usbmodem0006822145041: parsed_packet {event: CmdRsp, data: {'opcode': 0, 'status': 132, 'data': bytearray(b'')}}
2019-06-12 15:18:50,498 - DEBUG - tty.usbmodem0006822145041: TX: 1597000000004f68ad85d9f48ac8589df665b6b49b8a
2019-06-12 15:18:50,498 - ERROR - tty.usbmodem0006822145041: None: ERROR_INVALID_LENGTH
2019-06-12 15:18:50,499 - DEBUG - tty.usbmodem0006822145041: RX: 03840084
2019-06-12 15:18:50,499 - DEBUG - tty.usbmodem0006822145041: parsed_packet {event: CmdRsp, data: {'opcode': 0, 'status': 132, 'data': bytearray(b'')}}
2019-06-12 15:18:50,499 - DEBUG - tty.usbmodem0006822145041: TX: 1597010000002aa2a6ded5a0798ceab5787ca3ae39fc
2019-06-12 15:18:50,499 - ERROR - tty.usbmodem0006822145041: None: ERROR_INVALID_LENGTH
2019-06-12 15:18:50,499 - DEBUG - tty.usbmodem0006822145041: RX: 03840084
2019-06-12 15:18:50,499 - DEBUG - tty.usbmodem0006822145041: parsed_packet {event: CmdRsp, data: {'opcode': 0, 'status': 132, 'data': bytearray(b'')}}
2019-06-12 15:18:50,500 - ERROR - tty.usbmodem0006822145041: None: ERROR_INVALID_LENGTH
2019-06-12 15:18:50,500 - DEBUG - tty.usbmodem0006822145041: RX: 03840084
2019-06-12 15:18:50,500 - DEBUG - tty.usbmodem0006822145041: parsed_packet {event: CmdRsp, data: {'opcode': 0, 'status': 132, 'data': bytearray(b'')}}
2019-06-12 15:18:50,500 - ERROR - tty.usbmodem0006822145041: None: ERROR_INVALID_LENGTH
2019-06-12 15:18:50,500 - DEBUG - tty.usbmodem0006822145041: RX: 03840084
2019-06-12 15:18:50,500 - DEBUG - tty.usbmodem0006822145041: parsed_packet {event: CmdRsp, data: {'opcode': 0, 'status': 132, 'data': bytearray(b'')}}
2019-06-12 15:18:50,500 - ERROR - tty.usbmodem0006822145041: None: ERROR_INVALID_LENGTH
2019-06-12 15:18:50,501 - DEBUG - tty.usbmodem0006822145041: RX: 03840084
2019-06-12 15:18:50,501 - DEBUG - tty.usbmodem0006822145041: parsed_packet {event: CmdRsp, data: {'opcode': 0, 'status': 132, 'data': bytearray(b'')}}
2019-06-12 15:18:50,501 - ERROR - tty.usbmodem0006822145041: None: ERROR_INVALID_LENGTH
2019-06-12 15:18:50,501 - DEBUG - tty.usbmodem0006822145041: RX: 03840084
2019-06-12 15:18:50,501 - DEBUG - tty.usbmodem0006822145041: parsed_packet {event: CmdRsp, data: {'opcode': 0, 'status': 132, 'data': bytearray(b'')}}
2019-06-12 15:18:50,501 - ERROR - tty.usbmodem0006822145041: None: ERROR_INVALID_LENGTH
2019-06-12 15:18:50,502 - DEBUG - tty.usbmodem0006822145041: RX: 03840084
2019-06-12 15:18:50,502 - DEBUG - tty.usbmodem0006822145041: parsed_packet {event: CmdRsp, data: {'opcode': 0, 'status': 132, 'data': bytearray(b'')}}
2019-06-12 15:18:50,502 - ERROR - tty.usbmodem0006822145041: None: ERROR_INVALID_LENGTH
2019-06-12 15:18:50,503 - DEBUG - tty.usbmodem0006822145041: RX: 03840084
2019-06-12 15:18:50,503 - DEBUG - tty.usbmodem0006822145041: parsed_packet {event: CmdRsp, data: {'opcode': 0, 'status': 132, 'data': bytearray(b'')}}
2019-06-12 15:18:50,503 - ERROR - tty.usbmodem0006822145041: None: ERROR_INVALID_LENGTH
2019-06-12 15:18:50,503 - DEBUG - tty.usbmodem0006822145041: RX: 03840084
2019-06-12 15:18:50,503 - DEBUG - tty.usbmodem0006822145041: parsed_packet {event: CmdRsp, data: {'opcode': 0, 'status': 132, 'data': bytearray(b'')}}
2019-06-12 15:18:50,503 - ERROR - tty.usbmodem0006822145041: None: ERROR_INVALID_LENGTH
2019-06-12 15:18:50,504 - DEBUG - tty.usbmodem0006822145041: RX: 03840084
2019-06-12 15:18:50,504 - DEBUG - tty.usbmodem0006822145041: parsed_packet {event: CmdRsp, data: {'opcode': 0, 'status': 132, 'data': bytearray(b'')}}
2019-06-12 15:18:50,504 - ERROR - tty.usbmodem0006822145041: None: ERROR_INVALID_LENGTH
2019-06-12 15:18:50,504 - DEBUG - tty.usbmodem0006822145041: RX: 03849f00
2019-06-12 15:18:50,504 - DEBUG - tty.usbmodem0006822145041: parsed_packet {event: CmdRsp, data: {'opcode': 159, 'status': 0, 'data': bytearray(b'')}}
2019-06-12 15:18:50,504 - INFO - tty.usbmodem0006822145041: Success
2019-06-12 15:18:50,505 - DEBUG - tty.usbmodem0006822145041: RX: 058492000000
2019-06-12 15:18:50,505 - DEBUG - tty.usbmodem0006822145041: parsed_packet {event: CmdRsp, data: {'opcode': 146, 'status': 0, 'data': bytearray(b'\x00\x00')}}
2019-06-12 15:18:50,505 - INFO - tty.usbmodem0006822145041: SubnetAdd: {'subnet_handle': 0}
2019-06-12 15:18:50,505 - DEBUG - tty.usbmodem0006822145041: RX: 058497000000
2019-06-12 15:18:50,505 - DEBUG - tty.usbmodem0006822145041: parsed_packet {event: CmdRsp, data: {'opcode': 151, 'status': 0, 'data': bytearray(b'\x00\x00')}}
2019-06-12 15:18:50,506 - INFO - tty.usbmodem0006822145041: AppkeyAdd: {'appkey_handle': 0}
2019-06-12 15:18:50,506 - DEBUG - tty.usbmodem0006822145041: RX: 058497000100
2019-06-12 15:18:50,506 - DEBUG - tty.usbmodem0006822145041: parsed_packet {event: CmdRsp, data: {'opcode': 151, 'status': 0, 'data': bytearray(b'\x01\x00')}}
2019-06-12 15:18:50,506 - INFO - tty.usbmodem0006822145041: AppkeyAdd: {'appkey_handle': 1}
2019-06-12 15:19:07,847 - DEBUG - tty.usbmodem0006822145041: TX: 0161
2019-06-12 15:19:07,852 - DEBUG - tty.usbmodem0006822145041: RX: 03846100
2019-06-12 15:19:07,853 - DEBUG - tty.usbmodem0006822145041: parsed_packet {event: CmdRsp, data: {'opcode': 97, 'status': 0, 'data': bytearray(b'')}}
2019-06-12 15:19:07,853 - INFO - tty.usbmodem0006822145041: Success
2019-06-12 15:19:09,287 - DEBUG - tty.usbmodem0006822145041: RX: 1ac09db77a0526b8734988639509c242d107d20001c8639509c2c2
2019-06-12 15:19:09,287 - DEBUG - tty.usbmodem0006822145041: parsed_packet {event: ProvUnprovisionedReceived, data: {'uuid': bytearray(b'\x9d\xb7z\x05&\xb8sI\x88c\x95\t\xc2B\xd1\x07'), 'rssi': -46, 'gatt_supported': 0, 'adv_addr_type': 1, 'adv_addr': bytearray(b'\xc8c\x95\t\xc2\xc2')}}
2019-06-12 15:19:09,287 - INFO - tty.usbmodem0006822145041: Received UUID 9db77a0526b8734988639509c242d107 with RSSI: -46 dB
2019-06-12 15:19:11,295 - DEBUG - tty.usbmodem0006822145041: RX: 1ac09db77a0526b8734988639509c242d107d80001c8639509c2c2
2019-06-12 15:19:11,295 - DEBUG - tty.usbmodem0006822145041: parsed_packet {event: ProvUnprovisionedReceived, data: {'uuid': bytearray(b'\x9d\xb7z\x05&\xb8sI\x88c\x95\t\xc2B\xd1\x07'), 'rssi': -40, 'gatt_supported': 0, 'adv_addr_type': 1, 'adv_addr': bytearray(b'\xc8c\x95\t\xc2\xc2')}}
2019-06-12 15:19:12,080 - DEBUG - tty.usbmodem0006822145041: TX: 0162
2019-06-12 15:19:12,082 - DEBUG - tty.usbmodem0006822145041: RX: 03846200
2019-06-12 15:19:12,085 - DEBUG - tty.usbmodem0006822145041: parsed_packet {event: CmdRsp, data: {'opcode': 98, 'status': 0, 'data': bytearray(b'')}}
2019-06-12 15:19:12,085 - INFO - tty.usbmodem0006822145041: Success
2019-06-12 15:19:16,023 - DEBUG - tty.usbmodem0006822145041: TX: 2d63009db77a0526b8734988639509c242d10718eed9c2a56add85049ffc3c59ad0e120000000000001000000000
2019-06-12 15:19:16,034 - DEBUG - tty.usbmodem0006822145041: RX: 0484630000
2019-06-12 15:19:16,035 - DEBUG - tty.usbmodem0006822145041: parsed_packet {event: CmdRsp, data: {'opcode': 99, 'status': 0, 'data': bytearray(b'\x00')}}
2019-06-12 15:19:16,035 - INFO - tty.usbmodem0006822145041: Provision: {'context': 0}
2019-06-12 15:19:16,054 - DEBUG - tty.usbmodem0006822145041: RX: 02c100
2019-06-12 15:19:16,055 - DEBUG - tty.usbmodem0006822145041: parsed_packet {event: ProvLinkEstablished, data: {'context_id': 0}}
2019-06-12 15:19:16,055 - INFO - tty.usbmodem0006822145041: Link established
2019-06-12 15:19:16,100 - DEBUG - tty.usbmodem0006822145041: RX: 0bc300030001000000000000
2019-06-12 15:19:16,100 - DEBUG - tty.usbmodem0006822145041: parsed_packet {event: ProvCapsReceived, data: {'context_id': 0, 'num_elements': 3, 'public_key_type': 0, 'static_oob_types': 1, 'output_oob_size': 0, 'output_oob_actions': 0, 'input_oob_size': 0, 'input_oob_actions': 0}}
2019-06-12 15:19:16,101 - INFO - tty.usbmodem0006822145041: Received capabilities
2019-06-12 15:19:16,102 - INFO - tty.usbmodem0006822145041: Number of elements: 3
2019-06-12 15:19:16,104 - DEBUG - tty.usbmodem0006822145041: TX: 056600000000
2019-06-12 15:19:16,106 - DEBUG - tty.usbmodem0006822145041: RX: 0484660000
2019-06-12 15:19:16,106 - DEBUG - tty.usbmodem0006822145041: parsed_packet {event: CmdRsp, data: {'opcode': 102, 'status': 0, 'data': bytearray(b'\x00')}}
2019-06-12 15:19:16,107 - INFO - tty.usbmodem0006822145041: OobUse: {'context': 0}
2019-06-12 15:19:16,307 - DEBUG - tty.usbmodem0006822145041: RX: 62c7006ac8e932dcd5605153b3f67ea32a60987f3859eea51c43c46e720e59394b6daedc7097581a8611097ff518ca62bab3a9ad50334d5e5355ccbaf402825fa995e0102e3ee6e7706ad976c3349bec42475b577c4d66c0447f08e229df513e4b4207
2019-06-12 15:19:16,308 - DEBUG - tty.usbmodem0006822145041: parsed_packet {event: ProvEcdhRequest, data: {'context_id': 0, 'peer_public': bytearray(b'j\xc8\xe92\xdc\xd5`QS\xb3\xf6~\xa3*`\x98\x7f8Y\xee\xa5\x1cC\xc4nr\x0eY9Km\xae\xdcp\x97X\x1a\x86\x11\t\x7f\xf5\x18\xcab\xba\xb3\xa9\xadP3M^SU\xcc\xba\xf4\x02\x82_\xa9\x95\xe0'), 'node_private': bytearray(b'\x10.>\xe6\xe7pj\xd9v\xc34\x9b\xecBG[W|Mf\xc0D\x7f\x08\xe2)\xdfQ>KB\x07')}}
2019-06-12 15:19:16,308 - INFO - tty.usbmodem0006822145041: ECDH request received
2019-06-12 15:19:16,312 - DEBUG - tty.usbmodem0006822145041: TX: 226800d0aa0e6e602d22ccd494cc15765dd68c1d7ebc316ed4fb77eb566a43c33abe65
2019-06-12 15:19:16,317 - DEBUG - tty.usbmodem0006822145041: RX: 0484680000
2019-06-12 15:19:16,317 - DEBUG - tty.usbmodem0006822145041: parsed_packet {event: CmdRsp, data: {'opcode': 104, 'status': 0, 'data': bytearray(b'\x00')}}
2019-06-12 15:19:16,318 - INFO - tty.usbmodem0006822145041: EcdhSecret: {'context': 0}
2019-06-12 15:19:16,667 - DEBUG - tty.usbmodem0006822145041: RX: 2cc500000000000000100000006c06838047333240ab58c3b94b4ff09118eed9c2a56add85049ffc3c59ad0e12
2019-06-12 15:19:16,667 - DEBUG - tty.usbmodem0006822145041: parsed_packet {event: ProvComplete, data: {'context_id': 0, 'iv_index': 0, 'net_key_index': 0, 'address': 16, 'iv_update_flag': 0, 'key_refresh_flag': 0, 'device_key': bytearray(b'l\x06\x83\x80G32@\xabX\xc3\xb9KO\xf0\x91'), 'net_key': bytearray(b'\x18\xee\xd9\xc2\xa5j\xdd\x85\x04\x9f\xfc<Y\xad\x0e\x12')}}
2019-06-12 15:19:16,668 - INFO - tty.usbmodem0006822145041: Provisioning complete
2019-06-12 15:19:16,668 - INFO - tty.usbmodem0006822145041: 	Address(es): 0x10-0x12
2019-06-12 15:19:16,668 - INFO - tty.usbmodem0006822145041: 	Device key: 6c06838047333240ab58c3b94b4ff091
2019-06-12 15:19:16,668 - INFO - tty.usbmodem0006822145041: 	Network key: 18eed9c2a56add85049ffc3c59ad0e12
2019-06-12 15:19:16,668 - INFO - tty.usbmodem0006822145041: Adding device key to subnet 0
2019-06-12 15:19:16,669 - DEBUG - tty.usbmodem0006822145041: TX: 159c100000006c06838047333240ab58c3b94b4ff091
2019-06-12 15:19:16,669 - INFO - tty.usbmodem0006822145041: Adding publication address of root element
2019-06-12 15:19:16,669 - DEBUG - tty.usbmodem0006822145041: TX: 03a41000
2019-06-12 15:19:16,672 - DEBUG - tty.usbmodem0006822145041: RX: 05849c000800
2019-06-12 15:19:16,673 - DEBUG - tty.usbmodem0006822145041: parsed_packet {event: CmdRsp, data: {'opcode': 156, 'status': 0, 'data': bytearray(b'\x08\x00')}}
2019-06-12 15:19:16,673 - INFO - tty.usbmodem0006822145041: DevkeyAdd: {'devkey_handle': 8}
2019-06-12 15:19:16,673 - DEBUG - tty.usbmodem0006822145041: RX: 0584a4000000
2019-06-12 15:19:16,674 - DEBUG - tty.usbmodem0006822145041: parsed_packet {event: CmdRsp, data: {'opcode': 164, 'status': 0, 'data': bytearray(b'\x00\x00')}}
2019-06-12 15:19:16,674 - INFO - tty.usbmodem0006822145041: AddrPublicationAdd: {'address_handle': 0}
2019-06-12 15:19:16,772 - DEBUG - tty.usbmodem0006822145041: RX: 03c20000
2019-06-12 15:19:16,773 - DEBUG - tty.usbmodem0006822145041: parsed_packet {event: ProvLinkClosed, data: {'context_id': 0, 'close_reason': 0}}
2019-06-12 15:19:16,773 - INFO - tty.usbmodem0006822145041: Provisioning link closed
2019-06-12 15:19:33,410 - DEBUG - tty.usbmodem0006822145041.ConfigurationClient: Sending opcode: 00, data: 0000004f68ad85d9f48ac8589df665b6b49b8a
2019-06-12 15:19:33,410 - DEBUG - tty.usbmodem0006822145041: TX: 1fab08000100000008000000000000004f68ad85d9f48ac8589df665b6b49b8a
2019-06-12 15:19:33,421 - DEBUG - tty.usbmodem0006822145041: RX: 0784ab0001000000
2019-06-12 15:19:33,421 - DEBUG - tty.usbmodem0006822145041: parsed_packet {event: CmdRsp, data: {'opcode': 171, 'status': 0, 'data': bytearray(b'\x01\x00\x00\x00')}}
2019-06-12 15:19:33,422 - INFO - tty.usbmodem0006822145041: PacketSend: {'token': 1}
2019-06-12 15:19:34,350 - DEBUG - tty.usbmodem0006822145041: RX: 05d201000000
2019-06-12 15:19:34,350 - DEBUG - tty.usbmodem0006822145041: parsed_packet {event: MeshTxComplete, data: {'token': 1}}
2019-06-12 15:19:34,350 - INFO - tty.usbmodem0006822145041: {event: MeshTxComplete, data: {'token': 1}}
2019-06-12 15:19:34,376 - DEBUG - tty.usbmodem0006822145041: RX: 1ad010000100080000001e01c8639509c2c2d70600800300000000
2019-06-12 15:19:34,376 - DEBUG - tty.usbmodem0006822145041: parsed_packet {event: MeshMessageReceivedUnicast, data: {'src': 16, 'dst': 1, 'appkey_handle': 8, 'subnet_handle': 0, 'ttl': 30, 'adv_addr_type': 1, 'adv_addr': bytearray(b'\xc8c\x95\t\xc2\xc2'), 'rssi': -41, 'actual_length': 6, 'data': bytearray(b'\x80\x03\x00\x00\x00\x00')}}
2019-06-12 15:19:34,376 - INFO - tty.usbmodem0006822145041.ConfigurationClient: Appkey status: AccessStatus.SUCCESS
2019-06-12 15:19:34,380 - INFO - tty.usbmodem0006822145041.ConfigurationClient: Appkey add 0 succeded for subnet 0 at node 0010
2019-06-12 15:19:39,566 - DEBUG - tty.usbmodem0006822145041.ConfigurationClient: Sending opcode: 803d, data: 110000000110
2019-06-12 15:19:39,566 - DEBUG - tty.usbmodem0006822145041: TX: 13ab08000100000008000000803d110000000110
2019-06-12 15:19:39,576 - DEBUG - tty.usbmodem0006822145041: RX: 0784ab0002000000
2019-06-12 15:19:39,576 - DEBUG - tty.usbmodem0006822145041: parsed_packet {event: CmdRsp, data: {'opcode': 171, 'status': 0, 'data': bytearray(b'\x02\x00\x00\x00')}}
2019-06-12 15:19:39,576 - INFO - tty.usbmodem0006822145041: PacketSend: {'token': 2}
2019-06-12 15:19:39,579 - DEBUG - tty.usbmodem0006822145041: RX: 05d202000000
2019-06-12 15:19:39,579 - DEBUG - tty.usbmodem0006822145041: parsed_packet {event: MeshTxComplete, data: {'token': 2}}
2019-06-12 15:19:39,579 - INFO - tty.usbmodem0006822145041: {event: MeshTxComplete, data: {'token': 2}}
2019-06-12 15:19:39,591 - DEBUG - tty.usbmodem0006822145041: RX: 1dd010000100080000001e01c8639509c2c2d30900803e00110000000110
2019-06-12 15:19:39,591 - DEBUG - tty.usbmodem0006822145041: parsed_packet {event: MeshMessageReceivedUnicast, data: {'src': 16, 'dst': 1, 'appkey_handle': 8, 'subnet_handle': 0, 'ttl': 30, 'adv_addr_type': 1, 'adv_addr': bytearray(b'\xc8c\x95\t\xc2\xc2'), 'rssi': -45, 'actual_length': 9, 'data': bytearray(b'\x80>\x00\x11\x00\x00\x00\x01\x10')}}
2019-06-12 15:19:39,591 - INFO - tty.usbmodem0006822145041.ConfigurationClient: Model app bind status: AccessStatus.SUCCESS
2019-06-12 15:19:39,592 - ERROR - tty.usbmodem0006822145041: Exception in pkt handler <bound method Access.__event_handler of <mesh.access.Access object at 0x1093524a8>>
2019-06-12 15:19:39,595 - ERROR - tty.usbmodem0006822145041: traceback: Traceback (most recent call last):
  File "/Users/Tim-Mac/msc/bm-control/dev/nrf5SDKforMeshv310src/scripts/interactive_pyaci/aci/aci_uart.py", line 88, in process_packet
    fun(packet)
  File "/Users/Tim-Mac/msc/bm-control/dev/nrf5SDKforMeshv310src/scripts/interactive_pyaci/mesh/access.py", line 220, in __event_handler
    handler(opcode, message)
  File "/Users/Tim-Mac/msc/bm-control/dev/nrf5SDKforMeshv310src/scripts/interactive_pyaci/models/config.py", line 649, in __model_app_status_handler
    model = self.model_get(element_address, model_id)
  File "/Users/Tim-Mac/msc/bm-control/dev/nrf5SDKforMeshv310src/scripts/interactive_pyaci/models/config.py", line 455, in model_get
    (model_id, element_address))
RuntimeError: Could not find model 1001 with element address 0011

2019-06-12 15:19:45,910 - DEBUG - tty.usbmodem0006822145041.ConfigurationClient: Sending opcode: 8008, data: 00
2019-06-12 15:19:45,912 - DEBUG - tty.usbmodem0006822145041: TX: 0eab08000100000008000000800800
2019-06-12 15:19:45,916 - DEBUG - tty.usbmodem0006822145041: RX: 0784ab0003000000
2019-06-12 15:19:45,916 - DEBUG - tty.usbmodem0006822145041: parsed_packet {event: CmdRsp, data: {'opcode': 171, 'status': 0, 'data': bytearray(b'\x03\x00\x00\x00')}}
2019-06-12 15:19:45,916 - INFO - tty.usbmodem0006822145041: PacketSend: {'token': 3}
2019-06-12 15:19:45,928 - DEBUG - tty.usbmodem0006822145041: RX: 05d203000000
2019-06-12 15:19:45,928 - DEBUG - tty.usbmodem0006822145041: parsed_packet {event: MeshTxComplete, data: {'token': 3}}
2019-06-12 15:19:45,928 - INFO - tty.usbmodem0006822145041: {event: MeshTxComplete, data: {'token': 3}}
2019-06-12 15:19:45,997 - DEBUG - tty.usbmodem0006822145041: RX: 34d010000100080000001e01c8639509c2c2d920000200590000000000280003000000020000000200000001000110000001000110
2019-06-12 15:19:45,997 - DEBUG - tty.usbmodem0006822145041: parsed_packet {event: MeshMessageReceivedUnicast, data: {'src': 16, 'dst': 1, 'appkey_handle': 8, 'subnet_handle': 0, 'ttl': 30, 'adv_addr_type': 1, 'adv_addr': bytearray(b'\xc8c\x95\t\xc2\xc2'), 'rssi': -39, 'actual_length': 32, 'data': bytearray(b'\x02\x00Y\x00\x00\x00\x00\x00(\x00\x03\x00\x00\x00\x02\x00\x00\x00\x02\x00\x00\x00\x01\x00\x01\x10\x00\x00\x01\x00\x01\x10')}}
2019-06-12 15:19:46,000 - INFO - tty.usbmodem0006822145041.ConfigurationClient: Received composition data (page 0x00): {
  "cid": "0059",
  "pid": "0000",
  "vid": "0000",
  "crpl": 40,
  "features": {
    "relay": 0,
    "proxy": 0,
    "friend": 2,
    "low_power": 2
  },
  "elements": [
    {
      "index": 0,
      "location": "0000",
      "models": [
        {
          "modelId": "0000"
        },
        {
          "modelId": "0002"
        }
      ]
    },
    {
      "index": 1,
      "location": "0000",
      "models": [
        {
          "modelId": "1001"
        }
      ]
    },
    {
      "index": 2,
      "location": "0000",
      "models": [
        {
          "modelId": "1001"
        }
      ]
    }
  ]
}
2019-06-12 15:19:50,248 - DEBUG - tty.usbmodem0006822145041.ConfigurationClient: Sending opcode: 803d, data: 110000000110
2019-06-12 15:19:50,250 - DEBUG - tty.usbmodem0006822145041: TX: 13ab08000100000008000000803d110000000110
2019-06-12 15:19:50,259 - DEBUG - tty.usbmodem0006822145041: RX: 0784ab0004000000
2019-06-12 15:19:50,259 - DEBUG - tty.usbmodem0006822145041: parsed_packet {event: CmdRsp, data: {'opcode': 171, 'status': 0, 'data': bytearray(b'\x04\x00\x00\x00')}}
2019-06-12 15:19:50,259 - INFO - tty.usbmodem0006822145041: PacketSend: {'token': 4}
2019-06-12 15:19:50,273 - DEBUG - tty.usbmodem0006822145041: RX: 05d204000000
2019-06-12 15:19:50,273 - DEBUG - tty.usbmodem0006822145041: parsed_packet {event: MeshTxComplete, data: {'token': 4}}
2019-06-12 15:19:50,273 - INFO - tty.usbmodem0006822145041: {event: MeshTxComplete, data: {'token': 4}}
2019-06-12 15:19:50,281 - DEBUG - tty.usbmodem0006822145041: RX: 1dd010000100080000001e01c8639509c2c2d60900803e00110000000110
2019-06-12 15:19:50,281 - DEBUG - tty.usbmodem0006822145041: parsed_packet {event: MeshMessageReceivedUnicast, data: {'src': 16, 'dst': 1, 'appkey_handle': 8, 'subnet_handle': 0, 'ttl': 30, 'adv_addr_type': 1, 'adv_addr': bytearray(b'\xc8c\x95\t\xc2\xc2'), 'rssi': -42, 'actual_length': 9, 'data': bytearray(b'\x80>\x00\x11\x00\x00\x00\x01\x10')}}
2019-06-12 15:19:50,281 - INFO - tty.usbmodem0006822145041.ConfigurationClient: Model app bind status: AccessStatus.SUCCESS
2019-06-12 15:19:50,283 - INFO - tty.usbmodem0006822145041.ConfigurationClient: Appkey bind 0 to model 1001 at 0011
2019-06-12 15:19:58,319 - DEBUG - tty.usbmodem0006822145041.ConfigurationClient: Sending opcode: 803d, data: 120000000110
2019-06-12 15:19:58,320 - DEBUG - tty.usbmodem0006822145041: TX: 13ab08000100000008000000803d120000000110
2019-06-12 15:19:58,329 - DEBUG - tty.usbmodem0006822145041: RX: 0784ab0005000000
2019-06-12 15:19:58,329 - DEBUG - tty.usbmodem0006822145041: parsed_packet {event: CmdRsp, data: {'opcode': 171, 'status': 0, 'data': bytearray(b'\x05\x00\x00\x00')}}
2019-06-12 15:19:58,329 - INFO - tty.usbmodem0006822145041: PacketSend: {'token': 5}
2019-06-12 15:19:58,341 - DEBUG - tty.usbmodem0006822145041: RX: 05d205000000
2019-06-12 15:19:58,341 - DEBUG - tty.usbmodem0006822145041: parsed_packet {event: MeshTxComplete, data: {'token': 5}}
2019-06-12 15:19:58,341 - INFO - tty.usbmodem0006822145041: {event: MeshTxComplete, data: {'token': 5}}
2019-06-12 15:19:58,345 - DEBUG - tty.usbmodem0006822145041: RX: 1dd010000100080000001e01c8639509c2c2d50900803e00120000000110
2019-06-12 15:19:58,346 - DEBUG - tty.usbmodem0006822145041: parsed_packet {event: MeshMessageReceivedUnicast, data: {'src': 16, 'dst': 1, 'appkey_handle': 8, 'subnet_handle': 0, 'ttl': 30, 'adv_addr_type': 1, 'adv_addr': bytearray(b'\xc8c\x95\t\xc2\xc2'), 'rssi': -43, 'actual_length': 9, 'data': bytearray(b'\x80>\x00\x12\x00\x00\x00\x01\x10')}}
2019-06-12 15:19:58,346 - INFO - tty.usbmodem0006822145041.ConfigurationClient: Model app bind status: AccessStatus.SUCCESS
2019-06-12 15:19:58,350 - INFO - tty.usbmodem0006822145041.ConfigurationClient: Appkey bind 0 to model 1001 at 0012
2019-06-12 15:20:18,192 - DEBUG - tty.usbmodem0006822145041: TX: 03a401c0
2019-06-12 15:20:18,200 - DEBUG - tty.usbmodem0006822145041: RX: 0584a4000100
2019-06-12 15:20:18,200 - DEBUG - tty.usbmodem0006822145041: parsed_packet {event: CmdRsp, data: {'opcode': 164, 'status': 0, 'data': bytearray(b'\x01\x00')}}
2019-06-12 15:20:18,200 - INFO - tty.usbmodem0006822145041: AddrPublicationAdd: {'address_handle': 1}
2019-06-12 15:20:25,609 - DEBUG - tty.usbmodem0006822145041.ConfigurationClient: Sending opcode: 801b, data: 110001c00110
2019-06-12 15:20:25,609 - DEBUG - tty.usbmodem0006822145041.ConfigurationClient: Sending opcode: 801b, data: 120001c00110
2019-06-12 15:20:25,609 - DEBUG - tty.usbmodem0006822145041: TX: 13ab08000100000008000000801b110001c00110
2019-06-12 15:20:25,609 - DEBUG - tty.usbmodem0006822145041.ConfigurationClient: Sending opcode: 03, data: 110001c000000100000110
2019-06-12 15:20:25,610 - DEBUG - tty.usbmodem0006822145041.ConfigurationClient: Sending opcode: 03, data: 120001c000000100000110
2019-06-12 15:20:25,610 - DEBUG - tty.usbmodem0006822145041: TX: 13ab08000100000008000000801b120001c00110
2019-06-12 15:20:25,615 - DEBUG - tty.usbmodem0006822145041: RX: 0784ab0006000000
2019-06-12 15:20:25,615 - DEBUG - tty.usbmodem0006822145041: parsed_packet {event: CmdRsp, data: {'opcode': 171, 'status': 0, 'data': bytearray(b'\x06\x00\x00\x00')}}
2019-06-12 15:20:25,615 - INFO - tty.usbmodem0006822145041: PacketSend: {'token': 6}
2019-06-12 15:20:25,616 - DEBUG - tty.usbmodem0006822145041: TX: 17ab0800010000000800000003110001c000000100000110
2019-06-12 15:20:25,620 - DEBUG - tty.usbmodem0006822145041: RX: 0784ab0007000000
2019-06-12 15:20:25,620 - DEBUG - tty.usbmodem0006822145041: parsed_packet {event: CmdRsp, data: {'opcode': 171, 'status': 0, 'data': bytearray(b'\x07\x00\x00\x00')}}
2019-06-12 15:20:25,620 - INFO - tty.usbmodem0006822145041: PacketSend: {'token': 7}
2019-06-12 15:20:25,621 - DEBUG - tty.usbmodem0006822145041: TX: 17ab0800010000000800000003120001c000000100000110
2019-06-12 15:20:25,621 - DEBUG - tty.usbmodem0006822145041: RX: 05d206000000
2019-06-12 15:20:25,621 - DEBUG - tty.usbmodem0006822145041: parsed_packet {event: MeshTxComplete, data: {'token': 6}}
2019-06-12 15:20:25,621 - INFO - tty.usbmodem0006822145041: {event: MeshTxComplete, data: {'token': 6}}
2019-06-12 15:20:25,621 - DEBUG - tty.usbmodem0006822145041: RX: 0784ab0008000000
2019-06-12 15:20:25,621 - DEBUG - tty.usbmodem0006822145041: parsed_packet {event: CmdRsp, data: {'opcode': 171, 'status': 0, 'data': bytearray(b'\x08\x00\x00\x00')}}
2019-06-12 15:20:25,622 - INFO - tty.usbmodem0006822145041: PacketSend: {'token': 8}
2019-06-12 15:20:25,625 - DEBUG - tty.usbmodem0006822145041: RX: 0384ab83
2019-06-12 15:20:25,625 - DEBUG - tty.usbmodem0006822145041: parsed_packet {event: CmdRsp, data: {'opcode': 171, 'status': 131, 'data': bytearray(b'')}}
2019-06-12 15:20:25,625 - ERROR - tty.usbmodem0006822145041: PacketSend: ERROR_INVALID_STATE
2019-06-12 15:20:25,638 - DEBUG - tty.usbmodem0006822145041: RX: 1dd010000100080000001e01c8639509c2c2d30900801f00110001c00110
2019-06-12 15:20:25,638 - DEBUG - tty.usbmodem0006822145041: parsed_packet {event: MeshMessageReceivedUnicast, data: {'src': 16, 'dst': 1, 'appkey_handle': 8, 'subnet_handle': 0, 'ttl': 30, 'adv_addr_type': 1, 'adv_addr': bytearray(b'\xc8c\x95\t\xc2\xc2'), 'rssi': -45, 'actual_length': 9, 'data': bytearray(b'\x80\x1f\x00\x11\x00\x01\xc0\x01\x10')}}
2019-06-12 15:20:25,638 - INFO - tty.usbmodem0006822145041.ConfigurationClient: Model subscription status: AccessStatus.SUCCESS
2019-06-12 15:20:25,640 - INFO - tty.usbmodem0006822145041.ConfigurationClient: Added subscription 'c001' to model 1001 at element 0011
2019-06-12 15:20:25,641 - DEBUG - tty.usbmodem0006822145041: RX: 05d207000000
2019-06-12 15:20:25,641 - DEBUG - tty.usbmodem0006822145041: parsed_packet {event: MeshTxComplete, data: {'token': 7}}
2019-06-12 15:20:25,641 - INFO - tty.usbmodem0006822145041: {event: MeshTxComplete, data: {'token': 7}}
2019-06-12 15:20:25,660 - DEBUG - tty.usbmodem0006822145041: RX: 1dd010000100080000001e01c8639509c2c2d30900801f00120001c00110
2019-06-12 15:20:25,660 - DEBUG - tty.usbmodem0006822145041: parsed_packet {event: MeshMessageReceivedUnicast, data: {'src': 16, 'dst': 1, 'appkey_handle': 8, 'subnet_handle': 0, 'ttl': 30, 'adv_addr_type': 1, 'adv_addr': bytearray(b'\xc8c\x95\t\xc2\xc2'), 'rssi': -45, 'actual_length': 9, 'data': bytearray(b'\x80\x1f\x00\x12\x00\x01\xc0\x01\x10')}}
2019-06-12 15:20:25,660 - INFO - tty.usbmodem0006822145041.ConfigurationClient: Model subscription status: AccessStatus.SUCCESS
2019-06-12 15:20:25,660 - ERROR - tty.usbmodem0006822145041: Exception in pkt handler <bound method Access.__event_handler of <mesh.access.Access object at 0x1093524a8>>
2019-06-12 15:20:25,662 - ERROR - tty.usbmodem0006822145041: traceback: Traceback (most recent call last):
  File "/Users/Tim-Mac/msc/bm-control/dev/nrf5SDKforMeshv310src/scripts/interactive_pyaci/mesh/types.py", line 365, in group_address
    return VirtualAddress(address)
  File "/Users/Tim-Mac/msc/bm-control/dev/nrf5SDKforMeshv310src/scripts/interactive_pyaci/mesh/types.py", line 132, in __init__
    (self.__class__.__name__, type(value)))
TypeError: VirtualAddress must be bytearray or string of hexadcimal numbers, not <class 'NoneType'>

During handling of the above exception, another exception occurred:

Traceback (most recent call last):
  File "/Users/Tim-Mac/msc/bm-control/dev/nrf5SDKforMeshv310src/scripts/interactive_pyaci/aci/aci_uart.py", line 88, in process_packet
    fun(packet)
  File "/Users/Tim-Mac/msc/bm-control/dev/nrf5SDKforMeshv310src/scripts/interactive_pyaci/mesh/access.py", line 220, in __event_handler
    handler(opcode, message)
  File "/Users/Tim-Mac/msc/bm-control/dev/nrf5SDKforMeshv310src/scripts/interactive_pyaci/models/config.py", line 603, in __model_subscription_status_handler
    model.subscribe.append(mt.group_address(address))
  File "/Users/Tim-Mac/msc/bm-control/dev/nrf5SDKforMeshv310src/scripts/interactive_pyaci/mesh/types.py", line 367, in group_address
    raise ValueError("Could not find any address type matching %r" % (address))
ValueError: Could not find any address type matching None

2019-06-12 15:20:26,246 - DEBUG - tty.usbmodem0006822145041: RX: 05d208000000
2019-06-12 15:20:26,246 - DEBUG - tty.usbmodem0006822145041: parsed_packet {event: MeshTxComplete, data: {'token': 8}}
2019-06-12 15:20:26,246 - INFO - tty.usbmodem0006822145041: {event: MeshTxComplete, data: {'token': 8}}
2019-06-12 15:20:26,303 - DEBUG - tty.usbmodem0006822145041: RX: 22d010000100080000001e01c8639509c2c2d40e00801900110001c000000100000110
2019-06-12 15:20:26,303 - DEBUG - tty.usbmodem0006822145041: parsed_packet {event: MeshMessageReceivedUnicast, data: {'src': 16, 'dst': 1, 'appkey_handle': 8, 'subnet_handle': 0, 'ttl': 30, 'adv_addr_type': 1, 'adv_addr': bytearray(b'\xc8c\x95\t\xc2\xc2'), 'rssi': -44, 'actual_length': 14, 'data': bytearray(b'\x80\x19\x00\x11\x00\x01\xc0\x00\x00\x01\x00\x00\x01\x10')}}
2019-06-12 15:20:26,303 - INFO - tty.usbmodem0006822145041.ConfigurationClient: Model publication status: AccessStatus.SUCCESS
2019-06-12 15:20:26,305 - INFO - tty.usbmodem0006822145041.ConfigurationClient: Publication status for model 1001 at element 17 to {'address': c001, 'index': 0, 'ttl': 1, 'period': 0, 'retransmit': {'count': 0, 'interval_steps': 0, 'interval': 50}, 'credentials': <FriendshipCredentials.DISABLED: 0>}
2019-06-12 15:20:38,224 - DEBUG - tty.usbmodem0006822145041.ConfigurationClient: Sending opcode: 801b, data: 110001c00110
2019-06-12 15:20:38,224 - DEBUG - tty.usbmodem0006822145041: TX: 13ab08000100000008000000801b110001c00110
2019-06-12 15:20:38,232 - DEBUG - tty.usbmodem0006822145041: RX: 0784ab000a000000
2019-06-12 15:20:38,232 - DEBUG - tty.usbmodem0006822145041: parsed_packet {event: CmdRsp, data: {'opcode': 171, 'status': 0, 'data': bytearray(b'\n\x00\x00\x00')}}
2019-06-12 15:20:38,232 - INFO - tty.usbmodem0006822145041: PacketSend: {'token': 10}
2019-06-12 15:20:38,234 - DEBUG - tty.usbmodem0006822145041: RX: 05d20a000000
2019-06-12 15:20:38,234 - DEBUG - tty.usbmodem0006822145041: parsed_packet {event: MeshTxComplete, data: {'token': 10}}
2019-06-12 15:20:38,234 - INFO - tty.usbmodem0006822145041: {event: MeshTxComplete, data: {'token': 10}}
2019-06-12 15:20:38,248 - DEBUG - tty.usbmodem0006822145041: RX: 1dd010000100080000001e01c8639509c2c2d50900801f00110001c00110
2019-06-12 15:20:38,248 - DEBUG - tty.usbmodem0006822145041: parsed_packet {event: MeshMessageReceivedUnicast, data: {'src': 16, 'dst': 1, 'appkey_handle': 8, 'subnet_handle': 0, 'ttl': 30, 'adv_addr_type': 1, 'adv_addr': bytearray(b'\xc8c\x95\t\xc2\xc2'), 'rssi': -43, 'actual_length': 9, 'data': bytearray(b'\x80\x1f\x00\x11\x00\x01\xc0\x01\x10')}}
2019-06-12 15:20:38,248 - INFO - tty.usbmodem0006822145041.ConfigurationClient: Model subscription status: AccessStatus.SUCCESS
2019-06-12 15:20:38,250 - INFO - tty.usbmodem0006822145041.ConfigurationClient: Added subscription 'c001' to model 1001 at element 0011
2019-06-12 15:20:42,944 - DEBUG - tty.usbmodem0006822145041.ConfigurationClient: Sending opcode: 801b, data: 120001c00110
2019-06-12 15:20:42,944 - DEBUG - tty.usbmodem0006822145041: TX: 13ab08000100000008000000801b120001c00110
2019-06-12 15:20:42,949 - DEBUG - tty.usbmodem0006822145041: RX: 0784ab000b000000
2019-06-12 15:20:42,950 - DEBUG - tty.usbmodem0006822145041: parsed_packet {event: CmdRsp, data: {'opcode': 171, 'status': 0, 'data': bytearray(b'\x0b\x00\x00\x00')}}
2019-06-12 15:20:42,950 - INFO - tty.usbmodem0006822145041: PacketSend: {'token': 11}
2019-06-12 15:20:42,954 - DEBUG - tty.usbmodem0006822145041: RX: 05d20b000000
2019-06-12 15:20:42,955 - DEBUG - tty.usbmodem0006822145041: parsed_packet {event: MeshTxComplete, data: {'token': 11}}
2019-06-12 15:20:42,955 - INFO - tty.usbmodem0006822145041: {event: MeshTxComplete, data: {'token': 11}}
2019-06-12 15:20:42,961 - DEBUG - tty.usbmodem0006822145041: RX: 1dd010000100080000001e01c8639509c2c2d10900801f00120001c00110
2019-06-12 15:20:42,961 - DEBUG - tty.usbmodem0006822145041: parsed_packet {event: MeshMessageReceivedUnicast, data: {'src': 16, 'dst': 1, 'appkey_handle': 8, 'subnet_handle': 0, 'ttl': 30, 'adv_addr_type': 1, 'adv_addr': bytearray(b'\xc8c\x95\t\xc2\xc2'), 'rssi': -47, 'actual_length': 9, 'data': bytearray(b'\x80\x1f\x00\x12\x00\x01\xc0\x01\x10')}}
2019-06-12 15:20:42,961 - INFO - tty.usbmodem0006822145041.ConfigurationClient: Model subscription status: AccessStatus.SUCCESS
2019-06-12 15:20:42,963 - INFO - tty.usbmodem0006822145041.ConfigurationClient: Added subscription 'c001' to model 1001 at element 0012
2019-06-12 15:20:49,308 - DEBUG - tty.usbmodem0006822145041.ConfigurationClient: Sending opcode: 03, data: 110001c000000100000110
2019-06-12 15:20:49,309 - DEBUG - tty.usbmodem0006822145041: TX: 17ab0800010000000800000003110001c000000100000110
2019-06-12 15:20:49,317 - DEBUG - tty.usbmodem0006822145041: RX: 0784ab000c000000
2019-06-12 15:20:49,317 - DEBUG - tty.usbmodem0006822145041: parsed_packet {event: CmdRsp, data: {'opcode': 171, 'status': 0, 'data': bytearray(b'\x0c\x00\x00\x00')}}
2019-06-12 15:20:49,318 - INFO - tty.usbmodem0006822145041: PacketSend: {'token': 12}
2019-06-12 15:20:49,375 - DEBUG - tty.usbmodem0006822145041: RX: 05d20c000000
2019-06-12 15:20:49,375 - DEBUG - tty.usbmodem0006822145041: parsed_packet {event: MeshTxComplete, data: {'token': 12}}
2019-06-12 15:20:49,376 - INFO - tty.usbmodem0006822145041: {event: MeshTxComplete, data: {'token': 12}}
2019-06-12 15:20:49,422 - DEBUG - tty.usbmodem0006822145041: RX: 22d010000100080000001e01c8639509c2c2d20e00801900110001c000000100000110
2019-06-12 15:20:49,422 - DEBUG - tty.usbmodem0006822145041: parsed_packet {event: MeshMessageReceivedUnicast, data: {'src': 16, 'dst': 1, 'appkey_handle': 8, 'subnet_handle': 0, 'ttl': 30, 'adv_addr_type': 1, 'adv_addr': bytearray(b'\xc8c\x95\t\xc2\xc2'), 'rssi': -46, 'actual_length': 14, 'data': bytearray(b'\x80\x19\x00\x11\x00\x01\xc0\x00\x00\x01\x00\x00\x01\x10')}}
2019-06-12 15:20:49,423 - INFO - tty.usbmodem0006822145041.ConfigurationClient: Model publication status: AccessStatus.SUCCESS
2019-06-12 15:20:49,425 - INFO - tty.usbmodem0006822145041.ConfigurationClient: Publication status for model 1001 at element 17 to {'address': c001, 'index': 0, 'ttl': 1, 'period': 0, 'retransmit': {'count': 0, 'interval_steps': 0, 'interval': 50}, 'credentials': <FriendshipCredentials.DISABLED: 0>}
2019-06-12 15:20:55,626 - DEBUG - tty.usbmodem0006822145041.ConfigurationClient: Sending opcode: 03, data: 120001c000000100000110
2019-06-12 15:20:55,627 - DEBUG - tty.usbmodem0006822145041: TX: 17ab0800010000000800000003120001c000000100000110
2019-06-12 15:20:55,635 - DEBUG - tty.usbmodem0006822145041: RX: 0784ab000d000000
2019-06-12 15:20:55,635 - DEBUG - tty.usbmodem0006822145041: parsed_packet {event: CmdRsp, data: {'opcode': 171, 'status': 0, 'data': bytearray(b'\r\x00\x00\x00')}}
2019-06-12 15:20:55,636 - INFO - tty.usbmodem0006822145041: PacketSend: {'token': 13}
2019-06-12 15:20:55,660 - DEBUG - tty.usbmodem0006822145041: RX: 05d20d000000
2019-06-12 15:20:55,660 - DEBUG - tty.usbmodem0006822145041: parsed_packet {event: MeshTxComplete, data: {'token': 13}}
2019-06-12 15:20:55,661 - INFO - tty.usbmodem0006822145041: {event: MeshTxComplete, data: {'token': 13}}
2019-06-12 15:20:55,719 - DEBUG - tty.usbmodem0006822145041: RX: 22d010000100080000001e01c8639509c2c2d10e00801900120001c000000100000110
2019-06-12 15:20:55,719 - DEBUG - tty.usbmodem0006822145041: parsed_packet {event: MeshMessageReceivedUnicast, data: {'src': 16, 'dst': 1, 'appkey_handle': 8, 'subnet_handle': 0, 'ttl': 30, 'adv_addr_type': 1, 'adv_addr': bytearray(b'\xc8c\x95\t\xc2\xc2'), 'rssi': -47, 'actual_length': 14, 'data': bytearray(b'\x80\x19\x00\x12\x00\x01\xc0\x00\x00\x01\x00\x00\x01\x10')}}
2019-06-12 15:20:55,720 - INFO - tty.usbmodem0006822145041.ConfigurationClient: Model publication status: AccessStatus.SUCCESS
2019-06-12 15:20:55,722 - INFO - tty.usbmodem0006822145041.ConfigurationClient: Publication status for model 1001 at element 18 to {'address': c001, 'index': 0, 'ttl': 1, 'period': 0, 'retransmit': {'count': 0, 'interval_steps': 0, 'interval': 50}, 'credentials': <FriendshipCredentials.DISABLED: 0>}
2019-06-12 17:43:48,982 - DEBUG - tty.usbmodem0006822145041.ConfigurationClient: Sending opcode: 8008, data: 00
2019-06-12 17:43:48,986 - DEBUG - tty.usbmodem0006822145041: TX: 0eab08000100000008000000800800
2019-06-12 17:43:48,996 - DEBUG - tty.usbmodem0006822145041: RX: 0784ab000e000000
2019-06-12 17:43:48,996 - DEBUG - tty.usbmodem0006822145041: parsed_packet {event: CmdRsp, data: {'opcode': 171, 'status': 0, 'data': bytearray(b'\x0e\x00\x00\x00')}}
2019-06-12 17:43:48,997 - INFO - tty.usbmodem0006822145041: PacketSend: {'token': 14}
2019-06-12 17:43:49,008 - DEBUG - tty.usbmodem0006822145041: RX: 05d20e000000
2019-06-12 17:43:49,008 - DEBUG - tty.usbmodem0006822145041: parsed_packet {event: MeshTxComplete, data: {'token': 14}}
2019-06-12 17:43:49,008 - INFO - tty.usbmodem0006822145041: {event: MeshTxComplete, data: {'token': 14}}
2019-06-12 17:43:49,068 - DEBUG - tty.usbmodem0006822145041: RX: 34d010000100080000001e01c8639509c2c2da20000200590000000000280003000000020000000200000001000110000001000110
2019-06-12 17:43:49,069 - DEBUG - tty.usbmodem0006822145041: parsed_packet {event: MeshMessageReceivedUnicast, data: {'src': 16, 'dst': 1, 'appkey_handle': 8, 'subnet_handle': 0, 'ttl': 30, 'adv_addr_type': 1, 'adv_addr': bytearray(b'\xc8c\x95\t\xc2\xc2'), 'rssi': -38, 'actual_length': 32, 'data': bytearray(b'\x02\x00Y\x00\x00\x00\x00\x00(\x00\x03\x00\x00\x00\x02\x00\x00\x00\x02\x00\x00\x00\x01\x00\x01\x10\x00\x00\x01\x00\x01\x10')}}
2019-06-12 17:43:49,074 - INFO - tty.usbmodem0006822145041.ConfigurationClient: Received composition data (page 0x00): {
  "cid": "0059",
  "pid": "0000",
  "vid": "0000",
  "crpl": 40,
  "features": {
    "relay": 0,
    "proxy": 0,
    "friend": 2,
    "low_power": 2
  },
  "elements": [
    {
      "index": 0,
      "location": "0000",
      "models": [
        {
          "modelId": "0000"
        },
        {
          "modelId": "0002"
        }
      ]
    },
    {
      "index": 1,
      "location": "0000",
      "models": [
        {
          "modelId": "1001"
        }
      ]
    },
    {
      "index": 2,
      "location": "0000",
      "models": [
        {
          "modelId": "1001"
        }
      ]
    }
  ]
}
2019-06-12 17:43:49,074 - DEBUG - tty.usbmodem0006822145041: Message Opcode bytearray(b'\x02'), Data bytearray(b'\x00Y\x00\x00\x00\x00\x00(\x00\x03\x00\x00\x00\x02\x00\x00\x00\x02\x00\x00\x00\x01\x00\x01\x10\x00\x00\x01\x00\x01\x10') unknown for model <mesh.access.Access object at 0x1093524a8>.
2019-06-12 17:43:49,074 - INFO - tty.usbmodem0006822145041: {event: MeshMessageReceivedUnicast, data: {'src': 16, 'dst': 1, 'appkey_handle': 8, 'subnet_handle': 0, 'ttl': 30, 'adv_addr_type': 1, 'adv_addr': bytearray(b'\xc8c\x95\t\xc2\xc2'), 'rssi': -38, 'actual_length': 32, 'data': bytearray(b'\x02\x00Y\x00\x00\x00\x00\x00(\x00\x03\x00\x00\x00\x02\x00\x00\x00\x02\x00\x00\x00\x01\x00\x01\x10\x00\x00\x01\x00\x01\x10')}}
2019-06-12 17:57:12,066 - DEBUG - tty.usbmodem0006822145041: exited read event
