2019-07-10 15:30:08,803 - DEBUG - tty.usbmodem0006822145041: Writing: 105 bytearray(b'\xfb\x96\x04\xfd\xd0H\x1e\xc4\x00\xac&\xfa\xdb+\xa9\x85\xfd\xa9j\xe4\xfc\x9by\x08N\xfc\x88uaTH\x0e\x1d\x1f\x8c5%\x97\x13h|\xa4\x81\xc4\x07\xc6g=f\xc4\x18\xd8\x1eIc\xc2/\x13\xb1\x14\xb9L\xb8\xd5X\xb1\xf4n\xd6\xd4zl`\xa5\xd4L6\xe2\xe1b\xfb\xa5\xde\xc4C[|\x1a60\xf9\xab\x9en\xfdt')
2019-07-10 15:30:08,804 - DEBUG - tty.usbmodem0006822145041: TX: 6169fb9604fdd0481ec400ac26fadb2ba985fda96ae4fc9b79084efc88756154480e1d1f8c35259713687ca481c407c6673d66c418d81e4963c22f13b114b94cb8d558b1f46ed6d47a6c60a5d44c36e2e162fba5dec4435b7c1a3630f9ab9e6efd74
2019-07-10 15:30:08,814 - DEBUG - tty.usbmodem0006822145041: RX: 03845384
2019-07-10 15:30:08,814 - DEBUG - tty.usbmodem0006822145041: parsed_packet {event: CmdRsp, data: {'opcode': 83, 'status': 132, 'data': bytearray(b'')}}
2019-07-10 15:30:08,815 - ERROR - tty.usbmodem0006822145041: None: ERROR_INVALID_LENGTH
2019-07-10 15:30:08,815 - DEBUG - tty.usbmodem0006822145041: Writing: 159 bytearray(b'\x01\x00\x01\x00')
2019-07-10 15:30:08,815 - DEBUG - tty.usbmodem0006822145041: TX: 059f01000100
2019-07-10 15:30:08,815 - DEBUG - tty.usbmodem0006822145041: RX: 03840084
2019-07-10 15:30:08,816 - DEBUG - tty.usbmodem0006822145041: parsed_packet {event: CmdRsp, data: {'opcode': 0, 'status': 132, 'data': bytearray(b'')}}
2019-07-10 15:30:08,816 - ERROR - tty.usbmodem0006822145041: None: ERROR_INVALID_LENGTH
2019-07-10 15:30:08,816 - DEBUG - tty.usbmodem0006822145041: Writing: 146 bytearray(b'\x00\x00\x18\xee\xd9\xc2\xa5j\xdd\x85\x04\x9f\xfc<Y\xad\x0e\x12')
2019-07-10 15:30:08,816 - DEBUG - tty.usbmodem0006822145041: RX: 03840084
2019-07-10 15:30:08,824 - DEBUG - tty.usbmodem0006822145041: TX: 1392000018eed9c2a56add85049ffc3c59ad0e12
2019-07-10 15:30:08,825 - DEBUG - tty.usbmodem0006822145041: parsed_packet {event: CmdRsp, data: {'opcode': 0, 'status': 132, 'data': bytearray(b'')}}
2019-07-10 15:30:08,825 - ERROR - tty.usbmodem0006822145041: None: ERROR_INVALID_LENGTH
2019-07-10 15:30:08,825 - DEBUG - tty.usbmodem0006822145041: Writing: 151 bytearray(b'\x00\x00\x00\x00Oh\xad\x85\xd9\xf4\x8a\xc8X\x9d\xf6e\xb6\xb4\x9b\x8a')
2019-07-10 15:30:08,826 - DEBUG - tty.usbmodem0006822145041: RX: 03840084
2019-07-10 15:30:08,826 - DEBUG - tty.usbmodem0006822145041: TX: 1597000000004f68ad85d9f48ac8589df665b6b49b8a
2019-07-10 15:30:08,826 - DEBUG - tty.usbmodem0006822145041: parsed_packet {event: CmdRsp, data: {'opcode': 0, 'status': 132, 'data': bytearray(b'')}}
2019-07-10 15:30:08,827 - ERROR - tty.usbmodem0006822145041: None: ERROR_INVALID_LENGTH
2019-07-10 15:30:08,827 - DEBUG - tty.usbmodem0006822145041: Writing: 151 bytearray(b'\x01\x00\x00\x00*\xa2\xa6\xde\xd5\xa0y\x8c\xea\xb5x|\xa3\xae9\xfc')
2019-07-10 15:30:08,827 - DEBUG - tty.usbmodem0006822145041: TX: 1597010000002aa2a6ded5a0798ceab5787ca3ae39fc
2019-07-10 15:30:08,828 - DEBUG - tty.usbmodem0006822145041: RX: 03840084
2019-07-10 15:30:08,828 - DEBUG - tty.usbmodem0006822145041: parsed_packet {event: CmdRsp, data: {'opcode': 0, 'status': 132, 'data': bytearray(b'')}}
2019-07-10 15:30:08,828 - ERROR - tty.usbmodem0006822145041: None: ERROR_INVALID_LENGTH
2019-07-10 15:30:08,829 - DEBUG - tty.usbmodem0006822145041: RX: 03840084
2019-07-10 15:30:08,829 - DEBUG - tty.usbmodem0006822145041: parsed_packet {event: CmdRsp, data: {'opcode': 0, 'status': 132, 'data': bytearray(b'')}}
2019-07-10 15:30:08,829 - ERROR - tty.usbmodem0006822145041: None: ERROR_INVALID_LENGTH
2019-07-10 15:30:08,829 - DEBUG - tty.usbmodem0006822145041: RX: 03840084
2019-07-10 15:30:08,829 - DEBUG - tty.usbmodem0006822145041: parsed_packet {event: CmdRsp, data: {'opcode': 0, 'status': 132, 'data': bytearray(b'')}}
2019-07-10 15:30:08,830 - ERROR - tty.usbmodem0006822145041: None: ERROR_INVALID_LENGTH
2019-07-10 15:30:08,830 - DEBUG - tty.usbmodem0006822145041: RX: 03840084
2019-07-10 15:30:08,830 - DEBUG - tty.usbmodem0006822145041: parsed_packet {event: CmdRsp, data: {'opcode': 0, 'status': 132, 'data': bytearray(b'')}}
2019-07-10 15:30:08,830 - ERROR - tty.usbmodem0006822145041: None: ERROR_INVALID_LENGTH
2019-07-10 15:30:08,830 - DEBUG - tty.usbmodem0006822145041: RX: 03840084
2019-07-10 15:30:08,830 - DEBUG - tty.usbmodem0006822145041: parsed_packet {event: CmdRsp, data: {'opcode': 0, 'status': 132, 'data': bytearray(b'')}}
2019-07-10 15:30:08,830 - ERROR - tty.usbmodem0006822145041: None: ERROR_INVALID_LENGTH
2019-07-10 15:30:08,831 - DEBUG - tty.usbmodem0006822145041: RX: 03840084
2019-07-10 15:30:08,831 - DEBUG - tty.usbmodem0006822145041: parsed_packet {event: CmdRsp, data: {'opcode': 0, 'status': 132, 'data': bytearray(b'')}}
2019-07-10 15:30:08,831 - ERROR - tty.usbmodem0006822145041: None: ERROR_INVALID_LENGTH
2019-07-10 15:30:08,831 - DEBUG - tty.usbmodem0006822145041: RX: 03840084
2019-07-10 15:30:08,831 - DEBUG - tty.usbmodem0006822145041: parsed_packet {event: CmdRsp, data: {'opcode': 0, 'status': 132, 'data': bytearray(b'')}}
2019-07-10 15:30:08,831 - ERROR - tty.usbmodem0006822145041: None: ERROR_INVALID_LENGTH
2019-07-10 15:30:08,847 - DEBUG - tty.usbmodem0006822145041: RX: 03840084
2019-07-10 15:30:08,848 - DEBUG - tty.usbmodem0006822145041: parsed_packet {event: CmdRsp, data: {'opcode': 0, 'status': 132, 'data': bytearray(b'')}}
2019-07-10 15:30:08,848 - ERROR - tty.usbmodem0006822145041: None: ERROR_INVALID_LENGTH
2019-07-10 15:30:08,848 - DEBUG - tty.usbmodem0006822145041: RX: 03840084
2019-07-10 15:30:08,848 - DEBUG - tty.usbmodem0006822145041: parsed_packet {event: CmdRsp, data: {'opcode': 0, 'status': 132, 'data': bytearray(b'')}}
2019-07-10 15:30:08,849 - ERROR - tty.usbmodem0006822145041: None: ERROR_INVALID_LENGTH
2019-07-10 15:30:08,849 - DEBUG - tty.usbmodem0006822145041: RX: 03849f8e
2019-07-10 15:30:08,849 - DEBUG - tty.usbmodem0006822145041: parsed_packet {event: CmdRsp, data: {'opcode': 159, 'status': 142, 'data': bytearray(b'')}}
2019-07-10 15:30:08,849 - ERROR - tty.usbmodem0006822145041: None: ERROR_REJECTED
2019-07-10 15:30:08,849 - DEBUG - tty.usbmodem0006822145041: RX: 03849281
2019-07-10 15:30:08,850 - DEBUG - tty.usbmodem0006822145041: parsed_packet {event: CmdRsp, data: {'opcode': 146, 'status': 129, 'data': bytearray(b'')}}
2019-07-10 15:30:08,850 - ERROR - tty.usbmodem0006822145041: SubnetAdd: ERROR_INTERNAL
2019-07-10 15:30:08,850 - DEBUG - tty.usbmodem0006822145041: RX: 03849781
2019-07-10 15:30:08,866 - DEBUG - tty.usbmodem0006822145041: parsed_packet {event: CmdRsp, data: {'opcode': 151, 'status': 129, 'data': bytearray(b'')}}
2019-07-10 15:30:08,866 - ERROR - tty.usbmodem0006822145041: AppkeyAdd: ERROR_INTERNAL
2019-07-10 15:30:08,866 - DEBUG - tty.usbmodem0006822145041: RX: 03849781
2019-07-10 15:30:08,866 - DEBUG - tty.usbmodem0006822145041: parsed_packet {event: CmdRsp, data: {'opcode': 151, 'status': 129, 'data': bytearray(b'')}}
2019-07-10 15:30:08,867 - ERROR - tty.usbmodem0006822145041: AppkeyAdd: ERROR_INTERNAL
2019-07-10 15:30:11,239 - DEBUG - tty.usbmodem0006822145041: Writing: 97 bytearray(b'')
2019-07-10 15:30:11,242 - DEBUG - tty.usbmodem0006822145041: TX: 0161
2019-07-10 15:30:11,249 - DEBUG - tty.usbmodem0006822145041: RX: 03846100
2019-07-10 15:30:11,249 - DEBUG - tty.usbmodem0006822145041: parsed_packet {event: CmdRsp, data: {'opcode': 97, 'status': 0, 'data': bytearray(b'')}}
2019-07-10 15:30:11,251 - INFO - tty.usbmodem0006822145041: Success
2019-07-10 15:30:18,346 - DEBUG - tty.usbmodem0006822145041: RX: 1ac09db77a0526b8734988639509c242d107c80001c8639509c2c2
2019-07-10 15:30:18,347 - DEBUG - tty.usbmodem0006822145041: parsed_packet {event: ProvUnprovisionedReceived, data: {'uuid': bytearray(b'\x9d\xb7z\x05&\xb8sI\x88c\x95\t\xc2B\xd1\x07'), 'rssi': -56, 'gatt_supported': 0, 'adv_addr_type': 1, 'adv_addr': bytearray(b'\xc8c\x95\t\xc2\xc2')}}
2019-07-10 15:30:18,347 - INFO - tty.usbmodem0006822145041: {event: ProvUnprovisionedReceived, data: {'uuid': bytearray(b'\x9d\xb7z\x05&\xb8sI\x88c\x95\t\xc2B\xd1\x07'), 'rssi': -56, 'gatt_supported': 0, 'adv_addr_type': 1, 'adv_addr': bytearray(b'\xc8c\x95\t\xc2\xc2')}}
2019-07-10 15:30:18,347 - INFO - tty.usbmodem0006822145041: Received UUID 9db77a0526b8734988639509c242d107 with RSSI: -56 dB
2019-07-10 15:30:19,345 - DEBUG - tty.usbmodem0006822145041: RX: 1ac09db77a0526b8734988639509c242d107c50001c8639509c2c2
2019-07-10 15:30:19,346 - DEBUG - tty.usbmodem0006822145041: parsed_packet {event: ProvUnprovisionedReceived, data: {'uuid': bytearray(b'\x9d\xb7z\x05&\xb8sI\x88c\x95\t\xc2B\xd1\x07'), 'rssi': -59, 'gatt_supported': 0, 'adv_addr_type': 1, 'adv_addr': bytearray(b'\xc8c\x95\t\xc2\xc2')}}
2019-07-10 15:30:19,346 - INFO - tty.usbmodem0006822145041: {event: ProvUnprovisionedReceived, data: {'uuid': bytearray(b'\x9d\xb7z\x05&\xb8sI\x88c\x95\t\xc2B\xd1\x07'), 'rssi': -59, 'gatt_supported': 0, 'adv_addr_type': 1, 'adv_addr': bytearray(b'\xc8c\x95\t\xc2\xc2')}}
2019-07-10 15:30:21,349 - DEBUG - tty.usbmodem0006822145041: RX: 1ac09db77a0526b8734988639509c242d107cc0001c8639509c2c2
2019-07-10 15:30:21,350 - DEBUG - tty.usbmodem0006822145041: parsed_packet {event: ProvUnprovisionedReceived, data: {'uuid': bytearray(b'\x9d\xb7z\x05&\xb8sI\x88c\x95\t\xc2B\xd1\x07'), 'rssi': -52, 'gatt_supported': 0, 'adv_addr_type': 1, 'adv_addr': bytearray(b'\xc8c\x95\t\xc2\xc2')}}
2019-07-10 15:30:21,350 - INFO - tty.usbmodem0006822145041: {event: ProvUnprovisionedReceived, data: {'uuid': bytearray(b'\x9d\xb7z\x05&\xb8sI\x88c\x95\t\xc2B\xd1\x07'), 'rssi': -52, 'gatt_supported': 0, 'adv_addr_type': 1, 'adv_addr': bytearray(b'\xc8c\x95\t\xc2\xc2')}}
2019-07-10 15:30:21,592 - ERROR - tty.usbmodem0006822145041: uuid 9db77a0526b8734988639509c242d107 already in database
2019-07-10 15:30:21,592 - ERROR - tty.usbmodem0006822145041: Remove node 9db77a0526b8734988639509c242d107 from database
2019-07-10 15:30:21,593 - DEBUG - tty.usbmodem0006822145041: Writing: 98 bytearray(b'')
2019-07-10 15:30:21,593 - DEBUG - tty.usbmodem0006822145041: TX: 0162
2019-07-10 15:30:21,598 - DEBUG - tty.usbmodem0006822145041: Writing: 99 bytearray(b'\x00\x9d\xb7z\x05&\xb8sI\x88c\x95\t\xc2B\xd1\x07\x18\xee\xd9\xc2\xa5j\xdd\x85\x04\x9f\xfc<Y\xad\x0e\x12\x00\x00\x00\x00\x00\x00\x80\x00\x00\x00\x00')
2019-07-10 15:30:21,598 - DEBUG - tty.usbmodem0006822145041: TX: 2d63009db77a0526b8734988639509c242d10718eed9c2a56add85049ffc3c59ad0e120000000000008000000000
2019-07-10 15:30:21,599 - DEBUG - tty.usbmodem0006822145041: RX: 03846200
2019-07-10 15:30:21,608 - DEBUG - tty.usbmodem0006822145041: parsed_packet {event: CmdRsp, data: {'opcode': 98, 'status': 0, 'data': bytearray(b'')}}
2019-07-10 15:30:21,609 - INFO - tty.usbmodem0006822145041: Success
2019-07-10 15:30:21,616 - DEBUG - tty.usbmodem0006822145041: RX: 0484630000
2019-07-10 15:30:21,617 - DEBUG - tty.usbmodem0006822145041: parsed_packet {event: CmdRsp, data: {'opcode': 99, 'status': 0, 'data': bytearray(b'\x00')}}
2019-07-10 15:30:21,617 - INFO - tty.usbmodem0006822145041: Provision: {'context': 0}
2019-07-10 15:30:21,630 - DEBUG - tty.usbmodem0006822145041: RX: 02c100
2019-07-10 15:30:21,631 - DEBUG - tty.usbmodem0006822145041: parsed_packet {event: ProvLinkEstablished, data: {'context_id': 0}}
2019-07-10 15:30:21,631 - INFO - tty.usbmodem0006822145041: {event: ProvLinkEstablished, data: {'context_id': 0}}
2019-07-10 15:30:21,632 - INFO - tty.usbmodem0006822145041: Link established
2019-07-10 15:30:21,681 - DEBUG - tty.usbmodem0006822145041: RX: 0bc3000e0001000000000000
2019-07-10 15:30:21,682 - DEBUG - tty.usbmodem0006822145041: parsed_packet {event: ProvCapsReceived, data: {'context_id': 0, 'num_elements': 14, 'public_key_type': 0, 'static_oob_types': 1, 'output_oob_size': 0, 'output_oob_actions': 0, 'input_oob_size': 0, 'input_oob_actions': 0}}
2019-07-10 15:30:21,682 - INFO - tty.usbmodem0006822145041: {event: ProvCapsReceived, data: {'context_id': 0, 'num_elements': 14, 'public_key_type': 0, 'static_oob_types': 1, 'output_oob_size': 0, 'output_oob_actions': 0, 'input_oob_size': 0, 'input_oob_actions': 0}}
2019-07-10 15:30:21,682 - INFO - tty.usbmodem0006822145041: Received capabilities
2019-07-10 15:30:21,682 - INFO - tty.usbmodem0006822145041: Number of elements: 14
2019-07-10 15:30:21,682 - DEBUG - tty.usbmodem0006822145041: Writing: 102 bytearray(b'\x00\x00\x00\x00')
2019-07-10 15:30:21,682 - DEBUG - tty.usbmodem0006822145041: TX: 056600000000
2019-07-10 15:30:21,684 - DEBUG - tty.usbmodem0006822145041: RX: 0484660000
2019-07-10 15:30:21,684 - DEBUG - tty.usbmodem0006822145041: parsed_packet {event: CmdRsp, data: {'opcode': 102, 'status': 0, 'data': bytearray(b'\x00')}}
2019-07-10 15:30:21,685 - INFO - tty.usbmodem0006822145041: OobUse: {'context': 0}
2019-07-10 15:30:21,884 - DEBUG - tty.usbmodem0006822145041: RX: 62c700104c575e04a7dfd96b6eb648dda4333f76875a2c1cb798837808ed552572d0cb4e66299c6f49e3ec8960a599970735bdbdd32198c81a918c85c70c2ca642ae5c311b68fb3feee07ff820547f91ee5e90d124a37a19d297d9e036ac34c38bd751
2019-07-10 15:30:21,884 - DEBUG - tty.usbmodem0006822145041: parsed_packet {event: ProvEcdhRequest, data: {'context_id': 0, 'peer_public': bytearray(b'\x10LW^\x04\xa7\xdf\xd9kn\xb6H\xdd\xa43?v\x87Z,\x1c\xb7\x98\x83x\x08\xedU%r\xd0\xcbNf)\x9coI\xe3\xec\x89`\xa5\x99\x97\x075\xbd\xbd\xd3!\x98\xc8\x1a\x91\x8c\x85\xc7\x0c,\xa6B\xae\\'), 'node_private': bytearray(b'1\x1bh\xfb?\xee\xe0\x7f\xf8 T\x7f\x91\xee^\x90\xd1$\xa3z\x19\xd2\x97\xd9\xe06\xac4\xc3\x8b\xd7Q')}}
2019-07-10 15:30:21,885 - INFO - tty.usbmodem0006822145041: {event: ProvEcdhRequest, data: {'context_id': 0, 'peer_public': bytearray(b'\x10LW^\x04\xa7\xdf\xd9kn\xb6H\xdd\xa43?v\x87Z,\x1c\xb7\x98\x83x\x08\xedU%r\xd0\xcbNf)\x9coI\xe3\xec\x89`\xa5\x99\x97\x075\xbd\xbd\xd3!\x98\xc8\x1a\x91\x8c\x85\xc7\x0c,\xa6B\xae\\'), 'node_private': bytearray(b'1\x1bh\xfb?\xee\xe0\x7f\xf8 T\x7f\x91\xee^\x90\xd1$\xa3z\x19\xd2\x97\xd9\xe06\xac4\xc3\x8b\xd7Q')}}
2019-07-10 15:30:21,885 - INFO - tty.usbmodem0006822145041: ECDH request received
2019-07-10 15:30:21,885 - DEBUG - tty.usbmodem0006822145041: Writing: 104 bytearray(b'\x00i\x9a>J\x03\x03\x03\x99o\x10f\xa3\x86^\xf9\xa6\xcf\xe8\xf3\xff\x9e\xc0\x1aSd\xf5\x7f\xa2\x1b\x9d\xa8\x1e')
2019-07-10 15:30:21,886 - DEBUG - tty.usbmodem0006822145041: TX: 226800699a3e4a030303996f1066a3865ef9a6cfe8f3ff9ec01a5364f57fa21b9da81e
2019-07-10 15:30:21,891 - DEBUG - tty.usbmodem0006822145041: RX: 0484680000
2019-07-10 15:30:21,891 - DEBUG - tty.usbmodem0006822145041: parsed_packet {event: CmdRsp, data: {'opcode': 104, 'status': 0, 'data': bytearray(b'\x00')}}
2019-07-10 15:30:21,892 - INFO - tty.usbmodem0006822145041: EcdhSecret: {'context': 0}
2019-07-10 15:30:22,246 - DEBUG - tty.usbmodem0006822145041: RX: 2cc5000000000000008000000090372f0c764bffb94a4526453ef1e65b18eed9c2a56add85049ffc3c59ad0e12
2019-07-10 15:30:22,247 - DEBUG - tty.usbmodem0006822145041: parsed_packet {event: ProvComplete, data: {'context_id': 0, 'iv_index': 0, 'net_key_index': 0, 'address': 128, 'iv_update_flag': 0, 'key_refresh_flag': 0, 'device_key': bytearray(b'\x907/\x0cvK\xff\xb9JE&E>\xf1\xe6['), 'net_key': bytearray(b'\x18\xee\xd9\xc2\xa5j\xdd\x85\x04\x9f\xfc<Y\xad\x0e\x12')}}
2019-07-10 15:30:22,247 - INFO - tty.usbmodem0006822145041: {event: ProvComplete, data: {'context_id': 0, 'iv_index': 0, 'net_key_index': 0, 'address': 128, 'iv_update_flag': 0, 'key_refresh_flag': 0, 'device_key': bytearray(b'\x907/\x0cvK\xff\xb9JE&E>\xf1\xe6['), 'net_key': bytearray(b'\x18\xee\xd9\xc2\xa5j\xdd\x85\x04\x9f\xfc<Y\xad\x0e\x12')}}
2019-07-10 15:30:22,247 - INFO - tty.usbmodem0006822145041: Provisioning complete
2019-07-10 15:30:22,247 - INFO - tty.usbmodem0006822145041: 	Address(es): 0x80-0x8d
2019-07-10 15:30:22,247 - INFO - tty.usbmodem0006822145041: 	Device key: 90372f0c764bffb94a4526453ef1e65b
2019-07-10 15:30:22,248 - INFO - tty.usbmodem0006822145041: 	Network key: 18eed9c2a56add85049ffc3c59ad0e12
2019-07-10 15:30:22,248 - INFO - tty.usbmodem0006822145041: Adding device key to subnet 0
2019-07-10 15:30:22,248 - INFO - tty.usbmodem0006822145041: Adding publication address of root element
2019-07-10 15:30:22,248 - DEBUG - tty.usbmodem0006822145041: Writing: 156 bytearray(b'\x80\x00\x00\x00\x907/\x0cvK\xff\xb9JE&E>\xf1\xe6[')
2019-07-10 15:30:22,248 - DEBUG - tty.usbmodem0006822145041: TX: 159c8000000090372f0c764bffb94a4526453ef1e65b
2019-07-10 15:30:22,250 - DEBUG - tty.usbmodem0006822145041: Writing: 164 bytearray(b'\x80\x00')
2019-07-10 15:30:22,250 - DEBUG - tty.usbmodem0006822145041: TX: 03a48000
2019-07-10 15:30:24,253 - INFO - tty.usbmodem0006822145041: cmd AddrPublicationAdd, timeout waiting for event
2019-07-10 15:30:32,254 - DEBUG - tty.usbmodem0006822145041: RX: 05849c000d00
2019-07-10 15:30:32,255 - DEBUG - tty.usbmodem0006822145041: parsed_packet {event: CmdRsp, data: {'opcode': 156, 'status': 0, 'data': bytearray(b'\r\x00')}}
2019-07-10 15:30:32,255 - INFO - tty.usbmodem0006822145041: DevkeyAdd: {'devkey_handle': 13}
2019-07-10 15:30:32,256 - DEBUG - tty.usbmodem0006822145041: RX: 0584a4000500
2019-07-10 15:30:32,256 - DEBUG - tty.usbmodem0006822145041: parsed_packet {event: CmdRsp, data: {'opcode': 164, 'status': 0, 'data': bytearray(b'\x05\x00')}}
2019-07-10 15:30:32,257 - INFO - tty.usbmodem0006822145041: AddrPublicationAdd: {'address_handle': 5}
2019-07-10 15:30:32,257 - ERROR - tty.usbmodem0006822145041: Error storing address handle: pop from empty list
2019-07-10 15:30:32,262 - DEBUG - tty.usbmodem0006822145041: RX: 03c20000
2019-07-10 15:30:32,263 - DEBUG - tty.usbmodem0006822145041: parsed_packet {event: ProvLinkClosed, data: {'context_id': 0, 'close_reason': 0}}
2019-07-10 15:30:32,263 - INFO - tty.usbmodem0006822145041: {event: ProvLinkClosed, data: {'context_id': 0, 'close_reason': 0}}
2019-07-10 15:30:32,263 - INFO - tty.usbmodem0006822145041: Provisioning link closed
2019-07-10 15:30:32,982 - DEBUG - tty.usbmodem0006822145041.ConfigurationClient: Sending opcode: 8008, data: 00
2019-07-10 15:30:32,982 - DEBUG - tty.usbmodem0006822145041.ConfigurationClient: Sending opcode: 00, data: 0000004f68ad85d9f48ac8589df665b6b49b8a
2019-07-10 15:30:32,983 - DEBUG - tty.usbmodem0006822145041: Writing: 171 bytearray(b'\x08\x00\x01\x00\x00\x00\x08\x00\x00\x00\x80\x08\x00')
2019-07-10 15:30:32,984 - DEBUG - tty.usbmodem0006822145041: TX: 0eab08000100000008000000800800
2019-07-10 15:30:32,988 - DEBUG - tty.usbmodem0006822145041: Writing: 171 bytearray(b'\x08\x00\x01\x00\x00\x00\x08\x00\x00\x00\x00\x00\x00\x00Oh\xad\x85\xd9\xf4\x8a\xc8X\x9d\xf6e\xb6\xb4\x9b\x8a')
2019-07-10 15:30:32,989 - DEBUG - tty.usbmodem0006822145041: RX: 0784ab000d000000
2019-07-10 15:30:32,994 - DEBUG - tty.usbmodem0006822145041: TX: 1fab08000100000008000000000000004f68ad85d9f48ac8589df665b6b49b8a
2019-07-10 15:30:32,995 - DEBUG - tty.usbmodem0006822145041: parsed_packet {event: CmdRsp, data: {'opcode': 171, 'status': 0, 'data': bytearray(b'\r\x00\x00\x00')}}
2019-07-10 15:30:32,996 - INFO - tty.usbmodem0006822145041: PacketSend: {'token': 13}
2019-07-10 15:30:33,002 - DEBUG - tty.usbmodem0006822145041: RX: 0784ab000e000000
2019-07-10 15:30:33,002 - DEBUG - tty.usbmodem0006822145041: parsed_packet {event: CmdRsp, data: {'opcode': 171, 'status': 0, 'data': bytearray(b'\x0e\x00\x00\x00')}}
2019-07-10 15:30:33,002 - INFO - tty.usbmodem0006822145041: PacketSend: {'token': 14}
2019-07-10 15:30:33,005 - DEBUG - tty.usbmodem0006822145041: RX: 05d20d000000
2019-07-10 15:30:33,006 - DEBUG - tty.usbmodem0006822145041: parsed_packet {event: MeshTxComplete, data: {'token': 13}}
2019-07-10 15:30:33,007 - INFO - tty.usbmodem0006822145041: {event: MeshTxComplete, data: {'token': 13}}
2019-07-10 15:30:56,888 - DEBUG - tty.usbmodem0006822145041.ConfigurationClient: Sending opcode: 8008, data: 00
2019-07-10 15:30:56,889 - DEBUG - tty.usbmodem0006822145041.ConfigurationClient: Sending opcode: 00, data: 0000004f68ad85d9f48ac8589df665b6b49b8a
2019-07-10 15:30:56,889 - DEBUG - tty.usbmodem0006822145041: Writing: 171 bytearray(b'\x08\x00\x01\x00\x00\x00\x08\x00\x00\x00\x80\x08\x00')
2019-07-10 15:30:56,895 - DEBUG - tty.usbmodem0006822145041: TX: 0eab08000100000008000000800800
2019-07-10 15:30:56,896 - DEBUG - tty.usbmodem0006822145041: Writing: 171 bytearray(b'\x08\x00\x01\x00\x00\x00\x08\x00\x00\x00\x00\x00\x00\x00Oh\xad\x85\xd9\xf4\x8a\xc8X\x9d\xf6e\xb6\xb4\x9b\x8a')
2019-07-10 15:30:56,899 - DEBUG - tty.usbmodem0006822145041: RX: 0784ab000f000000
2019-07-10 15:30:56,903 - DEBUG - tty.usbmodem0006822145041: TX: 1fab08000100000008000000000000004f68ad85d9f48ac8589df665b6b49b8a
2019-07-10 15:30:56,904 - DEBUG - tty.usbmodem0006822145041: parsed_packet {event: CmdRsp, data: {'opcode': 171, 'status': 0, 'data': bytearray(b'\x0f\x00\x00\x00')}}
2019-07-10 15:30:56,904 - INFO - tty.usbmodem0006822145041: PacketSend: {'token': 15}
2019-07-10 15:30:56,910 - DEBUG - tty.usbmodem0006822145041: RX: 0784ab0010000000
2019-07-10 15:30:56,910 - DEBUG - tty.usbmodem0006822145041: parsed_packet {event: CmdRsp, data: {'opcode': 171, 'status': 0, 'data': bytearray(b'\x10\x00\x00\x00')}}
2019-07-10 15:30:56,911 - INFO - tty.usbmodem0006822145041: PacketSend: {'token': 16}
2019-07-10 15:30:56,915 - DEBUG - tty.usbmodem0006822145041: RX: 05d20f000000
2019-07-10 15:30:56,915 - DEBUG - tty.usbmodem0006822145041: parsed_packet {event: MeshTxComplete, data: {'token': 15}}
2019-07-10 15:30:56,916 - INFO - tty.usbmodem0006822145041: {event: MeshTxComplete, data: {'token': 15}}
2019-07-10 15:32:20,483 - DEBUG - tty.usbmodem0006822145041.ConfigurationClient: Sending opcode: 8008, data: 00
2019-07-10 15:32:20,484 - DEBUG - tty.usbmodem0006822145041.ConfigurationClient: Sending opcode: 00, data: 0000004f68ad85d9f48ac8589df665b6b49b8a
2019-07-10 15:32:20,484 - DEBUG - tty.usbmodem0006822145041: Writing: 171 bytearray(b'\x08\x00\x01\x00\x00\x00\x08\x00\x00\x00\x80\x08\x00')
2019-07-10 15:32:20,485 - DEBUG - tty.usbmodem0006822145041: TX: 0eab08000100000008000000800800
2019-07-10 15:32:20,490 - DEBUG - tty.usbmodem0006822145041: Writing: 171 bytearray(b'\x08\x00\x01\x00\x00\x00\x08\x00\x00\x00\x00\x00\x00\x00Oh\xad\x85\xd9\xf4\x8a\xc8X\x9d\xf6e\xb6\xb4\x9b\x8a')
2019-07-10 15:32:20,492 - DEBUG - tty.usbmodem0006822145041: RX: 0784ab0011000000
2019-07-10 15:32:20,494 - DEBUG - tty.usbmodem0006822145041: TX: 1fab08000100000008000000000000004f68ad85d9f48ac8589df665b6b49b8a
2019-07-10 15:32:20,495 - DEBUG - tty.usbmodem0006822145041: parsed_packet {event: CmdRsp, data: {'opcode': 171, 'status': 0, 'data': bytearray(b'\x11\x00\x00\x00')}}
2019-07-10 15:32:20,496 - INFO - tty.usbmodem0006822145041: PacketSend: {'token': 17}
2019-07-10 15:32:20,497 - DEBUG - tty.usbmodem0006822145041: RX: 05d211000000
2019-07-10 15:32:20,498 - DEBUG - tty.usbmodem0006822145041: parsed_packet {event: MeshTxComplete, data: {'token': 17}}
2019-07-10 15:32:20,498 - INFO - tty.usbmodem0006822145041: {event: MeshTxComplete, data: {'token': 17}}
2019-07-10 15:32:20,503 - DEBUG - tty.usbmodem0006822145041: RX: 0784ab0012000000
2019-07-10 15:32:20,503 - DEBUG - tty.usbmodem0006822145041: parsed_packet {event: CmdRsp, data: {'opcode': 171, 'status': 0, 'data': bytearray(b'\x12\x00\x00\x00')}}
2019-07-10 15:32:20,503 - INFO - tty.usbmodem0006822145041: PacketSend: {'token': 18}
2019-07-10 15:33:01,353 - DEBUG - tty.usbmodem0006822145041: RX: 04810200fe
2019-07-10 15:33:01,354 - DEBUG - tty.usbmodem0006822145041: parsed_packet {event: DeviceStarted, data: {'operating_mode': 2, 'hw_error': 0, 'data_credit_available': 254}}
2019-07-10 15:33:01,354 - INFO - tty.usbmodem0006822145041: Device rebooted.
2019-07-10 15:33:09,290 - DEBUG - tty.usbmodem0006822145041: exited read event
