2019-07-03 13:57:09,504 - DEBUG - tty.usbmodem0006822145041: Writing: 105 bytearray(b"s\x96\x9d\xa6\x89u\xa6\'[\xc2\x9d\x17&(9B|\x1e\x9c\xd5\xa9\x9a\xd6y{Y\x0c\xefu\xdc\xec@.W(\xcdb=y\x8b\\\xac\xcee\xa0\xe9\xe9\'\x89\xe2\x9d$$f\x95\xe2B\xb6\xd1\x84\x93iL5Ky\x0e\xa6M2\xf0}w2\x93\xadv\x83\xd1=OR\xacb\x9a\x06\x8f!\x8c\xdd\x08;C&B\xe7")
2019-07-03 13:57:09,506 - DEBUG - tty.usbmodem0006822145041: TX: 616973969da68975a6275bc29d17262839427c1e9cd5a99ad6797b590cef75dcec402e5728cd623d798b5cacce65a0e9e92789e29d24246695e242b6d18493694c354b790ea64d32f07d773293ad7683d13d4f52ac629a068f218cdd083b432642e7
2019-07-03 13:57:09,520 - DEBUG - tty.usbmodem0006822145041: RX: 03845384
2019-07-03 13:57:09,533 - DEBUG - tty.usbmodem0006822145041: parsed_packet {event: CmdRsp, data: {'opcode': 83, 'status': 132, 'data': bytearray(b'')}}
2019-07-03 13:57:09,534 - ERROR - tty.usbmodem0006822145041: None: ERROR_INVALID_LENGTH
2019-07-03 13:57:09,534 - DEBUG - tty.usbmodem0006822145041: RX: 03840084
2019-07-03 13:57:09,534 - DEBUG - tty.usbmodem0006822145041: parsed_packet {event: CmdRsp, data: {'opcode': 0, 'status': 132, 'data': bytearray(b'')}}
2019-07-03 13:57:09,535 - ERROR - tty.usbmodem0006822145041: None: ERROR_INVALID_LENGTH
2019-07-03 13:57:09,535 - DEBUG - tty.usbmodem0006822145041: RX: 03840084
2019-07-03 13:57:09,535 - DEBUG - tty.usbmodem0006822145041: parsed_packet {event: CmdRsp, data: {'opcode': 0, 'status': 132, 'data': bytearray(b'')}}
2019-07-03 13:57:09,535 - ERROR - tty.usbmodem0006822145041: None: ERROR_INVALID_LENGTH
2019-07-03 13:57:09,535 - DEBUG - tty.usbmodem0006822145041: RX: 03840084
2019-07-03 13:57:09,536 - DEBUG - tty.usbmodem0006822145041: Writing: 159 bytearray(b'\x01\x00\x01\x00')
2019-07-03 13:57:09,536 - DEBUG - tty.usbmodem0006822145041: parsed_packet {event: CmdRsp, data: {'opcode': 0, 'status': 132, 'data': bytearray(b'')}}
2019-07-03 13:57:09,536 - DEBUG - tty.usbmodem0006822145041: TX: 059f01000100
2019-07-03 13:57:09,536 - ERROR - tty.usbmodem0006822145041: None: ERROR_INVALID_LENGTH
2019-07-03 13:57:09,539 - DEBUG - tty.usbmodem0006822145041: Writing: 146 bytearray(b'\x00\x00\x18\xee\xd9\xc2\xa5j\xdd\x85\x04\x9f\xfc<Y\xad\x0e\x12')
2019-07-03 13:57:09,541 - DEBUG - tty.usbmodem0006822145041: RX: 03840084
2019-07-03 13:57:09,541 - DEBUG - tty.usbmodem0006822145041: TX: 1392000018eed9c2a56add85049ffc3c59ad0e12
2019-07-03 13:57:09,542 - DEBUG - tty.usbmodem0006822145041: parsed_packet {event: CmdRsp, data: {'opcode': 0, 'status': 132, 'data': bytearray(b'')}}
2019-07-03 13:57:09,546 - ERROR - tty.usbmodem0006822145041: None: ERROR_INVALID_LENGTH
2019-07-03 13:57:09,546 - DEBUG - tty.usbmodem0006822145041: Writing: 151 bytearray(b'\x00\x00\x00\x00Oh\xad\x85\xd9\xf4\x8a\xc8X\x9d\xf6e\xb6\xb4\x9b\x8a')
2019-07-03 13:57:09,547 - DEBUG - tty.usbmodem0006822145041: TX: 1597000000004f68ad85d9f48ac8589df665b6b49b8a
2019-07-03 13:57:09,547 - DEBUG - tty.usbmodem0006822145041: RX: 03840084
2019-07-03 13:57:09,548 - DEBUG - tty.usbmodem0006822145041: parsed_packet {event: CmdRsp, data: {'opcode': 0, 'status': 132, 'data': bytearray(b'')}}
2019-07-03 13:57:09,557 - ERROR - tty.usbmodem0006822145041: None: ERROR_INVALID_LENGTH
2019-07-03 13:57:09,557 - DEBUG - tty.usbmodem0006822145041: Writing: 151 bytearray(b'\x01\x00\x00\x00*\xa2\xa6\xde\xd5\xa0y\x8c\xea\xb5x|\xa3\xae9\xfc')
2019-07-03 13:57:09,557 - DEBUG - tty.usbmodem0006822145041: RX: 03840084
2019-07-03 13:57:09,557 - DEBUG - tty.usbmodem0006822145041: TX: 1597010000002aa2a6ded5a0798ceab5787ca3ae39fc
2019-07-03 13:57:09,558 - DEBUG - tty.usbmodem0006822145041: parsed_packet {event: CmdRsp, data: {'opcode': 0, 'status': 132, 'data': bytearray(b'')}}
2019-07-03 13:57:09,558 - ERROR - tty.usbmodem0006822145041: None: ERROR_INVALID_LENGTH
2019-07-03 13:57:09,559 - DEBUG - tty.usbmodem0006822145041: RX: 03840084
2019-07-03 13:57:09,559 - DEBUG - tty.usbmodem0006822145041: parsed_packet {event: CmdRsp, data: {'opcode': 0, 'status': 132, 'data': bytearray(b'')}}
2019-07-03 13:57:09,575 - ERROR - tty.usbmodem0006822145041: None: ERROR_INVALID_LENGTH
2019-07-03 13:57:09,576 - DEBUG - tty.usbmodem0006822145041: RX: 03840084
2019-07-03 13:57:09,576 - DEBUG - tty.usbmodem0006822145041: parsed_packet {event: CmdRsp, data: {'opcode': 0, 'status': 132, 'data': bytearray(b'')}}
2019-07-03 13:57:09,576 - ERROR - tty.usbmodem0006822145041: None: ERROR_INVALID_LENGTH
2019-07-03 13:57:09,577 - DEBUG - tty.usbmodem0006822145041: RX: 03840084
2019-07-03 13:57:09,577 - DEBUG - tty.usbmodem0006822145041: parsed_packet {event: CmdRsp, data: {'opcode': 0, 'status': 132, 'data': bytearray(b'')}}
2019-07-03 13:57:09,577 - ERROR - tty.usbmodem0006822145041: None: ERROR_INVALID_LENGTH
2019-07-03 13:57:09,577 - DEBUG - tty.usbmodem0006822145041: RX: 03840084
2019-07-03 13:57:09,577 - DEBUG - tty.usbmodem0006822145041: parsed_packet {event: CmdRsp, data: {'opcode': 0, 'status': 132, 'data': bytearray(b'')}}
2019-07-03 13:57:09,578 - ERROR - tty.usbmodem0006822145041: None: ERROR_INVALID_LENGTH
2019-07-03 13:57:09,578 - DEBUG - tty.usbmodem0006822145041: RX: 03840084
2019-07-03 13:57:09,578 - DEBUG - tty.usbmodem0006822145041: parsed_packet {event: CmdRsp, data: {'opcode': 0, 'status': 132, 'data': bytearray(b'')}}
2019-07-03 13:57:09,578 - ERROR - tty.usbmodem0006822145041: None: ERROR_INVALID_LENGTH
2019-07-03 13:57:09,578 - DEBUG - tty.usbmodem0006822145041: RX: 03840084
2019-07-03 13:57:09,578 - DEBUG - tty.usbmodem0006822145041: parsed_packet {event: CmdRsp, data: {'opcode': 0, 'status': 132, 'data': bytearray(b'')}}
2019-07-03 13:57:09,579 - ERROR - tty.usbmodem0006822145041: None: ERROR_INVALID_LENGTH
2019-07-03 13:57:09,579 - DEBUG - tty.usbmodem0006822145041: RX: 03849f8e
2019-07-03 13:57:09,579 - DEBUG - tty.usbmodem0006822145041: parsed_packet {event: CmdRsp, data: {'opcode': 159, 'status': 142, 'data': bytearray(b'')}}
2019-07-03 13:57:09,579 - ERROR - tty.usbmodem0006822145041: None: ERROR_REJECTED
2019-07-03 13:57:09,579 - DEBUG - tty.usbmodem0006822145041: RX: 03849281
2019-07-03 13:57:09,579 - DEBUG - tty.usbmodem0006822145041: parsed_packet {event: CmdRsp, data: {'opcode': 146, 'status': 129, 'data': bytearray(b'')}}
2019-07-03 13:57:09,579 - ERROR - tty.usbmodem0006822145041: SubnetAdd: ERROR_INTERNAL
2019-07-03 13:57:09,580 - DEBUG - tty.usbmodem0006822145041: RX: 03849781
2019-07-03 13:57:09,580 - DEBUG - tty.usbmodem0006822145041: parsed_packet {event: CmdRsp, data: {'opcode': 151, 'status': 129, 'data': bytearray(b'')}}
2019-07-03 13:57:09,580 - ERROR - tty.usbmodem0006822145041: AppkeyAdd: ERROR_INTERNAL
2019-07-03 13:57:09,580 - DEBUG - tty.usbmodem0006822145041: RX: 03849781
2019-07-03 13:57:09,581 - DEBUG - tty.usbmodem0006822145041: parsed_packet {event: CmdRsp, data: {'opcode': 151, 'status': 129, 'data': bytearray(b'')}}
2019-07-03 13:57:09,581 - ERROR - tty.usbmodem0006822145041: AppkeyAdd: ERROR_INTERNAL
2019-07-03 13:57:14,532 - DEBUG - tty.usbmodem0006822145041: Writing: 97 bytearray(b'')
2019-07-03 13:57:14,540 - DEBUG - tty.usbmodem0006822145041: TX: 0161
2019-07-03 13:57:14,544 - DEBUG - tty.usbmodem0006822145041: RX: 03846100
2019-07-03 13:57:14,545 - DEBUG - tty.usbmodem0006822145041: parsed_packet {event: CmdRsp, data: {'opcode': 97, 'status': 0, 'data': bytearray(b'')}}
2019-07-03 13:57:14,548 - INFO - tty.usbmodem0006822145041: Success
2019-07-03 13:57:16,409 - DEBUG - tty.usbmodem0006822145041: RX: 1ac09db77a0526b8734988639509c242d107d90001c8639509c2c2
2019-07-03 13:57:16,409 - DEBUG - tty.usbmodem0006822145041: parsed_packet {event: ProvUnprovisionedReceived, data: {'uuid': bytearray(b'\x9d\xb7z\x05&\xb8sI\x88c\x95\t\xc2B\xd1\x07'), 'rssi': -39, 'gatt_supported': 0, 'adv_addr_type': 1, 'adv_addr': bytearray(b'\xc8c\x95\t\xc2\xc2')}}
2019-07-03 13:57:16,409 - INFO - tty.usbmodem0006822145041: {event: ProvUnprovisionedReceived, data: {'uuid': bytearray(b'\x9d\xb7z\x05&\xb8sI\x88c\x95\t\xc2B\xd1\x07'), 'rssi': -39, 'gatt_supported': 0, 'adv_addr_type': 1, 'adv_addr': bytearray(b'\xc8c\x95\t\xc2\xc2')}}
2019-07-03 13:57:16,409 - INFO - tty.usbmodem0006822145041: Received UUID 9db77a0526b8734988639509c242d107 with RSSI: -39 dB
2019-07-03 13:57:18,417 - DEBUG - tty.usbmodem0006822145041: RX: 1ac09db77a0526b8734988639509c242d107da0001c8639509c2c2
2019-07-03 13:57:18,417 - DEBUG - tty.usbmodem0006822145041: parsed_packet {event: ProvUnprovisionedReceived, data: {'uuid': bytearray(b'\x9d\xb7z\x05&\xb8sI\x88c\x95\t\xc2B\xd1\x07'), 'rssi': -38, 'gatt_supported': 0, 'adv_addr_type': 1, 'adv_addr': bytearray(b'\xc8c\x95\t\xc2\xc2')}}
2019-07-03 13:57:18,417 - INFO - tty.usbmodem0006822145041: {event: ProvUnprovisionedReceived, data: {'uuid': bytearray(b'\x9d\xb7z\x05&\xb8sI\x88c\x95\t\xc2B\xd1\x07'), 'rssi': -38, 'gatt_supported': 0, 'adv_addr_type': 1, 'adv_addr': bytearray(b'\xc8c\x95\t\xc2\xc2')}}
2019-07-03 13:57:20,426 - DEBUG - tty.usbmodem0006822145041: RX: 1ac09db77a0526b8734988639509c242d107dd0001c8639509c2c2
2019-07-03 13:57:20,429 - DEBUG - tty.usbmodem0006822145041: parsed_packet {event: ProvUnprovisionedReceived, data: {'uuid': bytearray(b'\x9d\xb7z\x05&\xb8sI\x88c\x95\t\xc2B\xd1\x07'), 'rssi': -35, 'gatt_supported': 0, 'adv_addr_type': 1, 'adv_addr': bytearray(b'\xc8c\x95\t\xc2\xc2')}}
2019-07-03 13:57:20,429 - INFO - tty.usbmodem0006822145041: {event: ProvUnprovisionedReceived, data: {'uuid': bytearray(b'\x9d\xb7z\x05&\xb8sI\x88c\x95\t\xc2B\xd1\x07'), 'rssi': -35, 'gatt_supported': 0, 'adv_addr_type': 1, 'adv_addr': bytearray(b'\xc8c\x95\t\xc2\xc2')}}
2019-07-03 13:57:22,427 - DEBUG - tty.usbmodem0006822145041: RX: 1ac09db77a0526b8734988639509c242d107d90001c8639509c2c2
2019-07-03 13:57:22,427 - DEBUG - tty.usbmodem0006822145041: parsed_packet {event: ProvUnprovisionedReceived, data: {'uuid': bytearray(b'\x9d\xb7z\x05&\xb8sI\x88c\x95\t\xc2B\xd1\x07'), 'rssi': -39, 'gatt_supported': 0, 'adv_addr_type': 1, 'adv_addr': bytearray(b'\xc8c\x95\t\xc2\xc2')}}
2019-07-03 13:57:22,427 - INFO - tty.usbmodem0006822145041: {event: ProvUnprovisionedReceived, data: {'uuid': bytearray(b'\x9d\xb7z\x05&\xb8sI\x88c\x95\t\xc2B\xd1\x07'), 'rssi': -39, 'gatt_supported': 0, 'adv_addr_type': 1, 'adv_addr': bytearray(b'\xc8c\x95\t\xc2\xc2')}}
2019-07-03 13:57:24,435 - DEBUG - tty.usbmodem0006822145041: RX: 1ac09db77a0526b8734988639509c242d107da0001c8639509c2c2
2019-07-03 13:57:24,435 - DEBUG - tty.usbmodem0006822145041: parsed_packet {event: ProvUnprovisionedReceived, data: {'uuid': bytearray(b'\x9d\xb7z\x05&\xb8sI\x88c\x95\t\xc2B\xd1\x07'), 'rssi': -38, 'gatt_supported': 0, 'adv_addr_type': 1, 'adv_addr': bytearray(b'\xc8c\x95\t\xc2\xc2')}}
2019-07-03 13:57:24,435 - INFO - tty.usbmodem0006822145041: {event: ProvUnprovisionedReceived, data: {'uuid': bytearray(b'\x9d\xb7z\x05&\xb8sI\x88c\x95\t\xc2B\xd1\x07'), 'rssi': -38, 'gatt_supported': 0, 'adv_addr_type': 1, 'adv_addr': bytearray(b'\xc8c\x95\t\xc2\xc2')}}
2019-07-03 13:57:25,452 - DEBUG - tty.usbmodem0006822145041: Writing: 98 bytearray(b'')
2019-07-03 13:57:25,453 - DEBUG - tty.usbmodem0006822145041: TX: 0162
2019-07-03 13:57:25,457 - DEBUG - tty.usbmodem0006822145041: Writing: 99 bytearray(b'\x00\x9d\xb7z\x05&\xb8sI\x88c\x95\t\xc2B\xd1\x07\x18\xee\xd9\xc2\xa5j\xdd\x85\x04\x9f\xfc<Y\xad\x0e\x12\x00\x00\x00\x00\x00\x00\x10\x00\x00\x00\x00')
2019-07-03 13:57:25,458 - DEBUG - tty.usbmodem0006822145041: TX: 2d63009db77a0526b8734988639509c242d10718eed9c2a56add85049ffc3c59ad0e120000000000001000000000
2019-07-03 13:57:25,458 - DEBUG - tty.usbmodem0006822145041: RX: 03846200
2019-07-03 13:57:25,459 - DEBUG - tty.usbmodem0006822145041: parsed_packet {event: CmdRsp, data: {'opcode': 98, 'status': 0, 'data': bytearray(b'')}}
2019-07-03 13:57:25,467 - INFO - tty.usbmodem0006822145041: Success
2019-07-03 13:57:25,467 - DEBUG - tty.usbmodem0006822145041: RX: 0484630000
2019-07-03 13:57:25,468 - DEBUG - tty.usbmodem0006822145041: parsed_packet {event: CmdRsp, data: {'opcode': 99, 'status': 0, 'data': bytearray(b'\x00')}}
2019-07-03 13:57:25,468 - INFO - tty.usbmodem0006822145041: Provision: {'context': 0}
2019-07-03 13:57:25,478 - DEBUG - tty.usbmodem0006822145041: RX: 02c100
2019-07-03 13:57:25,479 - DEBUG - tty.usbmodem0006822145041: parsed_packet {event: ProvLinkEstablished, data: {'context_id': 0}}
2019-07-03 13:57:25,479 - INFO - tty.usbmodem0006822145041: {event: ProvLinkEstablished, data: {'context_id': 0}}
2019-07-03 13:57:25,479 - INFO - tty.usbmodem0006822145041: Link established
2019-07-03 13:57:25,526 - DEBUG - tty.usbmodem0006822145041: RX: 0bc3000e0001000000000000
2019-07-03 13:57:25,526 - DEBUG - tty.usbmodem0006822145041: parsed_packet {event: ProvCapsReceived, data: {'context_id': 0, 'num_elements': 14, 'public_key_type': 0, 'static_oob_types': 1, 'output_oob_size': 0, 'output_oob_actions': 0, 'input_oob_size': 0, 'input_oob_actions': 0}}
2019-07-03 13:57:25,527 - INFO - tty.usbmodem0006822145041: {event: ProvCapsReceived, data: {'context_id': 0, 'num_elements': 14, 'public_key_type': 0, 'static_oob_types': 1, 'output_oob_size': 0, 'output_oob_actions': 0, 'input_oob_size': 0, 'input_oob_actions': 0}}
2019-07-03 13:57:25,527 - INFO - tty.usbmodem0006822145041: Received capabilities
2019-07-03 13:57:25,527 - INFO - tty.usbmodem0006822145041: Number of elements: 14
2019-07-03 13:57:25,528 - DEBUG - tty.usbmodem0006822145041: Writing: 102 bytearray(b'\x00\x00\x00\x00')
2019-07-03 13:57:25,528 - DEBUG - tty.usbmodem0006822145041: TX: 056600000000
2019-07-03 13:57:25,530 - DEBUG - tty.usbmodem0006822145041: RX: 0484660000
2019-07-03 13:57:25,530 - DEBUG - tty.usbmodem0006822145041: parsed_packet {event: CmdRsp, data: {'opcode': 102, 'status': 0, 'data': bytearray(b'\x00')}}
2019-07-03 13:57:25,530 - INFO - tty.usbmodem0006822145041: OobUse: {'context': 0}
2019-07-03 13:57:25,741 - DEBUG - tty.usbmodem0006822145041: RX: 62c70064bc6264fac564febe0c48cde880a8098aa4d57b02aea2badebbc99d29a048e15c7f2a99cebb54a733d87305319bf17d79a431cc124333a1c72540baf93f68b1c138f338d3e6a2d25bea1f0192c300a9751594ccba3eff422e74a5434711d284
2019-07-03 13:57:25,741 - DEBUG - tty.usbmodem0006822145041: parsed_packet {event: ProvEcdhRequest, data: {'context_id': 0, 'peer_public': bytearray(b'd\xbcbd\xfa\xc5d\xfe\xbe\x0cH\xcd\xe8\x80\xa8\t\x8a\xa4\xd5{\x02\xae\xa2\xba\xde\xbb\xc9\x9d)\xa0H\xe1\\\x7f*\x99\xce\xbbT\xa73\xd8s\x051\x9b\xf1}y\xa41\xcc\x12C3\xa1\xc7%@\xba\xf9?h\xb1'), 'node_private': bytearray(b'\xc18\xf38\xd3\xe6\xa2\xd2[\xea\x1f\x01\x92\xc3\x00\xa9u\x15\x94\xcc\xba>\xffB.t\xa5CG\x11\xd2\x84')}}
2019-07-03 13:57:25,742 - INFO - tty.usbmodem0006822145041: {event: ProvEcdhRequest, data: {'context_id': 0, 'peer_public': bytearray(b'd\xbcbd\xfa\xc5d\xfe\xbe\x0cH\xcd\xe8\x80\xa8\t\x8a\xa4\xd5{\x02\xae\xa2\xba\xde\xbb\xc9\x9d)\xa0H\xe1\\\x7f*\x99\xce\xbbT\xa73\xd8s\x051\x9b\xf1}y\xa41\xcc\x12C3\xa1\xc7%@\xba\xf9?h\xb1'), 'node_private': bytearray(b'\xc18\xf38\xd3\xe6\xa2\xd2[\xea\x1f\x01\x92\xc3\x00\xa9u\x15\x94\xcc\xba>\xffB.t\xa5CG\x11\xd2\x84')}}
2019-07-03 13:57:25,742 - INFO - tty.usbmodem0006822145041: ECDH request received
2019-07-03 13:57:25,743 - DEBUG - tty.usbmodem0006822145041: Writing: 104 bytearray(b'\x00\x0cKt\xf7\x05\xcbXb\xad\xb9[6zYu\x94\xb8M+v6co\xd8\x8dg\xd1\xa0\xa8S\x044')
2019-07-03 13:57:25,743 - DEBUG - tty.usbmodem0006822145041: TX: 2268000c4b74f705cb5862adb95b367a597594b84d2b7636636fd88d67d1a0a8530434
2019-07-03 13:57:25,749 - DEBUG - tty.usbmodem0006822145041: RX: 0484680000
2019-07-03 13:57:25,749 - DEBUG - tty.usbmodem0006822145041: parsed_packet {event: CmdRsp, data: {'opcode': 104, 'status': 0, 'data': bytearray(b'\x00')}}
2019-07-03 13:57:25,749 - INFO - tty.usbmodem0006822145041: EcdhSecret: {'context': 0}
2019-07-03 13:57:26,070 - DEBUG - tty.usbmodem0006822145041: RX: 2cc500000000000000100000007fae4d5579222befafb569966382964418eed9c2a56add85049ffc3c59ad0e12
2019-07-03 13:57:26,070 - DEBUG - tty.usbmodem0006822145041: parsed_packet {event: ProvComplete, data: {'context_id': 0, 'iv_index': 0, 'net_key_index': 0, 'address': 16, 'iv_update_flag': 0, 'key_refresh_flag': 0, 'device_key': bytearray(b'\x7f\xaeMUy"+\xef\xaf\xb5i\x96c\x82\x96D'), 'net_key': bytearray(b'\x18\xee\xd9\xc2\xa5j\xdd\x85\x04\x9f\xfc<Y\xad\x0e\x12')}}
2019-07-03 13:57:26,071 - INFO - tty.usbmodem0006822145041: {event: ProvComplete, data: {'context_id': 0, 'iv_index': 0, 'net_key_index': 0, 'address': 16, 'iv_update_flag': 0, 'key_refresh_flag': 0, 'device_key': bytearray(b'\x7f\xaeMUy"+\xef\xaf\xb5i\x96c\x82\x96D'), 'net_key': bytearray(b'\x18\xee\xd9\xc2\xa5j\xdd\x85\x04\x9f\xfc<Y\xad\x0e\x12')}}
2019-07-03 13:57:26,071 - INFO - tty.usbmodem0006822145041: Provisioning complete
2019-07-03 13:57:26,071 - INFO - tty.usbmodem0006822145041: 	Address(es): 0x10-0x1d
2019-07-03 13:57:26,071 - INFO - tty.usbmodem0006822145041: 	Device key: 7fae4d5579222befafb5699663829644
2019-07-03 13:57:26,071 - INFO - tty.usbmodem0006822145041: 	Network key: 18eed9c2a56add85049ffc3c59ad0e12
2019-07-03 13:57:26,072 - INFO - tty.usbmodem0006822145041: Adding device key to subnet 0
2019-07-03 13:57:26,072 - INFO - tty.usbmodem0006822145041: Adding publication address of root element
2019-07-03 13:57:26,072 - DEBUG - tty.usbmodem0006822145041: Writing: 156 bytearray(b'\x10\x00\x00\x00\x7f\xaeMUy"+\xef\xaf\xb5i\x96c\x82\x96D')
2019-07-03 13:57:26,073 - DEBUG - tty.usbmodem0006822145041: TX: 159c100000007fae4d5579222befafb5699663829644
2019-07-03 13:57:26,074 - DEBUG - tty.usbmodem0006822145041: Writing: 164 bytearray(b'\x10\x00')
2019-07-03 13:57:26,074 - DEBUG - tty.usbmodem0006822145041: TX: 03a41000
2019-07-03 13:57:28,076 - INFO - tty.usbmodem0006822145041: cmd AddrPublicationAdd, timeout waiting for event
2019-07-03 13:57:32,077 - DEBUG - tty.usbmodem0006822145041: RX: 03849c8e
2019-07-03 13:57:32,078 - DEBUG - tty.usbmodem0006822145041: parsed_packet {event: CmdRsp, data: {'opcode': 156, 'status': 142, 'data': bytearray(b'')}}
2019-07-03 13:57:32,078 - ERROR - tty.usbmodem0006822145041: DevkeyAdd: ERROR_REJECTED
2019-07-03 13:57:32,079 - DEBUG - tty.usbmodem0006822145041: RX: 0584a4000000
2019-07-03 13:57:32,079 - DEBUG - tty.usbmodem0006822145041: parsed_packet {event: CmdRsp, data: {'opcode': 164, 'status': 0, 'data': bytearray(b'\x00\x00')}}
2019-07-03 13:57:32,080 - INFO - tty.usbmodem0006822145041: AddrPublicationAdd: {'address_handle': 0}
2019-07-03 13:57:32,080 - ERROR - tty.usbmodem0006822145041: Error storing address handle: pop from empty list
2019-07-03 13:57:32,086 - DEBUG - tty.usbmodem0006822145041: RX: 03c20000
2019-07-03 13:57:32,086 - DEBUG - tty.usbmodem0006822145041: parsed_packet {event: ProvLinkClosed, data: {'context_id': 0, 'close_reason': 0}}
2019-07-03 13:57:32,086 - INFO - tty.usbmodem0006822145041: {event: ProvLinkClosed, data: {'context_id': 0, 'close_reason': 0}}
2019-07-03 13:57:32,094 - INFO - tty.usbmodem0006822145041: Provisioning link closed
2019-07-03 13:57:40,941 - DEBUG - tty.usbmodem0006822145041.ConfigurationClient: Sending opcode: 8008, data: 00
2019-07-03 13:57:40,941 - DEBUG - tty.usbmodem0006822145041.ConfigurationClient: Sending opcode: 00, data: 0000004f68ad85d9f48ac8589df665b6b49b8a
2019-07-03 13:57:40,941 - DEBUG - tty.usbmodem0006822145041: Writing: 171 bytearray(b'\x08\x00\x01\x00\x00\x00\x08\x00\x00\x00\x80\x08\x00')
2019-07-03 13:57:40,942 - INFO - tty.usbmodem0006822145041: Adding address c001
2019-07-03 13:57:40,942 - DEBUG - tty.usbmodem0006822145041: TX: 0eab08000100000008000000800800
2019-07-03 13:57:40,942 - DEBUG - tty.usbmodem0006822145041: Writing: 171 bytearray(b'\x08\x00\x01\x00\x00\x00\x08\x00\x00\x00\x00\x00\x00\x00Oh\xad\x85\xd9\xf4\x8a\xc8X\x9d\xf6e\xb6\xb4\x9b\x8a')
2019-07-03 13:57:40,942 - DEBUG - tty.usbmodem0006822145041: TX: 1fab08000100000008000000000000004f68ad85d9f48ac8589df665b6b49b8a
2019-07-03 13:57:40,945 - DEBUG - tty.usbmodem0006822145041: RX: 0784ab0037000000
2019-07-03 13:57:40,952 - DEBUG - tty.usbmodem0006822145041: parsed_packet {event: CmdRsp, data: {'opcode': 171, 'status': 0, 'data': bytearray(b'7\x00\x00\x00')}}
2019-07-03 13:57:40,953 - INFO - tty.usbmodem0006822145041: PacketSend: {'token': 55}
2019-07-03 13:57:40,953 - DEBUG - tty.usbmodem0006822145041: Writing: 161 bytearray(b'\x01\xc0')
2019-07-03 13:57:40,953 - DEBUG - tty.usbmodem0006822145041: TX: 03a101c0
2019-07-03 13:57:40,954 - DEBUG - tty.usbmodem0006822145041: RX: 0784ab0038000000
2019-07-03 13:57:40,954 - DEBUG - tty.usbmodem0006822145041: parsed_packet {event: CmdRsp, data: {'opcode': 171, 'status': 0, 'data': bytearray(b'8\x00\x00\x00')}}
2019-07-03 13:57:40,954 - INFO - tty.usbmodem0006822145041: PacketSend: {'token': 56}
2019-07-03 13:57:40,955 - DEBUG - tty.usbmodem0006822145041: RX: 05d237000000
2019-07-03 13:57:40,955 - DEBUG - tty.usbmodem0006822145041: parsed_packet {event: MeshTxComplete, data: {'token': 55}}
2019-07-03 13:57:40,955 - INFO - tty.usbmodem0006822145041: {event: MeshTxComplete, data: {'token': 55}}
2019-07-03 13:57:40,955 - DEBUG - tty.usbmodem0006822145041: RX: 0584a1000100
2019-07-03 13:57:40,956 - DEBUG - tty.usbmodem0006822145041: parsed_packet {event: CmdRsp, data: {'opcode': 161, 'status': 0, 'data': bytearray(b'\x01\x00')}}
2019-07-03 13:57:40,956 - INFO - tty.usbmodem0006822145041: AddrSubscriptionAdd: {'address_handle': 1}
2019-07-03 13:57:40,956 - INFO - tty.usbmodem0006822145041: Address handles: {c001: 1}
2019-07-03 13:57:47,900 - DEBUG - tty.usbmodem0006822145041.ConfigurationClient: Sending opcode: 8008, data: 00
2019-07-03 13:57:47,900 - DEBUG - tty.usbmodem0006822145041.ConfigurationClient: Sending opcode: 00, data: 0000004f68ad85d9f48ac8589df665b6b49b8a
2019-07-03 13:57:47,900 - DEBUG - tty.usbmodem0006822145041: Writing: 171 bytearray(b'\x08\x00\x01\x00\x00\x00\x08\x00\x00\x00\x80\x08\x00')
2019-07-03 13:57:47,901 - INFO - tty.usbmodem0006822145041: Adding address c001
2019-07-03 13:57:47,901 - DEBUG - tty.usbmodem0006822145041: TX: 0eab08000100000008000000800800
2019-07-03 13:57:47,901 - DEBUG - tty.usbmodem0006822145041: Writing: 171 bytearray(b'\x08\x00\x01\x00\x00\x00\x08\x00\x00\x00\x00\x00\x00\x00Oh\xad\x85\xd9\xf4\x8a\xc8X\x9d\xf6e\xb6\xb4\x9b\x8a')
2019-07-03 13:57:47,901 - DEBUG - tty.usbmodem0006822145041: TX: 1fab08000100000008000000000000004f68ad85d9f48ac8589df665b6b49b8a
2019-07-03 13:57:47,904 - DEBUG - tty.usbmodem0006822145041: RX: 0784ab0039000000
2019-07-03 13:57:47,912 - DEBUG - tty.usbmodem0006822145041: parsed_packet {event: CmdRsp, data: {'opcode': 171, 'status': 0, 'data': bytearray(b'9\x00\x00\x00')}}
2019-07-03 13:57:47,913 - INFO - tty.usbmodem0006822145041: PacketSend: {'token': 57}
2019-07-03 13:57:47,913 - DEBUG - tty.usbmodem0006822145041: Writing: 161 bytearray(b'\x01\xc0')
2019-07-03 13:57:47,913 - DEBUG - tty.usbmodem0006822145041: RX: 0784ab003a000000
2019-07-03 13:57:47,914 - DEBUG - tty.usbmodem0006822145041: TX: 03a101c0
2019-07-03 13:57:47,914 - DEBUG - tty.usbmodem0006822145041: parsed_packet {event: CmdRsp, data: {'opcode': 171, 'status': 0, 'data': bytearray(b':\x00\x00\x00')}}
2019-07-03 13:57:47,914 - INFO - tty.usbmodem0006822145041: PacketSend: {'token': 58}
2019-07-03 13:57:47,916 - DEBUG - tty.usbmodem0006822145041: RX: 0584a1000100
2019-07-03 13:57:47,916 - DEBUG - tty.usbmodem0006822145041: parsed_packet {event: CmdRsp, data: {'opcode': 161, 'status': 0, 'data': bytearray(b'\x01\x00')}}
2019-07-03 13:57:47,917 - INFO - tty.usbmodem0006822145041: AddrSubscriptionAdd: {'address_handle': 1}
2019-07-03 13:57:47,917 - INFO - tty.usbmodem0006822145041: Address handles: {c001: 1}
2019-07-03 13:57:47,923 - DEBUG - tty.usbmodem0006822145041: RX: 05d239000000
2019-07-03 13:57:47,924 - DEBUG - tty.usbmodem0006822145041: parsed_packet {event: MeshTxComplete, data: {'token': 57}}
2019-07-03 13:57:47,924 - INFO - tty.usbmodem0006822145041: {event: MeshTxComplete, data: {'token': 57}}
2019-07-03 13:57:52,051 - DEBUG - tty.usbmodem0006822145041: exited read event
