2019-08-19 11:47:28,566 - DEBUG: Writing: 105 bytearray(b'}\x86\xackV\xed\x97A\x9c `\x06}\x93x\x02\xce\xeb\x8f\x7f\x89\x03\xba\x94\n\x178F\xc9\x0b\xa2\x99\xa0\x82n\x16[!\x92\x8e+\xb4\xd3\x1a\xb9\xdd~\xbf\xbc\x8b\\pi\xb9c\x9c\x96+\xb0 \xf6\xa8\x99\x98\x88d\x15|m\xa3\xbd\x04\x97\xfc\x00\xf4\xc2\xcc\xfeH\x02r\x15T\x11\xe9\x83\x0b\xcd\xf8\xea\x0b\xae&=N')
2019-08-19 11:47:28,568 - DEBUG: TX: 61697d86ac6b56ed97419c2060067d937802ceeb8f7f8903ba940a173846c90ba299a0826e165b21928e2bb4d31ab9dd7ebfbc8b5c7069b9639c962bb020f6a899988864157c6da3bd0497fc00f4c2ccfe480272155411e9830bcdf8ea0bae263d4e
2019-08-19 11:47:28,578 - DEBUG: RX: 03845384
2019-08-19 11:47:28,578 - DEBUG: parsed_packet {event: CmdRsp, data: {'opcode': 83, 'status': 132, 'data': bytearray(b'')}}
2019-08-19 11:47:28,579 - ERROR: None: ERROR_INVALID_LENGTH
2019-08-19 11:47:28,580 - DEBUG: RX: 03840084
2019-08-19 11:47:28,580 - DEBUG: parsed_packet {event: CmdRsp, data: {'opcode': 0, 'status': 132, 'data': bytearray(b'')}}
2019-08-19 11:47:28,581 - ERROR: None: ERROR_INVALID_LENGTH
2019-08-19 11:47:28,582 - DEBUG: RX: 03840084
2019-08-19 11:47:28,583 - DEBUG: parsed_packet {event: CmdRsp, data: {'opcode': 0, 'status': 132, 'data': bytearray(b'')}}
2019-08-19 11:47:28,583 - ERROR: None: ERROR_INVALID_LENGTH
2019-08-19 11:47:28,583 - DEBUG: RX: 03840084
2019-08-19 11:47:28,584 - DEBUG: parsed_packet {event: CmdRsp, data: {'opcode': 0, 'status': 132, 'data': bytearray(b'')}}
2019-08-19 11:47:28,584 - ERROR: None: ERROR_INVALID_LENGTH
2019-08-19 11:47:28,584 - DEBUG: RX: 03840084
2019-08-19 11:47:28,585 - DEBUG: parsed_packet {event: CmdRsp, data: {'opcode': 0, 'status': 132, 'data': bytearray(b'')}}
2019-08-19 11:47:28,585 - ERROR: None: ERROR_INVALID_LENGTH
2019-08-19 11:47:28,585 - DEBUG: RX: 03840084
2019-08-19 11:47:28,586 - DEBUG: parsed_packet {event: CmdRsp, data: {'opcode': 0, 'status': 132, 'data': bytearray(b'')}}
2019-08-19 11:47:28,586 - ERROR: None: ERROR_INVALID_LENGTH
2019-08-19 11:47:28,586 - DEBUG: RX: 03840084
2019-08-19 11:47:28,586 - DEBUG: parsed_packet {event: CmdRsp, data: {'opcode': 0, 'status': 132, 'data': bytearray(b'')}}
2019-08-19 11:47:28,587 - ERROR: None: ERROR_INVALID_LENGTH
2019-08-19 11:47:28,587 - DEBUG: RX: 03840084
2019-08-19 11:47:28,588 - DEBUG: parsed_packet {event: CmdRsp, data: {'opcode': 0, 'status': 132, 'data': bytearray(b'')}}
2019-08-19 11:47:28,588 - ERROR: None: ERROR_INVALID_LENGTH
2019-08-19 11:47:28,588 - DEBUG: RX: 03840084
2019-08-19 11:47:28,588 - DEBUG: parsed_packet {event: CmdRsp, data: {'opcode': 0, 'status': 132, 'data': bytearray(b'')}}
2019-08-19 11:47:28,589 - ERROR: None: ERROR_INVALID_LENGTH
2019-08-19 11:47:28,589 - DEBUG: RX: 03840084
2019-08-19 11:47:28,589 - DEBUG: parsed_packet {event: CmdRsp, data: {'opcode': 0, 'status': 132, 'data': bytearray(b'')}}
2019-08-19 11:47:28,590 - ERROR: None: ERROR_INVALID_LENGTH
2019-08-19 11:47:28,590 - DEBUG: RX: 03840084
2019-08-19 11:47:28,591 - DEBUG: parsed_packet {event: CmdRsp, data: {'opcode': 0, 'status': 132, 'data': bytearray(b'')}}
2019-08-19 11:47:28,591 - ERROR: None: ERROR_INVALID_LENGTH
2019-08-19 11:47:28,591 - DEBUG: RX: 03840084
2019-08-19 11:47:28,591 - DEBUG: parsed_packet {event: CmdRsp, data: {'opcode': 0, 'status': 132, 'data': bytearray(b'')}}
2019-08-19 11:47:28,592 - ERROR: None: ERROR_INVALID_LENGTH
2019-08-19 11:47:28,592 - DEBUG: RX: 03840084
2019-08-19 11:47:28,593 - DEBUG: parsed_packet {event: CmdRsp, data: {'opcode': 0, 'status': 132, 'data': bytearray(b'')}}
2019-08-19 11:47:28,593 - ERROR: None: ERROR_INVALID_LENGTH
2019-08-19 11:47:28,602 - DEBUG: Writing: 159 bytearray(b'\x01\x00\x01\x00')
2019-08-19 11:47:28,602 - DEBUG: TX: 059f01000100
2019-08-19 11:47:28,605 - DEBUG: RX: 03849f00
2019-08-19 11:47:28,605 - DEBUG: parsed_packet {event: CmdRsp, data: {'opcode': 159, 'status': 0, 'data': bytearray(b'')}}
2019-08-19 11:47:28,606 - INFO: Success
2019-08-19 11:47:28,624 - DEBUG: Writing: 146 bytearray(b'\x00\x00\x18\xee\xd9\xc2\xa5j\xdd\x85\x04\x9f\xfc<Y\xad\x0e\x12')
2019-08-19 11:47:28,624 - DEBUG: TX: 1392000018eed9c2a56add85049ffc3c59ad0e12
2019-08-19 11:47:28,629 - DEBUG: RX: 058492000000
2019-08-19 11:47:28,629 - DEBUG: parsed_packet {event: CmdRsp, data: {'opcode': 146, 'status': 0, 'data': bytearray(b'\x00\x00')}}
2019-08-19 11:47:28,630 - INFO: SubnetAdd: {'subnet_handle': 0}
2019-08-19 11:47:28,646 - DEBUG: Writing: 151 bytearray(b'\x00\x00\x00\x00Oh\xad\x85\xd9\xf4\x8a\xc8X\x9d\xf6e\xb6\xb4\x9b\x8a')
2019-08-19 11:47:28,646 - DEBUG: TX: 1597000000004f68ad85d9f48ac8589df665b6b49b8a
2019-08-19 11:47:28,650 - DEBUG: RX: 058497000000
2019-08-19 11:47:28,650 - DEBUG: parsed_packet {event: CmdRsp, data: {'opcode': 151, 'status': 0, 'data': bytearray(b'\x00\x00')}}
2019-08-19 11:47:28,651 - INFO: AppkeyAdd: {'appkey_handle': 0}
2019-08-19 11:47:28,668 - DEBUG: Writing: 151 bytearray(b'\x01\x00\x00\x00*\xa2\xa6\xde\xd5\xa0y\x8c\xea\xb5x|\xa3\xae9\xfc')
2019-08-19 11:47:28,669 - DEBUG: TX: 1597010000002aa2a6ded5a0798ceab5787ca3ae39fc
2019-08-19 11:47:28,674 - DEBUG: RX: 058497000100
2019-08-19 11:47:28,674 - DEBUG: parsed_packet {event: CmdRsp, data: {'opcode': 151, 'status': 0, 'data': bytearray(b'\x01\x00')}}
2019-08-19 11:47:28,674 - INFO: AppkeyAdd: {'appkey_handle': 1}
2019-08-19 11:47:28,692 - DEBUG: Writing: 159 bytearray(b'\x01\x00\x01\x00')
2019-08-19 11:47:28,693 - DEBUG: TX: 059f01000100
2019-08-19 11:47:28,697 - DEBUG: RX: 03849f8e
2019-08-19 11:47:28,698 - DEBUG: parsed_packet {event: CmdRsp, data: {'opcode': 159, 'status': 142, 'data': bytearray(b'')}}
2019-08-19 11:47:28,698 - ERROR: None: ERROR_REJECTED
2019-08-19 11:47:28,724 - DEBUG: Writing: 146 bytearray(b'\x00\x00\x18\xee\xd9\xc2\xa5j\xdd\x85\x04\x9f\xfc<Y\xad\x0e\x12')
2019-08-19 11:47:28,729 - DEBUG: TX: 1392000018eed9c2a56add85049ffc3c59ad0e12
2019-08-19 11:47:28,740 - DEBUG: RX: 03849281
2019-08-19 11:47:28,742 - DEBUG: parsed_packet {event: CmdRsp, data: {'opcode': 146, 'status': 129, 'data': bytearray(b'')}}
2019-08-19 11:47:28,745 - ERROR: SubnetAdd: ERROR_INTERNAL
2019-08-19 11:47:28,769 - DEBUG: Writing: 151 bytearray(b'\x00\x00\x00\x00Oh\xad\x85\xd9\xf4\x8a\xc8X\x9d\xf6e\xb6\xb4\x9b\x8a')
2019-08-19 11:47:28,771 - DEBUG: TX: 1597000000004f68ad85d9f48ac8589df665b6b49b8a
2019-08-19 11:47:28,775 - DEBUG: RX: 03849781
2019-08-19 11:47:28,775 - DEBUG: parsed_packet {event: CmdRsp, data: {'opcode': 151, 'status': 129, 'data': bytearray(b'')}}
2019-08-19 11:47:28,776 - ERROR: AppkeyAdd: ERROR_INTERNAL
2019-08-19 11:47:28,794 - DEBUG: Writing: 151 bytearray(b'\x01\x00\x00\x00*\xa2\xa6\xde\xd5\xa0y\x8c\xea\xb5x|\xa3\xae9\xfc')
2019-08-19 11:47:28,797 - DEBUG: TX: 1597010000002aa2a6ded5a0798ceab5787ca3ae39fc
2019-08-19 11:47:28,801 - DEBUG: RX: 03849781
2019-08-19 11:47:28,801 - DEBUG: parsed_packet {event: CmdRsp, data: {'opcode': 151, 'status': 129, 'data': bytearray(b'')}}
2019-08-19 11:47:28,802 - ERROR: AppkeyAdd: ERROR_INTERNAL
