2019-07-11 09:57:52,179 - DEBUG - tty.usbmodem0006822145041: Writing: 105 bytearray(b"\x05\xd6\x17r,\x88C\xf0\x85\xef\x87*\x1f\xe8\xe81\x16\xae\xc6zx\x12\x89\xa7\x1e2D\';\xb7\x82@>\xafrDn\xfa\x1c>\xa7=\x15\xca\x90\x9c\x8e\xd0~\xb84H\xb1\x83\xb6\xa9\xcb\x90\xc2\x82U\xe4\xa7X<\xebn;\xff\xa1]\x1b\xb9U\xd1\x03R\x8dAc\xb2\xc7\xb0CM\xe3\x96\x81\x8c\x18\xb3\x14\x1f\x01\xce*")
2019-07-11 09:57:52,179 - DEBUG - tty.usbmodem0006822145041: TX: 616905d617722c8843f085ef872a1fe8e83116aec67a781289a71e3244273bb782403eaf72446efa1c3ea73d15ca909c8ed07eb83448b183b6a9cb90c28255e4a7583ceb6e3bffa15d1bb955d103528d4163b2c7b0434de396818c18b3141f01ce2a
2019-07-11 09:57:52,196 - DEBUG - tty.usbmodem0006822145041: RX: 03845384
2019-07-11 09:57:52,196 - DEBUG - tty.usbmodem0006822145041: parsed_packet {event: CmdRsp, data: {'opcode': 83, 'status': 132, 'data': bytearray(b'')}}
2019-07-11 09:57:52,197 - ERROR - tty.usbmodem0006822145041: None: ERROR_INVALID_LENGTH
2019-07-11 09:57:52,198 - DEBUG - tty.usbmodem0006822145041: RX: 03840084
2019-07-11 09:57:52,200 - DEBUG - tty.usbmodem0006822145041: parsed_packet {event: CmdRsp, data: {'opcode': 0, 'status': 132, 'data': bytearray(b'')}}
2019-07-11 09:57:52,199 - DEBUG - tty.usbmodem0006822145041: Writing: 159 bytearray(b'\x01\x00\x01\x00')
2019-07-11 09:57:52,200 - ERROR - tty.usbmodem0006822145041: None: ERROR_INVALID_LENGTH
2019-07-11 09:57:52,200 - DEBUG - tty.usbmodem0006822145041: TX: 059f01000100
2019-07-11 09:57:52,201 - DEBUG - tty.usbmodem0006822145041: RX: 03840084
2019-07-11 09:57:52,204 - DEBUG - tty.usbmodem0006822145041: Writing: 146 bytearray(b'\x00\x00\x18\xee\xd9\xc2\xa5j\xdd\x85\x04\x9f\xfc<Y\xad\x0e\x12')
2019-07-11 09:57:52,204 - DEBUG - tty.usbmodem0006822145041: parsed_packet {event: CmdRsp, data: {'opcode': 0, 'status': 132, 'data': bytearray(b'')}}
2019-07-11 09:57:52,205 - DEBUG - tty.usbmodem0006822145041: TX: 1392000018eed9c2a56add85049ffc3c59ad0e12
2019-07-11 09:57:52,210 - ERROR - tty.usbmodem0006822145041: None: ERROR_INVALID_LENGTH
2019-07-11 09:57:52,213 - DEBUG - tty.usbmodem0006822145041: Writing: 151 bytearray(b'\x00\x00\x00\x00Oh\xad\x85\xd9\xf4\x8a\xc8X\x9d\xf6e\xb6\xb4\x9b\x8a')
2019-07-11 09:57:52,213 - DEBUG - tty.usbmodem0006822145041: TX: 1597000000004f68ad85d9f48ac8589df665b6b49b8a
2019-07-11 09:57:52,214 - DEBUG - tty.usbmodem0006822145041: RX: 03840084
2019-07-11 09:57:52,214 - DEBUG - tty.usbmodem0006822145041: parsed_packet {event: CmdRsp, data: {'opcode': 0, 'status': 132, 'data': bytearray(b'')}}
2019-07-11 09:57:52,214 - ERROR - tty.usbmodem0006822145041: None: ERROR_INVALID_LENGTH
2019-07-11 09:57:52,214 - DEBUG - tty.usbmodem0006822145041: Writing: 151 bytearray(b'\x01\x00\x00\x00*\xa2\xa6\xde\xd5\xa0y\x8c\xea\xb5x|\xa3\xae9\xfc')
2019-07-11 09:57:52,215 - DEBUG - tty.usbmodem0006822145041: TX: 1597010000002aa2a6ded5a0798ceab5787ca3ae39fc
2019-07-11 09:57:52,215 - DEBUG - tty.usbmodem0006822145041: RX: 03840084
2019-07-11 09:57:52,248 - DEBUG - tty.usbmodem0006822145041: parsed_packet {event: CmdRsp, data: {'opcode': 0, 'status': 132, 'data': bytearray(b'')}}
2019-07-11 09:57:52,248 - ERROR - tty.usbmodem0006822145041: None: ERROR_INVALID_LENGTH
2019-07-11 09:57:52,249 - DEBUG - tty.usbmodem0006822145041: RX: 03840084
2019-07-11 09:57:52,249 - DEBUG - tty.usbmodem0006822145041: parsed_packet {event: CmdRsp, data: {'opcode': 0, 'status': 132, 'data': bytearray(b'')}}
2019-07-11 09:57:52,249 - ERROR - tty.usbmodem0006822145041: None: ERROR_INVALID_LENGTH
2019-07-11 09:57:52,249 - DEBUG - tty.usbmodem0006822145041: RX: 03840084
2019-07-11 09:57:52,249 - DEBUG - tty.usbmodem0006822145041: parsed_packet {event: CmdRsp, data: {'opcode': 0, 'status': 132, 'data': bytearray(b'')}}
2019-07-11 09:57:52,249 - ERROR - tty.usbmodem0006822145041: None: ERROR_INVALID_LENGTH
2019-07-11 09:57:52,250 - DEBUG - tty.usbmodem0006822145041: RX: 03840084
2019-07-11 09:57:52,250 - DEBUG - tty.usbmodem0006822145041: parsed_packet {event: CmdRsp, data: {'opcode': 0, 'status': 132, 'data': bytearray(b'')}}
2019-07-11 09:57:52,250 - ERROR - tty.usbmodem0006822145041: None: ERROR_INVALID_LENGTH
2019-07-11 09:57:52,251 - DEBUG - tty.usbmodem0006822145041: RX: 03840084
2019-07-11 09:57:52,251 - DEBUG - tty.usbmodem0006822145041: parsed_packet {event: CmdRsp, data: {'opcode': 0, 'status': 132, 'data': bytearray(b'')}}
2019-07-11 09:57:52,251 - ERROR - tty.usbmodem0006822145041: None: ERROR_INVALID_LENGTH
2019-07-11 09:57:52,251 - DEBUG - tty.usbmodem0006822145041: RX: 03840084
2019-07-11 09:57:52,252 - DEBUG - tty.usbmodem0006822145041: parsed_packet {event: CmdRsp, data: {'opcode': 0, 'status': 132, 'data': bytearray(b'')}}
2019-07-11 09:57:52,252 - ERROR - tty.usbmodem0006822145041: None: ERROR_INVALID_LENGTH
2019-07-11 09:57:52,252 - DEBUG - tty.usbmodem0006822145041: RX: 03840084
2019-07-11 09:57:52,252 - DEBUG - tty.usbmodem0006822145041: parsed_packet {event: CmdRsp, data: {'opcode': 0, 'status': 132, 'data': bytearray(b'')}}
2019-07-11 09:57:52,252 - ERROR - tty.usbmodem0006822145041: None: ERROR_INVALID_LENGTH
2019-07-11 09:57:52,257 - DEBUG - tty.usbmodem0006822145041: RX: 03840084
2019-07-11 09:57:52,259 - DEBUG - tty.usbmodem0006822145041: parsed_packet {event: CmdRsp, data: {'opcode': 0, 'status': 132, 'data': bytearray(b'')}}
2019-07-11 09:57:52,259 - ERROR - tty.usbmodem0006822145041: None: ERROR_INVALID_LENGTH
2019-07-11 09:57:52,259 - DEBUG - tty.usbmodem0006822145041: RX: 03840084
2019-07-11 09:57:52,260 - DEBUG - tty.usbmodem0006822145041: parsed_packet {event: CmdRsp, data: {'opcode': 0, 'status': 132, 'data': bytearray(b'')}}
2019-07-11 09:57:52,260 - ERROR - tty.usbmodem0006822145041: None: ERROR_INVALID_LENGTH
2019-07-11 09:57:52,260 - DEBUG - tty.usbmodem0006822145041: RX: 03849f00
2019-07-11 09:57:52,260 - DEBUG - tty.usbmodem0006822145041: parsed_packet {event: CmdRsp, data: {'opcode': 159, 'status': 0, 'data': bytearray(b'')}}
2019-07-11 09:57:52,260 - INFO - tty.usbmodem0006822145041: Success
2019-07-11 09:57:52,261 - DEBUG - tty.usbmodem0006822145041: RX: 058492000000
2019-07-11 09:57:52,261 - DEBUG - tty.usbmodem0006822145041: parsed_packet {event: CmdRsp, data: {'opcode': 146, 'status': 0, 'data': bytearray(b'\x00\x00')}}
2019-07-11 09:57:52,263 - INFO - tty.usbmodem0006822145041: SubnetAdd: {'subnet_handle': 0}
2019-07-11 09:57:52,263 - DEBUG - tty.usbmodem0006822145041: RX: 058497000000
2019-07-11 09:57:52,263 - DEBUG - tty.usbmodem0006822145041: parsed_packet {event: CmdRsp, data: {'opcode': 151, 'status': 0, 'data': bytearray(b'\x00\x00')}}
2019-07-11 09:57:52,263 - INFO - tty.usbmodem0006822145041: AppkeyAdd: {'appkey_handle': 0}
2019-07-11 09:57:52,263 - DEBUG - tty.usbmodem0006822145041: RX: 058497000100
2019-07-11 09:57:52,264 - DEBUG - tty.usbmodem0006822145041: parsed_packet {event: CmdRsp, data: {'opcode': 151, 'status': 0, 'data': bytearray(b'\x01\x00')}}
2019-07-11 09:57:52,264 - INFO - tty.usbmodem0006822145041: AppkeyAdd: {'appkey_handle': 1}
2019-07-11 09:59:03,662 - DEBUG - tty.usbmodem0006822145041: Writing: 97 bytearray(b'')
2019-07-11 09:59:03,667 - DEBUG - tty.usbmodem0006822145041: TX: 0161
2019-07-11 09:59:03,669 - DEBUG - tty.usbmodem0006822145041: RX: 03846100
2019-07-11 09:59:03,669 - DEBUG - tty.usbmodem0006822145041: parsed_packet {event: CmdRsp, data: {'opcode': 97, 'status': 0, 'data': bytearray(b'')}}
2019-07-11 09:59:03,669 - INFO - tty.usbmodem0006822145041: Success
2019-07-11 09:59:04,526 - DEBUG - tty.usbmodem0006822145041: RX: 1ac09db77a0526b8734988639509c242d107d40001c8639509c2c2
2019-07-11 09:59:04,526 - DEBUG - tty.usbmodem0006822145041: parsed_packet {event: ProvUnprovisionedReceived, data: {'uuid': bytearray(b'\x9d\xb7z\x05&\xb8sI\x88c\x95\t\xc2B\xd1\x07'), 'rssi': -44, 'gatt_supported': 0, 'adv_addr_type': 1, 'adv_addr': bytearray(b'\xc8c\x95\t\xc2\xc2')}}
2019-07-11 09:59:04,527 - INFO - tty.usbmodem0006822145041: {event: ProvUnprovisionedReceived, data: {'uuid': bytearray(b'\x9d\xb7z\x05&\xb8sI\x88c\x95\t\xc2B\xd1\x07'), 'rssi': -44, 'gatt_supported': 0, 'adv_addr_type': 1, 'adv_addr': bytearray(b'\xc8c\x95\t\xc2\xc2')}}
2019-07-11 09:59:04,527 - INFO - tty.usbmodem0006822145041: Received UUID 9db77a0526b8734988639509c242d107 with RSSI: -44 dB
2019-07-11 09:59:06,537 - DEBUG - tty.usbmodem0006822145041: RX: 1ac09db77a0526b8734988639509c242d107d20001c8639509c2c2
2019-07-11 09:59:06,538 - DEBUG - tty.usbmodem0006822145041: parsed_packet {event: ProvUnprovisionedReceived, data: {'uuid': bytearray(b'\x9d\xb7z\x05&\xb8sI\x88c\x95\t\xc2B\xd1\x07'), 'rssi': -46, 'gatt_supported': 0, 'adv_addr_type': 1, 'adv_addr': bytearray(b'\xc8c\x95\t\xc2\xc2')}}
2019-07-11 09:59:06,538 - INFO - tty.usbmodem0006822145041: {event: ProvUnprovisionedReceived, data: {'uuid': bytearray(b'\x9d\xb7z\x05&\xb8sI\x88c\x95\t\xc2B\xd1\x07'), 'rssi': -46, 'gatt_supported': 0, 'adv_addr_type': 1, 'adv_addr': bytearray(b'\xc8c\x95\t\xc2\xc2')}}
2019-07-11 09:59:08,531 - DEBUG - tty.usbmodem0006822145041: RX: 1ac09db77a0526b8734988639509c242d107d50001c8639509c2c2
2019-07-11 09:59:08,531 - DEBUG - tty.usbmodem0006822145041: parsed_packet {event: ProvUnprovisionedReceived, data: {'uuid': bytearray(b'\x9d\xb7z\x05&\xb8sI\x88c\x95\t\xc2B\xd1\x07'), 'rssi': -43, 'gatt_supported': 0, 'adv_addr_type': 1, 'adv_addr': bytearray(b'\xc8c\x95\t\xc2\xc2')}}
2019-07-11 09:59:08,531 - INFO - tty.usbmodem0006822145041: {event: ProvUnprovisionedReceived, data: {'uuid': bytearray(b'\x9d\xb7z\x05&\xb8sI\x88c\x95\t\xc2B\xd1\x07'), 'rssi': -43, 'gatt_supported': 0, 'adv_addr_type': 1, 'adv_addr': bytearray(b'\xc8c\x95\t\xc2\xc2')}}
2019-07-11 09:59:10,537 - DEBUG - tty.usbmodem0006822145041: RX: 1ac09db77a0526b8734988639509c242d107d50001c8639509c2c2
2019-07-11 09:59:10,537 - DEBUG - tty.usbmodem0006822145041: parsed_packet {event: ProvUnprovisionedReceived, data: {'uuid': bytearray(b'\x9d\xb7z\x05&\xb8sI\x88c\x95\t\xc2B\xd1\x07'), 'rssi': -43, 'gatt_supported': 0, 'adv_addr_type': 1, 'adv_addr': bytearray(b'\xc8c\x95\t\xc2\xc2')}}
2019-07-11 09:59:10,538 - INFO - tty.usbmodem0006822145041: {event: ProvUnprovisionedReceived, data: {'uuid': bytearray(b'\x9d\xb7z\x05&\xb8sI\x88c\x95\t\xc2B\xd1\x07'), 'rssi': -43, 'gatt_supported': 0, 'adv_addr_type': 1, 'adv_addr': bytearray(b'\xc8c\x95\t\xc2\xc2')}}
2019-07-11 09:59:12,546 - DEBUG - tty.usbmodem0006822145041: RX: 1ac09db77a0526b8734988639509c242d107d50001c8639509c2c2
2019-07-11 09:59:12,547 - DEBUG - tty.usbmodem0006822145041: parsed_packet {event: ProvUnprovisionedReceived, data: {'uuid': bytearray(b'\x9d\xb7z\x05&\xb8sI\x88c\x95\t\xc2B\xd1\x07'), 'rssi': -43, 'gatt_supported': 0, 'adv_addr_type': 1, 'adv_addr': bytearray(b'\xc8c\x95\t\xc2\xc2')}}
2019-07-11 09:59:12,548 - INFO - tty.usbmodem0006822145041: {event: ProvUnprovisionedReceived, data: {'uuid': bytearray(b'\x9d\xb7z\x05&\xb8sI\x88c\x95\t\xc2B\xd1\x07'), 'rssi': -43, 'gatt_supported': 0, 'adv_addr_type': 1, 'adv_addr': bytearray(b'\xc8c\x95\t\xc2\xc2')}}
2019-07-11 09:59:14,564 - DEBUG - tty.usbmodem0006822145041: RX: 1ac09db77a0526b8734988639509c242d107d40001c8639509c2c2
2019-07-11 09:59:14,565 - DEBUG - tty.usbmodem0006822145041: parsed_packet {event: ProvUnprovisionedReceived, data: {'uuid': bytearray(b'\x9d\xb7z\x05&\xb8sI\x88c\x95\t\xc2B\xd1\x07'), 'rssi': -44, 'gatt_supported': 0, 'adv_addr_type': 1, 'adv_addr': bytearray(b'\xc8c\x95\t\xc2\xc2')}}
2019-07-11 09:59:14,566 - INFO - tty.usbmodem0006822145041: {event: ProvUnprovisionedReceived, data: {'uuid': bytearray(b'\x9d\xb7z\x05&\xb8sI\x88c\x95\t\xc2B\xd1\x07'), 'rssi': -44, 'gatt_supported': 0, 'adv_addr_type': 1, 'adv_addr': bytearray(b'\xc8c\x95\t\xc2\xc2')}}
2019-07-11 09:59:15,452 - DEBUG - tty.usbmodem0006822145041: Writing: 98 bytearray(b'')
2019-07-11 09:59:15,454 - DEBUG - tty.usbmodem0006822145041: TX: 0162
2019-07-11 09:59:15,458 - DEBUG - tty.usbmodem0006822145041: Writing: 99 bytearray(b'\x00\x9d\xb7z\x05&\xb8sI\x88c\x95\t\xc2B\xd1\x07\x18\xee\xd9\xc2\xa5j\xdd\x85\x04\x9f\xfc<Y\xad\x0e\x12\x00\x00\x00\x00\x00\x00\x10\x00\x00\x00\x00')
2019-07-11 09:59:15,459 - DEBUG - tty.usbmodem0006822145041: TX: 2d63009db77a0526b8734988639509c242d10718eed9c2a56add85049ffc3c59ad0e120000000000001000000000
2019-07-11 09:59:15,459 - DEBUG - tty.usbmodem0006822145041: RX: 03846200
2019-07-11 09:59:15,460 - DEBUG - tty.usbmodem0006822145041: parsed_packet {event: CmdRsp, data: {'opcode': 98, 'status': 0, 'data': bytearray(b'')}}
2019-07-11 09:59:15,469 - INFO - tty.usbmodem0006822145041: Success
2019-07-11 09:59:15,470 - DEBUG - tty.usbmodem0006822145041: RX: 0484630000
2019-07-11 09:59:15,470 - DEBUG - tty.usbmodem0006822145041: parsed_packet {event: CmdRsp, data: {'opcode': 99, 'status': 0, 'data': bytearray(b'\x00')}}
2019-07-11 09:59:15,470 - INFO - tty.usbmodem0006822145041: Provision: {'context': 0}
2019-07-11 09:59:15,481 - DEBUG - tty.usbmodem0006822145041: RX: 02c100
2019-07-11 09:59:15,481 - DEBUG - tty.usbmodem0006822145041: parsed_packet {event: ProvLinkEstablished, data: {'context_id': 0}}
2019-07-11 09:59:15,482 - INFO - tty.usbmodem0006822145041: {event: ProvLinkEstablished, data: {'context_id': 0}}
2019-07-11 09:59:15,482 - INFO - tty.usbmodem0006822145041: Link established
2019-07-11 09:59:15,529 - DEBUG - tty.usbmodem0006822145041: RX: 0bc3000e0001000000000000
2019-07-11 09:59:15,530 - DEBUG - tty.usbmodem0006822145041: parsed_packet {event: ProvCapsReceived, data: {'context_id': 0, 'num_elements': 14, 'public_key_type': 0, 'static_oob_types': 1, 'output_oob_size': 0, 'output_oob_actions': 0, 'input_oob_size': 0, 'input_oob_actions': 0}}
2019-07-11 09:59:15,530 - INFO - tty.usbmodem0006822145041: {event: ProvCapsReceived, data: {'context_id': 0, 'num_elements': 14, 'public_key_type': 0, 'static_oob_types': 1, 'output_oob_size': 0, 'output_oob_actions': 0, 'input_oob_size': 0, 'input_oob_actions': 0}}
2019-07-11 09:59:15,530 - INFO - tty.usbmodem0006822145041: Received capabilities
2019-07-11 09:59:15,530 - INFO - tty.usbmodem0006822145041: Number of elements: 14
2019-07-11 09:59:15,531 - DEBUG - tty.usbmodem0006822145041: Writing: 102 bytearray(b'\x00\x00\x00\x00')
2019-07-11 09:59:15,531 - DEBUG - tty.usbmodem0006822145041: TX: 056600000000
2019-07-11 09:59:15,533 - DEBUG - tty.usbmodem0006822145041: RX: 0484660000
2019-07-11 09:59:15,534 - DEBUG - tty.usbmodem0006822145041: parsed_packet {event: CmdRsp, data: {'opcode': 102, 'status': 0, 'data': bytearray(b'\x00')}}
2019-07-11 09:59:15,534 - INFO - tty.usbmodem0006822145041: OobUse: {'context': 0}
2019-07-11 09:59:15,744 - DEBUG - tty.usbmodem0006822145041: RX: 62c700e981fc809eab11ab370c266ee24b3ad70142e8d7e4a17d4fdb9d558511e1dc671829f6ddd52b35daa4e7b38e835323d65e0ce412f4ac20faa0964b8caf66bdfea8d5afe0629f11a62a50c9d8da6ef445d37ae71e57895329a44b168603a478bd
2019-07-11 09:59:15,745 - DEBUG - tty.usbmodem0006822145041: parsed_packet {event: ProvEcdhRequest, data: {'context_id': 0, 'peer_public': bytearray(b'\xe9\x81\xfc\x80\x9e\xab\x11\xab7\x0c&n\xe2K:\xd7\x01B\xe8\xd7\xe4\xa1}O\xdb\x9dU\x85\x11\xe1\xdcg\x18)\xf6\xdd\xd5+5\xda\xa4\xe7\xb3\x8e\x83S#\xd6^\x0c\xe4\x12\xf4\xac \xfa\xa0\x96K\x8c\xaff\xbd\xfe'), 'node_private': bytearray(b'\xa8\xd5\xaf\xe0b\x9f\x11\xa6*P\xc9\xd8\xdan\xf4E\xd3z\xe7\x1eW\x89S)\xa4K\x16\x86\x03\xa4x\xbd')}}
2019-07-11 09:59:15,745 - INFO - tty.usbmodem0006822145041: {event: ProvEcdhRequest, data: {'context_id': 0, 'peer_public': bytearray(b'\xe9\x81\xfc\x80\x9e\xab\x11\xab7\x0c&n\xe2K:\xd7\x01B\xe8\xd7\xe4\xa1}O\xdb\x9dU\x85\x11\xe1\xdcg\x18)\xf6\xdd\xd5+5\xda\xa4\xe7\xb3\x8e\x83S#\xd6^\x0c\xe4\x12\xf4\xac \xfa\xa0\x96K\x8c\xaff\xbd\xfe'), 'node_private': bytearray(b'\xa8\xd5\xaf\xe0b\x9f\x11\xa6*P\xc9\xd8\xdan\xf4E\xd3z\xe7\x1eW\x89S)\xa4K\x16\x86\x03\xa4x\xbd')}}
2019-07-11 09:59:15,745 - INFO - tty.usbmodem0006822145041: ECDH request received
2019-07-11 09:59:15,749 - DEBUG - tty.usbmodem0006822145041: Writing: 104 bytearray(b'\x00$\xff.\xea\xab\x88s\x165\xd5p~\xb4\x9c\x0f\xec\xa9S\x05\xaat\xe6NSG\xc0\x7f2R#\x08+')
2019-07-11 09:59:15,750 - DEBUG - tty.usbmodem0006822145041: TX: 22680024ff2eeaab88731635d5707eb49c0feca95305aa74e64e5347c07f325223082b
2019-07-11 09:59:15,755 - DEBUG - tty.usbmodem0006822145041: RX: 0484680000
2019-07-11 09:59:15,756 - DEBUG - tty.usbmodem0006822145041: parsed_packet {event: CmdRsp, data: {'opcode': 104, 'status': 0, 'data': bytearray(b'\x00')}}
2019-07-11 09:59:15,756 - INFO - tty.usbmodem0006822145041: EcdhSecret: {'context': 0}
2019-07-11 09:59:16,129 - DEBUG - tty.usbmodem0006822145041: RX: 2cc500000000000000100000004455a966ac93a80872e52cd3d678260018eed9c2a56add85049ffc3c59ad0e12
2019-07-11 09:59:16,129 - DEBUG - tty.usbmodem0006822145041: parsed_packet {event: ProvComplete, data: {'context_id': 0, 'iv_index': 0, 'net_key_index': 0, 'address': 16, 'iv_update_flag': 0, 'key_refresh_flag': 0, 'device_key': bytearray(b'DU\xa9f\xac\x93\xa8\x08r\xe5,\xd3\xd6x&\x00'), 'net_key': bytearray(b'\x18\xee\xd9\xc2\xa5j\xdd\x85\x04\x9f\xfc<Y\xad\x0e\x12')}}
2019-07-11 09:59:16,130 - INFO - tty.usbmodem0006822145041: {event: ProvComplete, data: {'context_id': 0, 'iv_index': 0, 'net_key_index': 0, 'address': 16, 'iv_update_flag': 0, 'key_refresh_flag': 0, 'device_key': bytearray(b'DU\xa9f\xac\x93\xa8\x08r\xe5,\xd3\xd6x&\x00'), 'net_key': bytearray(b'\x18\xee\xd9\xc2\xa5j\xdd\x85\x04\x9f\xfc<Y\xad\x0e\x12')}}
2019-07-11 09:59:16,130 - INFO - tty.usbmodem0006822145041: Provisioning complete
2019-07-11 09:59:16,130 - INFO - tty.usbmodem0006822145041: 	Address(es): 0x10-0x1d
2019-07-11 09:59:16,130 - INFO - tty.usbmodem0006822145041: 	Device key: 4455a966ac93a80872e52cd3d6782600
2019-07-11 09:59:16,130 - INFO - tty.usbmodem0006822145041: 	Network key: 18eed9c2a56add85049ffc3c59ad0e12
2019-07-11 09:59:16,130 - INFO - tty.usbmodem0006822145041: Adding device key to subnet 0
2019-07-11 09:59:16,130 - INFO - tty.usbmodem0006822145041: Adding publication address of root element
2019-07-11 09:59:16,130 - DEBUG - tty.usbmodem0006822145041: Writing: 156 bytearray(b'\x10\x00\x00\x00DU\xa9f\xac\x93\xa8\x08r\xe5,\xd3\xd6x&\x00')
2019-07-11 09:59:16,131 - DEBUG - tty.usbmodem0006822145041: TX: 159c100000004455a966ac93a80872e52cd3d6782600
2019-07-11 09:59:16,133 - DEBUG - tty.usbmodem0006822145041: Writing: 164 bytearray(b'\x10\x00')
2019-07-11 09:59:16,133 - DEBUG - tty.usbmodem0006822145041: TX: 03a41000
2019-07-11 09:59:18,134 - INFO - tty.usbmodem0006822145041: cmd AddrPublicationAdd, timeout waiting for event
2019-07-11 09:59:26,138 - DEBUG - tty.usbmodem0006822145041: RX: 05849c000800
2019-07-11 09:59:26,145 - DEBUG - tty.usbmodem0006822145041: parsed_packet {event: CmdRsp, data: {'opcode': 156, 'status': 0, 'data': bytearray(b'\x08\x00')}}
2019-07-11 09:59:26,145 - INFO - tty.usbmodem0006822145041: DevkeyAdd: {'devkey_handle': 8}
2019-07-11 09:59:26,146 - DEBUG - tty.usbmodem0006822145041: RX: 0584a4000000
2019-07-11 09:59:26,146 - DEBUG - tty.usbmodem0006822145041: parsed_packet {event: CmdRsp, data: {'opcode': 164, 'status': 0, 'data': bytearray(b'\x00\x00')}}
2019-07-11 09:59:26,146 - INFO - tty.usbmodem0006822145041: AddrPublicationAdd: {'address_handle': 0}
2019-07-11 09:59:26,147 - DEBUG - tty.usbmodem0006822145041: RX: 03c20000
2019-07-11 09:59:26,158 - DEBUG - tty.usbmodem0006822145041: parsed_packet {event: ProvLinkClosed, data: {'context_id': 0, 'close_reason': 0}}
2019-07-11 09:59:26,159 - INFO - tty.usbmodem0006822145041: {event: ProvLinkClosed, data: {'context_id': 0, 'close_reason': 0}}
2019-07-11 09:59:26,159 - INFO - tty.usbmodem0006822145041: Provisioning link closed
2019-07-11 09:59:40,301 - INFO - tty.usbmodem0006822145041: Configer 8 0
2019-07-11 09:59:40,301 - DEBUG - tty.usbmodem0006822145041.ConfigurationClient: Sending opcode: 8008, data: 00
2019-07-11 09:59:40,301 - DEBUG - tty.usbmodem0006822145041.ConfigurationClient: Sending opcode: 00, data: 0000004f68ad85d9f48ac8589df665b6b49b8a
2019-07-11 09:59:40,301 - DEBUG - tty.usbmodem0006822145041: Writing: 171 bytearray(b'\x08\x00\x01\x00\x00\x00\x08\x00\x00\x00\x80\x08\x00')
2019-07-11 09:59:40,303 - DEBUG - tty.usbmodem0006822145041: TX: 0eab08000100000008000000800800
2019-07-11 09:59:40,307 - DEBUG - tty.usbmodem0006822145041: Writing: 171 bytearray(b'\x08\x00\x01\x00\x00\x00\x08\x00\x00\x00\x00\x00\x00\x00Oh\xad\x85\xd9\xf4\x8a\xc8X\x9d\xf6e\xb6\xb4\x9b\x8a')
2019-07-11 09:59:40,310 - DEBUG - tty.usbmodem0006822145041: RX: 0784ab0001000000
2019-07-11 09:59:40,316 - DEBUG - tty.usbmodem0006822145041: TX: 1fab08000100000008000000000000004f68ad85d9f48ac8589df665b6b49b8a
2019-07-11 09:59:40,316 - DEBUG - tty.usbmodem0006822145041: parsed_packet {event: CmdRsp, data: {'opcode': 171, 'status': 0, 'data': bytearray(b'\x01\x00\x00\x00')}}
2019-07-11 09:59:40,317 - INFO - tty.usbmodem0006822145041: PacketSend: {'token': 1}
2019-07-11 09:59:40,324 - DEBUG - tty.usbmodem0006822145041: RX: 0784ab0002000000
2019-07-11 09:59:40,324 - DEBUG - tty.usbmodem0006822145041: parsed_packet {event: CmdRsp, data: {'opcode': 171, 'status': 0, 'data': bytearray(b'\x02\x00\x00\x00')}}
2019-07-11 09:59:40,324 - INFO - tty.usbmodem0006822145041: PacketSend: {'token': 2}
2019-07-11 09:59:40,325 - DEBUG - tty.usbmodem0006822145041: RX: 05d201000000
2019-07-11 09:59:40,325 - DEBUG - tty.usbmodem0006822145041: parsed_packet {event: MeshTxComplete, data: {'token': 1}}
2019-07-11 09:59:40,325 - INFO - tty.usbmodem0006822145041: {event: MeshTxComplete, data: {'token': 1}}
2019-07-11 09:59:40,391 - DEBUG - tty.usbmodem0006822145041: RX: 05d202000000
2019-07-11 09:59:40,391 - DEBUG - tty.usbmodem0006822145041: parsed_packet {event: MeshTxComplete, data: {'token': 2}}
2019-07-11 09:59:40,392 - INFO - tty.usbmodem0006822145041: {event: MeshTxComplete, data: {'token': 2}}
2019-07-11 09:59:40,418 - DEBUG - tty.usbmodem0006822145041: RX: 1ad010000100080000007f01c8639509c2c2d30600800300000000
2019-07-11 09:59:40,419 - DEBUG - tty.usbmodem0006822145041: parsed_packet {event: MeshMessageReceivedUnicast, data: {'src': 16, 'dst': 1, 'appkey_handle': 8, 'subnet_handle': 0, 'ttl': 127, 'adv_addr_type': 1, 'adv_addr': bytearray(b'\xc8c\x95\t\xc2\xc2'), 'rssi': -45, 'actual_length': 6, 'data': bytearray(b'\x80\x03\x00\x00\x00\x00')}}
2019-07-11 09:59:40,420 - INFO - tty.usbmodem0006822145041.ConfigurationClient: Appkey status: AccessStatus.SUCCESS
2019-07-11 09:59:40,424 - INFO - tty.usbmodem0006822145041.ConfigurationClient: Appkey add 0 succeded for subnet 0 at node 0010
2019-07-11 09:59:40,424 - DEBUG - tty.usbmodem0006822145041: Message Opcode bytearray(b'\x80\x03'), Data bytearray(b'\x00\x00\x00\x00') unknown for model <mesh.access.Access object at 0x10f85bdd8>.
2019-07-11 09:59:40,424 - DEBUG - tty.usbmodem0006822145041: Message Opcode bytearray(b'\x80\x03'), Data bytearray(b'\x00\x00\x00\x00') unknown for model <mesh.access.Access object at 0x10f85bdd8>.
2019-07-11 09:59:40,424 - DEBUG - tty.usbmodem0006822145041: Message Opcode bytearray(b'\x80\x03'), Data bytearray(b'\x00\x00\x00\x00') unknown for model <mesh.access.Access object at 0x10f85bdd8>.
2019-07-11 09:59:40,425 - INFO - tty.usbmodem0006822145041: {event: MeshMessageReceivedUnicast, data: {'src': 16, 'dst': 1, 'appkey_handle': 8, 'subnet_handle': 0, 'ttl': 127, 'adv_addr_type': 1, 'adv_addr': bytearray(b'\xc8c\x95\t\xc2\xc2'), 'rssi': -45, 'actual_length': 6, 'data': bytearray(b'\x80\x03\x00\x00\x00\x00')}}
2019-07-11 10:00:07,533 - INFO - tty.usbmodem0006822145041: Configer 8 0
2019-07-11 10:00:07,534 - DEBUG - tty.usbmodem0006822145041.ConfigurationClient: Sending opcode: 8008, data: 00
2019-07-11 10:00:07,534 - DEBUG - tty.usbmodem0006822145041.ConfigurationClient: Sending opcode: 00, data: 0000004f68ad85d9f48ac8589df665b6b49b8a
2019-07-11 10:00:07,534 - DEBUG - tty.usbmodem0006822145041: Writing: 171 bytearray(b'\x08\x00\x01\x00\x00\x00\x08\x00\x00\x00\x80\x08\x00')
2019-07-11 10:00:07,540 - DEBUG - tty.usbmodem0006822145041: TX: 0eab08000100000008000000800800
2019-07-11 10:00:07,540 - DEBUG - tty.usbmodem0006822145041: Writing: 171 bytearray(b'\x08\x00\x01\x00\x00\x00\x08\x00\x00\x00\x00\x00\x00\x00Oh\xad\x85\xd9\xf4\x8a\xc8X\x9d\xf6e\xb6\xb4\x9b\x8a')
2019-07-11 10:00:07,543 - DEBUG - tty.usbmodem0006822145041: RX: 0784ab0003000000
2019-07-11 10:00:07,555 - DEBUG - tty.usbmodem0006822145041: TX: 1fab08000100000008000000000000004f68ad85d9f48ac8589df665b6b49b8a
2019-07-11 10:00:07,556 - DEBUG - tty.usbmodem0006822145041: parsed_packet {event: CmdRsp, data: {'opcode': 171, 'status': 0, 'data': bytearray(b'\x03\x00\x00\x00')}}
2019-07-11 10:00:07,556 - INFO - tty.usbmodem0006822145041: PacketSend: {'token': 3}
2019-07-11 10:00:07,558 - DEBUG - tty.usbmodem0006822145041: RX: 05d203000000
2019-07-11 10:00:07,558 - DEBUG - tty.usbmodem0006822145041: parsed_packet {event: MeshTxComplete, data: {'token': 3}}
2019-07-11 10:00:07,562 - INFO - tty.usbmodem0006822145041: {event: MeshTxComplete, data: {'token': 3}}
2019-07-11 10:00:07,564 - DEBUG - tty.usbmodem0006822145041: RX: 0784ab0004000000
2019-07-11 10:00:07,565 - DEBUG - tty.usbmodem0006822145041: parsed_packet {event: CmdRsp, data: {'opcode': 171, 'status': 0, 'data': bytearray(b'\x04\x00\x00\x00')}}
2019-07-11 10:00:07,565 - INFO - tty.usbmodem0006822145041: PacketSend: {'token': 4}
2019-07-11 10:00:09,960 - DEBUG - tty.usbmodem0006822145041: RX: 05d204000000
2019-07-11 10:00:09,961 - DEBUG - tty.usbmodem0006822145041: parsed_packet {event: MeshTxComplete, data: {'token': 4}}
2019-07-11 10:00:09,961 - INFO - tty.usbmodem0006822145041: {event: MeshTxComplete, data: {'token': 4}}
2019-07-11 10:00:09,990 - DEBUG - tty.usbmodem0006822145041: RX: 1ad010000100080000007f01c8639509c2c2d30600800300000000
2019-07-11 10:00:09,990 - DEBUG - tty.usbmodem0006822145041: parsed_packet {event: MeshMessageReceivedUnicast, data: {'src': 16, 'dst': 1, 'appkey_handle': 8, 'subnet_handle': 0, 'ttl': 127, 'adv_addr_type': 1, 'adv_addr': bytearray(b'\xc8c\x95\t\xc2\xc2'), 'rssi': -45, 'actual_length': 6, 'data': bytearray(b'\x80\x03\x00\x00\x00\x00')}}
2019-07-11 10:00:09,991 - INFO - tty.usbmodem0006822145041.ConfigurationClient: Appkey status: AccessStatus.SUCCESS
2019-07-11 10:00:09,994 - INFO - tty.usbmodem0006822145041.ConfigurationClient: Appkey add 0 succeded for subnet 0 at node 0010
2019-07-11 10:00:09,994 - DEBUG - tty.usbmodem0006822145041: Message Opcode bytearray(b'\x80\x03'), Data bytearray(b'\x00\x00\x00\x00') unknown for model <mesh.access.Access object at 0x10f85bdd8>.
2019-07-11 10:00:09,994 - DEBUG - tty.usbmodem0006822145041: Message Opcode bytearray(b'\x80\x03'), Data bytearray(b'\x00\x00\x00\x00') unknown for model <mesh.access.Access object at 0x10f85bdd8>.
2019-07-11 10:00:09,994 - DEBUG - tty.usbmodem0006822145041: Message Opcode bytearray(b'\x80\x03'), Data bytearray(b'\x00\x00\x00\x00') unknown for model <mesh.access.Access object at 0x10f85bdd8>.
2019-07-11 10:00:09,994 - INFO - tty.usbmodem0006822145041: {event: MeshMessageReceivedUnicast, data: {'src': 16, 'dst': 1, 'appkey_handle': 8, 'subnet_handle': 0, 'ttl': 127, 'adv_addr_type': 1, 'adv_addr': bytearray(b'\xc8c\x95\t\xc2\xc2'), 'rssi': -45, 'actual_length': 6, 'data': bytearray(b'\x80\x03\x00\x00\x00\x00')}}
2019-07-11 10:00:14,999 - DEBUG - tty.usbmodem0006822145041: RX: c4d010000100080000007f01c8639509c2c2d3b0000200590000000000280003000000020000000200000002010010011059000000000002010010011059000000000002010010011059000000000002010010011059000000000002010010011059000000000002010010011059000000000002010010011059000000000002010010011059000000000002010010011059000000000002010010011059000000000002010010011059000000000002010010011059000000000002010010011059000000
2019-07-11 10:00:14,999 - DEBUG - tty.usbmodem0006822145041: parsed_packet {event: MeshMessageReceivedUnicast, data: {'src': 16, 'dst': 1, 'appkey_handle': 8, 'subnet_handle': 0, 'ttl': 127, 'adv_addr_type': 1, 'adv_addr': bytearray(b'\xc8c\x95\t\xc2\xc2'), 'rssi': -45, 'actual_length': 176, 'data': bytearray(b'\x02\x00Y\x00\x00\x00\x00\x00(\x00\x03\x00\x00\x00\x02\x00\x00\x00\x02\x00\x00\x00\x02\x01\x00\x10\x01\x10Y\x00\x00\x00\x00\x00\x02\x01\x00\x10\x01\x10Y\x00\x00\x00\x00\x00\x02\x01\x00\x10\x01\x10Y\x00\x00\x00\x00\x00\x02\x01\x00\x10\x01\x10Y\x00\x00\x00\x00\x00\x02\x01\x00\x10\x01\x10Y\x00\x00\x00\x00\x00\x02\x01\x00\x10\x01\x10Y\x00\x00\x00\x00\x00\x02\x01\x00\x10\x01\x10Y\x00\x00\x00\x00\x00\x02\x01\x00\x10\x01\x10Y\x00\x00\x00\x00\x00\x02\x01\x00\x10\x01\x10Y\x00\x00\x00\x00\x00\x02\x01\x00\x10\x01\x10Y\x00\x00\x00\x00\x00\x02\x01\x00\x10\x01\x10Y\x00\x00\x00\x00\x00\x02\x01\x00\x10\x01\x10Y\x00\x00\x00\x00\x00\x02\x01\x00\x10\x01\x10Y\x00\x00\x00')}}
2019-07-11 10:00:15,009 - INFO - tty.usbmodem0006822145041.ConfigurationClient: Received composition data (page 0x00): {
  "cid": "0059",
  "pid": "0000",
  "vid": "0000",
  "crpl": 40,
  "features": {
    "relay": 0,
    "proxy": 0,
    "friend": 2,
    "low_power": 2
  },
  "elements": [
    {
      "index": 0,
      "location": "0000",
      "models": [
        {
          "modelId": "0000"
        },
        {
          "modelId": "0002"
        }
      ]
    },
    {
      "index": 1,
      "location": "0000",
      "models": [
        {
          "modelId": "1000"
        },
        {
          "modelId": "1001"
        },
        {
          "modelId": "00590000"
        }
      ]
    },
    {
      "index": 2,
      "location": "0000",
      "models": [
        {
          "modelId": "1000"
        },
        {
          "modelId": "1001"
        },
        {
          "modelId": "00590000"
        }
      ]
    },
    {
      "index": 3,
      "location": "0000",
      "models": [
        {
          "modelId": "1000"
        },
        {
          "modelId": "1001"
        },
        {
          "modelId": "00590000"
        }
      ]
    },
    {
      "index": 4,
      "location": "0000",
      "models": [
        {
          "modelId": "1000"
        },
        {
          "modelId": "1001"
        },
        {
          "modelId": "00590000"
        }
      ]
    },
    {
      "index": 5,
      "location": "0000",
      "models": [
        {
          "modelId": "1000"
        },
        {
          "modelId": "1001"
        },
        {
          "modelId": "00590000"
        }
      ]
    },
    {
      "index": 6,
      "location": "0000",
      "models": [
        {
          "modelId": "1000"
        },
        {
          "modelId": "1001"
        },
        {
          "modelId": "00590000"
        }
      ]
    },
    {
      "index": 7,
      "location": "0000",
      "models": [
        {
          "modelId": "1000"
        },
        {
          "modelId": "1001"
        },
        {
          "modelId": "00590000"
        }
      ]
    },
    {
      "index": 8,
      "location": "0000",
      "models": [
        {
          "modelId": "1000"
        },
        {
          "modelId": "1001"
        },
        {
          "modelId": "00590000"
        }
      ]
    },
    {
      "index": 9,
      "location": "0000",
      "models": [
        {
          "modelId": "1000"
        },
        {
          "modelId": "1001"
        },
        {
          "modelId": "00590000"
        }
      ]
    },
    {
      "index": 10,
      "location": "0000",
      "models": [
        {
          "modelId": "1000"
        },
        {
          "modelId": "1001"
        },
        {
          "modelId": "00590000"
        }
      ]
    },
    {
      "index": 11,
      "location": "0000",
      "models": [
        {
          "modelId": "1000"
        },
        {
          "modelId": "1001"
        },
        {
          "modelId": "00590000"
        }
      ]
    },
    {
      "index": 12,
      "location": "0000",
      "models": [
        {
          "modelId": "1000"
        },
        {
          "modelId": "1001"
        },
        {
          "modelId": "00590000"
        }
      ]
    },
    {
      "index": 13,
      "location": "0000",
      "models": [
        {
          "modelId": "1000"
        },
        {
          "modelId": "1001"
        },
        {
          "modelId": "00590000"
        }
      ]
    }
  ]
}
2019-07-11 10:00:15,010 - DEBUG - tty.usbmodem0006822145041: Message Opcode bytearray(b'\x02'), Data bytearray(b'\x00Y\x00\x00\x00\x00\x00(\x00\x03\x00\x00\x00\x02\x00\x00\x00\x02\x00\x00\x00\x02\x01\x00\x10\x01\x10Y\x00\x00\x00\x00\x00\x02\x01\x00\x10\x01\x10Y\x00\x00\x00\x00\x00\x02\x01\x00\x10\x01\x10Y\x00\x00\x00\x00\x00\x02\x01\x00\x10\x01\x10Y\x00\x00\x00\x00\x00\x02\x01\x00\x10\x01\x10Y\x00\x00\x00\x00\x00\x02\x01\x00\x10\x01\x10Y\x00\x00\x00\x00\x00\x02\x01\x00\x10\x01\x10Y\x00\x00\x00\x00\x00\x02\x01\x00\x10\x01\x10Y\x00\x00\x00\x00\x00\x02\x01\x00\x10\x01\x10Y\x00\x00\x00\x00\x00\x02\x01\x00\x10\x01\x10Y\x00\x00\x00\x00\x00\x02\x01\x00\x10\x01\x10Y\x00\x00\x00\x00\x00\x02\x01\x00\x10\x01\x10Y\x00\x00\x00\x00\x00\x02\x01\x00\x10\x01\x10Y\x00\x00\x00') unknown for model <mesh.access.Access object at 0x10f85bdd8>.
2019-07-11 10:00:15,010 - DEBUG - tty.usbmodem0006822145041: Message Opcode bytearray(b'\x02'), Data bytearray(b'\x00Y\x00\x00\x00\x00\x00(\x00\x03\x00\x00\x00\x02\x00\x00\x00\x02\x00\x00\x00\x02\x01\x00\x10\x01\x10Y\x00\x00\x00\x00\x00\x02\x01\x00\x10\x01\x10Y\x00\x00\x00\x00\x00\x02\x01\x00\x10\x01\x10Y\x00\x00\x00\x00\x00\x02\x01\x00\x10\x01\x10Y\x00\x00\x00\x00\x00\x02\x01\x00\x10\x01\x10Y\x00\x00\x00\x00\x00\x02\x01\x00\x10\x01\x10Y\x00\x00\x00\x00\x00\x02\x01\x00\x10\x01\x10Y\x00\x00\x00\x00\x00\x02\x01\x00\x10\x01\x10Y\x00\x00\x00\x00\x00\x02\x01\x00\x10\x01\x10Y\x00\x00\x00\x00\x00\x02\x01\x00\x10\x01\x10Y\x00\x00\x00\x00\x00\x02\x01\x00\x10\x01\x10Y\x00\x00\x00\x00\x00\x02\x01\x00\x10\x01\x10Y\x00\x00\x00\x00\x00\x02\x01\x00\x10\x01\x10Y\x00\x00\x00') unknown for model <mesh.access.Access object at 0x10f85bdd8>.
2019-07-11 10:00:15,010 - DEBUG - tty.usbmodem0006822145041: Message Opcode bytearray(b'\x02'), Data bytearray(b'\x00Y\x00\x00\x00\x00\x00(\x00\x03\x00\x00\x00\x02\x00\x00\x00\x02\x00\x00\x00\x02\x01\x00\x10\x01\x10Y\x00\x00\x00\x00\x00\x02\x01\x00\x10\x01\x10Y\x00\x00\x00\x00\x00\x02\x01\x00\x10\x01\x10Y\x00\x00\x00\x00\x00\x02\x01\x00\x10\x01\x10Y\x00\x00\x00\x00\x00\x02\x01\x00\x10\x01\x10Y\x00\x00\x00\x00\x00\x02\x01\x00\x10\x01\x10Y\x00\x00\x00\x00\x00\x02\x01\x00\x10\x01\x10Y\x00\x00\x00\x00\x00\x02\x01\x00\x10\x01\x10Y\x00\x00\x00\x00\x00\x02\x01\x00\x10\x01\x10Y\x00\x00\x00\x00\x00\x02\x01\x00\x10\x01\x10Y\x00\x00\x00\x00\x00\x02\x01\x00\x10\x01\x10Y\x00\x00\x00\x00\x00\x02\x01\x00\x10\x01\x10Y\x00\x00\x00\x00\x00\x02\x01\x00\x10\x01\x10Y\x00\x00\x00') unknown for model <mesh.access.Access object at 0x10f85bdd8>.
2019-07-11 10:00:15,010 - INFO - tty.usbmodem0006822145041: {event: MeshMessageReceivedUnicast, data: {'src': 16, 'dst': 1, 'appkey_handle': 8, 'subnet_handle': 0, 'ttl': 127, 'adv_addr_type': 1, 'adv_addr': bytearray(b'\xc8c\x95\t\xc2\xc2'), 'rssi': -45, 'actual_length': 176, 'data': bytearray(b'\x02\x00Y\x00\x00\x00\x00\x00(\x00\x03\x00\x00\x00\x02\x00\x00\x00\x02\x00\x00\x00\x02\x01\x00\x10\x01\x10Y\x00\x00\x00\x00\x00\x02\x01\x00\x10\x01\x10Y\x00\x00\x00\x00\x00\x02\x01\x00\x10\x01\x10Y\x00\x00\x00\x00\x00\x02\x01\x00\x10\x01\x10Y\x00\x00\x00\x00\x00\x02\x01\x00\x10\x01\x10Y\x00\x00\x00\x00\x00\x02\x01\x00\x10\x01\x10Y\x00\x00\x00\x00\x00\x02\x01\x00\x10\x01\x10Y\x00\x00\x00\x00\x00\x02\x01\x00\x10\x01\x10Y\x00\x00\x00\x00\x00\x02\x01\x00\x10\x01\x10Y\x00\x00\x00\x00\x00\x02\x01\x00\x10\x01\x10Y\x00\x00\x00\x00\x00\x02\x01\x00\x10\x01\x10Y\x00\x00\x00\x00\x00\x02\x01\x00\x10\x01\x10Y\x00\x00\x00\x00\x00\x02\x01\x00\x10\x01\x10Y\x00\x00\x00')}}
2019-07-11 10:03:00,174 - DEBUG - tty.usbmodem0006822145041: exited read event
