2019-08-09 18:58:28,330 - DEBUG - tty.usbmodem0006822145041: Writing: 14 bytearray(b'')
2019-08-09 18:58:28,331 - DEBUG - tty.usbmodem0006822145041: TX: 010e
2019-08-09 18:58:28,749 - DEBUG - tty.usbmodem0006822145041: RX: 04810200fe
2019-08-09 18:58:28,750 - DEBUG - tty.usbmodem0006822145041: parsed_packet {event: DeviceStarted, data: {'operating_mode': 2, 'hw_error': 0, 'data_credit_available': 254}}
2019-08-09 18:58:28,750 - INFO - tty.usbmodem0006822145041: Device rebooted.
2019-08-09 18:58:28,854 - INFO - tty.usbmodem0006822145041.MeshConfigurer: 

2019-08-09 18:58:28,854 - DEBUG - tty.usbmodem0006822145041: Writing: 105 bytearray(b'\xb5\xbcW\xads\xd5\x9a@\xd9\x8f5J\x1e\x11\x99\x06r\x8bOOh=,\xc1\x01\xafG\xc0\x1c\r\x82\x98\xfd\xf6\xa4N\xf1Je\xa1\x12\x1c\xdd/\x9a\xacz\xd8\x02\x81\xe9RFj\x01\x96\x82\xbd\xa88\xae_}\x8b\x8e\x19s\x80\xd2\xe8\x1e=kgH\xaa\xd9\x01!T\xa4\x10I\xd7\xc5\xb3\x92\xeb\xbd\x9c\xcd\x84d\xab\xd6H')
2019-08-09 18:58:28,854 - INFO - tty.usbmodem0006822145041.MeshConfigurer: Sending next message
2019-08-09 18:58:28,855 - DEBUG - tty.usbmodem0006822145041: TX: 6169b5bc57ad73d59a40d98f354a1e119906728b4f4f683d2cc101af47c01c0d8298fdf6a44ef14a65a1121cdd2f9aac7ad80281e952466a019682bda838ae5f7d8b8e197380d2e81e3d6b6748aad9012154a41049d7c5b392ebbd9ccd8464abd648
2019-08-09 18:58:28,865 - DEBUG - tty.usbmodem0006822145041: RX: 03845384
2019-08-09 18:58:28,865 - DEBUG - tty.usbmodem0006822145041: parsed_packet {event: CmdRsp, data: {'opcode': 83, 'status': 132, 'data': bytearray(b'')}}
2019-08-09 18:58:28,866 - ERROR - tty.usbmodem0006822145041: None: ERROR_INVALID_LENGTH
2019-08-09 18:58:28,867 - DEBUG - tty.usbmodem0006822145041: RX: 03840084
2019-08-09 18:58:28,868 - DEBUG - tty.usbmodem0006822145041: parsed_packet {event: CmdRsp, data: {'opcode': 0, 'status': 132, 'data': bytearray(b'')}}
2019-08-09 18:58:28,868 - ERROR - tty.usbmodem0006822145041: None: ERROR_INVALID_LENGTH
2019-08-09 18:58:28,868 - DEBUG - tty.usbmodem0006822145041: RX: 03840084
2019-08-09 18:58:28,869 - DEBUG - tty.usbmodem0006822145041: parsed_packet {event: CmdRsp, data: {'opcode': 0, 'status': 132, 'data': bytearray(b'')}}
2019-08-09 18:58:28,869 - ERROR - tty.usbmodem0006822145041: None: ERROR_INVALID_LENGTH
2019-08-09 18:58:28,869 - DEBUG - tty.usbmodem0006822145041: RX: 03840084
2019-08-09 18:58:28,869 - DEBUG - tty.usbmodem0006822145041: parsed_packet {event: CmdRsp, data: {'opcode': 0, 'status': 132, 'data': bytearray(b'')}}
2019-08-09 18:58:28,869 - ERROR - tty.usbmodem0006822145041: None: ERROR_INVALID_LENGTH
2019-08-09 18:58:28,870 - DEBUG - tty.usbmodem0006822145041: RX: 03840084
2019-08-09 18:58:28,870 - DEBUG - tty.usbmodem0006822145041: parsed_packet {event: CmdRsp, data: {'opcode': 0, 'status': 132, 'data': bytearray(b'')}}
2019-08-09 18:58:28,870 - ERROR - tty.usbmodem0006822145041: None: ERROR_INVALID_LENGTH
2019-08-09 18:58:28,870 - DEBUG - tty.usbmodem0006822145041: RX: 03840084
2019-08-09 18:58:28,871 - DEBUG - tty.usbmodem0006822145041: parsed_packet {event: CmdRsp, data: {'opcode': 0, 'status': 132, 'data': bytearray(b'')}}
2019-08-09 18:58:28,871 - ERROR - tty.usbmodem0006822145041: None: ERROR_INVALID_LENGTH
2019-08-09 18:58:28,871 - DEBUG - tty.usbmodem0006822145041: RX: 03840084
2019-08-09 18:58:28,871 - DEBUG - tty.usbmodem0006822145041: parsed_packet {event: CmdRsp, data: {'opcode': 0, 'status': 132, 'data': bytearray(b'')}}
2019-08-09 18:58:28,871 - ERROR - tty.usbmodem0006822145041: None: ERROR_INVALID_LENGTH
2019-08-09 18:58:28,871 - DEBUG - tty.usbmodem0006822145041: RX: 03840084
2019-08-09 18:58:28,872 - DEBUG - tty.usbmodem0006822145041: parsed_packet {event: CmdRsp, data: {'opcode': 0, 'status': 132, 'data': bytearray(b'')}}
2019-08-09 18:58:28,872 - ERROR - tty.usbmodem0006822145041: None: ERROR_INVALID_LENGTH
2019-08-09 18:58:28,872 - DEBUG - tty.usbmodem0006822145041: RX: 03840084
2019-08-09 18:58:28,872 - DEBUG - tty.usbmodem0006822145041: parsed_packet {event: CmdRsp, data: {'opcode': 0, 'status': 132, 'data': bytearray(b'')}}
2019-08-09 18:58:28,872 - ERROR - tty.usbmodem0006822145041: None: ERROR_INVALID_LENGTH
2019-08-09 18:58:28,872 - DEBUG - tty.usbmodem0006822145041: RX: 03840084
2019-08-09 18:58:28,873 - DEBUG - tty.usbmodem0006822145041: parsed_packet {event: CmdRsp, data: {'opcode': 0, 'status': 132, 'data': bytearray(b'')}}
2019-08-09 18:58:28,873 - ERROR - tty.usbmodem0006822145041: None: ERROR_INVALID_LENGTH
2019-08-09 18:58:28,873 - DEBUG - tty.usbmodem0006822145041: RX: 03840084
2019-08-09 18:58:28,873 - DEBUG - tty.usbmodem0006822145041: parsed_packet {event: CmdRsp, data: {'opcode': 0, 'status': 132, 'data': bytearray(b'')}}
2019-08-09 18:58:28,873 - ERROR - tty.usbmodem0006822145041: None: ERROR_INVALID_LENGTH
2019-08-09 18:58:28,874 - DEBUG - tty.usbmodem0006822145041: RX: 03840084
2019-08-09 18:58:28,874 - DEBUG - tty.usbmodem0006822145041: parsed_packet {event: CmdRsp, data: {'opcode': 0, 'status': 132, 'data': bytearray(b'')}}
2019-08-09 18:58:28,874 - ERROR - tty.usbmodem0006822145041: None: ERROR_INVALID_LENGTH
2019-08-09 18:58:28,874 - DEBUG - tty.usbmodem0006822145041: RX: 03840084
2019-08-09 18:58:28,874 - DEBUG - tty.usbmodem0006822145041: parsed_packet {event: CmdRsp, data: {'opcode': 0, 'status': 132, 'data': bytearray(b'')}}
2019-08-09 18:58:28,875 - ERROR - tty.usbmodem0006822145041: None: ERROR_INVALID_LENGTH
2019-08-09 18:58:28,891 - DEBUG - tty.usbmodem0006822145041: Writing: 159 bytearray(b'\x01\x00\x01\x00')
2019-08-09 18:58:28,891 - DEBUG - tty.usbmodem0006822145041: TX: 059f01000100
2019-08-09 18:58:28,893 - DEBUG - tty.usbmodem0006822145041: RX: 03849f00
2019-08-09 18:58:28,894 - DEBUG - tty.usbmodem0006822145041: parsed_packet {event: CmdRsp, data: {'opcode': 159, 'status': 0, 'data': bytearray(b'')}}
2019-08-09 18:58:28,894 - INFO - tty.usbmodem0006822145041: Success
2019-08-09 18:58:28,912 - DEBUG - tty.usbmodem0006822145041: Writing: 146 bytearray(b'\x00\x00\x18\xee\xd9\xc2\xa5j\xdd\x85\x04\x9f\xfc<Y\xad\x0e\x12')
2019-08-09 18:58:28,913 - DEBUG - tty.usbmodem0006822145041: TX: 1392000018eed9c2a56add85049ffc3c59ad0e12
2019-08-09 18:58:28,917 - DEBUG - tty.usbmodem0006822145041: RX: 058492000000
2019-08-09 18:58:28,917 - DEBUG - tty.usbmodem0006822145041: parsed_packet {event: CmdRsp, data: {'opcode': 146, 'status': 0, 'data': bytearray(b'\x00\x00')}}
2019-08-09 18:58:28,917 - INFO - tty.usbmodem0006822145041: SubnetAdd: {'subnet_handle': 0}
2019-08-09 18:58:28,935 - DEBUG - tty.usbmodem0006822145041: Writing: 151 bytearray(b'\x00\x00\x00\x00Oh\xad\x85\xd9\xf4\x8a\xc8X\x9d\xf6e\xb6\xb4\x9b\x8a')
2019-08-09 18:58:28,935 - DEBUG - tty.usbmodem0006822145041: TX: 1597000000004f68ad85d9f48ac8589df665b6b49b8a
2019-08-09 18:58:28,939 - DEBUG - tty.usbmodem0006822145041: RX: 058497000000
2019-08-09 18:58:28,940 - DEBUG - tty.usbmodem0006822145041: parsed_packet {event: CmdRsp, data: {'opcode': 151, 'status': 0, 'data': bytearray(b'\x00\x00')}}
2019-08-09 18:58:28,940 - INFO - tty.usbmodem0006822145041: AppkeyAdd: {'appkey_handle': 0}
2019-08-09 18:58:28,957 - DEBUG - tty.usbmodem0006822145041: Writing: 151 bytearray(b'\x01\x00\x00\x00*\xa2\xa6\xde\xd5\xa0y\x8c\xea\xb5x|\xa3\xae9\xfc')
2019-08-09 18:58:28,957 - DEBUG - tty.usbmodem0006822145041: TX: 1597010000002aa2a6ded5a0798ceab5787ca3ae39fc
2019-08-09 18:58:28,961 - DEBUG - tty.usbmodem0006822145041: RX: 058497000100
2019-08-09 18:58:28,961 - DEBUG - tty.usbmodem0006822145041: parsed_packet {event: CmdRsp, data: {'opcode': 151, 'status': 0, 'data': bytearray(b'\x01\x00')}}
2019-08-09 18:58:28,962 - INFO - tty.usbmodem0006822145041: AppkeyAdd: {'appkey_handle': 1}
2019-08-09 18:58:28,979 - DEBUG - tty.usbmodem0006822145041: Writing: 161 bytearray(b'\x01\xc0')
2019-08-09 18:58:28,979 - DEBUG - tty.usbmodem0006822145041: TX: 03a101c0
2019-08-09 18:58:28,981 - DEBUG - tty.usbmodem0006822145041: RX: 0584a1000000
2019-08-09 18:58:28,981 - DEBUG - tty.usbmodem0006822145041: parsed_packet {event: CmdRsp, data: {'opcode': 161, 'status': 0, 'data': bytearray(b'\x00\x00')}}
2019-08-09 18:58:28,982 - INFO - tty.usbmodem0006822145041: AddrSubscriptionAdd: {'address_handle': 0}
2019-08-09 18:58:28,982 - INFO - tty.usbmodem0006822145041.MeshConfigurer: 

2019-08-09 18:58:28,982 - INFO - tty.usbmodem0006822145041.MeshConfigurer: Sending next message
2019-08-09 18:58:29,001 - DEBUG - tty.usbmodem0006822145041: Writing: 164 bytearray(b'\x10\x00')
2019-08-09 18:58:29,001 - DEBUG - tty.usbmodem0006822145041: TX: 03a41000
2019-08-09 18:58:29,003 - DEBUG - tty.usbmodem0006822145041: RX: 0584a4000100
2019-08-09 18:58:29,004 - DEBUG - tty.usbmodem0006822145041: parsed_packet {event: CmdRsp, data: {'opcode': 164, 'status': 0, 'data': bytearray(b'\x01\x00')}}
2019-08-09 18:58:29,004 - INFO - tty.usbmodem0006822145041: AddrPublicationAdd: {'address_handle': 1}
2019-08-09 18:58:29,004 - INFO - tty.usbmodem0006822145041.MeshConfigurer: 

2019-08-09 18:58:29,004 - INFO - tty.usbmodem0006822145041.MeshConfigurer: Sending next message
2019-08-09 18:58:29,025 - DEBUG - tty.usbmodem0006822145041: Writing: 164 bytearray(b'\x11\x00')
2019-08-09 18:58:29,026 - DEBUG - tty.usbmodem0006822145041: TX: 03a41100
2019-08-09 18:58:29,027 - DEBUG - tty.usbmodem0006822145041: RX: 0584a4000200
2019-08-09 18:58:29,028 - DEBUG - tty.usbmodem0006822145041: parsed_packet {event: CmdRsp, data: {'opcode': 164, 'status': 0, 'data': bytearray(b'\x02\x00')}}
2019-08-09 18:58:29,028 - INFO - tty.usbmodem0006822145041: AddrPublicationAdd: {'address_handle': 2}
2019-08-09 18:58:29,028 - INFO - tty.usbmodem0006822145041.MeshConfigurer: 

2019-08-09 18:58:29,028 - INFO - tty.usbmodem0006822145041.MeshConfigurer: Sending next message
2019-08-09 18:58:29,046 - DEBUG - tty.usbmodem0006822145041: Writing: 164 bytearray(b'\x12\x00')
2019-08-09 18:58:29,047 - DEBUG - tty.usbmodem0006822145041: TX: 03a41200
2019-08-09 18:58:29,049 - DEBUG - tty.usbmodem0006822145041: RX: 0584a4000300
2019-08-09 18:58:29,050 - DEBUG - tty.usbmodem0006822145041: parsed_packet {event: CmdRsp, data: {'opcode': 164, 'status': 0, 'data': bytearray(b'\x03\x00')}}
2019-08-09 18:58:29,050 - INFO - tty.usbmodem0006822145041: AddrPublicationAdd: {'address_handle': 3}
2019-08-09 18:58:29,050 - INFO - tty.usbmodem0006822145041.MeshConfigurer: 

2019-08-09 18:58:29,050 - INFO - tty.usbmodem0006822145041.MeshConfigurer: Sending next message
2019-08-09 18:58:29,072 - DEBUG - tty.usbmodem0006822145041: Writing: 164 bytearray(b'\x13\x00')
2019-08-09 18:58:29,073 - DEBUG - tty.usbmodem0006822145041: TX: 03a41300
2019-08-09 18:58:29,076 - DEBUG - tty.usbmodem0006822145041: RX: 0584a4000400
2019-08-09 18:58:29,076 - DEBUG - tty.usbmodem0006822145041: parsed_packet {event: CmdRsp, data: {'opcode': 164, 'status': 0, 'data': bytearray(b'\x04\x00')}}
2019-08-09 18:58:29,076 - INFO - tty.usbmodem0006822145041: AddrPublicationAdd: {'address_handle': 4}
2019-08-09 18:58:29,077 - INFO - tty.usbmodem0006822145041.MeshConfigurer: 

2019-08-09 18:58:29,077 - INFO - tty.usbmodem0006822145041.MeshConfigurer: Sending next message
2019-08-09 18:58:29,094 - DEBUG - tty.usbmodem0006822145041: Writing: 164 bytearray(b'\x14\x00')
2019-08-09 18:58:29,094 - DEBUG - tty.usbmodem0006822145041: TX: 03a41400
2019-08-09 18:58:29,096 - DEBUG - tty.usbmodem0006822145041: RX: 0584a4000500
2019-08-09 18:58:29,096 - DEBUG - tty.usbmodem0006822145041: parsed_packet {event: CmdRsp, data: {'opcode': 164, 'status': 0, 'data': bytearray(b'\x05\x00')}}
2019-08-09 18:58:29,096 - INFO - tty.usbmodem0006822145041: AddrPublicationAdd: {'address_handle': 5}
2019-08-09 18:58:29,096 - INFO - tty.usbmodem0006822145041.MeshConfigurer: 

2019-08-09 18:58:29,096 - INFO - tty.usbmodem0006822145041.MeshConfigurer: Sending next message
2019-08-09 18:58:29,118 - DEBUG - tty.usbmodem0006822145041: Writing: 164 bytearray(b'\x15\x00')
2019-08-09 18:58:29,118 - DEBUG - tty.usbmodem0006822145041: TX: 03a41500
2019-08-09 18:58:29,120 - DEBUG - tty.usbmodem0006822145041: RX: 0584a4000600
2019-08-09 18:58:29,121 - DEBUG - tty.usbmodem0006822145041: parsed_packet {event: CmdRsp, data: {'opcode': 164, 'status': 0, 'data': bytearray(b'\x06\x00')}}
2019-08-09 18:58:29,122 - INFO - tty.usbmodem0006822145041: AddrPublicationAdd: {'address_handle': 6}
2019-08-09 18:58:29,122 - INFO - tty.usbmodem0006822145041.MeshConfigurer: 

2019-08-09 18:58:29,123 - INFO - tty.usbmodem0006822145041.MeshConfigurer: Sending next message
2019-08-09 18:58:29,143 - DEBUG - tty.usbmodem0006822145041: Writing: 164 bytearray(b'\x16\x00')
2019-08-09 18:58:29,143 - DEBUG - tty.usbmodem0006822145041: TX: 03a41600
2019-08-09 18:58:29,145 - DEBUG - tty.usbmodem0006822145041: RX: 0584a4000700
2019-08-09 18:58:29,146 - DEBUG - tty.usbmodem0006822145041: parsed_packet {event: CmdRsp, data: {'opcode': 164, 'status': 0, 'data': bytearray(b'\x07\x00')}}
2019-08-09 18:58:29,146 - INFO - tty.usbmodem0006822145041: AddrPublicationAdd: {'address_handle': 7}
2019-08-09 18:58:29,146 - INFO - tty.usbmodem0006822145041.MeshConfigurer: 

2019-08-09 18:58:29,146 - INFO - tty.usbmodem0006822145041.MeshConfigurer: Sending next message
2019-08-09 18:58:29,168 - DEBUG - tty.usbmodem0006822145041: Writing: 164 bytearray(b'\x17\x00')
2019-08-09 18:58:29,168 - DEBUG - tty.usbmodem0006822145041: TX: 03a41700
2019-08-09 18:58:29,170 - DEBUG - tty.usbmodem0006822145041: RX: 0584a4000800
2019-08-09 18:58:29,171 - DEBUG - tty.usbmodem0006822145041: parsed_packet {event: CmdRsp, data: {'opcode': 164, 'status': 0, 'data': bytearray(b'\x08\x00')}}
2019-08-09 18:58:29,171 - INFO - tty.usbmodem0006822145041: AddrPublicationAdd: {'address_handle': 8}
2019-08-09 18:58:29,171 - INFO - tty.usbmodem0006822145041.MeshConfigurer: 

2019-08-09 18:58:29,171 - INFO - tty.usbmodem0006822145041.MeshConfigurer: Sending next message
2019-08-09 18:58:29,191 - DEBUG - tty.usbmodem0006822145041: Writing: 164 bytearray(b'\x18\x00')
2019-08-09 18:58:29,191 - DEBUG - tty.usbmodem0006822145041: TX: 03a41800
2019-08-09 18:58:29,192 - DEBUG - tty.usbmodem0006822145041: RX: 0584a4000900
2019-08-09 18:58:29,193 - DEBUG - tty.usbmodem0006822145041: parsed_packet {event: CmdRsp, data: {'opcode': 164, 'status': 0, 'data': bytearray(b'\t\x00')}}
2019-08-09 18:58:29,193 - INFO - tty.usbmodem0006822145041: AddrPublicationAdd: {'address_handle': 9}
2019-08-09 18:58:29,193 - INFO - tty.usbmodem0006822145041.MeshConfigurer: 

2019-08-09 18:58:29,193 - INFO - tty.usbmodem0006822145041.MeshConfigurer: Sending next message
2019-08-09 18:58:29,215 - DEBUG - tty.usbmodem0006822145041: Writing: 164 bytearray(b'\x19\x00')
2019-08-09 18:58:29,216 - DEBUG - tty.usbmodem0006822145041: TX: 03a41900
2019-08-09 18:58:29,217 - DEBUG - tty.usbmodem0006822145041: RX: 0584a4000a00
2019-08-09 18:58:29,218 - DEBUG - tty.usbmodem0006822145041: parsed_packet {event: CmdRsp, data: {'opcode': 164, 'status': 0, 'data': bytearray(b'\n\x00')}}
2019-08-09 18:58:29,218 - INFO - tty.usbmodem0006822145041: AddrPublicationAdd: {'address_handle': 10}
2019-08-09 18:58:29,218 - INFO - tty.usbmodem0006822145041.MeshConfigurer: 

2019-08-09 18:58:29,219 - INFO - tty.usbmodem0006822145041.MeshConfigurer: Sending next message
2019-08-09 18:58:29,236 - DEBUG - tty.usbmodem0006822145041: Writing: 164 bytearray(b'\x1a\x00')
2019-08-09 18:58:29,236 - DEBUG - tty.usbmodem0006822145041: TX: 03a41a00
2019-08-09 18:58:29,239 - DEBUG - tty.usbmodem0006822145041: RX: 0584a4000b00
2019-08-09 18:58:29,239 - DEBUG - tty.usbmodem0006822145041: parsed_packet {event: CmdRsp, data: {'opcode': 164, 'status': 0, 'data': bytearray(b'\x0b\x00')}}
2019-08-09 18:58:29,239 - INFO - tty.usbmodem0006822145041: AddrPublicationAdd: {'address_handle': 11}
2019-08-09 18:58:29,240 - INFO - tty.usbmodem0006822145041.MeshConfigurer: 

2019-08-09 18:58:29,240 - INFO - tty.usbmodem0006822145041.MeshConfigurer: Sending next message
2019-08-09 18:58:29,258 - DEBUG - tty.usbmodem0006822145041: Writing: 164 bytearray(b'\x1b\x00')
2019-08-09 18:58:29,258 - DEBUG - tty.usbmodem0006822145041: TX: 03a41b00
2019-08-09 18:58:29,260 - DEBUG - tty.usbmodem0006822145041: RX: 0584a4000c00
2019-08-09 18:58:29,261 - DEBUG - tty.usbmodem0006822145041: parsed_packet {event: CmdRsp, data: {'opcode': 164, 'status': 0, 'data': bytearray(b'\x0c\x00')}}
2019-08-09 18:58:29,261 - INFO - tty.usbmodem0006822145041: AddrPublicationAdd: {'address_handle': 12}
2019-08-09 18:58:29,261 - INFO - tty.usbmodem0006822145041.MeshConfigurer: 

2019-08-09 18:58:29,261 - INFO - tty.usbmodem0006822145041.MeshConfigurer: Sending next message
2019-08-09 18:58:29,282 - DEBUG - tty.usbmodem0006822145041: Writing: 164 bytearray(b'\x1c\x00')
2019-08-09 18:58:29,283 - DEBUG - tty.usbmodem0006822145041: TX: 03a41c00
2019-08-09 18:58:29,284 - DEBUG - tty.usbmodem0006822145041: RX: 0584a4000d00
2019-08-09 18:58:29,285 - DEBUG - tty.usbmodem0006822145041: parsed_packet {event: CmdRsp, data: {'opcode': 164, 'status': 0, 'data': bytearray(b'\r\x00')}}
2019-08-09 18:58:29,285 - INFO - tty.usbmodem0006822145041: AddrPublicationAdd: {'address_handle': 13}
2019-08-09 18:58:29,285 - INFO - tty.usbmodem0006822145041.MeshConfigurer: 

2019-08-09 18:58:29,285 - INFO - tty.usbmodem0006822145041.MeshConfigurer: Sending next message
2019-08-09 18:58:29,307 - DEBUG - tty.usbmodem0006822145041: Writing: 164 bytearray(b'\x1d\x00')
2019-08-09 18:58:29,308 - DEBUG - tty.usbmodem0006822145041: TX: 03a41d00
2019-08-09 18:58:29,309 - DEBUG - tty.usbmodem0006822145041: RX: 0584a4000e00
2019-08-09 18:58:29,310 - DEBUG - tty.usbmodem0006822145041: parsed_packet {event: CmdRsp, data: {'opcode': 164, 'status': 0, 'data': bytearray(b'\x0e\x00')}}
2019-08-09 18:58:29,310 - INFO - tty.usbmodem0006822145041: AddrPublicationAdd: {'address_handle': 14}
2019-08-09 18:58:29,310 - INFO - tty.usbmodem0006822145041.MeshConfigurer: 

2019-08-09 18:58:29,310 - INFO - tty.usbmodem0006822145041.MeshConfigurer: Sending next message
2019-08-09 18:58:29,330 - DEBUG - tty.usbmodem0006822145041: Writing: 156 bytearray(b'\x10\x00\x00\x00\xaf\xd7\x1eg\xf6iNh\xc2p]\x99\x17\xe2\xf4F')
2019-08-09 18:58:29,330 - DEBUG - tty.usbmodem0006822145041: TX: 159c10000000afd71e67f6694e68c2705d9917e2f446
2019-08-09 18:58:29,333 - DEBUG - tty.usbmodem0006822145041: RX: 05849c000800
2019-08-09 18:58:29,334 - DEBUG - tty.usbmodem0006822145041: parsed_packet {event: CmdRsp, data: {'opcode': 156, 'status': 0, 'data': bytearray(b'\x08\x00')}}
2019-08-09 18:58:29,334 - INFO - tty.usbmodem0006822145041: DevkeyAdd: {'devkey_handle': 8}
2019-08-09 18:58:29,334 - INFO - tty.usbmodem0006822145041.MeshConfigurer: No Messages remaining
2019-08-09 18:58:34,132 - DEBUG - tty.usbmodem0006822145041: RX: 04810200fe
2019-08-09 18:58:34,132 - DEBUG - tty.usbmodem0006822145041: parsed_packet {event: DeviceStarted, data: {'operating_mode': 2, 'hw_error': 0, 'data_credit_available': 254}}
2019-08-09 18:58:34,132 - INFO - tty.usbmodem0006822145041: Device rebooted.
2019-08-09 18:58:34,133 - ERROR - tty.usbmodem0006822145041: Exception in pkt handler <bound method Mesh.deviceStarted of <interactive_pyaci.Mesh object at 0x10aa404e0>>
2019-08-09 18:58:34,133 - DEBUG - tty.usbmodem0006822145041: Writing: 105 bytearray(b'\x0c;\xea\x7f\xc9\xb3ewr\x95\x9a\xed1\xb9\x05\xc64\x93\xf0\xc3++\x10Y\xf4]\xd9G\t%\xf7{\x94\t\xfb|\x80O\x9c@\x83?\x8c\x866\t\xa0\xb3WG\x19\xf4\x05d\xff\xbb\xc5\x18\xc5\n\xe7\xdf\x1c\xb9\x8f\x97\xd3*\xbc\xb3\x9eT\x88\x0b\x9e\xac\xd6\xac\xbaCf\x9e\x8e\xd7\x08\x17z\xbdR\xdf\x1b\xb4\x99\x05\x83\x7f')
2019-08-09 18:58:34,133 - DEBUG - tty.usbmodem0006822145041: TX: 61690c3bea7fc9b3657772959aed31b905c63493f0c32b2b1059f45dd9470925f77b9409fb7c804f9c40833f8c863609a0b3574719f40564ffbbc518c50ae7df1cb98f97d32abcb39e54880b9eacd6acba43669e8ed708177abd52df1bb49905837f
2019-08-09 18:58:34,135 - ERROR - tty.usbmodem0006822145041: traceback: Traceback (most recent call last):
  File "/Users/Tim-Mac/msc/bm-control/dev/nrf5SDKforMeshv310src/scripts/interactive_pyaci/aci/aci_uart.py", line 90, in process_packet
    fun(packet)
  File "/Users/Tim-Mac/msc/bm-control/dev/nrf5SDKforMeshv310src/scripts/interactive_pyaci/interactive_pyaci.py", line 238, in deviceStarted
    self.setup()
  File "/Users/Tim-Mac/msc/bm-control/dev/nrf5SDKforMeshv310src/scripts/interactive_pyaci/interactive_pyaci.py", line 183, in setup
    self.load_models()
  File "/Users/Tim-Mac/msc/bm-control/dev/nrf5SDKforMeshv310src/scripts/interactive_pyaci/interactive_pyaci.py", line 207, in load_models
    tid = model["tid"]
TypeError: 'GenericOnOffClient' object is not subscriptable

2019-08-09 18:58:34,143 - DEBUG - tty.usbmodem0006822145041: RX: 03845384
2019-08-09 18:58:34,144 - DEBUG - tty.usbmodem0006822145041: parsed_packet {event: CmdRsp, data: {'opcode': 83, 'status': 132, 'data': bytearray(b'')}}
2019-08-09 18:58:34,144 - ERROR - tty.usbmodem0006822145041: None: ERROR_INVALID_LENGTH
2019-08-09 18:58:34,144 - DEBUG - tty.usbmodem0006822145041: RX: 03840084
2019-08-09 18:58:34,144 - DEBUG - tty.usbmodem0006822145041: parsed_packet {event: CmdRsp, data: {'opcode': 0, 'status': 132, 'data': bytearray(b'')}}
2019-08-09 18:58:34,147 - ERROR - tty.usbmodem0006822145041: None: ERROR_INVALID_LENGTH
2019-08-09 18:58:34,148 - DEBUG - tty.usbmodem0006822145041: RX: 03840084
2019-08-09 18:58:34,148 - DEBUG - tty.usbmodem0006822145041: parsed_packet {event: CmdRsp, data: {'opcode': 0, 'status': 132, 'data': bytearray(b'')}}
2019-08-09 18:58:34,148 - ERROR - tty.usbmodem0006822145041: None: ERROR_INVALID_LENGTH
2019-08-09 18:58:34,148 - DEBUG - tty.usbmodem0006822145041: RX: 03840084
2019-08-09 18:58:34,148 - DEBUG - tty.usbmodem0006822145041: parsed_packet {event: CmdRsp, data: {'opcode': 0, 'status': 132, 'data': bytearray(b'')}}
2019-08-09 18:58:34,149 - ERROR - tty.usbmodem0006822145041: None: ERROR_INVALID_LENGTH
2019-08-09 18:58:34,149 - DEBUG - tty.usbmodem0006822145041: RX: 03840084
2019-08-09 18:58:34,149 - DEBUG - tty.usbmodem0006822145041: parsed_packet {event: CmdRsp, data: {'opcode': 0, 'status': 132, 'data': bytearray(b'')}}
2019-08-09 18:58:34,149 - ERROR - tty.usbmodem0006822145041: None: ERROR_INVALID_LENGTH
2019-08-09 18:58:34,149 - DEBUG - tty.usbmodem0006822145041: RX: 03840084
2019-08-09 18:58:34,149 - DEBUG - tty.usbmodem0006822145041: parsed_packet {event: CmdRsp, data: {'opcode': 0, 'status': 132, 'data': bytearray(b'')}}
2019-08-09 18:58:34,150 - ERROR - tty.usbmodem0006822145041: None: ERROR_INVALID_LENGTH
2019-08-09 18:58:34,150 - DEBUG - tty.usbmodem0006822145041: RX: 03840084
2019-08-09 18:58:34,150 - DEBUG - tty.usbmodem0006822145041: parsed_packet {event: CmdRsp, data: {'opcode': 0, 'status': 132, 'data': bytearray(b'')}}
2019-08-09 18:58:34,150 - ERROR - tty.usbmodem0006822145041: None: ERROR_INVALID_LENGTH
2019-08-09 18:58:34,151 - DEBUG - tty.usbmodem0006822145041: RX: 03840084
2019-08-09 18:58:34,151 - DEBUG - tty.usbmodem0006822145041: parsed_packet {event: CmdRsp, data: {'opcode': 0, 'status': 132, 'data': bytearray(b'')}}
2019-08-09 18:58:34,151 - ERROR - tty.usbmodem0006822145041: None: ERROR_INVALID_LENGTH
2019-08-09 18:58:34,151 - DEBUG - tty.usbmodem0006822145041: RX: 03840084
2019-08-09 18:58:34,151 - DEBUG - tty.usbmodem0006822145041: parsed_packet {event: CmdRsp, data: {'opcode': 0, 'status': 132, 'data': bytearray(b'')}}
2019-08-09 18:58:34,151 - ERROR - tty.usbmodem0006822145041: None: ERROR_INVALID_LENGTH
2019-08-09 18:58:34,152 - DEBUG - tty.usbmodem0006822145041: RX: 03840084
2019-08-09 18:58:34,152 - DEBUG - tty.usbmodem0006822145041: parsed_packet {event: CmdRsp, data: {'opcode': 0, 'status': 132, 'data': bytearray(b'')}}
2019-08-09 18:58:34,152 - ERROR - tty.usbmodem0006822145041: None: ERROR_INVALID_LENGTH
2019-08-09 18:58:34,152 - DEBUG - tty.usbmodem0006822145041: RX: 03840084
2019-08-09 18:58:34,152 - DEBUG - tty.usbmodem0006822145041: parsed_packet {event: CmdRsp, data: {'opcode': 0, 'status': 132, 'data': bytearray(b'')}}
2019-08-09 18:58:34,152 - ERROR - tty.usbmodem0006822145041: None: ERROR_INVALID_LENGTH
2019-08-09 18:58:34,152 - DEBUG - tty.usbmodem0006822145041: RX: 03840084
2019-08-09 18:58:34,152 - DEBUG - tty.usbmodem0006822145041: parsed_packet {event: CmdRsp, data: {'opcode': 0, 'status': 132, 'data': bytearray(b'')}}
2019-08-09 18:58:34,152 - ERROR - tty.usbmodem0006822145041: None: ERROR_INVALID_LENGTH
2019-08-09 18:58:34,153 - DEBUG - tty.usbmodem0006822145041: RX: 03840084
2019-08-09 18:58:34,153 - DEBUG - tty.usbmodem0006822145041: parsed_packet {event: CmdRsp, data: {'opcode': 0, 'status': 132, 'data': bytearray(b'')}}
2019-08-09 18:58:34,153 - ERROR - tty.usbmodem0006822145041: None: ERROR_INVALID_LENGTH
2019-08-09 18:58:34,155 - DEBUG - tty.usbmodem0006822145041: Writing: 159 bytearray(b'\x01\x00\x01\x00')
2019-08-09 18:58:34,156 - DEBUG - tty.usbmodem0006822145041: TX: 059f01000100
2019-08-09 18:58:34,158 - DEBUG - tty.usbmodem0006822145041: RX: 03849f00
2019-08-09 18:58:34,159 - DEBUG - tty.usbmodem0006822145041: parsed_packet {event: CmdRsp, data: {'opcode': 159, 'status': 0, 'data': bytearray(b'')}}
2019-08-09 18:58:34,159 - INFO - tty.usbmodem0006822145041: Success
2019-08-09 18:58:34,180 - DEBUG - tty.usbmodem0006822145041: Writing: 146 bytearray(b'\x00\x00\x18\xee\xd9\xc2\xa5j\xdd\x85\x04\x9f\xfc<Y\xad\x0e\x12')
2019-08-09 18:58:34,180 - DEBUG - tty.usbmodem0006822145041: TX: 1392000018eed9c2a56add85049ffc3c59ad0e12
2019-08-09 18:58:34,184 - DEBUG - tty.usbmodem0006822145041: RX: 058492000000
2019-08-09 18:58:34,184 - DEBUG - tty.usbmodem0006822145041: parsed_packet {event: CmdRsp, data: {'opcode': 146, 'status': 0, 'data': bytearray(b'\x00\x00')}}
2019-08-09 18:58:34,184 - INFO - tty.usbmodem0006822145041: SubnetAdd: {'subnet_handle': 0}
2019-08-09 18:58:34,205 - DEBUG - tty.usbmodem0006822145041: Writing: 151 bytearray(b'\x00\x00\x00\x00Oh\xad\x85\xd9\xf4\x8a\xc8X\x9d\xf6e\xb6\xb4\x9b\x8a')
2019-08-09 18:58:34,206 - DEBUG - tty.usbmodem0006822145041: TX: 1597000000004f68ad85d9f48ac8589df665b6b49b8a
2019-08-09 18:58:34,210 - DEBUG - tty.usbmodem0006822145041: RX: 058497000000
2019-08-09 18:58:34,210 - DEBUG - tty.usbmodem0006822145041: parsed_packet {event: CmdRsp, data: {'opcode': 151, 'status': 0, 'data': bytearray(b'\x00\x00')}}
2019-08-09 18:58:34,210 - INFO - tty.usbmodem0006822145041: AppkeyAdd: {'appkey_handle': 0}
2019-08-09 18:58:34,228 - DEBUG - tty.usbmodem0006822145041: Writing: 151 bytearray(b'\x01\x00\x00\x00*\xa2\xa6\xde\xd5\xa0y\x8c\xea\xb5x|\xa3\xae9\xfc')
2019-08-09 18:58:34,229 - DEBUG - tty.usbmodem0006822145041: TX: 1597010000002aa2a6ded5a0798ceab5787ca3ae39fc
2019-08-09 18:58:34,232 - DEBUG - tty.usbmodem0006822145041: RX: 058497000100
2019-08-09 18:58:34,233 - DEBUG - tty.usbmodem0006822145041: parsed_packet {event: CmdRsp, data: {'opcode': 151, 'status': 0, 'data': bytearray(b'\x01\x00')}}
2019-08-09 18:58:34,233 - INFO - tty.usbmodem0006822145041: AppkeyAdd: {'appkey_handle': 1}
2019-08-09 18:58:42,141 - DEBUG - tty.usbmodem0006822145041: RX: 04810200fe
2019-08-09 18:58:42,141 - DEBUG - tty.usbmodem0006822145041: parsed_packet {event: DeviceStarted, data: {'operating_mode': 2, 'hw_error': 0, 'data_credit_available': 254}}
2019-08-09 18:58:42,141 - INFO - tty.usbmodem0006822145041: Device rebooted.
2019-08-09 18:58:42,142 - INFO - tty.usbmodem0006822145041.MeshConfigurer: 

2019-08-09 18:58:42,142 - DEBUG - tty.usbmodem0006822145041: Writing: 105 bytearray(b'\xee\xc2\xb2\x80\x9b=\xa5\xc7`\x152zW\xa6j\xad\xa3\x00@}\x0b\xcc\x9dA\xbf\x05\x8a\x13m_\xe4\xf9\xb96\xa8iP\xe6\xbd\xb4\x85\x84\x07\xacS\xa2\\#\x96\x02\x1e<\xc8$\xce\x16\xe0V\x8a\x05\x15~\x054\xf3^sy\xc0ueZrm\xb3;\xefI+-M\n\xb1\xb3\xe3O\x1d/\xfb\x16vM\xd8wW\x9e')
2019-08-09 18:58:42,142 - INFO - tty.usbmodem0006822145041.MeshConfigurer: Sending next message
2019-08-09 18:58:42,143 - DEBUG - tty.usbmodem0006822145041: TX: 6169eec2b2809b3da5c76015327a57a66aada300407d0bcc9d41bf058a136d5fe4f9b936a86950e6bdb4858407ac53a25c2396021e3cc824ce16e0568a05157e0534f35e7379c075655a726db33bef492b2d4d0ab1b3e34f1d2ffb16764dd877579e
2019-08-09 18:58:42,153 - DEBUG - tty.usbmodem0006822145041: RX: 03845384
2019-08-09 18:58:42,153 - DEBUG - tty.usbmodem0006822145041: parsed_packet {event: CmdRsp, data: {'opcode': 83, 'status': 132, 'data': bytearray(b'')}}
2019-08-09 18:58:42,153 - ERROR - tty.usbmodem0006822145041: None: ERROR_INVALID_LENGTH
2019-08-09 18:58:42,154 - DEBUG - tty.usbmodem0006822145041: RX: 03840084
2019-08-09 18:58:42,154 - DEBUG - tty.usbmodem0006822145041: parsed_packet {event: CmdRsp, data: {'opcode': 0, 'status': 132, 'data': bytearray(b'')}}
2019-08-09 18:58:42,154 - ERROR - tty.usbmodem0006822145041: None: ERROR_INVALID_LENGTH
2019-08-09 18:58:42,155 - DEBUG - tty.usbmodem0006822145041: RX: 03840084
2019-08-09 18:58:42,157 - DEBUG - tty.usbmodem0006822145041: parsed_packet {event: CmdRsp, data: {'opcode': 0, 'status': 132, 'data': bytearray(b'')}}
2019-08-09 18:58:42,157 - ERROR - tty.usbmodem0006822145041: None: ERROR_INVALID_LENGTH
2019-08-09 18:58:42,157 - DEBUG - tty.usbmodem0006822145041: RX: 03840084
2019-08-09 18:58:42,158 - DEBUG - tty.usbmodem0006822145041: parsed_packet {event: CmdRsp, data: {'opcode': 0, 'status': 132, 'data': bytearray(b'')}}
2019-08-09 18:58:42,159 - ERROR - tty.usbmodem0006822145041: None: ERROR_INVALID_LENGTH
2019-08-09 18:58:42,159 - DEBUG - tty.usbmodem0006822145041: RX: 03840084
2019-08-09 18:58:42,159 - DEBUG - tty.usbmodem0006822145041: parsed_packet {event: CmdRsp, data: {'opcode': 0, 'status': 132, 'data': bytearray(b'')}}
2019-08-09 18:58:42,159 - ERROR - tty.usbmodem0006822145041: None: ERROR_INVALID_LENGTH
2019-08-09 18:58:42,160 - DEBUG - tty.usbmodem0006822145041: RX: 03840084
2019-08-09 18:58:42,160 - DEBUG - tty.usbmodem0006822145041: parsed_packet {event: CmdRsp, data: {'opcode': 0, 'status': 132, 'data': bytearray(b'')}}
2019-08-09 18:58:42,160 - ERROR - tty.usbmodem0006822145041: None: ERROR_INVALID_LENGTH
2019-08-09 18:58:42,165 - DEBUG - tty.usbmodem0006822145041: Writing: 159 bytearray(b'\x01\x00\x01\x00')
2019-08-09 18:58:42,171 - DEBUG - tty.usbmodem0006822145041: TX: 059f01000100
2019-08-09 18:58:42,171 - DEBUG - tty.usbmodem0006822145041: RX: 03840084
2019-08-09 18:58:42,171 - DEBUG - tty.usbmodem0006822145041: parsed_packet {event: CmdRsp, data: {'opcode': 0, 'status': 132, 'data': bytearray(b'')}}
2019-08-09 18:58:42,171 - ERROR - tty.usbmodem0006822145041: None: ERROR_INVALID_LENGTH
2019-08-09 18:58:42,172 - DEBUG - tty.usbmodem0006822145041: RX: 03840084
2019-08-09 18:58:42,172 - DEBUG - tty.usbmodem0006822145041: parsed_packet {event: CmdRsp, data: {'opcode': 0, 'status': 132, 'data': bytearray(b'')}}
2019-08-09 18:58:42,173 - ERROR - tty.usbmodem0006822145041: None: ERROR_INVALID_LENGTH
2019-08-09 18:58:42,173 - DEBUG - tty.usbmodem0006822145041: RX: 03840084
2019-08-09 18:58:42,174 - DEBUG - tty.usbmodem0006822145041: parsed_packet {event: CmdRsp, data: {'opcode': 0, 'status': 132, 'data': bytearray(b'')}}
2019-08-09 18:58:42,174 - ERROR - tty.usbmodem0006822145041: None: ERROR_INVALID_LENGTH
2019-08-09 18:58:42,175 - DEBUG - tty.usbmodem0006822145041: RX: 03840084
2019-08-09 18:58:42,175 - DEBUG - tty.usbmodem0006822145041: parsed_packet {event: CmdRsp, data: {'opcode': 0, 'status': 132, 'data': bytearray(b'')}}
2019-08-09 18:58:42,175 - ERROR - tty.usbmodem0006822145041: None: ERROR_INVALID_LENGTH
2019-08-09 18:58:42,176 - DEBUG - tty.usbmodem0006822145041: RX: 03840084
2019-08-09 18:58:42,177 - DEBUG - tty.usbmodem0006822145041: parsed_packet {event: CmdRsp, data: {'opcode': 0, 'status': 132, 'data': bytearray(b'')}}
2019-08-09 18:58:42,178 - ERROR - tty.usbmodem0006822145041: None: ERROR_INVALID_LENGTH
2019-08-09 18:58:42,178 - DEBUG - tty.usbmodem0006822145041: RX: 03840084
2019-08-09 18:58:42,178 - DEBUG - tty.usbmodem0006822145041: parsed_packet {event: CmdRsp, data: {'opcode': 0, 'status': 132, 'data': bytearray(b'')}}
2019-08-09 18:58:42,179 - ERROR - tty.usbmodem0006822145041: None: ERROR_INVALID_LENGTH
2019-08-09 18:58:42,179 - DEBUG - tty.usbmodem0006822145041: RX: 03840084
2019-08-09 18:58:42,179 - DEBUG - tty.usbmodem0006822145041: parsed_packet {event: CmdRsp, data: {'opcode': 0, 'status': 132, 'data': bytearray(b'')}}
2019-08-09 18:58:42,188 - ERROR - tty.usbmodem0006822145041: None: ERROR_INVALID_LENGTH
2019-08-09 18:58:42,188 - DEBUG - tty.usbmodem0006822145041: RX: 03849f00
2019-08-09 18:58:42,189 - DEBUG - tty.usbmodem0006822145041: parsed_packet {event: CmdRsp, data: {'opcode': 159, 'status': 0, 'data': bytearray(b'')}}
2019-08-09 18:58:42,189 - INFO - tty.usbmodem0006822145041: Success
2019-08-09 18:58:42,192 - DEBUG - tty.usbmodem0006822145041: Writing: 146 bytearray(b'\x00\x00\x18\xee\xd9\xc2\xa5j\xdd\x85\x04\x9f\xfc<Y\xad\x0e\x12')
2019-08-09 18:58:42,192 - DEBUG - tty.usbmodem0006822145041: TX: 1392000018eed9c2a56add85049ffc3c59ad0e12
2019-08-09 18:58:42,197 - DEBUG - tty.usbmodem0006822145041: RX: 058492000000
2019-08-09 18:58:42,197 - DEBUG - tty.usbmodem0006822145041: parsed_packet {event: CmdRsp, data: {'opcode': 146, 'status': 0, 'data': bytearray(b'\x00\x00')}}
2019-08-09 18:58:42,197 - INFO - tty.usbmodem0006822145041: SubnetAdd: {'subnet_handle': 0}
2019-08-09 18:58:42,215 - DEBUG - tty.usbmodem0006822145041: Writing: 151 bytearray(b'\x00\x00\x00\x00Oh\xad\x85\xd9\xf4\x8a\xc8X\x9d\xf6e\xb6\xb4\x9b\x8a')
2019-08-09 18:58:42,216 - DEBUG - tty.usbmodem0006822145041: TX: 1597000000004f68ad85d9f48ac8589df665b6b49b8a
2019-08-09 18:58:42,220 - DEBUG - tty.usbmodem0006822145041: RX: 058497000000
2019-08-09 18:58:42,220 - DEBUG - tty.usbmodem0006822145041: parsed_packet {event: CmdRsp, data: {'opcode': 151, 'status': 0, 'data': bytearray(b'\x00\x00')}}
2019-08-09 18:58:42,220 - INFO - tty.usbmodem0006822145041: AppkeyAdd: {'appkey_handle': 0}
2019-08-09 18:58:42,236 - DEBUG - tty.usbmodem0006822145041: Writing: 151 bytearray(b'\x01\x00\x00\x00*\xa2\xa6\xde\xd5\xa0y\x8c\xea\xb5x|\xa3\xae9\xfc')
2019-08-09 18:58:42,237 - DEBUG - tty.usbmodem0006822145041: TX: 1597010000002aa2a6ded5a0798ceab5787ca3ae39fc
2019-08-09 18:58:42,241 - DEBUG - tty.usbmodem0006822145041: RX: 058497000100
2019-08-09 18:58:42,241 - DEBUG - tty.usbmodem0006822145041: parsed_packet {event: CmdRsp, data: {'opcode': 151, 'status': 0, 'data': bytearray(b'\x01\x00')}}
2019-08-09 18:58:42,241 - INFO - tty.usbmodem0006822145041: AppkeyAdd: {'appkey_handle': 1}
2019-08-09 18:58:42,262 - DEBUG - tty.usbmodem0006822145041: Writing: 161 bytearray(b'\x01\xc0')
2019-08-09 18:58:42,262 - DEBUG - tty.usbmodem0006822145041: TX: 03a101c0
2019-08-09 18:58:42,265 - DEBUG - tty.usbmodem0006822145041: RX: 0584a1000000
2019-08-09 18:58:42,265 - DEBUG - tty.usbmodem0006822145041: parsed_packet {event: CmdRsp, data: {'opcode': 161, 'status': 0, 'data': bytearray(b'\x00\x00')}}
2019-08-09 18:58:42,265 - INFO - tty.usbmodem0006822145041: AddrSubscriptionAdd: {'address_handle': 0}
2019-08-09 18:58:42,265 - INFO - tty.usbmodem0006822145041.MeshConfigurer: No Messages remaining
2019-08-09 18:58:42,265 - INFO - tty.usbmodem0006822145041.MeshConfigurer: No Messages remaining
2019-08-09 18:58:42,265 - INFO - tty.usbmodem0006822145041.MeshConfigurer: 

2019-08-09 18:58:42,265 - INFO - tty.usbmodem0006822145041.MeshConfigurer: Sending next message
2019-08-09 18:58:42,285 - DEBUG - tty.usbmodem0006822145041: Writing: 164 bytearray(b'\x10\x00')
2019-08-09 18:58:42,285 - DEBUG - tty.usbmodem0006822145041: TX: 03a41000
2019-08-09 18:58:42,287 - DEBUG - tty.usbmodem0006822145041: RX: 0584a4000100
2019-08-09 18:58:42,287 - DEBUG - tty.usbmodem0006822145041: parsed_packet {event: CmdRsp, data: {'opcode': 164, 'status': 0, 'data': bytearray(b'\x01\x00')}}
2019-08-09 18:58:42,287 - INFO - tty.usbmodem0006822145041: AddrPublicationAdd: {'address_handle': 1}
2019-08-09 18:58:42,287 - INFO - tty.usbmodem0006822145041.MeshConfigurer: No Messages remaining
2019-08-09 18:58:42,288 - INFO - tty.usbmodem0006822145041.MeshConfigurer: No Messages remaining
2019-08-09 18:58:42,288 - INFO - tty.usbmodem0006822145041.MeshConfigurer: 

2019-08-09 18:58:42,288 - INFO - tty.usbmodem0006822145041.MeshConfigurer: Sending next message
2019-08-09 18:58:42,308 - DEBUG - tty.usbmodem0006822145041: Writing: 164 bytearray(b'\x11\x00')
2019-08-09 18:58:42,309 - DEBUG - tty.usbmodem0006822145041: TX: 03a41100
2019-08-09 18:58:42,311 - DEBUG - tty.usbmodem0006822145041: RX: 0584a4000200
2019-08-09 18:58:42,312 - DEBUG - tty.usbmodem0006822145041: parsed_packet {event: CmdRsp, data: {'opcode': 164, 'status': 0, 'data': bytearray(b'\x02\x00')}}
2019-08-09 18:58:42,312 - INFO - tty.usbmodem0006822145041: AddrPublicationAdd: {'address_handle': 2}
2019-08-09 18:58:42,312 - INFO - tty.usbmodem0006822145041.MeshConfigurer: No Messages remaining
2019-08-09 18:58:42,313 - INFO - tty.usbmodem0006822145041.MeshConfigurer: No Messages remaining
2019-08-09 18:58:42,313 - INFO - tty.usbmodem0006822145041.MeshConfigurer: 

2019-08-09 18:58:42,313 - INFO - tty.usbmodem0006822145041.MeshConfigurer: Sending next message
2019-08-09 18:58:42,329 - DEBUG - tty.usbmodem0006822145041: Writing: 164 bytearray(b'\x12\x00')
2019-08-09 18:58:42,329 - DEBUG - tty.usbmodem0006822145041: TX: 03a41200
2019-08-09 18:58:42,331 - DEBUG - tty.usbmodem0006822145041: RX: 0584a4000300
2019-08-09 18:58:42,331 - DEBUG - tty.usbmodem0006822145041: parsed_packet {event: CmdRsp, data: {'opcode': 164, 'status': 0, 'data': bytearray(b'\x03\x00')}}
2019-08-09 18:58:42,331 - INFO - tty.usbmodem0006822145041: AddrPublicationAdd: {'address_handle': 3}
2019-08-09 18:58:42,331 - INFO - tty.usbmodem0006822145041.MeshConfigurer: No Messages remaining
2019-08-09 18:58:42,331 - INFO - tty.usbmodem0006822145041.MeshConfigurer: No Messages remaining
2019-08-09 18:58:42,331 - INFO - tty.usbmodem0006822145041.MeshConfigurer: 

2019-08-09 18:58:42,331 - INFO - tty.usbmodem0006822145041.MeshConfigurer: Sending next message
2019-08-09 18:58:42,354 - DEBUG - tty.usbmodem0006822145041: Writing: 164 bytearray(b'\x13\x00')
2019-08-09 18:58:42,354 - DEBUG - tty.usbmodem0006822145041: TX: 03a41300
2019-08-09 18:58:42,356 - DEBUG - tty.usbmodem0006822145041: RX: 0584a4000400
2019-08-09 18:58:42,356 - DEBUG - tty.usbmodem0006822145041: parsed_packet {event: CmdRsp, data: {'opcode': 164, 'status': 0, 'data': bytearray(b'\x04\x00')}}
2019-08-09 18:58:42,356 - INFO - tty.usbmodem0006822145041: AddrPublicationAdd: {'address_handle': 4}
2019-08-09 18:58:42,357 - INFO - tty.usbmodem0006822145041.MeshConfigurer: No Messages remaining
2019-08-09 18:58:42,358 - INFO - tty.usbmodem0006822145041.MeshConfigurer: No Messages remaining
2019-08-09 18:58:42,358 - INFO - tty.usbmodem0006822145041.MeshConfigurer: 

2019-08-09 18:58:42,359 - INFO - tty.usbmodem0006822145041.MeshConfigurer: Sending next message
2019-08-09 18:58:42,376 - DEBUG - tty.usbmodem0006822145041: Writing: 164 bytearray(b'\x14\x00')
2019-08-09 18:58:42,376 - DEBUG - tty.usbmodem0006822145041: TX: 03a41400
2019-08-09 18:58:42,378 - DEBUG - tty.usbmodem0006822145041: RX: 0584a4000500
2019-08-09 18:58:42,379 - DEBUG - tty.usbmodem0006822145041: parsed_packet {event: CmdRsp, data: {'opcode': 164, 'status': 0, 'data': bytearray(b'\x05\x00')}}
2019-08-09 18:58:42,379 - INFO - tty.usbmodem0006822145041: AddrPublicationAdd: {'address_handle': 5}
2019-08-09 18:58:42,379 - INFO - tty.usbmodem0006822145041.MeshConfigurer: No Messages remaining
2019-08-09 18:58:42,379 - INFO - tty.usbmodem0006822145041.MeshConfigurer: No Messages remaining
2019-08-09 18:58:42,379 - INFO - tty.usbmodem0006822145041.MeshConfigurer: 

2019-08-09 18:58:42,379 - INFO - tty.usbmodem0006822145041.MeshConfigurer: Sending next message
2019-08-09 18:58:42,397 - DEBUG - tty.usbmodem0006822145041: Writing: 164 bytearray(b'\x15\x00')
2019-08-09 18:58:42,397 - DEBUG - tty.usbmodem0006822145041: TX: 03a41500
2019-08-09 18:58:42,400 - DEBUG - tty.usbmodem0006822145041: RX: 0584a4000600
2019-08-09 18:58:42,400 - DEBUG - tty.usbmodem0006822145041: parsed_packet {event: CmdRsp, data: {'opcode': 164, 'status': 0, 'data': bytearray(b'\x06\x00')}}
2019-08-09 18:58:42,401 - INFO - tty.usbmodem0006822145041: AddrPublicationAdd: {'address_handle': 6}
2019-08-09 18:58:42,401 - INFO - tty.usbmodem0006822145041.MeshConfigurer: No Messages remaining
2019-08-09 18:58:42,401 - INFO - tty.usbmodem0006822145041.MeshConfigurer: No Messages remaining
2019-08-09 18:58:42,402 - INFO - tty.usbmodem0006822145041.MeshConfigurer: 

2019-08-09 18:58:42,402 - INFO - tty.usbmodem0006822145041.MeshConfigurer: Sending next message
2019-08-09 18:58:42,422 - DEBUG - tty.usbmodem0006822145041: Writing: 164 bytearray(b'\x16\x00')
2019-08-09 18:58:42,423 - DEBUG - tty.usbmodem0006822145041: TX: 03a41600
2019-08-09 18:58:42,425 - DEBUG - tty.usbmodem0006822145041: RX: 0584a4000700
2019-08-09 18:58:42,425 - DEBUG - tty.usbmodem0006822145041: parsed_packet {event: CmdRsp, data: {'opcode': 164, 'status': 0, 'data': bytearray(b'\x07\x00')}}
2019-08-09 18:58:42,425 - INFO - tty.usbmodem0006822145041: AddrPublicationAdd: {'address_handle': 7}
2019-08-09 18:58:42,425 - INFO - tty.usbmodem0006822145041.MeshConfigurer: No Messages remaining
2019-08-09 18:58:42,425 - INFO - tty.usbmodem0006822145041.MeshConfigurer: No Messages remaining
2019-08-09 18:58:42,426 - INFO - tty.usbmodem0006822145041.MeshConfigurer: 

2019-08-09 18:58:42,426 - INFO - tty.usbmodem0006822145041.MeshConfigurer: Sending next message
2019-08-09 18:58:42,445 - DEBUG - tty.usbmodem0006822145041: Writing: 164 bytearray(b'\x17\x00')
2019-08-09 18:58:42,445 - DEBUG - tty.usbmodem0006822145041: TX: 03a41700
2019-08-09 18:58:42,448 - DEBUG - tty.usbmodem0006822145041: RX: 0584a4000800
2019-08-09 18:58:42,448 - DEBUG - tty.usbmodem0006822145041: parsed_packet {event: CmdRsp, data: {'opcode': 164, 'status': 0, 'data': bytearray(b'\x08\x00')}}
2019-08-09 18:58:42,448 - INFO - tty.usbmodem0006822145041: AddrPublicationAdd: {'address_handle': 8}
2019-08-09 18:58:42,448 - INFO - tty.usbmodem0006822145041.MeshConfigurer: No Messages remaining
2019-08-09 18:58:42,448 - INFO - tty.usbmodem0006822145041.MeshConfigurer: No Messages remaining
2019-08-09 18:58:42,448 - INFO - tty.usbmodem0006822145041.MeshConfigurer: 

2019-08-09 18:58:42,448 - INFO - tty.usbmodem0006822145041.MeshConfigurer: Sending next message
2019-08-09 18:58:42,468 - DEBUG - tty.usbmodem0006822145041: Writing: 164 bytearray(b'\x18\x00')
2019-08-09 18:58:42,468 - DEBUG - tty.usbmodem0006822145041: TX: 03a41800
2019-08-09 18:58:42,470 - DEBUG - tty.usbmodem0006822145041: RX: 0584a4000900
2019-08-09 18:58:42,470 - DEBUG - tty.usbmodem0006822145041: parsed_packet {event: CmdRsp, data: {'opcode': 164, 'status': 0, 'data': bytearray(b'\t\x00')}}
2019-08-09 18:58:42,470 - INFO - tty.usbmodem0006822145041: AddrPublicationAdd: {'address_handle': 9}
2019-08-09 18:58:42,470 - INFO - tty.usbmodem0006822145041.MeshConfigurer: No Messages remaining
2019-08-09 18:58:42,471 - INFO - tty.usbmodem0006822145041.MeshConfigurer: No Messages remaining
2019-08-09 18:58:42,471 - INFO - tty.usbmodem0006822145041.MeshConfigurer: 

2019-08-09 18:58:42,471 - INFO - tty.usbmodem0006822145041.MeshConfigurer: Sending next message
2019-08-09 18:58:42,492 - DEBUG - tty.usbmodem0006822145041: Writing: 164 bytearray(b'\x19\x00')
2019-08-09 18:58:42,493 - DEBUG - tty.usbmodem0006822145041: TX: 03a41900
2019-08-09 18:58:42,495 - DEBUG - tty.usbmodem0006822145041: RX: 0584a4000a00
2019-08-09 18:58:42,495 - DEBUG - tty.usbmodem0006822145041: parsed_packet {event: CmdRsp, data: {'opcode': 164, 'status': 0, 'data': bytearray(b'\n\x00')}}
2019-08-09 18:58:42,495 - INFO - tty.usbmodem0006822145041: AddrPublicationAdd: {'address_handle': 10}
2019-08-09 18:58:42,495 - INFO - tty.usbmodem0006822145041.MeshConfigurer: No Messages remaining
2019-08-09 18:58:42,495 - INFO - tty.usbmodem0006822145041.MeshConfigurer: No Messages remaining
2019-08-09 18:58:42,496 - INFO - tty.usbmodem0006822145041.MeshConfigurer: 

2019-08-09 18:58:42,496 - INFO - tty.usbmodem0006822145041.MeshConfigurer: Sending next message
2019-08-09 18:58:42,516 - DEBUG - tty.usbmodem0006822145041: Writing: 164 bytearray(b'\x1a\x00')
2019-08-09 18:58:42,516 - DEBUG - tty.usbmodem0006822145041: TX: 03a41a00
2019-08-09 18:58:42,519 - DEBUG - tty.usbmodem0006822145041: RX: 0584a4000b00
2019-08-09 18:58:42,519 - DEBUG - tty.usbmodem0006822145041: parsed_packet {event: CmdRsp, data: {'opcode': 164, 'status': 0, 'data': bytearray(b'\x0b\x00')}}
2019-08-09 18:58:42,519 - INFO - tty.usbmodem0006822145041: AddrPublicationAdd: {'address_handle': 11}
2019-08-09 18:58:42,520 - INFO - tty.usbmodem0006822145041.MeshConfigurer: No Messages remaining
2019-08-09 18:58:42,520 - INFO - tty.usbmodem0006822145041.MeshConfigurer: No Messages remaining
2019-08-09 18:58:42,520 - INFO - tty.usbmodem0006822145041.MeshConfigurer: 

2019-08-09 18:58:42,520 - INFO - tty.usbmodem0006822145041.MeshConfigurer: Sending next message
2019-08-09 18:58:42,539 - DEBUG - tty.usbmodem0006822145041: Writing: 164 bytearray(b'\x1b\x00')
2019-08-09 18:58:42,540 - DEBUG - tty.usbmodem0006822145041: TX: 03a41b00
2019-08-09 18:58:42,542 - DEBUG - tty.usbmodem0006822145041: RX: 0584a4000c00
2019-08-09 18:58:42,542 - DEBUG - tty.usbmodem0006822145041: parsed_packet {event: CmdRsp, data: {'opcode': 164, 'status': 0, 'data': bytearray(b'\x0c\x00')}}
2019-08-09 18:58:42,542 - INFO - tty.usbmodem0006822145041: AddrPublicationAdd: {'address_handle': 12}
2019-08-09 18:58:42,543 - INFO - tty.usbmodem0006822145041.MeshConfigurer: No Messages remaining
2019-08-09 18:58:42,543 - INFO - tty.usbmodem0006822145041.MeshConfigurer: No Messages remaining
2019-08-09 18:58:42,543 - INFO - tty.usbmodem0006822145041.MeshConfigurer: 

2019-08-09 18:58:42,544 - INFO - tty.usbmodem0006822145041.MeshConfigurer: Sending next message
2019-08-09 18:58:42,564 - DEBUG - tty.usbmodem0006822145041: Writing: 164 bytearray(b'\x1c\x00')
2019-08-09 18:58:42,565 - DEBUG - tty.usbmodem0006822145041: TX: 03a41c00
2019-08-09 18:58:42,567 - DEBUG - tty.usbmodem0006822145041: RX: 0584a4000d00
2019-08-09 18:58:42,567 - DEBUG - tty.usbmodem0006822145041: parsed_packet {event: CmdRsp, data: {'opcode': 164, 'status': 0, 'data': bytearray(b'\r\x00')}}
2019-08-09 18:58:42,567 - INFO - tty.usbmodem0006822145041: AddrPublicationAdd: {'address_handle': 13}
2019-08-09 18:58:42,567 - INFO - tty.usbmodem0006822145041.MeshConfigurer: No Messages remaining
2019-08-09 18:58:42,568 - INFO - tty.usbmodem0006822145041.MeshConfigurer: No Messages remaining
2019-08-09 18:58:42,568 - INFO - tty.usbmodem0006822145041.MeshConfigurer: 

2019-08-09 18:58:42,568 - INFO - tty.usbmodem0006822145041.MeshConfigurer: Sending next message
2019-08-09 18:58:42,586 - DEBUG - tty.usbmodem0006822145041: Writing: 164 bytearray(b'\x1d\x00')
2019-08-09 18:58:42,586 - DEBUG - tty.usbmodem0006822145041: TX: 03a41d00
2019-08-09 18:58:42,589 - DEBUG - tty.usbmodem0006822145041: RX: 0584a4000e00
2019-08-09 18:58:42,589 - DEBUG - tty.usbmodem0006822145041: parsed_packet {event: CmdRsp, data: {'opcode': 164, 'status': 0, 'data': bytearray(b'\x0e\x00')}}
2019-08-09 18:58:42,589 - INFO - tty.usbmodem0006822145041: AddrPublicationAdd: {'address_handle': 14}
2019-08-09 18:58:42,589 - INFO - tty.usbmodem0006822145041.MeshConfigurer: No Messages remaining
2019-08-09 18:58:42,590 - INFO - tty.usbmodem0006822145041.MeshConfigurer: No Messages remaining
2019-08-09 18:58:42,590 - INFO - tty.usbmodem0006822145041.MeshConfigurer: 

2019-08-09 18:58:42,590 - INFO - tty.usbmodem0006822145041.MeshConfigurer: Sending next message
2019-08-09 18:58:42,608 - DEBUG - tty.usbmodem0006822145041: Writing: 156 bytearray(b'\x10\x00\x00\x00\xaf\xd7\x1eg\xf6iNh\xc2p]\x99\x17\xe2\xf4F')
2019-08-09 18:58:42,608 - DEBUG - tty.usbmodem0006822145041: TX: 159c10000000afd71e67f6694e68c2705d9917e2f446
2019-08-09 18:58:42,612 - DEBUG - tty.usbmodem0006822145041: RX: 05849c000800
2019-08-09 18:58:42,613 - DEBUG - tty.usbmodem0006822145041: parsed_packet {event: CmdRsp, data: {'opcode': 156, 'status': 0, 'data': bytearray(b'\x08\x00')}}
2019-08-09 18:58:42,613 - INFO - tty.usbmodem0006822145041: DevkeyAdd: {'devkey_handle': 8}
2019-08-09 18:58:42,613 - INFO - tty.usbmodem0006822145041.MeshConfigurer: No Messages remaining
2019-08-09 18:58:42,613 - INFO - tty.usbmodem0006822145041.MeshConfigurer: No Messages remaining
2019-08-09 18:58:42,613 - INFO - tty.usbmodem0006822145041.MeshConfigurer: No Messages remaining
2019-08-09 18:58:48,456 - DEBUG - tty.usbmodem0006822145041.GenericOnOffClient: Sending opcode: 8201, data: 
2019-08-09 18:58:48,456 - DEBUG - tty.usbmodem0006822145041.GenericOnOffClient: Sending opcode: 8201, data: 
2019-08-09 18:58:48,457 - DEBUG - tty.usbmodem0006822145041: Writing: 171 bytearray(b'\x00\x00\x01\x00\x02\x00\x08\x00\x00\x00\x82\x01')
2019-08-09 18:58:48,457 - DEBUG - tty.usbmodem0006822145041.GenericOnOffClient: Sending opcode: 8201, data: 
2019-08-09 18:58:48,457 - DEBUG - tty.usbmodem0006822145041: TX: 0dab000001000200080000008201
2019-08-09 18:58:48,457 - DEBUG - tty.usbmodem0006822145041.GenericOnOffClient: Sending opcode: 8201, data: 
2019-08-09 18:58:48,458 - DEBUG - tty.usbmodem0006822145041.GenericOnOffClient: Sending opcode: 8201, data: 
2019-08-09 18:58:48,458 - DEBUG - tty.usbmodem0006822145041.GenericOnOffClient: Sending opcode: 8201, data: 
2019-08-09 18:58:48,458 - DEBUG - tty.usbmodem0006822145041.GenericOnOffClient: Sending opcode: 8201, data: 
2019-08-09 18:58:48,461 - DEBUG - tty.usbmodem0006822145041: RX: 0784ab0001000000
2019-08-09 18:58:48,466 - DEBUG - tty.usbmodem0006822145041.GenericOnOffClient: Sending opcode: 8201, data: 
2019-08-09 18:58:48,466 - DEBUG - tty.usbmodem0006822145041: parsed_packet {event: CmdRsp, data: {'opcode': 171, 'status': 0, 'data': bytearray(b'\x01\x00\x00\x00')}}
2019-08-09 18:58:48,467 - DEBUG - tty.usbmodem0006822145041.GenericOnOffClient: Sending opcode: 8201, data: 
2019-08-09 18:58:48,467 - INFO - tty.usbmodem0006822145041: PacketSend: {'token': 1}
2019-08-09 18:58:48,467 - DEBUG - tty.usbmodem0006822145041.GenericOnOffClient: Sending opcode: 8201, data: 
2019-08-09 18:58:48,468 - DEBUG - tty.usbmodem0006822145041.GenericOnOffClient: Sending opcode: 8201, data: 
2019-08-09 18:58:48,468 - DEBUG - tty.usbmodem0006822145041.GenericOnOffClient: Sending opcode: 8201, data: 
2019-08-09 18:58:48,469 - DEBUG - tty.usbmodem0006822145041.GenericOnOffClient: Sending opcode: 8201, data: 
2019-08-09 18:58:48,478 - DEBUG - tty.usbmodem0006822145041: RX: 05d201000000
2019-08-09 18:58:48,479 - DEBUG - tty.usbmodem0006822145041: parsed_packet {event: MeshTxComplete, data: {'token': 1}}
2019-08-09 18:58:48,479 - DEBUG - tty.usbmodem0006822145041: Writing: 171 bytearray(b'\x00\x00\x01\x00\x03\x00\x08\x00\x00\x00\x82\x01')
2019-08-09 18:58:48,479 - INFO - tty.usbmodem0006822145041: {event: MeshTxComplete, data: {'token': 1}}
2019-08-09 18:58:48,480 - DEBUG - tty.usbmodem0006822145041: TX: 0dab000001000300080000008201
2019-08-09 18:58:48,484 - DEBUG - tty.usbmodem0006822145041: RX: 0784ab0002000000
2019-08-09 18:58:48,485 - DEBUG - tty.usbmodem0006822145041: parsed_packet {event: CmdRsp, data: {'opcode': 171, 'status': 0, 'data': bytearray(b'\x02\x00\x00\x00')}}
2019-08-09 18:58:48,485 - INFO - tty.usbmodem0006822145041: PacketSend: {'token': 2}
2019-08-09 18:58:48,494 - DEBUG - tty.usbmodem0006822145041: RX: 17d011000100000000007f01cb6e5fd50bd8d00300820400
2019-08-09 18:58:48,495 - DEBUG - tty.usbmodem0006822145041: parsed_packet {event: MeshMessageReceivedUnicast, data: {'src': 17, 'dst': 1, 'appkey_handle': 0, 'subnet_handle': 0, 'ttl': 127, 'adv_addr_type': 1, 'adv_addr': bytearray(b'\xcbn_\xd5\x0b\xd8'), 'rssi': -48, 'actual_length': 3, 'data': bytearray(b'\x82\x04\x00')}}
2019-08-09 18:58:48,496 - INFO - tty.usbmodem0006822145041.GenericOnOffClient: Status Present OnOff: off
2019-08-09 18:58:48,496 - INFO - tty.usbmodem0006822145041.GenericOnOffClient: Status Present OnOff: off
2019-08-09 18:58:48,497 - INFO - tty.usbmodem0006822145041: {event: MeshMessageReceivedUnicast, data: {'src': 17, 'dst': 1, 'appkey_handle': 0, 'subnet_handle': 0, 'ttl': 127, 'adv_addr_type': 1, 'adv_addr': bytearray(b'\xcbn_\xd5\x0b\xd8'), 'rssi': -48, 'actual_length': 3, 'data': bytearray(b'\x82\x04\x00')}}
2019-08-09 18:58:48,498 - DEBUG - tty.usbmodem0006822145041: RX: 05d202000000
2019-08-09 18:58:48,498 - DEBUG - tty.usbmodem0006822145041: parsed_packet {event: MeshTxComplete, data: {'token': 2}}
2019-08-09 18:58:48,498 - INFO - tty.usbmodem0006822145041: {event: MeshTxComplete, data: {'token': 2}}
2019-08-09 18:58:48,505 - DEBUG - tty.usbmodem0006822145041: Writing: 171 bytearray(b'\x00\x00\x01\x00\x04\x00\x08\x00\x00\x00\x82\x01')
2019-08-09 18:58:48,506 - DEBUG - tty.usbmodem0006822145041: TX: 0dab000001000400080000008201
2019-08-09 18:58:48,511 - DEBUG - tty.usbmodem0006822145041: RX: 0784ab0003000000
2019-08-09 18:58:48,511 - DEBUG - tty.usbmodem0006822145041: parsed_packet {event: CmdRsp, data: {'opcode': 171, 'status': 0, 'data': bytearray(b'\x03\x00\x00\x00')}}
2019-08-09 18:58:48,511 - INFO - tty.usbmodem0006822145041: PacketSend: {'token': 3}
2019-08-09 18:58:48,521 - DEBUG - tty.usbmodem0006822145041: RX: 05d203000000
2019-08-09 18:58:48,521 - DEBUG - tty.usbmodem0006822145041: parsed_packet {event: MeshTxComplete, data: {'token': 3}}
2019-08-09 18:58:48,521 - INFO - tty.usbmodem0006822145041: {event: MeshTxComplete, data: {'token': 3}}
2019-08-09 18:58:48,524 - DEBUG - tty.usbmodem0006822145041: RX: 17d012000100000000007f01cb6e5fd50bd8d00300820400
2019-08-09 18:58:48,524 - DEBUG - tty.usbmodem0006822145041: parsed_packet {event: MeshMessageReceivedUnicast, data: {'src': 18, 'dst': 1, 'appkey_handle': 0, 'subnet_handle': 0, 'ttl': 127, 'adv_addr_type': 1, 'adv_addr': bytearray(b'\xcbn_\xd5\x0b\xd8'), 'rssi': -48, 'actual_length': 3, 'data': bytearray(b'\x82\x04\x00')}}
2019-08-09 18:58:48,524 - INFO - tty.usbmodem0006822145041.GenericOnOffClient: Status Present OnOff: off
2019-08-09 18:58:48,525 - INFO - tty.usbmodem0006822145041.GenericOnOffClient: Status Present OnOff: off
2019-08-09 18:58:48,529 - DEBUG - tty.usbmodem0006822145041: Writing: 171 bytearray(b'\x00\x00\x01\x00\x05\x00\x08\x00\x00\x00\x82\x01')
2019-08-09 18:58:48,532 - INFO - tty.usbmodem0006822145041: {event: MeshMessageReceivedUnicast, data: {'src': 18, 'dst': 1, 'appkey_handle': 0, 'subnet_handle': 0, 'ttl': 127, 'adv_addr_type': 1, 'adv_addr': bytearray(b'\xcbn_\xd5\x0b\xd8'), 'rssi': -48, 'actual_length': 3, 'data': bytearray(b'\x82\x04\x00')}}
2019-08-09 18:58:48,532 - DEBUG - tty.usbmodem0006822145041: TX: 0dab000001000500080000008201
2019-08-09 18:58:48,536 - DEBUG - tty.usbmodem0006822145041: RX: 0784ab0004000000
2019-08-09 18:58:48,536 - DEBUG - tty.usbmodem0006822145041: parsed_packet {event: CmdRsp, data: {'opcode': 171, 'status': 0, 'data': bytearray(b'\x04\x00\x00\x00')}}
2019-08-09 18:58:48,536 - INFO - tty.usbmodem0006822145041: PacketSend: {'token': 4}
2019-08-09 18:58:48,548 - DEBUG - tty.usbmodem0006822145041: RX: 05d204000000
2019-08-09 18:58:48,548 - DEBUG - tty.usbmodem0006822145041: parsed_packet {event: MeshTxComplete, data: {'token': 4}}
2019-08-09 18:58:48,548 - INFO - tty.usbmodem0006822145041: {event: MeshTxComplete, data: {'token': 4}}
2019-08-09 18:58:48,556 - DEBUG - tty.usbmodem0006822145041: Writing: 171 bytearray(b'\x00\x00\x01\x00\x06\x00\x08\x00\x00\x00\x82\x01')
2019-08-09 18:58:48,557 - DEBUG - tty.usbmodem0006822145041: TX: 0dab000001000600080000008201
2019-08-09 18:58:48,561 - DEBUG - tty.usbmodem0006822145041: RX: 0784ab0005000000
2019-08-09 18:58:48,561 - DEBUG - tty.usbmodem0006822145041: parsed_packet {event: CmdRsp, data: {'opcode': 171, 'status': 0, 'data': bytearray(b'\x05\x00\x00\x00')}}
2019-08-09 18:58:48,561 - INFO - tty.usbmodem0006822145041: PacketSend: {'token': 5}
2019-08-09 18:58:48,576 - DEBUG - tty.usbmodem0006822145041: RX: 05d205000000
2019-08-09 18:58:48,576 - DEBUG - tty.usbmodem0006822145041: parsed_packet {event: MeshTxComplete, data: {'token': 5}}
2019-08-09 18:58:48,576 - INFO - tty.usbmodem0006822145041: {event: MeshTxComplete, data: {'token': 5}}
2019-08-09 18:58:48,579 - DEBUG - tty.usbmodem0006822145041: Writing: 171 bytearray(b'\x00\x00\x01\x00\x07\x00\x08\x00\x00\x00\x82\x01')
2019-08-09 18:58:48,579 - DEBUG - tty.usbmodem0006822145041: TX: 0dab000001000700080000008201
2019-08-09 18:58:48,583 - DEBUG - tty.usbmodem0006822145041: RX: 0784ab0006000000
2019-08-09 18:58:48,583 - DEBUG - tty.usbmodem0006822145041: parsed_packet {event: CmdRsp, data: {'opcode': 171, 'status': 0, 'data': bytearray(b'\x06\x00\x00\x00')}}
2019-08-09 18:58:48,584 - INFO - tty.usbmodem0006822145041: PacketSend: {'token': 6}
2019-08-09 18:58:48,599 - DEBUG - tty.usbmodem0006822145041: RX: 17d015000100000000007f01cb6e5fd50bd8d00300820400
2019-08-09 18:58:48,599 - DEBUG - tty.usbmodem0006822145041: parsed_packet {event: MeshMessageReceivedUnicast, data: {'src': 21, 'dst': 1, 'appkey_handle': 0, 'subnet_handle': 0, 'ttl': 127, 'adv_addr_type': 1, 'adv_addr': bytearray(b'\xcbn_\xd5\x0b\xd8'), 'rssi': -48, 'actual_length': 3, 'data': bytearray(b'\x82\x04\x00')}}
2019-08-09 18:58:48,600 - INFO - tty.usbmodem0006822145041.GenericOnOffClient: Status Present OnOff: off
2019-08-09 18:58:48,601 - INFO - tty.usbmodem0006822145041.GenericOnOffClient: Status Present OnOff: off
2019-08-09 18:58:48,601 - INFO - tty.usbmodem0006822145041: {event: MeshMessageReceivedUnicast, data: {'src': 21, 'dst': 1, 'appkey_handle': 0, 'subnet_handle': 0, 'ttl': 127, 'adv_addr_type': 1, 'adv_addr': bytearray(b'\xcbn_\xd5\x0b\xd8'), 'rssi': -48, 'actual_length': 3, 'data': bytearray(b'\x82\x04\x00')}}
2019-08-09 18:58:48,603 - DEBUG - tty.usbmodem0006822145041: Writing: 171 bytearray(b'\x00\x00\x01\x00\x08\x00\x08\x00\x00\x00\x82\x01')
2019-08-09 18:58:48,604 - DEBUG - tty.usbmodem0006822145041: TX: 0dab000001000800080000008201
2019-08-09 18:58:48,604 - DEBUG - tty.usbmodem0006822145041: RX: 05d206000000
2019-08-09 18:58:48,605 - DEBUG - tty.usbmodem0006822145041: parsed_packet {event: MeshTxComplete, data: {'token': 6}}
2019-08-09 18:58:48,605 - INFO - tty.usbmodem0006822145041: {event: MeshTxComplete, data: {'token': 6}}
2019-08-09 18:58:48,607 - DEBUG - tty.usbmodem0006822145041: RX: 0784ab0007000000
2019-08-09 18:58:48,607 - DEBUG - tty.usbmodem0006822145041: parsed_packet {event: CmdRsp, data: {'opcode': 171, 'status': 0, 'data': bytearray(b'\x07\x00\x00\x00')}}
2019-08-09 18:58:48,607 - INFO - tty.usbmodem0006822145041: PacketSend: {'token': 7}
2019-08-09 18:58:48,621 - DEBUG - tty.usbmodem0006822145041: RX: 17d016000100000000007f01cb6e5fd50bd8d00300820400
2019-08-09 18:58:48,621 - DEBUG - tty.usbmodem0006822145041: parsed_packet {event: MeshMessageReceivedUnicast, data: {'src': 22, 'dst': 1, 'appkey_handle': 0, 'subnet_handle': 0, 'ttl': 127, 'adv_addr_type': 1, 'adv_addr': bytearray(b'\xcbn_\xd5\x0b\xd8'), 'rssi': -48, 'actual_length': 3, 'data': bytearray(b'\x82\x04\x00')}}
2019-08-09 18:58:48,621 - INFO - tty.usbmodem0006822145041.GenericOnOffClient: Status Present OnOff: off
2019-08-09 18:58:48,622 - INFO - tty.usbmodem0006822145041.GenericOnOffClient: Status Present OnOff: off
2019-08-09 18:58:48,622 - INFO - tty.usbmodem0006822145041: {event: MeshMessageReceivedUnicast, data: {'src': 22, 'dst': 1, 'appkey_handle': 0, 'subnet_handle': 0, 'ttl': 127, 'adv_addr_type': 1, 'adv_addr': bytearray(b'\xcbn_\xd5\x0b\xd8'), 'rssi': -48, 'actual_length': 3, 'data': bytearray(b'\x82\x04\x00')}}
2019-08-09 18:58:48,629 - DEBUG - tty.usbmodem0006822145041: Writing: 171 bytearray(b'\x00\x00\x01\x00\t\x00\x08\x00\x00\x00\x82\x01')
2019-08-09 18:58:48,638 - DEBUG - tty.usbmodem0006822145041: RX: 05d207000000
2019-08-09 18:58:48,639 - DEBUG - tty.usbmodem0006822145041: parsed_packet {event: MeshTxComplete, data: {'token': 7}}
2019-08-09 18:58:48,639 - INFO - tty.usbmodem0006822145041: {event: MeshTxComplete, data: {'token': 7}}
2019-08-09 18:58:48,638 - DEBUG - tty.usbmodem0006822145041: TX: 0dab000001000900080000008201
2019-08-09 18:58:48,643 - DEBUG - tty.usbmodem0006822145041: RX: 0784ab0008000000
2019-08-09 18:58:48,643 - DEBUG - tty.usbmodem0006822145041: parsed_packet {event: CmdRsp, data: {'opcode': 171, 'status': 0, 'data': bytearray(b'\x08\x00\x00\x00')}}
2019-08-09 18:58:48,643 - INFO - tty.usbmodem0006822145041: PacketSend: {'token': 8}
2019-08-09 18:58:48,647 - DEBUG - tty.usbmodem0006822145041: RX: 05d208000000
2019-08-09 18:58:48,647 - DEBUG - tty.usbmodem0006822145041: parsed_packet {event: MeshTxComplete, data: {'token': 8}}
2019-08-09 18:58:48,648 - INFO - tty.usbmodem0006822145041: {event: MeshTxComplete, data: {'token': 8}}
2019-08-09 18:58:48,665 - DEBUG - tty.usbmodem0006822145041: Writing: 171 bytearray(b'\x00\x00\x01\x00\n\x00\x08\x00\x00\x00\x82\x01')
2019-08-09 18:58:48,666 - DEBUG - tty.usbmodem0006822145041: TX: 0dab000001000a00080000008201
2019-08-09 18:58:48,670 - DEBUG - tty.usbmodem0006822145041: RX: 0784ab0009000000
2019-08-09 18:58:48,671 - DEBUG - tty.usbmodem0006822145041: parsed_packet {event: CmdRsp, data: {'opcode': 171, 'status': 0, 'data': bytearray(b'\t\x00\x00\x00')}}
2019-08-09 18:58:48,672 - INFO - tty.usbmodem0006822145041: PacketSend: {'token': 9}
2019-08-09 18:58:48,673 - DEBUG - tty.usbmodem0006822145041: RX: 05d209000000
2019-08-09 18:58:48,673 - DEBUG - tty.usbmodem0006822145041: parsed_packet {event: MeshTxComplete, data: {'token': 9}}
2019-08-09 18:58:48,673 - INFO - tty.usbmodem0006822145041: {event: MeshTxComplete, data: {'token': 9}}
2019-08-09 18:58:48,685 - DEBUG - tty.usbmodem0006822145041: RX: 17d019000100000000007f01cb6e5fd50bd8d00300820400
2019-08-09 18:58:48,686 - DEBUG - tty.usbmodem0006822145041: parsed_packet {event: MeshMessageReceivedUnicast, data: {'src': 25, 'dst': 1, 'appkey_handle': 0, 'subnet_handle': 0, 'ttl': 127, 'adv_addr_type': 1, 'adv_addr': bytearray(b'\xcbn_\xd5\x0b\xd8'), 'rssi': -48, 'actual_length': 3, 'data': bytearray(b'\x82\x04\x00')}}
2019-08-09 18:58:48,686 - INFO - tty.usbmodem0006822145041.GenericOnOffClient: Status Present OnOff: off
2019-08-09 18:58:48,686 - INFO - tty.usbmodem0006822145041.GenericOnOffClient: Status Present OnOff: off
2019-08-09 18:58:48,687 - INFO - tty.usbmodem0006822145041: {event: MeshMessageReceivedUnicast, data: {'src': 25, 'dst': 1, 'appkey_handle': 0, 'subnet_handle': 0, 'ttl': 127, 'adv_addr_type': 1, 'adv_addr': bytearray(b'\xcbn_\xd5\x0b\xd8'), 'rssi': -48, 'actual_length': 3, 'data': bytearray(b'\x82\x04\x00')}}
2019-08-09 18:58:48,687 - DEBUG - tty.usbmodem0006822145041: Writing: 171 bytearray(b'\x00\x00\x01\x00\x0b\x00\x08\x00\x00\x00\x82\x01')
2019-08-09 18:58:48,687 - DEBUG - tty.usbmodem0006822145041: TX: 0dab000001000b00080000008201
2019-08-09 18:58:48,691 - DEBUG - tty.usbmodem0006822145041: RX: 0784ab000a000000
2019-08-09 18:58:48,692 - DEBUG - tty.usbmodem0006822145041: parsed_packet {event: CmdRsp, data: {'opcode': 171, 'status': 0, 'data': bytearray(b'\n\x00\x00\x00')}}
2019-08-09 18:58:48,692 - INFO - tty.usbmodem0006822145041: PacketSend: {'token': 10}
2019-08-09 18:58:48,700 - DEBUG - tty.usbmodem0006822145041: RX: 05d20a000000
2019-08-09 18:58:48,700 - DEBUG - tty.usbmodem0006822145041: parsed_packet {event: MeshTxComplete, data: {'token': 10}}
2019-08-09 18:58:48,700 - INFO - tty.usbmodem0006822145041: {event: MeshTxComplete, data: {'token': 10}}
2019-08-09 18:58:48,708 - DEBUG - tty.usbmodem0006822145041: Writing: 171 bytearray(b'\x00\x00\x01\x00\x0c\x00\x08\x00\x00\x00\x82\x01')
2019-08-09 18:58:48,709 - DEBUG - tty.usbmodem0006822145041: TX: 0dab000001000c00080000008201
2019-08-09 18:58:48,712 - DEBUG - tty.usbmodem0006822145041: RX: 17d01a000100000000007f01cb6e5fd50bd8d00300820400
2019-08-09 18:58:48,712 - DEBUG - tty.usbmodem0006822145041: parsed_packet {event: MeshMessageReceivedUnicast, data: {'src': 26, 'dst': 1, 'appkey_handle': 0, 'subnet_handle': 0, 'ttl': 127, 'adv_addr_type': 1, 'adv_addr': bytearray(b'\xcbn_\xd5\x0b\xd8'), 'rssi': -48, 'actual_length': 3, 'data': bytearray(b'\x82\x04\x00')}}
2019-08-09 18:58:48,712 - INFO - tty.usbmodem0006822145041.GenericOnOffClient: Status Present OnOff: off
2019-08-09 18:58:48,713 - INFO - tty.usbmodem0006822145041.GenericOnOffClient: Status Present OnOff: off
2019-08-09 18:58:48,713 - INFO - tty.usbmodem0006822145041: {event: MeshMessageReceivedUnicast, data: {'src': 26, 'dst': 1, 'appkey_handle': 0, 'subnet_handle': 0, 'ttl': 127, 'adv_addr_type': 1, 'adv_addr': bytearray(b'\xcbn_\xd5\x0b\xd8'), 'rssi': -48, 'actual_length': 3, 'data': bytearray(b'\x82\x04\x00')}}
2019-08-09 18:58:48,723 - DEBUG - tty.usbmodem0006822145041: RX: 0784ab000b000000
2019-08-09 18:58:48,723 - DEBUG - tty.usbmodem0006822145041: parsed_packet {event: CmdRsp, data: {'opcode': 171, 'status': 0, 'data': bytearray(b'\x0b\x00\x00\x00')}}
2019-08-09 18:58:48,724 - INFO - tty.usbmodem0006822145041: PacketSend: {'token': 11}
2019-08-09 18:58:48,725 - DEBUG - tty.usbmodem0006822145041: RX: 05d20b000000
2019-08-09 18:58:48,726 - DEBUG - tty.usbmodem0006822145041: parsed_packet {event: MeshTxComplete, data: {'token': 11}}
2019-08-09 18:58:48,727 - INFO - tty.usbmodem0006822145041: {event: MeshTxComplete, data: {'token': 11}}
2019-08-09 18:58:48,728 - DEBUG - tty.usbmodem0006822145041: RX: 17d01b000100000000007f01cb6e5fd50bd8d00300820400
2019-08-09 18:58:48,728 - DEBUG - tty.usbmodem0006822145041: parsed_packet {event: MeshMessageReceivedUnicast, data: {'src': 27, 'dst': 1, 'appkey_handle': 0, 'subnet_handle': 0, 'ttl': 127, 'adv_addr_type': 1, 'adv_addr': bytearray(b'\xcbn_\xd5\x0b\xd8'), 'rssi': -48, 'actual_length': 3, 'data': bytearray(b'\x82\x04\x00')}}
2019-08-09 18:58:48,729 - INFO - tty.usbmodem0006822145041.GenericOnOffClient: Status Present OnOff: off
2019-08-09 18:58:48,729 - INFO - tty.usbmodem0006822145041.GenericOnOffClient: Status Present OnOff: off
2019-08-09 18:58:48,730 - INFO - tty.usbmodem0006822145041: {event: MeshMessageReceivedUnicast, data: {'src': 27, 'dst': 1, 'appkey_handle': 0, 'subnet_handle': 0, 'ttl': 127, 'adv_addr_type': 1, 'adv_addr': bytearray(b'\xcbn_\xd5\x0b\xd8'), 'rssi': -48, 'actual_length': 3, 'data': bytearray(b'\x82\x04\x00')}}
2019-08-09 18:58:48,733 - DEBUG - tty.usbmodem0006822145041: Writing: 171 bytearray(b'\x00\x00\x01\x00\r\x00\x08\x00\x00\x00\x82\x01')
2019-08-09 18:58:48,733 - DEBUG - tty.usbmodem0006822145041: TX: 0dab000001000d00080000008201
2019-08-09 18:58:48,737 - DEBUG - tty.usbmodem0006822145041: RX: 0784ab000c000000
2019-08-09 18:58:48,737 - DEBUG - tty.usbmodem0006822145041: parsed_packet {event: CmdRsp, data: {'opcode': 171, 'status': 0, 'data': bytearray(b'\x0c\x00\x00\x00')}}
2019-08-09 18:58:48,737 - INFO - tty.usbmodem0006822145041: PacketSend: {'token': 12}
2019-08-09 18:58:48,750 - DEBUG - tty.usbmodem0006822145041: RX: 05d20c000000
2019-08-09 18:58:48,750 - DEBUG - tty.usbmodem0006822145041: parsed_packet {event: MeshTxComplete, data: {'token': 12}}
2019-08-09 18:58:48,750 - INFO - tty.usbmodem0006822145041: {event: MeshTxComplete, data: {'token': 12}}
2019-08-09 18:58:48,753 - DEBUG - tty.usbmodem0006822145041: RX: 17d01c000100000000007f01cb6e5fd50bd8d00300820400
2019-08-09 18:58:48,753 - DEBUG - tty.usbmodem0006822145041: parsed_packet {event: MeshMessageReceivedUnicast, data: {'src': 28, 'dst': 1, 'appkey_handle': 0, 'subnet_handle': 0, 'ttl': 127, 'adv_addr_type': 1, 'adv_addr': bytearray(b'\xcbn_\xd5\x0b\xd8'), 'rssi': -48, 'actual_length': 3, 'data': bytearray(b'\x82\x04\x00')}}
2019-08-09 18:58:48,754 - INFO - tty.usbmodem0006822145041.GenericOnOffClient: Status Present OnOff: off
2019-08-09 18:58:48,754 - INFO - tty.usbmodem0006822145041.GenericOnOffClient: Status Present OnOff: off
2019-08-09 18:58:48,761 - INFO - tty.usbmodem0006822145041: {event: MeshMessageReceivedUnicast, data: {'src': 28, 'dst': 1, 'appkey_handle': 0, 'subnet_handle': 0, 'ttl': 127, 'adv_addr_type': 1, 'adv_addr': bytearray(b'\xcbn_\xd5\x0b\xd8'), 'rssi': -48, 'actual_length': 3, 'data': bytearray(b'\x82\x04\x00')}}
2019-08-09 18:58:48,755 - DEBUG - tty.usbmodem0006822145041: Writing: 171 bytearray(b'\x00\x00\x01\x00\x0e\x00\x08\x00\x00\x00\x82\x01')
2019-08-09 18:58:48,761 - DEBUG - tty.usbmodem0006822145041: TX: 0dab000001000e00080000008201
2019-08-09 18:58:48,766 - DEBUG - tty.usbmodem0006822145041: RX: 0784ab000d000000
2019-08-09 18:58:48,767 - DEBUG - tty.usbmodem0006822145041: parsed_packet {event: CmdRsp, data: {'opcode': 171, 'status': 0, 'data': bytearray(b'\r\x00\x00\x00')}}
2019-08-09 18:58:48,770 - INFO - tty.usbmodem0006822145041: PacketSend: {'token': 13}
2019-08-09 18:58:48,778 - DEBUG - tty.usbmodem0006822145041: RX: 05d20d000000
2019-08-09 18:58:48,778 - DEBUG - tty.usbmodem0006822145041: parsed_packet {event: MeshTxComplete, data: {'token': 13}}
2019-08-09 18:58:48,779 - INFO - tty.usbmodem0006822145041: {event: MeshTxComplete, data: {'token': 13}}
2019-08-09 18:58:48,791 - DEBUG - tty.usbmodem0006822145041: RX: 17d01d000100000000007f01cb6e5fd50bd8d00300820400
2019-08-09 18:58:48,792 - DEBUG - tty.usbmodem0006822145041: parsed_packet {event: MeshMessageReceivedUnicast, data: {'src': 29, 'dst': 1, 'appkey_handle': 0, 'subnet_handle': 0, 'ttl': 127, 'adv_addr_type': 1, 'adv_addr': bytearray(b'\xcbn_\xd5\x0b\xd8'), 'rssi': -48, 'actual_length': 3, 'data': bytearray(b'\x82\x04\x00')}}
2019-08-09 18:58:48,795 - INFO - tty.usbmodem0006822145041.GenericOnOffClient: Status Present OnOff: off
2019-08-09 18:58:48,796 - INFO - tty.usbmodem0006822145041.GenericOnOffClient: Status Present OnOff: off
2019-08-09 18:58:48,796 - INFO - tty.usbmodem0006822145041: {event: MeshMessageReceivedUnicast, data: {'src': 29, 'dst': 1, 'appkey_handle': 0, 'subnet_handle': 0, 'ttl': 127, 'adv_addr_type': 1, 'adv_addr': bytearray(b'\xcbn_\xd5\x0b\xd8'), 'rssi': -48, 'actual_length': 3, 'data': bytearray(b'\x82\x04\x00')}}
2019-08-09 19:00:07,512 - DEBUG - tty.usbmodem0006822145041: exited read event
