2019-08-09 13:05:42,290 - DEBUG - tty.usbmodem0006822145041: Writing: 14 bytearray(b'')
2019-08-09 13:05:42,291 - DEBUG - tty.usbmodem0006822145041: TX: 010e
2019-08-09 13:05:42,709 - DEBUG - tty.usbmodem0006822145041: RX: 04810200fe
2019-08-09 13:05:42,710 - DEBUG - tty.usbmodem0006822145041: parsed_packet {event: DeviceStarted, data: {'operating_mode': 2, 'hw_error': 0, 'data_credit_available': 254}}
2019-08-09 13:05:42,710 - INFO - tty.usbmodem0006822145041: Device rebooted.
2019-08-09 13:05:42,852 - DEBUG - tty.usbmodem0006822145041: Writing: 105 bytearray(b'V\x96\xce\xb4L-\xdcdR\xa2\x86\xedN\xf5<\x0f\x86+\r:\x90\xabg\xd2\x7f\x9bZx\xd9\xd4\xc7\xe5&\xb2z\xaa\x1d\xec\x82,\x1c\xf6\xe2GQb\xe9\xf0MT\x1a\x94F\xed\x9e\xfe\xf0\xe1\x0c\x89\xe5\xc3\xaft\xd0D\xc2Jf\x9a\x1b8x\xbf\x03\x80\x08x\x07\xdd^\x9e\x89\\\xed\xa8\xd4\xf8)\x0b\x99w\xd9\x9at\xb0')
2019-08-09 13:05:42,852 - DEBUG - tty.usbmodem0006822145041: TX: 61695696ceb44c2ddc6452a286ed4ef53c0f862b0d3a90ab67d27f9b5a78d9d4c7e526b27aaa1dec822c1cf6e2475162e9f04d541a9446ed9efef0e10c89e5c3af74d044c24a669a1b3878bf0380087807dd5e9e895ceda8d4f8290b9977d99a74b0
2019-08-09 13:05:42,862 - DEBUG - tty.usbmodem0006822145041: RX: 03845384
2019-08-09 13:05:42,862 - DEBUG - tty.usbmodem0006822145041: parsed_packet {event: CmdRsp, data: {'opcode': 83, 'status': 132, 'data': bytearray(b'')}}
2019-08-09 13:05:42,862 - ERROR - tty.usbmodem0006822145041: None: ERROR_INVALID_LENGTH
2019-08-09 13:05:42,862 - DEBUG - tty.usbmodem0006822145041: RX: 03840084
2019-08-09 13:05:42,862 - DEBUG - tty.usbmodem0006822145041: parsed_packet {event: CmdRsp, data: {'opcode': 0, 'status': 132, 'data': bytearray(b'')}}
2019-08-09 13:05:42,863 - ERROR - tty.usbmodem0006822145041: None: ERROR_INVALID_LENGTH
2019-08-09 13:05:42,863 - DEBUG - tty.usbmodem0006822145041: RX: 03840084
2019-08-09 13:05:42,863 - DEBUG - tty.usbmodem0006822145041: parsed_packet {event: CmdRsp, data: {'opcode': 0, 'status': 132, 'data': bytearray(b'')}}
2019-08-09 13:05:42,864 - ERROR - tty.usbmodem0006822145041: None: ERROR_INVALID_LENGTH
2019-08-09 13:05:42,864 - DEBUG - tty.usbmodem0006822145041: RX: 03840084
2019-08-09 13:05:42,864 - DEBUG - tty.usbmodem0006822145041: parsed_packet {event: CmdRsp, data: {'opcode': 0, 'status': 132, 'data': bytearray(b'')}}
2019-08-09 13:05:42,864 - ERROR - tty.usbmodem0006822145041: None: ERROR_INVALID_LENGTH
2019-08-09 13:05:42,865 - DEBUG - tty.usbmodem0006822145041: RX: 03840084
2019-08-09 13:05:42,865 - DEBUG - tty.usbmodem0006822145041: parsed_packet {event: CmdRsp, data: {'opcode': 0, 'status': 132, 'data': bytearray(b'')}}
2019-08-09 13:05:42,865 - ERROR - tty.usbmodem0006822145041: None: ERROR_INVALID_LENGTH
2019-08-09 13:05:42,865 - DEBUG - tty.usbmodem0006822145041: RX: 03840084
2019-08-09 13:05:42,865 - DEBUG - tty.usbmodem0006822145041: parsed_packet {event: CmdRsp, data: {'opcode': 0, 'status': 132, 'data': bytearray(b'')}}
2019-08-09 13:05:42,865 - ERROR - tty.usbmodem0006822145041: None: ERROR_INVALID_LENGTH
2019-08-09 13:05:42,865 - DEBUG - tty.usbmodem0006822145041: RX: 03840084
2019-08-09 13:05:42,866 - DEBUG - tty.usbmodem0006822145041: parsed_packet {event: CmdRsp, data: {'opcode': 0, 'status': 132, 'data': bytearray(b'')}}
2019-08-09 13:05:42,866 - ERROR - tty.usbmodem0006822145041: None: ERROR_INVALID_LENGTH
2019-08-09 13:05:42,866 - DEBUG - tty.usbmodem0006822145041: RX: 03840084
2019-08-09 13:05:42,866 - DEBUG - tty.usbmodem0006822145041: parsed_packet {event: CmdRsp, data: {'opcode': 0, 'status': 132, 'data': bytearray(b'')}}
2019-08-09 13:05:42,866 - ERROR - tty.usbmodem0006822145041: None: ERROR_INVALID_LENGTH
2019-08-09 13:05:42,866 - DEBUG - tty.usbmodem0006822145041: RX: 03840084
2019-08-09 13:05:42,866 - DEBUG - tty.usbmodem0006822145041: parsed_packet {event: CmdRsp, data: {'opcode': 0, 'status': 132, 'data': bytearray(b'')}}
2019-08-09 13:05:42,866 - ERROR - tty.usbmodem0006822145041: None: ERROR_INVALID_LENGTH
2019-08-09 13:05:42,867 - DEBUG - tty.usbmodem0006822145041: RX: 03840084
2019-08-09 13:05:42,867 - DEBUG - tty.usbmodem0006822145041: parsed_packet {event: CmdRsp, data: {'opcode': 0, 'status': 132, 'data': bytearray(b'')}}
2019-08-09 13:05:42,867 - ERROR - tty.usbmodem0006822145041: None: ERROR_INVALID_LENGTH
2019-08-09 13:05:42,867 - DEBUG - tty.usbmodem0006822145041: RX: 03840084
2019-08-09 13:05:42,867 - DEBUG - tty.usbmodem0006822145041: parsed_packet {event: CmdRsp, data: {'opcode': 0, 'status': 132, 'data': bytearray(b'')}}
2019-08-09 13:05:42,867 - ERROR - tty.usbmodem0006822145041: None: ERROR_INVALID_LENGTH
2019-08-09 13:05:42,867 - DEBUG - tty.usbmodem0006822145041: RX: 03840084
2019-08-09 13:05:42,868 - DEBUG - tty.usbmodem0006822145041: parsed_packet {event: CmdRsp, data: {'opcode': 0, 'status': 132, 'data': bytearray(b'')}}
2019-08-09 13:05:42,868 - ERROR - tty.usbmodem0006822145041: None: ERROR_INVALID_LENGTH
2019-08-09 13:05:42,868 - DEBUG - tty.usbmodem0006822145041: RX: 03840084
2019-08-09 13:05:42,869 - DEBUG - tty.usbmodem0006822145041: parsed_packet {event: CmdRsp, data: {'opcode': 0, 'status': 132, 'data': bytearray(b'')}}
2019-08-09 13:05:42,869 - ERROR - tty.usbmodem0006822145041: None: ERROR_INVALID_LENGTH
2019-08-09 13:05:42,887 - DEBUG - tty.usbmodem0006822145041: Writing: 159 bytearray(b'\x01\x00\x01\x00')
2019-08-09 13:05:42,887 - DEBUG - tty.usbmodem0006822145041: TX: 059f01000100
2019-08-09 13:05:42,889 - DEBUG - tty.usbmodem0006822145041: RX: 03849f00
2019-08-09 13:05:42,890 - DEBUG - tty.usbmodem0006822145041: parsed_packet {event: CmdRsp, data: {'opcode': 159, 'status': 0, 'data': bytearray(b'')}}
2019-08-09 13:05:42,890 - INFO - tty.usbmodem0006822145041: Success
2019-08-09 13:05:42,910 - DEBUG - tty.usbmodem0006822145041: Writing: 146 bytearray(b'\x00\x00\x18\xee\xd9\xc2\xa5j\xdd\x85\x04\x9f\xfc<Y\xad\x0e\x12')
2019-08-09 13:05:42,911 - DEBUG - tty.usbmodem0006822145041: TX: 1392000018eed9c2a56add85049ffc3c59ad0e12
2019-08-09 13:05:42,914 - DEBUG - tty.usbmodem0006822145041: RX: 058492000000
2019-08-09 13:05:42,915 - DEBUG - tty.usbmodem0006822145041: parsed_packet {event: CmdRsp, data: {'opcode': 146, 'status': 0, 'data': bytearray(b'\x00\x00')}}
2019-08-09 13:05:42,915 - INFO - tty.usbmodem0006822145041: SubnetAdd: {'subnet_handle': 0}
2019-08-09 13:05:42,936 - DEBUG - tty.usbmodem0006822145041: Writing: 151 bytearray(b'\x00\x00\x00\x00Oh\xad\x85\xd9\xf4\x8a\xc8X\x9d\xf6e\xb6\xb4\x9b\x8a')
2019-08-09 13:05:42,936 - DEBUG - tty.usbmodem0006822145041: TX: 1597000000004f68ad85d9f48ac8589df665b6b49b8a
2019-08-09 13:05:42,940 - DEBUG - tty.usbmodem0006822145041: RX: 058497000000
2019-08-09 13:05:42,940 - DEBUG - tty.usbmodem0006822145041: parsed_packet {event: CmdRsp, data: {'opcode': 151, 'status': 0, 'data': bytearray(b'\x00\x00')}}
2019-08-09 13:05:42,940 - INFO - tty.usbmodem0006822145041: AppkeyAdd: {'appkey_handle': 0}
2019-08-09 13:05:42,960 - DEBUG - tty.usbmodem0006822145041: Writing: 151 bytearray(b'\x01\x00\x00\x00*\xa2\xa6\xde\xd5\xa0y\x8c\xea\xb5x|\xa3\xae9\xfc')
2019-08-09 13:05:42,960 - DEBUG - tty.usbmodem0006822145041: TX: 1597010000002aa2a6ded5a0798ceab5787ca3ae39fc
2019-08-09 13:05:42,964 - DEBUG - tty.usbmodem0006822145041: RX: 058497000100
2019-08-09 13:05:42,964 - DEBUG - tty.usbmodem0006822145041: parsed_packet {event: CmdRsp, data: {'opcode': 151, 'status': 0, 'data': bytearray(b'\x01\x00')}}
2019-08-09 13:05:42,964 - INFO - tty.usbmodem0006822145041: AppkeyAdd: {'appkey_handle': 1}
2019-08-09 13:05:50,224 - DEBUG - tty.usbmodem0006822145041: Writing: 97 bytearray(b'')
2019-08-09 13:05:50,226 - DEBUG - tty.usbmodem0006822145041: TX: 0161
2019-08-09 13:05:50,234 - DEBUG - tty.usbmodem0006822145041: RX: 03846100
2019-08-09 13:05:50,235 - DEBUG - tty.usbmodem0006822145041: parsed_packet {event: CmdRsp, data: {'opcode': 97, 'status': 0, 'data': bytearray(b'')}}
2019-08-09 13:05:50,235 - INFO - tty.usbmodem0006822145041: Success
2019-08-09 13:05:51,162 - DEBUG - tty.usbmodem0006822145041: RX: 1ac0e07f87c0e83ff2418b6e5fd50b58c2cdcb0001cb6e5fd50bd8
2019-08-09 13:05:51,162 - DEBUG - tty.usbmodem0006822145041: parsed_packet {event: ProvUnprovisionedReceived, data: {'uuid': bytearray(b'\xe0\x7f\x87\xc0\xe8?\xf2A\x8bn_\xd5\x0bX\xc2\xcd'), 'rssi': -53, 'gatt_supported': 0, 'adv_addr_type': 1, 'adv_addr': bytearray(b'\xcbn_\xd5\x0b\xd8')}}
2019-08-09 13:05:51,162 - INFO - tty.usbmodem0006822145041: {event: ProvUnprovisionedReceived, data: {'uuid': bytearray(b'\xe0\x7f\x87\xc0\xe8?\xf2A\x8bn_\xd5\x0bX\xc2\xcd'), 'rssi': -53, 'gatt_supported': 0, 'adv_addr_type': 1, 'adv_addr': bytearray(b'\xcbn_\xd5\x0b\xd8')}}
2019-08-09 13:05:51,162 - INFO - tty.usbmodem0006822145041: Received UUID e07f87c0e83ff2418b6e5fd50b58c2cd with RSSI: -53 dB
2019-08-09 13:05:51,163 - DEBUG - tty.usbmodem0006822145041: Writing: 98 bytearray(b'')
2019-08-09 13:05:51,163 - DEBUG - tty.usbmodem0006822145041: TX: 0162
2019-08-09 13:05:51,165 - DEBUG - tty.usbmodem0006822145041: RX: 03846200
2019-08-09 13:05:51,165 - DEBUG - tty.usbmodem0006822145041: parsed_packet {event: CmdRsp, data: {'opcode': 98, 'status': 0, 'data': bytearray(b'')}}
2019-08-09 13:05:51,165 - INFO - tty.usbmodem0006822145041: Success
2019-08-09 13:05:51,187 - DEBUG - tty.usbmodem0006822145041: Writing: 99 bytearray(b'\x00\xe0\x7f\x87\xc0\xe8?\xf2A\x8bn_\xd5\x0bX\xc2\xcd\x18\xee\xd9\xc2\xa5j\xdd\x85\x04\x9f\xfc<Y\xad\x0e\x12\x00\x00\x00\x00\x00\x00\x10\x00\x00\x00\x00')
2019-08-09 13:05:51,187 - DEBUG - tty.usbmodem0006822145041: TX: 2d6300e07f87c0e83ff2418b6e5fd50b58c2cd18eed9c2a56add85049ffc3c59ad0e120000000000001000000000
2019-08-09 13:05:51,193 - DEBUG - tty.usbmodem0006822145041: RX: 0484630000
2019-08-09 13:05:51,193 - DEBUG - tty.usbmodem0006822145041: parsed_packet {event: CmdRsp, data: {'opcode': 99, 'status': 0, 'data': bytearray(b'\x00')}}
2019-08-09 13:05:51,193 - INFO - tty.usbmodem0006822145041: Provision: {'context': 0}
2019-08-09 13:05:51,217 - DEBUG - tty.usbmodem0006822145041: RX: 02c100
2019-08-09 13:05:51,217 - DEBUG - tty.usbmodem0006822145041: parsed_packet {event: ProvLinkEstablished, data: {'context_id': 0}}
2019-08-09 13:05:51,217 - INFO - tty.usbmodem0006822145041: {event: ProvLinkEstablished, data: {'context_id': 0}}
2019-08-09 13:05:51,217 - INFO - tty.usbmodem0006822145041: Link established
2019-08-09 13:05:51,269 - DEBUG - tty.usbmodem0006822145041: RX: 0bc3000e0001000000000000
2019-08-09 13:05:51,269 - DEBUG - tty.usbmodem0006822145041: parsed_packet {event: ProvCapsReceived, data: {'context_id': 0, 'num_elements': 14, 'public_key_type': 0, 'static_oob_types': 1, 'output_oob_size': 0, 'output_oob_actions': 0, 'input_oob_size': 0, 'input_oob_actions': 0}}
2019-08-09 13:05:51,269 - INFO - tty.usbmodem0006822145041: {event: ProvCapsReceived, data: {'context_id': 0, 'num_elements': 14, 'public_key_type': 0, 'static_oob_types': 1, 'output_oob_size': 0, 'output_oob_actions': 0, 'input_oob_size': 0, 'input_oob_actions': 0}}
2019-08-09 13:05:51,269 - INFO - tty.usbmodem0006822145041: Received capabilities
2019-08-09 13:05:51,269 - INFO - tty.usbmodem0006822145041: Number of elements: 14
2019-08-09 13:05:51,270 - DEBUG - tty.usbmodem0006822145041: Writing: 102 bytearray(b'\x00\x00\x00\x00')
2019-08-09 13:05:51,270 - DEBUG - tty.usbmodem0006822145041: TX: 056600000000
2019-08-09 13:05:51,272 - DEBUG - tty.usbmodem0006822145041: RX: 0484660000
2019-08-09 13:05:51,272 - DEBUG - tty.usbmodem0006822145041: parsed_packet {event: CmdRsp, data: {'opcode': 102, 'status': 0, 'data': bytearray(b'\x00')}}
2019-08-09 13:05:51,272 - INFO - tty.usbmodem0006822145041: OobUse: {'context': 0}
2019-08-09 13:05:51,461 - DEBUG - tty.usbmodem0006822145041: RX: 62c7000f3234c141ad78eaddc8ec437f7d12da0c3af1ddaa6403f497736f3ef68a38f8f5870ff781507ae52359bd1d57a70b36fdeaef1d7fa6cc5c94e57e202640c7e943b4954d926cf1f2ce157785f296d4b7655c2a8904e8a4fee64162c2851b25c1
2019-08-09 13:05:51,461 - DEBUG - tty.usbmodem0006822145041: parsed_packet {event: ProvEcdhRequest, data: {'context_id': 0, 'peer_public': bytearray(b'\x0f24\xc1A\xadx\xea\xdd\xc8\xecC\x7f}\x12\xda\x0c:\xf1\xdd\xaad\x03\xf4\x97so>\xf6\x8a8\xf8\xf5\x87\x0f\xf7\x81Pz\xe5#Y\xbd\x1dW\xa7\x0b6\xfd\xea\xef\x1d\x7f\xa6\xcc\\\x94\xe5~ &@\xc7\xe9'), 'node_private': bytearray(b'C\xb4\x95M\x92l\xf1\xf2\xce\x15w\x85\xf2\x96\xd4\xb7e\\*\x89\x04\xe8\xa4\xfe\xe6Ab\xc2\x85\x1b%\xc1')}}
2019-08-09 13:05:51,461 - INFO - tty.usbmodem0006822145041: {event: ProvEcdhRequest, data: {'context_id': 0, 'peer_public': bytearray(b'\x0f24\xc1A\xadx\xea\xdd\xc8\xecC\x7f}\x12\xda\x0c:\xf1\xdd\xaad\x03\xf4\x97so>\xf6\x8a8\xf8\xf5\x87\x0f\xf7\x81Pz\xe5#Y\xbd\x1dW\xa7\x0b6\xfd\xea\xef\x1d\x7f\xa6\xcc\\\x94\xe5~ &@\xc7\xe9'), 'node_private': bytearray(b'C\xb4\x95M\x92l\xf1\xf2\xce\x15w\x85\xf2\x96\xd4\xb7e\\*\x89\x04\xe8\xa4\xfe\xe6Ab\xc2\x85\x1b%\xc1')}}
2019-08-09 13:05:51,461 - INFO - tty.usbmodem0006822145041: ECDH request received
2019-08-09 13:05:51,462 - DEBUG - tty.usbmodem0006822145041: Writing: 104 bytearray(b'\x00F\x1d\xf9\xa9\xfc\xc1\xf1g\xb2\xbe\x16\x8cqUH\xb7\xdbd\x028\xc34\x7f\xdf\x83\xdd\x84s\xddcT\x82')
2019-08-09 13:05:51,462 - DEBUG - tty.usbmodem0006822145041: TX: 226800461df9a9fcc1f167b2be168c715548b7db640238c3347fdf83dd8473dd635482
2019-08-09 13:05:51,468 - DEBUG - tty.usbmodem0006822145041: RX: 0484680000
2019-08-09 13:05:51,468 - DEBUG - tty.usbmodem0006822145041: parsed_packet {event: CmdRsp, data: {'opcode': 104, 'status': 0, 'data': bytearray(b'\x00')}}
2019-08-09 13:05:51,468 - INFO - tty.usbmodem0006822145041: EcdhSecret: {'context': 0}
2019-08-09 13:05:51,818 - DEBUG - tty.usbmodem0006822145041: RX: 2cc500000000000000100000008db02f25a24e4c5f55ba8e38e9cc711518eed9c2a56add85049ffc3c59ad0e12
2019-08-09 13:05:51,818 - DEBUG - tty.usbmodem0006822145041: parsed_packet {event: ProvComplete, data: {'context_id': 0, 'iv_index': 0, 'net_key_index': 0, 'address': 16, 'iv_update_flag': 0, 'key_refresh_flag': 0, 'device_key': bytearray(b'\x8d\xb0/%\xa2NL_U\xba\x8e8\xe9\xccq\x15'), 'net_key': bytearray(b'\x18\xee\xd9\xc2\xa5j\xdd\x85\x04\x9f\xfc<Y\xad\x0e\x12')}}
2019-08-09 13:05:51,818 - INFO - tty.usbmodem0006822145041: {event: ProvComplete, data: {'context_id': 0, 'iv_index': 0, 'net_key_index': 0, 'address': 16, 'iv_update_flag': 0, 'key_refresh_flag': 0, 'device_key': bytearray(b'\x8d\xb0/%\xa2NL_U\xba\x8e8\xe9\xccq\x15'), 'net_key': bytearray(b'\x18\xee\xd9\xc2\xa5j\xdd\x85\x04\x9f\xfc<Y\xad\x0e\x12')}}
2019-08-09 13:05:51,818 - INFO - tty.usbmodem0006822145041: Provisioning complete
2019-08-09 13:05:51,818 - INFO - tty.usbmodem0006822145041: 	Address(es): 0x10-0x1d
2019-08-09 13:05:51,818 - INFO - tty.usbmodem0006822145041: 	Device key: 8db02f25a24e4c5f55ba8e38e9cc7115
2019-08-09 13:05:51,819 - INFO - tty.usbmodem0006822145041: 	Network key: 18eed9c2a56add85049ffc3c59ad0e12
2019-08-09 13:05:51,819 - INFO - tty.usbmodem0006822145041: Adding device key to subnet 0
2019-08-09 13:05:51,819 - INFO - tty.usbmodem0006822145041: Adding publication address of root element
2019-08-09 13:05:51,819 - DEBUG - tty.usbmodem0006822145041: Writing: 156 bytearray(b'\x10\x00\x00\x00\x8d\xb0/%\xa2NL_U\xba\x8e8\xe9\xccq\x15')
2019-08-09 13:05:51,819 - DEBUG - tty.usbmodem0006822145041: TX: 159c100000008db02f25a24e4c5f55ba8e38e9cc7115
2019-08-09 13:05:51,823 - DEBUG - tty.usbmodem0006822145041: RX: 05849c000800
2019-08-09 13:05:51,823 - DEBUG - tty.usbmodem0006822145041: parsed_packet {event: CmdRsp, data: {'opcode': 156, 'status': 0, 'data': bytearray(b'\x08\x00')}}
2019-08-09 13:05:51,823 - INFO - tty.usbmodem0006822145041: DevkeyAdd: {'devkey_handle': 8}
2019-08-09 13:05:51,826 - INFO - tty.usbmodem0006822145041.MeshConfigurer: No Messages remaining
2019-08-09 13:05:51,844 - DEBUG - tty.usbmodem0006822145041: Writing: 164 bytearray(b'\x10\x00')
2019-08-09 13:05:51,845 - DEBUG - tty.usbmodem0006822145041: TX: 03a41000
2019-08-09 13:05:51,847 - DEBUG - tty.usbmodem0006822145041: RX: 0584a4000000
2019-08-09 13:05:51,848 - DEBUG - tty.usbmodem0006822145041: parsed_packet {event: CmdRsp, data: {'opcode': 164, 'status': 0, 'data': bytearray(b'\x00\x00')}}
2019-08-09 13:05:51,848 - INFO - tty.usbmodem0006822145041: AddrPublicationAdd: {'address_handle': 0}
2019-08-09 13:05:51,850 - INFO - tty.usbmodem0006822145041.MeshConfigurer: No Messages remaining
2019-08-09 13:05:51,914 - DEBUG - tty.usbmodem0006822145041: RX: 03c20000
2019-08-09 13:05:51,915 - DEBUG - tty.usbmodem0006822145041: parsed_packet {event: ProvLinkClosed, data: {'context_id': 0, 'close_reason': 0}}
2019-08-09 13:05:51,915 - INFO - tty.usbmodem0006822145041: {event: ProvLinkClosed, data: {'context_id': 0, 'close_reason': 0}}
2019-08-09 13:05:51,915 - INFO - tty.usbmodem0006822145041: Provisioning link closed
2019-08-09 13:06:01,917 - INFO - tty.usbmodem0006822145041.MeshConfigurer: Configure 8 0
2019-08-09 13:06:01,918 - INFO - tty.usbmodem0006822145041.MeshConfigurer: 

2019-08-09 13:06:01,918 - INFO - tty.usbmodem0006822145041.MeshConfigurer: Sending next message
2019-08-09 13:06:01,919 - DEBUG - tty.usbmodem0006822145041.MeshConfigurer: Sending opcode: 8008, data: 00
2019-08-09 13:06:01,919 - DEBUG - tty.usbmodem0006822145041: Writing: 171 bytearray(b'\x08\x00\x01\x00\x00\x00\x08\x00\x00\x00\x80\x08\x00')
2019-08-09 13:06:01,919 - DEBUG - tty.usbmodem0006822145041: TX: 0eab08000100000008000000800800
2019-08-09 13:06:01,923 - DEBUG - tty.usbmodem0006822145041: RX: 0784ab0001000000
2019-08-09 13:06:01,923 - DEBUG - tty.usbmodem0006822145041: parsed_packet {event: CmdRsp, data: {'opcode': 171, 'status': 0, 'data': bytearray(b'\x01\x00\x00\x00')}}
2019-08-09 13:06:01,923 - INFO - tty.usbmodem0006822145041: PacketSend: {'token': 1}
2019-08-09 13:06:01,942 - DEBUG - tty.usbmodem0006822145041: RX: 05d201000000
2019-08-09 13:06:01,942 - DEBUG - tty.usbmodem0006822145041: parsed_packet {event: MeshTxComplete, data: {'token': 1}}
2019-08-09 13:06:01,942 - INFO - tty.usbmodem0006822145041: {event: MeshTxComplete, data: {'token': 1}}
2019-08-09 13:06:02,343 - DEBUG - tty.usbmodem0006822145041: RX: c4d010000100080000007f01cb6e5fd50bd8cbb0000200590000000000280003000000020000000200000002010010011059000000000002010010011059000000000002010010011059000000000002010010011059000000000002010010011059000000000002010010011059000000000002010010011059000000000002010010011059000000000002010010011059000000000002010010011059000000000002010010011059000000000002010010011059000000000002010010011059000000
2019-08-09 13:06:02,343 - DEBUG - tty.usbmodem0006822145041: parsed_packet {event: MeshMessageReceivedUnicast, data: {'src': 16, 'dst': 1, 'appkey_handle': 8, 'subnet_handle': 0, 'ttl': 127, 'adv_addr_type': 1, 'adv_addr': bytearray(b'\xcbn_\xd5\x0b\xd8'), 'rssi': -53, 'actual_length': 176, 'data': bytearray(b'\x02\x00Y\x00\x00\x00\x00\x00(\x00\x03\x00\x00\x00\x02\x00\x00\x00\x02\x00\x00\x00\x02\x01\x00\x10\x01\x10Y\x00\x00\x00\x00\x00\x02\x01\x00\x10\x01\x10Y\x00\x00\x00\x00\x00\x02\x01\x00\x10\x01\x10Y\x00\x00\x00\x00\x00\x02\x01\x00\x10\x01\x10Y\x00\x00\x00\x00\x00\x02\x01\x00\x10\x01\x10Y\x00\x00\x00\x00\x00\x02\x01\x00\x10\x01\x10Y\x00\x00\x00\x00\x00\x02\x01\x00\x10\x01\x10Y\x00\x00\x00\x00\x00\x02\x01\x00\x10\x01\x10Y\x00\x00\x00\x00\x00\x02\x01\x00\x10\x01\x10Y\x00\x00\x00\x00\x00\x02\x01\x00\x10\x01\x10Y\x00\x00\x00\x00\x00\x02\x01\x00\x10\x01\x10Y\x00\x00\x00\x00\x00\x02\x01\x00\x10\x01\x10Y\x00\x00\x00\x00\x00\x02\x01\x00\x10\x01\x10Y\x00\x00\x00')}}
2019-08-09 13:06:02,343 - DEBUG - tty.usbmodem0006822145041: 0
2019-08-09 13:06:02,343 - DEBUG - tty.usbmodem0006822145041: [<mesh.access.Element object at 0x109588278>]
2019-08-09 13:06:02,343 - DEBUG - tty.usbmodem0006822145041: <mesh.access.Element object at 0x109588278>
2019-08-09 13:06:02,343 - DEBUG - tty.usbmodem0006822145041: 1
2019-08-09 13:06:02,349 - INFO - tty.usbmodem0006822145041.MeshConfigurer: Received composition data (page 0x00): {
  "cid": "0059",
  "pid": "0000",
  "vid": "0000",
  "crpl": 40,
  "features": {
    "relay": 0,
    "proxy": 0,
    "friend": 2,
    "low_power": 2
  },
  "elements": [
    {
      "index": 0,
      "location": "0000",
      "models": [
        {
          "modelId": "0000"
        },
        {
          "modelId": "0002"
        }
      ]
    },
    {
      "index": 1,
      "location": "0000",
      "models": [
        {
          "modelId": "1000"
        },
        {
          "modelId": "1001"
        },
        {
          "modelId": "00590000"
        }
      ]
    },
    {
      "index": 2,
      "location": "0000",
      "models": [
        {
          "modelId": "1000"
        },
        {
          "modelId": "1001"
        },
        {
          "modelId": "00590000"
        }
      ]
    },
    {
      "index": 3,
      "location": "0000",
      "models": [
        {
          "modelId": "1000"
        },
        {
          "modelId": "1001"
        },
        {
          "modelId": "00590000"
        }
      ]
    },
    {
      "index": 4,
      "location": "0000",
      "models": [
        {
          "modelId": "1000"
        },
        {
          "modelId": "1001"
        },
        {
          "modelId": "00590000"
        }
      ]
    },
    {
      "index": 5,
      "location": "0000",
      "models": [
        {
          "modelId": "1000"
        },
        {
          "modelId": "1001"
        },
        {
          "modelId": "00590000"
        }
      ]
    },
    {
      "index": 6,
      "location": "0000",
      "models": [
        {
          "modelId": "1000"
        },
        {
          "modelId": "1001"
        },
        {
          "modelId": "00590000"
        }
      ]
    },
    {
      "index": 7,
      "location": "0000",
      "models": [
        {
          "modelId": "1000"
        },
        {
          "modelId": "1001"
        },
        {
          "modelId": "00590000"
        }
      ]
    },
    {
      "index": 8,
      "location": "0000",
      "models": [
        {
          "modelId": "1000"
        },
        {
          "modelId": "1001"
        },
        {
          "modelId": "00590000"
        }
      ]
    },
    {
      "index": 9,
      "location": "0000",
      "models": [
        {
          "modelId": "1000"
        },
        {
          "modelId": "1001"
        },
        {
          "modelId": "00590000"
        }
      ]
    },
    {
      "index": 10,
      "location": "0000",
      "models": [
        {
          "modelId": "1000"
        },
        {
          "modelId": "1001"
        },
        {
          "modelId": "00590000"
        }
      ]
    },
    {
      "index": 11,
      "location": "0000",
      "models": [
        {
          "modelId": "1000"
        },
        {
          "modelId": "1001"
        },
        {
          "modelId": "00590000"
        }
      ]
    },
    {
      "index": 12,
      "location": "0000",
      "models": [
        {
          "modelId": "1000"
        },
        {
          "modelId": "1001"
        },
        {
          "modelId": "00590000"
        }
      ]
    },
    {
      "index": 13,
      "location": "0000",
      "models": [
        {
          "modelId": "1000"
        },
        {
          "modelId": "1001"
        },
        {
          "modelId": "00590000"
        }
      ]
    }
  ]
}
2019-08-09 13:06:02,350 - ERROR - tty.usbmodem0006822145041: Exception in pkt handler <bound method Access.__event_handler of <mesh.access.Access object at 0x109588240>>
2019-08-09 13:06:02,354 - ERROR - tty.usbmodem0006822145041: traceback: Traceback (most recent call last):
  File "/Users/Tim-Mac/msc/bm-control/dev/nrf5SDKforMeshv310src/scripts/interactive_pyaci/aci/aci_uart.py", line 90, in process_packet
    fun(packet)
  File "/Users/Tim-Mac/msc/bm-control/dev/nrf5SDKforMeshv310src/scripts/interactive_pyaci/mesh/access.py", line 225, in __event_handler
    handler(opcode, message)
  File "/Users/Tim-Mac/msc/bm-control/dev/nrf5SDKforMeshv310src/scripts/interactive_pyaci/interactive_pyaci.py", line 749, in __composition_data_status_handler_mesh
    self._configure_complete_cb(uuid)
NameError: name 'uuid' is not defined

2019-08-09 13:06:02,354 - INFO - tty.usbmodem0006822145041: {event: MeshMessageReceivedUnicast, data: {'src': 16, 'dst': 1, 'appkey_handle': 8, 'subnet_handle': 0, 'ttl': 127, 'adv_addr_type': 1, 'adv_addr': bytearray(b'\xcbn_\xd5\x0b\xd8'), 'rssi': -53, 'actual_length': 176, 'data': bytearray(b'\x02\x00Y\x00\x00\x00\x00\x00(\x00\x03\x00\x00\x00\x02\x00\x00\x00\x02\x00\x00\x00\x02\x01\x00\x10\x01\x10Y\x00\x00\x00\x00\x00\x02\x01\x00\x10\x01\x10Y\x00\x00\x00\x00\x00\x02\x01\x00\x10\x01\x10Y\x00\x00\x00\x00\x00\x02\x01\x00\x10\x01\x10Y\x00\x00\x00\x00\x00\x02\x01\x00\x10\x01\x10Y\x00\x00\x00\x00\x00\x02\x01\x00\x10\x01\x10Y\x00\x00\x00\x00\x00\x02\x01\x00\x10\x01\x10Y\x00\x00\x00\x00\x00\x02\x01\x00\x10\x01\x10Y\x00\x00\x00\x00\x00\x02\x01\x00\x10\x01\x10Y\x00\x00\x00\x00\x00\x02\x01\x00\x10\x01\x10Y\x00\x00\x00\x00\x00\x02\x01\x00\x10\x01\x10Y\x00\x00\x00\x00\x00\x02\x01\x00\x10\x01\x10Y\x00\x00\x00\x00\x00\x02\x01\x00\x10\x01\x10Y\x00\x00\x00')}}
2019-08-09 13:11:29,528 - DEBUG - tty.usbmodem0006822145041: exited read event
