2019-08-09 19:00:10,103 - INFO - tty.usbmodem0006822145041.MeshConfigurer: 

2019-08-09 19:00:10,103 - DEBUG - tty.usbmodem0006822145041: Writing: 105 bytearray(b'#\xab"\xce\x16\xd0*\x04\x8eB\xdcTc\xd1=,\xe8SQ\x12/\x14\x02\x0c\x08\xb1\t\x07U\x01p\xa6\x13\xadkk\xb3\xaf\xcf\x1fn]5H\x19UB\xdb\xeb\xbc-\xd9\xfbk\x98\xde\x83gi\xa5\\\x82\x1fH\xae75\xb6\x1d\x123\xd3\x8b\xd9\x1bFiW\xfaQ\xdc\x866\xaa n\xfaR\x99OVA\x9f\xc7-\xcb')
2019-08-09 19:00:10,103 - INFO - tty.usbmodem0006822145041.MeshConfigurer: Sending next message
2019-08-09 19:00:10,103 - DEBUG - tty.usbmodem0006822145041: TX: 616923ab22ce16d02a048e42dc5463d13d2ce85351122f14020c08b10907550170a613ad6b6bb3afcf1f6e5d3548195542dbebbc2dd9fb6b98de836769a55c821f48ae3735b61d1233d38bd91b466957fa51dc8636aa206efa52994f56419fc72dcb
2019-08-09 19:00:10,120 - DEBUG - tty.usbmodem0006822145041: RX: 03845384
2019-08-09 19:00:10,124 - DEBUG - tty.usbmodem0006822145041: parsed_packet {event: CmdRsp, data: {'opcode': 83, 'status': 132, 'data': bytearray(b'')}}
2019-08-09 19:00:10,124 - ERROR - tty.usbmodem0006822145041: None: ERROR_INVALID_LENGTH
2019-08-09 19:00:10,143 - DEBUG - tty.usbmodem0006822145041: RX: 03840084
2019-08-09 19:00:10,143 - DEBUG - tty.usbmodem0006822145041: parsed_packet {event: CmdRsp, data: {'opcode': 0, 'status': 132, 'data': bytearray(b'')}}
2019-08-09 19:00:10,143 - ERROR - tty.usbmodem0006822145041: None: ERROR_INVALID_LENGTH
2019-08-09 19:00:10,150 - DEBUG - tty.usbmodem0006822145041: Writing: 159 bytearray(b'\x01\x00\x01\x00')
2019-08-09 19:00:10,150 - DEBUG - tty.usbmodem0006822145041: TX: 059f01000100
2019-08-09 19:00:10,150 - DEBUG - tty.usbmodem0006822145041: RX: 03840084
2019-08-09 19:00:10,150 - DEBUG - tty.usbmodem0006822145041: parsed_packet {event: CmdRsp, data: {'opcode': 0, 'status': 132, 'data': bytearray(b'')}}
2019-08-09 19:00:10,151 - ERROR - tty.usbmodem0006822145041: None: ERROR_INVALID_LENGTH
2019-08-09 19:00:10,154 - DEBUG - tty.usbmodem0006822145041: RX: 03840084
2019-08-09 19:00:10,154 - DEBUG - tty.usbmodem0006822145041: parsed_packet {event: CmdRsp, data: {'opcode': 0, 'status': 132, 'data': bytearray(b'')}}
2019-08-09 19:00:10,161 - ERROR - tty.usbmodem0006822145041: None: ERROR_INVALID_LENGTH
2019-08-09 19:00:10,162 - DEBUG - tty.usbmodem0006822145041: RX: 03840084
2019-08-09 19:00:10,162 - DEBUG - tty.usbmodem0006822145041: parsed_packet {event: CmdRsp, data: {'opcode': 0, 'status': 132, 'data': bytearray(b'')}}
2019-08-09 19:00:10,162 - ERROR - tty.usbmodem0006822145041: None: ERROR_INVALID_LENGTH
2019-08-09 19:00:10,163 - DEBUG - tty.usbmodem0006822145041: RX: 03840084
2019-08-09 19:00:10,163 - DEBUG - tty.usbmodem0006822145041: parsed_packet {event: CmdRsp, data: {'opcode': 0, 'status': 132, 'data': bytearray(b'')}}
2019-08-09 19:00:10,163 - ERROR - tty.usbmodem0006822145041: None: ERROR_INVALID_LENGTH
2019-08-09 19:00:10,163 - DEBUG - tty.usbmodem0006822145041: RX: 03840084
2019-08-09 19:00:10,163 - DEBUG - tty.usbmodem0006822145041: parsed_packet {event: CmdRsp, data: {'opcode': 0, 'status': 132, 'data': bytearray(b'')}}
2019-08-09 19:00:10,164 - ERROR - tty.usbmodem0006822145041: None: ERROR_INVALID_LENGTH
2019-08-09 19:00:10,164 - DEBUG - tty.usbmodem0006822145041: RX: 03840084
2019-08-09 19:00:10,164 - DEBUG - tty.usbmodem0006822145041: parsed_packet {event: CmdRsp, data: {'opcode': 0, 'status': 132, 'data': bytearray(b'')}}
2019-08-09 19:00:10,165 - ERROR - tty.usbmodem0006822145041: None: ERROR_INVALID_LENGTH
2019-08-09 19:00:10,165 - DEBUG - tty.usbmodem0006822145041: RX: 03840084
2019-08-09 19:00:10,166 - DEBUG - tty.usbmodem0006822145041: parsed_packet {event: CmdRsp, data: {'opcode': 0, 'status': 132, 'data': bytearray(b'')}}
2019-08-09 19:00:10,166 - ERROR - tty.usbmodem0006822145041: None: ERROR_INVALID_LENGTH
2019-08-09 19:00:10,166 - DEBUG - tty.usbmodem0006822145041: RX: 03840084
2019-08-09 19:00:10,166 - DEBUG - tty.usbmodem0006822145041: parsed_packet {event: CmdRsp, data: {'opcode': 0, 'status': 132, 'data': bytearray(b'')}}
2019-08-09 19:00:10,166 - ERROR - tty.usbmodem0006822145041: None: ERROR_INVALID_LENGTH
2019-08-09 19:00:10,167 - DEBUG - tty.usbmodem0006822145041: RX: 03840084
2019-08-09 19:00:10,182 - DEBUG - tty.usbmodem0006822145041: Writing: 146 bytearray(b'\x00\x00\x18\xee\xd9\xc2\xa5j\xdd\x85\x04\x9f\xfc<Y\xad\x0e\x12')
2019-08-09 19:00:10,187 - DEBUG - tty.usbmodem0006822145041: parsed_packet {event: CmdRsp, data: {'opcode': 0, 'status': 132, 'data': bytearray(b'')}}
2019-08-09 19:00:10,194 - DEBUG - tty.usbmodem0006822145041: TX: 1392000018eed9c2a56add85049ffc3c59ad0e12
2019-08-09 19:00:10,205 - ERROR - tty.usbmodem0006822145041: None: ERROR_INVALID_LENGTH
2019-08-09 19:00:10,229 - DEBUG - tty.usbmodem0006822145041: RX: 03840084
2019-08-09 19:00:10,235 - DEBUG - tty.usbmodem0006822145041: parsed_packet {event: CmdRsp, data: {'opcode': 0, 'status': 132, 'data': bytearray(b'')}}
2019-08-09 19:00:10,236 - ERROR - tty.usbmodem0006822145041: None: ERROR_INVALID_LENGTH
2019-08-09 19:00:10,236 - DEBUG - tty.usbmodem0006822145041: RX: 03840084
2019-08-09 19:00:10,237 - DEBUG - tty.usbmodem0006822145041: parsed_packet {event: CmdRsp, data: {'opcode': 0, 'status': 132, 'data': bytearray(b'')}}
2019-08-09 19:00:10,237 - ERROR - tty.usbmodem0006822145041: None: ERROR_INVALID_LENGTH
2019-08-09 19:00:10,239 - DEBUG - tty.usbmodem0006822145041: RX: 03849f8e
2019-08-09 19:00:10,244 - DEBUG - tty.usbmodem0006822145041: parsed_packet {event: CmdRsp, data: {'opcode': 159, 'status': 142, 'data': bytearray(b'')}}
2019-08-09 19:00:10,245 - ERROR - tty.usbmodem0006822145041: None: ERROR_REJECTED
2019-08-09 19:00:10,245 - DEBUG - tty.usbmodem0006822145041: RX: 03849281
2019-08-09 19:00:10,247 - DEBUG - tty.usbmodem0006822145041: parsed_packet {event: CmdRsp, data: {'opcode': 146, 'status': 129, 'data': bytearray(b'')}}
2019-08-09 19:00:10,247 - ERROR - tty.usbmodem0006822145041: SubnetAdd: ERROR_INTERNAL
2019-08-09 19:00:10,254 - DEBUG - tty.usbmodem0006822145041: Writing: 151 bytearray(b'\x00\x00\x00\x00Oh\xad\x85\xd9\xf4\x8a\xc8X\x9d\xf6e\xb6\xb4\x9b\x8a')
2019-08-09 19:00:10,266 - DEBUG - tty.usbmodem0006822145041: TX: 1597000000004f68ad85d9f48ac8589df665b6b49b8a
2019-08-09 19:00:10,287 - DEBUG - tty.usbmodem0006822145041: RX: 03849781
2019-08-09 19:00:10,293 - DEBUG - tty.usbmodem0006822145041: parsed_packet {event: CmdRsp, data: {'opcode': 151, 'status': 129, 'data': bytearray(b'')}}
2019-08-09 19:00:10,305 - DEBUG - tty.usbmodem0006822145041: Writing: 151 bytearray(b'\x01\x00\x00\x00*\xa2\xa6\xde\xd5\xa0y\x8c\xea\xb5x|\xa3\xae9\xfc')
2019-08-09 19:00:10,305 - ERROR - tty.usbmodem0006822145041: AppkeyAdd: ERROR_INTERNAL
2019-08-09 19:00:10,322 - DEBUG - tty.usbmodem0006822145041: TX: 1597010000002aa2a6ded5a0798ceab5787ca3ae39fc
2019-08-09 19:00:10,359 - DEBUG - tty.usbmodem0006822145041: RX: 03849781
2019-08-09 19:00:10,361 - DEBUG - tty.usbmodem0006822145041: parsed_packet {event: CmdRsp, data: {'opcode': 151, 'status': 129, 'data': bytearray(b'')}}
2019-08-09 19:00:10,362 - ERROR - tty.usbmodem0006822145041: AppkeyAdd: ERROR_INTERNAL
2019-08-09 19:00:10,383 - DEBUG - tty.usbmodem0006822145041: Writing: 161 bytearray(b'\x01\xc0')
2019-08-09 19:00:10,388 - DEBUG - tty.usbmodem0006822145041: TX: 03a101c0
2019-08-09 19:00:10,402 - DEBUG - tty.usbmodem0006822145041: RX: 0584a1000000
2019-08-09 19:00:10,402 - DEBUG - tty.usbmodem0006822145041: parsed_packet {event: CmdRsp, data: {'opcode': 161, 'status': 0, 'data': bytearray(b'\x00\x00')}}
2019-08-09 19:00:10,403 - INFO - tty.usbmodem0006822145041: AddrSubscriptionAdd: {'address_handle': 0}
2019-08-09 19:00:10,403 - INFO - tty.usbmodem0006822145041.MeshConfigurer: 

2019-08-09 19:00:10,403 - INFO - tty.usbmodem0006822145041.MeshConfigurer: Sending next message
2019-08-09 19:00:10,418 - DEBUG - tty.usbmodem0006822145041: Writing: 164 bytearray(b'\x10\x00')
2019-08-09 19:00:10,422 - DEBUG - tty.usbmodem0006822145041: TX: 03a41000
2019-08-09 19:00:10,428 - DEBUG - tty.usbmodem0006822145041: RX: 0584a4000100
2019-08-09 19:00:10,428 - DEBUG - tty.usbmodem0006822145041: parsed_packet {event: CmdRsp, data: {'opcode': 164, 'status': 0, 'data': bytearray(b'\x01\x00')}}
2019-08-09 19:00:10,429 - INFO - tty.usbmodem0006822145041: AddrPublicationAdd: {'address_handle': 1}
2019-08-09 19:00:10,429 - INFO - tty.usbmodem0006822145041.MeshConfigurer: 

2019-08-09 19:00:10,429 - INFO - tty.usbmodem0006822145041.MeshConfigurer: Sending next message
2019-08-09 19:00:10,442 - DEBUG - tty.usbmodem0006822145041: Writing: 164 bytearray(b'\x11\x00')
2019-08-09 19:00:10,443 - DEBUG - tty.usbmodem0006822145041: TX: 03a41100
2019-08-09 19:00:10,445 - DEBUG - tty.usbmodem0006822145041: RX: 0584a4000200
2019-08-09 19:00:10,445 - DEBUG - tty.usbmodem0006822145041: parsed_packet {event: CmdRsp, data: {'opcode': 164, 'status': 0, 'data': bytearray(b'\x02\x00')}}
2019-08-09 19:00:10,445 - INFO - tty.usbmodem0006822145041: AddrPublicationAdd: {'address_handle': 2}
2019-08-09 19:00:10,445 - INFO - tty.usbmodem0006822145041.MeshConfigurer: 

2019-08-09 19:00:10,445 - INFO - tty.usbmodem0006822145041.MeshConfigurer: Sending next message
2019-08-09 19:00:10,465 - DEBUG - tty.usbmodem0006822145041: Writing: 164 bytearray(b'\x12\x00')
2019-08-09 19:00:10,465 - DEBUG - tty.usbmodem0006822145041: TX: 03a41200
2019-08-09 19:00:10,468 - DEBUG - tty.usbmodem0006822145041: RX: 0584a4000300
2019-08-09 19:00:10,468 - DEBUG - tty.usbmodem0006822145041: parsed_packet {event: CmdRsp, data: {'opcode': 164, 'status': 0, 'data': bytearray(b'\x03\x00')}}
2019-08-09 19:00:10,468 - INFO - tty.usbmodem0006822145041: AddrPublicationAdd: {'address_handle': 3}
2019-08-09 19:00:10,468 - INFO - tty.usbmodem0006822145041.MeshConfigurer: 

2019-08-09 19:00:10,468 - INFO - tty.usbmodem0006822145041.MeshConfigurer: Sending next message
2019-08-09 19:00:10,487 - DEBUG - tty.usbmodem0006822145041: Writing: 164 bytearray(b'\x13\x00')
2019-08-09 19:00:10,487 - DEBUG - tty.usbmodem0006822145041: TX: 03a41300
2019-08-09 19:00:10,490 - DEBUG - tty.usbmodem0006822145041: RX: 0584a4000400
2019-08-09 19:00:10,491 - DEBUG - tty.usbmodem0006822145041: parsed_packet {event: CmdRsp, data: {'opcode': 164, 'status': 0, 'data': bytearray(b'\x04\x00')}}
2019-08-09 19:00:10,491 - INFO - tty.usbmodem0006822145041: AddrPublicationAdd: {'address_handle': 4}
2019-08-09 19:00:10,493 - INFO - tty.usbmodem0006822145041.MeshConfigurer: 

2019-08-09 19:00:10,494 - INFO - tty.usbmodem0006822145041.MeshConfigurer: Sending next message
2019-08-09 19:00:10,509 - DEBUG - tty.usbmodem0006822145041: Writing: 164 bytearray(b'\x14\x00')
2019-08-09 19:00:10,509 - DEBUG - tty.usbmodem0006822145041: TX: 03a41400
2019-08-09 19:00:10,512 - DEBUG - tty.usbmodem0006822145041: RX: 0584a4000500
2019-08-09 19:00:10,512 - DEBUG - tty.usbmodem0006822145041: parsed_packet {event: CmdRsp, data: {'opcode': 164, 'status': 0, 'data': bytearray(b'\x05\x00')}}
2019-08-09 19:00:10,512 - INFO - tty.usbmodem0006822145041: AddrPublicationAdd: {'address_handle': 5}
2019-08-09 19:00:10,512 - INFO - tty.usbmodem0006822145041.MeshConfigurer: 

2019-08-09 19:00:10,512 - INFO - tty.usbmodem0006822145041.MeshConfigurer: Sending next message
2019-08-09 19:00:10,533 - DEBUG - tty.usbmodem0006822145041: Writing: 164 bytearray(b'\x15\x00')
2019-08-09 19:00:10,533 - DEBUG - tty.usbmodem0006822145041: TX: 03a41500
2019-08-09 19:00:10,536 - DEBUG - tty.usbmodem0006822145041: RX: 0584a4000600
2019-08-09 19:00:10,536 - DEBUG - tty.usbmodem0006822145041: parsed_packet {event: CmdRsp, data: {'opcode': 164, 'status': 0, 'data': bytearray(b'\x06\x00')}}
2019-08-09 19:00:10,536 - INFO - tty.usbmodem0006822145041: AddrPublicationAdd: {'address_handle': 6}
2019-08-09 19:00:10,536 - INFO - tty.usbmodem0006822145041.MeshConfigurer: 

2019-08-09 19:00:10,536 - INFO - tty.usbmodem0006822145041.MeshConfigurer: Sending next message
2019-08-09 19:00:10,558 - DEBUG - tty.usbmodem0006822145041: Writing: 164 bytearray(b'\x16\x00')
2019-08-09 19:00:10,558 - DEBUG - tty.usbmodem0006822145041: TX: 03a41600
2019-08-09 19:00:10,561 - DEBUG - tty.usbmodem0006822145041: RX: 0584a4000700
2019-08-09 19:00:10,561 - DEBUG - tty.usbmodem0006822145041: parsed_packet {event: CmdRsp, data: {'opcode': 164, 'status': 0, 'data': bytearray(b'\x07\x00')}}
2019-08-09 19:00:10,561 - INFO - tty.usbmodem0006822145041: AddrPublicationAdd: {'address_handle': 7}
2019-08-09 19:00:10,562 - INFO - tty.usbmodem0006822145041.MeshConfigurer: 

2019-08-09 19:00:10,562 - INFO - tty.usbmodem0006822145041.MeshConfigurer: Sending next message
2019-08-09 19:00:10,583 - DEBUG - tty.usbmodem0006822145041: Writing: 164 bytearray(b'\x17\x00')
2019-08-09 19:00:10,583 - DEBUG - tty.usbmodem0006822145041: TX: 03a41700
2019-08-09 19:00:10,586 - DEBUG - tty.usbmodem0006822145041: RX: 0584a4000800
2019-08-09 19:00:10,586 - DEBUG - tty.usbmodem0006822145041: parsed_packet {event: CmdRsp, data: {'opcode': 164, 'status': 0, 'data': bytearray(b'\x08\x00')}}
2019-08-09 19:00:10,586 - INFO - tty.usbmodem0006822145041: AddrPublicationAdd: {'address_handle': 8}
2019-08-09 19:00:10,586 - INFO - tty.usbmodem0006822145041.MeshConfigurer: 

2019-08-09 19:00:10,587 - INFO - tty.usbmodem0006822145041.MeshConfigurer: Sending next message
2019-08-09 19:00:10,608 - DEBUG - tty.usbmodem0006822145041: Writing: 164 bytearray(b'\x18\x00')
2019-08-09 19:00:10,608 - DEBUG - tty.usbmodem0006822145041: TX: 03a41800
2019-08-09 19:00:10,611 - DEBUG - tty.usbmodem0006822145041: RX: 0584a4000900
2019-08-09 19:00:10,611 - DEBUG - tty.usbmodem0006822145041: parsed_packet {event: CmdRsp, data: {'opcode': 164, 'status': 0, 'data': bytearray(b'\t\x00')}}
2019-08-09 19:00:10,611 - INFO - tty.usbmodem0006822145041: AddrPublicationAdd: {'address_handle': 9}
2019-08-09 19:00:10,612 - INFO - tty.usbmodem0006822145041.MeshConfigurer: 

2019-08-09 19:00:10,612 - INFO - tty.usbmodem0006822145041.MeshConfigurer: Sending next message
2019-08-09 19:00:10,630 - DEBUG - tty.usbmodem0006822145041: Writing: 164 bytearray(b'\x19\x00')
2019-08-09 19:00:10,630 - DEBUG - tty.usbmodem0006822145041: TX: 03a41900
2019-08-09 19:00:10,633 - DEBUG - tty.usbmodem0006822145041: RX: 0584a4000a00
2019-08-09 19:00:10,633 - DEBUG - tty.usbmodem0006822145041: parsed_packet {event: CmdRsp, data: {'opcode': 164, 'status': 0, 'data': bytearray(b'\n\x00')}}
2019-08-09 19:00:10,633 - INFO - tty.usbmodem0006822145041: AddrPublicationAdd: {'address_handle': 10}
2019-08-09 19:00:10,633 - INFO - tty.usbmodem0006822145041.MeshConfigurer: 

2019-08-09 19:00:10,633 - INFO - tty.usbmodem0006822145041.MeshConfigurer: Sending next message
2019-08-09 19:00:10,654 - DEBUG - tty.usbmodem0006822145041: Writing: 164 bytearray(b'\x1a\x00')
2019-08-09 19:00:10,654 - DEBUG - tty.usbmodem0006822145041: TX: 03a41a00
2019-08-09 19:00:10,657 - DEBUG - tty.usbmodem0006822145041: RX: 0584a4000b00
2019-08-09 19:00:10,657 - DEBUG - tty.usbmodem0006822145041: parsed_packet {event: CmdRsp, data: {'opcode': 164, 'status': 0, 'data': bytearray(b'\x0b\x00')}}
2019-08-09 19:00:10,657 - INFO - tty.usbmodem0006822145041: AddrPublicationAdd: {'address_handle': 11}
2019-08-09 19:00:10,657 - INFO - tty.usbmodem0006822145041.MeshConfigurer: 

2019-08-09 19:00:10,658 - INFO - tty.usbmodem0006822145041.MeshConfigurer: Sending next message
2019-08-09 19:00:10,677 - DEBUG - tty.usbmodem0006822145041: Writing: 164 bytearray(b'\x1b\x00')
2019-08-09 19:00:10,677 - DEBUG - tty.usbmodem0006822145041: TX: 03a41b00
2019-08-09 19:00:10,680 - DEBUG - tty.usbmodem0006822145041: RX: 0584a4000c00
2019-08-09 19:00:10,680 - DEBUG - tty.usbmodem0006822145041: parsed_packet {event: CmdRsp, data: {'opcode': 164, 'status': 0, 'data': bytearray(b'\x0c\x00')}}
2019-08-09 19:00:10,680 - INFO - tty.usbmodem0006822145041: AddrPublicationAdd: {'address_handle': 12}
2019-08-09 19:00:10,680 - INFO - tty.usbmodem0006822145041.MeshConfigurer: 

2019-08-09 19:00:10,680 - INFO - tty.usbmodem0006822145041.MeshConfigurer: Sending next message
2019-08-09 19:00:10,698 - DEBUG - tty.usbmodem0006822145041: Writing: 164 bytearray(b'\x1c\x00')
2019-08-09 19:00:10,698 - DEBUG - tty.usbmodem0006822145041: TX: 03a41c00
2019-08-09 19:00:10,701 - DEBUG - tty.usbmodem0006822145041: RX: 0584a4000d00
2019-08-09 19:00:10,701 - DEBUG - tty.usbmodem0006822145041: parsed_packet {event: CmdRsp, data: {'opcode': 164, 'status': 0, 'data': bytearray(b'\r\x00')}}
2019-08-09 19:00:10,701 - INFO - tty.usbmodem0006822145041: AddrPublicationAdd: {'address_handle': 13}
2019-08-09 19:00:10,701 - INFO - tty.usbmodem0006822145041.MeshConfigurer: 

2019-08-09 19:00:10,701 - INFO - tty.usbmodem0006822145041.MeshConfigurer: Sending next message
2019-08-09 19:00:10,723 - DEBUG - tty.usbmodem0006822145041: Writing: 164 bytearray(b'\x1d\x00')
2019-08-09 19:00:10,724 - DEBUG - tty.usbmodem0006822145041: TX: 03a41d00
2019-08-09 19:00:10,727 - DEBUG - tty.usbmodem0006822145041: RX: 0584a4000e00
2019-08-09 19:00:10,728 - DEBUG - tty.usbmodem0006822145041: parsed_packet {event: CmdRsp, data: {'opcode': 164, 'status': 0, 'data': bytearray(b'\x0e\x00')}}
2019-08-09 19:00:10,728 - INFO - tty.usbmodem0006822145041: AddrPublicationAdd: {'address_handle': 14}
2019-08-09 19:00:10,728 - INFO - tty.usbmodem0006822145041.MeshConfigurer: 

2019-08-09 19:00:10,729 - INFO - tty.usbmodem0006822145041.MeshConfigurer: Sending next message
2019-08-09 19:00:10,749 - DEBUG - tty.usbmodem0006822145041: Writing: 156 bytearray(b'\x10\x00\x00\x00\xaf\xd7\x1eg\xf6iNh\xc2p]\x99\x17\xe2\xf4F')
2019-08-09 19:00:10,749 - DEBUG - tty.usbmodem0006822145041: TX: 159c10000000afd71e67f6694e68c2705d9917e2f446
2019-08-09 19:00:10,753 - DEBUG - tty.usbmodem0006822145041: RX: 03849c8e
2019-08-09 19:00:10,753 - DEBUG - tty.usbmodem0006822145041: parsed_packet {event: CmdRsp, data: {'opcode': 156, 'status': 142, 'data': bytearray(b'')}}
2019-08-09 19:00:10,753 - ERROR - tty.usbmodem0006822145041: DevkeyAdd: ERROR_REJECTED
2019-08-09 19:00:14,730 - INFO - tty.usbmodem0006822145041.MeshConfigurer: Timout handler timeout
2019-08-09 19:01:19,474 - DEBUG - tty.usbmodem0006822145041: exited read event
