2019-07-22 15:29:39,667 - DEBUG - tty.usbmodem0006822145041: RX: 04810200fe
2019-07-22 15:29:39,669 - DEBUG - tty.usbmodem0006822145041: parsed_packet {event: DeviceStarted, data: {'operating_mode': 2, 'hw_error': 0, 'data_credit_available': 254}}
2019-07-22 15:29:39,669 - INFO - tty.usbmodem0006822145041: Device rebooted.
2019-07-22 15:29:43,305 - DEBUG - tty.usbmodem0006822145041: Writing: 105 bytearray(b'\x8a\xba\x9b\xe8]\xe2\x19\x87\xee\x1e\xdc.aCW0\xc4{\xa0\xfe\xc3\xb4R\xc3\xeb\xa1XuL\x8c\x0f\xda.q\x81oq)G6@b\xd1\xeb\x16\x81\x03\xb7\x0e\xeb\xd1\xde\xf2\xfe\xff\x18\x05\x18\xd6\xd29\x9e@\xdd\x15\x96\xa69?\xf1\xe5\xba q\x88\xf5\xa7\x87\xd2=\xb8\x86v]\x1a\x03O \x17\x04~\xf8\xda\x1b\t\xe4')
2019-07-22 15:29:43,309 - DEBUG - tty.usbmodem0006822145041: TX: 61698aba9be85de21987ee1edc2e61435730c47ba0fec3b452c3eba158754c8c0fda2e71816f712947364062d1eb168103b70eebd1def2feff180518d6d2399e40dd1596a6393ff1e5ba207188f5a787d23db886765d1a034f2017047ef8da1b09e4
2019-07-22 15:29:43,310 - DEBUG - tty.usbmodem0006822145041: Writing: 159 bytearray(b'\x01\x00\x01\x00')
2019-07-22 15:29:43,310 - DEBUG - tty.usbmodem0006822145041: TX: 059f01000100
2019-07-22 15:29:43,319 - DEBUG - tty.usbmodem0006822145041: RX: 03845384
2019-07-22 15:29:43,319 - DEBUG - tty.usbmodem0006822145041: parsed_packet {event: CmdRsp, data: {'opcode': 83, 'status': 132, 'data': bytearray(b'')}}
2019-07-22 15:29:43,320 - ERROR - tty.usbmodem0006822145041: None: ERROR_INVALID_LENGTH
2019-07-22 15:29:43,320 - DEBUG - tty.usbmodem0006822145041: Writing: 146 bytearray(b'\x00\x00\x18\xee\xd9\xc2\xa5j\xdd\x85\x04\x9f\xfc<Y\xad\x0e\x12')
2019-07-22 15:29:43,320 - DEBUG - tty.usbmodem0006822145041: TX: 1392000018eed9c2a56add85049ffc3c59ad0e12
2019-07-22 15:29:43,320 - DEBUG - tty.usbmodem0006822145041: RX: 03840084
2019-07-22 15:29:43,321 - DEBUG - tty.usbmodem0006822145041: parsed_packet {event: CmdRsp, data: {'opcode': 0, 'status': 132, 'data': bytearray(b'')}}
2019-07-22 15:29:43,321 - ERROR - tty.usbmodem0006822145041: None: ERROR_INVALID_LENGTH
2019-07-22 15:29:43,321 - DEBUG - tty.usbmodem0006822145041: Writing: 151 bytearray(b'\x00\x00\x00\x00Oh\xad\x85\xd9\xf4\x8a\xc8X\x9d\xf6e\xb6\xb4\x9b\x8a')
2019-07-22 15:29:43,321 - DEBUG - tty.usbmodem0006822145041: TX: 1597000000004f68ad85d9f48ac8589df665b6b49b8a
2019-07-22 15:29:43,321 - DEBUG - tty.usbmodem0006822145041: RX: 03840084
2019-07-22 15:29:43,322 - DEBUG - tty.usbmodem0006822145041: parsed_packet {event: CmdRsp, data: {'opcode': 0, 'status': 132, 'data': bytearray(b'')}}
2019-07-22 15:29:43,322 - ERROR - tty.usbmodem0006822145041: None: ERROR_INVALID_LENGTH
2019-07-22 15:29:43,322 - DEBUG - tty.usbmodem0006822145041: Writing: 151 bytearray(b'\x01\x00\x00\x00*\xa2\xa6\xde\xd5\xa0y\x8c\xea\xb5x|\xa3\xae9\xfc')
2019-07-22 15:29:43,323 - DEBUG - tty.usbmodem0006822145041: TX: 1597010000002aa2a6ded5a0798ceab5787ca3ae39fc
2019-07-22 15:29:43,323 - DEBUG - tty.usbmodem0006822145041: RX: 03840084
2019-07-22 15:29:43,324 - DEBUG - tty.usbmodem0006822145041: parsed_packet {event: CmdRsp, data: {'opcode': 0, 'status': 132, 'data': bytearray(b'')}}
2019-07-22 15:29:43,324 - ERROR - tty.usbmodem0006822145041: None: ERROR_INVALID_LENGTH
2019-07-22 15:29:43,324 - DEBUG - tty.usbmodem0006822145041: Writing: 14 bytearray(b'')
2019-07-22 15:29:43,324 - DEBUG - tty.usbmodem0006822145041: TX: 010e
2019-07-22 15:29:43,325 - DEBUG - tty.usbmodem0006822145041: RX: 03840084
2019-07-22 15:29:43,325 - DEBUG - tty.usbmodem0006822145041: parsed_packet {event: CmdRsp, data: {'opcode': 0, 'status': 132, 'data': bytearray(b'')}}
2019-07-22 15:29:43,325 - ERROR - tty.usbmodem0006822145041: None: ERROR_INVALID_LENGTH
2019-07-22 15:29:43,326 - DEBUG - tty.usbmodem0006822145041: RX: 03840084
2019-07-22 15:29:43,336 - DEBUG - tty.usbmodem0006822145041: parsed_packet {event: CmdRsp, data: {'opcode': 0, 'status': 132, 'data': bytearray(b'')}}
2019-07-22 15:29:43,336 - ERROR - tty.usbmodem0006822145041: None: ERROR_INVALID_LENGTH
2019-07-22 15:29:43,337 - DEBUG - tty.usbmodem0006822145041: RX: 03840084
2019-07-22 15:29:43,337 - DEBUG - tty.usbmodem0006822145041: parsed_packet {event: CmdRsp, data: {'opcode': 0, 'status': 132, 'data': bytearray(b'')}}
2019-07-22 15:29:43,337 - ERROR - tty.usbmodem0006822145041: None: ERROR_INVALID_LENGTH
2019-07-22 15:29:43,338 - DEBUG - tty.usbmodem0006822145041: RX: 03840084
2019-07-22 15:29:43,338 - DEBUG - tty.usbmodem0006822145041: parsed_packet {event: CmdRsp, data: {'opcode': 0, 'status': 132, 'data': bytearray(b'')}}
2019-07-22 15:29:43,338 - ERROR - tty.usbmodem0006822145041: None: ERROR_INVALID_LENGTH
2019-07-22 15:29:43,338 - DEBUG - tty.usbmodem0006822145041: RX: 03840084
2019-07-22 15:29:43,338 - DEBUG - tty.usbmodem0006822145041: parsed_packet {event: CmdRsp, data: {'opcode': 0, 'status': 132, 'data': bytearray(b'')}}
2019-07-22 15:29:43,339 - ERROR - tty.usbmodem0006822145041: None: ERROR_INVALID_LENGTH
2019-07-22 15:29:43,339 - DEBUG - tty.usbmodem0006822145041: RX: 03840084
2019-07-22 15:29:43,339 - DEBUG - tty.usbmodem0006822145041: parsed_packet {event: CmdRsp, data: {'opcode': 0, 'status': 132, 'data': bytearray(b'')}}
2019-07-22 15:29:43,339 - ERROR - tty.usbmodem0006822145041: None: ERROR_INVALID_LENGTH
2019-07-22 15:29:43,340 - DEBUG - tty.usbmodem0006822145041: RX: 03840084
2019-07-22 15:29:43,340 - DEBUG - tty.usbmodem0006822145041: parsed_packet {event: CmdRsp, data: {'opcode': 0, 'status': 132, 'data': bytearray(b'')}}
2019-07-22 15:29:43,340 - ERROR - tty.usbmodem0006822145041: None: ERROR_INVALID_LENGTH
2019-07-22 15:29:43,340 - DEBUG - tty.usbmodem0006822145041: RX: 03840084
2019-07-22 15:29:43,340 - DEBUG - tty.usbmodem0006822145041: parsed_packet {event: CmdRsp, data: {'opcode': 0, 'status': 132, 'data': bytearray(b'')}}
2019-07-22 15:29:43,340 - ERROR - tty.usbmodem0006822145041: None: ERROR_INVALID_LENGTH
2019-07-22 15:29:43,341 - DEBUG - tty.usbmodem0006822145041: RX: 03840084
2019-07-22 15:29:43,341 - DEBUG - tty.usbmodem0006822145041: parsed_packet {event: CmdRsp, data: {'opcode': 0, 'status': 132, 'data': bytearray(b'')}}
2019-07-22 15:29:43,341 - ERROR - tty.usbmodem0006822145041: None: ERROR_INVALID_LENGTH
2019-07-22 15:29:43,350 - DEBUG - tty.usbmodem0006822145041: RX: 03849f00
2019-07-22 15:29:43,351 - DEBUG - tty.usbmodem0006822145041: parsed_packet {event: CmdRsp, data: {'opcode': 159, 'status': 0, 'data': bytearray(b'')}}
2019-07-22 15:29:43,352 - INFO - tty.usbmodem0006822145041: Success
2019-07-22 15:29:43,352 - DEBUG - tty.usbmodem0006822145041: RX: 058492000000
2019-07-22 15:29:43,352 - DEBUG - tty.usbmodem0006822145041: parsed_packet {event: CmdRsp, data: {'opcode': 146, 'status': 0, 'data': bytearray(b'\x00\x00')}}
2019-07-22 15:29:43,353 - INFO - tty.usbmodem0006822145041: SubnetAdd: {'subnet_handle': 0}
2019-07-22 15:29:43,353 - DEBUG - tty.usbmodem0006822145041: RX: 058497000000
2019-07-22 15:29:43,353 - DEBUG - tty.usbmodem0006822145041: parsed_packet {event: CmdRsp, data: {'opcode': 151, 'status': 0, 'data': bytearray(b'\x00\x00')}}
2019-07-22 15:29:43,353 - INFO - tty.usbmodem0006822145041: AppkeyAdd: {'appkey_handle': 0}
2019-07-22 15:29:46,284 - DEBUG - tty.usbmodem0006822145041: Writing: 97 bytearray(b'')
2019-07-22 15:29:46,290 - DEBUG - tty.usbmodem0006822145041: TX: 0161
2019-07-22 15:29:59,819 - DEBUG - tty.usbmodem0006822145041: exited read event
