2019-07-22 19:08:37,212 - DEBUG - tty.usbmodem0006822145041: Writing: 14 bytearray(b'')
2019-07-22 19:08:37,216 - DEBUG - tty.usbmodem0006822145041: TX: 010e
2019-07-22 19:08:37,634 - DEBUG - tty.usbmodem0006822145041: RX: 04810200fe
2019-07-22 19:08:37,635 - DEBUG - tty.usbmodem0006822145041: parsed_packet {event: DeviceStarted, data: {'operating_mode': 2, 'hw_error': 0, 'data_credit_available': 254}}
2019-07-22 19:08:37,635 - INFO - tty.usbmodem0006822145041: Device rebooted.
2019-07-22 19:08:37,744 - DEBUG - tty.usbmodem0006822145041: Writing: 105 bytearray(b"1._\xc5Z\xa23\xf53\x91\x06\x7f\x845\x16\xe1\x12\xe9\x19.\x1a<\xfd\xad\x7f\xe3\xdf\xb1\xfc8W5  m\x010\xbcr\xf8\xa7\xa5.l&\xcbg[e\x83GN\xb9\x02\xcdh:\x1b\x11\xd9\x86\xfbc/4\x0f^y\xf5\xael\x11+\xad\xf7\x04k\xc9`\x96\xf8\x18\r\x019z0}\xe9E\xdb6\xca\xb4@\'")
2019-07-22 19:08:37,747 - DEBUG - tty.usbmodem0006822145041: TX: 6169312e5fc55aa233f53391067f843516e112e9192e1a3cfdad7fe3dfb1fc38573520206d0130bc72f8a7a52e6c26cb675b6583474eb902cd683a1b11d986fb632f340f5e79f5ae6c112badf7046bc96096f8180d01397a307de945db36cab44027
2019-07-22 19:08:37,769 - INFO - tty.usbmodem0006822145041: 

2019-07-22 19:08:37,769 - INFO - tty.usbmodem0006822145041: Sending next message
2019-07-22 19:08:37,769 - DEBUG - tty.usbmodem0006822145041: RX: 03845384
2019-07-22 19:08:37,769 - DEBUG - tty.usbmodem0006822145041: parsed_packet {event: CmdRsp, data: {'opcode': 83, 'status': 132, 'data': bytearray(b'')}}
2019-07-22 19:08:37,770 - ERROR - tty.usbmodem0006822145041: None: ERROR_INVALID_LENGTH
2019-07-22 19:08:37,770 - DEBUG - tty.usbmodem0006822145041: Writing: 159 bytearray(b'\x01\x00\x01\x00')
2019-07-22 19:08:37,770 - DEBUG - tty.usbmodem0006822145041: TX: 059f01000100
2019-07-22 19:08:37,770 - DEBUG - tty.usbmodem0006822145041: RX: 03840084
2019-07-22 19:08:37,771 - DEBUG - tty.usbmodem0006822145041: parsed_packet {event: CmdRsp, data: {'opcode': 0, 'status': 132, 'data': bytearray(b'')}}
2019-07-22 19:08:37,771 - ERROR - tty.usbmodem0006822145041: None: ERROR_INVALID_LENGTH
2019-07-22 19:08:37,771 - DEBUG - tty.usbmodem0006822145041: Writing: 146 bytearray(b'\x00\x00\x18\xee\xd9\xc2\xa5j\xdd\x85\x04\x9f\xfc<Y\xad\x0e\x12')
2019-07-22 19:08:37,772 - DEBUG - tty.usbmodem0006822145041: TX: 1392000018eed9c2a56add85049ffc3c59ad0e12
2019-07-22 19:08:37,773 - DEBUG - tty.usbmodem0006822145041: RX: 03840084
2019-07-22 19:08:37,774 - DEBUG - tty.usbmodem0006822145041: parsed_packet {event: CmdRsp, data: {'opcode': 0, 'status': 132, 'data': bytearray(b'')}}
2019-07-22 19:08:37,774 - ERROR - tty.usbmodem0006822145041: None: ERROR_INVALID_LENGTH
2019-07-22 19:08:37,774 - DEBUG - tty.usbmodem0006822145041: Writing: 151 bytearray(b'\x00\x00\x00\x00Oh\xad\x85\xd9\xf4\x8a\xc8X\x9d\xf6e\xb6\xb4\x9b\x8a')
2019-07-22 19:08:37,775 - DEBUG - tty.usbmodem0006822145041: TX: 1597000000004f68ad85d9f48ac8589df665b6b49b8a
2019-07-22 19:08:37,775 - DEBUG - tty.usbmodem0006822145041: RX: 03840084
2019-07-22 19:08:37,775 - DEBUG - tty.usbmodem0006822145041: parsed_packet {event: CmdRsp, data: {'opcode': 0, 'status': 132, 'data': bytearray(b'')}}
2019-07-22 19:08:37,775 - ERROR - tty.usbmodem0006822145041: None: ERROR_INVALID_LENGTH
2019-07-22 19:08:37,775 - DEBUG - tty.usbmodem0006822145041: Writing: 151 bytearray(b'\x01\x00\x00\x00*\xa2\xa6\xde\xd5\xa0y\x8c\xea\xb5x|\xa3\xae9\xfc')
2019-07-22 19:08:37,776 - DEBUG - tty.usbmodem0006822145041: RX: 03840084
2019-07-22 19:08:37,784 - DEBUG - tty.usbmodem0006822145041: TX: 1597010000002aa2a6ded5a0798ceab5787ca3ae39fc
2019-07-22 19:08:37,785 - DEBUG - tty.usbmodem0006822145041: parsed_packet {event: CmdRsp, data: {'opcode': 0, 'status': 132, 'data': bytearray(b'')}}
2019-07-22 19:08:37,786 - ERROR - tty.usbmodem0006822145041: None: ERROR_INVALID_LENGTH
2019-07-22 19:08:37,786 - DEBUG - tty.usbmodem0006822145041: Writing: 164 bytearray(b'\x10\x00')
2019-07-22 19:08:37,786 - DEBUG - tty.usbmodem0006822145041: TX: 03a41000
2019-07-22 19:08:37,786 - DEBUG - tty.usbmodem0006822145041: RX: 03840084
2019-07-22 19:08:37,787 - DEBUG - tty.usbmodem0006822145041: parsed_packet {event: CmdRsp, data: {'opcode': 0, 'status': 132, 'data': bytearray(b'')}}
2019-07-22 19:08:37,787 - ERROR - tty.usbmodem0006822145041: None: ERROR_INVALID_LENGTH
2019-07-22 19:08:37,787 - DEBUG - tty.usbmodem0006822145041: RX: 03840084
2019-07-22 19:08:37,787 - DEBUG - tty.usbmodem0006822145041: parsed_packet {event: CmdRsp, data: {'opcode': 0, 'status': 132, 'data': bytearray(b'')}}
2019-07-22 19:08:37,788 - ERROR - tty.usbmodem0006822145041: None: ERROR_INVALID_LENGTH
2019-07-22 19:08:37,788 - DEBUG - tty.usbmodem0006822145041: RX: 03840084
2019-07-22 19:08:37,788 - DEBUG - tty.usbmodem0006822145041: parsed_packet {event: CmdRsp, data: {'opcode': 0, 'status': 132, 'data': bytearray(b'')}}
2019-07-22 19:08:37,788 - ERROR - tty.usbmodem0006822145041: None: ERROR_INVALID_LENGTH
2019-07-22 19:08:37,789 - DEBUG - tty.usbmodem0006822145041: RX: 03840084
2019-07-22 19:08:37,789 - DEBUG - tty.usbmodem0006822145041: parsed_packet {event: CmdRsp, data: {'opcode': 0, 'status': 132, 'data': bytearray(b'')}}
2019-07-22 19:08:37,789 - ERROR - tty.usbmodem0006822145041: None: ERROR_INVALID_LENGTH
2019-07-22 19:08:37,789 - DEBUG - tty.usbmodem0006822145041: RX: 03840084
2019-07-22 19:08:37,789 - DEBUG - tty.usbmodem0006822145041: parsed_packet {event: CmdRsp, data: {'opcode': 0, 'status': 132, 'data': bytearray(b'')}}
2019-07-22 19:08:37,789 - ERROR - tty.usbmodem0006822145041: None: ERROR_INVALID_LENGTH
2019-07-22 19:08:37,789 - DEBUG - tty.usbmodem0006822145041: RX: 03840084
2019-07-22 19:08:37,800 - DEBUG - tty.usbmodem0006822145041: parsed_packet {event: CmdRsp, data: {'opcode': 0, 'status': 132, 'data': bytearray(b'')}}
2019-07-22 19:08:37,801 - ERROR - tty.usbmodem0006822145041: None: ERROR_INVALID_LENGTH
2019-07-22 19:08:37,801 - DEBUG - tty.usbmodem0006822145041: RX: 03840084
2019-07-22 19:08:37,801 - DEBUG - tty.usbmodem0006822145041: parsed_packet {event: CmdRsp, data: {'opcode': 0, 'status': 132, 'data': bytearray(b'')}}
2019-07-22 19:08:37,801 - ERROR - tty.usbmodem0006822145041: None: ERROR_INVALID_LENGTH
2019-07-22 19:08:37,802 - DEBUG - tty.usbmodem0006822145041: RX: 03840084
2019-07-22 19:08:37,802 - DEBUG - tty.usbmodem0006822145041: parsed_packet {event: CmdRsp, data: {'opcode': 0, 'status': 132, 'data': bytearray(b'')}}
2019-07-22 19:08:37,802 - ERROR - tty.usbmodem0006822145041: None: ERROR_INVALID_LENGTH
2019-07-22 19:08:37,802 - DEBUG - tty.usbmodem0006822145041: RX: 03849f00
2019-07-22 19:08:37,802 - DEBUG - tty.usbmodem0006822145041: parsed_packet {event: CmdRsp, data: {'opcode': 159, 'status': 0, 'data': bytearray(b'')}}
2019-07-22 19:08:37,802 - INFO - tty.usbmodem0006822145041: Success
2019-07-22 19:08:37,802 - DEBUG - tty.usbmodem0006822145041: RX: 058492000000
2019-07-22 19:08:37,803 - DEBUG - tty.usbmodem0006822145041: parsed_packet {event: CmdRsp, data: {'opcode': 146, 'status': 0, 'data': bytearray(b'\x00\x00')}}
2019-07-22 19:08:37,803 - INFO - tty.usbmodem0006822145041: SubnetAdd: {'subnet_handle': 0}
2019-07-22 19:08:37,803 - DEBUG - tty.usbmodem0006822145041: RX: 058497000000
2019-07-22 19:08:37,803 - DEBUG - tty.usbmodem0006822145041: parsed_packet {event: CmdRsp, data: {'opcode': 151, 'status': 0, 'data': bytearray(b'\x00\x00')}}
2019-07-22 19:08:37,804 - INFO - tty.usbmodem0006822145041: AppkeyAdd: {'appkey_handle': 0}
2019-07-22 19:08:37,804 - DEBUG - tty.usbmodem0006822145041: RX: 058497000100
2019-07-22 19:08:37,804 - DEBUG - tty.usbmodem0006822145041: parsed_packet {event: CmdRsp, data: {'opcode': 151, 'status': 0, 'data': bytearray(b'\x01\x00')}}
2019-07-22 19:08:37,804 - INFO - tty.usbmodem0006822145041: AppkeyAdd: {'appkey_handle': 1}
2019-07-22 19:08:37,805 - DEBUG - tty.usbmodem0006822145041: RX: 0584a4000000
2019-07-22 19:08:37,805 - DEBUG - tty.usbmodem0006822145041: parsed_packet {event: CmdRsp, data: {'opcode': 164, 'status': 0, 'data': bytearray(b'\x00\x00')}}
2019-07-22 19:08:37,806 - INFO - tty.usbmodem0006822145041: AddrPublicationAdd: {'address_handle': 0}
2019-07-22 19:08:37,818 - INFO - tty.usbmodem0006822145041: 

2019-07-22 19:08:37,818 - INFO - tty.usbmodem0006822145041: Sending next message
2019-07-22 19:08:37,819 - DEBUG - tty.usbmodem0006822145041: Writing: 161 bytearray(b'\x01\xc0')
2019-07-22 19:08:37,819 - DEBUG - tty.usbmodem0006822145041: TX: 03a101c0
2019-07-22 19:08:37,821 - DEBUG - tty.usbmodem0006822145041: RX: 0584a1000100
2019-07-22 19:08:37,822 - DEBUG - tty.usbmodem0006822145041: parsed_packet {event: CmdRsp, data: {'opcode': 161, 'status': 0, 'data': bytearray(b'\x01\x00')}}
2019-07-22 19:08:37,822 - INFO - tty.usbmodem0006822145041: AddrSubscriptionAdd: {'address_handle': 1}
2019-07-22 19:08:37,835 - INFO - tty.usbmodem0006822145041: 

2019-07-22 19:08:37,835 - INFO - tty.usbmodem0006822145041: Sending next message
2019-07-22 19:08:37,835 - DEBUG - tty.usbmodem0006822145041: Writing: 164 bytearray(b'\x11\x00')
2019-07-22 19:08:37,836 - DEBUG - tty.usbmodem0006822145041: TX: 03a41100
2019-07-22 19:08:37,837 - DEBUG - tty.usbmodem0006822145041: RX: 0584a4000200
2019-07-22 19:08:37,838 - DEBUG - tty.usbmodem0006822145041: parsed_packet {event: CmdRsp, data: {'opcode': 164, 'status': 0, 'data': bytearray(b'\x02\x00')}}
2019-07-22 19:08:37,838 - INFO - tty.usbmodem0006822145041: AddrPublicationAdd: {'address_handle': 2}
2019-07-22 19:08:37,853 - INFO - tty.usbmodem0006822145041: 

2019-07-22 19:08:37,853 - INFO - tty.usbmodem0006822145041: Sending next message
2019-07-22 19:08:37,854 - DEBUG - tty.usbmodem0006822145041: Writing: 164 bytearray(b'\x12\x00')
2019-07-22 19:08:37,854 - DEBUG - tty.usbmodem0006822145041: TX: 03a41200
2019-07-22 19:08:37,856 - DEBUG - tty.usbmodem0006822145041: RX: 0584a4000300
2019-07-22 19:08:37,856 - DEBUG - tty.usbmodem0006822145041: parsed_packet {event: CmdRsp, data: {'opcode': 164, 'status': 0, 'data': bytearray(b'\x03\x00')}}
2019-07-22 19:08:37,856 - INFO - tty.usbmodem0006822145041: AddrPublicationAdd: {'address_handle': 3}
2019-07-22 19:08:37,868 - INFO - tty.usbmodem0006822145041: 

2019-07-22 19:08:37,868 - INFO - tty.usbmodem0006822145041: Sending next message
2019-07-22 19:08:37,869 - DEBUG - tty.usbmodem0006822145041: Writing: 164 bytearray(b'\x13\x00')
2019-07-22 19:08:37,869 - DEBUG - tty.usbmodem0006822145041: TX: 03a41300
2019-07-22 19:08:37,870 - DEBUG - tty.usbmodem0006822145041: RX: 0584a4000400
2019-07-22 19:08:37,871 - DEBUG - tty.usbmodem0006822145041: parsed_packet {event: CmdRsp, data: {'opcode': 164, 'status': 0, 'data': bytearray(b'\x04\x00')}}
2019-07-22 19:08:37,871 - INFO - tty.usbmodem0006822145041: AddrPublicationAdd: {'address_handle': 4}
2019-07-22 19:08:37,884 - INFO - tty.usbmodem0006822145041: 

2019-07-22 19:08:37,884 - INFO - tty.usbmodem0006822145041: Sending next message
2019-07-22 19:08:37,884 - DEBUG - tty.usbmodem0006822145041: Writing: 164 bytearray(b'\x14\x00')
2019-07-22 19:08:37,885 - DEBUG - tty.usbmodem0006822145041: TX: 03a41400
2019-07-22 19:08:37,886 - DEBUG - tty.usbmodem0006822145041: RX: 0584a4000500
2019-07-22 19:08:37,887 - DEBUG - tty.usbmodem0006822145041: parsed_packet {event: CmdRsp, data: {'opcode': 164, 'status': 0, 'data': bytearray(b'\x05\x00')}}
2019-07-22 19:08:37,887 - INFO - tty.usbmodem0006822145041: AddrPublicationAdd: {'address_handle': 5}
2019-07-22 19:08:37,900 - INFO - tty.usbmodem0006822145041: 

2019-07-22 19:08:37,900 - INFO - tty.usbmodem0006822145041: Sending next message
2019-07-22 19:08:37,900 - DEBUG - tty.usbmodem0006822145041: Writing: 164 bytearray(b'\x15\x00')
2019-07-22 19:08:37,901 - DEBUG - tty.usbmodem0006822145041: TX: 03a41500
2019-07-22 19:08:37,902 - DEBUG - tty.usbmodem0006822145041: RX: 0584a4000600
2019-07-22 19:08:37,903 - DEBUG - tty.usbmodem0006822145041: parsed_packet {event: CmdRsp, data: {'opcode': 164, 'status': 0, 'data': bytearray(b'\x06\x00')}}
2019-07-22 19:08:37,903 - INFO - tty.usbmodem0006822145041: AddrPublicationAdd: {'address_handle': 6}
2019-07-22 19:08:37,916 - INFO - tty.usbmodem0006822145041: 

2019-07-22 19:08:37,916 - INFO - tty.usbmodem0006822145041: Sending next message
2019-07-22 19:08:37,917 - DEBUG - tty.usbmodem0006822145041: Writing: 164 bytearray(b'\x16\x00')
2019-07-22 19:08:37,917 - DEBUG - tty.usbmodem0006822145041: TX: 03a41600
2019-07-22 19:08:37,919 - DEBUG - tty.usbmodem0006822145041: RX: 0584a4000700
2019-07-22 19:08:37,920 - DEBUG - tty.usbmodem0006822145041: parsed_packet {event: CmdRsp, data: {'opcode': 164, 'status': 0, 'data': bytearray(b'\x07\x00')}}
2019-07-22 19:08:37,920 - INFO - tty.usbmodem0006822145041: AddrPublicationAdd: {'address_handle': 7}
2019-07-22 19:08:37,931 - INFO - tty.usbmodem0006822145041: 

2019-07-22 19:08:37,932 - INFO - tty.usbmodem0006822145041: Sending next message
2019-07-22 19:08:37,932 - DEBUG - tty.usbmodem0006822145041: Writing: 164 bytearray(b'\x17\x00')
2019-07-22 19:08:37,932 - DEBUG - tty.usbmodem0006822145041: TX: 03a41700
2019-07-22 19:08:37,934 - DEBUG - tty.usbmodem0006822145041: RX: 0584a4000800
2019-07-22 19:08:37,935 - DEBUG - tty.usbmodem0006822145041: parsed_packet {event: CmdRsp, data: {'opcode': 164, 'status': 0, 'data': bytearray(b'\x08\x00')}}
2019-07-22 19:08:37,935 - INFO - tty.usbmodem0006822145041: AddrPublicationAdd: {'address_handle': 8}
2019-07-22 19:08:37,946 - INFO - tty.usbmodem0006822145041: 

2019-07-22 19:08:37,946 - INFO - tty.usbmodem0006822145041: Sending next message
2019-07-22 19:08:37,947 - DEBUG - tty.usbmodem0006822145041: Writing: 164 bytearray(b'\x18\x00')
2019-07-22 19:08:37,947 - DEBUG - tty.usbmodem0006822145041: TX: 03a41800
2019-07-22 19:08:37,948 - DEBUG - tty.usbmodem0006822145041: RX: 0584a4000900
2019-07-22 19:08:37,949 - DEBUG - tty.usbmodem0006822145041: parsed_packet {event: CmdRsp, data: {'opcode': 164, 'status': 0, 'data': bytearray(b'\t\x00')}}
2019-07-22 19:08:37,949 - INFO - tty.usbmodem0006822145041: AddrPublicationAdd: {'address_handle': 9}
2019-07-22 19:08:37,962 - INFO - tty.usbmodem0006822145041: 

2019-07-22 19:08:37,962 - INFO - tty.usbmodem0006822145041: Sending next message
2019-07-22 19:08:37,962 - DEBUG - tty.usbmodem0006822145041: Writing: 164 bytearray(b'\x19\x00')
2019-07-22 19:08:37,962 - DEBUG - tty.usbmodem0006822145041: TX: 03a41900
2019-07-22 19:08:37,965 - DEBUG - tty.usbmodem0006822145041: RX: 0584a4000a00
2019-07-22 19:08:37,965 - DEBUG - tty.usbmodem0006822145041: parsed_packet {event: CmdRsp, data: {'opcode': 164, 'status': 0, 'data': bytearray(b'\n\x00')}}
2019-07-22 19:08:37,966 - INFO - tty.usbmodem0006822145041: AddrPublicationAdd: {'address_handle': 10}
2019-07-22 19:08:37,978 - INFO - tty.usbmodem0006822145041: 

2019-07-22 19:08:37,978 - INFO - tty.usbmodem0006822145041: Sending next message
2019-07-22 19:08:37,979 - DEBUG - tty.usbmodem0006822145041: Writing: 164 bytearray(b'\x1a\x00')
2019-07-22 19:08:37,979 - DEBUG - tty.usbmodem0006822145041: TX: 03a41a00
2019-07-22 19:08:37,980 - DEBUG - tty.usbmodem0006822145041: RX: 0584a4000b00
2019-07-22 19:08:37,980 - DEBUG - tty.usbmodem0006822145041: parsed_packet {event: CmdRsp, data: {'opcode': 164, 'status': 0, 'data': bytearray(b'\x0b\x00')}}
2019-07-22 19:08:37,981 - INFO - tty.usbmodem0006822145041: AddrPublicationAdd: {'address_handle': 11}
2019-07-22 19:08:37,992 - INFO - tty.usbmodem0006822145041: 

2019-07-22 19:08:37,993 - INFO - tty.usbmodem0006822145041: Sending next message
2019-07-22 19:08:37,993 - DEBUG - tty.usbmodem0006822145041: Writing: 164 bytearray(b'\x1b\x00')
2019-07-22 19:08:37,993 - DEBUG - tty.usbmodem0006822145041: TX: 03a41b00
2019-07-22 19:08:37,994 - DEBUG - tty.usbmodem0006822145041: RX: 0584a4000c00
2019-07-22 19:08:37,994 - DEBUG - tty.usbmodem0006822145041: parsed_packet {event: CmdRsp, data: {'opcode': 164, 'status': 0, 'data': bytearray(b'\x0c\x00')}}
2019-07-22 19:08:37,994 - INFO - tty.usbmodem0006822145041: AddrPublicationAdd: {'address_handle': 12}
2019-07-22 19:08:38,009 - INFO - tty.usbmodem0006822145041: 

2019-07-22 19:08:38,009 - INFO - tty.usbmodem0006822145041: Sending next message
2019-07-22 19:08:38,009 - DEBUG - tty.usbmodem0006822145041: Writing: 164 bytearray(b'\x1c\x00')
2019-07-22 19:08:38,009 - DEBUG - tty.usbmodem0006822145041: TX: 03a41c00
2019-07-22 19:08:38,011 - DEBUG - tty.usbmodem0006822145041: RX: 0584a4000d00
2019-07-22 19:08:38,011 - DEBUG - tty.usbmodem0006822145041: parsed_packet {event: CmdRsp, data: {'opcode': 164, 'status': 0, 'data': bytearray(b'\r\x00')}}
2019-07-22 19:08:38,012 - INFO - tty.usbmodem0006822145041: AddrPublicationAdd: {'address_handle': 13}
2019-07-22 19:08:38,026 - INFO - tty.usbmodem0006822145041: 

2019-07-22 19:08:38,026 - INFO - tty.usbmodem0006822145041: Sending next message
2019-07-22 19:08:38,026 - DEBUG - tty.usbmodem0006822145041: Writing: 164 bytearray(b'\x1d\x00')
2019-07-22 19:08:38,026 - DEBUG - tty.usbmodem0006822145041: TX: 03a41d00
2019-07-22 19:08:38,028 - DEBUG - tty.usbmodem0006822145041: RX: 0584a4000e00
2019-07-22 19:08:38,028 - DEBUG - tty.usbmodem0006822145041: parsed_packet {event: CmdRsp, data: {'opcode': 164, 'status': 0, 'data': bytearray(b'\x0e\x00')}}
2019-07-22 19:08:38,028 - INFO - tty.usbmodem0006822145041: AddrPublicationAdd: {'address_handle': 14}
2019-07-22 19:08:38,042 - INFO - tty.usbmodem0006822145041: 

2019-07-22 19:08:38,042 - INFO - tty.usbmodem0006822145041: Sending next message
2019-07-22 19:08:38,043 - DEBUG - tty.usbmodem0006822145041: Writing: 164 bytearray(b'\x1e\x00')
2019-07-22 19:08:38,043 - DEBUG - tty.usbmodem0006822145041: TX: 03a41e00
2019-07-22 19:08:38,044 - DEBUG - tty.usbmodem0006822145041: RX: 0584a4000f00
2019-07-22 19:08:38,044 - DEBUG - tty.usbmodem0006822145041: parsed_packet {event: CmdRsp, data: {'opcode': 164, 'status': 0, 'data': bytearray(b'\x0f\x00')}}
2019-07-22 19:08:38,045 - INFO - tty.usbmodem0006822145041: AddrPublicationAdd: {'address_handle': 15}
2019-07-22 19:08:38,057 - INFO - tty.usbmodem0006822145041: 

2019-07-22 19:08:38,057 - INFO - tty.usbmodem0006822145041: Sending next message
2019-07-22 19:08:38,057 - DEBUG - tty.usbmodem0006822145041: Writing: 164 bytearray(b'\x1f\x00')
2019-07-22 19:08:38,058 - DEBUG - tty.usbmodem0006822145041: TX: 03a41f00
2019-07-22 19:08:38,059 - DEBUG - tty.usbmodem0006822145041: RX: 0584a4001000
2019-07-22 19:08:38,059 - DEBUG - tty.usbmodem0006822145041: parsed_packet {event: CmdRsp, data: {'opcode': 164, 'status': 0, 'data': bytearray(b'\x10\x00')}}
2019-07-22 19:08:38,059 - INFO - tty.usbmodem0006822145041: AddrPublicationAdd: {'address_handle': 16}
2019-07-22 19:08:38,074 - INFO - tty.usbmodem0006822145041: 

2019-07-22 19:08:38,074 - INFO - tty.usbmodem0006822145041: Sending next message
2019-07-22 19:08:38,074 - DEBUG - tty.usbmodem0006822145041: Writing: 164 bytearray(b' \x00')
2019-07-22 19:08:38,074 - DEBUG - tty.usbmodem0006822145041: TX: 03a42000
2019-07-22 19:08:38,076 - DEBUG - tty.usbmodem0006822145041: RX: 0584a4001100
2019-07-22 19:08:38,076 - DEBUG - tty.usbmodem0006822145041: parsed_packet {event: CmdRsp, data: {'opcode': 164, 'status': 0, 'data': bytearray(b'\x11\x00')}}
2019-07-22 19:08:38,076 - INFO - tty.usbmodem0006822145041: AddrPublicationAdd: {'address_handle': 17}
2019-07-22 19:08:38,089 - INFO - tty.usbmodem0006822145041: 

2019-07-22 19:08:38,089 - INFO - tty.usbmodem0006822145041: Sending next message
2019-07-22 19:08:38,090 - DEBUG - tty.usbmodem0006822145041: Writing: 164 bytearray(b'!\x00')
2019-07-22 19:08:38,090 - DEBUG - tty.usbmodem0006822145041: TX: 03a42100
2019-07-22 19:08:38,091 - DEBUG - tty.usbmodem0006822145041: RX: 0584a4001200
2019-07-22 19:08:38,091 - DEBUG - tty.usbmodem0006822145041: parsed_packet {event: CmdRsp, data: {'opcode': 164, 'status': 0, 'data': bytearray(b'\x12\x00')}}
2019-07-22 19:08:38,091 - INFO - tty.usbmodem0006822145041: AddrPublicationAdd: {'address_handle': 18}
2019-07-22 19:08:38,104 - INFO - tty.usbmodem0006822145041: 

2019-07-22 19:08:38,104 - INFO - tty.usbmodem0006822145041: Sending next message
2019-07-22 19:08:38,104 - DEBUG - tty.usbmodem0006822145041: Writing: 164 bytearray(b'"\x00')
2019-07-22 19:08:38,104 - DEBUG - tty.usbmodem0006822145041: TX: 03a42200
2019-07-22 19:08:38,107 - DEBUG - tty.usbmodem0006822145041: RX: 0584a4001300
2019-07-22 19:08:38,107 - DEBUG - tty.usbmodem0006822145041: parsed_packet {event: CmdRsp, data: {'opcode': 164, 'status': 0, 'data': bytearray(b'\x13\x00')}}
2019-07-22 19:08:38,108 - INFO - tty.usbmodem0006822145041: AddrPublicationAdd: {'address_handle': 19}
2019-07-22 19:08:38,121 - INFO - tty.usbmodem0006822145041: 

2019-07-22 19:08:38,121 - INFO - tty.usbmodem0006822145041: Sending next message
2019-07-22 19:08:38,121 - DEBUG - tty.usbmodem0006822145041: Writing: 164 bytearray(b'#\x00')
2019-07-22 19:08:38,121 - DEBUG - tty.usbmodem0006822145041: TX: 03a42300
2019-07-22 19:08:38,123 - DEBUG - tty.usbmodem0006822145041: RX: 0584a4001400
2019-07-22 19:08:38,124 - DEBUG - tty.usbmodem0006822145041: parsed_packet {event: CmdRsp, data: {'opcode': 164, 'status': 0, 'data': bytearray(b'\x14\x00')}}
2019-07-22 19:08:38,124 - INFO - tty.usbmodem0006822145041: AddrPublicationAdd: {'address_handle': 20}
2019-07-22 19:08:38,137 - INFO - tty.usbmodem0006822145041: 

2019-07-22 19:08:38,137 - INFO - tty.usbmodem0006822145041: Sending next message
2019-07-22 19:08:38,137 - DEBUG - tty.usbmodem0006822145041: Writing: 164 bytearray(b'$\x00')
2019-07-22 19:08:38,138 - DEBUG - tty.usbmodem0006822145041: TX: 03a42400
2019-07-22 19:08:38,140 - DEBUG - tty.usbmodem0006822145041: RX: 0584a4001500
2019-07-22 19:08:38,140 - DEBUG - tty.usbmodem0006822145041: parsed_packet {event: CmdRsp, data: {'opcode': 164, 'status': 0, 'data': bytearray(b'\x15\x00')}}
2019-07-22 19:08:38,141 - INFO - tty.usbmodem0006822145041: AddrPublicationAdd: {'address_handle': 21}
2019-07-22 19:08:38,154 - INFO - tty.usbmodem0006822145041: 

2019-07-22 19:08:38,154 - INFO - tty.usbmodem0006822145041: Sending next message
2019-07-22 19:08:38,155 - DEBUG - tty.usbmodem0006822145041: Writing: 164 bytearray(b'%\x00')
2019-07-22 19:08:38,155 - DEBUG - tty.usbmodem0006822145041: TX: 03a42500
2019-07-22 19:08:38,157 - DEBUG - tty.usbmodem0006822145041: RX: 0584a4001600
2019-07-22 19:08:38,157 - DEBUG - tty.usbmodem0006822145041: parsed_packet {event: CmdRsp, data: {'opcode': 164, 'status': 0, 'data': bytearray(b'\x16\x00')}}
2019-07-22 19:08:38,158 - INFO - tty.usbmodem0006822145041: AddrPublicationAdd: {'address_handle': 22}
2019-07-22 19:08:38,170 - INFO - tty.usbmodem0006822145041: 

2019-07-22 19:08:38,170 - INFO - tty.usbmodem0006822145041: Sending next message
2019-07-22 19:08:38,170 - DEBUG - tty.usbmodem0006822145041: Writing: 164 bytearray(b'&\x00')
2019-07-22 19:08:38,170 - DEBUG - tty.usbmodem0006822145041: TX: 03a42600
2019-07-22 19:08:38,173 - DEBUG - tty.usbmodem0006822145041: RX: 0584a4001700
2019-07-22 19:08:38,174 - DEBUG - tty.usbmodem0006822145041: parsed_packet {event: CmdRsp, data: {'opcode': 164, 'status': 0, 'data': bytearray(b'\x17\x00')}}
2019-07-22 19:08:38,174 - INFO - tty.usbmodem0006822145041: AddrPublicationAdd: {'address_handle': 23}
2019-07-22 19:08:38,188 - INFO - tty.usbmodem0006822145041: 

2019-07-22 19:08:38,188 - INFO - tty.usbmodem0006822145041: Sending next message
2019-07-22 19:08:38,188 - DEBUG - tty.usbmodem0006822145041: Writing: 164 bytearray(b"\'\x00")
2019-07-22 19:08:38,188 - DEBUG - tty.usbmodem0006822145041: TX: 03a42700
2019-07-22 19:08:38,190 - DEBUG - tty.usbmodem0006822145041: RX: 0584a4001800
2019-07-22 19:08:38,190 - DEBUG - tty.usbmodem0006822145041: parsed_packet {event: CmdRsp, data: {'opcode': 164, 'status': 0, 'data': bytearray(b'\x18\x00')}}
2019-07-22 19:08:38,191 - INFO - tty.usbmodem0006822145041: AddrPublicationAdd: {'address_handle': 24}
2019-07-22 19:08:38,204 - INFO - tty.usbmodem0006822145041: 

2019-07-22 19:08:38,204 - INFO - tty.usbmodem0006822145041: Sending next message
2019-07-22 19:08:38,204 - DEBUG - tty.usbmodem0006822145041: Writing: 164 bytearray(b'(\x00')
2019-07-22 19:08:38,204 - DEBUG - tty.usbmodem0006822145041: TX: 03a42800
2019-07-22 19:08:38,208 - DEBUG - tty.usbmodem0006822145041: RX: 0584a4001900
2019-07-22 19:08:38,208 - DEBUG - tty.usbmodem0006822145041: parsed_packet {event: CmdRsp, data: {'opcode': 164, 'status': 0, 'data': bytearray(b'\x19\x00')}}
2019-07-22 19:08:38,208 - INFO - tty.usbmodem0006822145041: AddrPublicationAdd: {'address_handle': 25}
2019-07-22 19:08:38,223 - INFO - tty.usbmodem0006822145041: 

2019-07-22 19:08:38,223 - INFO - tty.usbmodem0006822145041: Sending next message
2019-07-22 19:08:38,223 - DEBUG - tty.usbmodem0006822145041: Writing: 164 bytearray(b')\x00')
2019-07-22 19:08:38,223 - DEBUG - tty.usbmodem0006822145041: TX: 03a42900
2019-07-22 19:08:38,225 - DEBUG - tty.usbmodem0006822145041: RX: 0584a4001a00
2019-07-22 19:08:38,225 - DEBUG - tty.usbmodem0006822145041: parsed_packet {event: CmdRsp, data: {'opcode': 164, 'status': 0, 'data': bytearray(b'\x1a\x00')}}
2019-07-22 19:08:38,225 - INFO - tty.usbmodem0006822145041: AddrPublicationAdd: {'address_handle': 26}
2019-07-22 19:08:38,238 - INFO - tty.usbmodem0006822145041: 

2019-07-22 19:08:38,238 - INFO - tty.usbmodem0006822145041: Sending next message
2019-07-22 19:08:38,238 - DEBUG - tty.usbmodem0006822145041: Writing: 164 bytearray(b'*\x00')
2019-07-22 19:08:38,238 - DEBUG - tty.usbmodem0006822145041: TX: 03a42a00
2019-07-22 19:08:38,240 - DEBUG - tty.usbmodem0006822145041: RX: 0584a4001b00
2019-07-22 19:08:38,241 - DEBUG - tty.usbmodem0006822145041: parsed_packet {event: CmdRsp, data: {'opcode': 164, 'status': 0, 'data': bytearray(b'\x1b\x00')}}
2019-07-22 19:08:38,241 - INFO - tty.usbmodem0006822145041: AddrPublicationAdd: {'address_handle': 27}
2019-07-22 19:08:38,254 - INFO - tty.usbmodem0006822145041: 

2019-07-22 19:08:38,254 - INFO - tty.usbmodem0006822145041: Sending next message
2019-07-22 19:08:38,254 - DEBUG - tty.usbmodem0006822145041: Writing: 164 bytearray(b'+\x00')
2019-07-22 19:08:38,254 - DEBUG - tty.usbmodem0006822145041: TX: 03a42b00
2019-07-22 19:08:38,256 - DEBUG - tty.usbmodem0006822145041: RX: 0584a4001c00
2019-07-22 19:08:38,257 - DEBUG - tty.usbmodem0006822145041: parsed_packet {event: CmdRsp, data: {'opcode': 164, 'status': 0, 'data': bytearray(b'\x1c\x00')}}
2019-07-22 19:08:38,257 - INFO - tty.usbmodem0006822145041: AddrPublicationAdd: {'address_handle': 28}
2019-07-22 19:08:38,270 - INFO - tty.usbmodem0006822145041: 

2019-07-22 19:08:38,271 - INFO - tty.usbmodem0006822145041: Sending next message
2019-07-22 19:08:38,271 - DEBUG - tty.usbmodem0006822145041: Writing: 164 bytearray(b',\x00')
2019-07-22 19:08:38,271 - DEBUG - tty.usbmodem0006822145041: TX: 03a42c00
2019-07-22 19:08:38,274 - DEBUG - tty.usbmodem0006822145041: RX: 0584a4001d00
2019-07-22 19:08:38,274 - DEBUG - tty.usbmodem0006822145041: parsed_packet {event: CmdRsp, data: {'opcode': 164, 'status': 0, 'data': bytearray(b'\x1d\x00')}}
2019-07-22 19:08:38,275 - INFO - tty.usbmodem0006822145041: AddrPublicationAdd: {'address_handle': 29}
2019-07-22 19:08:38,287 - INFO - tty.usbmodem0006822145041: 

2019-07-22 19:08:38,287 - INFO - tty.usbmodem0006822145041: Sending next message
2019-07-22 19:08:38,287 - DEBUG - tty.usbmodem0006822145041: Writing: 164 bytearray(b'-\x00')
2019-07-22 19:08:38,288 - DEBUG - tty.usbmodem0006822145041: TX: 03a42d00
2019-07-22 19:08:38,289 - DEBUG - tty.usbmodem0006822145041: RX: 0584a4001e00
2019-07-22 19:08:38,290 - DEBUG - tty.usbmodem0006822145041: parsed_packet {event: CmdRsp, data: {'opcode': 164, 'status': 0, 'data': bytearray(b'\x1e\x00')}}
2019-07-22 19:08:38,290 - INFO - tty.usbmodem0006822145041: AddrPublicationAdd: {'address_handle': 30}
2019-07-22 19:08:38,303 - INFO - tty.usbmodem0006822145041: 

2019-07-22 19:08:38,304 - INFO - tty.usbmodem0006822145041: Sending next message
2019-07-22 19:08:38,304 - DEBUG - tty.usbmodem0006822145041: Writing: 164 bytearray(b'.\x00')
2019-07-22 19:08:38,304 - DEBUG - tty.usbmodem0006822145041: TX: 03a42e00
2019-07-22 19:08:38,306 - DEBUG - tty.usbmodem0006822145041: RX: 0584a4001f00
2019-07-22 19:08:38,307 - DEBUG - tty.usbmodem0006822145041: parsed_packet {event: CmdRsp, data: {'opcode': 164, 'status': 0, 'data': bytearray(b'\x1f\x00')}}
2019-07-22 19:08:38,307 - INFO - tty.usbmodem0006822145041: AddrPublicationAdd: {'address_handle': 31}
2019-07-22 19:08:38,320 - INFO - tty.usbmodem0006822145041: 

2019-07-22 19:08:38,320 - INFO - tty.usbmodem0006822145041: Sending next message
2019-07-22 19:08:38,320 - DEBUG - tty.usbmodem0006822145041: Writing: 164 bytearray(b'/\x00')
2019-07-22 19:08:38,321 - DEBUG - tty.usbmodem0006822145041: TX: 03a42f00
2019-07-22 19:08:38,322 - DEBUG - tty.usbmodem0006822145041: RX: 0584a4002000
2019-07-22 19:08:38,323 - DEBUG - tty.usbmodem0006822145041: parsed_packet {event: CmdRsp, data: {'opcode': 164, 'status': 0, 'data': bytearray(b' \x00')}}
2019-07-22 19:08:38,323 - INFO - tty.usbmodem0006822145041: AddrPublicationAdd: {'address_handle': 32}
2019-07-22 19:08:38,335 - INFO - tty.usbmodem0006822145041: 

2019-07-22 19:08:38,335 - INFO - tty.usbmodem0006822145041: Sending next message
2019-07-22 19:08:38,335 - DEBUG - tty.usbmodem0006822145041: Writing: 164 bytearray(b'0\x00')
2019-07-22 19:08:38,335 - DEBUG - tty.usbmodem0006822145041: TX: 03a43000
2019-07-22 19:08:38,337 - DEBUG - tty.usbmodem0006822145041: RX: 0584a4002100
2019-07-22 19:08:38,338 - DEBUG - tty.usbmodem0006822145041: parsed_packet {event: CmdRsp, data: {'opcode': 164, 'status': 0, 'data': bytearray(b'!\x00')}}
2019-07-22 19:08:38,338 - INFO - tty.usbmodem0006822145041: AddrPublicationAdd: {'address_handle': 33}
2019-07-22 19:08:38,354 - INFO - tty.usbmodem0006822145041: 

2019-07-22 19:08:38,354 - INFO - tty.usbmodem0006822145041: Sending next message
2019-07-22 19:08:38,354 - DEBUG - tty.usbmodem0006822145041: Writing: 164 bytearray(b'1\x00')
2019-07-22 19:08:38,354 - DEBUG - tty.usbmodem0006822145041: TX: 03a43100
2019-07-22 19:08:38,356 - DEBUG - tty.usbmodem0006822145041: RX: 0584a4002200
2019-07-22 19:08:38,357 - DEBUG - tty.usbmodem0006822145041: parsed_packet {event: CmdRsp, data: {'opcode': 164, 'status': 0, 'data': bytearray(b'"\x00')}}
2019-07-22 19:08:38,357 - INFO - tty.usbmodem0006822145041: AddrPublicationAdd: {'address_handle': 34}
2019-07-22 19:08:38,370 - INFO - tty.usbmodem0006822145041: 

2019-07-22 19:08:38,370 - INFO - tty.usbmodem0006822145041: Sending next message
2019-07-22 19:08:38,370 - DEBUG - tty.usbmodem0006822145041: Writing: 164 bytearray(b'2\x00')
2019-07-22 19:08:38,370 - DEBUG - tty.usbmodem0006822145041: TX: 03a43200
2019-07-22 19:08:38,373 - DEBUG - tty.usbmodem0006822145041: RX: 0584a4002300
2019-07-22 19:08:38,373 - DEBUG - tty.usbmodem0006822145041: parsed_packet {event: CmdRsp, data: {'opcode': 164, 'status': 0, 'data': bytearray(b'#\x00')}}
2019-07-22 19:08:38,374 - INFO - tty.usbmodem0006822145041: AddrPublicationAdd: {'address_handle': 35}
2019-07-22 19:08:38,387 - INFO - tty.usbmodem0006822145041: 

2019-07-22 19:08:38,387 - INFO - tty.usbmodem0006822145041: Sending next message
2019-07-22 19:08:38,387 - DEBUG - tty.usbmodem0006822145041: Writing: 164 bytearray(b'3\x00')
2019-07-22 19:08:38,388 - DEBUG - tty.usbmodem0006822145041: TX: 03a43300
2019-07-22 19:08:38,389 - DEBUG - tty.usbmodem0006822145041: RX: 0584a4002400
2019-07-22 19:08:38,390 - DEBUG - tty.usbmodem0006822145041: parsed_packet {event: CmdRsp, data: {'opcode': 164, 'status': 0, 'data': bytearray(b'$\x00')}}
2019-07-22 19:08:38,390 - INFO - tty.usbmodem0006822145041: AddrPublicationAdd: {'address_handle': 36}
2019-07-22 19:08:38,402 - INFO - tty.usbmodem0006822145041: 

2019-07-22 19:08:38,402 - INFO - tty.usbmodem0006822145041: Sending next message
2019-07-22 19:08:38,403 - DEBUG - tty.usbmodem0006822145041: Writing: 164 bytearray(b'4\x00')
2019-07-22 19:08:38,403 - DEBUG - tty.usbmodem0006822145041: TX: 03a43400
2019-07-22 19:08:38,404 - DEBUG - tty.usbmodem0006822145041: RX: 0584a4002500
2019-07-22 19:08:38,405 - DEBUG - tty.usbmodem0006822145041: parsed_packet {event: CmdRsp, data: {'opcode': 164, 'status': 0, 'data': bytearray(b'%\x00')}}
2019-07-22 19:08:38,405 - INFO - tty.usbmodem0006822145041: AddrPublicationAdd: {'address_handle': 37}
2019-07-22 19:08:38,419 - INFO - tty.usbmodem0006822145041: 

2019-07-22 19:08:38,419 - INFO - tty.usbmodem0006822145041: Sending next message
2019-07-22 19:08:38,419 - DEBUG - tty.usbmodem0006822145041: Writing: 164 bytearray(b'5\x00')
2019-07-22 19:08:38,419 - DEBUG - tty.usbmodem0006822145041: TX: 03a43500
2019-07-22 19:08:38,421 - DEBUG - tty.usbmodem0006822145041: RX: 0584a4002600
2019-07-22 19:08:38,422 - DEBUG - tty.usbmodem0006822145041: parsed_packet {event: CmdRsp, data: {'opcode': 164, 'status': 0, 'data': bytearray(b'&\x00')}}
2019-07-22 19:08:38,422 - INFO - tty.usbmodem0006822145041: AddrPublicationAdd: {'address_handle': 38}
2019-07-22 19:08:38,434 - INFO - tty.usbmodem0006822145041: 

2019-07-22 19:08:38,434 - INFO - tty.usbmodem0006822145041: Sending next message
2019-07-22 19:08:38,435 - DEBUG - tty.usbmodem0006822145041: Writing: 164 bytearray(b'6\x00')
2019-07-22 19:08:38,435 - DEBUG - tty.usbmodem0006822145041: TX: 03a43600
2019-07-22 19:08:38,436 - DEBUG - tty.usbmodem0006822145041: RX: 0584a4002700
2019-07-22 19:08:38,437 - DEBUG - tty.usbmodem0006822145041: parsed_packet {event: CmdRsp, data: {'opcode': 164, 'status': 0, 'data': bytearray(b"\'\x00")}}
2019-07-22 19:08:38,437 - INFO - tty.usbmodem0006822145041: AddrPublicationAdd: {'address_handle': 39}
2019-07-22 19:08:38,453 - INFO - tty.usbmodem0006822145041: 

2019-07-22 19:08:38,453 - INFO - tty.usbmodem0006822145041: Sending next message
2019-07-22 19:08:38,454 - DEBUG - tty.usbmodem0006822145041: Writing: 164 bytearray(b'7\x00')
2019-07-22 19:08:38,454 - DEBUG - tty.usbmodem0006822145041: TX: 03a43700
2019-07-22 19:08:38,456 - DEBUG - tty.usbmodem0006822145041: RX: 0584a4002800
2019-07-22 19:08:38,457 - DEBUG - tty.usbmodem0006822145041: parsed_packet {event: CmdRsp, data: {'opcode': 164, 'status': 0, 'data': bytearray(b'(\x00')}}
2019-07-22 19:08:38,457 - INFO - tty.usbmodem0006822145041: AddrPublicationAdd: {'address_handle': 40}
2019-07-22 19:08:38,476 - INFO - tty.usbmodem0006822145041: 

2019-07-22 19:08:38,476 - INFO - tty.usbmodem0006822145041: Sending next message
2019-07-22 19:08:38,476 - DEBUG - tty.usbmodem0006822145041: Writing: 164 bytearray(b'8\x00')
2019-07-22 19:08:38,476 - DEBUG - tty.usbmodem0006822145041: TX: 03a43800
2019-07-22 19:08:38,478 - DEBUG - tty.usbmodem0006822145041: RX: 0584a4002900
2019-07-22 19:08:38,478 - DEBUG - tty.usbmodem0006822145041: parsed_packet {event: CmdRsp, data: {'opcode': 164, 'status': 0, 'data': bytearray(b')\x00')}}
2019-07-22 19:08:38,479 - INFO - tty.usbmodem0006822145041: AddrPublicationAdd: {'address_handle': 41}
2019-07-22 19:08:38,493 - INFO - tty.usbmodem0006822145041: 

2019-07-22 19:08:38,493 - INFO - tty.usbmodem0006822145041: Sending next message
2019-07-22 19:08:38,493 - DEBUG - tty.usbmodem0006822145041: Writing: 164 bytearray(b'9\x00')
2019-07-22 19:08:38,494 - DEBUG - tty.usbmodem0006822145041: TX: 03a43900
2019-07-22 19:08:38,495 - DEBUG - tty.usbmodem0006822145041: RX: 0584a4002a00
2019-07-22 19:08:38,495 - DEBUG - tty.usbmodem0006822145041: parsed_packet {event: CmdRsp, data: {'opcode': 164, 'status': 0, 'data': bytearray(b'*\x00')}}
2019-07-22 19:08:38,495 - INFO - tty.usbmodem0006822145041: AddrPublicationAdd: {'address_handle': 42}
2019-07-22 19:08:38,511 - INFO - tty.usbmodem0006822145041: 

2019-07-22 19:08:38,511 - INFO - tty.usbmodem0006822145041: Sending next message
2019-07-22 19:08:38,511 - DEBUG - tty.usbmodem0006822145041: Writing: 156 bytearray(b'\x10\x00\x00\x00Cl\xab\x18\xf4\x96\xa9\xf6 \x1c\x95g\x03I\x890')
2019-07-22 19:08:38,511 - DEBUG - tty.usbmodem0006822145041: TX: 159c10000000436cab18f496a9f6201c956703498930
2019-07-22 19:08:38,515 - DEBUG - tty.usbmodem0006822145041: RX: 05849c000800
2019-07-22 19:08:38,515 - DEBUG - tty.usbmodem0006822145041: parsed_packet {event: CmdRsp, data: {'opcode': 156, 'status': 0, 'data': bytearray(b'\x08\x00')}}
2019-07-22 19:08:38,516 - INFO - tty.usbmodem0006822145041: DevkeyAdd: {'devkey_handle': 8}
2019-07-22 19:08:38,528 - INFO - tty.usbmodem0006822145041: 

2019-07-22 19:08:38,529 - INFO - tty.usbmodem0006822145041: Sending next message
2019-07-22 19:08:38,529 - DEBUG - tty.usbmodem0006822145041: Writing: 156 bytearray(b'\x1e\x00\x00\x00\x91K\x01B\xca\\4\x0721.\xaa\xc6T\xa4\xce')
2019-07-22 19:08:38,529 - DEBUG - tty.usbmodem0006822145041: TX: 159c1e000000914b0142ca5c340732312eaac654a4ce
2019-07-22 19:08:38,532 - DEBUG - tty.usbmodem0006822145041: RX: 05849c000900
2019-07-22 19:08:38,533 - DEBUG - tty.usbmodem0006822145041: parsed_packet {event: CmdRsp, data: {'opcode': 156, 'status': 0, 'data': bytearray(b'\t\x00')}}
2019-07-22 19:08:38,533 - INFO - tty.usbmodem0006822145041: DevkeyAdd: {'devkey_handle': 9}
2019-07-22 19:08:38,546 - INFO - tty.usbmodem0006822145041: 

2019-07-22 19:08:38,546 - INFO - tty.usbmodem0006822145041: Sending next message
2019-07-22 19:08:38,546 - DEBUG - tty.usbmodem0006822145041: Writing: 156 bytearray(b',\x00\x00\x00\xa4\xf8\xe2\xee\x7f\xc7\x1d\x19-BD\x1a\x00\xfb6\x86')
2019-07-22 19:08:38,546 - DEBUG - tty.usbmodem0006822145041: TX: 159c2c000000a4f8e2ee7fc71d192d42441a00fb3686
2019-07-22 19:08:38,550 - DEBUG - tty.usbmodem0006822145041: RX: 05849c000a00
2019-07-22 19:08:38,551 - DEBUG - tty.usbmodem0006822145041: parsed_packet {event: CmdRsp, data: {'opcode': 156, 'status': 0, 'data': bytearray(b'\n\x00')}}
2019-07-22 19:08:38,551 - INFO - tty.usbmodem0006822145041: DevkeyAdd: {'devkey_handle': 10}
2019-07-22 19:08:38,563 - INFO - tty.usbmodem0006822145041: No Messages remaining
2019-07-22 19:08:42,548 - INFO - tty.usbmodem0006822145041: Timout handler timeout
2019-07-22 19:09:25,733 - DEBUG - tty.usbmodem0006822145041.SimpleOnOffClient: Sending opcode: c15900, data: 0000
2019-07-22 19:09:25,733 - DEBUG - tty.usbmodem0006822145041: Writing: 171 bytearray(b'\x00\x00\x01\x00\x08\x00\x08\x00\x00\x00\xc1Y\x00\x00\x00')
2019-07-22 19:09:25,734 - DEBUG - tty.usbmodem0006822145041: TX: 10ab00000100080008000000c159000000
2019-07-22 19:09:25,750 - DEBUG - tty.usbmodem0006822145041: RX: 0784ab0001000000
2019-07-22 19:09:25,750 - DEBUG - tty.usbmodem0006822145041: parsed_packet {event: CmdRsp, data: {'opcode': 171, 'status': 0, 'data': bytearray(b'\x01\x00\x00\x00')}}
2019-07-22 19:09:25,752 - INFO - tty.usbmodem0006822145041: PacketSend: {'token': 1}
2019-07-22 19:09:25,765 - DEBUG - tty.usbmodem0006822145041: RX: 05d201000000
2019-07-22 19:09:25,765 - DEBUG - tty.usbmodem0006822145041: parsed_packet {event: MeshTxComplete, data: {'token': 1}}
2019-07-22 19:09:25,766 - INFO - tty.usbmodem0006822145041: {event: MeshTxComplete, data: {'token': 1}}
2019-07-22 19:09:47,998 - DEBUG - tty.usbmodem0006822145041.SimpleOnOffClient: Sending opcode: c15900, data: 0001
2019-07-22 19:09:47,999 - DEBUG - tty.usbmodem0006822145041: Writing: 171 bytearray(b'\x00\x00\x01\x00\x08\x00\x08\x00\x00\x00\xc1Y\x00\x00\x01')
2019-07-22 19:09:47,999 - DEBUG - tty.usbmodem0006822145041: TX: 10ab00000100080008000000c159000001
2019-07-22 19:09:48,013 - DEBUG - tty.usbmodem0006822145041: RX: 0784ab0002000000
2019-07-22 19:09:48,013 - DEBUG - tty.usbmodem0006822145041: parsed_packet {event: CmdRsp, data: {'opcode': 171, 'status': 0, 'data': bytearray(b'\x02\x00\x00\x00')}}
2019-07-22 19:09:48,017 - INFO - tty.usbmodem0006822145041: PacketSend: {'token': 2}
2019-07-22 19:09:48,026 - DEBUG - tty.usbmodem0006822145041: RX: 05d202000000
2019-07-22 19:09:48,026 - DEBUG - tty.usbmodem0006822145041: parsed_packet {event: MeshTxComplete, data: {'token': 2}}
2019-07-22 19:09:48,026 - INFO - tty.usbmodem0006822145041: {event: MeshTxComplete, data: {'token': 2}}
2019-07-22 19:09:55,054 - DEBUG - tty.usbmodem0006822145041.SimpleOnOffClient: Sending opcode: c15900, data: 0002
2019-07-22 19:09:55,055 - DEBUG - tty.usbmodem0006822145041: Writing: 171 bytearray(b'\x00\x00\x01\x00\x08\x00\x08\x00\x00\x00\xc1Y\x00\x00\x02')
2019-07-22 19:09:55,055 - DEBUG - tty.usbmodem0006822145041: TX: 10ab00000100080008000000c159000002
2019-07-22 19:09:55,064 - DEBUG - tty.usbmodem0006822145041: RX: 0784ab0003000000
2019-07-22 19:09:55,068 - DEBUG - tty.usbmodem0006822145041: parsed_packet {event: CmdRsp, data: {'opcode': 171, 'status': 0, 'data': bytearray(b'\x03\x00\x00\x00')}}
2019-07-22 19:09:55,069 - INFO - tty.usbmodem0006822145041: PacketSend: {'token': 3}
2019-07-22 19:09:55,078 - DEBUG - tty.usbmodem0006822145041: RX: 05d203000000
2019-07-22 19:09:55,079 - DEBUG - tty.usbmodem0006822145041: parsed_packet {event: MeshTxComplete, data: {'token': 3}}
2019-07-22 19:09:55,079 - INFO - tty.usbmodem0006822145041: {event: MeshTxComplete, data: {'token': 3}}
2019-07-22 19:10:16,486 - DEBUG - tty.usbmodem0006822145041.SimpleOnOffClient: Sending opcode: c15900, data: 0003
2019-07-22 19:10:16,487 - DEBUG - tty.usbmodem0006822145041: Writing: 171 bytearray(b'\x00\x00\x01\x00\x08\x00\x08\x00\x00\x00\xc1Y\x00\x00\x03')
2019-07-22 19:10:16,489 - DEBUG - tty.usbmodem0006822145041: TX: 10ab00000100080008000000c159000003
2019-07-22 19:10:16,502 - DEBUG - tty.usbmodem0006822145041: RX: 0784ab0004000000
2019-07-22 19:10:16,508 - DEBUG - tty.usbmodem0006822145041: parsed_packet {event: CmdRsp, data: {'opcode': 171, 'status': 0, 'data': bytearray(b'\x04\x00\x00\x00')}}
2019-07-22 19:10:16,512 - INFO - tty.usbmodem0006822145041: PacketSend: {'token': 4}
2019-07-22 19:10:16,513 - DEBUG - tty.usbmodem0006822145041: RX: 05d204000000
2019-07-22 19:10:16,514 - DEBUG - tty.usbmodem0006822145041: parsed_packet {event: MeshTxComplete, data: {'token': 4}}
2019-07-22 19:10:16,517 - INFO - tty.usbmodem0006822145041: {event: MeshTxComplete, data: {'token': 4}}
2019-07-22 19:10:16,519 - DEBUG - tty.usbmodem0006822145041: RX: 18d017000100000000007f01c8639509c2c2cb0400c4590000
2019-07-22 19:10:16,520 - DEBUG - tty.usbmodem0006822145041: parsed_packet {event: MeshMessageReceivedUnicast, data: {'src': 23, 'dst': 1, 'appkey_handle': 0, 'subnet_handle': 0, 'ttl': 127, 'adv_addr_type': 1, 'adv_addr': bytearray(b'\xc8c\x95\t\xc2\xc2'), 'rssi': -53, 'actual_length': 4, 'data': bytearray(b'\xc4Y\x00\x00')}}
2019-07-22 19:10:16,520 - INFO - tty.usbmodem0006822145041: {event: MeshMessageReceivedUnicast, data: {'src': 23, 'dst': 1, 'appkey_handle': 0, 'subnet_handle': 0, 'ttl': 127, 'adv_addr_type': 1, 'adv_addr': bytearray(b'\xc8c\x95\t\xc2\xc2'), 'rssi': -53, 'actual_length': 4, 'data': bytearray(b'\xc4\x00Y\x00')}}
2019-07-22 19:12:03,518 - DEBUG - tty.usbmodem0006822145041.SimpleOnOffClient: Sending opcode: c15900, data: 0004
2019-07-22 19:12:03,520 - DEBUG - tty.usbmodem0006822145041: Writing: 171 bytearray(b'\x00\x00\x01\x00\x08\x00\x08\x00\x00\x00\xc1Y\x00\x00\x04')
2019-07-22 19:12:03,522 - DEBUG - tty.usbmodem0006822145041: TX: 10ab00000100080008000000c159000004
2019-07-22 19:12:03,545 - DEBUG - tty.usbmodem0006822145041: RX: 0784ab0005000000
2019-07-22 19:12:03,546 - DEBUG - tty.usbmodem0006822145041: parsed_packet {event: CmdRsp, data: {'opcode': 171, 'status': 0, 'data': bytearray(b'\x05\x00\x00\x00')}}
2019-07-22 19:12:03,546 - INFO - tty.usbmodem0006822145041: PacketSend: {'token': 5}
2019-07-22 19:12:03,551 - DEBUG - tty.usbmodem0006822145041: RX: 05d205000000
2019-07-22 19:12:03,551 - DEBUG - tty.usbmodem0006822145041: parsed_packet {event: MeshTxComplete, data: {'token': 5}}
2019-07-22 19:12:03,551 - INFO - tty.usbmodem0006822145041: {event: MeshTxComplete, data: {'token': 5}}
2019-07-22 19:12:03,557 - DEBUG - tty.usbmodem0006822145041: RX: 18d017000100000000007f01c8639509c2c2d40400c4590000
2019-07-22 19:12:03,557 - DEBUG - tty.usbmodem0006822145041: parsed_packet {event: MeshMessageReceivedUnicast, data: {'src': 23, 'dst': 1, 'appkey_handle': 0, 'subnet_handle': 0, 'ttl': 127, 'adv_addr_type': 1, 'adv_addr': bytearray(b'\xc8c\x95\t\xc2\xc2'), 'rssi': -44, 'actual_length': 4, 'data': bytearray(b'\xc4Y\x00\x00')}}
2019-07-22 19:12:03,558 - INFO - tty.usbmodem0006822145041: {event: MeshMessageReceivedUnicast, data: {'src': 23, 'dst': 1, 'appkey_handle': 0, 'subnet_handle': 0, 'ttl': 127, 'adv_addr_type': 1, 'adv_addr': bytearray(b'\xc8c\x95\t\xc2\xc2'), 'rssi': -44, 'actual_length': 4, 'data': bytearray(b'\xc4\x00Y\x00')}}
2019-07-22 19:12:13,065 - DEBUG - tty.usbmodem0006822145041.SimpleOnOffClient: Sending opcode: c15900, data: 0005
2019-07-22 19:12:13,066 - DEBUG - tty.usbmodem0006822145041: Writing: 171 bytearray(b'\x00\x00\x01\x00\x08\x00\x08\x00\x00\x00\xc1Y\x00\x00\x05')
2019-07-22 19:12:13,066 - DEBUG - tty.usbmodem0006822145041: TX: 10ab00000100080008000000c159000005
2019-07-22 19:12:13,077 - DEBUG - tty.usbmodem0006822145041: RX: 0784ab0006000000
2019-07-22 19:12:13,077 - DEBUG - tty.usbmodem0006822145041: parsed_packet {event: CmdRsp, data: {'opcode': 171, 'status': 0, 'data': bytearray(b'\x06\x00\x00\x00')}}
2019-07-22 19:12:13,078 - INFO - tty.usbmodem0006822145041: PacketSend: {'token': 6}
2019-07-22 19:12:13,082 - DEBUG - tty.usbmodem0006822145041: RX: 05d206000000
2019-07-22 19:12:13,085 - DEBUG - tty.usbmodem0006822145041: parsed_packet {event: MeshTxComplete, data: {'token': 6}}
2019-07-22 19:12:13,086 - INFO - tty.usbmodem0006822145041: {event: MeshTxComplete, data: {'token': 6}}
2019-07-22 19:12:13,103 - DEBUG - tty.usbmodem0006822145041: RX: 18d017000100000000007f01c8639509c2c2cf0400c4590000
2019-07-22 19:12:13,103 - DEBUG - tty.usbmodem0006822145041: parsed_packet {event: MeshMessageReceivedUnicast, data: {'src': 23, 'dst': 1, 'appkey_handle': 0, 'subnet_handle': 0, 'ttl': 127, 'adv_addr_type': 1, 'adv_addr': bytearray(b'\xc8c\x95\t\xc2\xc2'), 'rssi': -49, 'actual_length': 4, 'data': bytearray(b'\xc4Y\x00\x00')}}
2019-07-22 19:12:13,104 - INFO - tty.usbmodem0006822145041: {event: MeshMessageReceivedUnicast, data: {'src': 23, 'dst': 1, 'appkey_handle': 0, 'subnet_handle': 0, 'ttl': 127, 'adv_addr_type': 1, 'adv_addr': bytearray(b'\xc8c\x95\t\xc2\xc2'), 'rssi': -49, 'actual_length': 4, 'data': bytearray(b'\xc4\x00Y\x00')}}
2019-07-22 19:12:15,258 - DEBUG - tty.usbmodem0006822145041.SimpleOnOffClient: Sending opcode: c15900, data: 0006
2019-07-22 19:12:15,260 - DEBUG - tty.usbmodem0006822145041: Writing: 171 bytearray(b'\x00\x00\x01\x00\x08\x00\x08\x00\x00\x00\xc1Y\x00\x00\x06')
2019-07-22 19:12:15,263 - DEBUG - tty.usbmodem0006822145041: TX: 10ab00000100080008000000c159000006
2019-07-22 19:12:15,281 - DEBUG - tty.usbmodem0006822145041: RX: 0784ab0007000000
2019-07-22 19:12:15,281 - DEBUG - tty.usbmodem0006822145041: parsed_packet {event: CmdRsp, data: {'opcode': 171, 'status': 0, 'data': bytearray(b'\x07\x00\x00\x00')}}
2019-07-22 19:12:15,284 - INFO - tty.usbmodem0006822145041: PacketSend: {'token': 7}
2019-07-22 19:12:15,295 - DEBUG - tty.usbmodem0006822145041: RX: 05d207000000
2019-07-22 19:12:15,295 - DEBUG - tty.usbmodem0006822145041: parsed_packet {event: MeshTxComplete, data: {'token': 7}}
2019-07-22 19:12:15,296 - INFO - tty.usbmodem0006822145041: {event: MeshTxComplete, data: {'token': 7}}
2019-07-22 19:12:15,312 - DEBUG - tty.usbmodem0006822145041: RX: 18d017000100000000007f01c8639509c2c2d20400c4590000
2019-07-22 19:12:15,313 - DEBUG - tty.usbmodem0006822145041: parsed_packet {event: MeshMessageReceivedUnicast, data: {'src': 23, 'dst': 1, 'appkey_handle': 0, 'subnet_handle': 0, 'ttl': 127, 'adv_addr_type': 1, 'adv_addr': bytearray(b'\xc8c\x95\t\xc2\xc2'), 'rssi': -46, 'actual_length': 4, 'data': bytearray(b'\xc4Y\x00\x00')}}
2019-07-22 19:12:15,313 - INFO - tty.usbmodem0006822145041: {event: MeshMessageReceivedUnicast, data: {'src': 23, 'dst': 1, 'appkey_handle': 0, 'subnet_handle': 0, 'ttl': 127, 'adv_addr_type': 1, 'adv_addr': bytearray(b'\xc8c\x95\t\xc2\xc2'), 'rssi': -46, 'actual_length': 4, 'data': bytearray(b'\xc4\x00Y\x00')}}
2019-07-22 19:12:18,521 - DEBUG - tty.usbmodem0006822145041.SimpleOnOffClient: Sending opcode: c15900, data: 0007
2019-07-22 19:12:18,522 - DEBUG - tty.usbmodem0006822145041: Writing: 171 bytearray(b'\x00\x00\x01\x00\x08\x00\x08\x00\x00\x00\xc1Y\x00\x00\x07')
2019-07-22 19:12:18,522 - DEBUG - tty.usbmodem0006822145041: TX: 10ab00000100080008000000c159000007
2019-07-22 19:12:18,536 - DEBUG - tty.usbmodem0006822145041: RX: 0784ab0008000000
2019-07-22 19:12:18,537 - DEBUG - tty.usbmodem0006822145041: parsed_packet {event: CmdRsp, data: {'opcode': 171, 'status': 0, 'data': bytearray(b'\x08\x00\x00\x00')}}
2019-07-22 19:12:18,538 - INFO - tty.usbmodem0006822145041: PacketSend: {'token': 8}
2019-07-22 19:12:18,541 - DEBUG - tty.usbmodem0006822145041: RX: 05d208000000
2019-07-22 19:12:18,541 - DEBUG - tty.usbmodem0006822145041: parsed_packet {event: MeshTxComplete, data: {'token': 8}}
2019-07-22 19:12:18,542 - INFO - tty.usbmodem0006822145041: {event: MeshTxComplete, data: {'token': 8}}
2019-07-22 19:12:18,557 - DEBUG - tty.usbmodem0006822145041: RX: 18d017000100000000007f01c8639509c2c2cf0400c4590000
2019-07-22 19:12:18,558 - DEBUG - tty.usbmodem0006822145041: parsed_packet {event: MeshMessageReceivedUnicast, data: {'src': 23, 'dst': 1, 'appkey_handle': 0, 'subnet_handle': 0, 'ttl': 127, 'adv_addr_type': 1, 'adv_addr': bytearray(b'\xc8c\x95\t\xc2\xc2'), 'rssi': -49, 'actual_length': 4, 'data': bytearray(b'\xc4Y\x00\x00')}}
2019-07-22 19:12:18,558 - INFO - tty.usbmodem0006822145041: {event: MeshMessageReceivedUnicast, data: {'src': 23, 'dst': 1, 'appkey_handle': 0, 'subnet_handle': 0, 'ttl': 127, 'adv_addr_type': 1, 'adv_addr': bytearray(b'\xc8c\x95\t\xc2\xc2'), 'rssi': -49, 'actual_length': 4, 'data': bytearray(b'\xc4\x00Y\x00')}}
2019-07-22 19:12:24,551 - DEBUG - tty.usbmodem0006822145041: exited read event
