2019-07-16 15:56:31,438 - DEBUG - tty.usbmodem0006822145041: Writing: 105 bytearray(b"\xb9P#O\x9c)\xf7(<\xd2\xdb`B\x82\xdcQs+\xba4\xdb\x94\xa7=\xf0)\x13\t\x07<\x11\x83\x9aR5\xf4)\xc8\xdc\x99\xf0E]\x83mS\xa4q0\xd7\xd65\x91O\xd0\xeb\xd0\xab\xd4S\xde\x98\xd9\x8fr[\xbd\xab\x12\xaeJ\x02\xb5[\x9a~#c\x81\x06\xd3\xcf\xb3\xad\xa4\xd9\x94@\xf8c\xc9y\x82\'\x1b\xf5")
2019-07-16 15:56:31,439 - DEBUG - tty.usbmodem0006822145041: TX: 6169b950234f9c29f7283cd2db604282dc51732bba34db94a73df0291309073c11839a5235f429c8dc99f0455d836d53a47130d7d635914fd0ebd0abd453de98d98f725bbdab12ae4a02b55b9a7e23638106d3cfb3ada4d99440f863c97982271bf5
2019-07-16 15:56:31,449 - DEBUG - tty.usbmodem0006822145041: RX: 03845384
2019-07-16 15:56:31,450 - DEBUG - tty.usbmodem0006822145041: parsed_packet {event: CmdRsp, data: {'opcode': 83, 'status': 132, 'data': bytearray(b'')}}
2019-07-16 15:56:31,451 - ERROR - tty.usbmodem0006822145041: None: ERROR_INVALID_LENGTH
2019-07-16 15:56:31,451 - DEBUG - tty.usbmodem0006822145041: Writing: 159 bytearray(b'\x01\x00\x01\x00')
2019-07-16 15:56:31,451 - DEBUG - tty.usbmodem0006822145041: TX: 059f01000100
2019-07-16 15:56:31,452 - DEBUG - tty.usbmodem0006822145041: RX: 03840084
2019-07-16 15:56:31,452 - DEBUG - tty.usbmodem0006822145041: parsed_packet {event: CmdRsp, data: {'opcode': 0, 'status': 132, 'data': bytearray(b'')}}
2019-07-16 15:56:31,452 - ERROR - tty.usbmodem0006822145041: None: ERROR_INVALID_LENGTH
2019-07-16 15:56:31,453 - DEBUG - tty.usbmodem0006822145041: RX: 03840084
2019-07-16 15:56:31,453 - DEBUG - tty.usbmodem0006822145041: parsed_packet {event: CmdRsp, data: {'opcode': 0, 'status': 132, 'data': bytearray(b'')}}
2019-07-16 15:56:31,453 - DEBUG - tty.usbmodem0006822145041: Writing: 146 bytearray(b'\x00\x00\x18\xee\xd9\xc2\xa5j\xdd\x85\x04\x9f\xfc<Y\xad\x0e\x12')
2019-07-16 15:56:31,454 - ERROR - tty.usbmodem0006822145041: None: ERROR_INVALID_LENGTH
2019-07-16 15:56:31,454 - DEBUG - tty.usbmodem0006822145041: TX: 1392000018eed9c2a56add85049ffc3c59ad0e12
2019-07-16 15:56:31,454 - DEBUG - tty.usbmodem0006822145041: Writing: 151 bytearray(b'\x00\x00\x00\x00Oh\xad\x85\xd9\xf4\x8a\xc8X\x9d\xf6e\xb6\xb4\x9b\x8a')
2019-07-16 15:56:31,455 - DEBUG - tty.usbmodem0006822145041: RX: 03840084
2019-07-16 15:56:31,455 - DEBUG - tty.usbmodem0006822145041: parsed_packet {event: CmdRsp, data: {'opcode': 0, 'status': 132, 'data': bytearray(b'')}}
2019-07-16 15:56:31,455 - ERROR - tty.usbmodem0006822145041: None: ERROR_INVALID_LENGTH
2019-07-16 15:56:31,455 - DEBUG - tty.usbmodem0006822145041: TX: 1597000000004f68ad85d9f48ac8589df665b6b49b8a
2019-07-16 15:56:31,456 - DEBUG - tty.usbmodem0006822145041: RX: 03840084
2019-07-16 15:56:31,457 - DEBUG - tty.usbmodem0006822145041: Writing: 151 bytearray(b'\x01\x00\x00\x00*\xa2\xa6\xde\xd5\xa0y\x8c\xea\xb5x|\xa3\xae9\xfc')
2019-07-16 15:56:31,457 - DEBUG - tty.usbmodem0006822145041: parsed_packet {event: CmdRsp, data: {'opcode': 0, 'status': 132, 'data': bytearray(b'')}}
2019-07-16 15:56:31,458 - DEBUG - tty.usbmodem0006822145041: TX: 1597010000002aa2a6ded5a0798ceab5787ca3ae39fc
2019-07-16 15:56:31,458 - ERROR - tty.usbmodem0006822145041: None: ERROR_INVALID_LENGTH
2019-07-16 15:56:31,459 - DEBUG - tty.usbmodem0006822145041: Writing: 164 bytearray(b'\x10\x00')
2019-07-16 15:56:31,459 - DEBUG - tty.usbmodem0006822145041: TX: 03a41000
2019-07-16 15:56:31,459 - DEBUG - tty.usbmodem0006822145041: RX: 03840084
2019-07-16 15:56:31,459 - DEBUG - tty.usbmodem0006822145041: parsed_packet {event: CmdRsp, data: {'opcode': 0, 'status': 132, 'data': bytearray(b'')}}
2019-07-16 15:56:31,459 - ERROR - tty.usbmodem0006822145041: None: ERROR_INVALID_LENGTH
2019-07-16 15:56:31,459 - DEBUG - tty.usbmodem0006822145041: RX: 03840084
2019-07-16 15:56:31,460 - DEBUG - tty.usbmodem0006822145041: parsed_packet {event: CmdRsp, data: {'opcode': 0, 'status': 132, 'data': bytearray(b'')}}
2019-07-16 15:56:31,460 - ERROR - tty.usbmodem0006822145041: None: ERROR_INVALID_LENGTH
2019-07-16 15:56:31,460 - DEBUG - tty.usbmodem0006822145041: RX: 03840084
2019-07-16 15:56:31,475 - DEBUG - tty.usbmodem0006822145041: parsed_packet {event: CmdRsp, data: {'opcode': 0, 'status': 132, 'data': bytearray(b'')}}
2019-07-16 15:56:31,477 - ERROR - tty.usbmodem0006822145041: None: ERROR_INVALID_LENGTH
2019-07-16 15:56:31,478 - DEBUG - tty.usbmodem0006822145041: RX: 03840084
2019-07-16 15:56:31,478 - DEBUG - tty.usbmodem0006822145041: parsed_packet {event: CmdRsp, data: {'opcode': 0, 'status': 132, 'data': bytearray(b'')}}
2019-07-16 15:56:31,478 - ERROR - tty.usbmodem0006822145041: None: ERROR_INVALID_LENGTH
2019-07-16 15:56:31,478 - DEBUG - tty.usbmodem0006822145041: RX: 03840084
2019-07-16 15:56:31,479 - DEBUG - tty.usbmodem0006822145041: parsed_packet {event: CmdRsp, data: {'opcode': 0, 'status': 132, 'data': bytearray(b'')}}
2019-07-16 15:56:31,479 - ERROR - tty.usbmodem0006822145041: None: ERROR_INVALID_LENGTH
2019-07-16 15:56:31,479 - DEBUG - tty.usbmodem0006822145041: RX: 03840084
2019-07-16 15:56:31,479 - DEBUG - tty.usbmodem0006822145041: parsed_packet {event: CmdRsp, data: {'opcode': 0, 'status': 132, 'data': bytearray(b'')}}
2019-07-16 15:56:31,480 - ERROR - tty.usbmodem0006822145041: None: ERROR_INVALID_LENGTH
2019-07-16 15:56:31,480 - DEBUG - tty.usbmodem0006822145041: RX: 03840084
2019-07-16 15:56:31,480 - DEBUG - tty.usbmodem0006822145041: parsed_packet {event: CmdRsp, data: {'opcode': 0, 'status': 132, 'data': bytearray(b'')}}
2019-07-16 15:56:31,480 - ERROR - tty.usbmodem0006822145041: None: ERROR_INVALID_LENGTH
2019-07-16 15:56:31,495 - DEBUG - tty.usbmodem0006822145041: RX: 03840084
2019-07-16 15:56:31,496 - DEBUG - tty.usbmodem0006822145041: parsed_packet {event: CmdRsp, data: {'opcode': 0, 'status': 132, 'data': bytearray(b'')}}
2019-07-16 15:56:31,496 - ERROR - tty.usbmodem0006822145041: None: ERROR_INVALID_LENGTH
2019-07-16 15:56:31,496 - DEBUG - tty.usbmodem0006822145041: RX: 03849f00
2019-07-16 15:56:31,496 - DEBUG - tty.usbmodem0006822145041: parsed_packet {event: CmdRsp, data: {'opcode': 159, 'status': 0, 'data': bytearray(b'')}}
2019-07-16 15:56:31,497 - INFO - tty.usbmodem0006822145041: Success
2019-07-16 15:56:31,497 - DEBUG - tty.usbmodem0006822145041: RX: 058492000000
2019-07-16 15:56:31,497 - DEBUG - tty.usbmodem0006822145041: parsed_packet {event: CmdRsp, data: {'opcode': 146, 'status': 0, 'data': bytearray(b'\x00\x00')}}
2019-07-16 15:56:31,498 - INFO - tty.usbmodem0006822145041: SubnetAdd: {'subnet_handle': 0}
2019-07-16 15:56:31,498 - DEBUG - tty.usbmodem0006822145041: RX: 058497000000
2019-07-16 15:56:31,498 - DEBUG - tty.usbmodem0006822145041: parsed_packet {event: CmdRsp, data: {'opcode': 151, 'status': 0, 'data': bytearray(b'\x00\x00')}}
2019-07-16 15:56:31,498 - INFO - tty.usbmodem0006822145041: AppkeyAdd: {'appkey_handle': 0}
2019-07-16 15:56:31,499 - DEBUG - tty.usbmodem0006822145041: RX: 058497000100
2019-07-16 15:56:31,500 - DEBUG - tty.usbmodem0006822145041: parsed_packet {event: CmdRsp, data: {'opcode': 151, 'status': 0, 'data': bytearray(b'\x01\x00')}}
2019-07-16 15:56:31,500 - INFO - tty.usbmodem0006822145041: AppkeyAdd: {'appkey_handle': 1}
2019-07-16 15:56:31,500 - DEBUG - tty.usbmodem0006822145041: RX: 0584a4000000
2019-07-16 15:56:31,500 - DEBUG - tty.usbmodem0006822145041: parsed_packet {event: CmdRsp, data: {'opcode': 164, 'status': 0, 'data': bytearray(b'\x00\x00')}}
2019-07-16 15:56:31,501 - INFO - tty.usbmodem0006822145041: AddrPublicationAdd: {'address_handle': 0}
2019-07-16 15:56:38,015 - DEBUG - tty.usbmodem0006822145041: Writing: 97 bytearray(b'')
2019-07-16 15:56:38,020 - DEBUG - tty.usbmodem0006822145041: TX: 0161
2019-07-16 15:56:38,024 - DEBUG - tty.usbmodem0006822145041: RX: 03846100
2019-07-16 15:56:38,024 - DEBUG - tty.usbmodem0006822145041: parsed_packet {event: CmdRsp, data: {'opcode': 97, 'status': 0, 'data': bytearray(b'')}}
2019-07-16 15:56:38,025 - INFO - tty.usbmodem0006822145041: Success
2019-07-16 15:56:49,828 - DEBUG - tty.usbmodem0006822145041: Writing: 98 bytearray(b'')
2019-07-16 15:56:49,832 - DEBUG - tty.usbmodem0006822145041: TX: 0162
2019-07-16 15:56:49,840 - DEBUG - tty.usbmodem0006822145041: RX: 03846200
2019-07-16 15:56:49,850 - DEBUG - tty.usbmodem0006822145041: parsed_packet {event: CmdRsp, data: {'opcode': 98, 'status': 0, 'data': bytearray(b'')}}
2019-07-16 15:56:49,852 - INFO - tty.usbmodem0006822145041: Success
2019-07-16 15:57:29,261 - DEBUG - tty.usbmodem0006822145041: exited read event
