2019-06-27 12:46:59,980 - DEBUG - tty.usbmodem0006822145041: Writing: 105 bytearray(b'Y\xc1\xc8\x13\xb2E\x9a\xe8p\xe6\xb3\x85w\x98\xdb\xe5\r\x99\xe9\t\x84\xd4n\xecSq\x88#\xaf;\xda\x98\x1d3\xb7\xdc\xb1\x11\n*F[Nb\x12\xcf\xaf\xd0Mz\x84\x86\xaa\xe1\nI<R\xe2\xd78|\x97\x15\xfa4\xf5\x87s}\x93\n\xf2\xee$\xc7%\x9d\x05k\xa6\x83p\xe9\x7frM\x9f\xe5\x89\x90\xa2\xf6\x0e|T')
2019-06-27 12:46:59,980 - DEBUG - tty.usbmodem0006822145041: TX: 616959c1c813b2459ae870e6b3857798dbe50d99e90984d46eec53718823af3bda981d33b7dcb1110a2a465b4e6212cfafd04d7a8486aae10a493c52e2d7387c9715fa34f587737d930af2ee24c7259d056ba68370e97f724d9fe58990a2f60e7c54
2019-06-27 12:46:59,990 - DEBUG - tty.usbmodem0006822145041: RX: 03845384
2019-06-27 12:46:59,991 - DEBUG - tty.usbmodem0006822145041: parsed_packet {event: CmdRsp, data: {'opcode': 83, 'status': 132, 'data': bytearray(b'')}}
2019-06-27 12:46:59,991 - ERROR - tty.usbmodem0006822145041: None: ERROR_INVALID_LENGTH
2019-06-27 12:46:59,993 - DEBUG - tty.usbmodem0006822145041: Writing: 159 bytearray(b'\x01\x00\x01\x00')
2019-06-27 12:46:59,993 - DEBUG - tty.usbmodem0006822145041: TX: 059f01000100
2019-06-27 12:46:59,994 - DEBUG - tty.usbmodem0006822145041: RX: 03840084
2019-06-27 12:46:59,995 - DEBUG - tty.usbmodem0006822145041: parsed_packet {event: CmdRsp, data: {'opcode': 0, 'status': 132, 'data': bytearray(b'')}}
2019-06-27 12:46:59,996 - ERROR - tty.usbmodem0006822145041: None: ERROR_INVALID_LENGTH
2019-06-27 12:46:59,996 - DEBUG - tty.usbmodem0006822145041: Writing: 146 bytearray(b'\x00\x00\x18\xee\xd9\xc2\xa5j\xdd\x85\x04\x9f\xfc<Y\xad\x0e\x12')
2019-06-27 12:46:59,997 - DEBUG - tty.usbmodem0006822145041: TX: 1392000018eed9c2a56add85049ffc3c59ad0e12
2019-06-27 12:46:59,997 - DEBUG - tty.usbmodem0006822145041: RX: 03840084
2019-06-27 12:46:59,997 - DEBUG - tty.usbmodem0006822145041: parsed_packet {event: CmdRsp, data: {'opcode': 0, 'status': 132, 'data': bytearray(b'')}}
2019-06-27 12:46:59,998 - ERROR - tty.usbmodem0006822145041: None: ERROR_INVALID_LENGTH
2019-06-27 12:46:59,998 - DEBUG - tty.usbmodem0006822145041: Writing: 151 bytearray(b'\x00\x00\x00\x00Oh\xad\x85\xd9\xf4\x8a\xc8X\x9d\xf6e\xb6\xb4\x9b\x8a')
2019-06-27 12:46:59,999 - DEBUG - tty.usbmodem0006822145041: TX: 1597000000004f68ad85d9f48ac8589df665b6b49b8a
2019-06-27 12:46:59,999 - DEBUG - tty.usbmodem0006822145041: RX: 03840084
2019-06-27 12:46:59,999 - DEBUG - tty.usbmodem0006822145041: parsed_packet {event: CmdRsp, data: {'opcode': 0, 'status': 132, 'data': bytearray(b'')}}
2019-06-27 12:47:00,000 - ERROR - tty.usbmodem0006822145041: None: ERROR_INVALID_LENGTH
2019-06-27 12:47:00,000 - DEBUG - tty.usbmodem0006822145041: Writing: 151 bytearray(b'\x01\x00\x00\x00*\xa2\xa6\xde\xd5\xa0y\x8c\xea\xb5x|\xa3\xae9\xfc')
2019-06-27 12:47:00,000 - DEBUG - tty.usbmodem0006822145041: TX: 1597010000002aa2a6ded5a0798ceab5787ca3ae39fc
2019-06-27 12:47:00,000 - DEBUG - tty.usbmodem0006822145041: RX: 03840084
2019-06-27 12:47:00,001 - DEBUG - tty.usbmodem0006822145041: parsed_packet {event: CmdRsp, data: {'opcode': 0, 'status': 132, 'data': bytearray(b'')}}
2019-06-27 12:47:00,001 - ERROR - tty.usbmodem0006822145041: None: ERROR_INVALID_LENGTH
2019-06-27 12:47:00,001 - DEBUG - tty.usbmodem0006822145041: RX: 03840084
2019-06-27 12:47:00,001 - DEBUG - tty.usbmodem0006822145041: parsed_packet {event: CmdRsp, data: {'opcode': 0, 'status': 132, 'data': bytearray(b'')}}
2019-06-27 12:47:00,001 - ERROR - tty.usbmodem0006822145041: None: ERROR_INVALID_LENGTH
2019-06-27 12:47:00,001 - DEBUG - tty.usbmodem0006822145041: RX: 03840084
2019-06-27 12:47:00,001 - DEBUG - tty.usbmodem0006822145041: parsed_packet {event: CmdRsp, data: {'opcode': 0, 'status': 132, 'data': bytearray(b'')}}
2019-06-27 12:47:00,001 - ERROR - tty.usbmodem0006822145041: None: ERROR_INVALID_LENGTH
2019-06-27 12:47:00,002 - DEBUG - tty.usbmodem0006822145041: RX: 03840084
2019-06-27 12:47:00,002 - DEBUG - tty.usbmodem0006822145041: parsed_packet {event: CmdRsp, data: {'opcode': 0, 'status': 132, 'data': bytearray(b'')}}
2019-06-27 12:47:00,002 - ERROR - tty.usbmodem0006822145041: None: ERROR_INVALID_LENGTH
2019-06-27 12:47:00,003 - DEBUG - tty.usbmodem0006822145041: RX: 03840084
2019-06-27 12:47:00,003 - DEBUG - tty.usbmodem0006822145041: parsed_packet {event: CmdRsp, data: {'opcode': 0, 'status': 132, 'data': bytearray(b'')}}
2019-06-27 12:47:00,003 - ERROR - tty.usbmodem0006822145041: None: ERROR_INVALID_LENGTH
2019-06-27 12:47:00,003 - DEBUG - tty.usbmodem0006822145041: RX: 03840084
2019-06-27 12:47:00,004 - DEBUG - tty.usbmodem0006822145041: parsed_packet {event: CmdRsp, data: {'opcode': 0, 'status': 132, 'data': bytearray(b'')}}
2019-06-27 12:47:00,004 - ERROR - tty.usbmodem0006822145041: None: ERROR_INVALID_LENGTH
2019-06-27 12:47:00,004 - DEBUG - tty.usbmodem0006822145041: RX: 03840084
2019-06-27 12:47:00,005 - DEBUG - tty.usbmodem0006822145041: parsed_packet {event: CmdRsp, data: {'opcode': 0, 'status': 132, 'data': bytearray(b'')}}
2019-06-27 12:47:00,005 - ERROR - tty.usbmodem0006822145041: None: ERROR_INVALID_LENGTH
2019-06-27 12:47:00,005 - DEBUG - tty.usbmodem0006822145041: RX: 03840084
2019-06-27 12:47:00,005 - DEBUG - tty.usbmodem0006822145041: parsed_packet {event: CmdRsp, data: {'opcode': 0, 'status': 132, 'data': bytearray(b'')}}
2019-06-27 12:47:00,006 - ERROR - tty.usbmodem0006822145041: None: ERROR_INVALID_LENGTH
2019-06-27 12:47:00,007 - DEBUG - tty.usbmodem0006822145041: RX: 03840084
2019-06-27 12:47:00,008 - DEBUG - tty.usbmodem0006822145041: parsed_packet {event: CmdRsp, data: {'opcode': 0, 'status': 132, 'data': bytearray(b'')}}
2019-06-27 12:47:00,009 - ERROR - tty.usbmodem0006822145041: None: ERROR_INVALID_LENGTH
2019-06-27 12:47:00,009 - DEBUG - tty.usbmodem0006822145041: RX: 03849f8e
2019-06-27 12:47:00,009 - DEBUG - tty.usbmodem0006822145041: parsed_packet {event: CmdRsp, data: {'opcode': 159, 'status': 142, 'data': bytearray(b'')}}
2019-06-27 12:47:00,009 - ERROR - tty.usbmodem0006822145041: None: ERROR_REJECTED
2019-06-27 12:47:00,009 - DEBUG - tty.usbmodem0006822145041: RX: 03849281
2019-06-27 12:47:00,010 - DEBUG - tty.usbmodem0006822145041: parsed_packet {event: CmdRsp, data: {'opcode': 146, 'status': 129, 'data': bytearray(b'')}}
2019-06-27 12:47:00,010 - ERROR - tty.usbmodem0006822145041: SubnetAdd: ERROR_INTERNAL
2019-06-27 12:47:00,010 - DEBUG - tty.usbmodem0006822145041: RX: 03849781
2019-06-27 12:47:00,010 - DEBUG - tty.usbmodem0006822145041: parsed_packet {event: CmdRsp, data: {'opcode': 151, 'status': 129, 'data': bytearray(b'')}}
2019-06-27 12:47:00,010 - ERROR - tty.usbmodem0006822145041: AppkeyAdd: ERROR_INTERNAL
2019-06-27 12:47:00,010 - DEBUG - tty.usbmodem0006822145041: RX: 03849781
2019-06-27 12:47:00,010 - DEBUG - tty.usbmodem0006822145041: parsed_packet {event: CmdRsp, data: {'opcode': 151, 'status': 129, 'data': bytearray(b'')}}
2019-06-27 12:47:00,011 - ERROR - tty.usbmodem0006822145041: AppkeyAdd: ERROR_INTERNAL
2019-06-27 12:47:07,882 - DEBUG - tty.usbmodem0006822145041: Writing: 97 bytearray(b'')
2019-06-27 12:47:07,885 - DEBUG - tty.usbmodem0006822145041: TX: 0161
2019-06-27 12:47:07,886 - DEBUG - tty.usbmodem0006822145041: RX: 03846100
2019-06-27 12:47:07,887 - DEBUG - tty.usbmodem0006822145041: parsed_packet {event: CmdRsp, data: {'opcode': 97, 'status': 0, 'data': bytearray(b'')}}
2019-06-27 12:47:07,887 - INFO - tty.usbmodem0006822145041: Success
2019-06-27 12:47:09,344 - DEBUG - tty.usbmodem0006822145041: RX: 1ac09db77a0526b8734988639509c242d107d40001c8639509c2c2
2019-06-27 12:47:09,345 - DEBUG - tty.usbmodem0006822145041: parsed_packet {event: ProvUnprovisionedReceived, data: {'uuid': bytearray(b'\x9d\xb7z\x05&\xb8sI\x88c\x95\t\xc2B\xd1\x07'), 'rssi': -44, 'gatt_supported': 0, 'adv_addr_type': 1, 'adv_addr': bytearray(b'\xc8c\x95\t\xc2\xc2')}}
2019-06-27 12:47:09,345 - INFO - tty.usbmodem0006822145041: Received UUID 9db77a0526b8734988639509c242d107 with RSSI: -44 dB
2019-06-27 12:47:09,352 - DEBUG - tty.usbmodem0006822145041: Writing: 98 bytearray(b'')
2019-06-27 12:47:09,363 - DEBUG - tty.usbmodem0006822145041: TX: 0162
2019-06-27 12:47:09,394 - DEBUG - tty.usbmodem0006822145041: Writing: 99 bytearray(b'\x00\x9d\xb7z\x05&\xb8sI\x88c\x95\t\xc2B\xd1\x07\x18\xee\xd9\xc2\xa5j\xdd\x85\x04\x9f\xfc<Y\xad\x0e\x12\x00\x00\x00\x00\x00\x00\x10\x00\x00\x00\x00')
2019-06-27 12:47:09,400 - DEBUG - tty.usbmodem0006822145041: TX: 2d63009db77a0526b8734988639509c242d10718eed9c2a56add85049ffc3c59ad0e120000000000001000000000
2019-06-27 12:47:09,407 - DEBUG - tty.usbmodem0006822145041: RX: 03846200
2019-06-27 12:47:09,432 - DEBUG - tty.usbmodem0006822145041: parsed_packet {event: CmdRsp, data: {'opcode': 98, 'status': 0, 'data': bytearray(b'')}}
2019-06-27 12:47:09,434 - INFO - tty.usbmodem0006822145041: Success
2019-06-27 12:47:09,453 - DEBUG - tty.usbmodem0006822145041: RX: 0484630000
2019-06-27 12:47:09,461 - DEBUG - tty.usbmodem0006822145041: parsed_packet {event: CmdRsp, data: {'opcode': 99, 'status': 0, 'data': bytearray(b'\x00')}}
2019-06-27 12:47:09,461 - INFO - tty.usbmodem0006822145041: Provision: {'context': 0}
2019-06-27 12:47:09,487 - DEBUG - tty.usbmodem0006822145041: RX: 02c100
2019-06-27 12:47:09,494 - DEBUG - tty.usbmodem0006822145041: parsed_packet {event: ProvLinkEstablished, data: {'context_id': 0}}
2019-06-27 12:47:09,497 - INFO - tty.usbmodem0006822145041: Link established
2019-06-27 12:47:09,499 - DEBUG - tty.usbmodem0006822145041: RX: 0bc300030001000000000000
2019-06-27 12:47:09,500 - DEBUG - tty.usbmodem0006822145041: parsed_packet {event: ProvCapsReceived, data: {'context_id': 0, 'num_elements': 3, 'public_key_type': 0, 'static_oob_types': 1, 'output_oob_size': 0, 'output_oob_actions': 0, 'input_oob_size': 0, 'input_oob_actions': 0}}
2019-06-27 12:47:09,503 - INFO - tty.usbmodem0006822145041: Received capabilities
2019-06-27 12:47:09,504 - INFO - tty.usbmodem0006822145041: Number of elements: 3
2019-06-27 12:47:09,508 - DEBUG - tty.usbmodem0006822145041: Writing: 102 bytearray(b'\x00\x00\x00\x00')
2019-06-27 12:47:09,510 - DEBUG - tty.usbmodem0006822145041: TX: 056600000000
2019-06-27 12:47:09,512 - DEBUG - tty.usbmodem0006822145041: RX: 0484660000
2019-06-27 12:47:09,513 - DEBUG - tty.usbmodem0006822145041: parsed_packet {event: CmdRsp, data: {'opcode': 102, 'status': 0, 'data': bytearray(b'\x00')}}
2019-06-27 12:47:09,513 - INFO - tty.usbmodem0006822145041: OobUse: {'context': 0}
