2019-07-05 14:03:07,034 - DEBUG - tty.usbmodem0006822145041: Writing: 105 bytearray(b'\x1e\xdb\x19\xd6\x9d\xc7\xd368\xf6E\x18\xff\xe5\xed\xa3\x00@\xff{\xd0x\x14},\x8d(\x16\x8b\r\x12P\xfeDb\x90\x95Q\xb2\xd6\xafq_\x91\x18cS\x0b\xac\rx\x02U\x94)\x97\x02\xcf\xa9t>\x89]\xeb}\x1f\x91G\xe0e\xe3"v\xcc\xc7\x05\x9fC\xf2\xcdP8|\x98:\x912|\rv\xc1\xc0V!\xc3\xf0')
2019-07-05 14:03:07,034 - DEBUG - tty.usbmodem0006822145041: TX: 61691edb19d69dc7d33638f64518ffe5eda30040ff7bd078147d2c8d28168b0d1250fe4462909551b2d6af715f911863530bac0d78025594299702cfa9743e895deb7d1f9147e065e32276ccc7059f43f2cd50387c983a91327c0d76c1c05621c3f0
2019-07-05 14:03:07,044 - DEBUG - tty.usbmodem0006822145041: RX: 03845384
2019-07-05 14:03:07,045 - DEBUG - tty.usbmodem0006822145041: parsed_packet {event: CmdRsp, data: {'opcode': 83, 'status': 132, 'data': bytearray(b'')}}
2019-07-05 14:03:07,045 - DEBUG - tty.usbmodem0006822145041: Writing: 159 bytearray(b'\x01\x00\x01\x00')
2019-07-05 14:03:07,045 - ERROR - tty.usbmodem0006822145041: None: ERROR_INVALID_LENGTH
2019-07-05 14:03:07,046 - DEBUG - tty.usbmodem0006822145041: TX: 059f01000100
2019-07-05 14:03:07,046 - DEBUG - tty.usbmodem0006822145041: RX: 03840084
2019-07-05 14:03:07,046 - DEBUG - tty.usbmodem0006822145041: parsed_packet {event: CmdRsp, data: {'opcode': 0, 'status': 132, 'data': bytearray(b'')}}
2019-07-05 14:03:07,047 - DEBUG - tty.usbmodem0006822145041: Writing: 146 bytearray(b'\x00\x00\x18\xee\xd9\xc2\xa5j\xdd\x85\x04\x9f\xfc<Y\xad\x0e\x12')
2019-07-05 14:03:07,046 - ERROR - tty.usbmodem0006822145041: None: ERROR_INVALID_LENGTH
2019-07-05 14:03:07,047 - DEBUG - tty.usbmodem0006822145041: TX: 1392000018eed9c2a56add85049ffc3c59ad0e12
2019-07-05 14:03:07,047 - DEBUG - tty.usbmodem0006822145041: RX: 03840084
2019-07-05 14:03:07,047 - DEBUG - tty.usbmodem0006822145041: parsed_packet {event: CmdRsp, data: {'opcode': 0, 'status': 132, 'data': bytearray(b'')}}
2019-07-05 14:03:07,048 - ERROR - tty.usbmodem0006822145041: None: ERROR_INVALID_LENGTH
2019-07-05 14:03:07,048 - DEBUG - tty.usbmodem0006822145041: Writing: 151 bytearray(b'\x00\x00\x00\x00Oh\xad\x85\xd9\xf4\x8a\xc8X\x9d\xf6e\xb6\xb4\x9b\x8a')
2019-07-05 14:03:07,048 - DEBUG - tty.usbmodem0006822145041: TX: 1597000000004f68ad85d9f48ac8589df665b6b49b8a
2019-07-05 14:03:07,048 - DEBUG - tty.usbmodem0006822145041: RX: 03840084
2019-07-05 14:03:07,048 - DEBUG - tty.usbmodem0006822145041: parsed_packet {event: CmdRsp, data: {'opcode': 0, 'status': 132, 'data': bytearray(b'')}}
2019-07-05 14:03:07,049 - DEBUG - tty.usbmodem0006822145041: Writing: 151 bytearray(b'\x01\x00\x00\x00*\xa2\xa6\xde\xd5\xa0y\x8c\xea\xb5x|\xa3\xae9\xfc')
2019-07-05 14:03:07,048 - ERROR - tty.usbmodem0006822145041: None: ERROR_INVALID_LENGTH
2019-07-05 14:03:07,049 - DEBUG - tty.usbmodem0006822145041: TX: 1597010000002aa2a6ded5a0798ceab5787ca3ae39fc
2019-07-05 14:03:07,050 - DEBUG - tty.usbmodem0006822145041: RX: 03840084
2019-07-05 14:03:07,050 - DEBUG - tty.usbmodem0006822145041: parsed_packet {event: CmdRsp, data: {'opcode': 0, 'status': 132, 'data': bytearray(b'')}}
2019-07-05 14:03:07,050 - ERROR - tty.usbmodem0006822145041: None: ERROR_INVALID_LENGTH
2019-07-05 14:03:07,050 - DEBUG - tty.usbmodem0006822145041: RX: 03840084
2019-07-05 14:03:07,051 - DEBUG - tty.usbmodem0006822145041: parsed_packet {event: CmdRsp, data: {'opcode': 0, 'status': 132, 'data': bytearray(b'')}}
2019-07-05 14:03:07,051 - ERROR - tty.usbmodem0006822145041: None: ERROR_INVALID_LENGTH
2019-07-05 14:03:07,051 - DEBUG - tty.usbmodem0006822145041: RX: 03840084
2019-07-05 14:03:07,051 - DEBUG - tty.usbmodem0006822145041: parsed_packet {event: CmdRsp, data: {'opcode': 0, 'status': 132, 'data': bytearray(b'')}}
2019-07-05 14:03:07,051 - ERROR - tty.usbmodem0006822145041: None: ERROR_INVALID_LENGTH
2019-07-05 14:03:07,051 - DEBUG - tty.usbmodem0006822145041: RX: 03840084
2019-07-05 14:03:07,052 - DEBUG - tty.usbmodem0006822145041: parsed_packet {event: CmdRsp, data: {'opcode': 0, 'status': 132, 'data': bytearray(b'')}}
2019-07-05 14:03:07,052 - ERROR - tty.usbmodem0006822145041: None: ERROR_INVALID_LENGTH
2019-07-05 14:03:07,052 - DEBUG - tty.usbmodem0006822145041: RX: 03840084
2019-07-05 14:03:07,052 - DEBUG - tty.usbmodem0006822145041: parsed_packet {event: CmdRsp, data: {'opcode': 0, 'status': 132, 'data': bytearray(b'')}}
2019-07-05 14:03:07,052 - ERROR - tty.usbmodem0006822145041: None: ERROR_INVALID_LENGTH
2019-07-05 14:03:07,052 - DEBUG - tty.usbmodem0006822145041: RX: 03840084
2019-07-05 14:03:07,052 - DEBUG - tty.usbmodem0006822145041: parsed_packet {event: CmdRsp, data: {'opcode': 0, 'status': 132, 'data': bytearray(b'')}}
2019-07-05 14:03:07,053 - ERROR - tty.usbmodem0006822145041: None: ERROR_INVALID_LENGTH
2019-07-05 14:03:07,053 - DEBUG - tty.usbmodem0006822145041: RX: 03840084
2019-07-05 14:03:07,053 - DEBUG - tty.usbmodem0006822145041: parsed_packet {event: CmdRsp, data: {'opcode': 0, 'status': 132, 'data': bytearray(b'')}}
2019-07-05 14:03:07,053 - ERROR - tty.usbmodem0006822145041: None: ERROR_INVALID_LENGTH
2019-07-05 14:03:07,053 - DEBUG - tty.usbmodem0006822145041: RX: 03840084
2019-07-05 14:03:07,053 - DEBUG - tty.usbmodem0006822145041: parsed_packet {event: CmdRsp, data: {'opcode': 0, 'status': 132, 'data': bytearray(b'')}}
2019-07-05 14:03:07,053 - ERROR - tty.usbmodem0006822145041: None: ERROR_INVALID_LENGTH
2019-07-05 14:03:07,054 - DEBUG - tty.usbmodem0006822145041: RX: 03840084
2019-07-05 14:03:07,054 - DEBUG - tty.usbmodem0006822145041: parsed_packet {event: CmdRsp, data: {'opcode': 0, 'status': 132, 'data': bytearray(b'')}}
2019-07-05 14:03:07,054 - ERROR - tty.usbmodem0006822145041: None: ERROR_INVALID_LENGTH
2019-07-05 14:03:07,055 - DEBUG - tty.usbmodem0006822145041: RX: 03849f8e
2019-07-05 14:03:07,055 - DEBUG - tty.usbmodem0006822145041: parsed_packet {event: CmdRsp, data: {'opcode': 159, 'status': 142, 'data': bytearray(b'')}}
2019-07-05 14:03:07,055 - ERROR - tty.usbmodem0006822145041: None: ERROR_REJECTED
2019-07-05 14:03:07,055 - DEBUG - tty.usbmodem0006822145041: RX: 03849281
2019-07-05 14:03:07,055 - DEBUG - tty.usbmodem0006822145041: parsed_packet {event: CmdRsp, data: {'opcode': 146, 'status': 129, 'data': bytearray(b'')}}
2019-07-05 14:03:07,055 - ERROR - tty.usbmodem0006822145041: SubnetAdd: ERROR_INTERNAL
2019-07-05 14:03:07,056 - DEBUG - tty.usbmodem0006822145041: RX: 03849781
2019-07-05 14:03:07,056 - DEBUG - tty.usbmodem0006822145041: parsed_packet {event: CmdRsp, data: {'opcode': 151, 'status': 129, 'data': bytearray(b'')}}
2019-07-05 14:03:07,056 - ERROR - tty.usbmodem0006822145041: AppkeyAdd: ERROR_INTERNAL
2019-07-05 14:03:07,056 - DEBUG - tty.usbmodem0006822145041: RX: 03849781
2019-07-05 14:03:07,056 - DEBUG - tty.usbmodem0006822145041: parsed_packet {event: CmdRsp, data: {'opcode': 151, 'status': 129, 'data': bytearray(b'')}}
2019-07-05 14:03:07,056 - ERROR - tty.usbmodem0006822145041: AppkeyAdd: ERROR_INTERNAL
2019-07-05 14:03:14,925 - DEBUG - tty.usbmodem0006822145041: Writing: 97 bytearray(b'')
2019-07-05 14:03:14,926 - DEBUG - tty.usbmodem0006822145041: TX: 0161
2019-07-05 14:03:14,927 - DEBUG - tty.usbmodem0006822145041: RX: 03846183
2019-07-05 14:03:14,927 - DEBUG - tty.usbmodem0006822145041: parsed_packet {event: CmdRsp, data: {'opcode': 97, 'status': 131, 'data': bytearray(b'')}}
2019-07-05 14:03:14,928 - ERROR - tty.usbmodem0006822145041: None: ERROR_INVALID_STATE
2019-07-05 14:03:28,695 - DEBUG - tty.usbmodem0006822145041: Writing: 105 bytearray(b'\x0e\xc5\x18\x13\x9b}f\t\x84\xe0\xc6\x89\xe8\x12P\xd9r|\xb3\xc9Z\xbfV\x86`cZ|\xc1\xc6\'U\x1e\x84\xea\xa0}\xc7\x1d4\x83\xca\xf4e.\xeb\xca\xc1\x1d\xf0\xef\xb3Ly\x06\x10\x17\x7f\xd3\x1dB\xdd\x8d\xaby\xb7Z3\xec"[B\xc3\x03x\x8e\xaf\xbb\xe4\xeb\xd5aQ`f\x96K\xf1\x9d\xd7Hx\xdbb\xaf\xb7')
2019-07-05 14:03:28,695 - DEBUG - tty.usbmodem0006822145041: TX: 61690ec518139b7d660984e0c689e81250d9727cb3c95abf568660635a7cc1c627551e84eaa07dc71d3483caf4652eebcac11df0efb34c790610177fd31d42dd8dab79b75a33ec225b42c303788eafbbe4ebd561516066964bf19dd74878db62afb7
2019-07-05 14:03:28,705 - DEBUG - tty.usbmodem0006822145041: RX: 03845384
2019-07-05 14:03:28,705 - DEBUG - tty.usbmodem0006822145041: parsed_packet {event: CmdRsp, data: {'opcode': 83, 'status': 132, 'data': bytearray(b'')}}
2019-07-05 14:03:28,705 - ERROR - tty.usbmodem0006822145041: None: ERROR_INVALID_LENGTH
2019-07-05 14:03:28,705 - DEBUG - tty.usbmodem0006822145041: Writing: 159 bytearray(b'\x01\x00\x01\x00')
2019-07-05 14:03:28,706 - DEBUG - tty.usbmodem0006822145041: TX: 059f01000100
2019-07-05 14:03:28,706 - DEBUG - tty.usbmodem0006822145041: RX: 03840084
2019-07-05 14:03:28,706 - DEBUG - tty.usbmodem0006822145041: parsed_packet {event: CmdRsp, data: {'opcode': 0, 'status': 132, 'data': bytearray(b'')}}
2019-07-05 14:03:28,706 - ERROR - tty.usbmodem0006822145041: None: ERROR_INVALID_LENGTH
2019-07-05 14:03:28,706 - DEBUG - tty.usbmodem0006822145041: Writing: 146 bytearray(b'\x00\x00\x18\xee\xd9\xc2\xa5j\xdd\x85\x04\x9f\xfc<Y\xad\x0e\x12')
2019-07-05 14:03:28,706 - DEBUG - tty.usbmodem0006822145041: TX: 1392000018eed9c2a56add85049ffc3c59ad0e12
2019-07-05 14:03:28,707 - DEBUG - tty.usbmodem0006822145041: RX: 03840084
2019-07-05 14:03:28,707 - DEBUG - tty.usbmodem0006822145041: parsed_packet {event: CmdRsp, data: {'opcode': 0, 'status': 132, 'data': bytearray(b'')}}
2019-07-05 14:03:28,707 - ERROR - tty.usbmodem0006822145041: None: ERROR_INVALID_LENGTH
2019-07-05 14:03:28,707 - DEBUG - tty.usbmodem0006822145041: Writing: 151 bytearray(b'\x00\x00\x00\x00Oh\xad\x85\xd9\xf4\x8a\xc8X\x9d\xf6e\xb6\xb4\x9b\x8a')
2019-07-05 14:03:28,707 - DEBUG - tty.usbmodem0006822145041: TX: 1597000000004f68ad85d9f48ac8589df665b6b49b8a
2019-07-05 14:03:28,708 - DEBUG - tty.usbmodem0006822145041: RX: 03840084
2019-07-05 14:03:28,708 - DEBUG - tty.usbmodem0006822145041: parsed_packet {event: CmdRsp, data: {'opcode': 0, 'status': 132, 'data': bytearray(b'')}}
2019-07-05 14:03:28,708 - ERROR - tty.usbmodem0006822145041: None: ERROR_INVALID_LENGTH
2019-07-05 14:03:28,708 - DEBUG - tty.usbmodem0006822145041: Writing: 151 bytearray(b'\x01\x00\x00\x00*\xa2\xa6\xde\xd5\xa0y\x8c\xea\xb5x|\xa3\xae9\xfc')
2019-07-05 14:03:28,708 - DEBUG - tty.usbmodem0006822145041: TX: 1597010000002aa2a6ded5a0798ceab5787ca3ae39fc
2019-07-05 14:03:28,708 - DEBUG - tty.usbmodem0006822145041: RX: 03840084
2019-07-05 14:03:28,709 - DEBUG - tty.usbmodem0006822145041: parsed_packet {event: CmdRsp, data: {'opcode': 0, 'status': 132, 'data': bytearray(b'')}}
2019-07-05 14:03:28,709 - ERROR - tty.usbmodem0006822145041: None: ERROR_INVALID_LENGTH
2019-07-05 14:03:28,709 - DEBUG - tty.usbmodem0006822145041: RX: 03840084
2019-07-05 14:03:28,709 - DEBUG - tty.usbmodem0006822145041: parsed_packet {event: CmdRsp, data: {'opcode': 0, 'status': 132, 'data': bytearray(b'')}}
2019-07-05 14:03:28,709 - ERROR - tty.usbmodem0006822145041: None: ERROR_INVALID_LENGTH
2019-07-05 14:03:28,709 - DEBUG - tty.usbmodem0006822145041: RX: 03840084
2019-07-05 14:03:28,709 - DEBUG - tty.usbmodem0006822145041: parsed_packet {event: CmdRsp, data: {'opcode': 0, 'status': 132, 'data': bytearray(b'')}}
2019-07-05 14:03:28,709 - ERROR - tty.usbmodem0006822145041: None: ERROR_INVALID_LENGTH
2019-07-05 14:03:28,710 - DEBUG - tty.usbmodem0006822145041: RX: 03840084
2019-07-05 14:03:28,710 - DEBUG - tty.usbmodem0006822145041: parsed_packet {event: CmdRsp, data: {'opcode': 0, 'status': 132, 'data': bytearray(b'')}}
2019-07-05 14:03:28,710 - ERROR - tty.usbmodem0006822145041: None: ERROR_INVALID_LENGTH
2019-07-05 14:03:28,710 - DEBUG - tty.usbmodem0006822145041: RX: 03840084
2019-07-05 14:03:28,710 - DEBUG - tty.usbmodem0006822145041: parsed_packet {event: CmdRsp, data: {'opcode': 0, 'status': 132, 'data': bytearray(b'')}}
2019-07-05 14:03:28,710 - ERROR - tty.usbmodem0006822145041: None: ERROR_INVALID_LENGTH
2019-07-05 14:03:28,710 - DEBUG - tty.usbmodem0006822145041: RX: 03840084
2019-07-05 14:03:28,710 - DEBUG - tty.usbmodem0006822145041: parsed_packet {event: CmdRsp, data: {'opcode': 0, 'status': 132, 'data': bytearray(b'')}}
2019-07-05 14:03:28,711 - ERROR - tty.usbmodem0006822145041: None: ERROR_INVALID_LENGTH
2019-07-05 14:03:28,711 - DEBUG - tty.usbmodem0006822145041: RX: 03840084
2019-07-05 14:03:28,711 - DEBUG - tty.usbmodem0006822145041: parsed_packet {event: CmdRsp, data: {'opcode': 0, 'status': 132, 'data': bytearray(b'')}}
2019-07-05 14:03:28,711 - ERROR - tty.usbmodem0006822145041: None: ERROR_INVALID_LENGTH
2019-07-05 14:03:28,711 - DEBUG - tty.usbmodem0006822145041: RX: 03840084
2019-07-05 14:03:28,711 - DEBUG - tty.usbmodem0006822145041: parsed_packet {event: CmdRsp, data: {'opcode': 0, 'status': 132, 'data': bytearray(b'')}}
2019-07-05 14:03:28,712 - ERROR - tty.usbmodem0006822145041: None: ERROR_INVALID_LENGTH
2019-07-05 14:03:28,712 - DEBUG - tty.usbmodem0006822145041: RX: 03840084
2019-07-05 14:03:28,712 - DEBUG - tty.usbmodem0006822145041: parsed_packet {event: CmdRsp, data: {'opcode': 0, 'status': 132, 'data': bytearray(b'')}}
2019-07-05 14:03:28,712 - ERROR - tty.usbmodem0006822145041: None: ERROR_INVALID_LENGTH
2019-07-05 14:03:28,712 - DEBUG - tty.usbmodem0006822145041: RX: 03849f8e
2019-07-05 14:03:28,712 - DEBUG - tty.usbmodem0006822145041: parsed_packet {event: CmdRsp, data: {'opcode': 159, 'status': 142, 'data': bytearray(b'')}}
2019-07-05 14:03:28,713 - ERROR - tty.usbmodem0006822145041: None: ERROR_REJECTED
2019-07-05 14:03:28,713 - DEBUG - tty.usbmodem0006822145041: RX: 03849281
2019-07-05 14:03:28,713 - DEBUG - tty.usbmodem0006822145041: parsed_packet {event: CmdRsp, data: {'opcode': 146, 'status': 129, 'data': bytearray(b'')}}
2019-07-05 14:03:28,713 - ERROR - tty.usbmodem0006822145041: SubnetAdd: ERROR_INTERNAL
2019-07-05 14:03:28,713 - DEBUG - tty.usbmodem0006822145041: RX: 03849781
2019-07-05 14:03:28,714 - DEBUG - tty.usbmodem0006822145041: parsed_packet {event: CmdRsp, data: {'opcode': 151, 'status': 129, 'data': bytearray(b'')}}
2019-07-05 14:03:28,714 - ERROR - tty.usbmodem0006822145041: AppkeyAdd: ERROR_INTERNAL
2019-07-05 14:03:28,714 - DEBUG - tty.usbmodem0006822145041: RX: 03849781
2019-07-05 14:03:28,714 - DEBUG - tty.usbmodem0006822145041: parsed_packet {event: CmdRsp, data: {'opcode': 151, 'status': 129, 'data': bytearray(b'')}}
2019-07-05 14:03:28,714 - ERROR - tty.usbmodem0006822145041: AppkeyAdd: ERROR_INTERNAL
2019-07-05 14:03:36,974 - DEBUG - tty.usbmodem0006822145041: Writing: 97 bytearray(b'')
2019-07-05 14:03:36,974 - DEBUG - tty.usbmodem0006822145041: TX: 0161
2019-07-05 14:03:36,976 - DEBUG - tty.usbmodem0006822145041: RX: 03846183
2019-07-05 14:03:36,976 - DEBUG - tty.usbmodem0006822145041: parsed_packet {event: CmdRsp, data: {'opcode': 97, 'status': 131, 'data': bytearray(b'')}}
2019-07-05 14:03:36,976 - ERROR - tty.usbmodem0006822145041: None: ERROR_INVALID_STATE
