2019-07-05 15:41:06,788 - DEBUG - tty.usbmodem0006822145041: Writing: 105 bytearray(b'\xb4FV]6\xcbE\xab\n/\x82\x9a\xb6\x10m\xb7\xd7k$`\x05\xcb:\xbct\x17\xa7D\xf2\xf2\xd4\xed\xf9\xd6\x8b$\x0f\xf7\x1d\x8dy\x1f\xc7E-\x9f\xfa\xb06\xafb\x0cB\t\xaf\xa3\nxU.\nF\x19f.\x93\xea~\xf6g\xe6\x89\x8dA\xc2\xa5\x89C\x83y\xd1T\xc8\xdbu\x07\x0f\x13\x9cA\xc2VH\x07\x07\x07')
2019-07-05 15:41:06,789 - DEBUG - tty.usbmodem0006822145041: TX: 6169b446565d36cb45ab0a2f829ab6106db7d76b246005cb3abc7417a744f2f2d4edf9d68b240ff71d8d791fc7452d9ffab036af620c4209afa30a78552e0a4619662e93ea7ef667e6898d41c2a589438379d154c8db75070f139c41c25648070707
2019-07-05 15:41:06,799 - DEBUG - tty.usbmodem0006822145041: RX: 03845384
2019-07-05 15:41:06,799 - DEBUG - tty.usbmodem0006822145041: parsed_packet {event: CmdRsp, data: {'opcode': 83, 'status': 132, 'data': bytearray(b'')}}
2019-07-05 15:41:06,800 - DEBUG - tty.usbmodem0006822145041: Writing: 159 bytearray(b'\x01\x00\x01\x00')
2019-07-05 15:41:06,799 - ERROR - tty.usbmodem0006822145041: None: ERROR_INVALID_LENGTH
2019-07-05 15:41:06,800 - DEBUG - tty.usbmodem0006822145041: TX: 059f01000100
2019-07-05 15:41:06,800 - DEBUG - tty.usbmodem0006822145041: RX: 03840084
2019-07-05 15:41:06,800 - DEBUG - tty.usbmodem0006822145041: parsed_packet {event: CmdRsp, data: {'opcode': 0, 'status': 132, 'data': bytearray(b'')}}
2019-07-05 15:41:06,801 - DEBUG - tty.usbmodem0006822145041: Writing: 146 bytearray(b'\x00\x00\x18\xee\xd9\xc2\xa5j\xdd\x85\x04\x9f\xfc<Y\xad\x0e\x12')
2019-07-05 15:41:06,801 - DEBUG - tty.usbmodem0006822145041: TX: 1392000018eed9c2a56add85049ffc3c59ad0e12
2019-07-05 15:41:06,801 - ERROR - tty.usbmodem0006822145041: None: ERROR_INVALID_LENGTH
2019-07-05 15:41:06,801 - DEBUG - tty.usbmodem0006822145041: RX: 03840084
2019-07-05 15:41:06,802 - DEBUG - tty.usbmodem0006822145041: parsed_packet {event: CmdRsp, data: {'opcode': 0, 'status': 132, 'data': bytearray(b'')}}
2019-07-05 15:41:06,802 - DEBUG - tty.usbmodem0006822145041: Writing: 151 bytearray(b'\x00\x00\x00\x00Oh\xad\x85\xd9\xf4\x8a\xc8X\x9d\xf6e\xb6\xb4\x9b\x8a')
2019-07-05 15:41:06,802 - ERROR - tty.usbmodem0006822145041: None: ERROR_INVALID_LENGTH
2019-07-05 15:41:06,802 - DEBUG - tty.usbmodem0006822145041: TX: 1597000000004f68ad85d9f48ac8589df665b6b49b8a
2019-07-05 15:41:06,802 - DEBUG - tty.usbmodem0006822145041: RX: 03840084
2019-07-05 15:41:06,803 - DEBUG - tty.usbmodem0006822145041: parsed_packet {event: CmdRsp, data: {'opcode': 0, 'status': 132, 'data': bytearray(b'')}}
2019-07-05 15:41:06,803 - DEBUG - tty.usbmodem0006822145041: Writing: 151 bytearray(b'\x01\x00\x00\x00*\xa2\xa6\xde\xd5\xa0y\x8c\xea\xb5x|\xa3\xae9\xfc')
2019-07-05 15:41:06,803 - DEBUG - tty.usbmodem0006822145041: TX: 1597010000002aa2a6ded5a0798ceab5787ca3ae39fc
2019-07-05 15:41:06,803 - ERROR - tty.usbmodem0006822145041: None: ERROR_INVALID_LENGTH
2019-07-05 15:41:06,803 - DEBUG - tty.usbmodem0006822145041: RX: 03840084
2019-07-05 15:41:06,804 - DEBUG - tty.usbmodem0006822145041: parsed_packet {event: CmdRsp, data: {'opcode': 0, 'status': 132, 'data': bytearray(b'')}}
2019-07-05 15:41:06,804 - ERROR - tty.usbmodem0006822145041: None: ERROR_INVALID_LENGTH
2019-07-05 15:41:06,804 - DEBUG - tty.usbmodem0006822145041: RX: 03840084
2019-07-05 15:41:06,804 - DEBUG - tty.usbmodem0006822145041: parsed_packet {event: CmdRsp, data: {'opcode': 0, 'status': 132, 'data': bytearray(b'')}}
2019-07-05 15:41:06,804 - ERROR - tty.usbmodem0006822145041: None: ERROR_INVALID_LENGTH
2019-07-05 15:41:06,804 - DEBUG - tty.usbmodem0006822145041: RX: 03840084
2019-07-05 15:41:06,805 - DEBUG - tty.usbmodem0006822145041: parsed_packet {event: CmdRsp, data: {'opcode': 0, 'status': 132, 'data': bytearray(b'')}}
2019-07-05 15:41:06,805 - ERROR - tty.usbmodem0006822145041: None: ERROR_INVALID_LENGTH
2019-07-05 15:41:06,805 - DEBUG - tty.usbmodem0006822145041: RX: 03840084
2019-07-05 15:41:06,805 - DEBUG - tty.usbmodem0006822145041: parsed_packet {event: CmdRsp, data: {'opcode': 0, 'status': 132, 'data': bytearray(b'')}}
2019-07-05 15:41:06,805 - ERROR - tty.usbmodem0006822145041: None: ERROR_INVALID_LENGTH
2019-07-05 15:41:06,805 - DEBUG - tty.usbmodem0006822145041: RX: 03840084
2019-07-05 15:41:06,806 - DEBUG - tty.usbmodem0006822145041: parsed_packet {event: CmdRsp, data: {'opcode': 0, 'status': 132, 'data': bytearray(b'')}}
2019-07-05 15:41:06,806 - ERROR - tty.usbmodem0006822145041: None: ERROR_INVALID_LENGTH
2019-07-05 15:41:06,806 - DEBUG - tty.usbmodem0006822145041: RX: 03840084
2019-07-05 15:41:06,806 - DEBUG - tty.usbmodem0006822145041: parsed_packet {event: CmdRsp, data: {'opcode': 0, 'status': 132, 'data': bytearray(b'')}}
2019-07-05 15:41:06,806 - ERROR - tty.usbmodem0006822145041: None: ERROR_INVALID_LENGTH
2019-07-05 15:41:06,807 - DEBUG - tty.usbmodem0006822145041: RX: 03840084
2019-07-05 15:41:06,807 - DEBUG - tty.usbmodem0006822145041: parsed_packet {event: CmdRsp, data: {'opcode': 0, 'status': 132, 'data': bytearray(b'')}}
2019-07-05 15:41:06,807 - ERROR - tty.usbmodem0006822145041: None: ERROR_INVALID_LENGTH
2019-07-05 15:41:06,807 - DEBUG - tty.usbmodem0006822145041: RX: 03840084
2019-07-05 15:41:06,807 - DEBUG - tty.usbmodem0006822145041: parsed_packet {event: CmdRsp, data: {'opcode': 0, 'status': 132, 'data': bytearray(b'')}}
2019-07-05 15:41:06,807 - ERROR - tty.usbmodem0006822145041: None: ERROR_INVALID_LENGTH
2019-07-05 15:41:06,807 - DEBUG - tty.usbmodem0006822145041: RX: 03840084
2019-07-05 15:41:06,808 - DEBUG - tty.usbmodem0006822145041: parsed_packet {event: CmdRsp, data: {'opcode': 0, 'status': 132, 'data': bytearray(b'')}}
2019-07-05 15:41:06,808 - ERROR - tty.usbmodem0006822145041: None: ERROR_INVALID_LENGTH
2019-07-05 15:41:06,808 - DEBUG - tty.usbmodem0006822145041: RX: 03849f8e
2019-07-05 15:41:06,808 - DEBUG - tty.usbmodem0006822145041: parsed_packet {event: CmdRsp, data: {'opcode': 159, 'status': 142, 'data': bytearray(b'')}}
2019-07-05 15:41:06,808 - ERROR - tty.usbmodem0006822145041: None: ERROR_REJECTED
2019-07-05 15:41:06,808 - DEBUG - tty.usbmodem0006822145041: RX: 03849281
2019-07-05 15:41:06,809 - DEBUG - tty.usbmodem0006822145041: parsed_packet {event: CmdRsp, data: {'opcode': 146, 'status': 129, 'data': bytearray(b'')}}
2019-07-05 15:41:06,809 - ERROR - tty.usbmodem0006822145041: SubnetAdd: ERROR_INTERNAL
2019-07-05 15:41:06,809 - DEBUG - tty.usbmodem0006822145041: RX: 03849781
2019-07-05 15:41:06,809 - DEBUG - tty.usbmodem0006822145041: parsed_packet {event: CmdRsp, data: {'opcode': 151, 'status': 129, 'data': bytearray(b'')}}
2019-07-05 15:41:06,809 - ERROR - tty.usbmodem0006822145041: AppkeyAdd: ERROR_INTERNAL
2019-07-05 15:41:06,809 - DEBUG - tty.usbmodem0006822145041: RX: 03849781
2019-07-05 15:41:06,810 - DEBUG - tty.usbmodem0006822145041: parsed_packet {event: CmdRsp, data: {'opcode': 151, 'status': 129, 'data': bytearray(b'')}}
2019-07-05 15:41:06,810 - ERROR - tty.usbmodem0006822145041: AppkeyAdd: ERROR_INTERNAL
2019-07-05 15:41:14,115 - DEBUG - tty.usbmodem0006822145041: Writing: 97 bytearray(b'')
2019-07-05 15:41:14,115 - DEBUG - tty.usbmodem0006822145041: TX: 0161
2019-07-05 15:41:14,117 - DEBUG - tty.usbmodem0006822145041: RX: 03846100
2019-07-05 15:41:14,117 - DEBUG - tty.usbmodem0006822145041: parsed_packet {event: CmdRsp, data: {'opcode': 97, 'status': 0, 'data': bytearray(b'')}}
2019-07-05 15:41:14,117 - INFO - tty.usbmodem0006822145041: Success
2019-07-05 15:41:14,357 - DEBUG - tty.usbmodem0006822145041: RX: 1ac09db77a0526b8734988639509c242d107ce0001c8639509c2c2
2019-07-05 15:41:14,357 - DEBUG - tty.usbmodem0006822145041: parsed_packet {event: ProvUnprovisionedReceived, data: {'uuid': bytearray(b'\x9d\xb7z\x05&\xb8sI\x88c\x95\t\xc2B\xd1\x07'), 'rssi': -50, 'gatt_supported': 0, 'adv_addr_type': 1, 'adv_addr': bytearray(b'\xc8c\x95\t\xc2\xc2')}}
2019-07-05 15:41:14,357 - INFO - tty.usbmodem0006822145041: {event: ProvUnprovisionedReceived, data: {'uuid': bytearray(b'\x9d\xb7z\x05&\xb8sI\x88c\x95\t\xc2B\xd1\x07'), 'rssi': -50, 'gatt_supported': 0, 'adv_addr_type': 1, 'adv_addr': bytearray(b'\xc8c\x95\t\xc2\xc2')}}
2019-07-05 15:41:14,357 - INFO - tty.usbmodem0006822145041: Received UUID 9db77a0526b8734988639509c242d107 with RSSI: -50 dB
2019-07-05 15:41:14,359 - DEBUG - tty.usbmodem0006822145041: Writing: 98 bytearray(b'')
2019-07-05 15:41:14,359 - DEBUG - tty.usbmodem0006822145041: TX: 0162
2019-07-05 15:41:14,359 - DEBUG - tty.usbmodem0006822145041: Writing: 99 bytearray(b'\x00\x9d\xb7z\x05&\xb8sI\x88c\x95\t\xc2B\xd1\x07\x18\xee\xd9\xc2\xa5j\xdd\x85\x04\x9f\xfc<Y\xad\x0e\x12\x00\x00\x00\x00\x00\x00\x10\x00\x00\x00\x00')
2019-07-05 15:41:14,359 - DEBUG - tty.usbmodem0006822145041: TX: 2d63009db77a0526b8734988639509c242d10718eed9c2a56add85049ffc3c59ad0e120000000000001000000000
2019-07-05 15:41:14,361 - DEBUG - tty.usbmodem0006822145041: RX: 03846200
2019-07-05 15:41:14,361 - DEBUG - tty.usbmodem0006822145041: parsed_packet {event: CmdRsp, data: {'opcode': 98, 'status': 0, 'data': bytearray(b'')}}
2019-07-05 15:41:14,361 - INFO - tty.usbmodem0006822145041: Success
2019-07-05 15:41:14,365 - DEBUG - tty.usbmodem0006822145041: RX: 0484630000
2019-07-05 15:41:14,365 - DEBUG - tty.usbmodem0006822145041: parsed_packet {event: CmdRsp, data: {'opcode': 99, 'status': 0, 'data': bytearray(b'\x00')}}
2019-07-05 15:41:14,365 - INFO - tty.usbmodem0006822145041: Provision: {'context': 0}
2019-07-05 15:41:14,393 - DEBUG - tty.usbmodem0006822145041: RX: 02c100
2019-07-05 15:41:14,394 - DEBUG - tty.usbmodem0006822145041: parsed_packet {event: ProvLinkEstablished, data: {'context_id': 0}}
2019-07-05 15:41:14,395 - INFO - tty.usbmodem0006822145041: {event: ProvLinkEstablished, data: {'context_id': 0}}
2019-07-05 15:41:14,397 - INFO - tty.usbmodem0006822145041: Link established
2019-07-05 15:41:14,442 - DEBUG - tty.usbmodem0006822145041: RX: 0bc3000e0001000000000000
2019-07-05 15:41:14,443 - DEBUG - tty.usbmodem0006822145041: parsed_packet {event: ProvCapsReceived, data: {'context_id': 0, 'num_elements': 14, 'public_key_type': 0, 'static_oob_types': 1, 'output_oob_size': 0, 'output_oob_actions': 0, 'input_oob_size': 0, 'input_oob_actions': 0}}
2019-07-05 15:41:14,444 - INFO - tty.usbmodem0006822145041: {event: ProvCapsReceived, data: {'context_id': 0, 'num_elements': 14, 'public_key_type': 0, 'static_oob_types': 1, 'output_oob_size': 0, 'output_oob_actions': 0, 'input_oob_size': 0, 'input_oob_actions': 0}}
2019-07-05 15:41:14,444 - INFO - tty.usbmodem0006822145041: Received capabilities
2019-07-05 15:41:14,444 - INFO - tty.usbmodem0006822145041: Number of elements: 14
2019-07-05 15:41:14,446 - DEBUG - tty.usbmodem0006822145041: Writing: 102 bytearray(b'\x00\x00\x00\x00')
2019-07-05 15:41:14,446 - DEBUG - tty.usbmodem0006822145041: TX: 056600000000
2019-07-05 15:41:14,449 - DEBUG - tty.usbmodem0006822145041: RX: 0484660000
2019-07-05 15:41:14,450 - DEBUG - tty.usbmodem0006822145041: parsed_packet {event: CmdRsp, data: {'opcode': 102, 'status': 0, 'data': bytearray(b'\x00')}}
2019-07-05 15:41:14,450 - INFO - tty.usbmodem0006822145041: OobUse: {'context': 0}
2019-07-05 15:41:14,642 - DEBUG - tty.usbmodem0006822145041: RX: 62c70082a8aff60a7650a818615c40b1e05a29f5274d3fa7ed5d074ef1326c768a7725db060dcaef478e402b971f9e4a01cf2bbcc4df5340864fb7bf1904760113ec84bd06e4e342f9f08f90908524f39bf108406bea8b169f94d8ea9854cd273ce8a3
2019-07-05 15:41:14,642 - DEBUG - tty.usbmodem0006822145041: parsed_packet {event: ProvEcdhRequest, data: {'context_id': 0, 'peer_public': bytearray(b"\x82\xa8\xaf\xf6\nvP\xa8\x18a\\@\xb1\xe0Z)\xf5\'M?\xa7\xed]\x07N\xf12lv\x8aw%\xdb\x06\r\xca\xefG\x8e@+\x97\x1f\x9eJ\x01\xcf+\xbc\xc4\xdfS@\x86O\xb7\xbf\x19\x04v\x01\x13\xec\x84"), 'node_private': bytearray(b"\xbd\x06\xe4\xe3B\xf9\xf0\x8f\x90\x90\x85$\xf3\x9b\xf1\x08@k\xea\x8b\x16\x9f\x94\xd8\xea\x98T\xcd\'<\xe8\xa3")}}
2019-07-05 15:41:14,642 - INFO - tty.usbmodem0006822145041: {event: ProvEcdhRequest, data: {'context_id': 0, 'peer_public': bytearray(b"\x82\xa8\xaf\xf6\nvP\xa8\x18a\\@\xb1\xe0Z)\xf5\'M?\xa7\xed]\x07N\xf12lv\x8aw%\xdb\x06\r\xca\xefG\x8e@+\x97\x1f\x9eJ\x01\xcf+\xbc\xc4\xdfS@\x86O\xb7\xbf\x19\x04v\x01\x13\xec\x84"), 'node_private': bytearray(b"\xbd\x06\xe4\xe3B\xf9\xf0\x8f\x90\x90\x85$\xf3\x9b\xf1\x08@k\xea\x8b\x16\x9f\x94\xd8\xea\x98T\xcd\'<\xe8\xa3")}}
2019-07-05 15:41:14,642 - INFO - tty.usbmodem0006822145041: ECDH request received
2019-07-05 15:41:14,643 - DEBUG - tty.usbmodem0006822145041: Writing: 104 bytearray(b'\x00\xda\xb6\xe1\xd3\xe0*aqa%\xc9\xa0n\xcfa\xea\xee\xacB\x96u>\xde\xe7\xc4\x9e\x02\xd4\xf1\x8e\xc3\xfc')
2019-07-05 15:41:14,643 - DEBUG - tty.usbmodem0006822145041: TX: 226800dab6e1d3e02a61716125c9a06ecf61eaeeac4296753edee7c49e02d4f18ec3fc
2019-07-05 15:41:14,649 - DEBUG - tty.usbmodem0006822145041: RX: 0484680000
2019-07-05 15:41:14,649 - DEBUG - tty.usbmodem0006822145041: parsed_packet {event: CmdRsp, data: {'opcode': 104, 'status': 0, 'data': bytearray(b'\x00')}}
2019-07-05 15:41:14,649 - INFO - tty.usbmodem0006822145041: EcdhSecret: {'context': 0}
2019-07-05 15:41:14,998 - DEBUG - tty.usbmodem0006822145041: RX: 2cc5000000000000001000000082ec63721d22148a312039ed47e51b1b18eed9c2a56add85049ffc3c59ad0e12
2019-07-05 15:41:14,998 - DEBUG - tty.usbmodem0006822145041: parsed_packet {event: ProvComplete, data: {'context_id': 0, 'iv_index': 0, 'net_key_index': 0, 'address': 16, 'iv_update_flag': 0, 'key_refresh_flag': 0, 'device_key': bytearray(b'\x82\xeccr\x1d"\x14\x8a1 9\xedG\xe5\x1b\x1b'), 'net_key': bytearray(b'\x18\xee\xd9\xc2\xa5j\xdd\x85\x04\x9f\xfc<Y\xad\x0e\x12')}}
2019-07-05 15:41:14,998 - INFO - tty.usbmodem0006822145041: {event: ProvComplete, data: {'context_id': 0, 'iv_index': 0, 'net_key_index': 0, 'address': 16, 'iv_update_flag': 0, 'key_refresh_flag': 0, 'device_key': bytearray(b'\x82\xeccr\x1d"\x14\x8a1 9\xedG\xe5\x1b\x1b'), 'net_key': bytearray(b'\x18\xee\xd9\xc2\xa5j\xdd\x85\x04\x9f\xfc<Y\xad\x0e\x12')}}
2019-07-05 15:41:20,999 - INFO - tty.usbmodem0006822145041: Provisioning complete
2019-07-05 15:41:21,000 - INFO - tty.usbmodem0006822145041: 	Address(es): 0x10-0x1d
2019-07-05 15:41:21,000 - INFO - tty.usbmodem0006822145041: 	Device key: 82ec63721d22148a312039ed47e51b1b
2019-07-05 15:41:21,000 - INFO - tty.usbmodem0006822145041: 	Network key: 18eed9c2a56add85049ffc3c59ad0e12
2019-07-05 15:41:21,000 - INFO - tty.usbmodem0006822145041: Adding device key to subnet 0
2019-07-05 15:41:21,000 - INFO - tty.usbmodem0006822145041: Adding publication address of root element
2019-07-05 15:41:21,000 - DEBUG - tty.usbmodem0006822145041: Writing: 156 bytearray(b'\x10\x00\x00\x00\x82\xeccr\x1d"\x14\x8a1 9\xedG\xe5\x1b\x1b')
2019-07-05 15:41:21,001 - DEBUG - tty.usbmodem0006822145041.ConfigurationClient: Sending opcode: 8008, data: 00
2019-07-05 15:41:21,001 - DEBUG - tty.usbmodem0006822145041: TX: 159c1000000082ec63721d22148a312039ed47e51b1b
2019-07-05 15:41:21,001 - DEBUG - tty.usbmodem0006822145041.ConfigurationClient: Sending opcode: 00, data: 0000004f68ad85d9f48ac8589df665b6b49b8a
2019-07-05 15:41:21,004 - DEBUG - tty.usbmodem0006822145041: Writing: 164 bytearray(b'\x10\x00')
2019-07-05 15:41:21,004 - INFO - tty.usbmodem0006822145041: Adding address c001
2019-07-05 15:41:21,005 - DEBUG - tty.usbmodem0006822145041: TX: 03a41000
2019-07-05 15:41:21,005 - DEBUG - tty.usbmodem0006822145041: RX: 03c20000
2019-07-05 15:41:21,005 - DEBUG - tty.usbmodem0006822145041: parsed_packet {event: ProvLinkClosed, data: {'context_id': 0, 'close_reason': 0}}
2019-07-05 15:41:21,006 - DEBUG - tty.usbmodem0006822145041: Writing: 171 bytearray(b'\x08\x00\x01\x00\x00\x00\x08\x00\x00\x00\x80\x08\x00')
2019-07-05 15:41:21,005 - INFO - tty.usbmodem0006822145041: {event: ProvLinkClosed, data: {'context_id': 0, 'close_reason': 0}}
2019-07-05 15:41:21,006 - DEBUG - tty.usbmodem0006822145041: TX: 0eab08000100000008000000800800
2019-07-05 15:41:21,006 - INFO - tty.usbmodem0006822145041: Provisioning link closed
2019-07-05 15:41:21,007 - DEBUG - tty.usbmodem0006822145041: RX: 03849c8e
2019-07-05 15:41:21,007 - DEBUG - tty.usbmodem0006822145041: parsed_packet {event: CmdRsp, data: {'opcode': 156, 'status': 142, 'data': bytearray(b'')}}
2019-07-05 15:41:21,007 - ERROR - tty.usbmodem0006822145041: DevkeyAdd: ERROR_REJECTED
2019-07-05 15:41:21,007 - DEBUG - tty.usbmodem0006822145041: Writing: 171 bytearray(b'\x08\x00\x01\x00\x00\x00\x08\x00\x00\x00\x00\x00\x00\x00Oh\xad\x85\xd9\xf4\x8a\xc8X\x9d\xf6e\xb6\xb4\x9b\x8a')
2019-07-05 15:41:21,007 - DEBUG - tty.usbmodem0006822145041: RX: 0584a4000000
2019-07-05 15:41:21,007 - DEBUG - tty.usbmodem0006822145041: TX: 1fab08000100000008000000000000004f68ad85d9f48ac8589df665b6b49b8a
2019-07-05 15:41:21,007 - DEBUG - tty.usbmodem0006822145041: parsed_packet {event: CmdRsp, data: {'opcode': 164, 'status': 0, 'data': bytearray(b'\x00\x00')}}
2019-07-05 15:41:21,008 - DEBUG - tty.usbmodem0006822145041: Writing: 161 bytearray(b'\x01\xc0')
2019-07-05 15:41:21,008 - DEBUG - tty.usbmodem0006822145041: TX: 03a101c0
2019-07-05 15:41:21,008 - INFO - tty.usbmodem0006822145041: AddrPublicationAdd: {'address_handle': 0}
2019-07-05 15:41:21,008 - INFO - tty.usbmodem0006822145041: Address handles: {c001: 0}
2019-07-05 15:41:21,010 - DEBUG - tty.usbmodem0006822145041: RX: 0784ab0010020000
2019-07-05 15:41:21,010 - DEBUG - tty.usbmodem0006822145041: parsed_packet {event: CmdRsp, data: {'opcode': 171, 'status': 0, 'data': bytearray(b'\x10\x02\x00\x00')}}
2019-07-05 15:41:21,010 - INFO - tty.usbmodem0006822145041: PacketSend: {'token': 528}
2019-07-05 15:41:21,014 - DEBUG - tty.usbmodem0006822145041: RX: 0784ab0011020000
2019-07-05 15:41:21,014 - DEBUG - tty.usbmodem0006822145041: parsed_packet {event: CmdRsp, data: {'opcode': 171, 'status': 0, 'data': bytearray(b'\x11\x02\x00\x00')}}
2019-07-05 15:41:21,014 - INFO - tty.usbmodem0006822145041: PacketSend: {'token': 529}
2019-07-05 15:41:21,015 - DEBUG - tty.usbmodem0006822145041: RX: 0584a1000100
2019-07-05 15:41:21,015 - DEBUG - tty.usbmodem0006822145041: parsed_packet {event: CmdRsp, data: {'opcode': 161, 'status': 0, 'data': bytearray(b'\x01\x00')}}
2019-07-05 15:41:21,015 - INFO - tty.usbmodem0006822145041: AddrSubscriptionAdd: {'address_handle': 1}
2019-07-05 15:41:21,016 - ERROR - tty.usbmodem0006822145041: Error storing address handle: pop from empty list
2019-07-05 15:41:21,016 - DEBUG - tty.usbmodem0006822145041: RX: 05d210020000
2019-07-05 15:41:21,016 - DEBUG - tty.usbmodem0006822145041: parsed_packet {event: MeshTxComplete, data: {'token': 528}}
2019-07-05 15:41:21,017 - INFO - tty.usbmodem0006822145041: {event: MeshTxComplete, data: {'token': 528}}
2019-07-05 15:41:45,201 - DEBUG - tty.usbmodem0006822145041: Writing: 105 bytearray(b'Z\xd3\xfb\xe5\xa6q@\xdf\xb0i\x92H@\x8b\n\x05\xa9b<\xbc\xc9\xed?;XK8\xe1\xba\xbed\xec\xc3\x1f\xe7\x9f\xcc\xa7k)\xa0]\xf4w\xb3x~\x0f[\xa0\xe6\xc5c\x0c\\\xa3]hay\\M\x95FK\xc5\x11~h\xe4\xebe\xbf\x8b:\x9f\xb7*\xe2\x04\xf36W$\xcb\xc9tS\x0c,u\xa4\xd0\x95\xdb\xf7')
2019-07-05 15:41:45,201 - DEBUG - tty.usbmodem0006822145041: TX: 61695ad3fbe5a67140dfb0699248408b0a05a9623cbcc9ed3f3b584b38e1babe64ecc31fe79fcca76b29a05df477b3787e0f5ba0e6c5630c5ca35d6861795c4d95464bc5117e68e4eb65bf8b3a9fb72ae204f3365724cbc974530c2c75a4d095dbf7
2019-07-05 15:41:45,211 - DEBUG - tty.usbmodem0006822145041: RX: 03845384
2019-07-05 15:41:45,212 - DEBUG - tty.usbmodem0006822145041: parsed_packet {event: CmdRsp, data: {'opcode': 83, 'status': 132, 'data': bytearray(b'')}}
2019-07-05 15:41:45,212 - DEBUG - tty.usbmodem0006822145041: Writing: 159 bytearray(b'\x01\x00\x01\x00')
2019-07-05 15:41:45,212 - DEBUG - tty.usbmodem0006822145041: TX: 059f01000100
2019-07-05 15:41:45,212 - ERROR - tty.usbmodem0006822145041: None: ERROR_INVALID_LENGTH
2019-07-05 15:41:45,213 - DEBUG - tty.usbmodem0006822145041: RX: 03840084
2019-07-05 15:41:45,213 - DEBUG - tty.usbmodem0006822145041: parsed_packet {event: CmdRsp, data: {'opcode': 0, 'status': 132, 'data': bytearray(b'')}}
2019-07-05 15:41:45,214 - DEBUG - tty.usbmodem0006822145041: Writing: 146 bytearray(b'\x00\x00\x18\xee\xd9\xc2\xa5j\xdd\x85\x04\x9f\xfc<Y\xad\x0e\x12')
2019-07-05 15:41:45,213 - ERROR - tty.usbmodem0006822145041: None: ERROR_INVALID_LENGTH
2019-07-05 15:41:45,214 - DEBUG - tty.usbmodem0006822145041: TX: 1392000018eed9c2a56add85049ffc3c59ad0e12
2019-07-05 15:41:45,214 - DEBUG - tty.usbmodem0006822145041: RX: 03840084
2019-07-05 15:41:45,214 - DEBUG - tty.usbmodem0006822145041: parsed_packet {event: CmdRsp, data: {'opcode': 0, 'status': 132, 'data': bytearray(b'')}}
2019-07-05 15:41:45,215 - DEBUG - tty.usbmodem0006822145041: Writing: 151 bytearray(b'\x00\x00\x00\x00Oh\xad\x85\xd9\xf4\x8a\xc8X\x9d\xf6e\xb6\xb4\x9b\x8a')
2019-07-05 15:41:45,215 - ERROR - tty.usbmodem0006822145041: None: ERROR_INVALID_LENGTH
2019-07-05 15:41:45,215 - DEBUG - tty.usbmodem0006822145041: TX: 1597000000004f68ad85d9f48ac8589df665b6b49b8a
2019-07-05 15:41:45,215 - DEBUG - tty.usbmodem0006822145041: RX: 03840084
2019-07-05 15:41:45,215 - DEBUG - tty.usbmodem0006822145041: parsed_packet {event: CmdRsp, data: {'opcode': 0, 'status': 132, 'data': bytearray(b'')}}
2019-07-05 15:41:45,215 - ERROR - tty.usbmodem0006822145041: None: ERROR_INVALID_LENGTH
2019-07-05 15:41:45,216 - DEBUG - tty.usbmodem0006822145041: Writing: 151 bytearray(b'\x01\x00\x00\x00*\xa2\xa6\xde\xd5\xa0y\x8c\xea\xb5x|\xa3\xae9\xfc')
2019-07-05 15:41:45,216 - DEBUG - tty.usbmodem0006822145041: TX: 1597010000002aa2a6ded5a0798ceab5787ca3ae39fc
2019-07-05 15:41:45,216 - DEBUG - tty.usbmodem0006822145041: RX: 03840084
2019-07-05 15:41:45,216 - DEBUG - tty.usbmodem0006822145041: parsed_packet {event: CmdRsp, data: {'opcode': 0, 'status': 132, 'data': bytearray(b'')}}
2019-07-05 15:41:45,216 - ERROR - tty.usbmodem0006822145041: None: ERROR_INVALID_LENGTH
2019-07-05 15:41:45,217 - DEBUG - tty.usbmodem0006822145041: RX: 03840084
2019-07-05 15:41:45,217 - DEBUG - tty.usbmodem0006822145041: parsed_packet {event: CmdRsp, data: {'opcode': 0, 'status': 132, 'data': bytearray(b'')}}
2019-07-05 15:41:45,217 - ERROR - tty.usbmodem0006822145041: None: ERROR_INVALID_LENGTH
2019-07-05 15:41:45,217 - DEBUG - tty.usbmodem0006822145041: RX: 03840084
2019-07-05 15:41:45,217 - DEBUG - tty.usbmodem0006822145041: parsed_packet {event: CmdRsp, data: {'opcode': 0, 'status': 132, 'data': bytearray(b'')}}
2019-07-05 15:41:45,217 - ERROR - tty.usbmodem0006822145041: None: ERROR_INVALID_LENGTH
2019-07-05 15:41:45,217 - DEBUG - tty.usbmodem0006822145041: RX: 03840084
2019-07-05 15:41:45,218 - DEBUG - tty.usbmodem0006822145041: parsed_packet {event: CmdRsp, data: {'opcode': 0, 'status': 132, 'data': bytearray(b'')}}
2019-07-05 15:41:45,218 - ERROR - tty.usbmodem0006822145041: None: ERROR_INVALID_LENGTH
2019-07-05 15:41:45,218 - DEBUG - tty.usbmodem0006822145041: RX: 03840084
2019-07-05 15:41:45,218 - DEBUG - tty.usbmodem0006822145041: parsed_packet {event: CmdRsp, data: {'opcode': 0, 'status': 132, 'data': bytearray(b'')}}
2019-07-05 15:41:45,218 - ERROR - tty.usbmodem0006822145041: None: ERROR_INVALID_LENGTH
2019-07-05 15:41:45,218 - DEBUG - tty.usbmodem0006822145041: RX: 03840084
2019-07-05 15:41:45,219 - DEBUG - tty.usbmodem0006822145041: parsed_packet {event: CmdRsp, data: {'opcode': 0, 'status': 132, 'data': bytearray(b'')}}
2019-07-05 15:41:45,219 - ERROR - tty.usbmodem0006822145041: None: ERROR_INVALID_LENGTH
2019-07-05 15:41:45,219 - DEBUG - tty.usbmodem0006822145041: RX: 03840084
2019-07-05 15:41:45,219 - DEBUG - tty.usbmodem0006822145041: parsed_packet {event: CmdRsp, data: {'opcode': 0, 'status': 132, 'data': bytearray(b'')}}
2019-07-05 15:41:45,219 - ERROR - tty.usbmodem0006822145041: None: ERROR_INVALID_LENGTH
2019-07-05 15:41:45,219 - DEBUG - tty.usbmodem0006822145041: RX: 03840084
2019-07-05 15:41:45,220 - DEBUG - tty.usbmodem0006822145041: parsed_packet {event: CmdRsp, data: {'opcode': 0, 'status': 132, 'data': bytearray(b'')}}
2019-07-05 15:41:45,220 - ERROR - tty.usbmodem0006822145041: None: ERROR_INVALID_LENGTH
2019-07-05 15:41:45,220 - DEBUG - tty.usbmodem0006822145041: RX: 03840084
2019-07-05 15:41:45,221 - DEBUG - tty.usbmodem0006822145041: parsed_packet {event: CmdRsp, data: {'opcode': 0, 'status': 132, 'data': bytearray(b'')}}
2019-07-05 15:41:45,221 - ERROR - tty.usbmodem0006822145041: None: ERROR_INVALID_LENGTH
2019-07-05 15:41:45,221 - DEBUG - tty.usbmodem0006822145041: RX: 03849f00
2019-07-05 15:41:45,221 - DEBUG - tty.usbmodem0006822145041: parsed_packet {event: CmdRsp, data: {'opcode': 159, 'status': 0, 'data': bytearray(b'')}}
2019-07-05 15:41:45,222 - INFO - tty.usbmodem0006822145041: Success
2019-07-05 15:41:45,222 - DEBUG - tty.usbmodem0006822145041: RX: 058492000000
2019-07-05 15:41:45,222 - DEBUG - tty.usbmodem0006822145041: parsed_packet {event: CmdRsp, data: {'opcode': 146, 'status': 0, 'data': bytearray(b'\x00\x00')}}
2019-07-05 15:41:45,222 - INFO - tty.usbmodem0006822145041: SubnetAdd: {'subnet_handle': 0}
2019-07-05 15:41:45,223 - DEBUG - tty.usbmodem0006822145041: RX: 058497000000
2019-07-05 15:41:45,223 - DEBUG - tty.usbmodem0006822145041: parsed_packet {event: CmdRsp, data: {'opcode': 151, 'status': 0, 'data': bytearray(b'\x00\x00')}}
2019-07-05 15:41:45,223 - INFO - tty.usbmodem0006822145041: AppkeyAdd: {'appkey_handle': 0}
2019-07-05 15:41:45,223 - DEBUG - tty.usbmodem0006822145041: RX: 058497000100
2019-07-05 15:41:45,223 - DEBUG - tty.usbmodem0006822145041: parsed_packet {event: CmdRsp, data: {'opcode': 151, 'status': 0, 'data': bytearray(b'\x01\x00')}}
2019-07-05 15:41:45,223 - INFO - tty.usbmodem0006822145041: AppkeyAdd: {'appkey_handle': 1}
2019-07-05 15:41:52,287 - DEBUG - tty.usbmodem0006822145041: Writing: 97 bytearray(b'')
2019-07-05 15:41:52,287 - DEBUG - tty.usbmodem0006822145041: TX: 0161
2019-07-05 15:41:52,289 - DEBUG - tty.usbmodem0006822145041: RX: 03846100
2019-07-05 15:41:52,289 - DEBUG - tty.usbmodem0006822145041: parsed_packet {event: CmdRsp, data: {'opcode': 97, 'status': 0, 'data': bytearray(b'')}}
2019-07-05 15:41:52,289 - INFO - tty.usbmodem0006822145041: Success
2019-07-05 15:42:52,690 - DEBUG - tty.usbmodem0006822145041: RX: 1ac09db77a0526b8734988639509c242d107c90001c8639509c2c2
2019-07-05 15:42:52,691 - DEBUG - tty.usbmodem0006822145041: parsed_packet {event: ProvUnprovisionedReceived, data: {'uuid': bytearray(b'\x9d\xb7z\x05&\xb8sI\x88c\x95\t\xc2B\xd1\x07'), 'rssi': -55, 'gatt_supported': 0, 'adv_addr_type': 1, 'adv_addr': bytearray(b'\xc8c\x95\t\xc2\xc2')}}
2019-07-05 15:42:52,691 - INFO - tty.usbmodem0006822145041: {event: ProvUnprovisionedReceived, data: {'uuid': bytearray(b'\x9d\xb7z\x05&\xb8sI\x88c\x95\t\xc2B\xd1\x07'), 'rssi': -55, 'gatt_supported': 0, 'adv_addr_type': 1, 'adv_addr': bytearray(b'\xc8c\x95\t\xc2\xc2')}}
2019-07-05 15:42:52,692 - INFO - tty.usbmodem0006822145041: Received UUID 9db77a0526b8734988639509c242d107 with RSSI: -55 dB
2019-07-05 15:42:52,693 - DEBUG - tty.usbmodem0006822145041: Writing: 98 bytearray(b'')
2019-07-05 15:42:52,693 - DEBUG - tty.usbmodem0006822145041: TX: 0162
2019-07-05 15:42:52,693 - DEBUG - tty.usbmodem0006822145041: Writing: 99 bytearray(b'\x00\x9d\xb7z\x05&\xb8sI\x88c\x95\t\xc2B\xd1\x07\x18\xee\xd9\xc2\xa5j\xdd\x85\x04\x9f\xfc<Y\xad\x0e\x12\x00\x00\x00\x00\x00\x00\x10\x00\x00\x00\x00')
2019-07-05 15:42:52,694 - DEBUG - tty.usbmodem0006822145041: TX: 2d63009db77a0526b8734988639509c242d10718eed9c2a56add85049ffc3c59ad0e120000000000001000000000
2019-07-05 15:42:52,695 - DEBUG - tty.usbmodem0006822145041: RX: 03846200
2019-07-05 15:42:52,695 - DEBUG - tty.usbmodem0006822145041: parsed_packet {event: CmdRsp, data: {'opcode': 98, 'status': 0, 'data': bytearray(b'')}}
2019-07-05 15:42:52,695 - INFO - tty.usbmodem0006822145041: Success
2019-07-05 15:42:52,699 - DEBUG - tty.usbmodem0006822145041: RX: 0484630000
2019-07-05 15:42:52,699 - DEBUG - tty.usbmodem0006822145041: parsed_packet {event: CmdRsp, data: {'opcode': 99, 'status': 0, 'data': bytearray(b'\x00')}}
2019-07-05 15:42:52,699 - INFO - tty.usbmodem0006822145041: Provision: {'context': 0}
2019-07-05 15:42:52,765 - DEBUG - tty.usbmodem0006822145041: RX: 02c100
2019-07-05 15:42:52,766 - DEBUG - tty.usbmodem0006822145041: parsed_packet {event: ProvLinkEstablished, data: {'context_id': 0}}
2019-07-05 15:42:52,769 - INFO - tty.usbmodem0006822145041: {event: ProvLinkEstablished, data: {'context_id': 0}}
2019-07-05 15:42:52,771 - INFO - tty.usbmodem0006822145041: Link established
