2019-08-28 11:20:44,512 - DEBUG - tty.usbmodem0006822145041: Writing: 105 bytearray(b'H\x0bQ\xb9\x13\x19\xa8\x05\xfa\x1b\x95>\xb5\xde5\x01NkE\xfb3\n^fD\xcfW\xf2\xd6\xebo\xd0\xc8\x1f!M\xdcv\xae\xf9l\xdc\x8b\x80\xadWf\x87\xbb\x1b\xe1\x85d\x88}2\x98\xd0\xd6V\x15\xa8`\xf6\x18P\x17\xeaj\xb9da/8A\xe4{\xaa\xdaCm\x8eA\x10b\xe5\xb9]W\xa5f\x9f\x8em\xd1\xa9')
2019-08-28 11:20:44,512 - DEBUG - tty.usbmodem0006822145041: TX: 6169480b51b91319a805fa1b953eb5de35014e6b45fb330a5e6644cf57f2d6eb6fd0c81f214ddc76aef96cdc8b80ad576687bb1be18564887d3298d0d65615a860f6185017ea6ab964612f3841e47baada436d8e411062e5b95d57a5669f8e6dd1a9
2019-08-28 11:20:44,522 - DEBUG - tty.usbmodem0006822145041: RX: 03845384
2019-08-28 11:20:44,522 - DEBUG - tty.usbmodem0006822145041: parsed_packet {event: CmdRsp, data: {'opcode': 83, 'status': 132, 'data': bytearray(b'')}}
2019-08-28 11:20:44,522 - ERROR - tty.usbmodem0006822145041: None: ERROR_INVALID_LENGTH
2019-08-28 11:20:44,523 - DEBUG - tty.usbmodem0006822145041: RX: 03840084
2019-08-28 11:20:44,523 - DEBUG - tty.usbmodem0006822145041: parsed_packet {event: CmdRsp, data: {'opcode': 0, 'status': 132, 'data': bytearray(b'')}}
2019-08-28 11:20:44,523 - ERROR - tty.usbmodem0006822145041: None: ERROR_INVALID_LENGTH
2019-08-28 11:20:44,523 - DEBUG - tty.usbmodem0006822145041: RX: 03840084
2019-08-28 11:20:44,523 - DEBUG - tty.usbmodem0006822145041: parsed_packet {event: CmdRsp, data: {'opcode': 0, 'status': 132, 'data': bytearray(b'')}}
2019-08-28 11:20:44,523 - ERROR - tty.usbmodem0006822145041: None: ERROR_INVALID_LENGTH
2019-08-28 11:20:44,524 - DEBUG - tty.usbmodem0006822145041: RX: 03840084
2019-08-28 11:20:44,524 - DEBUG - tty.usbmodem0006822145041: parsed_packet {event: CmdRsp, data: {'opcode': 0, 'status': 132, 'data': bytearray(b'')}}
2019-08-28 11:20:44,524 - ERROR - tty.usbmodem0006822145041: None: ERROR_INVALID_LENGTH
2019-08-28 11:20:44,524 - DEBUG - tty.usbmodem0006822145041: RX: 03840084
2019-08-28 11:20:44,524 - DEBUG - tty.usbmodem0006822145041: parsed_packet {event: CmdRsp, data: {'opcode': 0, 'status': 132, 'data': bytearray(b'')}}
2019-08-28 11:20:44,524 - ERROR - tty.usbmodem0006822145041: None: ERROR_INVALID_LENGTH
2019-08-28 11:20:44,525 - DEBUG - tty.usbmodem0006822145041: RX: 03840084
2019-08-28 11:20:44,525 - DEBUG - tty.usbmodem0006822145041: parsed_packet {event: CmdRsp, data: {'opcode': 0, 'status': 132, 'data': bytearray(b'')}}
2019-08-28 11:20:44,525 - ERROR - tty.usbmodem0006822145041: None: ERROR_INVALID_LENGTH
2019-08-28 11:20:44,525 - DEBUG - tty.usbmodem0006822145041: RX: 03840084
2019-08-28 11:20:44,525 - DEBUG - tty.usbmodem0006822145041: parsed_packet {event: CmdRsp, data: {'opcode': 0, 'status': 132, 'data': bytearray(b'')}}
2019-08-28 11:20:44,526 - ERROR - tty.usbmodem0006822145041: None: ERROR_INVALID_LENGTH
2019-08-28 11:20:44,526 - DEBUG - tty.usbmodem0006822145041: RX: 03840084
2019-08-28 11:20:44,526 - DEBUG - tty.usbmodem0006822145041: parsed_packet {event: CmdRsp, data: {'opcode': 0, 'status': 132, 'data': bytearray(b'')}}
2019-08-28 11:20:44,526 - ERROR - tty.usbmodem0006822145041: None: ERROR_INVALID_LENGTH
2019-08-28 11:20:44,526 - DEBUG - tty.usbmodem0006822145041: RX: 03840084
2019-08-28 11:20:44,526 - DEBUG - tty.usbmodem0006822145041: parsed_packet {event: CmdRsp, data: {'opcode': 0, 'status': 132, 'data': bytearray(b'')}}
2019-08-28 11:20:44,527 - ERROR - tty.usbmodem0006822145041: None: ERROR_INVALID_LENGTH
2019-08-28 11:20:44,527 - DEBUG - tty.usbmodem0006822145041: RX: 03840084
2019-08-28 11:20:44,527 - DEBUG - tty.usbmodem0006822145041: parsed_packet {event: CmdRsp, data: {'opcode': 0, 'status': 132, 'data': bytearray(b'')}}
2019-08-28 11:20:44,527 - ERROR - tty.usbmodem0006822145041: None: ERROR_INVALID_LENGTH
2019-08-28 11:20:44,527 - DEBUG - tty.usbmodem0006822145041: RX: 03840084
2019-08-28 11:20:44,527 - DEBUG - tty.usbmodem0006822145041: parsed_packet {event: CmdRsp, data: {'opcode': 0, 'status': 132, 'data': bytearray(b'')}}
2019-08-28 11:20:44,527 - ERROR - tty.usbmodem0006822145041: None: ERROR_INVALID_LENGTH
2019-08-28 11:20:44,528 - DEBUG - tty.usbmodem0006822145041: RX: 03840084
2019-08-28 11:20:44,528 - DEBUG - tty.usbmodem0006822145041: parsed_packet {event: CmdRsp, data: {'opcode': 0, 'status': 132, 'data': bytearray(b'')}}
2019-08-28 11:20:44,528 - ERROR - tty.usbmodem0006822145041: None: ERROR_INVALID_LENGTH
2019-08-28 11:20:44,528 - DEBUG - tty.usbmodem0006822145041: RX: 03840084
2019-08-28 11:20:44,529 - DEBUG - tty.usbmodem0006822145041: parsed_packet {event: CmdRsp, data: {'opcode': 0, 'status': 132, 'data': bytearray(b'')}}
2019-08-28 11:20:44,529 - ERROR - tty.usbmodem0006822145041: None: ERROR_INVALID_LENGTH
2019-08-28 11:20:44,550 - DEBUG - tty.usbmodem0006822145041: Writing: 159 bytearray(b'\x01\x00\x01\x00')
2019-08-28 11:20:44,556 - DEBUG - tty.usbmodem0006822145041: TX: 059f01000100
2019-08-28 11:20:44,570 - DEBUG - tty.usbmodem0006822145041: RX: 03849f8e
2019-08-28 11:20:44,573 - DEBUG - tty.usbmodem0006822145041: parsed_packet {event: CmdRsp, data: {'opcode': 159, 'status': 142, 'data': bytearray(b'')}}
2019-08-28 11:20:44,575 - ERROR - tty.usbmodem0006822145041: None: ERROR_REJECTED
2019-08-28 11:20:44,592 - DEBUG - tty.usbmodem0006822145041: Writing: 146 bytearray(b'\x00\x00\x18\xee\xd9\xc2\xa5j\xdd\x85\x04\x9f\xfc<Y\xad\x0e\x12')
2019-08-28 11:20:44,593 - DEBUG - tty.usbmodem0006822145041: TX: 1392000018eed9c2a56add85049ffc3c59ad0e12
2019-08-28 11:20:44,596 - DEBUG - tty.usbmodem0006822145041: RX: 03849281
2019-08-28 11:20:44,598 - DEBUG - tty.usbmodem0006822145041: parsed_packet {event: CmdRsp, data: {'opcode': 146, 'status': 129, 'data': bytearray(b'')}}
2019-08-28 11:20:44,598 - ERROR - tty.usbmodem0006822145041: SubnetAdd: ERROR_INTERNAL
2019-08-28 11:20:44,622 - DEBUG - tty.usbmodem0006822145041: Writing: 151 bytearray(b'\x00\x00\x00\x00Oh\xad\x85\xd9\xf4\x8a\xc8X\x9d\xf6e\xb6\xb4\x9b\x8a')
2019-08-28 11:20:44,628 - DEBUG - tty.usbmodem0006822145041: TX: 1597000000004f68ad85d9f48ac8589df665b6b49b8a
2019-08-28 11:20:44,656 - DEBUG - tty.usbmodem0006822145041: RX: 03849781
2019-08-28 11:20:44,659 - DEBUG - tty.usbmodem0006822145041: parsed_packet {event: CmdRsp, data: {'opcode': 151, 'status': 129, 'data': bytearray(b'')}}
2019-08-28 11:20:44,659 - ERROR - tty.usbmodem0006822145041: AppkeyAdd: ERROR_INTERNAL
2019-08-28 11:20:44,673 - DEBUG - tty.usbmodem0006822145041: Writing: 151 bytearray(b'\x01\x00\x00\x00*\xa2\xa6\xde\xd5\xa0y\x8c\xea\xb5x|\xa3\xae9\xfc')
2019-08-28 11:20:44,674 - DEBUG - tty.usbmodem0006822145041: TX: 1597010000002aa2a6ded5a0798ceab5787ca3ae39fc
2019-08-28 11:20:44,679 - DEBUG - tty.usbmodem0006822145041: RX: 03849781
2019-08-28 11:20:44,679 - DEBUG - tty.usbmodem0006822145041: parsed_packet {event: CmdRsp, data: {'opcode': 151, 'status': 129, 'data': bytearray(b'')}}
2019-08-28 11:20:44,679 - ERROR - tty.usbmodem0006822145041: AppkeyAdd: ERROR_INTERNAL
2019-08-28 11:20:44,701 - DEBUG - tty.usbmodem0006822145041: Writing: 14 bytearray(b'')
2019-08-28 11:20:44,708 - DEBUG - tty.usbmodem0006822145041: TX: 010e
2019-08-28 11:20:45,127 - DEBUG - tty.usbmodem0006822145041: RX: 04810200fe
2019-08-28 11:20:45,127 - DEBUG - tty.usbmodem0006822145041: parsed_packet {event: DeviceStarted, data: {'operating_mode': 2, 'hw_error': 0, 'data_credit_available': 254}}
2019-08-28 11:20:45,127 - INFO - tty.usbmodem0006822145041: Device rebooted.
2019-08-28 11:20:45,128 - DEBUG - tty.usbmodem0006822145041: Writing: 159 bytearray(b'\x01\x00\x01\x00')
2019-08-28 11:20:45,128 - INFO - tty.usbmodem0006822145041.MeshConfigurer: 

2019-08-28 11:20:45,128 - DEBUG - tty.usbmodem0006822145041: TX: 059f01000100
2019-08-28 11:20:45,129 - INFO - tty.usbmodem0006822145041.MeshConfigurer: Sending next message
2019-08-28 11:20:45,131 - DEBUG - tty.usbmodem0006822145041: RX: 03849f00
2019-08-28 11:20:45,131 - DEBUG - tty.usbmodem0006822145041: parsed_packet {event: CmdRsp, data: {'opcode': 159, 'status': 0, 'data': bytearray(b'')}}
2019-08-28 11:20:45,131 - INFO - tty.usbmodem0006822145041: Success
2019-08-28 11:20:45,150 - DEBUG - tty.usbmodem0006822145041: Writing: 146 bytearray(b'\x00\x00\x18\xee\xd9\xc2\xa5j\xdd\x85\x04\x9f\xfc<Y\xad\x0e\x12')
2019-08-28 11:20:45,150 - DEBUG - tty.usbmodem0006822145041: TX: 1392000018eed9c2a56add85049ffc3c59ad0e12
2019-08-28 11:20:45,155 - DEBUG - tty.usbmodem0006822145041: RX: 058492000000
2019-08-28 11:20:45,156 - DEBUG - tty.usbmodem0006822145041: parsed_packet {event: CmdRsp, data: {'opcode': 146, 'status': 0, 'data': bytearray(b'\x00\x00')}}
2019-08-28 11:20:45,156 - INFO - tty.usbmodem0006822145041: SubnetAdd: {'subnet_handle': 0}
2019-08-28 11:20:45,176 - DEBUG - tty.usbmodem0006822145041: Writing: 151 bytearray(b'\x00\x00\x00\x00Oh\xad\x85\xd9\xf4\x8a\xc8X\x9d\xf6e\xb6\xb4\x9b\x8a')
2019-08-28 11:20:45,177 - DEBUG - tty.usbmodem0006822145041: TX: 1597000000004f68ad85d9f48ac8589df665b6b49b8a
2019-08-28 11:20:45,183 - DEBUG - tty.usbmodem0006822145041: RX: 058497000000
2019-08-28 11:20:45,185 - DEBUG - tty.usbmodem0006822145041: parsed_packet {event: CmdRsp, data: {'opcode': 151, 'status': 0, 'data': bytearray(b'\x00\x00')}}
2019-08-28 11:20:45,186 - INFO - tty.usbmodem0006822145041: AppkeyAdd: {'appkey_handle': 0}
2019-08-28 11:20:45,202 - DEBUG - tty.usbmodem0006822145041: Writing: 151 bytearray(b'\x01\x00\x00\x00*\xa2\xa6\xde\xd5\xa0y\x8c\xea\xb5x|\xa3\xae9\xfc')
2019-08-28 11:20:45,203 - DEBUG - tty.usbmodem0006822145041: TX: 1597010000002aa2a6ded5a0798ceab5787ca3ae39fc
2019-08-28 11:20:45,206 - DEBUG - tty.usbmodem0006822145041: RX: 058497000100
2019-08-28 11:20:45,206 - DEBUG - tty.usbmodem0006822145041: parsed_packet {event: CmdRsp, data: {'opcode': 151, 'status': 0, 'data': bytearray(b'\x01\x00')}}
2019-08-28 11:20:45,207 - INFO - tty.usbmodem0006822145041: AppkeyAdd: {'appkey_handle': 1}
2019-08-28 11:20:45,226 - DEBUG - tty.usbmodem0006822145041: Writing: 161 bytearray(b'\x01\xc0')
2019-08-28 11:20:45,227 - DEBUG - tty.usbmodem0006822145041: TX: 03a101c0
2019-08-28 11:20:45,231 - DEBUG - tty.usbmodem0006822145041: RX: 0584a1000000
2019-08-28 11:20:45,232 - DEBUG - tty.usbmodem0006822145041: parsed_packet {event: CmdRsp, data: {'opcode': 161, 'status': 0, 'data': bytearray(b'\x00\x00')}}
2019-08-28 11:20:45,233 - INFO - tty.usbmodem0006822145041: AddrSubscriptionAdd: {'address_handle': 0}
2019-08-28 11:20:45,235 - INFO - tty.usbmodem0006822145041.MeshConfigurer: 

2019-08-28 11:20:45,235 - INFO - tty.usbmodem0006822145041.MeshConfigurer: Sending next message
2019-08-28 11:20:45,252 - DEBUG - tty.usbmodem0006822145041: Writing: 164 bytearray(b'\x10\x00')
2019-08-28 11:20:45,253 - DEBUG - tty.usbmodem0006822145041: TX: 03a41000
2019-08-28 11:20:45,256 - DEBUG - tty.usbmodem0006822145041: RX: 0584a4000100
2019-08-28 11:20:45,257 - DEBUG - tty.usbmodem0006822145041: parsed_packet {event: CmdRsp, data: {'opcode': 164, 'status': 0, 'data': bytearray(b'\x01\x00')}}
2019-08-28 11:20:45,257 - INFO - tty.usbmodem0006822145041: AddrPublicationAdd: {'address_handle': 1}
2019-08-28 11:20:45,257 - INFO - tty.usbmodem0006822145041.MeshConfigurer: 

2019-08-28 11:20:45,257 - INFO - tty.usbmodem0006822145041.MeshConfigurer: Sending next message
2019-08-28 11:20:45,274 - DEBUG - tty.usbmodem0006822145041: Writing: 164 bytearray(b'\x11\x00')
2019-08-28 11:20:45,274 - DEBUG - tty.usbmodem0006822145041: TX: 03a41100
2019-08-28 11:20:45,276 - DEBUG - tty.usbmodem0006822145041: RX: 0584a4000200
2019-08-28 11:20:45,276 - DEBUG - tty.usbmodem0006822145041: parsed_packet {event: CmdRsp, data: {'opcode': 164, 'status': 0, 'data': bytearray(b'\x02\x00')}}
2019-08-28 11:20:45,276 - INFO - tty.usbmodem0006822145041: AddrPublicationAdd: {'address_handle': 2}
2019-08-28 11:20:45,277 - INFO - tty.usbmodem0006822145041.MeshConfigurer: 

2019-08-28 11:20:45,277 - INFO - tty.usbmodem0006822145041.MeshConfigurer: Sending next message
2019-08-28 11:20:45,298 - DEBUG - tty.usbmodem0006822145041: Writing: 164 bytearray(b'\x12\x00')
2019-08-28 11:20:45,303 - DEBUG - tty.usbmodem0006822145041: TX: 03a41200
2019-08-28 11:20:45,307 - DEBUG - tty.usbmodem0006822145041: RX: 0584a4000300
2019-08-28 11:20:45,309 - DEBUG - tty.usbmodem0006822145041: parsed_packet {event: CmdRsp, data: {'opcode': 164, 'status': 0, 'data': bytearray(b'\x03\x00')}}
2019-08-28 11:20:45,310 - INFO - tty.usbmodem0006822145041: AddrPublicationAdd: {'address_handle': 3}
2019-08-28 11:20:45,311 - INFO - tty.usbmodem0006822145041.MeshConfigurer: 

2019-08-28 11:20:45,311 - INFO - tty.usbmodem0006822145041.MeshConfigurer: Sending next message
2019-08-28 11:20:45,326 - DEBUG - tty.usbmodem0006822145041: Writing: 164 bytearray(b'\x13\x00')
2019-08-28 11:20:45,327 - DEBUG - tty.usbmodem0006822145041: TX: 03a41300
2019-08-28 11:20:45,330 - DEBUG - tty.usbmodem0006822145041: RX: 0584a4000400
2019-08-28 11:20:45,331 - DEBUG - tty.usbmodem0006822145041: parsed_packet {event: CmdRsp, data: {'opcode': 164, 'status': 0, 'data': bytearray(b'\x04\x00')}}
2019-08-28 11:20:45,332 - INFO - tty.usbmodem0006822145041: AddrPublicationAdd: {'address_handle': 4}
2019-08-28 11:20:45,334 - INFO - tty.usbmodem0006822145041.MeshConfigurer: 

2019-08-28 11:20:45,335 - INFO - tty.usbmodem0006822145041.MeshConfigurer: Sending next message
2019-08-28 11:20:45,351 - DEBUG - tty.usbmodem0006822145041: Writing: 164 bytearray(b'\x14\x00')
2019-08-28 11:20:45,351 - DEBUG - tty.usbmodem0006822145041: TX: 03a41400
2019-08-28 11:20:45,353 - DEBUG - tty.usbmodem0006822145041: RX: 0584a4000500
2019-08-28 11:20:45,353 - DEBUG - tty.usbmodem0006822145041: parsed_packet {event: CmdRsp, data: {'opcode': 164, 'status': 0, 'data': bytearray(b'\x05\x00')}}
2019-08-28 11:20:45,353 - INFO - tty.usbmodem0006822145041: AddrPublicationAdd: {'address_handle': 5}
2019-08-28 11:20:45,353 - INFO - tty.usbmodem0006822145041.MeshConfigurer: 

2019-08-28 11:20:45,354 - INFO - tty.usbmodem0006822145041.MeshConfigurer: Sending next message
2019-08-28 11:20:45,372 - DEBUG - tty.usbmodem0006822145041: Writing: 164 bytearray(b'\x15\x00')
2019-08-28 11:20:45,373 - DEBUG - tty.usbmodem0006822145041: TX: 03a41500
2019-08-28 11:20:45,375 - DEBUG - tty.usbmodem0006822145041: RX: 0584a4000600
2019-08-28 11:20:45,376 - DEBUG - tty.usbmodem0006822145041: parsed_packet {event: CmdRsp, data: {'opcode': 164, 'status': 0, 'data': bytearray(b'\x06\x00')}}
2019-08-28 11:20:45,377 - INFO - tty.usbmodem0006822145041: AddrPublicationAdd: {'address_handle': 6}
2019-08-28 11:20:45,378 - INFO - tty.usbmodem0006822145041.MeshConfigurer: 

2019-08-28 11:20:45,380 - INFO - tty.usbmodem0006822145041.MeshConfigurer: Sending next message
2019-08-28 11:20:45,394 - DEBUG - tty.usbmodem0006822145041: Writing: 164 bytearray(b'\x16\x00')
2019-08-28 11:20:45,395 - DEBUG - tty.usbmodem0006822145041: TX: 03a41600
2019-08-28 11:20:45,398 - DEBUG - tty.usbmodem0006822145041: RX: 0584a4000700
2019-08-28 11:20:45,398 - DEBUG - tty.usbmodem0006822145041: parsed_packet {event: CmdRsp, data: {'opcode': 164, 'status': 0, 'data': bytearray(b'\x07\x00')}}
2019-08-28 11:20:45,398 - INFO - tty.usbmodem0006822145041: AddrPublicationAdd: {'address_handle': 7}
2019-08-28 11:20:45,399 - INFO - tty.usbmodem0006822145041.MeshConfigurer: 

2019-08-28 11:20:45,399 - INFO - tty.usbmodem0006822145041.MeshConfigurer: Sending next message
2019-08-28 11:20:45,420 - DEBUG - tty.usbmodem0006822145041: Writing: 164 bytearray(b'\x17\x00')
2019-08-28 11:20:45,420 - DEBUG - tty.usbmodem0006822145041: TX: 03a41700
2019-08-28 11:20:45,423 - DEBUG - tty.usbmodem0006822145041: RX: 0584a4000800
2019-08-28 11:20:45,424 - DEBUG - tty.usbmodem0006822145041: parsed_packet {event: CmdRsp, data: {'opcode': 164, 'status': 0, 'data': bytearray(b'\x08\x00')}}
2019-08-28 11:20:45,425 - INFO - tty.usbmodem0006822145041: AddrPublicationAdd: {'address_handle': 8}
2019-08-28 11:20:45,426 - INFO - tty.usbmodem0006822145041.MeshConfigurer: 

2019-08-28 11:20:45,426 - INFO - tty.usbmodem0006822145041.MeshConfigurer: Sending next message
2019-08-28 11:20:45,440 - DEBUG - tty.usbmodem0006822145041: Writing: 164 bytearray(b'\x18\x00')
2019-08-28 11:20:45,441 - DEBUG - tty.usbmodem0006822145041: TX: 03a41800
2019-08-28 11:20:45,444 - DEBUG - tty.usbmodem0006822145041: RX: 0584a4000900
2019-08-28 11:20:45,444 - DEBUG - tty.usbmodem0006822145041: parsed_packet {event: CmdRsp, data: {'opcode': 164, 'status': 0, 'data': bytearray(b'\t\x00')}}
2019-08-28 11:20:45,445 - INFO - tty.usbmodem0006822145041: AddrPublicationAdd: {'address_handle': 9}
2019-08-28 11:20:45,446 - INFO - tty.usbmodem0006822145041.MeshConfigurer: 

2019-08-28 11:20:45,447 - INFO - tty.usbmodem0006822145041.MeshConfigurer: Sending next message
2019-08-28 11:20:45,463 - DEBUG - tty.usbmodem0006822145041: Writing: 164 bytearray(b'\x19\x00')
2019-08-28 11:20:45,464 - DEBUG - tty.usbmodem0006822145041: TX: 03a41900
2019-08-28 11:20:45,468 - DEBUG - tty.usbmodem0006822145041: RX: 0584a4000a00
2019-08-28 11:20:45,469 - DEBUG - tty.usbmodem0006822145041: parsed_packet {event: CmdRsp, data: {'opcode': 164, 'status': 0, 'data': bytearray(b'\n\x00')}}
2019-08-28 11:20:45,471 - INFO - tty.usbmodem0006822145041: AddrPublicationAdd: {'address_handle': 10}
2019-08-28 11:20:45,472 - INFO - tty.usbmodem0006822145041.MeshConfigurer: 

2019-08-28 11:20:45,473 - INFO - tty.usbmodem0006822145041.MeshConfigurer: Sending next message
2019-08-28 11:20:45,487 - DEBUG - tty.usbmodem0006822145041: Writing: 164 bytearray(b'\x1a\x00')
2019-08-28 11:20:45,488 - DEBUG - tty.usbmodem0006822145041: TX: 03a41a00
2019-08-28 11:20:45,490 - DEBUG - tty.usbmodem0006822145041: RX: 0584a4000b00
2019-08-28 11:20:45,490 - DEBUG - tty.usbmodem0006822145041: parsed_packet {event: CmdRsp, data: {'opcode': 164, 'status': 0, 'data': bytearray(b'\x0b\x00')}}
2019-08-28 11:20:45,490 - INFO - tty.usbmodem0006822145041: AddrPublicationAdd: {'address_handle': 11}
2019-08-28 11:20:45,491 - INFO - tty.usbmodem0006822145041.MeshConfigurer: 

2019-08-28 11:20:45,491 - INFO - tty.usbmodem0006822145041.MeshConfigurer: Sending next message
2019-08-28 11:20:45,512 - DEBUG - tty.usbmodem0006822145041: Writing: 164 bytearray(b'\x1b\x00')
2019-08-28 11:20:45,512 - DEBUG - tty.usbmodem0006822145041: TX: 03a41b00
2019-08-28 11:20:45,514 - DEBUG - tty.usbmodem0006822145041: RX: 0584a4000c00
2019-08-28 11:20:45,514 - DEBUG - tty.usbmodem0006822145041: parsed_packet {event: CmdRsp, data: {'opcode': 164, 'status': 0, 'data': bytearray(b'\x0c\x00')}}
2019-08-28 11:20:45,514 - INFO - tty.usbmodem0006822145041: AddrPublicationAdd: {'address_handle': 12}
2019-08-28 11:20:45,514 - INFO - tty.usbmodem0006822145041.MeshConfigurer: 

2019-08-28 11:20:45,515 - INFO - tty.usbmodem0006822145041.MeshConfigurer: Sending next message
2019-08-28 11:20:45,537 - DEBUG - tty.usbmodem0006822145041: Writing: 164 bytearray(b'\x1c\x00')
2019-08-28 11:20:45,538 - DEBUG - tty.usbmodem0006822145041: TX: 03a41c00
2019-08-28 11:20:45,541 - DEBUG - tty.usbmodem0006822145041: RX: 0584a4000d00
2019-08-28 11:20:45,542 - DEBUG - tty.usbmodem0006822145041: parsed_packet {event: CmdRsp, data: {'opcode': 164, 'status': 0, 'data': bytearray(b'\r\x00')}}
2019-08-28 11:20:45,543 - INFO - tty.usbmodem0006822145041: AddrPublicationAdd: {'address_handle': 13}
2019-08-28 11:20:45,544 - INFO - tty.usbmodem0006822145041.MeshConfigurer: 

2019-08-28 11:20:45,545 - INFO - tty.usbmodem0006822145041.MeshConfigurer: Sending next message
2019-08-28 11:20:45,563 - DEBUG - tty.usbmodem0006822145041: Writing: 164 bytearray(b'\x1d\x00')
2019-08-28 11:20:45,563 - DEBUG - tty.usbmodem0006822145041: TX: 03a41d00
2019-08-28 11:20:45,567 - DEBUG - tty.usbmodem0006822145041: RX: 0584a4000e00
2019-08-28 11:20:45,567 - DEBUG - tty.usbmodem0006822145041: parsed_packet {event: CmdRsp, data: {'opcode': 164, 'status': 0, 'data': bytearray(b'\x0e\x00')}}
2019-08-28 11:20:45,567 - INFO - tty.usbmodem0006822145041: AddrPublicationAdd: {'address_handle': 14}
2019-08-28 11:20:45,567 - INFO - tty.usbmodem0006822145041.MeshConfigurer: 

2019-08-28 11:20:45,567 - INFO - tty.usbmodem0006822145041.MeshConfigurer: Sending next message
2019-08-28 11:20:45,588 - DEBUG - tty.usbmodem0006822145041: Writing: 161 bytearray(b'\x01\xc0')
2019-08-28 11:20:45,589 - DEBUG - tty.usbmodem0006822145041: TX: 03a101c0
2019-08-28 11:20:45,592 - DEBUG - tty.usbmodem0006822145041: RX: 0584a1000000
2019-08-28 11:20:45,592 - DEBUG - tty.usbmodem0006822145041: parsed_packet {event: CmdRsp, data: {'opcode': 161, 'status': 0, 'data': bytearray(b'\x00\x00')}}
2019-08-28 11:20:45,592 - INFO - tty.usbmodem0006822145041: AddrSubscriptionAdd: {'address_handle': 0}
2019-08-28 11:20:45,593 - INFO - tty.usbmodem0006822145041.MeshConfigurer: 

2019-08-28 11:20:45,593 - INFO - tty.usbmodem0006822145041.MeshConfigurer: Sending next message
2019-08-28 11:20:45,610 - DEBUG - tty.usbmodem0006822145041: Writing: 164 bytearray(b'\x1e\x00')
2019-08-28 11:20:45,611 - DEBUG - tty.usbmodem0006822145041: TX: 03a41e00
2019-08-28 11:20:45,615 - DEBUG - tty.usbmodem0006822145041: RX: 0584a4000f00
2019-08-28 11:20:45,616 - DEBUG - tty.usbmodem0006822145041: parsed_packet {event: CmdRsp, data: {'opcode': 164, 'status': 0, 'data': bytearray(b'\x0f\x00')}}
2019-08-28 11:20:45,617 - INFO - tty.usbmodem0006822145041: AddrPublicationAdd: {'address_handle': 15}
2019-08-28 11:20:45,618 - INFO - tty.usbmodem0006822145041.MeshConfigurer: 

2019-08-28 11:20:45,619 - INFO - tty.usbmodem0006822145041.MeshConfigurer: Sending next message
2019-08-28 11:20:45,638 - DEBUG - tty.usbmodem0006822145041: Writing: 164 bytearray(b'\x1f\x00')
2019-08-28 11:20:45,638 - DEBUG - tty.usbmodem0006822145041: TX: 03a41f00
2019-08-28 11:20:45,640 - DEBUG - tty.usbmodem0006822145041: RX: 0584a4001000
2019-08-28 11:20:45,641 - DEBUG - tty.usbmodem0006822145041: parsed_packet {event: CmdRsp, data: {'opcode': 164, 'status': 0, 'data': bytearray(b'\x10\x00')}}
2019-08-28 11:20:45,642 - INFO - tty.usbmodem0006822145041: AddrPublicationAdd: {'address_handle': 16}
2019-08-28 11:20:45,644 - INFO - tty.usbmodem0006822145041.MeshConfigurer: 

2019-08-28 11:20:45,645 - INFO - tty.usbmodem0006822145041.MeshConfigurer: Sending next message
2019-08-28 11:20:45,663 - DEBUG - tty.usbmodem0006822145041: Writing: 164 bytearray(b' \x00')
2019-08-28 11:20:45,663 - DEBUG - tty.usbmodem0006822145041: TX: 03a42000
2019-08-28 11:20:45,666 - DEBUG - tty.usbmodem0006822145041: RX: 0584a4001100
2019-08-28 11:20:45,666 - DEBUG - tty.usbmodem0006822145041: parsed_packet {event: CmdRsp, data: {'opcode': 164, 'status': 0, 'data': bytearray(b'\x11\x00')}}
2019-08-28 11:20:45,666 - INFO - tty.usbmodem0006822145041: AddrPublicationAdd: {'address_handle': 17}
2019-08-28 11:20:45,667 - INFO - tty.usbmodem0006822145041.MeshConfigurer: 

2019-08-28 11:20:45,667 - INFO - tty.usbmodem0006822145041.MeshConfigurer: Sending next message
2019-08-28 11:20:45,688 - DEBUG - tty.usbmodem0006822145041: Writing: 164 bytearray(b'!\x00')
2019-08-28 11:20:45,688 - DEBUG - tty.usbmodem0006822145041: TX: 03a42100
2019-08-28 11:20:45,690 - DEBUG - tty.usbmodem0006822145041: RX: 0584a4001200
2019-08-28 11:20:45,691 - DEBUG - tty.usbmodem0006822145041: parsed_packet {event: CmdRsp, data: {'opcode': 164, 'status': 0, 'data': bytearray(b'\x12\x00')}}
2019-08-28 11:20:45,692 - INFO - tty.usbmodem0006822145041: AddrPublicationAdd: {'address_handle': 18}
2019-08-28 11:20:45,694 - INFO - tty.usbmodem0006822145041.MeshConfigurer: 

2019-08-28 11:20:45,695 - INFO - tty.usbmodem0006822145041.MeshConfigurer: Sending next message
2019-08-28 11:20:45,710 - DEBUG - tty.usbmodem0006822145041: Writing: 164 bytearray(b'"\x00')
2019-08-28 11:20:45,711 - DEBUG - tty.usbmodem0006822145041: TX: 03a42200
2019-08-28 11:20:45,714 - DEBUG - tty.usbmodem0006822145041: RX: 0584a4001300
2019-08-28 11:20:45,714 - DEBUG - tty.usbmodem0006822145041: parsed_packet {event: CmdRsp, data: {'opcode': 164, 'status': 0, 'data': bytearray(b'\x13\x00')}}
2019-08-28 11:20:45,714 - INFO - tty.usbmodem0006822145041: AddrPublicationAdd: {'address_handle': 19}
2019-08-28 11:20:45,715 - INFO - tty.usbmodem0006822145041.MeshConfigurer: 

2019-08-28 11:20:45,715 - INFO - tty.usbmodem0006822145041.MeshConfigurer: Sending next message
2019-08-28 11:20:45,736 - DEBUG - tty.usbmodem0006822145041: Writing: 164 bytearray(b'#\x00')
2019-08-28 11:20:45,736 - DEBUG - tty.usbmodem0006822145041: TX: 03a42300
2019-08-28 11:20:45,738 - DEBUG - tty.usbmodem0006822145041: RX: 0584a4001400
2019-08-28 11:20:45,738 - DEBUG - tty.usbmodem0006822145041: parsed_packet {event: CmdRsp, data: {'opcode': 164, 'status': 0, 'data': bytearray(b'\x14\x00')}}
2019-08-28 11:20:45,739 - INFO - tty.usbmodem0006822145041: AddrPublicationAdd: {'address_handle': 20}
2019-08-28 11:20:45,739 - INFO - tty.usbmodem0006822145041.MeshConfigurer: 

2019-08-28 11:20:45,739 - INFO - tty.usbmodem0006822145041.MeshConfigurer: Sending next message
2019-08-28 11:20:45,760 - DEBUG - tty.usbmodem0006822145041: Writing: 164 bytearray(b'$\x00')
2019-08-28 11:20:45,760 - DEBUG - tty.usbmodem0006822145041: TX: 03a42400
2019-08-28 11:20:45,763 - DEBUG - tty.usbmodem0006822145041: RX: 0584a4001500
2019-08-28 11:20:45,764 - DEBUG - tty.usbmodem0006822145041: parsed_packet {event: CmdRsp, data: {'opcode': 164, 'status': 0, 'data': bytearray(b'\x15\x00')}}
2019-08-28 11:20:45,765 - INFO - tty.usbmodem0006822145041: AddrPublicationAdd: {'address_handle': 21}
2019-08-28 11:20:45,767 - INFO - tty.usbmodem0006822145041.MeshConfigurer: 

2019-08-28 11:20:45,768 - INFO - tty.usbmodem0006822145041.MeshConfigurer: Sending next message
2019-08-28 11:20:45,784 - DEBUG - tty.usbmodem0006822145041: Writing: 164 bytearray(b'%\x00')
2019-08-28 11:20:45,784 - DEBUG - tty.usbmodem0006822145041: TX: 03a42500
2019-08-28 11:20:45,786 - DEBUG - tty.usbmodem0006822145041: RX: 0584a4001600
2019-08-28 11:20:45,786 - DEBUG - tty.usbmodem0006822145041: parsed_packet {event: CmdRsp, data: {'opcode': 164, 'status': 0, 'data': bytearray(b'\x16\x00')}}
2019-08-28 11:20:45,786 - INFO - tty.usbmodem0006822145041: AddrPublicationAdd: {'address_handle': 22}
2019-08-28 11:20:45,786 - INFO - tty.usbmodem0006822145041.MeshConfigurer: 

2019-08-28 11:20:45,787 - INFO - tty.usbmodem0006822145041.MeshConfigurer: Sending next message
2019-08-28 11:20:45,806 - DEBUG - tty.usbmodem0006822145041: Writing: 164 bytearray(b'&\x00')
2019-08-28 11:20:45,806 - DEBUG - tty.usbmodem0006822145041: TX: 03a42600
2019-08-28 11:20:45,809 - DEBUG - tty.usbmodem0006822145041: RX: 0584a4001700
2019-08-28 11:20:45,809 - DEBUG - tty.usbmodem0006822145041: parsed_packet {event: CmdRsp, data: {'opcode': 164, 'status': 0, 'data': bytearray(b'\x17\x00')}}
2019-08-28 11:20:45,810 - INFO - tty.usbmodem0006822145041: AddrPublicationAdd: {'address_handle': 23}
2019-08-28 11:20:45,811 - INFO - tty.usbmodem0006822145041.MeshConfigurer: 

2019-08-28 11:20:45,812 - INFO - tty.usbmodem0006822145041.MeshConfigurer: Sending next message
2019-08-28 11:20:45,831 - DEBUG - tty.usbmodem0006822145041: Writing: 164 bytearray(b"\'\x00")
2019-08-28 11:20:45,833 - DEBUG - tty.usbmodem0006822145041: TX: 03a42700
2019-08-28 11:20:45,836 - DEBUG - tty.usbmodem0006822145041: RX: 0584a4001800
2019-08-28 11:20:45,837 - DEBUG - tty.usbmodem0006822145041: parsed_packet {event: CmdRsp, data: {'opcode': 164, 'status': 0, 'data': bytearray(b'\x18\x00')}}
2019-08-28 11:20:45,837 - INFO - tty.usbmodem0006822145041: AddrPublicationAdd: {'address_handle': 24}
2019-08-28 11:20:45,839 - INFO - tty.usbmodem0006822145041.MeshConfigurer: 

2019-08-28 11:20:45,840 - INFO - tty.usbmodem0006822145041.MeshConfigurer: Sending next message
2019-08-28 11:20:45,856 - DEBUG - tty.usbmodem0006822145041: Writing: 164 bytearray(b'(\x00')
2019-08-28 11:20:45,856 - DEBUG - tty.usbmodem0006822145041: TX: 03a42800
2019-08-28 11:20:45,859 - DEBUG - tty.usbmodem0006822145041: RX: 0584a4001900
2019-08-28 11:20:45,860 - DEBUG - tty.usbmodem0006822145041: parsed_packet {event: CmdRsp, data: {'opcode': 164, 'status': 0, 'data': bytearray(b'\x19\x00')}}
2019-08-28 11:20:45,861 - INFO - tty.usbmodem0006822145041: AddrPublicationAdd: {'address_handle': 25}
2019-08-28 11:20:45,863 - INFO - tty.usbmodem0006822145041.MeshConfigurer: 

2019-08-28 11:20:45,864 - INFO - tty.usbmodem0006822145041.MeshConfigurer: Sending next message
2019-08-28 11:20:45,880 - DEBUG - tty.usbmodem0006822145041: Writing: 164 bytearray(b')\x00')
2019-08-28 11:20:45,881 - DEBUG - tty.usbmodem0006822145041: TX: 03a42900
2019-08-28 11:20:45,884 - DEBUG - tty.usbmodem0006822145041: RX: 0584a4001a00
2019-08-28 11:20:45,884 - DEBUG - tty.usbmodem0006822145041: parsed_packet {event: CmdRsp, data: {'opcode': 164, 'status': 0, 'data': bytearray(b'\x1a\x00')}}
2019-08-28 11:20:45,884 - INFO - tty.usbmodem0006822145041: AddrPublicationAdd: {'address_handle': 26}
2019-08-28 11:20:45,885 - INFO - tty.usbmodem0006822145041.MeshConfigurer: 

2019-08-28 11:20:45,888 - INFO - tty.usbmodem0006822145041.MeshConfigurer: Sending next message
2019-08-28 11:20:45,905 - DEBUG - tty.usbmodem0006822145041: Writing: 164 bytearray(b'*\x00')
2019-08-28 11:20:45,905 - DEBUG - tty.usbmodem0006822145041: TX: 03a42a00
2019-08-28 11:20:45,907 - DEBUG - tty.usbmodem0006822145041: RX: 0584a4001b00
2019-08-28 11:20:45,907 - DEBUG - tty.usbmodem0006822145041: parsed_packet {event: CmdRsp, data: {'opcode': 164, 'status': 0, 'data': bytearray(b'\x1b\x00')}}
2019-08-28 11:20:45,908 - INFO - tty.usbmodem0006822145041: AddrPublicationAdd: {'address_handle': 27}
2019-08-28 11:20:45,909 - INFO - tty.usbmodem0006822145041.MeshConfigurer: 

2019-08-28 11:20:45,909 - INFO - tty.usbmodem0006822145041.MeshConfigurer: Sending next message
2019-08-28 11:20:45,926 - DEBUG - tty.usbmodem0006822145041: Writing: 164 bytearray(b'+\x00')
2019-08-28 11:20:45,928 - DEBUG - tty.usbmodem0006822145041: TX: 03a42b00
2019-08-28 11:20:45,931 - DEBUG - tty.usbmodem0006822145041: RX: 0584a4001c00
2019-08-28 11:20:45,932 - DEBUG - tty.usbmodem0006822145041: parsed_packet {event: CmdRsp, data: {'opcode': 164, 'status': 0, 'data': bytearray(b'\x1c\x00')}}
2019-08-28 11:20:45,934 - INFO - tty.usbmodem0006822145041: AddrPublicationAdd: {'address_handle': 28}
2019-08-28 11:20:45,937 - INFO - tty.usbmodem0006822145041.MeshConfigurer: 

2019-08-28 11:20:45,938 - INFO - tty.usbmodem0006822145041.MeshConfigurer: Sending next message
2019-08-28 11:20:45,951 - DEBUG - tty.usbmodem0006822145041: Writing: 156 bytearray(b'\x10\x00\x00\x00\n\xceH\xf4\xc0\xab\xe6\x1e\xe0\xfc{::\xae\xb6\x04')
2019-08-28 11:20:45,951 - DEBUG - tty.usbmodem0006822145041: TX: 159c100000000ace48f4c0abe61ee0fc7b3a3aaeb604
2019-08-28 11:20:45,954 - DEBUG - tty.usbmodem0006822145041: RX: 05849c000800
2019-08-28 11:20:45,954 - DEBUG - tty.usbmodem0006822145041: parsed_packet {event: CmdRsp, data: {'opcode': 156, 'status': 0, 'data': bytearray(b'\x08\x00')}}
2019-08-28 11:20:45,954 - INFO - tty.usbmodem0006822145041: DevkeyAdd: {'devkey_handle': 8}
2019-08-28 11:20:45,954 - INFO - tty.usbmodem0006822145041.MeshConfigurer: 

2019-08-28 11:20:45,955 - INFO - tty.usbmodem0006822145041.MeshConfigurer: Sending next message
2019-08-28 11:20:45,976 - DEBUG - tty.usbmodem0006822145041: Writing: 156 bytearray(b"\x1e\x00\x00\x00I\xa1\x87\x84\x13W(\xe8\xe7\xc1\xf3\'\xa7~r\x00")
2019-08-28 11:20:45,977 - DEBUG - tty.usbmodem0006822145041: TX: 159c1e00000049a18784135728e8e7c1f327a77e7200
2019-08-28 11:20:45,981 - DEBUG - tty.usbmodem0006822145041: RX: 05849c000900
2019-08-28 11:20:45,981 - DEBUG - tty.usbmodem0006822145041: parsed_packet {event: CmdRsp, data: {'opcode': 156, 'status': 0, 'data': bytearray(b'\t\x00')}}
2019-08-28 11:20:45,981 - INFO - tty.usbmodem0006822145041: DevkeyAdd: {'devkey_handle': 9}
2019-08-28 11:20:45,982 - INFO - tty.usbmodem0006822145041.MeshConfigurer: No Messages remaining
2019-08-28 11:20:49,964 - DEBUG - tty.usbmodem0006822145041: exited read event
