2019-08-09 15:17:00,563 - DEBUG - tty.usbmodem0006822145041: Writing: 14 bytearray(b'')
2019-08-09 15:17:00,565 - DEBUG - tty.usbmodem0006822145041: TX: 010e
2019-08-09 15:17:00,984 - DEBUG - tty.usbmodem0006822145041: RX: 04810200fe
2019-08-09 15:17:00,984 - DEBUG - tty.usbmodem0006822145041: parsed_packet {event: DeviceStarted, data: {'operating_mode': 2, 'hw_error': 0, 'data_credit_available': 254}}
2019-08-09 15:17:00,985 - INFO - tty.usbmodem0006822145041: Device rebooted.
2019-08-09 15:17:01,133 - INFO - tty.usbmodem0006822145041.MeshConfigurer: 

2019-08-09 15:17:01,133 - INFO - tty.usbmodem0006822145041.MeshConfigurer: Sending next message
2019-08-09 15:17:01,135 - DEBUG - tty.usbmodem0006822145041: Writing: 105 bytearray(b'\x01\xee\x9c\xb3\xf6\xa8\x0c\xc4\xf5\xda\x10\xe7\xffn\n\x1c\xa1\xec\x9b\x93\xb9\xf2\x04^\xb1GN\xe4*\x81a%.?e\x90\xa4\xfa\x10\xe3>\xddh\x0f\xb4\xd5[\xd4D{\xc4\xd1\xde,3\xe1\x84\xc4}\xae\xb3\x16\xea\xe5io\xd0\x81\xc5\xdap\xeaA\xe4\x07\xc9\x8f\x04$/\t\x95I\xdb\x8c\xa3\xf6@qu"\xba`\x9e\x15\xb7')
2019-08-09 15:17:01,136 - DEBUG - tty.usbmodem0006822145041: TX: 616901ee9cb3f6a80cc4f5da10e7ff6e0a1ca1ec9b93b9f2045eb1474ee42a8161252e3f6590a4fa10e33edd680fb4d55bd4447bc4d1de2c33e184c47daeb316eae5696fd081c5da70ea41e407c98f04242f099549db8ca3f640717522ba609e15b7
2019-08-09 15:17:01,136 - ERROR - tty.usbmodem0006822145041: Exception in pkt handler <bound method Mesh.cmd_handler of <interactive_pyaci.Mesh object at 0x10ccf3f28>>
2019-08-09 15:17:01,138 - ERROR - tty.usbmodem0006822145041: traceback: Traceback (most recent call last):
  File "/Users/Tim-Mac/msc/bm-control/dev/nrf5SDKforMeshv310src/scripts/interactive_pyaci/aci/aci_uart.py", line 98, in process_command
    fun(command)
  File "/Users/Tim-Mac/msc/bm-control/dev/nrf5SDKforMeshv310src/scripts/interactive_pyaci/interactive_pyaci.py", line 379, in cmd_handler
    if cmd.RESPONSE_LUT[command._opcode]["name"] == "AddrPublicationAdd":
KeyError: 105

2019-08-09 15:17:01,146 - DEBUG - tty.usbmodem0006822145041: RX: 03845384
2019-08-09 15:17:01,146 - DEBUG - tty.usbmodem0006822145041: parsed_packet {event: CmdRsp, data: {'opcode': 83, 'status': 132, 'data': bytearray(b'')}}
2019-08-09 15:17:01,146 - ERROR - tty.usbmodem0006822145041: None: ERROR_INVALID_LENGTH
2019-08-09 15:17:01,147 - DEBUG - tty.usbmodem0006822145041: RX: 03840084
2019-08-09 15:17:01,147 - DEBUG - tty.usbmodem0006822145041: parsed_packet {event: CmdRsp, data: {'opcode': 0, 'status': 132, 'data': bytearray(b'')}}
2019-08-09 15:17:01,147 - ERROR - tty.usbmodem0006822145041: None: ERROR_INVALID_LENGTH
2019-08-09 15:17:01,147 - DEBUG - tty.usbmodem0006822145041: RX: 03840084
2019-08-09 15:17:01,147 - DEBUG - tty.usbmodem0006822145041: parsed_packet {event: CmdRsp, data: {'opcode': 0, 'status': 132, 'data': bytearray(b'')}}
2019-08-09 15:17:01,147 - ERROR - tty.usbmodem0006822145041: None: ERROR_INVALID_LENGTH
2019-08-09 15:17:01,163 - DEBUG - tty.usbmodem0006822145041: RX: 03840084
2019-08-09 15:17:01,163 - DEBUG - tty.usbmodem0006822145041: parsed_packet {event: CmdRsp, data: {'opcode': 0, 'status': 132, 'data': bytearray(b'')}}
2019-08-09 15:17:01,164 - ERROR - tty.usbmodem0006822145041: None: ERROR_INVALID_LENGTH
2019-08-09 15:17:01,164 - DEBUG - tty.usbmodem0006822145041: RX: 03840084
2019-08-09 15:17:01,164 - DEBUG - tty.usbmodem0006822145041: parsed_packet {event: CmdRsp, data: {'opcode': 0, 'status': 132, 'data': bytearray(b'')}}
2019-08-09 15:17:01,165 - ERROR - tty.usbmodem0006822145041: None: ERROR_INVALID_LENGTH
2019-08-09 15:17:01,165 - DEBUG - tty.usbmodem0006822145041: RX: 03840084
2019-08-09 15:17:01,165 - DEBUG - tty.usbmodem0006822145041: parsed_packet {event: CmdRsp, data: {'opcode': 0, 'status': 132, 'data': bytearray(b'')}}
2019-08-09 15:17:01,165 - ERROR - tty.usbmodem0006822145041: None: ERROR_INVALID_LENGTH
2019-08-09 15:17:01,166 - DEBUG - tty.usbmodem0006822145041: RX: 03840084
2019-08-09 15:17:01,167 - DEBUG - tty.usbmodem0006822145041: parsed_packet {event: CmdRsp, data: {'opcode': 0, 'status': 132, 'data': bytearray(b'')}}
2019-08-09 15:17:01,167 - ERROR - tty.usbmodem0006822145041: None: ERROR_INVALID_LENGTH
2019-08-09 15:17:01,168 - DEBUG - tty.usbmodem0006822145041: RX: 03840084
2019-08-09 15:17:01,168 - DEBUG - tty.usbmodem0006822145041: parsed_packet {event: CmdRsp, data: {'opcode': 0, 'status': 132, 'data': bytearray(b'')}}
2019-08-09 15:17:01,168 - ERROR - tty.usbmodem0006822145041: None: ERROR_INVALID_LENGTH
2019-08-09 15:17:01,169 - DEBUG - tty.usbmodem0006822145041: RX: 03840084
2019-08-09 15:17:01,169 - DEBUG - tty.usbmodem0006822145041: parsed_packet {event: CmdRsp, data: {'opcode': 0, 'status': 132, 'data': bytearray(b'')}}
2019-08-09 15:17:01,169 - ERROR - tty.usbmodem0006822145041: None: ERROR_INVALID_LENGTH
2019-08-09 15:17:01,169 - DEBUG - tty.usbmodem0006822145041: RX: 03840084
2019-08-09 15:17:01,169 - DEBUG - tty.usbmodem0006822145041: parsed_packet {event: CmdRsp, data: {'opcode': 0, 'status': 132, 'data': bytearray(b'')}}
2019-08-09 15:17:01,169 - ERROR - tty.usbmodem0006822145041: None: ERROR_INVALID_LENGTH
2019-08-09 15:17:01,170 - DEBUG - tty.usbmodem0006822145041: RX: 03840084
2019-08-09 15:17:01,170 - DEBUG - tty.usbmodem0006822145041: parsed_packet {event: CmdRsp, data: {'opcode': 0, 'status': 132, 'data': bytearray(b'')}}
2019-08-09 15:17:01,170 - ERROR - tty.usbmodem0006822145041: None: ERROR_INVALID_LENGTH
2019-08-09 15:17:01,170 - DEBUG - tty.usbmodem0006822145041: RX: 03840084
2019-08-09 15:17:01,171 - DEBUG - tty.usbmodem0006822145041: parsed_packet {event: CmdRsp, data: {'opcode': 0, 'status': 132, 'data': bytearray(b'')}}
2019-08-09 15:17:01,171 - ERROR - tty.usbmodem0006822145041: None: ERROR_INVALID_LENGTH
2019-08-09 15:17:01,171 - DEBUG - tty.usbmodem0006822145041: RX: 03840084
2019-08-09 15:17:01,172 - DEBUG - tty.usbmodem0006822145041: parsed_packet {event: CmdRsp, data: {'opcode': 0, 'status': 132, 'data': bytearray(b'')}}
2019-08-09 15:17:01,172 - ERROR - tty.usbmodem0006822145041: None: ERROR_INVALID_LENGTH
2019-08-09 15:17:01,172 - DEBUG - tty.usbmodem0006822145041: Writing: 159 bytearray(b'\x01\x00\x01\x00')
2019-08-09 15:17:01,172 - DEBUG - tty.usbmodem0006822145041: TX: 059f01000100
2019-08-09 15:17:01,173 - ERROR - tty.usbmodem0006822145041: Exception in pkt handler <bound method Mesh.cmd_handler of <interactive_pyaci.Mesh object at 0x10ccf3f28>>
2019-08-09 15:17:01,173 - ERROR - tty.usbmodem0006822145041: traceback: Traceback (most recent call last):
  File "/Users/Tim-Mac/msc/bm-control/dev/nrf5SDKforMeshv310src/scripts/interactive_pyaci/aci/aci_uart.py", line 98, in process_command
    fun(command)
  File "/Users/Tim-Mac/msc/bm-control/dev/nrf5SDKforMeshv310src/scripts/interactive_pyaci/interactive_pyaci.py", line 379, in cmd_handler
    if cmd.RESPONSE_LUT[command._opcode]["name"] == "AddrPublicationAdd":
KeyError: 159

2019-08-09 15:17:01,176 - DEBUG - tty.usbmodem0006822145041: RX: 03849f00
2019-08-09 15:17:01,176 - DEBUG - tty.usbmodem0006822145041: parsed_packet {event: CmdRsp, data: {'opcode': 159, 'status': 0, 'data': bytearray(b'')}}
2019-08-09 15:17:01,176 - INFO - tty.usbmodem0006822145041: Success
2019-08-09 15:17:01,198 - DEBUG - tty.usbmodem0006822145041: Writing: 146 bytearray(b'\x00\x00\x18\xee\xd9\xc2\xa5j\xdd\x85\x04\x9f\xfc<Y\xad\x0e\x12')
2019-08-09 15:17:01,198 - DEBUG - tty.usbmodem0006822145041: TX: 1392000018eed9c2a56add85049ffc3c59ad0e12
2019-08-09 15:17:01,203 - DEBUG - tty.usbmodem0006822145041: RX: 058492000000
2019-08-09 15:17:01,203 - DEBUG - tty.usbmodem0006822145041: parsed_packet {event: CmdRsp, data: {'opcode': 146, 'status': 0, 'data': bytearray(b'\x00\x00')}}
2019-08-09 15:17:01,203 - INFO - tty.usbmodem0006822145041: SubnetAdd: {'subnet_handle': 0}
2019-08-09 15:17:01,220 - DEBUG - tty.usbmodem0006822145041: Writing: 151 bytearray(b'\x00\x00\x00\x00Oh\xad\x85\xd9\xf4\x8a\xc8X\x9d\xf6e\xb6\xb4\x9b\x8a')
2019-08-09 15:17:01,220 - DEBUG - tty.usbmodem0006822145041: TX: 1597000000004f68ad85d9f48ac8589df665b6b49b8a
2019-08-09 15:17:01,224 - DEBUG - tty.usbmodem0006822145041: RX: 058497000000
2019-08-09 15:17:01,224 - DEBUG - tty.usbmodem0006822145041: parsed_packet {event: CmdRsp, data: {'opcode': 151, 'status': 0, 'data': bytearray(b'\x00\x00')}}
2019-08-09 15:17:01,224 - INFO - tty.usbmodem0006822145041: AppkeyAdd: {'appkey_handle': 0}
2019-08-09 15:17:01,243 - DEBUG - tty.usbmodem0006822145041: Writing: 151 bytearray(b'\x01\x00\x00\x00*\xa2\xa6\xde\xd5\xa0y\x8c\xea\xb5x|\xa3\xae9\xfc')
2019-08-09 15:17:01,244 - DEBUG - tty.usbmodem0006822145041: TX: 1597010000002aa2a6ded5a0798ceab5787ca3ae39fc
2019-08-09 15:17:01,248 - DEBUG - tty.usbmodem0006822145041: RX: 058497000100
2019-08-09 15:17:01,248 - DEBUG - tty.usbmodem0006822145041: parsed_packet {event: CmdRsp, data: {'opcode': 151, 'status': 0, 'data': bytearray(b'\x01\x00')}}
2019-08-09 15:17:01,248 - INFO - tty.usbmodem0006822145041: AppkeyAdd: {'appkey_handle': 1}
2019-08-09 15:17:01,266 - DEBUG - tty.usbmodem0006822145041: Writing: 161 bytearray(b'\x01\xc0')
2019-08-09 15:17:01,266 - DEBUG - tty.usbmodem0006822145041: TX: 03a101c0
2019-08-09 15:17:01,269 - DEBUG - tty.usbmodem0006822145041: RX: 0584a1000000
2019-08-09 15:17:01,269 - DEBUG - tty.usbmodem0006822145041: parsed_packet {event: CmdRsp, data: {'opcode': 161, 'status': 0, 'data': bytearray(b'\x00\x00')}}
2019-08-09 15:17:01,269 - INFO - tty.usbmodem0006822145041: AddrSubscriptionAdd: {'address_handle': 0}
2019-08-09 15:17:01,276 - INFO - tty.usbmodem0006822145041.MeshConfigurer: 

2019-08-09 15:17:01,277 - INFO - tty.usbmodem0006822145041.MeshConfigurer: Sending next message
2019-08-09 15:17:01,290 - DEBUG - tty.usbmodem0006822145041: Writing: 164 bytearray(b'\x10\x00')
2019-08-09 15:17:01,291 - DEBUG - tty.usbmodem0006822145041: TX: 03a41000
2019-08-09 15:17:01,294 - DEBUG - tty.usbmodem0006822145041: RX: 0584a4000100
2019-08-09 15:17:01,294 - DEBUG - tty.usbmodem0006822145041: parsed_packet {event: CmdRsp, data: {'opcode': 164, 'status': 0, 'data': bytearray(b'\x01\x00')}}
2019-08-09 15:17:01,294 - INFO - tty.usbmodem0006822145041: AddrPublicationAdd: {'address_handle': 1}
2019-08-09 15:17:01,302 - INFO - tty.usbmodem0006822145041.MeshConfigurer: 

2019-08-09 15:17:01,303 - INFO - tty.usbmodem0006822145041.MeshConfigurer: Sending next message
2019-08-09 15:17:01,311 - DEBUG - tty.usbmodem0006822145041: Writing: 164 bytearray(b'\x11\x00')
2019-08-09 15:17:01,311 - DEBUG - tty.usbmodem0006822145041: TX: 03a41100
2019-08-09 15:17:01,313 - DEBUG - tty.usbmodem0006822145041: RX: 0584a4000200
2019-08-09 15:17:01,313 - DEBUG - tty.usbmodem0006822145041: parsed_packet {event: CmdRsp, data: {'opcode': 164, 'status': 0, 'data': bytearray(b'\x02\x00')}}
2019-08-09 15:17:01,313 - INFO - tty.usbmodem0006822145041: AddrPublicationAdd: {'address_handle': 2}
2019-08-09 15:17:01,321 - INFO - tty.usbmodem0006822145041.MeshConfigurer: 

2019-08-09 15:17:01,322 - INFO - tty.usbmodem0006822145041.MeshConfigurer: Sending next message
2019-08-09 15:17:01,336 - DEBUG - tty.usbmodem0006822145041: Writing: 164 bytearray(b'\x12\x00')
2019-08-09 15:17:01,336 - DEBUG - tty.usbmodem0006822145041: TX: 03a41200
2019-08-09 15:17:01,339 - DEBUG - tty.usbmodem0006822145041: RX: 0584a4000300
2019-08-09 15:17:01,339 - DEBUG - tty.usbmodem0006822145041: parsed_packet {event: CmdRsp, data: {'opcode': 164, 'status': 0, 'data': bytearray(b'\x03\x00')}}
2019-08-09 15:17:01,339 - INFO - tty.usbmodem0006822145041: AddrPublicationAdd: {'address_handle': 3}
2019-08-09 15:17:01,351 - INFO - tty.usbmodem0006822145041.MeshConfigurer: 

2019-08-09 15:17:01,351 - INFO - tty.usbmodem0006822145041.MeshConfigurer: Sending next message
2019-08-09 15:17:01,359 - DEBUG - tty.usbmodem0006822145041: Writing: 164 bytearray(b'\x13\x00')
2019-08-09 15:17:01,360 - DEBUG - tty.usbmodem0006822145041: TX: 03a41300
2019-08-09 15:17:01,362 - DEBUG - tty.usbmodem0006822145041: RX: 0584a4000400
2019-08-09 15:17:01,362 - DEBUG - tty.usbmodem0006822145041: parsed_packet {event: CmdRsp, data: {'opcode': 164, 'status': 0, 'data': bytearray(b'\x04\x00')}}
2019-08-09 15:17:01,362 - INFO - tty.usbmodem0006822145041: AddrPublicationAdd: {'address_handle': 4}
2019-08-09 15:17:01,370 - INFO - tty.usbmodem0006822145041.MeshConfigurer: 

2019-08-09 15:17:01,370 - INFO - tty.usbmodem0006822145041.MeshConfigurer: Sending next message
2019-08-09 15:17:01,382 - DEBUG - tty.usbmodem0006822145041: Writing: 164 bytearray(b'\x14\x00')
2019-08-09 15:17:01,382 - DEBUG - tty.usbmodem0006822145041: TX: 03a41400
2019-08-09 15:17:01,384 - DEBUG - tty.usbmodem0006822145041: RX: 0584a4000500
2019-08-09 15:17:01,385 - DEBUG - tty.usbmodem0006822145041: parsed_packet {event: CmdRsp, data: {'opcode': 164, 'status': 0, 'data': bytearray(b'\x05\x00')}}
2019-08-09 15:17:01,385 - INFO - tty.usbmodem0006822145041: AddrPublicationAdd: {'address_handle': 5}
2019-08-09 15:17:01,396 - INFO - tty.usbmodem0006822145041.MeshConfigurer: 

2019-08-09 15:17:01,396 - INFO - tty.usbmodem0006822145041.MeshConfigurer: Sending next message
2019-08-09 15:17:01,407 - DEBUG - tty.usbmodem0006822145041: Writing: 164 bytearray(b'\x15\x00')
2019-08-09 15:17:01,408 - DEBUG - tty.usbmodem0006822145041: TX: 03a41500
2019-08-09 15:17:01,411 - DEBUG - tty.usbmodem0006822145041: RX: 0584a4000600
2019-08-09 15:17:01,411 - DEBUG - tty.usbmodem0006822145041: parsed_packet {event: CmdRsp, data: {'opcode': 164, 'status': 0, 'data': bytearray(b'\x06\x00')}}
2019-08-09 15:17:01,411 - INFO - tty.usbmodem0006822145041: AddrPublicationAdd: {'address_handle': 6}
2019-08-09 15:17:01,421 - INFO - tty.usbmodem0006822145041.MeshConfigurer: 

2019-08-09 15:17:01,422 - INFO - tty.usbmodem0006822145041.MeshConfigurer: Sending next message
2019-08-09 15:17:01,431 - DEBUG - tty.usbmodem0006822145041: Writing: 164 bytearray(b'\x16\x00')
2019-08-09 15:17:01,431 - DEBUG - tty.usbmodem0006822145041: TX: 03a41600
2019-08-09 15:17:01,433 - DEBUG - tty.usbmodem0006822145041: RX: 0584a4000700
2019-08-09 15:17:01,433 - DEBUG - tty.usbmodem0006822145041: parsed_packet {event: CmdRsp, data: {'opcode': 164, 'status': 0, 'data': bytearray(b'\x07\x00')}}
2019-08-09 15:17:01,433 - INFO - tty.usbmodem0006822145041: AddrPublicationAdd: {'address_handle': 7}
2019-08-09 15:17:01,442 - INFO - tty.usbmodem0006822145041.MeshConfigurer: 

2019-08-09 15:17:01,443 - INFO - tty.usbmodem0006822145041.MeshConfigurer: Sending next message
2019-08-09 15:17:01,454 - DEBUG - tty.usbmodem0006822145041: Writing: 164 bytearray(b'\x17\x00')
2019-08-09 15:17:01,454 - DEBUG - tty.usbmodem0006822145041: TX: 03a41700
2019-08-09 15:17:01,456 - DEBUG - tty.usbmodem0006822145041: RX: 0584a4000800
2019-08-09 15:17:01,456 - DEBUG - tty.usbmodem0006822145041: parsed_packet {event: CmdRsp, data: {'opcode': 164, 'status': 0, 'data': bytearray(b'\x08\x00')}}
2019-08-09 15:17:01,458 - INFO - tty.usbmodem0006822145041: AddrPublicationAdd: {'address_handle': 8}
2019-08-09 15:17:01,482 - INFO - tty.usbmodem0006822145041.MeshConfigurer: 

2019-08-09 15:17:01,482 - INFO - tty.usbmodem0006822145041.MeshConfigurer: Sending next message
2019-08-09 15:17:01,482 - DEBUG - tty.usbmodem0006822145041: Writing: 164 bytearray(b'\x18\x00')
2019-08-09 15:17:01,482 - DEBUG - tty.usbmodem0006822145041: TX: 03a41800
2019-08-09 15:17:01,485 - DEBUG - tty.usbmodem0006822145041: RX: 0584a4000900
2019-08-09 15:17:01,485 - DEBUG - tty.usbmodem0006822145041: parsed_packet {event: CmdRsp, data: {'opcode': 164, 'status': 0, 'data': bytearray(b'\t\x00')}}
2019-08-09 15:17:01,485 - INFO - tty.usbmodem0006822145041: AddrPublicationAdd: {'address_handle': 9}
2019-08-09 15:17:01,498 - INFO - tty.usbmodem0006822145041.MeshConfigurer: 

2019-08-09 15:17:01,498 - INFO - tty.usbmodem0006822145041.MeshConfigurer: Sending next message
2019-08-09 15:17:01,507 - DEBUG - tty.usbmodem0006822145041: Writing: 164 bytearray(b'\x19\x00')
2019-08-09 15:17:01,508 - DEBUG - tty.usbmodem0006822145041: TX: 03a41900
2019-08-09 15:17:01,511 - DEBUG - tty.usbmodem0006822145041: RX: 0584a4000a00
2019-08-09 15:17:01,511 - DEBUG - tty.usbmodem0006822145041: parsed_packet {event: CmdRsp, data: {'opcode': 164, 'status': 0, 'data': bytearray(b'\n\x00')}}
2019-08-09 15:17:01,511 - INFO - tty.usbmodem0006822145041: AddrPublicationAdd: {'address_handle': 10}
2019-08-09 15:17:01,525 - INFO - tty.usbmodem0006822145041.MeshConfigurer: 

2019-08-09 15:17:01,525 - INFO - tty.usbmodem0006822145041.MeshConfigurer: Sending next message
2019-08-09 15:17:01,531 - DEBUG - tty.usbmodem0006822145041: Writing: 164 bytearray(b'\x1a\x00')
2019-08-09 15:17:01,531 - DEBUG - tty.usbmodem0006822145041: TX: 03a41a00
2019-08-09 15:17:01,533 - DEBUG - tty.usbmodem0006822145041: RX: 0584a4000b00
2019-08-09 15:17:01,533 - DEBUG - tty.usbmodem0006822145041: parsed_packet {event: CmdRsp, data: {'opcode': 164, 'status': 0, 'data': bytearray(b'\x0b\x00')}}
2019-08-09 15:17:01,534 - INFO - tty.usbmodem0006822145041: AddrPublicationAdd: {'address_handle': 11}
2019-08-09 15:17:01,543 - INFO - tty.usbmodem0006822145041.MeshConfigurer: 

2019-08-09 15:17:01,544 - INFO - tty.usbmodem0006822145041.MeshConfigurer: Sending next message
2019-08-09 15:17:01,556 - DEBUG - tty.usbmodem0006822145041: Writing: 164 bytearray(b'\x1b\x00')
2019-08-09 15:17:01,556 - DEBUG - tty.usbmodem0006822145041: TX: 03a41b00
2019-08-09 15:17:01,560 - DEBUG - tty.usbmodem0006822145041: RX: 0584a4000c00
2019-08-09 15:17:01,561 - DEBUG - tty.usbmodem0006822145041: parsed_packet {event: CmdRsp, data: {'opcode': 164, 'status': 0, 'data': bytearray(b'\x0c\x00')}}
2019-08-09 15:17:01,561 - INFO - tty.usbmodem0006822145041: AddrPublicationAdd: {'address_handle': 12}
2019-08-09 15:17:01,570 - INFO - tty.usbmodem0006822145041.MeshConfigurer: 

2019-08-09 15:17:01,570 - INFO - tty.usbmodem0006822145041.MeshConfigurer: Sending next message
2019-08-09 15:17:01,580 - DEBUG - tty.usbmodem0006822145041: Writing: 164 bytearray(b'\x1c\x00')
2019-08-09 15:17:01,580 - DEBUG - tty.usbmodem0006822145041: TX: 03a41c00
2019-08-09 15:17:01,583 - DEBUG - tty.usbmodem0006822145041: RX: 0584a4000d00
2019-08-09 15:17:01,583 - DEBUG - tty.usbmodem0006822145041: parsed_packet {event: CmdRsp, data: {'opcode': 164, 'status': 0, 'data': bytearray(b'\r\x00')}}
2019-08-09 15:17:01,583 - INFO - tty.usbmodem0006822145041: AddrPublicationAdd: {'address_handle': 13}
2019-08-09 15:17:01,596 - INFO - tty.usbmodem0006822145041.MeshConfigurer: 

2019-08-09 15:17:01,596 - INFO - tty.usbmodem0006822145041.MeshConfigurer: Sending next message
2019-08-09 15:17:01,603 - DEBUG - tty.usbmodem0006822145041: Writing: 164 bytearray(b'\x1d\x00')
2019-08-09 15:17:01,603 - DEBUG - tty.usbmodem0006822145041: TX: 03a41d00
2019-08-09 15:17:01,606 - DEBUG - tty.usbmodem0006822145041: RX: 0584a4000e00
2019-08-09 15:17:01,607 - DEBUG - tty.usbmodem0006822145041: parsed_packet {event: CmdRsp, data: {'opcode': 164, 'status': 0, 'data': bytearray(b'\x0e\x00')}}
2019-08-09 15:17:01,609 - INFO - tty.usbmodem0006822145041: AddrPublicationAdd: {'address_handle': 14}
2019-08-09 15:17:01,620 - INFO - tty.usbmodem0006822145041.MeshConfigurer: No Messages remaining
2019-08-09 15:18:05,027 - DEBUG - tty.usbmodem0006822145041: exited read event
