2019-07-11 17:16:27,339 - DEBUG: Writing: 105 bytearray(b'po+\xba\xc7\xe26\xaa\xba\x1f9X\xf49\xeb\xed5Z\xb0\xb0\xc9[\x00R\x8f\x04+\x90|\x95E\x02\x0f\xb8\x06TG\xaa\xa8\x9e1\xffw\xa6\xb55w|\x029DFc7\xf2\x86\xbc\xb6\x81db\x07R:`\xd0\x1c\x9dgt\x05\xda8\x02\xd1\xde\xfe\x90\x03`\xa9n\x9c\x81\x07x~\x03\xdb\n\x9cN\xcf;\xbf\xe4')
2019-07-11 17:16:27,339 - DEBUG: TX: 6169706f2bbac7e236aaba1f3958f439ebed355ab0b0c95b00528f042b907c9545020fb8065447aaa89e31ff77a6b535777c023944466337f286bcb681646207523a60d01c9d677405da3802d1defe900360a96e9c8107787e03db0a9c4ecf3bbfe4
2019-07-11 17:16:27,349 - DEBUG: RX: 03845384
2019-07-11 17:16:27,349 - DEBUG: parsed_packet {event: CmdRsp, data: {'opcode': 83, 'status': 132, 'data': bytearray(b'')}}
2019-07-11 17:16:27,350 - DEBUG: Writing: 159 bytearray(b'\x01\x00\x01\x00')
2019-07-11 17:16:27,349 - ERROR: None: ERROR_INVALID_LENGTH
2019-07-11 17:16:27,350 - DEBUG: TX: 059f01000100
2019-07-11 17:16:27,350 - DEBUG: RX: 03840084
2019-07-11 17:16:27,351 - DEBUG: parsed_packet {event: CmdRsp, data: {'opcode': 0, 'status': 132, 'data': bytearray(b'')}}
2019-07-11 17:16:27,351 - ERROR: None: ERROR_INVALID_LENGTH
2019-07-11 17:16:27,351 - DEBUG: Writing: 146 bytearray(b'\x00\x00\x18\xee\xd9\xc2\xa5j\xdd\x85\x04\x9f\xfc<Y\xad\x0e\x12')
2019-07-11 17:16:27,352 - DEBUG: RX: 03840084
2019-07-11 17:16:27,352 - DEBUG: TX: 1392000018eed9c2a56add85049ffc3c59ad0e12
2019-07-11 17:16:27,353 - DEBUG: parsed_packet {event: CmdRsp, data: {'opcode': 0, 'status': 132, 'data': bytearray(b'')}}
2019-07-11 17:16:27,353 - ERROR: None: ERROR_INVALID_LENGTH
2019-07-11 17:16:27,354 - DEBUG: RX: 03840084
2019-07-11 17:16:27,354 - DEBUG: parsed_packet {event: CmdRsp, data: {'opcode': 0, 'status': 132, 'data': bytearray(b'')}}
2019-07-11 17:16:27,354 - DEBUG: Writing: 151 bytearray(b'\x00\x00\x00\x00Oh\xad\x85\xd9\xf4\x8a\xc8X\x9d\xf6e\xb6\xb4\x9b\x8a')
2019-07-11 17:16:27,355 - DEBUG: TX: 1597000000004f68ad85d9f48ac8589df665b6b49b8a
2019-07-11 17:16:27,354 - ERROR: None: ERROR_INVALID_LENGTH
2019-07-11 17:16:27,355 - DEBUG: Writing: 151 bytearray(b'\x01\x00\x00\x00*\xa2\xa6\xde\xd5\xa0y\x8c\xea\xb5x|\xa3\xae9\xfc')
2019-07-11 17:16:27,355 - DEBUG: TX: 1597010000002aa2a6ded5a0798ceab5787ca3ae39fc
2019-07-11 17:16:27,355 - DEBUG: RX: 03840084
2019-07-11 17:16:27,355 - DEBUG: parsed_packet {event: CmdRsp, data: {'opcode': 0, 'status': 132, 'data': bytearray(b'')}}
2019-07-11 17:16:27,356 - DEBUG: Writing: 164 bytearray(b'\x10\x00')
2019-07-11 17:16:27,356 - ERROR: None: ERROR_INVALID_LENGTH
2019-07-11 17:16:27,356 - DEBUG: TX: 03a41000
2019-07-11 17:16:27,356 - DEBUG: RX: 03840084
2019-07-11 17:16:27,356 - DEBUG: parsed_packet {event: CmdRsp, data: {'opcode': 0, 'status': 132, 'data': bytearray(b'')}}
2019-07-11 17:16:27,357 - ERROR: None: ERROR_INVALID_LENGTH
2019-07-11 17:16:27,357 - DEBUG: RX: 03840084
2019-07-11 17:16:27,358 - DEBUG: parsed_packet {event: CmdRsp, data: {'opcode': 0, 'status': 132, 'data': bytearray(b'')}}
2019-07-11 17:16:27,358 - ERROR: None: ERROR_INVALID_LENGTH
2019-07-11 17:16:27,358 - DEBUG: RX: 03840084
2019-07-11 17:16:27,359 - DEBUG: parsed_packet {event: CmdRsp, data: {'opcode': 0, 'status': 132, 'data': bytearray(b'')}}
2019-07-11 17:16:27,359 - ERROR: None: ERROR_INVALID_LENGTH
2019-07-11 17:16:27,359 - DEBUG: RX: 03840084
2019-07-11 17:16:27,359 - DEBUG: parsed_packet {event: CmdRsp, data: {'opcode': 0, 'status': 132, 'data': bytearray(b'')}}
2019-07-11 17:16:27,359 - ERROR: None: ERROR_INVALID_LENGTH
2019-07-11 17:16:27,359 - DEBUG: RX: 03840084
2019-07-11 17:16:27,359 - DEBUG: parsed_packet {event: CmdRsp, data: {'opcode': 0, 'status': 132, 'data': bytearray(b'')}}
2019-07-11 17:16:27,360 - ERROR: None: ERROR_INVALID_LENGTH
2019-07-11 17:16:27,360 - DEBUG: RX: 03840084
2019-07-11 17:16:27,360 - DEBUG: parsed_packet {event: CmdRsp, data: {'opcode': 0, 'status': 132, 'data': bytearray(b'')}}
2019-07-11 17:16:27,360 - ERROR: None: ERROR_INVALID_LENGTH
2019-07-11 17:16:27,360 - DEBUG: RX: 03840084
2019-07-11 17:16:27,360 - DEBUG: parsed_packet {event: CmdRsp, data: {'opcode': 0, 'status': 132, 'data': bytearray(b'')}}
2019-07-11 17:16:27,360 - ERROR: None: ERROR_INVALID_LENGTH
2019-07-11 17:16:27,361 - DEBUG: RX: 03840084
2019-07-11 17:16:27,361 - DEBUG: parsed_packet {event: CmdRsp, data: {'opcode': 0, 'status': 132, 'data': bytearray(b'')}}
2019-07-11 17:16:27,361 - ERROR: None: ERROR_INVALID_LENGTH
2019-07-11 17:16:27,361 - DEBUG: RX: 03849f8e
2019-07-11 17:16:27,361 - DEBUG: parsed_packet {event: CmdRsp, data: {'opcode': 159, 'status': 142, 'data': bytearray(b'')}}
2019-07-11 17:16:27,361 - ERROR: None: ERROR_REJECTED
2019-07-11 17:16:27,361 - DEBUG: RX: 03849281
2019-07-11 17:16:27,361 - DEBUG: parsed_packet {event: CmdRsp, data: {'opcode': 146, 'status': 129, 'data': bytearray(b'')}}
2019-07-11 17:16:27,362 - ERROR: SubnetAdd: ERROR_INTERNAL
2019-07-11 17:16:27,362 - DEBUG: RX: 03849781
2019-07-11 17:16:27,362 - DEBUG: parsed_packet {event: CmdRsp, data: {'opcode': 151, 'status': 129, 'data': bytearray(b'')}}
2019-07-11 17:16:27,362 - ERROR: AppkeyAdd: ERROR_INTERNAL
2019-07-11 17:16:27,362 - DEBUG: RX: 03849781
2019-07-11 17:16:27,362 - DEBUG: parsed_packet {event: CmdRsp, data: {'opcode': 151, 'status': 129, 'data': bytearray(b'')}}
2019-07-11 17:16:27,362 - ERROR: AppkeyAdd: ERROR_INTERNAL
2019-07-11 17:16:27,363 - DEBUG: RX: 0584a4000000
2019-07-11 17:16:27,364 - DEBUG: parsed_packet {event: CmdRsp, data: {'opcode': 164, 'status': 0, 'data': bytearray(b'\x00\x00')}}
2019-07-11 17:16:27,364 - INFO: AddrPublicationAdd: {'address_handle': 0}
2019-07-11 17:16:28,340 - DEBUG: Writing: 161 bytearray(b'\x01\xc0')
2019-07-11 17:16:28,340 - DEBUG: TX: 03a101c0
2019-07-11 17:16:28,342 - DEBUG: RX: 0584a1000100
2019-07-11 17:16:28,342 - DEBUG: parsed_packet {event: CmdRsp, data: {'opcode': 161, 'status': 0, 'data': bytearray(b'\x01\x00')}}
2019-07-11 17:16:28,342 - INFO: AddrSubscriptionAdd: {'address_handle': 1}
2019-07-11 17:16:29,343 - DEBUG: Writing: 164 bytearray(b'\x11\x00')
2019-07-11 17:16:29,344 - DEBUG: TX: 03a41100
2019-07-11 17:16:29,346 - DEBUG: RX: 0584a4000200
2019-07-11 17:16:29,346 - DEBUG: parsed_packet {event: CmdRsp, data: {'opcode': 164, 'status': 0, 'data': bytearray(b'\x02\x00')}}
2019-07-11 17:16:29,346 - INFO: AddrPublicationAdd: {'address_handle': 2}
2019-07-11 17:16:30,347 - DEBUG: Writing: 164 bytearray(b'\x12\x00')
2019-07-11 17:16:30,350 - DEBUG: TX: 03a41200
2019-07-11 17:16:30,353 - DEBUG: RX: 0584a4000300
2019-07-11 17:16:30,353 - DEBUG: parsed_packet {event: CmdRsp, data: {'opcode': 164, 'status': 0, 'data': bytearray(b'\x03\x00')}}
2019-07-11 17:16:30,353 - INFO: AddrPublicationAdd: {'address_handle': 3}
2019-07-11 17:16:31,347 - DEBUG: Writing: 164 bytearray(b'\x13\x00')
2019-07-11 17:16:31,347 - DEBUG: TX: 03a41300
2019-07-11 17:16:31,349 - DEBUG: RX: 0584a4000400
2019-07-11 17:16:31,349 - DEBUG: parsed_packet {event: CmdRsp, data: {'opcode': 164, 'status': 0, 'data': bytearray(b'\x04\x00')}}
2019-07-11 17:16:31,349 - INFO: AddrPublicationAdd: {'address_handle': 4}
2019-07-11 17:16:32,349 - DEBUG: Writing: 164 bytearray(b'\x14\x00')
2019-07-11 17:16:32,350 - DEBUG: TX: 03a41400
2019-07-11 17:16:32,352 - DEBUG: RX: 0584a4000500
2019-07-11 17:16:32,352 - DEBUG: parsed_packet {event: CmdRsp, data: {'opcode': 164, 'status': 0, 'data': bytearray(b'\x05\x00')}}
2019-07-11 17:16:32,352 - INFO: AddrPublicationAdd: {'address_handle': 5}
2019-07-11 17:16:33,354 - DEBUG: Writing: 164 bytearray(b'\x15\x00')
2019-07-11 17:16:33,354 - DEBUG: TX: 03a41500
2019-07-11 17:16:33,356 - DEBUG: RX: 0584a4000600
2019-07-11 17:16:33,357 - DEBUG: parsed_packet {event: CmdRsp, data: {'opcode': 164, 'status': 0, 'data': bytearray(b'\x06\x00')}}
2019-07-11 17:16:33,357 - INFO: AddrPublicationAdd: {'address_handle': 6}
2019-07-11 17:16:34,358 - DEBUG: Writing: 164 bytearray(b'\x16\x00')
2019-07-11 17:16:34,362 - DEBUG: TX: 03a41600
2019-07-11 17:16:34,365 - DEBUG: RX: 0584a4000700
2019-07-11 17:16:34,366 - DEBUG: parsed_packet {event: CmdRsp, data: {'opcode': 164, 'status': 0, 'data': bytearray(b'\x07\x00')}}
2019-07-11 17:16:34,366 - INFO: AddrPublicationAdd: {'address_handle': 7}
2019-07-11 17:16:35,363 - DEBUG: Writing: 164 bytearray(b'\x17\x00')
2019-07-11 17:16:35,363 - DEBUG: TX: 03a41700
2019-07-11 17:16:35,365 - DEBUG: RX: 0584a4000800
2019-07-11 17:16:35,365 - DEBUG: parsed_packet {event: CmdRsp, data: {'opcode': 164, 'status': 0, 'data': bytearray(b'\x08\x00')}}
2019-07-11 17:16:35,365 - INFO: AddrPublicationAdd: {'address_handle': 8}
2019-07-11 17:16:36,367 - DEBUG: Writing: 164 bytearray(b'\x18\x00')
2019-07-11 17:16:36,367 - DEBUG: TX: 03a41800
2019-07-11 17:16:36,369 - DEBUG: RX: 0584a4000900
2019-07-11 17:16:36,369 - DEBUG: parsed_packet {event: CmdRsp, data: {'opcode': 164, 'status': 0, 'data': bytearray(b'\t\x00')}}
2019-07-11 17:16:36,369 - INFO: AddrPublicationAdd: {'address_handle': 9}
2019-07-11 17:16:37,369 - DEBUG: Writing: 164 bytearray(b'\x19\x00')
2019-07-11 17:16:37,369 - DEBUG: TX: 03a41900
2019-07-11 17:16:37,371 - DEBUG: RX: 0584a4000a00
2019-07-11 17:16:37,371 - DEBUG: parsed_packet {event: CmdRsp, data: {'opcode': 164, 'status': 0, 'data': bytearray(b'\n\x00')}}
2019-07-11 17:16:37,371 - INFO: AddrPublicationAdd: {'address_handle': 10}
2019-07-11 17:16:38,369 - DEBUG: Writing: 164 bytearray(b'\x1a\x00')
2019-07-11 17:16:38,369 - DEBUG: TX: 03a41a00
2019-07-11 17:16:38,371 - DEBUG: RX: 0584a4000b00
2019-07-11 17:16:38,371 - DEBUG: parsed_packet {event: CmdRsp, data: {'opcode': 164, 'status': 0, 'data': bytearray(b'\x0b\x00')}}
2019-07-11 17:16:38,371 - INFO: AddrPublicationAdd: {'address_handle': 11}
2019-07-11 17:16:39,370 - DEBUG: Writing: 164 bytearray(b'\x1b\x00')
2019-07-11 17:16:39,371 - DEBUG: TX: 03a41b00
2019-07-11 17:16:39,373 - DEBUG: RX: 0584a4000c00
2019-07-11 17:16:39,373 - DEBUG: parsed_packet {event: CmdRsp, data: {'opcode': 164, 'status': 0, 'data': bytearray(b'\x0c\x00')}}
2019-07-11 17:16:39,373 - INFO: AddrPublicationAdd: {'address_handle': 12}
2019-07-11 17:16:40,374 - DEBUG: Writing: 164 bytearray(b'\x1c\x00')
2019-07-11 17:16:40,374 - DEBUG: TX: 03a41c00
2019-07-11 17:16:40,380 - DEBUG: RX: 0584a4000d00
2019-07-11 17:16:40,380 - DEBUG: parsed_packet {event: CmdRsp, data: {'opcode': 164, 'status': 0, 'data': bytearray(b'\r\x00')}}
2019-07-11 17:16:40,380 - INFO: AddrPublicationAdd: {'address_handle': 13}
2019-07-11 17:16:41,378 - DEBUG: Writing: 164 bytearray(b'\x1d\x00')
2019-07-11 17:16:41,378 - DEBUG: TX: 03a41d00
2019-07-11 17:16:41,380 - DEBUG: RX: 0584a4000e00
2019-07-11 17:16:41,380 - DEBUG: parsed_packet {event: CmdRsp, data: {'opcode': 164, 'status': 0, 'data': bytearray(b'\x0e\x00')}}
2019-07-11 17:16:41,381 - INFO: AddrPublicationAdd: {'address_handle': 14}
2019-07-11 17:16:42,383 - INFO: Received from node-red: "{\"op\":\"ProvisionScanStart\",\"nodeMessageId\":0}"
2019-07-11 17:16:42,384 - DEBUG: Writing: 97 bytearray(b'')
2019-07-11 17:16:42,384 - INFO: Received from node-red: "{\"op\":\"GetProvisionedDevices\",\"nodeMessageId\":1}"
2019-07-11 17:16:42,384 - DEBUG: TX: 0161
2019-07-11 17:16:42,387 - DEBUG: RX: 03846100
2019-07-11 17:16:42,387 - DEBUG: parsed_packet {event: CmdRsp, data: {'opcode': 97, 'status': 0, 'data': bytearray(b'')}}
2019-07-11 17:16:42,387 - INFO: Success
