2019-07-25 11:38:30,511 - DEBUG: Writing: 14 bytearray(b'')
2019-07-25 11:38:30,511 - DEBUG: TX: 010e
2019-07-25 11:38:30,930 - DEBUG: RX: 04810200fe
2019-07-25 11:38:30,931 - DEBUG: parsed_packet {event: DeviceStarted, data: {'operating_mode': 2, 'hw_error': 0, 'data_credit_available': 254}}
2019-07-25 11:38:30,931 - INFO: Device rebooted.
2019-07-25 11:38:31,048 - DEBUG: Writing: 105 bytearray(b'\xc5\xc6\xb9\x07\xa6\xec%\xdbM\x00\xc3\xe9%\xa9\x19hD\xa3\x12\x0fb\x05\xf0{\xe9\xd9\xe0E>\x95\xe4\x9d\x8d\xf3\xc52J/f\xbf\xc4\xcex\xf2|(\x1e\x9a\x8d\nk\xea\xd2\xd6\xb4\xaa\x19\xe0\x17\xc5`4\xa4j\x19\xd7\x01\x0f\xa7\xc9\xa4\xf7za\x9em\xf0\xa0\xebR/\xae\xd3\xc6\x06*\xfd\xb8\xcdG\xe0g\x8d\xbf\x03\xec')
2019-07-25 11:38:31,048 - DEBUG: TX: 6169c5c6b907a6ec25db4d00c3e925a9196844a3120f6205f07be9d9e0453e95e49d8df3c5324a2f66bfc4ce78f27c281e9a8d0a6bead2d6b4aa19e017c56034a46a19d7010fa7c9a4f77a619e6df0a0eb522faed3c6062afdb8cd47e0678dbf03ec
2019-07-25 11:38:31,056 - INFO: 

2019-07-25 11:38:31,056 - INFO: Sending next message
2019-07-25 11:38:31,060 - DEBUG: RX: 03845384
2019-07-25 11:38:31,060 - DEBUG: parsed_packet {event: CmdRsp, data: {'opcode': 83, 'status': 132, 'data': bytearray(b'')}}
2019-07-25 11:38:31,061 - ERROR: None: ERROR_INVALID_LENGTH
2019-07-25 11:38:31,061 - DEBUG: Writing: 159 bytearray(b'\x01\x00\x01\x00')
2019-07-25 11:38:31,061 - DEBUG: TX: 059f01000100
2019-07-25 11:38:31,061 - DEBUG: RX: 03840084
2019-07-25 11:38:31,061 - DEBUG: parsed_packet {event: CmdRsp, data: {'opcode': 0, 'status': 132, 'data': bytearray(b'')}}
2019-07-25 11:38:31,062 - ERROR: None: ERROR_INVALID_LENGTH
2019-07-25 11:38:31,062 - DEBUG: Writing: 146 bytearray(b'\x00\x00\x18\xee\xd9\xc2\xa5j\xdd\x85\x04\x9f\xfc<Y\xad\x0e\x12')
2019-07-25 11:38:31,062 - DEBUG: TX: 1392000018eed9c2a56add85049ffc3c59ad0e12
2019-07-25 11:38:31,062 - DEBUG: RX: 03840084
2019-07-25 11:38:31,062 - DEBUG: parsed_packet {event: CmdRsp, data: {'opcode': 0, 'status': 132, 'data': bytearray(b'')}}
2019-07-25 11:38:31,063 - ERROR: None: ERROR_INVALID_LENGTH
2019-07-25 11:38:31,063 - DEBUG: Writing: 151 bytearray(b'\x00\x00\x00\x00Oh\xad\x85\xd9\xf4\x8a\xc8X\x9d\xf6e\xb6\xb4\x9b\x8a')
2019-07-25 11:38:31,063 - DEBUG: TX: 1597000000004f68ad85d9f48ac8589df665b6b49b8a
2019-07-25 11:38:31,063 - DEBUG: RX: 03840084
2019-07-25 11:38:31,063 - DEBUG: parsed_packet {event: CmdRsp, data: {'opcode': 0, 'status': 132, 'data': bytearray(b'')}}
2019-07-25 11:38:31,064 - DEBUG: Writing: 151 bytearray(b'\x01\x00\x00\x00*\xa2\xa6\xde\xd5\xa0y\x8c\xea\xb5x|\xa3\xae9\xfc')
2019-07-25 11:38:31,064 - ERROR: None: ERROR_INVALID_LENGTH
2019-07-25 11:38:31,064 - DEBUG: TX: 1597010000002aa2a6ded5a0798ceab5787ca3ae39fc
2019-07-25 11:38:31,064 - DEBUG: RX: 03840084
2019-07-25 11:38:31,064 - DEBUG: parsed_packet {event: CmdRsp, data: {'opcode': 0, 'status': 132, 'data': bytearray(b'')}}
2019-07-25 11:38:31,065 - DEBUG: Writing: 164 bytearray(b'\x10\x00')
2019-07-25 11:38:31,064 - ERROR: None: ERROR_INVALID_LENGTH
2019-07-25 11:38:31,065 - DEBUG: TX: 03a41000
2019-07-25 11:38:31,065 - DEBUG: RX: 03840084
2019-07-25 11:38:31,065 - DEBUG: parsed_packet {event: CmdRsp, data: {'opcode': 0, 'status': 132, 'data': bytearray(b'')}}
2019-07-25 11:38:31,065 - ERROR: None: ERROR_INVALID_LENGTH
2019-07-25 11:38:31,065 - DEBUG: RX: 03840084
2019-07-25 11:38:31,065 - DEBUG: parsed_packet {event: CmdRsp, data: {'opcode': 0, 'status': 132, 'data': bytearray(b'')}}
2019-07-25 11:38:31,066 - ERROR: None: ERROR_INVALID_LENGTH
2019-07-25 11:38:31,066 - DEBUG: RX: 03840084
2019-07-25 11:38:31,066 - DEBUG: parsed_packet {event: CmdRsp, data: {'opcode': 0, 'status': 132, 'data': bytearray(b'')}}
2019-07-25 11:38:31,066 - ERROR: None: ERROR_INVALID_LENGTH
2019-07-25 11:38:31,066 - DEBUG: RX: 03840084
2019-07-25 11:38:31,066 - DEBUG: parsed_packet {event: CmdRsp, data: {'opcode': 0, 'status': 132, 'data': bytearray(b'')}}
2019-07-25 11:38:31,066 - ERROR: None: ERROR_INVALID_LENGTH
2019-07-25 11:38:31,067 - DEBUG: RX: 03840084
2019-07-25 11:38:31,067 - DEBUG: parsed_packet {event: CmdRsp, data: {'opcode': 0, 'status': 132, 'data': bytearray(b'')}}
2019-07-25 11:38:31,067 - ERROR: None: ERROR_INVALID_LENGTH
2019-07-25 11:38:31,067 - DEBUG: RX: 03840084
2019-07-25 11:38:31,067 - DEBUG: parsed_packet {event: CmdRsp, data: {'opcode': 0, 'status': 132, 'data': bytearray(b'')}}
2019-07-25 11:38:31,067 - ERROR: None: ERROR_INVALID_LENGTH
2019-07-25 11:38:31,067 - DEBUG: RX: 03840084
2019-07-25 11:38:31,067 - DEBUG: parsed_packet {event: CmdRsp, data: {'opcode': 0, 'status': 132, 'data': bytearray(b'')}}
2019-07-25 11:38:31,067 - ERROR: None: ERROR_INVALID_LENGTH
2019-07-25 11:38:31,068 - DEBUG: RX: 03840084
2019-07-25 11:38:31,068 - DEBUG: parsed_packet {event: CmdRsp, data: {'opcode': 0, 'status': 132, 'data': bytearray(b'')}}
2019-07-25 11:38:31,068 - ERROR: None: ERROR_INVALID_LENGTH
2019-07-25 11:38:31,068 - DEBUG: RX: 03849f00
2019-07-25 11:38:31,068 - DEBUG: parsed_packet {event: CmdRsp, data: {'opcode': 159, 'status': 0, 'data': bytearray(b'')}}
2019-07-25 11:38:31,068 - INFO: Success
2019-07-25 11:38:31,069 - DEBUG: RX: 058492000000
2019-07-25 11:38:31,069 - DEBUG: parsed_packet {event: CmdRsp, data: {'opcode': 146, 'status': 0, 'data': bytearray(b'\x00\x00')}}
2019-07-25 11:38:31,069 - INFO: SubnetAdd: {'subnet_handle': 0}
2019-07-25 11:38:31,069 - DEBUG: RX: 058497000000
2019-07-25 11:38:31,069 - DEBUG: parsed_packet {event: CmdRsp, data: {'opcode': 151, 'status': 0, 'data': bytearray(b'\x00\x00')}}
2019-07-25 11:38:31,069 - INFO: AppkeyAdd: {'appkey_handle': 0}
2019-07-25 11:38:31,070 - DEBUG: RX: 058497000100
2019-07-25 11:38:31,070 - DEBUG: parsed_packet {event: CmdRsp, data: {'opcode': 151, 'status': 0, 'data': bytearray(b'\x01\x00')}}
2019-07-25 11:38:31,071 - INFO: AppkeyAdd: {'appkey_handle': 1}
2019-07-25 11:38:31,071 - DEBUG: RX: 0584a4000000
2019-07-25 11:38:31,072 - DEBUG: parsed_packet {event: CmdRsp, data: {'opcode': 164, 'status': 0, 'data': bytearray(b'\x00\x00')}}
2019-07-25 11:38:31,072 - INFO: AddrPublicationAdd: {'address_handle': 0}
2019-07-25 11:38:31,077 - INFO: 

2019-07-25 11:38:31,077 - INFO: Sending next message
2019-07-25 11:38:31,077 - DEBUG: Writing: 161 bytearray(b'\x01\xc0')
2019-07-25 11:38:31,077 - DEBUG: TX: 03a101c0
2019-07-25 11:38:31,079 - DEBUG: RX: 0584a1000100
2019-07-25 11:38:31,079 - DEBUG: parsed_packet {event: CmdRsp, data: {'opcode': 161, 'status': 0, 'data': bytearray(b'\x01\x00')}}
2019-07-25 11:38:31,079 - INFO: AddrSubscriptionAdd: {'address_handle': 1}
2019-07-25 11:38:31,084 - INFO: 

2019-07-25 11:38:31,084 - INFO: Sending next message
2019-07-25 11:38:31,084 - DEBUG: Writing: 164 bytearray(b'\x11\x00')
2019-07-25 11:38:31,084 - DEBUG: TX: 03a41100
2019-07-25 11:38:31,086 - DEBUG: RX: 0584a4000200
2019-07-25 11:38:31,086 - DEBUG: parsed_packet {event: CmdRsp, data: {'opcode': 164, 'status': 0, 'data': bytearray(b'\x02\x00')}}
2019-07-25 11:38:31,086 - INFO: AddrPublicationAdd: {'address_handle': 2}
2019-07-25 11:38:31,090 - INFO: 

2019-07-25 11:38:31,091 - INFO: Sending next message
2019-07-25 11:38:31,091 - DEBUG: Writing: 164 bytearray(b'\x12\x00')
2019-07-25 11:38:31,091 - DEBUG: TX: 03a41200
2019-07-25 11:38:31,093 - DEBUG: RX: 0584a4000300
2019-07-25 11:38:31,093 - DEBUG: parsed_packet {event: CmdRsp, data: {'opcode': 164, 'status': 0, 'data': bytearray(b'\x03\x00')}}
2019-07-25 11:38:31,093 - INFO: AddrPublicationAdd: {'address_handle': 3}
2019-07-25 11:38:31,098 - INFO: 

2019-07-25 11:38:31,098 - INFO: Sending next message
2019-07-25 11:38:31,098 - DEBUG: Writing: 164 bytearray(b'\x13\x00')
2019-07-25 11:38:31,098 - DEBUG: TX: 03a41300
2019-07-25 11:38:31,100 - DEBUG: RX: 0584a4000400
2019-07-25 11:38:31,100 - DEBUG: parsed_packet {event: CmdRsp, data: {'opcode': 164, 'status': 0, 'data': bytearray(b'\x04\x00')}}
2019-07-25 11:38:31,101 - INFO: AddrPublicationAdd: {'address_handle': 4}
2019-07-25 11:38:31,105 - INFO: 

2019-07-25 11:38:31,106 - INFO: Sending next message
2019-07-25 11:38:31,106 - DEBUG: Writing: 164 bytearray(b'\x14\x00')
2019-07-25 11:38:31,106 - DEBUG: TX: 03a41400
2019-07-25 11:38:31,108 - DEBUG: RX: 0584a4000500
2019-07-25 11:38:31,109 - DEBUG: parsed_packet {event: CmdRsp, data: {'opcode': 164, 'status': 0, 'data': bytearray(b'\x05\x00')}}
2019-07-25 11:38:31,109 - INFO: AddrPublicationAdd: {'address_handle': 5}
2019-07-25 11:38:31,114 - INFO: 

2019-07-25 11:38:31,114 - INFO: Sending next message
2019-07-25 11:38:31,114 - DEBUG: Writing: 164 bytearray(b'\x15\x00')
2019-07-25 11:38:31,114 - DEBUG: TX: 03a41500
2019-07-25 11:38:31,116 - DEBUG: RX: 0584a4000600
2019-07-25 11:38:31,116 - DEBUG: parsed_packet {event: CmdRsp, data: {'opcode': 164, 'status': 0, 'data': bytearray(b'\x06\x00')}}
2019-07-25 11:38:31,116 - INFO: AddrPublicationAdd: {'address_handle': 6}
2019-07-25 11:38:31,121 - INFO: 

2019-07-25 11:38:31,121 - INFO: Sending next message
2019-07-25 11:38:31,122 - DEBUG: Writing: 164 bytearray(b'\x16\x00')
2019-07-25 11:38:31,122 - DEBUG: TX: 03a41600
2019-07-25 11:38:31,123 - DEBUG: RX: 0584a4000700
2019-07-25 11:38:31,123 - DEBUG: parsed_packet {event: CmdRsp, data: {'opcode': 164, 'status': 0, 'data': bytearray(b'\x07\x00')}}
2019-07-25 11:38:31,123 - INFO: AddrPublicationAdd: {'address_handle': 7}
2019-07-25 11:38:31,128 - INFO: 

2019-07-25 11:38:31,128 - INFO: Sending next message
2019-07-25 11:38:31,128 - DEBUG: Writing: 164 bytearray(b'\x17\x00')
2019-07-25 11:38:31,128 - DEBUG: TX: 03a41700
2019-07-25 11:38:31,130 - DEBUG: RX: 0584a4000800
2019-07-25 11:38:31,130 - DEBUG: parsed_packet {event: CmdRsp, data: {'opcode': 164, 'status': 0, 'data': bytearray(b'\x08\x00')}}
2019-07-25 11:38:31,131 - INFO: AddrPublicationAdd: {'address_handle': 8}
2019-07-25 11:38:31,135 - INFO: 

2019-07-25 11:38:31,136 - INFO: Sending next message
2019-07-25 11:38:31,136 - DEBUG: Writing: 164 bytearray(b'\x18\x00')
2019-07-25 11:38:31,136 - DEBUG: TX: 03a41800
2019-07-25 11:38:31,138 - DEBUG: RX: 0584a4000900
2019-07-25 11:38:31,138 - DEBUG: parsed_packet {event: CmdRsp, data: {'opcode': 164, 'status': 0, 'data': bytearray(b'\t\x00')}}
2019-07-25 11:38:31,138 - INFO: AddrPublicationAdd: {'address_handle': 9}
2019-07-25 11:38:31,144 - INFO: 

2019-07-25 11:38:31,144 - INFO: Sending next message
2019-07-25 11:38:31,144 - DEBUG: Writing: 164 bytearray(b'\x19\x00')
2019-07-25 11:38:31,144 - DEBUG: TX: 03a41900
2019-07-25 11:38:31,146 - DEBUG: RX: 0584a4000a00
2019-07-25 11:38:31,146 - DEBUG: parsed_packet {event: CmdRsp, data: {'opcode': 164, 'status': 0, 'data': bytearray(b'\n\x00')}}
2019-07-25 11:38:31,147 - INFO: AddrPublicationAdd: {'address_handle': 10}
2019-07-25 11:38:31,151 - INFO: 

2019-07-25 11:38:31,151 - INFO: Sending next message
2019-07-25 11:38:31,151 - DEBUG: Writing: 164 bytearray(b'\x1a\x00')
2019-07-25 11:38:31,151 - DEBUG: TX: 03a41a00
2019-07-25 11:38:31,153 - DEBUG: RX: 0584a4000b00
2019-07-25 11:38:31,153 - DEBUG: parsed_packet {event: CmdRsp, data: {'opcode': 164, 'status': 0, 'data': bytearray(b'\x0b\x00')}}
2019-07-25 11:38:31,153 - INFO: AddrPublicationAdd: {'address_handle': 11}
2019-07-25 11:38:31,158 - INFO: 

2019-07-25 11:38:31,158 - INFO: Sending next message
2019-07-25 11:38:31,158 - DEBUG: Writing: 164 bytearray(b'\x1b\x00')
2019-07-25 11:38:31,158 - DEBUG: TX: 03a41b00
2019-07-25 11:38:31,160 - DEBUG: RX: 0584a4000c00
2019-07-25 11:38:31,160 - DEBUG: parsed_packet {event: CmdRsp, data: {'opcode': 164, 'status': 0, 'data': bytearray(b'\x0c\x00')}}
2019-07-25 11:38:31,160 - INFO: AddrPublicationAdd: {'address_handle': 12}
2019-07-25 11:38:31,165 - INFO: 

2019-07-25 11:38:31,165 - INFO: Sending next message
2019-07-25 11:38:31,166 - DEBUG: Writing: 164 bytearray(b'\x1c\x00')
2019-07-25 11:38:31,166 - DEBUG: TX: 03a41c00
2019-07-25 11:38:31,167 - DEBUG: RX: 0584a4000d00
2019-07-25 11:38:31,167 - DEBUG: parsed_packet {event: CmdRsp, data: {'opcode': 164, 'status': 0, 'data': bytearray(b'\r\x00')}}
2019-07-25 11:38:31,167 - INFO: AddrPublicationAdd: {'address_handle': 13}
2019-07-25 11:38:31,173 - INFO: 

2019-07-25 11:38:31,173 - INFO: Sending next message
2019-07-25 11:38:31,173 - DEBUG: Writing: 164 bytearray(b'\x1d\x00')
2019-07-25 11:38:31,173 - DEBUG: TX: 03a41d00
2019-07-25 11:38:31,175 - DEBUG: RX: 0584a4000e00
2019-07-25 11:38:31,176 - DEBUG: parsed_packet {event: CmdRsp, data: {'opcode': 164, 'status': 0, 'data': bytearray(b'\x0e\x00')}}
2019-07-25 11:38:31,176 - INFO: AddrPublicationAdd: {'address_handle': 14}
2019-07-25 11:38:31,180 - INFO: 

2019-07-25 11:38:31,181 - INFO: Sending next message
2019-07-25 11:38:31,181 - DEBUG: Writing: 156 bytearray(b'\x10\x00\x00\x00>\xa1\x04,a\xa4\xeaR&\xb3\xff\x16\xcd\xda;o')
2019-07-25 11:38:31,181 - DEBUG: TX: 159c100000003ea1042c61a4ea5226b3ff16cdda3b6f
2019-07-25 11:38:31,184 - DEBUG: RX: 05849c000800
2019-07-25 11:38:31,184 - DEBUG: parsed_packet {event: CmdRsp, data: {'opcode': 156, 'status': 0, 'data': bytearray(b'\x08\x00')}}
2019-07-25 11:38:31,184 - INFO: DevkeyAdd: {'devkey_handle': 8}
2019-07-25 11:38:31,189 - INFO: No Messages remaining
2019-07-25 11:38:31,255 - DEBUG: Writing: 97 bytearray(b'')
2019-07-25 11:38:31,255 - DEBUG: TX: 0161
2019-07-25 11:38:31,256 - DEBUG: RX: 03846100
2019-07-25 11:38:31,256 - DEBUG: parsed_packet {event: CmdRsp, data: {'opcode': 97, 'status': 0, 'data': bytearray(b'')}}
2019-07-25 11:38:31,257 - INFO: Success
2019-07-25 11:38:35,183 - INFO: Timout handler timeout
2019-07-25 11:38:38,884 - DEBUG: Sending opcode: c15900, data: 010f
2019-07-25 11:38:38,885 - DEBUG: Writing: 171 bytearray(b'\x00\x00\x01\x00\x07\x00\x08\x00\x00\x00\xc1Y\x00\x01\x0f')
2019-07-25 11:38:38,894 - DEBUG: Sending opcode: c15900, data: 0010
2019-07-25 11:38:38,894 - DEBUG: TX: 10ab00000100070008000000c15900010f
2019-07-25 11:38:38,904 - DEBUG: Writing: 171 bytearray(b'\x00\x00\x01\x00\t\x00\x08\x00\x00\x00\xc1Y\x00\x00\x10')
2019-07-25 11:38:38,909 - DEBUG: TX: 10ab00000100090008000000c159000010
2019-07-25 11:38:38,910 - DEBUG: RX: 0784ab0001000000
2019-07-25 11:38:38,911 - DEBUG: parsed_packet {event: CmdRsp, data: {'opcode': 171, 'status': 0, 'data': bytearray(b'\x01\x00\x00\x00')}}
2019-07-25 11:38:38,911 - INFO: PacketSend: {'token': 1}
2019-07-25 11:38:38,914 - DEBUG: RX: 05d201000000
2019-07-25 11:38:38,914 - DEBUG: parsed_packet {event: MeshTxComplete, data: {'token': 1}}
2019-07-25 11:38:38,914 - INFO: {event: MeshTxComplete, data: {'token': 1}}
2019-07-25 11:38:38,914 - DEBUG: RX: 0784ab0002000000
2019-07-25 11:38:38,915 - DEBUG: parsed_packet {event: CmdRsp, data: {'opcode': 171, 'status': 0, 'data': bytearray(b'\x02\x00\x00\x00')}}
2019-07-25 11:38:38,915 - INFO: PacketSend: {'token': 2}
2019-07-25 11:38:38,939 - DEBUG: RX: 05d202000000
2019-07-25 11:38:38,940 - DEBUG: parsed_packet {event: MeshTxComplete, data: {'token': 2}}
2019-07-25 11:38:38,940 - INFO: {event: MeshTxComplete, data: {'token': 2}}
2019-07-25 11:38:53,462 - DEBUG: Sending opcode: c15900, data: 0111
2019-07-25 11:38:53,464 - DEBUG: Writing: 171 bytearray(b'\x00\x00\x01\x00\x07\x00\x08\x00\x00\x00\xc1Y\x00\x01\x11')
2019-07-25 11:38:53,464 - DEBUG: TX: 10ab00000100070008000000c159000111
2019-07-25 11:38:53,478 - DEBUG: RX: 0784ab0003000000
2019-07-25 11:38:53,478 - DEBUG: parsed_packet {event: CmdRsp, data: {'opcode': 171, 'status': 0, 'data': bytearray(b'\x03\x00\x00\x00')}}
2019-07-25 11:38:53,478 - INFO: PacketSend: {'token': 3}
2019-07-25 11:38:53,480 - DEBUG: Sending opcode: c15900, data: 0012
2019-07-25 11:38:53,490 - DEBUG: Writing: 171 bytearray(b'\x00\x00\x01\x00\t\x00\x08\x00\x00\x00\xc1Y\x00\x00\x12')
2019-07-25 11:38:53,491 - DEBUG: TX: 10ab00000100090008000000c159000012
2019-07-25 11:38:53,499 - DEBUG: RX: 05d203000000
2019-07-25 11:38:53,500 - DEBUG: parsed_packet {event: MeshTxComplete, data: {'token': 3}}
2019-07-25 11:38:53,500 - INFO: {event: MeshTxComplete, data: {'token': 3}}
2019-07-25 11:38:53,500 - DEBUG: RX: 0784ab0004000000
2019-07-25 11:38:53,500 - DEBUG: parsed_packet {event: CmdRsp, data: {'opcode': 171, 'status': 0, 'data': bytearray(b'\x04\x00\x00\x00')}}
2019-07-25 11:38:53,500 - INFO: PacketSend: {'token': 4}
2019-07-25 11:38:53,501 - DEBUG: RX: 18d016000100000000007f01c8639509c2c2d90400c4590001
2019-07-25 11:38:53,502 - DEBUG: parsed_packet {event: MeshMessageReceivedUnicast, data: {'src': 22, 'dst': 1, 'appkey_handle': 0, 'subnet_handle': 0, 'ttl': 127, 'adv_addr_type': 1, 'adv_addr': bytearray(b'\xc8c\x95\t\xc2\xc2'), 'rssi': -39, 'actual_length': 4, 'data': bytearray(b'\xc4Y\x00\x01')}}
2019-07-25 11:38:53,502 - INFO: {event: MeshMessageReceivedUnicast, data: {'src': 22, 'dst': 1, 'appkey_handle': 0, 'subnet_handle': 0, 'ttl': 127, 'adv_addr_type': 1, 'adv_addr': bytearray(b'\xc8c\x95\t\xc2\xc2'), 'rssi': -39, 'actual_length': 4, 'data': bytearray(b'\xc4\x00Y\x01')}}
2019-07-25 11:38:53,522 - DEBUG: RX: 05d204000000
2019-07-25 11:38:53,522 - DEBUG: parsed_packet {event: MeshTxComplete, data: {'token': 4}}
2019-07-25 11:38:53,522 - INFO: {event: MeshTxComplete, data: {'token': 4}}
2019-07-25 11:38:53,539 - DEBUG: RX: 18d018000100000000007f01c8639509c2c2d90400c4590000
2019-07-25 11:38:53,539 - DEBUG: parsed_packet {event: MeshMessageReceivedUnicast, data: {'src': 24, 'dst': 1, 'appkey_handle': 0, 'subnet_handle': 0, 'ttl': 127, 'adv_addr_type': 1, 'adv_addr': bytearray(b'\xc8c\x95\t\xc2\xc2'), 'rssi': -39, 'actual_length': 4, 'data': bytearray(b'\xc4Y\x00\x00')}}
2019-07-25 11:38:53,539 - INFO: {event: MeshMessageReceivedUnicast, data: {'src': 24, 'dst': 1, 'appkey_handle': 0, 'subnet_handle': 0, 'ttl': 127, 'adv_addr_type': 1, 'adv_addr': bytearray(b'\xc8c\x95\t\xc2\xc2'), 'rssi': -39, 'actual_length': 4, 'data': bytearray(b'\xc4\x00Y\x00')}}
2019-07-25 11:42:13,679 - DEBUG: Sending opcode: c15900, data: 0113
2019-07-25 11:42:13,697 - DEBUG: Writing: 171 bytearray(b'\x00\x00\x01\x00\x07\x00\x08\x00\x00\x00\xc1Y\x00\x01\x13')
2019-07-25 11:42:13,697 - DEBUG: TX: 10ab00000100070008000000c159000113
2019-07-25 11:42:13,711 - DEBUG: RX: 0784ab0005000000
2019-07-25 11:42:13,712 - DEBUG: parsed_packet {event: CmdRsp, data: {'opcode': 171, 'status': 0, 'data': bytearray(b'\x05\x00\x00\x00')}}
2019-07-25 11:42:13,712 - INFO: PacketSend: {'token': 5}
2019-07-25 11:42:13,714 - DEBUG: RX: 05d205000000
2019-07-25 11:42:13,714 - DEBUG: parsed_packet {event: MeshTxComplete, data: {'token': 5}}
2019-07-25 11:42:13,714 - INFO: {event: MeshTxComplete, data: {'token': 5}}
2019-07-25 11:42:13,726 - DEBUG: Sending opcode: c15900, data: 0014
2019-07-25 11:42:13,727 - DEBUG: Writing: 171 bytearray(b'\x00\x00\x01\x00\t\x00\x08\x00\x00\x00\xc1Y\x00\x00\x14')
2019-07-25 11:42:13,727 - DEBUG: TX: 10ab00000100090008000000c159000014
2019-07-25 11:42:13,739 - DEBUG: RX: 18d016000100000000007f01c8639509c2c2dd0400c4590001
2019-07-25 11:42:13,740 - DEBUG: parsed_packet {event: MeshMessageReceivedUnicast, data: {'src': 22, 'dst': 1, 'appkey_handle': 0, 'subnet_handle': 0, 'ttl': 127, 'adv_addr_type': 1, 'adv_addr': bytearray(b'\xc8c\x95\t\xc2\xc2'), 'rssi': -35, 'actual_length': 4, 'data': bytearray(b'\xc4Y\x00\x01')}}
2019-07-25 11:42:13,741 - INFO: {event: MeshMessageReceivedUnicast, data: {'src': 22, 'dst': 1, 'appkey_handle': 0, 'subnet_handle': 0, 'ttl': 127, 'adv_addr_type': 1, 'adv_addr': bytearray(b'\xc8c\x95\t\xc2\xc2'), 'rssi': -35, 'actual_length': 4, 'data': bytearray(b'\xc4\x00Y\x01')}}
2019-07-25 11:42:13,741 - DEBUG: RX: 0784ab0006000000
2019-07-25 11:42:13,742 - DEBUG: parsed_packet {event: CmdRsp, data: {'opcode': 171, 'status': 0, 'data': bytearray(b'\x06\x00\x00\x00')}}
2019-07-25 11:42:13,742 - INFO: PacketSend: {'token': 6}
2019-07-25 11:42:13,742 - DEBUG: RX: 05d206000000
2019-07-25 11:42:13,742 - DEBUG: parsed_packet {event: MeshTxComplete, data: {'token': 6}}
2019-07-25 11:42:13,743 - INFO: {event: MeshTxComplete, data: {'token': 6}}
2019-07-25 11:42:13,758 - DEBUG: RX: 18d018000100000000007f01c8639509c2c2de0400c4590000
2019-07-25 11:42:13,759 - DEBUG: parsed_packet {event: MeshMessageReceivedUnicast, data: {'src': 24, 'dst': 1, 'appkey_handle': 0, 'subnet_handle': 0, 'ttl': 127, 'adv_addr_type': 1, 'adv_addr': bytearray(b'\xc8c\x95\t\xc2\xc2'), 'rssi': -34, 'actual_length': 4, 'data': bytearray(b'\xc4Y\x00\x00')}}
2019-07-25 11:42:13,759 - INFO: {event: MeshMessageReceivedUnicast, data: {'src': 24, 'dst': 1, 'appkey_handle': 0, 'subnet_handle': 0, 'ttl': 127, 'adv_addr_type': 1, 'adv_addr': bytearray(b'\xc8c\x95\t\xc2\xc2'), 'rssi': -34, 'actual_length': 4, 'data': bytearray(b'\xc4\x00Y\x00')}}
2019-07-25 11:47:31,468 - DEBUG: Sending opcode: c15900, data: 0115
2019-07-25 11:47:31,499 - DEBUG: Sending opcode: c15900, data: 0016
2019-07-25 11:47:31,506 - DEBUG: Writing: 171 bytearray(b'\x00\x00\x01\x00\x07\x00\x08\x00\x00\x00\xc1Y\x00\x01\x15')
2019-07-25 11:47:31,506 - DEBUG: TX: 10ab00000100070008000000c159000115
2019-07-25 11:47:31,506 - DEBUG: Writing: 171 bytearray(b'\x00\x00\x01\x00\t\x00\x08\x00\x00\x00\xc1Y\x00\x00\x16')
2019-07-25 11:47:31,506 - DEBUG: TX: 10ab00000100090008000000c159000016
2019-07-25 11:47:31,510 - DEBUG: RX: 0784ab0007000000
2019-07-25 11:47:31,510 - DEBUG: parsed_packet {event: CmdRsp, data: {'opcode': 171, 'status': 0, 'data': bytearray(b'\x07\x00\x00\x00')}}
2019-07-25 11:47:31,510 - INFO: PacketSend: {'token': 7}
2019-07-25 11:47:31,511 - DEBUG: RX: 0784ab0008000000
2019-07-25 11:47:31,512 - DEBUG: parsed_packet {event: CmdRsp, data: {'opcode': 171, 'status': 0, 'data': bytearray(b'\x08\x00\x00\x00')}}
2019-07-25 11:47:31,512 - INFO: PacketSend: {'token': 8}
2019-07-25 11:47:31,526 - DEBUG: RX: 05d207000000
2019-07-25 11:47:31,527 - DEBUG: parsed_packet {event: MeshTxComplete, data: {'token': 7}}
2019-07-25 11:47:31,527 - INFO: {event: MeshTxComplete, data: {'token': 7}}
2019-07-25 11:47:31,534 - DEBUG: RX: 18d016000100000000007f01c8639509c2c2d70400c4590001
2019-07-25 11:47:31,534 - DEBUG: parsed_packet {event: MeshMessageReceivedUnicast, data: {'src': 22, 'dst': 1, 'appkey_handle': 0, 'subnet_handle': 0, 'ttl': 127, 'adv_addr_type': 1, 'adv_addr': bytearray(b'\xc8c\x95\t\xc2\xc2'), 'rssi': -41, 'actual_length': 4, 'data': bytearray(b'\xc4Y\x00\x01')}}
2019-07-25 11:47:31,535 - INFO: {event: MeshMessageReceivedUnicast, data: {'src': 22, 'dst': 1, 'appkey_handle': 0, 'subnet_handle': 0, 'ttl': 127, 'adv_addr_type': 1, 'adv_addr': bytearray(b'\xc8c\x95\t\xc2\xc2'), 'rssi': -41, 'actual_length': 4, 'data': bytearray(b'\xc4\x00Y\x01')}}
2019-07-25 11:47:31,550 - DEBUG: RX: 05d208000000
2019-07-25 11:47:31,551 - DEBUG: parsed_packet {event: MeshTxComplete, data: {'token': 8}}
2019-07-25 11:47:31,551 - INFO: {event: MeshTxComplete, data: {'token': 8}}
2019-07-25 11:47:31,560 - DEBUG: RX: 18d018000100000000007f01c8639509c2c2d70400c4590000
2019-07-25 11:47:31,560 - DEBUG: parsed_packet {event: MeshMessageReceivedUnicast, data: {'src': 24, 'dst': 1, 'appkey_handle': 0, 'subnet_handle': 0, 'ttl': 127, 'adv_addr_type': 1, 'adv_addr': bytearray(b'\xc8c\x95\t\xc2\xc2'), 'rssi': -41, 'actual_length': 4, 'data': bytearray(b'\xc4Y\x00\x00')}}
2019-07-25 11:47:31,560 - INFO: {event: MeshMessageReceivedUnicast, data: {'src': 24, 'dst': 1, 'appkey_handle': 0, 'subnet_handle': 0, 'ttl': 127, 'adv_addr_type': 1, 'adv_addr': bytearray(b'\xc8c\x95\t\xc2\xc2'), 'rssi': -41, 'actual_length': 4, 'data': bytearray(b'\xc4\x00Y\x00')}}
