2019-08-09 14:46:02,597 - DEBUG - tty.usbmodem0006822145041: Writing: 14 bytearray(b'')
2019-08-09 14:46:02,598 - DEBUG - tty.usbmodem0006822145041: TX: 010e
2019-08-09 14:46:03,019 - DEBUG - tty.usbmodem0006822145041: RX: 04810200fe
2019-08-09 14:46:03,019 - DEBUG - tty.usbmodem0006822145041: parsed_packet {event: DeviceStarted, data: {'operating_mode': 2, 'hw_error': 0, 'data_credit_available': 254}}
2019-08-09 14:46:03,019 - INFO - tty.usbmodem0006822145041: Device rebooted.
2019-08-09 14:46:03,124 - INFO - tty.usbmodem0006822145041.MeshConfigurer: que command <bound method Device.write_aci_cmd of Uart(port="/dev/tty.usbmodem0006822145041", baudrate=115200, device_name="tty.usbmodem0006822145041")> (03A101C0,)
2019-08-09 14:46:03,124 - DEBUG - tty.usbmodem0006822145041: Writing: 105 bytearray(b"\x10\xac,f\xc7~y\x84\xcc\x06/`\x99qm\x06\xf6\x9c\x18h\xe3\xa2\x04\xa8\xca\xb4)|\xed\xd9\xc0\x18\x96\xba\xd1\xa2\xc0C\x94\xa0\xe3s\x8dR\x01L\r\xef\xb8\x90C\x15b\x0f,\xf6\'Gs\xde\xfd\xf91\xdc#\xf3\x8b\x9fl\xe2\xca3\xe7\xb0\xb7\x0b1vnT\xfd8N\x8d\x88\xc0\xcaq\xf3\xa0S\x92\nc\x9e]")
2019-08-09 14:46:03,124 - INFO - tty.usbmodem0006822145041.MeshConfigurer: que command <bound method Device.write_aci_cmd of Uart(port="/dev/tty.usbmodem0006822145041", baudrate=115200, device_name="tty.usbmodem0006822145041")> (03A41000,)
2019-08-09 14:46:03,124 - DEBUG - tty.usbmodem0006822145041: TX: 616910ac2c66c77e7984cc062f6099716d06f69c1868e3a204a8cab4297cedd9c01896bad1a2c04394a0e3738d52014c0defb8904315620f2cf6274773defdf931dc23f38b9f6ce2ca33e7b0b70b31766e54fd384e8d88c0ca71f3a053920a639e5d
2019-08-09 14:46:03,124 - INFO - tty.usbmodem0006822145041.MeshConfigurer: que command <bound method Device.write_aci_cmd of Uart(port="/dev/tty.usbmodem0006822145041", baudrate=115200, device_name="tty.usbmodem0006822145041")> (03A41100,)
2019-08-09 14:46:03,124 - INFO - tty.usbmodem0006822145041.MeshConfigurer: que command <bound method Device.write_aci_cmd of Uart(port="/dev/tty.usbmodem0006822145041", baudrate=115200, device_name="tty.usbmodem0006822145041")> (03A41200,)
2019-08-09 14:46:03,125 - INFO - tty.usbmodem0006822145041.MeshConfigurer: que command <bound method Device.write_aci_cmd of Uart(port="/dev/tty.usbmodem0006822145041", baudrate=115200, device_name="tty.usbmodem0006822145041")> (03A41300,)
2019-08-09 14:46:03,125 - INFO - tty.usbmodem0006822145041.MeshConfigurer: que command <bound method Device.write_aci_cmd of Uart(port="/dev/tty.usbmodem0006822145041", baudrate=115200, device_name="tty.usbmodem0006822145041")> (03A41400,)
2019-08-09 14:46:03,125 - INFO - tty.usbmodem0006822145041.MeshConfigurer: que command <bound method Device.write_aci_cmd of Uart(port="/dev/tty.usbmodem0006822145041", baudrate=115200, device_name="tty.usbmodem0006822145041")> (03A41500,)
2019-08-09 14:46:03,125 - INFO - tty.usbmodem0006822145041.MeshConfigurer: que command <bound method Device.write_aci_cmd of Uart(port="/dev/tty.usbmodem0006822145041", baudrate=115200, device_name="tty.usbmodem0006822145041")> (03A41600,)
2019-08-09 14:46:03,125 - INFO - tty.usbmodem0006822145041.MeshConfigurer: que command <bound method Device.write_aci_cmd of Uart(port="/dev/tty.usbmodem0006822145041", baudrate=115200, device_name="tty.usbmodem0006822145041")> (03A41700,)
2019-08-09 14:46:03,125 - INFO - tty.usbmodem0006822145041.MeshConfigurer: que command <bound method Device.write_aci_cmd of Uart(port="/dev/tty.usbmodem0006822145041", baudrate=115200, device_name="tty.usbmodem0006822145041")> (03A41800,)
2019-08-09 14:46:03,125 - INFO - tty.usbmodem0006822145041.MeshConfigurer: que command <bound method Device.write_aci_cmd of Uart(port="/dev/tty.usbmodem0006822145041", baudrate=115200, device_name="tty.usbmodem0006822145041")> (03A41900,)
2019-08-09 14:46:03,126 - INFO - tty.usbmodem0006822145041.MeshConfigurer: que command <bound method Device.write_aci_cmd of Uart(port="/dev/tty.usbmodem0006822145041", baudrate=115200, device_name="tty.usbmodem0006822145041")> (03A41A00,)
2019-08-09 14:46:03,126 - INFO - tty.usbmodem0006822145041.MeshConfigurer: que command <bound method Device.write_aci_cmd of Uart(port="/dev/tty.usbmodem0006822145041", baudrate=115200, device_name="tty.usbmodem0006822145041")> (03A41B00,)
2019-08-09 14:46:03,126 - INFO - tty.usbmodem0006822145041.MeshConfigurer: que command <bound method Device.write_aci_cmd of Uart(port="/dev/tty.usbmodem0006822145041", baudrate=115200, device_name="tty.usbmodem0006822145041")> (03A41C00,)
2019-08-09 14:46:03,126 - INFO - tty.usbmodem0006822145041.MeshConfigurer: que command <bound method Device.write_aci_cmd of Uart(port="/dev/tty.usbmodem0006822145041", baudrate=115200, device_name="tty.usbmodem0006822145041")> (03A41D00,)
2019-08-09 14:46:03,136 - INFO - tty.usbmodem0006822145041.MeshConfigurer: 

2019-08-09 14:46:03,136 - INFO - tty.usbmodem0006822145041.MeshConfigurer: Sending next message
2019-08-09 14:46:03,137 - DEBUG - tty.usbmodem0006822145041: RX: 03845384
2019-08-09 14:46:03,137 - DEBUG - tty.usbmodem0006822145041: parsed_packet {event: CmdRsp, data: {'opcode': 83, 'status': 132, 'data': bytearray(b'')}}
2019-08-09 14:46:03,137 - ERROR - tty.usbmodem0006822145041: None: ERROR_INVALID_LENGTH
2019-08-09 14:46:03,137 - DEBUG - tty.usbmodem0006822145041: RX: 03840084
2019-08-09 14:46:03,138 - DEBUG - tty.usbmodem0006822145041: parsed_packet {event: CmdRsp, data: {'opcode': 0, 'status': 132, 'data': bytearray(b'')}}
2019-08-09 14:46:03,138 - ERROR - tty.usbmodem0006822145041: None: ERROR_INVALID_LENGTH
2019-08-09 14:46:03,138 - DEBUG - tty.usbmodem0006822145041: RX: 03840084
2019-08-09 14:46:03,138 - DEBUG - tty.usbmodem0006822145041: parsed_packet {event: CmdRsp, data: {'opcode': 0, 'status': 132, 'data': bytearray(b'')}}
2019-08-09 14:46:03,138 - ERROR - tty.usbmodem0006822145041: None: ERROR_INVALID_LENGTH
2019-08-09 14:46:03,138 - DEBUG - tty.usbmodem0006822145041: RX: 03840084
2019-08-09 14:46:03,138 - DEBUG - tty.usbmodem0006822145041: parsed_packet {event: CmdRsp, data: {'opcode': 0, 'status': 132, 'data': bytearray(b'')}}
2019-08-09 14:46:03,138 - ERROR - tty.usbmodem0006822145041: None: ERROR_INVALID_LENGTH
2019-08-09 14:46:03,138 - DEBUG - tty.usbmodem0006822145041: RX: 03840084
2019-08-09 14:46:03,139 - DEBUG - tty.usbmodem0006822145041: parsed_packet {event: CmdRsp, data: {'opcode': 0, 'status': 132, 'data': bytearray(b'')}}
2019-08-09 14:46:03,139 - ERROR - tty.usbmodem0006822145041: None: ERROR_INVALID_LENGTH
2019-08-09 14:46:03,139 - DEBUG - tty.usbmodem0006822145041: RX: 03840084
2019-08-09 14:46:03,139 - DEBUG - tty.usbmodem0006822145041: parsed_packet {event: CmdRsp, data: {'opcode': 0, 'status': 132, 'data': bytearray(b'')}}
2019-08-09 14:46:03,139 - ERROR - tty.usbmodem0006822145041: None: ERROR_INVALID_LENGTH
2019-08-09 14:46:03,140 - DEBUG - tty.usbmodem0006822145041: RX: 03840084
2019-08-09 14:46:03,140 - DEBUG - tty.usbmodem0006822145041: parsed_packet {event: CmdRsp, data: {'opcode': 0, 'status': 132, 'data': bytearray(b'')}}
2019-08-09 14:46:03,140 - ERROR - tty.usbmodem0006822145041: None: ERROR_INVALID_LENGTH
2019-08-09 14:46:03,140 - DEBUG - tty.usbmodem0006822145041: RX: 03840084
2019-08-09 14:46:03,140 - DEBUG - tty.usbmodem0006822145041: parsed_packet {event: CmdRsp, data: {'opcode': 0, 'status': 132, 'data': bytearray(b'')}}
2019-08-09 14:46:03,141 - ERROR - tty.usbmodem0006822145041: None: ERROR_INVALID_LENGTH
2019-08-09 14:46:03,141 - DEBUG - tty.usbmodem0006822145041: RX: 03840084
2019-08-09 14:46:03,141 - DEBUG - tty.usbmodem0006822145041: parsed_packet {event: CmdRsp, data: {'opcode': 0, 'status': 132, 'data': bytearray(b'')}}
2019-08-09 14:46:03,141 - ERROR - tty.usbmodem0006822145041: None: ERROR_INVALID_LENGTH
2019-08-09 14:46:03,141 - DEBUG - tty.usbmodem0006822145041: RX: 03840084
2019-08-09 14:46:03,141 - DEBUG - tty.usbmodem0006822145041: parsed_packet {event: CmdRsp, data: {'opcode': 0, 'status': 132, 'data': bytearray(b'')}}
2019-08-09 14:46:03,141 - ERROR - tty.usbmodem0006822145041: None: ERROR_INVALID_LENGTH
2019-08-09 14:46:03,141 - DEBUG - tty.usbmodem0006822145041: RX: 03840084
2019-08-09 14:46:03,141 - DEBUG - tty.usbmodem0006822145041: parsed_packet {event: CmdRsp, data: {'opcode': 0, 'status': 132, 'data': bytearray(b'')}}
2019-08-09 14:46:03,142 - ERROR - tty.usbmodem0006822145041: None: ERROR_INVALID_LENGTH
2019-08-09 14:46:03,142 - DEBUG - tty.usbmodem0006822145041: RX: 03840084
2019-08-09 14:46:03,142 - DEBUG - tty.usbmodem0006822145041: parsed_packet {event: CmdRsp, data: {'opcode': 0, 'status': 132, 'data': bytearray(b'')}}
2019-08-09 14:46:03,142 - ERROR - tty.usbmodem0006822145041: None: ERROR_INVALID_LENGTH
2019-08-09 14:46:03,142 - DEBUG - tty.usbmodem0006822145041: RX: 03840084
2019-08-09 14:46:03,142 - DEBUG - tty.usbmodem0006822145041: parsed_packet {event: CmdRsp, data: {'opcode': 0, 'status': 132, 'data': bytearray(b'')}}
2019-08-09 14:46:03,142 - ERROR - tty.usbmodem0006822145041: None: ERROR_INVALID_LENGTH
2019-08-09 14:46:03,163 - DEBUG - tty.usbmodem0006822145041: Writing: 159 bytearray(b'\x01\x00\x01\x00')
2019-08-09 14:46:03,163 - DEBUG - tty.usbmodem0006822145041: TX: 059f01000100
2019-08-09 14:46:03,165 - DEBUG - tty.usbmodem0006822145041: RX: 03849f00
2019-08-09 14:46:03,166 - DEBUG - tty.usbmodem0006822145041: parsed_packet {event: CmdRsp, data: {'opcode': 159, 'status': 0, 'data': bytearray(b'')}}
2019-08-09 14:46:03,166 - INFO - tty.usbmodem0006822145041: Success
2019-08-09 14:46:03,184 - DEBUG - tty.usbmodem0006822145041: Writing: 146 bytearray(b'\x00\x00\x18\xee\xd9\xc2\xa5j\xdd\x85\x04\x9f\xfc<Y\xad\x0e\x12')
2019-08-09 14:46:03,184 - DEBUG - tty.usbmodem0006822145041: TX: 1392000018eed9c2a56add85049ffc3c59ad0e12
2019-08-09 14:46:03,188 - DEBUG - tty.usbmodem0006822145041: RX: 058492000000
2019-08-09 14:46:03,189 - DEBUG - tty.usbmodem0006822145041: parsed_packet {event: CmdRsp, data: {'opcode': 146, 'status': 0, 'data': bytearray(b'\x00\x00')}}
2019-08-09 14:46:03,190 - INFO - tty.usbmodem0006822145041: SubnetAdd: {'subnet_handle': 0}
2019-08-09 14:46:03,208 - DEBUG - tty.usbmodem0006822145041: Writing: 151 bytearray(b'\x00\x00\x00\x00Oh\xad\x85\xd9\xf4\x8a\xc8X\x9d\xf6e\xb6\xb4\x9b\x8a')
2019-08-09 14:46:03,208 - DEBUG - tty.usbmodem0006822145041: TX: 1597000000004f68ad85d9f48ac8589df665b6b49b8a
2019-08-09 14:46:03,212 - DEBUG - tty.usbmodem0006822145041: RX: 058497000000
2019-08-09 14:46:03,212 - DEBUG - tty.usbmodem0006822145041: parsed_packet {event: CmdRsp, data: {'opcode': 151, 'status': 0, 'data': bytearray(b'\x00\x00')}}
2019-08-09 14:46:03,212 - INFO - tty.usbmodem0006822145041: AppkeyAdd: {'appkey_handle': 0}
2019-08-09 14:46:03,231 - DEBUG - tty.usbmodem0006822145041: Writing: 151 bytearray(b'\x01\x00\x00\x00*\xa2\xa6\xde\xd5\xa0y\x8c\xea\xb5x|\xa3\xae9\xfc')
2019-08-09 14:46:03,231 - DEBUG - tty.usbmodem0006822145041: TX: 1597010000002aa2a6ded5a0798ceab5787ca3ae39fc
2019-08-09 14:46:03,236 - DEBUG - tty.usbmodem0006822145041: RX: 058497000100
2019-08-09 14:46:03,236 - DEBUG - tty.usbmodem0006822145041: parsed_packet {event: CmdRsp, data: {'opcode': 151, 'status': 0, 'data': bytearray(b'\x01\x00')}}
2019-08-09 14:46:03,236 - INFO - tty.usbmodem0006822145041: AppkeyAdd: {'appkey_handle': 1}
2019-08-09 14:46:03,257 - DEBUG - tty.usbmodem0006822145041: Writing: 161 bytearray(b'\x01\xc0')
2019-08-09 14:46:03,257 - DEBUG - tty.usbmodem0006822145041: TX: 03a101c0
2019-08-09 14:46:03,259 - DEBUG - tty.usbmodem0006822145041: RX: 0584a1000000
2019-08-09 14:46:03,260 - DEBUG - tty.usbmodem0006822145041: parsed_packet {event: CmdRsp, data: {'opcode': 161, 'status': 0, 'data': bytearray(b'\x00\x00')}}
2019-08-09 14:46:03,260 - INFO - tty.usbmodem0006822145041: AddrSubscriptionAdd: {'address_handle': 0}
2019-08-09 14:46:03,267 - INFO - tty.usbmodem0006822145041.MeshConfigurer: 

2019-08-09 14:46:03,267 - INFO - tty.usbmodem0006822145041.MeshConfigurer: Sending next message
2019-08-09 14:46:03,280 - DEBUG - tty.usbmodem0006822145041: Writing: 164 bytearray(b'\x10\x00')
2019-08-09 14:46:03,281 - DEBUG - tty.usbmodem0006822145041: TX: 03a41000
2019-08-09 14:46:03,283 - DEBUG - tty.usbmodem0006822145041: RX: 0584a4000100
2019-08-09 14:46:03,283 - DEBUG - tty.usbmodem0006822145041: parsed_packet {event: CmdRsp, data: {'opcode': 164, 'status': 0, 'data': bytearray(b'\x01\x00')}}
2019-08-09 14:46:03,283 - INFO - tty.usbmodem0006822145041: AddrPublicationAdd: {'address_handle': 1}
2019-08-09 14:46:03,288 - INFO - tty.usbmodem0006822145041.MeshConfigurer: 

2019-08-09 14:46:03,288 - INFO - tty.usbmodem0006822145041.MeshConfigurer: Sending next message
2019-08-09 14:46:03,303 - DEBUG - tty.usbmodem0006822145041: Writing: 164 bytearray(b'\x11\x00')
2019-08-09 14:46:03,303 - DEBUG - tty.usbmodem0006822145041: TX: 03a41100
2019-08-09 14:46:03,306 - DEBUG - tty.usbmodem0006822145041: RX: 0584a4000200
2019-08-09 14:46:03,306 - DEBUG - tty.usbmodem0006822145041: parsed_packet {event: CmdRsp, data: {'opcode': 164, 'status': 0, 'data': bytearray(b'\x02\x00')}}
2019-08-09 14:46:03,306 - INFO - tty.usbmodem0006822145041: AddrPublicationAdd: {'address_handle': 2}
2019-08-09 14:46:03,311 - INFO - tty.usbmodem0006822145041.MeshConfigurer: 

2019-08-09 14:46:03,311 - INFO - tty.usbmodem0006822145041.MeshConfigurer: Sending next message
2019-08-09 14:46:03,328 - DEBUG - tty.usbmodem0006822145041: Writing: 164 bytearray(b'\x12\x00')
2019-08-09 14:46:03,328 - DEBUG - tty.usbmodem0006822145041: TX: 03a41200
2019-08-09 14:46:03,330 - DEBUG - tty.usbmodem0006822145041: RX: 0584a4000300
2019-08-09 14:46:03,330 - DEBUG - tty.usbmodem0006822145041: parsed_packet {event: CmdRsp, data: {'opcode': 164, 'status': 0, 'data': bytearray(b'\x03\x00')}}
2019-08-09 14:46:03,330 - INFO - tty.usbmodem0006822145041: AddrPublicationAdd: {'address_handle': 3}
2019-08-09 14:46:03,336 - INFO - tty.usbmodem0006822145041.MeshConfigurer: 

2019-08-09 14:46:03,336 - INFO - tty.usbmodem0006822145041.MeshConfigurer: Sending next message
2019-08-09 14:46:03,350 - DEBUG - tty.usbmodem0006822145041: Writing: 164 bytearray(b'\x13\x00')
2019-08-09 14:46:03,350 - DEBUG - tty.usbmodem0006822145041: TX: 03a41300
2019-08-09 14:46:03,352 - DEBUG - tty.usbmodem0006822145041: RX: 0584a4000400
2019-08-09 14:46:03,352 - DEBUG - tty.usbmodem0006822145041: parsed_packet {event: CmdRsp, data: {'opcode': 164, 'status': 0, 'data': bytearray(b'\x04\x00')}}
2019-08-09 14:46:03,352 - INFO - tty.usbmodem0006822145041: AddrPublicationAdd: {'address_handle': 4}
2019-08-09 14:46:03,356 - INFO - tty.usbmodem0006822145041.MeshConfigurer: 

2019-08-09 14:46:03,357 - INFO - tty.usbmodem0006822145041.MeshConfigurer: Sending next message
2019-08-09 14:46:03,371 - DEBUG - tty.usbmodem0006822145041: Writing: 164 bytearray(b'\x14\x00')
2019-08-09 14:46:03,371 - DEBUG - tty.usbmodem0006822145041: TX: 03a41400
2019-08-09 14:46:03,373 - DEBUG - tty.usbmodem0006822145041: RX: 0584a4000500
2019-08-09 14:46:03,373 - DEBUG - tty.usbmodem0006822145041: parsed_packet {event: CmdRsp, data: {'opcode': 164, 'status': 0, 'data': bytearray(b'\x05\x00')}}
2019-08-09 14:46:03,374 - INFO - tty.usbmodem0006822145041: AddrPublicationAdd: {'address_handle': 5}
2019-08-09 14:46:03,382 - INFO - tty.usbmodem0006822145041.MeshConfigurer: 

2019-08-09 14:46:03,382 - INFO - tty.usbmodem0006822145041.MeshConfigurer: Sending next message
2019-08-09 14:46:03,396 - DEBUG - tty.usbmodem0006822145041: Writing: 164 bytearray(b'\x15\x00')
2019-08-09 14:46:03,397 - DEBUG - tty.usbmodem0006822145041: TX: 03a41500
2019-08-09 14:46:03,399 - DEBUG - tty.usbmodem0006822145041: RX: 0584a4000600
2019-08-09 14:46:03,399 - DEBUG - tty.usbmodem0006822145041: parsed_packet {event: CmdRsp, data: {'opcode': 164, 'status': 0, 'data': bytearray(b'\x06\x00')}}
2019-08-09 14:46:03,399 - INFO - tty.usbmodem0006822145041: AddrPublicationAdd: {'address_handle': 6}
2019-08-09 14:46:03,405 - INFO - tty.usbmodem0006822145041.MeshConfigurer: 

2019-08-09 14:46:03,405 - INFO - tty.usbmodem0006822145041.MeshConfigurer: Sending next message
2019-08-09 14:46:03,417 - DEBUG - tty.usbmodem0006822145041: Writing: 164 bytearray(b'\x16\x00')
2019-08-09 14:46:03,417 - DEBUG - tty.usbmodem0006822145041: TX: 03a41600
2019-08-09 14:46:03,419 - DEBUG - tty.usbmodem0006822145041: RX: 0584a4000700
2019-08-09 14:46:03,419 - DEBUG - tty.usbmodem0006822145041: parsed_packet {event: CmdRsp, data: {'opcode': 164, 'status': 0, 'data': bytearray(b'\x07\x00')}}
2019-08-09 14:46:03,420 - INFO - tty.usbmodem0006822145041: AddrPublicationAdd: {'address_handle': 7}
2019-08-09 14:46:03,425 - INFO - tty.usbmodem0006822145041.MeshConfigurer: 

2019-08-09 14:46:03,426 - INFO - tty.usbmodem0006822145041.MeshConfigurer: Sending next message
2019-08-09 14:46:03,438 - DEBUG - tty.usbmodem0006822145041: Writing: 164 bytearray(b'\x17\x00')
2019-08-09 14:46:03,438 - DEBUG - tty.usbmodem0006822145041: TX: 03a41700
2019-08-09 14:46:03,440 - DEBUG - tty.usbmodem0006822145041: RX: 0584a4000800
2019-08-09 14:46:03,440 - DEBUG - tty.usbmodem0006822145041: parsed_packet {event: CmdRsp, data: {'opcode': 164, 'status': 0, 'data': bytearray(b'\x08\x00')}}
2019-08-09 14:46:03,440 - INFO - tty.usbmodem0006822145041: AddrPublicationAdd: {'address_handle': 8}
2019-08-09 14:46:03,448 - INFO - tty.usbmodem0006822145041.MeshConfigurer: 

2019-08-09 14:46:03,448 - INFO - tty.usbmodem0006822145041.MeshConfigurer: Sending next message
2019-08-09 14:46:03,458 - DEBUG - tty.usbmodem0006822145041: Writing: 164 bytearray(b'\x18\x00')
2019-08-09 14:46:03,458 - DEBUG - tty.usbmodem0006822145041: TX: 03a41800
2019-08-09 14:46:03,461 - DEBUG - tty.usbmodem0006822145041: RX: 0584a4000900
2019-08-09 14:46:03,461 - DEBUG - tty.usbmodem0006822145041: parsed_packet {event: CmdRsp, data: {'opcode': 164, 'status': 0, 'data': bytearray(b'\t\x00')}}
2019-08-09 14:46:03,461 - INFO - tty.usbmodem0006822145041: AddrPublicationAdd: {'address_handle': 9}
2019-08-09 14:46:03,470 - INFO - tty.usbmodem0006822145041.MeshConfigurer: 

2019-08-09 14:46:03,470 - INFO - tty.usbmodem0006822145041.MeshConfigurer: Sending next message
2019-08-09 14:46:03,483 - DEBUG - tty.usbmodem0006822145041: Writing: 164 bytearray(b'\x19\x00')
2019-08-09 14:46:03,483 - DEBUG - tty.usbmodem0006822145041: TX: 03a41900
2019-08-09 14:46:03,486 - DEBUG - tty.usbmodem0006822145041: RX: 0584a4000a00
2019-08-09 14:46:03,486 - DEBUG - tty.usbmodem0006822145041: parsed_packet {event: CmdRsp, data: {'opcode': 164, 'status': 0, 'data': bytearray(b'\n\x00')}}
2019-08-09 14:46:03,486 - INFO - tty.usbmodem0006822145041: AddrPublicationAdd: {'address_handle': 10}
2019-08-09 14:46:03,495 - INFO - tty.usbmodem0006822145041.MeshConfigurer: 

2019-08-09 14:46:03,495 - INFO - tty.usbmodem0006822145041.MeshConfigurer: Sending next message
2019-08-09 14:46:03,507 - DEBUG - tty.usbmodem0006822145041: Writing: 164 bytearray(b'\x1a\x00')
2019-08-09 14:46:03,507 - DEBUG - tty.usbmodem0006822145041: TX: 03a41a00
2019-08-09 14:46:03,509 - DEBUG - tty.usbmodem0006822145041: RX: 0584a4000b00
2019-08-09 14:46:03,509 - DEBUG - tty.usbmodem0006822145041: parsed_packet {event: CmdRsp, data: {'opcode': 164, 'status': 0, 'data': bytearray(b'\x0b\x00')}}
2019-08-09 14:46:03,509 - INFO - tty.usbmodem0006822145041: AddrPublicationAdd: {'address_handle': 11}
2019-08-09 14:46:03,516 - INFO - tty.usbmodem0006822145041.MeshConfigurer: 

2019-08-09 14:46:03,517 - INFO - tty.usbmodem0006822145041.MeshConfigurer: Sending next message
2019-08-09 14:46:03,529 - DEBUG - tty.usbmodem0006822145041: Writing: 164 bytearray(b'\x1b\x00')
2019-08-09 14:46:03,530 - DEBUG - tty.usbmodem0006822145041: TX: 03a41b00
2019-08-09 14:46:03,533 - DEBUG - tty.usbmodem0006822145041: RX: 0584a4000c00
2019-08-09 14:46:03,533 - DEBUG - tty.usbmodem0006822145041: parsed_packet {event: CmdRsp, data: {'opcode': 164, 'status': 0, 'data': bytearray(b'\x0c\x00')}}
2019-08-09 14:46:03,534 - INFO - tty.usbmodem0006822145041: AddrPublicationAdd: {'address_handle': 12}
2019-08-09 14:46:03,543 - INFO - tty.usbmodem0006822145041.MeshConfigurer: 

2019-08-09 14:46:03,544 - INFO - tty.usbmodem0006822145041.MeshConfigurer: Sending next message
2019-08-09 14:46:03,552 - DEBUG - tty.usbmodem0006822145041: Writing: 164 bytearray(b'\x1c\x00')
2019-08-09 14:46:03,552 - DEBUG - tty.usbmodem0006822145041: TX: 03a41c00
2019-08-09 14:46:03,555 - DEBUG - tty.usbmodem0006822145041: RX: 0584a4000d00
2019-08-09 14:46:03,555 - DEBUG - tty.usbmodem0006822145041: parsed_packet {event: CmdRsp, data: {'opcode': 164, 'status': 0, 'data': bytearray(b'\r\x00')}}
2019-08-09 14:46:03,555 - INFO - tty.usbmodem0006822145041: AddrPublicationAdd: {'address_handle': 13}
2019-08-09 14:46:03,563 - INFO - tty.usbmodem0006822145041.MeshConfigurer: 

2019-08-09 14:46:03,563 - INFO - tty.usbmodem0006822145041.MeshConfigurer: Sending next message
2019-08-09 14:46:03,574 - DEBUG - tty.usbmodem0006822145041: Writing: 164 bytearray(b'\x1d\x00')
2019-08-09 14:46:03,575 - DEBUG - tty.usbmodem0006822145041: TX: 03a41d00
2019-08-09 14:46:03,577 - DEBUG - tty.usbmodem0006822145041: RX: 0584a4000e00
2019-08-09 14:46:03,578 - DEBUG - tty.usbmodem0006822145041: parsed_packet {event: CmdRsp, data: {'opcode': 164, 'status': 0, 'data': bytearray(b'\x0e\x00')}}
2019-08-09 14:46:03,578 - INFO - tty.usbmodem0006822145041: AddrPublicationAdd: {'address_handle': 14}
2019-08-09 14:46:03,583 - INFO - tty.usbmodem0006822145041.MeshConfigurer: No Messages remaining
2019-08-09 14:46:12,453 - DEBUG - tty.usbmodem0006822145041.GenericOnOffClient: Sending opcode: 8201, data: 
2019-08-09 14:46:12,453 - DEBUG - tty.usbmodem0006822145041: Writing: 171 bytearray(b'\x00\x00\x01\x00\x05\x00\x08\x00\x00\x00\x82\x01')
2019-08-09 14:46:12,453 - DEBUG - tty.usbmodem0006822145041: TX: 0dab000001000500080000008201
2019-08-09 14:46:12,460 - DEBUG - tty.usbmodem0006822145041: RX: 0784ab0001000000
2019-08-09 14:46:12,461 - DEBUG - tty.usbmodem0006822145041: parsed_packet {event: CmdRsp, data: {'opcode': 171, 'status': 0, 'data': bytearray(b'\x01\x00\x00\x00')}}
2019-08-09 14:46:12,461 - INFO - tty.usbmodem0006822145041: PacketSend: {'token': 1}
2019-08-09 14:46:12,469 - DEBUG - tty.usbmodem0006822145041: RX: 05d201000000
2019-08-09 14:46:12,469 - DEBUG - tty.usbmodem0006822145041: parsed_packet {event: MeshTxComplete, data: {'token': 1}}
2019-08-09 14:46:12,470 - INFO - tty.usbmodem0006822145041: {event: MeshTxComplete, data: {'token': 1}}
2019-08-09 14:46:15,704 - DEBUG - tty.usbmodem0006822145041.GenericOnOffClient: Sending opcode: 8201, data: 
2019-08-09 14:46:15,712 - DEBUG - tty.usbmodem0006822145041: Writing: 171 bytearray(b'\x00\x00\x01\x00\x05\x00\x08\x00\x00\x00\x82\x01')
2019-08-09 14:46:15,712 - DEBUG - tty.usbmodem0006822145041: TX: 0dab000001000500080000008201
2019-08-09 14:46:15,722 - DEBUG - tty.usbmodem0006822145041: RX: 0784ab0002000000
2019-08-09 14:46:15,724 - DEBUG - tty.usbmodem0006822145041: parsed_packet {event: CmdRsp, data: {'opcode': 171, 'status': 0, 'data': bytearray(b'\x02\x00\x00\x00')}}
2019-08-09 14:46:15,725 - INFO - tty.usbmodem0006822145041: PacketSend: {'token': 2}
2019-08-09 14:46:15,729 - DEBUG - tty.usbmodem0006822145041: RX: 05d202000000
2019-08-09 14:46:15,729 - DEBUG - tty.usbmodem0006822145041: parsed_packet {event: MeshTxComplete, data: {'token': 2}}
2019-08-09 14:46:15,729 - INFO - tty.usbmodem0006822145041: {event: MeshTxComplete, data: {'token': 2}}
2019-08-09 14:46:15,730 - DEBUG - tty.usbmodem0006822145041: RX: 17d014000100000000007f01cb6e5fd50bd8d80300820400
2019-08-09 14:46:15,731 - DEBUG - tty.usbmodem0006822145041: parsed_packet {event: MeshMessageReceivedUnicast, data: {'src': 20, 'dst': 1, 'appkey_handle': 0, 'subnet_handle': 0, 'ttl': 127, 'adv_addr_type': 1, 'adv_addr': bytearray(b'\xcbn_\xd5\x0b\xd8'), 'rssi': -40, 'actual_length': 3, 'data': bytearray(b'\x82\x04\x00')}}
2019-08-09 14:46:15,731 - DEBUG - tty.usbmodem0006822145041: 0
2019-08-09 14:46:15,731 - DEBUG - tty.usbmodem0006822145041: [<mesh.access.Element object at 0x10857a2e8>]
2019-08-09 14:46:15,731 - DEBUG - tty.usbmodem0006822145041: <mesh.access.Element object at 0x10857a2e8>
2019-08-09 14:46:15,731 - DEBUG - tty.usbmodem0006822145041: 1
2019-08-09 14:46:15,732 - INFO - tty.usbmodem0006822145041.GenericOnOffClient: Status Present OnOff: off
2019-08-09 14:46:15,732 - INFO - tty.usbmodem0006822145041: {event: MeshMessageReceivedUnicast, data: {'src': 20, 'dst': 1, 'appkey_handle': 0, 'subnet_handle': 0, 'ttl': 127, 'adv_addr_type': 1, 'adv_addr': bytearray(b'\xcbn_\xd5\x0b\xd8'), 'rssi': -40, 'actual_length': 3, 'data': bytearray(b'\x82\x04\x00')}}
2019-08-09 14:58:10,029 - DEBUG - tty.usbmodem0006822145041: exited read event
