2019-07-02 17:40:31,976 - DEBUG - tty.usbmodem0006822145041: Writing: 105 bytearray(b'\xb57P@o\xd9q\x89p\xfe6\xee\x7f\xdd0\xbd"e\n\x92\x1fic7\x9f\xdd\x05\xcegoj\xd9s\xab\r\xb8\t\xf7\xf8!\r\xeb\xd3\x99T\xaa\x1fq\x1c\x9a\xdfYK\xcf%\x12\xc1\\\xfd\x08\xd6q\xaaC\xee\xfds\x8a\xcd=\xe3\xa4\x01f`\xbb\x1cg6\x198\xcc\x1e\xbb\x85\x89\xf6J\r%\x0c\xbaE\xfc-\xe9')
2019-07-02 17:40:31,978 - DEBUG - tty.usbmodem0006822145041: TX: 6169b53750406fd9718970fe36ee7fdd30bd22650a921f6963379fdd05ce676f6ad973ab0db809f7f8210debd39954aa1f711c9adf594bcf2512c15cfd08d671aa43eefd738acd3de3a4016660bb1c67361938cc1ebb8589f64a0d250cba45fc2de9
2019-07-02 17:40:31,988 - DEBUG - tty.usbmodem0006822145041: RX: 03845384
2019-07-02 17:40:31,988 - DEBUG - tty.usbmodem0006822145041: parsed_packet {event: CmdRsp, data: {'opcode': 83, 'status': 132, 'data': bytearray(b'')}}
2019-07-02 17:40:31,990 - DEBUG - tty.usbmodem0006822145041: Writing: 159 bytearray(b'\x01\x00\x01\x00')
2019-07-02 17:40:31,989 - ERROR - tty.usbmodem0006822145041: None: ERROR_INVALID_LENGTH
2019-07-02 17:40:31,990 - DEBUG - tty.usbmodem0006822145041: TX: 059f01000100
2019-07-02 17:40:31,992 - DEBUG - tty.usbmodem0006822145041: RX: 03840084
2019-07-02 17:40:31,993 - DEBUG - tty.usbmodem0006822145041: parsed_packet {event: CmdRsp, data: {'opcode': 0, 'status': 132, 'data': bytearray(b'')}}
2019-07-02 17:40:31,993 - ERROR - tty.usbmodem0006822145041: None: ERROR_INVALID_LENGTH
2019-07-02 17:40:31,993 - DEBUG - tty.usbmodem0006822145041: Writing: 146 bytearray(b'\x00\x00\x18\xee\xd9\xc2\xa5j\xdd\x85\x04\x9f\xfc<Y\xad\x0e\x12')
2019-07-02 17:40:31,996 - DEBUG - tty.usbmodem0006822145041: TX: 1392000018eed9c2a56add85049ffc3c59ad0e12
2019-07-02 17:40:31,997 - DEBUG - tty.usbmodem0006822145041: RX: 03840084
2019-07-02 17:40:31,997 - DEBUG - tty.usbmodem0006822145041: parsed_packet {event: CmdRsp, data: {'opcode': 0, 'status': 132, 'data': bytearray(b'')}}
2019-07-02 17:40:31,998 - DEBUG - tty.usbmodem0006822145041: Writing: 151 bytearray(b'\x00\x00\x00\x00Oh\xad\x85\xd9\xf4\x8a\xc8X\x9d\xf6e\xb6\xb4\x9b\x8a')
2019-07-02 17:40:31,997 - ERROR - tty.usbmodem0006822145041: None: ERROR_INVALID_LENGTH
2019-07-02 17:40:31,999 - DEBUG - tty.usbmodem0006822145041: TX: 1597000000004f68ad85d9f48ac8589df665b6b49b8a
2019-07-02 17:40:31,999 - DEBUG - tty.usbmodem0006822145041: RX: 03840084
2019-07-02 17:40:31,999 - DEBUG - tty.usbmodem0006822145041: parsed_packet {event: CmdRsp, data: {'opcode': 0, 'status': 132, 'data': bytearray(b'')}}
2019-07-02 17:40:31,999 - DEBUG - tty.usbmodem0006822145041: Writing: 151 bytearray(b'\x01\x00\x00\x00*\xa2\xa6\xde\xd5\xa0y\x8c\xea\xb5x|\xa3\xae9\xfc')
2019-07-02 17:40:31,999 - ERROR - tty.usbmodem0006822145041: None: ERROR_INVALID_LENGTH
2019-07-02 17:40:32,000 - DEBUG - tty.usbmodem0006822145041: TX: 1597010000002aa2a6ded5a0798ceab5787ca3ae39fc
2019-07-02 17:40:32,000 - DEBUG - tty.usbmodem0006822145041: RX: 03840084
2019-07-02 17:40:32,000 - DEBUG - tty.usbmodem0006822145041: parsed_packet {event: CmdRsp, data: {'opcode': 0, 'status': 132, 'data': bytearray(b'')}}
2019-07-02 17:40:32,000 - ERROR - tty.usbmodem0006822145041: None: ERROR_INVALID_LENGTH
2019-07-02 17:40:32,001 - DEBUG - tty.usbmodem0006822145041: RX: 03840084
2019-07-02 17:40:32,001 - DEBUG - tty.usbmodem0006822145041: parsed_packet {event: CmdRsp, data: {'opcode': 0, 'status': 132, 'data': bytearray(b'')}}
2019-07-02 17:40:32,001 - ERROR - tty.usbmodem0006822145041: None: ERROR_INVALID_LENGTH
2019-07-02 17:40:32,001 - DEBUG - tty.usbmodem0006822145041: RX: 03840084
2019-07-02 17:40:32,001 - DEBUG - tty.usbmodem0006822145041: parsed_packet {event: CmdRsp, data: {'opcode': 0, 'status': 132, 'data': bytearray(b'')}}
2019-07-02 17:40:32,001 - ERROR - tty.usbmodem0006822145041: None: ERROR_INVALID_LENGTH
2019-07-02 17:40:32,001 - DEBUG - tty.usbmodem0006822145041: RX: 03840084
2019-07-02 17:40:32,001 - DEBUG - tty.usbmodem0006822145041: parsed_packet {event: CmdRsp, data: {'opcode': 0, 'status': 132, 'data': bytearray(b'')}}
2019-07-02 17:40:32,001 - ERROR - tty.usbmodem0006822145041: None: ERROR_INVALID_LENGTH
2019-07-02 17:40:32,001 - DEBUG - tty.usbmodem0006822145041: RX: 03840084
2019-07-02 17:40:32,001 - DEBUG - tty.usbmodem0006822145041: parsed_packet {event: CmdRsp, data: {'opcode': 0, 'status': 132, 'data': bytearray(b'')}}
2019-07-02 17:40:32,002 - ERROR - tty.usbmodem0006822145041: None: ERROR_INVALID_LENGTH
2019-07-02 17:40:32,002 - DEBUG - tty.usbmodem0006822145041: RX: 03840084
2019-07-02 17:40:32,002 - DEBUG - tty.usbmodem0006822145041: parsed_packet {event: CmdRsp, data: {'opcode': 0, 'status': 132, 'data': bytearray(b'')}}
2019-07-02 17:40:32,002 - ERROR - tty.usbmodem0006822145041: None: ERROR_INVALID_LENGTH
2019-07-02 17:40:32,002 - DEBUG - tty.usbmodem0006822145041: RX: 03840084
2019-07-02 17:40:32,002 - DEBUG - tty.usbmodem0006822145041: parsed_packet {event: CmdRsp, data: {'opcode': 0, 'status': 132, 'data': bytearray(b'')}}
2019-07-02 17:40:32,002 - ERROR - tty.usbmodem0006822145041: None: ERROR_INVALID_LENGTH
2019-07-02 17:40:32,002 - DEBUG - tty.usbmodem0006822145041: RX: 03840084
2019-07-02 17:40:32,003 - DEBUG - tty.usbmodem0006822145041: parsed_packet {event: CmdRsp, data: {'opcode': 0, 'status': 132, 'data': bytearray(b'')}}
2019-07-02 17:40:32,003 - ERROR - tty.usbmodem0006822145041: None: ERROR_INVALID_LENGTH
2019-07-02 17:40:32,003 - DEBUG - tty.usbmodem0006822145041: RX: 03840084
2019-07-02 17:40:32,003 - DEBUG - tty.usbmodem0006822145041: parsed_packet {event: CmdRsp, data: {'opcode': 0, 'status': 132, 'data': bytearray(b'')}}
2019-07-02 17:40:32,003 - ERROR - tty.usbmodem0006822145041: None: ERROR_INVALID_LENGTH
2019-07-02 17:40:32,012 - DEBUG - tty.usbmodem0006822145041: RX: 03849f8e
2019-07-02 17:40:32,012 - DEBUG - tty.usbmodem0006822145041: parsed_packet {event: CmdRsp, data: {'opcode': 159, 'status': 142, 'data': bytearray(b'')}}
2019-07-02 17:40:32,012 - ERROR - tty.usbmodem0006822145041: None: ERROR_REJECTED
2019-07-02 17:40:32,013 - DEBUG - tty.usbmodem0006822145041: RX: 03849281
2019-07-02 17:40:32,013 - DEBUG - tty.usbmodem0006822145041: parsed_packet {event: CmdRsp, data: {'opcode': 146, 'status': 129, 'data': bytearray(b'')}}
2019-07-02 17:40:32,013 - ERROR - tty.usbmodem0006822145041: SubnetAdd: ERROR_INTERNAL
2019-07-02 17:40:32,014 - DEBUG - tty.usbmodem0006822145041: RX: 03849781
2019-07-02 17:40:32,014 - DEBUG - tty.usbmodem0006822145041: parsed_packet {event: CmdRsp, data: {'opcode': 151, 'status': 129, 'data': bytearray(b'')}}
2019-07-02 17:40:32,014 - ERROR - tty.usbmodem0006822145041: AppkeyAdd: ERROR_INTERNAL
2019-07-02 17:40:32,014 - DEBUG - tty.usbmodem0006822145041: RX: 03849781
2019-07-02 17:40:32,015 - DEBUG - tty.usbmodem0006822145041: parsed_packet {event: CmdRsp, data: {'opcode': 151, 'status': 129, 'data': bytearray(b'')}}
2019-07-02 17:40:32,016 - ERROR - tty.usbmodem0006822145041: AppkeyAdd: ERROR_INTERNAL
2019-07-02 17:40:35,906 - DEBUG - tty.usbmodem0006822145041: RX: 04810200fe
2019-07-02 17:40:35,906 - DEBUG - tty.usbmodem0006822145041: parsed_packet {event: DeviceStarted, data: {'operating_mode': 2, 'hw_error': 0, 'data_credit_available': 254}}
2019-07-02 17:40:35,907 - INFO - tty.usbmodem0006822145041: Device rebooted.
2019-07-02 17:40:36,405 - DEBUG - tty.usbmodem0006822145041: RX: 04810200fe
2019-07-02 17:40:36,405 - DEBUG - tty.usbmodem0006822145041: parsed_packet {event: DeviceStarted, data: {'operating_mode': 2, 'hw_error': 0, 'data_credit_available': 254}}
2019-07-02 17:40:36,405 - INFO - tty.usbmodem0006822145041: Device rebooted.
2019-07-02 17:40:41,809 - DEBUG - tty.usbmodem0006822145041: exited read event
2019-07-02 17:40:45,270 - DEBUG - tty.usbmodem0006822145041: Writing: 105 bytearray(b'\x96\x1d\xbd\x99U_-\x7f\xfd!\x05|\x8b\xbb\xf3F\x15\xc4\xe0\xc1\xa3\xca;>O\x97\x85\xd0\x0f\xaf\xc4\x19C\xd0\xdd\x10~\xf8[7\x01$\'^\x15\xda\x05"\xe5+\xf8\xb9\xf7\x8e\xad\xbc\xb3\xe59-k\xed\xc3\np\xe5\xbc\x11\x8a\x03\x81\x91\xf0\xc5\xf3\x90P\x8c\xc7\xb9_t\xc2\x84\x98\x84\xa76{\xa6\xd6!\xf0\x00\x0b\x90')
2019-07-02 17:40:45,271 - DEBUG - tty.usbmodem0006822145041: TX: 6169961dbd99555f2d7ffd21057c8bbbf34615c4e0c1a3ca3b3e4f9785d00fafc41943d0dd107ef85b370124275e15da0522e52bf8b9f78eadbcb3e5392d6bedc30a70e5bc118a038191f0c5f390508cc7b95f74c2849884a7367ba6d621f0000b90
2019-07-02 17:40:45,290 - DEBUG - tty.usbmodem0006822145041: RX: 03845384
2019-07-02 17:40:45,291 - DEBUG - tty.usbmodem0006822145041: parsed_packet {event: CmdRsp, data: {'opcode': 83, 'status': 132, 'data': bytearray(b'')}}
2019-07-02 17:40:45,291 - DEBUG - tty.usbmodem0006822145041: Writing: 159 bytearray(b'\x01\x00\x01\x00')
2019-07-02 17:40:45,291 - ERROR - tty.usbmodem0006822145041: None: ERROR_INVALID_LENGTH
2019-07-02 17:40:45,292 - DEBUG - tty.usbmodem0006822145041: TX: 059f01000100
2019-07-02 17:40:45,292 - DEBUG - tty.usbmodem0006822145041: RX: 03840084
2019-07-02 17:40:45,292 - DEBUG - tty.usbmodem0006822145041: parsed_packet {event: CmdRsp, data: {'opcode': 0, 'status': 132, 'data': bytearray(b'')}}
2019-07-02 17:40:45,293 - DEBUG - tty.usbmodem0006822145041: Writing: 146 bytearray(b'\x00\x00\x18\xee\xd9\xc2\xa5j\xdd\x85\x04\x9f\xfc<Y\xad\x0e\x12')
2019-07-02 17:40:45,293 - ERROR - tty.usbmodem0006822145041: None: ERROR_INVALID_LENGTH
2019-07-02 17:40:45,293 - DEBUG - tty.usbmodem0006822145041: TX: 1392000018eed9c2a56add85049ffc3c59ad0e12
2019-07-02 17:40:45,295 - DEBUG - tty.usbmodem0006822145041: RX: 03840084
2019-07-02 17:40:45,295 - DEBUG - tty.usbmodem0006822145041: parsed_packet {event: CmdRsp, data: {'opcode': 0, 'status': 132, 'data': bytearray(b'')}}
2019-07-02 17:40:45,295 - DEBUG - tty.usbmodem0006822145041: Writing: 151 bytearray(b'\x00\x00\x00\x00Oh\xad\x85\xd9\xf4\x8a\xc8X\x9d\xf6e\xb6\xb4\x9b\x8a')
2019-07-02 17:40:45,295 - ERROR - tty.usbmodem0006822145041: None: ERROR_INVALID_LENGTH
2019-07-02 17:40:45,296 - DEBUG - tty.usbmodem0006822145041: TX: 1597000000004f68ad85d9f48ac8589df665b6b49b8a
2019-07-02 17:40:45,296 - DEBUG - tty.usbmodem0006822145041: RX: 03840084
2019-07-02 17:40:45,296 - DEBUG - tty.usbmodem0006822145041: parsed_packet {event: CmdRsp, data: {'opcode': 0, 'status': 132, 'data': bytearray(b'')}}
2019-07-02 17:40:45,296 - ERROR - tty.usbmodem0006822145041: None: ERROR_INVALID_LENGTH
2019-07-02 17:40:45,296 - DEBUG - tty.usbmodem0006822145041: Writing: 151 bytearray(b'\x01\x00\x00\x00*\xa2\xa6\xde\xd5\xa0y\x8c\xea\xb5x|\xa3\xae9\xfc')
2019-07-02 17:40:45,296 - DEBUG - tty.usbmodem0006822145041: TX: 1597010000002aa2a6ded5a0798ceab5787ca3ae39fc
2019-07-02 17:40:45,296 - DEBUG - tty.usbmodem0006822145041: RX: 03840084
2019-07-02 17:40:45,297 - DEBUG - tty.usbmodem0006822145041: parsed_packet {event: CmdRsp, data: {'opcode': 0, 'status': 132, 'data': bytearray(b'')}}
2019-07-02 17:40:45,297 - ERROR - tty.usbmodem0006822145041: None: ERROR_INVALID_LENGTH
2019-07-02 17:40:45,297 - DEBUG - tty.usbmodem0006822145041: RX: 03840084
2019-07-02 17:40:45,297 - DEBUG - tty.usbmodem0006822145041: parsed_packet {event: CmdRsp, data: {'opcode': 0, 'status': 132, 'data': bytearray(b'')}}
2019-07-02 17:40:45,297 - ERROR - tty.usbmodem0006822145041: None: ERROR_INVALID_LENGTH
2019-07-02 17:40:45,297 - DEBUG - tty.usbmodem0006822145041: RX: 03840084
2019-07-02 17:40:45,297 - DEBUG - tty.usbmodem0006822145041: parsed_packet {event: CmdRsp, data: {'opcode': 0, 'status': 132, 'data': bytearray(b'')}}
2019-07-02 17:40:45,297 - ERROR - tty.usbmodem0006822145041: None: ERROR_INVALID_LENGTH
2019-07-02 17:40:45,297 - DEBUG - tty.usbmodem0006822145041: RX: 03840084
2019-07-02 17:40:45,298 - DEBUG - tty.usbmodem0006822145041: parsed_packet {event: CmdRsp, data: {'opcode': 0, 'status': 132, 'data': bytearray(b'')}}
2019-07-02 17:40:45,298 - ERROR - tty.usbmodem0006822145041: None: ERROR_INVALID_LENGTH
2019-07-02 17:40:45,298 - DEBUG - tty.usbmodem0006822145041: RX: 03840084
2019-07-02 17:40:45,298 - DEBUG - tty.usbmodem0006822145041: parsed_packet {event: CmdRsp, data: {'opcode': 0, 'status': 132, 'data': bytearray(b'')}}
2019-07-02 17:40:45,298 - ERROR - tty.usbmodem0006822145041: None: ERROR_INVALID_LENGTH
2019-07-02 17:40:45,298 - DEBUG - tty.usbmodem0006822145041: RX: 03840084
2019-07-02 17:40:45,298 - DEBUG - tty.usbmodem0006822145041: parsed_packet {event: CmdRsp, data: {'opcode': 0, 'status': 132, 'data': bytearray(b'')}}
2019-07-02 17:40:45,298 - ERROR - tty.usbmodem0006822145041: None: ERROR_INVALID_LENGTH
2019-07-02 17:40:45,298 - DEBUG - tty.usbmodem0006822145041: RX: 03840084
2019-07-02 17:40:45,299 - DEBUG - tty.usbmodem0006822145041: parsed_packet {event: CmdRsp, data: {'opcode': 0, 'status': 132, 'data': bytearray(b'')}}
2019-07-02 17:40:45,299 - ERROR - tty.usbmodem0006822145041: None: ERROR_INVALID_LENGTH
2019-07-02 17:40:45,299 - DEBUG - tty.usbmodem0006822145041: RX: 03840084
2019-07-02 17:40:45,299 - DEBUG - tty.usbmodem0006822145041: parsed_packet {event: CmdRsp, data: {'opcode': 0, 'status': 132, 'data': bytearray(b'')}}
2019-07-02 17:40:45,299 - ERROR - tty.usbmodem0006822145041: None: ERROR_INVALID_LENGTH
2019-07-02 17:40:45,299 - DEBUG - tty.usbmodem0006822145041: RX: 03840084
2019-07-02 17:40:45,299 - DEBUG - tty.usbmodem0006822145041: parsed_packet {event: CmdRsp, data: {'opcode': 0, 'status': 132, 'data': bytearray(b'')}}
2019-07-02 17:40:45,299 - ERROR - tty.usbmodem0006822145041: None: ERROR_INVALID_LENGTH
2019-07-02 17:40:45,300 - DEBUG - tty.usbmodem0006822145041: RX: 03849f00
2019-07-02 17:40:45,300 - DEBUG - tty.usbmodem0006822145041: parsed_packet {event: CmdRsp, data: {'opcode': 159, 'status': 0, 'data': bytearray(b'')}}
2019-07-02 17:40:45,300 - INFO - tty.usbmodem0006822145041: Success
2019-07-02 17:40:45,300 - DEBUG - tty.usbmodem0006822145041: RX: 058492000000
2019-07-02 17:40:45,300 - DEBUG - tty.usbmodem0006822145041: parsed_packet {event: CmdRsp, data: {'opcode': 146, 'status': 0, 'data': bytearray(b'\x00\x00')}}
2019-07-02 17:40:45,300 - INFO - tty.usbmodem0006822145041: SubnetAdd: {'subnet_handle': 0}
2019-07-02 17:40:45,301 - DEBUG - tty.usbmodem0006822145041: RX: 058497000000
2019-07-02 17:40:45,301 - DEBUG - tty.usbmodem0006822145041: parsed_packet {event: CmdRsp, data: {'opcode': 151, 'status': 0, 'data': bytearray(b'\x00\x00')}}
2019-07-02 17:40:45,301 - INFO - tty.usbmodem0006822145041: AppkeyAdd: {'appkey_handle': 0}
2019-07-02 17:40:45,303 - DEBUG - tty.usbmodem0006822145041: RX: 058497000100
2019-07-02 17:40:45,303 - DEBUG - tty.usbmodem0006822145041: parsed_packet {event: CmdRsp, data: {'opcode': 151, 'status': 0, 'data': bytearray(b'\x01\x00')}}
2019-07-02 17:40:45,303 - INFO - tty.usbmodem0006822145041: AppkeyAdd: {'appkey_handle': 1}
2019-07-02 17:41:05,962 - DEBUG - tty.usbmodem0006822145041: Writing: 97 bytearray(b'')
2019-07-02 17:41:05,962 - DEBUG - tty.usbmodem0006822145041: TX: 0161
2019-07-02 17:41:05,967 - DEBUG - tty.usbmodem0006822145041: RX: 03846100
2019-07-02 17:41:05,967 - DEBUG - tty.usbmodem0006822145041: parsed_packet {event: CmdRsp, data: {'opcode': 97, 'status': 0, 'data': bytearray(b'')}}
2019-07-02 17:41:05,967 - INFO - tty.usbmodem0006822145041: Success
2019-07-02 17:41:07,449 - DEBUG - tty.usbmodem0006822145041: RX: 1ac09db77a0526b8734988639509c242d107d80001c8639509c2c2
2019-07-02 17:41:07,449 - DEBUG - tty.usbmodem0006822145041: parsed_packet {event: ProvUnprovisionedReceived, data: {'uuid': bytearray(b'\x9d\xb7z\x05&\xb8sI\x88c\x95\t\xc2B\xd1\x07'), 'rssi': -40, 'gatt_supported': 0, 'adv_addr_type': 1, 'adv_addr': bytearray(b'\xc8c\x95\t\xc2\xc2')}}
2019-07-02 17:41:07,450 - INFO - tty.usbmodem0006822145041: Received UUID 9db77a0526b8734988639509c242d107 with RSSI: -40 dB
2019-07-02 17:41:09,457 - DEBUG - tty.usbmodem0006822145041: RX: 1ac09db77a0526b8734988639509c242d107d30001c8639509c2c2
2019-07-02 17:41:09,457 - DEBUG - tty.usbmodem0006822145041: parsed_packet {event: ProvUnprovisionedReceived, data: {'uuid': bytearray(b'\x9d\xb7z\x05&\xb8sI\x88c\x95\t\xc2B\xd1\x07'), 'rssi': -45, 'gatt_supported': 0, 'adv_addr_type': 1, 'adv_addr': bytearray(b'\xc8c\x95\t\xc2\xc2')}}
2019-07-02 17:41:09,726 - DEBUG - tty.usbmodem0006822145041: Writing: 98 bytearray(b'')
2019-07-02 17:41:09,733 - DEBUG - tty.usbmodem0006822145041: TX: 0162
2019-07-02 17:41:09,744 - DEBUG - tty.usbmodem0006822145041: Writing: 99 bytearray(b'\x00\x9d\xb7z\x05&\xb8sI\x88c\x95\t\xc2B\xd1\x07\x18\xee\xd9\xc2\xa5j\xdd\x85\x04\x9f\xfc<Y\xad\x0e\x12\x00\x00\x00\x00\x00\x00\x10\x00\x00\x00\x00')
2019-07-02 17:41:09,750 - DEBUG - tty.usbmodem0006822145041: TX: 2d63009db77a0526b8734988639509c242d10718eed9c2a56add85049ffc3c59ad0e120000000000001000000000
2019-07-02 17:41:09,762 - DEBUG - tty.usbmodem0006822145041: RX: 03846200
2019-07-02 17:41:09,772 - DEBUG - tty.usbmodem0006822145041: parsed_packet {event: CmdRsp, data: {'opcode': 98, 'status': 0, 'data': bytearray(b'')}}
2019-07-02 17:41:09,773 - INFO - tty.usbmodem0006822145041: Success
2019-07-02 17:41:09,790 - DEBUG - tty.usbmodem0006822145041: RX: 0484630000
2019-07-02 17:41:09,796 - DEBUG - tty.usbmodem0006822145041: parsed_packet {event: CmdRsp, data: {'opcode': 99, 'status': 0, 'data': bytearray(b'\x00')}}
2019-07-02 17:41:09,802 - INFO - tty.usbmodem0006822145041: Provision: {'context': 0}
2019-07-02 17:41:09,877 - DEBUG - tty.usbmodem0006822145041: RX: 02c100
2019-07-02 17:41:09,882 - DEBUG - tty.usbmodem0006822145041: parsed_packet {event: ProvLinkEstablished, data: {'context_id': 0}}
2019-07-02 17:41:09,883 - INFO - tty.usbmodem0006822145041: Link established
2019-07-02 17:41:09,916 - DEBUG - tty.usbmodem0006822145041: RX: 0bc3000e0001000000000000
2019-07-02 17:41:09,916 - DEBUG - tty.usbmodem0006822145041: parsed_packet {event: ProvCapsReceived, data: {'context_id': 0, 'num_elements': 14, 'public_key_type': 0, 'static_oob_types': 1, 'output_oob_size': 0, 'output_oob_actions': 0, 'input_oob_size': 0, 'input_oob_actions': 0}}
2019-07-02 17:41:09,916 - INFO - tty.usbmodem0006822145041: Received capabilities
2019-07-02 17:41:09,916 - INFO - tty.usbmodem0006822145041: Number of elements: 14
2019-07-02 17:41:09,916 - DEBUG - tty.usbmodem0006822145041: Writing: 102 bytearray(b'\x00\x00\x00\x00')
2019-07-02 17:41:09,917 - DEBUG - tty.usbmodem0006822145041: TX: 056600000000
2019-07-02 17:41:09,919 - DEBUG - tty.usbmodem0006822145041: RX: 0484660000
2019-07-02 17:41:09,919 - DEBUG - tty.usbmodem0006822145041: parsed_packet {event: CmdRsp, data: {'opcode': 102, 'status': 0, 'data': bytearray(b'\x00')}}
2019-07-02 17:41:09,919 - INFO - tty.usbmodem0006822145041: OobUse: {'context': 0}
2019-07-02 17:41:10,131 - DEBUG - tty.usbmodem0006822145041: RX: 62c700cdde53f4e447ee76214769c61e31ceb364fab3013fd3027e63b93566577ed1b86d42898b946a82e5c963874b3ac3b2b85b4c5a5e4f3249fbd9bfb41ef90580e3626172b073373d2f36db9e4cd078d6c54ddffea9299418462905eb35962e4e0f
2019-07-02 17:41:10,131 - DEBUG - tty.usbmodem0006822145041: parsed_packet {event: ProvEcdhRequest, data: {'context_id': 0, 'peer_public': bytearray(b'\xcd\xdeS\xf4\xe4G\xeev!Gi\xc6\x1e1\xce\xb3d\xfa\xb3\x01?\xd3\x02~c\xb95fW~\xd1\xb8mB\x89\x8b\x94j\x82\xe5\xc9c\x87K:\xc3\xb2\xb8[LZ^O2I\xfb\xd9\xbf\xb4\x1e\xf9\x05\x80\xe3'), 'node_private': bytearray(b'bar\xb0s7=/6\xdb\x9eL\xd0x\xd6\xc5M\xdf\xfe\xa9)\x94\x18F)\x05\xeb5\x96.N\x0f')}}
2019-07-02 17:41:10,131 - INFO - tty.usbmodem0006822145041: ECDH request received
2019-07-02 17:41:10,132 - DEBUG - tty.usbmodem0006822145041: Writing: 104 bytearray(b'\x00\xbd\xef\xd7QZ\xbe\xee\xf59p\xf7H\x90$6\x1a\xc7\x19\x9e/\xaa\xfe\x08[?\xfc\xcb\x05\xd0\xad\xf5X')
2019-07-02 17:41:10,132 - DEBUG - tty.usbmodem0006822145041: TX: 226800bdefd7515abeeef53970f7489024361ac7199e2faafe085b3ffccb05d0adf558
2019-07-02 17:41:10,138 - DEBUG - tty.usbmodem0006822145041: RX: 0484680000
2019-07-02 17:41:10,138 - DEBUG - tty.usbmodem0006822145041: parsed_packet {event: CmdRsp, data: {'opcode': 104, 'status': 0, 'data': bytearray(b'\x00')}}
2019-07-02 17:41:10,138 - INFO - tty.usbmodem0006822145041: EcdhSecret: {'context': 0}
2019-07-02 17:41:10,451 - DEBUG - tty.usbmodem0006822145041: RX: 2cc500000000000000100000003447b621777c036e654a474aebae690218eed9c2a56add85049ffc3c59ad0e12
2019-07-02 17:41:10,451 - DEBUG - tty.usbmodem0006822145041: parsed_packet {event: ProvComplete, data: {'context_id': 0, 'iv_index': 0, 'net_key_index': 0, 'address': 16, 'iv_update_flag': 0, 'key_refresh_flag': 0, 'device_key': bytearray(b'4G\xb6!w|\x03neJGJ\xeb\xaei\x02'), 'net_key': bytearray(b'\x18\xee\xd9\xc2\xa5j\xdd\x85\x04\x9f\xfc<Y\xad\x0e\x12')}}
2019-07-02 17:41:10,451 - INFO - tty.usbmodem0006822145041: Provisioning complete
2019-07-02 17:41:10,451 - INFO - tty.usbmodem0006822145041: 	Address(es): 0x10-0x1d
2019-07-02 17:41:10,451 - INFO - tty.usbmodem0006822145041: 	Device key: 3447b621777c036e654a474aebae6902
2019-07-02 17:41:10,452 - INFO - tty.usbmodem0006822145041: 	Network key: 18eed9c2a56add85049ffc3c59ad0e12
2019-07-02 17:41:10,452 - INFO - tty.usbmodem0006822145041: Adding device key to subnet 0
2019-07-02 17:41:10,452 - DEBUG - tty.usbmodem0006822145041: Writing: 156 bytearray(b'\x10\x00\x00\x004G\xb6!w|\x03neJGJ\xeb\xaei\x02')
2019-07-02 17:41:10,452 - INFO - tty.usbmodem0006822145041: Adding publication address of root element
2019-07-02 17:41:10,452 - DEBUG - tty.usbmodem0006822145041: TX: 159c100000003447b621777c036e654a474aebae6902
2019-07-02 17:41:10,455 - DEBUG - tty.usbmodem0006822145041: Writing: 164 bytearray(b'\x10\x00')
2019-07-02 17:41:10,456 - DEBUG - tty.usbmodem0006822145041: TX: 03a41000
2019-07-02 17:41:10,459 - DEBUG - tty.usbmodem0006822145041: RX: 05849c000800
2019-07-02 17:41:10,459 - DEBUG - tty.usbmodem0006822145041: parsed_packet {event: CmdRsp, data: {'opcode': 156, 'status': 0, 'data': bytearray(b'\x08\x00')}}
2019-07-02 17:41:10,459 - INFO - tty.usbmodem0006822145041: DevkeyAdd: {'devkey_handle': 8}
2019-07-02 17:41:10,460 - DEBUG - tty.usbmodem0006822145041: RX: 0584a4000000
2019-07-02 17:41:10,460 - DEBUG - tty.usbmodem0006822145041: parsed_packet {event: CmdRsp, data: {'opcode': 164, 'status': 0, 'data': bytearray(b'\x00\x00')}}
2019-07-02 17:41:10,460 - INFO - tty.usbmodem0006822145041: AddrPublicationAdd: {'address_handle': 0}
2019-07-02 17:41:10,551 - DEBUG - tty.usbmodem0006822145041: RX: 03c20000
2019-07-02 17:41:10,551 - DEBUG - tty.usbmodem0006822145041: parsed_packet {event: ProvLinkClosed, data: {'context_id': 0, 'close_reason': 0}}
2019-07-02 17:41:10,551 - INFO - tty.usbmodem0006822145041: Provisioning link closed
2019-07-02 17:54:20,962 - DEBUG - tty.usbmodem0006822145041: Writing: 168 bytearray(b'')
2019-07-02 17:54:20,964 - DEBUG - tty.usbmodem0006822145041: TX: 01a8
2019-07-02 17:54:20,969 - DEBUG - tty.usbmodem0006822145041: RX: 0584a8000000
2019-07-02 17:54:20,969 - DEBUG - tty.usbmodem0006822145041: parsed_packet {event: CmdRsp, data: {'opcode': 168, 'status': 0, 'data': bytearray(b'\x00\x00')}}
2019-07-02 17:54:20,969 - INFO - tty.usbmodem0006822145041: AddrGetAll: {'address_handles': bytearray(b'\x00\x00')}
2019-07-02 17:56:28,044 - DEBUG - tty.usbmodem0006822145041: Writing: 168 bytearray(b'')
2019-07-02 17:56:28,046 - DEBUG - tty.usbmodem0006822145041: TX: 01a8
2019-07-02 17:56:28,051 - DEBUG - tty.usbmodem0006822145041: RX: 0584a8000000
2019-07-02 17:56:28,051 - DEBUG - tty.usbmodem0006822145041: parsed_packet {event: CmdRsp, data: {'opcode': 168, 'status': 0, 'data': bytearray(b'\x00\x00')}}
2019-07-02 17:56:28,052 - INFO - tty.usbmodem0006822145041: AddrGetAll: {'address_handles': bytearray(b'\x00\x00')}
2019-07-02 17:58:23,552 - DEBUG - tty.usbmodem0006822145041: exited read event
